SHA for cache folders (/tmp/ccache_dir) is '95f2bceaa5d64a7de9741a552fbcb53c47fff7f516d27de8fceef3f5c86211ac'
Cache ccache has changed!
List of changes for cache folders (/tmp/ccache_dir):
modified: 0/stats
modified: a/stats
modified: e/stats
modified: f/stats
modified: 1/stats
modified: 3/stats
modified: 8/stats
modified: 6/stats
modified: 7/stats
modified: 9/stats
modified: b/stats
modified: c/stats
modified: 2/stats
modified: 4/stats
modified: 5/stats
modified: d/stats
ccache cache size is 704 bytes.
Uploading cache ccache...