SHA for cache folders (/tmp/ccache_dir) is 'df143cd3151f5d117615896017aaf7a86fd170a6562e1451f5b82a85ff74417e'
Cache ccache has changed!
List of changes for cache folders (/tmp/ccache_dir):
modified: 2/stats
modified: 5/stats
modified: 8/stats
modified: c/stats
modified: 0/stats
modified: 6/stats
modified: 7/stats
modified: b/stats
modified: f/stats
modified: 1/stats
modified: 3/stats
modified: 4/stats
modified: 9/stats
modified: a/stats
modified: d/stats
modified: e/stats
ccache cache size is 702 bytes.
Uploading cache ccache...