SHA for cache folders (/tmp/ccache_dir) is '6bedc3ffb3c461d103758ab7854c073cc7cb6215146e20b996d5aced088ba28d'
Cache ccache has changed!
List of changes for cache folders (/tmp/ccache_dir):
modified: f/d/60ut6u72ouvur4sc1v30oibkd1v9btgM
created: 0/d/113t6b85qkama1fk1a8fnu3grf4gn36R
created: e/d/edv9ofl36ilnmavju0eaum0qccv0p0cR
modified: 2/6/stats
modified: 7/5/726a61ct3mjo59jdkhgvkk39f4ah6v8M
modified: e/8/f3r311r8vmjbevaf3858q2jlj7njjo0M
modified: 6/1/stats
created: 8/a/c42qck6c80ned5d8sa904maalis5hh6R
modified: d/c/47bconbhdltoju1dnrigdggoo2qh09sR
created: 2/6/607ino50goqosnuvdh0m7stv74fusbgR
modified: 5/0/eevjikitib0uulbtf0s09s86qre9ni6M
modified: b/8/499i63g12ttjv2uabibvpqa6hairf92M
created: f/2/a391lklpv08qj492lurqmg7ga7g7qiqM
created: 1/c/e2gt2dk15n6ksqq6u7ip63j2qejiql2R
created: 3/5/38afbfahve6qbtqvmgije0l30j9q1scR
modified: 8/1/d8sjl424pmf1avcko90dnq4mtufa8dgM
modified: f/8/476bk6pceg1tu1s3prn3rm0trhfo3qaM
modified: 0/3/e057905h00q9m8phc96spenp2p1nthuM
modified: b/3/stats
created: c/e/0ancr2f6j1sldupn8a0bg0stp4ft85mR
modified: f/5/stats
modified: 0/2/46num8lpk7971qqtvapsn8u7bb6gq6gM
modified: b/d/stats
modified: 1/stats
created: a/c/34ddangl1e1pf3k0kiskpk87rkmovmoR
modified: e/6/13huvmebm07j8k9oabkqrs8hne4mlmcM
created: f/0/5eop9lan13upp935c4kpqp0fhkleobgR
modified: 7/a/67mbjfvjvetrrgnquciu6enusf96famM
modified: 9/e/3fra5odu3vt4kn4qaaddjec2g16ipjgM
modified: c/0/stats
created: e/c/85r69u32pjfqg5tr9fs2222lg8cluiuR
modified: 1/0/stats
modified: 4/0/stats
modified: f/1/ee44jdk1mv3v7opq1vo5bho3kiapluuM
modified: a/6/stats
modified: 2/c/e4gslqu903ubstpcof5d2hlmhlh1ca6M
modified: 4/6/deenv5phd162j1v442o3l9ufucuq8t2R
created: a/c/0cbrtv6rer07lvh5sm8ebos9mqo64nuR
modified: d/c/4a93ngrpd3t6rmue0uas2maft69ti26R
modified: b/f/stats
modified: 0/e/3cijqo5h6f6eb33e7fqpg21d774009eM
created: 2/9/804r3rf4t390qj65jnpumhjhgitpfciR
modified: 3/5/77f7bo5u3ajnmrknif0th84beiff1maM
modified: 6/2/8d9nvlcckkml5m2fhd08pn469kf75q4M
created: 1/a/9etf614eifqpt18da5iifufshmogqeuR
modified: 4/3/73mros1gsthak75o817obbjtbc8mi5uM
created: b/8/48ephjf6crdhn29im271q8m1j3ju85cR
modified: f/6/stats
modified: b/6/stats
modified: e/stats
modified: f/3/stats
modified: 9/f/4a32qjcvnn34laa13n6jccva60iv17gM
modified: b/b/3632i0opd2efl45i0kk4s3rs8pn8d9sR
created: b/e/9509ait8ttiv0eh9oi27tsgk5mmc4tkR
created: 2/9/69co2j2doo5lsvkbto0sna2mguk6i0mR
modified: 3/8/stats
modified: 3/a/stats
modified: a/c/stats
modified: f/4/stats
modified: 2/5/46m43895oj74eenb6i5vqj85u5pk47cM
modified: 9/c/81f0osf2l1j987o0p7208tahcgd44nuM
created: 8/b/acgogdi32b68sqtc8e1pone3c77ps36R
created: d/a/b9dhj1f7508l4ncdat87l2j00kkvcbmR
created: 0/9/54vqht2dijjb0pc57c4dpjla9svj4o2R
modified: 1/1/5a0popp80nfq9mo9h9kmc71rf0kipraM
modified: 3/2/72m9tt5h1ir84cmhihpvpoq7j4vbjsaM
modified: 4/9/98v0npit7ltbl076ta4t9hl7uuumkogM
created: e/0/3cfl8ojgpn8oa22hqafsigcje6ejqimR
modified: 0/2/eevktm9d124g4o01fhjvj6tes8ldsu0M
created: 7/0/80pb96nstt3ksqp871vesp6frk7ubloR
modified: a/2/stats
modified: 3/5/52put8i53sv3n9f0okgjojtrdgges7sM
created: 5/3/69ebliuevj8a6217kmrg07g0ca06fe8R
created: b/5/21pskv0rn6e7fk9tld3762jasfrm7lsR
modified: b/stats
modified: c/7/stats
modified: 5/6/a0m7cu8okq4gjvn5ajct4u063f2kou8M
created: b/f/caosckcqi8kbkojo8l9m0h49nrvc5goR
created: a/d/eenb5hs44cr005f215bvo7aohkbvlf0R
modified: b/1/babsmgu2saa32lskkqiv5n5ls4vi9hiR
modified: 1/b/b26m4f2cl8dm3p26k9qckcnmkv37o2sR
modified: 4/4/stats
modified: 6/9/stats
modified: 8/5/10h77qec6pn3jc6bg2cih7ffgt7td72M
modified: e/9/adlqdako531kb35vprf13du8sgnft3eM
modified: f/6/b953jvn6qtq2e3eeefgs53lb5gg6c5eM
modified: c/1/a380o7keu0bdovgnosp0tq9t442p8rkM
modified: d/8/a6arht7e4gsjcsl3v2vrnbnsa25hpo6M
modified: 2/1/66dupd22gf498jjs3o3a6u959ros5kqM
modified: 5/8/stats
created: 5/a/49d0otkpk9desv0a1dq2t2rl16dvhhkR
modified: c/8/stats
modified: f/2/stats
modified: 3/9/345957fjgn50k7ko6p06s82vqs0ut3uR
modified: 5/7/c3eedvefqjqpsukljgjul97utmhhe9gR
created: 6/7/45e5gkrse9gn3a4s4a07albs4pg0qsgR
modified: 6/8/stats
modified: 7/3/stats
modified: b/f/38jcqr032g82l3m4c7ao2b6dboa538gM
modified: a/8/3a108i14s8v7hab9p6h5g9n5rdpdop2M
created: c/9/21ung4c2d6m8bjg153ildmlqns55u44R
modified: e/9/8clq5n3jobvf3a50h4ro48rb031m9leR
modified: 8/6/stats
created: 9/2/abb24vgm3735338kq7701jjokab0okeR
created: e/0/92a79i85pvpsfnbsdj436t78k62o5qeR
modified: 4/c/1der7ne1588e9ioanq80r0d7lucc1j8M
modified: 7/1/stats
created: 7/b/0derdavvd0ljqk9hd1jfuj7q395fl4oR
modified: e/3/5d9uu84u9sspg7970727f7ruo4ebe0eM
modified: f/a/19jemk818d2vr7h3r03u2p7f1pe53eiM
created: 2/9/031dc0qoe6nr3r17h2n5bt3ep3kd8ekR
created: 5/3/ee5dloo1q8dn0v6enpmrp7b7hvu3q6mR
modified: f/2/5a2vtc1uh6638j191p7f37be1nacgqgM
modified: 9/f/stats
modified: b/c/a16joj0531uob14llhe2i1lsmop3vaeR
created: d/3/d8pnbb68539ps6dlhtv50cr3nfvm08sR
modified: 4/a/d4vjf043cfta7l8b0821f32ngopegceM
modified: 9/4/stats
created: 7/6/1bnptbeapuci6kcivvn2up66a533kigR
modified: 9/5/7cgj6e1q2mh3uil5ac1fm8krk3hd9jsM
created: a/f/d7ll1turh0co9trfed69j555v0rvqssR
modified: f/c/stats
modified: 0/8/c21cplm3bt0d75vepqloqmliggji9p0M
modified: 0/8/efj0520fmsk85gqtbgob3g188qlqoh4M
modified: 1/f/stats
modified: 3/6/e7ob47qmh9oqfu6p1f7cetspa2da5haM
modified: 8/7/9b7gp4oh0prhp8mr1j1vdvnb2p2ev8uM
modified: 9/2/4993c9dcvh5dhhnquba3c9p8uami6g6M
created: 5/d/b0c0mdh67ulbl7m3c0bctndbi5ahf0mM
modified: 7/e/stats
modified: 8/0/b3heim0da0u5hqtd6juv7crhma30vd4R
modified: 4/3/stats
modified: 2/3/8ffjvpe9i00fnakrndck7m81thb6bh8M
modified: 2/3/stats
modified: 2/8/0896h73n3tmug04tc2u4sn0t7r7piviM
modified: d/8/d7lr6b6bq9f674hs775gm58gjauulveR
modified: d/b/stats
modified: 1/5/83lnpgkp08b8ivbqd4jt2h68v8o9ejsM
created: 7/6/c1ja9v9ubdajqhtqjsiu5eqse0sa0ggR
created: 7/3/57sqfdt4iv6jnjf90igd53tat3qmmcoR
modified: c/5/stats
modified: c/e/stats
created: e/8/c7g7enl8v6vcuotlaci5i93bvk99pviR
modified: 2/0/stats
modified: 3/a/60o99kdh5jmmcoas2ue82l83fcd5mo4M
modified: 8/a/82qg6h8bkujj9kva98alvq0f1qrj04gM
modified: a/c/5b4gsdve9p9uomfmu9o0r2cpc4vkb0sM
modified: b/0/7845rkri8d05drbup413s6veogg7dgiM
modified: 5/5/cagknvojqhdjqovjkju1i2l53ht04egM
modified: 6/4/3eef81ct5geeat76ee4dentm8qhr3csM
modified: 6/c/stats
modified: 1/4/stats
modified: 4/c/2fbnoprpghtpt286l7h9imtu83jdgimM
modified: 5/2/9bog2ghmhjo38qt1u51q7257ja2ktfmM
modified: a/stats
modified: f/e/stats
modified: 1/c/fflcnfakgnunpnu4naujco40f6o57jcM
modified: 6/7/stats
modified: 7/0/stats
modified: 7/9/stats
created: 8/5/7dbffevjgvkouflh196qn6j26bhij2aR
modified: d/stats
modified: f/0/471macvbr0k155qiil68et3mf18lrs8M
modified: 4/8/stats
modified: b/5/6f2cjsvn3n7vc60tp6hg5j7gv6nl3lcM
modified: c/b/stats
modified: 1/3/stats
created: 5/2/eab7mg8pf0d2c5gc4mm2fob1oi31bpaR
modified: 5/c/stats
modified: 6/8/bdnk45njabf8ojsr8i5d7j9tt4qfmmqM
created: f/2/343netamq2v680h07mj70qd82k32lnuR
created: 0/a/5de7qg797lhlgmkboqmikr9q71migsqR
modified: 4/3/6ahgt8cfpmmq4gr4hjejenrh5h3qpq8R
created: 8/7/4evj6ni8gv6fbpvkr1liou52dcnhj10R
modified: d/b/11augiahtbrbl9uhi1a0crgilee6q5sR
modified: 3/0/a1snialna0kpa2e0nsrtdjob5i2c17iR
modified: a/2/85ak22u613g2v9faflpol8slg6ij1h6M
created: c/e/c1lvqp7artl1mlo93udqd6vjjnm4icmR
modified: 1/c/stats
created: 1/d/959abj8cvbmk1asbaq3ohfnr1jih0j2R
modified: b/1/stats
created: f/4/3cktc2oa3blds542t8ekm5fap24cc2sR
modified: 8/8/stats
created: a/d/5akm9g8an8q6lrds8nmds7v8hrb3h32R
modified: e/5/cc8b0j02c6m6hu6q05vq2c0smn3f6f4M
created: e/9/e0v4berkl54lmm78jnmgljutoipc55qR
modified: 1/d/stats
modified: 7/3/65gln6tq8ef4gd71vl4dgl71k3gfq06M
created: 7/b/08su4dai53u8cnbca0sc2c9gmer78tmR
modified: d/d/cb5ldgsne4itmvjifrjc5gev05nr5uiM
modified: 4/2/26ick8jun67gvk4o6h7cvr694l2ma1eM
created: 7/d/1d0uu1k728fguatdqfoed094v3k233uR
modified: a/c/5bms8gundd78sjv5akgt85ktcovpbccM
modified: 7/c/19fh1klf80eq10lvenmq2eo61gfhoreM
modified: 8/e/6bf29pli9f3fckvmsfamn23qg956nl8M
modified: 9/1/stats
modified: b/b/stats
modified: 4/1/stats
modified: 4/c/stats
created: 6/a/f256caesofgigrsitdf09jqad7cnbt6R
modified: d/9/e0riqcv0bq0dr50tgh0viao2s5i8naaM
modified: 9/2/33tg7undqjnir0k2s2rh6qstrajgup4M
modified: 9/c/stats
created: 5/7/2e5brf9qjh32e6rsol9ek2cs2er2ik2R
modified: 5/e/baon05kjkstbbh7ii8kivnnu2nqh1e0M
modified: 3/0/1fvgmgf6imbbtjufn8os9l4t5u7s7qiM
modified: 3/0/8bro2vfp79ilpab7cd557nv28675eqkM
created: 4/4/5ebcvk8pdoasn05sq3bkml7334nodneR
modified: c/5/51a59gmp3iq11ejgs4kdoj1bqk90tj4R
created: d/5/f09ujb4tmbpleaiheo0teve0dboff04R
created: 7/c/a33362juc92ribcapri6sn5r18nmgbsR
modified: 8/a/24hb1s4bcqqv63b96a0ml856fg9h6fqR
created: b/d/5cmbe4c14jtcnkp2v55670b5jnl67k8R
modified: 3/f/stats
modified: 7/2/2btn1fqt4olvo4n8drldosdira4u3puR
modified: 7/a/stats
modified: b/6/c3nqgodkdg3d2jipsem7pgdl8m954iqM
modified: b/c/stats
modified: 9/3/stats
created: 7/d/35un4muagataidp04aenvfaibkon70qR
modified: 8/4/stats
modified: 9/9/stats
created: c/a/e5ipao9vbjts8b0g81j0mao6pqibmtqR
modified: 3/7/6558l4kptj5mclj0rtc8mg15u1ogascM
modified: 3/c/stats
created: 7/2/11llq8q9ltkqnvcpkhfvt54bg1e7tmoR
modified: e/5/stats
created: 0/4/4563fk9ma64us5vabhe60esg2b624smR
modified: 9/7/stats
modified: d/9/stats
modified: 6/4/9ad81ut6k5oh6t5j0dolqf8qh0jpuvkM
modified: 8/1/stats
created: 8/5/9a49hkptnakumg5v68ka4j5he3rijk2R
created: b/2/b87n8l2rgr1kfr8nn7ikrh2va7m9okmR
created: f/1/65jgbql89l5f5csc1tu4ehhqte6561iR
created: 5/9/60o08m3me1r268imgarm5hbr4ssf56gR
modified: 5/f/stats
modified: c/3/stats
modified: d/9/1ahrgi6lkcqvd3627tfksmiot1m8cgiR
modified: f/1/stats
modified: 1/7/stats
modified: 3/stats
modified: 7/8/stats
modified: d/1/stats
created: 3/e/79ve0e93l7d4pghpgckk1p8ecto12eeR
modified: b/5/6f101a9l74om64qmcaekr2kak8pnaiiR
created: 0/6/51fuu5720jpn8g2mor0fkjarks4po6aR
modified: 7/4/6di96t9p4d39m1diunkk1ef1s8a75l6M
modified: 9/2/eb9ft14v3m36bb1r2v83crb7dgjg5cmM
modified: b/3/39tdogao34vedn40fvfdtcfqc5ec6oaM
modified: f/a/b4d4oqhm6flpalkderckt9nncj5f6vsM
modified: 1/8/stats
modified: a/0/stats
modified: 1/2/169vmj2nicng7qt2e8tqso29gateso6M
created: d/c/96s6r2frttnjk6j15il06md4pfg9obaM
modified: 3/7/02em19h2m8gqvs8j01i1v2ov66ienmeM
modified: 4/2/09082g9sg9lkgq59ajfkdve9ue8oivkM
created: 7/c/b4e01vc1ekg4sr93n2tor4no6ueiqoaR
modified: c/2/b5qibr4740iapg9h1iv8osgfvimu086R
created: c/a/dfeqeiv6bfs1bjn1gl0i0euo4tmg1qaR
created: e/a/51m5b57nd9eisj0mkecuscfrupfss82R
created: 2/d/587o3bsvmogph05hatr1ubobt59gfckR
created: 7/6/cecprl8742bcsc2vccdi797rkj3rr1kR
modified: 8/f/e708ngskjh37gtf85n5937pn230i7jiM
modified: 8/a/stats
modified: c/4/77f70bcbo42dmdvgmgiogtj650kqdu0M
modified: f/b/stats
modified: 2/2/e2iqvl2e37an0b0vm2on8gj0fk7kb6qM
modified: 3/e/8743r7i4g502okk9rq19mltktq4mn8uM
modified: 5/stats
modified: 7/a/6dino7053mjboti2c3394jcg628d3d4M
modified: c/d/stats
modified: f/f/389l1qqomp6dubm0mgruaoifr8k7u4oM
modified: b/3/afqjq7j2986gru6regujcpfbij6ne8qM
created: d/5/d90cresh2h37h6gbdp1qtm1sq01jvrsR
created: 4/f/70pbm85j0osddfokpbo7e1ellvj1hjaR
modified: 5/3/91dop55mv8rs61hfrcf5enru204auk8M
modified: 5/3/stats
modified: a/d/stats
modified: c/3/c8qknbh8a3qjjvnmlmjosnsdteeo6qsM
created: d/f/4beqbhrnoaaes3l3cljin5j433g21a0R
modified: 0/f/d5jkmcagk7l05u2nmcdd21hv7vb8khkM
modified: 1/3/deipcmq86vrir6o8jmaaiihadd6spscM
created: 4/b/ddvq894au94itsj6g70dddbiesb52moR
modified: 5/0/71063qh2pmuto8qe764hbe9kvuvdklmM
created: 6/4/05164o6anqp9l3bl9l3l7d3bjk1n9fkR
created: 7/3/6de80idlblesh1m2n7qn98925efoqoqR
modified: 1/6/76h1i19iodgra1m2llun2s7tnomp6r8M
modified: 2/2/stats
modified: 2/7/stats
modified: f/f/stats
modified: 9/5/stats
modified: e/a/62dt6jc18931h9ntpuh5481atpfguskM
modified: f/5/e5kge9tr5nds2gdr0g96nti3kerepmcM
created: 5/8/fcl8khtg7h241uk3isld86tuh08caqiM
modified: e/a/d29nt5hcqennmllbke4k3j2juu2j05aM
modified: 0/stats
modified: 4/6/9a9hlhhnmc4qc0taq023hoj42gp1hc8R
modified: 7/d/stats
created: 2/2/2di1ius21t4u052034fn70061p6cqtiR
modified: 2/4/d56ifgnsv4sv53iflhl7u6rdreiredaM
modified: 6/2/stats
created: 8/9/4ahs1h43h82sbh9k9n1srpo5itug4jkR
created: c/f/96jvlig7fnudk30vevdt4dc2aff8cv8R
modified: 0/7/6fjfneac1f931lfs0n6pf4cm55qdpq2M
created: 1/9/321cq422r78tf1hjblbumjg27ffemauR
modified: 7/0/66rm8c468or077n0rempkbjqkoct6ecM
created: 4/f/f9lf4ruats1a32n18ius59ue7gm859mR
modified: e/8/4c0lun5laoa3jcoe1seut7vk9o00rqoR
modified: 1/3/012gga64qppoldjsiiv3borlk5ma5isM
created: 2/a/fc21c6injs8dp92nfcrrdvutfe4htkoR
modified: 3/4/stats
modified: 5/4/8c02u53fcb6ch9rfsgstragjcp6b2dgM
modified: 6/d/stats
modified: c/3/1bdp9c24aks7nohc0s73ib3npbrg3raR
modified: e/3/stats
modified: 6/f/stats
created: 7/9/50i2efqigos8ldlosvii9evdpf9gvsaR
modified: 9/0/feso5sovv6hv2tkn1uovgbv25p4e3ouM
modified: d/a/63o727n419bh1jf7gsv2jc22qgafi2eM
modified: e/9/8c56bvnbkvknm58efofi7ckfkeolt80M
modified: f/0/stats
created: 0/d/8apt45jfgjh6ijl0uminpg97k7h39umR
modified: 1/8/154t49mnsu7fjuvgghfl4dhd021jmg2M
created: 4/6/ec27jp25k2n5vbddj3i1sdhh7kgs5r0R
modified: 0/1/stats
modified: f/2/aa06n3qu46uvitja3mvkdqm7s2u9h5eM
modified: 1/e/a2moikfsdgpk6f11p254eshe6ve5ej2M
modified: 5/b/stats
created: d/2/71h7bcb119m4n0datuutckh4lqfaqmoR
modified: 4/d/stats
modified: 7/7/52pfik2ivbnfp0jpn9asbeein3ott4uR
modified: e/f/stats
modified: d/6/a24omcuoe0gd1stleijiscb2750f3taM
created: 7/3/edi36efbkgi7sjebu9o8btc2d9tf8m0R
modified: c/d/f8pr4cml2hq27mr60alggd6tniiebrmM
modified: d/5/6bou9djer8lm18cj5h2hd00bun2a8n4M
created: 0/8/bfsd52ddi71924ko2lngmeafspmbc7cR
modified: a/a/92ul3fndi6omcev8i1fkdo7erspsfncM
modified: a/b/stats
modified: b/5/stats
created: 9/f/8cbjd9areumai47ap55v03cd0jpfse0R
modified: 5/a/a73r1laeqilnh0dgqsemtvf6n871choM
modified: 6/1/eetbo81avt79jsfai4n42gi7fe2qv22R
modified: 6/stats
modified: 3/4/548fflosev96h7es3gr8o2kt111can4M
modified: 6/5/stats
modified: 7/7/73ash01kgsn4vdoklb64c424nbr98emM
modified: 8/f/stats
modified: 3/5/4boc7ppkurn1534dci9ciue1rt730t8M
created: 4/f/98dci8cebnhgsl4urd46cup3q1q6gl0R
created: 5/c/43v67ccp3n8jqnub441vh0rgtinlbdgR
created: 9/f/e92mhtt46arpqd3ccanjvmt167t2ipuR
created: 8/a/4emh3f80kc9g330f16tjr498n7rh3f2R
modified: 9/5/aa8mslet0s3nkmmf31ca0d2f2fev2bmM
modified: f/a/stats
modified: 0/5/stats
created: 1/e/8ft1t2rcqbpulfbk8078bg2hles4e18R
created: 3/b/cesc0ts6q9miaqpuut7c3m8705tqp06R
created: d/c/10idra80c2f84umtoo57pk2jp1h0kooR
modified: 0/c/stats
created: 3/e/d6ufj9610q34uank2ks97a86tt8lh8mR
modified: a/8/stats
modified: 1/6/84no0lgv0hraubekh0qhqule2e097oiM
created: b/0/27nnv6e6uutqiv7euc445gf5pdv0casR
modified: d/5/100sjv3k1dtput53fnhla5v7bg81ocuM
modified: f/4/7asfse956oa549a1cpce9r8l691935iR
modified: 1/9/00r7l2ufbbvurvgt7ih7rfgid2f01csM
created: 7/0/18cqa7dfaskr6u471ct7r6tc99fe6foR
created: 8/8/50esfopqrfp98lha5f83f9o56i18jnoR
created: 1/4/86dr2mtea0vgg2k65atc9guggkhmv44R
modified: 5/d/f12j1okf1qtt0stsdtskfbg5akede2qM
created: f/a/641l5upka9bpqs86bdveft91o8a66jqR
created: 7/b/80rkon5t3dv9mb6j1kgt453imag629eR
created: 8/d/7dvmdhcke4n9mgiqcaem5udha8ml2q0R
modified: b/2/16obfmglgv9g59hja78rh09ete6po5kM
created: 3/c/683r952oj6srbnrbk6tsc8qbdt3slomR
created: 9/3/be75dnei4ednora1e3jpcrc6mmcee8oR
modified: b/a/daqccg37fdg3u2fdisti373j3ic6svuR
modified: b/f/14km8oe7ptqmsed8a5pi7ti03opqjqqM
created: 2/8/c9uu1d0dksf5i0kt1dbcdcutaquonjmR
created: 7/5/1fsktp8ksjeot40pmrfq2gd095pgmuuR
modified: a/3/stats
modified: 3/4/c2sg2rhpd7ejkug8oan4vg61br9j7r8M
modified: 6/5/c7vfq0rhaf8brtqr3gcocp8k3dpsvfmR
modified: 7/3/bc6ufr2ru977aervhsol16lm5qpb6u8R
created: d/6/41cilnrp4q26tdfn7em85jc10plf9suR
modified: 2/7/fcmbvru70i8uhn8sk4f1phgjb7ojdreM
modified: 7/2/stats
modified: b/8/4a8t8td2kp6b1u0r3ad0nlbrf251k5cR
modified: 6/c/e8v8i4k90pv3suec8dh3chlarei0jmqM
created: 8/1/9274v5kr35m70se1a9k8evd04m078joR
created: c/3/fdd39uk7ha7u9l8efs45i9cm4lt5r5kR
modified: 3/f/ea226h6pqrghafhpqnhhfruj3b5foksM
created: 5/5/b6vf304r7d97kll00pth42bp24u8aioR
created: e/8/0435ohfond0hjj7fsfqvniej6dq0cgiR
created: f/c/888sp7bk9ssij6pp9hij3sh1s6kg2e8R
modified: c/f/56pte9pild4htpins72fd2umrvf6g8kM
created: f/3/9afl04ui3gt2sgoho9l9t5jgse7fvmcR
modified: 8/a/e0g8lb3m4qt07taj25vm6ftaf7uhd0cM
modified: a/4/15uu0gldmok7c933kcv0kmoanhrp8esM
created: 1/b/9c0r4fallj6eo96e0klggji1t4hbv2oR
modified: b/0/stats
created: 4/c/5934i7653hf8ec3106g3p2otr31cddiR
created: a/e/9342k7krgdhl45rvlbcmobummtil27aR
modified: b/e/stats
modified: d/1/ef7qprpoutfgduq5dds99ihp7ftff3gM
modified: d/c/stats
modified: 7/5/3drvce1973brt62q0of7qhlcva7ukmgM
created: 8/7/25birghqbb6o4uhght0cp3pja42ho1sR
modified: b/a/06455f52ges1jqhimuj8rgq21imh8c2M
modified: 0/e/stats
modified: 3/9/5bieqgd9sdjfoq50r7a80vh5adm29ncM
modified: f/9/01ek20bl5pidm0b61iaf8sk6aoihk5qM
modified: e/6/ee8aoep7ebc1ngmknooq0t5dhvs4ng6M
modified: 4/b/stats
modified: 7/stats
modified: 9/0/stats
created: 4/0/9b48r43hc48scrq6r333eh4ioslea18R
modified: 6/0/9atahm2ve3bd9lbl2mq215h96ei3qriR
modified: 6/e/stats
modified: a/f/022m273b11q6qramciq2fa6n6por9fqM
modified: b/d/83krkqjtuukfbk1jmm3a4rob45umc50M
modified: 2/2/c0kjsf1o7tf6mqd2a5a4thu4jlk6upgR
modified: 7/a/3a81qvu0n4ob6m4b4agple27f934mf6M
modified: 3/4/cf6ti14jpsup74smfr7ldl5h387daheM
modified: 9/1/ebla1ubqt29v24gqda4n3agirer4te6R
modified: a/9/a99a2t7n81445dfqh57cf5b05g29evuM
modified: a/d/5bgtdn9b4l0p38t2903qr0690i3i0peM
modified: d/e/stats
modified: f/c/964j3p3mb0v9jia2enjkn8cc89c0iqoM
modified: a/0/571jk9ue2jva1366hocfhpn9npcavjkM
modified: a/0/8a563s14t5ud7qdut3q71h4bs1f6ereM
modified: 6/c/f4p6656ntv68dqdpeoao95mp5g5ali0M
modified: a/0/bdjlo04p9pq232lklab9u3ii8kaqraiR
modified: c/6/d5ikn4ad6s4f9ro9c3hr6jeh51klvr6R
modified: 2/6/9au9okc5l10ugnmp290edljshig6fl4M
modified: 5/2/8139d8sj724nfqo65un0avpmtc9nmmcR
created: 6/b/6fjv7joiqtg5m4ckvasfcj2h79fli4sR
modified: 3/2/95ftguvkcfc47051k2i8da9hbr3di92M
modified: 3/c/df598pf0amn4dndj8jcee68ctaojvoiM
modified: 9/e/stats
created: 7/b/67ta4cd7l749ikhog9tgn41oh2oenpgR
modified: c/f/stats
modified: 8/stats
modified: a/f/05kf9ta6in45hghohd01qiicbh5orieM
modified: d/6/stats
created: 3/d/f2hemvvc66ltgkflhp9k5udh87pp2saR
created: 5/5/50elqo58n5r0jt4v8smhn65jg8jpeb6R
created: 6/4/8djj8dbv9v79chmsm9ss42bm5bmkh1oR
modified: e/2/58488jvt4drj4gbj4b6e430m8tdab20M
modified: 1/b/feof7bi6geidkbi4m9fbadoqfmpkpkuM
modified: 2/f/stats
created: 9/5/8dgbera494o5711fdbakimscjp9eg3qR
created: 9/2/ae1svg00ku0t3h9gfeqe5vv6vqhbvhqR
created: 9/d/8ec5tfqobntfhe4ola1uvbmm5dp57b0R
modified: d/8/stats
modified: d/f/stats
modified: 0/9/stats
modified: 0/a/stats
modified: 4/3/6cumas0n3m6cgc0qe4d4lm73j5fp29eM
created: 6/7/fff0mbql8nue4cvqa9b8e15l43j6ftuR
modified: c/stats
modified: 0/b/83ab2o7hmehu4nlu8debch5d73d911cM
created: 1/c/2f3hvvc3f69u2abriva8oddeip4s73gR
created: 2/8/b6vcr017l0ahk32u3aaa19n11j56js4R
modified: 8/8/34q7eb4p6rm29d17e9ip508ukskju5oR
created: b/a/06si1va5klh77obtkl6fqkk3etg8iu6R
created: c/a/d0kjta90thor0eed3ipcrk8q4p5942aR
modified: e/c/b6nqdujqsj72fimtpp1c8erona69j4iM
modified: f/4/1cvv8suld4sk818vmeep3hutfkg9olmM
modified: 2/5/b3o5n6mdsc4ifv92tcsu2boe0chnupqM
modified: 8/a/5a2k7evit2hv4isu0d6aal6bcq3kjluM
modified: b/7/816ma5n6agonlud1qn5g6ajvviup608M
modified: a/5/63anr4572dc7damefbmc4hr10b24oe8M
created: b/0/e8m1m297misg57irhehragvs744kvfcR
modified: d/1/348emaslevqvdg2bap027utk2oso9iuM
modified: 1/0/aah08n611g74jkcokrts6n8talkrcj4M
modified: 1/2/stats
created: 1/c/43qkvtncvedtrhj0gcknkirv140b16eR
modified: 5/d/01ljuahgr5lrdnie2c5ce01leal07rgM
modified: 4/9/stats
modified: 5/1/7ellcogfj2bcbbvo12ovg3o124fdh1qR
modified: b/7/stats
modified: 9/f/3508vl3ql04527gdeb3c6ea8u974hcaM
modified: a/9/4843fcrc5f6g4cdo0a44ivkt71dsl9eM
modified: d/8/b4k6sqgqqveebmhrgs3ucf4gv89jbbcM
modified: e/b/8cl654gm8stt1irvvusqr5nda74upv2M
modified: 4/1/49kb6eeqjbsqmbikvg4deodsvibnm3kR
modified: 5/5/5ahobdf28jqntqn8qjjhtf7cmuqlpsiM
modified: 7/2/33fljr3q6jq10vib47js6cebbveur38M
modified: 0/4/1ehev4vmbhcknjdifp1ccfeg58e50noM
modified: 3/2/stats
modified: 7/a/797cjqjhqfmkhdk0djc6e69fh9spkf4M
created: a/8/a0st4dvpk8tu03vh3qoq1n3g5kms1huR
modified: b/3/332fgadc48ok1jf8brs3065o4s493goM
created: c/7/00ep740tjq2t48pkur6plfddiji144iR
modified: 2/a/stats
created: 7/2/b94qs09sov239h22r8eqodcmtffguaiR
created: a/9/d57ju66hacghj3km01lhueborl6evisR
modified: e/9/33lt31p5lhbotqa4mr5eab1nemcnksqM
modified: f/b/4f9b9lpn7ho6cfd5gjbh8gqmjp07i2uM
modified: 8/3/stats
modified: 9/1/5fan9209ern2s99ck3te7ne9hq0fo9qM
modified: b/2/stats
modified: b/4/12911ucesq5thvo3ccp8v38kvgsbmuoM
modified: b/a/b9gvrl15etqglh31qvuem85a50bae30M
created: f/b/b8cj3neu6pepf40a4ho7vnj66b85c96R
created: 4/9/282hd39cgetl3o3mge8j7oqefhmh3kuR
created: 4/e/0cibi39fv0jheq0lk456lofggq11k5eR
modified: a/a/dcjk6kc7i7dl37puvq7u6uvc650i1osM
modified: e/9/d74ah0pfgin5rccjs8aua341t6fageeR
modified: 2/e/stats
created: 5/9/4ds97ncg6p7ddk10142ifmdscbct79sR
created: 8/6/fcmujd6ibf1v36a7ivduo8stpfjod2eR
created: 0/f/8c35t89tu78eo1fr1j5qe8hd051fcs8R
created: 1/8/004ok1tb895pfphblm74t15fqbnde4aR
modified: 2/9/stats
created: b/6/8c4m7d4pd6f798q9fq7jpigqoic2fa6R
modified: e/b/stats
created: 6/4/50bo5gk86og37snqiuo13gksjcjnchoR
created: 7/4/d5kn99jt448l77rkbmuolimfpap6od4R
modified: 2/3/df4k6sq8keunogklod18udbr5b47rtmR
modified: 4/7/stats
modified: 5/4/stats
modified: e/1/stats
modified: 2/0/bdk52ic88nisebb28c04ish0jdjblqqM
modified: b/1/8evn64chbs17m8grh8metq5grjaloboM
modified: 5/a/stats
modified: 7/4/stats
modified: b/8/stats
created: 9/c/ecuj6saaj2rjkf6fl5v9jl3ubnca95kR
modified: 1/c/92u8duilhh3dqaet1o25jpqfrfl31qcM
modified: c/9/stats
created: e/c/c78c6ehafpdhls89q1j33h9u1237ge4R
created: 5/d/00gl4qp4rn8p0af1igue3j8lpn86b9mR
modified: 6/f/cf2glnev6qvlqovg80u5qoth1rcaa3cM
modified: 4/2/1afk45vlir2bbkd9qf6nttt8pbj6f52M
modified: 4/8/790goia2p5k6nsp5emaq3ada9d04fs4M
modified: e/a/stats
created: f/4/145h1tdb594klga0ksc0eaeu9punrm0R
created: f/3/adgklkupp35s2sbjn7t4s8sfs3negfkR
modified: 3/9/stats
modified: 4/f/stats
modified: d/d/stats
modified: 9/8/stats
modified: d/3/10fll0dbjmm68074sn9c6d36722ns3iM
modified: f/9/e0ciuf8li238rkgb89f968ph1a4u6omM
modified: 3/5/stats
created: 3/a/9bl7mhbg97k0f4cii9elcvo6l9okes2R
modified: 4/a/stats
modified: 8/9/13jseppffq5pdr0qjiglofds4fg66coM
modified: e/4/stats
modified: 5/5/stats
modified: 8/0/4foq4429q1ovhkoailtjnqilgfettrmR
modified: 7/9/a8qdu8l9i26q1nkdknse073k5ggbg4gM
modified: d/6/a9hg67qa9gq46aaaclaglq0i1aem67iM
created: e/9/17imb4332gqi33l5gse3u69qnrk5gv2R
created: a/7/f38t9bfv4590lk3ucqqgjgs8fb9ktk8R
created: 1/e/0a8lhgvi6e1uplgd3hr1bigbhak7jfmM
modified: a/0/32odpbtl9m0op0hs3m3u8n63i5dt2sgM
modified: 5/3/720dm91u2r5s14ck8lc5r0oj1l9idasM
modified: c/6/a8b88phbg6ke38dkbregtkusn5suf0oM
created: f/f/02t1m8vuaaap3dusd4vgjff0v2kfglmR
modified: 8/9/stats
modified: a/b/2ft4k201t8nb22klvqshq8vbnandfu2M
modified: f/2/2ddssrt8iidu2fhj44n887pj1oltpgeR
modified: 3/0/stats
created: 6/1/73b95sfjt8145dv2d1lu973cl3khf7cR
modified: 8/b/cbivptaups31q5o0q5dh2optkmbamqcM
created: d/4/28jkjcbeq2hec9me07td2u6ke11a4eiR
created: 1/6/ca0buuc1ntoddnftcvssq0nuuem7i46R
created: 4/9/91ud422dq7mcg7pbteb7smcclmig8hqR
modified: 8/7/d00r1n11baqfn9p9icdoqpqab2p9biaR
modified: f/9/stats
modified: 7/0/3c23rg52bu2ugau3ls97miqblh2gq3kR
modified: e/c/0fkgh77ro68taa8194nsf9q7mrm1c8aM
created: 0/7/a54j4s0li84uu9eou7dq8oaogr4050eR
modified: 0/7/stats
modified: 0/8/stats
created: 6/6/a67emqoevphckjovujimoqb4cmf37m6R
modified: a/9/stats
created: b/d/97bgdvshrccl014h35qd8ocabbjbp5oR
modified: c/2/stats
modified: 5/7/stats
modified: d/a/2cn6qrr3c93ch4d561dgcci6qb78sukM
created: f/0/73m6bqms7fu43ankjbmh7pfj9bqvuduR
modified: 0/b/cc99937oua3f1rt2mg9b8pbkhn3qdaeM
modified: 5/6/stats
modified: c/a/4en4gb02thhte6s27f51bvhvuu6vhi4M
modified: 6/7/5fbg0kr15nlplpilj27pl642sspc6jmR
created: f/e/31fbs4tes0k0iiio1tem7r4bm4dtfdiR
modified: 3/d/f3l4qpppt2k3t54kmnff5fbsncduso4M
modified: 7/3/77bimhdji9l00i4ko8ldkesljsp9dpiR
modified: b/c/da08lfe1uspmhu0duj3aa3rnjrbrnuiR
created: d/2/189f80kner6o0d3b3h697o3l5hnkr54R
created: 2/c/51go0ssnnck0quj8gr01j4vf7hs2rfcR
created: c/1/d58toiau9gkqnklqjqgat2nfr3l7n6gR
created: f/7/d8t8i2vud1jrqmtqdo77hsog31f52paR
modified: 4/6/stats
modified: 6/0/stats
modified: b/e/20n1es7336a5k63rah95h17lad6862qM
modified: e/3/aa4a90dn1fsqv2td8i8ri8nv76jl18mR
modified: e/7/e83o6c5n69msgqgbpj2uusr20baenq6R
created: f/0/27tdo4ie2o3buqsu5n7scf5rohihdk2R
modified: 1/5/c26fhfh5min7o4i1hdne8derd6jd4skM
created: 4/a/e8ekhohjs31ola5m9gfrghsvjims8usR
modified: 6/3/8a88eg54fthv8btsltpkfcalms89auoM
modified: d/5/stats
modified: f/2/03d52tnc4aks4cjkoarmem66lmecmo4R
modified: 2/3/74bqpbc6t80539fa64e09lf0ikgoh3kM
modified: a/b/58rv140n6v7muq41ce2u85i7sm318k8M
modified: f/5/6154vd1p5lesqju239irugk74bdkktoM
modified: b/9/stats
created: c/9/a55ja5nenmi56934r1egfgd6o1ijt16R
modified: e/c/46pp3duoie69og6gjl1afq5vapji28mM
created: 6/4/380u10vgs463jfggqjea235deiict44R
modified: 9/a/stats
modified: 2/8/8cuhvnh6nd7q6967os5rik095otom50M
modified: 2/stats
created: 3/0/6d5ndfalfbfse566n1oldi0iad8u148R
created: 8/0/27dsv49qhg08hp2u45gb0fmh7fvbc5uR
modified: 8/5/4504roo8l6s0brebht6sp7q6fj9m2gqM
modified: b/4/a7doc8452tos9uhovo28247dl2tiu8eM
modified: 2/c/stats
modified: 3/1/stats
modified: d/b/f6nn7qt8mn39pevdqr9bnekjefi1us8M
modified: 7/8/3b7ech2qbb2k28vpml38hd9mf2bd17eM
created: 1/f/b7ekqhpsnkbjtmujj3srs6hv0cck118R
modified: 3/a/90vvi1tbmh73csbq6li4blpkataknqqM
modified: b/2/a1tcdkjrlod2adt5mln8jc9aapadjkmM
modified: 8/d/stats
modified: c/8/358aqa96cb4upkt9f76vbktgp4u0sp4R
modified: d/0/stats
modified: e/c/stats
modified: 5/0/stats
modified: 7/1/13rlkm8e8svggmj2o8qf7l8g9s7d820M
modified: 2/8/stats
modified: 3/7/c1c6anhq8bdpgkccc5rmhubkrnqdd54M
modified: 8/7/29cflbrrkhhr5ib1i798ddmv6675e3cM
modified: a/0/4d7h55lghahclgivudkmpio3h47n8ggR
modified: 7/7/stats
modified: 7/d/e5cujun1bft9mhulm15h652i5q003tqM
created: 8/4/b9seg89u557o3q7j4afc5likctnut2iR
modified: 5/9/a0khjk8cq65lbvlj9msu4t4gftsoeh0M
created: d/e/05jlmoukkspb664evoer4lal6or9i4cR
modified: f/7/stats
modified: 0/6/stats
modified: 2/7/4fbhl6089c5immboc49jngm0iet0uq8M
modified: 3/8/a2hq6qorc4eiln29or41ko1fcapoqhuM
modified: e/9/stats
created: f/4/5cnhp4dn5ammku8qb75154gg1qgvt96R
created: 9/1/92qlj1tpac86m755o2t9sr6hk14bdpuR
modified: b/0/81qen5ca87p8614m6qkp7ufv855oq5sR
modified: c/8/c4rn763ov3ijjhc1pumklgb0jkjg55cM
modified: e/1/c2qdo0pofpnl53hfenrmjv9ppb20b22M
modified: d/4/stats
modified: 0/0/f4v3q6770u5mnq9vhunkpcblcvpkp3gM
created: 0/7/3f6sh6m8t1p02m6nbatk35ubf5et9g0R
modified: 6/e/balqht7gcm741ksp2sjup9bem23gmpkM
modified: c/e/04ol9rbcej0csb8ugnur73hcj4r06s4M
created: a/e/0blivsb7mdn2mvkq5ae9e91chcl2c76R
created: d/3/2drnenma1i7v3g4vj1oc1e0h9mpp3e0R
modified: 4/a/7592vpja61dejmv3vu2v7t4gkt3erfqM
created: 7/d/314gepiroav7cv2remino6bsg3ekpicM
modified: 9/6/stats
created: 0/5/3br7imup8khgu7vdukhhirdlmjiqb48R
created: 8/3/cdsm77phk09r17qi23m858qbbak782kR
modified: d/a/stats
modified: 9/2/stats
created: a/b/b7j0lm2dmnu38bjt3jck4dm62hj8kf2R
modified: 2/4/acfoufb38hfmapkmdcp71fsesr43fbmM
modified: 4/1/a2lsnbaaahfh959tmtf69630n843fu4M
modified: 4/3/e7t3nrefvpsbk1481euj5cgbfbsnk8uR
created: 8/9/2d78bcci1lh1gkkns5ptcg7qhajvva2R
modified: b/b/a30hifqoctgkf2gqdavct7g4lqlrdg8R
created: e/5/cahur9ij6b02s22661bia96ndgur8loR
modified: 4/d/b7c340l67b1c035fg8q1uup2jf2qcaaM
created: 4/e/dbu771lvibk9oi5gium1qinc41pkmv0R
modified: 6/0/d5rdhv8ao697kej8bhtbctjikq6tsc6M
modified: 7/7/31omulr5vuvhgp61t2o5q40i213q6s0M
modified: b/6/4avtg7molgbgdpu86h3udch8ct1r6i6M
modified: e/7/stats
modified: 1/4/180qb51cjgb3e82ruias448od30fib8M
modified: 1/5/3f3ojnt1ktiecuth2qejpgqi5bdohamM
modified: 6/4/stats
modified: f/5/34pnui9d7v15i05ben1ptfqmk307k3uM
modified: 0/d/5712idi91r9v1j42fsdpon8fut4mbm6M
modified: 2/0/eb7p63lfdbujida2494g23rumr62basM
modified: e/6/stats
modified: a/3/90o348k4hqrtp1m4eibljkrc40dmno6M
modified: 7/3/254oivrhhj432nbif7jcqk7j2m9a4q0R
created: 7/7/ab1aocn3pe4hqhudn45do1amdaqlthiR
created: b/6/47po5dviv4ps7njskmcgbe2204p5pp0R
created: 2/1/96kdp7vc0edgjfmruvi4jjjerbe7r7kR
modified: 5/3/a1roj1jo3e4a19s1h1spp9g11gmua9uM
modified: d/6/701r8lolb0ob51duusolgqjmuakniqgR
modified: f/8/stats
modified: 4/2/stats
modified: a/f/stats
modified: 3/3/stats
modified: 3/f/2c2m7i9pqm74f46l75egfsmbjaclcnqM
created: a/6/eet6oodjguc24pj85fm6f6j1tsd79koR
modified: c/1/stats
modified: f/f/41vp3311k8j71ieifbaodet8j43629mM
created: 5/9/cf36vlahcbpjghs5ffum2b26dvcjoceR
modified: a/5/stats
modified: 6/b/stats
modified: 7/c/e3409vljpgrqve1pg3hf8htj56v573kM
created: c/4/42poq3huqhsq3r59cp9r6kfl01cf1t4R
created: 0/f/5dg0p0sbfubp1prdthggr5icmidrlnoM
modified: 1/8/42ef1r72l7vhm4ltvf76gnir517fvu8M
created: 1/8/a1818qilubbmrspthqipd221nl8cbk4R
created: e/6/5dvgsb5cd3qghk1k0gcpdtj49uu1edkR
modified: 2/6/066g932d392ubihh3fionvtkt2fo90uM
modified: 2/d/stats
modified: 8/9/c8stk2vlskqq8klbp0pekn53q37363sM
modified: 4/5/a8hu98aj6beaikqhrra3dkpc8h9o1biM
modified: 5/9/stats
modified: d/e/54gpvafq1tso0e6q47l18e7gqbm0kduM
modified: 7/a/abakrun8jqlt3d14spkcia503s808ooM
created: 7/b/9ckui1eoemlmnht3ehfs1ih9a31tdgaR
modified: 0/0/43l8etbue88nggb2k3f4kuj7vmed6ciM
modified: 4/b/6cejbdhhaqu4nfcmnkk83256gsu7g5mM
modified: 8/0/stats
modified: a/b/9ff73sqmc0rhn00vkjfh5j0kvfmfdfoM
created: f/f/efon086ntpvr04s98fmmvo4ca7ist5aR
modified: 0/3/stats
modified: 1/b/stats
modified: 3/8/66a67qlutm77pc7g0ps6vb7s9h3td9eM
created: a/5/ca2r8l3o3dbh3islqs23rrl1mij5utmR
modified: c/c/stats
modified: d/2/8aehf64ijgbii6i8tt6s2atkqsllm56R
created: b/3/b913ilv0clippiobio7iqkuq5dja0rqR
modified: c/6/stats
modified: c/a/stats
modified: f/1/0c6h4jm35imska6aluh2q4n29l5d586M
modified: 3/7/stats
modified: 7/1/413714meglo1c8bus4hmqt5a5s1ov2sM
created: b/5/9fju0bhd63abmffb1bjfg7ignl2vh7cM
modified: 7/b/71i2divdb9r1goil0j5tcbcitiog264R
modified: 1/6/stats
modified: 4/stats
modified: 8/e/stats
modified: e/5/5adq0fgl3883v45d45ksdjarg4ee1t0M
modified: f/stats
created: 3/8/099v5k7jt9q38tb9reb6tr5ma1ge0tsR
created: 4/8/1ec2jgpus8egraq75np8rljscr1kntoR
created: 8/9/89g6qi6steho7i63jacea945ghoi82kR
modified: d/a/2912ni7cdgu2un9kd0gb1ncpoo7usdkM
created: 8/2/2dqkn4bro9bois3h8iive0ble6gos7qR
modified: 8/d/4993onosqfpd2l8skmt8q8t037kk4csM
modified: e/8/stats
modified: 1/5/4fkcdpc3d4tuo9rdjhsm4ojor7mh4dsM
modified: 3/e/stats
modified: b/2/8bu920q91g5vs72ptqju6nl83kh1606M
modified: d/7/stats
created: 8/1/37o508dklfrffhe07m2b47o3ds4tsjcR
modified: 4/9/59g7ki4085vbs6gbh77kv0nmd3rr7biM
modified: 5/d/stats
modified: 8/5/stats
modified: 5/e/stats
modified: 1/1/stats
modified: 1/5/stats
modified: 4/9/a60c1gn947p0fvm4p2f2s1pj2sn8j8iM
created: 4/c/73lneu5lt37s8a0pijdc7enkmsuskc0R
created: 9/6/baju80cov8mo44d7tepbu3uk45qd9p4R
created: 1/b/72r9ac68juccqpno0hiocuja0f9jjaeR
modified: 2/4/stats
modified: 2/6/05sj43knvfbkhq9efupp9550vo33gfsM
modified: 7/c/stats
modified: 8/7/35j4qpbj0jau2mp29hnichmfo6b6j9sM
created: b/f/b7par7t51r6ns7v316fmfgn63aq9kesR
modified: e/1/00diugqqqifgfimmovor88fj6o5sr2kM
modified: 2/b/stats
modified: 6/1/b36iarqimvd767medfivdmbsepnmd4mM
modified: 8/2/stats
modified: 7/2/f0hkke9kuufaq9qvr11q9utv6unv6hsM
modified: 1/9/stats
modified: 2/5/ef867ptdeed8uir80u857nquorn47jsR
modified: 2/7/9ad3ainsvdart36d0ut72gakqgll3o4M
created: 5/a/ae8ua3iej6lfdlgp30rdq36gkc0l5hiR
modified: 0/b/stats
modified: d/5/22if94ms57ond17spal8fbc471le26sM
modified: b/2/9cqo9dvm81t2cav3lclluqveiieukpuM
modified: 9/1/6eibcs1i64ufg50fua4enh0csgequ0uR
modified: 9/9/57bd566bkk9sm6u3ui7lvt0rfdp6b88M
created: 9/5/268ndf8u233k6phrgb0vc0p4e21hv1cR
created: e/c/afho4u08lmu28sl1vsoa7v528otecmaR
modified: d/7/33b8uteupgc9ve8ri88qoeijgtd9jq4M
modified: 1/4/adbo53j4uvgs7ku8jd6a9cma2ld9i9mR
created: a/3/8eq8ef3hmeofl2q5dfpnjlc14lrqdsgR
modified: c/3/edu7d001h8ae985om7kskcresastgvsM
created: e/2/0b9id9qs2qifv5nnuqhlrgfdbajs26qR
created: 6/6/2b2jcsnjik9cpre7qblacpacst76do0R
modified: 6/6/stats
modified: 8/7/stats
created: 9/4/2f85bm5tp7jdho9101muku8slq29ucoR
created: 6/5/28vk9v94jjg236qfsvsborlesf16f1oR
modified: 7/f/83kqdhnsf4hsq41dptdcmct1hqk3ub6R
modified: 0/4/stats
modified: 3/d/stats
modified: 3/f/0cplbbldt45pnd2lm2ma89g7nn59bciM
modified: f/7/b7c1tan039qj7utcr01on147l64otdoM
modified: 8/5/abbu1squ6dtaakagt73mjkpkcdkjc8qM
modified: d/3/stats
created: 6/6/e2j4ttldnjd3o6dhuo9ai2gfgbakev8R
modified: a/4/stats
created: e/2/1795cb31d5dhn5aqgqcdv3kqo07cmhiR
modified: 7/6/stats
created: e/2/4es6k1p52m3rjmkomgvdenok55c70ocR
modified: 9/d/stats
created: a/c/c117vl26bur4f786gi15pdkp4svs9esR
created: b/d/20f5n8dsn4jq6aoo1cqp7at4saesggiR
created: 1/3/d59m138rt47vs322379q6kfbcc0fn30R
modified: 1/e/stats
modified: 4/f/d4hunsk1b3tue768pker4dajiangjj8M
modified: 6/1/650573assqrl98eg904pmol2fvtrckmR
modified: 3/2/b8d71ruj6mbfe5jihjq58ja4k6uacrqR
modified: 7/b/stats
modified: e/2/stats
modified: e/e/stats
modified: 0/5/e2mmj0p8go4gand7610adtvg1da2c2qM
modified: 8/b/stats
created: c/f/0e0aeqhatlo9rsjh15fuj8i8avp15l8R
modified: e/2/93b69s3onsevr1an3lsr201t432i8isR
created: 4/3/f05haknt548flvjjgdsdrvl414v0112R
modified: 6/8/3d93teat78a20agkpg2er9lc0f47dqiR
modified: d/2/stats
modified: 2/c/49hntsdu66ip20ghcd9ud41aumccmjcM
modified: 2/d/12unibi7p3magqhgvmdf471h0p8p87sM
modified: 3/b/stats
modified: 4/1/f63l11kap0vk8f4bm1h159f87fbn0huM
modified: d/a/ecofdlt9koo0trqp0ve9ns7ckf6ssqiR
modified: 6/a/stats
modified: a/7/stats
modified: 0/d/stats
modified: e/9/76pgn1r3ak3kuvdmlq6ka40k3lso5qkR
created: b/1/f6fof3r87gmbv513f0ckk3q2cla3kvoR
modified: e/8/batcij9sb418cd6qaf0fsl4v4ukg7t6R
modified: f/6/1e8fuqeou98sqjait5hcjksrv3ptro6M
modified: 0/0/stats
created: 1/6/772jae7ei4nmvltke6t9mdck4l70d4uR
modified: 2/0/fbpsn9svvl9ul4abckqia9prs9pvbmeM
modified: 8/c/stats
created: b/5/f62o0hr2d7v24m00vdfs35tk780jktqR
modified: 3/6/stats
created: 7/a/085l1rnm38oli8873j54u0djuubj2j4R
created: 0/3/b61bekcv90ci3e80q3ie602kpdjvoa8R
modified: 9/stats
modified: 7/5/stats
modified: b/c/69j9as6u3gilq5jum4k2md2nvb7tkmcM
modified: d/6/2ea37b87dqua47n4m257g3g7jb9f4rkM
modified: 0/1/f9enf324ktjfbm3scq68rc9fbg544jmR
modified: 1/1/22j121imu4n26n078ocb5mmhki8djaeR
modified: 2/d/114b9hc0pd6svnefr5pf8n0pt9f59csM
modified: b/5/f9milhpv2v3jvb02bmjbdjmc9ha279sM
created: d/f/0decf30veleg8eqtou866buu8i6peecR
modified: 0/1/11pbm4trl788f6fvqptihrb5bhmav4uM
modified: 5/2/stats
modified: 9/b/stats
modified: 4/e/stats
created: 9/0/77frfctktc8vvopgbl5nm9g4ce0aj8oR
modified: 5/e/44rrkca03fc8441n4o8kif3bebdabgoM
modified: a/8/f5av2n966c8decrpht6deq1fa90g1o8M
modified: a/a/stats
created: 8/3/8dlkmh87gr6gssid37ftvlsvia69c3cR
modified: a/e/stats
modified: d/0/9acmues77p4b42hidle0db5jmbgnud2M
modified: 2/3/e0l3voaqigr9e37frqm7kpffjhm933eM
modified: 2/5/stats
modified: 4/5/stats
modified: e/d/stats
modified: 3/5/e3hqrp5asluquvjgs50ou0ah6b029noR
modified: 9/0/fecp19eqmr87up3tggleqhvghqunbh8M
created: 4/0/f896395rjjr049199ensemj0bdn5d9eR
created: 6/8/7efdhtj8kfj57qjls6c5qdihv5d7ii8R
modified: 7/3/f94cu8qotkgeoraa8hv5r4qe9kflk0uR
modified: c/7/d5k3il74sa2l19kc2hs2n0k4ioap9n4R
created: 6/4/b6tqo61stepmf2h0eiqkon77upet0paR
created: a/6/ae9f9rg7ttceh7v3tdgu3ffvin6884qR
modified: b/a/stats
created: 6/3/2220n88m8uqoa1qb17mu2d2es6b08r8M
created: 7/c/10hgt9mtl7ds32veoc93v8eklgrq9kuR
modified: 7/f/stats
modified: 0/2/d36a8l55c4f3g9vbg99rvhpa3oovhs2R
created: f/3/3eiv5id9r0qeh8d03vviuinlto452boR
modified: 9/4/1dbdclnag4gaaailuukbn1hhcfirhf8M
modified: b/6/7d03nsrc95e3ocbflfp5feur1di0ahcR
modified: f/d/stats
modified: 3/c/a1ijklpjcun38jljfi3t1kciuiom1vaM
modified: 5/1/stats
created: 0/9/e75qpffk97rn70d2mlpliq89e43skqeR
modified: 2/1/stats
modified: c/4/stats
modified: e/0/stats
modified: e/a/b7r2dorg066t02e2u7nfuj2dng80t8aM
modified: 2/8/8dfmatbvlnrl5s2l7ktvi3dtni0ovm8M
modified: b/7/ccp0aab4tg5kile3790579o1rlvjruaM
created: f/c/c53vdgkdv6n8giskj7iqp8jstkki91iR
modified: 4/7/fe2vkp05oa3kl06ueto4j5lcjuh00gsR
modified: 6/3/stats
created: f/2/5e1mbnlosd2hvai5o2cqbp8pha0ui1oR
modified: 0/f/stats
created: 3/7/674lhb6838iel3r6qnohskkev77u3b8R
created: 7/a/b6qq9u0pher24b5n4jhsvu2ghq3d0uqR
modified: a/1/stats
modified: 1/a/stats
created: 7/5/8e49457512ccqcviknjtmuq6vi73u3qM
modified: 8/2/1c6mhdnojnju3cctmp9vroema21geuqM
modified: b/4/stats
created: b/b/0earhks064cmquabpsm9r2pamemg9kuR
modified: 0/2/stats
created: 1/e/11bgluv9nntmeff06mpb53vn4h5pif8R
modified: 3/0/3di717jmhhc6rcsf1qvp2qu1rejvj44M
modified: b/1/9fq7709ur5ml0j1i1hpjkqc9eits8hgM
deleted: 4/a/49ha46avcj6o18va5qne48b3gq6d2ggM
deleted: f/7/82nn6573retdvjlskkmfrtbsnrcafgiM
deleted: 3/3/4dp3e9eejumefou3ub8n3csk7ojek72R
deleted: 4/4/90ut98r7nqote5cl314om66ripiei44R
deleted: 2/5/47cr0l63d52953k31chcv1pmf1jti1cM
deleted: 9/3/afvspq0ol1lvtdickrkmrhkq9s08gcmR
deleted: 1/c/42gu7k5k6973lrgiocarjaq48tpqp08R
deleted: 2/3/cftbabsoij04pmc7gmk1qucr5n0cmqsR
deleted: c/5/99t841qmud6vh0so8p4inptmdr8etceR
deleted: f/9/cbgfr5dcahunj6igc762gr6dsrq1pd2R
deleted: f/4/c0v130sobsrjrl9enbjfkkt4vfjeqlgR
deleted: f/5/6872gc46ui4tdd2dcm02fgsqm8r2ntsM
deleted: 5/3/e4j3eg1riajcasaj1idttp56vatka32R
deleted: 4/8/bcg5pc7pphra2cmogbvqch0vtlpa2kiR
deleted: 5/5/c3m92spdlo1jf5d87sbvkrp8uncmhq2R
deleted: 4/4/bdhbgugl5d35ni5t7tasc48fppvj7nuR
deleted: 4/8/99l9tlkucd2kf059feq5f9smr6874mkR
deleted: 1/1/82k3595p3thuga5e58ssk5blqc5ee66R
deleted: 1/a/4euvo3evqf1gpv62qa9ao00sdb7el2cR
deleted: c/0/a9nat2o8c44n83714nhtnpnj99cak8kR
deleted: 4/7/d37jesg781j920u3obd2lgufimnivb2R
deleted: 5/7/a6cn9ivqqamhbnq7cdlr20oov58uudmR
deleted: 9/3/1ftu4hkpjuqds21d0suq1v5arto47gmR
deleted: e/7/59gosackhqdko03idru8phb0qaqjha8R
deleted: 7/c/99j4n9ua509q10ollstvmhbd72v90qaR
deleted: 6/3/9c95qvmse48nvnujddq978n8gcle76sR
deleted: 8/b/2cdfofp1vcurnng20hedptadkiqm4m6R
deleted: c/8/3e42m6ipu2iofi2a09i390jr3p7pc7qM
deleted: f/5/ccu1s39eg4n925lcf4ppnh9vh33bstaR
deleted: b/8/25864uhl53f6i72qkgr8beq83gtb97uR
deleted: 3/4/capqrh9la411mfq85qrtcv80iqs4qmgR
deleted: 3/8/ad2t88gio6so040h1s6hbc9ndptulmcR
deleted: 5/1/efengn07uptr1g2frh3b5ul32ank9m6R
deleted: 5/3/7ciqg0f0vjnm3toqaoiv73dv245vb98R
deleted: 0/5/4avgfmlqed4hvds4m251oggbp38qebqR
deleted: 1/1/4b0oruqhjqkrn1b93r3q16nq99i8996R
deleted: 5/4/0b3jm44jrc9gd74v4c19jc54e1do8lsR
deleted: 6/0/d7km8u7si2jejac4665uppags2ll1taR
deleted: 2/5/66u1mg18thd8ddbl7odeprdquf3vhgkR
deleted: 2/7/c0525g7rndvhcj0alff02m945t9age4R
deleted: 2/4/f39g72nlabspqm9tkfp266edpendkloR
deleted: 8/8/e5s9k1eipr0qf2n28out3r9e47p2dfaR
deleted: c/0/c4cgftk3ps9oj86qoms3ajgu6kt6q9mR
deleted: c/3/bf9rhi896fdk0a8qs0em41p9vdf4gh2R
deleted: 7/0/deuahvsethjvr211jr8oql7u1q32fr8R
deleted: 7/2/8cdl7ghl5cmg93qts8isk6n9l40cdrgR
deleted: b/7/ec9q873hg41bacdp93q6lm5cgkt6mueR
deleted: 4/4/66leej3ep8166maim8ulgsf21f00b5aR
deleted: 7/c/18op7oh5da8eekldvtu5i139tpitle2R
deleted: f/8/b0k77lje0k7vulear3nbp3902fjai9oR
deleted: 2/7/49o71ve7s11eat05796poclim7ludesR
deleted: e/8/f2vrpmhoiq7vhfm67m6kdg38im6gqb8R
deleted: 5/6/65lbflcbrvdu4cf9971kblm4os3o0akR
deleted: a/1/39kbs4s4vjvau5qt8jsbga56fi1sf4kR
deleted: 7/1/9aitkj689f4hgthdtvb76p7skqq0752R
deleted: 5/0/c7ohmek8r675kjq798obl9juvujlmluR
deleted: d/7/61267vktvcnumct9gfukim2kenfqvu4R
deleted: 8/4/19nujaoqlnasctn57a2ei6mrhoevh68M
deleted: 6/0/35oesj5glql6f40dap7me4l98d9oc6uR
deleted: 4/3/6bngl01256dvb9tt3mj1rh3k9k8e2saR
deleted: 5/4/ectkc19bm2gp6ueut9340qn0ri8gah8R
deleted: c/1/c6h8c5ps7594qtbkqf4cvb2hf5ab35cR
deleted: 4/4/4dgmtgu8egfrpkirru3g0352e9i4b2aR
deleted: 1/1/b7c1s4egiddsg3kd09blad922srb7s4R
deleted: 9/2/05q0spbidc1qnjevae7nsdc7cgbv7q8R
deleted: c/5/16589955vg19b7lrld79o8bctaeodqmR
deleted: 5/6/6bvcebtltogsiqsonn7rjg958pd6pesR
deleted: 3/3/a8hr0p4g4ipsi8ra599b32pb6v210jmR
deleted: 6/6/e6m2bepg7ft467deea8cebrql8f3a0gR
deleted: 9/2/2c7mricd4thcn6hsg3ncn6n8p7i0uj8R
deleted: 2/6/360llf156fv29gvi3ia8gnhubugbei2R
deleted: 5/8/44t1ajgn6vuuln5166ikkd5031nou0oR
deleted: 2/8/108pkh94pcie0tbbbjllaps527evs4oR
deleted: 2/7/a8pkrqjfba6v32q6kmqqhb45uv024okR
deleted: b/f/18dugql46kuarttu25fg4om630ftq5iR
deleted: e/3/e45vl6o5ct63tl35e0io3a7sbsfnmuuR
deleted: e/b/ba3m8pmor1f9kqg9e7k7d91v1dp5gleR
deleted: d/1/18nqjveekr96s62q76rfhouildor0eeR
deleted: d/1/25ecr6fv61vabovskio8elvageahh7mR
deleted: 7/a/9939bd9bnqmqcu8fitdv63lbaj084h2R
deleted: c/5/fdfukp941m4sj8uqv15d5e6h3vv7vpgR
deleted: 5/5/01pcljo02ue56s37o2rpf9mhcjq2ts4R
deleted: 7/f/1ffghum6034dr0pvph83r6e2sug7v54M
deleted: b/1/2dagkk48bua058v375djm6go4nsvqboR
deleted: 6/6/759tgqdkhuona68f1888qf8sg66ho84R
deleted: f/2/62vnlribjn3g5mf4iespte6g8o0suu0R
deleted: 8/7/fa05d35qakd7d380gclq8vbli4vhd12R
deleted: 0/0/fa362songe88gi96bevka1pcp5qim5eR
deleted: 7/1/404q5ol6sfbi3pjlgj776u9t4oq3648R
deleted: 3/4/63t0o9jk61vsjjjmct4nb2o11rk5cvaR
deleted: 3/6/ac68vgefuvcmopmou45i6q0gmp6uqjgM
deleted: 6/5/d2tshg9g7v6kkfps2gemdlfafa479keR
deleted: 4/2/9d6u3f8puuh7sbdflo3bhefjnei6832R
deleted: 7/b/b15p6idh4a4ararck5ag3mia782s0cgR
deleted: 0/5/11bncdk69behabvoe9enhmhp2rcd22mR
deleted: f/b/c98c6sh8dhm54nr9ujmq8mme5mfndgkR
deleted: 2/3/62fr5gaq9495jj7k5g7t2d546d3u5beR
deleted: d/7/65e0c2dp6cv8rvnub1vqfv8dltepj2kR
deleted: 4/3/0e550503f6i95tbprf53ueg8sjk5ihuR
deleted: b/f/1007b13p2nkj5o0vtd6i7cjjf9brn7aR
deleted: 5/4/7fefupvvieljp19ebh6id81m0c766h0R
deleted: 7/b/2fl06ct9k9b0qd782guqnkm24fltkukR
deleted: 4/c/97c82ttccf3jhg6hggm1q60lec0pjmqR
deleted: b/b/28id5nddahkljpflchbgqj0fk4npuqgR
deleted: c/7/65r0pftamur169egu2cgp11qme50i8gR
deleted: 7/f/0adv97vh5s52usu1vd8649s1er4vsreR
deleted: 1/8/cc7v2j4gv27s89n1ivk29ht5rr4g0v0M
deleted: 4/7/fc4ddhhsebm1q60ifgj7sv9mrhdmc5gR
deleted: 8/3/22u878frig1p6sth91qfa7l3v0r0jbaR
deleted: f/5/027fs46fevhptag2uqvtudhom1qtgp2R
deleted: b/f/9b681edoqp6gke8rfdf865lknptc2hkR
deleted: f/0/cb8f5nbje1d1tu86oghn39gih0n77b8R
deleted: 6/7/3dcv7ptj4vo0o7m4srpuo2fir6cj61uR
deleted: 9/2/5baf93jr0mjcvb9aj8u2sk5i4u38ubaR
deleted: 2/4/18g1cskdsp8usapr06q3r75fadaq6imR
deleted: 4/3/232gum5rhk5vnqq1tr3agav8cepblkuR
deleted: 7/e/a2526s34bvbe5p86d9qbkmsogopr648R
deleted: e/7/93qumvfevc50uoiujbb5qkiqlhvap1aR
deleted: 7/9/cbc3c8t2j7o7scgnjr82gl29f916p7cR
deleted: 5/0/27p4o18s58o68rk3b2qqvkmns7i7ps6R
deleted: 6/6/8835tt3i6jcujr19h7r5j3tr0d0dm6gR
deleted: e/1/89b4b1pr24qmrqnfhmh0adc9eimk48oR
deleted: 4/6/b3ric62ovmu1h5bfsj8f3ts7be9o8s4R
deleted: 2/3/50crvsir8ffg68iu2rfhjs0qsrg87aaR
deleted: 1/0/c6rp6d6mkfkdiqkttnlabevb6ia1ia4R
deleted: d/8/5f8vepsucurhhtri4ag0vnjejldpnksR
deleted: 7/1/7c5sf6jtpbehuf57k110oq6dkctv9ggR
deleted: 7/b/003ib662mtj55520ff82pt223886m84R
deleted: 6/2/7cirndvqgvahghm2ci4leakl8g4f57iR
deleted: a/0/65ephb3kvqffjq1g4k40uafsldjbbqcR
deleted: 5/1/45p53hdg9aupfhjid5uva313nm6nqo4R
deleted: c/7/8djotbb5vi5gap2i6ohanidnc3no59kR
deleted: 0/5/f4nag528svme5e8ubq43tm32vdsbidmR
deleted: 3/3/86qud6imejvq9kb5vg1josmfcjc7aneR
deleted: d/b/1dakujoep977oi4fecltrrnkjtot7euR
deleted: f/7/deuscalv6atn90dgbd8e3p5rtbtnj1eR
deleted: 1/9/ad82bc29ncqm478nif7lqvvc94i5qtcR
deleted: 6/5/cf1oorjv36u13io5dbc0oqdfk2ocdeuR
deleted: 8/b/498kpfuaiu3o925clqq6to1pvg9bglkR
deleted: c/8/5acs5h3mevdr1i3dst9k9gh34fbhve6R
deleted: 5/6/6225nu3u8pnvm9han5cjs71fbsu5fj4R
deleted: a/2/5a7lqt6mh5sk7tsa3mmjs1rsqqotd98R
deleted: d/3/14csv77uofffbe5hsirsh6a2pa97ajoR
deleted: a/3/19i5ibuu6a13v6lv2jvb4d72rg0jl2eR
deleted: f/5/615pmq501lbelpc6j86g5v84krj6cv6R
deleted: 1/0/91hg6vudsnmc1h3b4o5dp518r5uqbfiR
deleted: 3/9/1efu8eft62v3q5eukagait7kqsd3onoR
deleted: 0/3/aafiphnm8hth0a4dsio101orl5uotacR
deleted: 2/2/aet2r0onl7hnh1gns4sq0trrgoc8v92R
deleted: e/1/18knrqqumq2q8mk102j6s5ng3q5n4bsM
deleted: b/8/barf3kbcig5p0m55v4eofnrliqs6nkqR
deleted: f/c/03ad79s0nc4c8ka28897ot7uf2cd394R
deleted: 0/3/c17t0s6hf219iqvts89g01sun5pq7jeR
deleted: 5/5/505gff1spip076ojm2348ui3sv3kc3qR
deleted: e/a/1epret6nsrk74erbpr20n6bsb8t50u4R
deleted: 7/a/cf0ot1lq48gvskmbfaa22kpq82bqqjqR
deleted: 7/b/72a26gu0mopmk38caavp20jd123nsooR
deleted: b/2/50p5b2n7mpc6h9uql4vrkv6t0rvqkooR
deleted: 4/0/bdccecq7jikr94vct1cmb4kg5748gocR
deleted: b/5/c1k3hn591d9aka2bj5n09avnqc0ufh6R
deleted: 3/6/5bc1og9dq8171ats4abu0d37pf0nufcR
deleted: 5/2/e2c57so4nblcu07oggop4hku75kg78oR
deleted: 1/0/6dgrkq1qpoccjlvmjcgdkodlu34hcf0R
deleted: 2/4/d1n5knmfbh5i94okj76jjkljr8dbvfaR
deleted: f/6/c3tc45bt2jg8oaptt1fk8iqt7mos5n0R
deleted: c/6/018p0gblacrv517lfuue2ma0hms1jmaR
deleted: 0/3/bejronkkm2jk1d1ifsd5v2cdl81i2l4R
deleted: 3/6/2eepli7ujvn2qcb28275i4bcma2d8auR
deleted: 6/6/164lm35vgjjsespg4cbjakdaeguvpgsR
deleted: 3/3/9ddce8u7lk2667m1q2i5c49fonpdtv8R
deleted: 3/4/e1vttn6u6c20ajlad26ptu6lri42v9aR
deleted: 2/7/d7jrsacnj5r585bk6285s2kacckor8gR
deleted: 2/7/a4r5m9ohte8o600e14f1ldpkivejs6cM
deleted: f/6/876ve688kscn12k8c0pkc307lk3csbgR
deleted: 1/5/f4q39n74jau41t9q5cmi2guno9ee7soR
deleted: 3/8/e2jdn3c43pnvi1oblcb7obnte1ffvoiR
deleted: 1/b/d30drd51bkl3ch9ljl4u2j73sgufjvqR
deleted: d/a/9c0v7g2eas4o5cfkq7jbm1cvtrft6psR
deleted: 4/4/31lepegmo3r320lf6cafc2qlqpq6hauR
deleted: d/b/51m101h84kgjajh0d8lrv2n2253pi72R
deleted: 2/1/0193ium2u666iu82nq51ggq6ghher7aR
deleted: c/5/3f17e5ntj6k6qtdvp0r6s7p1midnq66R
deleted: f/0/afu7tjf32kejibrkdgccubeic8mhohkR
deleted: f/7/1d60sdm09ijtkperf1pbg5tea4jc146R
deleted: 0/4/24uakerql4li2krhm2qaabhht2c1mc0R
deleted: d/7/d461ckd5idt6pap2no0tqaaqcr0pc9iR
deleted: 0/4/8farc0206o2hjv06ck76fd7e414gfkaR
deleted: f/2/2d59j982m2tfobv3vrul1ebl536fhl2R
deleted: f/6/33fjohv44glo0f1tfne2flq2sv0inmkR
deleted: 9/1/96pbh2s8ole3jnude9h0eqaglc27ac2R
deleted: 3/0/3bgasm8fj3h4en4o3qgp82ivms5io54R
deleted: b/5/3fens3dt6raajjofd67crkv1qgcd86uR
deleted: e/7/3f7jiusa143v7aneuh5mljsdh2db1aiR
deleted: 6/4/66e5po34645munejfa9e121mcmihrf2R
deleted: 0/4/fdntfq0j9tmn0p4g1nj5imh9s56flnuR
deleted: 0/0/32uc9a5f8pc40u0j0rjar6r6seakd3gR
deleted: 2/2/0djnak7p8srd3o8ha6h83klblfhbtrkR
deleted: 8/1/09elhb292kslhlsgck991tllk0u8bv8R
deleted: 6/7/21496755fijv9oeoqrce8n62p3ncuoaR
deleted: e/a/d58t2tmfjerdfonidbv8imuonth314iR
deleted: 0/3/17b93tvp85t2clt35a6klvjmgb0o5joR
deleted: 8/6/bfd4v5vul68hlb08m6ipql6rqiuejbmR
deleted: 7/a/24atdb8ce8fr79trscfpfrncp5cpbcgR
deleted: b/4/6f1ujc30osd3i62jda2r99hqq8hvnu0R
deleted: 8/8/3d1a9bl5ahv4bo7d8nc42n8blmpe5kgR
deleted: 5/3/6dhfm7sqhiqqr7u4gee0dqcp6q5ci10R
deleted: a/0/405ib8itl61j7qqv1okoaqlin7qssekR
deleted: c/3/e46t0g3gnhl9oqp50c7jeff0ffb3fb2R
deleted: c/5/b1oke5q7eba8033rujl2d16is253s52R
deleted: c/8/b33jiadcl9iinkrobedinabdv9fe4boR
deleted: 1/a/8crhne6tk0v0oi08e2mt4msrb6nm488R
deleted: c/8/aabkjrta984doqgrg17irkqn4c8l5tgR
deleted: f/d/2c81pbhopr2re64rknnholu2drg6posR
deleted: e/a/597j9st27kjbboqscnunm4tj186vcmoR
deleted: 3/7/68rkmnqt1c9npcs3vd25cm12k6f9h7uR
deleted: 8/9/d643os7ivrqfjq3iaqjnut2ce1kuojoR
deleted: f/c/5a332lrjs93lbi9nb4fnh3n0nbtnkbaR
deleted: 0/4/7fnhnksu79i9p7pvj37g7lk0rlvkbj0R
deleted: 8/9/8fs6d0qu8s4o45q6joj3fmu8032ssqqR
deleted: 1/a/55pj2u99igopbc8lqr4j8dm7jdpu61qR
deleted: 5/0/1373dhb7ib4dcgqbs5j2di4v8liat9aR
deleted: 5/2/9dnqjhp6300v9kmpr9c9gqo5pc3m2ciR
deleted: b/9/ce89ok9oj28utm50cjususse5bsq74oR
deleted: d/2/fcplomuppfaha0grrfeg5k9shi5urisR
deleted: 4/b/de9p237l81i0i51ie64ud2lkmftr9ggR
deleted: 0/0/530fqv1souujjf4psslicid3kv6soqmR
deleted: 5/7/5c1d5o2040l0l4h8v1erj9qao71a6q6R
deleted: 7/c/c28htrtdv994ho7mj7c4ha9jhc2huvmR
deleted: b/0/d51h2l294tf3gamtku6f260hl8cdd8aR
deleted: f/6/11gksspil6kcmq537cu4tsmm3g6a0i0R
deleted: 3/3/588f612flit8buif20rur7h9rujg8luR
deleted: f/5/d6urn9a42ib1nprogacce8921kihkd8M
deleted: e/0/23s4najjlqmdlhpshflrng9vgnlvrteR
deleted: 3/6/3boecc4m3g7q3o9a2b6083g0fp9t5paR
deleted: 2/5/fellchjh9it02pregkbmsq2fdkmkjb8R
deleted: f/8/506j6pk0e4g3ftg4u4mr15rnp8mr592R
deleted: 2/7/69u1ol83fj0l5l6clmvt0109b228fb6R
deleted: f/d/abnbk6cp6359mo2knpua0c4v0ochm6qR
deleted: 0/3/5fs4qiql6j0p2h0lrb3nq2g0vupnnv0R
deleted: 7/b/d7t9uh3sbftb22bro9l481f4holuab0R
deleted: 6/3/15vt7q85blpsfgs4uesm403vvih5he8R
deleted: 4/8/221g6n48pqp3tf7ihdt03175e976g4aR
deleted: 4/a/f2a8lqbfneq8qobqr5a1rll7dm41r2cR
deleted: 2/4/591krb38ebgdi69lvktalbo1mijjvmmR
deleted: d/8/34jbrdjgps68und43qv9ej0hp4q0urcR
deleted: 3/6/34v6s7kfdsm3j3ja785sl9q3q0aq224R
deleted: 9/0/b24qlan3rnuorb1uah1a1c48cfksvk2R
deleted: f/5/76m01sk7v5kf62uk04sk3ibmv319uvqR
deleted: b/8/26314641sgkhvtdi5fi0a68f6e5lspeR
deleted: 7/6/05a0hvul33h37f6avg5mvs376i67i8oR
deleted: 4/a/acohebmia0t00vr17jqq7cvb1725bh8R
deleted: f/5/a174sg92m7hnnc931l5sc37otdin5e4R
deleted: 3/8/72t45eavd415horavoe49is1dt7krbmR
deleted: c/6/ba3csnnscqiq2ej6pkr5l036maabthmR
deleted: 3/6/19fr7loihpl2cj94rik5jieicn3hejmR
deleted: 4/7/6comjbidsmurdhbnrt4lefpk9m4kuk8R
deleted: 6/5/61hho84pjc9g2iir3km7ivgimt3uco4R
deleted: f/a/6dbcf3k3e3kpbochi21kouv2dkfgrb0R
deleted: 0/5/f0nvd08eqtbrbee53vumdaq2ihnkh24R
deleted: b/9/2d13oogrvt91mco1cfbn5huf0v85giiR
deleted: a/1/3ah2v28sna54ttdg8srp52hptejbhc6R
deleted: 1/6/ecl7v0o9hoid4mfl9d9et399j24ncreR
deleted: e/9/efnf13ddpg0efcrge169ugefvbpte4aR
deleted: f/5/fccv2k3tgs9gm57aco5n5r70p78ub9qR
deleted: 7/4/a3nherjaequbbjk4teduqkp67vfs3ouR
deleted: b/9/be4rck70fdje5rcfiomrcdlnhou3r2qR
deleted: f/7/33iuknmakj0lhh5kdbjevshfeafsereR
deleted: 4/2/99dd29nnnm6rll8so7qhr2q74jb2btgR
deleted: 2/3/47ncn8bm15au2gskajrost36ibl2mmoR
deleted: c/8/f8bce621mf2j9lb74bii4ltbdec2spgR
deleted: c/4/14bpvf8jkqirujcc8qninfk6nor3mteR
deleted: 6/5/9ervro6drqjjp1oqlt7tpe04pb4e8dkR
deleted: 3/7/3clrrj3c4228f0561l20bg2geq2tpikM
deleted: 4/8/41jjem9lhce2cf8rqt8c1dd0h48labsR
deleted: 7/d/5cgm9v8akrkahbjjjn8tktm6o31jqqaR
deleted: 3/8/76be7kubjdulqlot1q0idenl9h8cqhoR
deleted: 4/a/62mngf4a6cl0mo2gr9ua4t01bk5s6pqR
ccache cache size is 167Mb.
Uploading cache ccache...