SHA for cache folders (/tmp/ccache_dir) is '4ea41305b37af40952dd843fb8aff0f99bc93b99fd7d5f8f9b6f87ce602a50ee'
Cache ccache has changed!
List of changes for cache folders (/tmp/ccache_dir):
modified: 3/stats
modified: 9/stats
modified: 0/stats
modified: d/stats
modified: 7/stats
modified: c/stats
modified: 4/stats
created: 0/f/0cfc602d76c63050e5edb7a891b56b-1455763.o
modified: 5/stats
modified: 8/stats
modified: f/stats
modified: 2/stats
modified: b/stats
modified: 6/d/fc999d6e0cc825a678a03200f730bd-4997.manifest
modified: 6/stats
modified: 1/stats
modified: a/stats
modified: e/stats
ccache cache size is 168Mb.
Uploading cache ccache...