bash -c "$PACKAGE_MANAGER_INSTALL git"
Hit:1 http://de.archive.ubuntu.com/ubuntu jammy InRelease
Get:2 http://de.archive.ubuntu.com/ubuntu jammy-updates InRelease [114 kB]
Get:3 http://de.archive.ubuntu.com/ubuntu jammy-backports InRelease [99.8 kB]
Get:4 http://de.archive.ubuntu.com/ubuntu jammy-security InRelease [110 kB]
Get:5 http://de.archive.ubuntu.com/ubuntu jammy-backports/universe amd64 Packages [6,736 B]
Get:6 http://de.archive.ubuntu.com/ubuntu jammy-backports/universe Translation-en [9,460 B]
Fetched 340 kB in 0s (927 kB/s)
Reading package lists...
Reading package lists...
Building dependency tree...
Reading state information...
git is already the newest version (1:2.34.1-1ubuntu1.5).
0 upgraded, 0 newly installed, 0 to remove and 37 not upgraded.
if [ "$CIRRUS_PR" = "" ]; then exit 0; fi
git fetch $CIRRUS_REPO_CLONE_URL "pull/${CIRRUS_PR}/merge"
From https://github.com/bitcoin/bitcoin
 * branch                refs/pull/20892/merge -> FETCH_HEAD
git checkout FETCH_HEAD
Previous HEAD position was db522c174 tests: Run both descriptor and legacy wallet modes in single invocation
HEAD is now at b20262221 Merge db522c174b5f179c9cb7cce4013a275f7334b686 into e2bfd41f832dc7c7be6f17e928352f0eb2865f66
