/test_bitcoin-denialofservice_tests.o
  CXX      test/test_bitcoin-descriptor_tests.o
  CXX      test/test_bitcoin-flatfile_tests.o
  CXX      test/test_bitcoin-fs_tests.o
  CXX      test/test_bitcoin-getarg_tests.o
  CXX      test/test_bitcoin-hash_tests.o
  CXX      test/test_bitcoin-headers_sync_chainwork_tests.o
  CXX      test/test_bitcoin-httpserver_tests.o
  CXX      test/test_bitcoin-i2p_tests.o
  CXX      test/test_bitcoin-interfaces_tests.o
  CXX      test/test_bitcoin-key_io_tests.o
  CXX      test/test_bitcoin-key_tests.o
  CXX      test/test_bitcoin-logging_tests.o
  CXX      test/test_bitcoin-mempool_tests.o
  CXX      test/test_bitcoin-merkle_tests.o
  CXX      test/test_bitcoin-merkleblock_tests.o
  CXX      test/test_bitcoin-miner_tests.o
  CXX      test/test_bitcoin-miniscript_tests.o
  CXX      test/test_bitcoin-minisketch_tests.o
  CXX      test/test_bitcoin-multisig_tests.o
  CXX      test/test_bitcoin-net_peer_eviction_tests.o
  CXX      test/test_bitcoin-net_tests.o
  CXX      test/test_bitcoin-netbase_tests.o
  CXX      test/test_bitcoin-orphanage_tests.o
  CXX      test/test_bitcoin-pmt_tests.o
  CXX      test/test_bitcoin-policy_fee_tests.o
  CXX      test/test_bitcoin-policyestimator_tests.o
  CXX      test/test_bitcoin-pow_tests.o
  CXX      test/test_bitcoin-prevector_tests.o
  CXX      test/test_bitcoin-raii_event_tests.o
  CXX      test/test_bitcoin-random_tests.o
  CXX      test/test_bitcoin-rbf_tests.o
  CXX      test/test_bitcoin-rest_tests.o
  CXX      test/test_bitcoin-result_tests.o
  CXX      test/test_bitcoin-reverselock_tests.o
  CXX      test/test_bitcoin-rpc_tests.o
  CXX      test/test_bitcoin-sanity_tests.o
  CXX      test/test_bitcoin-scheduler_tests.o
  CXX      test/test_bitcoin-script_p2sh_tests.o
  CXX      test/test_bitcoin-script_parse_tests.o
  CXX      test/test_bitcoin-script_segwit_tests.o
  CXX      test/test_bitcoin-script_standard_tests.o
  CXX      test/test_bitcoin-script_tests.o
  CXX      test/test_bitcoin-scriptnum_tests.o
  CXX      test/test_bitcoin-serfloat_tests.o
  CXX      test/test_bitcoin-serialize_tests.o
  CXX      test/test_bitcoin-settings_tests.o
  CXX      test/test_bitcoin-sighash_tests.o
  CXX      test/test_bitcoin-sigopcount_tests.o
  CXX      test/test_bitcoin-skiplist_tests.o
  CXX      test/test_bitcoin-sock_tests.o
  CXX      test/test_bitcoin-streams_tests.o
  CXX      test/test_bitcoin-sync_tests.o
  CXX      test/test_bitcoin-system_tests.o
  CXX      test/test_bitcoin-timedata_tests.o
  CXX      test/test_bitcoin-torcontrol_tests.o
  CXX      test/test_bitcoin-transaction_tests.o
  CXX      test/test_bitcoin-txindex_tests.o
  CXX      test/test_bitcoin-txpackage_tests.o
  CXX      test/test_bitcoin-txreconciliation_tests.o
  CXX      test/test_bitcoin-txrequest_tests.o
  CXX      test/test_bitcoin-txvalidation_tests.o
  CXX      test/test_bitcoin-txvalidationcache_tests.o
  CXX      test/test_bitcoin-uint256_tests.o
  CXX      test/test_bitcoin-util_tests.o
  CXX      test/test_bitcoin-util_threadnames_tests.o
  CXX      test/test_bitcoin-validation_block_tests.o
  CXX      test/test_bitcoin-validation_chainstate_tests.o
  CXX      test/test_bitcoin-validation_chainstatemanager_tests.o
  CXX      test/test_bitcoin-validation_flush_tests.o
  CXX      test/test_bitcoin-validation_tests.o
  CXX      test/test_bitcoin-validationinterface_tests.o
  CXX      test/test_bitcoin-versionbits_tests.o
  CXX      wallet/test/test_test_bitcoin-feebumper_tests.o
  CXX      wallet/test/test_test_bitcoin-psbt_wallet_tests.o
  CXX      wallet/test/test_test_bitcoin-spend_tests.o
  CXX      wallet/test/test_test_bitcoin-wallet_tests.o
  CXX      wallet/test/test_test_bitcoin-walletdb_tests.o
  CXX      wallet/test/test_test_bitcoin-wallet_crypto_tests.o
  CXX      wallet/test/test_test_bitcoin-wallet_transaction_tests.o
  CXX      wallet/test/test_test_bitcoin-coinselector_tests.o
  CXX      wallet/test/test_test_bitcoin-availablecoins_tests.o
  CXX      wallet/test/test_test_bitcoin-init_tests.o
  CXX      wallet/test/test_test_bitcoin-ismine_tests.o
  CXX      wallet/test/test_test_bitcoin-rpc_util_tests.o
  CXX      wallet/test/test_test_bitcoin-scriptpubkeyman_tests.o
  CXX      wallet/test/test_test_bitcoin-walletload_tests.o
  CXX      wallet/test/test_test_bitcoin-db_tests.o
  CXX      test/util/libtest_util_a-blockfilter.o
  CXX      test/util/libtest_util_a-logging.o
  CXX      test/util/libtest_util_a-mining.o
  CXX      test/util/libtest_util_a-net.o
  CXX      test/util/libtest_util_a-script.o
  CXX      test/util/libtest_util_a-setup_common.o
  CXX      test/util/libtest_util_a-str.o
  CXX      test/util/libtest_util_a-transaction_utils.o
  CXX      test/util/libtest_util_a-txmempool.o
  CXX      test/util/libtest_util_a-validation.o
  CXX      test/util/libtest_util_a-wallet.o
  CXX      minisketch/src/fields/libminisketch_a-generic_1byte.o
  CXX      minisketch/src/fields/libminisketch_a-generic_2bytes.o
  CXX      minisketch/src/fields/libminisketch_a-generic_3bytes.o
  CXX      minisketch/src/fields/libminisketch_a-generic_4bytes.o
  CXX      minisketch/src/fields/libminisketch_a-generic_5bytes.o
  CXX      minisketch/src/fields/libminisketch_a-generic_6bytes.o
  CXX      minisketch/src/fields/libminisketch_a-generic_7bytes.o
  CXX      minisketch/src/fields/libminisketch_a-generic_8bytes.o
  CXX      minisketch/src/libminisketch_a-minisketch.o
  AR       minisketch/libminisketch_clmul.a
  CXX      bench/bench_bitcoin-addrman.o
  CXX      bench/bench_bitcoin-base58.o
  CXX      bench/bench_bitcoin-bech32.o
  CXX      bench/bench_bitcoin-bench.o
  CXX      bench/bench_bitcoin-bench_bitcoin.o
  CXX      bench/bench_bitcoin-block_assemble.o
  CXX      bench/bench_bitcoin-ccoins_caching.o
  CXX      bench/bench_bitcoin-chacha20.o
  CXX      bench/bench_bitcoin-chacha_poly_aead.o
  CXX      bench/bench_bitcoin-checkblock.o
  CXX      bench/bench_bitcoin-checkqueue.o
  CXX      bench/bench_bitcoin-crypto_hash.o
  CXX      bench/bench_bitcoin-data.o
  CXX      bench/bench_bitcoin-descriptors.o
  CXX      bench/bench_bitcoin-duplicate_inputs.o
  CXX      bench/bench_bitcoin-examples.o
  CXX      bench/bench_bitcoin-gcs_filter.o
  CXX      bench/bench_bitcoin-hashpadding.o
  CXX      bench/bench_bitcoin-lockedpool.o
  CXX      bench/bench_bitcoin-logging.o
  CXX      bench/bench_bitcoin-mempool_eviction.o
  CXX      bench/bench_bitcoin-mempool_stress.o
  CXX      bench/bench_bitcoin-merkle_root.o
  CXX      bench/bench_bitcoin-nanobench.o
  CXX      bench/bench_bitcoin-peer_eviction.o
  CXX      bench/bench_bitcoin-poly1305.o
  CXX      bench/bench_bitcoin-prevector.o
  CXX      bench/bench_bitcoin-rollingbloom.o
  CXX      bench/bench_bitcoin-rpc_blockchain.o
  CXX      bench/bench_bitcoin-rpc_mempool.o
  CXX      bench/bench_bitcoin-strencodings.o
  CXX      bench/bench_bitcoin-util_time.o
  CXX      bench/bench_bitcoin-verify_script.o
  CXX      bench/bench_bitcoin-coin_selection.o
  CXX      bench/bench_bitcoin-wallet_balance.o
  CXX      bench/bench_bitcoin-wallet_loading.o
  CXX      bench/bench_bitcoin-wallet_create_tx.o
  GEN      qt/bitcoinamountfield.moc
  GEN      qt/intro.moc
  GEN      qt/overviewpage.moc
  GEN      qt/rpcconsole.moc
  GEN      qt/qrc_bitcoin_locale.cpp
  CXX      qt/test/test_bitcoin_qt-apptests.o
  CXX      qt/test/test_bitcoin_qt-optiontests.o
  CXX      qt/test/test_bitcoin_qt-rpcnestedtests.o
  CXX      qt/test/test_bitcoin_qt-test_main.o
  CXX      qt/test/test_bitcoin_qt-uritests.o
  CXX      qt/test/test_bitcoin_qt-util.o
  CXX      qt/test/test_bitcoin_qt-addressbooktests.o
  CXX      qt/test/test_bitcoin_qt-wallettests.o
  CXX      qt/test/test_bitcoin_qt-moc_apptests.o
  CXX      qt/test/test_bitcoin_qt-moc_optiontests.o
  CXX      qt/test/test_bitcoin_qt-moc_rpcnestedtests.o
  CXX      qt/test/test_bitcoin_qt-moc_uritests.o
  CXX      qt/test/test_bitcoin_qt-moc_addressbooktests.o
  CXX      qt/test/test_bitcoin_qt-moc_wallettests.o
  CXX      wallet/test/fuzz/test_fuzz_fuzz-coinselection.o
  CXX      wallet/test/fuzz/test_fuzz_fuzz-parse_iso8601.o
  CXX      wallet/test/fuzz/test_fuzz_fuzz-notifications.o
  CXX      test/fuzz/fuzz-addition_overflow.o
  CXX      test/fuzz/fuzz-addrman.o
  CXX      test/fuzz/fuzz-asmap.o
  CXX      test/fuzz/fuzz-asmap_direct.o
  CXX      test/fuzz/fuzz-autofile.o
  CXX      test/fuzz/fuzz-banman.o
  CXX      test/fuzz/fuzz-base_encode_decode.o
  CXX      test/fuzz/fuzz-bech32.o
  CXX      test/fuzz/fuzz-bitdeque.o
  CXX      test/fuzz/fuzz-block.o
  CXX      test/fuzz/fuzz-block_header.o
  CXX      test/fuzz/fuzz-blockfilter.o
  CXX      test/fuzz/fuzz-bloom_filter.o
  CXX      test/fuzz/fuzz-buffered_file.o
  CXX      test/fuzz/fuzz-chain.o
  CXX      test/fuzz/fuzz-checkqueue.o
  CXX      test/fuzz/fuzz-coins_view.o
  CXX      test/fuzz/fuzz-connman.o
  CXX      test/fuzz/fuzz-crypto.o
  CXX      test/fuzz/fuzz-crypto_aes256.o
  CXX      test/fuzz/fuzz-crypto_aes256cbc.o
  CXX      test/fuzz/fuzz-crypto_chacha20.o
  CXX      test/fuzz/fuzz-crypto_chacha20_poly1305_aead.o
  CXX      test/fuzz/fuzz-crypto_common.o
  CXX      test/fuzz/fuzz-crypto_diff_fuzz_chacha20.o
  CXX      test/fuzz/fuzz-crypto_hkdf_hmac_sha256_l32.o
  CXX      test/fuzz/fuzz-crypto_poly1305.o
  CXX      test/fuzz/fuzz-cuckoocache.o
  CXX      test/fuzz/fuzz-decode_tx.o
  CXX      test/fuzz/fuzz-descriptor_parse.o
  CXX      test/fuzz/fuzz-deserialize.o
  CXX      test/fuzz/fuzz-eval_script.o
  CXX      test/fuzz/fuzz-fee_rate.o
  CXX      test/fuzz/fuzz-fees.o
  CXX      test/fuzz/fuzz-flatfile.o
  CXX      test/fuzz/fuzz-float.o
  CXX      test/fuzz/fuzz-golomb_rice.o
  CXX      test/fuzz/fuzz-hex.o
  CXX      test/fuzz/fuzz-http_request.o
  CXX      test/fuzz/fuzz-i2p.o
  CXX      test/fuzz/fuzz-integer.o
  CXX      test/fuzz/fuzz-key.o
  CXX      test/fuzz/fuzz-key_io.o
  CXX      test/fuzz/fuzz-kitchen_sink.o
  CXX      test/fuzz/fuzz-load_external_block_file.o
  CXX      test/fuzz/fuzz-locale.o
  CXX      test/fuzz/fuzz-merkleblock.o
  CXX      test/fuzz/fuzz-message.o
  CXX      test/fuzz/fuzz-miniscript.o
  CXX      test/fuzz/fuzz-minisketch.o
  CXX      test/fuzz/fuzz-muhash.o
  CXX      test/fuzz/fuzz-multiplication_overflow.o
  CXX      test/fuzz/fuzz-net.o
  CXX      test/fuzz/fuzz-net_permissions.o
  CXX      test/fuzz/fuzz-netaddress.o
  CXX      test/fuzz/fuzz-netbase_dns_lookup.o
  CXX      test/fuzz/fuzz-node_eviction.o
  CXX      test/fuzz/fuzz-p2p_transport_serialization.o
  CXX      test/fuzz/fuzz-parse_hd_keypath.o
  CXX      test/fuzz/fuzz-parse_numbers.o
  CXX      test/fuzz/fuzz-parse_script.o
  CXX      test/fuzz/fuzz-parse_univalue.o
  CXX      test/fuzz/fuzz-policy_estimator.o
  CXX      test/fuzz/fuzz-policy_estimator_io.o
  CXX      test/fuzz/fuzz-pow.o
  CXX      test/fuzz/fuzz-prevector.o
  CXX      test/fuzz/fuzz-primitives_transaction.o
  CXX      test/fuzz/fuzz-process_message.o
  CXX      test/fuzz/fuzz-process_messages.o
  CXX      test/fuzz/fuzz-protocol.o
  CXX      test/fuzz/fuzz-psbt.o
  CXX      test/fuzz/fuzz-random.o
  CXX      test/fuzz/fuzz-rbf.o
  CXX      test/fuzz/fuzz-rolling_bloom_filter.o
  CXX      test/fuzz/fuzz-rpc.o
  CXX      test/fuzz/fuzz-script.o
  CXX      test/fuzz/fuzz-script_assets_test_minimizer.o
  CXX      test/fuzz/fuzz-script_bitcoin_consensus.o
  CXX      test/fuzz/fuzz-script_descriptor_cache.o
  CXX      test/fuzz/fuzz-script_flags.o
  CXX      test/fuzz/fuzz-script_format.o
  CXX      test/fuzz/fuzz-script_interpreter.o
  CXX      test/fuzz/fuzz-script_ops.o
  CXX      test/fuzz/fuzz-script_sigcache.o
  CXX      test/fuzz/fuzz-script_sign.o
  CXX      test/fuzz/fuzz-scriptnum_ops.o
  CXX      test/fuzz/fuzz-secp256k1_ec_seckey_import_export_der.o
  CXX      test/fuzz/fuzz-secp256k1_ecdsa_signature_parse_der_lax.o
  CXX      test/fuzz/fuzz-signature_checker.o
  CXX      test/fuzz/fuzz-signet.o
  CXX      test/fuzz/fuzz-socks5.o
  CXX      test/fuzz/fuzz-span.o
  CXX      test/fuzz/fuzz-spanparsing.o
  CXX      test/fuzz/fuzz-string.o
  CXX      test/fuzz/fuzz-strprintf.o
  CXX      test/fuzz/fuzz-system.o
  CXX      test/fuzz/fuzz-timedata.o
  CXX      test/fuzz/fuzz-torcontrol.o
  CXX      test/fuzz/fuzz-transaction.o
  CXX      test/fuzz/fuzz-tx_in.o
  CXX      test/fuzz/fuzz-tx_out.o
  CXX      test/fuzz/fuzz-tx_pool.o
  CXX      test/fuzz/fuzz-txorphan.o
  CXX      test/fuzz/fuzz-txrequest.o
  CXX      test/fuzz/fuzz-utxo_snapshot.o
  CXX      test/fuzz/fuzz-validation_load_mempool.o
  CXX      test/fuzz/fuzz-versionbits.o
  CXX      test/fuzz/libtest_fuzz_a-fuzz.o
  CXX      test/fuzz/libtest_fuzz_a-util.o
  CXX      test/fuzz/util/libtest_fuzz_a-mempool.o
  CXX      univalue/test/object-object.o
  CXX      univalue/test/unitester-unitester.o
  CXXLD    libbitcoinconsensus.la
  AR       libbitcoin_node.a
/tmp/cirrus-ci-build/depends/x86_64-apple-darwin/native/bin/x86_64-apple-darwin-ranlib: file: libbitcoin_node.a(libbitcoin_node_a-deploymentstatus.o) has no symbols
/tmp/cirrus-ci-build/depends/x86_64-apple-darwin/native/bin/x86_64-apple-darwin-ranlib: file: libbitcoin_node.a(libbitcoin_node_a-deploymentstatus.o) has no symbols
  AR       libbitcoin_wallet.a
  AR       libbitcoin_common.a
  AR       libbitcoin_util.a
/tmp/cirrus-ci-build/depends/x86_64-apple-darwin/native/bin/x86_64-apple-darwin-ranlib: file: libbitcoin_util.a(libbitcoin_util_a-sync.o) has no symbols
/tmp/cirrus-ci-build/depends/x86_64-apple-darwin/native/bin/x86_64-apple-darwin-ranlib: file: libbitcoin_util.a(libbitcoin_util_a-sync.o) has no symbols
  CXXLD    libunivalue.la
  AR       libbitcoin_zmq.a
  AR       libbitcoin_consensus.a
  CXXLD    crypto/libbitcoin_crypto_base.la
  CXXLD    crypto/libbitcoin_crypto_sse41.la
  CXXLD    crypto/libbitcoin_crypto_avx2.la
  CXXLD    crypto/libbitcoin_crypto_x86_shani.la
  CXXLD    leveldb/libleveldb.la
  CXXLD    crc32c/libcrc32c.la
  CXXLD    leveldb/libmemenv.la
  AR       libbitcoin_cli.a
  CXXLD    bitcoin-tx
  CXXLD    bitcoin-wallet
  CXXLD    bitcoin-util
  AR       libtest_util.a
  AR       minisketch/libminisketch.a
  CXXLD    bench/bench_bitcoin
  CXX      qt/bitcoin_qt-main.o
  CXX      init/qt_bitcoin_qt-bitcoin-qt.o
  CXX      qt/libbitcoinqt_a-bantablemodel.o
  CXX      qt/libbitcoinqt_a-bitcoin.o
  CXX      qt/libbitcoinqt_a-bitcoinaddressvalidator.o
  CXX      qt/libbitcoinqt_a-bitcoinamountfield.o
  CXX      qt/libbitcoinqt_a-bitcoingui.o
  CXX      qt/libbitcoinqt_a-bitcoinunits.o
  CXX      qt/libbitcoinqt_a-clientmodel.o
  CXX      qt/libbitcoinqt_a-csvmodelwriter.o
  CXX      qt/libbitcoinqt_a-guiutil.o
  CXX      qt/libbitcoinqt_a-initexecutor.o
  CXX      qt/libbitcoinqt_a-intro.o
  CXX      qt/libbitcoinqt_a-modaloverlay.o
  CXX      qt/libbitcoinqt_a-networkstyle.o
  CXX      qt/libbitcoinqt_a-notificator.o
  CXX      qt/libbitcoinqt_a-optionsdialog.o
  CXX      qt/libbitcoinqt_a-optionsmodel.o
  CXX      qt/libbitcoinqt_a-peertablemodel.o
  CXX      qt/libbitcoinqt_a-peertablesortproxy.o
  CXX      qt/libbitcoinqt_a-platformstyle.o
  CXX      qt/libbitcoinqt_a-qvalidatedlineedit.o
  CXX      qt/libbitcoinqt_a-qvaluecombobox.o
  CXX      qt/libbitcoinqt_a-rpcconsole.o
  CXX      qt/libbitcoinqt_a-splashscreen.o
  CXX      qt/libbitcoinqt_a-trafficgraphwidget.o
  CXX      qt/libbitcoinqt_a-utilitydialog.o
  CXX      qt/libbitcoinqt_a-addressbookpage.o
  CXX      qt/libbitcoinqt_a-addresstablemodel.o
  CXX      qt/libbitcoinqt_a-askpassphrasedialog.o
  CXX      qt/libbitcoinqt_a-coincontroldialog.o
  CXX      qt/libbitcoinqt_a-coincontroltreewidget.o
  CXX      qt/libbitcoinqt_a-createwalletdialog.o
  CXX      qt/libbitcoinqt_a-editaddressdialog.o
  CXX      qt/libbitcoinqt_a-openuridialog.o
  CXX      qt/libbitcoinqt_a-overviewpage.o
  CXX      qt/libbitcoinqt_a-paymentserver.o
  CXX      qt/libbitcoinqt_a-psbtoperationsdialog.o
  CXX      qt/libbitcoinqt_a-qrimagewidget.o
  CXX      qt/libbitcoinqt_a-receivecoinsdialog.o
  CXX      qt/libbitcoinqt_a-receiverequestdialog.o
  CXX      qt/libbitcoinqt_a-recentrequeststablemodel.o
  CXX      qt/libbitcoinqt_a-sendcoinsdialog.o
  CXX      qt/libbitcoinqt_a-sendcoinsentry.o
  CXX      qt/libbitcoinqt_a-signverifymessagedialog.o
  CXX      qt/libbitcoinqt_a-transactiondesc.o
  CXX      qt/libbitcoinqt_a-transactiondescdialog.o
  CXX      qt/libbitcoinqt_a-transactionfilterproxy.o
  CXX      qt/libbitcoinqt_a-transactionoverviewwidget.o
  CXX      qt/libbitcoinqt_a-transactionrecord.o
  CXX      qt/libbitcoinqt_a-transactiontablemodel.o
  CXX      qt/libbitcoinqt_a-transactionview.o
  CXX      qt/libbitcoinqt_a-walletcontroller.o
  CXX      qt/libbitcoinqt_a-walletframe.o
  CXX      qt/libbitcoinqt_a-walletmodel.o
  CXX      qt/libbitcoinqt_a-walletmodeltransaction.o
  CXX      qt/libbitcoinqt_a-walletview.o
  OBJCXX   qt/libbitcoinqt_a-macdockiconhandler.o
  OBJCXX   qt/libbitcoinqt_a-macnotificationhandler.o
  OBJCXX   qt/libbitcoinqt_a-macos_appnap.o
  CXX      qt/libbitcoinqt_a-moc_addressbookpage.o
  CXX      qt/libbitcoinqt_a-moc_addresstablemodel.o
  CXX      qt/libbitcoinqt_a-moc_askpassphrasedialog.o
  CXX      qt/libbitcoinqt_a-moc_createwalletdialog.o
  CXX      qt/libbitcoinqt_a-moc_bantablemodel.o
  CXX      qt/libbitcoinqt_a-moc_bitcoin.o
  CXX      qt/libbitcoinqt_a-moc_bitcoinaddressvalidator.o
  CXX      qt/libbitcoinqt_a-moc_bitcoinamountfield.o
  CXX      qt/libbitcoinqt_a-moc_bitcoingui.o
  CXX      qt/libbitcoinqt_a-moc_bitcoinunits.o
  CXX      qt/libbitcoinqt_a-moc_clientmodel.o
  CXX      qt/libbitcoinqt_a-moc_coincontroldialog.o
  CXX      qt/libbitcoinqt_a-moc_coincontroltreewidget.o
  CXX      qt/libbitcoinqt_a-moc_csvmodelwriter.o
  CXX      qt/libbitcoinqt_a-moc_editaddressdialog.o
  CXX      qt/libbitcoinqt_a-moc_guiutil.o
  CXX      qt/libbitcoinqt_a-moc_initexecutor.o
  CXX      qt/libbitcoinqt_a-moc_intro.o
  CXX      qt/libbitcoinqt_a-moc_macdockiconhandler.o
  CXX      qt/libbitcoinqt_a-moc_macnotificationhandler.o
  CXX      qt/libbitcoinqt_a-moc_modaloverlay.o
  CXX      qt/libbitcoinqt_a-moc_notificator.o
  CXX      qt/libbitcoinqt_a-moc_openuridialog.o
  CXX      qt/libbitcoinqt_a-moc_optionsdialog.o
  CXX      qt/libbitcoinqt_a-moc_optionsmodel.o
  CXX      qt/libbitcoinqt_a-moc_overviewpage.o
  CXX      qt/libbitcoinqt_a-moc_peertablemodel.o
  CXX      qt/libbitcoinqt_a-moc_peertablesortproxy.o
  CXX      qt/libbitcoinqt_a-moc_paymentserver.o
  CXX      qt/libbitcoinqt_a-moc_psbtoperationsdialog.o
  CXX      qt/libbitcoinqt_a-moc_qrimagewidget.o
  CXX      qt/libbitcoinqt_a-moc_qvalidatedlineedit.o
  CXX      qt/libbitcoinqt_a-moc_qvaluecombobox.o
  CXX      qt/libbitcoinqt_a-moc_receivecoinsdialog.o
  CXX      qt/libbitcoinqt_a-moc_receiverequestdialog.o
  CXX      qt/libbitcoinqt_a-moc_recentrequeststablemodel.o
  CXX      qt/libbitcoinqt_a-moc_rpcconsole.o
  CXX      qt/libbitcoinqt_a-moc_sendcoinsdialog.o
  CXX      qt/libbitcoinqt_a-moc_sendcoinsentry.o
  CXX      qt/libbitcoinqt_a-moc_signverifymessagedialog.o
  CXX      qt/libbitcoinqt_a-moc_splashscreen.o
  CXX      qt/libbitcoinqt_a-moc_trafficgraphwidget.o
  CXX      qt/libbitcoinqt_a-moc_transactiondesc.o
  CXX      qt/libbitcoinqt_a-moc_transactiondescdialog.o
  CXX      qt/libbitcoinqt_a-moc_transactionfilterproxy.o
  CXX      qt/libbitcoinqt_a-moc_transactionoverviewwidget.o
  CXX      qt/libbitcoinqt_a-moc_transactiontablemodel.o
  CXX      qt/libbitcoinqt_a-moc_transactionview.o
  CXX      qt/libbitcoinqt_a-moc_utilitydialog.o
  CXX      qt/libbitcoinqt_a-moc_walletcontroller.o
  CXX      qt/libbitcoinqt_a-moc_walletframe.o
  CXX      qt/libbitcoinqt_a-moc_walletmodel.o
  CXX      qt/libbitcoinqt_a-moc_walletview.o
  CXX      qt/libbitcoinqt_a-qrc_bitcoin.o
  CXX      qt/libbitcoinqt_a-qrc_bitcoin_locale.o
  CXXLD    minisketch/test
  AR       libtest_fuzz.a
  CXXLD    univalue/test/object
  CXXLD    univalue/test/unitester
  CXXLD    bitcoind
  CXXLD    bitcoin-cli
  CXXLD    test/test_bitcoin
  CXXLD    test/fuzz/fuzz

Timed out!