SHA for cache folders (/tmp/ccache_dir) is 'fa80333981dee3656db7f20f419fc2667b802f5068f856ebd7c6ef9d4c8ce9e1'
Cache ccache has changed!
List of changes for cache folders (/tmp/ccache_dir):
created: 0/9/167642f9de86e8d593216672756c5f-4742056.o
created: 7/c/3d2ea6e4741f98de194cfb3167cc59-8071.manifest
created: 8/7/8511b0743d09132a9c9ace576c6c65-2310526.o
created: d/0/3935bd2e58a96a6ef77723df163747-3261.manifest
created: d/2/5b863d245c2eca79829ef052fa9906-9195.manifest
modified: f/2/64de40e8a033d8e82856bac131835f-107394.manifest
created: 9/4/a2cda0af1cf5b74a8bc5edc0a1e4f5-4745073.o
created: c/b/87fff23ea7e30c0c3629e369d2da90-5262754.o
modified: c/d/cee9726d4f97383752bde6c7e6a099-2473.manifest
modified: 2/0/f02ca1307b61da5195225e3cb6ab21-3690.manifest
created: 2/6/3597d8795a5f70b19c78a98f48ed50-5510533.o
created: 5/8/c1ba191a617aa0c076fcd0767a8add-439488.o
modified: a/6/52794c24acbd177e88717c4adc2973-3326.manifest
modified: e/f/c6f853468895073baad0e58ab07b9a-2172.manifest
created: f/c/7f3270ddd2394dc716f55f7b580c0a-5387377.o
modified: 1/3/6cd297862ee396e7d0e0d8659d660a-8694.manifest
created: 1/3/cc4becf8b3cb0d5879212564f19cbb-5203864.o
modified: 1/a/05c6145054e94c8e6dc53aaee99acd-14902.manifest
modified: 7/1/38c1e36d9a9c0bdffa23212c5605ba-9025.manifest
modified: 0/a/e614c60a857d565570d15e27d6914a-3068.manifest
created: 2/c/6cf86bf54cd11d845a9c5a0c17f3fb-24499.manifest
modified: 9/c/bd763cdd33c4eb32c299360b725717-14585.manifest
modified: 7/5/22f2363ff8f475942e6b0d95e1fcf4-19728.manifest
created: 2/2/5b58ab566c78ba4b4988468da0c830-5190269.o
created: 9/8/3c5c865d51109f4cfd785a1304b197-4746373.o
modified: d/9/a9b39777ec1082e1c2375e79bd77e1-16283.manifest
modified: 2/c/c8402ca40bc97ff1585043a2971607-10455.manifest
created: 5/f/3373530cf4650dc269a4c002095b8b-654042.o
modified: 9/2/98f3d9dff43d3470f3cd086d322543-10502.manifest
modified: 6/8/680f61c4b468f3cd0748fad2f8daa1-31601.manifest
modified: f/2/e7f6fb317e0e3be16ac3cfceada54f-16122.manifest
created: 4/8/4b9e909a7716320682d8c7deb4026a-4756214.o
created: 2/9/5e8dba30fc4f5e4058aeaa554d5c32-2017.manifest
modified: 5/c/ca9a6cac160eaf8820bb594740d58f-7117.manifest
created: 9/9/94fdd83249fb3609f9a999017fffed-5242075.o
created: 1/0/7f98befa7f812ae81118bd16a4a2fb-4886940.o
created: 5/6/2ac880ba3f16b9a410a6d2cd0326a4-2562025.o
modified: 6/5/de867b12ebf1036a92795286d71b35-3337.manifest
modified: 7/8/88dc2958f33516ecac98e514c953c8-4754.manifest
created: a/0/02433f587dc36c893b69536df53c6c-4849843.o
modified: f/8/b43742d0bb888b833aa447f341b324-2406.manifest
modified: 1/stats
modified: 8/5/fd3eefa2b87a20816719f7d9a5ed65-2977.manifest
created: 2/7/efb8fbd9041887c8096735576bee1c-21178.manifest
created: 3/e/eb43ae285c9e367e6173e5692c08a4-4768168.o
created: 4/f/fbb3bbb67bd600e307beadaef04c73-4743459.o
created: d/0/cfa65e7633343519311ff88602ddc1-36268.manifest
created: 1/5/265e1a2d7ead95856cef24bfd24f53-5474049.o
created: 4/0/151ba33416c339ca61c0bcb1264f43-5319553.o
modified: 7/4/f466cbbf1c4213f1954792b330c24f-5792.manifest
created: 9/4/54343ff8835e871a64a0b2e5da8686-2225441.o
created: 2/a/0523e55a5bb85795f1486945917944-7816.manifest
modified: 5/f/57de4a3603050f78f78a3d688fe39d-4948.manifest
created: d/f/923e99091f2d053947d9baf435cc03-4752003.o
modified: 5/0/103ce7897c692e9a45ee95fdc1590f-50548.manifest
created: 5/9/1d839ab6a61a51a8f07497621a9392-3071121.o
created: 6/4/2ef23a168b07cbe36618955d617f27-3011480.o
created: b/5/5372e2f0491ed9af617713cf0a8fb7-7690695.o
modified: f/2/6c7eed874bda36b8e1763667f92636-2357.manifest
modified: 5/3/6c73a1235fc8a140012de78db6bd4a-6904.manifest
created: 7/e/83e601e7c010d3c584d595d96ad4d0-4742429.o
created: f/f/389b082dee609c7898a9e9e36cdf4b-4842418.o
modified: 5/7/98cfd922d7ab49edd2ed24f2362562-7218.manifest
created: 7/6/4e1ea60b83e4eac5a7f410ef2861d1-4743118.o
created: 7/a/db05b660f879b1fbc749e3108da2c5-13627.manifest
created: c/c/fbfb4068a3ac48736711c4608794cd-4803974.o
modified: 8/e/8e1346e6028635836f9101bb7af519-2524.manifest
created: 1/0/fd0749ffee7642a3dece345a54fbea-5412545.o
modified: f/4/be2149e391e5c6deb2ecd834346696-3303.manifest
created: 2/9/ba7d8810a8936831a238b4d154562f-2451213.o
created: 2/d/5d97b0e056ae58850b7b26360c0124-2132.manifest
created: 3/4/12ab4146e409c6d0a7334fddf81d91-4683765.o
created: 9/0/cbd8fe15dbcf2937e5411ead2b1cf3-4740948.o
created: 5/b/7d40687218a8ee7aae23637d3d38fa-7868.manifest
modified: c/8/2768bf702fc1de778dc3fb661df893-13327.manifest
created: d/f/a72b3d5d99d43a42ef370c1fd9e3ac-2423133.o
modified: 7/8/cf953a088564f31612cf29b7fd4ee4-13379.manifest
modified: 9/0/0c67fa318dc728fc7960807720b94e-2707.manifest
created: d/1/598314a62a2a7e157e79bbe9896931-2000307.o
created: d/e/7df1a5be8d0a76a2217bffe1f78ec3-4730621.o
created: 1/5/1f761664f7ee0f3186c4039c8b3825-32272.manifest
created: 2/a/e56ca4852e3fb5c8e34aeb43bd2428-17786.manifest
created: 4/9/013eab6c559f2a2c0d00a3a3047dc4-3156855.o
created: 4/d/600c4805c7bd571876acd98a372d42-5130934.o
created: 5/3/a60b6b040aec87e1b814706151efaf-4749065.o
created: 2/b/7da08a8928a163342b6bfe4e7999c7-4233.manifest
created: 8/d/0212ec8ec147c63c71005f57c49b20-5118994.o
modified: c/8/9bd716a958fa75668483910cedbd37-2772.manifest
modified: 8/5/55603fdeeab8250faca9a0f7006efb-3265.manifest
modified: a/stats
modified: 3/1/06569badc989a1706c1267a6d319d1-4216.manifest
created: 4/e/84eb231e3e0c5b04608d82388cdbbc-4868443.o
modified: 6/b/4b5a9652c48e628bf05b668f727586-19586.manifest
created: 7/7/7fc2eed66ef1914606678daa392539-6111093.o
created: 8/5/62c0d0f69e808634a75d91b0963469-5186154.o
modified: c/4/b8a84e6752e25f1616366f0d17c3d6-2693.manifest
created: d/3/29bcb590afba8cde30d4393f5f3235-2438099.o
created: 8/6/86d0414391545249eea5026e109008-14222.manifest
modified: 9/e/60bba29219620fac8d31f841bf1e37-20817.manifest
created: f/f/b7026d18074b1d5c60b04f50ea0c65-6111618.o
created: 8/f/30debd32830e7538244b20a0eaf53d-2914699.o
modified: 9/4/1ae97c63ad688e66184497827749d6-4156.manifest
created: b/9/99057a5e6b859f1d5fafcecc80ee6c-4732400.o
created: 1/0/a43c6e2cf9bfd708554c025860ab43-5324473.o
modified: 5/4/7f24d3e6e3d3ba8fa808be3c1e4a46-13531.manifest
created: 6/5/32aa5b3f4c83c26a7695f3ed9f67c3-4000854.o
created: b/2/eca430ea03514cdcc38cc11ebf2fe7-4785662.o
created: 8/b/617c67ea327bc086ce78d9c160454b-3073561.o
created: d/f/dd9f654b6b3470c5eb1f67475b6147-6358353.o
modified: d/b/b77e8cd376384b0db35c8f44616056-5703.manifest
created: d/7/9f4a1205dff9d14d4845d50114ba67-5135764.o
created: 3/9/f6321edecf6e8b79eecea4ea6e2d4e-4746566.o
created: 5/1/fba1ea7c1166f0ba6128b020db47f6-5242590.o
created: d/9/deb4ca1bf87a1880b825600552d949-652523.o
modified: 7/9/a84dfe95e7ce5e0e43c6765174ca9f-9534.manifest
created: f/4/21df393ad923ec7b19ac11d5f2105b-7023904.o
modified: 3/c/366e2f45e071e464c09927dbf007b9-16256.manifest
modified: 4/6/08459f8e5a4490ee4ed7e9442a0398-12050.manifest
modified: 6/5/7d543b56fbdabe60e1653cbc963924-20003.manifest
created: 2/e/f00a324530f844fec3005118cb44b4-47165.manifest
created: 5/e/35f1cbcbb97d51ed19905d7e8a7dfe-5107606.o
modified: 9/e/8c23be05afa746ae02ea2755f50999-7714.manifest
modified: 5/b/d982da9cb646d3353ac0f658906b49-8978.manifest
created: c/6/133bf921a4b1c467512e1480479722-4805047.o
modified: e/a/4d274e19cc792702c28f13d3413ee4-3145.manifest
modified: 1/0/53c8d43f38842752eba0ff07747804-4419.manifest
created: 6/5/93812f04f67633b3931f4fb0b6b266-5257616.o
created: d/9/dfe65ca2d0d41b704e4b423c1bcc34-5318813.o
created: d/4/95e4f1416b9fc83e71968ffcc53331-3124744.o
modified: 8/2/09f6ec0f2c7277211272d3e2d36b11-3359.manifest
modified: 7/2/47023eabd20e919aad53d07c4dd40a-3297.manifest
created: 9/e/8a77ea3405bc1183bf265feee32837-4668814.o
modified: e/0/5d9235d0cc2dfa67c1a640330bc17d-58009.manifest
created: 7/8/92f0337950f548b9e062e632b0a0c6-4746528.o
created: c/0/4b7c30351bebf7ff99893ff63b9567-4720864.o
created: 2/b/1e0dc85baa9eaf164d4d83ab09c49f-2405173.o
modified: 6/0/99b877e55cb42b05f6f9bfa2c92e5f-2861.manifest
created: d/0/91c42b67007044b63abad791253bd9-3393.manifest
created: 1/1/e79e4ca49044a7e9137120d8ac4ad5-4743259.o
created: 7/a/7b44a4ff8237b6831b501c88a1cec1-2438099.o
created: 9/2/3cd2b1f2b9ba34f5104752a1943ceb-6800266.o
modified: c/7/3d0f70bf7712a32a54adbd680e6293-23885.manifest
modified: e/9/67b71d1b61e541addd1c30836e208f-5811.manifest
created: 2/d/424dcb51a20feaee6df808070b612a-1812.manifest
created: 3/c/0503186dfad077c2152d52471e8717-4775151.o
modified: 1/5/91ac2d973fdc11ee3d197414a556f9-4177.manifest
created: 2/f/f58fd1c34a570f07c6d97b5aa834df-6882050.o
created: 5/5/a4e3708b5c1593b4ecb1a04770dfc3-2819.manifest
created: 8/e/4541edccac191bf7ccb0a7e65f28a8-9934.manifest
created: 3/d/db4ea1f9f2a103928e1cefc754df4c-4763894.o
created: 5/a/fc4d5f731ab1da228538d49606d2d5-4784437.o
modified: 8/0/403ecca38cd8bd80358a0722a64302-6510.manifest
modified: 4/d/54dc4fb38ecf90c043e4e245a7d84b-3073.manifest
modified: 5/b/ae7d852e70ccf0b3355f1991cf295a-1942.manifest
created: 8/c/9f864f869bb3c99fbfaf44d1b9ddd7-4741997.o
modified: 2/9/b80034d07a6d206937a42995f05b44-4141.manifest
modified: 4/1/0ed6df1cbead49d1e6717ef760e80e-37986.manifest
modified: 9/d/2dd7559887d0bbd1f0b86bc4ef5192-18728.manifest
modified: d/d/84e0fa86b034302d6e3045fd94f9dd-3688.manifest
modified: a/a/b59c939d6f68c73b4bb1b2096a83e8-11841.manifest
created: c/6/c1d7de7f33d5470d78764b65bfcba1-7011921.o
created: e/9/cf973c8ebca784d0178e960c0b0756-1388.o
created: 2/7/78b58567b1fb24ef2cef799e741913-2106186.o
created: a/7/1bfa57bc77bd74a14e7a5e3a6371a2-4745036.o
created: b/7/50b979840eee58c0243ef04624a5a4-6888184.o
modified: d/f/82800011d61719401a2d778a354c8e-3030.manifest
created: a/c/a5a1a1265f49acd01787d3a25823e5-4778190.o
modified: e/7/96e9c622e468d162588ed55a6d05ab-2649.manifest
created: 4/2/cd411d4bfbbe70b065c04a0f9d9864-4742441.o
created: d/a/33154624b9b67a71475475fba335a7-3447459.o
created: 9/2/cf48f6e8227a80b23c2ece5315db5b-4777574.o
modified: c/4/e147f7972445a3b85106d3e6e4c365-9325.manifest
created: d/1/3d747dab2e6eb75eeedae82fca5616-14620.manifest
created: 6/9/5421668db2639ccfb3286ea26f0428-4133104.o
modified: e/7/8c2f3726442197e3696d65422f3ab7-19884.manifest
modified: 1/a/e990d6c526831226078d606882612a-11313.manifest
created: 2/e/9452ea029e327358048eff3d119e70-14351.manifest
modified: 5/f/d9153869858cda1f7d7608d7fe5d67-13500.manifest
modified: 9/6/ad04f15ad5663d7b6639c52e79d300-6026.manifest
created: 4/7/638de5adf4d17792b4a67c04744eb2-5200961.o
created: 5/8/1e0255066f3ddba82e5d568331f997-4780079.o
created: 9/1/8d17a42bd0fd946c444b0b45ceabd0-5695113.o
created: 3/3/f818ca6df5e22ec2b9b83df10d20ae-5164611.o
modified: c/f/61b508dc16acbbded5315ce6386daf-6822.manifest
created: d/4/3fa8e352f8ad6f507545e54ca37747-1771716.o
modified: 1/d/cd09c79a51ed80d68cd9194288759e-2940.manifest
modified: 2/7/3468c032594a6e7792c792447201ef-4039.manifest
created: 3/3/f6223e82f3b54fd0a9d65a41f251a7-5122084.o
modified: 5/8/cef9a031f9ea57751353f12a5f040d-11114.manifest
created: 2/9/42522b3dc38494a566245aca27b80f-5622.manifest
created: b/5/001b8ab92e2c6bad912867cd2fa0f2-6192212.o
created: d/5/282c0fa8760627a275d07c39663138-4788209.o
created: 0/4/407bde05714ee1a30a3157f5223de5-4744083.o
modified: 1/e/7e0fdbbb23b0314bd7796f340e5fc0-28485.manifest
created: 8/b/c7554bd6be65923a20614fa5145516-4743064.o
created: 9/0/207567764425fc42f8b5e2d3bf9ce6-4783321.o
created: 5/9/1a2f8af434d8abff7d6dbd911661ab-1793.manifest
modified: c/7/d2dd309f22a6239a0dab2a4e1aa814-16299.manifest
modified: 3/stats
modified: 3/0/6875a83e00a85059328c47a0a861e2-4565.manifest
modified: 6/d/e93dccc8891f8d77dec731fdf129ba-2788.manifest
created: e/f/2a6d5b4eee475fe1afb23afa78b0a7-5143883.o
created: b/e/3222b8ba9a8cf7866e2dcb7b4911f9-5146222.o
modified: 1/e/600bc36ba9607a3a20c2db3be1c972-8308.manifest
created: 1/f/7f9ef9d718ee53f2e1f4e4acd0ac3e-16023.manifest
created: 6/8/31042676e66d256693d4c0a587508f-4888692.o
modified: 7/8/b26d2cf91d0561f76a6f2bc4e4e212-4057.manifest
modified: a/8/f5726332adfbbeadab0ee911b9d112-31043.manifest
created: f/6/1df0b5a573e3c569ae8e419c29de84-4720251.o
created: 2/3/ddd6531be439b15257345e896496a8-3100148.o
modified: 2/9/ef2c2e8dc707d1bc67a8b1ed7a8d6d-6613.manifest
created: e/3/a3182191d9ad2737a34d522c8105e5-2791069.o
created: 3/5/bc6e7a61c070f48c7b939b57c1f3f8-4741030.o
created: 4/0/683b5d23e712f7fec2aa9d78624371-4751480.o
modified: 8/0/d206e434183aa96a7cd5eab8f5e0ae-10299.manifest
modified: b/a/de2004f3314577af3d254eabff9d19-11593.manifest
created: 1/7/28fc409fab6ca1f1f8d62c9c430fbb-8372.manifest
created: 2/a/ac88cb4c3b94f5f439ec35cd4835f6-1829905.o
created: 7/d/b425542929313bf79c1fd57394e8a4-2263961.o
created: 5/5/33827b519c033deb284dc3c973138f-4885074.o
created: c/5/7cb2486fd5b7e912562c1fdc2509e7-2831505.o
created: d/0/db15c691695109ca66e72acfdf6c7b-4742494.o
created: 2/f/8d5373f76f7a315d3ea7e46ad5e1d5-5246922.o
modified: 7/f/f38491b0f6160d4ebd8a97c607c9db-29611.manifest
modified: 8/stats
created: 5/a/f51a3f5dcd62779028037eef367b32-3144748.o
created: e/a/7d1dc9ac519a44fb556516a8ecdd5e-1577529.o
modified: e/c/4cf9ef1a5d419f8634073cbbe12977-17845.manifest
created: e/d/f4c3e9808cb12dfcb7ea7fad6d98ed-4742096.o
created: 0/5/cb74eb5a0524c5ddaf0bad61a680a7-6880155.o
modified: e/f/a617685c9fccfd44ce6244ff0c8751-2796.manifest
created: a/0/fd0b08d6f94582ae639b5de6cf2d49-4737152.o
created: d/d/09e3562a218777261536b134db8280-3016896.o
created: a/7/e67b6201968d0ce4eaac1de151bbac-4751220.o
created: c/6/ef936a95152a3a030241eed452e306-3550491.o
created: 2/6/8344084ff9d154ce6055a4ea2b39e5-21404.manifest
modified: 4/7/bb2da6473d9760ae389d5d0374498d-28129.manifest
modified: 9/2/86b53cb6e809fce25867a259e52a4c-10952.manifest
created: 2/9/673538bfb061a9e345c3d48ca288ce-4748728.o
created: 4/d/adb5e5d77d5aea787d509c942fe58c-4000033.o
created: a/d/b1ca15292b7dc60779a28755623c59-4743937.o
created: 0/8/8fb95c629f70d60e1b71689530d3d0-4823489.o
modified: 5/5/50a729b767979fdf8c9327844f1897-2338.manifest
modified: 7/7/a7aeddf9275df6502b4f33d1526122-3213.manifest
created: c/6/c15c3895ed715bb79374a4ae16a010-4745154.o
created: d/6/12852e656fb8daaeecbb97c17dd3c1-5178744.o
created: f/c/afa580ed3d5a85d18cc7c4b3424c38-5133843.o
modified: 0/d/b5a8d448a19a390bc1ca10fd7fcb00-4096.manifest
created: b/4/bc73267b9923704320497582f2d2a2-4787650.o
created: d/5/35fd173afe6551d6eccb6edde20ac4-1989349.o
modified: 2/f/998d5eb6ca447f7d541fc71729c91c-5334.manifest
created: 6/a/40ec18e42002a5ffcfee2b5eb24dbd-4775293.o
created: 7/2/3481a0269a83e99e5a1d9ae9e1bb16-5188775.o
modified: a/b/b0d3c03f4594206a03f84362a59ce5-16096.manifest
modified: 9/a/a43b4a9dd0fdf8b57bf62ddf9fc961-100989.manifest
created: 0/4/ca65838da6b9e86d2f7545abb1f19f-4785305.o
created: 5/5/36b4bbc16afe7e269615f0ba2d9c0a-4660515.o
modified: 9/9/ea8658f86a95e3fdae1876dc97098f-3889.manifest
created: a/8/ce0652ac8de837227c5057190b495a-4742284.o
created: 4/d/e3c668aa8be62f37eb4fcc090bbd6b-4037023.o
modified: 6/a/159a754cb5a3b00e3632a18b6f3cfb-16203.manifest
created: 7/d/315fd1453eb69f4b21c5e6a10f43bd-5324492.o
modified: 3/8/e48642f9af159e1ba9ce31e6b96032-2789.manifest
modified: c/0/36ca1a6c0e3d637f5f2ce2c8c45a50-3782.manifest
created: f/2/3f12888d05192d18a6bcf73df685ce-5961287.o
created: e/7/3986d377fa608648e867429f0d6541-2365848.o
created: 1/d/21fca20a45c8b4b483e19b68329fc3-2335.manifest
created: 8/0/ffcb30f53bc0f853d670f7d6a91be6-5143.manifest
modified: 8/1/e0fddfeffbd3cd452f91b080d57964-2987.manifest
modified: d/d/ac45561a8dbb1052d42f9a41f7380e-8956.manifest
created: 8/d/2ba705fb6ff9908ff5b840b5b1eb9f-4784903.o
created: f/b/277a7f7704a898040fa8dbdf26a6b8-5379182.o
created: 4/c/53e756e700893ae70147a09bbc4ec3-4742313.o
created: 7/a/7e131d8fe37a381e2ab05229b4c817-4028965.o
modified: 9/f/1abcb7bcac720820f8ad10cc8758f2-2797.manifest
created: 5/6/68d39bdc97143af9757e3f186efd8c-4743590.o
created: a/b/6b2252c41350086e08e69970d7cf2f-2370257.o
created: d/9/050669499f51c7a381fb5d087df2a7-648261.o
created: 9/2/2a3b4d602ebaf75914c700bc81d66c-5141991.o
modified: e/7/a86a5f188c2d5f6331dcec818c78e8-13297.manifest
modified: 0/stats
created: 2/6/7e44381eba4f6cef165d610bc34ac7-4742270.o
modified: 5/c/bf04c82f979ecc5a65d41d3ccb3e85-10334.manifest
created: 6/8/327c424f2a116df386044192ea3a49-4967256.o
modified: 8/5/c09ca9c7b8cc279cd6a931b435bba3-12798.manifest
modified: e/c/20af996b1571dc889fcf2b6a94c0f9-2609.manifest
created: 4/7/0f46459733766a2a5e8bfadb2255ca-6713003.o
modified: 5/9/8596cef55704559670070bc7e3c831-3093.manifest
created: d/2/c98a1b426a31c5d2b5de4c45b020d0-4990020.o
created: 2/a/1ff2e1f3e518dd09e9bfa92b7ff209-2411664.o
modified: a/3/a857f835bc2aa10e93d7388b06c4f0-3021.manifest
modified: 0/3/48edc54926fa044b13f90afc166d47-2207.manifest
created: 5/9/a3a117c6a78c97485ff771fe0d4fbc-7012165.o
created: 5/f/afc532df070a486be35e763f4559e9-4723347.o
modified: c/8/b2b46cb0e430a59090f18679f4b813-3829.manifest
modified: 5/stats
modified: 8/4/3322787dab877e866308541fd3c3dc-3806.manifest
created: 8/5/4ad8c6596b0aa19cfbc323ba618456-7066.manifest
created: b/9/dce1b2e8af9630bff5031f98260711-34707.manifest
created: 0/7/e10aa29c9e1eded711927eea80f17d-6894952.o
created: 2/1/1a6b65abbcbe1ca5d77955ec78dcd7-5224365.o
created: 8/2/61b1ffdfc3602a243b9571995080fa-4811098.o
created: d/1/824bd7a5c3ae263b68c3835396c396-15777.manifest
modified: 3/2/f7abb0b752f3f6d09487524a480084-2325.manifest
modified: 3/8/181a7e2ab29bf2fce5ac92885ee038-7476.manifest
created: 8/d/a4620748895d1cf5f5885670466bfb-5245668.o
modified: 9/0/c1295de888259e25de46674c9828eb-4952.manifest
modified: 8/2/20d492f9b7e39409a0c69b388c5682-31597.manifest
created: 8/f/e71aef44f6dad0cf1ebd4cf8a0c86d-3601.manifest
modified: 6/5/a7e40c66dc55c845b0239f2022ada9-16387.manifest
created: 8/2/72d300559fee261a3f801dbd1df84b-8599.manifest
created: 8/6/51b59abe9d51b66d8125d8f109e2f4-4793968.o
created: 2/0/d2fb49b0e9dfc7432e5444161cf206-3587.manifest
created: 2/f/f501c5646e05b620a8e302fb68ab36-5148543.o
modified: 5/a/cfd806cd7169385c2e67631da79826-3432.manifest
created: 3/e/3992b9d0c195194f231bc44ab5743c-4778950.o
modified: 4/stats
created: 5/8/addfa1bc0d3c75631fc5b63455bc7c-3048845.o
created: 6/1/669a4ef8bf3b9543034fbe4741e883-2554020.o
created: e/6/90562abd5cd85c94f621f1e9869c00-6418810.o
modified: 5/5/a0c6d6328cf63e0637a13105b37bae-14851.manifest
created: 9/1/a49cabfbe4cd12eaa69947d58dbaeb-5206495.o
created: a/7/5cc285956e76a0c1f9cd2e62ef8fb8-3962738.o
created: 8/0/fe5a910c371055661adacadac5f7f2-2990496.o
created: a/8/3546b31bf7a5f17cdf225d2aa170be-7929790.o
created: e/c/91e9908c25f7a7fb6a7a67938dd622-1707520.o
created: 8/5/c702f8bb0172da9deeecfebe43a54b-2486240.o
created: 8/f/9eb199f5e0b9dc3da4db402f22e925-4126097.o
modified: c/e/6e54ac84129b1c880d372d4428f73b-11637.manifest
modified: 2/9/726dc7f865c6fe0d08e159520f5f0f-3860.manifest
modified: 7/5/fe4f3d522a7eadad016ea14d1724ab-3130.manifest
created: 9/4/c30a7f2a3d51c01e9161967cc858ef-4783089.o
modified: c/a/e2c431ea45aa2374bad6cc78bfeabf-2057.manifest
modified: 9/2/2d1648b303e938cc8fb2cd1ab16823-4328.manifest
created: b/3/7465fd805e9a8f37c7af1554b3395e-3251.manifest
created: b/a/0dd674bddf697b7b76bf14a530c231-4727295.o
modified: 8/0/32f3acb71666b750680ab62c91dd2b-3403.manifest
created: d/5/fa65988b72b2ea99b36cb92c77abea-1652452.o
created: 3/5/94b96a31ff1ddccad68d44ac161914-5271518.o
modified: 9/3/0c1dc4aa0deaec3a6ee7d446d52025-10113.manifest
created: c/0/c7d567ed7926f24e3213af3971b79c-4803900.o
created: 4/9/19a2661a27d99dba23b21c07a9af9e-13994.manifest
modified: 9/7/9fe232076b76cd294a3370512ee257-2903.manifest
created: a/6/2e4b44e239eba48b88098a17d9e0e4-6900329.o
created: 7/6/2e12e46dd825bd3ce49c14f5aab229-2675603.o
modified: 9/5/45f548c1b2c3eea0647b9587554003-13257.manifest
modified: b/7/351d90a734eb11b2b5114698ff532d-18889.manifest
created: 1/c/c7dc4c22584b606de2ca7bc19a8c47-4743726.o
created: 5/3/2e87ed9933a43708a470c535ca3d5b-2418.manifest
created: 7/2/df3e6a09b0215228297bab41896ea1-5039898.o
created: d/c/0044c6a5234059cab1bac3986143f6-4635778.o
created: 2/c/dd16d4c50354576327d610132b741c-3492.manifest
created: 4/1/18b942c9f8602cf67043ce7f087319-4339.manifest
created: 8/2/5c352dfdedc8479c3802f796dbd15b-11775.manifest
modified: 8/6/10fa0b9c6c8a52a1163b63e9b41b5f-47383.manifest
modified: 0/a/ed8c7fd0a2f276e522fab230d715a2-4995.manifest
created: 8/b/805be9461870db5cddd93e91e068de-4612433.o
created: 8/d/7439f389d0b16311b588779ac759d6-698145.o
modified: 1/9/23f9c0037840fe462fc645eee869df-3145.manifest
created: 1/9/b76169c4904f1767bb009591b72fe9-5808044.o
created: 4/c/c211155e2d14d57f15297c8e8bf7c8-5143317.o
modified: 9/8/d29b37cf6971fa88bda9a92526bde0-10298.manifest
modified: 5/4/e994acef6250e26fb34001a47af3d4-12313.manifest
created: 8/7/931fa62db179a6216a34367e9456c3-3096008.o
modified: e/5/4a90c1c509297cf0a964ba59eee14f-2417.manifest
created: 4/e/f9c75f221aa20a7c8294f27702b1aa-43280.manifest
created: 5/5/1ad3e2f5563134d45eca1c6d891bfc-4158633.o
created: 5/f/c9095dba0061d2ab92ca888fad66c3-2178374.o
created: a/1/ce841f13b21adf77eaa442d4e08d70-5166736.o
created: a/7/5ccee731db868ed570b877742204c6-3186216.o
created: e/9/bcedf584b7fe540403b85035f8a2e4-3834547.o
modified: 5/0/a98998a9a2c03f569fb1a82b7d04ec-87773.manifest
modified: 7/5/894e0473532943c439a918be705ffa-5330.manifest
modified: 8/e/521389ccb5f84f9f3326f6b896b0c0-49170.manifest
modified: 3/f/9ebf4dc1c530c97c24faa530a530ce-3356.manifest
created: 4/7/8d2a3fa573f57b9f0e1962e09601ad-4781748.o
modified: f/6/701e435d9020476ae4ae93300c902c-8903.manifest
created: 2/4/36cceeb5a80198f5e4c1c5642b12c5-67568.o
modified: f/2/a8b2a97e0dc7d11361238af68a2505-4404.manifest
created: 0/3/01e85b31835e845f30d00f866cea83-6047127.o
modified: 4/8/424caa5df31d6e67e10cc2dba9b6fb-18132.manifest
modified: 6/d/c39145db6678a8e4da499a9662fef5-46340.manifest
created: 7/4/6ea40578b0dd2bfb5dcf8ec302b0ee-4742717.o
created: d/a/ba8e95dbd69d29a325bcafef1479a6-2849314.o
created: 1/c/03200d2bdcfd022f8ed54c18f7b03d-44464.o
modified: 2/b/addb5792dc21c19ca732df14715f6c-6791.manifest
created: 8/2/9579ccde42801c83ea08c2d0ae7459-2945663.o
modified: a/2/5db58f70a6d39dbe2794d57a6a4cc2-4126.manifest
created: a/3/2f57c946b58e41a1b86c6bf52e90d1-4711042.o
created: d/2/c28bce19e2fd219631fe085d55b18c-5885.manifest
created: 0/c/cc327eef37f3ccada6f19333cd292c-4743927.o
modified: 5/2/51cfd71f1dcba21d0acdafca4baf9f-5463.manifest
modified: b/b/03ba075995c939efae3fff11d4c73c-6651.manifest
modified: b/b/dd0fd80d3ba3736b95dd77701bd83f-5853.manifest
modified: 3/a/1ef016ef52ce346559a4687e880f78-13474.manifest
modified: 4/3/381d18feee02f70bed9b17540dbf3c-5593.manifest
modified: 7/9/5cea470ad8be2b7b9fbaf66a39dd05-27283.manifest
modified: 8/3/8c183f48fad180f5269d59bfab986f-24409.manifest
created: f/f/78c9322e3a53ff8ec2fb7c07d22636-5971795.o
created: 6/3/a16ff2debc7f638d9bbccae43f1ea4-5128207.o
modified: 9/stats
modified: 0/8/63cdb6634061cc3d91341908132d94-10718.manifest
created: 8/e/a5accb6eff7b2e661b43498bbeeca3-1937.manifest
created: 9/b/ea231a637212e1753297303538442f-5232345.o
created: d/8/15bd2cc4f6d233a9c07b43a4ad2803-4756092.o
created: 2/7/20e163a13e19c4517de166060b6cf1-2005287.o
modified: 5/d/2cd3f4e708f3a886fdf556fde5263f-3169.manifest
created: c/d/3196dcd2e929d76bef7383c5ca2d72-5416899.o
created: 6/b/8d86ca899d071f8aee201a2fe29afa-4752588.o
modified: e/c/abce57144b5e09a4f6e05dc2eeb8a1-8932.manifest
created: 0/f/4cf4c1d6c66b05667477f6a418b063-4755038.o
modified: 6/4/fed3aeafd8306302a810676ff7bbba-7471.manifest
created: 8/f/32c654aff8f6a17b4319714abca851-5108635.o
modified: 9/4/0132d0018bde6af129a4ee41849012-3466.manifest
created: d/2/e8d325135133794e0b113c09faca66-1841.manifest
created: 2/2/09552420a07709b691365b1d14734e-15066.manifest
created: 5/6/adcc0c9f2e418fead0cf4679b8e630-4759832.o
modified: 6/4/25c3d2d865a0451c15f9e7eecc786e-12709.manifest
created: e/f/f64f6f2459457a9117d8c2c11cecd7-5129625.o
modified: 2/1/78b7346ae38d0f7993ff034b7d8f8e-3596.manifest
created: b/0/89a7b2082f84fb6b06be88ed70dc7b-4692272.o
modified: c/5/513e55c79cf9403fb1bbf4a042f7ff-4635.manifest
created: e/f/0637feb97c61545cfcc34147bf93fc-4743513.o
created: 5/c/a9e54078482370476651a1c4dbd9e6-14587.manifest
modified: 9/8/f88f5658445f2ebc727e36791a47a6-3302.manifest
modified: a/e/61e3a5ef766b684ebbcd2aa12cfc1e-33053.manifest
created: c/9/21ee478c03a8cdef1311fd91088810-4742046.o
modified: 1/1/0fff62fa278f79974d81d08b71cddb-2291.manifest
modified: 2/2/f3f998e5e990f7c706bd4d38e13a2f-3636.manifest
created: 7/f/dad90148071d3a34518e5db357230e-3650806.o
created: 5/e/7f0fc0d4f4b1787f3e2973d1c3ef1a-4775885.o
modified: 9/e/ef7d1f345a2799874cd5353f8c411c-14916.manifest
created: d/a/36a4d9696a8de2ad302634b8b6b985-12378.manifest
created: a/5/fe46d8d625700d51b9b0bd46bd24ba-2711486.o
modified: c/a/33c9271242ce816453ab2d06a0bb1d-7787.manifest
modified: e/e/a60cf4205ffe44f5f1df401d0b2742-6684.manifest
modified: a/b/898a1408ee16bf96fc23553ecdd2f5-3374.manifest
created: d/9/b9bab5ae8710a3027fb5cc59b41285-2047559.o
created: e/b/44acf1609c512b2894214f20d0cbc8-5325572.o
created: 7/9/7e513ab640134ba94d001de4453460-1552760.o
modified: b/e/f52d8a30624978e763c766e0f8468f-5176.manifest
modified: c/2/44c70c017ac5011a91f1b9bb0c4953-17959.manifest
modified: 2/f/589fcdbbe2f62b9bcd6fa9684be772-6079.manifest
modified: 5/f/4770a1ad9028d97cc2edaeff1b12ae-3161.manifest
created: d/b/669bbeb6c897ee6fe741d42378c666-4656485.o
modified: d/0/8c5365ffab71b46ab19c15fa3fabba-5239.manifest
modified: d/c/991285cc6ccc25988dcbc5c76ae457-4306.manifest
created: e/a/fca1f59adf3c27a5441b3275db7a4a-43931.manifest
created: b/4/710dd628996f4825af3de18b1a1f58-6489023.o
created: 2/7/62133feec2d4049a5f3b5f54c53d71-2543.manifest
modified: 7/2/610b0d45cd34e653781aa1a405e1d0-6891.manifest
created: 2/1/dc88490b2996596f3df14115e94ba0-4741428.o
modified: 4/7/6b35c34c1cd613a142dfe40e62caff-6116.manifest
created: 5/9/a05bd7263c9f704f19a91407c825cd-4960747.o
modified: e/e/997a41f12b42d13392a1482ac6440c-6847.manifest
modified: 2/1/15b074ea377051aeb851a5a4e29fd3-4071.manifest
modified: 3/2/cfba09769bbabb0e0fffcf7373fff1-65208.manifest
created: 6/2/46aa82fd690b067a135f69b4472539-6702349.o
created: d/0/f67bc4034be7ed8255f0bc4782d413-4744043.o
modified: 4/7/becac7eb2fc7bae696b5fdf96ff7a5-9741.manifest
created: 9/5/361c67f52bc26ee898e75d0f35f8a4-4844299.o
created: c/7/33d981f25eef0559ebcedf5138401b-5199577.o
modified: 2/f/e4d9ba779fcf27df0ee855592f0982-3698.manifest
created: b/4/099e856ffaf9acb9b3b457871d6fe4-4742081.o
modified: 5/a/c3ae25348e2bc974edb8cc7edfbc75-10390.manifest
created: 9/2/e19f6b68c22a015ad49632bc4d2109-4764759.o
created: d/b/ef4e2eaa4ca5a490c4900594a132f5-2219495.o
created: e/3/1f01afd2f61c1a404c0296b30c2043-5295379.o
created: 3/c/073aa3574f183d12b9985f95180592-4742727.o
created: 6/a/7bc03d323da9d2d2da28c72defac6c-15864.manifest
modified: 6/d/1a29532ba16dffee5416f4f0046a4a-33374.manifest
modified: c/2/657765d71fb4a78adbdf66527ae81a-2413.manifest
created: 0/5/3627743745094fd25950c0540fda94-4730259.o
created: 7/b/a1005ca6498b7c3808d6f8f58fdb56-7448773.o
created: e/3/9c5bf00a3021ab0bf240d90637e497-4758675.o
created: c/4/13ab2c1972cb2f0afb8042b46d34c0-4911628.o
created: d/6/7403484f4e3a46d2beaf1909aad685-4779668.o
created: 3/4/49ef7f1ceb6a283beef9202b98f0f5-4788393.o
modified: 5/9/2fd4ba7a734ce8544ea99b1f1ac3a8-2052.manifest
created: 5/9/573f4bd8e7185f8b0bc57567bf26bd-2190445.o
modified: 3/f/736348e255fb83a85535d3838f1cf3-22457.manifest
created: c/a/ad5522a46859dc1b15560dd57e4b0b-4747351.o
modified: 7/stats
created: 2/1/7e69ea9c957410ac34a71c030b849a-4956.manifest
created: 2/6/05af415721ab7645e7d20e7be94efe-2733447.o
created: 4/0/d5a9461851891c8226399f7f0d3296-5240889.o
modified: 7/c/a804e02a3a609c1e6511221fc64fb8-26244.manifest
modified: 4/c/d0503a2daea8285bdf7a3208154bef-2779.manifest
created: 6/7/353e5628effd1e974ce98bd5a1c354-7170.manifest
modified: 8/0/f5dae00958ff021e2a9fbbcbe9f17e-4294.manifest
modified: 9/9/f3bb620d4e6f9e6932d031abc33f75-5983.manifest
modified: 2/stats
created: 3/f/8c6132d5c267f129fc29bc3e01fa81-5122234.o
modified: b/4/6bc94787d5e84b83f28525f14b6fa0-4726.manifest
created: 6/a/1ffd9df9e0c0200103612139189839-3073.manifest
created: a/f/cc380d88f0720b0d49a378f0485361-4743939.o
modified: c/9/59d8ae9fb9b465b041c6c3a89e8ad4-6308.manifest
created: b/8/a5c3d9fdac68b9ec321e22334f461f-5327903.o
modified: d/stats
created: e/b/0465af05a6c2ee93e0e4f663dc1bbe-1197628.o
created: 1/d/6def09ce80d68a22cf911e6057f8f3-5118218.o
created: 2/7/705dd1348139996ee34a35acc999ed-1970.manifest
created: 7/6/78cb0e3a70fe0b6faf240545b19cb4-3159561.o
modified: e/2/fe953ccaddfc4be612c921313a46ab-7783.manifest
modified: 9/e/b70dd84892c3e98e91d34391cc3810-4039.manifest
modified: d/5/b789aa5f1df54395a2f914269b177f-115881.manifest
modified: 3/d/b972160d55b6744004ff0a20ee14c1-3381.manifest
modified: 7/b/3de01c0a717281e5a242029495b01f-11714.manifest
created: 8/1/cec527b6a0940e15ed45fd0907f655-5573.manifest
modified: 9/c/2606dc71164d74c2fdb58deee9cc08-2607.manifest
created: 0/d/2f0f143202af7de6b6f2a21ac2c9bf-2631467.o
created: 2/c/3f53ad7bc08f59d5dcc2970b5bd023-4779058.o
created: d/9/e4fa6797f5d3f3ab894ac075bdf63e-4789282.o
created: 1/c/a585bced0c8972454583174f580e73-3084397.o
created: 5/3/cff53724462ac12e7cad387f4f1a9b-4881903.o
created: 0/5/c17471da12922af20e99a555aeca3d-4744428.o
modified: 8/9/a99df458993977e8c94785cfe97fca-8677.manifest
created: 2/5/3b79f18f9b03ba975e334019f7e718-4217492.o
created: 2/8/c7c8f73bff8206feacba3dccf2f6e9-2941186.o
created: 8/b/80863061dc7a14f410b2df88cf3496-1607794.o
created: d/0/79150b8406462a54a56de0e97cc8fe-3895.manifest
created: 1/2/cd0b9267346c16a5cf5c53bc614512-4925.manifest
modified: 3/d/4a89ff5574d07c73d18dda0c91bb50-4343.manifest
created: 9/3/9eae9c6caa55905ac46f85e625e78c-4743182.o
modified: c/stats
created: 8/5/3d6238e6a31c0dda1710476e9c8097-3107225.o
created: 8/f/1c8171a150796b81be771db2367afd-1989349.o
created: a/7/f94b3259d05f94e0f31d1fa6551686-5268075.o
created: d/4/27f70cd90595286a1dad1939f6bb6d-5146711.o
modified: 1/f/f7fbe63d5dd2acc16b91a5752bcf7d-11047.manifest
modified: d/c/797af81a00de0decb08383ea917d42-14924.manifest
created: c/2/64affbdcb3a4ba6331502cbbd36126-3045057.o
modified: d/8/814bd444855c0aebd0e8cde20cc0fa-8878.manifest
modified: e/stats
created: 3/4/7ee58b2d695d4a249c7b269e957a54-3961551.o
modified: 9/1/b2d6cd6f550862a9d1d5bcb71c391f-4674.manifest
modified: a/d/8612ec4bd76077ac5f24c19ae9f885-12902.manifest
created: b/1/62c301f7b209c546af93662c69dd82-3742354.o
created: f/4/8da5bd53065177433f6133b3d2aa9f-5217879.o
created: b/0/a01d08482b7ab8d1fb588490abfad0-6378678.o
created: 2/f/44a09bd9675450e98557e98e875c23-45753.manifest
modified: 4/d/94e02975df06092ce93681befc40a1-7278.manifest
created: 2/4/1f51aa2c2a9861f5f95844d28af833-5538.manifest
created: 7/9/38bf336df49787a9e0c0a8c7f9ecbc-5138841.o
modified: 7/f/143fd333c699158e58ff924e9998f7-2450.manifest
created: 4/8/83275764077d6cb26095bedfd0e041-5676215.o
modified: a/9/dcce50eef35a215d70b81e58016c82-2388.manifest
modified: 5/e/5cb98625d3bb584493e2079f482f1f-13552.manifest
modified: e/4/19d6d101709faa157f7817e36dcb84-3468.manifest
modified: 3/3/9ebf61f8932b296276b720bd383914-3194.manifest
created: 7/3/d03b89a0b06e1eb5e37efa4897803a-4631572.o
created: f/1/c8be2d1097ad03d63c214e1a8b81c9-5529314.o
modified: f/4/4af7ebfa90f32ed7aa512f19be9c68-2497.manifest
created: f/a/46d832f1166a48e6b928b84010c429-2787644.o
modified: 2/7/adf2f0390cd92e3b521f912fc3f1ec-6916.manifest
created: 2/f/92506ee40792ca79a91797957cca31-1600232.o
created: 7/b/367a217686c2353159e6b3ff13232b-3260.manifest
modified: 7/e/510dddbe90893e75a217825884bcc4-8785.manifest
modified: 6/0/f1766bf65a3b582dfa64359ec90a21-16676.manifest
created: 8/7/98c0ca9f148ae00d0f396ea362a6ba-5502.manifest
created: d/a/4489d184ea0867135373528fed21b5-3125.manifest
created: 6/3/ead098c1c122c86fb7ad16fc6b15c9-8103718.o
created: 0/d/14f436c98ce21ff6a214bbb29943ed-5372.manifest
created: d/2/8d5b76681174fa0978b3d599778f0a-7321.manifest
modified: e/2/9a0656e18f92542803e3dd56264bbe-8764.manifest
modified: 9/7/3ebb6344b6858c2e0ca2879c5755be-6386.manifest
modified: a/b/31621a5e6d65211711bf4a7061305b-6768.manifest
modified: c/7/917ad72bf378d392ea846367c3d579-9719.manifest
created: c/8/ea8af8fc5d00329e9168ab9d7315dc-3108748.o
created: 2/6/6ae2e64916b722451377889185171f-4797514.o
modified: c/0/6db78b678d016edc63528b293b7a51-14335.manifest
modified: 0/2/6d6ed6ee8f7a4114a76973917e3c2c-5771.manifest
modified: a/2/18d20b379f265b50049fedd8183beb-4638.manifest
modified: 2/f/27d48b1ff194fd5f49e6bedff0484b-3325.manifest
created: 6/9/dfbce9046f90060b9891bd413f140d-4805990.o
created: 7/a/f7f33e22b56f9cab2fb8950c40b741-2741400.o
created: 2/1/f020732beff0a0cbbcd864307d16c4-4840886.o
created: 1/8/87fc47a4c450d2c82bc068a46c0540-5292404.o
modified: a/c/bd704d26c18a548aba6f3ddbdd243e-10878.manifest
created: c/7/1a58f24a8f3fe6f10fdde0c3ef5a70-5187512.o
created: e/3/fca1d30e5fcde2d25ea9ac2a32222d-1620679.o
modified: f/5/a97bc36195f402b7d5bd4fc5cc886d-10723.manifest
created: 0/0/db134e74db41830c3df3bcc8a81e41-4463771.o
modified: 3/4/039b4f995641fd2c0ba18207e67b44-4691.manifest
created: 3/7/dfd250ecad22562fbe2f58e7f17fc4-4852473.o
created: e/7/8b32984eae565c5463d60cf9915e56-94121.manifest
created: 5/3/d84f737927a0decc9dd79c28d3bbf4-4870515.o
modified: 9/0/7184437a030d38df1efe7a34d2f6a9-7598.manifest
created: a/e/465742cf78af88f28ef3b2df2b4b3d-4855359.o
created: 2/a/8336db7fa2a622f59d776ec3f40916-16849.manifest
created: a/f/be65b2e27c53ed53c6951742e39acf-6484069.o
modified: c/2/c6f3dc5afc685bf9285c5e63d61af9-7190.manifest
created: d/6/8633bd51792faef993e5c82035b9b3-7768563.o
created: 1/5/a876fc53455d7a3bddc69ac2d3ed7a-4851111.o
created: 3/e/ed1ef7ea2e3cd5f4db707a5f816dda-4748366.o
created: 6/f/3fd9c186479d52184b2bdcf304b1cb-4722381.o
modified: f/stats
created: 2/5/0bf3f08978ddf9927cd3c0d4a1f219-9018.manifest
modified: 4/e/934213c596d3923faad023dcec160c-4651.manifest
created: 2/3/a4658445c4d058a254518c02ced801-4748515.o
created: 2/3/f4edda960a66299c038a35e94570dd-1833.manifest
modified: b/e/49db69c4ee502acc8844884f5617a2-3770.manifest
modified: e/2/401df7b9256aa45f5f056416657c98-6490.manifest
created: 8/8/804614425b030cedce2bf08e7fdfa9-3952118.o
modified: e/4/ecc111fa7fa1b8749cb3064b378848-3487.manifest
modified: f/4/066f2349804694b26b11d34e6f96e5-6285.manifest
created: 2/f/c58d03772d6ed923ade061fe017037-1601202.o
modified: a/f/abbd4de5e3b07db7da1fed62665248-5851.manifest
modified: c/0/6e1922cf439ba04767a0cdecabfb79-4006.manifest
modified: e/a/dac6f2c23ea434c18f501df0e4962b-6327.manifest
modified: 5/f/555e22023d2d6faaa1aa1b19af1b46-2175.manifest
created: 7/5/7fb92335f3c592c91a1ce2640c28f7-1629693.o
modified: 1/e/da1209d44da45ce71458afa7f79466-3558.manifest
created: b/5/9af02c2d37f9907ed062e2634b5041-2633385.o
modified: c/5/26246c18b18899841fdb346cab6840-6460.manifest
created: 7/a/6b2226c199faee0009f5d453d55d43-6976440.o
modified: 3/0/ff1874974787d335d001dcaf200170-6294.manifest
created: 3/5/155ac21d182a9bc7ecf3e2e46aafa8-6573263.o
created: 3/b/23d057d0bdad022c8d17c9d14bb2aa-5235773.o
modified: 3/f/f883adb3887dd98c48e28e881bd9cb-2745.manifest
created: 0/8/b618f0b81cddaf37acd14b45f7452d-4873214.o
created: 5/0/c6bda15eb29285bbdada1eb79089bb-9980.manifest
created: b/a/6a36a90d8207558732733f58b091f0-5118008.o
modified: 4/7/db6f4ad8d31a390912af30c7064294-8613.manifest
modified: c/c/fefc556921db433648cd7a1813d22d-3610.manifest
created: 0/e/befd572d2804520d7bffcc37f27055-6587701.o
created: 8/b/0da11a16279a957a0e02bde5e14350-4695926.o
created: b/c/db9d6d60a39139f4739970924008af-4741981.o
created: d/5/9e48855908d2d8e2a502ad44affd82-3560168.o
created: 9/9/f358079a84055f05f7c3482b4791d5-3791.manifest
created: a/1/8e181c552f4b036a554f98ede1c83b-4747807.o
created: 4/c/a724524f5194ac69b294dc667dd64a-5143870.o
modified: 9/c/ad8b0e955e3c1a22c984ed083e452e-7734.manifest
created: 6/e/0b1eada5f1c58f305cd5872f8d459a-6281047.o
modified: a/8/928596358fcaaaab19bc0fc97a7744-4036.manifest
modified: c/b/d685b1c98891cec05a3e8f9b27e4f2-20444.manifest
created: d/d/29c722fb9347afbb367286e5cc47b4-11493.manifest
created: 1/4/01ad4629b8f06ab4881c9d12430546-4775233.o
created: 2/f/bc9dbf4314314e89ab831663c6aa17-2332.manifest
created: 5/4/e51b7b82a0f65ca0da17f705c308d5-6175.manifest
modified: b/stats
created: d/9/05741cdef2c323af1ef72d2b1d3453-38695.manifest
created: a/a/5523efffa86a23ee537847efa8bbde-4740794.o
created: d/e/605365edb0d1fc499863c7225082d5-1416488.o
modified: 9/3/99dd9560b1357e58c3617c1d3e74d7-2378.manifest
created: e/6/a1e52ac7e7edef48eb283e3b26fdea-5221889.o
created: 6/d/0a600b9132ef1ef373198e4bc2c2f4-15936.manifest
created: 7/f/de3213fdd87d9fae49a929d9035337-4757243.o
created: 8/1/c7871fd36cd11150941a733aa24616-11118.manifest
modified: 8/c/84ae37e0d68e08c1aeff808cbcbb3e-7895.manifest
created: 8/f/eb3d5dc060b9d2130db3e8f7313d4c-5276564.o
created: d/2/76f3735c6da3356cb724ee43e4a6b8-5316.manifest
modified: 1/5/5f639f5597cab8c8e369b4f524d17e-18005.manifest
created: 8/f/92fc6f317c1a7e5895a5ed261a827f-4706.manifest
modified: a/5/40b2452ca67740eacd163dba8d419a-8097.manifest
modified: 5/b/09114a06e74aecced8cee2a4be53b3-5225.manifest
created: c/5/3cff3bfa1edc9263b02df629b52a1e-4742708.o
created: 7/1/4518aa9220b41f84596cad5a50d976-5121210.o
modified: 5/1/802d7c016d166586236b960eed2d3d-2543.manifest
modified: 6/6/e50130b30897d82e10676f13abd41f-7912.manifest
modified: a/4/9719b544d259c51a9f8a9971f60cd4-25575.manifest
modified: f/b/09e7b9079c8b10f781fe3eaf18c59f-6196.manifest
created: 2/6/9098cb23aeb587cf2619df62bd79e7-3448123.o
modified: d/4/c97e10da2533e3005e084ff6d6e303-2650.manifest
modified: 1/1/3bf8ea991fae9ad7e4591b2640f61b-6216.manifest
created: 6/0/ca67753925cd5877dbfa8fcd16bfbf-39827.manifest
modified: 6/stats
created: b/c/7d5fdb9283181c45acdffaab40aa54-4835074.o
modified: 4/4/acd5865664ea0b38f75292d040ef3b-3730.manifest
modified: 6/6/75a472a2419dd41890c2e055569d72-8350.manifest
modified: c/5/8d0beb4703a87ec64e3f4ef25e2593-9570.manifest
modified: d/2/abfbb41c79793e0c0bce4778e28adf-3192.manifest
created: d/5/bd2a43410435b539e32315ff8a3c45-13702.manifest
modified: 3/0/a224157524ecd8e3df0bb65212d65d-4459.manifest
created: a/f/b73340e8cab720ae90bb98bd1aa92b-4934467.o
created: e/8/2c23316db633d59553e209a8b9be09-5239160.o
modified: 9/c/3fae8785ba2cfe7a50e43866197d55-2752.manifest
modified: b/c/0b1355505765842b9387edb6a5b894-20982.manifest
created: c/6/3269572c878f86df268660a3e13861-2947.manifest
modified: d/8/e6dfca2db673a64c8ce86c87aa958e-7155.manifest
modified: 2/1/9084d605018032d92ed9dfb0cfa34d-16884.manifest
modified: 4/e/add0dcb0802117452c1a235b76c2de-12132.manifest
modified: 4/d/5a50350cbda2151cd27ead7d9c185f-3779.manifest
created: 9/b/06f2258b0d3a61ece811851e6bd79a-4723178.o
created: 1/3/e72aa20f3175c4caec415eb22df0ef-7416245.o
created: e/0/97912cb3146eee8b8e8190708e3675-4794525.o
modified: e/3/3865be136cc4876decd982a5c13760-3030.manifest
created: e/8/f3fdc69dfc16ecd064b19c4b5f98b7-4682627.o
deleted: c/6/9b2d30f08c8789f7e536eb0df5d16a-2208665.o
deleted: 4/7/2211270d36b1831d134b1435a1f0a5-5141184.o
deleted: 3/3/6baa72c383b4d4984820225875da1a-6974307.o
deleted: 3/a/4ac1a8e197d0cfbc555dbd1269f873-4801013.o
deleted: c/6/f447da01acbce88c54818ff6fe1516-4739042.o
deleted: 4/0/d84a14bc83534be93a2618f848e055-4447443.o
deleted: 8/a/215b52293f98df779bfea44bf4cd90-4733777.o
deleted: 2/b/72f31b9a4308b8afd3eb1b6abf5020-4776503.o
deleted: d/3/fd324a8f3255b7a80290f8660ea99e-3979161.o
deleted: 0/1/14b7d15cbc8712e284c0db0f46b37a-4955750.o
deleted: 5/4/166487d804fb426112f9996d4996f3-5237078.o
deleted: b/2/03b1a6afa645c4930a6a2685c6705c-5142606.o
deleted: f/d/44553488fc8f964cd9ec50af21efa5-2253719.o
deleted: 1/4/69db60832d78126ffd66bd6fa24bc8-4775441.o
deleted: d/3/54aceb2161638f9c3d9398c72552ab-4881955.o
deleted: f/a/7d991bc3c57eac83d88c105804444b-2227667.o
deleted: 7/4/664d4d9aa2b45d307f8538f5ed63cb-4985023.o
deleted: f/4/81bf78b8610f9828662bd00112e74a-647162.o
deleted: 2/c/42d2ef715f8aa9951046f02cd840d4-4728440.o
deleted: c/8/105653d90d36f5f9f67860ed5ffa21-5197444.o
deleted: 2/7/595bb42b45d964836bd546122c3371-5313738.o
deleted: 4/7/eb40ea2438e24774cc1de8c43a814f-4731148.o
deleted: f/0/26dd9bbc54b360b7ac4f2d045c9073-52544.manifest
deleted: 0/5/74ce5817ea8c3bc8c773a351a6880f-5126074.o
deleted: 7/0/136b261765eb3bbde85c22b22a27ce-4747447.o
deleted: 8/4/9608ef4fd76f84c753ac383bb9e93b-3105092.o
deleted: 4/8/aff18a4ae1bbb1d4814d33031c76ff-2560133.o
deleted: f/7/7f8d4a3af8f2b2a7ed3e5aafe7af0b-3730.manifest
deleted: 2/2/78d65796f683248e2f8e0be160cb2a-6565036.o
deleted: 8/8/2146ea8fe6f2d097dbac8b03b837ca-4773187.o
deleted: 6/3/a1d105e8a5ab66dfa51f0e621a2e4f-4729192.o
deleted: d/d/4e9842deabbe7cc33440ff8083d857-5174782.o
deleted: 6/4/ca3db1ed058110101d76432eaeae5b-2886898.o
deleted: f/e/a62909cebabadd308cb87e7ba8446e-2540987.o
deleted: 8/5/cc29829311fef8c693db5958602e44-4755386.o
deleted: 9/c/644a35cc21580bab797f2de3620ad0-1836.manifest
deleted: 3/1/3338628e0cf16ad3c1e47fbb973286-1611902.o
deleted: a/2/5dacfc4530eaae6b8a43d839ef7de1-5671227.o
deleted: 0/8/737aadaf7a502f3074d16b2a32b87e-4699379.o
deleted: b/e/fc0e1542c2143a5f8ad36ea98e3dd5-4730393.o
deleted: e/8/3aa08092e171bf124d6fc80004fd8e-2087.manifest
deleted: 1/2/62e1182ecdead4ab881a62481fbffe-4751095.o
deleted: a/0/12c942221acf1a6979f7d1cf129652-5410386.o
deleted: c/a/dcb4638bfde0fb5891a2942c2a94fa-5055520.o
deleted: f/5/9871a55c111672611ac4270187c302-5508394.o
deleted: 5/7/d9ebd1d2c1ea28ccdb54ec0d020a4e-4671400.o
deleted: 9/b/23de315c05c34ae4c135b4cd61cf4b-44462.manifest
deleted: 3/d/63da518888d6b1323a2dd70998ba0d-48809.manifest
deleted: 7/c/2f607f86d898ba63dceadac99de793-4733584.o
deleted: e/7/141c49d8df5ef6f05c00e1f0c90b2b-4731150.o
deleted: c/2/cac606ea63c816417bb625a6bca5e0-4731148.o
deleted: 5/5/bce18359bf1481ddae5f4b63a6ab9a-1832303.o
deleted: d/a/458532986cf3154af54af74f74e243-4846134.o
deleted: e/d/23edf713d4426d77804c86b2f7a9be-4729292.o
deleted: 7/5/977e14785f765edfe5977ca7a75303-5133847.o
deleted: 9/b/f133b27e7c1d70b96b3fa32ea584d5-4719182.o
deleted: c/2/965122e88ef8c4cff5dc8cd3d56eca-5349.manifest
deleted: 2/b/b39c426dd6811b697125e2ada7cfc3-2551239.o
deleted: 6/1/afeae4b9e31266585ca9bee505aea7-2497014.o
deleted: d/2/be3d317e7bd01584b09484b16cfbf8-5297052.o
deleted: 7/a/378ef71d825fe86857177d9da7a826-5496153.o
deleted: b/3/82d2bcd7f25612d49760b98e2f5e40-4788971.o
deleted: 0/b/159860059b729ae91059531ae93614-15936.manifest
deleted: 0/7/3931dbcbd165b2218a4b3009a8a1b3-4334.manifest
deleted: 3/4/b512e291fc67ae75e1099ed3f2c057-1396727.o
deleted: 0/d/de58ed73ea55347b6f114b969de9b9-5235890.o
deleted: 2/7/4d36d07dc410762da605bd186d3a2e-5255483.o
deleted: 3/c/cbd3b0c2e7253532d2f0195a022f78-2709814.o
deleted: f/f/709ccfd86781b29874f04f73c6e0c0-2445.manifest
deleted: 0/a/ebbc6034e0d92bd464239df8e38acc-11677.manifest
deleted: 5/9/570171863c552be5f0adf725543c61-4731304.o
deleted: a/0/39fbcab53c3eb7a4dd3e36809c77f6-4654352.o
deleted: f/7/05c0c65863badb60dc6f1f5348d481-2690577.o
deleted: 3/6/a38ed35518293e1f1d8d9d8dc97155-5222471.o
deleted: 5/8/d361975e53732a7685b8264034cb68-2188569.o
deleted: 4/e/b63c9ba861d25f1ae840d956820f55-6875015.o
deleted: a/7/4350d6ffe95ad86035f933d530f863-6190079.o
deleted: 8/1/36fae9212e1de2573018ef8b543790-5142029.o
deleted: c/8/7e9c75b8c4ea1a67abd5d36c95773c-6883201.o
deleted: 7/7/5927f81110b54c7e30a3e899f3016f-6877048.o
deleted: 2/e/e6683a55dd813179a99a13d6e39e01-4844861.o
deleted: 6/7/05961a6128f3e99e51061a9fa28fbf-6895347.o
deleted: 8/f/e326c8cfe62904c8ef8921020d63e8-3890.manifest
deleted: 1/3/52c2b0dbab97986db3a10e118d8679-4716072.o
deleted: 4/6/0c56f971304c27b55ace2c61249977-2556805.o
deleted: 5/1/1970e356d90542e47f667283f1bad5-4753511.o
deleted: 9/1/733f8e4e83d0b236606c0d4a2994c5-7007168.o
deleted: b/8/0c35a81229ba30c87f11c8fcb52c1c-4729336.o
deleted: f/8/98fd6350312830baed9d22a6e3a62f-48062.manifest
deleted: 7/4/34b5ad83a2d268654b7e8a08190159-3364.manifest
deleted: a/c/9e14aae5b424133ad9318a84d6e5e1-5959006.o
deleted: b/5/0698dcedcd984ab691b438d1d782af-4729524.o
deleted: d/c/dfadf7d4c5fd3b86ed89557bb05c60-4775904.o
deleted: 1/8/5bd6a2f87a0a81a5d8b9c3bde32918-7018906.o
deleted: 2/f/e2f15359370e067ee2e7dbe693e68f-4633645.o
deleted: 0/4/14ee081971364493a869411192bdfe-2777981.o
deleted: e/f/eb27bfdc348e8ab875e5ac3073163b-5034893.o
deleted: 2/d/04bcd5dbfb75ad1744b51952f63c8e-4730670.o
deleted: 3/7/ff129b6237a9d366456ddaff0c4ffd-3825.manifest
deleted: 6/1/8ff53c044eb49f3e75adec2a8c2b76-5700380.o
deleted: e/7/3bdf3da179fe4c622d434e9cf48f01-5323291.o
deleted: 8/b/b70f2ca4692c636db4de11023c1201-5283488.o
deleted: 3/d/8235389471916ad773500862eba172-1786438.o
deleted: a/f/5fcaa73cdded92c9342ae7d0c13bc2-4730724.o
deleted: 0/a/b3601c20ab4792f48344936326383e-3740212.o
deleted: e/7/e7bf545f06397e9c3be4b9000e4488-6108945.o
deleted: c/3/6ca06e0c26e1bcc591caa171d021e7-2728069.o
deleted: f/0/114e2d33b84807e856a77bc688cf9d-4738258.o
deleted: 7/7/9a7c2d4e6148ab6f8c3d339173029e-4800040.o
deleted: b/0/4a2441cb0a90229ffe44ee5f0a9436-5301851.o
deleted: 3/6/5f377eb6507a2e4f42d56fd7503e46-5803056.o
deleted: 0/a/21d40edaaadff2260000f9fcc0b501-6035715.o
deleted: 5/a/f90b6204ca2b11b453497ae831fb47-3073085.o
deleted: 0/f/4c88834bf1349c53c9d5378f105c66-5745.manifest
deleted: d/7/1f43af019edd3f9b731a1660640b2e-4782764.o
deleted: c/8/aea3b1aeb46e4e023af17144ef6707-4020696.o
deleted: f/9/5709e47f2bdcee311a619f868fc95b-1929.manifest
deleted: 2/7/e7c9f6c73765a75d894f0a2e05bc26-7685704.o
deleted: 2/7/fa7f091143caa6b0fe3cc0885763ff-4728639.o
deleted: f/0/764a548d95613e12579fdaaa908730-5414757.o
deleted: 0/2/33358544cc004236e3130f55643c55-5317405.o
deleted: 9/8/2ad3e2a46eee60d72806c6dbc4eee8-7763423.o
deleted: 7/8/7d308aaed61ffdc686754250044ba9-5385307.o
deleted: f/a/02426e1e028d4e037a6db246d367ed-3461.manifest
deleted: 9/0/2505091e9e1dbf941450afd0490c90-4705656.o
deleted: 9/b/243e4f20eed5a5ae2b705d4f3a7044-2629585.o
deleted: e/c/42dd4c0d32c3a361b929b005bb1764-4591561.o
deleted: f/7/ff205124da9a2de034b9cfe75920ba-1793.manifest
deleted: 0/d/860ee39dc9bf125b360bf7d1b03d3b-3011004.o
deleted: 7/e/52d9aa1a6ddb4fdb6d6a7f7c945a24-4798987.o
deleted: 2/e/c846bd92ab8c1cacfbd7ad6bd55971-4426.manifest
deleted: 6/1/ed59749e2c44cec74e18a1b951b163-4728015.o
deleted: 0/2/2b25caf1f78063a1ea4c9e99a6cd76-4929477.o
deleted: 7/6/36a385b373de0fc36d2e81f06e9faa-4770173.o
deleted: 2/6/d895c2dc294c9ea6f2ff4a23aae14e-4776764.o
deleted: 5/0/dab2bd7c75d598b00580aa8bfd3c6e-3160427.o
deleted: 8/9/2e7942b0879764e20e92f821772444-4732470.o
deleted: c/0/6da7115458384b6d7cf84c0fb0c033-2686.manifest
deleted: f/4/828a80e8834666a8aca87efc5b35ed-12033.manifest
deleted: 6/9/f416041e109b7ef43860e4cef968ec-4763096.o
deleted: a/f/3e23ead9d2cb7aae70c1e567101c53-4730943.o
deleted: 9/6/cab75d7054ff851312c71d42499a20-5387154.o
deleted: 4/b/25cc8e428fc271b17901c2ba887def-5252856.o
deleted: 2/d/087ee27f9e36e08138f753fb6c0fd8-5141737.o
deleted: b/c/4f7540d6c0a1e120251d658ea35700-4729208.o
deleted: f/3/2e5be5a8e0361f7303273de31ca2d9-5127.manifest
deleted: f/e/bb698d106cd42b4aa3a3ca024cd34e-10919.manifest
deleted: d/1/81bf678e5ab9d4866464cf63801839-4744454.o
deleted: 8/5/7933d7958deb6103f6dead361a21f0-6109478.o
deleted: f/d/842650f6658347329dfd59cab17b92-4879770.o
deleted: 1/0/fcefd1a19def3e4730b6ba3677b990-4773962.o
deleted: 5/2/bdf2fcc380051fbbd1cf71ae3d08e5-4734562.o
deleted: 3/c/740ae50aca2e7cc3be50eb8f7eca1f-12022.manifest
deleted: d/9/ffa37dca0f337e14903861ef5858bf-4729263.o
deleted: 9/5/690d7385c587267399efb4c193ad7a-2538896.o
deleted: 5/0/898062df4e05cc663c43a94b8a0e64-4615244.o
deleted: 8/a/2e1e19759cf3b4b21b0558ddb5d3a8-4746152.o
deleted: 5/2/96dc81f59674469e766e47fa916fad-4636790.o
deleted: 8/2/26d6c8cf2458a400a4a9a532b055b9-4109769.o
deleted: 3/3/b4d7f064dd3ef3156b6dfcf4a6aae1-5969656.o
deleted: 3/a/5c29e270e807c728726187911c9123-4731639.o
deleted: 1/a/3aa785a90354594b2b54fe39ab91ae-6475843.o
deleted: 0/2/a3f827a73b66ebb603ae22859b65ca-3068973.o
deleted: 0/d/f99b1e5678b36c67b975746a6bb018-5267984.o
deleted: a/3/038435be2c9a403137fd02fd7a550e-4661755.o
deleted: b/6/5c6f09140d986beaf16601940bd6bf-4729489.o
deleted: 4/e/53c09d239c47eb9bb176a81de4fc34-2600.manifest
deleted: 2/e/6962f40bfa1fb32ea1cbbd49fbc087-5216900.o
deleted: b/8/4302ce957b88f980b6570b10bfe590-4706423.o
deleted: e/3/c1c93d55e1992658f8e953bc8c25a2-4745887.o
deleted: b/d/eec7d629346d0b5bf72bd606412fd9-5204362.o
deleted: b/a/3e573769503f0598b813e97dff0661-4746862.o
deleted: 9/3/3509636cc379025655097f19dee22d-11826.manifest
deleted: 7/3/dee90307a5c6de7b59a7867ddfd5b8-3999048.o
deleted: 1/7/76f9d99c7f0e17559de7da4c2233be-7411246.o
deleted: 3/c/43658dfc6b8aa88e79d63fbe21c0e8-1805.manifest
deleted: 6/d/79d182ca13d811a034487bdc96c20e-2685443.o
deleted: f/d/6a37594797dbc176fd2f0921f4a35f-1857614.o
deleted: 1/b/911c5d2a5f01e0aa42260bc974177d-2785502.o
deleted: 6/6/58be6b99fe016479502281293f7464-2354013.o
deleted: 6/7/1cfa4d87b584b9906c32f101430d7e-4847495.o
deleted: 8/4/33c369f4f561ac077f4ec2bf280999-4791112.o
deleted: f/4/7d367fca6c9db0eae17ecaaab1f7d3-4792515.o
deleted: a/9/27ba9ee6af2b62d6326ce29711db30-3941866.o
deleted: d/f/dadfc2f99b88d88c9706a223024414-4647942.o
deleted: c/e/b5fdad434f77305b91c620ecaf03dc-6278914.o
deleted: 9/1/5b9d829944648f9c1702dbf0feb18c-6009014.o
deleted: 6/b/2862288a9247553eff5637a90e6eb5-6697345.o
deleted: a/3/0a31382ce1ded63bddadc5502ea6c3-3818219.o
deleted: d/8/8d09ef1317908a1741f34d867747aa-6484044.o
deleted: f/c/2fccedb3686199aee02a0f373d7fa5-4850351.o
deleted: 0/4/3ab9b619828bad1b29d5f18cd597fe-12396.manifest
deleted: 4/1/3e0779796082e8d779850a20bc6ea9-4217016.o
deleted: b/8/a50bf3987eb9281e65a6ce5d9ce292-4962251.o
deleted: 0/0/ed4b442cd5fd9a35f002dd633a72b5-6708024.o
deleted: 6/2/ef734a2f3ce32fc81ecccd6d58d007-4779453.o
deleted: 6/1/d1500c2b3704388b05840057876e8d-4782672.o
deleted: 3/2/26c90e1fbd57e67f0b524ddb0bf278-6579474.o
deleted: c/3/778e14d18d73741e0aa847b08908e2-12508.manifest
deleted: 1/3/e084343d1d3aad41213345cd3fd0a7-4783376.o
deleted: 8/f/6ef045f8361fb29031dd3c0c663395-5127492.o
deleted: 1/3/ab0834cee4db714434833395f362d0-3075126.o
deleted: e/7/d1b5afbaeff55776c3d238ab36c092-5290264.o
deleted: 1/9/a0844ce39e9a90e7733d5e119cf8f6-4678768.o
deleted: 3/3/456237a143159f9aa9df68c06744ea-4121625.o
deleted: f/f/d583b154395569ae10168beba32f63-12110.manifest
deleted: 9/b/749018a86f089500e6b0d4d39d7edc-4735581.o
deleted: a/e/842a45453006cb29adc642f7eda014-4830074.o
deleted: d/4/0ad4540684d5766d432282180cd58d-5198799.o
deleted: 2/c/4efe94abe087b7982fa8d57a3db370-20227.manifest
deleted: 4/3/3c94266aad053676fd61d77db002bf-5185370.o
deleted: 9/d/2b6f4d9c9f9aab218961214155f1bb-5309612.o
deleted: b/2/9d44d56bcdeeca35dd73a5048f0458-4764790.o
deleted: c/5/2b75a644247d95ed41399f238c5df2-12121.manifest
deleted: e/0/e383233f473220dddf39261f06eb68-4216.manifest
deleted: 1/b/9ba4b425740c21a2573767724fd1bd-6492.manifest
deleted: c/1/db19665a0f9ad4e8db55f48b3a5f3d-8137.manifest
deleted: 4/c/e9e764c48fed0272e44fb516abad91-6923275.o
deleted: b/0/33e17642221f5842048d2e329d1649-4709749.o
deleted: 5/e/d771f3929243c151f72bf62bac6d23-2990026.o
deleted: d/1/d4292d6c70f4400691ae2e7b73bd23-4849643.o
deleted: 2/a/c7c331913f89589e0f3e572b85043f-4778107.o
deleted: 0/8/4209769391fd25b56828dd8a299be9-5116861.o
deleted: b/3/936fcdf40f87714ed94b8e108807a6-4863448.o
deleted: b/7/bb829975c6f96c671b9ff2a691605d-4837441.o
deleted: f/d/5b9007d171310209bce0aa0f55e20d-1774721.o
deleted: 1/b/6980e3f3f296cde9ffe8f7311cf840-4730285.o
deleted: 6/5/f0a83a0838454d2bb37435c2f9bca4-5116085.o
deleted: 0/3/c16a51acd01abdfa53e0313602472f-4780311.o
deleted: 0/4/6af175b9da30fe99b21635b4227db6-44456.o
deleted: 0/e/235b6d4aba0ee44cbb97aeba5cadd7-5593.manifest
deleted: d/f/1c94145cbd07e586e817b93404838e-5128801.o
deleted: e/6/8d62d3e5cbcbb0abe647824fb57fbc-4751215.o
deleted: 6/3/a6a7a2efb562872da5a5544a0cbf01-4728327.o
deleted: c/4/e286bbe18d92a3a6ea96115c8fe5ee-5146397.o
deleted: 3/f/2970b4f836f893e438c3e4116dbcdd-69790.o
deleted: f/4/1032efb7a13c7ce4e353d0f3e7d97c-55495.o
deleted: f/a/ce4184deb7b58063c466834b342336-17700.manifest
deleted: 8/9/0a8334a3efc35ae55f4934c75a0c4a-5278146.o
deleted: c/2/78007acb90d9e490b2caf0f64494ac-44019.manifest
deleted: 4/0/c4be23edb8e7fbd2df7a67449fd676-5800.manifest
deleted: 4/5/a0bfd36288c916e7ffd44427225235-1598080.o
deleted: 0/a/3485c43b39512f13c29232a7390c80-4729652.o
deleted: 4/8/7c989b124d7d1abb8e1724a0349e2a-4763077.o
deleted: 3/d/934f1def598436fc9f1c6beae5c734-25842.manifest
deleted: 5/0/df5eb944a3951250106e7a51f88fbb-4732247.o
deleted: f/5/90c0139b4fec16918afa5553f983ac-4735018.o
deleted: 7/e/e0aee26ff29324ec5ef93b67b71342-3550021.o
deleted: 9/c/825af7d20919731e37edf6e22a7f59-2921214.o
deleted: f/7/0aa6f97c4ad7cd50537d1f3b1be977-7413.manifest
deleted: b/a/084053a97fcd18cfefb6e686de516a-4789511.o
deleted: f/8/0369586ecb5a5f9f82c8b5574d8a9b-8164.manifest
deleted: 5/e/955a88fb35f7769802fbf0c344c7e8-3940679.o
deleted: 7/3/03c0b9ca813b919b5691635dfac015-5471768.o
deleted: f/1/e5b08bb29411f0a46ebe589f71a793-5244763.o
deleted: 0/8/1efe7e32e9b259512120ca559038c4-4732284.o
deleted: 3/0/5a14600645f85db515207686dd1291-4721506.o
deleted: 8/4/60281d817bba4ab9d1d314619f7dc9-4729326.o
deleted: a/8/0efe29420b6a03a40e8e537b1c376e-7866.manifest
deleted: 4/0/2be6d7115b5d7be9d44edeb012a4f5-4721665.o
deleted: 6/b/6162ca3ac5979ff00dbf06a53aa33d-4758160.o
deleted: 6/6/6a6490fb6c606dcfd7546b28760aff-4116776.o
deleted: e/3/5ca0bf01f28c4a71afe89363e0ec9f-4734166.o
deleted: e/c/edefdeb8ad2898896c3dcc78240af3-3083921.o
deleted: 1/9/df109c4f5a205fbb54d616ca2e6a5a-4818468.o
deleted: 1/d/4da4fc91bd3fca9c3786d5c9faed06-6181.manifest
deleted: 7/e/b33989c3042f27b8ddcb0e60077f2b-4675054.o
deleted: 1/b/be890508d67275bdddf8c59ef11439-3020.manifest
deleted: 3/8/4aa1ab31fe616860591551f90bafda-8101585.o
deleted: 3/e/3a4fb4750b5c3bb3363a3f05f7b59d-5215746.o
deleted: 8/1/6e0b384e3a5ec6fb4675d6cc84f5c2-4777529.o
deleted: 4/f/5496adafb750b76dc01c6614e8d217-2353704.o
deleted: 3/0/748995ee2b2d4fdc324a16dd976501-2010374.o
deleted: a/6/5f4155c33eab4dd5606bfbb5897a53-4733749.o
deleted: f/8/9df57c33ea59162dafbb2610cea0bc-89950.o
deleted: b/4/28db2b2a828b059cf7bc648961e904-3098009.o
deleted: 2/e/30629c98e90141294af10366f009a6-4771650.o
deleted: a/4/15e38d699387d573c687f47b8554eb-4729640.o
deleted: 4/4/ccc87868ee245ddebffacfa5833213-1936.manifest
deleted: 2/e/3d8193459bd24afa652323e3560e35-4142305.o
deleted: 5/9/a433ab77420da72bfe93a1d3e43d75-4706045.o
deleted: 6/e/a6872339375baeb2fc0576f312a026-2591449.o
deleted: 5/7/19f02e9f9c8ffd1258fd9170d9d4f7-4027083.o
deleted: 3/9/ec9fb52495247b7e95423988ac06ce-3389.manifest
deleted: 7/8/2b58a51c32e48462f981dc5027be9d-5188136.o
deleted: 5/3/7cd9a3f9a3dc5663b157c6c8ffaa2f-5119951.o
deleted: 4/5/84455060291aec7a99793b220211d9-4868205.o
deleted: 8/e/a6792921d093a44783e242808d5069-5235889.o
deleted: 3/8/cf81fee59f441a50ef8bfd97f4f2b0-4738710.o
deleted: b/9/03cd8d07c6e90ee618c51a5ce8f3a9-4770315.o
deleted: 8/e/7b98e17b17cdbf8944fc7d90ade47a-4770256.o
deleted: 3/9/945cf04212df95a7d81812a0caeb46-5201724.o
deleted: f/c/c77ef7ba71f279543a90177750d9b9-982422.o
deleted: 9/f/90eb577bcdc28dc572bd0894df32c7-38618.manifest
deleted: 7/8/2b37c4592287b281d304b3a1ef5dc2-6353361.o
deleted: f/4/d58e6d29a43207c9c5f12bd18b0ccf-4405.manifest
deleted: d/2/f63f26fbc23f1eb4d5f87b43d6fe09-4729267.o
deleted: 6/7/94503f919c49b09cfc8972b5b502cd-6416670.o
deleted: d/d/6a47ed8fa611e8a1f58d7adb35fed8-5319486.o
deleted: f/5/cc471329343d79290a5a7bc9b6b135-694824.o
deleted: b/b/70affb41ac998563c820d5a9b89a7a-5237008.o
deleted: b/3/3748a2abf4533d5bb969bc078deccc-3298.manifest
deleted: 9/c/1c03696b5ceffe9e52095711bae02b-2126.manifest
deleted: c/7/0e0f2de48fc4cb744cacde429be891-5269370.o
deleted: f/9/5d17f6fe841686aca136ceeb446f1d-4820011.o
deleted: 5/9/e196090c11fe8cc2dc7e081e3158ab-3106606.o
deleted: 4/e/26fd5e3ab0b371df3403de287bb5a0-2664.manifest
deleted: 6/b/78a39c104a8bc7ebcdf1c69ce31c6d-5129602.o
deleted: f/1/c0474301c23e8c2409230173fea1e8-3027973.o
deleted: c/2/4be75d1d682b7a8dee1d9331973131-2297965.o
deleted: 6/5/3823087f0bd4736de55a3368cc3437-3148612.o
deleted: 2/1/eb5fca6b3ec575b29794bfbac1e3c0-7006924.o
deleted: c/4/5ccaf7a6cda0db272772eda20730c5-5098370.o
deleted: f/2/23c49cae638ab03dc6e8e189fbfa15-1965.manifest
deleted: c/1/79c63729053d927f6e4c91ae8f3f29-14991.manifest
deleted: c/6/b880d51b3696cf5709e5583eeb59f2-4729938.o
deleted: d/2/1c558d258b28118611b0e684ec03e5-2631503.o
deleted: 1/b/68ce889e84ca8a76200bbb64cc6415-3056.manifest
deleted: 4/2/4ccb7564caffeb85220d7760f36bf7-7924786.o
deleted: 9/2/1dcbfb3b8c79618243f1c9880aa23b-5862.manifest
deleted: d/c/0ed62c5e3cffc8c7c8e577ff0bd803-4839304.o
deleted: 0/8/d3465b8647c7836bccbc453040a6d4-2499.manifest
deleted: 6/b/4fef76f57db3086a1dbe8a9f58c366-6376522.o
deleted: d/4/09fd9e8305621b888dbe25681e6e46-4778343.o
deleted: 5/0/12e22564dedb33a4f81336163d93e7-4730348.o
deleted: a/f/7327465daf8b205bc648238e263806-3648667.o
deleted: f/a/c58be655c2cfaa2f21bb349c445e34-10836.manifest
deleted: 0/f/a95bf19e3a8589f8f21f23876a854f-4729928.o
deleted: e/1/fe1d24e0ae6f0c6701ac158d343185-4735940.o
deleted: 0/3/e0f531312ed576823633323cafb685-4103.manifest
deleted: 7/4/c93b65489f2e6316b039c1b41cf131-5253052.o
deleted: 4/5/752d673d6cf5ba6e83bb1763036d8a-4732365.o
deleted: 2/a/b4bb1199650efb29d9be692ce71b71-2829372.o
deleted: 3/5/4f6f91db7bf3628cbd87f4c62c1671-4783227.o
deleted: 7/a/fe7e6a18dc5ad5a8a5b95c7cecbee9-5112727.o
deleted: 6/2/6daed947ead814b8db7cc653248b12-4736276.o
deleted: 8/3/c8b2e18a56ae6ef3eeaa16e8613b5e-5108155.o
deleted: f/4/b2d08e6b209144381fcc336adad9d6-2831059.o
deleted: a/9/94a6a91e5aaf58163e2330c7c032ee-5702020.o
deleted: c/c/0b966ebb9492d38dbab0069a9fa4c2-4019.manifest
deleted: 5/f/04c931515a33678c95dea977822f78-5325755.o
deleted: c/9/f2c2d6d4ed3280764f7070d6bbcd76-7522.manifest
deleted: f/2/ec9571d47b99b6eb98c4a31ed97ec6-2435.manifest
deleted: 0/9/cd87a2717d3bef1373c704ae922049-2485.manifest
deleted: e/6/05699c370df6a7ea0f8e80074626fa-6724.manifest
deleted: 4/a/25d4e6428fcb76a0675725f7607da9-993300.o
deleted: 7/4/ef44ac2a4880a21756dbc3ee0e93c2-5164594.o
deleted: 8/a/8a957a9fa068a6818eaaf3de715a23-6795269.o
deleted: 9/9/b8452dcf4b5364e96d9a20277d8b9b-2316.manifest
deleted: 6/4/44add5c2e1b2fabf492ef08c00aed1-5106502.o
deleted: f/e/ebc0b040b0c6a780fd63c2a65f5a94-3332.manifest
deleted: 5/3/2b687e726055e075e304dc768755cb-3951648.o
deleted: f/7/f4e6b38e164b1befd6b91bfcbb2af9-2291659.o
deleted: 7/a/41141bf6348373fdee23a76f55f28d-2577138.o
deleted: a/1/2cfcdea9dfa0bedc92ce35085b2594-46486.manifest
deleted: 1/1/00ab6096cf5bd1d64d8d08481a9af7-4880097.o
deleted: 2/6/74c176d6caf6bd25e95116539c5512-4743022.o
deleted: c/d/a453ba2d3254e548444df3eccd3136-4883710.o
deleted: 0/c/86c849c921cfc7715d51360e23dafb-3297.manifest
deleted: a/0/af09b20419c5809faee69162ec5f5a-5265942.o
deleted: 9/a/e0f3557dcc404ef633a8622e6970cd-3151318.o
deleted: 0/9/c7861b717f446048edfc17a964c8a6-7443793.o
deleted: a/9/5f450657f6559beb5719c361b4670e-6889958.o
deleted: f/3/da1337132eb74e3f0f2e4f86b22a09-1200423.o
deleted: 8/e/cc836affa54c2ba906f401f7c468ba-5144571.o
deleted: a/b/6ff9c50f768cc7139326065c1e69c8-3024185.o
deleted: 3/d/75f792b7cc7e9f74fa40a467a713b9-50272.manifest
deleted: 4/5/092b103a79bade0328b28cb0363d69-3932601.o
deleted: 4/8/de848da40a5d4761255356767991ce-2113.manifest
deleted: 8/b/584e05084b58d5a2aea0327e777a66-2789891.o
deleted: a/a/09617888f7de6187d8222be32f6fd9-4728587.o
deleted: 9/8/6263f234040616b6e9fccc404820bf-5161550.o
deleted: b/5/f7432eea8de144d0b478f7322ad965-5162478.o
deleted: 4/c/ee1ee3c0cfb730ffe5d6d2bc5665cb-17420.manifest
deleted: 8/c/cea9696dbba4aacb98cacdc7cdb2c2-5144089.o
deleted: 1/6/2aa52de3987e326cc5e2d6692602f2-4906637.o
deleted: f/c/0be1ceecb416b4633fee38a7837616-5334835.o
deleted: f/6/1c70dc27854865a799fbf19c8728c2-5133624.o
deleted: 3/a/b0d9470edbae5505ce70a0ac8a1ed8-3552.manifest
deleted: 5/3/5e7e8be93513d511a14a92a5cc3cad-5185684.o
deleted: 9/f/cef92d38c08a4877eacbe31dac07be-4720235.o
deleted: 3/7/3e22f2c4fd4178f6362308c7c5aba7-4730801.o
deleted: 5/5/01d82dbe1a7398b5bbeee53920bbc8-5260606.o
ccache cache size is 162Mb.
Uploading cache ccache...