SHA for cache folders (/tmp/ccache_dir) is 'af9b8bb9666d1cc88bc448b7ab879b404079a4d72e20aa0724c761e2b4322438'
Cache ccache has changed!
List of changes for cache folders (/tmp/ccache_dir):
modified: d/3/stats
modified: 3/3/stats
modified: 6/6/stats
modified: 5/3/a870lsmv6dmpet9djvsa7qbe0a0t4ooR
modified: 5/8/stats
modified: 6/0/66g1rmke1ekegn64ve49vj529m0m6bsR
modified: 8/7/stats
modified: 8/f/stats
modified: b/4/stats
modified: e/4/stats
modified: 6/3/24nml9bil5ub24af4a36086o6c2b28aR
modified: 6/5/aeadp0j22n0nah218rg29chachma344R
modified: 4/stats
modified: c/9/stats
modified: 5/0/31qisbioktqg6jhfs28sifpvu143d40R
modified: 0/e/stats
modified: 2/1/5etu3j9a9s09eao9lpjrqhcsj65jpr8R
modified: 7/e/stats
modified: 1/7/stats
modified: 5/e/58oh5qnmji1hft3n0djspv7gur7fbveR
modified: 6/6/2apqgk8httbvtgli8mvch2jp92jn3dgR
modified: 7/d/stats
modified: 6/4/75m0s3rddnurtv413gr5db2jeq2vh8uM
modified: b/0/stats
modified: 8/6/stats
modified: 6/e/2fhu4h1mrn2jinr9qldijjm6mikoipeR
modified: f/a/stats
modified: 2/4/d63vt34nmf6a5ju8dskref32e7v8oliM
modified: 3/2/stats
modified: 6/6/20c9bu4lcpb4c4g0ohmae5lajp5tajqM
modified: b/2/stats
modified: 0/4/stats
modified: 2/2/eelc3ura11i9qiintqru98a9mkdcl6aR
modified: 6/c/stats
modified: 4/a/stats
modified: 0/9/bf0cuo5nblr5sk14sj45gid8as0lq5uM
modified: 6/8/stats
modified: 0/1/92kamdh1ue9lh1fj1rsqj73h9s726c2R
modified: 0/b/stats
modified: 6/7/3b2fe0rb2t3dqmos2ndg18dvh4o4qq8M
modified: 4/1/stats
modified: 8/e/stats
modified: 9/d/stats
modified: e/stats
modified: 0/2/8ccg4rf9foq5jpjugnj37lndvjgm9jsR
modified: 6/0/stats
created: 6/2/45v0hrei7ph4huqck3359cvp7ua39tsM
created: 6/a/2auiracbt0g6lfsa1ursju3lofchd1cM
modified: a/d/stats
modified: 0/2/20pkrkltv4cbett36q8hl1o1v8tv8l4R
modified: 1/1/stats
modified: 5/e/780ajhmugvdktd6mmufvbt43uvkdc60M
modified: 8/3/stats
modified: f/5/stats
created: a/f/b2ieion90ce14b88lv6eksiifphjmtuR
modified: 2/0/stats
modified: 7/6/stats
modified: 2/a/stats
modified: 2/d/stats
modified: 5/d/71ru9fb1sqdqs3it3ak5rcggksniireR
modified: 0/6/05htc9rltmh6uo2lcg33s858c511bhkR
modified: 0/a/stats
modified: 0/d/stats
modified: 0/0/8climovsr24kkqlb7f02ttdgn6010m6R
modified: 7/9/stats
modified: 2/2/330895bo7uo1i8c6pp91me561smgae8R
modified: f/6/stats
modified: e/6/stats
modified: e/3/stats
modified: 2/0/c25ntnpna5fokddudjc3v8fhg7vm62eM
modified: a/1/stats
created: 2/0/3dje56dit0p03jamji80j7avebqpq1qR
modified: 3/b/stats
modified: 5/2/dej63geb66b9pqa0n67faqmooi2n40uM
modified: 6/2/9bh1egpd7tqi25vc5o4kjmesdl585jsR
modified: 5/4/4d78dkm8t3v4lbcua465ptpg57fmo5uM
modified: 5/0/stats
modified: 8/stats
created: 0/d/15c4k4cgfve5s7jtqa3qrg7540bnha2R
modified: 2/2/stats
modified: 6/2/68haqk1dhmk697fi2e1dbfdj74ugt1eM
modified: 5/4/stats
modified: 2/4/28h9vub6dc0414l8u695o3a4vb5ifuqM
modified: b/5/stats
modified: 6/4/1d5bt0m1k338c8hsao5kmh57m5i0l5uR
modified: c/5/stats
modified: b/3/stats
modified: 6/3/70rtk4bd7csbrhpmh5lbn32nsrmc0r2R
modified: 0/8/95gbgei1q7irejm2bc963628u13731cM
modified: 6/d/stats
modified: 6/f/4djdtu8t9umuuuir1150gg43sqse8d4M
modified: 0/9/stats
modified: f/1/stats
modified: 0/1/dcki35umaheal9jeri34fn147r3615uM
modified: 4/4/stats
modified: d/stats
modified: 6/4/stats
modified: 2/2/a37obdu2rafdprgub4csendksff4p46M
modified: 5/2/stats
modified: 1/e/stats
modified: 5/1/4994fvsmsfoo5teugtjjg8q4hvh3b4kM
modified: 6/f/7e14q9dgs75tl3s5hntg773capb7hi4M
modified: 1/2/stats
modified: 0/3/stats
modified: a/8/stats
modified: 8/8/stats
modified: 8/d/stats
modified: 5/6/4cuc4skiph3r2rsi2bctr287ectudouR
modified: b/7/stats
modified: c/7/stats
modified: f/e/stats
created: 6/8/ffl37ntqotabtpg31snv3b6p1fcba2sM
modified: 0/c/stats
modified: c/a/stats
modified: 9/e/stats
modified: f/0/stats
modified: 6/1/16i4l57tnh4tn8c0edalu28vkdksemoR
created: 2/f/c2n68dndtkn4j86v9d85qecnd2c8kceM
modified: 6/5/5fgqnokbg8h9dnl3n1fjuilleflsk6aR
modified: 0/stats
modified: 6/3/d1i4qq54ibh9h0k1k1jjqpr35un4c5cM
modified: 0/5/5bhsef12sd5u0t2dsd8j7i3fa72fehiM
modified: d/c/stats
modified: 6/7/1a4652d66ghopdnhubab27ds5fvp95eM
modified: 6/c/6708vc2ab5ai5oiik4uiros96ggrcrcM
modified: c/6/stats
modified: c/e/stats
modified: d/9/stats
modified: 6/5/stats
modified: d/e/stats
modified: 6/b/ceagbst5dn9fjq0vcfup749h6i2hpi4M
modified: d/f/stats
modified: 5/4/2f6kp7gimju1qg5ibtkbtsimtch2ctqR
modified: 3/4/stats
modified: 4/2/stats
modified: f/b/stats
modified: 9/4/stats
modified: f/7/stats
modified: 5/3/stats
modified: 1/stats
modified: 9/stats
modified: c/c/stats
modified: c/d/stats
modified: 6/d/6402iohb8a3933c3rfenfugje227g18M
modified: 6/5/0esb42vsu6akve5re7tfq3kqi0gjfaiR
modified: 9/5/stats
modified: 2/b/stats
modified: 0/6/73jb2dbjbkffppu3tkmfio9dv8fgqk4R
modified: 6/8/4blqebbmpqle38lpnj731tgn9na5nhgR
modified: 0/6/stats
modified: e/1/stats
modified: e/f/stats
modified: 5/7/stats
modified: 0/9/11he912sftta0jk9j935k81ce787mt2M
modified: 8/9/stats
modified: 0/3/b6cqbce1mg84t2pob4dbislhdvvaufqM
modified: 0/f/08fhvqdh214kuqquflts62oj46o9v9qR
modified: c/9/68kvgipmogognh30ae9hot1h91jf0r6M
modified: b/a/stats
modified: 5/0/4epu1e7k9bgs4mkuafseif1jftugnbiM
modified: 2/5/e33td537adq4gkh09tglc3h618paopoM
modified: 0/3/efe3ou16bv42pu57la7ch8krvft427cR
modified: 7/0/stats
modified: 0/0/stats
modified: 2/5/stats
modified: 3/f/stats
modified: a/4/stats
modified: 9/8/stats
modified: 6/1/4bv01pkilphh2orfom7p7eluks37ru8M
modified: 6/5/a6g40i2om5aq4qjmc2dev8mjk02m6c2M
modified: 3/8/stats
created: 3/5/9a8alq9a9tru0ffe0dc72quvlp4nlb8M
modified: 7/8/stats
modified: 7/1/stats
modified: 6/2/2b30c9v0kesd8dd6m1njgil82v60k94M
modified: 2/f/stats
modified: 5/d/stats
modified: 9/0/stats
modified: d/5/stats
modified: 5/6/5ft5r8ubqf9jjjd65q2to657avi23eoR
modified: 5/6/stats
modified: b/8/stats
modified: 1/d/stats
modified: 7/4/stats
modified: 6/3/stats
modified: 5/8/c1e6ut6rt3hepa7h53k8stb21gtc7emR
modified: a/9/stats
modified: 6/e/stats
modified: 2/4/9bcua4pkgnuaq1pdj4jfqe71ngi8na0R
modified: 0/4/54pmfu01mruiftd53dv8a61bnof9ktiR
modified: 0/8/da51d9ieb94ebvt56nkn32c930slpeaR
modified: d/b/stats
modified: 5/6/d48nk8vdh23q78o0pfmankeke2b330qM
modified: 3/e/stats
modified: 2/7/18841oba0ohdgj5qt56m51o0156ek7uR
modified: 6/5/62ehs42tr13ri681km50urr6tdjfgq4R
modified: c/3/stats
modified: 2/a/c3pmsv4g75ga28gfi53dt77bmr2k67eR
modified: 6/b/stats
created: 2/2/47t3o3luo5qqiq97uppv3l116hkbcciR
modified: d/6/stats
modified: 6/1/stats
created: 2/8/c6ndvnqd14end98mu9ngpvfqgtqrv4uM
modified: 0/2/88dr44f8875uorn8io1686brvj601pgM
modified: 0/2/stats
modified: 0/4/4evk3vflq2p150pc3irj2uai4sv525eR
modified: 4/8/stats
modified: e/a/stats
modified: 4/c/stats
modified: 5/3/f17liuegpn82ajtjfcdquh03jeanr2oM
modified: 6/3/b284gpprfre4p99gkam5o17blbqi1hkR
modified: a/5/stats
modified: e/c/stats
modified: 1/4/stats
modified: 9/a/stats
modified: 5/d/a7oa6opq7blhe81168c5tesanec4gkaR
modified: 6/7/7b01t7a22d9emkgoj6bm54f8mk5pdaaR
modified: f/stats
modified: a/7/stats
modified: f/c/stats
modified: b/e/stats
modified: 6/f/1eetmt9gitojri9csqcc001ut0g4nfsM
modified: c/4/stats
modified: 4/9/stats
modified: 9/7/stats
modified: 4/3/stats
modified: 3/a/stats
created: 2/7/c8ktsicse694heacbo7tgjecknb0cbcR
modified: 9/b/stats
modified: 4/d/stats
modified: 2/4/stats
modified: 7/a/stats
modified: 4/7/stats
modified: 5/3/328htngib94e95hu0p3o83ihlvvs8usR
modified: 6/7/726njicr9lp4lq8a1l0di7jjkpifhqmR
modified: 6/0/fc34r4tc0rb04i3rdjcschh0dkaq946R
modified: e/d/stats
modified: 6/6/febamnnmrbup8hokbv97pubbbrkdihgM
modified: 0/7/stats
modified: 2/2/26hn1pml2mb7b9nqtdtq7ebs00m67q4R
modified: d/8/stats
modified: 6/1/66s0ba2hb4nmids7bpjhud9loaq1uhsM
created: 2/f/60ncfkhsspqo7d1589iju9r7hdi9qs6R
modified: 9/9/stats
modified: a/0/stats
modified: 6/stats
modified: 5/1/e98ks0r9n1ngbuf9fge6k2fj5ronjdkM
modified: 5/4/6dgenkgpeln1aebf0dn2fo31f2s269uR
modified: 0/3/52r30gm6sn7g6opp3mgu7hrpao03714M
modified: 7/5/stats
modified: f/3/stats
modified: 0/d/3dued8ukm0l792dm08q0klcmkln8f02R
modified: 0/a/e0h9u195a0otiikblkpq28n8qg106m0R
modified: 8/2/stats
modified: 1/b/stats
modified: e/0/stats
modified: 3/6/stats
modified: 8/b/stats
modified: c/1/stats
modified: 2/9/stats
modified: 7/2/stats
modified: 2/0/6dndlgg1oogfl8nd05k2ea0fqqmcjd6M
modified: f/8/stats
created: 0/2/ffafvft8dvs96evsr96ujlvi5h54mfeR
modified: 6/1/a0u6j7fahg1rtv2v9kcibua3ar1phk8R
modified: 2/3/stats
modified: 0/a/edo4danif1aq3ots6rut12itl1fnbpqM
modified: 0/1/c891qdib77h06kgkraloro79a82a0l0M
modified: 0/4/b1ner6qdknlo9octbk8tc2bgbb84pd6M
modified: d/2/stats
modified: b/c/stats
modified: e/5/stats
modified: e/9/stats
modified: b/d/stats
modified: 5/2/d046ssgv5bui28mq98s814omdk10qccR
modified: 0/0/07i91eldpfo7clg2vja87md8o966kumM
modified: 0/a/b4eofnh9jgl9bd47vb01c2dbuq7ppmeR
modified: 2/6/stats
modified: d/7/stats
modified: 2/1/e2kviau74u6sg1pi7jfk3c3ig1pc8f2R
modified: 6/2/stats
modified: 5/0/49039g7pk0o4dphssnuntftmso9j518R
modified: 8/c/stats
modified: 9/3/stats
modified: 5/stats
modified: d/1/stats
modified: d/4/stats
modified: 6/a/2ec89lfl9ngpdr0qp4k80dah6le5c4uM
modified: 0/6/09fjfrg2n3hpk4td0rcr2jfojf9bsu8M
modified: 2/8/29lvdiikr87t05o3og8oal558lkp9aqM
modified: b/stats
modified: 7/f/stats
modified: 0/1/stats
modified: 8/0/stats
modified: 5/c/stats
modified: 8/4/stats
modified: a/f/stats
modified: 2/8/stats
modified: 7/stats
modified: 0/e/0128n23o8pokqe5so7akhkse969895qM
modified: a/3/stats
modified: 3/d/stats
modified: e/7/stats
modified: 2/stats
modified: 2/e/stats
modified: f/4/stats
modified: 3/7/stats
modified: 3/9/stats
modified: b/9/stats
modified: 6/c/1425ql52mocd6qfks5il55fi61hilliM
modified: c/f/stats
modified: 0/3/606ug70dnk5mavi4496ta404p6j4i42M
modified: 4/5/stats
modified: 4/6/stats
modified: 6/5/daop55dqcva5gtves8laprotlqh1kduM
created: 6/f/61vplps8np7ur18sjk7g0b8vtkvusfaR
modified: 0/c/313ped8tqd1ge9omh5o109vk7pur8l6M
modified: 2/3/5eht1c2kds1hbkice39cfhs5j5rla2aM
modified: 8/6/cd6bm12ga9pg363qcdgt4qen3i2uv9aM
modified: 4/0/stats
modified: 0/5/stats
modified: 1/5/stats
modified: d/a/stats
modified: a/e/stats
modified: 1/c/stats
modified: 2/a/0a6c85ioos68ibom2bpo75bhse1fujqM
modified: 6/7/f9nnedimj1r5it3e092d74smbm27nquR
modified: f/9/stats
modified: f/f/stats
modified: 6/1/6djs63thr7pcg4hhpov4c2pfh2hlu8aM
modified: b/1/stats
modified: c/8/stats
modified: 5/1/1aoi0di2gmjp6qg8hkdbdkidgm21j5iM
modified: 2/c/stats
modified: 6/9/stats
modified: 5/8/07cph4mkqigurpu2p966p6mii3fc1c4M
modified: a/6/stats
modified: c/0/stats
modified: 2/4/4a9kmmvel6dfp3rvet0hbpn0kn84gq4M
modified: 3/0/stats
modified: 9/6/stats
modified: 6/a/stats
modified: 0/2/c53o513kv0qfu7r6lppnv9kcibt56keM
modified: 6/f/stats
created: 2/b/57jteboahacb1eeb3b9lt9b7hpvisv2M
modified: 5/6/acdhtusknvc2l6v8ms4npk8qqf92gfsM
modified: c/stats
created: 0/9/73aqpg6dgbeqjsaeuujcadi1gvhcv2qR
modified: 2/7/stats
modified: 1/0/stats
created: 6/5/1auail3ed8ueclssdj93cd5j4loqepaR
modified: 5/a/stats
created: 6/1/71e3pi9fpcanc20vpi33ss1js57mruaR
modified: 2/7/831gs5h9fc3eh7r0fem3ehrph3u0nu0R
modified: 2/7/ferh4f5qhrb7v5gj3uharu1kv50uo2aR
modified: f/2/stats
modified: 2/2/3760it6lu3km8li53gdcufrdnmfm81cM
modified: 6/6/a5kkjk64977jgm8527f4710h8aq9vqkR
modified: 9/2/stats
modified: 6/7/stats
modified: 6/3/1ctu6f1pug1a1k99no2vp0crhnk50r6R
modified: 6/a/8b0evaj1baka4fcrt5nhomdek9bk2s4M
modified: 3/5/stats
modified: 1/3/stats
modified: 7/b/stats
modified: b/6/stats
modified: 5/5/b9hn591oknplom6ou1us3ct3oeqek1iM
modified: 5/9/67jjs2qjtm8se058k8556cqlm5jjtgkR
modified: 5/9/stats
modified: 0/c/df7d1ltng353tqofcfvui879vocofkiR
modified: 1/9/stats
modified: 1/a/stats
modified: 8/a/stats
modified: 5/0/010amdlbmcnn9h4thjkuu6h3an1c466M
created: 6/3/c29665779o142n62gl0pr9ii8hg0uacM
modified: a/a/stats
modified: 6/8/acq21hme9mchhcjl89tat8hng4c8raeR
modified: 7/3/stats
modified: 5/5/stats
modified: 1/8/stats
modified: e/2/stats
modified: 5/2/8eo6ast34ie5hb7klfkktgenpmobp5mR
modified: 2/1/stats
modified: 2/3/cc3un35cduin3usmkfpuop9kf7tkqcqR
modified: 9/f/stats
modified: 0/f/stats
modified: c/2/stats
modified: 0/b/67famrvc09ele2hnn1hdpca0chdtd3aM
modified: 5/f/stats
modified: 7/c/stats
modified: 0/3/a38ektr4l5aa1758lssh14mho3jekqmM
modified: 7/7/stats
modified: c/b/stats
modified: 6/8/3c5g8j2ce47ggejjrpg355ard4v39qqM
modified: a/b/stats
modified: 1/f/stats
modified: 5/0/0dpdoect0tca3iop633c329onr4s63mR
modified: 5/e/stats
modified: 1/6/stats
modified: 0/8/stats
modified: 5/b/stats
modified: d/d/stats
modified: 5/3/f4t86ehepc46g4dp863pein4ksl035gR
modified: 2/2/fa59tln49so4cj75s3n7b1j8i4s2g9iM
modified: 8/5/stats
modified: a/stats
modified: 4/f/stats
modified: b/b/stats
modified: d/0/stats
modified: 5/1/stats
created: 0/7/eamomubl6u3fubbo6n040a1k6o6lob2R
modified: 0/c/1dou8l4qp38hca1quqdqsqpk5i0916gR
modified: 5/0/79ap6vsmqqup4aee8temr13m675qg18M
modified: a/c/stats
modified: e/8/stats
modified: e/b/stats
modified: 6/0/99p9jidhr1v7i8fklhudtt400bdcfq0M
modified: 0/d/eanht48h9u73fbit12ht3kaceumqvuaR
modified: 0/6/52d461a1c333tctuvl8oigl4g3aiu4qR
modified: 8/1/stats
modified: 9/1/stats
modified: b/f/stats
modified: a/2/stats
created: 2/6/dat77gupc80i82eu7irt2ck4li46ecoR
modified: 3/1/stats
modified: 3/c/stats
modified: e/e/stats
modified: 4/e/stats
modified: 6/5/930g1hm1snthi8i8rqicgp9k6aqcptuR
modified: 0/2/a2jqfrmskd51i3n08sib4lg07g9fckoM
modified: 0/4/81g879cslsahi8av6vjep8t2g80q99eR
modified: 3/stats
modified: 5/1/d6fbgqkb423437jp049nj644t0bivesR
modified: 0/1/74bk2mnpq7qd5653b5jgsq0nuou6uocR
modified: 6/5/dd7dkv8mcb8tnmmfu667di5bfg2gho6M
modified: 9/c/stats
modified: 6/3/f469l7frct89c1g3u74qcuchr6dousqM
modified: f/d/stats
modified: 4/b/stats
modified: 5/f/1d1mqg4h9t2j7807crkmqder4qh6vmqR
deleted: 0/5/a3posh5kke48747mvgi7jvd8g7rinm4M
deleted: 2/7/386spvl10njbqocg0i1c31ml979jpboR
deleted: 0/c/c0nf0bf180ktevb3s8f6rm2al0gcuu0R
deleted: 0/7/6dpn2qo7n3stqo7f16rrfl0uiq840qiR
deleted: 0/b/49r4e1cirvbroemiaug16nttgdltn10M
deleted: 6/c/a7tu4jk9al6a8vcifabp6k1kfa46fvoR
deleted: 0/2/fcmsju2ufdhks995fjhg92fga0r46luM
deleted: 6/2/3fo8aklb9miii76t6su4o7fj59fqvbqR
deleted: 0/3/afqhgtb6sf57919hhthrkrcbf7i0ap0R
deleted: 0/0/cc21bqjq20qduvmr99ddqntsghsin6sR
deleted: 2/4/8dgnaqic1safg7tf31h7f8vn6029tc4R
deleted: 0/7/324138ifvj397n36d5ldodv6ogqecduR
deleted: 5/d/04k0ga2bmibpdudcvoj9ts0gqq44e9kR
deleted: 0/f/75ng2vigeaf82m0p2jds1bl7vc0gq6kR
deleted: 5/b/48fhb8t66017bia5b5fb71ca531dpemM
ccache cache size is 171Mb.
Uploading cache ccache...