SHA for cache folders (/tmp/ccache_dir) is '025a7652f7bf0dd7ee22f4ea8c648d0f5d4fcea07c08a6490b5e1f36e11495c1'
Cache ccache has changed!
List of changes for cache folders (/tmp/ccache_dir):
created: 8/6/e1c9136bbde773403637655b957dcc-3051782.o
modified: 1/b/e1c166683bff22bbcb3f7f55d4ace6-10341.manifest
created: b/9/474d0fc0823caa9eaa4490d8f035f0-5354995.o
created: 0/e/ca882cb0b5bd02724a2d1dcea329a9-5302948.o
created: c/7/0de7812655a1bb84703368da213734-5464443.o
modified: 2/0/483fc3fd51582748659f62179433d7-3858.manifest
created: 5/7/5731843a572d597cdb949fdbd017b6-5354564.o
created: b/9/18a63867ea5cef5f93e8b5ebb6e352-5352943.o
modified: c/5/949c0302fe37e34341570a8d67dfc6-5750.manifest
created: c/2/509b429c3759cca01079780ad3641d-5422380.o
modified: 0/b/c50402fbd0525c26f0e6550b936210-7539.manifest
created: 9/c/3b7f6ca18a8db8a6d0292fbbb28ef2-5368260.o
modified: 1/7/1888e282c6e4c9a6dbf1874f999e52-48926.manifest
modified: a/1/1b513fdf6a95b612621d009f07fb7d-4300.manifest
created: f/9/f173891a63f4aad335f6ffcfafbcc3-4311964.o
modified: 0/1/b73599b50f26d19d9bdaf6fc353596-3420.manifest
created: 4/6/fcd30933f055465425d35f3d2ad9dd-5423166.o
modified: 7/9/1a4bfa87129ae018dd0f806153a636-31130.manifest
modified: 6/3/6df58d11b5bcbbf6d5b5dcef55a727-15955.manifest
modified: f/d/fd6d26a1eb06501e3b35685850ee4f-5007.manifest
created: c/2/a74b3582c24fcafa6318b4460e5517-3891873.o
modified: c/3/66037a4d3b6c77ea47c098e1d23477-3952.manifest
created: 3/f/27d2bcec73a3d3b810ed52434b8a0a-6021239.o
created: 6/2/d7eaf61d3a9acaaff92f00eac5e085-5307580.o
created: e/2/32157a531ec4a2479bce47028e093e-4391578.o
modified: f/7/46779ad2c3940894af890d51a52950-4292.manifest
created: 5/c/317ec79632c71d8fb60977d8a6f0ca-19931.manifest
modified: 6/4/9983e640008eb877c2f1cd69108a62-3804.manifest
created: c/b/f2ea6fffe6607e1bdc807b19a7d840-5210993.o
modified: f/e/02ebd408a641efbf4936912bf230ba-6813.manifest
modified: 2/3/96b829e10aa2a4b0c145e964f2b963-2859058.manifest
modified: 2/4/a8319a31d61baf6f5c50978c4d8086-3112.manifest
created: 2/3/5691621d1c785c7ab524ec96dcbde6-5377041.o
modified: f/2/68435aab989fd09a0793384ec3344d-16407.manifest
modified: f/b/bbfbc63517a200ba74c781d6f761d8-6625.manifest
created: 1/a/0275c0ac4bd36487ec5bb8aadf7183-6081901.o
modified: 4/6/daa70c1d7d9407402ca684aadaad9d-6053.manifest
modified: 6/2/5503a1b530fd0fcec9494bb1e2d537-1877.manifest
created: 9/5/8653f47ac92f7d15601bec44b0b3a2-5315017.o
modified: 2/9/a7a05e5f0fc587dad6509df1f6776f-4179.manifest
modified: 6/6/39089b0a86420536d37aaadccd95ee-2809.manifest
created: 1/4/d4795727ef159d1b8164fcaa220e86-6350043.o
modified: 9/f/f3f384b36911e2b50f67ec18875611-7577.manifest
modified: 6/5/d37262776d939cee2184dd702c072f-3851.manifest
modified: 1/0/57f1d6e4dd18b3252b29f0a5e95d2d-3802.manifest
modified: 2/c/43a55c21f2215a2a6a1f67a8918ea5-14715.manifest
modified: f/7/66aec514715aec2f9a06e9a0ef37d1-2227.manifest
modified: 6/f/7d9dfdf23994ead1cd2751cde57906-2259.manifest
created: 2/5/4afb75a2ba74308033688feac06ae8-5336330.o
modified: 4/0/a29215cfb147fee6c81d1fc0f03399-28877.manifest
modified: 1/3/5f0f4a37bb09e2fd601a7df4e4b980-3463.manifest
modified: f/b/d4726284b6dd1565a6e65b7bbd84ab-3104.manifest
modified: 6/3/f60d152241b72a81f3753e7ed57ff3-3282.manifest
created: 8/0/a91e9e6f9deb8cec9109473e0b0552-5900834.o
modified: 5/b/dbfe58e3ff28b5baa3e3545e2a0752-2436.manifest
created: 8/0/9c6140d7be8b08229797ac5459f76b-5970972.o
modified: 6/d/5d88c44a7ee2ba77cf648558c73c9e-2670.manifest
modified: 6/3/c36be1067f5b5a0f17ff1598b838c3-7765.manifest
modified: e/d/9e9da7b903f1093c25a00ec3ba4e0b-14967.manifest
modified: c/a/1a3ff0ae77423045ac90fff6853deb-7806.manifest
modified: 4/0/1f947fbf6a592ca53548385412b045-34024.manifest
modified: 4/d/562159a7a8463d28856100e1b96a0a-6273.manifest
created: 9/4/a5abc5c238697598001c2a8f2a0805-5351300.o
modified: d/f/ce2290470a5db6533ee5c6825ca417-10180.manifest
modified: 1/e/d93597a12edd329b86864f93aafd53-1630.manifest
created: 9/0/25313143bbf125ebf87e83f03f5880-5319086.o
created: 0/b/ac2bb28b15465cabed13085a3322d5-5372003.o
modified: 6/0/3d4fc006cbfb2858fa741ca9e0a633-7552.manifest
created: 0/1/14241feb63cb7c3cc7727ef5e6b1aa-5404984.o
modified: 1/8/dcd05e0d7ee50e44f5f10b5a72a290-5146.manifest
created: e/8/30df368e526bf28d5bb7a1438bc244-3199713.o
modified: f/2/c2cdabe2c30a535230e1a27d5f03a2-9589.manifest
modified: 3/3/e14489b797159cb61122f0b6f442a9-1651.manifest
modified: 4/a/038e318e80233378f9afd33c483730-6379.manifest
modified: 5/1/da72e511365eb7a2a067ea134e305d-102544.manifest
created: 2/0/d0817225ba46ff711d3ea6b078888e-5317600.o
created: 0/1/3c50b9f794c14609bddc01b86edd41-5360301.o
modified: 4/8/219a8ac08f86d454bdaeac217a2802-16169.manifest
modified: 6/1/854c77b3ea695496bee0d0a04b97cf-4722.manifest
modified: 5/d/6c8b7771b102f6cec8c62f6e28f77d-4160.manifest
modified: 6/a/a82b495390f88ba4bb7d73b0dc974f-1602.manifest
created: 8/a/cc7c6e29b4233c26e472f101b57809-6026218.o
created: e/1/5309617110a657ab5abe7d6c40c1bb-5355861.o
modified: 8/7/85eac22c7241f0d3a97cd44f1d152e-13728.manifest
modified: 2/0/ee4de2809a71725e7c0ebacce6621f-3165.manifest
created: 2/9/1ca5912b2fb755554fab8e57e3bc79-7346619.o
modified: 1/7/4012a348c895bff8499d5178247c0e-2189.manifest
created: a/4/60b0651fe57e31bd4c210ce4cf0f4c-2823639.o
modified: f/9/86a813d23eab275334888d886f45c0-107420.manifest
created: b/e/b1a61c8e0608965ed98907e2615e52-3109006.o
modified: 2/8/d257cff951ebe159290b625eaa8350-3453.manifest
created: 7/c/094bbed05051d4c50e91dc75184f90-5383652.o
modified: 0/6/838fe2a7042937ea2e45292086143b-6988.manifest
modified: 2/5/305518d378542a94b5f50cb2cf2c9f-7183.manifest
modified: d/e/91fd77e2880a5013da6c8a260f8ff5-3718.manifest
modified: 8/9/fcd68ce6c4944197f404ec1c417db2-11338.manifest
modified: a/d/6b1f7d772134b7b73aad559a44ae13-1870.manifest
modified: c/b/5ded38f9f35d3d8718887da6c36c93-2168.manifest
created: f/9/4be0f97df9928e9f72dbc589de251f-5323225.o
created: b/2/4ddc01ad6bd1b569174b94c57b2dda-7936520.o
modified: 4/f/9feddcdf2ba5fb9454990fa43638be-10558.manifest
modified: 3/d/8d0ffefa4b6ee7bc7f3f5a21758bc9-1862.manifest
modified: d/0/b937d7f07c7a9b4142ac39b8703faa-16472.manifest
created: a/8/38fd6666b9d3abef414845d816c7df-2981446.o
modified: 6/8/570f1e430cbd064d5b25f5ea7ca59f-7539.manifest
modified: f/3/7e6761d48dec77b7bdd021e611771a-17745.manifest
modified: 3/a/629fbc6ffde74eca96e5c6eb45a11e-33465.manifest
modified: 6/5/13b4436a18847690535f76ac9c70e9-27302.manifest
created: 1/6/273f667794b9043d1af5f857faeb62-7196605.o
created: d/4/9a8bcffb596d4f88cc8e3644b6c7d1-7012968.o
modified: 1/1/0434d51afd032afe0b2f12c07bb5d9-11696.manifest
created: 5/1/7bb7d9373a71f51fb2627c6d7209eb-6953703.o
modified: f/a/678129081818460e8662823c171af7-15883.manifest
modified: 7/f/c44be6a30bb555a529ca183be2de3d-3170.manifest
modified: 3/stats
created: 4/b/f2607e0c8c55fb8402fc1ebc683bc8-6558367.o
modified: 8/3/2aac2919c998c15394afd8026fe757-7936.manifest
modified: 7/a/48053009ed44266f4a2e64714a6fbe-8591.manifest
modified: 1/1/195114877ab9e26ab8da7ea01eeee3-8016.manifest
modified: a/b/dc6e6e289abc2c4bcabccb1fa790dd-18393.manifest
modified: b/8/7d43d8529b27c01af111141d3c320a-8085.manifest
created: b/a/ffc3e9095e9f344359eec3dfa7acba-7054385.o
created: 1/1/51f4af1d0ed91f8de19ab6cdf61feb-5362343.o
modified: f/7/9bd4cd6ebcf0581f542390bd1f58a0-6096.manifest
modified: 1/f/8b06398a9f76cce8d4d2ff46e747cb-19281.manifest
created: 6/b/2a06d3e7cb67f1cc702dd330d0a97d-6615647.o
created: 1/0/89ebcd335f61c915c3f4f2dfaaf63e-5641760.o
modified: 5/1/7899dc17b71929ba112d592692abf1-6562.manifest
modified: 5/0/89a220f527eead1204687c527d2528-4731.manifest
modified: 3/7/9951890b779c026e648e25008afddd-6353.manifest
modified: 0/1/c8325ff516cfc9ff5c7530e9538a6d-2041.manifest
modified: f/4/073ac80ac2b3fa843e86d46af73265-2643.manifest
modified: 0/c/7e6783b4e8dd3cf2ea5db88e60997c-2607.manifest
modified: 5/e/6bedd9428912b4f2e0fab7f6c116f1-2894.manifest
modified: 1/a/578487ef8b67bd8360ca3ee441ae2c-3750.manifest
created: 7/4/bd91ab00d7ea8f9986377d4f2134cd-34990.manifest
modified: 9/9/c5607bdb29404f7c80f9782874b6fb-18426.manifest
created: a/3/b2ce7ede5b9b509d48088c15585b9f-2885900.o
created: 4/9/59e796d44fe1dec2a5cdce6193fa86-5894205.o
modified: 5/d/f0ff80b10b0639210a51c043e5c3bb-5932.manifest
created: 6/0/fb81129ae795c05b4e04db0e6dbc92-5424318.o
modified: 8/stats
modified: f/1/9cc353584d42ea14ad9460f6801703-6407.manifest
modified: 6/5/22e74ce8f706d2db2fc77da4c272a4-10070.manifest
created: d/0/40579f1040bb8e63034158557fc4bd-2928207.o
created: c/0/db66e486b4e01c4494f85981348602-5316845.o
modified: 2/8/78f44b34496930ae5f418ad966e17e-16116.manifest
created: 6/e/b613d6cbd01d07212bdc0270d9be95-5322566.o
modified: 1/0/ef3c0aa1974e8dc56d45040e0117d5-34458.manifest
modified: 5/3/f9abbf123cb8374731897da58c6faa-2493.manifest
modified: 8/e/c05dbca01aedf2694853a3a965bed3-13340.manifest
created: 1/e/95cf95eab1e2b03f3d867e166a862c-5395759.o
modified: 1/4/01baaaf619486c8cb8a670d7bef4f9-60088.manifest
modified: 8/0/c191e3731489409c89c83ffec23d03-15298.manifest
modified: b/c/e2080ab770a1b008a35014c72cf22b-2320.manifest
created: 4/5/ef392db893158fa73a1f75c7710a50-5365598.o
created: d/7/a8af5c3c9284b1aab87b1b734bec4f-5352005.o
modified: 3/b/eaa45e2b4991c0b971aa7bdb634d78-13494.manifest
created: 9/b/34865ecb8cb1c1ee0e0b1e226a2317-5302392.o
modified: c/7/b628725f23460bfd73b06aafee1840-21121.manifest
modified: 0/b/d49b5a78214fcac7c36e629d5d1e87-3315.manifest
modified: 3/6/6bee58d0630238c014917b35d78d9c-12729.manifest
modified: e/6/cc17484dff5357b09dec81cd29c898-2544.manifest
created: 3/f/374053bc5ca49e5cd522bb6ebb13c1-1805.manifest
created: b/7/1b0f7c46ead68b98c97cbe0c7d6df9-5339271.o
modified: f/6/98b64adbed550934cc29d22065012b-9370.manifest
modified: e/d/139934ae10a4a770838a431dcccbdb-11577.manifest
modified: e/2/619beea428045a850284ba14a0457d-12605.manifest
modified: e/2/ebe70b06de4bade782e32bae3979eb-2580.manifest
modified: 2/6/751de009267fde1e27fb6c8799658e-45204.manifest
created: f/9/46da985c9ad53fa741b0fca778b7ae-5381021.o
created: 6/5/0147e33a0fc1c88306acf13097cc09-5351168.o
modified: f/f/5e59cf8bb2908783b41dbd8964cc74-9039.manifest
modified: 8/8/b950289ef093f50d73ec8ea4bc1c53-45339.manifest
created: a/0/bf66cce390698d5d89ebcf0623b7f1-5502013.o
created: 2/2/c4d6867a5791bf696b1f329e2bace4-5228436.o
created: f/b/cd478c04dc03a90d3a979a435032de-5331174.o
modified: b/e/4a583faa862449817c6272597835fe-6416.manifest
modified: 6/8/5b6a3548cb9504b6b9336125df8776-13820.manifest
modified: b/6/f211d859d7563e1106b814f6be2693-2345.manifest
created: b/6/d8d515c3ce3543a3a4a99c5c5afcef-5568044.o
created: a/3/e1af210708b4e64c91f201c49c9295-4390405.o
modified: f/0/ceb2e2e166dc69b07f9a166cdab812-4305.manifest
created: f/2/c37eed3f1193ddd78d17b297006d2a-5452475.o
modified: 0/stats
modified: 8/5/91dc512076e2d9d718232abbd64439-8907.manifest
modified: 2/4/35b3eda78598d8c737b3e1e7f25297-50608.manifest
modified: f/d/70455fc25de2a3cade0e00d90e7adb-9953.manifest
modified: 2/1/7042de542554d6052af8eebff15a90-6310.manifest
modified: 3/0/e50036ba6ffbfb1a0f5dfa2bef26f0-7868.manifest
modified: 7/4/73e3bea3f5dd57b9d993d424817b11-20465.manifest
created: a/1/b5d23b3dde0663e61ed5de3eb3d34f-6044974.o
modified: 9/d/778895fd0bb679306d9319ec9b9f73-4578.manifest
created: 2/4/42910767ebb35b5678c0f6871dfade-5630062.o
modified: b/4/847b0d076abd00b5fa1adb2a3b8132-37654.manifest
created: 5/8/e591b3a01375d0ab3c9cbaa5467e0d-5735416.o
created: 4/c/14811e8f9bba90baba0249811cd0ca-7048181.o
created: f/4/4bccad1b63d6acf96797ac4c445055-2821635.o
modified: 8/a/3d0d38bb9c5dbdb12f121ec8eaf59b-2549.manifest
created: c/c/0dc7337d0a9a3424ee9b37b48924b8-6980817.o
created: 5/d/f07363623c5f12a9e574539fe516ae-5326004.o
modified: 8/a/2d34530b055d23a6f8fc30f394c511-11332.manifest
created: 0/b/95c232ca13439b2a16d2adddb6933c-5366975.o
created: 8/e/80b69f59c5f0f4c618aee1c5cd7c0c-7107517.o
created: e/1/765a0fb41294695c04b8491d704de9-3286459.o
modified: 4/e/5cd4d6035fe205bdf1ca937b429b18-9094.manifest
modified: d/6/7ffdfe2109fae071f7f1bea858bcd3-19484.manifest
created: 2/5/fb53dcede60f7e755d635d2125101b-3378358.o
modified: f/4/4ff477a1da4bc333059001b47df142-90673.manifest
modified: f/d/32b448412eb33ad0f085e1ff6ff8a9-10855.manifest
modified: 2/8/73f8b2203ad2fbc7b36cca2a173adb-20172.manifest
modified: 9/e/b2355eadfada3df989da873f2a2834-6045.manifest
modified: e/b/f5c2178781b05ae0c7821b773fb783-33591.manifest
modified: 6/5/d83919a9222ff9f28613295d2329d4-6243.manifest
created: 8/f/5681322e1a5bd66774c6ce48609e35-4565952.o
modified: f/7/164846e31f7fb72b57623596809880-5808.manifest
created: 3/a/7c6bfac019bff9bec4db5822e6061d-5341489.o
modified: 9/stats
modified: a/f/437801f9e94d6a9b0cf128ff35bf27-13771.manifest
created: f/5/eb256427e7c13222fdfa3c3cc748be-6055682.o
modified: d/6/dfe49fa6f9cd7478f64d34c0fad3ee-17421.manifest
modified: a/0/904de1005d7828f0592b05203bd2db-4487.manifest
modified: 7/d/5768174c96858487575666569bb87d-3446.manifest
created: a/d/367958e43a8a055629953c7a71896d-8011947.o
modified: e/7/a66d797dbf811e64413075d78b1b79-18415.manifest
modified: 1/8/b41024e771f487061fdd492034bb53-46657.manifest
modified: e/8/8589fd70e3bb8711616c3a8ca881ba-3694.manifest
created: 1/7/1c4b5acc65f77de7041ab3923a528f-5422830.o
created: 5/3/5b90adfcd875ba4593c5a0dce9c879-5328083.o
modified: 3/5/be2aea12090b0f6f259f6f29bcddd7-2250.manifest
created: 7/4/a0c218451d79697620588771692ade-5221988.o
modified: 5/3/c33f68fbff99b98a0c1932dc9d1945-3150.manifest
modified: 5/b/53c9177e0fa264730477ecb71c6040-12950.manifest
modified: 7/7/0c01851836fe7d59c47aefb413effd-10782.manifest
created: a/c/63afb995da0300af75a16dfaf99fce-11432.manifest
modified: b/b/aae4f06fa5b86805607c41d1760b2e-13331.manifest
modified: e/9/5e415a28f7c061a7cada4f56dc8b28-7661.manifest
created: 0/c/1f1942cc010f6894c5907c71352e84-7054701.o
modified: 2/4/ac4523db346a381a9a2a2cf7a9af1e-9051.manifest
modified: f/1/d63942babf4d5b15a08ae6bbe378e9-6964.manifest
modified: 4/3/24c859cc85c820df84b4b016e13dcc-66380.manifest
created: c/1/d5f3cf9933ecc1661f9e1b3237c112-6054685.o
modified: 2/2/88e81cdd79906dc5f85c3abf913304-9251.manifest
created: 9/7/88abbb207b9a33a55ff7a36e1a1e70-7048924.o
created: 6/e/4fb3d75fdb591de83307b333944161-5997276.o
modified: f/f/7fb0d0cb35cbefc80594563425fd24-8101.manifest
modified: 6/8/bf62b48da65ebaec300003534f681a-3214.manifest
modified: 0/0/a93cf9daba84ed6897eed53a3305b9-3316.manifest
modified: 5/2/229e7f22131045faecdc83729e0f68-3388.manifest
created: 3/6/52de51fb3c763c6ce9d817eae8273f-3132.manifest
modified: 5/1/0d776c746b3c22e37027c70440386b-2437.manifest
modified: 8/4/2485b2cac5575faee5c1f07d365f2e-17697.manifest
created: 9/c/e4e89c445385c633012acef350d4f7-6487757.o
created: c/6/70838b2d57c570995425634b9a4d1e-5136422.o
modified: 2/9/70e73bc3e098f5a218c35ad1dd8383-17352.manifest
created: f/e/a073611d76fa3634f9d67990830e17-5151595.o
modified: a/d/cf5592e681e61af789032ec9ad56fd-3007.manifest
created: 8/5/c16c48781718cd44acc15845b13cf7-6068647.o
modified: 6/8/fc0f8d8aa1eeaa07df5d6c665f9a30-21199.manifest
modified: 2/stats
modified: b/d/d7c28cc46dd8c780bc9fa0f43a037b-169727.manifest
modified: 7/2/014061133c48a4e2c9b7796b80047f-3322.manifest
created: a/3/6928939e8b016947bb3f0449039a2b-6702232.o
modified: 5/1/a6c30e15536564dac44f6282fd6d5b-13294.manifest
modified: e/5/cd6b923bde08afb5e4a30aa67157e2-4077.manifest
modified: 1/2/7b160e9882dfee158f5786b8ab0296-282179.manifest
created: b/7/4265905de77dff8b912edfe22ea153-5325599.o
modified: 3/e/6486b64c90d2c27d0fae61b1005eeb-18833.manifest
created: 2/f/77786b5404bef1b66ecfd944c8c714-5299928.o
modified: 5/2/d62b6a19281458eea17403dfba9df8-3041.manifest
modified: 6/7/634356acde184ed6914aad052a5853-5929.manifest
modified: e/7/50d15a378bf4de7a75ddea08de59e9-6012.manifest
modified: f/f/a13f2e4bdd009a34789d331514c9a4-18921.manifest
modified: b/4/d4fe0fbe8c68dac305077f9fd0573c-5045.manifest
modified: e/0/2bb0d0bd2e36d9f49ded5d1f3fa68a-8451.manifest
modified: f/6/c145fac486a44b830b4498cd215498-3093.manifest
modified: 2/b/b32968040ac8029bac81f7bbdd1378-29259.manifest
modified: b/c/44d771b02ff46f0b3d005d43d249bb-12025.manifest
created: 7/1/09474ccf0d84eb1a8bc48b30faecc9-5797953.o
modified: d/4/5c81c3f7fde3dd9b52d54ce3986746-2354.manifest
modified: 6/b/a3bc577472bbcc5ec9324394a0c298-16392.manifest
modified: 3/1/a0775dc63e8d18a6aa480a03964d18-48893.manifest
modified: 0/6/cd434048085d0b32b0dbed2a2967d9-8705.manifest
created: d/2/ae2730af2c96263711e5f023741d6a-5351641.o
modified: 1/stats
modified: 2/0/e1571af66f5d35d135dda9228ddc60-2881.manifest
created: 0/2/9eaa1ade64071488ca9ceeb2fd2789-5296798.o
created: 2/8/dcd1e81b03427243eaf6fe40348e65-3169338.o
created: e/a/59fb2c6bd885deb2213c52aecc0f3a-5976204.o
modified: 2/b/e7e1b2c531a96b5045f750eeda3f8b-5263.manifest
modified: a/7/4a7118340d08018a4cff82dde912d9-14323.manifest
modified: f/9/0a885ffb1a58c77bc35b05d4dc1639-26372.manifest
modified: 5/3/c4c38fa8000f582f07b82b61e945b8-5991.manifest
modified: d/stats
modified: d/f/8767d09954646173e2c8e546ec0fa7-9776.manifest
modified: e/b/5bd493ef4b8802a6e22a8c1b9c66ba-4972.manifest
modified: 5/5/08f19faa7d94e72703c42d7b65dca8-125623.manifest
modified: 6/3/d1fd654f27fd3adb8f19b6bd010322-2517.manifest
modified: 7/f/06b57c580a654a409f3acee7530f3b-104472.manifest
modified: f/8/b543fd829fa640a326657425076b33-16648.manifest
created: 8/0/fba1e034eb06fc5522087e263ecdcd-5562391.o
modified: a/stats
modified: 2/7/114c8bf09ed8124012d54fe27c95b0-6923.manifest
modified: c/e/c1be9ab3bcb3dbbd5d3c680a9e9e20-4368.manifest
created: 5/7/a8bbc082ebcefbf30f4a0890979b27-6018687.o
created: 5/0/f73548fca5753aec4955a087903498-6075793.o
modified: e/8/68d198243a70c074e0e066525e59bd-95864.manifest
modified: 3/c/dd9ad1498257b23d85dd7c69df2679-3765.manifest
created: c/0/d1e3bac2de001633f7b01dbd32fb03-5979722.o
modified: e/0/46e8356f95ff57ec3990beffdd376c-9156.manifest
created: a/d/3b4e7e56d6e8a9d1d544990b4abdb4-8431027.o
created: 4/c/b509755675951a615a0f693bf2bf48-5341241.o
modified: b/f/cb7c1c8fe787cc08f035ca61301249-9152.manifest
modified: f/4/cde6714efce9768d9a778c5e2d26f3-4146.manifest
modified: a/e/8d7935623390e2644a552978de5f2a-6341.manifest
created: 6/c/7fc89a5401992df7e534518f3ab3b6-5354469.o
created: b/9/4fcaf16177a557e42a608c1ad1a85e-5365201.o
created: 0/2/761799ffc18bbd4c4308c0cde20475-5370005.o
created: b/2/bd6c1f114b236f5baf3623f409d212-2821709.o
modified: 1/d/137ad73e7e049b765b37122c886942-50572.manifest
modified: 6/5/3789fe2308d3120af5671c2c106a51-4478.manifest
modified: 4/0/822998fd0a6aeaa8e2a2155fd82a29-11792.manifest
modified: 5/7/4d1b6a857d0a400c0a56958e2091fd-4585.manifest
created: b/1/51801fde7bc6b6b5ceb6e35b6cc664-2948015.o
created: c/5/808ca8c444bb29a6b615602671c474-6226738.o
modified: 0/0/9289f0839e41cc7c7d29271af974d0-2350.manifest
modified: 0/5/b8d2e486162fb7ebb2f4d5b2fd813d-25347.manifest
created: a/d/3b31d25bc4c7cb99f5d0c42cacc889-2828844.o
created: c/5/99bcbf1ef781de2448b2529b6773c1-5854532.o
created: b/0/061d96fb6abf3ed50d8e9d9f44e039-5989871.o
modified: 1/7/8bed2686b04a819d48adfe5282284b-7099.manifest
modified: 1/9/bf39d9538c9104168c3cbba15e4a3e-14154.manifest
modified: 6/b/60bf431eeecbec92d380fd1da6aeb3-8404.manifest
modified: a/a/1fb9f21c7b79fa777c5206887d9804-7243.manifest
modified: 0/1/945e4b2e02382a807cafe7b5d9baed-3323.manifest
modified: f/a/cb6c9d043ecd225f31f85ff039541d-5062.manifest
modified: b/e/8169b54c2d91e89c18b15a52b7e589-20246.manifest
modified: 2/a/5d16b392a8e41adee26d1f45774be9-4121.manifest
modified: 5/7/23370eb73dec04796daab403fe4e7b-3165.manifest
modified: 6/d/8ed39a068efe3e07e0dc1e994c2fb5-16169.manifest
modified: 7/0/3c544a98773feb6fd640bf10630344-2588.manifest
modified: 3/0/05444f1124dc0289a74d7221fe131d-11037.manifest
created: d/1/0ded76f5c7ebea31a11c1b70c40fea-5428799.o
created: 6/7/f6117ee2179b2bb712dc09d057c815-5510374.o
modified: 4/d/dc0aa3b8a89f878149786974a4577b-8699.manifest
modified: 5/2/37d81d201ef40ee01302224ac7e641-13521.manifest
modified: c/f/0cc3d936016b97227b33b91a80e6e9-7652.manifest
modified: 9/3/043dca9dc78944d4e40a68e530f5ad-6136.manifest
created: 7/9/74f0bf09787808c142afce549774de-5812692.o
modified: f/4/3ce7bfec4b47730cfff90f0f26752c-2032.manifest
modified: f/3/e1e7f37177ef180c1393fca8bfb3f0-37004.manifest
modified: 3/f/30f9bf7ca283158110768e72ea2279-7422.manifest
created: c/5/fa9897d1e820da30a721540296f761-6475489.o
modified: 8/8/e34c64edaeaee4529dee2c4641ff94-37500.manifest
modified: 2/0/25430a4dae5b8a5f46e101987e0661-10645.manifest
modified: e/7/6611661d733fd6265643dde8175171-47833.manifest
modified: 5/6/768e6b5cdf7234f359656be9127ae1-4314.manifest
created: 7/0/7ddd8d1fa1d8293a65641adf4eaf29-7219069.o
modified: 5/stats
created: f/b/7f3dbbb01427a1e4a6adf0d2df6f82-6008683.o
created: a/f/396f02313e959740667a679325722d-7200207.o
modified: 7/stats
modified: 2/a/958dec946979039566911ee65b328b-4686.manifest
modified: 5/a/36cdfc259e640ec3630ded2fc09ef0-24360.manifest
modified: c/a/9d36aa8fee3a2ff3d422e2bc87d408-18229.manifest
modified: e/5/e14c1af06d61be7b7398c95e2f1f04-12296.manifest
modified: b/stats
modified: a/0/50c9978e2323a1313bec55d7567ca4-9747.manifest
modified: 2/8/1a2b1b74c848d907e7442e835426c5-3696.manifest
modified: d/e/1bbdf730079cb67c617f3b00804df6-4308.manifest
created: a/4/0c1b1a214b4c3b720da6879a686499-3002859.o
created: 7/9/6f4131b280d6902da2aa7859e07030-21950.manifest
created: 9/0/d654e63de3da4b3a2e69e601441cea-6011429.o
modified: 6/0/eaccf80b388a917cd9e98265ec5052-7881.manifest
modified: b/6/61d99a38420fde48f34a387ccdfb4e-2343.manifest
modified: 6/b/42637164e696f97f7b7702ca068338-6810.manifest
modified: 6/9/14375272236710790a0e1426aa70e8-5030.manifest
modified: 6/stats
modified: 7/e/a7aa47d4725058870accb649dd343b-6512.manifest
modified: 6/7/f70287970ed6d2881de9ede890dc27-15308.manifest
modified: f/0/67c1ddd1e1dc4b10ac20869920bcb5-4002.manifest
created: 8/0/c56a560e52d6b39e03e6e100bcd77f-5830715.o
created: 2/f/12f1751f55cb6261d29ce34a0f6830-5496991.o
created: c/5/e2f318bd0fb8d1b8cf04bd4a6caf11-8553977.o
modified: 2/7/c909c9077dd1048ee234b57ee54ca8-2923.manifest
modified: d/f/e33965f021a55fdb4bb18dceceb16c-5015.manifest
created: 8/9/06ef95cf55806a1591d124da30ac73-3670625.o
modified: a/2/d6eb8343b74c035e72f5318ee342c3-5942.manifest
created: e/b/bffcd2f751923a5e103f0a5b3121b9-5455240.o
modified: 7/0/8e38f60a96111aa7d850c905d1e0fc-39846.manifest
created: 0/a/01b200df7ddb6223df31881fdc95b1-5492120.o
modified: 0/7/2779b7a6b9b41e25fcc73176e0ab22-5850.manifest
modified: 7/b/bce7eb01d1895a698a0a73493717aa-9057.manifest
modified: a/3/5ec6e033fee847b46f76d30227987f-3910.manifest
modified: 2/e/809797ae1614875321cdfd3a06a60f-5759.manifest
modified: 9/d/16ded56b1234927a0848f9c83e9191-4567.manifest
modified: 0/b/56761f73669be4dd93ffa6f1daf02e-16392.manifest
modified: 2/6/95d4b3e859baaba7ff73980f24ab7c-9047.manifest
modified: 1/6/d6244f9c1b9970d88febb2a075b739-47162.manifest
modified: 1/3/3b1c0d2f85a2631a82eb62faa266e0-7620.manifest
modified: 5/c/5e422664c238d95a21386bd9588ff6-8015.manifest
created: f/e/7378080954a2373c549dd16e96299e-4249178.o
modified: c/2/a6a4d08b3d9fd7c2d9b0083e28286a-10201.manifest
created: f/2/fd9ecd718b1ecccb23a448264de6aa-1803550.o
modified: 6/2/53f44ffa89e6d87c157e24e29e10e5-4675.manifest
modified: 2/6/35e82fb88e5572e78cc159d304619d-3034.manifest
modified: f/3/42a4846bdb3e485d358ab1f6ebe59a-14870.manifest
modified: f/0/64764445c1c94f62086296f71bc363-6490.manifest
modified: 6/d/e5806315a470ce9713fa59aecf3e0c-4639.manifest
modified: e/8/d57e95c1ef143a171e589b86eb6fd7-3223.manifest
created: 4/1/ff35050c1c149ae83f312fd18d0f17-4518829.o
modified: 2/6/5ae0a583b2623e33fed918a17ea395-7217.manifest
created: 5/3/16452c1ab5ca287f5c93d7897ba6e9-5412502.o
created: 7/0/693dd17092df33c07faf4218aa9f98-5375655.o
modified: 4/f/4f7cf3310e2ee2509ef4082c0f1dbf-5424.manifest
modified: 4/stats
modified: 2/c/d347d6a5b3895f03323f4655793e2d-11177.manifest
created: 4/6/ac27ca5a475f597573befd1b22a97d-5367057.o
modified: 6/7/25e9f31a1f36bcff748310d9df5866-16461.manifest
created: c/4/b560841765ae925bc5dc87b6a6b8df-6129430.o
modified: f/stats
modified: 5/3/034ee0a5c1ddf78335627c480837ff-6586.manifest
modified: 8/d/2b396adac41b787b1abdb5279a5358-4924.manifest
modified: f/0/eb495faae6b528a05a412157c9f95e-45732.manifest
modified: 5/b/9152532785662f9352245d6711469c-6668.manifest
modified: e/2/b9226ef5ec8ed81eb0ae1182c086f4-3889.manifest
modified: 7/d/d5bdb377b36845f8d584fd826cb1c7-28409.manifest
created: 6/6/906d53518c3f1c4545dd14aa476a97-2845412.o
modified: c/4/8a4944c5673e6ac888bebb9896ab1f-11344.manifest
created: 2/a/85e7ff2bd0660387ba32bce6511d63-2469992.o
created: a/f/111766fdb353586516909b965ec69f-5411617.o
modified: f/3/f3d24ced841618a3a1cc1b1bdbfebe-8523.manifest
modified: 0/3/cf76baa991883a380a88fec818c450-36248.manifest
modified: 2/5/da73ac0cdedf4a024718d1bddd10e8-9108.manifest
created: b/9/04a9aad36a72a732e901d3d32cfbf6-7362604.o
modified: 7/f/f6e87ed4029fd268c05decbfbec934-9751.manifest
modified: 6/9/422dc323334a6e68d5d6b4b04dc0da-3092.manifest
modified: 3/0/55b073927581371baf46ed0f23e69d-40849.manifest
created: 4/8/9b36e937faa45fa458f3af21ea7e70-256386.manifest
modified: f/f/c3a24110b5c4c100a7639229cc67aa-12397.manifest
created: 1/9/157b862eb0b3c8fe27d277c3dce8c1-6931296.o
modified: d/9/84f42ff16bb028f97f46a58cf3f678-2854.manifest
modified: 2/c/a168ac2c1635c02ea950c382fb7f70-10847.manifest
modified: f/3/b5e511bee17014d84acc446b91de12-7734.manifest
created: f/2/d8a6f677afe762c3d3313e90869fb3-5529649.o
created: 7/b/88b3f369d0472069db488a98e538db-5360077.o
modified: 5/7/f4225d565f36a881c65810b2bf47e0-50571.manifest
created: 3/7/b8b77b4f1d6179a8325aa83b12c60a-5363055.o
created: 0/b/c1bc4a063aedcaf52ab1d484adca94-5296582.o
modified: e/0/83730862771cbe0b70782f1eddbe6a-2669.manifest
modified: 7/5/803960b131ea8b6d01bcb07d9f7238-7776.manifest
modified: 2/6/b23fe79855112cf4340276c03c0a50-35470.manifest
modified: 6/c/94c16659889a52febd60d9243c76c0-8213.manifest
created: 5/4/e87e59a777dc2b7f0eaff639eb4272-5383735.o
modified: d/8/164558d9827181dab3d72bb153c915-57423.manifest
modified: 2/6/6d75f443d5b02f1950cd2eaf0202db-2893.manifest
created: 9/a/374da0c3c597b488d7f8b1c339de60-5283544.o
created: 1/8/60e6151de1517c4b0463a1e8b5bc30-5304215.o
created: d/0/01b0db8c6add032fb241b5951dd609-6964095.o
modified: 5/9/fe9b3a612b106e71bca98331cb2c36-13322.manifest
created: 7/f/399b0f88bc244a277e62bc05423461-6002746.o
modified: 4/7/59f629648360e77c681a8d4520f75d-2157.manifest
created: d/c/69234c2f3f8e8c22fedd299952ee57-5383107.o
modified: 7/c/3c435f65f6d4e5df73c5d291bcd591-4025.manifest
modified: c/8/2bb31eacf564f38b5cc7e3fb73f3fa-2765.manifest
modified: 0/6/c692389d9cd64be92da77ab345cbfb-3021.manifest
modified: 7/7/a6d4c1fba039a1236ab0d4b9b67d4f-15829.manifest
modified: 3/0/036627ae44a6f3a5cca73d3d264269-12808.manifest
modified: 0/8/475cc066ba00417d4b80da77835eaa-31989.manifest
modified: 2/3/dce21a69567f7eb9a3eff45218c561-11612.manifest
created: 5/8/1b50691b846a02b93991c9d00f8daa-5390693.o
modified: e/3/ab6c360f8673bb8b33d302519adc62-1917.manifest
modified: 2/0/3a1b23e84902ac652e2b7a0aa004c6-3317.manifest
modified: e/3/192663a29dcb33525bf717614d3d48-6253.manifest
modified: c/stats
modified: 3/1/6a2939c55d0a24443c53341ed48341-2311.manifest
modified: 5/7/a779598e98256e299034393e876677-3213.manifest
modified: a/5/db393ebdf686ab692eb3d4e1b80c79-4042.manifest
modified: d/6/a505b7e82c6fc51c2c1ec40d365759-2306.manifest
modified: e/7/3b36c1feb1f7cb99f0ddbac5b41311-11846.manifest
modified: 8/1/8433eb15f7eec329911d24f32f9f8a-7080.manifest
created: f/4/32d7224bf902d2cb4383a4ad975d5a-3110551.o
created: c/1/2c7ef976525262ae9158f45a65e515-3110473.o
modified: 6/6/3bac0ea34455582e1e60519cfdb512-4866.manifest
created: 7/8/edc95cbcd50404da7220b78b27d75d-6833507.o
created: 0/f/ffbd4dc02be1c5b56d5d498d34d924-3035735.o
modified: a/4/eb985ba2245a07b91410179ca78b2b-8185.manifest
modified: f/8/1fe50ceef61ad85906d06c47484c34-2589.manifest
created: e/3/009b5459874071bb34d0a1acb20501-7201102.o
modified: 9/1/e4342ccf7f983a045cf24c8bbcd35c-3641.manifest
modified: 6/e/95b5a589726941e3be72455e4002d9-7983.manifest
modified: c/8/81489c19a8e5bb4b10fbece04805ae-7108.manifest
modified: 3/8/9ad4e6a014ec536fcaf9e901d4e611-21472.manifest
created: 7/0/75e855cf02655e8685f54abbcd0fd1-5341811.o
modified: 2/6/8dd347496bde98b41fabcd6f589724-5017.manifest
modified: 9/e/2877c557c5c27240ae7ea8c54a8ece-6562.manifest
created: e/d/66ce7ab518b58b8643a4dc390de3be-5323210.o
modified: 0/0/0f554a5adffddc787c4824a617fb95-6929.manifest
modified: c/7/22144d7f355aa4be89d5d93d74cdf7-7011.manifest
modified: 7/f/d9fa24cba4504cb09b72df2b5506fd-38630.manifest
modified: d/3/26f377c9cd7952168b18e06b87b1f7-8976.manifest
modified: 6/a/9e3b472140d16a56399731dfdd420f-58553.manifest
created: 3/b/a4b626924da9b4ab7c0d58d05371fd-5730029.o
created: 2/7/ed6f24d2135a312073810045c2990d-3903369.o
modified: 5/2/728e435953b65fbf29ff2fdc67ed71-6541.manifest
modified: 6/0/babee406842445c50491eb4239ffb5-3087.manifest
modified: 4/1/2bb739ed4482abdeccbd7854c8e7c0-11835.manifest
modified: 5/d/31d8e16100d46398e7228da6dc1579-3879.manifest
modified: 6/5/f375933db3c411fc2d86fdfae2a153-15332.manifest
modified: 3/7/6132505f116b9f4f53cb572af5e9e8-6821.manifest
modified: a/a/1d1a5348af1983dd73d4f0f7f0a422-10794.manifest
modified: e/stats
modified: 5/9/00848ebc08eab53d737e739ac8be36-5816.manifest
modified: 7/3/f8c9db16fa42509bc21332ae24023b-4935.manifest
modified: e/f/450946b28fd31eedb5d6bafca05344-34117.manifest
created: 4/0/6b9224ca4c85d2fdbb905547484504-6533526.o
modified: 8/d/65a854339010c42f2e244079bde6e2-7017.manifest
modified: c/8/bf43e901ccc15689e4325f6069a963-6608.manifest
created: c/7/9258e53f8440115c0592e8c15630c7-5454858.o
created: 9/1/23bd68a2024a4aa728ace55dec137e-2932243.o
modified: e/1/7359001d81cfc1f5c73ce0520f8812-6936.manifest
modified: 6/c/25bee532e0a71598f3907978c43cb5-16972.manifest
created: b/3/6c6d6bc353a7f00937f8351b435e2f-5370807.o
modified: 5/1/a77d54c898b5f408e3b35fc7c57cd3-18629.manifest
created: 9/d/5d573d328a90456cb3204b1c78d167-5786437.o
created: f/2/9b0d44ce9689e1d44413460237c882-4606375.o
created: 5/7/a850d609398b19cae041b19392fd8c-5361173.o
created: e/8/9df36a5a1d957fe2db95cf9a19545b-5258107.o
modified: 9/d/8fbe9df1a52798080efe6fbbfbb30e-8145.manifest
modified: 5/4/e5d59a552d00087a057b23df1da1a4-6610.manifest
created: 0/3/5905e8de04ea56f891396dd7284b69-19874.manifest
modified: 9/c/606b1da0173bd3a340c94d31cba1cb-14196.manifest
modified: d/b/30910b128fe5d873cff35fcee99467-11787.manifest
modified: 3/6/a9662ccb6b9a92c732c5fc1c1cf439-14014.manifest
created: 0/c/8e58e5dc219ef267ba12bb62d5302c-6314276.o
created: e/4/130d48cd8604738263cc5379f0ebfa-6148308.o
modified: 8/7/1e9935e526d33f9f0b4b2202543bbb-9295.manifest
modified: f/2/67a3a481d74303f54bbd8c8c59988f-3846.manifest
created: 1/3/4b5eb6a74d7a94426222cb504bafad-7339184.o
modified: 4/7/c3d0e9f6222f2d64eec55775ea8b45-4504.manifest
modified: 2/b/72895f92088a819d4f321a0c71a59c-12043.manifest
modified: 6/1/e5b9ddcac18d90cadfcd6eaf6eae25-16141.manifest
created: 5/c/afbaeaaececc02f7eb7ba4f9190eb6-6058183.o
modified: d/b/e807021ef2c7eb5ce24d4f5c44a323-2808.manifest
modified: 0/4/3d4f25435cfd73662ef7b2a6111314-6031.manifest
modified: 6/a/df107975fddfbb3db9f6385b0fa151-2345.manifest
modified: 7/5/615a986ae34a34fcbecfbbf37377b9-48356.manifest
deleted: 6/0/51e43cca49ce1f6c02a159eb2e4881-18249.manifest
deleted: 2/1/1a302a2b598f7f04094a6fca72b1ad-4143.manifest
deleted: 5/3/bc4e86deb63739c850bf46b1e6ef9e-2583.manifest
deleted: e/b/c5d6b8ce3ac5ce989d590dc9400d07-3199670.o
deleted: 6/7/98989d5d1638e199c1f31c9d40e4d9-4518711.o
deleted: f/9/c56b039e5955c44c3af94776120c0b-5365215.o
deleted: 2/6/d22477fbab27debfb85cef5bdacd8c-4180.manifest
deleted: 2/c/03df406e1b5a9e99d9ede63b9997c9-3169638.o
deleted: 6/c/cd724898d740d0bdde4b46f7162c27-2876.manifest
deleted: e/7/179d2c25f450d0dc249ba563952275-4335794.o
deleted: e/0/3bc383eb92037317a0503a33057323-4428552.o
deleted: 6/6/87ebee28233ab8513d4a4b380704c6-4303288.o
deleted: f/a/6baf9e9d09e9effd4c9ed81cab9e76-5567926.o
deleted: 5/0/902c6444505ab0c44d631f9be5ae1f-2399.manifest
deleted: 6/8/314bb3e52fd5aa0ced790b37d72964-17372.manifest
deleted: 8/4/db0467627dcde8f4760384b09fe8db-3003660.o
deleted: 6/2/39c64e16b29beb9c6a60c44c67ef2c-4310167.o
deleted: 6/b/553a9b8a32ba1f653714175a198774-5612.manifest
deleted: 6/2/8ef3268fc8e15493a3531ee5e09356-6147.manifest
deleted: f/5/ad6fda4551f1abfb77a81832f27d36-5424200.o
deleted: 5/a/fa9b85bb85a8c879eb5c4783e7807e-2302099.o
deleted: a/e/78bb170579999e523cd7ef032d84ed-7189.manifest
deleted: a/f/ba3bee2e88937420418fc159020210-4194.manifest
deleted: 2/c/0c95614797df6525806b6bde006815-2734015.o
deleted: 5/e/4fe2c0a016e7ae4acf2239e5614f35-6127280.o
deleted: 6/c/19351af4ea4019e09710a3c9261f49-3051.manifest
deleted: 5/8/07f25e29ab4a820ba22960c8a3e9ce-4363003.o
deleted: 6/9/ccfd62135735ad2a2f97b7498e5e5d-7054584.o
deleted: e/2/273e603bb4884db28f132e0c8d98d8-5445318.o
deleted: 6/4/8200d7c5d2a244c9375ee3590da66f-8993.manifest
deleted: 6/1/c4dabe4b9bdbabdaf1ba4c3f095d3b-5377966.o
deleted: 8/d/7705a9eac1545ff8da18e30ad073c8-2563.manifest
deleted: f/e/2398a41cb3ffb44a1aec56aa81c56f-7138.manifest
deleted: 5/1/37bc0ed143ceb5c9670be1f704967e-1781.manifest
deleted: 2/b/e245f371e7be6d64531d54895ee058-7637.manifest
deleted: f/4/b381959783ea95ae72179f059af996-5342754.o
deleted: 5/d/a460efb4b2ee1d1fa78bc7b5b1af4d-5367871.o
deleted: 6/4/f9bb7cb01d356d8e569d5482c31060-8026.manifest
deleted: f/a/9b70160fd57e4ef69bfde9094a5bc7-2930732.o
deleted: e/a/d6c2a266d0ba375892bb60a1034eeb-9909.manifest
deleted: 2/3/b9cb4e2b75416f9d3e0043f0f9152d-3282647.o
deleted: 6/1/eb6d4298cefb58b99c320d308061a4-5436361.o
deleted: a/2/585484cdaba25b412b8f889707e856-2981376.o
deleted: e/6/477e91a3729886849f057a7d59b0ee-18251.manifest
deleted: 8/c/dadc2d55c160e1d4b90018b06f514b-2151.manifest
deleted: 6/d/0f8f89ec6987c238e3abf4981e506b-2094.manifest
deleted: 2/7/0e32968f0be8a1814bb51dd28b509a-4564219.o
deleted: 6/b/ff5a30d8a87ab5f4b7bbac7f334d7e-4246480.o
deleted: 2/a/33edadd47b881c91dffe5611fdd8ca-5653.manifest
deleted: 5/1/45349d95b447b3f5d617cc75baad2a-17765.manifest
deleted: 8/4/91a4dc61203018784d71d880d5f180-6051500.o
deleted: a/d/54339195158cd2358684da240265ec-2325997.o
deleted: 5/8/fae454b7435ef0c5dc35bed2deb44b-5302410.o
deleted: 8/8/e65fb6d36c2df70a22b83e7868b754-2063.manifest
deleted: f/4/71ca79ae621a866375c55e31896719-5037.manifest
deleted: 8/e/7ca62f70f2d37e2c74b8ca16bb4d91-5304097.o
deleted: e/a/c5b67c9f2aaf2be2857786be75445a-5833.manifest
deleted: f/9/51e0cc5215dd313a4f0d24f6b77a79-3168.manifest
deleted: f/c/b006f552863d99c872852dcd876014-15098.manifest
deleted: a/2/1b3d53aa146ec340c838a8b34f2300-3029.manifest
deleted: 6/1/600e5f4408e8951b59d508c8471a61-6067.manifest
deleted: 5/b/c8afe2a1cf1365d38c69f564919455-826314.o
deleted: a/6/8b52feab9b8016bca02c42a16db9bb-10305.manifest
deleted: f/3/2d8a9bbbc77c9410bc413fb4f7553a-4905.manifest
deleted: 5/7/c5104fdbd9e4d6a6d82b4f371d364a-16412.manifest
deleted: 5/b/39c7c0d2569f0fd86f137650f352ea-6834415.o
deleted: a/e/9c4fc0a438d80b11ce7fb6c9f20190-4327.manifest
deleted: 5/2/df4d8bff4319b9b058e468262c036a-10223.manifest
deleted: 5/0/b25fa6c7f73534eec3d58e45ea6847-2539.manifest
deleted: 2/3/e627f23e3aa2429e9ae01862d49410-3974.manifest
deleted: a/0/7c8b5681d99d557695200a6a2d3ebd-4880.manifest
deleted: 2/0/0b0e4fa8c414ab3355158af80b70f8-7012850.o
deleted: f/1/045ae917c1ece9c338b2d379c1cc0d-4316846.o
deleted: a/5/6ee6cfb382341a5c3a0b7bce80accf-13720.manifest
deleted: f/a/414ca5f33022d417fcac714f024066-2578944.o
deleted: 5/3/ed3a60501f214044c4f90aed2479e6-2653.manifest
deleted: e/c/27fb3b0706b03ed5778742455240e8-5563.manifest
deleted: 2/4/b55ac49d0dedeb12a14f3b427977de-5449201.o
deleted: 5/5/6a056c1f3b94cbfd800a6fbf896986-18464.manifest
deleted: 5/9/ff4a99dd2be253064988ed19f34d39-16136.manifest
deleted: a/4/ef78c1972f496fe356ccba6cd4fa01-5830597.o
deleted: 2/8/c62fd5e91bfca1fd8bb4a895097a26-4256.manifest
deleted: a/5/24f06c688aa1a8bfa9956a610ed938-2571.manifest
deleted: 5/0/6a223bde90eac68dcf9229fbd096c4-3291104.o
deleted: 5/2/5870236e84786c12a706f73805cbbf-3075514.o
deleted: 2/3/0818b01b122d5c212c89584868c493-5534829.o
deleted: 8/e/b36faa5fec7169399de709ce6c2079-9448.manifest
deleted: e/8/5aa5a00b53a73a45acb2bf988a4b56-7233907.o
deleted: 6/b/419efea977aa3da1cbc12ed2763b01-3732.manifest
deleted: 6/4/eba68ca4ff4e73a9abdffc7cce4d5b-12249.manifest
deleted: 2/8/e0b39694e84ddea05408d60fee1490-4416.manifest
deleted: 6/c/352219ecaffc40ed92019084f591bf-2945.manifest
deleted: 2/0/764cb41ce965e9f638c06a12f3fee2-2920102.o
deleted: 2/5/8a3d8432ccd78c53b4b5a26bb59f81-2972650.o
deleted: 6/9/b50648b3140bd0901d507bad06ee66-2580664.o
deleted: f/2/0c32e59eef4e8bc16a7b57ad342690-7219107.o
deleted: f/0/04c9af49da8259f9d9ce5800c38f8f-8133.manifest
deleted: 8/5/8426b3da77df7b335bc925bb7a90a7-3156298.o
deleted: a/7/30f77ade980c067b13ca70211e9b0d-6048597.o
deleted: 2/2/cb6fa421e83b5d9e8ee321aef2d516-20873.manifest
deleted: 6/7/2c7b8a181632b094c4d99e9737c2a2-5454896.o
deleted: 8/8/2d060e7926f08c4a91ad40a51f8ec3-5750419.o
deleted: 2/4/30906d7aaedc7028b7c9c255cb3a4b-10816.manifest
deleted: 6/a/0a516edfebf1ee5a9b684aaf79ee8c-130497.o
deleted: 5/7/c87a18136003f2b018b2169c09a04a-6026361.o
deleted: 6/b/f0a3bf9d1f406e9a921622daf62bf4-8139.manifest
deleted: 2/4/932b6ce926df0549374af9e9a26c3e-2535.manifest
deleted: f/6/331588b1154b123ac1da60568ff6d4-21970.manifest
deleted: 2/9/b43729b9461570708bff2871c6433b-11774.manifest
deleted: f/f/420ed0ce5555aa2a4847ce7b8b83f4-5816002.o
deleted: 2/8/c05cfe254aa03a70d753ec39f53835-7041.manifest
deleted: 6/6/7ed2ca233b8fdea1c6e974c662ad8e-7203.manifest
deleted: e/a/586753c96f178b53c9ac37ea1e4602-1368225.o
deleted: f/e/4eb30158a9c0a360e89525d40cd11c-4311858.o
deleted: a/e/c49c6a33fa019577f47f35edf16448-3522.manifest
deleted: f/9/cd65a9b045b53e6933d1153eaaba30-2321126.o
deleted: e/9/a8b2b1b4e480e26d79a6cae6954274-7929.manifest
deleted: 5/1/079fdc550ba9925b8dd378617a97ec-5343598.o
deleted: 6/3/71a12b5c11163989fae9bc8093c223-5361055.o
deleted: 6/c/7bcf6c8129476eca0243afd5355a75-3027.manifest
deleted: a/f/d37b17506c2954650bf25590f563d4-1651137.o
deleted: 6/b/b7deb6bbb75580fc0116d871e0160f-57445.manifest
deleted: a/1/a2b813839138f1ee0bf8a8012f2640-9079.manifest
deleted: 2/c/ccb1205f311d36242494f42c65e5be-2332997.o
deleted: 5/e/03a70c4f94bb57e5dd9d2241f108b7-6230.manifest
deleted: a/a/cf49b5767f5e4a53f3a03fab656ffe-4308578.o
deleted: 6/5/d8ba7af00ea0984fc404740e8ccf8a-9172.manifest
deleted: 8/f/b7c87fd238b962fc36f2da09b1650a-4578.manifest
deleted: e/a/e86640bbd26a9bc4d3b3314737cda4-5374305.o
deleted: 5/6/dd8711df177fa6073fd124deb2b64c-8036.manifest
deleted: 5/b/ef69f32467ccd0f442eef66bffbc46-3152.manifest
deleted: 2/3/e3ee0348e68768c4645d0ebe9b5034-5384360.o
deleted: e/a/aa8e5c8d9a4dcf6c215700fad1dbb2-3072.manifest
deleted: 8/0/f4e9c09d92ec6b5c6d1f8ec07b28b1-17441.manifest
deleted: 5/4/cdff2b8346690cf39b9829cd46e6cb-4276013.o
deleted: 5/a/3523c7b4bdf06f9a8d4c44100ff803-31238.manifest
deleted: 8/a/b399a30f5f585c6c91fdcb2bdbf72d-3903252.o
deleted: a/4/cc041aec8096bbbbd0a5a889fe6ab6-13742.manifest
deleted: a/f/90bd83426a40e925216a9fd1702f8f-3338.manifest
deleted: 2/8/62cd234670225f4ac81f91bcfb614f-4702985.o
deleted: 5/c/d89fc1b77a6f74b02f5680075b437d-10329.manifest
deleted: 6/1/4e5c433e4da07dc1aef3e7ebb2568f-4024.manifest
deleted: f/8/922b4e91d65fc58c208aee502eaa41-3732.manifest
deleted: 2/9/0b84cc9481c48e29e4b9398ba0380f-3190471.o
deleted: 8/f/dc2797d0da3c008e1cfcdd71a6f3f7-2851573.o
deleted: 5/d/daa993b83a36f07812c8ce091c3a8e-3903320.o
deleted: a/3/b3b5106696fec5070fe575afaac621-14461.manifest
deleted: 6/1/63320563a5c977705f3e107a2d77aa-6327.manifest
deleted: 5/b/d3b4e2fed6e056f92cbf3e59c62c0a-4910.manifest
deleted: 6/0/eac1e3e335b23788b8b049eedb7a1b-2037.manifest
deleted: 6/1/5ec1e9d9d778b293d0ac91c05fd96a-11597.manifest
deleted: 6/9/6681ee6cf34e0295f0de1bddfb78f1-36448.manifest
deleted: f/4/1c7c1ea2fd60a0f4b8c706cd64949c-3138641.o
deleted: 6/9/905a01c3249027cf85fe78ed361c05-6861982.o
deleted: 2/2/3ac7965a4a1baffacc6238ffbc1f37-4252078.o
deleted: e/7/5a0fbef1da44253949bfa36291fa7e-52576.manifest
deleted: 8/0/d6aa6c51586991f0c096ba1e7bdec7-5346196.o
deleted: 5/2/b5fbfc9e3b0072f27b5c83aaea27f2-2272.manifest
deleted: 6/2/c33dd4997e0ccc3ad342ba2b1065b2-1750.manifest
deleted: 8/b/adaecec88c60e46dbc9c289ca880bc-4099.manifest
deleted: e/6/944e5d95b0c38a96c370b317b2079f-3340.manifest
deleted: f/8/2cd23480fd4bfe7ccec8ea56ace49d-3051676.o
deleted: 5/0/3726618b7b4e44c7c8c254f1fe2c97-4336.manifest
deleted: e/5/aa982b7ca349498bdd7141aceb12d1-1984228.o
deleted: 5/e/65b58b02c2319f097a4387dfe3c713-5377642.o
deleted: 5/c/14528f04f949cb623415d4ac893be7-7212.manifest
deleted: 6/2/c8b50c111270d37f2b9d8c64547f88-3170.manifest
deleted: a/6/7982cdc2758981c10e26676da385fb-7362642.o
deleted: a/f/df28f7aed41fa1ac2ad4d9f888c210-124899.o
deleted: 8/f/32746fd3bd40ecc103127a60561e41-6061295.o
deleted: 2/b/22d63c5f7c94418d2b901378b760a9-6005.manifest
deleted: 2/7/c829775b7f7c5eff5549c8d39c8186-2096.manifest
deleted: 6/5/cf199237f5f9788653a99bfef3cc13-3051.manifest
deleted: 8/4/5f8eec9765625c40165d99f026fc6b-3108900.o
deleted: a/2/8d77d63b82b03dcf3660c833da03a4-3105117.o
deleted: a/a/3a283938c9886ee8b05457f439179e-7201.manifest
deleted: 2/1/9dfaa3d8e25b0802121d2f4208fbdc-2388.manifest
deleted: 2/3/08db07ada606f6f3df2f00a08813f5-5452988.o
deleted: a/8/81abc4ec79a9bd5216046516f8e4a7-2582638.o
deleted: f/5/98f1e1c1d0ce57a32036ad4113d02d-25369.manifest
deleted: 8/f/bf4544e75c758a30b10a8eee9348c2-7161188.o
deleted: e/e/1d3ce38cbeaf5c7a403ad603d05582-2883527.o
deleted: 2/0/2bb09bf1d31e4bca5163f6dee9d0d4-104494.manifest
deleted: 6/7/1827c55a2394ac6dccf73e6ac0b282-17767.manifest
deleted: 6/0/699612cd2947533deb30df9151c16d-3348955.o
deleted: f/b/4a1babc2dec379dec21ee33d173402-12038.manifest
deleted: 5/1/4ed7d4f903b4dac286bb6261c08401-3356194.o
deleted: e/2/69977fa058b31134fd31ea98192743-45025.manifest
deleted: 6/3/df65991d6e28f25f82e62da18a5a71-4390299.o
deleted: 2/7/89890ef5e8df02200bef29ad05cd21-6558250.o
deleted: e/1/7afb36e17d9ca75384728dd99cec82-1613.manifest
deleted: e/3/7b90baf5c0ccc9348addd719fef7a4-4255312.o
deleted: 8/f/cdb2479ad4a8de7668b8718ba4885b-282229.manifest
deleted: 5/d/6ac8d32de205cfe1fe93d51c20de58-4259936.o
deleted: a/c/4727b6942afdabe433ef82289bae36-5395649.o
deleted: 2/3/a8c869e11ab9f1cc75e22f0d4f9222-4257109.o
deleted: 5/b/8ca052036a8a4ceb07d5e4c36a8fb9-3164523.o
deleted: 5/7/337730fb0bf34a4e173eb26b7e98c7-3379113.o
deleted: e/6/fc6317f267d684bbd29c4b4aea8079-2204545.o
deleted: 2/2/713bb012495f30c4d20b105604ab35-7121.manifest
deleted: 2/b/b52b0167674788ec1aa9c6aa3730fa-15977.manifest
deleted: f/7/0add180fe329037691b486b92379fd-4617060.o
deleted: a/b/d1e5b5302d4ff4727d204e469cac0b-8333.manifest
deleted: e/f/3e9fed0c01cd996a26b33d925104b5-2579899.o
deleted: e/1/b8e64f1e55a231e1431f860e49c9df-6986.manifest
deleted: 5/4/2c02a04e1c853098382b9a35cfe17d-6533554.o
deleted: a/4/a47f0e09ea0908619c534c3964ebc3-7127.manifest
deleted: 2/4/00e6c9417fd518491513107c464971-4273390.o
deleted: e/1/6991134bad66997b156526daee00b1-6475384.o
deleted: 8/f/e35e3cfb1567beb024c284228f4c31-2578707.o
deleted: 8/a/0242b0d38aeb7b2fd27539424d1d00-7003.manifest
deleted: 8/5/044803bd7df952ab1ec429052c53c4-2577883.o
deleted: 6/a/7957b6029858d54acbf0093cbc857e-5253846.o
deleted: 2/3/1df1ed28a6dff71d37f66ab201d6c9-9773.manifest
deleted: 2/2/33bd99a0176c2b6e481a76350d7883-5360999.o
deleted: e/b/0459378b25bbd836efd477e84c9690-6018569.o
deleted: 2/6/982d316493fc64fcbc088cdee9f702-4556808.o
deleted: 2/8/40a56aec761e1bbd033b4dca77358a-5383065.o
deleted: 2/c/714710822812d0d422381ae64789e2-7363529.o
deleted: 8/3/8d742b7f5f39916fa4e1b8eb24ceb6-2845419.o
deleted: 5/d/0858ceced9a522bfea6fea7cabb463-2205.manifest
deleted: e/9/faa9a4c5446019941344163c8b5086-1950.manifest
deleted: 2/9/c7575f15f3d2ba6a15294a29a94d72-6315216.o
deleted: 5/5/36f46e3029e777d196f9ace1936cce-3145757.o
deleted: 6/1/ccd71ecd5f5c4e86b1a0f23b227b34-3155.manifest
deleted: a/1/76cfc89c1247ba90397f3019cadc53-5970.manifest
deleted: 2/2/3074da4d46b2a84e679637aef4e55b-4414274.o
deleted: 8/0/87a897d8834b3222ecfd9752e82a55-5388708.o
deleted: a/6/8acab515478736c1472c565a1066af-2691.manifest
deleted: 5/d/d094e8229d6d8595bf0d30115d4cf2-3164926.o
deleted: 6/5/ae1e8d51250c695b966852a323fff7-4016065.o
deleted: 6/3/8dd8a50c0bada379c3fdcf90b7eac2-2903.manifest
deleted: 5/b/d33db61023c8e05ae3a4e6f3434559-18580.manifest
deleted: 6/8/acfbd494e04fe499565f3b31a3f5f6-2581168.o
deleted: f/6/b212dff0d04f54acce68d20851a50a-2566.manifest
deleted: 5/5/3eca39836be72deced3b12c2a61857-5315925.o
deleted: 2/2/8252d348006f699fb198436aafa406-1635329.o
deleted: f/b/2291542d6ba03e1d0c3c7b6bde45ea-4330.manifest
deleted: a/7/42fbb9adf68b2261671c9e3ab66634-4788430.o
deleted: a/8/8919e72e7113bd3a2ac681313c4483-10202.manifest
deleted: 5/d/580126cc444a2e7130361093d53158-4249061.o
deleted: 8/8/5cc5aefabccb3774a4f62dd498e446-5416489.o
deleted: 2/7/1288f3e3885680e74b97e0254c190b-12828.manifest
deleted: 5/d/06c078ef365463a9addad6c9b127fa-43206.manifest
deleted: 8/f/bf53642f57c95d791a5ee461124ae9-2876558.o
deleted: a/b/f86bce582af39a18bdb95983d23995-6025.manifest
deleted: 5/e/6723b27a91a6798d9a3c24abfa216c-30252.manifest
deleted: 6/c/7686e9dc50b23b0a26c5e276f17b42-45003.manifest
deleted: 2/7/9082ee233aca4d16216a21e11d11da-3909.manifest
deleted: 8/f/d77ec6ef9668eaf586026a3a91fbaa-3401.manifest
deleted: f/8/78c1800c65103453e238c414b13ed7-5437716.o
deleted: 5/3/2761791892d32ceacada75ca9d3528-34044.manifest
deleted: 6/8/1b8ec79de8f5cdd68f839b7d093444-31150.manifest
deleted: 8/c/b1ba64496334c17cb9c93bbc8c6151-7835.manifest
deleted: a/f/f1aea8c75a9033edd774967d5c7079-7958.manifest
deleted: 5/e/304c1b70ad666a002499fe24ee133a-5236302.o
deleted: 5/5/de917831b801117c981141c87fcc30-4278678.o
deleted: a/b/8758b57bcc0874de95ccdf6956b19f-3384.manifest
deleted: 5/1/f5ccba33cfde0ae4ce1b273100d900-2840915.o
deleted: 5/7/5dacc2b23dc65ec9d67aeef9ec01ba-5480866.o
deleted: 5/9/ae43fa82b164688fc76fb0dc2d56ca-2580249.o
deleted: f/d/75426f31738e5f3574cd26c3ea2e5e-9824.manifest
deleted: 2/7/f9bc754aaa4b3fa5e08e3a16366010-2894645.o
deleted: f/f/531b9fd8955d97b3ae5424ba45cd2f-13532.manifest
deleted: 6/7/097fcfeaacf6b4780dc5e7f41a2c2b-2859971.manifest
deleted: e/5/bb46222d96e4874fe14f54ae1a9d79-4483795.o
deleted: f/f/1a7ffb1baf4e6dc460ba5e5bba1443-6833528.o
deleted: 8/7/5e9e1c7900d39a6be7f5b30ab7e66e-6002784.o
deleted: a/3/bcca87006c3ca87e976cdf51b3b998-3232.manifest
deleted: 5/6/19f290068ac43e4588eb53861afad0-2500233.o
deleted: 8/4/64ae547b694fbd902f0a88fcb3ea33-8005.manifest
deleted: e/c/e1fdf2a864af0c2aa6845c588bc0de-6056596.o
deleted: f/6/58666a7a1b57eb131d4ada636a1a6c-6008580.o
deleted: 2/9/24f91e8cab3b82c9b8f0760e4c0495-12830.manifest
deleted: 5/7/7026f483cfed8978eb2d491e424d0a-4086.manifest
deleted: 5/c/38ef0a88688ec1d152a6d26cef4875-6013976.o
deleted: 6/8/151c995bd5532fe7a59887e391602e-7828.manifest
deleted: 5/2/c5e14868bb54effe4f945c83b01e3a-2279.manifest
deleted: 2/8/ed47b9b50ae6962dcca99a7ed84e6f-3107638.o
deleted: 8/c/e85de0192f4702fb46dbd1455e5143-2918102.o
deleted: 8/d/db0643435aa87e7f54bb93f9d3ae96-7200090.o
deleted: e/1/1fd6d0a61401c8269f4c65cba78a78-35082.manifest
deleted: 8/9/d8fff7a1b9834335bba084777816dc-3258686.o
deleted: 5/0/110865a10e52b5fd0b4ce267761614-8580.manifest
deleted: a/7/7d4a8dd22b97492882f8840f5611db-9611.manifest
deleted: 5/9/2197b67d8b35368c9e88e0a830f162-3107351.o
deleted: 2/1/2e8a4446a53b43a2729ff4dd6c31f8-12352.manifest
deleted: 6/4/f8e2feb289d612b1ffce25688a1c03-5316866.o
deleted: 5/3/e1809c494d61589495f98f16cdc7bb-2835320.o
deleted: a/f/a7986fc1953ce1b77c8260034c839e-3113.manifest
deleted: 2/7/eaad62f88d1ea80c076247bd52500f-4447484.o
deleted: 6/3/4bf1dae864c3fba5d3021f2a8f07bd-3124.manifest
deleted: f/1/8eea65e9d855dd7b131e7d4ea5fb61-4720.manifest
deleted: 2/1/2273e124199cd17efd3b4cde776a2c-16994.manifest
deleted: 2/d/3112d6f6bbf229acc20cbd3be890aa-7640.manifest
deleted: 5/9/fe6a79d400aff46606bf00c09964ce-3027730.o
deleted: e/8/51b5523176255093d598b543e40ebb-2947909.o
deleted: f/a/343ac106b5e71b7b08e33a11e2c309-23942.manifest
deleted: 5/2/a73d158a9f138972d23eda9e7dee2b-5611.manifest
deleted: 6/0/8dbd78fd3a464cb327e305002a8bf7-3708710.o
deleted: 6/5/4b2dd06b4c6b01bfa51e9cf05fbed7-7039.manifest
deleted: 5/e/039ff216c3fecd28a10d33706b7fea-5453447.o
deleted: 8/8/82b880c19efa4a13a19acc8fde098f-17374.manifest
deleted: a/b/ea19224aa6b43d5bca55ee287fd1df-5283438.o
deleted: a/9/f23e64c7790e4a88aa545a00dd1bd6-13793.manifest
deleted: 5/3/fc14a99eab891772c7f88219a06630-6990104.o
deleted: 8/9/ac1af0ab7e0ab4ae723b819d28672b-36186.manifest
deleted: a/1/72652eb11ed7507d8c8d68c2075b54-2377.manifest
deleted: 2/b/bbe488384593990585c52670ce09c5-4656.manifest
deleted: 5/9/4ac3aad40f0bfe95e16972677e796c-4803894.o
deleted: 2/8/058c77906caf869c5143ccb47dd556-11415.manifest
deleted: 2/7/4bdba8e5536b2cb22c47a38bffb890-3164616.o
deleted: 6/d/17dba78e5715e397fc128420717395-7940.manifest
deleted: a/d/d5daf9c0db0a41ceb953c6042fa46f-6862073.o
deleted: 5/3/d91e82e3a385946a238095c378aed5-14868.manifest
deleted: a/c/91291eb84a10f8420eb84414b2ac90-103101.manifest
deleted: 6/3/299e1ce68d1548f7dd36c9cab11f24-4067059.o
deleted: 2/6/c5c77ee5eee10e2cf5ffb1661c7f77-8998.manifest
deleted: 8/2/75de14c1987807e69913e59345fba7-9867.manifest
deleted: 8/f/cffc7acc84a09ccbe2bcd70cd63945-4769514.o
deleted: f/4/3b03a95ac212aa76806536dd5a1a44-3824.manifest
deleted: 2/9/35201228b8bc7cdb8837acab7ab964-5819.manifest
deleted: f/d/77f4b354ceb3d80f04afbd06677d45-3357526.o
deleted: 2/3/5a11fb7c85c27463883b3821758dff-3785.manifest
deleted: 6/b/1b0ee0115b005da854f1734cf71017-31689.manifest
deleted: 6/c/a7a8c588ba7c1e120011e1d2d67c77-10869.manifest
deleted: 8/b/ff80999c06239a2d8d61b63002f902-5336061.o
deleted: e/c/7c9001d25906b7497960e6c0451788-3254.manifest
deleted: 8/b/ea01f39c1607b51a448f176ce17950-10717.manifest
deleted: 6/1/208b9af59ad384a6907fe36eda3b9e-11634.manifest
deleted: a/d/1873d526c0706b724e154c7c9dc730-5423764.o
deleted: 8/6/b3e7925132a9cf5e75906ffe5a4fe8-24518.manifest
deleted: e/1/dea802c177a423765d496c4745c12d-20194.manifest
deleted: 6/7/89443d525cd51bdc508a641d6dfc53-4016360.o
deleted: a/f/4bcbfe77651c38dec1ad0ada41150e-3891757.o
deleted: e/4/d21effacd77235637f8d58d8e73b57-5729911.o
deleted: e/0/c744b8000a1327ff9349b26525bcc7-11868.manifest
deleted: f/1/3fbd85fe816448fc6b08a7992737d3-5455982.o
deleted: a/6/7e18c5700c552717f306f5944147a4-14439.manifest
deleted: a/5/58f1897752d6cb4f445b72dc381951-47184.manifest
deleted: 2/6/fca4508d35e6a4409cca59dbd65de2-20351.manifest
deleted: 2/5/e43f258e035767daa998f6065e6ab7-48904.manifest
deleted: 6/9/971e107d28e5d31bb132c22ff32380-4267715.o
deleted: 8/f/e4e480b899475e599d590393fe5b45-16726.manifest
deleted: 6/0/7162b92e796f153ab77fa899349c09-2848514.o
deleted: 5/6/5f01603920b40b323ded5a5dd1e6c2-1803550.o
deleted: 2/3/669b755c9686399919d93569d0d230-5483463.o
deleted: 5/d/15e5a90889d7379ebb00fd75e4d002-7108.manifest
deleted: a/0/237d6958829cb943a680cb3b0a78bc-4236.manifest
deleted: e/3/370bf3ee9b11ec570c1facd43f62e8-11857.manifest
deleted: 2/4/380ca2ad9e4bfd78b17881feb4c7d5-18558.manifest
deleted: 6/1/c71cd7425595454e364519590fc7fb-5954.manifest
deleted: 6/3/8209746d1cb5b8f52d1e12304ff1d5-5380805.o
deleted: 6/2/9340a2da6546c6dbfffc555ceb5a35-6011482.o
deleted: f/8/f5203ae8e6549802909637a282559f-6531.manifest
deleted: 5/2/b9b20d20d223630511919560be83b0-4570014.o
deleted: 5/8/3327bf6b4767c4efea9b4634d2150e-5297497.o
deleted: e/a/8451ecade036eae9f0073863cde1d5-6953724.o
deleted: 2/0/7bffb8786888fea5dcf0e13eb420c2-7352.manifest
deleted: 2/a/828a0a6329b09286fb32ddaf172916-3251050.o
deleted: 5/3/838d6337f4de1fe1d379c9765c9be0-5736342.o
deleted: 5/9/1ec59671362fb87a12f2ad22f5b595-14459.manifest
deleted: 6/7/2771b4a391795a93b44108ff451ed4-6035058.o
deleted: 6/d/84680bf180c3de6bdcdfa4f65c92f9-3403.manifest
deleted: 8/c/ebd510f048f2a12bbedf9894208c5d-14149.manifest
deleted: 2/5/fc9f8e0e945d119734c01dc8eed9e9-37676.manifest
deleted: e/a/b8e7fae900742aed391578ffcb0214-37522.manifest
deleted: 5/c/e1aa14e24bf937bb879e1a79839a6c-7087498.o
deleted: 8/f/afd92e0a5ce7860a097c3796700aa0-8196.manifest
deleted: a/6/02946376f24bfe8e1d92d462bc8b4e-40871.manifest
deleted: 6/8/cc4d8e06115ef2ce5a68e14dcadadb-6684.manifest
deleted: 6/b/bf28d793998a0a106318c8d2c7e3a1-7270587.o
deleted: e/1/8e3c49162e5d3d59334a9dea341d9e-3157870.o
deleted: 8/3/1cde3f794076468be3fbf587207904-18264.manifest
deleted: a/f/f3ad912f38cc7db544fc9c715ce1d6-7355304.o
deleted: 2/0/d03f9c2d3a5bb5fb73a4f4b84b8488-3901.manifest
deleted: a/7/77ef702cbac88513dcee2bdf381a44-4007771.o
deleted: 5/c/b056175207ecf80809e215fc554aba-28500.manifest
deleted: 5/c/c2344bfffac1bc0626b1ae4cd4f28b-2713.manifest
deleted: f/0/44d14b257350a74ae2e7ada78e6227-4763463.o
deleted: f/8/1846637daa94108cfce3f34190315b-8554005.o
deleted: 5/4/5d7a01a0a255754f1cd92164012211-6227646.o
deleted: 6/7/8d596e426e279eae2bd871a121cb27-6632.manifest
deleted: 8/9/56075eeb392a12f298922e0b73cedb-2896.manifest
deleted: 8/f/f51ef8e711a007c2626f816ef736f8-5235706.o
deleted: a/f/a2bb79ae45557d0f7bf23f0dc2b97d-3961464.o
deleted: f/6/acb9a06bc9f7a28d129d9a9eb5a92f-20843.manifest
deleted: a/e/85e936545220d9bff0bb39e619c9db-3862.manifest
deleted: 5/4/77dca1c38ad805572b1800a7f4ec84-3670558.o
deleted: f/b/8c022944f912b6773abe463a2bb4ca-6068667.o
deleted: 5/d/1367ae0f6acd5bcacd3d898ba7e2c9-2941.manifest
deleted: 5/1/494af7acc8c243916bde7225d3c961-2856143.o
deleted: 5/2/d4f3e1a7a0a04c8cfcaacd149d8ca1-2597793.o
deleted: 8/e/f021eceb7ded3f2801877087ea6d88-8889.manifest
deleted: 2/2/7ad32487e21f18e87c3bfdb9579096-2270.manifest
deleted: 8/5/889a34f7f3a07c009e17d46b8ab870-4501488.o
deleted: 6/c/2789a1b3d95bec1e3e357540e9d43d-27954.manifest
deleted: 8/0/1b55bf613bddbe52f28de64a17fc43-6045885.o
deleted: 8/e/6d41714ab6bcdd571111c6f872a1be-7196487.o
deleted: 6/8/d46b04ebdbc970a955804b16522a1f-3326.manifest
deleted: 5/2/1a2b1d7caecc2b8965efb59f83d7fd-6690.manifest
deleted: 6/1/18561f40685563d04884a306f1e270-6037315.o
deleted: e/9/1f80b335e830cc4eb3f747b29cf592-2045.manifest
deleted: 8/f/c0a060c74ae48cd21bcc6ebbd94743-6066460.o
deleted: 2/9/ab0b9ff2962edc6a9e8e1136f40d2c-3385.manifest
deleted: e/8/9d0a01b7f2d77b9616b17debcf2eda-2831.manifest
deleted: f/6/eef40aa019d8e6240fde6f495cce05-4311006.o
deleted: 5/c/dc13672568cd9931a9dad11b6dd4d9-7890.manifest
deleted: 6/3/5ffec5bc562bf6f5b3ec1e3e91d7e9-3395.manifest
deleted: a/f/e009c2b78a8984b71be9a681969659-48378.manifest
deleted: f/8/a46ee28701c286f2b24ce65f1f21b6-5934111.o
deleted: 5/6/01139673303bb47823300459a96ec2-4304880.o
deleted: 6/4/dcc2f1ef8c9e0b78da378423398b65-7054583.o
deleted: e/1/3cea2bba724be1c8b11b13cba07d37-10869.manifest
deleted: 2/1/3a6af71f1f8c28623f4e9271405f14-15905.manifest
deleted: 2/9/73e0dd77b0f2f739c6f57ac09f1222-3571558.o
deleted: 8/f/d018ee1c07d770b358f9105cc294cf-16414.manifest
deleted: 5/7/417f16a751c9bb44df0149ce5291a2-4607.manifest
deleted: 6/9/de3e45b1aa1b58cd573448019d2448-3670519.o
deleted: 2/3/deeee0b866dfbe0b20bd9155054e61-5836.manifest
deleted: 8/9/08daa85fceca45469bd6e8ec06d0d2-5210885.o
deleted: 8/f/bb457c511ee0292b91ff629ea1a339-4247664.o
deleted: f/a/5bed07290cacac529c276493307a4c-2375464.o
deleted: 2/7/11bf8102c2d8c732d46be73eb22db5-46679.manifest
deleted: f/3/cd638ca7b2be74719b413b9942eba4-4265944.o
deleted: 2/0/5286ccfa40322265c42f59053a1996-24673.manifest
deleted: 5/3/9f20bf47001795faf0eaa635692ec1-5403395.o
deleted: 2/6/07527d4c2774af6766eb1ae8b5ddd0-7231.manifest
deleted: 2/6/3f6af914c0747bf6f425e2cd2dd937-28899.manifest
deleted: a/7/18d61d4fceb4634308f2f67ee419d3-3117838.o
deleted: 5/b/9442da85d077f11a5bcf76bb32aa47-2063.manifest
deleted: 5/c/87a41a767c26244a57c61bd92de613-28431.manifest
deleted: 6/5/3c26df8e4cc8a4e1fe005a142a7c76-5439355.o
deleted: e/4/ef1eceec5a3ad30c1c47befcc0dc19-3880.manifest
deleted: 5/e/45aaa4a07f0f24c8a7397bef8b27da-2731635.o
deleted: 5/9/d9162a1e2e9e9803076a3eb3b14876-4368.manifest
deleted: 5/d/a7a8085cb6f194742e6aaec91367da-3234.manifest
deleted: 6/7/e868eddd7f2036f86b80adaa8fa3c6-8392.manifest
deleted: 8/f/f50712a8ec8874e0ec41f2afc4b9f5-47855.manifest
deleted: a/2/da17b2b9865ad961152524bd1a5efc-3210362.o
deleted: 6/a/d6934010db9f327d350efb541b3be6-3111101.o
deleted: 5/5/ec3ca4057ed10a3b2fe19bceec3f20-8055427.o
deleted: 8/0/c0a24ff9b689619bfea1d3f148ac96-24382.manifest
deleted: 2/5/082876ff76b6700198f7bb5624dd13-45224.manifest
deleted: 5/3/021cc160f58fc4815845774601d7bf-5439663.o
deleted: 2/e/5644af62d3ffb5adaa81a348ce7ae2-5325886.o
deleted: a/c/ea914e6ae12ee15f2e03b36b3f6d98-5383591.o
deleted: a/d/90e8de70fcdc06f81acc8341d7de1c-3922.manifest
deleted: 6/0/73fae53ff69b75cdecbe1652309e13-12840.manifest
deleted: 8/6/cae20e060b4e907ee4185af18a2697-5865.manifest
deleted: 6/4/a47d8755ad6ccc852e3b64d7df0a74-9178.manifest
deleted: a/4/a154fdf2cb6a8404960a34b0bc6ac0-9826.manifest
deleted: 6/2/482e008c289a521878b4132125a308-10580.manifest
deleted: 5/6/0dd53f86787084a6ec4394a00ba22b-3944.manifest
deleted: 8/a/6a4cc57254fff27ac86d992532205c-6996900.o
deleted: f/6/6753a5c03ebf8bf3c8809b53bdf62b-7087190.o
deleted: 6/d/5c9b2b4608587762eda5c4146bcc89-5948.manifest
deleted: f/d/9b67c6895df7fcac3b8d3d910d1888-6018570.o
deleted: 2/4/fae79e89c377b3e6e00a5adeff1fb6-5772168.o
deleted: 2/9/60e8f35eb01d23fa710018c076208d-5227439.o
deleted: 8/f/f5fc110820e2a97d393c1883f00c58-3669913.o
deleted: a/5/84d016f1d2a00954e999f2fb5fb3ca-3375.manifest
deleted: a/c/d15d29d0b200fc3ffddc4c3eea35e4-1939.manifest
deleted: 2/a/836d73b0df0d2c597190d0177c75a1-2392.manifest
deleted: 5/d/e0ac5fca9f6938834673a01559f6cf-7211.manifest
deleted: 6/6/08de32bdfe7cfc2a30dd8e963d7f0f-24529.manifest
deleted: 6/c/62ecac054512689bd3e066d2afa3e9-4860411.o
deleted: 6/c/77cc26ac5190282cf74633c66a7649-4081.manifest
deleted: 8/e/0aa7fcd576bc2b60e1e9ed33aed29b-6438.manifest
deleted: 6/4/dbe28d56dba4b470af7c9c19b87558-13943.manifest
deleted: 2/7/7763b51a3cbfe02fb1a20fd9ad62da-2915545.o
deleted: a/c/4535d8ae4ac9b751c63e538a40ee59-5370427.o
deleted: a/c/6240175b6c8a9d596efe7faf5bbe7d-21059.manifest
deleted: 8/f/c46eb773f2e6d11d86032fd1ed8210-7336304.o
deleted: 8/f/d8bd144e0b46f4197ee99930cfbace-6224571.o
deleted: 2/0/2f789200fbb38e41f13dd18d704f0e-3308536.o
deleted: 5/c/8c4b327938b6ee0c5c796afe3cdf06-6341.manifest
deleted: f/b/c3ddfc4513cee7c7b3c52bc0d3466f-4860118.o
deleted: 8/f/c4deb866bb5e3eb8086682bd2f8c30-4658789.o
deleted: f/a/45ca0db697b97d1a12d5dd4c153048-7527.manifest
deleted: a/0/482b95938c3c9760d82fa3915896c8-7012851.o
deleted: 5/4/3061e2e6b847301037c7e14774d8cb-788329.o
deleted: 2/8/a380ca832e0b2186a02c3e00669227-9315.manifest
deleted: 6/0/0f1d08298017cb5787e8b73d80233d-5408471.o
deleted: 2/0/b6490f56de8b3c4c9c28cfc6a4da66-4276356.o
deleted: a/c/2a14d7a83847accd423a236b45cfe4-5854425.o
deleted: 6/1/da2558d0d27cceb024022c19e72e54-7444.manifest
deleted: 8/a/806b22fa278292ce7e51fdac522ab3-4905746.o
deleted: 2/5/486e6269bd82a821d9b25f26b877fb-1961.manifest
deleted: 2/c/3dc717776a3f8ebca3857938d2e3dd-50684.manifest
deleted: 2/1/0c3fdc0ad2dbe6e3f202b3f0f4e0d7-4737258.o
deleted: 6/4/b190989cfa9f44fa3361797cb8ba81-1646512.o
deleted: 6/c/457b555d6bcadbad3fab7e40dfb663-7087506.o
deleted: 8/5/f07691030a9fffa155dac791809e69-16676.manifest
deleted: 8/e/cea1d24950a813dbc72c6b06104e64-6076708.o
deleted: a/f/7e2f280fe98f5c5e14de29b830a17a-4285471.o
deleted: a/0/441b37ebe5613b06de77ded54d2e7a-2735.manifest
deleted: a/f/f3702f251b91b1ac4ec178f6ea1eae-5184350.o
deleted: 2/4/e517ad7beb66b97cc245520e7ae9ea-2823572.o
deleted: 5/2/caeda4b8b2b0010cafe219face96dd-47855.manifest
deleted: f/7/f8b93a3b4254f5dffd2aab7e36dede-14066.manifest
deleted: 6/7/025d220206ca610aced21face7b699-5037.manifest
deleted: 2/2/40dd2fe772d8e01ee6d6132d050998-7130.manifest
deleted: f/d/61b3395d25156fd87ffef27ec7e7b5-2578519.o
deleted: 8/9/b6021205b776f9dcf83cd9c28f27d5-2054.manifest
deleted: 5/4/676eff25589c08360303d42d6f3243-5302961.o
deleted: a/1/7feb2498b60acb1a6ba42abd71dd92-10695.manifest
deleted: 2/5/fb482e19889298817130b1c461212a-50628.manifest
deleted: 2/5/f0e91897ed36148caa9fb6fdf9908d-3365.manifest
deleted: 5/d/5305065af82ee091c36faf038d62fc-4459.manifest
deleted: 8/f/f5dd1fa8bf866fda008b5cb13fdc9b-2806887.o
deleted: e/8/90d14cd7b2ed17442960f635d2d344-34139.manifest
deleted: 2/1/2f5791e202b22a2174c455c2d2a5e2-1917.manifest
deleted: a/2/9e3050a07882344989c36727c145b3-2960.manifest
deleted: e/6/6cfa1a2cf3af2329af0e490640e566-7977131.o
deleted: 6/7/c098de168445d27c0d919c94ada363-6935.manifest
deleted: a/4/634c25c8819a8e4bb2281b35edab8f-5325481.o
deleted: 8/0/0243a50344d327707517c42aeea40d-5589858.o
deleted: 8/9/e18f60dcf8663ddc2f0c36d63c1e09-3576403.o
deleted: a/8/b37934b84514d9e3da93e07b297ec3-4578.manifest
deleted: 6/c/6633efe091fec34d4952c690bf06b0-2929759.o
deleted: e/4/d9b8ee24e51de942bc0f124d260089-6487786.o
deleted: a/1/ed509ab97f93da21ce1e5cb6fc3333-4259285.o
deleted: 2/0/d62915f17b1b2186ea13159d778dfe-4619575.o
deleted: 6/3/75ca17f2b065a3fb10cf4b76e5b403-10393.manifest
deleted: a/7/86ae05715644b4f7f7edcfec3a3da6-4509.manifest
deleted: 8/6/0165b08a55f2b2a0058ac115931cf7-5483871.o
deleted: 5/3/65d333f435f2e9e49228ed61f1ab4d-2994286.o
deleted: 6/0/03026efd0ac6c9746227154d792676-10667.manifest
deleted: 6/0/defb2223cccb5b6ace4b6c122196e0-102566.manifest
deleted: e/1/94f9a970167e9ebe8ec3b5c12e8a83-6121940.o
deleted: 2/1/ae18fdbef3fc8a138c20fe322e0fd8-4524.manifest
deleted: e/5/307a5216fd46673f9dcebe437e8158-5180061.o
deleted: 6/d/66ccffc4de37ea354044bc62704fcc-1040890.o
deleted: 5/3/1e24172c522397479541c4e8400d25-5356679.o
deleted: f/9/b8eef713319ba5458cbde9435e0415-6333.manifest
deleted: a/3/09b8c1dc25a041a10ddfc2a1ddc0e9-4270588.o
deleted: 5/c/b3a0814045060f3a7c9f85a652dcc2-5358415.o
deleted: e/4/9b4e214cba65dde54b2005b4909b8e-15039.manifest
deleted: 2/7/d458e886e3d42dbff2e231ceee5aa0-50304.manifest
deleted: e/9/c4405f8b946f59784793b0670cc5cd-2448.manifest
deleted: 2/7/66d57cc3211351f82dd088fd1630b9-2915840.o
deleted: 5/5/8d9fc2a7da92a9c7553fcb77acac0f-8973.manifest
deleted: 6/9/0ba79fbd934a01d415bba44ed91bf7-11439.manifest
deleted: 6/b/ca409a544e669c19803a357e19aded-5209.manifest
deleted: 8/e/335a4f1a09601911f081db95699d88-7379424.o
deleted: e/c/1eb2787620e9e3fb32e8d3fbc67eee-7561.manifest
deleted: 5/b/4e6bf644d0748976a14e7246626f73-8003.manifest
deleted: a/8/62b92f88a0824410801282571a2566-5331196.o
deleted: e/c/a16fa0c4885d76e8bf2db35579a89a-8079443.o
deleted: 2/c/7d7a90337f1b5546c149c033a88e52-6636.manifest
deleted: 5/6/bf7c5892182489f3af3027936c6296-5450985.o
deleted: a/5/ed9ea4914c051c995aa792f61288b7-11740.manifest
deleted: 2/1/456fd1f643c14e2b2a0fcb7d7a196b-4406.manifest
deleted: 2/2/ddcefdc460142b9e5b8c638d311921-5333573.o
deleted: 5/6/e7c88f0d0a2fb4079d2e709baff4c1-2159.manifest
deleted: 5/5/eca5d85338d7cd1fac45dd101399ff-2339813.o
deleted: 8/1/82f2552e8078077f16e2615bcd3592-5465253.o
deleted: 5/b/00b669c5f1e510ac3b8d8b5d4d3127-19927.manifest
deleted: f/1/59ed2d5124af6206f5092397a8baa9-9557.manifest
deleted: a/b/a29aa6b7d9f4fd1ed0dffa72f2060b-5406421.o
deleted: 8/9/157e7c7d8e664930adaeb2d9d21d83-4270292.o
deleted: a/1/89aac906e2fbe566109f5b7fe2b4b2-12084.manifest
deleted: 5/6/cf3038254ab2638f629bdb111c4e9b-2284.manifest
deleted: 5/4/7b50712b79c782f1eaf6f9355ee0e0-5211.manifest
deleted: e/2/c8de4a9119c61ad6a3480359898117-4159734.o
deleted: e/d/5b6c6868b86128cbe8a449c40584e6-18943.manifest
deleted: 6/0/481a1537d4214e5dbb54186df52f3e-3113.manifest
deleted: 8/5/9c1aa53fa400d9807f606d25cf1bdb-17719.manifest
deleted: 2/b/c763fc54a5124a0394eccfc5e7f791-3671303.o
deleted: 5/0/97850e12d5711f71f54794a0da6e31-2172411.o
deleted: 5/9/4ddcd4461153a30c302db33f223e40-4854278.o
deleted: 2/4/2375b7181afdd1302799e5a5bd7125-3343.manifest
deleted: 5/d/31b7934941b2438bc15761a9cd8dea-5579.manifest
deleted: 2/3/1cabe508aedefe4e515475db6e8afd-5411656.o
deleted: a/d/b957c7d28670f3acda0153251232a1-31216.manifest
deleted: e/3/9ecacddade8e3f23f65a9656062204-3468.manifest
deleted: f/e/08f488ec064e11e5fea455946614e3-5325481.o
deleted: 5/1/f531429751a18de6ab2d4ca56839e2-256804.manifest
deleted: 8/f/1f0444f7ec5f4a95886b175e2bc352-4273095.o
deleted: 5/c/6c14b0b605cc2f6f8da38209b6fe96-2894.manifest
deleted: 2/7/dbbe502df7d1ccba23ec584e9ac343-4198.manifest
deleted: 6/4/d808294f4a38b3d43863b9a35b3a6e-11738.manifest
deleted: 8/1/f6137a903634ea805fb76fc737a518-8026.manifest
deleted: 8/8/6550fa83bd87ce7a486a814102350a-5369887.o
deleted: a/e/704eae28eaafc23b38cfdd067918e3-2376.manifest
deleted: 5/d/209b45fe2e8b452902d57c1dd3e9cb-3169232.o
deleted: 6/8/3046d44e5de01489b9dc5b04520381-6082809.o
deleted: 8/6/16fe51fcfab7832d37dc3a797bdd5f-1993098.o
deleted: e/7/ef94701cd2a40745bbc60f48985c39-2919.manifest
deleted: f/d/691e2a78488f6d45601152082dc499-5341372.o
deleted: 2/1/655d2fc58ff172b2b1302da691ba23-5770.manifest
deleted: 2/0/3ecaeb8e285512730cb1f9850e1883-5894094.o
deleted: 2/b/f06109ff1f2af84f7eda3fbb647983-4345336.o
deleted: a/e/ff48171c5fc534a76ed8f4e3a1880d-5547.manifest
deleted: f/3/db6c5b0ac29adc6789b688c354fe46-4444455.o
deleted: 6/4/b48fd5e3886ef799c7b0bfb47a2eb7-6599510.o
deleted: 8/d/96c5a17243eac5b9cdb53f6eb297ab-8328.manifest
deleted: a/d/3d843c74e43c28e4021266d0bc069f-38652.manifest
deleted: 2/1/f6567bda7e7be34e5c99e7d24c8ef8-3740.manifest
deleted: 5/5/80ef4ba9eaf0968ef6896e4284be1d-2582651.o
deleted: e/7/d82862690d3768b3c679c24a2bd138-5952.manifest
deleted: 5/7/36941314fed93ef624ca0768bf81c3-7031801.o
deleted: 6/a/e5666923bc543f542aa8afeb728ccd-15050.manifest
deleted: 5/3/cffba798aac667151be7208877f2b2-5461442.o
deleted: 5/a/44a5afbc696dd7a033eb1d67ce34c3-5455767.o
deleted: 6/c/a427e0c2f4a772c91b201670a7a5d3-4878.manifest
deleted: 6/0/e67542c21a213302d92bb4627063e8-5896.manifest
deleted: e/0/1006e0262c084bdc0cd0c9ea850700-3468185.o
deleted: 5/1/764f4003881d8a01221572369d6667-2459.manifest
deleted: 5/8/4875c241727a3c8105957201d6c495-7205.manifest
deleted: 6/a/17e59e163c0cb7028fbe81905ff61f-8900.manifest
deleted: 5/1/af58e7196103acc6aa208b16d2bf7b-2430.manifest
deleted: 6/5/bca4964fb27aaee4e701adcdde4bda-6832.manifest
deleted: 6/c/3508c5f427f1f85faf9e995894ab34-19555.manifest
deleted: 8/f/c5cb8e07c44f3ebacf87db7bfa9431-105205.manifest
deleted: 2/9/06760962478f3b7f9d28f7a6351ea1-2372.manifest
deleted: 5/b/a036f169440036cb7d18701d54e532-6319.manifest
deleted: 5/b/eac2fa71cc5d337b4607d0d85640c4-6266777.o
deleted: 6/c/efd598646c2f4450e2fb4dc3600d25-4375.manifest
deleted: 6/2/177ca178db933bba2cb7386459b567-2813.manifest
deleted: f/e/19be82d53118a94084985b3215b4a4-5355013.o
deleted: 6/9/c508117aafd2ce543a0db79608c6e7-2925917.o
deleted: 5/e/13ef83759b749e1e726abd8a253735-2823533.o
deleted: a/7/3e0c3c79a643de32780aa83c5ee7cc-5337238.o
deleted: 2/9/93c4143a9edac488ddf2dbb50287f7-5481206.o
deleted: 5/5/910796be553b9d1e0a0bfca54f38b0-3339.manifest
deleted: 6/3/4689c66727b628973f460c0b1e778c-33903.manifest
deleted: 8/3/83d7afd4d0be23aada91f061188b10-1839.manifest
deleted: 6/7/601627d67980cde796bc6a8922c2ff-3245937.o
deleted: 2/8/8797c8aa6dea16c5c0cf234fab3050-6563.manifest
deleted: f/4/dd271fc1d0018742564379359d1b36-6518878.o
deleted: 2/6/fe9244166228ef7d351dd026409996-5383885.o
deleted: 5/6/df965c4f9ad91f97367080692aaace-5349562.o
deleted: 6/8/5dc5fc1b0f1fece54b021f913ad567-33487.manifest
deleted: 2/3/42b1c9ed28d2d9f2db1b3dab5519f4-788434.o
deleted: 8/7/524cf01d2ae6d85877d7c5c6f65517-6981728.o
deleted: 8/f/ce4b67e52a129042d6cd58d99b3c3c-3958.manifest
deleted: 8/5/3a0735e5a8e51086faa9e228fac116-5977093.o
deleted: f/1/c505379154b8e1ed178455b809399e-5830598.o
deleted: 6/1/4710148117ea11f6813b58f5fd00fd-5404867.o
deleted: 8/4/4cf3a333add5c41bb7475c8d432b9c-4369.manifest
deleted: a/6/52c0f7fc24e3f8b43762a23c5177bf-5307593.o
deleted: 2/c/49ed50112f41c84dfdb5b9da516a13-32238.manifest
deleted: 5/6/ca39fa61b636be045a43165fc895c1-18466.manifest
deleted: 5/a/dd822d8cdb58ad0c5bc8e72d146a31-5838.manifest
deleted: 5/e/5c00b768ebf926e8617ea7684d2e64-12625.manifest
deleted: 5/c/bdeb3e807d672c37591aee0e5d5bcc-5355881.o
deleted: e/7/d43e69479f75ca0682cafe45c2501a-5612.manifest
deleted: 5/6/d6b00613b401144a93d1b04cd7e6b1-18251.manifest
deleted: a/9/b1cf168d78a2a531052f35d664b77e-31643.manifest
deleted: f/e/c5067c57bfe62fa7d1899e1f3a955c-5328925.o
deleted: 5/3/761656edd6ba75109311da6a8d3e71-18683.manifest
deleted: 6/4/7d5e4b9edc057998ace4d59c727802-3569373.o
deleted: 6/c/8c497136ca346b1a8370c6dd450eb8-4718.manifest
deleted: 5/0/90e1dbe194363e22bef335545ebb40-4334434.o
deleted: 6/c/64d085ecb17a3d8d459b48e917d2bf-7360.manifest
deleted: e/0/239aef9d148afa472a4a64cc450761-2965376.o
deleted: e/0/5fe0ea1c99028e5f53be6c4a526222-5729912.o
deleted: 5/3/c41496f3aa7061c6a86b149115e4e2-3088632.o
deleted: 2/a/39e074790babb0b307a7d806343583-2827513.o
deleted: 8/b/98312e8398f34a6075f9216d9d9b0e-14025.manifest
deleted: 5/7/b69a640a8783d9f98d7447e9e66f33-90693.manifest
deleted: 6/3/78f4435728706b44c78cb10ebdb331-3043862.o
deleted: a/1/7c387f15e9ee8311ede34a4f787674-6551.manifest
deleted: 2/a/293de53e1a6262ca3f592367314435-37520.manifest
deleted: 5/e/e1c971caa714b9ef12135abb898766-5501896.o
deleted: 6/a/2792290bf52b0ac4c5c9e927981a60-4395697.o
deleted: e/9/4d3373c402060586d48cb9ad986960-10742.manifest
deleted: 6/4/0d617c683ae5d35cc87ac33c17d9bd-10251.manifest
deleted: 8/4/3b8a715a7542bc2e99c2c2a64cb130-11098.manifest
deleted: 6/c/b9585ade376b3d9de486e1756abd96-5976217.o
deleted: e/4/05c093cf0db5f0326dd78cc7951170-6231.manifest
deleted: 8/0/2a0cd7961425a4308a686607cecdb6-5308469.o
deleted: e/4/691f85e5feb7dd020619ecd7d6334a-28490.manifest
deleted: 2/2/0607d152ddbdef86809126dfe136ab-3824.manifest
deleted: 6/0/348dc735a7d9b74adcb7f189497825-2916.manifest
deleted: 8/c/3f1d7012e0ed4df6808ab4b276b9d6-5228429.o
deleted: 2/2/0db81a258538c9836511a09ce4da08-4946.manifest
deleted: a/f/bed887007d6cd317da602c59f5ba7d-103079.manifest
deleted: f/6/18e2350b393f7abd09a5418d1a2c97-24673.manifest
deleted: a/3/71daea864f2d6ec792b7cf7ab1ca34-45996.manifest
deleted: 6/a/bdf917f2bf8ad1cb3b37eb27ee707c-14218.manifest
deleted: a/3/2545cc2662ef4ae4036afdea80ef6a-41950.manifest
deleted: 5/c/a6132a737e174ab18f457a978eaa55-6563.manifest
deleted: 6/9/fa9c7edfaafe9b18a60401bf12f1e5-4786254.o
deleted: 6/e/82938abb41834f442cfa549a2ddc3e-5324125.o
deleted: 2/8/159f59bcf795f97965782005db4fc0-7787.manifest
deleted: 5/8/401a365f3dd2e843ce64a7fdb59356-4352588.o
deleted: 8/f/e8eb3393dbb35417d0a3ec9a49be9c-5384666.o
deleted: a/9/6e65138f46c238e4d0942c40a563d1-4532578.o
deleted: 5/0/cb7b03cee08729bd6b486a8403658c-9556.manifest
deleted: a/c/a881a8fd086d324b5b486d9be46da6-3708.manifest
deleted: 5/7/baf04b6d8a1cd09b212049b1512744-4117.manifest
deleted: 5/5/5458076b41ca1626bdfb838440d13e-5368168.o
deleted: 2/2/3df54885232d3f951a1dbbf0b3f8ef-11358.manifest
deleted: e/c/c65c48d5153db0ee3d477ca12caa05-8431939.o
deleted: 6/5/bbe1e661ea477991d9aa9f6fe369d3-5758.manifest
deleted: e/6/457a3c6a8eed26691b86af1e02114b-4383522.o
deleted: e/4/36387b3b01a68d24f3cf562e59e10e-2583379.o
deleted: 6/6/773c9b26d3b84d2dbb3b9b5a13cbfc-3884.manifest
deleted: 6/d/4da74d95c2494dd33f8623b4b0806c-5357176.o
deleted: a/c/7d71b68b347b5cf578f9afaf3a56b2-3909.manifest
deleted: e/0/aca89e67bdd2fec9197cad685cd9cb-5456180.o
deleted: 6/4/6c92c315b858c7591e159a39dd179f-5331539.o
deleted: e/4/379e0f2acd2fc4cb99d8070da6c312-3657446.o
deleted: 5/2/7e44fd2516650f073ed8a6ebbf1594-5395159.o
deleted: 5/5/2e03eb286ca18a41c69634a60b57bb-7075230.o
deleted: 6/0/e373ae8e3817fdf0b6a4d3f910c592-3169981.o
deleted: f/e/a53e11c79d3f0f39e80b9e9da3774a-3584.manifest
deleted: 2/7/a7a6ef948e2cfa88d94d09015098c8-4359587.o
deleted: e/b/58ee012cd3285fc8c302d856171ed6-4708.manifest
deleted: 2/a/799ac8f2fb5addb8c8625a1990e69c-7599.manifest
deleted: 2/3/21b7f902a8308d1c0a735d2078dd69-2913.manifest
deleted: 5/c/e86284ad57277f700fc53b83ff264e-4600.manifest
deleted: 8/0/295dbe7426f0d9c171c04b2aed70a9-1782.manifest
deleted: a/7/c31f48168d161d8b8248d3cb41d808-6054703.o
deleted: f/7/d309e5c9ce2b552cd49665baa4e90d-3126.manifest
deleted: 5/6/c9d9d920e0fa836f949b523ed12383-3824.manifest
deleted: 5/b/f6874084bf27256c10c7198eb7a777-2784915.o
deleted: 2/a/8c814f766ba6a74fbb869501bd5ee4-4507.manifest
deleted: 5/0/980c766fb180cb598fc707b6107485-14422.manifest
deleted: 8/f/c9da22bc76d428004c056bd07b6bb0-6028.manifest
deleted: 2/7/f671f8bec3c70bdc395e1228f32e56-16191.manifest
deleted: 5/1/9c3662ca97eec3ca3a65c55f71d094-7048064.o
deleted: 5/c/1995f2a70448d514d9cd9620dfe668-5393051.o
deleted: e/5/b3acb0e556f950f1b42a904f3a66db-31238.manifest
deleted: 5/0/83f742973483e96ec70993e112eb81-7192.manifest
deleted: f/7/886413c4f7ce3658bf703d9ad7011d-38888.manifest
deleted: f/a/a0f5b60ad574d1506ad9e93993fdc3-10804.manifest
deleted: 2/7/5a8aca7322c684d78e665a5956b89c-21058.manifest
deleted: 8/7/8bcf3ad6428ff28aaed31a4a930dc1-4394.manifest
deleted: 8/f/d1fd8ab949d703af31e605dd271d58-4395083.o
deleted: a/f/e21b7a5582f45e8e8269b43b890560-10200.manifest
deleted: 5/0/cd8abea89ea993b8dfc4e3ea773153-4659913.o
deleted: 6/3/1dbccc1bcec7064c850604816f63f9-2831.manifest
deleted: 5/b/7c015e7f8a120693d00deb4525643f-5423049.o
deleted: 2/d/0ca5a13631af495abf2169b773ff01-7010.manifest
deleted: f/9/de93520a3b285ba4e3e8c50c8bbb6a-3041.manifest
deleted: 2/c/e71596b7c6fdcd12fc2b0aca42df85-16992.manifest
deleted: 5/3/30853dca2b4c202723490e2d7e6818-50699.manifest
deleted: 8/f/e0b7e98f9ebf81225367ff8df7fd87-4369.manifest
deleted: f/7/6b637bea197e472b0a20ae770e2e0e-12792.manifest
deleted: 5/3/bad83c7805e362c1af584467d5ec3a-5448388.o
deleted: a/8/c14b199258157cad3c05bbab095ad8-2377.manifest
deleted: 5/5/9ee9a95d3f51b5594898ac37709297-16958.manifest
deleted: a/f/f3bee4695f3d05b1ea2da114ac2039-6284.manifest
deleted: 2/2/dd8381ed33ba80c10da135183dd4e3-9317.manifest
deleted: 6/0/a8f5697d113395489d3a07b2b75d37-2636621.o
deleted: a/6/5fdce3d84718b178e8286d6168addc-3698.manifest
deleted: 6/1/fc2c7e458b05eda45de81fe45f429b-10092.manifest
deleted: e/d/6490f7dc7c7924b7ce54786665c0c4-5895.manifest
deleted: f/3/91b9871a20679f1e74ef9b3d4a5d18-5565923.o
deleted: 8/3/ee980b91cccff3cd384bacf1240fda-2543261.o
deleted: a/c/137f15224ececeb7891064bb42a232-1625.manifest
deleted: 5/4/ac0608de6f33790256b3b7d7c7bc06-10305.manifest
deleted: e/d/b2778f5e930cab99c1c32d122cf813-2589237.o
deleted: 6/8/dc45fe142e5e47fea9ee59194c27bb-9069.manifest
deleted: e/8/566285f8a5bf803519258f6c08d8ef-2584827.o
deleted: 5/6/9be49f762b340c037ffb6d4e5b6d9d-11599.manifest
deleted: 5/1/1a453a6cb1904b51137311ef29e549-5380562.o
deleted: a/1/74151e4d869b6e798ec271505c82f2-5510432.o
deleted: f/5/a54f25d0aedd77bedf18760e485574-7353.manifest
deleted: 6/2/4cf8f415f8b2eb53b28eb1187c4905-7243.manifest
deleted: f/e/60cf2c61a5f80a9c4f7760bbe37368-5351821.o
deleted: 2/0/a9b12022c054da756aa53b4809fc45-14892.manifest
deleted: e/b/d7abb32e652b94a3ef8bbea9205a9a-5412340.o
deleted: e/2/0d7803ab3105982ffa8a9009841fb8-6188372.o
deleted: 6/c/21dd6b25a57d4b3de5ce9f739d59c1-3113706.o
deleted: 2/6/9333a950592783188aa73cafa4901e-5191549.o
deleted: 5/3/bec6a6d7657da8eeab7c86d3c98444-2569.manifest
deleted: 8/a/ffd74dee7157bca2a8b9e6d9f651f8-2631.manifest
deleted: e/2/d9c332271480e6e5294c07de3501e6-6963978.o
deleted: 2/3/32bf27ea399b76a9d15dada3c4d9e6-4196.manifest
deleted: f/a/d69ad1e6edf5aac2d12a8e1e5150ba-15498.manifest
deleted: 2/a/75f1b72e000a221871ba97c65559f4-3265990.o
deleted: 5/e/0d78fca5340dbd6c33c94d5f60976a-5742.manifest
deleted: f/4/76f1f4397481a2ce53c6516f27f8a2-88955.manifest
deleted: 2/c/b1dde6b00014c539570836bb4e2bbd-3338.manifest
deleted: 5/b/5fe0b475fee6f513cdac11550bdb36-7032325.o
deleted: 5/b/8ca61b0aacc2e010109f2abceff470-4320.manifest
deleted: a/0/7d4915d4b062527d70161020d960ff-9815.manifest
deleted: a/b/6679dd13a07d5044455fbab4feb5c5-4687760.o
deleted: 5/3/7698dc2ffaa6d87dde0d576fa9ddf6-3043568.o
deleted: f/f/7acf2100b96564f6fcafa988d289a2-28431.manifest
deleted: 2/3/ec4e48cda32564bb325f6be23bf754-17451.manifest
deleted: 5/1/c0471229fac8f2d1522964b24f699a-31638.manifest
deleted: 6/9/2fdacaff10d468d0e50cd21b6d0647-9079.manifest
deleted: 6/0/80ed8d921e5f1c63891256d721dd23-6352064.o
deleted: 8/f/b12ff516d40d4556e014ffa7f5dc4c-11716.manifest
deleted: 8/a/b6954bfaba981147b72db3bcd3ee9c-5366857.o
deleted: a/6/a6b86a3ee89ab09006240c36152ee9-4387358.o
deleted: 2/c/c9708ccf76468b22b7b84e0d1ea443-45752.manifest
deleted: e/2/073baf17860ecf394df802d0b6ec7e-16947.manifest
deleted: e/4/e26f7985863eef8a007fefc22a2fc8-50594.manifest
deleted: 5/1/21fc130d62b7a16138d03bdf545eda-18242.manifest
deleted: 6/8/a438ad149832edeb0f2c8e30b4ac05-7391187.o
deleted: 8/a/9fdd3082dfaf6ad2e68a7d6dd71a95-2130385.o
deleted: 6/9/aeae0636576dee5f66db9c0ecef58c-8721.manifest
deleted: 2/0/ac666917e18a626de969663fab0e99-12318.manifest
deleted: e/5/339f8e0e13f26b1f147b0f0bb28b16-5341371.o
deleted: 2/1/123a45dbb1a6376924e624c0125b1b-4303473.o
deleted: 6/0/fd59a86150e5473e4740ae3bf372b4-5343616.o
deleted: 2/0/c363caeca68019d3efdb506a48fd5f-34046.manifest
deleted: 2/8/bfb33d6beaef7e2669aeea4dc9e331-6512.manifest
deleted: 6/d/4714adc65496ec44a9a7d156800492-3127671.o
deleted: 8/e/3054dbde5be3652278553913e8664e-35492.manifest
deleted: 5/8/fc24d3ba37676fa99e9eaf5e6d40dc-3025520.o
deleted: 5/7/5ff6839afcaf6b2dc893c1477389e9-2599.manifest
deleted: a/0/403a61396af8cd74ff85c19a3128d9-2067103.o
deleted: 8/f/f5cf4a774684f43e1dc66eaee48c4f-20474.manifest
deleted: f/a/ff912f0d7dd23ce7a2df7261f4632d-5839096.o
deleted: f/0/bab332bc16529af6500030b5a94883-3096658.o
deleted: 6/8/77f26da2768cd873607a83f99e8c31-3772.manifest
deleted: 2/2/e34cfc05c6cb4892a662813ba23035-7139.manifest
deleted: 6/9/46872375661565493fdc6578d7a6be-6628.manifest
deleted: 5/b/817768fa71a66c4819db42372ab7bd-4365717.o
deleted: 6/e/08fa17f8ef19baa362369b70370d7c-5016409.o
deleted: 8/d/cbd94062d2ccd582dee248ca94e791-5366858.o
deleted: e/8/281643d4e51fac5b5154743b7f34e7-13945.manifest
deleted: f/0/eae89f319cc723d10a33ee1cd57c88-5764154.o
deleted: 6/a/6527b9cded66ec78e412ce053f58fe-3077258.o
deleted: 5/9/cbd92c9a36dd4eec78d6855bcd864f-4946.manifest
deleted: 5/b/9e8544235523c58bd4182f3d2df149-5481112.o
deleted: f/3/f6b9d3ff77284f85d8642a2a6c4ba4-5941977.o
deleted: f/a/f87cefbd4e33e34c51ccfb2af75a04-1636.manifest
deleted: 5/e/20bfe477cf4cbcbdb284593057d3d5-4557645.o
deleted: 5/2/356875f1d4e0bfde47e82b580debde-7855.manifest
deleted: a/3/0ecf6d14f17e8f2cbef8fb9eb2ac6a-4443147.o
deleted: 8/3/1b40f6f0cce65c4454dd14bc1cbd6f-13532.manifest
deleted: 8/3/3833567f8094a7534ffb55232144e2-2586864.o
deleted: 6/6/7f798ed0e0a6b173b611f21cd81d68-2033.manifest
deleted: 8/2/af5e4f4d58182f7edc8a153fae5b41-4249060.o
deleted: 6/0/b51f5a720897e17a0137ec0b79a548-5890804.o
deleted: e/a/606e011fa9d363ca1c3bdf31d23dfa-2845298.o
deleted: 6/d/4269549bccb483f426ac3ed8b58b8b-33415.manifest
deleted: 6/b/d11e4045de5f778abf0483c94b7c15-8326.manifest
deleted: 6/b/ef7863881bf3c254c4e891298d686b-2821909.o
deleted: 8/1/0410a38036da2c583415a9a29e20f5-2845364.o
deleted: e/7/3abee963dc96c2aaf6ae2aeaabed49-5989921.o
deleted: 2/7/e166bcd16c57a63ca4721e117f68f6-2746.manifest
deleted: 2/d/0da5e2de7e592544456a5128bb2a67-12419.manifest
deleted: 5/9/2c7379f96e2d0b17f7a96a3ffd6f01-4526.manifest
deleted: 5/9/0b625f864b6e3028a47e7c4c583813-5236865.o
deleted: f/6/206bc4c981f7758a086de8e2e739cc-2584123.o
deleted: 2/6/cda7951f2c671a8f1b58e331435dde-3025815.o
deleted: 5/f/2312d53cebf584f9bf398ea3765e05-2429901.o
deleted: 6/3/41b267fd62e19085ef3e911510c902-31370.manifest
deleted: a/3/92beb230c604a2bdf0bc2bde53db02-4883.manifest
deleted: 2/4/af7bfab322466a0622e2794ffb8e4e-6551.manifest
deleted: 8/f/c7e6e685f867cb8cb11361b3595dd0-16494.manifest
deleted: a/7/f89ffac82b7e7288b31180dabf683e-43762.manifest
deleted: 5/6/49b28c359ec86d1de0545769f547c5-4271865.o
deleted: 6/1/9512005988e4ee8335c3f6ffe1079e-5341018.o
deleted: a/8/fc605f6c9914e6c9ae31c0e4f02786-2536896.o
deleted: 2/5/7ed2080aca563fca6a6ee2fdb21b15-6390114.o
deleted: 5/2/9f6a50d320edc1583c3f5395b2c744-8038.manifest
deleted: a/1/253f2b05556d0b9057bd4e2b5d6b05-3345.manifest
deleted: 2/b/d8f70b59b785d946d36a6d5a4afbac-10200.manifest
deleted: a/4/1c8da4f9b57b6306f47f6f27bf66ac-5221885.o
deleted: 2/5/ad74bb3d8e3f76bba0dc3ec468d020-4490.manifest
deleted: 6/9/df2979a95931e5986c5aa2cd002bae-5326260.o
deleted: 6/c/2314512478519f5407d0b9fa5f9879-28877.manifest
deleted: a/0/47c478283f3b3c7ead1e88a1707c3b-5630872.o
deleted: 5/b/798124489c9478184f38b783e88216-5386110.o
deleted: 6/8/d258ee6f9cf78894fa3464fc8e9d59-5367829.o
deleted: 6/9/0fc5cfe0e009ef85a451fe750e64bd-21494.manifest
deleted: 6/7/7ee5121f010d3abfae4ccedf7ca36a-9609.manifest
deleted: e/d/19d0a8d1fee6e873587ca53e119583-5511286.o
deleted: 2/0/9ffc89330ab6ed5c51689468473746-12838.manifest
deleted: 8/0/94f0f03d13d61a16dc8ddf078bb8f5-3397.manifest
deleted: 8/f/e825514e8f9335b100c41045205b8c-3239264.o
deleted: a/2/1daea0124673e3724299e88b24efad-6524.manifest
deleted: 8/4/da5a2edec665e5dba60bf78f5b29a8-4330829.o
deleted: 8/f/b645eb30c0d6b5a40d1663ed931d5f-3668.manifest
deleted: 5/a/36262814125f5ccfa8a36dcf8e6816-2098.manifest
deleted: 8/e/d35a0334eb11d44c2ba0d1fd258e0b-7958.manifest
deleted: e/4/c048ca5c234521cb3d50c1456eaecb-4459928.o
deleted: 6/a/c03cf8f093e0c327d2aafec4f4c110-6011.manifest
deleted: 6/8/06fcd9db118f1e0188b283e02161be-4652876.o
deleted: e/0/bd019a9f9f265189aa4ebe648420cf-5351050.o
deleted: 6/0/fa161084cb755adb8e6d20134ed57a-6716.manifest
deleted: 8/b/a6b06178de5d1414d5aef37984e955-4671.manifest
deleted: a/f/ee846af9f0526835cd04bfc3d46edc-4361784.o
deleted: 6/0/4413f52e8333a3a1a8f5f083a6759a-19303.manifest
deleted: 2/6/4668869b2bb7d68c219d59300d89de-2981361.o
deleted: 6/2/da07a58a082f8ac6fede97e71445df-4577.manifest
deleted: e/b/1b96921aa6c7bd5c54aa92afd226b5-2831.manifest
deleted: 5/e/65827a63009b0d55d606205283d81d-49325.manifest
deleted: 2/b/3377ddd316f0e7705d77ac39b739db-7756.manifest
deleted: 5/a/6e31792c5f59e8095736dcf62f85e7-2977.manifest
deleted: 6/c/7e61484814b8f03cf94afca6910203-58226.manifest
deleted: 8/f/c53b0db3ca1613b534369db8f5ea0c-125634.manifest
deleted: 6/4/0874900783b24f927233e6011e7274-4498.manifest
deleted: 8/1/1dfcc9c5b01c851c89a444c4c0c3d2-7136083.o
deleted: a/3/81f32808eebd74ad3986753827e9f6-5457706.o
deleted: a/e/22d671488f87b94cbf401a37a4cd9f-6021277.o
deleted: a/f/d187e0eb2e6104837b4e4e84584c6f-9448.manifest
deleted: e/8/af7f375cbf26947ca0dd41cacb5eee-5786320.o
deleted: e/9/498c2d98b8780efa378eed59178be7-10251.manifest
deleted: 6/5/8bd80bd797b48d9a75d8c4fd7b1969-5003.manifest
deleted: a/d/4ce4dc7f3408033fead6f2bf35c149-11514.manifest
deleted: 2/0/5acd337c35e12d7a77880afd6846bb-34480.manifest
deleted: 5/4/370b70401bd5239e6b5acd6b44c71a-14834.manifest
deleted: 5/9/b60d13f524404afa558a40751294a7-7599.manifest
deleted: e/b/b2d3383d746780f7d09aa2dcf60e1c-3056.manifest
deleted: 2/2/4296183d3eab609db38513d635dda4-2770.manifest
deleted: 2/5/412c6d3b656676f21f1d66742480be-3527.manifest
deleted: f/1/5640b7d9bbc59172fd9d72aa539919-5323228.o
deleted: a/6/8333aaf01616a7323a6348bc207c8d-4276061.o
deleted: 6/2/717d7da724d170deaf0a1d1ad9f3ac-4720.manifest
deleted: 6/c/10369d99d753f18feb95f676ba29b8-5136305.o
deleted: 5/c/d2bb2111222f181c470d99d5f1eadd-4587611.o
deleted: 6/1/417360896d90b540dfc92b460dc36f-58575.manifest
deleted: 6/8/7414da8ddb7449d29e416d10ace006-5312014.o
deleted: a/0/3286f7db29cc24a73a3579e97738d0-33613.manifest
deleted: 2/1/149ba04af4fb35a0e86224801a9fa0-1881.manifest
deleted: 8/0/de665e7a50caaf30e1d7773fe54bc1-14814.manifest
deleted: e/c/78f1f020cea9e4b3b3ce53d834cbda-6075815.o
deleted: 6/5/6cdfd4c8968bc634a931aa0c23731c-4235706.o
deleted: 5/a/ea336bf00e88b9aad23ae852f5714b-4182.manifest
deleted: e/d/1419184bf1a99b3e4fc4b74d50254e-18640.manifest
deleted: f/a/ce19b57f340d76d59076f6bb1e9c3d-6951.manifest
deleted: 5/1/34d2cc0687c56a82dac33456ca0ce2-7214.manifest
deleted: 6/8/d4672870109baa45a9e087c22a831b-3253236.o
deleted: f/3/16e9ee2083964e3e21aa352cf63e7e-5356775.o
deleted: 6/3/45ff420d190dcb45f2d2ae48f1587a-9878.manifest
deleted: f/1/50d3e5ff9afd51a890415831dd16e3-5029.manifest
deleted: e/a/02cca57735fc9ee63526c6461bcda9-66402.manifest
deleted: f/b/a2e8a4fd9e845f2989470993cdbe46-3464.manifest
deleted: a/8/ea5bfd0ba1078a5ee499db69fa1432-7265.manifest
deleted: f/1/ff6922428b8d24602ff7d1eb78b532-5365636.o
deleted: 2/6/f9129302f21231a92979ccf4313f72-13613.manifest
deleted: 6/1/fdc55026932741ddb3fffbc4686f47-5349208.o
deleted: 6/a/646dd9d60755d386894f6e55682c38-4307056.o
deleted: f/5/16fd1b4cc04cfc866ae4c3f0130cc5-7243.manifest
deleted: 6/8/259a5832a57e691590b845fb4e851a-18448.manifest
deleted: a/f/91f9d0dd0f7ae630649df19406ad0e-2376.manifest
deleted: 5/7/d98225f9c463d3b9af7882c0487818-4139865.o
deleted: 6/6/e38f09e2f400b2794b4f79578feaef-7977220.o
deleted: 2/5/9071918a55fa3028d9d32983204353-57443.manifest
deleted: 5/6/9aa6926a8fe77b28cb8c29ed8c245a-3156586.o
deleted: 6/d/23d927919f50503f7eb5d0c7cf1169-2581168.o
deleted: 5/c/1ed9d5c99be00860608d85d3805b08-31236.manifest
deleted: 2/8/0d58b7e1baaa4e2e21324a68061633-61137.manifest
deleted: e/2/2df84a33f5cfd99f573bc929c63ffa-6558249.o
deleted: 5/5/60c753d055de67d9ced4445024f2b1-13199.manifest
deleted: 8/b/2d62d93024c4c0bf09f5600ddece87-3879.manifest
deleted: a/5/602622e40b829042d2770915cedede-6019761.o
deleted: 6/3/3748191462c13d160f2778d89087d7-3141.manifest
deleted: 8/4/54f765a92d3ae8fa99adc27e92c5f5-4936750.o
deleted: f/8/03b46f1cb9aab6db0948ca0c8635ac-3172.manifest
deleted: 2/5/4a54c581d78c350ccb9ed687a1618f-2896.manifest
deleted: a/c/42ae9a62f0628326877ab1f36722e9-50293.manifest
deleted: 2/4/a4d46442173cc2a0a07cc84184ca63-3399.manifest
deleted: 2/6/956ff4387c8f206fc9462fd090e0b8-24689.manifest
deleted: a/a/d80143d348e58faabff6462660441f-4312675.o
deleted: 5/b/d31b614699c036617a1397c7e3e711-4364255.o
deleted: 2/0/54e3ec69eb5f283be8fee94b2096b4-2535.manifest
deleted: 6/b/f88c60bb98c7edc6a3da192f54ed28-5377983.o
deleted: f/c/fb6c3bae690f5cd272a94ad19ce855-6081922.o
deleted: 8/9/92cc6616aff0299d52a372efaf3e69-6534441.o
deleted: f/6/35aadf8ce66077990ffed5441ea53c-5368142.o
deleted: f/d/37d3333bfc58d459c1494131cdb5d2-5383773.o
deleted: 2/5/c6e881bd55d33d9dcf7b4acad3cacd-6401.manifest
deleted: e/8/2d67ac86d8be1182135170778ea3cc-37015.manifest
deleted: 8/3/0baf039d962ac5019b521bf59fb3f5-4122.manifest
deleted: 8/6/4579ba602791a401ad9c7444eaead1-15354.manifest
deleted: 6/0/229ef5ed2b15010a48d62e6bbbd340-3034189.o
deleted: 5/9/31545d5dd037c3c6fdce0d3f3575fe-6582.manifest
deleted: 6/1/2b8bb1ce628b2cf862ed376cf494b4-2760746.o
deleted: 2/2/62dab9de6d3ad78286dc049b88e416-3279898.o
deleted: 6/3/b134da3fe234a83a933bc1f55e3abb-9116.manifest
deleted: 6/a/35a44d3512693e5f34f15db58caaf3-15330.manifest
deleted: 2/9/6339b08372b6837aa5eafaf552c8c4-3258980.o
deleted: e/4/56d6072363871f23cbb00f77978d27-4243.manifest
deleted: 2/3/94a0685738ba0368d2139ad84291ad-3533.manifest
deleted: a/3/cfc2a25ca562b1941baae244e00f0d-50593.manifest
deleted: 2/5/62903e10b87fc016d090fcef58199f-7230914.o
deleted: 5/d/f34165fa8a139a0d9dcc716c6c2305-5402369.o
deleted: f/d/91414d668956b9bf0b70d5c1489d7a-3485.manifest
deleted: 2/3/e6032d70215d3933b792431cecefd9-2980.manifest
deleted: 6/d/1dea796e9b9b8efcc1acde2a85520c-3035618.o
deleted: 2/1/a8081ac0ef23c11ef6032161858751-14181.manifest
deleted: f/3/ba70e55d1067a8383a1149f9351c2e-3787.manifest
deleted: e/b/479e489b987288354d199f1fea6860-3043.manifest
deleted: 8/0/915a680d66d5b9c6c6c248125bd367-3014327.o
deleted: a/9/faa3b7cb7d86c0e90f16c3a6b9446a-14501.manifest
deleted: 5/8/cc8a07633fc8f877565cd351fa7598-5375538.o
deleted: 5/b/b807f8ca82cb0301e1ea6bd4d2c0a1-41972.manifest
deleted: f/d/95013e9ec39a1762d8d914e9309f33-1888880.o
deleted: a/6/ca0ac5b45a69bdb5529b3917950bb8-2757.manifest
deleted: 8/f/d7865509dfa7d19fa715036c39523e-8011934.o
deleted: 5/0/d954456d3e5342567a315c6dd37efb-3442.manifest
deleted: e/6/c78cd330532fc4c3e6a4d59d2c3e05-17600.manifest
deleted: 5/b/82c170ea260eb6958a614e841d4996-5895.manifest
deleted: e/5/8805d71ae2466fe05c2a9dcab546c1-4725124.o
deleted: 6/9/3640c636b787a8922309eeddd3a0f1-1160968.o
deleted: a/2/3eb9b3ae21f3b2572d57d517bf7b1e-3056003.o
deleted: a/f/41dcf92eca03fef7bf9c139630c575-63775.manifest
deleted: f/a/be9ddfff9a7cf7e0c1d71717029f32-5423289.o
deleted: 6/d/6d64523b2baf6f891fff397765fba7-5367071.o
deleted: 2/6/935ed9e07311ef86a3be709f63c840-6273.manifest
deleted: 6/c/d1cc1985d20b2c3211432ef9bc4fd8-13672.manifest
deleted: 6/e/0ec1723c0b1059017fb4df94dd9b2a-5340186.o
deleted: a/f/984dc1a124316dcc801b834002c0ff-57446.manifest
deleted: a/d/7a6f16cfc800ea6005fe45750bff7f-2333.manifest
deleted: a/f/29403607aeb61638471f891b14290e-4245956.o
deleted: 5/4/6a40607fd22298287b277f71937281-5383984.o
deleted: 6/9/6d20f5d4a1dac666f30d1c53910eee-5325886.o
deleted: 8/f/e60ff1ba5659137e4cf605b87920c3-7203326.o
deleted: a/7/002e5800e3c68c91878463bcdfe9d6-5776911.o
deleted: 8/f/f595cd39947dd08b003020713202d8-5855707.o
deleted: e/4/51f2ec3981c2ba727034d990695e8f-5366097.o
deleted: 2/9/328136d6954c1d4a5ac651840abc8a-5381340.o
deleted: e/d/6b3a072dee9499d7e1769db3fc252e-2875.manifest
deleted: 6/a/c9d7e6b17e3b325a6ee22ad45b93d8-5901.manifest
deleted: 6/d/348dea44b6ebf152c1cbf7fe7c2ebe-18426.manifest
deleted: f/0/20b3b60b741f62d2b2c79bb7d68d9a-5107.manifest
deleted: f/4/0eac2d8a028b85680b9a50a920ee8d-2887091.o
deleted: f/7/555591f3329497a3af53d5be6acbcd-4279058.o
deleted: 8/e/98cdd194e891e76e357a57be27c63e-5658857.o
deleted: 5/2/ddf4e61f0a1764fa6cb641300f6680-8029.manifest
deleted: a/b/61e63e5f643ec3f62f7514e9cb9888-5325182.o
deleted: a/f/6a4775b2df13dcd63c1a7d297f1c3c-6950130.o
deleted: e/5/3cec0448185438bca3c3df6205a9e4-5303127.o
deleted: 2/0/1a353841e43212360b02f3db065bfd-5854424.o
deleted: 2/2/d842cee362705c248a41fa5fc51936-5830.manifest
deleted: 2/1/8e50f5ae890a2466e9b8d3ecae3875-3235.manifest
deleted: 8/f/e6689bb7176e6f401532ecbfea7552-5029.manifest
deleted: 6/b/8d05f57717c62a2500b050f7335cc4-6092083.o
deleted: 2/8/da81dc0b05db7290f96f1e22360786-4609300.o
deleted: 6/3/756a35a4ec5d7b2c16017d882fcb82-6958.manifest
deleted: 2/b/e2976d20a88b837cfa6c61163c0df2-2757104.o
deleted: 6/3/508fc80bdafecde14d02af93a92eaf-3134272.o
deleted: 5/3/8ce138400fdc163267cb6a54414a15-30232.manifest
deleted: 5/1/c0ad5b4426445864315048cc21eba0-22257.manifest
deleted: f/b/290631a2a2246425677c0250176c26-2750.manifest
deleted: 5/b/367d04bf00dce51c8784d35ba727ee-5318354.o
deleted: a/4/c37f63aa96c25151353a1610891d43-2746.manifest
deleted: 6/3/4137e61cfc92bea73f886525e48d5a-16161.manifest
deleted: a/6/8bee3b96898aaa3433ab6fa4f621ae-5877.manifest
deleted: 8/e/701720593327401c08b79758cd12d3-13038.manifest
deleted: a/f/f3dbfd1defaf31e050ab0923d95285-5989986.o
deleted: f/5/7ebe45336b9f75d0b9fa66942f82da-5359774.o
deleted: e/8/9bd492ce1e8dde99db7c1412d01d65-5341123.o
deleted: 2/7/bbfc9945167656129a2c864f16c8d7-7559.manifest
deleted: a/c/8d315a816503320ce25146eae61606-4746.manifest
deleted: 6/3/d232e14e09d6a74a919ed7681de274-4269892.o
deleted: f/9/6148e1fbd4625d1575e8957f416a5d-3425.manifest
deleted: 5/5/c72c92db7a55f8eff75e309ae19eda-4099.manifest
deleted: e/b/50cbe6f65b130d814d4ab3d4fd564e-5497012.o
deleted: e/3/2a7b176997b949eaeb13584138cfb2-5574.manifest
deleted: 2/2/315ec8ca0a32013a40928a56bf9851-5283.manifest
deleted: 2/7/e2edfc0e96dec7d9fa300318d8c7f9-5656499.o
deleted: 2/b/621727655f9c263c9c83ddf280411b-1876.manifest
deleted: a/f/94618ae056320cb99c67187950fdf2-13316.manifest
deleted: 8/4/9fac060c1dd5f65563f03181b63e32-4341244.o
deleted: a/e/22b3ea452e32ad36f34f1dd62a46a2-3124.manifest
deleted: e/6/6bea93f1d3066058b207ef8540a65e-7054267.o
deleted: 5/2/5cae3d9204768e68daf78f9c14a4c2-2367.manifest
deleted: 8/f/d46d37f0aa4ee0e87e0538abe5569b-4788430.o
deleted: 8/f/dea80ccd580a84aaaa97ed53aa43c1-5642736.o
deleted: f/0/9b56ca6152338f883bcb5d1ef3b061-4634613.o
deleted: 6/a/cb158d1240314f40a576855cc7d8c1-6632.manifest
deleted: 8/b/c298716c1caa584212edae842d9071-31711.manifest
deleted: 2/6/d6ca9da57b31472abd75de44ca992a-4539989.o
deleted: 5/2/57ec90f01f380b9e39bca870d5e7b6-4428.manifest
deleted: 5/a/7d05df3feb4fc66410d0b459247a36-5351902.o
deleted: 6/b/ddb185ec9af060e2cb87ecd61acaa4-5340818.o
deleted: 6/3/53a60c2c2099ae9c30b5109850a7ba-11892.manifest
deleted: f/9/0989c0739f72e612b963b5301976a2-2042.manifest
deleted: 2/7/2a58ddedc22400f18664087706955f-5501895.o
deleted: 6/c/d7cc542f425528d4efb0c06bb48ab1-13362.manifest
deleted: a/d/2c3253eda191c9488b7a3627582e5f-4667208.o
deleted: f/6/c4fdafb9c76157ed008295237886e2-6488679.o
deleted: a/f/a2160f12eefb499a765d5288675b57-3944.manifest
deleted: a/f/f2c8c68cae415f7241d04ecb931987-4585284.o
deleted: 6/5/68eb57f04bb0e8e7b52a64e19b1bfa-1899.manifest
deleted: 6/5/f0b59c661fa3f7d374b7f1c9428fde-6957619.o
deleted: 2/1/a46ae2ff2c278b6f2e320cca9a2459-7939.manifest
deleted: a/e/5cf9c2c2f3c4e93cd8b41404714603-14423.manifest
deleted: f/5/15ff068bbd74e6a45d22eeab345310-7483.manifest
deleted: e/4/0bf8d0e66d630ff4f63493e2d217f8-22811.manifest
deleted: 5/9/781f862a155de6510df602ea6a4107-4390.manifest
deleted: e/8/4f2ee88d2abd9459872bc33c70bfd8-2382065.o
deleted: f/9/de7b071b616666536b1f73d1d5e1e9-2578702.o
deleted: e/8/3c44b87d0a9a7952407e8986b34bf0-4252126.o
deleted: 2/b/051b7dd60319e852be0bdadc4df0e3-3293.manifest
deleted: 2/4/3ceecf750956a4f86ae7a71a7134d5-2772.manifest
deleted: 2/3/4408d17cf5091fedf0f1a9b1093235-2639.manifest
deleted: e/b/056aa485f70334e7e36de1af2e1765-2820.manifest
deleted: a/8/6a47e820738d3e77b4b4f4746fe056-2358.manifest
deleted: e/0/a8529dd828bee116ba8fe793b727a4-6418.manifest
deleted: 5/1/4549bbf4c113fd94f07b72c75ba6b1-2692.manifest
deleted: e/d/cf31c554f9dcc3a54138bd698e65ab-6069543.o
deleted: 8/f/eecd1d9ef2fae18c61b199754493c6-4702443.o
deleted: e/3/199417a913e50113b837879f64358f-2955315.o
deleted: 5/4/3dc57c5b2fec3ff351a974d3629fea-3126.manifest
deleted: e/9/081cfcae28b9cb83e03a4b4662212e-5951.manifest
deleted: 6/f/e67aabc738285d4a78e7f047d0d892-4518712.o
deleted: a/3/604151043a1fc3a7fedcbc8a50c9a6-10241.manifest
deleted: f/b/9383cf59ee6169494677d974211f83-4598999.o
deleted: 5/c/b03e760f2e28067510d354fcc5783d-4635445.o
deleted: f/e/8c064b1b224138187c683b22f472c3-8929.manifest
deleted: 6/2/aa604eb85962b27ec406849e40fbe2-16686.manifest
deleted: 2/0/fdcb7a6e9f7c472d1ba839c13a899a-2536896.o
deleted: 5/e/2ece4af03694c80ee8d1a26d306f5a-5551.manifest
deleted: 6/6/6d8d9210edee47f3a8b04fa32baef4-7301071.o
deleted: 2/8/0b455710f12d93d8a3170f872ef033-32249.manifest
deleted: a/f/c993617637a71af381e488ec891ecc-6052951.o
deleted: 6/4/d3e16b9d372e2fe4fb50f22e48d116-2590573.o
deleted: a/e/225a6679a6b28b45e80a1f52d8dff8-3091506.o
deleted: 6/2/8d15a9159eae412a009ed730f122c3-5351806.o
deleted: f/3/c7dc519308b328b349c2b9351a4dec-49211.manifest
deleted: 6/7/0c0d86f2126fab5c410cef6e2b6a4d-5493067.o
deleted: a/7/b17a3438d6c5db8b4cc654007f7571-7209.manifest
deleted: 5/5/75825dbeb3dadbdd35f491265c13ba-5389052.o
deleted: 6/c/24b91ed5c4cb971272feb8c81ed47a-9273.manifest
deleted: 2/7/b78875775211b57b7c37945b7bdb2d-61138.manifest
deleted: 6/b/bb6b91938ca815fa70b5d9f68884dd-3138936.o
deleted: 6/f/15b237128f3d5c3bfa22b4d1c0bb79-2581706.o
deleted: 5/1/21da50c8d5c815d8d761163a0987aa-8328.manifest
deleted: 6/1/ab54ab3b9211abd4ecf1c4092ee5c7-38650.manifest
deleted: 6/1/aed07be8e95d1b9933c992ad4e4a02-5839404.o
deleted: 6/d/66a1f98d9b98fa024aeedb045c803a-6949.manifest
deleted: 2/2/11284bb3ce0119ede9b762fd6bd831-5422882.o
deleted: 5/d/578a1faa36a9cd74378be365f5f7e9-3123598.o
deleted: a/c/c389a022b83d7e668bb6c6f74fafdf-4047.manifest
deleted: e/6/fcb30d3c9c6f2b3bc08a3cb8ead21f-8554892.o
deleted: 5/4/b47ced685d91d9981460f8cd3f29ce-4565870.o
deleted: 5/c/231a4c7e953742863117e4b6bcd320-5384459.o
deleted: 5/6/a8a0fe4f119e51a3954acb4f837d7f-3930.manifest
deleted: 5/8/683e7702da349dcb0c1c642608ce03-6824.manifest
deleted: 2/6/a71823d8d67d59a11872d24e1cdded-3169932.o
deleted: a/2/f632fde88e62c3736bd9fc23018917-24540.manifest
deleted: e/e/f16e9e265a57b378304ccfd154469b-6932236.o
deleted: 5/2/648d67207d6f5f5aca5fde80e7c1f4-3190.manifest
deleted: 6/1/dde2c5fa1d69b2516abb14458f07d1-5970865.o
deleted: 2/2/2ad90cc3126221cc68d4316863252c-6350684.o
deleted: 2/9/88361e18f6f352627f45878c5fe3c6-22595.manifest
deleted: 2/1/2a4ca3096a02066aa1475f95a66714-10877.manifest
deleted: 2/5/8c9d98bac33a6410a4c27abd182869-22279.manifest
deleted: 5/d/37758f4b4256d8c0c8af93256f2a51-4739.manifest
deleted: 6/0/e1a999311142d77880a2c2952d309a-24540.manifest
deleted: 6/3/0a997d3abe8aca5b59f26283ede557-5349223.o
deleted: 2/7/a9fe7cd98b1c210a70ea5fc4df781b-5390995.o
deleted: 5/7/abafd230ef0ebdfba2019d1f19ad5e-20268.manifest
deleted: 6/4/4d196e244c09d56dfbdfab17f258ee-4697.manifest
deleted: a/f/76c69cec0f9ce931b7e5f4f7abb915-11103.manifest
deleted: a/f/c6b1e35bbc4b0ece97abb21c9488b2-4375.manifest
deleted: f/2/bbd9adbdff88cb6534bdf57094b2e8-11386.manifest
deleted: 5/1/570e14a6332ae33e89c133952e45e1-5497905.o
deleted: 5/7/0f705c3dd6874a0071b31107012c34-2420.manifest
deleted: 6/4/aa654b4885d65c4d0cc7d99c328dde-4841.manifest
deleted: 6/0/cea4c8f39fcf42f8b24b74806a9125-5894442.o
deleted: 6/8/10cc7541aa5d24f99a62f7178b0d73-2333.manifest
ccache cache size is 223Mb.
Uploading cache ccache...