SHA for cache folders (/tmp/ccache_dir) is '57c99e1ae968f0a1e91afbedbdbde339a6ac790192e8e681b3693059e640a219'
Cache ccache has changed!
List of changes for cache folders (/tmp/ccache_dir):
modified: f/a/ce4184deb7b58063c466834b342336-17700.manifest
created: 9/9/639bee9d9dba86db6c272bda88a99b-6971.manifest
created: c/2/94b738c95f5051d9761b1d4835fe99-5313232.o
modified: 9/f/1abcb7bcac720820f8ad10cc8758f2-2797.manifest
modified: 3/d/63da518888d6b1323a2dd70998ba0d-48809.manifest
created: e/c/498823dbadc7c39b8050226510c9c2-6279106.o
created: 1/d/21fca20a45c8b4b483e19b68329fc3-2335.manifest
created: 4/e/8e562485bd75f6b0595a8676f255be-6877240.o
created: f/d/e7e6cfb97ef07d041647b543c33b82-2947209.o
created: 7/a/7b44a4ff8237b6831b501c88a1cec1-2438099.o
created: d/1/824bd7a5c3ae263b68c3835396c396-15777.manifest
created: d/0/79150b8406462a54a56de0e97cc8fe-3895.manifest
modified: 9/9/f3bb620d4e6f9e6932d031abc33f75-5983.manifest
modified: 9/2/98f3d9dff43d3470f3cd086d322543-10502.manifest
created: 9/1/b292f6fd7dae1c9683a76d5b3cdf28-4719374.o
created: 1/b/ec56a96e2354b8ee37c01282a577ca-4721857.o
created: f/3/ccfb68cb6ad2983149b1fd21d52d64-7322.manifest
created: d/0/3935bd2e58a96a6ef77723df163747-3261.manifest
created: 1/7/28fc409fab6ca1f1f8d62c9c430fbb-8372.manifest
modified: 9/0/7184437a030d38df1efe7a34d2f6a9-7598.manifest
modified: f/8/0369586ecb5a5f9f82c8b5574d8a9b-8164.manifest
created: c/d/7e3ec2081322b55669ec7fa85dc171-9887.manifest
created: a/1/ce1e1947ecaa0169a0daf909d999fb-5316680.o
modified: f/a/c58be655c2cfaa2f21bb349c445e34-10836.manifest
created: a/7/f481916739518df7be0276ea0fb385-63333.o
created: 9/8/2011996a529ad9b026f4061d5c23f7-2178374.o
modified: 5/b/d982da9cb646d3353ac0f658906b49-8978.manifest
created: 6/c/6a9fca8c52d61948c9e6cbaf32dbdb-5293246.o
modified: 9/c/bd763cdd33c4eb32c299360b725717-14585.manifest
modified: 0/a/e614c60a857d565570d15e27d6914a-3068.manifest
modified: f/8/b43742d0bb888b833aa447f341b324-2406.manifest
modified: 3/d/b972160d55b6744004ff0a20ee14c1-3381.manifest
created: a/6/0fb25840cf6ec10f22f6ee616cfbe5-6296.manifest
modified: 8/6/10fa0b9c6c8a52a1163b63e9b41b5f-47383.manifest
modified: b/b/dd0fd80d3ba3736b95dd77701bd83f-5853.manifest
created: 1/f/7f9ef9d718ee53f2e1f4e4acd0ac3e-16023.manifest
created: b/3/21be316793efa2bfc8a2a01b096fb0-4847687.o
modified: 9/3/3509636cc379025655097f19dee22d-11826.manifest
created: c/8/c035a4786bc468a2dd87342d7f8ecd-3153238.o
modified: c/7/917ad72bf378d392ea846367c3d579-9719.manifest
created: d/0/cfa65e7633343519311ff88602ddc1-36268.manifest
modified: f/7/0aa6f97c4ad7cd50537d1f3b1be977-7413.manifest
created: c/7/3690a2d7b3863627346f8df9316385-13901.manifest
created: 1/3/02de59beec1064a40d7440f73b8be4-6044985.o
created: d/a/4489d184ea0867135373528fed21b5-3125.manifest
created: f/c/667acc9abf81352058689fb078cec4-102565.manifest
modified: b/e/f52d8a30624978e763c766e0f8468f-5176.manifest
modified: 9/8/f88f5658445f2ebc727e36791a47a6-3302.manifest
created: 5/8/1f6e08da80e5b5b12503b53addc8d5-5240578.o
modified: 7/c/a804e02a3a609c1e6511221fc64fb8-26244.manifest
modified: f/stats
modified: 3/2/cfba09769bbabb0e0fffcf7373fff1-65208.manifest
created: 6/0/ca67753925cd5877dbfa8fcd16bfbf-39827.manifest
created: 9/a/1ec648759b964c74ff8c53c20634ec-12048.manifest
modified: c/d/cee9726d4f97383752bde6c7e6a099-2473.manifest
modified: 8/stats
modified: 4/c/d0503a2daea8285bdf7a3208154bef-2779.manifest
created: a/6/49206ac009f790076b7e3020968ac0-20310.manifest
modified: a/8/f5726332adfbbeadab0ee911b9d112-31043.manifest
created: 1/9/2ce5841155497cec6324e9c52a8b8c-5120082.o
modified: c/e/6e54ac84129b1c880d372d4428f73b-11637.manifest
modified: f/2/a8b2a97e0dc7d11361238af68a2505-4404.manifest
modified: f/8/85544d722f01a9552e40fe63c29cc1-1857.manifest
created: 2/b/136ccf9d26d2dad943f1be703b6f9b-4746027.o
modified: 5/8/3ed910256c6a534a9a49d5cc9040a7-6075.manifest
modified: 9/1/b2d6cd6f550862a9d1d5bcb71c391f-4674.manifest
modified: c/8/9bd716a958fa75668483910cedbd37-2772.manifest
modified: 7/b/3de01c0a717281e5a242029495b01f-11714.manifest
modified: 9/2/1dcbfb3b8c79618243f1c9880aa23b-5862.manifest
created: d/d/29c722fb9347afbb367286e5cc47b4-11493.manifest
created: d/0/91c42b67007044b63abad791253bd9-3393.manifest
modified: f/4/be2149e391e5c6deb2ecd834346696-3303.manifest
modified: 3/d/75f792b7cc7e9f74fa40a467a713b9-50272.manifest
created: 6/5/ea25353cccb60bf2073a031c28e683-115908.manifest
modified: 5/0/103ce7897c692e9a45ee95fdc1590f-50548.manifest
modified: 9/e/60bba29219620fac8d31f841bf1e37-20817.manifest
modified: 9/4/0132d0018bde6af129a4ee41849012-3466.manifest
modified: 3/a/b0d9470edbae5505ce70a0ac8a1ed8-3552.manifest
created: 1/e/94731eff81b62efa5c47da4f7a90ed-33261.manifest
created: a/7/53bfc0d8019e0ab2bc06864bf93318-57357.o
created: a/6/42c906d8499d8c876ef835e980a497-5233640.o
created: a/a/db77d2251cc74bff6b2b80c0b5c098-4988.manifest
created: 1/6/24a4b03a7b8f06ec795da5bb7c42f9-4863640.o
created: b/d/dd4163ebfbdba2f13530d97eef0fdc-5139858.o
created: a/7/0d462f6e47e52b37fd94e910d94e8f-3653.manifest
created: a/4/94e7358ac78512d88742aa6084b5dc-2402.manifest
created: 7/0/997bca08a32547f48586e3f4e4d3d5-4846326.o
modified: 9/c/3fae8785ba2cfe7a50e43866197d55-2752.manifest
created: 9/7/5a45c9c733467ef3c407a271b5e0c5-2227562.o
created: 4/b/e4e13a005947d521efae6a0f129adf-4769765.o
modified: c/2/657765d71fb4a78adbdf66527ae81a-2413.manifest
created: 1/e/f7822c1f57192e24ab7ddadd9d749a-5119077.o
modified: 3/c/366e2f45e071e464c09927dbf007b9-16256.manifest
created: d/2/e8d325135133794e0b113c09faca66-1841.manifest
created: e/3/01a7af2bd20d373f370c430b8e4653-6109137.o
modified: c/8/2768bf702fc1de778dc3fb661df893-13327.manifest
created: a/3/e599802a558c7fdcee700ac5c230c4-5784.manifest
modified: f/8/98fd6350312830baed9d22a6e3a62f-48062.manifest
created: 7/c/3d2ea6e4741f98de194cfb3167cc59-8071.manifest
created: 9/4/956d8d068ab773a1918dbec55065e6-2875947.o
created: 9/6/8d31b7c8ed37616fbb4e849c36f023-2295741.o
modified: c/5/513e55c79cf9403fb1bbf4a042f7ff-4635.manifest
modified: 6/stats
created: f/2/083ead083b64eaff2d7c44bb0a929a-266322.manifest
modified: 2/stats
modified: 9/d/2dd7559887d0bbd1f0b86bc4ef5192-18728.manifest
modified: 0/e/235b6d4aba0ee44cbb97aeba5cadd7-5593.manifest
modified: 0/8/63cdb6634061cc3d91341908132d94-10718.manifest
modified: 3/0/6875a83e00a85059328c47a0a861e2-4565.manifest
modified: 3/3/9ebf61f8932b296276b720bd383914-3194.manifest
created: a/2/558f27fde745b2f8718be350ec0f9d-34955.manifest
created: 3/0/de5112bc4cda9e00ba6f808af7af76-5325947.o
created: 5/b/4cabe14044fa522e19d2a67220dfb6-5302043.o
created: a/f/2d08e5361382763aeea359a916f458-5041.manifest
modified: 6/b/4b5a9652c48e628bf05b668f727586-19586.manifest
created: 9/2/575fefb4560ef78cb4087f42441120-7335.manifest
created: 6/e/56dd22bcf35a17a0fb15eefbbcc200-5176611.o
modified: 9/c/2606dc71164d74c2fdb58deee9cc08-2607.manifest
created: d/d/39f936b4fbae628c3ad6f8ece88f13-7443985.o
created: d/7/fa5e2cf2bc87bbba6ae4c311874c7e-4839496.o
created: 6/d/0a600b9132ef1ef373198e4bc2c2f4-15936.manifest
modified: 9/7/9fe232076b76cd294a3370512ee257-2903.manifest
modified: 0/a/ebbc6034e0d92bd464239df8e38acc-11677.manifest
created: 1/9/960c043a329249bf191f3339508cb5-5313930.o
modified: c/a/33c9271242ce816453ab2d06a0bb1d-7787.manifest
created: 8/9/6ce0b8a4a016a9c32e317cef00332a-5260798.o
created: 9/9/0c1a1b090a1a905c59b9fc1e560c83-2857006.o
modified: b/stats
modified: d/c/797af81a00de0decb08383ea917d42-14924.manifest
created: f/8/399d9be204152ec9bd2de5d263db61-6476035.o
created: 8/2/8be681596b13f16561ad1fb22c5fdf-4837633.o
created: c/4/54ab9479821d406e5a79a7245c2cd0-5269562.o
created: 0/0/bcb8a6dd2396fea5ee7f35e0a1bbf8-6123158.o
modified: 4/1/0ed6df1cbead49d1e6717ef760e80e-37986.manifest
modified: 9/0/9800f4152e4fa8e115f887fc8fb9e8-5928.manifest
created: c/d/57fc2ce85a46518b0400359bbb7130-2996034.o
modified: 5/b/09114a06e74aecced8cee2a4be53b3-5225.manifest
created: f/4/0177bd9b1456e88faed2fdb9bd5e9b-2811242.o
created: d/1/598314a62a2a7e157e79bbe9896931-2000307.o
modified: 9/6/ad04f15ad5663d7b6639c52e79d300-6026.manifest
created: 1/a/44ebed2ec4a86cef9271c459eab9ac-4880289.o
created: c/6/afafcb3e298d3177d1f9d0f3353b02-4782956.o
created: f/3/cc01953dbd7a9b75b6d3c2480d3286-5964516.o
modified: 5/c/ca9a6cac160eaf8820bb594740d58f-7117.manifest
created: 9/1/d841bcb1b9326d742b3605c7c4b906-2392999.o
created: f/8/5df9283d39d12d618aacaa36767f38-2636973.o
created: 4/5/08b1a31280fb6ba7a669da5c7c6a4e-5244955.o
created: 9/f/4e9db61c316442bdc13ccf0d2c953f-2466263.o
modified: b/c/0b1355505765842b9387edb6a5b894-20982.manifest
modified: 7/e/510dddbe90893e75a217825884bcc4-8785.manifest
modified: 9/0/0c67fa318dc728fc7960807720b94e-2707.manifest
created: 6/7/353e5628effd1e974ce98bd5a1c354-7170.manifest
created: 9/c/4033498c869f603348f9ea695fb313-2434250.o
modified: c/a/e2c431ea45aa2374bad6cc78bfeabf-2057.manifest
modified: 4/d/94e02975df06092ce93681befc40a1-7278.manifest
modified: 9/2/86b53cb6e809fce25867a259e52a4c-10952.manifest
modified: c/2/44c70c017ac5011a91f1b9bb0c4953-17959.manifest
created: a/4/f85deb3c04bcc7b4e531727bac0c30-936245.o
modified: a/stats
modified: c/b/d685b1c98891cec05a3e8f9b27e4f2-20444.manifest
modified: 0/stats
created: a/6/c69bdd0547741f9290d8fbcd177d59-5717.manifest
created: 6/a/1ffd9df9e0c0200103612139189839-3073.manifest
created: d/4/3fa8e352f8ad6f507545e54ca37747-1771716.o
created: 4/7/3133ecc7d11d013789ed5183e25c46-2789187.o
created: 4/b/71c88e5f29586b994589bf7d7b56d1-7924978.o
modified: 5/b/ae7d852e70ccf0b3355f1991cf295a-1942.manifest
modified: b/7/351d90a734eb11b2b5114698ff532d-18889.manifest
created: d/9/deb4ca1bf87a1880b825600552d949-652523.o
modified: 1/e/7e0fdbbb23b0314bd7796f340e5fc0-28485.manifest
created: a/5/138eed54d82cc5ac7e8651701ce4bb-13322.manifest
created: d/5/9e48855908d2d8e2a502ad44affd82-3560168.o
modified: d/stats
modified: 3/a/1ef016ef52ce346559a4687e880f78-13474.manifest
modified: 9/stats
modified: c/f/61b508dc16acbbded5315ce6386daf-6822.manifest
created: 9/4/11d80f12c8e2ce65826ae17d9c9d47-14722.manifest
created: 9/7/337b9aa13f1010366ac3316b1ea191-37253.manifest
modified: c/7/3d0f70bf7712a32a54adbd680e6293-23885.manifest
created: 9/6/2551d2b44d4ed63d294b4ad97ab47d-7301.manifest
modified: 1/5/91ac2d973fdc11ee3d197414a556f9-4177.manifest
created: 1/5/e4517698458213bd209a09927309fb-5115875.o
created: f/9/3f27354044823e8c014ab7b59de99f-3798607.o
modified: 9/3/0c1dc4aa0deaec3a6ee7d446d52025-10113.manifest
created: d/9/b9bab5ae8710a3027fb5cc59b41285-2047559.o
created: 9/e/4eb29aac33f2559f8fe2312111ad51-8729.manifest
modified: 5/7/98cfd922d7ab49edd2ed24f2362562-7218.manifest
created: a/6/a30e150ad710e09df05bd3dfca4175-9455.manifest
modified: b/b/03ba075995c939efae3fff11d4c73c-6651.manifest
modified: 3/4/039b4f995641fd2c0ba18207e67b44-4691.manifest
modified: 9/4/1ae97c63ad688e66184497827749d6-4156.manifest
modified: a/8/0efe29420b6a03a40e8e537b1c376e-7866.manifest
created: 2/0/f1b22c0c1f5265e30d6a03309c0bbb-6190271.o
modified: 5/0/a98998a9a2c03f569fb1a82b7d04ec-87773.manifest
modified: 0/a/ed8c7fd0a2f276e522fab230d715a2-4995.manifest
created: d/f/a72b3d5d99d43a42ef370c1fd9e3ac-2423133.o
modified: f/5/a97bc36195f402b7d5bd4fc5cc886d-10723.manifest
created: d/4/31da43d1c94ddeedc1c4599a3c2ad9-6883393.o
modified: 9/9/ea8658f86a95e3fdae1876dc97098f-3889.manifest
modified: 9/3/99dd9560b1357e58c3617c1d3e74d7-2378.manifest
created: d/e/605365edb0d1fc499863c7225082d5-1416488.o
created: 3/8/6c3e816d9eaeda11a647d7cbabf576-5374388.o
created: 9/6/4c634786188d80b1e03a876ba55a54-3128903.o
modified: 9/a/a43b4a9dd0fdf8b57bf62ddf9fc961-100989.manifest
created: 3/c/2725e531f1b3c82ade52bfaab75113-6565228.o
modified: 9/7/3ebb6344b6858c2e0ca2879c5755be-6386.manifest
modified: c/c/0b966ebb9492d38dbab0069a9fa4c2-4019.manifest
modified: 5/5/50a729b767979fdf8c9327844f1897-2338.manifest
modified: e/stats
created: 9/5/235d6c63f162eff72173d2ce0d5aed-4717686.o
created: 2/1/99ea9293c3d774c8df280ee75b9208-4783516.o
modified: 5/9/8596cef55704559670070bc7e3c831-3093.manifest
created: a/a/fffed98aa79c968c71719733377d6b-3010.manifest
created: a/3/bf47bda9d0bcb6327ed7ab4cae79ea-1935116.o
modified: 2/1/9084d605018032d92ed9dfb0cfa34d-16884.manifest
created: a/1/157d9d081d17e90456b6d7f08c6aba-965720.o
modified: d/f/82800011d61719401a2d778a354c8e-3030.manifest
modified: c/8/b2b46cb0e430a59090f18679f4b813-3829.manifest
modified: 9/1/ad8d64eaf98bde4701a4d72a33b357-1806.manifest
modified: 5/8/cef9a031f9ea57751353f12a5f040d-11114.manifest
modified: 9/5/45f548c1b2c3eea0647b9587554003-13257.manifest
created: 7/d/b425542929313bf79c1fd57394e8a4-2263961.o
created: a/2/f3bf19af8d116d0f81872a152e1597-5410578.o
modified: a/1/2cfcdea9dfa0bedc92ce35085b2594-46486.manifest
modified: c/7/d2dd309f22a6239a0dab2a4e1aa814-16299.manifest
created: 1/c/03200d2bdcfd022f8ed54c18f7b03d-44464.o
created: 6/f/18cb066a0ee92fcaebaef1fddbe737-6579666.o
modified: c/9/f2c2d6d4ed3280764f7070d6bbcd76-7522.manifest
modified: 9/b/23de315c05c34ae4c135b4cd61cf4b-44462.manifest
modified: c/9/59d8ae9fb9b465b041c6c3a89e8ad4-6308.manifest
modified: c/c/fefc556921db433648cd7a1813d22d-3610.manifest
created: d/2/8d5b76681174fa0978b3d599778f0a-7321.manifest
created: f/e/9979045952450794da52d83f049bf2-4758352.o
modified: 7/stats
modified: 9/f/90eb577bcdc28dc572bd0894df32c7-38618.manifest
modified: 4/d/5a50350cbda2151cd27ead7d9c185f-3779.manifest
modified: 4/7/becac7eb2fc7bae696b5fdf96ff7a5-9741.manifest
created: 3/0/10d5d292a92bce170bb2a49df4f9fc-5278478.o
modified: 5/f/d9153869858cda1f7d7608d7fe5d67-13500.manifest
created: a/b/1f08ff1d5705a2b8f1e23f70cbd43b-5131710.o
modified: 9/e/b70dd84892c3e98e91d34391cc3810-4039.manifest
modified: f/7/7f8d4a3af8f2b2a7ed3e5aafe7af0b-3730.manifest
created: 1/5/1f761664f7ee0f3186c4039c8b3825-32272.manifest
modified: f/e/bb698d106cd42b4aa3a3ca024cd34e-10919.manifest
created: 6/a/7bc03d323da9d2d2da28c72defac6c-15864.manifest
created: b/4/83d0dd454dd08ed83317fb459a6595-5255675.o
created: 0/d/b80b21f7188daf3b5beb8b8cc9b55d-5508586.o
created: 9/d/2d7f0858b1a65bd735f2ac86e6282f-11559.manifest
created: c/0/3bd6474564661d75efdd4d1a34563a-33783.manifest
modified: 2/9/ef2c2e8dc707d1bc67a8b1ed7a8d6d-6613.manifest
created: a/4/e1d92729fcef4937b73d26e519b199-1589122.o
created: b/9/dce1b2e8af9630bff5031f98260711-34707.manifest
created: e/9/87bf529e02a444ae29efb1ea68171a-5496345.o
created: 1/d/eddcd692f2ab9d4aa3ff9b7139ff8e-4850543.o
modified: 3/7/ff129b6237a9d366456ddaff0c4ffd-3825.manifest
modified: 4/stats
modified: 9/2/2d1648b303e938cc8fb2cd1ab16823-4328.manifest
modified: 7/f/143fd333c699158e58ff924e9998f7-2450.manifest
created: a/2/239774edba5b7e2c0a95179c3107b0-4811618.o
modified: 5/a/cfd806cd7169385c2e67631da79826-3432.manifest
created: 9/c/8b3bc3c7ab5135f81eef4036b4374b-7098.manifest
created: 7/b/f49738e6589b3d6c16767e61bf2de5-4906969.o
modified: 4/6/08459f8e5a4490ee4ed7e9442a0398-12050.manifest
created: c/7/8348a8dc71299a7b9b150790d12bb2-6353553.o
modified: f/e/6b444bba5df21722404069a64a1243-9678.manifest
modified: c/stats
modified: 3/stats
modified: f/c/e00750df5dafe2e70109a82a9819de-2230.manifest
created: 9/1/b7dbb8a7d6bb3fc5e7af7056786f09-4721698.o
modified: f/7/ff205124da9a2de034b9cfe75920ba-1793.manifest
created: a/2/9f1521a3203310396d3df11b53e33d-3000.manifest
created: a/2/b677a812ca2f95ebd4983bc8943437-730223.o
modified: 0/b/159860059b729ae91059531ae93614-15936.manifest
created: 7/9/7e513ab640134ba94d001de4453460-1552760.o
created: c/6/422864ffc7ec775700c76e549d8c70-7411438.o
created: 0/3/72a9dd98165be32a7922f0b66bf67b-4929669.o
created: 6/0/1d4dabbd25ae5aa99b3d3b8aaff7f1-23272.manifest
modified: 9/e/8c23be05afa746ae02ea2755f50999-7714.manifest
created: b/7/ef7f31fdba1a9c888dc8e7805ffac3-4775633.o
created: d/1/637a65cb18950ed4ba393e6d2cc0ee-4728779.o
modified: 5/9/2fd4ba7a734ce8544ea99b1f1ac3a8-2052.manifest
created: e/4/8554892d463d52b30ed58f949e148c-5290456.o
modified: 4/7/6b35c34c1cd613a142dfe40e62caff-6116.manifest
created: d/d/09e3562a218777261536b134db8280-3016896.o
created: f/5/1ec595caf51dba406ad87206bf3542-36574.manifest
created: 6/9/c40587557dec4d2b60215bf3cf0b19-7763615.o
modified: 9/e/ef7d1f345a2799874cd5353f8c411c-14916.manifest
created: 9/9/60bff1c90d6c3af734802a2c508ac8-4735342.o
modified: 8/3/8c183f48fad180f5269d59bfab986f-24409.manifest
modified: d/9/a9b39777ec1082e1c2375e79bd77e1-16283.manifest
modified: 0/c/86c849c921cfc7715d51360e23dafb-3297.manifest
modified: 5/stats
created: d/a/36a4d9696a8de2ad302634b8b6b985-12378.manifest
modified: f/a/02426e1e028d4e037a6db246d367ed-3461.manifest
created: 4/e/436c73823e950609f8f7ef9e89ec36-5236424.o
created: a/6/5e4d35685fc81179d829ea3a8003b2-5317597.o
modified: 1/stats
created: 8/d/1668e640af19df12f22960f90cbe2c-5768268.o
modified: 3/0/ff1874974787d335d001dcaf200170-6294.manifest
deleted: 6/7/1cfa4d87b584b9906c32f101430d7e-4847495.o
deleted: 1/3/e084343d1d3aad41213345cd3fd0a7-4783376.o
deleted: 3/9/ec9fb52495247b7e95423988ac06ce-3389.manifest
deleted: 1/1/00ab6096cf5bd1d64d8d08481a9af7-4880097.o
deleted: 0/2/2b25caf1f78063a1ea4c9e99a6cd76-4929477.o
deleted: 0/3/e0f531312ed576823633323cafb685-4103.manifest
deleted: 6/d/79d182ca13d811a034487bdc96c20e-2685443.o
deleted: a/0/12c942221acf1a6979f7d1cf129652-5410386.o
deleted: 6/4/ca3db1ed058110101d76432eaeae5b-2886898.o
deleted: 5/1/1970e356d90542e47f667283f1bad5-4753511.o
deleted: 0/f/4c88834bf1349c53c9d5378f105c66-5745.manifest
deleted: e/3/c1c93d55e1992658f8e953bc8c25a2-4745887.o
deleted: 1/b/68ce889e84ca8a76200bbb64cc6415-3056.manifest
deleted: e/f/a617685c9fccfd44ce6244ff0c8751-2796.manifest
deleted: f/c/2fccedb3686199aee02a0f373d7fa5-4850351.o
deleted: a/0/39fbcab53c3eb7a4dd3e36809c77f6-4654352.o
deleted: b/7/bb829975c6f96c671b9ff2a691605d-4837441.o
deleted: a/9/94a6a91e5aaf58163e2330c7c032ee-5702020.o
deleted: e/e/a60cf4205ffe44f5f1df401d0b2742-6684.manifest
deleted: 7/a/378ef71d825fe86857177d9da7a826-5496153.o
deleted: 1/7/76f9d99c7f0e17559de7da4c2233be-7411246.o
deleted: 3/d/934f1def598436fc9f1c6beae5c734-25842.manifest
deleted: 1/b/be890508d67275bdddf8c59ef11439-3020.manifest
deleted: 3/c/43658dfc6b8aa88e79d63fbe21c0e8-1805.manifest
deleted: 4/b/25cc8e428fc271b17901c2ba887def-5252856.o
deleted: 7/7/5927f81110b54c7e30a3e899f3016f-6877048.o
deleted: 0/9/c7861b717f446048edfc17a964c8a6-7443793.o
deleted: e/7/3bdf3da179fe4c622d434e9cf48f01-5323291.o
deleted: 7/a/41141bf6348373fdee23a76f55f28d-2577138.o
deleted: 5/2/96dc81f59674469e766e47fa916fad-4636790.o
deleted: 3/6/a38ed35518293e1f1d8d9d8dc97155-5222471.o
deleted: a/7/4350d6ffe95ad86035f933d530f863-6190079.o
deleted: f/9/5d17f6fe841686aca136ceeb446f1d-4820011.o
deleted: 5/2/63e8354dec5c2e3f825975fb5d74e0-2417677.o
deleted: e/0/e383233f473220dddf39261f06eb68-4216.manifest
deleted: d/c/dfadf7d4c5fd3b86ed89557bb05c60-4775904.o
deleted: 6/1/8ff53c044eb49f3e75adec2a8c2b76-5700380.o
deleted: 8/1/6e0b384e3a5ec6fb4675d6cc84f5c2-4777529.o
deleted: 0/2/33358544cc004236e3130f55643c55-5317405.o
deleted: d/a/458532986cf3154af54af74f74e243-4846134.o
deleted: d/5/b789aa5f1df54395a2f914269b177f-115881.manifest
deleted: 2/2/78d65796f683248e2f8e0be160cb2a-6565036.o
deleted: 7/4/34b5ad83a2d268654b7e8a08190159-3364.manifest
deleted: d/c/0ed62c5e3cffc8c7c8e577ff0bd803-4839304.o
deleted: 1/a/3aa785a90354594b2b54fe39ab91ae-6475843.o
deleted: e/5/543179b462fb9f0099313756e0490e-5789.manifest
deleted: e/9/3bba9cfef93286f96e16b02843b031-1777992.o
deleted: 2/f/e2f15359370e067ee2e7dbe693e68f-4633645.o
deleted: b/3/936fcdf40f87714ed94b8e108807a6-4863448.o
deleted: c/8/7e9c75b8c4ea1a67abd5d36c95773c-6883201.o
deleted: f/5/9871a55c111672611ac4270187c302-5508394.o
deleted: 1/d/4da4fc91bd3fca9c3786d5c9faed06-6181.manifest
deleted: 2/7/3468c032594a6e7792c792447201ef-4039.manifest
deleted: 4/f/5496adafb750b76dc01c6614e8d217-2353704.o
deleted: e/c/abce57144b5e09a4f6e05dc2eeb8a1-8932.manifest
deleted: 6/b/6162ca3ac5979ff00dbf06a53aa33d-4758160.o
deleted: 0/4/14ee081971364493a869411192bdfe-2777981.o
deleted: c/7/0e0f2de48fc4cb744cacde429be891-5269370.o
deleted: 4/2/4ccb7564caffeb85220d7760f36bf7-7924786.o
deleted: 1/b/9ba4b425740c21a2573767724fd1bd-6492.manifest
deleted: e/a/dac6f2c23ea434c18f501df0e4962b-6327.manifest
deleted: d/7/1f43af019edd3f9b731a1660640b2e-4782764.o
deleted: 6/1/afeae4b9e31266585ca9bee505aea7-2497014.o
deleted: 4/c/e9e764c48fed0272e44fb516abad91-6923275.o
deleted: 4/8/de848da40a5d4761255356767991ce-2113.manifest
deleted: 9/8/2ad3e2a46eee60d72806c6dbc4eee8-7763423.o
deleted: e/7/8c2f3726442197e3696d65422f3ab7-19884.manifest
deleted: 2/7/595bb42b45d964836bd546122c3371-5313738.o
deleted: d/d/03546e75eed22f605273d2b4785838-2388636.o
deleted: 0/d/f99b1e5678b36c67b975746a6bb018-5267984.o
deleted: f/1/e5b08bb29411f0a46ebe589f71a793-5244763.o
deleted: e/7/d1b5afbaeff55776c3d238ab36c092-5290264.o
deleted: 5/5/bce18359bf1481ddae5f4b63a6ab9a-1832303.o
deleted: 5/3/6c73a1235fc8a140012de78db6bd4a-6904.manifest
deleted: 4/0/2be6d7115b5d7be9d44edeb012a4f5-4721665.o
deleted: b/0/4a2441cb0a90229ffe44ee5f0a9436-5301851.o
deleted: 7/8/2b37c4592287b281d304b3a1ef5dc2-6353361.o
deleted: e/9/4493e6f5afa6a35c82647b93fcc843-3559004.o
deleted: 2/e/6962f40bfa1fb32ea1cbbd49fbc087-5216900.o
deleted: e/8/3aa08092e171bf124d6fc80004fd8e-2087.manifest
deleted: 8/5/7933d7958deb6103f6dead361a21f0-6109478.o
deleted: 4/7/db6f4ad8d31a390912af30c7064294-8613.manifest
deleted: e/0/3e6b891e6d8db46a15c63aeb069ca8-7755.manifest
deleted: 2/7/4d36d07dc410762da605bd186d3a2e-5255483.o
deleted: c/e/b5fdad434f77305b91c620ecaf03dc-6278914.o
deleted: a/a/09617888f7de6187d8222be32f6fd9-4728587.o
deleted: 3/2/26c90e1fbd57e67f0b524ddb0bf278-6579474.o
deleted: 5/f/3698f1ff8be90a4909206398c6e898-2769.manifest
deleted: 4/8/7c989b124d7d1abb8e1724a0349e2a-4763077.o
deleted: 2/b/b39c426dd6811b697125e2ada7cfc3-2551239.o
deleted: 4/6/0c56f971304c27b55ace2c61249977-2556805.o
deleted: 8/9/0a8334a3efc35ae55f4934c75a0c4a-5278146.o
deleted: 2/9/726dc7f865c6fe0d08e159520f5f0f-3860.manifest
deleted: 5/5/01d82dbe1a7398b5bbeee53920bbc8-5260606.o
deleted: 1/6/2aa52de3987e326cc5e2d6692602f2-4906637.o
deleted: 6/e/a6872339375baeb2fc0576f312a026-2591449.o
deleted: 5/3/5e7e8be93513d511a14a92a5cc3cad-5185684.o
deleted: 0/9/cd87a2717d3bef1373c704ae922049-2485.manifest
deleted: e/6/05699c370df6a7ea0f8e80074626fa-6724.manifest
deleted: 4/e/26fd5e3ab0b371df3403de287bb5a0-2664.manifest
deleted: d/d/4e9842deabbe7cc33440ff8083d857-5174782.o
deleted: 5/f/04c931515a33678c95dea977822f78-5325755.o
deleted: e/4/f5dbedc18173f48a8b331ab3ee00f9-9792.manifest
deleted: 0/8/4209769391fd25b56828dd8a299be9-5116861.o
deleted: 1/4/69db60832d78126ffd66bd6fa24bc8-4775441.o
deleted: e/7/a86a5f188c2d5f6331dcec818c78e8-13297.manifest
deleted: e/7/e7bf545f06397e9c3be4b9000e4488-6108945.o
deleted: 3/0/5a14600645f85db515207686dd1291-4721506.o
ccache cache size is 167Mb.
Uploading cache ccache...