SHA for cache folders (/tmp/ccache_dir) is '8fb41e1cd53d5bde59df2191fea8aabfde823ddccb0b58512f67b866d1d55437'
Cache ccache has changed!
List of changes for cache folders (/tmp/ccache_dir):
modified: c/9/57cp7n727jcqqj4n0756qecsd2rnebqM
modified: e/b/stats
modified: 3/9/stats
modified: c/8/a730lc7bjovkjasftvp87o0he3o88pqM
modified: c/9/760hao8pig41fqq0fvgpa976ostu27uR
modified: f/3/717ft64crohsoleoucsl31vph811bqgM
modified: f/9/b9n6objhmnb4mgu025kopcfjt2ehkdaR
modified: a/c/72tk88d6376rgrhsaeautrgtidnc0ioR
modified: e/e/stats
modified: 7/b/a985pffmr6bcb04ua3l08dse99bbn9sM
modified: a/0/e3on8vbaaict31qnqq1arqla9sd22juR
created: c/5/afh8krfi2jfdfatt2lclumv7jpkcrrsM
modified: f/7/stats
modified: 1/5/stats
modified: 6/2/stats
modified: 7/b/f426ep0bchkilhqtg43lkqatmsrhlg2R
modified: b/8/stats
modified: c/1/48scalkgra0rckbo839u90o4o2ehabcM
created: 1/f/029e576dq0hgv4hn5pvtttbdq4d1p0kM
modified: 6/5/stats
modified: 3/3/stats
modified: 3/9/a933f3jr1p14qntbdhna0ae094m5hhqR
modified: 5/1/5cuuc96nd42g8mn5n8gh23rl8h72j7eM
modified: 0/b/stats
modified: 5/c/stats
modified: 7/5/224gjjisvpjuaiul9k9pr2rb19l97bqR
modified: 7/f/5cu3kef29904sodjbje2f16i9u9j2hgM
modified: a/6/f18scj95lqfng0ibeufeguqvq4luvq8R
modified: c/b/stats
modified: 9/f/21lo2lj5v0bqetg9upgtbh41h2q98fmM
modified: 6/c/stats
modified: e/9/ea605esrodpatm84fduaf4ell85a6seM
modified: f/1/2bh3qor3rtvcfqq0n1adjq5t4gfn8fqR
modified: f/9/d4d9rtuui0d3vbfoi4talc8uo1bitfeM
modified: f/f/b15bhr0ngoka5qm2rb24i9qahv82k7iM
modified: 0/7/stats
modified: 4/5/450ejra5n7ffedkidcvls2ft9vu9rbeM
modified: 3/8/stats
modified: 7/7/b6rlh2qfnfq5svvg3q7f21i0836q0n0M
modified: b/3/stats
modified: e/5/8en72ipp313d82jldlgfdbmafsqi4lcM
modified: 3/d/stats
modified: 8/7/stats
modified: 1/0/stats
created: 7/f/dd4cgohq4v3rjo9vbnol3ur4m986pv8M
modified: 4/1/stats
modified: 6/8/stats
modified: 7/2/stats
modified: a/4/5dq2sdo0q0umpq3ia5mo5b4bc6d48mkR
modified: c/7/stats
modified: 0/a/6b9rqqdpo5uc6u86l8h9kr6hu8tg8o2M
modified: 6/stats
modified: e/b/1457gkmf0efjutu01uj5780tgt4o17kR
modified: 6/e/stats
modified: 6/f/0d0p03eb9n56qi8uj4arhoru8uj51cgM
modified: 8/2/e1tv3hgishrvn5b6r4hprqdj48pgesaR
modified: d/9/4e3a36o2eucu4eof3ve9foblt44gnniR
modified: e/7/stats
modified: f/5/01g00vvd8pdg2lt4lq2ssmgrlfsfji6M
modified: 8/a/aa60ulf1gbcr8npsn5n0siblpm632ecM
created: 5/a/5fpt68h5qht1ak4u7hd74328cj11910R
modified: a/e/stats
modified: d/0/28fbm4egv7rbn3o0fl0tfe9etob829gM
created: 1/9/aauhjbu61khe9bk1c2ud8cj78qmmhkoR
modified: 7/b/dcq7ejbk8hrfcohh7t2sdb5u42f2rrmR
modified: f/e/stats
modified: 1/b/2bfj39515uf96rf4m2vgm5mpu37u8gaM
modified: 7/6/5eaksv7a0bll617sakm3s44ksmesfm4R
modified: a/5/cah7knpj7mquviclojkoe11210t8v9sR
modified: c/2/61pvhi01tt8r95n45i90u23c1iumm3aR
created: 1/a/a0bfnjpfuvjntk3s02idke5rb8mud7cR
modified: a/3/stats
modified: 4/b/stats
modified: 6/b/stats
modified: a/0/a6d86t68djrudv4ehl4ma2tibq79leuM
modified: e/1/9bqs73d9ms3sk9boqlaiqtubq8rfj0kR
modified: e/f/22vvc0sns04ucd73o6ee9hn6m7k62bmR
modified: 4/5/stats
modified: 5/7/24vc3hu6j534dpe52coabdtq7821c8eM
modified: 1/6/stats
modified: 3/4/stats
modified: a/0/stats
modified: 0/8/stats
modified: a/7/e6oc9ku53kdudl6k1bi0nl0vhba8rvuR
modified: 0/e/stats
created: 7/1/b609nah57g7di4htdns8gbb43pcev9eM
modified: b/9/stats
modified: b/b/stats
modified: f/4/stats
modified: 7/7/2cfjmg30rus225edko2c3t5rrtvn230R
modified: c/c/8084vkpj0r6muq8a4ph4m0q9uecd2qkM
modified: f/f/f042koia3lk05rtm294gfsstb1ichsaR
modified: 3/0/stats
modified: 8/9/93v73vqqv4a2o98trivp44seir6qj1kR
modified: a/2/c92t6flv1tdue659r8qn5982hkfq06eM
modified: c/d/234kopqjg8eretft37e1jf7d24dfhk8R
modified: 3/7/stats
modified: 4/0/6bmhqjs3sllgn1mnnrsp4k6noncd91eR
modified: e/9/d18cpld2a6egr60645rsvs2ccq41a0kR
modified: f/0/bbkdfeqpcnqcnnnjlfikt35cr8purp6M
modified: 4/6/stats
modified: 4/7/00bqgnvs0is3geu910t6rf8b1vqi766R
modified: a/5/ddrfvodp10fu3tkaq8ld2iav0j4mfbiR
modified: e/1/69t3d9o50da997p8u6s1g5qganlg8f2R
modified: a/d/a07lgns8doakepqphlufferlsmmbfaaM
modified: 7/4/stats
modified: c/2/ddlb3qv7hfd7nteslflei57vi28va9eR
modified: f/e/62cphme3i47746nietif64vv7l37mumR
modified: 0/stats
modified: 7/5/ecciq84d088o7urkpmr3gndfbcfngmgR
modified: c/3/stats
modified: 4/d/05mb2vhhlihjlcrr97rtdd5bbromrekR
modified: 7/7/e3sa4c7riagog28vcggaabppgmmmabuR
modified: e/1/stats
modified: e/9/stats
modified: 4/7/ea2tmmt0suuho2ca8h6828ds399pr4gR
created: a/f/dbj1a28ve5ncoh10trrshu3p3mjgeqkM
modified: c/6/a17o7glrl6kk2tr5mnn4ooektprud7qM
modified: f/8/c3cv5mes41j6fdktmidli1vk2d8tl34R
modified: 4/a/stats
modified: 5/2/f3vrm32nmjusvlvuek18rhfhhddpjnqM
modified: 8/0/stats
modified: 8/e/stats
modified: d/1/stats
modified: e/a/stats
modified: a/c/06fsm67dcg6t1jooa1b6ja2e3265bqeR
modified: e/2/7ba4v51dh3ki9sj2fmorup94m5t37sgR
modified: 5/1/17nm771hqrf5dam3vmrfipcm3j767q0R
modified: a/7/32a5apugd1phrs5dm9ts14bgpkiavnqR
modified: b/4/stats
modified: f/6/stats
modified: 8/8/stats
modified: 3/9/7bu69u4vbh9kr4dv3r4f60idj7jajj2M
modified: 5/4/08s425dc2u1ntpu5r5lgqhruh7v95rmM
created: d/6/3cgjkbnoenfv31nk5lea5k94u82j6jgR
modified: e/e/0fn4oagirftd35d03r44h96o7u6ld3qR
modified: 3/5/86s09s29h379qjpci9d5gehaj5gf7t2R
modified: b/d/stats
created: c/6/2721f1e3i28e189bnvputdlmlqsmlm2R
modified: e/2/4bk6itso8gsst14ia8g92pn5eeabgd4M
modified: e/6/587unbl8d5ko9h2ee37omtrtr64g3naM
modified: d/2/stats
created: 7/8/69h534eujkivk06a17oa3k5v5r9egh0R
modified: 8/f/stats
modified: b/7/stats
modified: 0/2/stats
modified: a/b/aa6o817aatucqc5bgbq563fj1a3a1b0R
modified: c/c/0eg0ri9kat825i5lnmb7lfm18slf86gR
modified: a/f/stats
modified: 4/2/e0g463ovc8tsoqkl4c8ov4hvh2ql4rqM
modified: 4/a/41p22vjj4tlrst0s91q5g0ian3m0ddsM
modified: c/9/stats
created: 2/e/33aui4hpcenpv7ibqbq1pb39l66mpjkR
modified: d/9/stats
modified: e/9/432445m8kkrqmgg1veur83tsp0ba4o0M
modified: f/6/46pmghigqecce283fpvuiqhrqg50jmkR
modified: 5/d/eefjmqmq91522o17cit84moh5r49gokR
modified: c/a/6a7vv4tj9rlpr0ae95i555strcp3pq8R
modified: 1/8/stats
modified: 9/2/stats
modified: 4/3/stats
modified: 5/b/cemtcbgl9sljfmq6e6mvbjil0n1eh86M
modified: 1/b/fatnv31a8m3o0skhdnu1s82omcdrfnqM
modified: 6/a/stats
modified: 7/9/0eibb5nphl4qt4o66qg4cbh9fi5gssuR
modified: 4/0/92jb1jgps3jse1hulodq7qhpmn09o2aM
modified: 4/a/34ijbee19po0d8go2ob69nvpipj67oqR
modified: 7/7/9bg8td9cos67css6cb627j2tv4dcbraR
modified: 4/2/c5dhtkadgnkmonn4mfssbb09k9tshcaM
modified: 5/6/d1qk4v3k3slb8n9sci8q3ubjobcv05mR
modified: 8/5/459c4qapuuha8nhb8jetlo823hrt28kM
modified: 8/9/stats
modified: 7/1/stats
modified: 8/4/27ah8ot1gjaceicbiuab1q1f0vfkr38R
modified: e/4/stats
modified: f/0/8111o5t0mk5cndm2lsn0aah15ecif68R
modified: 1/1/6dp94ioboauv4i6tp3tiuteh69p47t4M
modified: b/e/stats
modified: f/a/16j7chig5n8pquh8nlfjtu4b27a74roR
modified: 1/e/stats
modified: 6/d/stats
modified: e/stats
modified: d/8/e0rvek9gu07grapeslt0nsrvhaut1q4M
modified: 4/9/stats
modified: 5/3/67pudcktt3hpccjchma54fgdn4ln8vcR
modified: a/a/stats
modified: c/8/12fugtnepd61fhmls4ulmph7thqh2m8M
modified: 8/9/49qrkurj8gfnkmi7edufegqvog1ufveR
modified: f/9/stats
modified: 5/f/stats
modified: 8/3/dcidv9ll971nkffuhpk7dhaomet06ieR
modified: a/5/4dj33mqt8it7cdpvjninqsjhmoh3onoR
modified: a/5/caccum6pmnr702nq259nvpsfhe99oqqR
modified: e/c/stats
modified: f/stats
modified: 0/1/stats
modified: 4/7/3738sv79lsirq2ndepbcj0drfpef23iM
modified: c/a/43obnepbji33b3fpqgj332tmauu49peR
modified: 5/4/db0u8h0se83nu4gtu31kjkjurju9h92R
modified: a/7/stats
modified: 4/7/stats
modified: 4/d/2befjr5q3r174evll4s9u53ih7bobf4M
created: b/b/a2chdsvqa8h0lpl40mgiuma04muk590R
modified: 0/d/67fq1csp7ci84g3p2tg3r28cpdm50ugM
created: 1/a/5bsov51qv6epam0gthj0dbo7sdujt0sR
modified: 5/7/7f6u0dpmq9orvs0teo13umtsdk0anqiR
modified: 6/3/stats
modified: 7/5/stats
modified: 9/8/stats
modified: f/8/b5b59qr1hl8apir148os47j536m2arqR
created: 5/8/f32asi48rrnfv6gpscuitcbduvio348M
created: c/e/cdpb2in016op6a62ml3cn1da7efmg4mR
created: 1/b/01a2kjvm65baaru6dpfr2qdd0k1e942R
modified: 9/d/stats
modified: a/9/c0g538ii4o0gkfaiicb25vui7bqdpsoM
modified: d/f/stats
modified: 8/0/8diqgq115v33gk2a2526nrc1mg8dvk6M
modified: 8/2/b93676bs5tcqjj5pgv7vnet96mip86eR
modified: 9/5/stats
modified: 2/4/stats
created: 4/f/e61je1ketvflt8q5cak890ng75dgfesR
modified: 5/4/22aggn7g3v3gdo4ugu3n3jma1r6qjt0M
modified: d/7/stats
modified: d/e/7cumm319gfjn18mkob2g89adurmn9vsM
modified: 1/7/2b671acsrj29jnlcfqsi9h7lku6hql8M
modified: 4/d/stats
created: 7/7/57mbilgb08hvbicgh493q7v3vb07k32R
modified: 8/b/09drnd3kg4pnajrehqug67jj6s9o3voM
modified: 5/a/stats
modified: f/d/f1aqhd6pjp9k94qa6bl8peg80h54r66M
modified: f/d/stats
modified: 2/8/stats
modified: 8/7/9b3gie1a80q63pfuap9ruphmp2olfccR
modified: 2/a/stats
modified: 7/1/d956q4s1emfs9c3hlkpdqijvv9blpikM
modified: c/e/72tfvm2p2jn2gsaln6mdc8qaoip4td6M
modified: 4/0/b7hrjusjdsf4jnlk90il5rknvp527hqM
created: 6/4/7fbh48batte4dgd9mhg10ubl4dvohbaM
created: 6/6/d5g2h31uuuh4uhefv9086jflndsgr82R
modified: 4/8/stats
modified: a/2/stats
modified: c/9/b774kk25q0sc0ghase9hrf80rsrvse6M
modified: c/a/afknhkuei1p58edpl6s8raq7m2nh14uR
modified: 7/1/0ddm8i88d7q2iu7rfjfg6bsdo2utqlaR
modified: a/0/4afgh8d4rd9jque9s8dctbacuofhkvsM
modified: f/7/b3ptr1oufhumv3ena8hltn9d2bm66ioM
modified: f/9/1aus01t9a5t74cvao6okc5gpvkvc82oR
modified: 3/stats
modified: 4/0/dasvg8ri0k03tuqre13a6099pr75uk4M
modified: e/6/85fdipttruinllgrpd2keavbcn70cvsR
modified: f/c/f08eops4j83j647v631kf257rtj1j7oR
modified: 8/6/85ok3f4ebqm5rp8efeoetms2da6lasgM
modified: 5/0/ee56gkhg787sslee83kf7k9kair018iM
modified: 5/6/673ce158ionnal6l6512vh0mo4qufj8R
modified: 7/stats
modified: 8/a/77o9vmb5k7lfqkdesvili8pan1703uuR
modified: c/7/99df2ssm1b0a8tbp7n2v1tig2qs6in4R
modified: 1/stats
modified: 2/c/stats
created: 4/a/a82uo97iivh956u8f1teiinm0p4dt2oR
modified: 5/0/stats
modified: 5/9/fbjurjkiatp098o9sm8f2srqpjetiqsM
modified: 5/e/99m56v9scvr4pfk2uufdiqthi8hi2h0R
modified: 7/b/01r86ukkiupg2bck0i4e3h5vo64255iM
modified: a/b/a00bavk3sts5418g1ip2nvs7vidljfoM
modified: d/0/b58j6mgl4ireriq5b5o4c9trbp5put8M
modified: 8/d/1ansk9324l7vmm9t3j3s48dakqb9378M
modified: a/4/stats
modified: 4/stats
modified: a/8/1ambm5gl1f79vp0j7c4bi15htqd0la6R
modified: 7/d/stats
modified: f/2/stats
modified: 8/9/d7ik2l5kjigs9ltm93i7t1199jmgts0M
modified: d/1/d1v2m1hpbq4nonorgtdot32hjdiatugM
modified: 8/0/f0kd16ip5edf637ofo3b3mrvbpnn4a0R
modified: 8/5/2ekgmoicnvgnunpodmv813gnar71dl6M
modified: c/9/14mjfr99t9ft2p6qmu6m4c4pie2fq1sR
modified: a/5/bdp5bi1u12i6q2qulnedquu03q7ms80M
modified: 4/0/0aekh72oud3vm7sf52nvrtaaed3hr34M
modified: 5/7/8bsgatvcs526ekpn1fu3lmri8ombuumM
modified: c/c/7c3ospqdef3580ngk5ed4bl5o0eo8riR
modified: 2/b/stats
modified: 4/7/fbhr1qhlpb071pcmr7ocfohghrioa1uR
modified: 5/5/de9v2lnjf93d8e6lcikgt54js7k5a1qR
modified: 5/6/stats
modified: 7/6/stats
modified: d/8/stats
modified: a/7/904bel0dp0rbj92ahejakhqm7lab0kaR
modified: 4/7/7a9tmko2qt3d8vla4blv0trhuh6j91oM
modified: 6/7/stats
modified: a/6/d3oakob6q8m4gn6k79n18c0nnc64l7oM
modified: f/4/b3bj1bibrkb52mdt7fevnfb6o3ljm6cR
modified: f/d/a5nmq8k3o49c9asfdv4cg4md72iide8M
modified: 2/1/stats
modified: c/4/stats
modified: 3/b/stats
modified: 7/3/stats
modified: e/b/02pkfap201klnlrvcj3o8bmbj1n4hs4M
modified: f/7/0661vtcnuaohv6pnoo41hn6fb6qg2amR
modified: 1/9/c8b435m7l1oc1l6sm4a6tj2dvhf5qdaM
modified: 8/a/stats
created: b/7/733kk51gbtlb01t9sp8trikf8s4hd6eR
modified: 2/e/stats
created: 1/e/beppi9235jl9a5429fiq7210uruhg6cR
modified: 5/1/c5t7iak7389jh16tmu00k1crlf68ts0M
modified: 7/7/5c8tkcp9bo28bndnnkf7okm3fprihb4R
modified: c/d/stats
modified: 7/2/a022758mh65opjo7qapdohc6fhcdpr4M
modified: 8/b/stats
created: 8/d/20edk78a51lb1rhcdceedkmuhdu3puuM
created: a/e/d4jqna3oj847irg6ca3ofbn4s4a85dsR
modified: 4/7/a2n0cuss52i6a6fals2spu3avv3v6piM
modified: a/6/stats
modified: a/b/606nrp6rmgq5kr6pokbojt0rf3ib9rkR
modified: c/e/d4r62l3k7ugk7vlm9dn1di705cm576sR
modified: 0/a/stats
modified: 7/1/7eae5polbdspov9bdtvl2f9368pd412M
modified: 2/9/stats
modified: 3/0/6fuacohqpk8u6udr3n1igf4hd5f21loR
created: 7/4/5d6ai9ngge9clp7vpc309a7fnls9940R
modified: c/d/afniieqpmc02ns083uv9t69lkdgba8kR
modified: 5/2/stats
modified: 7/0/stats
modified: e/0/aaj7kqlhjk68j579i3gkm1j5p8vb0acM
modified: e/e/0b0o6v76vrc4j028gg7qehm08s2adf2R
modified: c/e/e1i75r6fj7t73bpj9uie6im4q7qm6s4M
modified: 2/f/stats
modified: 4/5/dbslkgo4a51afkmml2fg2r5kdsfkp2iM
modified: a/2/0dri8kn0n2ncnacie3vuvn1cnuvpebeM
modified: c/8/8bglt10kbl7tjht7esidm7en7ij8mciM
modified: f/e/e7l2eb5qbhuqn5soiehr6q54ueuv454M
modified: 2/2/stats
modified: 4/0/3eakbqm23ei5a984hrb11tb8reugovuM
modified: 5/0/35k9fbffbpr6t9ec3fa62l5hsfvp6kkM
modified: c/6/e3lb0gspca4a2vh56bhuldas9621ouoM
modified: d/7/b34i1qsdgrd1jn2f173snrl82i5l08oM
modified: e/7/85ngpgu1l0hcpgsfecc2jq009v82530M
modified: 2/stats
modified: 7/5/efeqso7g3668drmbj2cl11aciafhf82M
modified: c/c/7d6bveqrvjm8esr5of75vs7jf07ragcR
created: d/1/depounnupmh552d2pvp6h10bp8gfsb2R
modified: 0/6/stats
modified: 3/9/9c5o0e31m3hoa0bk9g0cb2n892feflqR
modified: 6/0/stats
modified: d/d/stats
modified: 1/0/a2139iqrm4tru919a75jq163970v376M
modified: 2/7/stats
modified: 5/5/9coagmjrvt140j5pu30cn2bc2l5su0iM
modified: 6/f/stats
created: 3/7/755763krg546t5qi254mosrca8vc6d0R
modified: f/3/stats
modified: f/f/2fmlv8saigm0841gg4379ahogb6qcv4R
modified: 4/2/stats
modified: 8/5/stats
modified: 5/1/34uk4n5rit38d4la7kiuf6gbl28i9maR
modified: c/1/stats
modified: c/8/stats
modified: c/c/stats
modified: d/b/b6tok8vkrgd5v3bpmbsc9lloo8kp5vgM
modified: 0/d/stats
modified: 5/0/99r23be41cmoq8irorabn80bb55s5maR
modified: c/5/stats
modified: d/e/c3snvdjhhme2lme2ee85k6s2is981cuM
modified: 3/5/stats
created: 5/0/76feb0ldhgi7lj2mtt0uvq5b878cr9mR
created: a/b/79tkbbe8itv5suahjenqbet5361q70qR
modified: d/c/stats
modified: 6/1/stats
modified: 7/6/5e0fevl46n0j5mn9jbeih04h6ffv1raR
modified: 7/9/cdpr1b20a8stbueihgkflkc96pfcfciR
modified: 3/f/stats
modified: e/2/13v9970i74qj831jp76g50i88aiim80R
modified: 5/9/97v0kdgfro31n9pf5090a010s5gnmf6R
modified: a/9/stats
modified: f/4/c76cjhde9bra9t0lf3s8aip89tre7ccR
modified: 1/c/stats
modified: a/stats
modified: c/8/c0778ji1fpvockoc59ht0o2070q0lmmR
modified: 5/3/f7dua0jp76topvanprgem2m0r8eoptkM
modified: d/0/stats
modified: 4/5/a1fkia0jn7jtquo1goffhar1im5ddpoR
modified: a/d/stats
modified: e/8/stats
modified: a/6/78l80ml9dba2l0tsred8pta4963thiiR
modified: a/b/stats
modified: 5/2/4fluh6j90jh603qrlcuq70jj7bdtvogR
modified: 7/1/27ljm2j1nj0mjl3mlt6vqe1rjp26oogR
modified: c/0/585c4940lf3jffn4tden5d9ooht7n68M
modified: e/f/d6lrm0mfckp2e4pf2n4dhaejdvmqc4kM
modified: 1/a/stats
modified: 5/2/335a7v8ivkfqk5shoh9afdjphk548qkM
modified: f/0/stats
created: 2/3/6bq60u5ccq0genv3uli7bsff76akngaR
modified: 6/b/d9pt93ub9la8g05mpbaemgjoh02r8pgM
modified: c/8/944u5o2crihtie2mpgjn6fokbgk556aM
modified: 7/1/06no7p9d1cqf0hn4bq359593sin4cgeR
modified: d/0/abrgiv4cml14df2g4bt0t1hk7l9g03aR
created: c/c/fa2ah4rp2u8c3tcmq2c9f64ujb9du2kR
modified: f/c/stats
modified: 0/f/stats
modified: 1/f/stats
modified: 5/8/1ffnid597cu2jlr97um8070a69hbbsgR
modified: 8/9/c89ff1f6rcmap8lt8tj6oq2cqutp268R
modified: e/6/stats
modified: 3/c/stats
modified: 4/e/stats
modified: 7/a/stats
modified: 8/7/6bsqqn3svtq0g98m9lr3sqtd2s2hkq6M
modified: 8/a/c0ok6hc08b28n8pr7672nasvgkqrgmmM
modified: 9/4/stats
modified: a/7/2d20grrp724f34tgntsm6oj781t0iemR
modified: 8/c/fbuv07qhagmaf894s1rij8a2g41g3o2R
modified: d/5/stats
modified: d/9/83t0lg5852dah744tnqluo51i33gp9aM
modified: e/5/stats
modified: 4/2/0blcuv31tnsk9pm52lbkcjqf2utv5maR
modified: a/7/c1747ndqplpp7d83e2oaa63ottvuqckM
modified: 5/9/stats
modified: 8/9/8dji4efjp8bjjfn5m5qijfvfab2s09cR
modified: a/c/06vhap7it360oplmnalpc2o0kekpbdkM
modified: d/3/e70adkni0f1bh8k6qnp5kp46j8s3dqsR
modified: 1/4/stats
modified: 7/a/63vlfb6vk8ua9t0sn9lk3p0vjqv9gt8R
modified: a/c/stats
modified: c/4/5cfifcipvura8ljgda07fslui7j6448M
modified: f/2/1b5l1u1roaeporujur3pd5jse13qi9gM
modified: 5/9/36jg7ifoi97ptj6r32ast74aql6j8amM
modified: 8/4/stats
modified: 4/1/1dupgehmfegm4grio1kr6ftqfos5tveM
modified: c/6/stats
modified: f/4/207tvqu7nhblc32ccm8vmtki3r23bs2M
modified: 3/5/32s3qn8gva65do1mg0gl2mc8vkib5qiR
modified: 5/stats
modified: c/0/9dhofips3cj30dcp8m3nhvflsbsgp9iM
modified: 4/5/f0n4vstndpi2tegiimqfo2jvtsr6rd2M
modified: 8/8/b78mphg76k9b3mpn8v7lsll4dls7tekR
modified: a/8/stats
modified: c/c/6fkqb6nricueikfoigtj9tkg8ivf60eR
modified: f/9/1cprvcs2b3r1jt9233sp0i732aeqob4R
modified: f/9/98bulfdc1nkd9vvj25hj3viciealppiR
modified: 4/1/13j9hmch1942qe7irsn6uqtqmp93qf8M
created: 4/1/37ng2seorbor83ntc6bbpdaqi3u3kuoR
modified: 7/b/3fgv3b4bvvh8qjpvoufli03pirepqucR
modified: a/7/55r7vvinbl8nm2kgqpopjvihein7rv2R
modified: c/1/f3nq1e6isrl3kpisljbejn4fqv1ho6kR
modified: c/a/stats
created: 2/7/e77eg7s9ftufupq0rj0lkpm2fqa3pgmM
modified: c/7/2220bhq63pjo8udpgr00vejfmfnl7ugR
modified: 1/7/stats
modified: c/6/6envctf3com9v2j5g1tvklk88mjk3hkM
modified: e/6/ebjg5mrh22g15ov13o754i8acuth8imR
modified: 1/4/fb1icvleqplktjguvs9skfvnoh9ibqsM
modified: 1/9/stats
modified: 6/4/stats
modified: 9/stats
modified: d/4/8e23ev7o21ub00qe1m1rpdkgnccoutmR
modified: d/b/90ub7hes0oqnog69tb21nv8i60autbeM
modified: f/3/5futg9dfpvrsgjb7f3q64rq366vct3eM
modified: f/7/69v7pgb6egoboo3h8lvd9h3ri1jlq02M
modified: 1/b/stats
modified: 7/b/27v7ueaiqtcvrj1onhq3mo505schm4iM
modified: c/2/bfjc5rujdumv24u2t2ejajieh3fc4egM
modified: e/b/70elmqlajncfka9f15ctgqto01gu1laM
modified: 4/b/3b4o397grq1acj5i3dp3tivu8ig512uM
modified: 5/1/e07kqm538tmr72utcr0ihi61ltfcnj4M
modified: 5/8/stats
modified: 0/4/stats
modified: c/8/cf3p9915emrmctmi3ktusvhj4c397r6R
modified: c/d/f6gs78jai62uivbhagkhjr1bms1tpbmR
modified: e/e/35kkld8bgnndt71biehvgo6j8ql4mgsR
modified: 0/5/stats
modified: 3/1/stats
modified: 4/5/1ab7r7bfv909rnh1u3bjvao1imaf0a6M
modified: b/5/stats
modified: 5/c/203bgnc9idn10dk1db9r1s5edtgglfkM
modified: c/0/stats
modified: 9/7/bag40jj33ie08el9khhd0u80l2rjl5oM
modified: 1/e/e7qch4t8uhgtfajmvmaips217e9uptcR
modified: 7/5/0674hgdiccjhvbssojsp9ql02grf6pkM
modified: 7/8/stats
modified: 0/0/stats
modified: 8/d/stats
modified: a/1/stats
modified: d/b/dem6l8dlenl053mjtu1nj1t9h3hra78M
modified: 1/3/stats
modified: 5/3/stats
modified: 5/b/stats
modified: b/2/stats
modified: 3/2/fcfnb6e7uaqrq8p2lioj4idqlv70l50M
modified: 4/8/7ds6fqbribmco12s2829632ca75f71eR
modified: 9/0/stats
modified: c/f/stats
modified: f/a/c9f7iavqs150cnq42ibsq31ai76i7boR
modified: f/e/18b014tc0e3sfec8ufbkc1flcbt6buaM
modified: c/stats
modified: d/0/80g0pr185e4kdktc9o2ad36dkcr1hoiR
modified: f/7/0f3oacfct3i6nhel4s9cak04k7hor16R
modified: f/9/dfivvbgdpa0jdka9t25vlc571820oeeM
modified: 7/e/c7pumv8cje4h3edm8prb1f9fpulr092R
modified: 7/e/stats
modified: 5/7/stats
modified: c/e/stats
modified: f/2/99sntaof5hsg7as2qk8s60eqdqfc9icR
modified: 4/f/stats
created: a/a/5bn5uccbanibicgid5p719m3dvrg7nsM
modified: c/c/4389om8saefou9cae8p1lfnlo0v8v38M
modified: 5/3/16l8gv4lf1kfjp9f0vjf2e9110m5btkM
modified: 8/b/6fl25g2bv1t7eruau9asobr65pena6uR
modified: 4/a/16fb005p8h6ra9lj49j5n1fhr1cppf0M
modified: 8/0/91gfguinm23lm54sret38dfphmrlu44R
modified: f/5/stats
modified: 1/d/stats
modified: e/5/04192hqq9k0e60a0cvfrm2hr9pdp8bkR
modified: 7/3/f7g4qqa0cqp33icohk0i7237r9e2e8iM
modified: c/6/39dr5oflga3is2j8gpa20p9dnkhjfckR
modified: f/5/16v630n3fct4r355hf0aq6mevqt19o6R
modified: 5/0/aa2d9vko31komfo0jvpubgh2f70hm4gM
modified: d/a/stats
modified: e/f/stats
modified: f/a/stats
modified: 5/8/dfiudsgmg9589jo7ol60vpppeveqtjaR
modified: 9/b/stats
modified: a/5/stats
modified: b/stats
modified: 3/e/stats
modified: 8/c/stats
created: b/4/00th81smevl0bs1brnvqa1ufpiidag8R
modified: 1/1/stats
modified: 2/0/stats
modified: c/5/db7ruk8t2o7ro37eca2h6861dsl8l5cR
modified: 4/0/stats
modified: 5/a/f3ntu6hjgdn9e1p5sp9u2skevhurbfqR
modified: a/6/5c0rluhpsngufsatgt1aqk96onucvv8M
modified: d/7/1a8t9ug5gqp6qi8b8p2qtdec3nlbpk2R
modified: 7/7/stats
modified: e/e/88hd626n0qd32n4sn8p0svdp53ggrq4M
modified: 7/0/c0osvr4f1g8nfp6tk8bi7slp2dn4ee0M
modified: 9/9/stats
modified: a/9/4c08dm5cepafq7hftubgb82b92tiffcR
modified: 7/c/stats
modified: 8/stats
modified: d/4/3bmo0ocjf1dueui6reqcl3dl5oruhf4M
modified: 4/a/62hbjbjcn4teqp7cead97fhot621rkqM
modified: 3/2/stats
modified: b/1/stats
modified: d/4/stats
modified: 2/5/stats
modified: b/c/stats
modified: 2/3/stats
modified: a/b/95lhqcspkkv2u9gpm0rsp15ai8p3qdqM
modified: 4/6/94o1pr4tqhptg0cqv2jlqh43quk72c6M
modified: 9/f/stats
modified: f/4/b0kf0bksogdg8o8mgh73r0dsv83oooeR
modified: 8/2/stats
modified: 8/8/64jdivp4u83deo6s9ckuifkv9kslv9sM
modified: f/9/042lkdk9hn8mj6rbeqltrae1uk150p8M
modified: 7/6/5celnr4q2muf9vlnkeee6e93l96vdo4R
modified: e/f/396b6k98slkndiosv0lb89tmrp95e8kM
modified: f/0/34rhralmp39oh23arm0iaehcic1gvsoM
modified: f/7/09iu0fce5fkmekodp9rf0hqvan9ta0oR
modified: 3/6/stats
modified: 5/f/05plcppupl50o9cvfolot57ibs8agnsM
created: 7/1/783egfv20kiick11kutga2lkdqs3vsgR
modified: 7/9/19fkdk9gbh20787b2tsd4b5g1ol2mdeM
modified: 8/c/38f9g2hurmgdcojj7r5aoc9p5neqqbcR
modified: a/9/c66nc67qt5lljq9mnbnk6uuql9ud23uM
modified: d/8/88sitbvil9bnsi660613japh3vdkdraM
created: f/e/e7mnre5klsma92nl3mafit91377g926R
modified: 5/9/43nii6m04acvh829e5gbimb8r2thoc6R
modified: 6/9/stats
modified: 4/b/18hfiufc2ebm7q47m4ps9if0490r778M
modified: c/a/b3g7dr7orgmtev7fdu8ak9osk60po3iR
modified: a/4/b8s3vsrkdpvab8t8eqdomiql93np7umM
modified: d/b/stats
modified: 0/c/stats
created: 5/4/6d8t2mbebdtdnkctpn31t51vsbq8o7iM
created: e/5/5aideibo1saqqkgvc5gihqt4b03pm9eR
modified: 1/4/e9f6fud247e4aho7r3aj9j6roidi4g8M
modified: 7/9/stats
created: a/c/6fmks3m9irlhldsctom8ldf70of74vkR
modified: e/7/27fjcagao8huaqujhqq5c1fpfer6vfcR
modified: f/6/233tcs999mil0pgqmkq4p09chk44qd4M
modified: b/0/stats
modified: b/a/stats
modified: e/d/stats
modified: 7/c/109ishlp7vig8p37un7ta6okvsueaeaM
modified: 9/3/stats
modified: 8/6/stats
modified: 9/7/stats
modified: f/a/06sllk0g0jbrr1na834ukmekhmlv0rcR
modified: 5/e/stats
modified: d/stats
modified: e/0/stats
modified: f/6/baq85231n1ak907ufufuh2fjkrjboq8M
modified: 7/6/7elnuck6aki8qdibo945hkftcsgjdu8M
modified: d/0/fe21hu6d38hfbtervbpbcs7uuge9cdoM
modified: 4/0/1ck3gu6q2o6lheqhf7im8bga76l5a2cR
modified: 4/2/f4t7te2m92u82bpkrt6gvejq3tvoq22R
modified: 7/b/stats
modified: 3/a/stats
modified: c/2/stats
modified: e/6/4b17oje8l7ap35nhrb0otlgupkqut0sM
modified: 1/2/890ako32fmlsb1ldosu97h7ieoqrkaqM
modified: 8/1/1406fsf8ua4e7nijq5uvoit0hro3nsqR
modified: 8/f/08kns8dhtksci1enf366da0gamjtg68R
modified: e/6/56jhagnii71d3aq0p9hjhbkev42pjd6M
modified: 1/0/eaoj7id0euhk0fmrhnuvt8vce7bbv38M
modified: 7/7/7ef7boqsjh9r5sontnr9rnuc491v9ckR
modified: 8/1/stats
modified: c/4/f6obj73rq80kf3e958abu6m20gojlseM
modified: c/c/2elg1rdnu7ud1f0tk4atstvjcgkk0s0R
modified: 4/4/95ebafauj2jvu4l0m378bfnmekgi5s8R
modified: f/8/4am28vcqq5pi51omqv4b7ns221v1laqR
modified: 7/f/stats
modified: f/8/stats
modified: 2/d/stats
modified: 7/1/90iftoot2tflo4g199sm2n85304o192M
modified: 8/8/64isatsmecjahdlqlqib1qjtklds6qqR
modified: b/6/stats
modified: b/f/stats
modified: 2/6/stats
modified: 5/7/84nse9fomg6oh57860n8a16qr6k6omsR
modified: a/9/f4pkouutj27mi57t0g75ngicdbpfb9uR
modified: f/c/d2qul6lp0ok0vhvl2hjf04f36dpmh48M
modified: 7/7/bfvk2197u567v8na86ng0o9tbr5vlg6R
modified: a/2/5aaidr7i1jok7j5ct83mc3n2274qi00R
modified: 0/9/stats
modified: 5/d/stats
modified: 6/6/stats
created: c/3/b3bvhkslfa9juln8bv5nnk5dg9ls4l6R
modified: e/3/stats
modified: c/4/e4bflj56h2mrmclvvdjlrljccrs791cR
modified: 0/3/stats
modified: 8/3/stats
modified: 9/6/stats
modified: f/6/4dede6538c0elscu743lukfnh301j10M
modified: f/f/9aopkvsnppbl5pj23ilhct9islaj3jaM
modified: 5/5/stats
modified: f/b/stats
modified: 4/6/06l3dh2sa0pg083971cr5v6o5p585t2R
modified: 4/9/25942anfnuabd3092ivmlghb4rpiq3qR
created: a/a/51tjvl431hltacj0traseu2a5alic40M
modified: d/4/e1fo8d6fu9lcjs4v70714r3jdqpio30M
modified: 3/9/9d4rt3i84322e1o57ef3mdv2ag7taqoR
modified: 4/7/635f0f9dlsc0m34hl6q1ee3b5d0e6tuM
modified: 9/c/stats
modified: 1/2/4e1q6j4rs4if0opqrmvbf5igmll4ljqR
modified: 9/1/stats
created: 8/5/9bn9c2jfk2uhqb8j2vn1mnrpcv6f7ocM
modified: d/6/stats
modified: 8/9/a7kiam5rv7qbeaf3vv8a2f7ieb0l314R
modified: f/1/stats
modified: 4/b/951g8638qs8m44101cptodc662krj52R
modified: 5/2/57cgbqhq7sqfq3ensiifc0ae79liinaM
created: 7/5/97irmppfqp546s572m7urnj6o766hn6M
modified: c/1/028809patpd84lhji2icduf34pkebqeM
modified: d/e/stats
modified: 1/0/cffch943qs0aoaghrfls0va7s2pfchcM
modified: 1/2/stats
modified: 7/b/707dhganijuq7bs3v8pub4s08fchp2gR
modified: 8/2/d04m1g9o570vobi4lj9fppk2r0dadr8R
modified: 5/1/stats
modified: 5/5/bdg9jj4anjq84ba74v9729vvcv5dpheR
modified: 5/b/c3us867m309lfp50bc1hj30u2b181huR
modified: 5/e/09r073fccrsq0e881kmnb6cgnd8dp6oM
modified: 7/b/e4dlkuk2tcqphtolf20dg8bm0sj44tcR
modified: 9/a/stats
created: 1/4/ddp60af6sideuj9qrs1bqn9gt0kblegR
modified: 4/7/2b4lmthl38r37f17iuj2l9ivddrq38oM
modified: 4/c/stats
modified: 5/0/c10pr8e71t63u5h1e9u594lsrkn3cg2M
modified: c/1/52nedno6br3alpqnbegbq6nfs6p3d4qM
modified: 4/4/stats
modified: f/f/stats
modified: 1/4/5b5n2a9hfo2df260ibq6eb781dgttkkM
modified: 4/0/899gd9k01bj9t2gj8hjvi1p9ro27gnkM
modified: 8/5/2d2luvj4tosgiu6i0lh4fasgqo9p12aM
modified: c/7/d94r92h2okh19b251i5gohktjhlh260R
modified: f/a/37h0mtctmfteli2vb0ju9r5me263rv4M
modified: a/2/2er6rtmlt0bnlu5lrev6k5bhkf6d8b4M
modified: b/8/e8sq15cc08iq5d94iae34r7eh0mo7e0M
created: 7/b/b9vl12gfgg58s5j17p6dvef082re7biM
modified: c/2/973aiuv3jrfgbovhlkohp3881bsfenaR
modified: c/b/b3948crkqhkqk522t6549qrfumr2gusR
modified: d/3/stats
modified: 7/7/0e9h1kbrgpnbnnfie86p5upao8caclgM
modified: 8/4/739u29j95qsm6tlfq4ojube6pqrbp6iR
modified: 9/e/stats
modified: a/5/350d9f2ijq4oavseuk8e4tlfnm0s6g6M
modified: e/2/stats
modified: 5/0/314r2765mleq8707lq93ee58qrvll9oM
modified: 5/4/stats
modified: e/2/e7fa6ugo4mf1a8f97p30hevc4dde9gaM
modified: 4/0/4555g1g2hk1mq9kjqb6vgb5vega1ccqM
modified: d/8/5c8tkibvqtigtvru9na1avojdo2ggbuM
modified: 4/4/8bbvcc0thhjenddqjrcfrrqll1l3tkqM
modified: 7/4/a9otme4bck247csb4pcms08duf20gmoM
modified: 7/7/1dvnsdcbpokd06ktjbjtslmluf9a0pgM
modified: a/7/24mndv9uu9j9fqbsdrpr0o56r3raddqR
deleted: d/d/0549mp8db5uukuak9r8todrav9u6jraR
deleted: d/e/94e7v34f8jp6alkg4tngf0q1pnf2jm0M
deleted: e/8/9510tqpq3aubpmdtu7qsu06s2j5jjbmR
deleted: 5/f/2a52c7eaf65pmcttfsv7fvt446jdlgsR
deleted: d/c/cc0bfs6mlub22p9krq4ff3ot2a8cebiM
deleted: d/a/d8rj61tqu877109lqr24b7q214m0sqoR
deleted: 5/5/dfpog45ts3q49763eku8estf69mvqm8M
deleted: 8/0/3cvhujcd8kn2macol78utphgafvlh8mR
deleted: 4/0/59attulr94tva6m5r4po6p6fab2iidaR
deleted: d/3/bc4ohv2nk2sj9boc5u3mvb4kmi9553iM
deleted: 1/7/3d6qrfe2pqdum3j03avug5c8c3680psR
deleted: f/3/b2mr1rq4foltuq2rnpviijvpht0i77sR
deleted: d/1/0dsrlb033dmm4goi22ppma8k2201ro8R
deleted: d/c/80kh2c301ubpue3kjjlko4nqegc4g22R
deleted: e/3/2999trbdkkntff57fmh54uj1elcelaiM
deleted: 4/b/ab4irs3rh8jf328mh1ng3rr61setd5oM
deleted: e/d/7dnr8t6rnof3rdjom9lsbd8lkh4fvugR
deleted: d/5/00328a2plk99khfdq0248nnbqumrk98R
deleted: e/3/c9v49hbr6c1nndocjnimh1esaa0n2jiM
deleted: e/c/afgdoq0htsn8vsdj1h4721s3g9nt9euR
deleted: d/8/f0rc4qegl1jtmi85ejl28v3jt4q2jpmR
deleted: 1/5/6e7192e3bu9amhd53l8imfvb239ka0cR
deleted: f/4/487j47742rm1qsu05b9a9td38k5kub2R
deleted: e/e/3555klh7aakp91ut10jiv1trjbofgvgM
deleted: 4/7/36lhol51h0mke6ncaivvek6pmfi6ctgR
deleted: 4/e/8aavo343d6us3u4b8fn5brtjf52pf2mR
deleted: 8/2/a96loenao60suua4icnd6h35tslqn1cM
deleted: d/8/2f9a74887egnnd2eaa55qcv7c63sd2sM
deleted: e/5/5f0qmb3e31f4is2ks36lkl1grearkleM
deleted: 4/e/0caufti3e7ckmc2kk5vbaqrmdkt2m0iR
deleted: e/3/52vdd52hl3ikkh7kjgq055u626qc656M
deleted: e/8/7fs4tkc5thvdj2joabcabb4pebkie4qM
deleted: a/f/a9qce0s8tdqoupf96a8ba9rh4v91rbmM
deleted: d/4/65v1solcg6jg1d34fbkjnt2r48e7i1uR
deleted: e/6/aag638a54bfr0tdn82b3s0mjbtbj9diR
deleted: 4/5/10e9fq7hipjsda8pnidqbv37hp2cr3kM
deleted: e/6/e264odde1oje0kilkaqhkhnd1qn6t9kM
deleted: 4/7/7bnf4je0kv3s7ffi1g6kbj11aceoc2gM
deleted: 5/8/3drtt9081cj7dkoekn9olhun8jqmqgeR
deleted: 8/4/a4napr7hibrv2459iru08qere9nck6uM
deleted: 3/0/a8hr7r35865iio5or5pkmrbb25etfn2R
deleted: e/4/9ejeobldimpva3mgvttjs2ingqr2b3eR
deleted: 4/7/dfhalnsodmjjh9tn191brhnlkg52af8M
deleted: c/4/49to7pkkdve2u8vau7ktiu3t9c8odrsR
deleted: d/4/5bin8r9rdna8tl93kfbqb3bj75rev5cR
deleted: d/b/3c3qnnjqnjmbltltkraiom1qv3si5i8R
deleted: 8/5/cdh1m7l85u35q64vc9uj5ai65djph4cM
deleted: 4/6/3eqgc8vesbtr7a1df5a2eth2o8trnskR
deleted: 4/9/6ereq9j6stdr2vb34u2kqsqftdq85buR
deleted: d/c/8fktvc8of0lch0q7jp2bp2vmjd2tde0R
deleted: d/f/e35jm0i97s2jtm65r533an1kac303a2R
deleted: 4/e/48pav797svbbql1uvubb1qgl90jmb6qR
deleted: 8/2/cadp9iphq03d8ct701kuqt9f0an2sfeR
deleted: d/4/093thlre27jpiri7op0kc66m5jd10o4R
deleted: e/1/d11mgv46qa0soalp20v81bgpba79gu0M
deleted: e/9/d1opj4rh60oqt3h5me94km8pvr3n6osR
deleted: d/7/d6ohb9bavo322r16as5scad4kopathcR
deleted: e/f/449bedicnoq61jgclfnc9r691edb47oR
deleted: d/1/630e8hg8oag62veavrvhbdalc433t8kM
deleted: d/0/c3eef3e6q9l5h650k6p5kv4djihr74eM
deleted: 5/2/777jcj03idjbudh8gue7ut1rvvnguj0M
deleted: d/4/8ce7nl4iv5s02ns2bjvuv10i3vhlbfkM
deleted: 4/e/acgf6f7obvf0letsqig40df9b8qh1f0R
deleted: a/1/1f12nn1s2c6lcm9ii1mhjmpvrqg7c6gR
deleted: 4/0/b36bmrmg907mk2hevuuhbfmrtqd2mgaM
deleted: e/7/523424kvmemgifm91nkfugulnnfqhjaM
deleted: 5/2/909ct5h08i0sjk482q1dhleb9niqrj2R
deleted: 8/f/34tteaknhgn3ecldmcssdt6rtof2gtmR
deleted: e/8/162fs3ilvl1r9e0e9ucaa3a81600u1uR
deleted: 7/8/3f9g2689235ss171edpb4mfmo3ppm72R
deleted: d/6/99omqsrg1d6smnflr4rbdg4ohmu7qmeM
deleted: 8/a/b6bl6oj8q8u2f9epkavk1go36d7d150R
deleted: d/2/88v6daqphodm14bli3ir57outtvprraR
deleted: f/6/c5qab9uf5a94hrkpumsldmd82prusacR
deleted: 4/1/cc20hhdsri7ndrt9jgahebp3hshv8mqM
deleted: d/0/d6hadh9cgh06k2g7ods21vcerm8c72qR
ccache cache size is 257Mb.
Uploading cache ccache...