SHA for cache folders (/tmp/ccache_dir) is '20e40057976cf4612a5aace4032cf0fe2efbdcc64193391ac937cd2aa3d1a6eb'
Cache ccache has changed!
List of changes for cache folders (/tmp/ccache_dir):
modified: 6/a/stats
modified: 8/4/889p53jr7a2f1i36acff0ftlua39lv6R
modified: 1/5/stats
modified: d/0/3994cd1qrsrt748ktkd65quct43bivaM
modified: d/6/edultvevk4r32mcue5gj4fvjh91d9j0R
modified: 3/c/stats
modified: f/stats
modified: 2/c/stats
modified: 5/7/stats
modified: 0/3/stats
modified: 3/e/stats
modified: 8/f/b7slp7v3gdbn5geen74iq21acjeht8mM
modified: f/a/stats
modified: c/0/stats
created: 6/3/3ckt74j2j628e5tlmlqgt052htbjn4sR
modified: 3/2/stats
modified: 4/4/stats
modified: 2/0/stats
modified: 6/1/stats
created: d/f/6c13r0bt1efpomefd2ekthfru1m4pnaR
modified: f/3/stats
modified: e/5/stats
created: e/6/65g36pf7en7nf33h4qru75vfnb4vp2sR
created: 9/0/59kg8hc5t6ogvq5ad2pbj81f2ig362mR
modified: 9/8/stats
modified: 7/2/49sa197i7srrgfu04musgds8mu0t4k6M
modified: 6/c/stats
modified: 3/4/stats
modified: d/1/stats
created: 4/a/0922gl58umcf2gaom8vmnvv9hk0m33mR
modified: a/2/stats
created: 9/6/13mn9due8v12eb5c95snj7agmrjkk8kR
created: d/7/98fndqgnofvetvrjplpf880jqd3oqosR
modified: 7/b/stats
modified: 0/e/stats
modified: e/4/stats
modified: 6/3/fetlfr3c9q4hcp34mlt321ngcjdk772M
modified: 5/a/stats
modified: 9/c/d0bjhoo8e06mljg2bbl2csrbro0rec0M
modified: 8/1/stats
modified: a/3/stats
modified: 4/c/879r515i80s18gefcv20k5kismnlhh0M
modified: 8/7/1ffdp3ndi397aqq9tk8auh8a9n6a8geM
modified: f/d/stats
modified: 8/8/3ck88uafv806p1ulafe0me1nbshhp46R
modified: 8/a/8bc9c6nde679ifc5f680g95n0t3se7kR
modified: c/b/stats
modified: 8/a/d2b4016kn5knrat8tu1b1epiuk534acR
modified: 6/5/abjhl4e4qge4pekoq5640nvf32n2ahcM
modified: 1/0/28d2vlfclsbfaudip0025reggqbr5bcM
modified: 8/a/dfjhrmem5k5akpgnik37hdqtkuhitdqR
modified: d/e/stats
modified: 8/0/d8nh5ekpgbfe3b2aeshglbnuolc25suR
modified: d/7/stats
modified: 8/9/6da2cddpps1pa9em6prjr06jorhps6uR
modified: 3/7/stats
modified: 5/e/stats
modified: b/9/0789h7d3gpi0dscp3f61g6khofn6h02M
modified: 1/d/stats
modified: a/f/stats
created: 1/1/6bifaf93699v1bp4miitk1f980p4p88R
created: 8/6/2einad3tm40mvpub9ob35npjpuo9lcmR
modified: e/6/stats
modified: 4/2/stats
modified: 8/b/83mfscnrjqc0uhki56ndq0fa3o71340M
modified: f/1/stats
created: 5/f/1485dtltqun0mupupg1098qvtnbljhuR
modified: 7/1/stats
modified: d/9/stats
modified: 8/7/stats
modified: a/a/stats
modified: d/f/1ehmr6a95k3pd6ssdg00u1letln4algM
modified: e/0/52heauh722gu651ohedq08dtca9ebr6M
modified: c/3/stats
modified: 3/5/stats
modified: c/stats
modified: 8/1/627nl5lctgtnq0jlr60st8as1a0jfj8M
modified: 6/3/stats
modified: 2/6/stats
modified: 8/0/b4rvct7un38bll03gbontnt2o8prt5iR
created: e/a/538ml8fdbbimegh7f9p0l19pg5l7k1mR
modified: 4/c/stats
modified: 6/b/stats
modified: 4/3/stats
modified: 6/5/stats
modified: 2/f/stats
modified: 5/5/stats
modified: d/3/6712ungo2en7epge63kdftn2d7891p4R
modified: 8/5/422nji4j14qr5oiboftosts42esg3skR
modified: 0/7/stats
modified: e/c/stats
modified: b/d/stats
modified: d/1/06ptdeplkaf5gkt767a0tngiadfifkiM
modified: 3/f/aeq9otkhkrmktt1nohrkj8rcsvlbskqM
modified: 4/a/stats
modified: 6/0/stats
modified: 4/8/stats
created: 4/e/becjtcik80fu3i7j14ss5j7nb7m0m28M
created: 2/3/4edvf659i2ks15bnohsqb6mlb2b828oR
modified: e/9/stats
modified: c/c/stats
modified: 8/b/stats
created: 9/d/b9po01rkmpjts4d0mp9hrebj5rlomdkR
modified: 8/6/22msg3k5g3onoufphvdpk6okomj6i78M
modified: 6/f/stats
modified: 5/6/stats
modified: 5/8/stats
created: c/0/76fk8nmd0c61t2atp85j2f0t868m2nuR
modified: e/e/stats
modified: 9/6/stats
modified: 2/3/stats
modified: 2/3/b2u00r6q4ngns6o8nuqcuqaiaonniduM
modified: 8/9/8ahoi86abkmoibumf0c7ofbc94r6dpkR
created: 1/0/6clnuf43ratbeoqrqep57ivfvecelm0R
modified: 5/8/33qcplkt1a8ecd95nl9ccm6n0nkujdiM
modified: c/f/stats
created: b/1/35di0hkjqtifkp1oqq7cds044in04mmR
modified: 5/0/4f7ko8nk5qta0urb2flvl43n536jtm4M
modified: a/8/stats
modified: c/e/bdhokbivusnatiljk8b006ehe6tolo8M
modified: 7/2/stats
created: a/b/eacs46voe8sgkl7e0euqgiq86i23f2qR
modified: 6/8/stats
modified: 4/6/stats
modified: 1/6/stats
modified: c/4/stats
modified: c/6/stats
modified: 8/3/25dhqt1l6qi90v20ki4fgm652os5292M
modified: d/4/stats
created: 2/1/23e0rdpk5gkgqcunc7jsnb71qlgfucqR
modified: c/9/stats
modified: d/6/stats
modified: 7/e/stats
modified: 0/8/stats
modified: 5/c/stats
modified: 3/0/stats
modified: 8/a/9cst9pd1h3sv2k45e98hka2o2m4nhskM
modified: 1/8/stats
modified: 8/0/stats
modified: 7/7/stats
modified: 2/7/stats
modified: 0/a/stats
modified: 0/0/5crud27fdbldp3jaat14ept8tmifme6M
modified: 1/0/stats
modified: 2/e/stats
modified: 9/f/stats
modified: d/5/90ap11b3hi4fgu7e0os0toqosbku4j0M
modified: f/b/stats
modified: 4/d/stats
modified: 3/9/stats
modified: 7/9/stats
modified: 1/9/stats
modified: d/a/0ejjfhp44al21akv6ild3cbt0i06jnuM
modified: 9/stats
modified: 8/6/2bvc4s9juinstbkb8qnfd4k9t9bl84iM
modified: 2/5/stats
modified: 8/5/5bsp2dtcpmhp6960iqvveivlr7endm2M
modified: 8/8/00k6jgr5lqfo87bkk4jehl0uu7miutaM
modified: e/stats
modified: 4/0/1c62qci0208nvolhf0btadm7vmd6vb6M
modified: 9/b/6apfetksjubgbke8b8k3ck2e4f2pk6oM
modified: e/a/stats
modified: a/b/stats
modified: f/e/6dlo5lta5epvvqfn61i1hjeup63sed2M
modified: 7/6/stats
modified: 8/0/5fe97t9kf32j9g3vkgk43sfa7h5hr6oM
modified: 4/7/stats
modified: b/0/stats
created: f/a/99867qjg9e46sve3ge1rndg9ncvmmuuR
modified: 0/e/10r44rnnu1uco6qvccrahsttaoafqfsM
modified: 8/f/stats
created: a/0/b9nkcmtr36q22126gg235r2dtk3707eM
modified: 8/4/45u3hmf5bqhqqnrn17j0vhjm7869bd6R
created: d/e/84n97n8g4jr6ua3m3bbm3cfud4vdo2kR
modified: 1/c/stats
modified: 9/1/f0dbmcu94arm75kae607hmt6pkj2cacM
modified: 8/7/b4q5plm93ojrn7krrlcghpnv2tu4fmeR
modified: 2/0/d90fo16h2enss82fbj281jri1ma16ksM
modified: 6/4/c6ndtv9iqik7a6o0vocnsvig5fdpvheM
modified: a/4/stats
modified: 8/8/stats
modified: a/d/stats
modified: 9/d/stats
modified: 8/8/b17tb13rhp3f0pfg3c5tcrl0c77qcekM
modified: e/7/stats
modified: 1/e/acrsj5t3ds1gjugn14g9uo9kt66npacM
modified: 4/0/stats
modified: 8/a/d9eq5jrsgqves3qid74eq5eu2dtp9oiM
modified: 0/0/stats
modified: 9/7/stats
modified: 5/b/stats
modified: 8/1/b3hk5megqppjip428a746kqs5dpdpfaR
modified: 9/2/stats
modified: 1/4/stats
created: b/6/55hij4bkj3phf54q8t50vc2hilom6auR
modified: 0/c/stats
modified: 8/3/fd76rf49229of6k5t4dprd9e4k8vv8uR
modified: f/6/stats
modified: c/5/stats
created: 5/a/07ln08jljj6819ot8j78ia16om22vigR
modified: 6/d/stats
modified: e/2/stats
modified: 8/3/5d5nddd2mn2kmtmpd78ot3bhfv2us3iM
modified: b/a/stats
modified: 2/b/stats
modified: 3/f/stats
modified: 4/4/dbana4uhtu0thks8t473vd6mmr4kjmaM
modified: d/b/stats
modified: 5/0/stats
modified: c/8/stats
modified: 2/a/8ej7gu21f5fu456secq4ju9ogjuuri2M
modified: 0/d/stats
modified: 7/c/stats
modified: 2/d/stats
modified: f/8/stats
modified: 8/7/c8ub42gjk5uqf56f5p4b1a1nckber5sM
modified: 4/1/stats
modified: 3/stats
created: f/e/cf763j5p7ter77inc8088pvfchc0tooR
modified: a/0/stats
modified: 8/0/dfb9dq267cahufcd58a9h22nfljdv46M
modified: f/4/stats
created: 3/1/adba0kcv27kqqg3rfofauq7j57n3h1kR
modified: b/e/stats
modified: d/a/stats
modified: d/d/stats
modified: 5/1/stats
modified: 6/7/stats
modified: d/c/stats
modified: 5/stats
modified: b/7/stats
modified: 0/6/stats
modified: d/5/stats
modified: 1/e/stats
modified: 9/4/stats
created: 6/4/09no7gorsr5j7d7cuqaqrpl3pbupheeR
modified: 4/b/aa6aliqgmjm920e7t0hq9f03j21v15eM
modified: 9/1/stats
created: d/d/a2c1hu5266u7a6vt0ifjnotpt1d5r36R
created: e/f/67fu161crjv0ro1c8uo8p7o04tem4n8R
created: 7/1/fdkv4ljj88doo6l7fcskql19fpt58baR
modified: 8/5/stats
modified: 8/2/08qmeuov5k19igvuj287oqk87q3mbq0R
modified: 1/2/stats
modified: f/2/stats
modified: 1/stats
modified: d/a/29tkio52ajjid1s2q6dg1i1e30a8snaR
modified: e/a/0erpguduicjfkh7um99csftdjlcfq58M
modified: b/3/74367fqs2gkok0tnr3h0gt2svscge4sM
modified: 1/7/stats
created: 6/e/97v9juaf69q67pl1l0h0qhc6c7q0mbuR
created: 0/f/0dcohog6273seajjhr3l0tc20mn0boeR
modified: f/f/stats
modified: e/f/stats
modified: 5/d/stats
modified: a/e/stats
modified: 7/3/stats
modified: b/c/stats
modified: 0/stats
modified: a/7/stats
modified: 8/stats
modified: e/d/stats
modified: 0/4/stats
created: 6/3/76dp71qds5enool27jjl3hqclgugu30R
modified: a/6/stats
modified: 5/9/stats
created: d/a/9en1ketinvufkj90mvq00m4etoc4og8R
created: d/a/29q0un7e4vg1np07pd1dgqolob4u6seR
modified: 8/4/stats
created: 2/9/98c06d705e1hbhk0t2vgmvtnqfm5kkuR
modified: 3/6/stats
modified: 8/6/stats
modified: 8/7/687n9fb5m9gj9rth06fohhmpega53n6R
created: 9/7/1fl8627oqnr9lb5bv5oiju8vkjs1s92M
modified: d/1/967r13fm4lltvjpokpjkcrpuedvr246M
modified: d/f/stats
modified: d/2/stats
modified: b/4/stats
created: 7/6/68nlrd5njtrjqk6un0fdg8n0cvpps9aR
modified: 3/1/stats
modified: a/5/stats
modified: f/5/stats
modified: 8/9/341akn1rva9tmrv130k11tdlq8ml25oR
modified: 8/5/698ecbq2t5rvnptdndre51dcgcemdroR
created: 1/2/b2nnmgreva67b6nn0pv5inggn96jct0R
created: 6/0/a9ncliq03abglg2smtk5doev73j1ufeR
modified: 4/5/stats
modified: 5/3/stats
modified: 8/5/2fpa58v8352km9tqe7ibcdjhe4lt7kkR
modified: 7/7/7598pulh5fmf0itcv0o7j87t02nk4f6M
created: e/b/94kbhjdrevmlum5gabrsc0kpcoper9sR
modified: d/3/dfha71mg9384ob986b95j9dsfkivcauR
modified: 2/1/stats
modified: d/0/stats
modified: 1/1/36mql7o7fcrla1bhtp8hvo9g59ag794M
modified: a/c/stats
modified: b/2/stats
modified: 1/b/stats
modified: 0/5/107061je227kc5a3bj1pl0m1goid9j6M
created: e/f/226tqlfv54mtbssu048a6ddg83v9tr8R
modified: b/6/stats
modified: 7/a/stats
modified: 2/2/stats
created: c/1/73fes8kb5n7vd65ooh83lmpge0lcmtiR
created: 9/0/a2u8jqpj4ishjrdcsfven51poopemi4R
modified: 7/d/stats
modified: 4/b/stats
created: 5/0/9e6mthuij7105i4ln4bvk7f3f8ltu58R
modified: 8/3/71fv35kog94gimadf2omaujv7ci245oM
modified: 8/7/fa7lher8oauog6rs9pbt0kf1vhajd6mM
modified: c/d/stats
modified: 8/0/ab9brj1inq9vp79n99dqp6ftoajb7kgR
modified: 0/9/stats
modified: b/f/stats
modified: 7/5/stats
modified: 8/2/stats
modified: 8/e/stats
created: 5/5/962voo5ro3genba1hos57p7pn7pmmrcR
modified: 7/stats
modified: 3/b/stats
modified: 9/0/stats
modified: b/9/stats
modified: 4/b/31010d8sovdmdqrptso2mu6pfd8ddmuM
modified: 8/1/8ejmkmiru60neostinjn61tg8rl8il8M
modified: 3/a/stats
created: b/c/eaa93nkp96h5vduuhqjqquehrger3e8R
modified: 4/e/stats
modified: a/1/stats
modified: 5/2/stats
modified: 3/2/8fo69urnao9nuu9r0f0s8gvh648120aM
modified: b/3/stats
modified: 1/a/stats
modified: a/9/stats
modified: 9/5/stats
modified: 2/a/stats
modified: b/8/stats
modified: 7/0/stats
modified: d/1/48kgrocqe2hqclifnh2rgmr5cilo5ugM
modified: 1/3/stats
modified: 3/8/stats
modified: 5/f/stats
modified: d/3/stats
modified: 8/d/stats
modified: 1/f/stats
modified: 0/f/stats
modified: 7/8/stats
modified: 8/a/stats
modified: 0/8/5776onrql6secr33eito8ha0iaecfg8M
modified: 0/2/stats
modified: f/e/stats
modified: 2/3/025185r7v1gfkr24ndauf1199d81hv0M
modified: 8/5/08t3e9eavsrs28q56dbp718sm5onb9uM
modified: 1/1/stats
modified: 6/e/stats
modified: 0/5/stats
modified: f/7/stats
modified: d/8/stats
modified: 4/f/stats
modified: c/7/stats
modified: e/3/stats
modified: 0/1/stats
modified: 7/4/stats
modified: 8/c/stats
modified: 6/stats
modified: c/2/stats
modified: b/5/stats
modified: 0/b/stats
modified: 9/3/stats
created: c/f/25urpn90fueqjf0lqhjs5fp8lsr3l62R
modified: b/stats
modified: e/1/stats
modified: 8/2/911m914lqkc27fl9fo1fsorsb1h49t4M
modified: f/c/stats
modified: 2/stats
modified: 6/6/stats
modified: 8/9/stats
modified: a/e/26gkcvmaq6jfcd69uipq6qcf76p13ceM
modified: 8/3/stats
modified: e/b/stats
modified: 9/a/stats
modified: f/9/stats
modified: c/a/stats
created: 8/b/63a6cq3mdfh7i3n18f2dgkgl79qofnsR
modified: b/1/stats
modified: 4/stats
modified: 6/4/stats
modified: 4/9/stats
modified: 8/0/edqjamlvnfla9rkj4n9hc9q7a5r3tdsM
modified: 9/4/edmtibigf6r0mskmqvk7la6d8vqndn2M
modified: e/c/cdthcq710si675rpssd2kht9no3j9iiM
modified: 6/2/stats
modified: 9/9/stats
created: 8/5/36gfgkj9q5s1updqmiplf4el05ql8c0R
modified: b/b/stats
modified: d/stats
created: 9/0/c3eqn4bf1smnc8gfsp5p0928l93poqaR
modified: e/8/stats
modified: 3/d/stats
modified: 1/1/ffj7e968tbfasopv4j7d2jl46qge2c4M
modified: f/0/stats
modified: c/1/stats
modified: a/8/29lt16o9bro03gvobbbe3522rskp9koM
modified: 3/3/stats
modified: 6/9/stats
modified: 2/8/stats
modified: 8/0/0b84iba3mgu6pk0hdvcg4bjph4asda4R
modified: 8/a/ffp7kkucvcpa6iso2t2ghfc6f2lc5jiR
modified: 5/4/stats
modified: 8/9/025vmq6imkkgjqg8uposmrfip16gjpeR
modified: c/e/stats
modified: 2/9/stats
modified: 7/f/stats
modified: e/0/stats
modified: 9/e/stats
modified: 2/4/stats
modified: 6/3/48eltspp1pt39rsc7ntisbhs22ht62gM
modified: 8/5/dev23rsolrr974na1ufo4ttbv8943imM
modified: 9/b/stats
modified: a/stats
created: d/8/d7doss8jiqobvu5fl0pg07q89usq63kM
modified: 9/c/stats
deleted: d/b/1b4mmrgosr8gfcr2368hgtb9noeqegaR
deleted: 8/b/6a007acgd9b253jvhtuinojh60sdnpkR
deleted: d/a/1ffg8jcba0ttv5h7tocu564t1e1j87kR
deleted: d/8/a5071kfv1robb91aotp1lkqiuvsf76kR
deleted: c/b/2e6mpoec6ha6chhtnp8cm3m2e17f9bsR
deleted: d/2/83tbsrjacdnlv60trc62j1m77q5u92uR
deleted: 8/9/56h9ffvnj19eq069mdnu6k17ue2up12R
deleted: 8/9/90ffbk7ls4um5s828ujvc1k2iuf65u4M
deleted: c/b/2b8g79e8bj29co0djh369l0vc6kvcpoR
deleted: d/b/7brduubbv0uablauc4ga1kddq7n2ge6R
deleted: 8/b/5a0aunodp1qn173ukcb2p8dehc8s8nkR
deleted: d/a/dbvldu0kslbssgttok1ec7t7rqqk1vgR
deleted: 8/7/c92fht3nkhseespv5g89nsr6mk37c30R
deleted: c/9/0081cn96u3s4bqjqqfd3q41pjj1ec1cR
deleted: 8/2/64ktvt1d616rphp32o7pd95mdme4t0oR
deleted: 8/3/af8omb1jtgeoocem3q2tim45212raj8R
deleted: 8/3/dfqgi7eb92f1cc4g06gkrpvdklao40eR
deleted: c/6/cdbk8podr79v5pkcfuu1nuucnjge62sR
deleted: 8/b/590fpcs2h93ciptquh9p4hbptipqvdeR
deleted: d/b/7fcalrhdf7qtsu46a665nhr92tordlaR
deleted: 8/5/banc9efniehubvk933qvb303ollrqcgR
deleted: c/a/49jfjc9mgjb6gksnfd2sk0q704fc41oR
deleted: d/b/cdgh67ng9s8celioqbs2h4i6f1iftisR
deleted: d/b/9650sc4sa5kiq21disg51banuhtl9fuR
deleted: 8/a/bdheofh47nonha38rr21c22vhamp97sR
deleted: d/a/bc71vu0s5slbk0kp6j6iioochlb45a6R
deleted: c/a/d6dtuej5af4d5e9ki86e4hej2jluq34R
deleted: d/b/b6j8fboru4nruh4c7c5rhtnspa72kooR
deleted: c/8/161899qq1sgn6783p60cp7pi4rg24heR
deleted: d/b/946dpq18imvlsbcad5jl84oh7i4vuoqR
deleted: d/a/e1uuat568hrvfkqtn24pah0vm42oksoR
deleted: d/b/e3ni1qtvc1q8dgtm7ijpd2rohid8jdoR
deleted: 8/b/935l9ftk61fa2vnfub7funujkgdsjlsR
deleted: c/a/b10qqnt8s29h4ak8vsdu5fhvoqpg7h2R
deleted: d/7/7756p0p89ko53fjpi9lovdrfpqvel32R
deleted: c/a/f03bp68o2g6pv5uk98eo0gsm01vktbiR
deleted: d/b/3cvm9kaooiqq0am2dkva5bvvn251cpmR
deleted: d/b/de7l65q4fvjrket3o9ppgtdga7f4npsR
deleted: c/b/042vttc9f9568qakhlo7odpdvlagrhgR
deleted: d/b/e0g2stjon46f9vrcul8a4q0j9k1qltaR
deleted: c/9/2cb82lqjsqlsp1aav992rvlsvpb70jiR
deleted: c/a/eb81mr2efs1u810je4jotu6k3k4cbcgR
deleted: d/5/51j37m16l9lcvv6cipq2jips2d57k50R
deleted: d/b/5ckvfuntjvac8jfqq8nrht98thj2118R
deleted: d/1/b5v81637s61jao469663ii37h89nnhiR
deleted: c/9/f65648gu2tqgm49hvg7ieb46srlr8ugR
deleted: c/a/ed05ocgu6nqnrs83c0a1gf9sur8tdqaR
deleted: c/0/cbf23c2dqhjl29fkj7dpd201ilg57gqR
deleted: c/0/6a8t8r6rtsjug9nua2veb99noc1nh56R
deleted: d/b/b38tu3mnfgbcrppfi98jsef6m7bs61eR
deleted: d/b/cd49ka6dtjtltdin0ttipboqf5pen28R
deleted: 8/b/657plms06gt9k3qj1l1th9ijvejp68sR
deleted: c/9/d0h30sglti2fci3mu0b6i3cj7ij9vh8R
deleted: c/1/8f1t8ids58icqvp76g7935jh94vfbkoR
deleted: 8/2/7cqia8jlt3640ekc8ogffboi9dv9f2kM
deleted: 8/9/63fefumf8i62oj5nm3irir19c54p5c0R
deleted: c/5/e4uoccprv5s5imsbg9gd1571alucpnqM
deleted: c/7/accsbcv8ln6ktcihb37bcbtnolppqsuR
deleted: d/b/43ldsmv51p19tbvjvvjlgkpk8969h16R
deleted: d/b/b0dd3bdeopsdrebvdtjpjl4oasig2gmR
deleted: 8/9/7eis5paurs1jk2ofp5cdck9hv1l9uvsR
deleted: 8/a/4am9en19of6kbq5hr3d235ruu4li2veR
deleted: c/a/96boh3cpo5f4fovprbrg4mu58s55540R
deleted: d/b/46ukqatkte4gnidc2qik4jbb36c00qiR
deleted: 8/a/c42uqbibm044lr6pajvsdb8hpktiu20R
deleted: d/b/9ccrgiu7291fgu791h2m8g4klaubod8R
deleted: d/b/2cn1fhiu8b1ipfodqefqc7td3t7t3fuR
deleted: d/7/84kjm52cu2quccgl17lvg8rt7i0vcuaR
deleted: c/1/6ceov4doe6hojmvbhjnjo5jgb36r2tuR
deleted: 8/9/efvvja1s5pencv8mh8jgvu9djchaghcR
deleted: 8/b/6eu7d53ed0efk8d9b6k845qhee4d5piR
deleted: c/0/16pk23mnmughessmg1u3acjr6j68kq4R
deleted: d/b/dekaq6flu1mn4il0ora3eqforl81n2cR
deleted: d/1/adpc1af6n02lt29fpkbk178t6s07etoR
deleted: d/b/01lb5u5653o2s587es88hbp498upj18R
deleted: d/b/03llj1kd2o8f9cosga9ip00ak129ku2R
deleted: c/2/16m3brml0ujchrnoaln1h67h35ok5caR
deleted: c/b/043mp3irlblh4ppnbfudrshq8menvpaM
deleted: c/b/395ljho5gqit43fuuafd9n981j2o7egR
deleted: d/b/556qm4nsedvfflvfm29b6bcld9qhuccR
deleted: 8/b/6dd1p993sap7dnsj696rc1d17eo3m2gR
deleted: c/a/c0hdbs3cn3a2nrlbjkjvrauk8r2h56iR
deleted: 8/9/3burm322d8rodqaim6s4p8uoemv5sf6R
deleted: 8/b/63p9eilof035a9nmal6ed18ukf58k8qR
deleted: c/8/f9vgl416sv6k16rkg7k5jvcls4gim9aR
deleted: 8/b/3emvepdoks91520v4tkaj9ggh6oon10R
deleted: c/4/f74sg3se028flpjscmv9ulravrr2t9eR
deleted: 8/7/86b5op8gvd23p73qh980qvupn862bsqR
deleted: c/5/9bbb05h4qnmnpjmud2jrq59cebr5rs0R
deleted: c/2/3e8vhd2k8p7los9sj32fl3t13730732R
deleted: c/3/7284j9dlbghosm2s55sapf2j241pepaR
deleted: c/6/15stpnr2fsr9v10t5o10luei7mvgp6aR
deleted: d/b/d56nsrbkq6dsngliu759sibjlgg2cm0R
deleted: c/7/98knbcag7iu5b1emsma9ipphjgn5g44R
deleted: d/b/db85cklo5dujduolk32ndvngiq8h0f8R
deleted: c/b/20ernahbog8hk2k42kbiod7vtoskljuR
deleted: c/a/d37t02sq65u2sfe3uhd1216a7s1dta4R
deleted: 8/9/adlug98h9aktn0qsv4oq6b3qpqp10m0M
deleted: c/a/fbro9h0r2qji0ia2niqq8ah9utflihkR
deleted: c/b/1fm35rvb4f0lgkp2vki6tnjnf0lrfpcR
deleted: d/b/21jp3ujsbpe97ihb40qis2eedantea0R
deleted: d/b/08vg3qo63id2t3h7boftn2um4a3vo2gR
deleted: d/b/3bjej1ansq7r81f2leui0nqp78bbbduR
deleted: d/b/938plssr53vev03c3j4633os6gavncmR
deleted: d/b/515hgd1q2bskt2194tvc7clkd4nngmoR
deleted: 8/b/7cv4qk292pahom87mv2gpa1mpnbs7e2R
deleted: c/a/b7c6q7h446m4n0j9bi8mjuqg7nmfrl6R
deleted: 8/b/756vvqsvbmnkbeulvo3icgt3m06iosuR
deleted: d/8/5e6jtaua9lh2j6or9ed9jms4d87gsq4R
deleted: 8/9/89t2gd0c79kbs93fsnborg2kqgpgfe0M
deleted: c/9/4eb611f9s0imeju8levm27jqlfk5nqiR
deleted: 8/b/8acc8deh53omsck00r7kmkf1mk05f0sR
deleted: c/a/e0t9k30ss7mbqre5ckjbda15m9clcsgM
deleted: c/a/eaonollu7j66bph43lhfn97kh31rjukR
deleted: c/6/f15pdf2ut0qrkomkf9b0elugnec0f6iR
deleted: c/9/7dsolqehjefs83o8ut5irpafs8fd6reR
deleted: c/0/9acv0lhq89ikovqq14jg1sgahs45a24R
deleted: c/1/d3j2sfsa3s4o795fmh27727bfvv91laR
deleted: d/b/4cv2t0re3onnqvp6a05oe7f3q7rmnsiR
deleted: 8/1/6berrvvmfstb7e6nrbupkjdsa1kb9kcR
deleted: 8/a/60p1mdnf4nvtnc4m1vf9a7tumv8pp86M
deleted: d/4/cf1lr7ja7proo0etbtve7rlmdfbf10oR
deleted: c/9/ecc4al8nkcqptdn9o5tq69efkoh5m8cR
deleted: 8/6/272h249d7aidu85llk1hsf8fk3rct7aR
deleted: d/7/619d60g0lm2bhepsl1c3jpkc7dj9870R
deleted: c/a/bbptsnnl42nsc0842kqbcr8eud6apm2R
deleted: c/a/ffiknuh4nsvvmo7r9ulgrln0qjsg5qqM
deleted: c/3/9em3ru4r6gam23n1c68s3ietcgaggb8R
deleted: c/a/07iu3t98929mvhd488pct0ut9r8arpsR
deleted: 8/4/c5abutpi9aflmvks4vq2hjh0fr02u32R
deleted: c/a/e1kde7hdgsaudu7doketkvt6bktt5oqR
deleted: c/2/716ck3tnd3odh81ipvmnrto5cj1d7m8R
deleted: 8/4/bckv29220opqcmutl9s4pugkkj26b0uR
deleted: d/b/c5dln06i66u8kga76kqjdp2h1bnjt10M
deleted: c/a/b1611ae53gbqvnqfaen3qognqrq4o9qR
deleted: d/a/f931smrernb4d2k27oq40pi5bith25aR
deleted: c/0/2d8f5gac8cv3aei3idj7oh4r5oged72M
deleted: d/a/edarjvo7dc83pv6tmkjp52b6ovnl3lsR
deleted: c/7/2bvuj6c95g015hlegn0j2f52fs174tuR
deleted: c/a/c3o5ucprubvlk9j3cg66efn9ss52g1kR
deleted: d/b/452a1gktt45r5nl8tgaf0hugo7tsaqkR
deleted: c/9/4e3aqght3suhph3vmi1q5hiqbc9hoqsR
deleted: d/b/75k8fu04rd6a6m6nn8ask4hb43lbugsR
deleted: 8/3/b1dejrl5v795uh51meublmvl2k6hhlkR
deleted: d/8/aaa0suf6jtl1logs3l4s1uvue097mu8R
deleted: d/b/68a2p1r165srk685vpis0j2ljh84h06R
deleted: c/6/50bjsch3402s28egvc7eifl1osp3qr4R
deleted: 8/b/953cvp27uklnvah5pn15197453ek84sR
deleted: c/a/d7bf6foosk40tvkpoj0n99li8hfrc32R
deleted: 8/1/10he24s0uvn170ng6i0mhjs2snvnmemR
deleted: c/a/efeasug1lqoq25bo4uflr0bp8q927juR
deleted: d/b/08eff2h9b83fmsv022po7s393leqvi6M
deleted: c/5/d30g2rabf30k0f5rfkpccpoukfm1i1iR
deleted: 8/8/damsr93i8dls49pk19nrkfhalvpnol4R
deleted: c/4/32f1fdpug88qc9rpe1cmrqiparbdtskR
deleted: c/0/fc5qbgdqm3cjauj3dj1526e2iklms0sR
deleted: d/b/1aag2ouuqlbjgk6pes46trda54s48mkR
deleted: 8/b/7cnsaul6p6hopekqickrgfb8g66phrqM
deleted: d/b/84gba2rhmskbgv7vjrbo5pm6i5o9658R
deleted: c/2/b5jtvdfl994tq8rp75q2fgtumkm7h5sR
deleted: 8/8/f93kij4jhotseivpich338go7h70vc2R
deleted: c/a/c6cf4bc67vqcgjg5sq597tk2orhujikR
deleted: 8/9/52uqpdct0ge873bfchdl9b7o0t697lgR
ccache cache size is 165Mb.
Uploading cache ccache...