SHA for cache folders (/tmp/ccache_dir) is '59184cb38bbe6edb45a326f520492fae68a96f2849332f2d2ad4b3a4139a5826'
Cache ccache has changed!
List of changes for cache folders (/tmp/ccache_dir):
modified: 1/9/stats
modified: 1/f/stats
created: e/7/59mtp02liec1djv7qph394j58stk2s0M
modified: 9/c/stats
created: 0/7/b2jluoqbioqug0l3m7i307bt15cfp2uM
modified: 4/7/69k5gsge7s3adrgse0v33m4m97l1i6kR
created: 8/3/a7g90m5rbdltieunp2ds97ankdcsmsmR
modified: 8/4/stats
modified: b/1/e4s884t43hau173n4b2gv2q880vku9eR
modified: b/3/5d723vqlamjtqf27ndbprtpjm78hjp4R
created: c/c/bfubjbtpl1j09b2p8v0k6ffmbja3nl6R
modified: d/1/stats
modified: 2/7/stats
created: 4/6/b0f3nojdm7dpm8d8gjqt1msr8cg29kmM
modified: 7/e/stats
created: 8/0/d8qvi6vol06s32qnsrtvh4bosgur84eR
created: 0/b/06g2iupj2lptfnb5mgppq61ltku29leR
created: 5/1/71o3qp5v32jefrepbg90nea4f457clgR
created: 6/5/95eqnb5clvbd7de5e4psjg4lhdp5ss6M
created: 8/a/4elhpk0hr15m8cr6cfafs1ial2fip0eR
modified: 1/b/07t7ut5nrgukq554cp7p6um1iep5jhkR
modified: e/0/stats
created: 4/3/3cll4k9i95iipsmn9mo77f1qapofs4oM
modified: 5/c/stats
modified: 1/d/stats
modified: 4/f/stats
created: 5/7/2eeepfc42lbtd7shipobnsg17qti77uR
created: 4/2/9cv2m11lisb99b4v72r7ass007mg02aR
modified: d/5/stats
created: d/8/8b5b5u1aft23angq0tf1157h3kaeo5mM
created: 4/0/a7pkqdl0e1iudmqqohvaf7m8bi2ajgqM
created: 6/1/9ec19b4brjms7etg0e7feu4trmkhtboM
modified: f/d/stats
created: 7/0/836udm0kavqjmha8akbfv4f6cm3hmtmR
created: 8/4/92ppprq7lmro9m2jgjqm78ls0frj4d2M
modified: b/1/stats
modified: 7/2/e2jfe1g5bl31crt4csuhoq7a2l884ecR
modified: 8/3/stats
modified: e/a/stats
created: 9/3/d4lt4rhaubqrsi4v0rub0nv1g3t4h8sR
modified: 4/2/stats
modified: d/b/dd0vqrl7um4c3g4ak5qcf48bqimbkvgR
created: 4/8/e7ep8ivjiapbfgfm25h3833dg77kbqgR
modified: 5/3/stats
created: 8/c/f4vfu7p9r7j8aam3b08ln2k08qhqiogM
created: 5/c/46objvo7b3pkov09014pmi0voj9ccriM
created: 4/0/ecsmpqno5h4fcpdg4e16qv2ncgopjnoM
created: 7/3/aftupa6r17mratcnuh7gritv9sfab1iM
created: b/7/4bm72jgf6tp8t7181r9s2e49r332fmkM
created: 5/4/0535fgtok28lgifv5evjb2ig1m8frqsR
created: c/1/ae6qdqnnmpa8eisgrnlgnvai7qp38bkM
created: 7/0/74njcfvjrv693477hcrt89ptt6lc53sM
created: 7/1/88567b4l6fs668kojb94l70lfghffooM
created: 3/4/d35oa6gcn5458qjv6a0eojj98lbn4e6R
created: 4/0/1074n0utbmphrms5upuu0q9g15cp8p6M
created: 2/c/19glt6qkvqdkdcvgtske5uulcfg78q2R
created: d/b/148jnbj23bd8pfmf69k6n8vm22622qgR
created: e/2/263m0egkhs0egs3jn7n4e7l7inmntdsM
modified: 4/9/997s063l4q1at1u6j67sjf97bgkjj3iR
created: 6/a/b9rld408t63bq6mac3hvia6rp307u0cR
modified: b/4/stats
created: e/2/316q94kufkbj0bc3fj1rbrifmmm92tsM
created: 4/4/d0625cronnkb3a8bj5d5755cin081toR
created: 4/3/811m9vdmr7jogtggbvv707otk78qabkR
modified: 7/c/stats
created: d/6/5fnceicv4cv5fc634uan8g8fubue5loR
created: b/b/cbvb5jm6locuma8gq1v069j4pcdal2gR
created: 1/9/b859uma63emsrilui1tkc3pp970js1sM
created: 9/6/f6j5bk5tmqoetbscl4vhob76u56lq56M
created: e/7/3d5aohrqkifcqcsislbcuoqbiu3jf7oM
created: e/6/2fup7s973m5epvvl6dmckc6uu5v1kbsM
modified: 4/b/582gk9c82em2ujk9v0q85q71rk6qb0aM
created: 2/b/2872ehrd4ekndu7cnbdcnk1lcpnken4R
created: b/a/ddck7gur5hnrjg3gm3v7riso96amnn8M
modified: f/4/stats
modified: a/6/stats
modified: 1/e/stats
created: 5/1/a9kj99d71bh80kjl59i0ruisgdn50qsM
modified: 2/1/stats
created: 3/c/b6qdht21cdhjqof8d3ljso1ulbtrih8R
modified: 7/1/a8frkfh032jr7tpk0fqe90jdk6gssp8R
modified: 1/5/stats
created: 2/a/3bvn88ktdp3mrtk7eg0ahca3e0ch818R
created: 5/6/71lh3tg1do1u1bb06bjmi6i40lnopoqM
created: 8/6/dcdids794tuopf84t001ngukn5o0cg4M
created: 5/4/f1lkhc9t0jm4a7hrs68cem0mhag5khmM
created: d/2/36anekfth9m63sjuib8ii8k6gsd53kmR
created: 8/0/dbldg8l72nscorfeiicncksjvi6qql4M
created: 0/7/52fv2hcnrad8nrg6996v19sk88f6qaiM
created: 1/9/bcqvr605i2ilboabfr5om9nca3n6pgcM
modified: 0/b/stats
created: 2/a/72mb06hce7k8uk8bugqrhtb548n78maR
created: 3/4/20j890i0tlohn8k8qq2f0h0f9foc1caR
created: 5/9/599k5h2el4ss4mk8i2kp59sk4iferm8R
modified: a/1/stats
created: a/9/f1ggi51u0u0dk8vso16n82i2bdm508sM
created: 6/3/39uji5rmel1hps6eul9r23cjihqorukR
created: e/0/e9hpskiqp2huilqd3a9ora302vleshkM
created: b/4/600jr338s81l4ner8h3g1kk378o9ptcR
modified: b/6/59pk7ams0ns782snjoru1phaju2a9bkR
created: d/1/623g32ai8242q8uv7sc62qvimo1jb64M
created: d/9/48gofnl3gpstj8pfhveh77eudjhvq5qM
modified: 8/1/stats
created: 9/0/4c3abboq9gi10bpvfc4v59f3rjnbbleM
created: 6/8/83gqg731i2l6uktu11i8874e98bdf96R
created: 8/6/06opu5pob9danj10k7l2kt8bcsiauekR
modified: 2/2/stats
created: 8/8/10q39t05mh8hdn11o24e88kqrtg3gfcM
created: 6/8/d1g700s0nt3tgol0a9d29boc30u30nsR
created: a/3/2aa04l58v3kihdj5ti2jdge39v2t0u0M
created: 0/7/8buda8j4hbk09jf6mdsup3a2djmml56M
modified: 6/0/stats
modified: a/8/stats
modified: 4/0/stats
modified: 1/b/d6nbufd0a07dg92n1usn2slvl3g30tiR
modified: a/2/c093frlocgi5cj03skac926sb3r2kuoR
created: a/7/aardq20rei3c1s3jbjj64s1amjdc81cR
created: 0/b/c2bqfo7dg4fd5kh0cq2er5rdt291rdgM
created: 1/6/88794h8s7fltqurjmj96gqskta8ghkoM
created: 3/6/cb2m1a9717v8f1o9pkhe5odks69i9pqM
created: c/1/ffjbnua89epjhhcr4ga078hfck2g1i8R
modified: b/c/stats
created: 4/0/94kjfko07dug32553b89nf9bu6psn00M
modified: 9/b/stats
modified: 5/b/stats
modified: 1/3/stats
modified: c/5/stats
created: 5/0/1cbt3m1re7mqhomfs6bg49d18tgs2j6M
created: 1/2/5bdf7en1r6bp7m7hul938eq79jm9ftsR
modified: 4/3/2d3nf47d8gt1njv49trenbcfm0im2reR
modified: 2/6/stats
created: 2/7/8envv5ipfu1pobb4468phbjmq8pii6qM
created: 8/9/0ffckii9hc34htknfnttas1js6d2ukgM
created: 2/3/813557usjsunhel06815i121delrt3eR
modified: 6/c/stats
created: 3/b/62toebg8243u2iu4bqoeqm4eitbhipgM
modified: d/9/stats
created: 0/3/a7vthdfd1qhkvvudp05ava0jfjpr3omM
created: 2/0/d3a3emjn087tkrjmeuhhu05lr1ljvq8M
created: 8/1/e5m17ee3ndac6i7i96rinrv34c7aa8sM
modified: 8/0/stats
modified: e/1/stats
modified: c/3/stats
modified: 6/5/stats
created: e/a/9fk4lqp3h713oube5lta60nnvmd7nqiM
created: 7/1/8456qdqvbudg9af0o19alsdq74tqo64M
modified: c/8/95o7rbqcsnh8svnv4hl2b9rfg9hr9vmR
modified: c/a/edl9q5uormf6pt2dfjstfmu35639nneR
created: a/3/8d7ndjqqrif2nf8bmrkeplgp7uslfhiR
modified: 2/a/stats
created: 2/6/c00abd9533qhd7urgj26b0ac72sgfheM
created: a/0/31btbe9ukb1cf6larn2a3vh6cbfa7ksM
created: b/a/6f4stie2k4e91bm5imm5ilqq3pnue0iM
created: 2/8/c3elrfv5361vkk06dppe236d7iob8kqM
created: 9/5/ecf6j7jbocjqvjbqlsfumbl4gaei8heM
created: 9/4/0466647dpms28km2uqnti898jic8c6eR
created: 8/5/606ku6amoso0v4j7sr9skd7pqd4ucbqR
modified: c/2/stats
modified: 0/a/stats
created: 1/3/12qppi4ut6ph5onnsb5k39028ibmt9aM
created: 2/b/47krk7cu33nsnu3ms7a5t3e33eud3kaR
created: 9/8/5e914iq2jglnd47ncgkd3d5h5gdhq7aM
created: c/0/6f5iqd3qa622ks4c62aoff7smt7u744M
created: 0/1/22r67kv795cbdlkhnfpm9dni6l5d61cM
created: 5/3/c1ofgpvrcuujp0dani008ctb5aoigqsM
modified: 4/a/c3sn435b61culqp7o19dmho9lt4ro0aM
created: 0/c/5boa3ub9c4q4ohq7jiesmir8nutvdaeR
created: 3/1/231qnr3dq7f4oi8lbt93bvjbk3mj6fiR
modified: 7/a/9e910jl5er9cs18kvm9m3cdtqqb79vkM
created: 4/0/2euletb6sv6mj7t5h8raprm4a9vqjsuM
modified: 5/stats
created: a/d/45ojk1tcaqarr1i873m83n5gkhcm90iR
modified: b/7/stats
created: 9/a/b05ji8joltu6occ1568jfut3rt34vvqM
created: c/3/89lmhfl91ctktqgp97lh4fqsqr3lsbmR
created: 3/4/f3maj385fav6juejqfqg3sbtn52fmimM
created: 1/9/25oipkhdul8q0v98bt9l3fmslvj0nc6M
modified: 8/f/stats
created: 6/0/c8c1rhs1dkjuikh24iebj5j8a9096uqM
created: e/8/62hdvn52mp8los4sgfh0dar6qvlt3eoR
modified: e/d/stats
created: 0/c/dd4iuv3nqf9an5l6sm4j5drindc8iaoR
modified: 1/a/stats
created: 9/c/7c87o7n2i3pbt3qlbrllvmq8ocoasi6R
created: e/6/53l83ofjjcih3mlftvuka4fig3g8jpcM
created: 3/0/406qn3sol0hl54uiemhigfbtrd12c4kM
created: 3/1/98kakcr4jmrtcl73i0lj5q2sbgvpd8iR
modified: d/2/stats
created: 3/1/64dijr5q9pv5pma23saum871hcrv69cR
created: 3/1/7c0kl09c3t2l5tqpn44986hod37gqqsM
created: c/0/01aumlvvqgug8jvlmirqntbd7etifdiM
created: 8/3/d0o9fl3ojl964t6bgr6k2es7gnvco66M
created: 9/c/5bfoa4s4t5maiddp2q6b9fn17l86c1mM
created: e/6/4efkqlptv6mf2idmi3m8rbjs7lr8d3qR
modified: f/e/stats
created: 4/7/29obfeq8lv1otnd9pkn7563oni5092kM
created: 8/3/01m4lhaga1hh0elmfl446o2uhp6pcleM
modified: 0/f/stats
created: 3/9/2833da16vlmjoj2f3a3mtpcus8ri140R
created: e/6/8fgvhp175nmehje7lkc1l11poje96dmM
created: 1/a/0c62ev00ak6kbmitr6uaueeh0vj9csuR
created: d/6/1bg6q4hlatgu5jegajq5u6kcrlcdb12M
modified: 0/0/stats
created: 4/0/5f9o90a0mfqo12cpjn6v766f60q51l8M
modified: 0/6/d47v0ces7cljitrvskt3h6sp2cjsdqiR
modified: 7/7/stats
created: 7/8/0amb4ve0mbkpfd2fma2rnhs8dpa4tiaR
created: b/3/c1i9t65d2qqojh01m21nv7kk6k2ttaqM
created: 0/2/742g5sbg0liup3oful9ge1ltkt62htmM
created: 8/6/28qmev8sbtc688pogurjfs93albk858M
created: b/2/c53fef9akn8adoiu0ca7njj2vodtomcR
created: b/4/618oit0f74v4hk3ls3dvh5opdj8vjn2R
modified: 0/1/stats
modified: 7/6/stats
created: d/0/24flti8irvtua5n792ctu9u8rfilmosM
created: a/7/6a3av4dukr8l9p4kp0q41g30mv1hgs8M
created: 7/2/85uvpqu4ehc3op5l4f3aiij1ufhp50iM
created: 1/5/f5i6snbivj1nnkmk58d1phl4n1agioaM
created: c/1/64gu415mfhnummm43ujc8656j9i1h36M
modified: 2/9/stats
created: 6/5/3bi2u682k9v953sqbbvsrpa0jmu5q6iR
created: 6/5/70201omkig2dc992fnj72bf0eelfp06M
created: 6/a/9175o61ogrkqp6i43bbelh08hc7p95iM
modified: 1/6/98jk22r0hj9c7d2r49d0ki0voj2ungmM
modified: 3/c/stats
created: 0/1/465nvdf9f0787kq5f3etkf25jnopghqM
created: 4/4/b8hc914une2bgmuberui33j1ambgau4R
created: 2/0/84aiamg7ihuasvibp5atcint3m019vkM
created: d/1/3c599v7flmjrdkjual7qin8adahfrdkR
created: 3/5/42t6im8i80507aallq5u4gp2b6ia6kkM
modified: c/d/5borndjh9cg3rpo7o6g7144t0b3eth4M
created: 5/2/c63ahqsoheu91ldt9d7p5c6iteru3foM
modified: f/7/stats
created: 3/a/67q4o0iusa4988mn88l4lr4k5hbiiuiM
modified: 6/1/stats
created: b/a/815os49cr5uoj5hi2g7fc4lplvlvq60M
modified: 7/stats
created: d/0/0d5o8i017c6m74omplne8ig0sdecmi0R
modified: d/8/stats
created: 1/3/4a22g8s8cjbp608dkrugk0ecpa4irm2M
modified: 5/1/stats
created: 7/0/93c7q3p6suil8iie2ds641ar5kik3ukM
created: a/8/d69dqt66sfui86oo7r5kcebu6og34kqR
created: 1/5/315cugtmlmd69thfa1gt07pdn2pdb86R
created: d/7/bbkbv0un8sr3gf7683u9d4iq6rhptu8M
created: b/0/1f2ap85i1p4p9cup2el3nn575k912l6M
modified: d/3/stats
created: 7/7/8dnqbnjh22qb1rj8gl1biafs0ltrdq0R
created: a/a/0d41ev2od35ucekdhe32fdokvop2f46R
created: 3/3/e132qdvm850rt3rts98sb65q46mvrjiM
created: 7/9/771tkbcqbaq9mape82vhd5e1phht9aiR
created: 9/3/37tbuvvl62b3kddlgdkm2gph6bha896R
modified: f/f/stats
created: 4/4/d65tjunhd5nflvkn8m3o8nqmaq92bh4M
modified: 8/d/stats
created: 9/6/c3sk4j5gju0i0vbgbv0tao217u6m3moM
created: 6/7/47uj7mctr75eq108dp6fjls17cfdoasR
created: 0/1/efp1jtrb791egv6qtu1cmmrchp4os7uM
created: 6/b/3cp4oh1ksq4mnu0dgp46mi6o0irk23cM
created: a/4/e618h3t0sft4o28uaqou0djn16bcqecR
created: 0/0/adafadml0pssm484birhuca85u5f4cmM
modified: 7/2/stats
modified: a/a/stats
created: b/7/9e9asjjkeabf1ngbet16qkosf36dqrgM
created: a/2/12qmuse3vpmf9qlc7ukq2goe4ooasmsM
modified: d/f/stats
created: 8/9/d2o32tt9nusfv6amp3fm69brvnp7m7cR
created: e/a/a5ln5le6sf79ogsnersf9mmkun80meaM
modified: 1/7/a5ocobmciotgqc5tb50rmtjt3km5f4kR
modified: 3/e/stats
created: d/5/bcf234aq76da3asm7l04iokf8nt69k6M
created: 2/6/41reih8rkvsspepb6umdgr2te4nnadsM
created: c/8/c3lqkphugqs6mep39vf46avi6skka48R
modified: 2/1/4fa0qcncs33kp3jhd4vqnuvbidec4lmR
created: 4/6/af3fki2o03nu602usmukabht720jt7sM
created: 9/5/cc903a690tgmmt7m8l2d1ojco9tj9fuM
created: d/2/70s3pn8d804bunnfkkj3lnvcpr7kpbmM
created: d/2/a5l8gove2u0k0hfs60h3c846mnauercM
created: 2/5/85fste3u2muup8iqi1blt8lmjf8kdcsM
created: e/4/a50fkbfh7b5ga76h4gumvptc19q2ku6M
created: 4/8/b32klkurb8h74hjg53esg7c7qaq1b96R
created: 3/0/e6bp3r0594kqloc36bc51r90neplc8sM
created: a/7/1f2n7j2oageelcag36homvhlfji076cM
modified: e/stats
modified: 6/8/stats
created: 0/7/8frnavlfn40najj054p9oke1o0cvqfcM
created: 5/8/28mvb6p594rm93rpe9ksd8qq8j953bgM
modified: b/e/stats
created: 7/8/d2pcdumshsfp3v23f3vqf15t5p2fsoiM
created: b/4/34g89aortac5cl40b7506dlhe9niaaoM
created: b/a/40k8nl89v8a44vq49pqtunq9n0pcqhiR
created: 8/4/36fs86vrdm6jket0145bee3rc34d83aR
created: c/9/e0uuvql74kebs52diacqghsam5bbr5aR
modified: d/a/stats
created: 0/4/f70iisvktegn9tdf491jb6875j6kf54R
created: 5/b/4enq87p5b5vf44k31a1nobuo2pkpr76M
created: e/5/b08cqm9iprap64kctfpgqvh5b860rjaR
modified: 2/5/stats
created: 6/a/7e7cljdufo429phdl702j40a1lj41k6M
created: 2/9/67csbcdjqoum1vvh57o85h111bpjnq2M
created: b/1/0c6ktjlod2jqrjnb2b12d7p5p5mjt8aM
created: d/4/eemvsms24reg72k80vb5bfjumacalj6M
modified: 4/1/stats
modified: 9/f/stats
created: 6/7/9ccds8dlrqdkjv1r3i599fn8rhu3kusM
created: 4/5/15vo924o7f4k97aaui8s50qq1tv783oM
created: 8/1/1f7e2b3ftar8i5d3ha01p1ju021v2dcM
modified: 6/a/stats
modified: 8/c/stats
created: a/2/1apr2e6g261oc9m1elesvenupfkmaqkR
created: d/2/36jospftlhivejrcpu0tassdpes04agM
modified: 4/b/stats
created: 9/5/74hk5mj4dgfn260i04avu9o2vmgk63qM
created: 9/2/76ncnv1f2uhesve9b3gqrt3810v94fmM
created: 9/9/507vraoopcsdlpj5m9lrghu361hgu2uR
created: b/3/d1uh7jtb72bp5pn50aeqm097h05b230M
modified: 6/f/stats
created: a/b/54clf2u2dn923bee270i3p3iammmaf2R
modified: 0/e/stats
created: 9/1/f0r87a6lr6vcvh54m5ofjgf80me046mM
created: c/5/452q91fh58g9lklcuts36e4m693m3i4M
created: 0/1/2at9jio1lkbit5t8nm267f01p6rrl6qR
created: 4/5/809fb5t845n6gsqc6mgndf9e9hu8egmM
created: 1/8/9f7adgub4j1uei0lfqq6jfo837pujdcM
created: 3/8/6289nopjnk1qriiq7f7n5us2iq6u228R
created: a/b/8da6h1irinn208ld1buehs9mr1igp9sR
created: b/b/80fl89r18l5bra3fs545lvqcenm5vo6R
created: 6/b/54rkrsneafmsn8jgtqufb1t9nfdk8foR
created: e/8/8d85q1tor07f15p2li0e0iuo4bet1oeR
created: a/a/b6krc19m795vdlrohoj7dia6i06c9h0M
modified: 0/3/823kki5gdi4v5ept3ic969cp64ilaaoR
created: 7/8/24cl54e29115at8tv75ebvbm042lrfaM
created: 1/6/f6gplnorea2e76qviknh1mqp7ci2gpcR
created: 3/1/67prgfu97vvrntdh519besli2a9kn3kR
created: b/3/9blb7kpp4fqjih7dr14vd4g8i4qkj1kR
created: 4/2/e7e5vn5pd40pivbq6p67j9no9h3k1p4R
modified: 6/3/stats
created: e/1/e3sleg3dpfeijc50jo32dmrl4pl5stgM
created: 9/a/7d5v3in9cfo9spjp4p7f9scl78frlf0M
created: b/1/debf43n0nlsk4pu0ogcihsugb81jhsiM
created: 0/6/fcsdrohui6u31umc5t1e9pe7q0onbr4M
created: 3/2/d925djq8kmi3r5fjnp101piq3gov8jaR
modified: 7/1/b4e710bmuuj5mhhl92aeo0712j5r5l4R
modified: b/3/stats
created: 0/0/4ff6pn5l78bbcom8i65dk25ond86tu6M
modified: 3/b/stats
modified: 4/9/stats
created: 5/b/d62mn8h7s6dq2hocf58iapigitk7igkM
created: 9/0/bd86acr5dghagh5t3f5lc14kc4qdhveM
created: d/8/cbth2gv7kbl3li27ndc14boegoa8h9gM
created: 4/5/bfqdb489a13ve74tjuvprh0tvsgbfloM
modified: 6/2/stats
created: 5/b/9cf4vuec76fmhe6hn2emv4t0r01il8uR
created: c/c/6epb8pmecu7dfm13e32mummoh6s2g48M
created: 6/6/edo5v4phbjb9p66i8ikog23v63gqatuM
created: a/d/136vavslfs4n1c77ro2gjhiev13g64sR
modified: 4/9/d4g2ghpghf6jo0a8noqc29i5jnb0l4qM
created: b/b/d4de0t2qgri1di4kv0o1cc8e8ifsv04M
created: 7/5/a4gmn2v9q19bdevkakf5djoofgc2skcR
created: c/8/06670jvt0eajbkteijbp0eiag88nn3mM
modified: 0/6/6b07oc95bbt8bbc070voclu4e9h4iseR
created: 5/1/a00fm7ejl1fhlptvb50nfpm910b9p9oM
created: 6/7/f5iuk1ar1lo6k0vh3cjgb4d6l82e078R
modified: c/7/stats
created: 0/2/2b4l37ojg8dotong08po2rn9n18pe32R
created: b/9/b8pjpvqovg9m1g5knunk209j6s95fgiR
created: 6/2/a3koj04ujcaqfa92irrdv7eecphn39mR
modified: 4/e/stats
modified: 9/d/stats
created: b/a/7b9ka5h1b7i5cfl13991tek4c4n8d4cR
modified: 5/f/stats
created: b/2/7365olftk3il2sk9a18up5cn1l6j1vaM
modified: 5/5/stats
created: e/4/45mjg32rro3njkfasnnr2oc74n8fotkR
created: 3/9/80fv05l8185rrqfmt5vi0d34dl49lo4M
modified: 0/3/stats
created: e/0/75c71rniatccbveg25hqv81miab35jmR
created: 6/8/11890oadb1gegruqqfljkjjitqms3daM
created: d/1/91s2tkl965bm8lges2gml2vsvij3akmM
modified: 2/8/stats
created: 9/0/4acm9rj7s2mac8q5hv4bs0dasb4te5sM
created: 2/b/0e8lu3bofs1lrs3a74kpphps5s0je5cR
modified: d/e/stats
created: 6/3/50on6ja9ca9tt3fj995ifpmnkbblo0uM
modified: 4/d/stats
created: 9/a/b0i6obebi9e6pjsi0nejh92rmavc3veM
modified: e/5/stats
created: e/6/43h24045h9s91upgbtg7ac5i80cq2ggR
modified: 9/6/stats
created: 0/c/48d53ck9rrv03kvu41bgiob9go0vdisM
created: 5/4/baqckrddck0dvdr37hp4ml7italaopsR
created: c/8/273mpdfvb337jl6vn2q3iquvrs27458M
created: 9/3/60ojm095mv6bu908ebijbmma16brif8M
created: b/9/2b057btqj6cvaf4a0qm8opa5pi5fch0M
created: 8/b/729ovqspkvcm99edhsgnqej7au33ae8M
created: b/b/b04vjqd95jjl55kuifk1q71odtact66M
modified: f/1/stats
created: 1/2/08ari673647n7kvmtf0h3kj456qe1raM
created: 7/8/0c9lnag41m9ik1t8jm3qao8pq8rlct2M
created: 4/1/fambcias456t09un9bd06rg1seqlq3uM
created: 7/9/352iafbnc81d6ebq1e6eesudip2fqscR
created: 7/8/5ah49trb1417rn4kl2vngdo2hmm2ndgR
created: c/7/3crrvoj0gro9e83p7drbsmvh7g6sft6M
modified: 5/0/stats
created: c/4/16i7o490ju37uh8509kahu0htmqiiloR
created: 4/5/a1l4ff50k79s4e9f375nuk54v07joamM
created: 6/1/cfhglledecr7896r3l9ro351g1vthl2M
created: 3/6/c34c2jkc8v4ieb3luff71as4h2gqcnsM
created: 5/5/7eno85d8jp1l82fnageev2q1nqdmgu0M
modified: 8/e/stats
modified: 1/4/stats
created: 4/6/52l8dl93b9up5olj87kvcaivmqe9p86M
created: 6/9/3c96ng0d6c3umjip6ibl2dsm5mmpb8sM
created: 7/3/4b6o5nckt25g5p063e26gs011e9aaceM
created: d/3/a40t39ij101hnllhu4njvj4ucrmk08sM
created: e/4/85ibffi8008odtbb2lm5dldi92sdqgqM
modified: d/7/cbq2fbsdbgkbjem876rgd5ao4lv920oR
created: c/6/21hoqgs71q8v35r51dl3o87s7uti3usM
modified: 9/8/stats
created: 0/4/8chc4ln0ki0op8k7k72ev9jteb18r9aR
created: 2/b/54r9f72qnapubjte7483cj3hm63pncaR
created: 4/7/3f4o2ge53hqid1uk5ffmn21plabok5mR
modified: 3/1/stats
created: 4/7/0d2n1nqjchehgjihka644vkakc09tc4M
modified: c/d/6d5brs9igavujckbk0jvohjudelu1ioR
created: 1/5/70ejpih4hqlj5720htd9nguclcerepmM
created: 2/1/f2m9fmlflp7nrjf7l886jgbrscvf786M
created: a/9/1f5f9dr5337ndchsi1rnl8vqahene82R
modified: e/7/stats
modified: a/4/stats
created: 0/c/dfhqldrno8ovblq16vkesh39tkt3p10M
created: 3/a/9f3j2omdebtq6rtupi95qppanmjg7o2R
modified: b/1/2bpbiba1feuo8a993rcoa19enqfnk78R
created: c/5/37lc1qpn6ver0i2vn6kba0jg3a5jikcM
created: 3/c/1apg54tsnjlc02ivr2jvm7a8uic519eR
created: 8/7/dbcf0s4d6ijogesf9ev9ccpp0noeco8M
created: 8/b/5bhvktjbq6onh67b5eke7h923i43hp0M
created: a/9/d4u444qvu7sslc4cva1c22q3p0af5rkM
created: 7/4/6bvubbi2se5tcj70dccjkguc61ftvigR
created: 2/2/c2al07f5c80mfi28e1soi6tn95p1vuqM
created: 5/6/1bsc9rn0dm679habmve5fmbp00qoinuR
created: 6/0/a6d99mhjv1ku54bmg8id26ll0ns70guM
created: 8/9/0b47c3mnj5fobrvapuca8tut38ditjcM
created: e/7/fevelcc4fssrmjmi6532tqtkrkc5dgcM
modified: 4/5/stats
created: 4/7/2clvpjsqg0ptub9lolbos9sj7nfogimM
created: 5/5/f9oqi38r9ggfm25nra6n8rqcmu83p2aM
modified: c/6/stats
modified: 2/0/stats
modified: 7/4/2a97m34rnce03121g502vpf507lqs46R
created: 2/9/9bj0tvg423rh2sifcn1fetkmo2q5t6gM
created: 2/3/48uviu230vlf42t44gr116mst95u3pqR
created: 4/0/e31jp9ln2fdnfh512vg4758je6di7dqR
modified: c/d/stats
created: 7/7/81lp3i2enn92q5tngu269l9u6fpcq8oR
created: d/8/186002r9jpcfmi3n2ssshq6ebe693e6R
modified: 9/2/stats
created: 4/8/e4i5n9jbhghm67njm49dvmceffe0v58R
created: 5/c/bbf8mhom1u0v8hfiju72kqspojnv2diR
created: 5/3/c94dv3adbpnl9rj2mc31itadr20er5oM
modified: a/7/stats
created: d/5/a3l0i4cucglegljcmf2aq69ri5da1pmM
created: 2/8/cdg196jq40ljldbjq7j9tm2sqrtibqmM
created: d/0/e6c68s5vlufkjvvkc8u90m9tuu0u060M
created: 2/0/9a8f0sk9oo8r3cukbnjrko78n78ohssM
created: 6/0/c2qhapp9j9t0luc9flntedo03gt9rhoR
created: 3/7/1cedc7e9c0cidmn3ib8tgjrpjhmp6noM
created: b/a/ac74sj2ihmvlpn1n5bbrt9f8iivnl9uR
created: 6/b/78mjci0efmm895hhhqpebjs5mcd7v32M
created: a/1/44lgjqrgl3b0j8m5i44tumrmqj28ct8M
created: 5/2/01957v1vaocthqapanqkbut6k1a7gj8M
created: b/3/48a2livjajaaeq0kkbe02dfgjomvptuM
created: 2/2/024k7enlev7qeqecirev37shr3sjvk0R
modified: 3/5/stats
modified: a/stats
created: 2/3/36bsakgrqejid0o221ejn3j1kjet0sgR
created: 3/0/853lh0cpnvt8l3e936ebr0f3m2n9u1oM
created: 4/1/5bam4iafj06gdc2ppsot68rmdctun24M
created: c/d/2em4a7hg039n32ji23kqoshhkavibciM
created: a/3/11v0gvin1hhej2t9tfq8uro3gml0ukqM
modified: 0/8/stats
created: a/2/05cf9i78gm72j8v1ia4298qq05vvgluM
created: 3/1/19q1o8124r52ur62biahng9f5kcgqkuM
created: c/7/cb24pia7tgummbrh1cptfaqe96ll63oM
modified: d/c/26j0mtnsmpc0tfjajhftg08n9u86ma4R
created: 1/1/880gptnftrrdea8sqj1ij9p20mof4oiR
created: 9/5/f3r98996o9359ghn92bcd3k6dcdu7scM
created: d/b/b2ma0stcknca8ls9370ts1jtb59gu1qM
created: e/a/65dofsmmae41g2ssr2iiek7uuprdg62M
created: d/5/2ebdegprm5ore4d0rrregq9fkk606j0R
created: 6/9/b73mftqpghfcqmenn33i66kv7ntcs32R
created: 7/4/24k2d3a1321tsi66h57if5kqucga3q2R
created: 9/6/6aangctj4c2ae0e67tuicuaihqhc1oiM
created: e/3/c711gi5tr2b86ilerikhddv1b8aiofuM
created: 4/5/eeo50o9ueepg0r856h86n7rkbu93cksM
created: a/b/ddr3rs21ntr18g8bp5k7i2q9m2v1h96M
created: e/0/159ivr0mhfh1e49ko8te0rfpa3ibegiR
modified: a/9/stats
modified: 8/6/stats
created: 2/6/ef0rlm6m1pv99ludptsu6eqkkvgo6l6R
created: 6/4/f46k8qpn5tscjqm4rhf51796ssd0uc6M
modified: 0/2/stats
created: 4/4/16jstle8305qheqvj0obcolbsdnkb1kR
created: 8/1/49jmfilhl8tid2tjcj1iu47pbmo2bnaM
created: 4/4/09t806ed66mjdf94s88c2lm5s7p70loM
modified: 9/stats
created: 7/b/1aklrfg09kdcff0tkthd0evup69c2j8M
modified: b/a/stats
modified: d/a/24p5uea6qgceahtmajckvkd450boireR
modified: b/6/541flqek81niirtq0rg7a1jsgtnm8vuR
created: 0/a/9b278g0k31j88g5gqs5n4h1c9birj8eM
created: 9/7/767cdinvt0v67m4ed5rjjfvr13adhheM
created: d/7/93g1amfcdn2t6uigasg1fb5obers2dgR
modified: 4/3/stats
modified: f/stats
modified: 1/0/f5psm5j22n41p0dt7pa4chrkumqfaqgR
created: 5/b/dd3gqtg0g3t5f6e9p50cbd1vm6s9imcR
modified: b/7/c0e9vehquqvuu4ivvl2cb44644svkjiR
created: 9/2/edo0hnt64t5qamp0avll41aflfj9nveM
created: 1/0/8ed21g648bbg3nq48hoo8avgkb60naeR
modified: 7/9/aarp3etkbrs7q7jb4nln0s0j4l3d1cmM
modified: 8/9/stats
created: d/7/747f1doguomr0cmqm9cbfnfb91c8578M
created: 0/b/19drqi917rr8q5pv1b2u6pheonf9gd8M
created: 1/8/94fmuapk0b952oa6pvb1elh40snefocR
created: b/1/3dilrut97qv7d40gqbe3k938fiqe2h6M
created: 9/9/2bm6fm10f87cthhv49o6s7bjms7urcaM
created: 0/2/13roapnf1v25ocb3j7uajeu6k5730p6M
created: 2/c/3e3ajca4lnbqt200r2i1uc6lahukj4gM
created: 2/7/5fdumpu0tmrb15u72qfachp8hbj6cfsM
modified: 4/7/stats
created: 5/7/7e2e7u2mal1cmlbtlk92aih34ntlp84M
created: 2/0/49pea70hjkq583sm45se1jq0thumuj8M
created: 6/0/a84fi1fs2b9lb0elvv46gr4hudf5ujqM
created: 5/a/bfgt5d6imr50iih56a4hubhu33e41niR
created: 9/0/31p8qtt0fg6lgic367314dvstkcc59gM
created: b/c/275g14skscg1nbuqqf97tg11cn13rgiM
created: 0/9/eeg8opce3cn1v1fi99o0f9257nmqdmeR
modified: a/a/f9gnb1043s3588q1rspj09kg5447h0eR
created: 3/9/08k42lrj5bgjg20rm24c35mi9mfv47kM
created: a/a/2bm254l7j5ii6s6eqc8boa434als8kaR
created: 3/b/51hlgm5bcfl7de0m6vfl6n72fooo1puM
created: d/2/aa23aua6s77kub492kkt6olu915jt6gM
modified: d/5/61vg98v651oiuvmceadfk7ijh8i58gqR
modified: 2/3/stats
modified: a/d/stats
created: e/7/913c4j3qm1uj9prfv7fad4b53ie3llkM
created: 3/b/28o7ok1m0dql3m4hjb7ep1bhl69dcl2R
created: 8/3/0249hjjkqa51bskeb05mok0e7rsprguR
created: 8/a/f143qj2edbpik5n47vln4km74taumvsR
created: 0/6/dbhipb3j9c0eiltln0vfng4vs2e6jgiR
created: a/b/775g1r8lpd9g7omiok2pqp34cplrnduM
created: 9/1/9fc92l6g8hli4aoldr7n7lj35gmapdeM
modified: 2/b/stats
created: 5/0/c353v7chfjqjjp0c07v72ogp7id0eaaM
created: a/a/1e1pds5tsqps223icfkm36urd4iv1ngM
created: a/c/26v88h03m1eihrojamnu6s1ru16i42uM
created: b/a/b8lndtag8m6me845kp65fidrtre1if6R
created: 0/7/5fq80fupqkcnvhnar6ssne4cg38701aM
created: 2/8/a0td1bu6g9liaap3mihodiabvhjmg98R
created: 1/c/9c7ffirbignnsi6uj35vic585q6pbf4M
created: 3/6/ab6g6kljkd3bos3gtfrdidqsud9a79gR
created: 8/1/59k3412lnnj2oac560fevrgali9l46kM
created: 3/b/b9f2c6te8g1a4jbf2itqdnqll91cua8R
modified: b/2/12ce9k42nvr9lo57n5n2kcf3fp5cr92R
created: 4/4/9bu1k45p177llav9294kjfh77j77t5aM
created: e/4/492edf41fd1osbr16nujtpq1fm05900M
created: 1/0/59o0ksa5r6k050oiap2jk3v1nnsti5cM
created: 8/7/b2dio1jqf5aupeqt51oqqb2b3flrsg6M
created: a/7/1e1dcfg6ipvisi9fqi6cpeuemvlj3cqM
modified: 3/7/stats
created: 7/6/24v1qha785h9la2h4rhol9etmce72vsM
modified: d/0/stats
created: 3/a/c53aqp5dm3aanglh0bd2t60vef9pr3oR
created: e/8/69t07u9kpuponh0qlbc596n1r36r1tuM
created: 6/a/6abo1uioug087bfnsmvtusk7mutmuoaR
modified: 8/2/stats
created: d/0/eb20mlbrubfrf7rhnk32267f0vm3bq8M
created: 1/1/e2m9k5i4u00mc7lbq7gbd7s9bdp3k90M
created: 1/6/e555alpn1elomrlt46es6hslf844v2aR
created: 5/c/b8safhk6fg9hotun4o44br8kbf2u4qcR
created: 6/1/46mqndnelq59gldkrvptr7mloa3ruhuM
created: a/c/77qv72r6bh5rhsed3fqo5sv1lq27hvkM
modified: 3/d/stats
created: d/4/36f66379a9gdmikof2k8dk6t3ri8mcuM
modified: d/1/525qmut3fv6eg0puqvnbq30i2puugieR
created: e/3/dbmmd5k46979ktshcov03vag1hh8ruaR
created: 4/7/0flin19vv9qgqivfmbc77avsse6nv84M
modified: a/b/954nq91golsqhbr9ov21890a40l4rocR
modified: 1/3/938jkbev05jhpa9eei73i6qit9g2pj0R
created: d/4/3fn1g3ku6nkvv1kiobeeu0iuudob26aM
created: 5/b/4aobpoegl9qbginjbvfmcgur6u9sktsR
created: 9/8/9dqei0govmffrj196gi6rch6u2lbh5eM
created: 0/1/cf7sla77djsgmep20imvjmqccfrvk6eR
modified: 1/1/stats
modified: d/0/ebdgb326v7bhv75q5inbmm64flh818eR
modified: 6/stats
created: 8/3/f7k46oj7060lncsrp05gjr6ep1iif2eM
created: 8/8/acmtt3v9b8t2a7n12hg11lq3esnijc4M
created: 8/9/1elu5pkuml290hd2qg67d49e10m24ueM
modified: c/9/stats
created: 5/6/65b0ghla1shsnt6rcj5q744leoqdilqM
modified: a/d/56jkrecoj9v70asol1seag3dohm76k0R
modified: f/2/stats
created: 3/8/b675h48aprnbkoakou1mqe70th2coi4M
modified: c/a/stats
created: a/b/400c24k54ss3p3s56v53mk89m3ht532R
created: b/9/45lqdnr7l4r58ku38mns1to91t8o6roM
modified: 6/e/stats
created: a/9/68ol7sgmp9adu3oth4plsh0ic37kb84M
created: d/b/c9hmm4e6es8bc49mr0oct7jjcba59r8R
modified: 9/4/stats
created: 3/0/269hohko3116puf576nm0tapqhv8mdeM
created: 4/4/7efbtu108nnt2fuit3206h25healvkqR
created: 3/2/0fdn2us1m9cf67c7qbj36oapuss02coR
created: 9/9/ae1tcvtu1ggn1fs8gkuc4sckti5qsjiM
created: 1/6/98nihkogsqbj3sqmve4lh05ootpclj4M
created: 9/3/5el72cv1q3lsm4bnainlf0bstr60qraM
modified: 1/b/stats
created: 3/9/d981q84otng825kpndg63tbptjdstpqM
modified: c/d/593i0uk2egj84qu2kt6ljd8lo5gbkceR
created: 0/1/93t9dcbl3jaj3taqsc9626jdcnmlpc4M
created: 0/b/2631c4lgohkgf4jdmb7qlcvag75k55eM
modified: 2/4/stats
created: 3/1/8ate2bp3jbfrulk6db3ts2umlr02qlsR
created: 6/5/5cv1los82au3vkfmm52f81j7rrnucgoR
created: 7/1/44llckrv273dmtrc5ea4m88n97a0uokR
created: 5/9/bb5cea1kg2i80pc86mi69jiuhurusp2M
modified: b/d/stats
created: 0/5/80kb09lhbrd8hdv8j5d85ilodpav7biM
created: 3/0/eam9t6vi2cash02l2j7ekjk137fc2bqM
created: d/6/78u1qgfpcvuook5u86nloh0u4nk6fs4R
modified: 9/1/stats
created: 4/4/0a7viondhd9sf1oj61oi3h0q87n86toR
modified: 0/4/stats
created: 7/3/8fvnpo83os7cvu6sgdk7qhcm56mocf0M
created: c/4/1cgvq6rabk1u9g2b5dlm9niq5dvbhscM
created: 8/9/c8gppp7lb6r0mv7ii0pur2odg0mbsesM
created: e/5/ff52de8r2iapqt0cvlcuitn4djg6e7oM
modified: b/2/stats
modified: 2/5/451ralbmscluvpig6kpgu35q7gu7cmaR
modified: 5/8/stats
created: 7/5/e76o4jv6en097lspcr988kjl93nv1pkR
created: b/6/6a0h2ss3445cdv664g95abmas5559c8M
modified: d/4/e3sm29m2h56coqf44f0jv9tthdj3cqcR
created: e/1/0c3i0jq7b5lhl8du35mp0iim4sqglg2M
created: 1/5/07dppje6sud21dttboj4cc52sjv1u96M
modified: c/2/35n96hvdse8ra9sbrh45quukno4ilvkR
created: 2/1/9cmgmdec7brfi0d84jd9585sqfrubkqM
created: 7/c/dbcfk27k5cijiohna0am8r3ebqlh5o0R
created: 1/2/c9na05p6gr6i1l62mra78ucc134m5buR
created: b/2/c3buf5hm9kfrolibv5glcsrn7rn0e7sR
modified: 1/8/stats
modified: d/b/stats
modified: 2/e/stats
modified: 7/d/stats
created: a/5/da5pp1somqjfdblcgjib0qscup8499kM
created: 3/2/c6hspv1l1gnlfsiu0kal792uj2kccs2M
modified: e/b/stats
modified: 3/3/stats
created: 5/5/20ua0djfjb24c8dr80tt9596q9r8qd0M
modified: 4/0/eambsdjd66e51656s0bbe1qrl5gimccR
created: 4/8/d3g9gl6udnmkf69bcsdotgg6h4ggq0gM
created: c/2/579jmnvkbqkmo89pm7drf5l97391if8R
modified: f/9/stats
created: 4/5/1072m9ucjgcqij9clepbg8a13dpq5n4M
created: d/5/b4arf9qebjfv0dh02if1ia0m4n1u28aR
created: 1/8/c1m2v87p9oij0ia75qbcf3n429m2r42M
modified: 7/b/stats
created: 5/3/06dc7q22trp3ne1iha4qh4uohi78pboR
created: 9/6/d3gr5cnvh35bfdc1gdp5vrr5mkkllq2M
modified: 8/a/stats
created: d/4/aadhpg8b16lh7s8s19pruk8buolamksR
created: 9/4/2109t40l1ec3i2knt9fveb51j5a9fbsM
created: 2/6/fa68611kuqimfrfqkgu019mm4itbaemR
created: 6/9/bc8aj0q48qsv3apmm0ji50j3b6achj2R
created: 0/9/afh2r155450q9li52fhcabkgv2gpnecM
modified: d/7/stats
created: 3/2/f4t1oa611tdfng3qqtoq7ag8hgjo6hkR
created: 7/7/0e7ctcrvueo2j2kmrjuql4r43jdmvcoM
created: 7/9/2co3sp914lh8l4ibsfsot6piujoqffqR
modified: 7/5/4cbvqkqos480sm8u24s216ntj6mj6keR
created: a/0/f2etteo99rh6bkdunqvc661fpnbre7gM
modified: c/1/stats
created: 5/0/c3d51jlqrlhi6lvupiho1ujeq0bnfv0R
created: a/b/66g9gqj29dq7heukdu665g4gqs368ecM
created: c/4/f3s8iikaaq67kngl8h1p5b0c78vcq46M
modified: 1/0/stats
modified: 4/a/stats
created: d/3/1aha1mr92ut9npsqvid91dfpu2d3d6iR
modified: 5/2/stats
created: d/5/5ecgftdof62k65p9coilnq5vbn00nr0M
modified: 5/9/stats
created: 6/5/2f9sfqirbg8djcnq9pt5q7gija4kuj0M
modified: 8/stats
created: e/c/a7467uj8lsiovnr0n3o4uaudp8jkrnoM
created: 9/4/c1d0ifakrpkgcrj96e8qafrgn0pic1eM
modified: b/c/54c1n7lcugd92n9bm2322d7s78s8e94M
modified: e/3/stats
modified: 7/0/stats
created: 3/0/929o86p1n9qumnhpa9vbio9b95kkpm4M
created: 0/5/8588ja3femvhq5moddgmika2qpgmkp2M
created: 1/9/01cv0pf266n87dsovlvrcaipt0n0ammM
modified: 1/stats
created: 2/a/f3er6t4g4q4qltbqkh3po9cbrv5g9kqM
modified: 7/8/055ma9u61pf19hm0ehtfg5e5kqsoqq0R
created: d/6/1buuiuq6has8v2a8tdobo9fet1n1lcmM
created: 2/8/b2uscpodhbrnkusav7611dviebm14beM
created: 1/2/2e1t95s07droer41fud5togt3vhuimuM
created: 1/9/acqd918scv1m09e7dp0opg787vpjp34M
created: a/4/a9s06s519dpv10uifbl1a8hf98cuh9aR
created: 2/5/06fvfvh1ovc3b50lre7a1jkcrrkg9omR
created: b/9/aeukdku4q3banmhdo5vaik13407tef6M
created: c/4/c5725drd6at1qu1c5htj0fimo86fr7oM
modified: 3/9/stats
modified: a/2/stats
modified: 5/7/stats
created: a/8/e3vqefhhd2bvds466vgorrjajhll9uaM
modified: 7/6/fbogprjh9cudj9c9upbo070be9lc97mR
created: 4/7/0eue0dmrj67q458dr2jemh9d3h69ht4R
modified: d/2/b9catndbgckgf8g53ik8pq1k7i1am8mR
modified: 2/4/f8aqg207q86d8a61e3j1rglu8b330omR
created: 6/6/0049bk2t41g7fouk1qjpaa64kgbci7aR
created: 4/8/9elqrec6tl24o63flba14dsjak185ccM
modified: 6/4/stats
modified: c/8/dan5mi8dl5bfulb2ds8ug2qiugr3sdcM
created: 7/4/4dqecdfq3s5ke3l7vactcbh84ucakj8R
modified: 9/9/stats
created: 3/1/3bvvp3t8lstcfpv105iv8au8d6eru10R
created: 4/7/39iqq2etjc0fdm5o38hf26lt9inl1hcM
modified: 5/e/stats
created: 9/2/07c7d2gir17ak2rn55aekm2abuag17sR
modified: f/3/stats
created: 9/a/35ergjoivpavppkh7qnh2chh8ncf8fmM
modified: a/0/stats
created: 4/0/81r8gs9biiemoijahvoh6jkulvorf1oR
created: 9/7/e6keisths91ijj2lb95r5lsjspe7anqM
created: c/c/2eks8vp9i9jhvrt6875jfp3liama2d2M
created: 4/3/dfvcg1inc27jged8pbofofql98c7cgsR
created: 6/8/e8unmfj944e33q3u7gpglv7ld6krp2gM
created: 0/3/0c7nvb6mbtmnnlcq914vuc2rm5td9pkM
modified: 8/8/stats
created: 9/8/9e901dln0id9vloajn7674k1hji7cdiM
created: 0/8/dbrkort4qp7rnectmcqijlrhungr39iR
created: a/a/d9deovsonc318uahn3ti3u3j71ib854R
created: 0/4/f5olloaakf2jih783brla2qaas337ggR
created: c/2/029fp2ogq3rud4691nqi67ug2fqko10M
created: 7/5/73das55m89tgrtfsc4oltl9lg7ol8fcM
modified: 0/c/stats
created: 2/9/6a1irba8rchrfsjvssi4f60i047vopoM
created: 1/6/6eooqdc3o4udj52nbrk6ae809n20hpiM
modified: 2/d/stats
created: 4/7/170v409m6saphccooqr9chbhkts7fbqR
modified: c/0/ea9cirrcc349s1qaqatcv4gs1qh4ajkR
created: 9/0/c4crna5adp52rikqmakanrepcgt81fgM
created: 5/8/3bl55lievfp9o6m0fgjarffvev40a5oM
created: b/2/fffsaf7b5r6o0gnf5n5bvfdvdlcvtlcM
created: a/0/2b7i42i6lnjpuoqrvcc7be9gutavdh4M
created: 0/2/46podgt9ebqlm764gcqlue24nl4m15qM
created: d/5/22ujg65chd5hs5b9tpd5lb61dtrpadkR
created: 2/8/9bkrvatqru8bties0khupcpnk83jtbiM
modified: 7/9/532fcbpinf44sia931efsf4m62m1l18R
created: e/c/b2d8u83m2v81nm44da372mka28nk0jcM
created: d/a/e72i0pk553v44299sli08brsbe1sl5sR
modified: 4/6/stats
modified: b/8/stats
created: 3/a/41akvrjaepm14of14i9ipgrl5m6vtdkR
modified: 4/8/stats
modified: f/8/stats
created: 3/3/d0cusg377nq1lceo85nipvo7rmf2b98M
created: 9/4/15ka0ch003d8cn0okqhk06food4lbkaM
created: 5/5/4flhtvump05r6pm9alq3u45ab6j8tg8M
created: a/0/fdbc8hci0o1t8dnsijdue8hq2o820v8M
created: 4/4/1cm2jpran1tu0b11rpjeh98nsf7mv0gR
modified: 3/2/stats
created: 0/1/5fot9pn3tt6so1dc74p7b1c5mo66h8qR
created: 2/b/f7mlfv2srjrrcidnr25logi8qpgephmM
created: 9/6/5ahr9vmi8flt6f3i1v3h4p474vdiamaM
created: a/3/88qbdi88ih96b9ufv6tofgekob7kc0eM
modified: 7/3/stats
modified: e/4/stats
modified: 7/5/1d5dgq0cp3idj32p4gpnugi6oo587o2R
modified: 7/8/easp8n1tbiunjohciml16pjvmj6lnugR
modified: 3/6/stats
created: 1/2/a1ljjkui2km4ujjpdp52jl3hpl4lmg4R
modified: 2/c/stats
modified: e/9/stats
created: 8/6/7fa76al0omjviohn4oc0i6j0bejqajiM
created: 6/a/f8ghbg2t5npguoou30cii3cbjc4e8pqM
modified: 2/stats
modified: 0/stats
created: 6/5/674gtcafnt5bfjadt9j7irtc19rel4cM
modified: 0/5/stats
modified: e/2/stats
created: 6/5/0fh00snaa3b9i74iniohggtr5f21j8uM
created: 5/6/bdti3itqv410gksq3s1l0s9811dle26M
created: d/4/efqsppjeb9udp99iccounld0nb7s9f0M
created: 0/2/9dcu410t2abfl7tu19onkkcrli326lcR
modified: e/6/stats
created: 3/0/cflgtlfgsgi7t9fko7o0ee1kgakcnkeM
modified: 9/0/stats
created: e/4/8ao0ssi3ogp35fgjk0tkap1rup0sg38R
created: 7/0/f1qj6seh41ishtd8hsrt3lrdsjb6rbkM
created: 9/0/a6dqt6fvltpiup7m05jua08tip1ri8mM
created: 9/1/c7kkhmq7jr4cpf704v2rrp3md6s1f9qR
created: 5/5/815nglubp0aj66nc8gpduk036e9gf4eR
created: a/8/9at5o79h69b5oigpmjtqddvsoj40t5oM
created: 3/6/52d7qok4agog27roel2457lsf565etgM
modified: 7/4/e8nb724vb55bt1f84atiav470grt452R
created: 2/0/c73jkj9j3rel8pmmpif52ei60c2qklqR
modified: 2/f/stats
modified: c/c/stats
created: 1/4/4eq814d95o0ijlv9mkjh5p8v1q713q8R
created: 1/8/5f6eulmi0e5d3k5b4gg70st2c05p70sR
created: e/c/cc8cgiok4cs0k3r132961stugn63fsqM
modified: 7/9/stats
created: 7/5/2ba0j45ivfjnk7si06hn16fubbgpuk2M
created: 9/4/a38skpmj5niatm2mammm78m7bedcqssM
modified: 7/8/50c9v4kumv5o52bjipa7kvrgf6787o8R
created: 6/7/5bbtgmj2vntnp6m9hamkqk038nknm28M
modified: 7/f/stats
modified: 7/4/stats
created: d/8/00qfdoj3umvmg7p5be50265d3og25siM
modified: 0/d/stats
created: e/7/fdott3bqkgp9nvovpavl2fdvh378iecM
created: 3/4/55vae12a3ao5nn53t1jok20thvj70lkM
created: c/7/ec6p1j88ujpjetsvok84h1k0sn7qfaiM
created: 3/4/ebcuofdt8ccb7jj82hn8sn40eep520cR
created: 6/8/0cd0on21eksji3l2schg2vthmkk24q6M
created: e/3/a3ss11ip259mhqtr2vu76dfi7ck7fo4M
modified: c/1/c010b95pt2cfu9uvkiqejgf977uu97eR
created: 2/0/782eklfskfthmccs8lv8g53co26qk40M
created: 7/7/1emdc8ijdj39a1dhb34k3a6hnsjgq8cM
modified: f/b/stats
modified: 8/7/stats
created: 6/6/15dcnqpj6lnuqgbegoaimtabie81i60M
created: e/2/aemtdikqc3th9e499p51u077jsedg9eR
modified: e/e/stats
created: 0/8/eakhj8b1b1tv940mtdes70hgsuqjadgR
created: 3/3/2b76imedg7esr3vb2v1h0il6pa09ngeM
created: 0/1/bfpfq3e211b51jth8k4etkr6hb07bk0M
created: e/a/502jjn8e0v5sui081t4m7ldc13j9bfoM
modified: 0/1/59hsbjcl5mk4hat2jh0sgongk76hfs8R
modified: 7/a/f3e119tm3s7i5r452suv89spb4cetpaM
created: 1/9/fe47tv1limf1srtkq3oic2ggmu0r0r2R
created: 7/3/a8t4tcei5rqclrghtbtcqn0r27r9rjkR
modified: 6/6/stats
created: 5/5/37490iuup4oib54hcomh04js1fn8ic4M
modified: a/e/stats
created: 4/3/4a1lhusjg83gcfc8ap7kefvm1gnb56oR
created: b/4/89802a454ibn975607drbc2bauu6d7sM
created: 2/5/6fh8m6i80s4jnfflj77u783i44sggu0M
modified: 1/2/stats
modified: 5/6/stats
created: 0/2/3erqvse71mm0kmk609ev0d5fsaoa9amM
created: e/a/a5rqonjn2b1u771kdc8h6n1avsf77l4R
created: 1/0/19pn76ootr0rtto8iee5cnuu73ulcqiR
created: 2/0/4d7l2q6deo2g2vvieflvi6s2dlat0iuM
created: a/b/b5r48m0o0t66rce551ebc1jt1mr2m02R
created: 6/6/56e6id9og4nh8k2qnrd5gb4qkaht6vkR
created: 8/3/71b4n5d10brbtr2t844ghs0fdr74pcaM
modified: b/f/stats
created: c/a/d0ohvrla2paevmlpf0fd8uv3iilibqkR
created: 4/3/e3ka7ja9gij70j94mqbv0k7u9envhm0R
modified: 4/9/754e2plifpqle49qu0mvo9nd7gql2p2R
created: e/2/ea7fr3idgdi7p8rf6g253o9vp6e9gg8R
modified: 0/5/7c9gcv6qbh9o8ukftqttfj4f04g0qcuR
created: 7/3/f0bvp8joo0niba45gi8328vavqljuj0M
created: 2/1/54ubl164ovamkbmq56s1s9eam8dlbq0M
modified: 2/6/914abe1vot0sj9ddd2j85aqom1c4rvcR
created: 8/8/e23ojuoc23plt1mi48t5ge68841tm6mM
created: b/2/06epg17as01129i61nd1nf8vqa6mu74M
created: c/b/47cp4uvdundgtr47juhrp4fiqukibd0M
modified: 1/6/stats
created: 9/8/c8ljqr07qj6joek305lpr62ng3b69ioM
modified: 1/5/8fp9ejo78jnsngkuadkv7u0ifqpatqsR
modified: 5/d/stats
modified: 7/1/7avl9dgkhpi15gvacfr7irsullhbl12R
created: a/5/0eihh3e58ji52a4jtl3pi432qdo7kpcM
created: e/0/d0cj78hnr5a4pqk05nj4s81p6i1lsnqM
created: 0/9/d2gpffquk1ubip7s2tilhho35j8t2tqR
created: 7/5/bej83mvgi9a1p8n4k38dttf67lqimtcM
created: a/5/7e4gcs1ggpgcfh2ep96vabh93jh0p2mM
modified: 4/9/91h6e2a8ml99cg58gpp5i34mkm42ufoR
modified: 9/a/stats
created: b/6/ac776ra2k3t4etpkgnkbipei952jr74R
modified: d/6/stats
created: d/8/a7j9bptio8ch87tglv3024t5eg3n51mR
created: b/3/57qtfsfjvbvn02uvhrfi7ivn2ldtthmR
modified: 4/4/stats
modified: c/b/stats
created: b/1/1fgftq35gjsas1n8arii7bhchu9c8miR
created: b/3/848pb2hcral84vp9ptadilrfu0fhimaM
created: b/6/25p2bmah6eurioc41cqviqf9b23bdk2M
created: 5/9/d61sut23f5javrs61i3omq31084l78iR
created: 5/b/f94aullh32hln0ik8bs4gp32a30qklaM
modified: 9/5/stats
created: 9/a/cccjc1om1bppmpv03ubr5gr9bf5iqp4M
modified: 0/7/7f6s9s3lukrsrjhuc6mb7mv8eevap2sR
created: 3/a/98gqh4gtlngna53mk8qfhbspq1ieu74R
created: e/b/8ei2q74kcj1g7a19s1eevdl9vo2dvmsM
created: b/8/d48ap79iic00mtg6e9m2r7b8f6ksod0M
created: 0/a/90561oms5a9ck0hjipdibc4kd6168b4M
modified: c/0/stats
created: 6/4/bdkp9eq9d8sqpk59apv9bocvvcd9rsiM
modified: c/stats
created: 3/6/fdrnppm54pt0260v5rfapl4c59simvcR
created: 5/1/96nr7r2o3chls8gpjel0lefrbi8f5igR
modified: a/3/stats
created: 0/1/ffk28gt3njbss8dmau7fhqenjmnspvsM
modified: 4/7/93j751ah6trm4ldfita1q4p48i58g72R
created: b/3/30urm6q0s7dfeqr4vidjs836jvhall4R
modified: f/5/stats
modified: b/6/stats
created: e/a/c0cg1qka8kdvusp6c0b801hbgt6e1o4M
created: 0/6/7d2omf6nc73ncnjnp891la42ttjnduiR
created: 0/6/416mpdu9gsu77je8b2qka62co9n125kM
created: 0/7/adtuq2cnha7qv7b2sg9n23b6e151fvmR
created: 9/9/ab5mq0aht54ni63ps4k6u4rv4tqth9oM
created: 9/c/81320m4r7hek65gnr8i8n8s6oqnqqkeR
created: 8/1/b18qs1p6ibas00vmrb9n5jqurl2hgigM
created: 2/5/be2d9m5jce46vim21u2kqe4ajjfettoM
created: 6/3/bdgrnp36hmichcfg8nd4eai905khn0gM
created: 8/b/c5720pibataulh46rfptl7tip8rtvmuR
created: e/9/602b3vmluc1sjoiiagc3vj518p3m9g6M
created: 1/7/a62qa7d8hni6qs975fin35qucgn10gsR
modified: 7/5/stats
created: d/2/fc3itkoqpnr243be7cbo3qcb0v8ec12R
modified: b/a/c1tad2trq9bd4makhaefvhal6dr5qfaR
modified: d/8/7b99dfl1u355mr3781m6e8akrphdg7qR
modified: 7/a/stats
created: a/b/42ojfhgt1j8vi0mfg40dn8sjs8vghu0R
created: 8/2/59c6taf4vdk3alg5pig2jcik9sgf2qgR
created: 3/9/b4c3btmr6lg9mc6e1r6vqkg90vja4p6R
created: 8/b/e5h9hcbjqudi44113kmot3qd1uen8jsR
modified: 9/e/stats
created: a/1/d4sd3stc19p3blf40rsop3baoasgieqM
modified: f/a/stats
created: 5/0/58iifp27floo2j0cf5pebof0rq1m1nqM
created: 5/b/3fp32kjq0ij6bj256kq76gjqf32f9pcM
modified: 9/3/stats
modified: c/8/cb1d0ulgildsb2ff4t58f8nqsgdgqdkR
created: 8/6/1cjqmik6r01lgt1ogc9548sqj84hbnkM
created: d/1/c6j1ghf95udlh8qf6c12rr6b2orp1fcR
created: d/c/115j01t1m245d1dn14se6c12vi16i7aR
created: 5/4/28g08agb77gpnvb0u28gsphos76q6daR
modified: 8/5/stats
modified: b/b/stats
created: a/6/0dlf0d0ibdm6pgjm5cpj3psn0e9k8leR
created: 6/9/7eho7u2a4i6410pctm2da5n052goi88R
created: 7/4/7bjerp74vkp84o2g2bqu0l0hhuu8mtmM
created: d/6/2daapgadq4edun39hbia7rt232rfeuaM
created: c/c/3a8rc1tpgrbfohli69q2c92en1mbrpuR
created: 6/3/d06qimfke2kdg9ct824ohgk07h0srbcR
created: b/1/9c9ugn6gg2fsm1940qqupcn8q65tr6aM
created: 5/6/fc3vrsgsa4qvh1tpdsrvc3nb2oflfqsM
modified: 0/7/stats
created: 5/1/7btis4a9iraf9tq553n2957m90mhrjkR
modified: 4/0/ddteu71vakpgp5jejaq5t3o18357vtoR
created: 2/a/5akkt15cbolvtodbvj5ebgof5ldeam0M
modified: d/c/stats
created: e/6/5ffqclbtcnrvb0ogsh1qh6edpfjtbhkR
created: 2/4/701n6h3iefn92jullbbt1ptt7o7moisM
modified: b/5/stats
created: 0/0/8eescgn46euk30tbi2ssrfafphhh9rkM
created: 3/0/2b7atvrn6m3scsi57bajroh79ui26usM
modified: f/6/stats
created: 8/1/d5t4tn76rrd24107l1jtji0ms8u25k4R
created: 9/2/08cb4n6b3j5usucub2hfshtv4ldrbjeM
modified: 1/c/stats
created: 8/2/37a81abk53mm7mteq17u2pjv164q6t6M
created: 2/0/966nko52cuas5p9g8dc8u9a8c11sue2M
modified: 3/stats
created: 6/4/e9uvk74e5v1opcvsulhbe3nh9t8tfvaM
created: 5/7/acdi2iureieolsl7ai3mt9joh4vt2nuR
modified: 4/b/0e5eg249svfddgdbho970bn7ek7vcm4M
created: 4/5/2eoe26kbod6t5hn55cbhsg7pa2vbbpaM
created: 6/0/03lscqndd6rd9sqt3k13betjll2p8p2M
created: 2/2/2db5k95o8sl9883kq50m7hfkr3g42v0M
created: 4/8/5ei5fa56jb3t479niue0jot2bqdpelqR
created: 8/3/d0r6pqt051hakbopl6r14sgq7hthsneM
modified: e/c/stats
modified: 4/c/stats
modified: 3/f/stats
created: 8/2/06o7nps5ktf9gfpcmsen92s6na0jjiqM
created: 9/4/45la16rosi9er3stq4n67ulk8c0lvdqR
created: 1/a/7c4ke7ibslvvt5hsetlh56053r118oeM
created: 7/3/4ffojdlknlgcu3j3gh0tq06pm1esdviM
modified: c/e/stats
created: a/5/a976c5tsn05bfj2990m372aj9a0arpmM
created: 5/6/cain8pb5df9u1td3ok2fdauois5u58iM
created: 7/1/9f9qvlt17qdf6khko2p0ovlphbjhagiM
created: 1/3/65q9mhkmk9cs1670rqo1jkb3k3c61b0M
created: 5/7/296i008ph26srv83iq6r34pm6ppmva0R
created: a/2/0bu33ohlmbojh8d4jlajebmu3dju63uM
created: 1/4/41e9igrlek9b4l73v395bqbbls90oa0M
created: 4/2/4f2m81devcja4ugac6s27nkoteocnt8M
created: 2/3/26cdasf64lgrmn0rn46nm6psu63c484M
created: 2/9/e3qcnh14ttd550ea88r3lj45ia4dj54M
created: c/6/2con8feja92rpd38934rvvp4m6p6j56M
created: 0/8/fe9usuke787qh33gtdt7eo04oiq07l2R
created: c/7/aet3os688mvkps422sspdj3uh327fbkM
created: 0/0/d0otbisc8sh6mmv8jh5a3k5p42ffp1cM
modified: 0/6/stats
modified: 3/4/stats
created: 2/b/5c661kp9fkok4e88jlv0tnvq6u8gm1oM
created: 8/5/a0g9qsl4ov970j7b6dnbgtn09a3q1imM
modified: 6/9/stats
modified: 0/2/76shcgp5hpqrq9kb058br5uqcrhir2qR
created: 1/2/81b1m6doh6q7vvd5lr1la65brtto25gR
created: 5/5/5c1n76p97f40ob8e6jss72af43iupnaM
modified: a/b/stats
created: 0/2/c61ub15qloche87n52h8cbent88j4t2M
created: 0/5/1brjma7fc0fu1j0kgifu40vunakbmouR
created: 4/d/e6lbr770072biud2q1tpi6ano2r7u80R
created: c/a/feiuetcc5vnimp7pvg988hohg3gt15qM
modified: 6/7/stats
created: a/9/8fe8tdgfcriqip8pl560m3vf3gmdil6R
created: 9/9/delglhjnsgm842b6i6smh449tmcasdiM
modified: d/9/813ukg1pdua1ptdseg9s22eh86dou9oR
created: 1/6/2coe0b80u6v6igsiu6vpv2ib8fckr48R
created: b/9/92jaricpdd9im8k5jvhd95m2i9ebbisM
created: 1/4/beun4kjgojk0dugjp285hbmn3np0houM
created: a/5/01kuqurlimhgc1uvqbibs915p918lveR
created: 6/5/a98eigbbmjqq0634ak46mdid9oe8fu8M
created: e/2/c0atnkj3j3vomhdng9bs3hetj3g28g2M
created: 8/0/5dsv0f7edu2kgi32oecagam61l330tsR
created: 1/0/c6ked0ck52cqarlat8hhj9281l6s25iM
created: 1/a/09fo35v4acnrqventg0nno8h2supc4eM
created: a/a/d64fdiq9dckgfpt02c7mdaditc4hbh6M
created: 0/4/5auv9siqjeehq0tjpr3v17pmt74siheM
created: 9/5/6ckgu4kinmvod3t01pv72e3b81l4ul0M
created: 2/1/8afccmm2n680hlsbr2ds2aqef7e4rlkR
created: a/3/ddnpl4f44n01j7inis10jaqu38c7sl2M
created: 0/3/0dpurr5l3oo1q9sfkgvbvtk1ojctc6oM
modified: 4/9/34gfjkatrauc6d5m05kse39to8kqf26R
created: b/b/07nnroc5tc76desaqgmh2vuv3ak9rs4R
modified: c/f/stats
created: 9/0/0bpvh4pvt7slhhccpb47k8ev7b93s7oR
created: c/6/eer98o4uds5oipf4db7ha6igj19iqhiM
created: 7/0/2cu47hrn6shlsdgg4uqebt6j2hfs114M
created: c/8/e715asecqs49kcg7g9afn0pmfoecm26R
created: 4/5/dbn7ggi5brhadjecrtb5qko02qrnj60M
created: b/3/eftao5m1ecagt3h1p38rivjh7826g38M
modified: d/b/ccijhikott0rr2177dit7e4klkkdauiM
created: 9/3/24p0d04l8pt48jmllak38681n56ims4M
created: 9/3/9at5fckktf98p8l1s38ivv00665akb8M
created: e/2/e34ckk04o8e31mo6dd8oua08ftj0rriM
modified: 7/6/70g37ctc3hutt77q405pkr7acbb2uamR
created: b/8/b5ua0lbduie40ihpnbbg3grjfhccn5gR
created: 0/d/03s0q2iv3cfpq5obfhqh50jgctq45jeR
modified: 1/7/stats
created: 3/1/11r45vjtdhinlkh4f5i8a4g1v5skri8R
modified: b/0/stats
modified: b/9/stats
created: 0/1/b80959hmqgncmqmaf5mka3m339ph6rgM
created: e/4/75g5ugkqr046u1pd63c6r3pkfg0tfh2R
modified: 3/0/stats
modified: 5/a/stats
created: 6/b/e6h6f6k64q64ucquge153psoj05eajgM
created: 0/1/19ocja8on3u9nfe4k0j4dh7c8vubducM
created: 6/b/32hts08ei0a6sicrui75v0drll7c0gaM
created: 0/2/73jmkqj3n7q61v4qj5pqg20ajldgvjqM
created: 0/8/619viniad9b83cc7eh7f0a60u34ft90R
created: 7/b/66tgph8dd0pp84lcmgdbgqqddc0sisaR
created: 8/b/f1uhf37bm68ndeai895i2saieu3o2deM
created: 0/1/9e97mqt0g8ngoerjqv2s8k44rict4skM
created: 9/3/48tca521ac0bunfs7u2mimes12trkrcR
created: 1/0/a2n8m8h2ie2r95p5u7gmhbaco38i2aoM
modified: 3/8/stats
modified: 7/8/stats
created: a/7/28hrh4t3h1s9uv40uqo39rac6i8j63aM
created: a/9/33ii3st1uc44b10gfggiood3ojatvpqM
created: d/6/39bactc2khb5jbhnbki9apj55f7btf6M
modified: d/stats
created: 2/a/63i339q5kaaa8ue71htjetr29gthobaM
created: c/8/308naakdsr1c9rvbcncf0ojfvoq4mj0R
modified: f/0/stats
created: 6/2/c1qrbiaplhf78fdi8t9teebk9o61tnaM
modified: a/c/stats
modified: 3/a/stats
created: 6/4/23d8peg6pej0j48dgq12hgmvb60n1c4M
created: 2/6/51d9s80a0p3mose9v6rhsua5eeptukuM
created: 3/1/cc6ecgknh6oshj9un917m1u3k8lgn90R
modified: e/8/stats
created: a/d/132ugpdpj9vas23l0ji288oujm71l40M
modified: 9/7/stats
modified: 6/b/stats
created: 0/4/f94nfg842pi6bv5a8qa70f3gsnv2576M
created: 8/1/acf18vjcuu3egpkav8r58q689h18fjaR
created: a/0/5e2fbnmh2vn7kuijt33qkkkgnbmpol4M
created: 0/1/c0lo32hp3o69ij7nve0kupdn4ndp59oM
created: e/6/6dqus8hku0b88n8afqm51l07nces9scM
created: e/a/2399ckhvp1mga9e6bn1sdqp09khlmfoM
created: b/7/31ul8v3sn450ng31dffij0bk9nkvs30M
modified: c/8/c9d1r6r711a87b9l1qhqa3na9be19aoR
created: c/a/c0fdhtdcjecmjfd4dgdvd8b72qpssngM
modified: b/7/22i70qg42bo0lemgeiu1fjchodiea90R
created: d/3/936m03jkvh5qmjudqipkrkd4ji2ideqM
created: d/a/919jb2d2h7uf9gp1947qmb86jqllteoM
created: 7/5/d1u0e17a9tkple6fv6binntrpi5o2veM
modified: c/7/042s2k8cj8p689p1slqok14ba0ss278R
created: 0/9/1eg3ff8d4ua91u4eqsk6e164bpsddh6M
created: 3/2/acmboo18egisj3drnnk0m3prgs15c1kM
created: 7/3/d8hodosulh3rsai2rda2nj40l5b9dj4M
created: 4/1/cdodc00vp69hg3vtq1r5ee122vtkvtmM
created: 7/4/bf45dc6gcrnnic3ctq41bpqqo7inlqaM
modified: 0/9/stats
created: a/3/5fc7a9ukll0krh3brl60eepn9thivdcM
created: 3/8/f818b5u7l4o7v2igmt3dhbc208setqmM
modified: 5/4/stats
modified: 7/1/stats
created: 4/6/b8qahpg8etsdfnnbk0onn9q7gnem4hmR
modified: 6/d/stats
created: 9/b/00mc4nvoitribkvpdaceu1r5njfcrocM
created: d/8/08bjo5pel5jr4544ate891cj5o5gv9gM
modified: f/c/stats
created: 5/a/89aait9uibk7bdce6loio3fhg832vi4M
created: 6/0/68n3j91skm1molb7bisi1f9lhim3e88R
modified: b/stats
created: a/5/c288dsnpr0mbg6h71cg20vgj2in1itqM
modified: c/4/stats
modified: d/4/stats
created: 0/2/57vdi2a9coikq0lhg0rss3nor2pp5n2M
modified: 8/b/stats
created: 9/7/a6kh588uin6oo0620lf8iuu2l79r27uM
created: 6/1/07eqdbnsse1mop1tk41eo792rq19jiiR
modified: e/f/stats
created: 1/0/fatrcu2jfijgs2vkbbotn60std2bohsR
created: 2/4/d2vp8hk69sjhi5tdu5ce4b50ojudio4M
created: c/0/3bk65hr844a3ivcf9lohtd58ilf8a56R
created: e/0/343qkt72dqd844okvgnqfo92emnobamM
created: 2/5/359k7bqlcf9oga2psj2cedv90786q32M
created: a/b/36uoejem3vblfvbrhq8m5g4pgj4qksiM
created: 1/5/c288s6kel64l2otn2lpibccnrj9i5tkM
created: 9/2/da3434jtf48u7anlomo3d7lh5s5ob3cM
created: 8/c/2fi2e4iffbfgt4jkpb23krddqf1uldgR
created: b/8/cfva5u5afpf4pp5pmhjff97l8s9bm0oR
created: 3/3/71ffnji01eife5ibab8c5g2clflotigR
created: 9/2/38amdklhqiim3vs9lu79voqkuis61vaM
created: 4/6/bel9adhno29ieg3ustgbbjval0kte5iR
created: c/9/b2airq1nvul18k2he1e6oa80padi6l4M
created: 1/9/00fad31tbls388rjc6mv6amrposkciiM
created: 0/6/f2rs3jr4jogsbc8glh9ki2akkoqcdtiM
created: d/9/6b5no728g1o3stfrlgkk52mdppps90eR
created: 6/6/e59sc1878mus3c2hpo789f3lbv9hhsiR
created: 0/7/bejcdolvejif5avetcs1qfm45nj63v2R
created: 4/5/b67kh86a6cssh2a3facbhp1kch79qemM
created: c/9/85kulbsdlan4a5v0is9a388q33pogcqM
created: 5/1/57fb4ea6tonle06jg1bvc0omgc2sdkkR
modified: a/5/stats
modified: a/f/stats
created: 8/b/c0ns7i8njki533lhu277d4tjjmm93jqM
created: d/a/8dp6sg5scjkm4f20784a4d44sn2s7neM
created: d/8/50er2gkbk4e89o926i9s8petd0d0jteM
created: a/c/2em03oaiihchjm7ppe69mjpml84lqpsR
created: 4/8/denfavbf0n0gvsnk4ieq1v3q3h30v7uM
created: b/2/dfv3f0s4inhgcbamqmccpcd3du7f6i2M
modified: b/0/9b4oa265vo5k6hgmgtn8ingrpnsj77uR
created: b/b/756rrrdhr88sea0k6ghs13oupmvfkjiR
modified: c/8/stats
created: b/0/b7jb8d6udndg4f2g4ripi9li1j3vfoqR
modified: 1/7/eftcobn335c5adbomfibfupkk0u0sk0R
modified: 4/b/c4u2kqve4ngb6bv5avst6br6urb6emcR
created: 3/2/ae66i8nfo22qetmvv7a7ih5p9a2mctcM
modified: d/d/stats
modified: 4/stats
deleted: 2/5/069kg10mar20rgoqiddp0a6bsof3ttkM
deleted: b/1/208qo1ql18mna55oa1dj422s3kvtgv4R
deleted: b/9/d7tj8ls6rk969ivr2lbgtn72c9ht4mgM
deleted: b/5/d4dkq7n1nquq6di3s600qdgruu8bhigM
deleted: 7/9/e6lgihpogog57tmd6t65ccsuu0r4es4R
deleted: 1/3/162jlq2vc97li6oghasd1edtre3gqo6R
deleted: c/3/3dsh9ikas2i423nbpkj8b5loiada57eM
deleted: a/9/c8ccakt7c0gi7qv7ohhpd8frnotln86M
deleted: 1/1/4c4kl8i4q7kj234apvjqvr06qqfjle8M
deleted: a/1/ebp97m2ldrb1bmmup8f2a7vv8sr81msM
deleted: a/c/4684f2rb7pp2qd7dgn57m25b9mgl2t2M
deleted: d/c/1652ipohu25at12469i8fgsqs2janpqR
deleted: 2/0/ea0086an1iaep593oukedn2153229rkM
deleted: 1/4/aei8jhkg3s65ofop1r2tc6be02sbnteR
deleted: 4/b/b0v5aggstmfof4h47h3dhoo19ccb8boR
deleted: a/6/8di0mpg08pe2q8mft5i5rnfhq0is996M
deleted: 4/0/ab331ico5a24q3q38d26qkm8drhkqhcM
deleted: 7/6/79vrcba63l12nmrtb0186imkqh2umhqM
deleted: 4/a/bd7uhjt4nkqu0o4mm7339elt4joepbmR
deleted: d/0/c2d1frr69p3akct0g8nkclrkvlmfg3cM
deleted: c/2/9el4vr1f3jc9l00mejtgj8p3udr7is4M
deleted: 4/8/ceah00jn7p819he1joedhufhgn9stc4R
deleted: 0/1/d7qedj38fis19e8v0jq84llnn529j5oM
deleted: 1/b/5dagojnctnjeadd2ttpii60qce027aiR
deleted: b/2/14v1c5o49eogl63epa732p44sdhacu4M
deleted: 1/8/921jvcrdloo0r9tm3s8b9f1scc79ulsM
deleted: 7/7/5dp389st0blf7va20t7mqoesaeb7ncqR
deleted: 4/c/09vhik6g2tjfk10f254hfaj551mvblgM
deleted: 4/9/53mh7lh1uso1s5809n0p83hjc7lbkksR
deleted: 2/c/54ko9pokj0372uvf94keb6mprap4v1iM
deleted: c/c/ecf3p71e8jq9477p8945o39vm07n50qM
deleted: 0/c/1doh0l1skcqcdjc6oiosmsvo4malkagM
deleted: 7/c/66oq8diljeqe3sp88lboag7u9jt468eR
deleted: 2/9/dde7th6tvbop3ob33jl14h6ktpqq378M
deleted: a/a/4cutal21bp0d9unju6re1al9st8m5t2M
deleted: 1/c/9bgku7a3ot6nrf7j8cktefk6ha6l1h8R
deleted: b/2/f4tibdbta4s140vn6baapgv81dmlblcM
deleted: 4/0/9eke39hc26qm593r98e8k8em9b9443sR
deleted: 7/4/e3g7ns68q4uctvqhoofrgniicostfiuM
deleted: d/c/3esugeb4o6uphr4dl3kb552196jb73cR
deleted: b/c/24fumoidseljb57pj07j2plpul0u362M
deleted: 0/5/e6v0bv65fql37fsu8aafop0rue7fvloR
deleted: d/c/34ru5qol6jl27tb8hvc5ovm65k76u64R
deleted: 1/7/bc4bi80b46c01esot4b7rp82hkfmf98M
deleted: 0/6/737t8pdjv502uohg42ndj5vd3akki86M
deleted: 0/d/5c5b4qo7jjp89vuko468q43vfb1ekmiR
deleted: d/1/edpniusvi21jlraijpdn6o66m05lqg8R
deleted: a/b/0d0pivrj8uvhm414bat20ba0q32j60cR
deleted: a/c/dfc1g5rt2cfcjiomjc3qmniqvjoqmtaR
deleted: 2/d/055jrptbgg4vepmuend1pfu0ogsbugsR
deleted: a/a/921ucplm6ubbt78a498klg3sa9jqmraM
deleted: b/c/44ka5hl119b6it3o5fvefg5c1bosu9mR
deleted: 2/d/21926u3kt78th5sm68v6nkgvalagqp8R
deleted: d/c/0dilicmvj5abt0oboob4e78h3qkakqgR
deleted: 1/c/0636g4mcvc472cp92375dg46ndknh1cR
deleted: 7/3/8bv8j0o5qbolk87ni78ovp2vbaulf5iM
deleted: a/a/66kvb9dqnb6ea2k65ouabi3s741fnrgR
deleted: 4/3/702hb5hd5068q94hfjr8of3o17th19iM
deleted: 1/b/efvip9891tp0c80e7916dapb00njgeuR
deleted: b/c/e0gehkokfq6ijs53di5tpv2s0d34a8uM
deleted: d/0/efkce0r91f4s929scslir1ek5bde3p2R
deleted: 0/3/72melosfj69a45t6pmq9hh22peehm56R
deleted: a/b/b2n5avflp8rhcvd7904ebth35uvpop8M
deleted: b/a/2b9cgjm34qpsrjct4n6gc2j9s4d1a4qR
deleted: 0/c/bbu0gsgojkl40qr3u5lug5fl2ktkia0R
deleted: 2/9/1bqjshie31elhjpf4gakeh44dr5grd6R
deleted: a/3/1b2qpr9ee1ct27vv4g9q1vg67nd8mveM
deleted: c/9/63cgu1e11sfacogu2qmhputclor7to8M
deleted: b/4/f85nbcj4qvi896lil4ghaihcrrqthdoM
deleted: d/c/2ee0lafko5qv92i98fcn144m48a8kjoR
deleted: 7/2/26maq6anhq374ff9ucj0m7p6kpo69buM
deleted: 0/b/a0d9g0910fkk2lefdbn2geufj68qbr6R
deleted: b/6/77dijg2ute7492tu499qf45p2sg742aR
deleted: 1/b/40u0tupvo4buuk3np0o0bme4r0r6ev8M
deleted: b/c/75fgcjunagkucrgiuuapffog4asct2eM
deleted: b/1/0d7ni2i8dhrnr7jp1sqn8rj9v4qvap8R
deleted: d/b/fc8of7u849ev6qorjsp6240jgs27o4kR
deleted: d/c/101mfshqufblvme2fu8r886godjg7dgR
deleted: 2/c/e50osjo9nn302qb45afra1iat5qs2amR
deleted: d/c/5c67d726meidsa8vafur9fc9jr9j73eR
deleted: d/c/45l47umvii6jtraqd8l55u01bmjcmvoR
deleted: 0/2/9cj4flatht6kkasprt9vcpe69vffjquR
deleted: c/8/165e4l3csn9dq50k83ulbq81ciupi7uM
deleted: d/7/a2qcq1u15gaige9hstuaop23ctbo9dmM
deleted: 0/5/8arhbc8ucuio6i4ark0h938rl53m866M
deleted: 0/d/27aahlul3emb6jaeriudavhvf2lr42iR
deleted: 2/c/eba61uje1eadat8e0bu3egta8r0ugeeR
deleted: 7/1/fdtg4tjoriu617siflreh1ojr37ve2aM
deleted: 0/c/8djvb2ls4n3gnd08ar4vgvmr6efu0qaM
deleted: b/c/d7b75sb8vp2g09mis8ak7i6vjk0g4j8R
deleted: d/6/8akrd6uk8uppf5n1kctfnuf3c0jjn78R
deleted: d/c/12ftgc7j95icnuvri9o3psu1b1at6v4R
deleted: 1/8/cavse54qok5bqm2vrugklakobids2deM
deleted: 2/5/fdhg667h06tnagb4vikjv5mqhqnub7aR
deleted: b/7/245m6k79584kb3n5l08esucmga1d0c0M
deleted: 1/a/a2g8vlf46kalkns0gculgmmbc0oeq70R
deleted: 1/0/b9l81bq0f6ld93rgu49hnsut37g475uM
deleted: 2/c/eenm9g83dtq0s1sfs3nsld2cm923jvsR
deleted: b/1/b597eg87h70a9gk46bnbmj61g3gp9c8R
deleted: 0/1/b6amdapf8lse4erpnt5r93hvoektlsiR
deleted: 7/a/6bbkmq4afd2iu9as3ck3b9h0a6uk9isM
deleted: d/c/28ugo9thh6pn9mkrtavodsmsdlfcpkoR
deleted: a/d/66br019uqll9f7qae47tf5qk131s5egM
deleted: c/6/92afq7hf61oc4q21obcijsjc3pkhjluM
deleted: b/6/678b0cef8ucj4ccglm5s2fjb6mkeq3kR
deleted: 4/8/07228c8cflk22vieclnbopdfka2l1noM
deleted: a/b/16ui4l7e9ej5q4imi8tetjd11u5o4m8R
deleted: c/5/b99cco49bvv85hmikish4gi86lql7e6R
deleted: b/5/edjbf629jm3r5ubsalgff26g12hfg0eM
deleted: 1/4/67n3naa48ccui76bjcugdsd1r21k76uM
deleted: 0/3/bff5oug7acdjsp4bm7jpuvk6ukhsvhmR
deleted: 2/c/depi36h91g2vf8lsv1tu8hqkae73fc4R
deleted: a/0/db21784po7vqrndqb499kcm0idd7u9sM
deleted: b/7/6be6v8vavu7uaaeq7tg5aak87fgjkemM
deleted: 0/4/79btlrpdebkl774u0ldk0k5i6qucukqR
deleted: d/8/8839s7t9onredqrdcvl1ekkqlfekln4R
deleted: d/a/69iqok80v786eu41t4udrbnfgfh9u14M
deleted: d/7/2akbatep7tkij1icid5nl2r32foe4b0M
deleted: b/2/0033679912mcjv9ct5ns8frquapp8uoR
deleted: d/6/51oi06bh1o5r6teor6jp3c8rj65nkjuM
deleted: 4/1/205obd7p4h4ouqu0msboka419mgcmd0R
deleted: 7/6/64kvu82h542bgbn0emlhiuqjqf7jq80R
deleted: c/0/e8t51jhs782gt8cu7897knttojp0r0oR
deleted: 1/3/bapev8kiepd0pg7gfs2fllenujcmjliR
deleted: 7/0/95kncbgp9bbc0n2ge1rqirt8odok9kgM
deleted: d/0/29gbasc8c2hka6vql5lastrghqecbg8R
deleted: 2/c/2bs9ujjacpttmnk4cgcqteq919o1ogsM
deleted: 2/4/425pn7tlqd8nc3ed41nhv3v115q1lfuR
deleted: c/6/14ium92g9ptj2s59rd3m7531kjnnnleR
deleted: a/c/69ai0uponqobogl085d51e5t1ls3f5aR
deleted: 0/7/dbg1m686kgoh60cbmgabeemum3i86tiM
deleted: 7/c/3au9f4qp2tc5dlqvk7f9rt1oqbijqt0R
deleted: 0/2/74tgi9oapvjaaokv2nr0t6gq3e4p196M
deleted: 2/6/6faqkopbnn1n6f4bb6pe07g127n1fdsM
deleted: d/c/57r1op8p5ppp1dmtohm3j36hooag1eiR
deleted: d/c/27bji5bk06b90v81cudepfi0t31eiduR
deleted: d/2/eernioof01m42mi8u8svb6jj59t79r8R
deleted: 4/c/d8c30ekob99sdonj5mfq56bn5i8tqsqM
deleted: 0/5/9ci4vtd1sk61afo1os96ccmcejhpb2kM
deleted: 1/c/be0kd6o5cp4j1jiohd1rrvhufss3h68R
deleted: c/c/622anqc66s9tljnc90eamce8fnh9jfgR
deleted: 1/8/845sm3dk6bqmn3k07p003c3akcnir16R
deleted: 1/c/7e6f5vmpo859rbvfb852rohqdtk9ufqM
deleted: c/c/ec29nvc2vvuij7kaiv2b4mp8tunq69gM
deleted: d/8/f1spvgo4lo80dsqi4tf647ovrh8hfl0R
deleted: 1/3/d9bb1s93940boa4kmhbv22ec4h494keM
deleted: d/6/ecnuenubfk8dchte6qfokd3opppq18mR
deleted: 0/d/4avgjja4kbhmteia60btua8ck39754cR
deleted: a/d/590mrhfsfcjj24qpuul9vugnouncnjsR
deleted: c/8/b95rv6q55k0iqpkka4se5vr726r0vpmM
deleted: a/4/82hqmr99sfb4fhh5u3poog1agjpjpooM
deleted: a/5/86h3ip9ubnenjsghvmlbvemlbij1a7sM
deleted: a/d/aevk4jsdgs4jr57hmg30tgpi96gmvs2R
deleted: 7/6/d19dn1h1n1tfor0slf3hn582b7o2a10M
deleted: 0/0/da9n646geh83ppd8pnphu0a8grrsqfmR
deleted: c/8/16lmakaj9mbp7gvs6jfnovtmviifu2qR
deleted: 0/5/4abeq007rilbbcev8530jrjgcvgpv38R
deleted: a/9/56ce37ue4l3m1isbsa01mhive3jf4p0R
deleted: b/7/4et9ojcm7u9dnujkhelvrio62j2aqi0M
deleted: 2/4/57llmjq47lpu3au4die0e6mpkdk6l3iM
deleted: a/d/47em3d5ehcadi8kgc9he73i72p86kvaM
deleted: d/3/efo4cgee7me2r574krpl2r5atbkl8e6R
deleted: d/a/b94jc95io4n1o4map7uhpj3kasetpaoM
deleted: 4/3/2bg5k12d27d4ji3452umb9b7r6hp9agR
deleted: 4/b/bee3dmo7nj5bt37em6i6kogt9s8atr6M
deleted: 2/a/10pfkmmdkq2fs04dcou2vt4ua6gis9iM
deleted: a/a/b9tid4727hvu2lj599nqa3kgs049vr4R
deleted: b/3/8ea3g4go03gbs5mnhnnvgm1fbrsifv8M
deleted: 1/a/94uk1n1k88pkp0jg9jptpas5fa6jdguR
deleted: 0/7/bd3c7tgng8nfpo5vrt8k27gb53u2ol0M
deleted: 0/8/0a5l2go44pngrqei44n6881si50s6biR
deleted: c/c/4143b5vu0l1skkiu9irtrb7mv28kmh8R
deleted: 1/4/943tct2mvrl8v0fai9d6nllgevba5faM
deleted: b/2/f1g6bsimdks515sasjp1d9ji284nujgM
deleted: 7/4/24utlikvaeq6gj2eemvbukjgvmnl55aR
deleted: d/6/70985il7o5fkg6csos51jbur9bfe2m2M
deleted: a/5/00uurntgdusmo8jggo1957bs0bevkqoM
deleted: 0/3/0e06rf90qu23d03u671nve75l2d4oikR
deleted: b/c/e9a8dsmcir22e348v8bjlhkj97u9cvoR
deleted: c/7/b50to6miv01i7djfst67r8jbi64bg0oR
deleted: d/c/2eu8v3qbqsopa4depjtk2jclch6iu6oR
deleted: b/0/28rlf2ifgqo1ojbatnqkb6eas6mdd6sM
deleted: 0/b/98jq434u2mga4rtu9gjk0ltlagb136sR
deleted: b/c/764bojnsuig1bktuiieen5rshj0s320M
deleted: 0/7/98evbaa4mid0st32iap195gkt926u92R
deleted: 7/4/a5bg4hvsgf88gkrvt8m5pv3a66mti92R
deleted: c/2/d48e72fcrrubi05cot37hm8c185aon0M
deleted: 0/c/9aftok4u815qkcb5cvadmbm712fb0lkR
deleted: 4/7/51865lcacp3sh2m3uiiobtris9802fmR
deleted: 2/c/ea3pikl81pvbucnbh6acflgprct7fqiR
deleted: d/0/ebh1c9vmd4njdujjojesc3eafme29hcM
deleted: b/4/2epip7ftht8ac51h0vcbpj71oheu540R
deleted: 0/c/9e8nu4ipdiptbgn40c35mo337an5i08M
deleted: 0/d/2bekr7sq17lm4v31u1o0ls6usuka8koR
deleted: 2/b/dfiugdoujaqnfvuo3v7eaafns5tndu4M
deleted: 0/d/36kkdum02u2q5el7ei2lmke4eb4949eM
deleted: 2/0/53j5m4t8bk6pabcpq1559e874u34a4mR
deleted: d/4/c00081rk55fidnnae3v8d22euucf3mqM
deleted: 7/3/06g4okkm6eorhamaro48kfhjsjd7rpsR
deleted: d/b/dcsnmihb84qrgabbj9quh9aumpriudsR
deleted: b/7/26799eeeer3gf7o0s0odvtqvs78i06mR
deleted: 0/6/cfj0cfuib5js2c9rj2icer38ps7j6k2M
deleted: 2/9/5aerb18gd66a7orgu1os0cslv6d2ceuM
deleted: 4/2/5fu4qsa46f890n3o137kv6qpdi95icmM
deleted: d/2/a1rm33jjrbtgctsepfa1r128d9739g0R
deleted: 0/d/4fce27lteib4q81ae8b9ev3bpklbrliR
deleted: 0/b/d79eom4tc819k30nup1p7jk1jhr0rv4M
deleted: c/5/3btpfuequ27ell6dbtf3mob2f4h375qM
deleted: c/7/0d1ahbu91no6lsnjrtuce6l8fqreavaR
deleted: c/c/a7ac9k1dtvblv2ld39i6n9jo6leoa1uM
deleted: 0/8/2fmo6iudemj2p9atk94voe56crjtshqR
deleted: c/d/65ib0r7adgcq629b5qga282kh8fq6lgR
deleted: 1/9/d8e29rosl8kohvmfr3mlksgikg0pipgR
deleted: 4/2/5fvioctb8uopl7fgbs0qtq9etvtd3p6R
deleted: 1/2/749m9m5dcr7fmgv0768vsq5hvnho56gR
deleted: b/4/c88aadu3qr1edc550fsej4h7hrmcn08R
deleted: 4/3/2bqrcjhpi5j4f5g9ca8kf5qm5u6vc7eM
deleted: c/4/admin83sk85cemc9h9jv907gjpii1ruM
deleted: d/1/2ft87qplv4gqn2tcej9rl1k3rgt8bteR
deleted: 4/1/e68hhj4f49i94hsgjfj5ldu0fjbaq26M
deleted: a/2/aeq22vs4h6lui1r6bgushhlvki6ae8gR
deleted: 4/a/c9048moc5h3lc3v6p91ludlh6oirmlsM
deleted: c/c/ee9b0tuj1kvh0bofi8e5rilsplkqnqaR
deleted: d/0/c78oc3pjmea6upibve43ao1hunc8in8M
deleted: d/5/c1mlecfrqasanar0t5jh7p6rpst5anoM
deleted: 2/d/3eetmlu78kf3fm5to52sat8ogqh7mngR
deleted: 4/8/827bgraihhqn9aqn22nnt92jmjp0lg6M
deleted: c/7/03107v17j4api8d9ke70rrp51rohl86M
deleted: 1/1/90eckg6fef91l39j7jed95n1gmklclmM
deleted: c/0/7c0ib1dpfg2e2pe2njmpbu520g78gh4M
deleted: 7/0/dc6s0s76hgcom1bancvvt1oe9reg5emM
deleted: 4/0/fd6kvuff2bh3v07g16fa4jen7kfoel8M
deleted: 2/8/1cci5kbh82h8e8epbuskus0coi0b694R
deleted: c/7/73n8l946ja6uecats5ad1stco3gkmkaR
deleted: 0/6/7ck21dsab25eaup1hblrt40glp3dh0kR
deleted: 2/d/1a697l9enm740gs894aks5cqje3gup6R
deleted: 7/a/0fruu8d6e8av0finvu7cnd3rbimo35kM
deleted: a/2/ca4he2fgidobnh9aoa0f3emfbfir7okM
deleted: a/2/ddmruugo2huh324hh469u7vjp7q4nigR
deleted: d/7/2b482a0ntk4189e41h6cgm3ncfpu0icM
deleted: 0/4/06n2gtl3hg3tr8mu5k1mgosulqsn512R
deleted: 7/2/c44v3sffl7qvqsctbjlc6kaijqer9ciM
deleted: 1/b/2bs24o7l3mvlhgf54cu7584m7a99jvgR
deleted: b/6/89el5tktfpie5hvli0gjhig8n27djk8M
deleted: b/c/dbpq9cop04ou55ld85i8cdk76sqckn0R
deleted: a/4/a8d88es07nd42tlckup7np7vubpjsh8M
deleted: 0/9/560gtful99tiuqdbb4kipth4ne4sg7qM
deleted: 2/c/f3vsp236gdi0seb1mpj52hobmlqk3ucR
deleted: 4/c/516n01orllu9l0k44ljgi1cp3g47lhqR
deleted: 4/a/21iumnga90j4eg4ocj2ohd9lgi6g0qeR
deleted: d/9/64uurh6iqn316t3id4tt16oajddfockM
deleted: 4/7/e8rdir5e663kulh5kdlv0df727lmuouM
deleted: 7/5/938osn5r1k3rkruq7r9t1rliasa42osM
deleted: a/7/6di35aodmqa3lkh2u9um47i5bt7kviaR
deleted: 1/4/102v8kti73tlfgu4re46uva8k8out5uR
deleted: b/6/34dhinusbaa3k6p84dv44h1cf7rh596R
deleted: 2/0/a4n7vcnb2tgsprf95dflus6fl8irbu2M
deleted: 0/c/87oqlv11snlgfjqtlntu1ck4gfm1d5eM
deleted: 2/d/2aalhlng5k503lvcsu097ft7gafh89iR
deleted: b/2/451d8t7qejjuc7lon561fg62s67bk08M
deleted: 0/b/8fsk8uin773i5suf20101msurrvuniiR
deleted: d/0/b7dek7n2flpj3c5f3mnqstq2kfumn86M
deleted: c/0/c8s5a71osgitspj2ssdg8smjodt7f54M
deleted: 2/3/6a7u8fm708davngg9avtmhlstt3odn2M
deleted: b/c/d12vij2thughkqtfnohkn6r0fk5sjd6R
deleted: 1/7/1eed57fjngudghhjiisvrmb31db2su4R
deleted: 1/b/710h70fm1bde7nh5tdi3pffriuecpmaR
deleted: 1/c/1cce2q10vqm489mfb09in59s34oo5b4R
deleted: 7/8/81k2m4ebm8aq1co9e1e1jl1vef8d4l4R
deleted: 4/7/4e3mkkq4fg3bn3l39v2qh5s68ii7ttqR
deleted: 4/b/ab56s2df1rhhkv02rpp42fsihh1h8gsM
deleted: 1/4/22m7m7m2j0scdomgo0su0uf54pdncm8R
deleted: c/2/da7mn0l6ejscjn62vqai4rvja99trmeR
deleted: 0/8/ceedudtcm3i0q1jkj78bndaknl4v428R
deleted: 1/7/cbd78g41b3h974tut3oj75qba8kdtheR
deleted: 1/5/3caspo4litp7l0fpg61ttfej4vfdpjsM
deleted: d/8/0dujo76crvutmsims1u8dcnefagsj0gM
deleted: 1/8/eev4ol5vskivabvima7qqbc1rc59fmaM
deleted: 2/5/7d12hlss1oot0ml29a54hbi44c05km8M
deleted: 7/5/055m4tchatvpldiorckiam4m5ktilikR
deleted: a/c/f8srj9r4v9mce83lunsdhjba3uilrciR
deleted: 2/7/d80tt2rd8ocpbp1ttlhqvvvb0jmhhgcM
deleted: a/8/38r99j74tvtcse6bchtqei41o1poad4M
deleted: 0/7/540cce3amhkvsk8udt964afv2kkufdsR
deleted: 7/a/d467hdo433gn4gm2kmnb6pulkoeg6u2R
deleted: 1/a/0fjv832nk6m189f4jmpt75v9s0m16gcM
deleted: d/5/74uu7e4bhv9rf9mr6os4svu4h6sjediM
deleted: d/5/a4fnp6vr8h538l53s3jach1e55t7ljiM
deleted: b/5/8aik179ib4ku8bju5kdnb94d1jan1ksR
deleted: 0/7/4c1dgml7s24navagan8n29uabm33jseR
deleted: 7/5/c99junl5konddi807re8ididq5u6nm8M
deleted: 4/5/5bu67g8s6gr5dn3ac1au9cchpn29s1aM
deleted: 7/0/fcc8jcvkqgv54cipbloa8ma6d0md0lmM
deleted: b/c/72328v8fsk50slmrm9usmfb8f9cd6peM
deleted: 0/7/ecqacpvokrl00h54acq6ep48nmmfh9uM
deleted: 2/c/e69hjj4rn8du8vq7i4slau2ihrt6gakR
deleted: 0/4/17hc3gkhuebf464hvjun0v7u3l9gpciM
deleted: 2/3/6e1n8ksdqthjn3rs8s9tr5p5tebj6pmM
deleted: 4/9/1039j69g87fmbg9q1cd13629p9ofi2kR
deleted: 0/8/db4d9if3o54jvhn65a2fao8uhgsjr4sM
deleted: a/8/e9nom268lel498kaosqco6heas5lijkM
deleted: b/5/d9i0d22i7o8jmmgdisshs88p3l9k134M
deleted: 4/7/7e9soigteg24kn83qbdofm0ol5nvckaM
deleted: 1/4/e8qnpda84ukssdvm1n243quurn6gkloM
deleted: 1/b/b91i271lga7br31he3dvff9bvd3fpjqR
deleted: 7/1/0dt9pdhe9f0smpo7hc86vp65bt9iuekM
deleted: 0/3/cb80enjciu9sg2hqcc81p9c6gf35648R
deleted: 1/3/2flju7khnr0kfe2sebj96qphc6m0floR
deleted: 2/0/a92rfk3ka6manag77mgk7td1kanba0uR
deleted: a/0/da86sletft6ffgu68m7m6769nnjo78iM
deleted: b/9/0co7mgk1nia00ddrh8okd4u69sri1vmR
deleted: 7/3/81kb49clfsbjplnfjeadjtrm1laso6cM
deleted: a/d/74vpk1givgmvp46prpnirrtldqjtolkR
deleted: a/b/7fttn5749gnn8s7h3j5bmfthm1vipg8M
deleted: 2/1/fc2j9a74bkmr7qr00mll8hldhdqku5sM
deleted: 7/8/4c02t2dn8nnph8vkvbbvfbamcrpu5pmM
deleted: 0/1/b6d1to40b0a7a71sli3i7kvf4o8dp14R
deleted: 4/9/b327sfgdednvvl8kkigbc0eg355og60M
deleted: 0/3/534rdk8vqnqkp3aj151msrb4g97f0ocM
deleted: 1/c/05u811rsd5uctkpfuv0gim8v8pa9ujcM
deleted: d/c/6d6lg8o6mo52a796biq9870bnpqhul2M
deleted: 1/9/2ecsqvkbg3uag3rlc4559oalt69m6j0M
deleted: 2/2/137ispfhstovh8iq2bm012v0cm1ntn2M
deleted: 7/9/b9b9elv1fciu5p84e6t0i6dk3hq5tigR
deleted: 0/d/2696a2uc0h1hd2cdrgcug27cv3u8d4eR
deleted: 2/a/1dpg7s6ctng2u2aqff6bc99qdp5on6gM
deleted: 4/8/995mj743vf7rgdp5b48vjfv2etitc80M
deleted: b/c/6e1n9cdu9q5b7krv10rrake7tcm0euiM
deleted: d/9/552hfqpeme7ic36gfoj7qjvgs4mai1kM
deleted: 2/b/4bc7qm0fao60da7eue05pj8n9nubehsR
deleted: 1/b/7eatm3co2viq2e5rih6ssju122ed8jaR
deleted: 1/4/bc7o57otbtka1g0cqvvga182mc079roR
deleted: 0/c/374f7hr9ocg6ja7rjtsau2e03tvtdjoR
deleted: 7/1/e65i8k0bmtn0iv4sl410loppt1kjg5cM
deleted: c/6/18d0rtkqmoqooo10m5tm6db439aac62R
deleted: c/1/85r9te1mm9ortn1dk594gep4k4iqhpsM
deleted: 1/b/da67gn1n4370uqbbi80ct4jo18am51cR
deleted: 1/b/e6hg8si5ec7h8d07n843uq7lgvj5ohoR
deleted: b/9/6dn23lnbkn0asvth8lr6kvgur3padf6R
deleted: 0/0/295i2fao0kf4558a7a6o1ackbn6ef9mM
deleted: a/9/54b7pffuuuen9c6kfbdhp1ph6t244geM
deleted: 7/7/ec6i4qbfofh5i0ie3cs23rqqj2b8jr4R
deleted: 0/6/0a4q8742qg92mohgev46bltff49fn68M
deleted: 1/b/394qqofr00cbocobqcfrlhqs1o20i24M
deleted: d/c/1dpmn26obihci06gvt8jitdc8imsodmR
deleted: 2/6/3cf6ovcitino4uvngdou7mtulo3gq4uM
deleted: 4/1/f68igb3rhskbip83k4b2hoabbtoc87uR
deleted: 7/c/40jrqf3vls6vc2rrj4e0bsj38jn5gmsR
deleted: 1/9/bdb88q65q6c8hihjsdp5792r0s567qkM
deleted: 1/0/77e59s6jtv2pmdotm8k2ms9a11aecr2R
deleted: 0/6/c2uchobfgl3ufvg148ulp3diafrj9q8R
deleted: 7/c/445ui9drjk6k3jm9gtjrc85nrp1k35qR
deleted: c/8/9ep8kp641412qdgcuufu31r8vcngg06M
deleted: 2/d/0bct2sv61kepsoe6o2dj9tc7f8gn33sM
deleted: d/c/0bqgn8487cnrir242urqpbro3aaqppmR
deleted: c/0/94ep1kkgj71cc8fbh0f9h9mi1cu4296M
deleted: a/b/20b9nd78jqnk06cnirl4kr6adt7lajeM
deleted: 2/d/5e0t577t4vejkatnjp1e2vsf10rvmviR
deleted: 1/6/8bnp70p8i5u6t32bgb98f1bts9romt4M
deleted: 1/5/10s644rmlte2f02engt18ederu61s0oM
deleted: 1/1/339i3322og1qqtrdphqtsufilqefrsgM
deleted: d/c/1f8fl48egca58v3cuh1nq7uuoqb67e4R
deleted: 2/8/6ecvaavmv8s1ntvu2karp0cq80s0u6cM
deleted: 2/c/ef4ir0e77a1ivubc7p70hnoohj976qgM
deleted: a/6/7b7kjts7i5rq8hols41t7rkh4iimtkgM
deleted: 1/7/25e1bk9v6u9gn99lv3ja8294hesao4eR
deleted: c/3/5bnfrlkqepedst7sl2u4hm54mcfu37gR
deleted: 0/0/f4bcg6lmjfrrcv3uqvrdit39fakrdi4R
deleted: 2/b/a8urfqbuphf7gkpr2arkv5l1r275vqqM
deleted: 1/b/04evjhtfp0qpem9pfv2reg9acma62nqR
deleted: 0/a/df4ajpobnt90eubdk5rob32ohsea5hmM
deleted: d/0/c4ldfs94b1an8glsa38neiphuq2spskM
deleted: a/c/077snitmtivs1knfnotuneadqf8klg6M
deleted: c/8/ednovdg6srhh41h0hmrnn2pihpu547eM
deleted: 2/8/70o78udos34v2i26ij3j67segrltqd0M
deleted: 1/9/5696ghn53ciqd0s70v9ha802pfec6agM
deleted: d/c/435pt2thjueguuvn4bh9hop0mo2q4euR
deleted: 0/d/48jsgusd9bkasnerpkfdco7974g2dngR
deleted: a/d/965g3bpap86emljruhoja4047uncptmR
deleted: 1/7/e444u4b9p5t98b77qv0tdsl0iut5ma6M
deleted: c/2/ecaa89t6h3hql9gggnpa7toh8tfapaaR
deleted: 1/a/c83m0sge2le66lk7vb0lp8mcjqqbei6M
deleted: 4/8/5bfd7vicjf852sv6l5nodk3jbg9uu0iM
deleted: a/c/d4uu37jguqh0jddg077ce7bdpk1u71iM
deleted: 0/c/01pgcdome3hte43ghfet8l9enudd8t2M
deleted: d/a/52jp49k3go5jrukr6kqr9r22ffql3u0R
deleted: c/5/4enrd1rlq5f2kec548neg9krihstrieM
deleted: a/c/66v98jogsnpndrqu621ut8hopmprcnsM
deleted: c/9/82t8tt41l13ic9q96bb9orvd619vh34R
deleted: d/5/d75ethfjs2bv0h6gmk1rifu7e2osf2mM
deleted: 7/c/03us40ocilofhd8608403bdiatd7em8M
deleted: b/7/afnjmnfn3fsj7apkrtsmma28pf1l5emM
deleted: a/3/bffu2p5dijbv8surdh94fqrejhl281kM
deleted: 2/b/6e47p2nvv3ej3l090ecn8r0853gdvmaM
deleted: b/9/cf133278icc3f5fjc7li0qt07c820joM
deleted: c/3/e5qjcjenbkfapecl7qqqk48fhugss34M
deleted: b/a/88q7usq5ifl8oe5peptoea61jplt34mM
deleted: 0/1/e2l40lnk8qqnevdhh5dk784774l24u8M
deleted: 2/c/fb2jd4a23mo60mopgr9vqg2bhm48f9iM
deleted: a/0/774etcipaclbati2ppn5n4dmm1np3vgR
deleted: 4/5/e947i9eqanlslc4lf580dh7v44fflboM
deleted: 4/b/cf800lrudnn5jiefr274o5qc9aj2iqsM
deleted: d/b/2b1q295udrvt8ijtlkb4emct3ij4hv2M
deleted: c/2/8ccqkvf0n7aoteq6b85fd6pd282nb3eM
deleted: d/a/f133r5oqtfjfkvklpb5h469fd0rv8siM
deleted: 1/2/60qs00b0g1p77e7cdqf2gd19ekhv6g8M
deleted: b/4/b823o85nncl9ge0gv0eof4a8n7idgaoM
deleted: c/3/85ipv7kp0em5i3e12qb1anq1238ginuR
deleted: c/9/feqtakhf8nef89bpqlj94i7cmv7su1gM
deleted: b/2/b2l2saco6kfsuqoe8rh6s479oc2m6iiM
deleted: 7/1/f9odahtlehf7hbu7pk36omkmcp39bvuR
deleted: a/0/915u3pkuci3ur2d9kgo6mn04p4a3sdeR
deleted: 2/d/04ld51v8tcbr3kedm9h8t5sb3kuk9huR
deleted: 2/8/3679q7e4aq44jqiq4jfhieg8pjfoh7cM
deleted: b/1/b2u7r4ng2gj5sn10oljg09gh8uttgigM
deleted: 2/d/1fsu7gfpi9akh16f5cdl2u76b8u6sv0R
deleted: c/b/5asqk8fokq3g3ib2evjph8d2a1qbsl2M
deleted: 2/4/a5s9hisop4c224eqbfp53a8gens1lqgM
deleted: 4/8/ecirgnnmkns7qb9d35isbrjrkia071aR
deleted: b/3/1amiraj8hiqgcp0iu4j3qdliv1dftduM
deleted: 1/6/e6ktqgdeif3ub4tsqas0mvjauaauuqcM
deleted: c/a/002h409gkahsgfsim2r1kdnalaqr5o0M
deleted: 1/4/db3nkeg4cm6ei57ibfenm5q5trtquh0M
deleted: 1/6/416loblslt78u0qag5eed2dp6c6b0j8M
deleted: b/2/4brhe4j16vdj52b5r2pa38cnf7ftkiqM
deleted: 0/5/e8fcndq3gqfguipqji8el6kaimv1beuM
deleted: 0/3/4222phlb0sbj624itaqht9dn67mgtioR
deleted: b/6/f12qugd30k0lqo1tip1tvejb7sosuvgM
deleted: 1/9/802i99nfbf9bj1029n38f7jumo6dvk2M
deleted: 4/3/54m1bfv037k1abff5haps801mnjdg7kR
deleted: d/1/7a0qf4i94dlo3kab87r57anfledm0l2R
deleted: b/9/d7vj7bg20kjttnnu0hi8kd025c25meiR
deleted: d/5/44bh0vug453thm37oanl74jpabpqdmqR
deleted: 1/c/a35le6uo0gp31m69hnn6ptkdmar3580R
deleted: 4/b/a8235bondq44li5pbuael671n6tm9ekM
deleted: a/0/dddd0k9jkrqvdlpu9u3ntbh4fuku1gmM
deleted: d/5/05v4t7d6d3lf5hu0jgntm5kjvgpr1leR
deleted: 2/b/9eh4pumj5p6o7pumdhktt9ehd0eavouR
deleted: b/6/514u6s1k2c2cail37ul9dgkuh5refe0M
deleted: 7/c/6533gio20ijhh6kc11p0n30nhcp7kokR
deleted: 4/a/23llqqt66k672gu23tsclh84go2a9rqM
deleted: c/b/97guvkttg3hsuj7mneg1dft5jq845akM
deleted: 0/d/67bvm7d9b605nmkut0g53315vnvummeR
deleted: b/c/a49o3qlho1nbovlrm572pnno5ht0p60R
deleted: a/0/f7nlmhs50ab46m9n47tps4uh6gp678iR
deleted: a/d/76bpe2gv367moslb2tflr85t9vvgnfcR
deleted: 1/a/e13t8b54qlm38011humcdts47ur7o3gR
deleted: 4/5/62uqpaeih7vs4br16vj68tst6jot9roM
deleted: c/1/6eve6a1vc9lkc4c0lqgcc62gkvtqkr0R
deleted: 7/8/656vkhjftfnc7i6uo20cbtj5k5bcpu0R
deleted: a/5/ee3q888qf3hlf8p99fs4hdcvdeg1opeR
deleted: b/2/a20kr99qriml5dtmt83g7mjgb6gq9quM
deleted: b/6/49io17626gr7nl67ti53ujk3rjn7dseM
deleted: 2/c/a1619qv7ch5ekueft56c9totgp0qc5gR
deleted: 7/a/6eqtk8p2th9bir1dpjak223i29qoss4R
deleted: 1/5/77u5svuadmlh7pkuviftfsjrmoshbokM
deleted: 0/b/e5cpetuak0deo2tu4n9e2ucmk90luloR
deleted: a/1/a2bbdqnembr9hes21gjdj1k4ul497t2M
deleted: a/d/70ks191f8sjeiolev7uj6fbkt2aot4aR
deleted: 1/c/a95d83kb53239hs3kfup2rstodlllfoR
deleted: 2/c/a9l7ne4g3tauqdk8ubqsjlt6hnpgsiaM
deleted: 2/5/3fmb0qpod676f2u9mbe9rts8hgf057eM
deleted: 2/3/a6moduetefvjuhc6gn4kjh93qao5546R
deleted: 2/8/4dim2pjmohr1k36jfk25g6ckb28c95cR
deleted: c/c/d1acgk6eqdbprjesum1bk7d74cf1oeaR
deleted: 2/1/54k2m3k2mq9p7auo8k3rmbm5lo7utdcM
deleted: 2/c/7fll82ckir25i6mlip9tehk6bbeav8uR
deleted: 0/d/669o7cnrk2hu50c6o1as6q6pjn7i4ncR
deleted: 0/2/e34krtgjnorjn2fkd2p0tlb6e1u1ta6M
deleted: a/6/e2ep0ovf75u5ksdne1jbevnh39l8i3gM
deleted: d/b/e6ntkvarsifaeilqle8a5i79c3ek9aaM
deleted: a/9/cfnhlm27aphsegef9r6rh1b2hvg7ka2M
deleted: 1/8/e6t2oosvhgi5qko6dvju5plao67feciM
deleted: 4/3/d412df83jo1418eq83j7orjn66mfn2qR
deleted: d/a/7b8fn36digb5i1i56h48ppu4m9fctc8M
deleted: 0/1/7dlk6r8jv4khl6g3rvesc5355upmd6oM
deleted: b/5/732oqno1gtmgm8c8ae1dtvjm34at5peM
deleted: c/a/d2f61tpne2pbfsf2ubmtgghf9huibuoR
deleted: 1/9/06s8t3d0l01dnsl0n2bs9dko67e761uM
deleted: c/6/0d7e754n3f20ukpjkffi5rtj8k93cpaM
deleted: d/c/57vp09ori0cni0uje1unijqpkreh2neR
deleted: 2/d/53c4nrasirh80bim46t21pb1i390iegM
deleted: 1/c/97b324ibpsb7j7hstebf30jfru4c69cM
deleted: a/5/5au8hg8u3sqtiurgrngul6j1mddf22eR
deleted: 7/4/c8uiqcqk0uqe3jimq1oh5f4ubgnct2cM
deleted: 0/7/bbgh970fr9j79q41g1g46e4mjieftdoR
deleted: d/8/a4a96ug74rcqapmaks68lb867phr5igM
deleted: d/9/bevtfck3lcd88hnam7oakavtdo3k4dcM
deleted: b/b/aahf5gllde2dnfpdhk3spmt8qiervsgM
deleted: a/d/78hmk7b3khrigt0pk04di6njbp26lckR
deleted: 0/8/6ctrmeegup7798qg7g23u9u2dcjgr60M
deleted: a/5/95nogfulu77mg4451d9dbui4l1jgqloR
deleted: b/0/f92pg94o5epu5madh35oc5i8jhrg4okM
deleted: a/d/6e4a4f8i7tlln75ub6es7t9gfth9026R
deleted: b/0/b8kv1d02v48euik7lte84q61echdqouM
deleted: 4/a/abhfgb19aiol5teig6eof4gv9rbqaaaM
deleted: 2/6/f9ms2rl4qua33jkf2ejkev8aei56krgM
deleted: 0/d/35qcbq1t9a6plghft6ah9pdsdn7u1b6R
deleted: 2/1/6bh8f70ucrs5v15frsq40nqu2hbu6jgM
deleted: 4/a/c44hv1eu4m3vvi3rpjv4sq6j40v3jqgR
deleted: c/4/a54umi4tgb27b2i1m7q7r3dbfg5s52oR
deleted: 1/b/31sv71ukfjch8eeeu5l3ljn8hujkbr8R
deleted: 1/b/dbc81vdm2l3guqpsvfa3h86iqmr3f4qM
deleted: 0/4/48qreu6p33d20dk3polktiqnv9a4idgM
deleted: 4/1/a2u6fnclll0ip8dh8gb4kb9vmor37kaR
deleted: 7/c/5b1mbd321chk7amkv910e2k3n1tmafgM
deleted: c/2/9125qrmkrg6b8lr9kct3krb2j6s4jlgM
deleted: 2/d/3c5grmhe8kc58rhg3d1o5lkv2mndtgiR
deleted: 2/0/1341bvrslc8e4ro80pj5fck978409jeR
deleted: d/9/5cmfhhroraig6e5o2f17oqo6rou68uaM
deleted: 2/c/c5m0gegf76qg54lbslia7qs97lpfhukM
deleted: 1/c/0dqm8630b0h47a6khikas89jcer8316R
deleted: 2/3/6cfkdpdo415kv87l0vfr5nrc3kuid7sM
deleted: a/8/a1hj860v09ujll58b8aejkf3oi570r4M
deleted: 1/8/15erv99280jh1cq0fpjmblpfidc8894M
deleted: a/2/f8lacu3qosa0n4jprf1g6uv478gm4jqR
deleted: b/4/27umlr9d99u97ort875nrbmh0a0arqiM
deleted: 7/1/2d0ojvmmgd7vbcd48es1ehpkva1b68sM
deleted: a/8/94o12qiq7stg36keffgpj8eb52hjtkoR
deleted: d/3/22epgo15fqgqo8gqoltcdte3pnd297eM
deleted: c/8/a56pl465cqj5nasfeaqnqmqhqdevkk4R
deleted: a/5/a3pa2v4jo824j2bn1fc59chd63u7tm2R
deleted: c/5/19nsaf6smm5mc0hmj0um69l68rn4dneM
deleted: 0/8/c8sselt4vv9qb2d8tdsu60mo4oe1iduM
deleted: c/b/8253r85alhges366jc7ilic56msb9agM
deleted: c/9/b7u6lijp13i3gnpr4sbr1nsid37ql4kM
deleted: a/0/edln11r5saklg4hm9nhm9rn485h0femM
deleted: d/a/7cdt8b5b7j8k8knk966h75rkjb30ltgM
deleted: 0/9/d1db8s5gb9a56to7ek535aeutk01ohuM
deleted: d/8/554am54ugci87t4h1hhrhpbelpf6jceM
deleted: 7/c/62n87udkmsegji27hrsbif42cif4n42R
deleted: 4/b/dama5rihvrhc4gf75kuv4clv20gn74oM
deleted: 7/1/b6rol1vls1oe6pqt2l0nirocg5t02quM
deleted: 1/5/ddb5222usocumrhgeg5dgedkl194830M
deleted: 4/9/ce48pm9h174kudtls67mubhnvsrgaeeM
deleted: a/6/97g896vua0fful2kutc4gq2i50p75raR
deleted: 4/7/97k5ra3o7besf30mbp2btvg1813vvi0M
deleted: b/b/dc68pf5hg3sphrvdfkmqh3dis96o21oR
deleted: 4/7/61g8r77pp5abkablapifn8eercvvbviR
deleted: a/8/76mr82a29s5e7nf12tnrr1bq1cp75guM
deleted: b/8/5dgkogap9caoq01nht7k7og5cqamabgM
deleted: 7/c/54sam5ibsme81l8imtgqu4aea9b2qomM
deleted: b/3/682gjem1utdfe9d9qrnqrnahvl4curgM
deleted: 1/0/c4drm0m8uou0dfj4o5qar8m04o88ttsM
deleted: a/4/07kjhn6tn9t8i4gccmkiprr5rlfc2ooR
deleted: 1/9/81q64kfld94004mmcbuaecv139iht6kM
deleted: a/9/cbu5hetmpsp6hp1cfdbch3eonk74p5gM
deleted: 4/5/51pv56m5prgfm8tdvhi4gufvvs2dataM
deleted: d/4/c6ld0bi3eqvtfps8svar7lqgrtbl302R
deleted: 2/3/32svlata4050iivf54bgq9u96g0ljheM
deleted: a/3/7f8uqi36i7bn1tbqkvbg6grikjskmmsM
deleted: b/c/d9f6m1nnit30hok08662se996li7oc4R
deleted: 2/d/26b9f72qhkk9hkdga6iuepsltf88f9uR
deleted: c/b/e66p8q9lhul9n8n8aot6rrsdu8ao332M
deleted: 0/6/5e3bfhjn8paobv5jhpl36u15uoe4d92R
deleted: 4/5/f7i97hfhss47d2mp22bua5djng9gp52M
deleted: 0/7/1256q1bpi5b1h5jao0p6sebh09t0husM
deleted: a/c/c96v9kl8d792aim0s0e3o8fgq61louqM
deleted: c/a/b12sht5iq4q7qmd390fn84l82117qokM
deleted: 1/0/eaoe4j5gvgakpjdd4qdijq1rc5v0bf6M
deleted: d/c/19dmnnl7rpbqtev1ulta3avdhp3q7ckR
deleted: 0/7/8fcda9j5n6b7mnbvbba21b56toh76heM
deleted: d/5/ffn5g3alijmd8ppfrce02fe0vn8cjeqM
deleted: 2/d/14mrchgafvq3c7t5lv9ij3kog0uvvmgR
deleted: 4/c/543r5sp70ccbu50ud31eusb8fgcbk52M
deleted: 2/8/20i477giq40jqiqcvn0m3afornfdkokR
deleted: d/3/f71h64o0ps4qg8sktbcid47ikgc6n8kM
deleted: 0/d/3fndvhbfu571hi3ke4rltk4bnpo1em6R
deleted: 4/7/272mls66djuch38hr1fijoohl5749f0M
deleted: b/c/b12f3acoia9hk1h1755jbked7iplsbcR
deleted: 7/c/71i8ud97mljhcv322drb4qn3u00k9m2R
deleted: 0/d/65d5654nifckr4sceo43bkfb2m14js4R
deleted: 4/8/a9cps1d22cbfpo9h8ghkpr6v5n86ia8R
deleted: 4/a/ebathmcidmhdup3l3scoghk3n5elisiR
deleted: 4/6/3c9br1u4flo6qp6p8oamrmhdcpdad1oR
deleted: 7/c/6ck3igokid8ovrqgltpj8j50gehkdoeR
deleted: d/b/fdt47f407t02hnhas2iikekpgl90m08R
deleted: d/c/123hr7nauf96820c1kt78s25unsqu5eR
deleted: d/c/55iscf4h7oh08rb2lef2kd1a9hn69uaR
deleted: b/6/f9vciqdjavnkobb7ginpe12ptdul84qR
deleted: 2/4/e8sk06pb3vrrmvmgl9ib72tm19sj88qR
deleted: a/0/4a2p7ppjqtdr1bo32gvoegc20sbeh74M
deleted: 0/3/66kc6pi1cn62c6feihu8utb3eejp2c4M
deleted: d/2/b7letdkmu9l5lbqpgpbs8mvfi6bprraM
deleted: 7/5/83d4uip02u98uq7llk6r7h8i9uoejskM
deleted: 1/a/dc73e9p5ntnudtif6rauk7jfkig90b0R
deleted: 2/1/e1ft7vfiemvbahbf5ml23khs30pf3goM
deleted: 1/9/82mm8mrmblpcqp7fup8n0gpv80jei5mM
deleted: a/3/cf8668sr4sd5vrunobcp58e1s28sukgR
deleted: d/c/40v4trnl362rg6j4nmfs45kud71re0oR
deleted: d/9/980n1kj87a8vo7bf8euja36hh6m5ld2M
deleted: 1/a/dcrovsvlslqd0k20n0g4pepcfmsq66cR
deleted: b/4/cd7hvlfnmkopkdpcf017gikc010b9cuR
deleted: d/4/d5i8bvnbmm1cme8hgkap00qof29encoM
deleted: b/c/d0hq98j0vufm90ume3kv7fagrsli2ucR
deleted: a/d/6aqd8bk0diot54cg35os1k06c3rrcg0R
deleted: c/3/6aa6d3d14ct348gpall9fap2d7vrsr4M
deleted: 1/b/c5p746e0nsbguu37eh1nec4ms0clvv8R
deleted: a/6/1559d1pi19reegjrh1hvnc4t3rt7ja4R
deleted: c/2/70f9llv34l1hseaihr75esfughtqre2R
deleted: 0/d/5duv94i7jitq24096485g57odnbdv7oR
deleted: 7/a/c5fdeapbj3orlbn9brf6rm776brpdjeR
deleted: 2/2/380bmj0urvqnv1dko6h7eu6ekujfad8R
deleted: b/c/ae99nd5f586es7184ik2ugiuof07v1iM
deleted: d/3/159nhm11462eglfss6ohui2dnp903fkR
deleted: b/2/8b682okj4ev3ahg0uunkj128lal3i3oM
deleted: d/7/9d70i8ukfehfu7vmu9jlt7unq8af344M
deleted: c/c/c9h8u1kve27ee8767e8ptvha3k1fneuR
deleted: 2/1/adbmiab2nr63u9seij6lp7uk3ur1gtsM
deleted: a/2/464lvb77fjbg9gthgk2e6ob90pt2jiiR
deleted: b/b/d2ggbqpf7tep04l1kp6cs9tb9oql7aqM
deleted: 1/c/9c2o0lufm96locl23t3npcdr4spormqM
deleted: d/6/0dtjtlsnqf3e8195iqn11280pv61ru8R
deleted: 2/a/2cdp958lbtim49mh0fkah348qt824esM
deleted: d/b/a80krmptat3a50hp48ti5jv29saov2eM
deleted: a/d/46jfsonv9t42ctc29kcik54d49179nuR
deleted: 4/9/4163l85gm1a74fsv149vdl1nnugjm5cM
deleted: a/2/593dchkjevqepkjkoqaaqsajkrc9jhkM
deleted: 2/5/d26e7327tnrrp6929a41fd51ih5e690M
deleted: 4/7/33dqocf0r7fns4g01v8o0hfjs1r9mo4M
deleted: 4/b/96jhv7715cnvol3gr1p6pavu1v1mvbkR
deleted: 7/1/738gd733rrc0ovg5d8qob84t3tgmhb4R
deleted: c/d/760fh4mv0oc525nbanilju03v6lvch8R
deleted: b/9/0d80ild9nt4trnnf1reu33qkn624lviM
deleted: 2/4/68bi449jc635mteulkoirvhgc8sp6b0M
deleted: c/3/edj6rslhb0v1vehg8lb50b5fea6sn6kM
deleted: 2/0/24p0ce89kf43qheujbqfko4amlergvsM
deleted: 2/c/cdv6k8tcsrdn732jvsijbfs4hjf0eqcM
deleted: 7/2/ffcvolidhb72m8d6igcs06iougckc1mR
deleted: 0/2/50ntf9kfo8mcc26pc8efk3jafv6dr12R
deleted: c/6/2auiqdcihurjqbqbvh45suiii8o50foM
deleted: 7/0/23elgbck0h78b9k2rb1thgrvmbm6c42R
deleted: 7/9/72egau23stlfetrj2h983s1vb3qig7kM
deleted: a/d/8d09turkabet98d088i9qbc08cinhksR
deleted: 2/4/db15bnrklae1h191cr0c0ra901mch94M
deleted: b/c/44giq8oll3om81tc2f0lj10dsffa48qR
deleted: 4/7/32cfergcdc3u6icckuhibg064ktt6ukR
deleted: 0/c/edfbasv12r518043fmu7lgj39rrsb0gM
deleted: a/6/89t9m564tecavnhblmhd261o5oggtrcM
deleted: 0/2/c2nh7kbr3tm5a1db41k9tkal9l2kc3qR
deleted: b/c/606epv03a3pc0cck9nmd42iqm310gucR
deleted: c/c/9cd48cjk5ufffbomp89ibdo2iv32aj8M
deleted: 2/3/b4o7r3osac013d7b0mt21t3shf6jlfaM
deleted: b/9/96j2feu013muhsst9or24q3u3fugdjmM
deleted: 1/b/73tkfiashoojm115itts71d1uucv91cM
deleted: b/0/68ourofga5i3vug49hmhqlk5ffdt0t6M
deleted: c/a/deg8436cpd2d73pdvuh9l7s9688cq64M
deleted: 7/1/68itt35nb68glvtu9rm5aostmun46hqR
deleted: 1/b/98b9f8qlmqjsame3mv6aiq3jnl8fs86R
deleted: c/4/88vvv9a6v9av8u44vhbc49n0cqrujh4M
deleted: 1/b/5b4evnppt2n9tpspt437529866gfnmiR
deleted: 1/a/f447em77geaomp8ape25miiqb58oopgR
deleted: a/c/88uge54ksfgqsvh1oh9u22uk06rm7lqM
deleted: 2/d/1198c3ni8f0djt0gs65g7tg2ogltofeM
deleted: 4/1/3er7afudcp078ochnmdl3t73t0lvq6eR
deleted: a/c/capn74hbnu5aduto5fh3rcv7ac6mdukM
deleted: 7/1/c66577ti1df9im6ka8od2i3edubdjocR
deleted: a/d/a7vc9hvugkehd4jb3d60gpq3osd7dimR
deleted: c/b/48a9othtqauakslel00b0vq8j7ivgg2R
deleted: 4/0/3eur2a1rhna5ljai39fq7vmndsqnuc0M
deleted: d/2/e4tk2issln2jhe5nf3d7ntrmbgmm1ogM
ccache cache size is 168Mb.
Uploading cache ccache...