SHA for cache folders (/tmp/ccache_dir) is 'fa9d59f51d031213c9f571b3a5c563a5ca6e62203332734437710a62badfc245'
Cache ccache has changed!
List of changes for cache folders (/tmp/ccache_dir):
created: 1/9/ec5e20afe25e2503b04b5a9d9049a1-39543.manifest
created: e/b/fcf0497c09adbe841a70190d9a5ce5-5246790.o
modified: 1/stats
modified: 0/e/c4f1cdc9809633be5c277f3fb7499e-116626.manifest
modified: c/8/9bd716a958fa75668483910cedbd37-2772.manifest
created: 1/6/4fea707c63f42bb79884f57708e8fe-4618.manifest
modified: 0/0/97839af3205239c3bc261f385a66c1-24462.manifest
modified: c/f/446086141dc2f775e0fb081ae7afc6-5580.manifest
modified: 4/stats
created: 7/c/7d5518c10c673cbf855344e5277eb2-6102968.o
created: 1/a/e7ce743abc7d22439365420c7ac04d-49801.manifest
created: 2/d/5d97b0e056ae58850b7b26360c0124-2132.manifest
created: c/9/bf6d3d1517838fd529355325368072-5695876.o
modified: c/b/d685b1c98891cec05a3e8f9b27e4f2-20444.manifest
created: 6/4/4e4c8f3d230e7391e5221bc14adfdd-6797964.o
modified: e/5/1c1c1027542783d61251424878384c-19092.manifest
created: 6/f/346cea0b36379c662d9c164cce096e-5704803.o
modified: 7/c/87581fdd4862996f0a7f7244b24f2f-86995.manifest
created: c/d/1afb02d93be020643349d8f094cf47-6892544.o
created: a/a/fffed98aa79c968c71719733377d6b-3010.manifest
modified: d/d/02f8d786498a4de8683c6e7ce27768-16589.manifest
created: 1/8/54d96e9939c10013ed208e61e606d0-18394.manifest
created: 1/4/7f02c790083ab5cc2602c4b798ef88-4638184.o
modified: 3/f/9ebf4dc1c530c97c24faa530a530ce-3356.manifest
created: d/6/dcb3e5285c2f08deaec08042562dff-7009871.o
modified: b/stats
created: e/2/f7c8d4618e305be97554fe26eb24bc-4779551.o
created: 1/c/8f7412434d151a21f4c4dc1dd86672-5143144.o
created: 2/d/18626e9900285ebaeae0d369e6782b-9032.manifest
created: 2/e/ffc548920b4422150222aafc2b8fc6-5178005.o
created: 9/e/9e1c4ebf410320569c305d9aca540c-5237209.o
created: c/0/6da7115458384b6d7cf84c0fb0c033-2686.manifest
modified: 3/stats
created: 4/d/eae72162df227951e8dc3e7d12ae66-7010164.o
created: 7/f/0609c9cce880d16f253643f9f6b0f9-1775786.o
modified: 9/stats
modified: 2/stats
created: f/6/ef8f0c1aa8fdf88f3c2f101fe460c8-5972552.o
modified: 7/stats
created: 5/e/b03388a2aacf87f80ebe44e50d64af-6038517.o
modified: d/8/7d376e1fb4be6ecfd7f571645e7b82-37527.manifest
modified: 4/e/53c09d239c47eb9bb176a81de4fc34-2600.manifest
created: a/b/76fec4764e0747325afedc0e68fb1a-2778563.o
modified: b/a/de2004f3314577af3d254eabff9d19-11593.manifest
created: 1/f/831c34d6e307e2a19932f42fdafc54-41931.manifest
modified: 0/a/0405211f4f59a84660f98e08671afd-4595.manifest
created: 1/6/58a8f1011b5249271e04a8b60f0375-5378.manifest
created: 9/9/b8452dcf4b5364e96d9a20277d8b9b-2316.manifest
modified: d/f/082722340a3bf06d3f81de3dea2181-8680.manifest
created: 1/b/9ba4b425740c21a2573767724fd1bd-6492.manifest
created: 9/b/a6084a43ad9ad4c64ca2ce33ded521-6898429.o
created: 7/d/f10ecde9160d0dee2b02abef984504-664595.o
modified: f/e/46f9a323edc3150040cc24676e5277-5742.manifest
created: d/6/efb76e84c372565628ee41996dc6a4-2388484.o
created: 7/d/b425542929313bf79c1fd57394e8a4-2263961.o
created: c/b/58fbd0ba99a86121c07a162a11cf23-5961808.o
created: e/2/b1a9bda2284f62e2847fba1b28114a-4777912.o
created: 2/a/ac88cb4c3b94f5f439ec35cd4835f6-1829905.o
modified: 9/a/b49db9ac731cec440d365821cde822-3693.manifest
modified: 0/stats
created: 6/2/78b3a67fad459ba3c13efcaa16bf96-2417760.o
created: 1/0/69d5700dd58164f6e61b38d5752abc-5412413.o
modified: 9/6/e8e9433d965348aac0ed6dd80f7ace-43167.manifest
created: d/0/61fd9a5277632fd88fa4b558571f31-6048051.o
created: e/9/b4f21638165d80640f6fcc7de6d953-5703227.o
modified: a/6/ed6bc70a304acc82d890c3605ea665-18010.manifest
created: 7/b/367a217686c2353159e6b3ff13232b-3260.manifest
modified: e/9/8f3b99fba065cfa61a4317ab5138bc-17837.manifest
created: 1/9/22430a3fb800b2ac3a18e01365ded8-2128370.o
modified: 1/d/21fca20a45c8b4b483e19b68329fc3-2335.manifest
created: 7/8/c9084dac0a8b80c74c34c65ea31cb0-2551830.o
created: e/e/fe0e8af27ee5e31947325090a141cc-9738.manifest
modified: 1/e/7e0fdbbb23b0314bd7796f340e5fc0-28485.manifest
created: 6/a/47bafa64d34a03fd01d6050dbba77e-2353708.o
created: b/6/3ccfee23e703bc49aa4ad9a4faa54d-5247224.o
modified: 6/a/7af9b70c88bda2027405bb428aded8-6007.manifest
modified: d/0/91c42b67007044b63abad791253bd9-3393.manifest
created: 1/8/f07e936993ecb9b8dc4084b2594713-2497018.o
modified: 8/stats
created: 2/6/88377c244b8784a66eaad715962357-5244046.o
created: 7/2/5fd64123e96db678c9e76ad3f408bf-4546.manifest
created: 5/3/6c73a1235fc8a140012de78db6bd4a-6904.manifest
modified: 7/f/143fd333c699158e58ff924e9998f7-2450.manifest
modified: 9/d/3af787b8f07aacd8a21fd064be56bf-12276.manifest
modified: a/5/c3213879ddcfd4888b865efed28abe-2322.manifest
created: e/2/401df7b9256aa45f5f056416657c98-6490.manifest
created: 3/b/0892f0cb6294bd4138ab451d7779cc-7689260.o
created: 7/6/d4e2432cbb55e6d2988dff6d03f0e6-1650570.o
created: 2/5/0bf3f08978ddf9927cd3c0d4a1f219-9018.manifest
modified: 7/8/cf953a088564f31612cf29b7fd4ee4-13379.manifest
created: 7/1/9405c17ac1f8d6dc52e618d12fae45-6319.manifest
created: 1/4/f6eba1e747ffe3e9091479f813e78e-5970.manifest
created: 7/7/a7aeddf9275df6502b4f33d1526122-3213.manifest
created: 1/7/1cf69bd71cc2b782c3c97ec8d8d4c5-4707875.o
created: 1/7/f230d38e35635529ac6aa1ae68d44c-13301.manifest
created: 2/2/c6f29fb8a4f1fe1c0182e183c0a205-94261.manifest
created: 9/7/6afb7aeaeb464ea9a18fc113587ff9-5688.manifest
created: 1/0/c598f326c02d1861737b4d17174478-5238644.o
created: 2/4/1f51aa2c2a9861f5f95844d28af833-5538.manifest
created: 2/0/d2fb49b0e9dfc7432e5444161cf206-3587.manifest
created: f/e/4883a225c740344ac7924a19cd4e72-5187736.o
created: 1/0/42e9bf2229060b1cb3591399070733-962576.o
created: 1/0/a00b941928ed7d562f5d5747a64111-1758092.o
created: 1/8/7f756058190fef37886b8ed5cf99b1-9525.manifest
created: 0/7/76ebcdd4719ea7a824736a95f71e07-5167809.o
created: 2/9/726dc7f865c6fe0d08e159520f5f0f-3860.manifest
created: f/e/3bc33b38ddb47201f722b6345634ee-5149587.o
created: 7/e/ba405cfec9c97cf8649c8a86b9ed00-2156204.o
modified: a/stats
created: d/c/b298c99f403082be9b1688ca8aba32-3525.manifest
created: 1/e/9e252b506187bbdf8080311bc411c9-2025096.o
created: 1/a/31511799e734eb256f6592db1b3c83-1750.manifest
created: 1/3/b5bbcadcdf53d3442262a7ec32020d-144288.o
modified: 0/a/e614c60a857d565570d15e27d6914a-3068.manifest
created: 2/7/efb8fbd9041887c8096735576bee1c-21178.manifest
modified: 6/d/1a29532ba16dffee5416f4f0046a4a-33374.manifest
created: 4/0/0164d7dd8fe2e0c2fe30e3b520f250-5805843.o
created: 2/1/34ecc90ffabe3b56f8e407369513a8-3016744.o
modified: 6/8/680f61c4b468f3cd0748fad2f8daa1-31601.manifest
created: 4/6/70e45dcbf46538800d8a0d01dec6fb-4635039.o
created: 9/c/644a35cc21580bab797f2de3620ad0-1836.manifest
created: 1/b/8a204b68c5c0e06adce83a37b535db-34524.manifest
modified: b/b/dd0fd80d3ba3736b95dd77701bd83f-5853.manifest
created: 1/e/5440a552182a8a181120e4e20f6732-1766122.o
modified: c/a/e2c431ea45aa2374bad6cc78bfeabf-2057.manifest
modified: 0/d/b5a8d448a19a390bc1ca10fd7fcb00-4096.manifest
created: 2/c/6cf86bf54cd11d845a9c5a0c17f3fb-24499.manifest
created: f/5/802e4624d337cb7c63d65b9af889a5-6012017.o
modified: 9/c/ad8b0e955e3c1a22c984ed083e452e-7734.manifest
created: e/0/e383233f473220dddf39261f06eb68-4216.manifest
created: 9/c/1c03696b5ceffe9e52095711bae02b-2126.manifest
created: 7/8/1d2bfcd7a6949fbd6d49990e8460d7-5389315.o
modified: e/stats
created: 1/b/68ce889e84ca8a76200bbb64cc6415-3056.manifest
created: 2/9/42522b3dc38494a566245aca27b80f-5622.manifest
created: 8/3/4057d09efee927619cd2706586ba82-2642102.o
modified: 4/d/94e02975df06092ce93681befc40a1-7278.manifest
created: e/6/05699c370df6a7ea0f8e80074626fa-6724.manifest
created: a/b/fd6fadcd98e8610ce09c16d25812d2-5162944.o
created: 2/3/f4edda960a66299c038a35e94570dd-1833.manifest
created: c/7/7a56d3e94b24350357a865fdaa85f8-5188421.o
created: d/a/36a4d9696a8de2ad302634b8b6b985-12378.manifest
modified: d/stats
created: 6/4/ca3db1ed058110101d76432eaeae5b-2886898.o
created: b/3/b8b19418ee908800477dec85bee802-5977413.o
modified: f/1/d718f4a01a70c6aeeb788870d76a44-47258.manifest
modified: 9/e/ef7d1f345a2799874cd5353f8c411c-14916.manifest
modified: c/3/56c3ba8adf570be206796f4a73c42d-87786.manifest
modified: 6/stats
modified: 6/d/e93dccc8891f8d77dec731fdf129ba-2788.manifest
created: 2/7/62133feec2d4049a5f3b5f54c53d71-2543.manifest
created: 5/f/3698f1ff8be90a4909206398c6e898-2769.manifest
created: 1/d/1d699c56b6e2ae6c031cf450a3a3b8-1758463.o
modified: 9/e/60bba29219620fac8d31f841bf1e37-20817.manifest
created: 1/b/be890508d67275bdddf8c59ef11439-3020.manifest
created: 2/d/75ed6cf395d519e5ffe666a499d1dd-95332.manifest
created: 4/5/7c598887defdcb347388fa7e79e1c5-2750407.o
modified: 6/f/8e60161e754a038add0de8568ff7b6-46638.manifest
created: d/d/682c49e960a3978d293c7570701df8-2539487.o
created: 2/7/3468c032594a6e7792c792447201ef-4039.manifest
created: 2/a/0523e55a5bb85795f1486945917944-7816.manifest
modified: 0/d/7bf10c1f1abfac7bf0d65d636ea422-3623.manifest
created: 1/f/56c0545e34fceb235b3818433dec4a-2254306.o
created: 2/6/4fbe234d79b45dcbd2563c8acf2294-5376496.o
created: 7/4/fd168adc5b526182777c10b88c39ac-22563.manifest
created: 2/d/d183a17c86198fd924d7cd2341aebf-2223483.o
created: 6/b/e63226d60a9ab9c10cebbeb7b297a8-6271.manifest
created: b/d/409ccb68df9e4789398bbf735450be-4784792.o
created: 7/c/87c161bdf313618eae474299e2b1d7-1584209.o
created: 5/f/8a53211721ab567bd048fd7807ddeb-4755065.o
created: e/e/528bd1e2a19602c795ce8da48007be-5135018.o
created: 3/c/4b5379f343dcf2428f9035334dda79-2591453.o
created: 6/d/df9977852ffd3e31271ab7f3b249a8-6878041.o
modified: a/7/284524defcf2cb3586a77896d4a671-48382.manifest
created: 2/2/09552420a07709b691365b1d14734e-15066.manifest
created: 2/4/36cceeb5a80198f5e4c1c5642b12c5-67568.o
modified: b/e/f52d8a30624978e763c766e0f8468f-5176.manifest
created: 7/c/3d2ea6e4741f98de194cfb3167cc59-8071.manifest
modified: c/e/6e54ac84129b1c880d372d4428f73b-11637.manifest
modified: 9/f/90eb577bcdc28dc572bd0894df32c7-38618.manifest
created: 4/4/74494e05cbebe52f81aa85f33611fe-7929160.o
created: 7/4/34b5ad83a2d268654b7e8a08190159-3364.manifest
created: 8/c/a0ac597f378651792b0a280d818a93-6382714.o
created: 3/b/3ea758c9ddc25edbd24798d410202a-4655746.o
created: 5/e/40feb682bd14728b667f9f6c1f213e-5177933.o
modified: 7/8/50e7db9daae1010525502b39a2b7d2-6660.manifest
created: 1/9/8c28ff1ed5a827d3a8ea47bf9ae73e-10653.manifest
created: d/0/2de662564847f57ae19ad6cb0a8c4f-3013188.o
created: 1/8/2699c06d12a56efd12556122ba39f9-7021648.o
created: 0/9/cd87a2717d3bef1373c704ae922049-2485.manifest
modified: 2/b/b80b6590c5919ce068f0421922a42c-5742.manifest
modified: 9/2/86b53cb6e809fce25867a259e52a4c-10952.manifest
created: 2/7/78b58567b1fb24ef2cef799e741913-2106186.o
created: f/4/d58e6d29a43207c9c5f12bd18b0ccf-4405.manifest
modified: f/stats
created: 3/d/e26f36793bdb9dc2de7278262c3b44-2557396.o
modified: 5/stats
modified: c/a/33c9271242ce816453ab2d06a0bb1d-7787.manifest
created: f/3/2e5be5a8e0361f7303273de31ca2d9-5127.manifest
created: f/b/e476fd19079c9fbb986458c05d6e89-1832303.o
created: 1/c/da5082756206d518b5816c6cd446fb-1884.manifest
created: 7/1/5b3dc839065afa003dc00c77d790b7-1932983.o
modified: 9/a/0cb621487a47692909d323bfc3059f-6960.manifest
modified: c/stats
modified: d/a/4489d184ea0867135373528fed21b5-3125.manifest
modified: a/c/bd704d26c18a548aba6f3ddbdd243e-10878.manifest
modified: b/f/f819e4730c09e662494aa7ba39f8f9-7442.manifest
modified: 1/a/e990d6c526831226078d606882612a-11313.manifest
created: 2/e/55073cc0939b2caf17e5771fc89050-17721.manifest
created: 6/8/e013bb739d1e0ddf152440a88b6e4f-6300478.o
created: 7/3/31d65990123cfb9c5b008aa02ad6e3-4337.manifest
modified: 7/5/22f2363ff8f475942e6b0d95e1fcf4-19728.manifest
created: 7/b/a009ccffc97cb4e16949c8ec89a1a9-2189156.o
modified: d/a/8dd1afe6de74a30ce4a68036d56ad6-16100.manifest
created: e/8/3aa08092e171bf124d6fc80004fd8e-2087.manifest
created: 5/0/3f068e221c843df8565a1a1002a5c3-7767253.o
modified: d/d/29c722fb9347afbb367286e5cc47b4-11493.manifest
created: 4/0/9a997555c0f23e61247091ca470167-7414993.o
created: 4/e/26fd5e3ab0b371df3403de287bb5a0-2664.manifest
created: f/f/709ccfd86781b29874f04f73c6e0c0-2445.manifest
deleted: d/9/b9bab5ae8710a3027fb5cc59b41285-2047559.o
deleted: 6/1/176c947e949432c28ba0c8622e3eff-5726.manifest
deleted: 4/a/f3bfb6014ee05819f916ae449aae6c-5702.manifest
deleted: 4/5/a0bfd36288c916e7ffd44427225235-1598080.o
deleted: 6/4/0e98c21f20c07da2319de943cad8e7-4905.manifest
deleted: 0/6/70cff8cd83fd96c246a072b01f250e-7010058.o
deleted: 6/0/2e9f5a890844292eb485c8071edea4-2239.manifest
deleted: 6/0/351c0a8980f567c3e4a6f2f6f7c5c1-5147707.o
deleted: f/a/3f66a907095a558cbb9447c09eb914-5977307.o
deleted: 6/3/3c4cb5fcc4dbeb1c3d7460f8bba078-2799.manifest
deleted: 6/b/d595660a976d7e3ccd3986587c05cb-2851.manifest
deleted: 8/5/1a3dd4b384f8869b1ede112c2ee230-33317.manifest
deleted: d/a/3a9546200d09bede39643ef8a3472d-5695770.o
deleted: 4/1/d543dac52b86c4524e6582588f9d52-45821.manifest
deleted: 7/a/e6f36b853f9f8dafb8d09ddf3207da-7767147.o
deleted: 4/8/30383a7f563e6573186cda92e5ff1c-18876.manifest
deleted: 9/d/2e2e971cc4db75467c3d982f331b1f-5106867.o
deleted: c/9/f7eb543398e33368e9922132bf17f1-7009765.o
deleted: 7/6/d06682422108d42684e19df267c26c-5167703.o
deleted: 8/c/46eb2c453da9c758e30e34bcd1fb54-5498453.o
deleted: c/6/c85cd75be17d78be32b1a34ec6a470-5972446.o
deleted: 4/c/ee1ee3c0cfb730ffe5d6d2bc5665cb-17420.manifest
deleted: 4/f/8a91e1b3ed2ee1784b0157fa9a699a-9171.manifest
deleted: 6/a/1ffd9df9e0c0200103612139189839-3073.manifest
deleted: 5/0/acdc89a4b4cc85c85223756c0f247f-5315761.o
deleted: 8/d/931157e14043b19b860be78a072161-5217140.o
deleted: 6/f/e52e39b7b3d4fa2703fc51de7ff969-2529.manifest
deleted: 4/1/3c5eb1f19fa27a425266079765383c-6923272.o
deleted: f/c/210bf48820630591ac6550ec6fbe18-7929054.o
deleted: 6/1/a00b551d334ee7209b90645463ce62-1782772.o
deleted: 6/7/353e5628effd1e974ce98bd5a1c354-7170.manifest
deleted: 7/2/856b72da63291c89db2e3ce72ab963-6382608.o
deleted: 8/0/32f3acb71666b750680ab62c91dd2b-3403.manifest
deleted: 1/3/b873bd535885c733a4cb6f76441289-6102862.o
deleted: 6/c/da6ea5976b43d922f7d5f209889581-3137.manifest
deleted: c/5/74a022fbc4f5315c04c25f2897d813-5243940.o
deleted: 4/c/ed6b0ef9576dfe8c756bf30d0050a2-5337054.o
deleted: 6/a/7bc03d323da9d2d2da28c72defac6c-15864.manifest
deleted: 5/4/e994acef6250e26fb34001a47af3d4-12313.manifest
deleted: 5/9/0494cd0906c79e4bd6c146fc7d623a-7414887.o
deleted: 5/a/5a43a5a03b63fbe6e4344a93c14544-5292094.o
deleted: 6/a/05a2d70a4378125a52c3a8f2c90058-5109549.o
deleted: 6/5/a64e8cc48c4cd800d07209d9120c9e-3925.manifest
deleted: 5/f/33f57b74bfaa273a46ed9471213b06-7689154.o
deleted: 6/8/3460bff4dde2c573c5663df1eac355-5195683.o
deleted: e/d/bfb47b2f646482cda9036e3220744e-6300372.o
deleted: 8/7/6d66f00c678780c1435f1ce349c75e-14097.manifest
deleted: 6/5/de867b12ebf1036a92795286d71b35-3337.manifest
deleted: 1/5/5333e5170536a1a5476abecab89747-6114076.o
deleted: 2/7/e6744a5efdeae2410ac3e9663ceaee-6047945.o
deleted: 6/6/6b903a9fc68ef2cc84f166d41069d5-10626.manifest
deleted: 4/4/10ba4c9810e7ba29a529ff795ce16d-16653.manifest
deleted: 4/a/25d4e6428fcb76a0675725f7607da9-993300.o
deleted: 6/3/f2fd27019f87e7625121680541dd06-1595353.o
deleted: 3/9/967b19785800c925a70abc3d5aacda-5133011.o
deleted: 8/5/2751a80978f65758bafbb87b64fb98-5805737.o
deleted: 6/9/a1c53b8c35012b0935fe6100a1aa36-3611.manifest
deleted: c/7/9251d4851cb25a30904ff5347bb81b-6892438.o
deleted: 5/8/4ccb62263b8ad8b457c8c74d0d92bf-5146308.o
deleted: 6/8/8b850e57f17396fddf22972da9e24d-4283.manifest
deleted: 1/1/aec3a17d881eb23dfb768372b26770-6038411.o
deleted: 6/8/8edb6a5194db50306d1095f1d3e5b6-6792.manifest
deleted: 6/5/b4ab2950926f34913951f328405ab0-16262.manifest
deleted: 4/3/85a8b0f6873c781715b4b8aa879b27-2678.manifest
deleted: 4/a/2adc0286153506b517bf0efd3b06bc-6877935.o
deleted: 4/4/ccc87868ee245ddebffacfa5833213-1936.manifest
deleted: 6/6/7f57a32b6cbc0555722d9f6c012693-7021542.o
deleted: 3/5/6587bb5deb84264bb3174b701e7a44-5130903.o
deleted: 6/a/48115195fce5de6ea62bd78c07be69-5218468.o
deleted: 8/b/7487a48e3632735378e04677d7a607-5128886.o
deleted: 4/7/285a11d89654ca5b166075606c2399-2777.manifest
deleted: 6/a/eccf802408744b6343b140fa81482f-3393.manifest
deleted: b/c/58964a76a4a0eebaf84911340cf95c-5350108.o
deleted: f/1/892b7e3e4a186829ab69e90c5224d6-5149481.o
deleted: 6/5/77ca3e4afcdfd7dd92c92a1660ec6e-1153896.o
deleted: 6/1/284e4b55d4f6bd5f9acea7fb18b37c-2324.manifest
deleted: 2/5/d3ce6ef6f534b1f006191cc0ed226e-5961702.o
deleted: f/c/a845ab17dd8bf61c206c9ece65aeb4-5188815.o
deleted: 4/9/93e44b077502fbef62263899cc3c1b-1552760.o
deleted: 5/0/103ce7897c692e9a45ee95fdc1590f-50548.manifest
deleted: 6/0/ca67753925cd5877dbfa8fcd16bfbf-39827.manifest
deleted: 6/b/68bf5b240489090a081af6a5bf8d5f-4289.manifest
deleted: 8/1/741af12359b1c50c4ebf41fd0b5a97-5121481.o
deleted: 6/9/e5d5da3af0fbedba63e033e2788a26-1589405.o
deleted: f/8/9e1e781929b1ed87a5a6e1a120e5db-4890634.o
deleted: c/6/62f97f5cb783e578c4b514c59880d6-5183923.o
deleted: 6/8/0cf2492e08efa55d956182a25148db-4027597.o
deleted: 1/b/c80e9a85026ebca961542dc12525a1-6797858.o
deleted: 6/5/4e039dcea2720ec9cfa83022b4b02b-49973.manifest
deleted: 4/0/42632657b62573b1ebb77cc1832c9f-4830051.o
deleted: 8/2/20d492f9b7e39409a0c69b388c5682-31597.manifest
deleted: 5/0/4734c028aae7405e7f8aaebc6e942d-3358.manifest
deleted: 4/8/de848da40a5d4761255356767991ce-2113.manifest
deleted: d/0/b7ab11e9b3c8627c01e959b547126b-5247118.o
deleted: 6/d/0a600b9132ef1ef373198e4bc2c2f4-15936.manifest
deleted: 6/4/c1e21f101e2fcd9b7344f7d3b658cb-1832303.o
deleted: 9/9/c4f978ee7b4ee740cdea88cec95159-6898323.o
ccache cache size is 167Mb.
Uploading cache ccache...