SHA for cache folders (/tmp/ccache_dir) is 'd22ea341833eb30879fa992322513879db359e57e1c17b458c9e9af9ab6714cf'
Cache ccache has changed!
List of changes for cache folders (/tmp/ccache_dir):
created: 7/6/cd08a40236b0e3bf11390c95cff0ef-4425459.o
created: 0/0/997c9a5ee756716178fb1b9c9b196e-9684.manifest
modified: 4/f/adc4a347b05977738520831256f45b-101103.manifest
modified: 4/f/d05c8785a71f20472e66cbfef56e7d-12620.manifest
modified: 6/2/bd59f6efc9293777857e26ec874de5-3257.manifest
created: 7/f/310a9510338e92c490684ae963a9df-4440063.o
modified: c/e/788d06454b9b61701492fdc0482e16-2500.manifest
modified: 1/b/916321eeb3d534a4b81a871cdf4478-107508.manifest
modified: 3/6/f3f0cd2764f4f7ed0d2e8f9fce68af-1969.manifest
modified: 5/6/6509d726622c87309ee02998cea6d3-4803.manifest
created: b/7/56552bd53d82346eea28905c620a37-4437185.o
created: 2/6/c1967ec8f658b398f7bd3560708449-3096879.o
created: e/5/9694ba0d092aa31ea394caa8b84384-2775601.o
created: 6/e/08cd8fd31211fae29628cd881be768-4995436.o
created: 4/0/0153b17da34bd374b31d7c20fa345b-4854490.o
created: c/f/4526ce99745bd11773a7163c586fb2-4442939.o
created: 2/6/8fff450fec2e8603429691f8c1a792-3374838.o
created: 7/8/547ec8ff0f2269d0b0f0c135fc39ee-4930607.o
created: 9/2/cd6220e1a0d6f8691b0a88361e9b4f-4440053.o
modified: c/6/bc6ead02dfbb63c9fe002184ef0a73-34821.manifest
created: 0/a/dba9f5999791f2f3c06561fd2da8b4-25956.manifest
modified: 4/b/59fb1a7250a39d4c46c7d88a97e4bd-7231.manifest
created: 8/c/c17245af447f77380268e0e4dfbfcf-4503568.o
modified: a/e/d4188ff6e1a45d3d30a025d8c80778-2875.manifest
created: e/f/09ef8e83727f3aefafa33b602b9d51-5386123.o
modified: 1/1/a43266ba88d54cad39aeeb197bcb42-17900.manifest
created: 8/c/4de9aa620625a55a307d47878cc23b-4454711.o
modified: e/c/804e7e3d7294a5fb54eb46e048efe2-3052.manifest
modified: 5/3/77021ddbe9de55681810a2c81245ab-2518.manifest
modified: b/5/f8f3119dfdf7a21d664b7fd79e1b86-49284.manifest
created: 4/3/2a5f766494b8b3679a71b1c6caea5b-4501713.o
modified: 2/5/78b4466175ce8976d52d8a4c4dbb3f-2490.manifest
created: 2/b/c6422f3494ed38cf7882d7e76186cb-5751642.o
created: 4/a/3c1bce957afdea2803e9d96714585a-3201842.o
created: 0/1/cf087fc760ee273dedcedf2a2fe28e-5483132.o
modified: 0/d/7a69ec5009b9192545a42db55b3fd8-26358.manifest
created: 9/6/98f01ec3f8f9ea65b330d76b6ade5c-4436949.o
created: 2/6/e63d11e755bbec24dd3326ce47c82f-4450935.o
modified: d/5/9ee85410c5578dbc760f8036bbaf2c-3187.manifest
created: e/e/1c16c01921aa124392c761cf3e0096-4533074.o
modified: 8/2/311c33258877e1a590b38704923297-19445.manifest
created: 2/e/f96fd4c0767cf71d6ee9e3ee9bee7e-1953940.o
created: 4/b/28ac19f3c2531dc13cb31e3c2a02db-5017541.o
modified: 9/7/6a0f171da53f7e412b8db34aa1ba2d-4120.manifest
modified: b/4/2ec8e33893ef07eb4503d9cee2ae7b-5967.manifest
modified: f/0/e59964194c67d614e88d279286b4e9-33522.manifest
modified: 6/3/f8f6f7d46943f3f4d47eeea2a772f0-5831.manifest
created: a/9/3971924fb9d73dcece6b4fa03e61a3-5075953.o
modified: c/2/28dc9f1e74563095dcb6c5a289f531-6588.manifest
modified: 4/1/d0de2bfd2ed75caccc0ded7e5be1c7-2319.manifest
created: a/1/35841fefefa027448f0797d4872ac2-4943366.o
modified: 5/2/c24a819cb652ae31515e714471b2ff-5898.manifest
modified: 2/f/da548aea1e83066528f78ad9b338ad-13586.manifest
modified: 6/5/0eefdc37203d8bb3e87db0d3f3a6e0-4183.manifest
created: f/b/0a76836e3ac6554fcb742e05330f9c-5037138.o
modified: 1/a/55431e52f904ad030a503ea50ba81a-4238.manifest
modified: c/c/b11984d996ed2f26f748643c7cf520-1945.manifest
created: e/1/d265aaf0f9c1a1f752b2c9a7159b67-4911220.o
created: 3/3/54da732b1e397d320e33e265cce147-4988790.o
modified: 5/8/997e6368c6a0b4228ffe39025998bd-5739.manifest
modified: b/stats
modified: c/c/aa756c4bebe07f3bca5fd85bd5ca3f-2235.manifest
created: 4/1/0cc64590e6ed71c3854a96fd9d4c03-3276085.o
created: 7/0/9121809d8f9e291c7296d8030eb1f7-4818168.o
created: 7/8/f13cf51a6f028ac13d3c5eb1a8c119-2861576.o
modified: 1/d/170d44e5a6045a3b9969b86580db0f-2110.manifest
modified: 8/0/2191e514655db5e6263676001114cc-6572.manifest
created: a/c/0f5f115d209eabe5c3e211e45e1746-4434795.o
modified: c/9/8072b56e8f3cdd96168b9e3448cc72-14429.manifest
created: c/d/114b3de443f63463153a11a5051469-2928493.o
modified: d/6/949e19685cf2ae95aa8271a2ebf6ea-2805.manifest
created: 7/8/ce22d8f355f00bc2f422a8602b4575-4436832.o
modified: b/0/8d478f0de25b534f9ffbc8c888feb2-3800.manifest
created: 0/c/2d01157d09e23135674b644cf0718c-9767.manifest
created: 6/6/cc668c3fedd6cf0240bc6c0e0cbea0-4586919.o
modified: 2/f/ede17407cdc141c6283d9c0679cec7-9244.manifest
created: 1/9/155d851a424e90aa00aa300b0d1bdf-4498725.o
created: 5/c/3425e81140d2fdff8d764aca12bbf8-5685478.o
created: 6/4/7502b911d5a200ff0b46ae31a0a37d-4490520.o
created: 6/d/ef230b63128847af87da4185b325a1-3092601.o
modified: f/9/7a38f21fd1d21872a4fa286f656036-14047.manifest
modified: 0/stats
created: 6/9/425cb474068cba41168d4c0da2c2a0-3027288.o
created: 9/2/e7714f18338550133e5488fd21f7bc-5029717.o
created: 9/e/b6a4f1ff99706cad9869b9a3a8394f-4500875.o
modified: 1/stats
created: d/d/5eca6790a8b195d390c9a203b636bd-4981218.o
modified: 6/b/35a50e6e60f2a0036a2fbc42410c87-12508.manifest
modified: 8/stats
modified: d/9/35f1e849da3f2434033e0aa58e8cbe-4000.manifest
modified: 0/a/8020ef34074e0964f1caabf8de7a29-12910.manifest
created: 8/7/df1efe4b7bf0b26e207885a9ca819d-4436903.o
modified: 4/a/0aef4a943bc635c34168986d9ccb0f-3737.manifest
created: 2/8/89e9fdd8455eb5bc492947d0085c65-4490556.o
modified: 0/d/921380aaeb3f1470a995c2db2a8215-19700.manifest
created: 6/e/9307f9979ac5872ed61c8c06de7ec4-4560373.o
created: 7/b/166fe6d8337fe23d70e07306507f11-4604293.o
modified: 4/5/4f4fa97230b4fd8621d7ace8fc7db4-14897.manifest
modified: 6/f/34c1f6e9988ce650c963e476142aa2-3692.manifest
created: f/7/662079b6fcae8f4a6968a863587b59-4926355.o
modified: 2/e/96d54185a9badc4f2adc57d30100df-3599.manifest
modified: 7/6/27079150bf8b8f6cee5e97ec3f6d34-7304.manifest
modified: 7/7/e6d4b9e5c9e7069a2e109027fe15bf-16996.manifest
modified: 2/e/281495fed89deb08212744ff8a2d85-3560.manifest
created: 9/4/c252b6a57c85a5a148dca32bde1db7-2762195.o
created: b/8/ba32454fdda2a6d376f14cd0052567-5779930.o
created: c/f/481014bd36845880dfd75e48908f58-2977551.o
created: f/a/41e53afa37ddab13c0450d2ac53318-5006447.o
modified: 4/e/75daa31dbf21cedb182f0a6f118b00-25945.manifest
modified: 6/4/f430cd54fed0fcc2d3046816b1a1ed-4151.manifest
modified: 8/a/6f40f4f324637c82d36cd56e5d4c5a-2438.manifest
modified: d/c/8b1f58a4c805f2172268c9634dc428-5841.manifest
created: e/5/3d5cb7adad395d1b0cb5fbc88ce1f2-4438834.o
modified: 4/0/3a3d69c679d1930c5271d17f3ed4af-6624.manifest
created: 0/1/5cca74ce0c63a066608ffefc4dd57b-1996.manifest
modified: 2/3/2ca5dca14b8fe89949578a348a3986-33488.manifest
modified: 3/5/b503ade64eae00a3fd94b8f662104e-3185.manifest
created: 5/0/7fdfee987ce1a845a6e6a84f76a4bf-2442488.o
modified: 6/f/6b1528254c30363a66d95ebe9dd061-3580.manifest
modified: 7/8/cba25dce6ebda5c1f7f657d325748e-4217.manifest
modified: b/f/86c52269585151c5e10b3446efda22-6084.manifest
created: 1/8/f308893899ac415a7fa77dd4f8ae83-5001210.o
modified: 9/f/e9bb9df375a266581bca230dab238c-5796.manifest
created: e/a/26f75a9acc079d45ed72a27a69481b-4972407.o
modified: 1/6/e0ea5046448372aa0874d012c5c21f-12821.manifest
modified: a/stats
modified: 0/e/7a398b4800c2d6b776ec79151ea200-3437.manifest
created: 7/0/e4d5dfbc1acaac7c221947a9ab49ef-4997286.o
created: e/d/3503bf86f7a2ebf51cdb2767069497-4960462.o
modified: c/d/52532d4ca8755fa14eca68271c89f5-29228.manifest
created: e/5/86ffe8bf7b17134efa39421adb6d0b-4950265.o
modified: 1/a/f534e1ee2d587bdb9b94257e4316bf-7018.manifest
modified: 2/2/26c3a42eae9248a0ee660d83bcac52-6140.manifest
created: 5/9/7e7ebcd83cc7719c8559e0d85ebfc1-2632636.o
modified: a/4/b922d6ee87b90aeb5bafb608ad9503-2509.manifest
created: c/e/dfc8192e381ad515dce068d0be667b-1931370.o
created: f/c/ecc467a70ab1f91ffe96c652ed22c8-5415442.o
created: 0/d/d252cc6f06e57ba5190e696e1d2a1c-8061.manifest
created: 4/4/165f7dd534e40b103479a858e1115b-4860517.o
modified: 8/2/7f0d2bfdeb22d164d53050ca4172d2-6864.manifest
created: f/0/20c8be8fb4c47de6d5c7c102fb7040-4885789.o
created: 0/2/fb0472add7d3050865d8e2f6868908-13675.manifest
modified: 7/1/e413cc9398e610b78f17572f17de2c-7284.manifest
created: 9/3/69c6a46a7a210d160587c962f368d0-2503393.o
modified: b/c/65ad6adce7a8e8da124ecfcf83df89-20619.manifest
created: f/1/77ac3a7c84c88133df65d1f1d17d4f-4507399.o
modified: 4/1/a7d0edc7c2c23ce3b94965bcf5187a-8899.manifest
created: 5/a/23673119f66aba3aabc3c012d4b75b-4442990.o
modified: 6/1/5b722e44073dec78a53427e677c3ea-7712.manifest
modified: 7/8/0c74c3bf06e94bdceba2cbbbce9c2a-115995.manifest
created: c/5/edc6143f85ad537070cb0535678a78-4837926.o
modified: d/c/980fb79138b447d6078bb5f8571b3b-5656.manifest
created: 0/3/7f81a85417fb788d11b418109bb6e8-2584282.o
modified: f/9/644419223041afe038c4f3e915b0f5-11521.manifest
modified: 3/d/1f7de51eeea30ec49893a0a342773b-4037.manifest
modified: a/e/c4b07afd24b00320c714e0cf978435-4838.manifest
created: b/a/b0fd78588d12329491c0cc841e3c0c-4840437.o
modified: d/f/d232af3162e37d44278d6069c91f98-3812.manifest
modified: f/8/02e63e2ebefef15658ef69c163e4ea-3477.manifest
created: 7/4/9ce0f94ee1a9896aac1f8c15bfd041-4949301.o
created: 8/7/231f93f67040fe4bebceac7649ca86-2441212.o
modified: 8/d/9619eef4a2305644d2018381a85973-3410.manifest
created: f/8/27b5ab0a2f5f30195dbc2639c52d86-4435995.o
modified: 6/4/e4f985df1cd845d24fb46d571957f6-3486.manifest
created: 5/f/692d485ee2862eaf7d662f83f72f69-11913.manifest
created: 7/6/3908a924cb9e9f71a585fdf4c9fed7-4441196.o
created: 3/5/54cfd3f9bdde03e8ad81fe33da9aca-4543019.o
modified: d/4/3394a70f645903180ff40ac785be68-3142.manifest
created: 0/2/0fe4cbf005fa6167fcba9603dc2512-4424089.o
modified: 2/9/fb8faf7f73425435b18d320fb292ae-2403.manifest
modified: 2/6/fccdeb2fab75c7eb6523d369b8fe71-15978.manifest
modified: 3/e/ba1218d1733bc84eb87fab40be795e-5883.manifest
modified: 3/1/bd9f01a5c1a3cc82138a1b0ec6b6b1-11098.manifest
modified: 4/2/250f6d3dc1db4593dd70c9f5e6d225-9540.manifest
created: 5/2/8051d673ce5a39f8615102013c120f-4499783.o
created: d/c/7e602fc752dff8e7b5af61ad789e01-4950576.o
created: 2/9/ac668604bccd4884b05d0f5cd3cec8-4375087.o
modified: a/f/3d1cfb165d27bca448a2208d8fa436-27397.manifest
modified: 2/e/e3fd3c5152f3b37ba8e075ce96ad25-3327.manifest
created: 0/d/b1f5001e15628e725e8338274676e5-39941.manifest
modified: 2/a/3649395d2b8a9a77310e1d4b0dd39b-1907.manifest
modified: 3/b/a49636384e4626f47f91b2e6eb5fe2-3089.manifest
created: d/1/8aa61a89f7c46d850e4b91162dc234-4438695.o
created: e/8/9a978c958fbe4bfff55ae5cacb248a-3240136.o
created: 0/c/21f0fe2fcb099b5b73612338703033-20424.manifest
modified: 3/4/0d1e953d8445b1006152d89a31d5c9-4512.manifest
created: 5/6/6b0440d034a16cd83d6cd7a3d3dd0f-4497094.o
modified: 5/9/e94aa6755fe8c86736d468cdf8b1bd-35069.manifest
created: b/3/738ffa2514bd241f544f4e46b55d36-4436050.o
created: c/9/baa98de0a6ce957c87222aa4089303-5093014.o
modified: d/3/e699caad85eeba911fd6ab6a1fb5b0-4268.manifest
modified: 8/8/d14ed443209128a6931e1933a5d332-38807.manifest
created: 9/2/4ab4dff3632e6da8e6d5b013586f27-48063.manifest
created: 0/e/acba24b5b5129a2029e4459071b7ec-7241.manifest
modified: 3/f/600edb26512f474470ceda0968631e-3411.manifest
created: 8/b/de3c18fbba07ba2a43ea3ce3580ec3-4915583.o
created: 2/6/d12cab3c27247e70987795c23fb6aa-4438766.o
modified: 5/6/d64df157a798ee9db8e4a7e955fdfc-24613.manifest
created: 9/7/661fda97b5dc0cc212e803e61b768a-4928102.o
modified: b/b/545ba7f0b141af779d072a4d3bb8d5-37303.manifest
modified: f/c/fd0e3a11de86c80dbdca900c5fe74a-3409.manifest
modified: 2/f/cae2b220960ead5112cc4002e91462-18560.manifest
created: 2/1/01841192870abef8800805d45a67ef-3071806.o
modified: 5/b/e6e58cb9d2263ff9e689669edd70e6-50662.manifest
created: 9/1/235ea49b436c658f4ecb962d2057bd-31294.manifest
created: a/4/aea7dad9b2be96e695fee878b5c086-4967109.o
modified: 1/c/2469affee6dd1893c6916fd1596998-9630.manifest
modified: 1/c/6284ffa04413655fde0b1a8e5e4555-3451.manifest
created: e/0/8b638bd7463ca0cb8d0baba9bb8b19-4816900.o
created: 9/6/d2238ba5f580d5527d4465a0f0d04a-4440252.o
created: f/6/63056d76ccfb421860f58059bbe93a-4926507.o
modified: f/1/448ddda66600c079313b997e6b03d0-2340.manifest
modified: 2/stats
modified: c/8/ef6b3ef9efbdb8e5101dd78271b116-8043.manifest
modified: 1/5/adb4a82c36a9be74e9499d04314360-3371026.o
modified: 3/stats
modified: d/a/7783687ecf2347e6ed5c4d5179c128-1992.manifest
created: 1/7/66758bb91eaeb7ebc45a1a68f9ea48-4441129.o
created: 7/0/cccb1a462419c97c5231d8ee6e22c0-3108807.o
created: e/1/8019c2a9d055503ba7c5cd5876aa54-4443169.o
modified: 8/7/6857b349548d995f7345215243fe32-6095.manifest
created: 0/4/8f8b262e23a55a24b15acab3e87770-3312.manifest
created: c/6/d77c529ed22bbb3843b6bee3ad6e08-2943711.o
modified: f/9/fdbd8aff5074d3b6fd6828e4f8ade4-8066.manifest
created: 0/0/be042c04a2b5abb8b9727a2ba49ba7-2839383.o
modified: 2/c/b9c1122dd1407d510b305390e56f11-2246.manifest
modified: 5/9/37be1f78eccebee470d19fff3036e8-5652.manifest
modified: 8/7/83db6902e8a25ea60fe31bda326b39-5131.manifest
modified: c/e/7f2ff512c530fbe117c410a7aaf516-2772666.o
modified: e/0/25f20ca5e45d71bc0e4752d90e13c4-9114.manifest
modified: e/4/bd4e557cb58c2e3e9d46af86df9d1d-4455.manifest
modified: f/4/d111a17997d0b26e83219bfc8727d6-11889.manifest
modified: 4/7/71f32dbb28da374fb4632943936e7c-2636.manifest
created: 8/1/e8cfc9d210e522cb5309a0c019ef41-4960891.o
modified: 6/6/c60c80a5ea737ff4d49ac6e769aa06-20341.manifest
created: 8/9/00f518e75bec2023fccfb26d2535df-3028462.o
created: b/2/da6e5054c825286f476853f52a8ace-4437561.o
modified: 4/1/9cbc08037a179281b1fe3945cb80bd-13411.manifest
created: 4/7/f5f19869dd8d714a6e3e7f86f3c786-2911823.o
modified: e/9/0ac86a95af987883f15dbe2fd131d7-3891.manifest
created: 1/c/d506a64759a5714c276b7aef977e53-4832114.o
created: e/5/b50e6333f4883b548d2771419a38f8-24983.manifest
modified: 9/4/f3cf913c021bbf47ec57f829e128a3-3786.manifest
created: f/3/8bc7dd3e55e5ab371cd79426f21a92-4443769.o
modified: 1/5/64ec967e2414f310bf3651edf7fd27-3592188.o
modified: 2/c/ea87a289b2e1d353c75f33512c3db7-6348.manifest
created: 5/3/6ab7f368aa02785c07b21f25c1cdb1-4841171.o
modified: d/4/820349bf1485e7a2f4579028633af1-12285.manifest
modified: e/6/abfc07b5e7fed6abc0184c55258e53-5925.manifest
modified: f/4/8b022801cab72dccd4da34aeaff816-2514.manifest
modified: 4/a/6a572ac736c923e18a293dc789f27a-3444520.o
modified: 7/3/ea8da4e34c116d12d71289786d4be0-16050.manifest
modified: 7/6/37382621bcc28c5540deb64f80c580-9139.manifest
modified: d/stats
modified: 6/c/407617dcb347e777a5e6340a633c46-21202.manifest
modified: 5/6/45a575e3eecf7d744bbf23a64663a6-2164.manifest
modified: 6/f/630d36cec957040e93ef149a6e5773-8185.manifest
modified: e/4/4da2135c1c379aea7d27f36247fd9e-45849.manifest
modified: 2/2/907aec977cd4cd6e58cd6c9d299201-47977.manifest
modified: 4/4/c75b9c52bf45d9265330c0327c143a-4135.manifest
created: 1/4/a4ae36f86e2597ef991c905d8691d1-4437927.o
created: 1/6/9e370dce7a64ad52db94ed9f2bb11d-7368.manifest
created: 2/d/89eb6ad8995c10485061b50fccea2d-4976537.o
created: b/3/5e304e8b766d3b1803339905348aab-4824712.o
created: 0/1/71f40801554982e2c6427743748e81-4903313.o
modified: 8/b/73b226c40109b521c0d0716d9b227a-31711.manifest
created: 9/c/bc5d99585d000de2e0c6fdaf527064-13669.manifest
created: 0/3/3a1fc4555b82bcdda021d6106f002c-4469708.o
modified: f/0/f8b145465ec99290c9b13d7d743ba5-22738.manifest
created: a/c/8168c90f194d867458eec5ea26e89a-4852387.o
created: 9/1/772dbae8c5bbb6b1bd7c06a238e7a2-4943761.o
modified: e/9/0cfdd4bcf0b6afa288a73d3cda23c4-4531.manifest
created: 0/7/3ae9b4f902d43747e0c4b22873e88f-4455296.o
modified: 3/9/4f48d02e3d3995a092ace74b607787-3103.manifest
modified: 8/6/27cb9e136e2e0a9699bff317fe27ac-4933.manifest
created: 0/8/e8ec21f2b30457894acfe087c51369-5416897.o
modified: 6/e/956d02e907170778b0dbdbc261bfb2-2886.manifest
created: 7/6/7a167871f130929785ef5fa85435aa-4820200.o
modified: e/a/090425e22b498852592f27d6222e43-8223.manifest
created: 0/f/1e79601068eb46b5102d4bbe6140f4-14406.manifest
created: 5/5/52a68abb131ef957d403017bb7d9b9-4964812.o
modified: c/7/0d839525579c547e5181378ad54c8e-5446.manifest
created: d/d/4a4da4dc2babdbb5de6e14631bf0aa-5006619.o
modified: f/stats
created: 2/8/6866c3b62d78e8cb20edf3c1fe3d0a-2983629.o
created: 6/7/67d38122220c25575c70cc09ee9711-4843710.o
created: 0/8/58d12ce732b38185c02fa929016e8e-2702470.o
modified: 7/5/ac4b41b2ac7eb321dcda26a460be45-5064.manifest
created: 7/e/977682fed3c0450763fa9947ee00a0-4438229.o
created: c/0/99b75a8e69e53418e352c9a32d19bf-5034284.o
created: 6/0/2ca56b2f8691306653859c358d6de0-4441367.o
created: 4/1/3d27fb3dc641e761008ace7c5f3d24-4834406.o
created: 9/f/f018b5a083f7b5aba68d3f104220c4-5010670.o
modified: 0/0/4d98d858d751457673a8f171ebca46-19842.manifest
modified: a/8/05ff392e340755b2f2d4cf4f02aeef-3124.manifest
created: 7/1/9702f56322cd765397c8221fe63b5e-4497737.o
modified: 1/d/873665e74503f2cefed6131b2f46f4-4328.manifest
created: 6/9/0bea453cfb13330861d7ffeaaedffd-5034019.o
created: 8/f/0dce74dbd0ae1d025a92fcd9978cb1-4825729.o
modified: 9/8/51e8e57642a859a9a9ad1ef52ca85f-2901.manifest
created: 1/1/efb3e02af7c0dec675ebd5fa5c5932-4630698.o
created: 7/c/6f6035640ca32a1c60c3abafb343fb-4446416.o
modified: 4/a/7be222deafe6d877a49f9ceeb89632-5906.manifest
created: b/6/f53183a24f0379d9cc1e36bc9c7d9b-4442305.o
created: 0/4/3049c9090952a3169d7089bbd5f23e-4514551.o
modified: 1/c/3a45483713c93f7a09c12be0b50cce-7901.manifest
modified: 7/e/f02df25bc9aac6273a42958bba04a3-4448.manifest
created: b/3/ba66c263562196b091a8caf4f4174e-4463078.o
modified: c/f/1446399cd3d43756994ecd688a551c-32576.manifest
created: 0/5/3e0e4eb12c4d667ad7bfe09a5db341-2452658.o
created: 9/6/bfde1ede5f88b6b07a8646976728d4-4538147.o
created: 8/7/a6e26b13de39b36b5d70e37f3c89f6-4524761.o
modified: 9/f/766857513c3a637304cb4d9eb3efa5-7305.manifest
created: b/0/58a041a87833bcad97d904f1221d25-5000804.o
created: 4/3/022e914c7c59f97e1b60cd0a4a5616-4463751.o
modified: 2/5/a25c1210ce9236a4a8b94029d7934a-21353.manifest
modified: 5/e/c3788de0a72962c41a8c8ff4474be2-3444.manifest
created: f/0/ca8cd22eb64ebe6974c51703169b70-4569366.o
created: 0/4/abce5569081ac64f4efecfd3c1a528-4438730.o
modified: 3/3/2a790c8711e3e3fed64d8e756d132d-15036.manifest
created: a/6/d4828c47e5a9ee2038aaa7d68b7dec-4660720.o
created: f/0/7fb8bb0e549d0a37134369c72302e8-4502999.o
created: 0/5/872105f7edd1b42477d1880f0e25b4-4435437.o
modified: c/stats
created: 6/1/8ffd3f5b7c7b77da4c7b46f3daa44c-4573092.o
modified: 2/a/809b127e98a9458438ddfccdb696cf-2529.manifest
created: 2/a/a90c9d9fbee267c6d282662f42dc43-5018190.o
created: 5/0/29855daa00e656f3120e6962883cf2-4852890.o
modified: 8/f/c7731c5449d481400ca21d64a4c37e-13611.manifest
modified: 8/a/e0c00eb46a397acee94d1aa0976698-2655.manifest
created: e/4/f7a082c66cf75a38625149da18b9a9-4522368.o
modified: f/c/d8db945919f7e2e1dc2b78fab7b8a7-8992.manifest
created: 0/4/51c9229405afef8d513c982e5d442f-3727.manifest
modified: 5/9/33921f3bf1363180084b4760ab640b-4406.manifest
modified: 8/1/5b8b87a6ae4977227274d201007da1-46600.manifest
modified: 8/2/0e9958febfda60faeb3e4d08164e90-5044.manifest
modified: c/b/5d5864aab53091eb70edbf5f5de3af-48158.manifest
created: 4/6/47aa077f157fedcf1cbc40b165ac3b-3117048.o
created: 3/4/50d3292c29cdc0ee2b12a57edc3c08-6018534.o
created: d/b/d7f5e04bdf4e954051ab2448e051d3-4570110.o
created: f/a/1f3015dcaa2a4b4045133c8a7559ce-4437064.o
created: f/d/408c231d72f14002e6238215413b26-4990338.o
modified: 1/6/184b35304fd077cd5cb48a1ce09739-8806.manifest
created: 6/1/ec1702523cd48a43a15f7494b30321-7752.manifest
created: 9/a/fd4e69e2761532c8b667d872611f5e-3191028.o
created: c/b/fbecb52abd99243d7820d3f64a20fa-2885950.o
modified: d/5/a73e08bc43c9cb1f9edecb2cfbcb5d-11230.manifest
created: 0/7/b7142612c34f64ab8055202f2e61cf-1525007.o
modified: 1/9/7e1683e23843f2e47584b21f7ba789-9952.manifest
modified: 2/6/8c5daa67e5b25c171761de59db4fef-3842.manifest
modified: 2/f/2a2b31b0509369bc9962a0e6456a61-2761.manifest
modified: 6/6/bce02af43339f2d818bc8fc18e21af-94235.manifest
modified: a/9/b5a2bb9099377f93caa49c1f81c914-15891.manifest
created: 0/8/8ae2de52a8f51991e1146aee5c5e5d-4503296.o
created: d/7/0d0c2a6c24824368e60c65ed12d26c-5760877.o
created: b/6/53370b17ce58d759a42a1dd897fa70-4436812.o
created: d/a/74435c5982c64c1aa028ae90206adf-4846582.o
modified: 8/2/349cf6771c9ee1e1c8497a79336942-4518.manifest
modified: d/8/43f065d2bd76624318aa9eea9e85a9-3471.manifest
created: f/a/c9833e4d938c1dd816f1d37decd5da-25239.manifest
modified: 4/8/25b79722943e18733b7be4c6d567b4-3922.manifest
created: 4/2/bd592f34adcf65d4af705ea55cbfc8-4437635.o
created: 4/5/4d492038cba2191106dd49e3462326-5816378.o
created: 7/4/3f9214e4dd42788a8244a3d822dc68-4953759.o
created: 8/7/2683be8f3a1070060b96f56258781c-4438470.o
created: 8/e/5b02744fb53dd7d2c4db4327899435-4460280.o
created: 1/d/70e16908c033433f817439819a10c6-4438747.o
modified: d/9/1ec12a14072cf0a62796c870b1b5d3-4403.manifest
modified: d/a/0938e1951ee2d1780b1033a07beb51-10561.manifest
modified: 7/4/ff6265e64e3868fa35dee723d7431f-14211.manifest
created: e/d/f9da58d05a81b4e2dfd9210d898d74-4869027.o
created: 3/b/93434e6bf24d5bc354b36155e77108-7838267.o
created: e/2/eb31cf26e3b2b5fa8d287ec4c64b12-4438835.o
modified: d/7/7a918f50eaa4e77645521a8146b3a9-6228.manifest
modified: 2/d/ec1ff6614d1dee2fa65bc9246d8ac5-5492.manifest
modified: 3/f/b158cd9035be6ea701632bfed0555a-3670.manifest
modified: b/2/56cc6eb84462c659e635ce0c27c825-2287.manifest
modified: e/f/9ceab7501a4bdb5334667a16855196-3460.manifest
created: 0/f/f93141d287c14b39c337fec07252d7-28653.manifest
modified: d/d/713594dd6d02b5442099681cd1c426-16236.manifest
modified: 7/d/73dfe17c16b0ba61e7dc8ec2643431-12492.manifest
modified: 8/9/4d82c43a715adfda70ed318627eff6-4424.manifest
created: d/2/c5914a80ae7e0cdbe7d673857b9d03-4468333.o
created: 4/9/219a9b227b2c280ab7bf974ea4bfdf-5103976.o
modified: 7/5/38610bfafe961ed01ef6bef3862d73-4763.manifest
modified: 9/8/d9d4a8c523acc605314601aa4bbb8e-47301.manifest
created: 2/2/2dd8b5b1617a091688864f7272ab17-5185599.o
created: 9/1/1f2b9b21ddd01fc5b3e222c994623a-3020409.o
created: 0/7/802e16a5ef3b056617602f93945549-69732.o
created: 6/f/609bd90fc140c161f755af8870dbd3-4965089.o
modified: d/7/b74e34b92b94438ffd312f1d4cfaf6-10569.manifest
created: 0/9/7f1c4cea266aee3ee48f8c801177b8-5850.manifest
created: 4/7/07c975b7cc9f3162e0d62040142b8b-51603.manifest
created: 4/9/bf20852b8d1a340717b6203d088250-3113.manifest
modified: 8/6/2396d7eb551b920e3eb2e15da1168f-4786.manifest
modified: b/9/55cf43089e37630c3d41d854e81334-3304.manifest
modified: f/f/774e6b63635ef3270040cbc6062eda-2864.manifest
created: 3/4/3a4b292dcd04cc78338658921f8ccb-4490616.o
created: 2/c/0885b095777aad2b25c336130e19fb-4378077.o
modified: 8/7/6f3213186b0c82be63d2e3b212fdb4-7418.manifest
modified: 5/8/bf3fea198436a59bcceff03c397ce2-3239.manifest
created: f/2/696a2a55833ccd77bf1b06330caa33-5408233.o
modified: 2/e/99089d6dbad26c47c244b04e1ac4c9-38088.manifest
created: 8/d/d2531644476f2a747786a912d51e13-4445719.o
modified: 1/8/124336865e4411097aa0fb8aa3f499-16208.manifest
created: 8/9/f8d4f8e1ab54382b8d7150d3bad87b-6073395.o
modified: d/7/66e3fc87206c2099ffd90adef1f2cb-6604.manifest
created: 1/d/70e0d93e6be323c03b5e157dd02beb-4831952.o
created: 8/f/7e96d85ba6f45992f694aeca66a167-4439897.o
modified: b/8/21c851bb2118cf158209b3612db8ec-33504.manifest
modified: c/b/d3dab11eb612208692990a88b82fae-10830.manifest
created: 7/a/3c252304063dcb8f3002013b7ec2d4-4961688.o
created: 3/4/bc056b90bf554dc12747bd96f511fc-4434209.o
modified: 4/stats
modified: 5/c/da8b9b1beea855d7886e444d17870f-33375.manifest
created: a/5/8feb004cd79bd728285d0689d58f6e-4841463.o
created: a/c/5fc0f8fc5c01bd09e600254afa1854-4453339.o
created: b/d/c6d3c6a4154322ffcc894e8b4b7932-5224299.o
created: 2/3/d1bfe458f19570397cbfd7f45baef8-5496006.o
modified: 6/stats
created: 1/0/cdea1f05d8dadd84cfd360d83da1c6-5212706.o
created: 3/d/95b662180cb3e88cfcb350dbb8b175-3402051.o
created: d/a/af1ace872c1947d584db8962fa7368-4828509.o
created: 0/1/b9081ed919b8e3c13ce67e13999d36-77141.o
modified: 2/6/64c8fe92b8a136798d9c08ee138e3c-12427.manifest
created: 5/7/cf6c363424d649fe46c785d4bf1b68-4711.manifest
created: c/5/a89c093e8fd6cf91b4ebb1d351076a-3308615.o
modified: 5/a/9d95d707eceb79b936d5ffed1d2c42-3918.manifest
modified: 9/e/311e7609b7c050bbf1938d8b137fd0-5255.manifest
modified: b/c/1f98d6b9d7cbd478cc6b45df8be82b-2821.manifest
modified: 3/7/bf845dbff7352954ad1d8534b82652-2705.manifest
modified: 2/5/b72ecc7174dd34e1e557e4f0ed7a74-11791.manifest
modified: c/7/ede144f8e01daf8cfecf83a625aab6-11707.manifest
created: 0/4/bec52ec4785a37e91d61c70bd5de5d-10948.manifest
modified: a/a/1ecdf0c5cf5343a650fe730231e056-2609.manifest
modified: 2/e/cc553abf8a6b130f98ffac12268295-42009.manifest
modified: 7/b/46ebc8489677adc2bf986e3c4d374e-2284.manifest
created: c/7/21556f9fba6aee7772cd4296d74b45-2497051.o
modified: c/7/cec4472cb9a07a79c4fb35dd61dca0-3835932.o
modified: e/d/4a6425f7c06c120b86900c8d15dfa1-3377.manifest
modified: 5/0/d747c067681e4d781276d599b76408-3242.manifest
modified: 5/8/4dce69ca95978833a240cc5ebb2546-2453.manifest
created: 9/6/4934e3391f3fe1bd464f10769856c3-4911.manifest
modified: 0/0/3830fc495f698ce512478e45279999-11828.manifest
modified: 3/a/99b1f63074305e23d95f48e35669e6-2973.manifest
modified: 3/e/6f3bbb7f626692c5c55c321b06d3ee-6406.manifest
created: 4/3/251abc51d6f3ac13b9460eb1eec497-4480929.o
created: 7/0/f4b09d0997ef57cd6bacf0b18a97f0-4970067.o
created: 7/6/6cda3a262521f733241b3cfe696dd2-2914247.o
modified: 2/1/58065dc5f998bbcac4fefa6c9cc7d4-4008.manifest
created: 6/5/b330213892cc81b76fb7232813a59c-5093231.o
modified: f/c/d7acb651be89caf4cce5d57c75ec27-44558.manifest
created: 0/0/ad61eb6a692b1a242be275b70b91db-12227.manifest
created: 4/c/44c53ab0dd0ad7beb6680d599324be-4904607.o
created: c/9/e9f2ce4bf887a35e245ac40880a742-7335.manifest
created: d/1/c8c92d438b6155444205d74e415f59-4500836.o
modified: 3/9/8f68884e22b24b9efff03d355d6db8-7556.manifest
modified: c/4/79bfe8b66e73d164624515f640775a-11427.manifest
created: 0/2/2fd619b814ce16b178dfd0a4a60f88-4950767.o
modified: a/8/4ff036beea2365b1d981bb9d0c0390-10537.manifest
created: 4/9/58d48762fe0626dca9f7af552f1c02-4612130.o
created: a/5/a9805e623cbd874de45a3f06f356a2-4459017.o
modified: f/6/0ef94d04d99cd10c6893992616d044-2434.manifest
created: 0/9/d80552ad8483deac208134a4f2228d-4852177.o
modified: c/7/da05a5bd1915dafec038f165e5f75b-4501.manifest
created: 5/d/986a1a159a010aa014bcbd894efe17-5030545.o
created: 7/1/dd76852e59408cfb8e8d60243f5f5a-5090515.o
modified: e/5/9b805d83d40c4dedd11088af006741-4731.manifest
modified: 6/5/bde650f91ba70dc7aaa6359fdbc045-3580.manifest
created: 3/3/cecb3b9c7ce14c43c22493c785cc76-4507698.o
modified: a/5/2f7d1d086c5faa38618722e8ce4471-2857.manifest
modified: c/2/57ecb34801d8eac847f80e6a1b8a49-2819192.o
created: e/2/acfdee934f3b638ff0ad83d1720719-4954569.o
modified: 4/e/17213dd730c278bfa7e1f569799ce2-9967.manifest
modified: 5/d/9fd3d7969a78dd98d2adbc06d9debd-102661.manifest
modified: 8/8/a4ab534dd03648682a5b713ad99d30-2514.manifest
created: 1/2/a846bd83412733cdee77829ce286dd-5724417.o
created: a/8/94e1691824b468fa830319730c22ec-6130237.o
created: c/d/2536a1752c2e3dcc5544efbedbf4b3-4453771.o
created: 0/2/4941ed2b0cbdb0147abca6af9c1637-5989.manifest
created: 6/f/372e10168662835dd9a3ab9477a138-4908297.o
created: 9/5/344f485bd5ab29cb58356d66416df8-4817203.o
modified: f/a/e8ff14085076298bd332271f2e53b9-6762.manifest
created: 0/c/14c1a01576a71528df239ccbd956c3-49838.manifest
modified: 9/e/cbb16ce68dd561b6c04f314d180a36-15241.manifest
modified: d/c/681199299f415f2b9fd3d1ce48ed10-37158.manifest
modified: 6/f/ef7a12acab05ccf74398116cd17378-3517.manifest
created: e/7/7a82969b35ae82e53dc32c115ef449-4499281.o
created: 9/4/3e34193a79250b9ce15b4c9f63559d-4437326.o
created: e/f/a94a7267d52608540edf9edfb9d8b0-4916109.o
created: 8/8/7cd867cf53c4064696966f9239788b-2974987.o
created: 4/b/e6e6fd350e65a4f371b2108ffde400-2877416.o
modified: a/1/45564023ed6a5cc2e82cc833082c63-8713.manifest
created: 0/1/9a5412e55e50902430d96bae993c92-19998.manifest
modified: 4/7/f2a1a44a154f4d209b5d405f66ae80-18569.manifest
modified: 6/5/4eaf5cd9ebab1330202cb4155016bd-5288.manifest
modified: d/8/ba3fe768bb2c5bd6993dca540e3440-14192.manifest
modified: 0/8/56f8936df72e2c42b8c399691a2483-8209.manifest
modified: 5/5/d22e6a1de46f8629c690bf09d746c3-3802.manifest
modified: 1/a/6170b0fdfff51d23320e925846a951-7930.manifest
created: 7/b/445c3493116b431fbae37d18def3dd-4438565.o
modified: 3/b/478fd591d5fbade2e34a1f53a352f4-1908.manifest
created: 6/7/49a7d31a4ea2617a890d10586f1c53-4492017.o
created: 0/f/e0d166874c4165deab66801f511259-2371205.o
modified: 8/f/305bdeed1b04658c34bcfb24a892de-6250.manifest
created: 3/c/8723bae089a4b5f3d53bdea4e57198-8893.manifest
modified: e/8/c17d43ebbf66b5544a0e27298ee2bc-6561.manifest
modified: 4/1/d512513a73db8831858f6f8439fe4f-21500.manifest
modified: f/6/0817dfa981c638cb891afa504f770a-3235.manifest
modified: b/7/fd004484f900da1f1c34471a825b6a-48923.manifest
modified: 3/1/b430b48dc781026f32c44b74960949-19924.manifest
modified: 5/c/cfa772d7ca022ace522c4e90ab3dca-36382.manifest
modified: 8/4/bcb47660135e3e4aad13aa45a23fc2-95446.manifest
created: 0/0/4f1afd323ce111faf069b950099c60-2222.manifest
created: 0/b/eea4d27b2b2df472ab8bad72a0ac26-262569.manifest
modified: 6/0/03154e1402b8f87c27615d1fc35341-11938.manifest
created: 7/4/f27f38d108d1c3ee5216e8ddb1eafa-19050.manifest
modified: 0/1/ba67eb604c0ff5d0605f647824194a-6397.manifest
modified: 9/stats
modified: c/c/8055222f7d082b7b971ae33799ff42-3273.manifest
created: e/3/73269e1e79b107338d850284bbdc34-4830778.o
created: 4/3/d8255f6f4ac6fecec239df1cb61382-4898871.o
created: 5/0/906db0323c02a2e2cc57f4992200de-5905664.o
created: 8/8/bc491044c0c883036e60fc3867322c-4949823.o
modified: 4/6/e01586820a8380308a1e4ef322cbb8-3133.manifest
modified: e/8/b993ec633893d2e652f73965bfef58-7980.manifest
created: 5/5/e0b34b1fc1ce05783a705e24619cab-4858738.o
modified: c/5/1245ee57e114f3866a9a676035d86f-3352540.o
created: f/1/ad78aa94dab48eeab16091ad2ae469-6685632.o
modified: f/9/68b9a6c373cdb5b9f346767c3018d0-3142.manifest
modified: 2/f/7c5679633d58fefe386535f4157456-10837.manifest
created: 3/5/5ec1cb3c30c5db7ada2c4a10c29f61-5029157.o
modified: 5/1/3f11b461234aec7a90c1c681a324f0-2342.manifest
created: 9/6/85db8e192342c1e6e07c33c94bfdcf-254942.manifest
modified: 9/d/4344aa752751aae900e782931ce4fa-4134.manifest
modified: a/5/7f84c1a58bc83205304600207f522d-16358.manifest
modified: c/8/82fbb00a1217284e8b323f7af9c23a-4289.manifest
created: 9/c/4b8cfd96b114b0122e96440681e536-4714.manifest
created: e/9/b6e065b53d32cf9c07b649dca46d0e-4440082.o
created: 5/a/ff1d1f9a362d11eca51e375dc65997-3043149.o
created: 2/a/e3403040bf495c8f2b319616cb1190-2914027.o
modified: f/e/51134cbfa657d4505767073abed597-3438.manifest
created: 2/6/249c64ab69984daff0e81e43b7bf1d-4446699.o
created: 2/9/13d1cc2bd927194942d22540efd5a5-4953934.o
modified: b/a/e11da6a86b571e690243c861a9f152-8486.manifest
modified: 7/e/238645b1727261a5bb40642a2b7cec-3470.manifest
modified: 6/3/68e4e88153716b3ce7f410702f565f-14965.manifest
modified: d/d/599c5cb775336d93d3f9efe196b94c-7028.manifest
modified: 5/3/1e1a78f68fd325ff0493c132e74374-3956.manifest
created: 9/f/980727a8cde2337784871eb4902e8c-4442897.o
created: a/9/7ad4993ea75cde1ecdb57b93c302d7-4873244.o
modified: f/7/d4458c73fa0c7b72c191617e3f3c58-2900.manifest
created: 6/b/1a72c464045e4812e6b11888c386e4-4652038.o
created: c/6/b38784f0dfe605d9e7bc87162f42d8-33895.manifest
modified: 9/5/426b221efd345c0042bd6cf9a97922-18972.manifest
created: 8/3/43a1806306ecb15040b2d867235953-5030864.o
created: a/6/54157876a6ba18a73c422828fd77cf-4451987.o
created: c/1/0c0886f49723f40893e21bc307154f-4352736.o
modified: d/8/87d9e98b75702cc352b56493256dcc-79087.manifest
created: 1/2/dba5399a41828f8a74bde16cbb51d9-4648064.o
created: 5/5/d83e96e3683ed18679f4b37560bebb-3132719.o
created: 6/0/f4f18848ce651c972d26857336c20e-4561959.o
modified: 5/4/0d0c40736ab21588f37d3bba0315d6-2437.manifest
modified: 5/2/49372e61d775be0bb7babb9b764692-3462307.o
modified: 5/8/128760e77f837cb577bf15f5467959-5102.manifest
modified: d/d/aca6d8c19e818ba558c45575338cd1-2641.manifest
created: e/7/281378db50e7af231cd4cc2ac9a8c2-5126514.o
created: b/e/826d27bea720692e5cc425baddf3d9-4494234.o
modified: 2/c/ea5c890c9f4650736a0c4f0a921346-3415.manifest
created: 0/d/da6fb11f4fe9eb0b023305dac38dc8-14013.manifest
created: 0/b/32912d6d495c00c6050ae30948c3fd-18856.manifest
modified: c/2/ed44c01f7aeb6814ef6717b546d3f6-6820.manifest
modified: c/6/15f19457da0f718bc0244ce462b02f-2919487.o
created: d/1/54ed1d8a19cd553bd4ef28dd2dcff7-4858248.o
created: 2/2/bc72a4f77ef46885e30464e805fc82-2439022.o
modified: 9/6/6aee871db050940c99e0cda2593caf-8007.manifest
modified: 9/d/734389bf58c93b2059217a7940a88a-3099.manifest
created: a/4/31c675226ba383e774f81972455a9b-4510971.o
modified: b/7/757d99d38351ae07aecb3459f1b9d4-2077.manifest
modified: d/8/35331c9e990983bc6606e595c5fe7b-16945.manifest
modified: e/2/c44c7e8f67b4c70cecda7c37527632-14874.manifest
modified: 5/5/b2ad50b9a81820583122863bbaf899-2762.manifest
created: 2/3/a5c5aa63dfa51b8044d104573e3075-4464337.o
modified: 7/5/71a5e2c28cf967d9851daaa55710b2-16050.manifest
created: 0/3/69519fc99955dfd96b4c3b25d021d3-3621677.o
modified: e/d/cdbb6f1d97cc49abfbbc3769f82244-8462.manifest
modified: b/f/79891007eac34820a2f398e0350499-2246.manifest
modified: d/2/601a822fcb3e688e64da20c1a6c8f1-1918.manifest
modified: 5/3/81addebe63d3e4d2b8c77619383061-3507.manifest
modified: 6/5/c1fda47212a771ddd5e67b0b0054db-2171.manifest
modified: 8/f/ab9a1872013fa12252a92674c9d62b-3894.manifest
created: 1/3/b2e06c186353aae70f382c5343bf08-4486356.o
modified: 7/stats
modified: 5/6/d5bf9d958b29a7f059e835e98f7939-2645.manifest
modified: e/stats
created: 0/1/9fec25e2b33423b4770da145c94e69-2509855.o
created: 6/e/d4570c142f7917fc0884cbe7f185bd-1868124.o
created: 0/b/4890e44655f92f2e0a3c98983de308-1917999.o
modified: 3/8/b2ad250e0aa44a9d42bf08c0e58764-2595.manifest
created: 4/6/8c2d75a91ea51a9ad3c4a35d2d1219-4437023.o
created: 5/c/5cbab99e8c68f7a3bd6cd960d50773-4841101.o
modified: f/c/9348c340f38500e42e98f93c1a8163-17726.manifest
created: 2/6/88fd55e9fa4d37d7b1fdd561fce086-4527108.o
modified: 2/b/e2719588e18b30b8096afe493e22f1-8773.manifest
modified: 8/7/065eb333955b4575535fa6dad3375c-32429.manifest
created: 8/a/6e0bf509557df8d00810b22565868c-12581.manifest
created: 9/7/0f4619de56113e224d6c52d56b4568-4971291.o
modified: 2/7/7068df1c56bd118df974614bc29011-38732.manifest
modified: 9/d/d26f4c26d0371d33fc06260cb8a919-3290.manifest
created: e/3/81e44d847e85250db8b025bea2cbc5-5025549.o
modified: e/c/1aef403a352b838be9a51ab9644b85-4573.manifest
created: 7/e/beba86afe81c2c67f7575ec3edcea8-4439445.o
created: e/d/114381372e40d615ad28784eff3ab7-4437222.o
created: c/3/2595ec5a7df5e11c60414035b51190-4504158.o
modified: 4/e/fbb3f19e197df1b2bc0bee01081d27-8297.manifest
modified: 7/c/38a7578f0426a4723b0bea11cb862e-11228.manifest
created: 3/2/f2552924b0485f7c7aafde8541f31a-4436184.o
created: 7/0/945e3db2a28a060c2b10154aa3c26c-4436955.o
modified: 1/7/bf28451813bc2ea4ed8848a87de8a3-2909.manifest
created: 3/4/48a81e38173a5556012dfa2d508c55-4873998.o
created: 4/8/4343949617f8fced6ceff78c029353-4855174.o
created: 7/9/60d202c30afdfe24c7b506c227190e-4534066.o
created: 2/f/e5273213bf2516758f1655468caeee-2536715.o
created: 5/e/acc204cfece523d319b7aeaa07ae7a-4857071.o
modified: 1/c/9788a45fcd655daa4275ea75b1fd02-3015.manifest
modified: 3/1/638b983ee612b07b72b18a05696aac-9855.manifest
created: d/d/28682c23e67687e77198ce04c66804-5821499.o
modified: e/b/e7a89cf49950beb69c8806537ca23e-3748.manifest
modified: 1/c/bc0e86eea77bf604db5d8bfeeb7a5c-16137.manifest
modified: b/3/dc20b1b9b62b2084c2f5de64ba69e8-8727.manifest
created: e/4/90a97cc034ecc5f9518fc3e8c07866-4845414.o
created: 3/f/f04381bc6dc7deadb9712139495066-4485194.o
created: f/9/26a5c812b65c64dd71d25abcd45adc-5827298.o
created: a/3/52e4263246dfeb91b6ce718151e5dc-4444193.o
created: 8/9/10a2060f3ed0da6faeaf79674e90b9-4506809.o
created: 1/f/a55eb4435d4f819601cc21082c6ab9-4437093.o
created: 3/3/c2788aee31932ee847d0b10f687a2c-5517715.o
created: 9/d/a1f03c9f5dc0b70666876e85c8d20b-4602771.o
created: 0/3/e18a7cece610a2cfcea960012510d9-4945223.o
created: b/4/e5167b9d4fc3efc25b203065201dcf-5128543.o
created: b/c/94b5922b8a9a65fcde27901b0ffac6-5123657.o
modified: d/7/798c2cee025321bdaf892663b6f38f-93979.manifest
modified: 8/6/b3139134ab3881c09b50973b9ef2eb-4677.manifest
modified: 6/c/3deec4c8fcf3cbe198859001acc78f-16499.manifest
modified: 8/3/b4193b289717fcb2e2a839fc6d2437-7618.manifest
modified: 5/stats
modified: 4/a/82d8aa8426e9ceb1e11941d0c95ec8-9046.manifest
modified: 1/f/cb3360e31fdfa2dd4e263690fa803a-4001.manifest
modified: 3/3/04efa530fd2ced9a49ceaee83a38e8-22352.manifest
modified: 5/8/0aa95c435e75f2e6e0e2a99f22da20-15411.manifest
modified: 6/1/1cf17ce124190add2285324259aac9-7826.manifest
created: 0/3/27a37981264aeb789b87dda1fb6e40-2531264.o
created: 5/9/e0dccb8f9c584ba1c936bc47a8af63-3031777.o
modified: 5/c/430adce1423d64cc2ebde9ebdc02b1-7010.manifest
created: a/b/8445afdff8d207909922e31d443a03-5674933.o
created: 6/5/3ff88e6b762c1fba12d589875c9830-2196162.o
modified: 3/d/d9782f2f683018d6afcf871883381d-5351.manifest
modified: 4/2/1967d5e76f2b771ba79051dc766d04-9092.manifest
created: a/c/1fa0759fab87b837671d7daed958eb-4702132.o
modified: c/7/62b461236eb735b25e89f2d46f0ade-16790.manifest
modified: d/5/db04318a7521405be032eade0587c0-1974.manifest
created: 3/9/5639a5bdbbabe448ea6779a7bb87ad-4810299.o
modified: 9/4/ef5aae9c72ff67e0ee552b1ade5aba-50447.manifest
created: 5/5/20f2c5cfc2bb097b880501c01d65af-4437452.o
created: 7/3/9e6e4d0d7b0becc0319e16df1e2a55-4441729.o
created: e/2/fb62753789077f508a910205821408-2876707.o
modified: e/d/6b227958ddd0ff32933ecd5a92d812-6103.manifest
created: a/b/6240efad6d796bceb8dcee81e2421a-4954316.o
modified: 5/4/74d426ee9c80aa990a594ff227dba2-6727.manifest
created: 7/9/51d55c987bc3b9669dc84c2f63cc45-4853721.o
created: 0/f/fbadfadceeb845f52d1a3faf1926ed-4854406.o
modified: 4/6/29c0bf4871e44ebc4936ebe72e6bf4-4002.manifest
modified: d/c/c45e7faeeb335ba36bfa6106cd2997-6471.manifest
modified: f/6/3ffc736e326b3abee4de6acfc671dd-2449.manifest
created: 4/1/4e749477cbb0552317a53e01dd496e-4437736.o
modified: 3/f/fd57fdcb6ad642fac4e968ff0dacd8-12886.manifest
created: 0/2/923fa3f71a1399c3cf2e2f60d278e9-59336.manifest
modified: 8/9/edbd2bbb0bcea9a1f493923e155ba1-4169.manifest
created: d/c/03638bc9bae8c991b1adfd29e31806-4494428.o
modified: 5/f/1ad651ab46353740e860d6449fd00e-7848.manifest
created: 5/0/8778c4c1e51d08b9360800ab4062f3-4481119.o
modified: d/c/e68a54589f5065c53f3566502e8b44-4538.manifest
modified: 8/5/619d69bca25b2a829ac51b5456c1aa-17814.manifest
modified: b/b/b5560da7ce297d06cb193aa811e761-3182.manifest
modified: 3/9/882551988c2d47215982aa836a80b8-3414.manifest
deleted: 2/8/ea4c930d7fe5f957fad546a39b3b8e-2858558.o
deleted: 5/1/f92ce7fc0ee2e94232d8742f09de68-4502617.o
deleted: 6/8/34387f36ce083126db721cbb7058a1-4844.manifest
deleted: a/6/b75f49c00920c3be1afa6da5094724-4104929.o
deleted: 2/2/1287c0caa211d59e200877e4983e04-4949247.o
deleted: 3/c/8b4bee490cf372d85c75a44309759f-4355574.o
deleted: d/b/207d6a5c2eb88b96008e72712e2f53-4852562.o
deleted: 5/d/e73ba5b33d28ef6e2f5455ea4e7f2c-3096825.o
deleted: a/0/1c2fec079af2b5df66b5596260cc39-28069.manifest
deleted: d/e/571f762080822e912e279da39f795c-4570475.o
deleted: b/b/6fc45b7997926c065f843b5a588042-2719.manifest
deleted: 3/f/ccd256687c2f70e83ae6f25108d049-4499401.o
deleted: 9/a/dc5ae2e2ccaeb779254b3195ffdcd2-4843328.o
deleted: c/a/1fed66c0fe9f0470052fb135f30c75-4846254.o
deleted: f/b/e17798c964a5c85bd46f2f4c7bf9c8-12843.manifest
deleted: 0/0/e46050efd4bc16651f290aef6ae19d-4566225.o
deleted: 5/8/ed8cbffccd1ee58efd6c3781dcf6ff-4527054.o
deleted: b/c/322955ae11dcd4700053028823f121-4431903.o
deleted: 2/f/621f27f3f87d2980fcc207ec9a7a49-2826842.o
deleted: b/0/7ce35a5b9b6b166c5b5590f5ab5de5-5751260.o
deleted: c/f/7c44255ead2104e19051a5fbad04aa-4443715.o
deleted: 6/e/6b06a01cfc28d3e6bded042174fc7e-2458413.o
deleted: a/2/f56d5ea2275e9d384a710b0c9aa3ba-14526.manifest
deleted: 6/f/a13bd7551320d6212a6b994550649c-4445816.o
deleted: f/b/06a2a11159a4da5825f7971cdbf877-4973928.o
deleted: 7/7/dd559921d081985bae7b77b7862228-4816875.o
deleted: a/8/2fc5bde7b4cd9291551aea6fbf12cd-2775547.o
deleted: b/b/18631c9440bde27648326ac3910f56-4840843.o
deleted: 4/2/6be2b94f34f1eec53553c28088be40-4953934.o
deleted: b/7/b6837d080430e3a90027775616799f-4471532.o
deleted: f/f/58a8f22ff794c2790f40de3c0acef8-28069.manifest
deleted: b/8/b86c159679abb1a92f9842a678f2d1-5760495.o
deleted: 3/0/702f063c9f2b6811354f54c546cf8d-24505.manifest
deleted: 5/c/05161395c9c443a2961392da69f554-6073013.o
deleted: a/f/c96891910918502c803fdc7ab568e0-1936836.o
deleted: d/8/483a2af3b6dc29122ea0838a498017-4510917.o
deleted: 9/5/f62375c13284882c736156bc08c715-6685250.o
deleted: f/7/46446b800125261becf00caf5078af-2588493.o
deleted: 0/0/68be1881cb7c560472512a5b95bf91-4603965.o
deleted: 0/4/90acdd3f0647bf665f2b74651c4c97-4524379.o
deleted: a/c/51407e3de0fd6bb674e5e7c359869f-3120766.o
deleted: b/0/0dbb704e2f8d87a628cc8d1941a340-4902931.o
deleted: e/c/a3646735c63611376e980a78b7f002-4857920.o
deleted: 1/1/37e8e7e8e766ae60bfc8eef1579d80-3043095.o
deleted: 1/6/240b160d2e5b14bb7bd48479a2a7c8-4312.manifest
deleted: 7/e/87250fb1f8125e4cbafa130cef788d-4953431.o
deleted: 9/7/53ced832db03abc5de50a381ec7b09-4584285.o
deleted: b/e/a915c5274f03344f0969e7221b88d3-2086360.o
deleted: 6/4/8010bd8bfb77e58ff3625d7fcd24dc-5524.manifest
deleted: 3/a/ea94b2c5051a602ba2ede065d91f9a-4437010.o
deleted: c/d/1d299d7196c6190c0bd2064d98fdab-4437682.o
deleted: b/5/c053620ca30535509065c103b8cec7-4972079.o
deleted: d/d/d5ab07efbecdab6631f6674acebce4-4627872.o
deleted: f/8/5d90fc1d4d9ef1ba7794a79e765d05-6155.manifest
deleted: f/d/0de4a286b77204b18e451e49855550-4507345.o
deleted: 1/6/1b4582d6e73abfc10d04bc01de66a3-1918743.o
deleted: 1/8/1959faf3d6d2ff737d92c085a6144e-4872916.o
deleted: 6/f/f18d76b033114bcd1a362584937f34-4648877.o
deleted: 2/1/288ee73d50ed77170ff445285d99d6-5821171.o
deleted: a/5/1e63c6611f00c3d4bd4f382d248d71-4498258.o
deleted: f/e/cfc097b8f924b404d2c580e2f98d2f-14732.manifest
deleted: 1/5/5cd673e7d2ccfb5e01d669872e2975-4610134.o
deleted: b/4/8a5fa3b6b2e1fd38307a0dbb9fbe21-4106249.o
deleted: 8/0/45afe7a05d5ebbe0610fc6579d8bee-4907969.o
deleted: a/6/9049c3547e274a433a42867f942385-5428.manifest
deleted: c/f/0561d16a37292a4e4c81bad7eef26e-4483356.o
deleted: e/9/80ea74b7abb440d670803532a23f84-2000951.o
deleted: f/8/218cf874f4a525bb39c96dcddac56d-4949441.o
deleted: e/4/46f8f077e672447fd0d0413b2c22bb-4352408.o
deleted: 6/7/1318ca41c0bf17f7fa6fc23214d48c-2338495.o
deleted: a/4/328c8decad8e48c5da3163510a8af9-4484050.o
deleted: b/e/ddd70bb8cbb80d91d5ebd9b7231043-4437873.o
deleted: e/0/eec0693b9252526559d65d797d82fe-4831624.o
deleted: d/1/89cb06cf4367df5e4a390b9f1936ea-4438712.o
deleted: 6/e/de4c54efe4b478691569e6f9023ebc-4858958.o
deleted: 6/5/b3011d7c15411c9308f4e238c6d0ad-4496589.o
deleted: 7/7/dad78e63ec61bdd8bfe8dda8ae63a5-5000750.o
deleted: b/5/2439da264e7c71ce89729960c20e3e-5677.manifest
deleted: b/8/13d9a10eef4ba6ac960870838b2323-4856743.o
deleted: c/8/a545849012f628092e0ab7a253974d-4438175.o
deleted: 7/0/9fbe6c9c7e268c888cb7ec54cc51ff-5128161.o
deleted: 8/9/0843b2d6e29e897f357a88c1e7af48-3116994.o
deleted: b/9/ae8fc4ec7d60dd5b98a741fabcb7c6-4115.manifest
deleted: e/3/4229722b58cd9761ffe728c6ca48c0-4504104.o
deleted: 5/1/7521b96a9ad32296159abc5a4283fa-4493852.o
deleted: c/4/335095943ad3bfd1dc8ac00e1516d5-4557532.o
deleted: 8/d/36118c29d638e8d3e4c8f60938607d-5030810.o
deleted: 3/3/8c7c14820a175334bb5edba708496a-6277.manifest
deleted: 3/e/e43bd3db2db983d6e6b52a088635ee-4436758.o
deleted: 6/7/4d6e1accdb298196107b1326f6eb9f-3311288.o
deleted: d/7/563ac76e8147a385ed3cfb69c4fc30-2911769.o
deleted: f/3/129c3933e87215c1e76918c58cc7b7-4436969.o
deleted: 6/c/cf209e25a882a94a3c663e26e82763-4442843.o
deleted: c/6/6d02b7649271f512833b866e829fa3-4860189.o
deleted: 5/5/095ebacf88f2100ad181d96284dd3c-4598112.o
deleted: a/4/6300f1723009152f894fbcbdcddd22-2876653.o
deleted: 1/3/ce2f89452c95e9a05ad3cc53d685d0-5031385.o
deleted: 1/c/555078fceb240ba46c5bdb05d9342f-15103.manifest
deleted: 3/b/0de8edb41c9f86b8e281e9c5724d28-4854078.o
deleted: e/7/8a4bc6f1160796c4f5564210999eae-4980890.o
deleted: 1/5/181837436a448afadb0227dee72f6b-4462038.o
deleted: 5/d/2428126665d5b7999c94fe85181e6e-7332.manifest
deleted: 6/f/520c827c539b6f4cac56a18df94886-1667332.o
deleted: e/0/8277fec711beb6f1b9198c18289ee5-4943312.o
deleted: 1/0/1b601e5aedf64353c473b7225a42c0-4960408.o
deleted: 6/b/887d5658c5f0f3f2d36a053ec0515f-5824664.o
deleted: e/7/227cd1e5fabedca681f9c5b0b229e6-4840773.o
deleted: 4/1/013fd95a52085e06fd78e6972d52a9-4966727.o
deleted: e/5/4825455c25059557e2d84315ddac84-4910892.o
deleted: e/9/587abc2458d416721851cf1f0da0d4-3092547.o
deleted: 6/b/1710925cae477cf3bcd15531f7c5e3-12296.manifest
deleted: 9/9/2b76267c3ba507bba71b23bb90a55a-4816572.o
deleted: c/8/b62cf747d2d0e9d4a398b7196a5721-5493981.o
deleted: f/9/e59eebec91fe56d7fcd180763f6b04-43522.o
deleted: 3/9/a7a1a5f1f2a933d265539efe261c11-4854162.o
deleted: 6/4/5d010e1e50fd5e586f2f6ce81d0e0d-87869.manifest
deleted: a/4/f6fb598cadfc322d14d80c6a8bd6b8-4438641.o
deleted: e/5/49d0e0300b62aed088c68b40de22b4-4858410.o
deleted: 8/d/f06d85e661521795a81f3a07a83b50-2536661.o
deleted: 1/f/27244e681a458ba89022f18a3d3906-4438781.o
deleted: 3/8/e0660f106e78faf8eb1951eb419883-4442251.o
deleted: 6/3/4860c32b01d83908e1f65fee4c6621-4490138.o
deleted: a/2/f991068edd8ef420b12a82867ca8b8-4440028.o
deleted: c/c/741b6e1058c029156451dbc491e152-4448646.o
deleted: 8/1/564763b927c985ad6e56b96f6c019c-3027234.o
deleted: f/a/c2e2c1d04497359cc6b9ceca41edb1-4490174.o
deleted: c/d/128f3f4aeb48f7026a9c87bd9bfdc9-4491635.o
deleted: 3/5/eec21234bb01e6a0515ebc250c7af3-4531762.o
deleted: b/b/a58f81c5121d9dd4ae41996e723dea-4868699.o
deleted: 9/0/39e7383db9563a54b62b86a38f738e-4961634.o
deleted: f/3/b94cc4263c1aa8e977746b10956cda-2931.manifest
deleted: a/3/cf7a448540b7307cae91f293b22819-2412.manifest
deleted: d/2/98dddeb433c68893bd2662139c75f5-4503216.o
deleted: 7/3/cd17d5150fd714e2a07c39663634d8-4503242.o
deleted: 0/9/b3add77dfd64840ecd37a424d2fbe3-4507644.o
deleted: 1/8/1c59ef3c1bdf118013c7dd8ea6e83f-4592144.o
deleted: 7/4/f825a61db763309a27814cd15c8b6c-5036756.o
deleted: d/7/cbb8dc5ebfe164cf42f2e11b1716eb-5685096.o
deleted: 7/7/330dea9410af4d9c03efece417e96c-4926453.o
deleted: 8/2/78b3b450ee567f7a088f9f39eb1f3f-4496858.o
deleted: c/c/d48ed15fe80736797a750f5786cd46-4967433.o
deleted: 2/8/77a532d618ebc7d4bf9c8f815e8806-3240082.o
deleted: 6/b/23d1d5a8f7a25fcedcd2749eb4196b-3116.manifest
deleted: a/4/c46d42c40d1639c0af2dca17b4ba9b-2997962.o
deleted: a/6/068cbaa9b79bfa50975b75c8bea3b4-4819872.o
deleted: f/7/e68794807eeef9d5c5cfe71c79354f-7837939.o
deleted: 4/3/fb6bc12fd6aee27e35454c4e8c51e7-4441313.o
deleted: b/8/47df9717d47a0c8b294f8069450f7f-4438676.o
deleted: c/b/501cf780d35373f8023edd07b496e5-4852059.o
deleted: f/4/0cc4161c2d104dc2365a5b56cb5d1f-4438780.o
deleted: f/4/8087ab16c612b6c1de9000c216310b-3103550.o
deleted: f/c/c5c808588c77edb3a626a3dbf4ea9c-4378023.o
deleted: 6/6/6290d4b58e28e58af4baa3c273793a-4439391.o
deleted: 9/7/e7704eecb54f6c6a5c099fa3db5d67-2877362.o
deleted: d/4/8435d86862611fc8781c102500e5df-4824384.o
deleted: 2/e/1816f9c157d871d3969b58dc20ca4d-4438511.o
deleted: c/3/dfa40950521bb3f8c161a8a16d3ae3-4840109.o
deleted: 6/a/2ce603a1259d615f3161efa86f76f5-61452.manifest
deleted: 7/a/5f372001622c3b0e87d535cd460fab-4423761.o
deleted: 1/d/69214b7e32633a1681e085cb7bc12d-2520.manifest
deleted: 8/6/8bc4a805977d75d67a2bb046b45dd5-4831786.o
deleted: a/6/73f05cae918ee66ca07d1fab464010-3020355.o
deleted: 6/6/923b68ffe7174e03c5d9d1375de17d-752530.o
deleted: f/3/ebe8aa680e2137fecc8cca0636855e-54550.o
deleted: 9/4/0b425c77d32ef20e35475f6e6b2236-4435020.o
deleted: d/2/73db34fbd5aa235ac23c0bf5d37799-4441075.o
deleted: 6/1/c650976164a76b750ec7134f466ec8-3028408.o
deleted: 9/d/9f94ac2c8e5ae51e8efe568912b201-4658434.o
deleted: 3/0/1cd5f2df452114b3ee43cecff8710d-4649404.o
deleted: 6/1/d2aac3ff339ec09497abbee6791273-4453717.o
deleted: 9/7/5bc37744b037ffdb8d0739fb829a57-5385741.o
deleted: c/5/2e35de112d6ab4bbef7c2fd42325e9-5006237.o
deleted: 0/6/d6544b5b66995010290eada204cdc5-4445665.o
deleted: 8/5/417f46bcdc2e1f69e9d89b7684026a-4435996.o
deleted: 8/9/0ade6b84316e3cfbee715a637e7f61-5483078.o
deleted: b/c/fdcb13ded38ac37ecc81320567464f-9267.manifest
deleted: 2/9/d7e65e2bc7754d81123807300eb075-4500454.o
deleted: 3/c/923ce113342dbf5e4f467cf539dfbb-4458963.o
deleted: 6/b/04ea7fbb2bcd5a38166ed02acd798f-4538093.o
deleted: 1/e/4ad1ae3ec184b38875d63eaf69eb64-2889.manifest
deleted: 3/8/ba0289ec156c69e1cd0170c524348f-4540713.o
deleted: e/1/b9a5e1dca97d04fa92d8c573c44a63-4968674.o
deleted: 2/c/35909d66cf72e37901b91eeaa72d61-4926301.o
deleted: 6/0/82f2218809c6d63d3aae9b0273ab61-4841135.o
deleted: f/1/541b6985a8b7a41cd7dc7c2de58efa-4436849.o
deleted: 3/1/5818b68591ac119ce9b4de09a13fd0-4439924.o
deleted: 1/8/638ccde218b69596bc76428b708fba-2914193.o
deleted: 4/4/762a7f7a114aa9b2a020e6449ad01d-4499415.o
deleted: e/a/674bbf205c672bae0503c3b856fc3d-3201788.o
deleted: 6/2/337a8096bff045e7e7f94771d6cf5f-3145368.o
deleted: 1/c/071192dd126d9ee40e101181af19b9-4437131.o
deleted: 8/4/e8f9b01912d99e5a7755e1d57dc4cb-4600162.o
deleted: f/1/fa83de96a1db23580485c6a8e816bf-4845032.o
deleted: 1/6/8bdca99e2b3d9a9664285be8c5f298-4512262.o
deleted: 2/f/74090d6d2769f6db944c5bdcd71b1c-5034230.o
deleted: 3/b/2321af83681c11fc3cfff8484d7817-4953880.o
deleted: 8/1/9ab825ed9c72d8cf049f6c7b26cef6-2943657.o
deleted: 6/3/cd07d7136dd54599c957d88ad5e7e2-7083.manifest
deleted: 8/8/c3e305a3d51086fa7726994ce75bd1-5724035.o
deleted: d/0/3edd1657ce533b58433c27eb331313-4436901.o
deleted: 0/9/405705f8176a87dc16520537bb8cbf-5903047.o
deleted: b/2/5c6a8f74a00521cc7d0946f3141da2-7257.manifest
deleted: d/8/173786610746be0d0dd184b66bc655-5407851.o
deleted: e/2/77766531d888cd4d41738da5cf8506-1453443.o
deleted: 7/4/51f92faf0f5c35179c602b10101538-2441158.o
deleted: f/9/e31b08da635e31682b82fded47c7b7-2974933.o
deleted: 1/2/db5b7ec73c93383275438164c129c5-37246.manifest
deleted: f/f/11faf98cd60005613d69fecf67d5d9-4952765.o
deleted: d/b/21a76fca6f67b8c11625440c9558ae-4837544.o
deleted: f/f/db73edb08470a097699ecc8e6ba04b-4439258.o
deleted: 2/1/2ca12545db40e607765a9f2831654e-4992819.o
deleted: 6/2/88044346fa4b584acee75fa30cab6a-4436130.o
deleted: c/9/7d1ae18b7e9beca74ca23ce210f683-4435941.o
deleted: d/e/7f1bf7f144a8c91c3ba32c3d58b631-5415060.o
deleted: a/2/f4775488136abd4c6201c06c059a08-4927477.o
deleted: 8/7/dba24ea8f223a2424379bac9687dd2-4497355.o
deleted: e/a/04dae9408b727a50807eced228c11b-5674551.o
deleted: 7/a/ba95db0f4634b5e7aea7a6c3cc550c-5210089.o
deleted: a/5/53086ca27810ea6db27fad8d6c3c69-5001156.o
deleted: e/2/e5b44cde633b265ef163d9129c72a2-4809971.o
deleted: a/d/99ea31e4092f18e691563f0d9b05c3-8825.manifest
deleted: 2/b/52a06e2f117198eedd6f3f57616ef1-5123897.o
deleted: 2/1/a4850c58b5c3e2e11bacd0b1362f77-4425405.o
deleted: 2/8/f6eff916e338844f0e73b08112d31e-4965035.o
deleted: 4/0/5fd72ada40450e21f2921614de3628-4898489.o
deleted: 4/7/be8107f03ee6c43c3fbb2e2e01cab6-2994928.o
deleted: 1/0/968d635811af75b7099a21115bb3e6-5075625.o
deleted: f/f/5946ca56a1a55851d715baf60a5a39-34305.manifest
deleted: c/c/01fb4272617e1efc8b33217df8c6eb-2438968.o
deleted: 4/3/f048f6f3ba0540c5970030532fd4ae-4440009.o
deleted: 6/a/89b6676785b74b77310754d78719ce-2867956.o
deleted: 7/9/3bb0fe8da5f7dad751b9f84c673dd0-5103594.o
deleted: a/8/a37b886d4986f0d8bcd671349bee6c-4451933.o
deleted: c/1/c65ca24afe67ffec5d3dfdc38898fd-4562919.o
deleted: 8/9/bd0ba67d28cfb7c22274b2de7376b0-2572182.o
deleted: 1/c/b6f5269cc6587a106b8bc5e16793e5-36574.manifest
deleted: 1/d/66f494b12afd34930dd4a1a4435ee8-2086343.o
deleted: f/9/cf571bfc9086d34718763abff0f4d2-4496108.o
deleted: c/5/b14a804babe5f12d19309a2717704a-7895.manifest
deleted: e/4/f6f7b42f974aab5fe45557ecdd5ba4-4873670.o
deleted: e/f/373e1a58d775571c1028baffbcfd60-43522.o
deleted: 0/9/0b479c92ed7aa1dab02d179c40626b-4437507.o
deleted: 1/f/fa68571ea6b741d1959f8cb60bbe42-1953886.o
deleted: 3/a/d69665b9f6500a89b9b04b90887bb2-4463024.o
deleted: 1/8/53637931ed2c96c6c300e486fc3d85-4441675.o
deleted: 8/c/2334d83ecdc454c415e4fe1b1803f4-4490234.o
deleted: 9/0/7007bb2bfd699b1a1e0d03da3ef7ab-4830396.o
deleted: b/b/47e1ed169e8fb12f395d1d410140ef-2473378.o
deleted: 8/b/3570f1f546181cc75d6fe52b918540-4494428.o
deleted: 6/c/1e5a1369d043757d83c27aa5b1bde7-1868124.o
deleted: f/c/d9cda982ae90a39bd2f28fcb64eb6f-3182.manifest
deleted: d/4/98570a615b2c3ff44a93aa6cbbd52b-4885461.o
deleted: d/6/8bbf5ee32ec73e4f0dea96e44848b4-4950194.o
deleted: 1/e/8bae9196cc40fa9bad79b3d1ab6ae0-4439999.o
deleted: 6/d/71958bc4bbcd6ed875902ae2680a25-10916.manifest
deleted: 8/9/142e9a6f4c5cc90d19a70bd654fcaa-2877243.o
deleted: 3/3/ff1d3354eca55cbfcdafbf529cf590-1868124.o
deleted: 4/2/8d21cbff2c76639c2a59719607fad3-4494046.o
deleted: b/2/8c2870ccb2ee2a7f858e0f898f0e0b-4943379.o
deleted: 2/8/2daa9cff8576460de66e508d670c01-2928439.o
deleted: 0/0/e93093fe2f859e1675efd730a5997c-4446362.o
deleted: f/a/b99a2fb431d23750ff6fb359facbb1-2355.manifest
deleted: 0/8/0e57e5020204c057c1908c81fe2afa-16397.manifest
deleted: c/8/42c814e8bf6de177a9bcfc54af01a2-4504511.o
deleted: 6/c/509df6abd17564e6fdf3ea4333c3ab-114120.manifest
deleted: 6/c/58690dfaa8ca065e7c618ea91a2bd2-4435329.o
deleted: 8/a/ddd5ea1d6b609724a2c3f5b31cbb6f-3270923.o
deleted: e/6/b58895437dfd848dfcff460ea4812b-4915201.o
deleted: 1/1/36566abffcbf9844ca5f616fa5361b-2196108.o
deleted: 5/9/beb705acba9494319f4c6088d23c83-5813744.o
deleted: 6/6/3d56c58c6b348024cd891314519951-3842.manifest
deleted: f/8/26a59dc3f2966749c40fe2b5b98eb5-3144203.o
deleted: 8/9/671a70a9cb7c5cfb2718ea08a32719-4432489.o
deleted: b/a/bad1ca764d20287041777f67c41e64-44194.manifest
deleted: a/8/7f7d75a3142b2be72fd2a8319cf163-4954515.o
deleted: 1/7/4271a3f967b1e9957c3f7978611b68-4467669.o
deleted: 7/b/fa1644a0db61d1365a89410e3c1c04-5779602.o
deleted: 7/e/2ab7f961d202713ead7b851becb740-4498899.o
deleted: a/3/b4b93bd1e00fa4bc27aecdcdb50703-2595810.o
deleted: 1/6/7d17e10c97e0ad727db01ab2b69564-1932.manifest
deleted: 3/6/7a737a32288e188f3cfaa71526e040-4987729.o
deleted: 8/a/15deb29b98d76f1914db22b4f27122-4437039.o
deleted: 9/8/995ba51df5b08d230fdb99b9f38a7b-4454657.o
deleted: d/0/78926c2f99338da2f048a92fe1b3e5-3026971.o
deleted: 9/c/f4b810328dce72fddab947589cf0e9-4438416.o
deleted: b/2/19feff206c17af3b69d164ca6363e5-4964758.o
deleted: a/d/f5dabe4d2266d435b11334f2fc56ba-3071752.o
deleted: a/c/0a6eddf1fe8cf98489e3fdf10426b1-5017487.o
deleted: 8/1/3fc438f569c1411bedd04a3660a89c-4485140.o
deleted: 7/1/4b9bc01333be93518d69bc058b06f4-4503436.o
deleted: 4/c/d3ea488a9727bbce383fd607044043-4950393.o
deleted: a/6/305677f447848364fa3183611acb0b-5517333.o
deleted: 3/1/91b1730d7004161597913f70a9fc28-5022637.o
deleted: e/5/673db00da638b7391065f05ebfff54-4930225.o
deleted: 4/9/6991a74c493d8c0c1460a1d78cd2aa-5038809.o
deleted: 6/7/7cf9d4da09c1cc7a6481ba9c6f2d38-88274.manifest
deleted: 0/8/6cdd2b8fb289e579b521de7a43b5e7-4982989.o
deleted: 2/3/dbfb5a46783379560039c4f39edfdd-2847728.o
deleted: 4/b/d0311c2abbd36495c67d4a25809be1-4478623.o
deleted: 3/4/37e408ffef40b8493c0fe53ebc1086-4438693.o
deleted: c/0/06415d969c6d0a897708f26e0d054a-4915727.o
deleted: 1/8/3a0585c1e4b8e6c57f57482ee4f6f7-4559325.o
deleted: c/8/0b0b8c2ea9de0094b6babc5d4308f7-4436895.o
deleted: 6/7/0cb4b8db958c1f185ae602e6465e87-4817840.o
deleted: 2/3/99e2b4ac62ca4d9350451e41bdf877-2913973.o
deleted: 6/5/73077175e77323a57352e6fd9c3869-4825401.o
deleted: c/6/e3528d799d2a013a2bdf913c855a31-4530785.o
deleted: 1/4/9bedbf9f82aded13efe7e1c90f36eb-7000.manifest
deleted: 6/b/928effc53d9eb2c06fe0b21091df95-4966011.o
deleted: b/4/36648380a8809e702bd478f17cfc0a-4436778.o
deleted: 1/0/3a2434df67b254f2117167da54dd93-5997.manifest
deleted: b/2/c7eb55df3329035ce7a5675999719c-89058.manifest
deleted: d/8/0d1fdb329288605d5bcffde42dac56-4853339.o
deleted: 4/5/57c6db97c58b9a8efce9b2c283d562-4435383.o
deleted: 4/8/d35670bb2ea61d3bee04c3b1ec4eec-3374541.o
deleted: f/c/6c0432da8b347151a19fd753a9a896-12342.manifest
deleted: 0/8/35ae894c62c16722e0151050ea8d0a-5221665.o
deleted: 1/d/9c312f7b6bf0a38f07f8e0b2b0710c-4496712.o
deleted: b/2/cf122498648db563a651f4f47a7357-4949556.o
deleted: 0/2/4cdbc64578a1d6e119a68c0ccbca45-4443115.o
deleted: f/b/7d569c959f73874acee62566f87968-4854846.o
deleted: f/2/db81becf6c0704bbc9b404a6b0ee82-5015573.o
deleted: 9/0/fd4fb9ef0249cb653c0495228347b7-5416515.o
deleted: 6/3/893cb1b0563105c7e635fb7dbb9a88-255115.manifest
deleted: 6/b/63a36d117648feefe4404dc7a41ad9-4436442.o
deleted: 9/a/3c69126a1cfc058c7bc77c997dbca8-4460226.o
deleted: 4/8/f75b06a74f477d2aaa538de80fd328-6129855.o
deleted: e/c/b6435bc86b28aa7e6561d839a1e12b-5185217.o
deleted: f/7/ee46ecf90ebdb94cb192fb2ad66821-4475304.o
deleted: f/5/1f4ef6f7be3095582040d1d8f23b0c-1905.manifest
deleted: 6/6/3833076f24558eb739a280a127e70e-6271.manifest
deleted: a/e/233212eb573a244104808cf113c047-2983575.o
deleted: 1/7/99ae437eb77828b23e218d13dafa1c-2724436.o
deleted: 1/0/98c86b07e557fc970b7f6c794c93ae-4446645.o
deleted: 3/9/a918029b0f21057bc5c7d7aa998494-5026548.o
deleted: 4/b/f9ba45df161af4830f5737f273d849-4455242.o
deleted: 4/c/3f85565148e30da14d421777e717ea-4834352.o
deleted: 6/3/04ccaa0405335a1348f9b881007819-9131.manifest
deleted: 6/6/d1be0f7832d4d001730028b8c23ad8-2442434.o
deleted: 8/1/74ea919cb31d61346eea865cebff9c-1931316.o
deleted: b/d/adaf47bc8ec443e1250862720d5e02-10076.manifest
deleted: 6/3/0649180b66c2b761cde523da95b567-2268277.o
deleted: 1/2/ef40d687600e4377f836be8ef5c3c5-4851849.o
deleted: a/5/c75b91d451dbcbed0be1996d3b1737-4944841.o
deleted: e/b/b8ea4e7717759ac4a61f44e7092445-2828049.o
deleted: 1/b/76f06c946e93c8e4954d8c8f70bb85-2512367.o
deleted: 8/2/efdd599845bb6cfd50e250c16a1298-4439843.o
deleted: 8/8/7863a2f55ce3aca55ddf5eae3d1395-5030163.o
deleted: 2/9/2f53453f3fb8bf2e00667f9c3ffd95-4441887.o
deleted: 6/3/c7fda612f53c3d0a27fe32be5bce64-5087898.o
deleted: 5/7/f0bae8d0d01cceaea5b685caa51ada-5093177.o
ccache cache size is 210Mb.
Uploading cache ccache...