SHA for cache folders (/tmp/ccache_dir) is '6e1f586e76ba7afb356f598d946851269ebf17a7907bb6e71c086b076ecf177f'
Cache ccache has changed!
List of changes for cache folders (/tmp/ccache_dir):
modified: 4/5/71qbjalgtngsbl6btdsi0ut9oigbvb6R
modified: 6/b/d9pt93ub9la8g05mpbaemgjoh02r8pgM
modified: 8/7/9b3gie1a80q63pfuap9ruphmp2olfccR
modified: d/0/b58j6mgl4ireriq5b5o4c9trbp5put8M
modified: d/9/stats
modified: 2/stats
created: 4/f/ec20hukkpj5gebn0i853mesc3cdhrngR
modified: 5/9/f0rnqfh0moo5o7h0lvtdmcnvi2tfj6aR
created: 5/a/82ag6uv2ctfcpukbhpmsaqd53nm0qqeR
created: 6/a/d0ka4rvli9eapi5i0lr8t2iq1cgcj0eR
modified: e/8/56ngit5iq8r79es40aufflaf7ft6hcuR
created: 8/7/207a6ngl1hvdu8upmp27fggi0thqib6R
created: a/8/2edbmo0abdb6a166p0tql42a4i7rju8R
modified: e/b/02pkfap201klnlrvcj3o8bmbj1n4hs4M
modified: 9/1/stats
created: b/a/e5964mgkvn11l913usk0bm09i2ueps6R
modified: c/0/585c4940lf3jffn4tden5d9ooht7n68M
modified: 9/6/stats
created: b/5/37d1s1vmrep338p7ph0ls0n2g4j69jgR
created: b/6/b83tugkq6ojen4qt2t36oudcu2fubpeM
modified: 4/0/ff5fkgiiqu2uaura1m1bq4m8c1f6rqsM
modified: 7/b/b9vl12gfgg58s5j17p6dvef082re7biM
created: 8/1/4c8pcakip25f3cekmlteuadb46s2utaR
modified: a/b/stats
modified: c/e/stats
modified: 4/1/13j9hmch1942qe7irsn6uqtqmp93qf8M
created: 6/d/0bd8vuj3rqkacdg42fo5rq9kaksh4psM
modified: 7/5/stats
modified: d/0/28fbm4egv7rbn3o0fl0tfe9etob829gM
modified: e/4/55fmfgan0e9fpmcgpfimtus0rt2mci6M
modified: b/4/stats
modified: c/0/cdv8cjbn55asql2gpe5b491hnnmn50mR
modified: 5/6/72kknr39b380rsd5stpg9pr5nis5c7iR
created: 8/1/885eu4gd74oo20ebsniu8q43oafba8cR
modified: 8/c/stats
modified: c/0/stats
modified: f/9/b9n6objhmnb4mgu025kopcfjt2ehkdaR
modified: 4/e/stats
modified: 8/8/stats
modified: 9/f/b3kik77lt7lm6eao0h8fo8sat2cn0tuM
modified: e/6/90d34spkdv5duko10d37ds424488ld8R
modified: e/6/56jhagnii71d3aq0p9hjhbkev42pjd6M
modified: 1/0/eaoj7id0euhk0fmrhnuvt8vce7bbv38M
modified: 2/7/fb76oj5jkq5agk2g6a79tb53eu6b6j2R
modified: 3/7/c9eaf9kqkrrpno0s58scrfeu9uln5u2M
modified: 6/c/stats
modified: b/9/f0ijlk33q5n608qd15gtv0desdgrm6qR
modified: b/b/b2233u2kb62cvebb1u1qqcnjvgj6b9sM
modified: e/1/52oggh53vm3vka52s9l758b5efm2332M
created: 1/e/18c5ktmofkb5bngcppdtdv7jld0ecfgM
modified: 4/0/b7hrjusjdsf4jnlk90il5rknvp527hqM
modified: 5/9/97v0kdgfro31n9pf5090a010s5gnmf6R
modified: 6/6/stats
modified: 8/7/stats
modified: 0/5/b8vv9sce5tti1sbe0qlqgcckct7f9i2M
modified: 2/c/stats
created: 7/d/206cl6j9otp5ugl2ppnma9m8q4e1gimR
modified: d/d/07spmh250762eaqsm6livtsi6tdi1i6M
created: c/e/b9f0oq1r2c6ve96ngpm6lg91d5j3mdgR
modified: e/7/eesl8b5mnbvkuv0kkvokk7oqdt84mucR
modified: 0/3/3fet5h1ne8rpo1l1p82pd23sudselmcM
modified: 0/3/85ulu1vsaqp99vq1grfd7jgl9a4blt8R
modified: 3/7/fe1rcq1nqbe9p1dku3hdkpp8ib0rs9aR
modified: 7/3/stats
modified: 7/9/08s1b4looamvk5qenl67g285pu9a7agM
modified: e/a/b8ihg8a1sm6080llaj8rou73i8ijec4M
modified: 5/1/stats
modified: a/5/615scdsob9rof782tjr7177g9j3pnhcR
modified: b/9/145vi5tpaecv2qdm6e73usmpmusmq9cM
created: b/b/fc0e92jbaudf7eqq17h4snul0nh5a80M
modified: 5/a/stats
modified: c/a/3dp64nqq97e05l3p221hbfplasj8b1gM
modified: 1/7/2b671acsrj29jnlcfqsi9h7lku6hql8M
created: 6/4/78ic6f10jo6vdoufmo4scmmu1r37eb2R
modified: 0/3/stats
modified: 5/0/314r2765mleq8707lq93ee58qrvll9oM
modified: b/a/stats
modified: 2/7/868o2jafirlgtsplmgruddbnffco1bqM
modified: 4/stats
created: 2/8/c021qm2ff7ra10gonovh57or83foc86R
modified: 5/3/16l8gv4lf1kfjp9f0vjf2e9110m5btkM
modified: 8/2/b93676bs5tcqjj5pgv7vnet96mip86eR
modified: d/c/stats
modified: e/9/8bl7qfauf2qgkuh0kmb55uk492dkqb8R
modified: f/9/6bfu2ng4tbp0m6v1ihr271aru162mtmR
modified: 4/5/1ab7r7bfv909rnh1u3bjvao1imaf0a6M
modified: 5/3/stats
modified: a/6/stats
modified: d/d/stats
modified: 0/7/fbfb1dukn1017v4v524ksqmcsapsv90R
modified: 2/e/stats
modified: 8/7/6bsqqn3svtq0g98m9lr3sqtd2s2hkq6M
modified: d/0/5a9cumlpr3grak52m1g2uk0ag54v066M
modified: 5/0/c10pr8e71t63u5h1e9u594lsrkn3cg2M
modified: 5/7/44nm8h3mjvs6404uco5mn0ftbllmr1iM
modified: 8/8/592am302vuq1h38fkeekjaf0kbo4hhqR
modified: 1/2/c4m83va9gvp94egcv7b6gp2gaf43rbqR
modified: a/2/0dri8kn0n2ncnacie3vuvn1cnuvpebeM
modified: e/9/stats
modified: d/7/7dcaev7h926rpuk97jucrlqpsartcm8M
modified: 3/9/stats
modified: 0/f/d8jmfm8nj4qo7uou0j5s4bsmdfl1pu2R
modified: 8/0/0ehb2u07k0bs3o10n96ggghmkdffi6cM
created: 9/3/142hgm73mlm4a5qs53kb6t6afl4j52oR
modified: c/f/stats
modified: 1/0/stats
modified: 3/0/6fuacohqpk8u6udr3n1igf4hd5f21loR
modified: 4/5/f0n4vstndpi2tegiimqfo2jvtsr6rd2M
modified: 7/2/stats
modified: c/0/9dhofips3cj30dcp8m3nhvflsbsgp9iM
modified: f/7/6aku1d6c8ut6sblh2cld0jkdmvspkisM
modified: e/f/24e9lgs8ah9b0pehuef1dln7ho0n1meR
modified: 2/7/stats
modified: 4/c/stats
modified: 5/9/6b07s4pppn6naal32jlf96ii42rl8faM
modified: 8/5/2ekgmoicnvgnunpodmv813gnar71dl6M
modified: b/4/099v5b1gd5tds8glv4hjpddou6irjteR
modified: 0/f/d4g97o4q2iubbd09qstavmgoaflgeg4R
modified: 3/b/stats
created: 7/6/b7rcsav4hfk857uv7gd9i644jrl8shqR
modified: c/9/57cp7n727jcqqj4n0756qecsd2rnebqM
modified: d/5/stats
modified: e/c/9euaar4pll5sh17u4st0a5ua42njj2oR
modified: f/0/e7ognjfqfmkkg4boi2bp92qbf5j5n82R
modified: 0/9/stats
modified: 4/4/8bbvcc0thhjenddqjrcfrrqll1l3tkqM
modified: b/c/dbdo0prqshup3cf0uu5aj7c9l4ejtu6R
created: b/f/3dudr4t6ca2klmth36n781oqptv3feqR
modified: e/e/88hd626n0qd32n4sn8p0svdp53ggrq4M
modified: 1/9/c4g02s32j1l2poq4fok5t8b56rt3658M
modified: 2/6/stats
modified: 3/2/stats
created: b/3/18df1kd2ea70nkf4o6r236pnn5agmemM
modified: 0/2/f8on62ket1sv5hg56q0qrh8vsdbj7aaR
modified: a/8/stats
modified: c/7/c6ld2vokh7voijbsimfbqitgfhc7u16R
modified: d/0/fe21hu6d38hfbtervbpbcs7uuge9cdoM
modified: 4/0/b36bmrmg907mk2hevuuhbfmrtqd2mgaM
modified: c/4/5cfifcipvura8ljgda07fslui7j6448M
modified: d/1/stats
created: f/9/24c28h2s2fq9qj0bplv6ollbskj3cooR
modified: 0/4/f61gbsb73nfliufsff0mvfmqa689tkiM
created: 2/a/47f5auca8agru5gk6as60jdeikcmjtsR
modified: 8/9/c89ff1f6rcmap8lt8tj6oq2cqutp268R
modified: b/a/8cbtapgsif2etes3lelg86ecg2g4namM
modified: d/f/stats
modified: 0/3/71d2o1tflv96bjoi0hm81jlu70q0pviR
created: 7/9/31e0dtbu23ldgloa98cv28qqovkggd0R
created: 8/e/afslle1mhvdb88k281ut4qiju02ukb8R
modified: f/a/f6n9m3c3v71gpvpl9tahohku3f9fmiqR
modified: 4/0/899gd9k01bj9t2gj8hjvi1p9ro27gnkM
created: 6/1/29udd7lebs6t3us80i6f4bm49fsi6l4M
created: 7/e/2a7064973gikr579ivgl0bqpd0bnofeR
modified: 8/6/d5hli93ndkf5gmudm2acfsvv2qn8mg8M
modified: 0/5/30dnt4c19d31a7e1pviebudvu44r5t2M
modified: 3/e/stats
modified: 4/c/8aja8ug43a8o9dd6281rsrro1eohj9gM
modified: 7/c/stats
created: 7/f/4c91kasc3podnf4uep5b812e2bfh03uM
modified: f/d/6c1gf1nu4nj7hun4kka3shsf4648caiM
created: c/2/79n891o782ijkjcmrhei17t1tg9s01qR
modified: 1/9/e7n95g9mhbvbp52sg6tjplkbuc06ftoR
modified: 3/stats
modified: 6/d/ae7hlds5420vbe3oueerlvj12klkcluM
modified: 8/d/stats
modified: f/8/stats
modified: 3/a/stats
modified: 3/d/stats
modified: 8/9/d7ik2l5kjigs9ltm93i7t1199jmgts0M
modified: b/stats
modified: e/6/stats
modified: 0/b/738bv029pht94fofrvf8rbrl3bpe2jgM
modified: 3/a/ecjdbba0j8u30vf9h78lra9npvksk48M
modified: 7/1/stats
modified: b/c/e4q03qn758qnh2fgmghf8ehnr8d6h9kR
modified: 1/c/1crlriiocbuv5ldipo7ar9nfa5nq2g2R
modified: 2/f/62fc995fmb9okf389ja66eabilcnvpoR
modified: 5/d/stats
modified: 8/4/dfpfd5frgcmp5a8e0diae68ulv91r0aM
modified: 9/0/stats
created: 3/e/0eie8jjuo90s5uj6l91obk5m01cj0p8R
modified: 6/a/stats
modified: 7/6/stats
modified: 0/d/8ehqbpk9gjuupciisqoqtek8339oteuM
modified: 6/0/stats
modified: d/6/051m94mn2pm8ifrcef8bqjka341r4uqR
modified: e/9/432445m8kkrqmgg1veur83tsp0ba4o0M
modified: b/5/24raaff6t6cnr8jn22lcur7f164f1kiM
modified: b/d/addqnrqsqllc5apllf3hv13kmjg1718R
modified: e/2/stats
modified: 1/9/c8b435m7l1oc1l6sm4a6tj2dvhf5qdaM
modified: 3/0/stats
modified: a/e/stats
modified: 0/8/69056hkuhoar2nqbujianrh8rtj4tmgR
modified: 1/2/10rvu4dqojjknjc1iv5iuga20ac1u5mR
modified: 7/7/1dvnsdcbpokd06ktjbjtslmluf9a0pgM
created: 7/8/583bpbabqqv0scfpu1g7qvcrrovl0koR
modified: d/7/1a8t9ug5gqp6qi8b8p2qtdec3nlbpk2R
modified: 0/d/stats
created: d/2/e2b9bqi6jamsla6ds4fk578a85lkoguR
modified: d/6/stats
modified: f/e/24o0jopqe483o7sfpnm4lhmrju8tduoM
modified: 4/a/stats
modified: 7/9/e2sp11b3kmepd3c3k7jvo5oc6ba3jacR
modified: e/1/stats
modified: 6/6/2bhtjd6vqvthhcb63t9omlomgsi5tocR
created: b/d/5d4tfllbivv8ou8tq29tfr9ev3jvmf4M
modified: 0/6/stats
modified: 5/e/a1jmri2sao2qsu8lbreqee4gj3510vmR
modified: 6/c/1f8hd2f9ka5jipv71a1g7qbkbn695meM
created: 6/c/ccs10inu5pqvoi17p53teeogt72gu2qR
created: b/0/758iaistgs42jktq5f6o0ightma6qncR
modified: c/0/e8rl5hu7j4a3pe9109o2td7mt02lafgR
modified: 1/4/5b5n2a9hfo2df260ibq6eb781dgttkkM
modified: 4/1/stats
modified: e/a/2dracr81glg2ojo6cp2bdcge417cc1cM
modified: b/9/ccpnf8dgi3h8b5tv2tcucva5f64ihfoR
modified: 6/5/695evnl1td0e4ffornb9vsgjbkmroe6M
modified: 7/1/b609nah57g7di4htdns8gbb43pcev9eM
modified: 7/9/cdpr1b20a8stbueihgkflkc96pfcfciR
created: 8/9/7f8lse2kiders35917dkuqm6nth8m9uR
created: d/7/c5djfob4fnelfcmt411si74sdpa3aigR
modified: 4/4/stats
modified: 8/a/stats
modified: 9/a/stats
created: 5/0/919ujq3ooraqha9rsq04ci5pqa838ueR
modified: 6/0/0926en3s3at5c3o39squhrn69k3v0uaR
created: b/1/5dqtle64aufno631b5hd3ft51g0i9akR
modified: 3/e/2fqffce8bp4dnrr1356n69b0g0hrv42R
modified: 4/9/dabag8k93dmt7irs5uribkrfbaovv20M
modified: 8/4/stats
modified: 8/8/64jdivp4u83deo6s9ckuifkv9kslv9sM
created: 8/9/d9g98r25l7n0ou3s8eg609iq4vm4nosR
modified: c/9/b774kk25q0sc0ghase9hrf80rsrvse6M
modified: 6/0/eddgbvib5odpjdii2tquhvsdhlufiniM
modified: d/3/426nbkeao86movupgs8o0qpvloirrrqM
created: 4/f/af77v2aklcupbv0l1s5ccdnon419ijoR
modified: 8/5/2d2luvj4tosgiu6i0lh4fasgqo9p12aM
modified: f/b/stats
created: 7/6/f58dfacar7b4v8jnv9ivpk8bnj3agmsM
modified: 9/6/9agn952r6aq79n7p56ob32i786pambuM
modified: e/2/7d1l8sm383r4pc5590p47jjtirghtumR
modified: 0/7/63id6ea459ru85alp395rp7nk8rtdvqM
modified: 0/a/stats
modified: 6/1/797usm9h6ral922f49eqqi7v63khi0eR
modified: f/f/44shsgbqmjiu0rm7tm5rnukk31o8qjgM
modified: 0/stats
modified: e/f/e7fie8efkpi6tnqd4m0l98uudc9rfqcM
modified: 4/6/5es4josdi6dg38oh3c12qo2r98rv50eM
modified: 8/c/9a3ki14p8ej5b5e9jpjh5gmbg7vgd8mR
modified: b/0/1eiuuif6gmdsv1p8ufnmu1tnh3808pqM
modified: c/9/d1m61t0sfdf39m9osffv678kanciiu6R
modified: 3/5/c83la5ssh0d86rkrs9k5puo43sngv3eR
modified: 9/3/stats
modified: e/c/848ovlk6ngevjkjp67e06r9h2pcjhcsM
modified: 6/9/92lpmgjg93idg9dhlvb914p9pfu6c5iM
modified: e/5/6fup8ckeskbqtic4lsoujnl267lait0M
modified: a/0/e3on8vbaaict31qnqq1arqla9sd22juR
modified: 8/a/c0ok6hc08b28n8pr7672nasvgkqrgmmM
modified: 9/5/34pod3r0lb60os9r14dn8rvjgsbrvvqM
modified: 8/d/1ansk9324l7vmm9t3j3s48dakqb9378M
modified: a/f/stats
modified: b/0/22fmmmo5ihh8v00tsa5kgq1h4s10ooqR
modified: e/9/d18cpld2a6egr60645rsvs2ccq41a0kR
modified: e/d/57koj35h7lc1kml97fvqgn8jrsm5tqkM
modified: 3/6/e7e89enupkluu42lnjm5kqb45n9bsuoM
modified: f/f/fe7o4i8jbe416av1n3opf5fjsigdfq4M
created: 0/1/6f4rvhs7calcq7hqur015kuu3p3in50R
created: 3/0/71p4oenb1lkdfp1abcf3768p0qo04t0R
modified: a/5/cah7knpj7mquviclojkoe11210t8v9sR
modified: b/8/452fpmgv8kse4vgsl7i8vd69641806gR
modified: 2/5/9cq263o9r295lsr045vb16fsr41rk96M
modified: f/9/1aus01t9a5t74cvao6okc5gpvkvc82oR
modified: 3/a/bcpkm7bj6vhno4g132u6sl44hbkh0nkM
created: b/0/fc56f4lik19caah3luj2n8v2kc54nc2M
modified: a/3/stats
modified: 5/5/stats
modified: 5/6/stats
created: 5/9/5f2r53e4ir9l8kidgkmkbaer72pi9pmR
created: b/f/c66guqfdcf5jjgav5ad1ndns38v7o6mM
modified: d/9/9ao0815rlo57rqjo5hkeak4r0bpamdeM
modified: d/b/096i6le5cvfmivseqfe4pqnbav2a108M
modified: 3/0/36nbh60fckgla9id6u437o923gnlstkM
modified: 8/stats
modified: 9/f/070t0dl74qj1c1b3c2eg1lcaoh3fhbaM
modified: b/d/4045c37mqtjaca865c54vkmh344olcgR
created: b/4/648n37i58rja6pf110bj240lti7pr5iM
modified: d/2/stats
modified: 4/0/stats
modified: 8/a/aa60ulf1gbcr8npsn5n0siblpm632ecM
modified: b/0/3fbg5kkvaemur7hgqp3060rt4vbvcdaR
modified: e/e/880569hk443ke1v59b41i17kjmti2g8R
modified: b/7/3f23b990hj50rfr2his97ceseei5bv2M
modified: a/a/a00uotjfc2ig5l4k8hdkr8qvijejo82M
modified: 0/0/978d6rdh0rvesv0oaklooopveplnh5kM
modified: 1/e/056qnkanpbt8u5460f1s0scu3esfhtaM
modified: 2/a/eaciga07651ehlfeig3cv0amm9i6s7uM
modified: 2/f/stats
created: 7/5/5chhdbuu2ljsvpv08ci425b61avfmnoM
modified: e/b/1457gkmf0efjutu01uj5780tgt4o17kR
modified: e/4/9fnjh8nmcd4d4e9miaaepfjhq392254R
modified: 0/b/7e1rt30c2vfeo5kf0vsdcq6oufkf536M
modified: c/8/a730lc7bjovkjasftvp87o0he3o88pqM
modified: 4/2/stats
created: b/4/d6k4lppe0nhtmb96s3tnq65uenjhei4R
modified: c/6/a17o7glrl6kk2tr5mnn4ooektprud7qM
modified: f/stats
modified: 4/7/2b4lmthl38r37f17iuj2l9ivddrq38oM
created: 7/d/11qru1rr2ae5r81p6b0e03lnpctonvcM
created: e/1/8aqt8tg0b7r0bai6dbre3citpggu3fuR
created: b/b/8f9j73bjtusiiih8a1q1boqcqtr0gh8R
modified: c/b/stats
modified: 4/7/635f0f9dlsc0m34hl6q1ee3b5d0e6tuM
created: 0/d/bbd5kpvah8nbrdetso6m839o3nnd8d8R
modified: 1/4/e9f6fud247e4aho7r3aj9j6roidi4g8M
modified: 2/a/stats
modified: 3/7/stats
modified: 5/4/08s425dc2u1ntpu5r5lgqhruh7v95rmM
modified: 5/7/stats
modified: 8/6/85ok3f4ebqm5rp8efeoetms2da6lasgM
modified: b/f/70vrofvq5e1jnema53kcfmmabri82b0M
created: b/9/d7htrf8dbjq6ihuklj7tspdiotqmoqqR
modified: c/8/stats
modified: e/5/04192hqq9k0e60a0cvfrm2hr9pdp8bkR
modified: b/5/0ebpecv7kf7cmehujvt6j2nljf86g9iM
created: 4/f/15j3i1bjmkhrvt58a7iuogqoh83fh1aR
modified: 9/4/stats
modified: e/d/stats
modified: f/9/e6q980nq233ojk4gv7jsekndjde7l6iR
modified: c/a/d1vs29tg8pbtteg4duai00nh7k5oibaM
modified: 7/e/stats
modified: 9/7/stats
modified: c/1/stats
modified: 3/3/stats
modified: 6/stats
modified: d/7/dden5g7slcu7v7gv8buv4dl8t5lrv5iM
modified: b/3/ebrnhvph6tl3amicgonq06im7dmng4uR
modified: f/7/stats
modified: 0/7/72h7ien42q10lvagqnfsq6bkdsa613sR
modified: 4/9/25942anfnuabd3092ivmlghb4rpiq3qR
modified: 7/stats
modified: e/7/stats
modified: 4/b/stats
modified: 6/1/d6llojccj6bd675da2utfq9f7cduba0R
modified: 6/e/f9jfquhdckklj47mg73ht3u87rcpho6M
modified: a/stats
created: b/b/a82dpj5ttt9dpvs37lb2ks7ct301t0iM
created: 2/6/1f8sr4tfb96nn7phirkvfelq4okq6pmR
modified: 4/7/34vlcpai8u3ue2s7ld8nofhcflmnm3gR
modified: 9/c/stats
modified: d/3/stats
created: 7/2/02tejo8fjtmb8ksk17446uikkkjij6sM
modified: 9/9/stats
modified: 2/0/stats
modified: 6/5/stats
modified: a/2/2er6rtmlt0bnlu5lrev6k5bhkf6d8b4M
modified: b/3/b4vo0jl3o87ls3dnlpv0kj76s8n8jfiR
modified: 4/2/0blcuv31tnsk9pm52lbkcjqf2utv5maR
created: b/8/31lomuf29jc7g1ccbr3s3tfr7ru2rfeR
modified: 2/0/316movqdnvvm0b2ft4nmpjgloquidr4M
modified: 3/0/07qr47ln0l0aovs2jsio5810vad0lfqM
modified: c/2/57e9aj7jc574vessr89rdr0d2cdrl6eR
modified: 4/0/1ck3gu6q2o6lheqhf7im8bga76l5a2cR
created: e/d/14rhtcplk6gotfdkniutpbn9m18va14R
modified: 1/1/a4c76e623qpfn75kcu7ocd20i3g668qR
created: 5/4/16k5eaqr45ojpk32bupd9sv29etun8cR
modified: c/9/stats
created: c/d/73ntb7qsagnopuje6pa5gs6l90cgq4iR
modified: b/3/82akc1tdbj7dadktsvukv7bvlnfqtqsM
modified: f/0/stats
created: 5/a/e099j7em14dragsrrafol7huo411gioR
modified: 6/9/stats
modified: 8/e/stats
modified: a/5/350d9f2ijq4oavseuk8e4tlfnm0s6g6M
modified: e/f/396b6k98slkndiosv0lb89tmrp95e8kM
modified: f/e/stats
created: 4/c/01htngtmgucluu5rhm1s7pg7j1l01hqR
modified: 8/7/49qdtqpo28hr62rsi7ucv9pl95ss0rsR
modified: a/d/stats
modified: e/7/85ngpgu1l0hcpgsfecc2jq009v82530M
modified: 5/8/stats
modified: 1/1/stats
modified: 1/2/d75stg9ovgr485kgdq15ue9v5n2rd7uR
modified: 1/7/stats
modified: 1/8/8fluuf97joh9b3o3fl11suoflvq98ccR
modified: 3/d/3d3edgp0qf0f0h8lnjntp7vjbock3hiR
modified: 7/f/stats
modified: 8/7/6ccs15h0mdck8160ef86hjhvk0sbaoiR
created: d/4/70q0hvk1km7n7m0sls8afbdmqpn56kkR
modified: 5/9/fbjurjkiatp098o9sm8f2srqpjetiqsM
modified: 6/b/stats
created: 7/4/22euk0jmrq4m75hh4nk6ajkidrvoismM
modified: 9/f/stats
modified: e/5/stats
created: b/e/3d1uc4llpnj15k66sdob4pgo9rqvptkR
created: e/9/5eos7dopbi2cskk6987d7pftbd75j4mR
created: 3/d/be0f291vbvud598mfo7okem5livrr9gR
modified: 4/7/00bqgnvs0is3geu910t6rf8b1vqi766R
modified: 9/5/stats
modified: f/c/ddp6osa09htjj4aiiqqfdt8brsud93kM
modified: 6/c/0efh182qa35fdlpmvl2keq0i9n2luksM
modified: 2/d/stats
created: 6/6/0cvhn9o2112idg2109hud10hh3u4r0kR
modified: b/4/de1mnlkq20raksh1brcl8fcan6uoa9mM
modified: 9/c/95g398kh6kcqm6la6h2sod11cqd5d38M
modified: c/6/stats
modified: 2/5/stats
created: 7/3/45baso97u76rghmsitismf5fb39ivo4M
modified: 4/0/0aekh72oud3vm7sf52nvrtaaed3hr34M
modified: 7/8/stats
modified: d/8/02l5sti52ar71ruo0d0qf9riroip7hsM
modified: e/6/28tjb7lhgr5nqmuoashvq2vbgu4ijeaR
modified: e/7/99bpq8cpkc3779dc2h6gbn256cqb4u8R
modified: 0/0/stats
modified: 2/b/513i7lube4vjn7hjl6fmqubpcvlkrmcM
modified: b/6/stats
modified: e/6/587unbl8d5ko9h2ee37omtrtr64g3naM
created: 1/9/80q5j6nck8b7m8b3v95p5n2fv8lkhp0R
modified: 2/0/e957jjb20akajrd8ghs67arqlpg2d36M
modified: c/stats
created: 0/4/a98c7velni2s5mnksni1ohoed4edd8gR
created: 2/e/f2uhjoi62n50kv0als1jf0ski3ercveR
modified: 8/b/09drnd3kg4pnajrehqug67jj6s9o3voM
created: e/b/56va6u9m3rrm9q2hkjae1pjlkd7i35kM
modified: f/0/bbkdfeqpcnqcnnnjlfikt35cr8purp6M
created: 3/3/70i8uiuaaufud89fjtgu7victmm00dmR
modified: 4/8/4623b4sph8ie53a05rc78t462hep3r4M
created: 4/d/55e5omucjm77npj2qbn53mi3oiqf23cR
modified: 6/3/0fp00jqvhaeel3fr4nqslvlht9lcc4gM
modified: 6/6/76hbsrt87o96pdiqif8hehovlcucrbuM
modified: f/f/b15bhr0ngoka5qm2rb24i9qahv82k7iM
created: 5/4/56l6q5g1915rs5a0h5c5aqvmgke10vcR
modified: a/0/a6d86t68djrudv4ehl4ma2tibq79leuM
modified: 0/4/8fcgab54jndjjt23p3ufqmgvqag9bskM
created: c/a/48j0ebuko3kllrvpd9bcfco3c9rvq28R
created: f/7/dfoi7gf90a20pphk75brf6i1r8lap5gR
modified: d/0/99lqg6pmq0nkq794i35f2bfsgfrjg06R
modified: 0/e/ccmame4jlh04pu67de6vb947sc6kbluM
modified: 1/3/stats
modified: 8/1/c68so0n0lbt3udvvl58tsgar300gkisR
created: 9/7/a0gqvatqgn94m1ck77bta39p7fipmpgR
modified: 4/6/stats
modified: 9/8/stats
created: a/5/ea142n342koo9c3fvjg7ri7c3a8js42R
modified: f/6/stats
modified: 3/9/7bu69u4vbh9kr4dv3r4f60idj7jajj2M
created: 7/1/0apjtohbf3b4fd3353dtcdfqr00i242M
created: 7/7/920nqj6pmipt4iv6bh6ndooeagjn9dcM
modified: f/0/24iqb9f47jhiiadpk3sd0thrmi89jlaR
created: 1/b/7fm4atbf258t14j59p6rbv2p7d091ikR
modified: 7/a/stats
modified: c/6/39dr5oflga3is2j8gpa20p9dnkhjfckR
modified: d/b/90ub7hes0oqnog69tb21nv8i60autbeM
modified: 5/4/22aggn7g3v3gdo4ugu3n3jma1r6qjt0M
modified: f/3/5futg9dfpvrsgjb7f3q64rq366vct3eM
modified: 1/e/stats
modified: 5/7/8bsgatvcs526ekpn1fu3lmri8ombuumM
created: a/4/f4jh3kvua5ijp5kb6revtls45f369dmR
modified: f/0/34rhralmp39oh23arm0iaehcic1gvsoM
created: 0/d/dcvjujqpkg3od2oq9blkft94ucf82n8R
created: 9/5/635orpjjra275folgkiknjrjol2qrrkR
modified: 0/4/stats
created: 1/f/3835on9lpuk2rne1h3gg443476na5tcR
modified: 1/stats
modified: 4/7/5eao39md1q14tde2gv18gi7aagatnbmR
modified: 4/d/271qc8r4edgdrsvll637k101pa9cbdeR
modified: a/6/d3oakob6q8m4gn6k79n18c0nnc64l7oM
modified: d/stats
modified: 0/2/stats
modified: 2/b/stats
created: 8/b/cdhg7mbcid84cfollis30dl1fut3kq6R
created: a/1/eb71d4k2va9hv96s2uomprtefnvth4gR
modified: a/9/c0g538ii4o0gkfaiicb25vui7bqdpsoM
modified: 0/1/2c5tanjqdv1g786cp4d07qv40rumsqqR
created: 5/b/98d58qgem59j08gp280210o4a2jtpgqR
modified: 6/2/stats
modified: 6/7/78k8rii0bie27108f81p81h4r5ntm98M
created: 7/1/ec9rp59uss3o4c4dmsl768jiba706e6M
modified: a/1/stats
modified: c/e/72tfvm2p2jn2gsaln6mdc8qaoip4td6M
created: 4/8/b6h6dv2nrrq0q8avt0pdsc56stic6i4R
created: 5/9/1asm463u3kc1fojbp2cn388qni00o8kR
modified: 6/d/stats
modified: 2/1/stats
modified: 2/9/edog85hcmkjkf582pt50earllubebdsM
modified: f/b/5fmmhbc6622dc3m905uhnn42ip0ukd2M
created: 7/4/dd9nfjtn30ba9l8dr0mgn34qllf3f9aM
modified: d/0/stats
modified: 4/a/9366ibqnus22bcnh137dha1nc435ihsM
created: b/2/5543ph906ps98ogfhvo1ruf9g3vjdimR
modified: f/2/1b5l1u1roaeporujur3pd5jse13qi9gM
modified: 7/9/stats
modified: a/0/eeg60t219u2aa0gocflld8tg25mm6qeM
modified: b/e/53ptsbgddmq2b2arhaset31bgo7m07eM
modified: c/a/stats
modified: 0/5/afeqghj0m35cg40hhncvsrgdlmm4bg6R
modified: 5/2/stats
modified: d/8/88sitbvil9bnsi660613japh3vdkdraM
modified: e/f/b8ilmnava7s4mid2ulm8k5b1497a6omR
created: a/9/2c3njfr5fc8ta1j15sh2krofa00qcvmR
created: b/9/956cibl0ovglehi1i7a05hl83lm1if2R
modified: 6/f/stats
modified: 7/7/stats
modified: 8/6/e0j77m19507a540p3eef4tscippg5b8M
modified: d/4/3bmo0ocjf1dueui6reqcl3dl5oruhf4M
modified: e/e/df9rlq4jloj7hdbn4l95j2jl89jqrn2R
modified: e/6/6564p4mp21ncuidikec5tq940mtit82M
modified: 1/9/a1b5o3u8cmbijadk1p8vlnkbpcr9oo8R
modified: 4/5/stats
modified: 7/0/stats
modified: 8/5/459c4qapuuha8nhb8jetlo823hrt28kM
modified: 0/c/stats
modified: a/4/de74paerdir6kbugpbjlria16pmbj6mM
modified: b/3/5cqj0ctcv0tb2rou7kjhe7sq2tgtps6M
modified: f/d/stats
modified: 1/8/38u3tlt2bd3v8svtqh7bh7e0t813kn6R
modified: 2/1/64s26bjn27spo5hs61pu2f9k0dvbdq0M
modified: b/f/stats
modified: 8/7/7d02jpgir9fne0marp3i1et2fs55b3sR
modified: 4/d/2befjr5q3r174evll4s9u53ih7bobf4M
modified: 5/c/stats
created: 7/3/8ah5p4598a30ovm64847crf3o3oj4laR
modified: a/4/stats
modified: f/1/93kuf57edcp8q5hq3sdn4kq0p1kc87uM
modified: f/1/stats
modified: 1/0/cffch943qs0aoaghrfls0va7s2pfchcM
modified: 5/e/755hltteqntvp52rk5i4n09csre27e8R
modified: 6/2/9622k6vl7ful5sap9i7815mjls3ge7oR
modified: b/2/c72trf1nt35niv6rga12uh49mvnrlo6M
modified: 0/1/91uqnvrc3rob282elclntp0rs6hli5cM
modified: 1/b/ae9dndqaci7jfphl0e7uvtai9rej47kM
modified: 4/c/3e3jgkbk2mcsjh65re9k9mm7to6cj10M
modified: 7/0/1aljd2qc8bfm5vctdlq28mkom03cik6R
modified: e/3/c4ai8hi3bsvgm5f7itk8a6m8e7cvlskM
modified: 8/3/dcidv9ll971nkffuhpk7dhaomet06ieR
modified: 0/6/bf84pcsuahq6270f10r9lcq6rd3nsboM
modified: 0/e/be4t9nja3s283qmcdgcqif2svlbc74iM
modified: 4/7/dfhalnsodmjjh9tn191brhnlkg52af8M
modified: 6/3/stats
modified: 6/4/stats
modified: 7/a/79i8i1du1rq5hios3kcf9u1tte9bd2eM
modified: b/9/stats
modified: f/e/18b014tc0e3sfec8ufbkc1flcbt6buaM
modified: b/7/c132vtm3ghn07h7na32fh0vvm5i3umkR
modified: d/3/99sj6ho90rko90ilh8tu9vp5r9j36g6R
modified: 2/a/deqogk6hee7idse6atm8el8auamrtdmM
modified: 4/4/23l7ca47s8206a6i1lbdq0dl5pllp6iM
modified: 9/4/d412c7n9qaqts4onoetiv07obokljh0M
modified: 9/5/8bq1aiodq8i3lc4cks3p6io8865uq24M
modified: e/5/05oagqaq6qp5ees2phokgnm79khauhgR
modified: 5/0/stats
modified: d/7/stats
created: e/5/844pa01e1b0vd6db55fegd8h6b4prt2R
modified: e/a/912dsg3ljeoefsjoif2fv5i9v889cq2R
modified: e/c/stats
modified: f/c/d2qul6lp0ok0vhvl2hjf04f36dpmh48M
modified: 6/1/87khtqfcjveoh6e0c6s6lucr515g5g2M
modified: 1/3/f00rs49donqikibfsidu2mvekp6008sM
modified: 5/f/stats
modified: 5/stats
modified: 5/2/f3vrm32nmjusvlvuek18rhfhhddpjnqM
created: 5/7/ceovp22asf4p861ad66npb3kd1hqa3uR
modified: e/2/4bk6itso8gsst14ia8g92pn5eeabgd4M
modified: 2/a/6boe16fuqjm43jsq2usa2rr5lth7i56M
modified: 4/0/6406k1l5eb75q3s6akl5dn3002mhp0sR
created: 6/9/3736h9ib6hndm32k2hok055e2u6ot0iR
modified: c/4/stats
created: d/a/abugk4g7mluo4ggm0kvshoh1vidt29uR
modified: 2/4/stats
created: d/f/5b2fpc3919dm8rl7dgojisok16o8oegR
modified: d/a/stats
modified: e/8/stats
modified: 4/6/94o1pr4tqhptg0cqv2jlqh43quk72c6M
modified: 6/7/0f5ueelso1lb8nnrr8gukf9ullohj4mM
created: 6/e/0c7737tbsnpold3casllqi0sk6btefoR
modified: b/a/262oed8ug2rfabofshahpcb3vj9136iR
modified: f/4/stats
modified: f/f/stats
modified: 0/6/d2ueirt5fn1g8oordnt69oc5udhjo2eM
modified: 1/e/fceoahn71d1kaoplhmppa79i08i4is4M
modified: a/0/stats
modified: b/6/1drc2c5gkihqnkvbdr0m6jcobi4siv0M
modified: 3/8/stats
modified: b/5/d9ocjtuf3e5bnb0s0hoo11r6itrh4imR
modified: c/c/stats
modified: 6/7/f9n3v40ou1cluu3k7c3f7t9el1nbf18M
modified: 8/b/8a69t9453t7tfvnjt93a55thjv0cu2sR
modified: 9/stats
modified: 2/3/1316sma6pr7sqet5fj0ik95vev3nld2M
modified: b/2/stats
modified: 0/1/96fq2r3hbt8p658rphaa657bh6gjld0R
created: b/8/e8sq15cc08iq5d94iae34r7eh0mo7e0M
modified: f/5/01g00vvd8pdg2lt4lq2ssmgrlfsfji6M
modified: e/stats
modified: 7/4/stats
modified: d/6/16bnljhs8gjkvn1ksggs9t1pce7n8j4R
modified: 5/4/stats
modified: 5/6/32tiku3jv8pk0af656rfn9ojshvkf1uR
modified: e/7/7c9nl033hd7q4msdo89d0hl4h3khjlcR
modified: e/f/stats
modified: f/f/f042koia3lk05rtm294gfsstb1ichsaR
modified: 3/5/stats
created: 4/7/a2jjhnihh762sfi0c7ee1r9jnjc3ttcR
modified: 6/7/stats
modified: d/4/stats
modified: d/b/dem6l8dlenl053mjtu1nj1t9h3hra78M
created: c/3/deik4no8p10se714qbgenk7rck7jhs2R
modified: e/b/70elmqlajncfka9f15ctgqto01gu1laM
modified: 3/6/stats
modified: 4/2/e0g463ovc8tsoqkl4c8ov4hvh2ql4rqM
modified: 7/7/5c8tkcp9bo28bndnnkf7okm3fprihb4R
created: 8/8/5ekh6rl5d08bd4ksj0svnm9qm5v85k2R
modified: 5/b/f245m1qjk8j1fn5lgom38ev2asc7cvsM
modified: 8/7/c0845jmn6j16mb1ta3448rrmokdq0s4R
modified: a/a/stats
modified: 0/f/da4c4cf6d2c1tav3khk72pv040kon4cM
modified: 4/5/450ejra5n7ffedkidcvls2ft9vu9rbeM
modified: 8/1/55shbfgpb6f4l5eh0iflggie8b4v18sM
modified: b/5/stats
modified: 3/1/stats
created: 6/a/69flevmifqafrm4bnbcq6s2ks3pb4v4R
created: b/c/deji85nn78ug309sihn9r1rscr33i5aR
modified: c/5/3fa98c3h2smbb4i6qq1k2mgcrgadsj0R
modified: 1/b/stats
modified: 2/5/eb9koc4i73gmv4vojmderf9un25q3egR
modified: 2/9/stats
modified: 7/7/0e9h1kbrgpnbnnfie86p5upao8caclgM
modified: 5/2/57cgbqhq7sqfq3ensiifc0ae79liinaM
modified: 7/9/27ipk1h2cf98lbeeiv3gprl9okcal8oM
modified: 1/5/c4h2dfk2v0r176ih6lc51bcfdo7hkbaR
created: 2/9/edstru11312uv1fhjva4lfah34jgdleR
created: d/5/dav7mu7jh3qtalmn6dio183qha2cia8R
modified: b/7/stats
modified: f/9/836sglcstd3fcn316kdp3ephgtb765oM
created: c/5/21q48mn16f4u6g68f5uc6uev6kqsajgR
modified: d/8/stats
modified: 9/0/d4vqmgc8p61c2pg2gt8bj7pu6o27rueM
modified: 9/9/57ar2f7o7bgbpguhkssout6e5r7ins8M
modified: a/c/513dt7ttk6cfqv7fqve6dq1giupjmdqM
created: e/6/4b17oje8l7ap35nhrb0otlgupkqut0sM
modified: 6/1/stats
modified: b/6/14d2qo5luavn4bo8afd161oljd57as4M
modified: 7/7/4e1tgmd1d3e49cd7dqnehv109nn7jl0R
modified: 8/0/3cvhujcd8kn2macol78utphgafvlh8mR
modified: c/1/48scalkgra0rckbo839u90o4o2ehabcM
modified: e/2/bco0bvmal2qnp3lqjg2uqo1fi3r2h8sR
modified: 3/3/30s7ltv9rj8ghrhrrjq5v01qqa82rmoM
modified: 5/c/22l22bdpdm97dgh8gfena80luoq0f66M
modified: 0/9/feilibmb9gsbe0ensfiia34ku3v19euR
modified: 3/c/stats
modified: 8/4/739u29j95qsm6tlfq4ojube6pqrbp6iR
modified: a/2/c92t6flv1tdue659r8qn5982hkfq06eM
created: 0/3/167e3o0guc8qtb0c8313v6ai8im5qg6R
modified: 0/6/ccji7vh86gtj71ijfpqi9so7p4bs8g4R
modified: 6/1/507u0psuqlalnfctogl3kehm68665rkR
modified: a/e/c164l9nf6ubsmotqbvjg14d602mqb4eM
modified: 1/d/stats
modified: 4/b/3b4o397grq1acj5i3dp3tivu8ig512uM
modified: 5/c/fccjb1n0l9n7cr5guka53837kb73kq8M
modified: d/6/b2gmvmi7rrcq2uen6d72fkeaisnsheiM
modified: 6/7/9b23ni8f64bf18h6tmgatlg9u8l39p6R
modified: 8/5/7caf42ao5knrspg00da4arcle4lr25eM
created: 8/d/0anp9js6em2dqsusr2vcmftgcakf5oqR
modified: b/1/5115m1fch2gmianvpa4ic7qqctvqoc4M
modified: 2/5/eauu755m2q6d9ba2r8atdirdnabsbkaM
modified: 6/2/0356le35433p2dk1b0b1cdeag5gvg4sM
modified: a/2/stats
modified: 1/4/stats
modified: 1/e/e7qch4t8uhgtfajmvmaips217e9uptcR
created: 6/4/e6qeh7f52trtgtl358r0fefoveo9nk0R
modified: 6/5/55rkqp602va8g2j99mf6vngs20kif14M
modified: 6/8/stats
created: 7/2/14896sumer3thfhno9eqhhvsnbj7kocM
created: e/6/e67dclcfec6o0rl5fdlk055reish21qR
modified: 4/0/44p58qah7e642pg3arsg3ls8us7atu4R
created: 4/a/8cjgu96c49ibfj5648ejpla6099lv1mR
modified: 4/d/stats
modified: 5/b/stats
modified: 6/0/29h4d215grbbso7ajo2m14inu483jheR
created: 7/b/a985pffmr6bcb04ua3l08dse99bbn9sM
modified: b/1/ddvfli32pqg1hupemcab3k90ajobdk4R
modified: 0/8/stats
modified: 4/7/a2n0cuss52i6a6fals2spu3avv3v6piM
created: 6/c/a48st7vv83p7s6gm4b8fh1dk0r5butmR
modified: 0/0/44s1aqh21rmiev7vr9usvbiu6sj37dgM
modified: 8/1/1406fsf8ua4e7nijq5uvoit0hro3nsqR
modified: d/4/27br2cjdfv3qjcai28d8rq2le6kg8i0M
modified: f/5/stats
modified: 0/7/stats
created: 4/d/398quifakmekgreki0ptqu9508bt3q4R
created: 7/f/31q3ajje9p5hmuv3ic8es7kfchqo71sM
created: b/3/88ln02sf1cj4pbr5o0kpt2me41i7c88R
modified: e/2/e7fa6ugo4mf1a8f97p30hevc4dde9gaM
created: 4/7/37m5is5eqlbk7qdtrfmp836f8p9dpc4R
modified: 4/9/stats
modified: 5/5/0c5ju56qnjr7gv7kejc84g4klpnbajqM
modified: 7/9/c54q5emvs8a3j4pm2amccc70bpaphd8R
modified: 4/7/fbhr1qhlpb071pcmr7ocfohghrioa1uR
modified: 9/d/stats
modified: 4/8/stats
modified: 8/2/f6n4vp8o0rkelp9l6vrsi52qqccohb2R
modified: 0/9/a575jchd2e2aruisngs90gg770o1vl6R
modified: b/f/25k0u6dedm3464mki8lpai8iqj48380M
created: 1/d/84kt7nmjbk0vhghakulvc4u1m9i49ikR
modified: 4/7/3738sv79lsirq2ndepbcj0drfpef23iM
modified: 6/9/da9ppnhfphcrv0ip7cg2l6stgoklnmuR
created: 7/3/dbjfpacbaepg3u1q3pr8onucle565iuM
modified: 8/e/53ak1gai8ndg9qc8367pbph0v5k8tjeM
modified: f/c/stats
created: 7/4/7dgr3j5i4sl4b8mitf3hhvs9j8fl26sR
modified: d/8/5c8tkibvqtigtvru9na1avojdo2ggbuM
modified: d/e/7cumm319gfjn18mkob2g89adurmn9vsM
modified: e/8/9ft865cq0d5q9efhn9h4lo6qritkco4R
modified: 7/9/19fkdk9gbh20787b2tsd4b5g1ol2mdeM
modified: f/2/99sntaof5hsg7as2qk8s60eqdqfc9icR
modified: 0/8/9es1raq93frnki8a5j7on91glb2e1oiM
modified: 5/2/777jcj03idjbudh8gue7ut1rvvnguj0M
modified: 7/0/c0sfso8l3271t3d8fs90665fnps9isaR
modified: a/c/stats
created: d/b/99orqucucl71afkcqq6r2dbl5grfce2R
modified: d/7/b34i1qsdgrd1jn2f173snrl82i5l08oM
modified: 1/b/fatnv31a8m3o0skhdnu1s82omcdrfnqM
modified: b/e/stats
modified: f/9/stats
modified: c/5/stats
modified: 1/8/stats
modified: 5/3/f7dua0jp76topvanprgem2m0r8eoptkM
modified: b/6/ec2a58fasbmig5f3dpqftar199qmttiR
modified: d/b/stats
modified: d/4/e1fo8d6fu9lcjs4v70714r3jdqpio30M
modified: 1/7/1eevee43899ca3r6jks0pr5olvv6j2uR
modified: b/6/bc384p632drhjsopvsk9ss65iu19tasR
modified: b/c/da60qq21glo379lsi1ijib2a686rkk6R
modified: 4/2/c5dhtkadgnkmonn4mfssbb09k9tshcaM
created: 5/c/c2lk9ekqlq6cn8pllar1eqanp84rehaR
modified: d/2/fc8fmm9bejdrtb2jlmfj0dml0r847ueR
modified: 1/a/stats
modified: 1/c/stats
modified: 6/0/50n5kf0fi49840jk7dhqp2ql36sm622R
created: 7/6/5c82docplgtasnaer8tdhnqs2q10oeqR
created: 7/b/27v7ueaiqtcvrj1onhq3mo505schm4iM
modified: d/b/b6tok8vkrgd5v3bpmbsc9lloo8kp5vgM
modified: d/e/e5fhobes9j2jimnd0ievpbjlf92p0vcM
modified: b/0/stats
created: b/e/41ch3bl8qv9k3jsq13tqgs0rjbkbdqsM
modified: 1/d/b7ie6ge74inui9dca9e24k2s9vdvfbaM
modified: c/3/stats
modified: e/e/stats
modified: 1/5/stats
modified: b/f/fd51tt1agfleunpgam073h26c9g3smqR
modified: d/e/c3snvdjhhme2lme2ee85k6s2is981cuM
modified: d/e/stats
modified: e/a/stats
modified: 8/f/stats
modified: a/0/3fuvdgja5as6ogf6cnkvd44sreg946uR
modified: 1/0/a2139iqrm4tru919a75jq163970v376M
created: 2/c/15girq5i52hli8lv50e5l0lpc75u400M
modified: b/4/77ru3k3ntv50cquqdauloqslfv54aoiR
modified: b/c/b44pl1u2d7ds16t583vjllc4i559vlkM
modified: 5/9/36jg7ifoi97ptj6r32ast74aql6j8amM
modified: a/5/stats
modified: e/6/ebjg5mrh22g15ov13o754i8acuth8imR
modified: e/7/e0l38g7md4brtv8kgn19r235qqll8rsR
modified: f/9/dfivvbgdpa0jdka9t25vlc571820oeeM
modified: b/1/bavpr52bcsos6gual0djbeoarmpuvaeM
modified: 4/4/cathqo2uo6pbe30dnpfivfrqek33bauM
modified: 5/e/stats
modified: 6/f/792q66llrvrsjvg75dh8fij639hm3noM
created: 6/f/ccpq3d8j8aekb3jjs1obalfnkbmp2qeM
modified: 8/9/stats
modified: e/0/stats
modified: 2/8/stats
modified: 3/c/3f3154ukig3q2tlgnte657q06nnvukqM
modified: 8/2/4bksdjv4ppefv3shm56tof28oqp9730M
modified: 8/5/stats
modified: c/0/69ih1a0cdri9ev9dc7uu1dmjf7p5e78R
modified: f/0/1cltqqu6au3j5b1jd9sommp3p99bhp0R
modified: 1/f/stats
modified: e/8/5fqh5cfclptq16b0d88ptj8r7mq0o22M
modified: 0/1/9ad89b25dscee5q5ab2frq75siohsdsR
modified: 1/2/stats
created: b/3/7augmp8ovh7k76muomrk1lg8eba6v46R
modified: c/2/stats
modified: 0/e/stats
modified: 3/f/74901i07hno43pdlergkoljjrv1qmm4M
modified: 5/7/7f6u0dpmq9orvs0teo13umtsdk0anqiR
modified: 5/9/stats
modified: 8/f/58tc53mdjnpiquspm58ci5gnte84p4mR
modified: b/1/stats
modified: c/4/c5sltef4o2ejd75t8c592crkajr3rcmM
modified: e/a/01jbtcdd0ifb3jua4g0s1912ptlt90kR
modified: 9/2/stats
modified: b/9/6fmnce26qok830ru5fej5voajsq2ghsR
created: c/f/2ea7uhbrkqe5c9iu4er0snehem1e3sgR
modified: 0/c/87rjoiqullkk3i55ikg0qubb8tns13iM
modified: 8/c/90vgo1rs5t7shov90gc1sc0def5p3t2R
modified: f/1/97bbg9sq9u7etivuqcpt7pqv1esphukR
modified: d/6/e48i15tqth4fbdc8ipt3ei6d99m9uemM
modified: 6/4/a2rejuibn8ta9jt0pr5uh8jkp46euskM
created: 9/5/06lsug6t2tsdin4efhnrn244dlehe58R
modified: a/7/stats
modified: c/c/4389om8saefou9cae8p1lfnlo0v8v38M
modified: 0/5/stats
created: 2/b/10v1jn1m8shrclaoke5c3vqq0rpccf0R
modified: 4/6/8di3ooel7f7jgu45oh1f70g51vgntkaM
modified: 4/f/stats
modified: 6/6/ccf5sl84tc14i7nkjfdje1brce78jm0M
modified: a/9/stats
modified: 0/4/7b0qmlsnl37anrqiq43suvu58ncgldaM
modified: 2/b/0dr9dfujl5bjrhkmrtj8fu2ddhekrfoM
modified: 3/5/09of46hppbkg88sueg0tib9b8imgs3cR
modified: 4/7/stats
modified: 4/d/dfkr8t0s1p62mu2psscjg15h5gc183iM
modified: 9/b/stats
modified: b/3/stats
created: 0/2/7332aki5a79gom2uk5hpuopagnkq1t4R
modified: 1/b/09eta5bnuuglaqulr8j7f5n4jnhq30mR
modified: 7/0/c0osvr4f1g8nfp6tk8bi7slp2dn4ee0M
modified: 8/0/stats
modified: b/b/stats
created: 5/e/21onjo36g5lfmg74revvjlpragqokt2R
modified: 1/1/a7st2720geneasfu02p3jsi6noltpoqR
modified: a/a/54246jh5juih9c4qv06cs8gsinsvqcsR
modified: e/f/d6lrm0mfckp2e4pf2n4dhaejdvmqc4kM
modified: 4/2/f4t7te2m92u82bpkrt6gvejq3tvoq22R
created: 6/b/01htjc45ie1lfpannicna70nouavt2sR
modified: 8/2/stats
created: 6/d/38v1iaq8csgdulsc18eaprl96em2v4gM
modified: c/d/dboma6gpbff771i51mlen11im6va5riM
created: d/f/45k7vsqnplj330hcrfvus67138vmpr2R
modified: e/b/96qf1hlu44dk8es43j522m5b5fctr5iR
modified: 0/b/stats
modified: 4/0/dasvg8ri0k03tuqre13a6099pr75uk4M
created: 7/c/c42a7hk8p21j7s0p7hjmfmcehohdt32R
modified: 9/e/stats
modified: 4/1/1dupgehmfegm4grio1kr6ftqfos5tveM
modified: 8/0/8diqgq115v33gk2a2526nrc1mg8dvk6M
modified: 5/0/aa2d9vko31komfo0jvpubgh2f70hm4gM
modified: f/a/stats
modified: 3/f/stats
modified: f/2/stats
created: 1/0/57mhedh0n2kjodb31tj0lba28q6rl62R
modified: 3/5/d8pckja5jr5e36u9n5e7k0n9b451i5mM
modified: 3/b/9a3khiapq330b77iv1tj33o1aigo4duM
modified: c/c/8084vkpj0r6muq8a4ph4m0q9uecd2qkM
modified: e/4/stats
modified: 1/9/stats
modified: 0/f/stats
modified: 8/6/stats
modified: c/0/693jqda2043pfdat5sfrmtqkoalst64M
created: d/f/a0madofffvopbbp5mokjra6jsc120p4R
created: 0/6/f2ol8ccsck078qemt3jfks937p8a3bmR
modified: 8/6/672uqd7rni7p4igb2olb4tjh8fj7jemM
modified: d/0/5798a059g1l4iinsjn3cg5s5m9ehof4M
created: 1/6/08eg257vgsg8jc9rfefe830erfca97uR
modified: 1/6/stats
modified: 6/e/stats
modified: b/8/stats
modified: 4/b/18hfiufc2ebm7q47m4ps9if0490r778M
created: 6/5/0d41pndcve8bql3hu35qvudi8nendh8R
created: 6/a/30bl4ldk168eu5lf9m0ob17s6sgfm46R
modified: 0/3/1d8hojins9878oi3ask6ja96pdte6iiR
modified: 2/2/c6v1d90va9pupkdma9a88linukh8v1mM
modified: 8/1/stats
modified: e/3/8aosedakp5rt66ugp3vee4b5miu5854R
modified: 2/2/stats
modified: 6/f/c0t5lo3qu90d32avnck522kbs0f54b0M
modified: b/9/fcrsstlc3rfamitlp60pl2olndlm3moR
modified: 0/5/56jncm24080dmlmt06u7289c6ht0o7oM
modified: 0/7/dbg657l1uvrhqemcdeucd6m6qo1a3ioR
modified: 4/3/stats
modified: 5/e/109qm75vaovdjjpbrouq0m9ilreieleM
modified: 7/d/stats
modified: b/d/stats
created: d/e/21fq6qgv6sroann7l7jnusj0eilap5uR
modified: 1/c/e1n35coubh4bql86ufhi0bp9ujbucjqR
modified: 1/d/86lc1fof48c7iji7qhnk78q3jqctkasM
created: 6/e/6en574c609cnm8jrbfn7jadia9dqbt8M
modified: c/d/stats
modified: 3/4/stats
modified: 4/d/e1nvqgaeki57pvei2th768hvc3i7c0kR
created: 6/0/dflg85888bi4fe3nib7jlhvtpssf0paM
modified: b/c/stats
modified: e/a/a7kmcfknv2d3hk58efbpouilsfjo7icR
modified: 8/4/38b361lmuifr83ggmomnefhs9338hh6M
modified: a/0/4afgh8d4rd9jque9s8dctbacuofhkvsM
modified: e/3/stats
created: 3/7/74k30ebsovrva2jrq2br6brcc5v8kioR
modified: 4/9/07v6p6b0lcrulaoj6b38elbe03qlikoR
modified: 8/3/stats
modified: 8/4/27ah8ot1gjaceicbiuab1q1f0vfkr38R
modified: f/3/stats
modified: 8/b/stats
created: a/3/b99bffrom7kqvnc3v33aj28i3nij3daR
modified: 0/7/e0pep6fpf5nkji6qrommt517binrp84M
modified: 1/b/2bfj39515uf96rf4m2vgm5mpu37u8gaM
modified: c/7/stats
modified: e/b/stats
modified: 9/4/e2v8u20tad5krvelh529tv44cqhqthiM
created: 0/f/d11fu329jmbc60jkr8pqrerepkoiugeR
modified: 7/b/stats
created: 9/a/7ba62r12pbqpa5jh2pkg9nag3modv8qR
modified: d/d/9fl9gbe1j3niuvq5lbp2aga3vjrv5c2R
modified: 2/3/stats
created: 5/e/370tkkg6s280osgdktauut6jor4lhioR
modified: 7/5/97irmppfqp546s572m7urnj6o766hn6M
modified: 3/7/1c6hcct9eocarhn3c2jqoo4vcn3nktuR
modified: 6/9/ddkrqqoeh5kcp8db2qksamaroo3gqa6R
modified: a/6/5c0rluhpsngufsatgt1aqk96onucvv8M
created: b/a/337feclhif1kh08s1u8b769nb141fsqR
modified: f/d/68ms442l5iamk1g7cqncctfb3scuqomR
created: 1/e/a65v4t0k6l7r1eln0ukvckoehnmg36cR
modified: a/9/f4pkouutj27mi57t0g75ngicdbpfb9uR
modified: 5/5/9coagmjrvt140j5pu30cn2bc2l5su0iM
modified: e/5/8en72ipp313d82jldlgfdbmafsqi4lcM
modified: 0/1/stats
modified: b/1/3bho0mbia3isdu9h8v2spk82pdcufbiM
deleted: 1/0/edr41heuv46fmscncvfv7vdv8i97ociM
deleted: 2/2/0bm2qor5skv3scjdltrict9d6f8oieaR
deleted: d/3/bc4ohv2nk2sj9boc5u3mvb4kmi9553iM
deleted: 1/6/4cipkm4dfbjbomj7ev235bpa0s1jj56M
deleted: f/0/f06p4h2v9tqm2slaa4q5imm3sr8kmduR
deleted: 6/0/0aiefjo4q62ekemip6667l8rs652e9sR
deleted: e/3/a8h2q4fkjcuu4rm8l0c5vldqhudihosR
deleted: 1/d/558r5fhj1abps3j3q165luqolbndofmM
deleted: a/7/88uka9kjbftchi6ci9ah2gphqced5egR
deleted: f/2/fe460u11heirejrvcras5m4gdpf999iR
deleted: 6/5/eek4i4d5nli4b4al46bc52ge8gis584R
deleted: 8/b/25jshrodbqh9fsu3n9snrgg4198ths4R
deleted: c/d/94ge9po8j4kc5sr1bhccmn9f314lb4qR
deleted: c/5/d77ccaf3qomkk6980phjvhegd49lttsR
deleted: 1/c/4aikfect6somqqvecq11vek06erdugmM
deleted: 6/d/2541i9k56bkauovejdjhm0lckn02eo2R
deleted: 5/7/d2rt64q3r2r7c3c54cgsnh4tvnj3794R
deleted: 0/c/4eehtmt7jbruhi6lj194lkoa0etostuM
deleted: 1/9/62gbp81db33a4h2eeaquqqr40noql5mR
deleted: 3/f/e44tifjckjktd521ipid4e3c813469aR
deleted: f/9/721vviqamfpcpgcs8dd8p99uidu3ankR
deleted: a/9/d6o1840bnlt6derqt8slppmn25g9kbiR
deleted: d/1/36jh1tq05vgkedco2tmnild8d9eva06R
deleted: 1/0/812krn9q338lov0tqgu8sl0c3acf23iR
deleted: b/3/04a8q93fq7ppog0sstomjgfdqkd0ffaR
deleted: c/b/44u61iu8sth45p986tr3ajb5hta3sq6R
deleted: e/a/7dco2qq72e49e4sbgv5lcibrfvujiouR
deleted: 4/6/27nnnleptn0gva2rvr4u1vv6ifko9aoR
deleted: d/c/26qbvmeh58cpug0c1jgnkgk0fmu2a4cR
deleted: 1/3/edrlvikjjooqr5kgca88lpa7cqokdqiR
deleted: 1/d/62kt9oi4gddlk5rvqhq74t438k8elh2R
deleted: 8/7/6434cp7a6u9ee402dlrbfd9k2d8pibcR
deleted: e/a/3a3snog23lljbah6dainuti320hllh0M
deleted: 8/3/5612lhr783o98ihjap4enk5pdaifu3sR
deleted: d/e/e9i8lusvgo84t1n40hmn8k4fnn4lgugR
deleted: 0/3/d4umo0hf6593rtlsr5qa4vev2e1vdu0R
deleted: c/d/9at8afn2lar1c9nk7is5ml9cvg5rs46R
deleted: 3/c/99d42o5k77p0jk9lb08ac5m0r9jgl32R
deleted: f/3/e6rst2kefafgs5t4h9v2ppnqhg6put0R
deleted: 0/c/15l1e3q38dv8q9ko7lk7eknk4qtsjt8R
deleted: c/7/9315vsb99kaej4h7okt65oaat4hr4gcR
deleted: 8/1/16hvluv6r9o45cldbgunme53t7fdgcuR
deleted: d/2/21bdepjsttj57c5mclrp0l9hii92deaM
deleted: f/0/46j7t92hmlpsbf275p5qtubj6isaansR
deleted: c/9/3ffq7ada5upttoruh6alnjqums3is2sR
deleted: 6/9/eanta549ghnsudntn7fc7inu1ui31vkR
deleted: 8/0/7av5iki810o7efv815mgh8dq7s3hmqcR
deleted: a/2/fd6f90gvag8fal5g7fc1ahr5lva4okeR
deleted: d/6/68elponktqtn0luerpfa6u58r6jfuosR
deleted: 6/9/0f54vlml507ojm43m2m5u5ufk2fl3giR
deleted: d/2/62vd1a04pcud6mmtqh8u35aj6t1r0eoR
deleted: f/1/b7502nmr0lqo8j85l1v3n1iobr4c768R
deleted: 1/2/c9k1j8fnea35a6kjkro7s0bma2nml04R
deleted: e/8/04q2agdjr8hve8n61kh4p1rb59fvh8qR
deleted: 1/e/a1dt5u19d2h4qluh7sim69sijpmaih8M
deleted: d/c/5dh1il6pijnd9qrk3i1tp0j6jp3f08mR
deleted: 0/1/bblt99l2ibmf1damlt4r40hj0dv8mj8R
deleted: 1/a/61dnus9c1di2h1djie1dckg963ijvicR
deleted: 6/c/b09im34fn5bb4hhm4pg5a7imrnnhpuaR
deleted: 8/5/10u8f6675ajj39kg5ena4tpln8v2ohoR
deleted: 1/e/f5ndt5t2tqdc2c3ftd3gm6g845keg08R
deleted: b/b/024e9is45fk6vcimj4utjnfv5kb0guaR
deleted: 1/2/3cgd3drq622jfv66r2b8gh1ucl00e2aM
deleted: 5/7/9d9soo1i09btr3a15ss949r24mtlndaR
deleted: 1/f/d0ehabrrfhosuog268sdqermm0gu0taM
deleted: 6/a/7d13aec7t8huctqjt93aa3r7a1acc20R
deleted: 1/1/6dp94ioboauv4i6tp3tiuteh69p47t4M
deleted: 3/c/0d0vnjnd8uvnj4psv5s3fask3ovkfu2M
deleted: c/b/dc1avfs9urntt612flsigjonp4in17uR
deleted: 0/c/522mbseve3to01p98qkfhriublddj5mR
deleted: 4/6/b8g6cf3fq4mvfvlg840vnc9ndfhhknqR
deleted: c/b/55ijdmagd7g6sv47lt4lb18q66uohaoM
deleted: 6/0/68ar1n1vppns82cskuf3f4b859f0uagR
deleted: 8/0/b45lgfpjdc30dj0nqvodil3unrnrk44R
deleted: 1/a/e9r2q1mjmii98u67o01jd6bsne8s4v4R
deleted: 8/4/64rtht0327gl4smjff1m9qt70p7p5j6R
deleted: d/1/fb6me8nskrcqffegvlo4i97ue5jt3o8R
deleted: e/f/d70kh0i7lbmpsrb1jrlf59t49dlrut8R
deleted: d/3/15lbtqu04gi8i310ea3pu9rhjm7nua4R
deleted: 3/6/ceos3ogbh9brk39k3jfpk36audlbjd2R
deleted: 1/9/81kia9tfdsnp8ngbjkj2khbqcunt7e4R
deleted: f/2/b1msr462mvfvpk1856tvkirufiid7qeR
deleted: 8/b/0e3c80c8q3dha47275pejpnap5abiicR
deleted: d/0/9eqafme20ovuglevqna6i92rs2qdctuR
deleted: 4/e/echcd7fkihkqsmliehgm73tomnnsa4aR
deleted: 8/6/1am3uhgvr21rs3vciqha35p0cin5tpqM
deleted: a/6/97bnbuh5t1f5vkfkp8856rl0klcnc80R
deleted: 8/6/429kg6r65q138eaple0r6h2r6g4dcamM
deleted: c/8/adc0d7e6t5nqnqo8kl7rfavo2tt41d6R
deleted: 4/c/2dfm2c5409t13da9lcidbr9g7ic09o2R
deleted: 8/a/cb1tur93s6ksttnrt92r3cnh04mfpuoR
deleted: 8/e/eckumcv3bal3mk7kd35ocmjdiv3aqbsR
deleted: 1/1/1f1b5rtraj9l4c0q7jtcbdlra4vana0M
deleted: 4/1/c6rao9rm1672btv5e3mpub15tcglqqqR
deleted: 1/2/3cdsbeshrchaooglc5rrp427kb8g436R
deleted: 8/7/93bg16d0qechatsr898jqtob1acupbcR
deleted: 1/3/34vrn9dnj1ahla6uo05gk73cbmav3mmR
deleted: 1/3/d3pfsuhqob1lg4meiq0val0jg7t761eR
deleted: d/9/7cen38mqncvofopurpr3e8ib1umbvmsM
deleted: c/3/12mpmcj76lgf7tq1ko53resikd14c9gM
deleted: d/b/92a3ptagm03ipbiq942vu8nmb6qh0nqM
deleted: b/d/cc1lic1234ej7inm6q7r2s1jvi630quR
deleted: 1/3/05q8v5r8doftsjbpbmo22k7ehq42cnaR
deleted: c/3/9a4tbuvgjbp3k03pedfveqrblo44kkuM
deleted: d/8/5c57htnbtr1fvkhbk5ud283ndvv5t12R
deleted: 1/a/83q0307m59mr5h9dmue7ou0v239mt8cR
deleted: 1/b/08op07uuv7tjlmukqkokll20ag3m6foM
deleted: 2/0/53i7601gfdqe8btud0ndsalfkgu94n2R
deleted: 5/4/35lg9ong9hpr9inocpnl2ju603srdkaM
deleted: 3/2/125pg1nlfm3lb58fmavu7d9tnukhik6R
deleted: 3/8/88a1p3bm6v4gqscgkbuju4jsnma6nuiR
deleted: d/4/defeaqd6t25497jff9b62sbicpp7h42R
deleted: d/c/fffgbsc8n1kbssl37tf3d6rq7rej972M
deleted: 1/8/34ivds1dgqe0d7stachf47sv077uiemR
deleted: d/5/6a91n32e9e9rvge31skmv02lgtphm8iR
deleted: f/f/a7c2ua81jup47e22ar116iiampru4dqM
deleted: 1/7/eamogv25086cooso8reeq202esr638mM
deleted: 6/0/92gj1ou51i9u9dvvlgluu261eg7fd42R
deleted: 1/0/7e5bhsiv1795t8kjmbfhh8jt9kunou6R
deleted: 0/1/4ddjkh4p88ann54hffnis312pdqmk40M
deleted: 4/c/9fnlgemjspvrssmoa01mvppd88om52sR
deleted: 7/7/a885tirja3mbmr19fvkethpp26muo50R
deleted: f/8/5bpkcch5d7cbkhuhbt9jp0eg9blil8cR
deleted: 1/5/4845hsf9sun9jhpbv73eha9ustd1jn2M
deleted: d/2/fbvd7h8fob33r2n0lklj9ih9etqm94uR
deleted: 4/4/19pdbg27f1j4omi5tkthrtelfhqq8ukR
deleted: c/7/388r4hgg85evtuhgbl2q5iqve0p4c9gR
deleted: b/7/4bfc2gchn0nk9fmhr7hevb0cu5eu878R
deleted: 8/a/e98p6ri0olel5ftt7o81a81akii3lbeR
deleted: 4/7/2dogova79afufb0fp6dhj365ibh2ehgR
deleted: b/d/fbdt5342cfpd8umderr9o2a1k8ulsauR
deleted: 5/5/facutebttf98cedfq0plos70khpg6bcR
deleted: 7/0/a805diqq12fe9vgkem2oika45qgl9aeR
deleted: 0/0/80npk4dci8924j3bnsophlcfvj5jjtoR
deleted: c/1/615otsidoraapku1u6qjtlsa26ar8m2R
deleted: 0/c/16go6hsab2q42t0v0rqkl4qdi86t9uoR
deleted: 4/3/e4i5u6p540ev0sr3a36jsvl1tjbav9sM
deleted: b/3/d2bhoi87a3pgmerdcpduv2lb5g0v0nmR
deleted: a/f/7844p24hc0pm7bucp74d0jo90e2g7roR
deleted: e/f/44iqg9m5etg9mc6lsjf2jdukmd8unvgM
deleted: 1/8/4fse4ahlkt4eqtuj1jdldiftkjlr8jcR
deleted: 5/5/7bamr57dqbgd75k7qri4pcn9lhik4n4R
deleted: 8/1/82bn8clj8h5801sopqtsl0p6uqg4r6aR
deleted: 8/b/b9sudmit14oleg0t0c3vnaige6773ucM
deleted: e/b/e3mh2jg8qhbfirrb1km3pkt4bnfk7nkR
deleted: 1/0/67i5fl4sl144abb8nplddq83h5nr7roR
deleted: 1/b/0erpnp67e1vjn1rmte3av58lmtnak3cM
deleted: 8/b/32ceruntniv3nfjqnuqsu2p6am3mc4qR
deleted: 3/4/22ph9m0815alebfb88h2tipbcoe8avuM
deleted: a/7/79vtjsmtkmjper7d6m5k1mmlmfisljiR
deleted: c/f/c8o9sv7a2kh118j4iqr61hg3l26n3h6R
deleted: 1/8/b4oumd7vfa6tuf349qsmutpfue48breR
deleted: 2/b/1ermeqdhe970c6lep18rn1k0tva0oeuR
deleted: 4/4/41gn49p0nemrlkqsfo85t8ghf1b99seR
deleted: b/b/81nvitjvnpeh0uknqf74isshjt5pkicR
deleted: d/f/88t7k04srivjdnd3jme5l4q49hkfl3iR
deleted: 3/a/b4j2bvnjspupub7m19lbde2ejpb62feR
deleted: 1/6/0bapal0ik3c028ec5sii86v3d520l08R
deleted: 5/2/a94ush2foqf9s545vko6cktb2jbj10qR
deleted: c/8/dcfdc98t8b4rhc6ppjlj637pcn75j3sR
deleted: 5/0/3ejtko7dqf66b3c00o1ea1ifnc25lscR
deleted: 8/7/bdpon1lcnds5rg7rnjsqqha702hgpn0R
deleted: a/6/1973m483eflmmn4j2uj6n8ubnm81s3uR
deleted: c/7/a8ltbu37l60bljtf5refmdko0imh3l2R
deleted: d/1/342jbbqs6pc21qdl22kkrqfebq8ddmmM
deleted: e/a/5dtadtcjerl22djsu11aeldo25non74R
deleted: b/9/49g6pu98vs6uuio6il8hph9s5kudpo0R
deleted: 2/b/5amd717o3tb2o2e56vc9roje59kk6r4R
deleted: a/5/0atfjnta4160s12610mgqa78s5ha4saR
deleted: 6/c/5cjb8pjf35e5j3ftgbrqqrr6h39fki0R
deleted: d/e/ffss4odid6025bpjb8t7h1deaofdfsgM
deleted: c/a/76sp8ff2saoqhorj2hhe81bh4vqd270R
deleted: c/d/56bf53omvqgjo0l8v2v5j2actaftovuM
deleted: 1/6/cf77l19pk1t68ablt75obj13e9i40gcR
deleted: 5/6/a7v7fl5ovm6rgr3ci7gn901ogcrclacR
deleted: d/a/f20l7ngtj7opdfl25segvsm5v8pf3liR
deleted: 8/1/3bqd4b54srh3irjj0lv9rguvs2vbnckM
deleted: d/1/e9519t0vakdjrha62oqevikd2qeq44sR
deleted: 1/b/669dfnuv9ft3pegakag4sfd94dddctsR
deleted: 2/a/8djr6vpkijm3e5rkemg58he5ikuaromR
deleted: 8/6/740cbb65c0618q7hloim3e2k80618ksR
deleted: 1/d/d07iuheg8cj1j81c1qpur0hh28df9uoR
deleted: 8/7/51seprnpns6b1s142hblgobrbfbuaqcR
deleted: 8/a/d01h345l5s34i90rr5ed1lipjm466naR
deleted: d/5/334vs10rb6rfe8kpko961eno2ar4b90M
deleted: 8/9/5dvihiir5pg1ub71k7sofck7hp0q35cR
deleted: 6/d/2eeagbod34crk0k1et8imj51d121nnqR
deleted: b/2/3ctoe5s2smf1t12a7h229mpuag209t8R
deleted: b/5/8av1t7ke4vq2att4cabtvc9ld36745qR
deleted: c/5/98ubps9jassrceieml3p8iubtihtteoR
deleted: f/f/28ikfubnn7its8e87uon7c3s7596r16R
deleted: d/a/362etgph05ulian7bvdikb19c330o58M
deleted: 3/9/b7ii34cuqs3dmcnijr3u6k7370eos4kR
deleted: b/3/645ta7qrgoqfffk5kihlba08495n2kcR
deleted: 3/c/66krfqnm0bbfkgkjp7kjnj62gaijgooR
deleted: e/d/d0ekv1br3si4dsuoiva6q700kdosu54R
ccache cache size is 251Mb.
Uploading cache ccache...