SHA for cache folders (/tmp/ccache_dir) is 'e68f978b55d281ef2c2f87716dce26ae17889913e2fbb76893159c2ddb50ffe7'
Cache ccache has changed!
List of changes for cache folders (/tmp/ccache_dir):
created: 5/3/713f2e01c2ca10543a22d955340f1c-1780965.o
created: 6/6/308a49280592a23e0a569da7b261af-4521.manifest
modified: 1/stats
created: 6/5/e873cd9259d2c7ccd5b3a7984091f7-11069.manifest
modified: 9/stats
modified: c/1/14b42e905e1cd03a57b9ae7b9e1c8f-4772.manifest
modified: 3/stats
created: 6/1/63162f49a6c293f74f1ca7c4891512-4936.manifest
created: f/e/7c4f3ade13eace56b9d8cf50dd59fc-11914.manifest
modified: 4/stats
modified: d/stats
created: 6/9/16fef1ee47846162b3f1cf55a1cd0e-8631.manifest
created: 6/6/7146d520e63a24881fe89e32790078-30157.manifest
modified: 5/stats
created: 6/5/402b91f51376da11d773af950f9e46-5939.manifest
created: 6/4/a2b8bf305fa264648a4f71324c15ef-6852.manifest
modified: b/stats
created: 6/3/5e20f91db5871c85c1567c430486d2-17095.manifest
created: 6/8/8088fe33437f8aba3def5e9e690e9d-1417.manifest
created: a/e/787cc167da30f4c152197732c7ba66-1780933.o
modified: 0/stats
modified: 6/stats
modified: 2/f/0ce243eba556b07301e7fbff65aa63-4827.manifest
modified: 8/stats
modified: 7/stats
modified: c/stats
modified: e/stats
modified: 2/stats
modified: a/stats
created: b/8/521f2ff356555d5e2d2e982119910c-2661960.o
modified: f/stats
ccache cache size is 165Mb.
Uploading cache ccache...