SHA for cache folders (/tmp/ccache_dir) is 'd622f72aef31f46be1142d93f010571d85da08767018c0f04179bd8d18600be3'
Cache ccache has changed!
List of changes for cache folders (/tmp/ccache_dir):
modified: 0/5/stats
modified: 2/a/stats
modified: a/d/stats
modified: b/2/stats
modified: 0/d/stats
modified: 5/b/stats
modified: 7/2/stats
modified: 1/1/stats
modified: d/7/stats
modified: 3/e/stats
modified: 4/d/stats
modified: f/a/stats
modified: 1/2/stats
modified: 6/8/stats
modified: b/6/stats
modified: 0/3/stats
modified: 1/5/stats
modified: e/e/stats
modified: 1/e/stats
modified: a/1/stats
modified: b/8/stats
modified: 5/7/stats
modified: c/a/stats
modified: 0/2/stats
modified: 2/0/stats
modified: 6/f/stats
modified: 7/7/stats
modified: c/7/stats
modified: 0/a/stats
modified: 4/c/stats
modified: b/9/stats
modified: 6/4/stats
modified: e/6/stats
modified: f/4/stats
modified: b/c/stats
modified: 3/f/stats
modified: c/8/stats
modified: e/b/stats
modified: 0/1/stats
modified: a/0/stats
modified: 4/3/stats
modified: 0/c/stats
modified: 9/f/stats
modified: 2/2/stats
modified: 1/stats
modified: 7/e/stats
created: 2/2/f8i4g9vd4d1vm6mb5kghdcf17tjijjsR
modified: f/b/stats
modified: 3/a/stats
modified: 6/2/stats
modified: 7/3/stats
modified: c/1/stats
modified: f/0/stats
modified: f/e/stats
modified: 6/d/stats
modified: 6/9/stats
modified: 5/a/stats
modified: b/4/stats
modified: d/8/stats
modified: 5/8/stats
modified: 8/0/stats
modified: f/1/stats
modified: 0/b/stats
modified: 2/8/stats
modified: c/4/stats
modified: a/stats
modified: 8/c/stats
modified: 9/d/stats
modified: 4/1/stats
modified: 9/1/stats
modified: 4/4/stats
modified: c/c/stats
created: 2/c/e4gslqu903ubstpcof5d2hlmhlh1ca6M
modified: 0/9/stats
modified: 1/0/stats
modified: a/4/stats
modified: 8/e/stats
modified: a/a/stats
modified: 1/b/stats
modified: 8/8/stats
modified: f/8/stats
modified: 0/e/stats
modified: 7/f/stats
modified: 6/stats
modified: 7/1/stats
modified: 3/1/stats
modified: 2/6/stats
modified: 2/e/stats
modified: 8/f/stats
modified: 5/2/stats
modified: f/f/stats
modified: 3/8/stats
modified: d/c/stats
modified: f/3/stats
modified: 7/9/stats
modified: 3/4/stats
modified: 3/9/stats
modified: c/2/stats
modified: 0/4/stats
modified: e/8/stats
modified: 1/4/stats
modified: 4/0/stats
modified: d/1/stats
modified: 8/4/stats
modified: 7/8/stats
modified: 8/5/stats
modified: b/b/stats
modified: c/0/stats
modified: 8/d/stats
modified: 5/9/stats
modified: 9/2/stats
modified: 2/3/stats
modified: 6/b/stats
modified: 9/5/stats
modified: 9/4/stats
modified: e/d/stats
modified: 2/4/stats
modified: d/f/stats
modified: 1/3/stats
modified: c/stats
modified: d/0/stats
modified: 4/6/stats
modified: 4/f/stats
modified: 9/b/stats
modified: c/3/stats
created: 4/5/2c2r8dg8ttg1ljdd8g63nq9kclr6nq2M
modified: f/5/stats
modified: 2/d/stats
modified: 5/4/stats
modified: 7/c/stats
modified: 8/b/stats
modified: 6/1/stats
modified: 1/8/stats
modified: 7/0/stats
modified: a/7/stats
modified: 8/2/stats
modified: 4/e/stats
modified: a/b/stats
modified: 6/e/stats
modified: 8/6/stats
modified: f/6/stats
modified: a/f/stats
modified: b/4/12911ucesq5thvo3ccp8v38kvgsbmuoM
modified: b/e/stats
modified: e/2/stats
modified: b/a/stats
modified: e/c/stats
modified: e/1/stats
modified: 1/7/stats
modified: d/e/stats
modified: e/3/stats
modified: 2/5/stats
created: 2/7/9ad3ainsvdart36d0ut72gakqgll3o4M
modified: b/f/stats
modified: 0/6/stats
modified: d/5/stats
modified: a/3/stats
modified: 8/3/stats
modified: e/0/stats
modified: d/9/stats
modified: 4/9/stats
modified: 7/d/stats
modified: a/c/stats
created: 2/8/0896h73n3tmug04tc2u4sn0t7r7piviM
modified: 2/f/stats
modified: 5/5/stats
modified: 2/1/stats
modified: 4/b/stats
modified: 2/9/stats
modified: 3/5/stats
modified: 4/a/stats
modified: 8/7/stats
modified: 7/5/stats
modified: 3/b/stats
created: 2/7/fcmbvru70i8uhn8sk4f1phgjb7ojdreM
created: 2/3/e0l3voaqigr9e37frqm7kpffjhm933eM
modified: 4/5/stats
modified: 1/d/stats
modified: a/5/stats
modified: 9/e/stats
modified: e/5/stats
modified: 5/3/stats
modified: 3/6/stats
modified: 3/7/stats
modified: 1/6/stats
modified: 3/c/stats
modified: 1/a/stats
modified: c/f/stats
modified: 7/stats
modified: 6/7/stats
modified: 5/1/stats
modified: a/2/stats
modified: 0/stats
modified: 4/2/stats
modified: 6/0/stats
modified: d/a/stats
modified: 5/0/stats
modified: b/1/stats
modified: 2/7/stats
modified: 9/6/stats
modified: f/c/stats
modified: 7/6/stats
created: 2/a/e4ihvrm9eq9nkpn8knj02rnf6ka23g0M
modified: b/0/stats
modified: 9/3/stats
modified: 3/d/stats
modified: 9/0/stats
modified: c/6/stats
modified: 3/3/stats
modified: d/d/stats
modified: 2/b/stats
modified: b/3/stats
modified: b/d/stats
modified: f/7/stats
modified: 1/9/stats
modified: d/b/stats
modified: 4/8/stats
modified: f/9/stats
modified: 9/8/stats
modified: 9/9/stats
modified: f/stats
modified: 3/2/stats
modified: 8/1/stats
modified: b/7/stats
modified: 3/0/stats
modified: c/9/stats
modified: 5/6/stats
modified: a/9/stats
modified: 3/stats
modified: 7/4/stats
modified: 7/a/stats
modified: 0/f/stats
modified: d/6/stats
modified: 5/c/stats
modified: 6/6/stats
modified: d/stats
modified: 9/stats
modified: 6/c/stats
modified: d/2/stats
modified: 5/f/stats
modified: a/6/stats
modified: c/e/stats
modified: 8/a/stats
modified: e/4/stats
modified: 9/a/stats
modified: e/9/stats
modified: c/b/stats
modified: 1/f/stats
modified: d/3/stats
modified: 2/stats
modified: b/5/stats
modified: e/f/stats
modified: 9/7/stats
modified: 4/7/stats
modified: 0/8/stats
modified: a/e/stats
modified: 5/d/stats
created: 5/5/7c0rt7rn824bn79b7fn8uo7ktf9nh6kR
modified: a/8/stats
modified: b/stats
created: 2/2/7adccdkb8kdk7oder0kpkjf0p0k3e84R
modified: 5/stats
modified: 0/7/stats
modified: c/d/stats
modified: d/4/stats
modified: 2/c/stats
modified: 6/3/stats
modified: 8/stats
modified: f/d/stats
modified: 8/9/stats
modified: 1/c/stats
modified: 0/0/stats
modified: f/2/stats
modified: c/5/stats
modified: 5/e/stats
modified: e/7/stats
modified: e/stats
modified: 4/stats
modified: 7/b/stats
created: 1/0/81812ql17u6miol15pq71ns9akta2n2R
modified: 9/c/stats
modified: e/a/stats
modified: 6/5/stats
modified: 6/a/stats
deleted: 5/f/felbhm29qumitgvkkreko8igchg8vsgR
deleted: 5/a/2ds3da36228sr19ipeqsq0o1ppc1sr0R
deleted: 5/d/10990v8vgoueecpqcjqi56hgkv7hsfeR
deleted: 5/f/ae751k7c3nghme97slfgdh4gi0tbnu8R
deleted: 5/f/c7cfgp997gpnkkokpc29dg05evf561kR
deleted: 5/f/c0a6f1qgtq5oavufmv6qhatsfac58voR
deleted: 5/e/44rrkca03fc8441n4o8kif3bebdabgoM
deleted: 5/f/eeflkdjuqjcdrrbnkhq7iauq01tskpcR
deleted: 5/c/515pie0g7s7sraulf5i1kui959rg2g8R
deleted: 5/d/182e13jqduobjim6336ukgb0s4h9cpaR
deleted: 5/a/ablp9b39o68iel1qscc435uotl3l92sR
deleted: 5/e/bb2959o5cuen3g34eh7tfup9pp86lkcR
deleted: 5/f/ffkmh4vf5c9ornthg2ng3hfb5uleqs0R
deleted: 5/f/d3h1nuarh2p9srm5ua9iotj5ke0bn08R
deleted: 5/b/dbr9ejufd47ordgirkig6ngqeto11vqR
deleted: 5/f/d9l17a1bs6vjqk8t7f03sg3f472ejfiR
deleted: 5/c/59q5ki2j38p44282a3nfei66e5dhjsgR
deleted: 5/a/a3t1g28ipc9k7rrake1837avpieh72eR
deleted: 5/a/2fj0lkgi7cakp50uk3vcggo03ujbom0R
ccache cache size is 162Mb.
Uploading cache ccache...