SHA for cache folders (/tmp/ccache_dir) is '442e9f09ad256ac49b800d76070c0efcc1ca7d9407ff4139850ab32f2646a7ed'
Cache ccache has changed!
List of changes for cache folders (/tmp/ccache_dir):
modified: 1/stats
modified: 4/f/81d3c41b855132fb0f510330d183ca-2351.manifest
created: 9/0/56839898a6c57dd15d46ab44be2fa6-4212329.o
created: 9/a/57ad05b0f1cbad973546e2dfeaeec0-1455763.o
created: 4/2/a8939a61330aea90166f4adc80deba-59748.manifest
modified: 8/stats
modified: c/0/7280d5176eccbbd739f480c53f95a0-14030.manifest
modified: b/9/28613547e9d72e0ab282087802e8b1-6587.manifest
created: 1/0/c2bddda3c67ff1a7b47a2c741576f4-4218457.o
modified: 3/7/ef8617431c3178dd08d388026624db-19857.manifest
modified: 9/d/4e331870822dcc4a6ba6f151716b78-3660.manifest
created: 2/8/f242dfb80ee7270b6f6b14ac9e440b-5479.manifest
modified: 9/3/ac9fa322ea8c9eeaf84762508d376e-2061.manifest
modified: 9/c/cd5868f465215c1dedb7b26a454e57-57863.manifest
created: e/2/9919a8def2930f1c4eadd96c625c64-4495114.o
modified: 7/d/845e1043c2cec50c3388e854bf89ba-6139.manifest
modified: 3/5/8e3ed08bcc79420da9fcb5ba1d67a3-47237.manifest
created: 8/0/fb47a9c153e896228b7f6989860c98-5232.manifest
created: 1/3/a681b58c5579b8e11d248ef6ce8c9e-13951.manifest
modified: 3/3/8576d780de1b9341e40e7efe212db5-4281.manifest
modified: a/stats
created: d/e/ac9cc53dcf5ccd77c85def7ad9d598-4438810.o
created: c/7/78ca1fd6f8ac30b1d7b49eb85280b0-6166.manifest
modified: 2/5/3ba0d4338752ccb10a7488a9f7f001-7766.manifest
created: 7/6/080075b1667a3ab67757a7c7ce33b5-37828.manifest
modified: 2/stats
modified: 9/2/9412ee87813d87bc0ce68dace2b114-12563.manifest
created: 8/6/c2fd0a855861bc09022c3519532204-37043.manifest
modified: f/stats
created: 0/8/ea84672a64307b5b5a64c17a5290a7-4148209.o
modified: 1/8/6b0e99353e309574dacfb57c6e34f4-8451.manifest
modified: 6/stats
created: 6/4/8db5f81e9ab5d1d355a6fbbe66c217-5392350.o
modified: 1/6/593ae35b01a36da42f329354c3e7db-28339.manifest
modified: 9/8/bd328ba3bcd0910df9a5d8cc8584d8-4160.manifest
modified: b/stats
modified: e/f/1e7706c9a15944d590a10e37390ec7-4148.manifest
created: f/8/a09793968e111b17a40db8080e085f-100843.manifest
modified: 2/c/dc4639ca7a07395708f66ce4cce8ce-4997.manifest
created: e/9/699d5c97dc29ab641d673764f4ea8d-55568.manifest
modified: f/c/d48cde02c5013d9ade2b31259ab7ff-6177.manifest
modified: f/f/b7b6894daf5bca0cd030563e10918e-8453.manifest
created: d/6/6d07c0df3d99813e02bf12654dd6e5-7421473.o
modified: f/0/11c5c38d0e928bb7d6943c98b759c0-6467.manifest
created: d/d/3688cfdd0f9fd72b280d6e89b34764-5375312.o
modified: 5/stats
modified: 9/9/0f8d8ce64c0ebfc4f0fca49a7821ca-18743.manifest
created: d/3/9b35163c04c8bd10d88ea20ab74a83-4289254.o
modified: 2/c/68b624f8c24c13a4a2712050acbd84-17699.manifest
modified: c/7/eda4d8db3efeb90bec4c652435b622-3542.manifest
modified: d/a/41b621edc1506c0d062e4f9a1a6965-10901.manifest
modified: 3/stats
modified: 8/6/2102bd936a66ab6e905d8f7db4fd61-3464.manifest
modified: 7/stats
modified: 4/stats
created: 2/4/8a163daae463fb05bb07ae24ac8327-4152057.o
created: 3/9/5e244db64f8dc91fcb9a5476df95d2-5731080.o
modified: d/stats
created: 3/2/42d7e94ac5cbb80f19f65247620c00-5609784.o
created: 2/a/c5f88c3db74c1a713acfe84bacd10b-4142302.o
modified: 0/stats
modified: 5/a/3f06c6ee7ace30a74510d1ac3b8171-4031.manifest
modified: 3/b/54afdae8413c43aabf398b7069a1f2-14189.manifest
modified: c/stats
modified: 9/stats
modified: c/c/e7224d3ee0e00cfd39dbc69bfaf214-9273.manifest
modified: 2/9/51d2277152c4e1251e17e5ef542f68-8618.manifest
modified: e/b/f06d38d74dd2ebefd6dfb58bab670f-25696.manifest
modified: 5/6/95caa5e79e1b810c60e379a861512b-13787.manifest
modified: 6/0/4cfb40609093d6560e31ab6d872093-3744.manifest
modified: e/stats
deleted: 3/e/803587e1a966449df61fc9964e634f-4504479.o
deleted: 9/e/346ecd739a04452bbab8420b2d05a1-5630725.o
deleted: 9/b/e9b809e79d84adb885dbf47ff6785b-4111261.o
deleted: 9/b/f35090b7e91414adff9d2178b5b510-4118432.o
deleted: 3/6/dad5fbef6d7bd9812d4d11a3de507c-4620390.o
deleted: 3/e/42d2d32e905c147acb96d2045943a8-5170.manifest
deleted: 9/c/a732b67a0f0d23762180d30f579c78-2239305.o
deleted: 9/c/56a1b235f00f4184616f1fd3307ef2-4062857.o
deleted: 9/c/a6fb39a82737a2286bc9b79cdbe329-2295973.o
deleted: 3/e/877ab24d76d88ff71623ed11125b59-4014476.o
deleted: 9/e/3a252412fc742d2c8fbbe5c5fb4b37-6068538.o
deleted: 9/2/a9b093f29922fee8d6bbf6a6526410-4441767.o
deleted: 9/0/8b40798f91bfa12d333bc895b0b945-2214494.o
deleted: 3/c/ccd4b32d4c87ac41ff235875d1cf5d-4003185.o
deleted: 3/d/b13be43c22add633f183ffdcbdfa4d-5317.manifest
deleted: 3/7/568122d7748ca753c6464ecc6807d5-4558051.o
deleted: 3/d/4733806fe2fa10631c2d11f34750c5-4005647.o
deleted: 3/d/2d79bfde9ca82adf688d009dfe16ff-4058471.o
deleted: 3/7/55ade426819e8e73afad0f284ad293-4119585.o
deleted: 9/5/f26f90da2f08a1b2d01f7cf194318c-4539576.o
deleted: 9/e/432a7f9a75cc5ae8e9819ad8acbb51-4409769.o
deleted: 3/e/77cbe7a767f72526ba605ea13d75c1-2112715.o
deleted: 9/a/4fe4056e591fa3cbd6c20a2c1a5fbc-5697502.o
deleted: 3/d/d416cecf67f2459e240ff168dd27a4-2862470.o
deleted: 9/9/a0dd6701bb8987e39c571ea9beecec-4335558.o
deleted: 9/e/32f06a3f09a4e984d4ee274c994ce3-1627382.o
deleted: 9/8/ab34c18f2409324aae529a02e30995-4366725.o
deleted: 3/e/85ce76a0c1a7beef8d98923ef2e269-6031183.o
deleted: 3/e/85eb8573a8d624d962a72618e692ac-4535788.o
deleted: 3/1/6712664d754500fc7947bfab46ef11-2178166.o
deleted: 9/c/3013ab26507d3ff3359d48a96afc43-4094431.o
deleted: 9/d/c3a70f644931a2f6fc8f59ed7d9442-2289093.o
deleted: 3/d/15ced390371851372e758a5c7da3a5-1454501.o
deleted: 9/e/13b1b72e98a66554ff676dfddec9c5-4417679.o
deleted: 9/e/3a28a9cd14d52f9986693217c73add-3907451.o
deleted: 3/5/86fd7341b4a0c0e27f8210e32403a7-4260766.o
deleted: 3/d/4bbe5c4a09cc73dd8cb9d8c414b989-4061448.o
deleted: 9/a/f4fa6369f41ee5ac9ff06adf7e041f-4440077.o
deleted: 9/e/38bf88654873c284d1a594cb8b5160-4005796.o
deleted: 9/c/71c6b2151a1ef42be84fbb18077032-1494535.o
deleted: 3/2/c7be955de29305a2d765bcdefedef9-4015387.o
deleted: 9/e/414413567da01e76d9bb20e7aa77f1-4003512.o
deleted: 3/d/77a3c5be8c308f0c494bfc1fd57c42-4478957.o
deleted: 3/e/7792b7d19410770a9c7b665044206b-4415720.o
deleted: 9/d/85ad8ab24624d6c9c16580a759c64a-4767086.o
deleted: 3/d/8117a9c7f94ef59d029a2938d45df8-3151.manifest
deleted: 9/e/318cc298f1b3b144ebdb837bc28e73-4052672.o
deleted: 3/e/26f926e4a50e14e81fb4f1ae5db15a-4062204.o
deleted: 9/a/8a20205861e667bc241f0f3457a3ea-4370354.o
deleted: 9/1/d5b6e69a2eca88ea8722e22554450c-93980.manifest
deleted: 3/e/881ca718f076c001522a1ca1c8270b-4084059.o
deleted: 9/c/0bf1db4bc0b7204c29fab63a893197-4024309.o
deleted: 3/6/9c072b1814fc0198ce181214549fa4-4062578.o
deleted: 3/e/749a67de71545570c409a7a5088f64-14239.manifest
deleted: 3/d/122f5a64ebd02f5c1c72cf5309517b-4060933.o
deleted: 9/6/1c62e9dd65251b323d8c7dc0b30330-4437033.o
deleted: 9/d/6abdd978d0a76a439c6caa230e252d-5772815.o
deleted: 9/9/9e9a8f8f1b2e73c447a0239c70d451-2304709.o
deleted: 3/7/392fc97f0c99e46ed3ed942409025a-5249145.o
deleted: 3/9/0cdf0a7b46fbec8a99ee31f0e07133-4602292.o
deleted: 3/2/cdfc10feab2a0ba7f81da0dfaf11af-4109376.o
deleted: 9/8/9a917debc63f232d1350be953922e9-4026077.o
deleted: 9/b/d497095437e9047f590e64b8641105-4004857.o
deleted: 9/6/fd844386b4ce87090fb8a5b0c92217-1494712.o
deleted: 3/e/7ceeb0d1bbc9a06ea68ebf3673fb67-1751170.o
deleted: 3/d/25b99d8d3e90131758c6c6f9b478cd-4009223.o
deleted: 3/4/cfdc62e31a617e2491948b580be2b7-2166141.o
deleted: 3/2/d1238f17cb9595aba34022c3311429-2586311.o
deleted: 3/e/81f2dc3df461e645ef6705ba644b5c-4050184.o
deleted: 3/e/7b7dcad4a8c5c9d2ae3240f9d222aa-6074188.o
deleted: 9/e/0de6e5febbf6b9c3dc4f459921d697-4054758.o
deleted: 9/b/04dcd702c10ee9ccf05a10d9a931d4-4196103.o
deleted: 3/e/7c21e40fbea3943dfcf9e985efb896-2403084.o
deleted: 3/0/a33302f2042125679f22ee6ec6123b-2652121.o
deleted: 3/1/9fb5885780a0d2e0a105bb6693e9e2-1994324.o
deleted: 9/1/2ff17fbb761e716e9d70f6186f969a-5165830.o
deleted: 9/a/7eb90fa85b198fd15a3e6139b6fd06-3547840.o
deleted: 3/d/6d8ad116e572e54570aae2f55c1fb7-2105504.o
deleted: 3/e/7656697e6fc38e699298b9b8c27538-4032127.o
deleted: 9/e/3cceff4852bc7b6642c7818be0d7b9-4009353.o
deleted: 9/e/30099586e916b1e904df8886575de2-3259279.o
deleted: 3/b/7f052a585134a76b90cb2f09e6ef32-4313768.o
deleted: 9/6/9e3f2ea2f21ca6bd4f6599075a9908-4749571.o
deleted: 3/c/f5c37d6d69decb6b483945e0cd9429-4596573.o
deleted: 3/5/c8fdde454adce2e0a2bcb9fb7dbfcb-2407755.o
deleted: 3/d/b432ced4eb578cd2a5d13f9be3e80c-4767946.o
deleted: 9/d/da03b0bf19316cc6a4bec94162ce10-4012589.o
deleted: 3/a/c09e431cc4c6a83aaaf4f15758d47a-2650405.o
deleted: 9/e/342e475c9acc07d4bd2d6f13abe1c2-4018659.o
deleted: 9/e/3a18f7e5842142089f54847badc6a4-140834.manifest
deleted: 3/4/93909fca724b439b102623ee87e5ab-4130720.o
deleted: 3/d/0f52d09aff3fa8135642949efb025d-4004408.o
deleted: 3/5/2e336277ecab308a09f8d95fe88e1c-4607323.o
deleted: 3/1/0e06c74b579a91002b64cf7342d0fb-2415732.o
deleted: 3/b/e6dc847470b9bba8f5421eba085bf7-2223531.o
deleted: 9/b/c62e510d9f409ec80cc0eeb8209232-1333971.o
deleted: 3/0/76d3a441082e7492207d51410f3e52-4432122.o
deleted: 3/6/270c4cb340e5dde76c57babea28a68-4068581.o
deleted: 9/c/5b2db89cde19c4d6faa5f4841e33a8-1506088.o
deleted: 3/e/810d8f925e5e94fa09b015403ff6dd-11568.manifest
deleted: 9/4/8b044162c787394a4dc67a78002270-5958967.o
deleted: 3/4/8528119bb894afc5cfe0168501b6ba-4008233.o
deleted: 9/e/30c5b9db56d509e4dafb258d9cc24a-17960.manifest
deleted: 9/b/8ad21ac5c07d2d115288e828918d53-4015830.o
deleted: 9/e/41e7791b5550647a1a675dab9e80db-2398678.o
deleted: 3/e/749d2ddfa1c9adf47cfbc2326bd499-4054958.o
deleted: 3/e/447e8afab7457faa2950ce14c82f54-9530.manifest
deleted: 9/5/86bcdbbeacd9b40c2491b341923757-4062853.o
deleted: 3/e/871db2688baf73324001d3ea34a951-4177661.o
deleted: 3/e/03c929f534f3f201751ebb6d900e3b-4059285.o
deleted: 9/0/59487f3e9b459fac8ec96581d58d14-2465890.o
deleted: 9/d/2324d039311e13e78be00ac87aa151-4436123.o
deleted: 3/8/d91733bbefdce85cb9f0e989f73df7-1527289.o
deleted: 9/7/e188b8c5d72d8cba713772d5f2d047-4459828.o
deleted: 9/e/3948aa3f84a1a7ab5f6f8d8077a633-3999192.o
deleted: 3/3/4761ac7f545aa96b318e82765dc3a0-2791509.o
deleted: 9/c/2000ee1a1d17500eb9026af61b5693-2587625.o
deleted: 3/d/f474ef912cd352ec7ebe39be98c4c9-5824.manifest
deleted: 9/e/413e86067507bedf960f76b21fa300-1875204.o
deleted: 9/b/6e0e125732b86824fb81618f2b174a-4427857.o
deleted: 3/e/72c63a195c9aa4e734474e7a98a62d-2648338.o
ccache cache size is 168Mb.
Uploading cache ccache...