SHA for cache folders (/tmp/ccache_dir) is 'c40bb4dcfec149605d19418d9a2bbe38babb9cc9528210fefe2a8a5edf3d7e5b'
Cache ccache has changed!
List of changes for cache folders (/tmp/ccache_dir):
created: b/d/c31de9ba9fd2eaaac4eb9a13025353-8143.manifest
created: f/c/6bea2a19b2f46105f364ef47e6d495-2112199.o
created: a/f/4c219a2d1b1adb1a959ead6376542d-2998862.o
created: e/5/2628548cd953662e510d2256bcf288-6917.manifest
created: 4/6/8f9acddf8dd8b6c24905ad22810d71-6445.manifest
created: 0/f/ce79fb39977eb016f635390cd75347-11789.manifest
created: 5/d/1ed9ebe8ded8c1be5b079cb791277c-17554.manifest
created: 6/2/8ffd0eabcdad79a6466775cd636837-3185463.o
created: 1/b/9dc622a7e0edbbc573ae9a94646b2a-2915311.o
created: 2/2/24c2f7dfae79d39888108767f48253-6274037.o
created: f/f/7d7e89f64891376990e4bffa9aab8e-4176597.o
created: b/c/860be79129a6a058fabafbd28e3da3-3365369.o
created: f/5/e0689a026a11733b3b24fd2da91029-8886.manifest
created: a/a/da0457af5d87a45cccb11e1ef2183c-1950.manifest
created: 8/6/7714f402592c7eef37968b9e8bb339-6582266.o
created: 4/0/fed82732f27618c71322a090966efc-5566460.o
created: 5/4/8ddda9bd1c311cd81340376b4e2378-1848164.o
created: 9/7/b42914c8add04fa3af851a8619d4d3-5059573.o
created: d/4/4f667e20a7f0b920dd1ffe45b264cc-2991033.o
created: 1/8/1530ce1a9cf1a0d146783eb68b0585-4069.manifest
created: 8/7/cad731dc51a1f511537d2d66f3bbd0-5504.manifest
created: 3/b/7efde8d08a9eee4e0d7febb7846472-17959.manifest
created: 0/3/75c008d77bf706e6c16de5387d46df-80271.manifest
created: 5/e/9659f2c4332943531f640d14e7faaf-4638740.o
created: d/f/1b5b35b22d9b3d09cbc15ceae7e3e3-4506307.o
created: d/a/afcbd22088ad15b02920dead5b0ebc-1469.manifest
modified: 2/stats
created: c/2/493c6e80581a55a7ae2e35a1e3e4ff-3439.manifest
created: 4/8/d24653a9c268563ea3ec5685cb6f72-1944158.o
created: 7/d/7c6bb333a0fb3bd9769527bbf6ef82-10235.manifest
created: f/6/4694d81fd7d6a5e270e09046ba3115-23975.manifest
modified: 6/stats
created: 7/e/dc111c81d74416b47cf6203501c85a-1766.manifest
created: 1/a/4b6d5ed2d0c7ec1a70ab2fd18fea53-35730.manifest
created: 4/7/a3af6ab02e231d44a2834613ddb714-4527098.o
created: e/0/1e0e5813c3289fab38f82975e52902-4686308.o
created: 4/2/43d4a2cc9914b242679453c07cb2b3-1335509.o
created: 4/1/e02f0bff484531ef08882ccbb9f854-2572790.o
created: 7/e/007809ed024bbded251beb5e481d22-1773456.o
created: a/b/558fd8ced8ccf16219ced6852c799c-1333470.o
created: 4/e/69d30c397cfae7b045145d875726aa-2009585.o
created: 6/3/6672c7f4e8339b879fa33fe90aa5e0-5015496.o
created: 6/8/188baff363e2bd14f4a67298cc0752-4192.manifest
created: f/d/7d3fc269b0144d314aeb47e65caf71-2909793.o
created: 4/f/e9eae387f402dda5751a58d65324a2-2445.manifest
created: b/5/4053d4935d0bcd466f8a59ca790d4f-1808897.o
created: 0/a/a7488a33f04c8489fe91e8c1a23d7c-2921508.o
created: 6/3/b265025a018bb8910ac5e870b7accf-2102651.o
created: f/b/9814705b4a9da384731e4a5ace7569-3304771.o
created: 2/f/f86c98cdb27017a492f45c01eda4b3-5555.manifest
created: 9/4/62d748aa2cd161d4cac2d72f28af64-3134082.o
created: 7/0/a7b7195d4d1f93911097fd602396bb-4903246.o
created: d/e/b1722f05b3ebea3c1a617bf5adb1b2-47385.manifest
created: f/9/58c015718d56eff8e914e83735c2db-4403452.o
created: 4/3/74a5acc4b9d20c772b13822f31cf70-2896583.o
created: f/b/5224f0f2851128610e0a3d2993ce29-19214.manifest
created: f/d/a7bbf2a00c9c2fd0a3a36e3fbe3916-31723.manifest
created: 8/b/432eb320b293a5d03b8daf6cbc1c4e-16486.manifest
created: 6/1/3ecce20816531c1848c669b95d7ce9-8719.manifest
created: 0/2/8ce5b17f3e232444465280321a7607-1782343.o
created: 1/6/9477bf5b513e75b3218b5e77dad162-20125.manifest
created: 3/b/870e091699a290045674fa718f4ae4-2970208.o
created: f/7/26a55f2b86de6f69fb9d275b97e193-4627026.o
created: f/8/833323f3a0978425d279959463deea-18506.manifest
created: f/c/2dad5328cca244af724cdb4e5df2ea-3313.manifest
created: 1/2/04bbbfe4902b3c19600aeae3146264-1832.manifest
created: 6/d/50bd9d767d418e25d1f93ec153a60c-6855.manifest
created: 3/4/09b20b4ec8e762eadbe18b7d870f45-10535.manifest
created: 6/d/2d96c434a0f94cef581f584d398068-4713.manifest
created: d/4/9bd902e7c8e05edeedb1e970af2c24-12790.manifest
created: 7/e/e06fbff49853b082b211e5a8127d58-3179064.o
created: 9/d/47509de73a274ae87e69ea615e17b7-1656.manifest
created: 7/9/1d8185723b9edc1fa085e1a9d56cfd-49423.manifest
created: 7/2/eeadb216335200a2e9761df895d53f-4703213.o
created: 5/4/7882c05b02f99a6ae63e9d18063ac0-9521.manifest
created: 5/1/ceec059acd9d34fe4d496f2ab3f697-1414759.o
created: 8/6/a190553c83ce78b00fd4144cdf4934-3078.manifest
created: e/9/bb1adcf6a44ec7b46a1eb40a37181e-277068.manifest
created: 6/3/bace8aeace5e8061c7e2d0b53cdcd1-3471.manifest
created: 0/3/3d7b16271ede07d7ae5a97352c8d7a-1582.manifest
created: b/4/1b890b2e2bb37851741c87634c275d-2001496.o
created: d/9/38866547d7e1bef8995dd7709c04e4-45352.manifest
created: 1/1/04a71c511a26837b8e13ba68fc5748-21104.manifest
created: 7/f/7a6ac4f340b57c3646fba968fe3920-3132478.o
created: 3/2/07a63fe57ea6e4ea96040d4d2d66a5-6617288.o
created: 1/0/117777c6cdcbfe612a92d0259900bc-15038.manifest
created: f/0/bbd568a0eada58a5bb7964727cf984-87375.manifest
created: 7/5/cbd1aa5bdcc426a3ecf87cddbe64d6-10425.manifest
created: d/d/0833bd5771401c412f5f9bd2fbbd28-7248.manifest
created: 9/e/9b1e6cb2b5e32bfc7e497d3e4b33e1-2828975.o
created: 7/c/505192b5ca6a877b15bf586c4896ef-58177.manifest
created: 2/6/9a936917574245eb8e3ddb563384ce-6549.manifest
created: 3/7/d2aeec79f0f6bb73b63c6f76f00cff-2656.manifest
created: 6/7/9834c5272288e92cce818428374030-2831234.o
created: a/0/27245e5a8d31a43916c5d23083ca53-4659278.o
created: 6/e/ff9bb65c32c92b6c5d265f933c41ca-11963.manifest
created: 2/a/bff7c02c54943f459742aee90e73d2-36629.manifest
created: 8/5/fd27a7c57c487ed8c8365974d902a1-7554.manifest
created: e/0/90c948068c455511e2e118c31fc29f-3614.manifest
created: a/a/4be94a222ee13609585c2264c63250-3257.manifest
created: 8/b/2aabb97e39dca174e6c188c703474b-17716388.manifest
created: 7/6/dea76655ea3591480c10b4cc0d7871-2951754.o
created: a/4/3ce48dfd4dc350b08058e84a51afe2-306076.o
created: 5/f/1e2876b3e572221728c6396b96a567-3361205.o
created: 0/6/413dd3a70aa1b71a56b5516f4c53e3-5942.manifest
created: f/c/386965e9d796ee8954833cdaffa470-4332993.o
created: c/6/57d801cc1f559f40b0ffef9825719c-2526841.o
created: 1/9/58fa9550deea15dfac8355217fa65b-5726.manifest
created: 5/0/65ce3bf18e45e64d50acbe742f9be0-14788.manifest
created: c/3/b7791ee803b0b34dc727201ed7a5a5-2606921.o
created: 3/0/842a0289fab77936b790a0d1f08614-4200322.o
created: 2/e/bbb5cdf65552e8e81be7f1882dd08b-6305798.o
created: e/7/1535d0aa97e78d38baa3045bb98d07-5016693.o
created: 1/9/755317e8ae9144e02bf3af1e887abc-53759.manifest
created: 5/1/51a86fb2e28d698566e75396bf1d35-2527013.o
created: 1/7/fbed36ac90c36cd49f8e240f27eab0-7498.manifest
created: c/0/01dd06d136d6d355b45ae6629c989d-5188.manifest
created: 4/9/58add24143a5496fda9106aa01230c-5042734.o
created: 1/f/b6203f45a9f23679d23cb9592351f7-105209.o
created: 8/8/3ef6fa5a9d71b61e1149ae34cbe752-1835670.o
created: 0/d/2c8a415cd11ce22a388fabbfd20d87-4462988.o
created: 3/3/db1c70ba47ba16a0ad05bb50e02d36-5765.manifest
created: 4/d/e1ebc8bd21bcc09519c4b8e3b94448-6889.manifest
created: b/0/03b1af155fca110459b0d9c8453600-8171.manifest
created: 2/f/7ffdff201bdc9b9c22f21b8eeb643c-6697768.o
created: 3/4/87ec3c37e0eb2e691cbb94b6d60768-2899966.o
created: 8/d/bbef28c578ffea0a604249fc013e05-3013167.o
created: 9/9/f4ace3edaabd27cc0ec7faf9e5cb3b-3728530.o
created: 3/6/2bca5827cea855fbb3297ae96d23e9-4428.manifest
created: 4/e/e2317e6ba8fe0380b39cf1dc1dd0b0-1645079.o
created: a/6/60d7fa94c157dec10129c35cb2c6d6-1376664.o
created: f/f/2562f873037cef281c5f02592f4812-3072092.o
created: 0/7/a028b1d279cfb5e125aa8e2705e48b-2213834.o
created: 1/2/47f08aad411b02f062c1e668e84c21-6315.manifest
created: 3/a/26ac9cd43a4e46b04e099993fa79ef-2056618.o
created: 9/5/a9edd2e88c046bef4f5c6f661c59f7-1839460.o
created: d/a/a9f9946f86337a07be70ece326d3bb-2771016.o
created: 5/6/72818de7b033fc0adaf45e441167d4-1715.manifest
created: 5/8/82c912541cd9a97c2c6876dd8b8e65-1845.manifest
created: b/f/3bc4ae02715f2f8df52c7527a6ee76-1803689.o
created: 5/7/08915e6f99703cd5800444c24ab274-9656.manifest
created: 9/a/c5492c24c3c6b8b4c7eefddda73579-5439.manifest
created: 6/3/4766410a75c55116b8619a7de786cd-9348.manifest
created: f/3/e8c3317abcbf51bb4705357721041a-3995001.o
created: 7/d/00e699ce31576be2617fd42a1808b8-309809.o
created: 1/8/871c2fc7f88b53e4751869aeb9e93a-304874.o
created: 2/9/38253af00bb38cdca7edc18166b59c-21030.manifest
created: 1/c/bf428409cbbecab8f4c27980861883-6536.manifest
created: 0/3/fc810aadb3f635e76530059134a3b9-1610974.o
created: 5/0/30a2e1b510b796c669e31b0ff2457e-4943119.o
created: 2/b/9625f6c3a760f3897678cb14b16762-5017184.o
created: c/6/b85f89f8321cc15c20efedb6ab3640-1963472.o
created: 5/b/4565c5aa9ba3aa7de891d176b260be-2771532.o
created: b/2/c034c8d0e165a69635105cc9d6aa73-3099227.o
created: 1/4/31f9f32b39591659647eee17065895-2700854.o
created: 1/0/360ae6f218c8b6314fd534b97bfef2-2869062.o
created: f/6/5b65af61ca6da97675f7db854396fe-13824.manifest
created: 4/f/c2af2b052a1e445d7dbecb02ecb9ee-18628.manifest
created: 6/8/c1b28f97392509955d3c8542c27ed5-2189.manifest
modified: 7/stats
created: a/1/98611039bf0eaf9bd89ec840b04fa8-1522595.o
created: 4/5/032b9b97c997b20956d95a710eecce-12380.manifest
created: e/4/072315c4fbbcae74a023dd1aad516b-7593.manifest
created: 6/7/4ad09072991265a58f941744efa68b-3682393.o
created: 9/f/f2a623a58e1ad859285439490aede3-2676.manifest
created: 6/f/184719897bc37bfd77063650733e7c-9824.manifest
created: 1/5/d4039076c70bcc4a49ce3b35082c38-9001.manifest
created: a/0/fdc1b4b5df072d05f2e886d4734a75-6944.manifest
created: a/7/5cb1c7052853a9303216f6427d4248-7018.manifest
created: 1/d/fe4c3e1b47d46f8fc0e51939c4f766-5268.manifest
created: 6/e/b1d1e078d4e7d922c9b4c3f31fe77c-2551458.o
created: e/b/740bded972617834c9025077442ee7-2877591.o
created: 3/1/f6768f62a007c06bc3dbadbde37032-1399.manifest
created: 1/d/78f3b2a89cd7f34a256ecad53bb7c1-52190.manifest
created: 4/4/749ce0a1eea9d6294ae42f31f5ae07-3993830.o
created: 9/8/867b9665bd6700198259c787ae048a-19418.manifest
created: e/8/48fb520b72af42733fe0f359783385-11149.manifest
created: 4/c/8766ad68dc9c6d31bb5c0662964696-4499324.o
created: 6/f/07da269784e21f29c6d1ede0a7eaaf-5177286.o
created: 5/1/033469fcae6bb2c469ad56ed55dc53-7548.manifest
created: e/f/0ac22d7b4f783ed48508301d96cdcc-14457.manifest
created: d/6/3abfad421fd247e5fedcbef002a788-34049.manifest
created: e/f/c60ecf3fc2fdf1856029992acf04f6-4575.manifest
created: c/e/90145ec4cffae22487cd8d150091f9-9541.manifest
created: e/2/513cd9cdc28bcf9cb001f21f84f2f0-3234630.o
created: a/e/b244fbcb134278d9425d96e11d428d-3763014.o
created: 9/2/72ffd97d108ca8638644fd3df7ae60-2022288.o
created: 1/2/bfbe3448260fccd41bd5da7c004353-5755.manifest
created: 9/d/8d054f50c77b16a12611858f92b7f2-2817838.o
created: 1/b/7a8919a308d6b3a017b2ecae47d09a-2765741.o
created: f/7/95223a87d0927233d69cc80fdc76aa-2031227.o
created: 0/c/626606aaa29bd2b8ab256e053a239e-5348.manifest
created: 7/2/693f1823ec1e8de84cf1a0d10f3a62-7189064.o
created: 7/c/480cb66fd5f7d6d5f12b32da45d8f1-4524001.o
created: e/8/1e9a8c08951d4825c6b31f791a715f-12110.manifest
created: 5/a/f7480229ae8d9d734e194a8301e526-1916043.o
created: 9/2/336bf8db3f8f6ab81912dbc99bbbfb-2280.manifest
created: 1/8/26d079e9513d47fce4f97effa72b8e-3026556.o
created: c/e/0d5a5d3678126a85c35607ab4784ce-1740.manifest
created: 0/4/4044fac84f9f3ed27fa3e4e4fb0eaa-4074370.o
created: 2/8/cf09a89cafc83f16dd16224b489783-7463449.o
created: 7/9/206a41aa323a6932d97b6960290f0e-4847863.o
created: c/a/c8ace72aea0949b6d60865c308d157-3037369.o
created: 2/1/0bd731fa9fd5faef5ac8d3f90a7163-4455.manifest
created: a/1/6d43015b84dfb5aaab2594bd08fdd7-6510.manifest
modified: b/stats
created: c/c/500428b465f2c76f6da78eccea5e97-18123.manifest
created: 4/b/f1da19f96d2ece56e49d915d48032b-17327.manifest
created: f/0/97d487bb485de50f5fa6d290f0d362-5553669.o
created: 3/f/cfabd903a6e5e43ff3d86c64cc37ee-2797513.o
created: 9/0/8db545e8051d9b026c80d74e7902c4-3131343.o
created: c/2/c15ac53101e2a359064be40786fbc7-5052801.o
created: b/0/26e2b71210b490328313ef04fe7454-1575.manifest
created: 7/c/54f8d1131db680b0803c5c6dae67d4-3815752.o
created: f/8/2b363d99c4dfc69752c8cb02122e93-9931.manifest
created: e/b/df16a1873242c28fa38920a3e87876-5002303.o
created: 7/e/18b0f23aaced3f6430d21627f47687-1825.manifest
modified: a/stats
created: d/7/abb6df4f997a7e3d963fb3e569ad8c-3089284.o
created: 7/9/2d40c82aca50c44238b1b057414377-3079639.o
created: 4/a/bf06fc07b608dcbc37b3ab907ad298-4592931.o
created: 7/b/bf02710a0065290e8a6921efb36679-11139.manifest
created: f/1/de15741c47d8ae941ee94604b16d5a-4791547.o
created: 4/0/633cd93ee8748a48d7ddbd8a8f15ed-12947.manifest
created: 9/4/1424aaf90227a04ad71601afe78ee1-3085636.o
created: 2/7/d16d80c2aeea006b3001c63a9c0a58-9101.manifest
created: 6/b/b35442eb9fee1690052214f7473589-5013854.o
created: 8/4/c95a3af6b4c5647ed9a601a53c0248-2694919.o
created: 1/d/5fdfb77fafdf82e0b2f3efea97644e-1402097.o
created: 1/e/3151ff0558450f7c644d535670a551-1818049.o
created: 0/5/e5e4cee29b47ddff9fa4cb2aa79d1f-3350477.o
created: 6/c/59061758d26836b90b47bc22100e7c-3089299.o
created: 2/2/8619db1000d89cacbb85f3c41e3fdd-4800845.o
created: 4/f/c6701788f88e6e8050bac44b156eb9-3948.manifest
created: 1/1/aaaecc1b98c6e09db42adfa07d1fe4-4163471.o
created: 1/6/3c5641507c152c79d5b672f39a405c-13768.manifest
created: 8/a/f1af4eb76cbbc219df44cf568ec254-3076137.o
created: 0/4/2b488b7db1c1a2df53dd9b30d3a779-24472.manifest
created: 7/0/32d37bf83e23815070498a0d6af20d-4887089.o
created: 2/5/74f5bc03c144cc05a4f5eb71a6fefa-8935.manifest
created: 0/3/5096fe66c78718bcf05406eeccff7f-13300.manifest
created: 6/a/a11ae8e5ad1c8ed3c40c018d3de505-2473515.o
created: e/5/db69c1461072fc6ddfe2387dcae244-18140.manifest
created: 8/b/3ba78c4eba5f1e379f0a242f40983f-2986163.o
created: f/0/dc83e81ea04160f26503e9cc679339-3767405.o
created: 4/1/4c0712b3309ecc530208198473be33-7697.manifest
created: 7/2/7492555c012d15055ce3d7fb8e9b5d-4521977.o
created: e/1/4b3e2bdbd0071654fdd833ffdc3367-4977568.o
created: e/8/deff5341a7b5173d029d411d33843f-6438.manifest
modified: 8/stats
created: 5/f/1bbb24e4d09ce5e7329ca5204c18d6-18303.manifest
created: 7/c/8ffb57b171e5e166b805a6ac511c27-3023430.o
created: e/2/8f6d956ffb70e640a7907ddba77424-5544.manifest
created: 4/7/af6aad9ebe2fc203c6025eb5848514-2131058.o
created: 8/f/6cc7620e8778ed95478d8218f38bfc-2900955.o
created: 4/0/db292ffdc4b2d1fc9e0b4b594900ef-6318.manifest
created: d/b/f8d6d901fba768b721bd43ce0f1476-5170606.o
created: 3/2/43c0fa0dfb05fd5844aa5c77bc6287-3090100.o
created: c/9/2e68459e68eb627a8cae40dfca2df9-2833899.o
created: 3/3/1372a0314566a2380d13396ed4b010-7598.manifest
created: 5/f/5acfe0d24f500562f8007da56e473e-1495.manifest
created: 1/7/ed2ec714735a8e68a3cebc27dc0119-2797585.o
created: 9/9/bc804b84b2247ee2bc82b4e2ed51c6-11210.manifest
created: 3/4/50685b5b84ac9dd995925ef16d902f-4264.manifest
created: 0/9/655f249f1bbf5c655791d70f667149-4670.manifest
created: b/4/00a25c966c6c7fa6be5ca1d14b5cf1-4032713.o
created: 4/5/9189f3cff532d1e62f3376f0741b95-1352825.o
created: 0/7/89b6a94ff70e6557052fe5abe367d8-1393887.o
created: a/3/edd94fbad0c0e614185b50debfb5e9-31038.manifest
created: 6/7/c7a0a9ab3f911140d7218f0d574bd0-18750.manifest
created: f/9/230a4f9d731264243dbb4ac390a627-2907.manifest
created: d/9/55d379092e4aa6c4dc6421339d4807-1487.manifest
created: a/6/672fa14a24ae2ad3934816fc3623a7-5127.manifest
created: c/2/bf6a3ee9206500cc03f11e02fb6732-2326843.o
created: 3/0/09dc8e5b9cc1d3825884dc77329981-4869891.o
created: 3/4/17f3c85af3bef9361616c675af8977-1294862.o
created: 7/c/310096f7aa272904df5043b4db373a-11407.manifest
created: c/6/00f8b48548489cb0b03361a2772269-35835.manifest
created: d/f/b20ef6258a504085bd0a35d246b9e3-8662.manifest
created: 9/7/a83afab9b02f836cb66872c0e38647-6576.manifest
created: 9/c/720c3686339297fef037622c70a324-101996.manifest
created: 1/4/dce466531a3fffc75bdcbe171b5289-2322.manifest
created: 5/0/c57fcc6501dd22986957e3ecfc450a-9025.manifest
created: 5/6/0bcd5134755d0b42f0b9ef2c85dd84-5973.manifest
created: 4/1/6888812b6f9c3078f23f5660a9cf2a-4252833.o
created: 5/4/b9223074d3bdadd52d4048b65e0ae9-2887.manifest
created: 5/6/102830c91866acfd46b00cdd8ee8ce-5650.manifest
created: e/c/8ffcbd4538c9639277c04601decb86-4764683.o
created: 6/b/64095931a45f4f1b7c4d61628a8b5c-3305.manifest
created: 8/d/470fa5f74a0491b09f3ae6f9970c2c-4907.manifest
created: d/1/e7a171ea1ed7541563596850b3332e-5014799.o
created: e/4/c38ab8e2fedb7efa42e0531723c62e-4763549.o
created: 1/9/3f8faaf59314c252aab029a4e0305f-3203.manifest
created: 8/0/d59f32752b477ace3012f30309c705-2599.manifest
created: 0/3/accbd0f6cf96a8fb56511e1de1fff0-28115.manifest
created: b/2/1884d09fcd18563092a0779175d718-3299994.o
created: 6/3/5b2bc28d670392d82fc0fe0018e013-7476.manifest
created: 7/6/06703dcd69c6bad7b5db6fb2c8b720-9558.manifest
created: c/e/a1331cb30ee4b28910c801525092e0-11679.manifest
created: a/f/eea52d0f60487d7f2caa0fc9168dc5-1486.manifest
created: d/9/2e956c04c6ff0d98232e205092c84e-4494669.o
created: e/5/a896c723b4ca089ccdb567b3c65794-2049966.o
created: 6/0/ca544b8fce7543cd5cce5e19c3e656-1942.manifest
created: 8/f/6a276c306f309172ffbd2862df3634-4492.manifest
created: a/c/d5d14097ea1939d0a06964a57861a0-1334755.o
created: e/0/8f1f8f54cc162da8916c056a93179d-3961.manifest
created: 5/3/f9bccfcb919bb71980d5b85088f916-5520.manifest
created: 8/7/198e894c5bf3e24544246944b057e8-5158851.o
created: 2/d/2f00902e1db7f663445791d42867d5-2290937.o
created: 2/2/b83c385b83445863cf1800c085769d-10008.manifest
created: 1/a/a0c2304c3602c608d3e241b894d3f8-4465510.o
created: c/f/85172634a0bcc77b8e3421ec88a783-2041701.o
created: 5/7/dfcbdaa29d47e1c78af39181db6a5c-325159.o
created: c/0/ee4dceea50dcb147a7a5f407ec56b7-2991.manifest
created: f/c/f30ddb458ca1981821ed7dabbd7791-10789.manifest
created: 5/e/9d24ce2792e14ca751b094e0bd965d-6640.manifest
created: e/a/dfbe2b761c39a40e2494df1e42db0c-2896730.o
created: 1/6/acf8afefe50b01c19d6c8688ab3669-21844.manifest
created: 2/4/a0596053296986715fccc72ca77ad2-14712.manifest
created: c/7/9c73af77c92bce530a496585a9b9f4-4549.manifest
created: 5/5/93a13d1d98e09f82633ad341aba0d3-2798950.o
created: 3/1/b82dbd28fb25226dd210a484776d67-6850.manifest
created: 3/2/36066b852dbd3cb4bea30ae5f813a0-2944462.o
created: 4/7/53372826b29cfe81ee81871e6e8cea-2729.manifest
created: e/0/a49ae7f3f6f9a9d0da739f7d9ec00a-2898943.o
created: 0/9/58125d578ef77813567eef707c4fa4-5073350.o
created: 6/2/18e2c87874a3d555e78a4be87f8093-2056140.o
created: 7/f/78d35e3fb9920dbd178718694d27fc-3194957.o
modified: 9/stats
created: 1/d/9a825b9e0c89fa8b961ce6268ccc54-18325.manifest
created: d/c/1b5d214d9043b9451eeed5326a3176-27374.manifest
created: 1/2/d1151ed8b65d37a49209a2e0132b3f-1601533.o
created: 7/a/0c5a79e601123ad2e93429dd036ba7-3609.manifest
created: 6/1/bbf4971732a53f1295eeb83d7b6996-16520.manifest
created: a/b/fc7264e8239610050a320eb2b8f6e1-4268.manifest
created: 3/4/ca430bbbfa2642d8e8efc70ee02fef-2008.manifest
created: 6/7/cb78909f670ca067ffe8d0c4ca5a92-7209.manifest
created: 0/c/b5a668a47b2b09ee5ad61d08c7fa32-43312.manifest
created: 2/c/e4563d1b0030b98ef056a6f75f8ffd-2157570.o
created: 3/1/29fddbe8717573c4228c1c9aade939-6830134.o
created: f/e/3dc2f2b4547ccd9e174a7e4ef582b3-1540419.o
created: 9/d/2ccdcd47865ce6f2c29904d751c7e8-3609.manifest
created: 7/9/b8da648cd0ee390286c9c8764d8989-1334129.o
created: e/7/ab2545ddef5a34e80d8e20849f9b6b-8253.manifest
created: a/e/d01b08f8bf2b43693e3cd0e9363182-1557993.o
created: 4/3/c312d7c3982fcb87d1e99cceedd562-33200.manifest
created: 2/a/00f4b64ecfd9d52ce033d19407f2b2-20824.manifest
created: b/d/026aff4a8bc4beb62b301d4792bb57-38170.manifest
created: 3/9/6445fa3c82548cd998c74abd18e26b-9630.manifest
created: 7/4/aebd66e674c66e203ab5abbb6b6269-10051.manifest
created: f/6/117c6b3bbdfa70ff2b4ebb7cc73449-2907253.o
created: f/a/d8aac227927238c212b70d124b7ed7-2897094.o
created: c/f/37ab19a947ec455cb7bdc4bf2ba175-2997217.o
created: f/d/acdb084887ffdb804e5c99ac3cb8b8-2934.manifest
created: 4/3/ef908b0d00841df9bc7ce9ff73afc4-24303.manifest
created: 3/f/81e8deacfbc9474be8011342400cd1-25913.manifest
created: e/9/daf6bf1fc7c55a7d5d51bf60c3b024-3831458.o
created: b/8/20d7a9224f2550acbf49cc7fb0b8f6-1015939.o
created: 3/1/f4b448d1ffe2d0c213fba50394f57e-5574.manifest
created: 0/b/302598c59572d077c43e0ffc03ce23-16259.manifest
created: f/7/cd5c79e06ddfd4dcdaa4bc499041bc-47293.manifest
created: c/9/8c16365e6679e7dbdf52d240b856a8-49578.manifest
created: 6/e/ef3d79eacb141f87ea4be85370e9c4-2453.manifest
created: a/d/574681864e2774612e2432e3449bff-5044080.o
created: 6/f/3a2dea03c285775cfa10e3de52a41f-1599612.o
created: c/e/14c151e4400c529d5f936352e8469a-13653.manifest
created: 1/b/efe1b81ee085f623144d4f325e5701-2236.manifest
created: 0/f/577f3604cf789703213698db48b80e-10624.manifest
modified: f/stats
created: d/d/6041970318123651752b1bba4f40ec-23440.manifest
created: 5/e/8146025ffc6290de9ca8ce9ca31db8-4208.manifest
created: 0/7/9537b36b71f84495d95100e85a8867-39145.manifest
created: 6/2/f3c8e6a12cb7c8c2afaac923e84ca9-11984.manifest
created: a/6/6da2230977d03bbed0548a37c2e8cd-1976.manifest
created: d/3/315bbf1b474ab2fa6b58fd018d6a2e-1402.manifest
created: e/5/5a29302e41e95cf1d83b9baa0d3050-2119431.o
created: 5/7/e9102fc5c99dc4adda7933de92602d-9800.manifest
created: 2/1/c7b1e3a692c922538e34c6a6e35069-12511.manifest
created: 0/e/076b0e54d5bfe9468ed0fc0adbeb9f-4725072.o
created: 3/0/255c853b71e891e82cf91311cfe85d-7348.manifest
created: 7/9/2d339187f588c0f98dd0fe8fdbcfa3-15852.manifest
created: d/8/bec49585abd796d7d9e6ba7df2a367-3983.manifest
created: c/2/e9d121ff1283226ed338d0893b9354-1592142.o
created: 1/c/af783b21709e29417570aca5748121-27266.manifest
created: 5/8/468704eac9703f48a18f3d9e49437b-2846932.o
created: 8/b/9e05c52a941e68bd173936390a2a91-8178.manifest
created: c/1/ebab45463c85747acafa48aafa7969-5452.manifest
modified: d/stats
created: 9/0/af66ae8c016e851190b4e1b5a47657-290888.o
created: 4/d/315d57a3c234ee11d7f886ca5f39f0-11593.manifest
created: 2/8/7f06db1fa322947711bac03fd3e44c-3432957.o
created: 1/0/c4f71fb1ac139c874d005d28f9c9ee-2495308.o
created: 8/7/3fd5918364eaa3562d5f0827457cb3-2662707.o
created: a/4/e5da499d547b764a7f4d45c7f87516-3234478.o
created: f/c/996b190132a4761ce5a0c3da74efa0-2004.manifest
created: e/1/707e9b7ca36317ed6925fdf2343ee4-3302065.o
created: 8/0/b73eb929829ab8b76effedf4a5db64-19011.manifest
created: 8/5/7eb3487b0b667b294843cf37a8a8b1-11074.manifest
created: c/6/07ec6ffc25d85dee82deebb5eb84d7-2297781.o
created: 6/4/ebc1dc2db7d3378923fea510bbbf56-4125642.o
created: f/f/03f52bc24a4713486f7300c3acccba-1603191.o
created: 5/b/44011408c98ef2f0d76413a3a1987b-2765000.o
created: a/5/6afef5377d51267bfc785994a67a95-1922.manifest
created: 9/1/7ca1c10b8a18ec333ba712ee907d05-5446.manifest
created: 6/4/316927e98f109e214081fac5dcaa43-2898637.o
created: 2/5/b3bbc321c839c8df3bc9c1bf7d8c63-4559046.o
created: 9/9/f31a094537dfc7999f479e2d963003-2489572.o
created: c/a/c9efc47e89258d3343f7a7ea229287-6093846.o
created: f/1/aab4f536057cae145d14b24dc0a580-10876.manifest
created: 8/a/85e4303b04327f4b12620ff809cc57-3345651.o
created: e/a/fdc03b1e2571ea06c0c1ec79dd36bf-2988954.o
created: 4/f/52364b4f5e22f986772ea2aa78bf41-11528.manifest
created: d/d/27d53760849b747fe7c4f291f76711-4809425.o
created: b/9/daddce72f0f2635c07ffe58391478e-3160714.o
created: d/5/d7ad095451905ec2f666c2c8a9995f-4449267.o
created: 4/e/ff4b012f6b2911d910c4ee10b4579f-3732.manifest
created: 8/9/20ef53f15471648ff58c48eeacb2e8-2372178.o
created: 0/0/72f65506f25bcc6c8d12a4925d15c0-2579505.o
created: 2/b/7230a46ec3b415c0733e8ca5648900-4671686.o
created: f/6/0381c587656fdb312ee1f4193084dc-2628181.o
created: a/4/39e66373793a4120778887dc2d56e3-3225.manifest
created: 3/c/175c3a126c2613c9b4cf844c0a848c-11465.manifest
created: c/8/d322e448bc67dabc6ba968eca42e4e-7142640.o
created: 0/3/ed02ce5b0493f48992eddc10b223c0-4709.manifest
created: 1/e/879f6b877212f25d77edbbe4920448-4876.manifest
created: 3/e/0ea7321c490b2c8d322d121e539335-3164801.o
created: 9/0/a3378a03c7d6aaaf6ffd0266180f05-7717.manifest
created: a/5/bf860df787760a591ff7b996f3e209-14704.manifest
created: 4/a/d13d830d967a930f86d1cd5848af97-9841.manifest
created: 5/6/b9d33face825614817decf7a7feb73-4501480.o
created: d/1/93a1844761ec20a3c4ab3bda370206-2716211.o
created: 5/a/cc69c96f4045b39e7c9c9d64e351b4-16545.manifest
created: 9/7/c695a58cfe7768b45f241c7f18327e-14361.manifest
created: 4/4/c44041728f19e02852cc6730213b1c-6045.manifest
created: 3/4/7200b89bb42d9c817703204cb1df71-5002261.o
created: e/7/dbaee0f96c53f235ab4fe6f0915ec6-8899.manifest
created: 7/d/ee0821d72f5ea75933385a12caaf4b-2822059.o
created: b/f/70e8607dcff06969f16ec2262206fa-113621.manifest
created: 8/7/f2fcd1ee8cf464f5ca15c02556ecc6-3113074.o
created: 0/5/855c340c24deea91e49e6da70c427a-3307205.o
created: 7/b/5e001e896805df739bebd3e09d91cf-5075529.o
created: f/e/a53c31125eb979216cfb7d6d1cbb18-3251365.o
created: b/5/6f12290b7e049adaffd242060c860f-4510135.o
created: d/d/a646f371739f879e07873a4a8510cb-8034.manifest
created: 6/9/2e09122e6635211a6af922bda2f589-1534224.o
created: 7/f/0515f6af2402bca28c3267536fbdb5-8607.manifest
created: b/b/40b8a1a173a5084804fb8991455b77-3088774.o
created: 3/6/30c78339d8bfa318a03c56cc3321eb-3023567.o
created: a/b/f3e554bacee4a33808ebb91b194eee-2693907.o
created: f/3/bf07295327828b7f5dd150578b7f40-2773876.o
created: c/2/d5497563c6ab8ef9103778b523b592-1841.manifest
created: e/1/dbc7d66070ae9d6854daa60d8ffcb1-1435.manifest
created: e/a/493d6ae942b6b264d07abd95d746c8-4977983.o
created: a/a/0c3951c0269c117eb51b0f5c4e06a1-5382.manifest
created: 4/c/f1cc5aacaacf58e08073ebc6ca7727-39985.manifest
created: 7/d/642b0956b3512e667a301ec2dfa866-4488851.o
created: a/c/16dbcbc343579c5f013824e3a41552-1594501.o
created: 1/4/b729a84bb45799d388fb4d1ee38a89-28607.manifest
created: 3/a/0aeeb3af52ad5ff4dfa46b2bf72643-2018175.o
created: a/4/7c55fd77b1914a127494d11e72d1e5-5317356.o
created: f/4/0231b41988d4e48561f15f54a5bf19-2686627.o
created: 3/e/3685182ac0b034352472c301933f0d-3264470.o
created: 1/f/1d9db443ca7fe06aca6b41563719aa-104921.manifest
created: 1/2/107add216acd4b2f65667ef4c9a0af-1661806.o
created: 0/5/72e01c58458643f8874ef96250955b-5961.manifest
created: 3/7/052303cf3e3484c7da150676473ac3-33171.manifest
created: b/f/c13ce9b585e997d6cfa5e8e6ae6957-4941507.o
modified: 3/stats
created: 5/c/747afe282892d69bd01fa139bb7880-2631960.o
created: 3/1/7831b67c0154175acfbeb43dbfd3ee-5860.manifest
created: e/3/1cf126539abc49dbdadce2a48cd31d-2929929.o
created: 6/c/d58db92b6792d29d638cf4f0a1154d-17704740.o
created: 5/5/6dbd84f9f3a5e0ae1e1d368b4d3566-22209.manifest
created: b/4/33c098c97dfecdad0ec767fc17cadd-5593.manifest
created: b/e/fc86732c4a8080bd4181ea542f6bd1-1484.manifest
created: c/a/3e17b039baabf8df88cf82c7594ce9-2451100.o
created: 0/4/6b26e409e6de28ca3ee0eaa64f6214-5934.manifest
created: f/b/b5db734646c6c41f8a1baedec36fae-2576727.o
created: 2/d/c3c15e687b9c68175be5b876b2becd-5096.manifest
created: c/3/67ef3c70d3bc7cd8334c7b64a00b1a-28916.manifest
created: e/0/572fc07229846c68fce25b68fcd066-4451291.o
created: 3/4/b271f155b6c714b0d47f0d4844d642-5012187.o
created: 8/3/c0851a03add4d876fb800c3318ba52-2273588.o
created: b/f/862f2e5834b29dcd3a1e8b9a1b3212-3506117.o
created: c/0/57308b661f6740fc57bd2b35548d5f-31229.manifest
created: 1/8/5232b7392ec7c82593408f634a4f72-2417466.o
created: 5/8/8be3dd3ae71d6d4608a129017cea36-3127047.o
created: 9/7/e8f409cce853ba853be6747e0627d1-10932.manifest
created: 2/1/f782486e35f126ea0cad4b1a323102-1567.manifest
created: d/c/84a1961f2cd0204da75c1e82856e99-1394983.o
created: e/e/a0dba70a15fa96b964896a225ee091-12254.manifest
created: 0/0/c7cf789d439ae683ab8bcc39fc8457-8514.manifest
created: e/3/c05135bb86d2a22a7402f05c443896-49918.manifest
created: 9/0/b3dc51ed7acf9faa69d21dc020dede-3035081.o
created: a/6/d2d9747971e0acefa8d831fe536415-3506475.o
created: 0/f/8fc03f37820e825217cb0748a37cfc-412.o
created: c/7/a49638ca01d164fdb8abedbfbc2eb7-7555.manifest
created: 1/4/e646c5e221dfc0258c88413fc72334-1983030.o
created: 4/9/581d440bf51c6c57831787a3fe78d8-24584.manifest
created: 4/b/3c6be571fe3a7abfbce2c6a4546a84-8283.manifest
created: 5/c/29b792e23418a6bb7f56edd503ba0e-1546929.o
created: 7/9/be65a0c67daa0d2b83851fabec969b-9492.manifest
created: 0/a/a5bb72fa785aa7edce364ccfc90db6-2213.manifest
created: 3/e/e43a21a9028499ab3a14bf36748ad1-2397658.o
created: 1/e/37172da2d33d48c4a5f9827524b3e8-5929.manifest
created: 5/b/d73a34da68e6ad2171756d269354a4-6842922.o
created: b/f/189e77856ba70ad740bdbd255f8aff-7349.manifest
created: 5/5/85058ac0b9d1745985ea5a10aa17ec-1341671.o
created: 2/f/0fd5b4af5d30bab090847d29e0c1bf-3318.manifest
created: c/4/f0bfd6b2a3a2ca10aa6f2fb827c640-6831581.o
created: 8/6/74842ef57714343c06ed509a27befd-2841214.o
created: 6/7/0f1d1b50724074e1c94ddc83e54750-291096.o
created: 6/c/971eb12becc215e962198594494e96-7401.manifest
created: 4/f/cdf60f1522350763f0401fbf1ddead-3130896.o
created: 1/2/d740dd03e47157d328f1e445c8dddf-6913.manifest
created: 7/a/af08fa112871f129e9414dcc7328d5-3109756.o
created: 3/b/aa2d8fe64957c40215fefe799baade-3025643.o
created: 6/d/6f306d8b17f12993513a230bfee249-36843.manifest
created: 9/9/05746f18d8ecd2211e36f1faa7a0ff-4647980.o
created: e/8/55eddca25791d01baa8cb0e6c7c961-4954919.o
created: 9/3/45149ad01e1167116d1a8f62fb91f7-4591869.o
created: c/5/402f5fe683ea332d1630c523281dce-1729.manifest
created: 9/a/351a3b3ece375664be539d6b77ce4f-4459627.o
created: 8/a/8275f80c49e7847a5192ff89aae167-6884.manifest
created: 8/9/d3c2ebd64a5afca35e7b05abe5a9ea-12335.manifest
created: 9/b/dc3d5b249c360aa8673aa8597d54fc-263380.o
created: 1/e/2b979d521721bf2dfec15fb8930418-1283.o
created: 7/8/1b68cc2d6e53687048fbedcdb39015-1335356.o
created: c/d/4dc600a1cc899520067286b6208751-4732063.o
created: 5/7/6945109608de9fc3c0a05a0c5eb1f7-7705856.o
created: f/b/62a1eed61adf452c6b66d43bdd15f5-2100999.o
created: 0/5/f5cd4e6416f58bd76d418d600fbce1-3400778.o
created: b/9/d4b908aebcf2ade756c3f3bc0d91ac-6821455.o
created: 1/e/20a1584df4cd6d9a039d880a1415a8-2376826.o
created: e/3/b43f745ae4a4532d3e35955133a0e2-13501.manifest
created: 9/d/866180dc834665e216625a99f29363-1497.manifest
created: d/f/64696c82130c5f492b00711cac11b5-3031.manifest
created: a/c/31cd5e957c7ba80aa48e055166edd7-3147.manifest
created: 8/7/012705359012a2d3a096d8fdc11ca2-9944.manifest
created: 4/5/6d64e1d7fb32b39c6f17c5f4288a79-6713025.o
created: 0/c/263fdab16d1e9d3f270c1f2afaf07a-2091464.o
created: 8/0/db7085a7d001ab38f106091984766d-3895.manifest
created: f/5/c5f3d78591e3321115a9f71e2779dc-6752.manifest
created: c/c/b890a6b2ebcd661cd6452b21932b71-15964.manifest
created: 6/e/4cf3b125ae516825ae6b4f4a4942fa-18040.manifest
created: 2/b/157c959da9ba779a9d8e4e7fe2916a-44052.manifest
created: 3/a/5b5218db2c439031de2912f1c6aac2-3100124.o
created: c/d/cdd2abf187ccc2ca370136e328358d-3376.manifest
created: e/8/675b93016c491ce1918b9c301e8240-11176.manifest
created: 1/d/016ae35d7753569d3e86eae7001361-30660.manifest
created: 6/8/619a77b538e8fe65738427dd1bf8f4-6830.manifest
created: 8/f/6fcc1faa087fb4ae3af70ce10dc83e-5467.manifest
created: 4/e/2e31949c5bc4ee78a2b45e9ac8c694-1582702.o
created: 6/f/57cc930d582e735df22f65af3644fc-6768.manifest
created: 8/3/ddd3eae9ecd08eeaa3a7c9bf34aeb0-2983268.o
created: c/6/f10deb9b28dbde65f7d4e5b8fe64e3-3029995.o
created: 9/d/a651c977600858b38ac0cae05fa60c-1750.manifest
created: c/3/a4cfac8f1fc017d76a8000edefb76f-4849039.o
created: c/5/0876e60266d9618d1e29f8b3ce97b6-3019763.o
created: 8/5/88835a66dff1649c2ad2754d4a606d-3506367.o
created: 0/6/3a317d95ee3e0b8f38e3f93c05c064-6751.manifest
modified: 0/stats
created: e/1/76c26fdf47e39e65e1a2c3cf65e821-302657.o
created: d/a/c299f12d372dae1cff538e59e3d59b-762256.o
created: 2/c/fd39ff052e8ca8202f02f8a83e3d37-1435.manifest
created: 4/d/c39d51e3486bd7ded5e68c3fe3e739-3400959.o
created: b/7/59c92c0a83715bd3742278becaf7da-7013.manifest
created: e/e/066a827c50b691e1b4a008e59efa69-2902459.o
created: 1/1/78548eda82130e0a5fec7eac08d49b-4030792.o
created: c/4/1ab036a3da41f92e8eac55c359dbce-30788.manifest
created: 4/8/5b62dd62a49bc5cf6f4583931dffcb-1499.manifest
created: 9/3/5c42a89aa291280c633d158023cee2-5789.manifest
created: d/6/bc61ed322b60a64f543a81d8d7cd63-4772818.o
created: 4/c/1b3a44ce0169c1321aaba6a268ce5f-2528057.o
created: 1/b/32f2cb298151b6c0e7024d3bfc61d7-2855435.manifest
created: e/b/188cae34265ffeb1c79c0f4039cea8-6338.manifest
created: 5/d/1c12ea8d33c409cb1a167cccdc7481-3269894.o
created: 7/a/9ff21897b63c63170a84e5230d756c-1835.manifest
created: 8/3/deb9cebf9850d59562fe7668ed6218-13292.manifest
created: a/4/18a880f6b6f903fb33de7e8a1f3940-4920505.o
created: d/7/c93e5656a7024af1819b07626a65ac-3119692.o
created: 3/3/92703e2c16727a0b143dcec7b9bd18-6969.manifest
created: 8/4/266a3109986a0d2846e949a499ff95-2094539.o
created: 9/d/033ff2968a9c41193f66afc493930a-6736.manifest
created: 3/1/9bfa2613c4586ecd9bb78e1827183a-12924.manifest
created: 4/d/a5f7ef99e45a23979c783f4343fcb1-3001681.o
created: b/1/1677f73f949bd0381c44395a47be73-4034.manifest
created: 0/b/b24f418992696e576bc3e0f04a645e-16421.manifest
created: a/9/9ad7cf4867711d42f73bbf976b64f8-2458966.o
created: 0/e/d9968c8eb3f818b0e6468312314b5c-4718551.o
created: 3/3/5d335ead10efa10c1b378673c4cb89-4756469.o
created: 9/1/42703e00620a0f86b0f4eff55bbe71-5226.manifest
created: 2/c/14dab3f1969512b21d19020b8f12ab-304893.o
created: b/c/d336e78dc3c2ef5bc40b43f1edf724-46698.manifest
created: c/6/4e0c47ecafaa660506f3e71cbc1585-6032.manifest
created: 6/3/b6d52fc35caa40fe1fd92a45a3aa54-13163.manifest
created: e/7/8731440521fc2a4d2ee086055683d3-1527562.o
created: 4/4/6c2bf4c2ff3d5431b335226214d029-4823067.o
created: b/0/b4474eb123666c3235c9301139ac7d-1654.manifest
created: d/4/b747043cbfeeb55fb31a3cf68d0487-3951.manifest
created: e/0/19596a701e7ab6424bf6ef9529c363-272724.o
created: 3/d/9fe631cc5e99fd607c5e189796da01-2698869.o
created: 5/b/7b0caf69da8cd0d89234dc673f5039-1144029.o
created: 1/5/e84ed2f407d80c9829037033a24b8d-7907.manifest
created: 6/d/9145d2cbe979b4cc3bc1a00805974c-3504.manifest
created: a/b/01e0c6fd11018bd33e3eecdcb8f0fa-4883914.o
created: e/7/f7de564bd4e8304a27b329757da452-4118768.o
created: 2/f/d3f26210d79c4fa6d44bc0345c69cf-2055650.o
created: 1/d/15482ddda593ae9846723d5c948abd-3189.manifest
created: 1/e/ffe7d42c4d42a699735a4a46b7e3d5-10421.manifest
created: 7/f/20c984cb00196300621a3b211877be-3136121.o
created: 7/c/e414472bf5d18f7819a3265068bc3b-6135.manifest
created: c/0/ec313aacfed3b9741a3ac5ead7b033-2905546.o
created: 1/3/ef96ad35a7e101fec5c6f176a2e957-6672961.o
created: 2/7/60af1e2072532650f13851e4134588-1590930.o
created: 2/8/3c360d8873f7aa57de33a702400c74-8387.manifest
created: 3/f/3e33bd6002b6bb5a8442e1a64d41b1-5478111.o
created: 2/0/da26c3659454e7603163a389a30c22-2537433.o
created: 6/f/cde1a36a6f9c9ac0a7f3165b4f26b0-5719.manifest
created: e/6/5f2c8d2fb4174309a6e5acfe040511-4531357.o
created: 1/3/ee4f2160ecf55a5930db7e78024af8-1994412.o
modified: 5/stats
created: b/7/ee271476810a0d56791fb3b76d844a-2399.manifest
created: 6/6/27bfeadd2c973258708c5d1414c6c5-6176823.o
created: 5/6/29e403f89a93095c74023023a93483-24854.manifest
created: 9/a/1d0e60ff41b4ce7b117b484e8b05e0-7540806.o
created: d/b/e339bbece45196f21731333f2ef774-6621.manifest
created: a/2/6c3234b943dc963eb0214a73687351-9420.manifest
created: 0/b/28683611eccce5d67a15ec1b0ba9a3-4126470.o
created: 1/8/31da1634bf22fe5dd40605618d5f51-6401451.o
created: 2/f/4c8b5e7b386edb28fd629f31186739-11420.manifest
created: 3/5/a4f86fb18ca712020c8baf6597f358-29733.manifest
created: a/5/fa80b4178199e7cc33dc7268a4de7e-5768.manifest
created: f/a/f031a98d1fed86720426e1ca91be31-4745.manifest
created: 6/8/625c4bf8d798de50ffe3dafd3df3d0-1579674.o
created: 7/d/680005510434d9568bc3df0bbda25c-5167730.o
created: b/0/75e141460cdf5d92eed7f9aec4a1ef-6590.manifest
created: 7/b/abc1937dc6ca3bf22b521ea6a57708-7111.manifest
created: a/9/c2d576682e267612f0a1e8bb008d0f-1346933.o
created: 3/c/1b0200baac92b160541002c8982444-1334447.o
created: 9/9/5983d3c363236529d7bf965c72127a-3497.manifest
created: a/b/2ed4b7df2dbc40aac8de3e2622f0a5-4642.manifest
created: e/d/e1e7a664df4eec39166b2ce49a33e0-4737343.o
created: c/a/60934517b09fff92bf93068ecb0be1-6690.manifest
created: 2/0/672505259114c7843e54d21ad6fd7d-3173049.o
created: 7/1/adc6080d978ec387c6dfbba2b08354-3138103.o
created: 3/9/bf649f56091d5d26a6cef0e10a45b5-2925488.o
created: 7/3/3235be96243b9380d331104d87dd1d-1336770.o
created: a/d/47d6f4a990f00f02a7618a66c3e974-5574.manifest
created: d/c/03f3b36a6e581ce145514b85dfaed3-1402972.o
created: 6/a/b65a797ce7cb1002b10e3bad532f74-9438.manifest
created: 7/8/1abc59780730d0a1ce58ed65e4c4c3-18552.manifest
created: 1/5/2e6c4c89d3247cc5e3edd5d1e98fa2-6764.manifest
created: b/a/093ca7509426f060331ec8df1a9630-164838.manifest
created: c/1/7664790d3d5e2fe5a1cd9e9a0767be-16325.manifest
created: 3/b/ac2b0f9d7eaebbe86ab737f661c9e6-4687.manifest
created: 3/3/7827c92dfd47fde5492673d5e18ba0-7193.manifest
created: 1/5/b3341e38d1e943b3aa94eedf6cc4a0-3003446.o
created: 8/f/9f9da6fa7164e584a9382b4394160f-6578604.o
created: 3/1/15bd30375d6c40b544d3dadba75661-13146.manifest
created: 7/1/cb19f77a62cfd84d8b786aa2291a63-2783.manifest
created: f/c/31f9976369c461c25a00fea563a25c-298542.o
created: e/d/76a9911b4668e12d0cec374668368b-1395012.o
created: f/1/e9bcfe549319bbd49aea743e7890a2-4538772.o
created: f/3/4b416dc18d6304ff60c997c21017b3-36759.manifest
created: 2/7/20bc23c0fbf090aa077c4bec58668d-6247.manifest
created: 5/7/f36fdc32ce85cbae0afa58db28afbb-3950165.o
created: 6/b/e122826662bc39da7ba49db1a8c921-4760.manifest
created: 1/e/d17ef55be32a3dcc0cb8279022e5ed-13024.manifest
created: 4/f/2ca8a46fa1793911c91ee238a71f8c-3184737.o
created: 2/7/2bd79ed7b856900a35a6615fc6834b-2693684.o
created: 5/4/5b4a76fe8f96b8db7ede93971ac484-2120563.o
created: 7/c/bbe9784f6741b4e20d742c866d8503-13751.manifest
created: c/b/46dc4fc1dd5b3e45d549b6fbb2e6b4-247364.manifest
created: 0/8/db6c84f6f2386322bd4d068e356b7a-49579.manifest
created: 7/a/3a27ea96bbd489856b719681a3a302-10299.manifest
created: e/3/6d11bd2c00c97be90df2e56e936b4e-3046856.o
created: 4/d/7e2a9002a519ac289f60b502063644-1792961.o
created: 2/0/1a0b063bcd9c3e8ac77b4966ddf04a-43576.manifest
created: f/1/8283b8cfafcf62a75b508e392866f7-8429.manifest
created: 8/8/eb5ca9b25208baef38bbf08c94cfa6-3803767.o
created: b/8/b33be36cb201963f6d73421cf559b5-3494899.o
created: 3/3/e21038324223ea624e0dca3831fdd1-9171.manifest
created: 8/7/85c893b34b7acde92ad53e9e37c07d-5728033.o
created: 3/7/477250b47709b2109fb9b2da83737d-4488341.o
created: c/a/adf6edbd119514043d0f77d16fea53-3943.manifest
created: 1/e/bd550719d2cd7c73cfd669f1112175-28251.manifest
created: e/7/eddc851d3ee2971a7868439d3ec596-4726730.o
created: f/7/219d193d4ad250fc50d5b9ec4a6e9b-102133.manifest
created: f/0/3f095c5b4207df50d15fcbc9f730d5-7780.manifest
created: 2/1/1477f68e83820f499ef49103574171-1587795.o
created: 3/f/5f31faa490994316b79cc68ee8271c-1407.manifest
created: a/0/1dc72c7381f271e1eaa747bcdec5b0-1607869.o
created: a/f/80e57a2449cc03b4d645741c3fca0c-1371666.o
created: 2/0/e07cc08401058aabd02baef91ff9f6-2898681.o
created: 5/7/470fdf8662bd0dfb48b3e362dd306f-6396400.o
created: a/2/3ad3a99d39dc796c088592f87aad39-79851.o
created: 7/9/cda1cf102d7acd715dc2e7d85ec78d-101176.manifest
modified: 4/stats
created: a/1/b13c64933966405b1c559679b977bc-4511.manifest
created: 3/1/393d308338c12889e1d4456494b00f-13449.manifest
created: f/6/8400a7f06d1d87f269bad3fb7df218-4476056.o
created: 6/5/7907f0886c6ce822e662f93569aa0b-5046094.o
created: 7/4/77b08353ff37304a6052ac9192a1f9-2191681.o
created: 2/d/ef29cfc37c2342d6f5ef9d2cbed894-5061547.o
created: 4/5/4cc33218d34b8179a344d6223305e8-5692.manifest
created: f/4/f4f990c9c484621889e55d2d9cd0f6-34113.manifest
created: d/8/e8c8bbefd48471473fe557dd39fa8b-2902239.o
created: 6/6/7895d98a0e9c51400738ecd8d4c99c-6330.manifest
modified: 1/stats
created: 4/7/39d0b01678ac1c856da6551fd07268-3124745.o
created: 5/8/5277a2ebd17542666f2ef0ca770eff-5909.manifest
created: 8/b/e8a47e347b68776e5f544dd92e749c-3056007.o
created: c/6/6dc4a55c674550baeb057fcc9e98e9-5372.manifest
created: 5/6/5b85b53c8dd9756ea62cbaedfe213e-4126845.o
created: 2/c/5d585124a3e6854ec8b379d469b7c7-2538163.o
created: 6/3/2e1d1e8a5a8f7d583e4e7ba8068e9e-3127669.o
created: e/0/8faaf4ff2b115a143d285333a4561e-3475807.o
created: 5/b/bae48fb2c59d05c8309bf235a4414d-1612775.o
created: a/7/b52d2d29c551fba9626ccb3f124002-18493.manifest
created: 8/8/7266f539f1ad1b6c8b5e1066f92257-11668.manifest
created: c/5/b9ea0c186226908c1bed3e856d3380-2530228.o
created: e/f/05104c30e7fc30e08cf32a8961117d-33428.manifest
created: 0/5/595d7e5f9a93bd660f40dd65dd8198-14483.manifest
created: 3/3/47c811d9ff28890053ea0da9f68961-12337.manifest
created: 2/c/af6216dc1b2d1ea6bb46e66e56009e-1396.manifest
created: 2/a/32027eb25b6aa2b6cc31e68b5eb933-4547387.o
created: 1/c/82006794c7dcb9d79829509eab048c-88569.manifest
created: 0/d/24760d146f5da607480c43cde8b38f-6869.manifest
created: d/1/b637a31a338b89db3ca80c51c6975a-56277.manifest
created: 5/6/8a3fe57a7b05f44e5b064e2cb5fb37-4438.manifest
created: 3/7/ec514592cf70a89d274eb2b9dc51c9-3756.manifest
created: 5/f/ce83151ffaf886beb90bfdf7eeff28-66076.manifest
created: a/6/9bbce600daeb48f2ae524e0ce2c8f9-6912.manifest
created: f/2/32dce8f65d21bfd569ac750f03b950-4567380.o
created: b/e/79cb9049f1b50b638409c2241b107a-16378.manifest
created: 9/3/bcde61c2946cc62b22e416e587a9cb-13674.manifest
created: 3/b/ac54190f29e9f4e388b2f92845ff21-2749207.o
created: a/7/f97ab771d9e4d81482e68a049103eb-17865.manifest
created: a/8/57690aff086a020f42b875d83d82f6-95204.manifest
created: d/c/eab9b5db35db03d769de311a2469ef-2897006.o
created: 2/7/2aa9e3cf3c9cbe7bfd2b62b7e4e3a9-6359.manifest
created: a/4/8791458cc6f0e6266b3ccb4d3d36f3-4483.manifest
created: c/0/94e207ee5978ce78c3de6e7c4d13ec-9360.manifest
created: 7/4/e140a3c271e0b68350126a70d7a62c-1398219.o
created: f/3/16350ddaf990646f78b15a38359fb5-10512.manifest
created: a/3/502831cf3df2ec10612ba18f9098a6-2341.manifest
created: 8/8/2729ff2105c0d0f21c29c9933f7a66-3275359.o
created: 1/3/a5257d723f38b414fe32dce1a7c579-2899863.o
created: a/f/829715a5cc3fddd9356f8d20dfcf87-15082.manifest
created: d/b/43186dbc010c3d9e2255cfcc3856b4-29915.manifest
created: 0/5/2b8712657b3b4e849ae91f455d89f2-5679961.o
created: 3/c/1c6faf40abb79f1edc8f704b2186de-1900337.o
created: c/4/a742ef5a1c03c41e15b8aa9b0c573f-1834.manifest
created: f/5/1f1b5f65820cb3cb5e759b787b76c1-2679884.o
created: 2/6/3d1cc51684214708c255d4dd35f23f-2782139.o
created: e/d/8257eced434ddea4ab7e4dcfb6db0c-1581113.o
created: c/4/5cb273c237e3c4d3e493ea864aa56e-7810.manifest
created: a/9/a9f3a0ae4544ac56ce6e0937e1bafb-1527065.o
created: 8/f/d64e1b95cb07bbeed221d9d304fced-2299648.o
created: 6/b/204b15dc1d88c7d200410988ed48d9-3092682.o
created: b/f/99b2401865ed87759d7e0de4a51632-10410.manifest
created: e/a/919e9a8b12c30cd7b1f65df8f8fdcb-9078.manifest
created: 4/2/f6eca7b3c30d971fad1dc9999cb082-1939689.o
created: 9/9/d71250d155f800bf25da24cd8427e0-1395186.o
created: 7/3/7d1170ae3086e8cae5c53f9ab45c77-1600958.o
created: 8/2/20287c5e3d0fee655272c92e824dd7-3321.manifest
created: 6/7/c7b227b954d18c214284420b88a0a7-3039.manifest
created: e/2/eef0c6568608c67f75b30a91fbc014-4766817.o
created: 3/7/23f02a1c35e1b26f8fc29fe352a180-1927.manifest
created: 0/d/7dd6f84df4748059a2d90292e036da-1338917.o
created: b/a/2e97c6bac88067866d30c7703d61e9-7618.manifest
created: 1/b/02e9bb4e0d74350badaa914efea1f0-2530440.o
created: 2/0/3d611c154e9231f41ca323706614de-3506541.o
created: 2/d/7faaafe1ca2cfa6194067aa195ec8f-5148218.o
created: c/6/9e481e8cad20ffbaad68e07c32d170-1834768.o
created: c/e/325b038bac090d860a3403757d0310-5707.manifest
modified: c/stats
created: 2/8/89590778a4c32cd944f7f38be7a536-11239.manifest
created: 4/b/a4911e482063f2823e96ab3961ff2e-2840.manifest
created: 5/e/0bb9e0cdb9685ae23c1d5611b9a32b-7224.manifest
created: 7/f/dfbe15db9749af659859cdb57f38ec-5047256.o
created: b/1/ba6f92cd8c387cec1d607ba12d3615-1897623.o
created: 9/7/d48c34821765de083dd310774d097f-14037.manifest
created: 0/b/bbb195d2dc4b3a1d6f9c66abf73fa3-2843639.o
created: c/9/2b32c42f4e7baea9aaca7ca43443a4-2337355.o
modified: e/stats
created: 7/2/6c637bfa0fa5044a84bda98ea4d0ec-1369657.o
created: 7/7/99fdffe342b61f2776fa8b75c29ea7-1281.manifest
created: 0/d/2bb907f319b50d9a3baf767567b215-4917.manifest
created: 9/6/6816ccf063399506d035655bf73498-1879931.o
created: c/6/a69550084b1b0e537f7d1ac9d8963f-3198.manifest
created: 5/3/90156bd3bd56b57e38d2380d2796ee-11381.manifest
created: 3/2/c6e83667a440f758b1c48e366a3ff0-3134742.o
created: 3/f/2f4f3c543363abb4c1fe40d9f9f017-6967.manifest
created: 8/7/cc9746e1b5fe218ea19e0d802873cd-22637.manifest
created: 0/6/a4d08358711a2cd98303d1832d972f-2459.manifest
created: c/e/82fd19c99745659e02af57e5c3a664-11853.manifest
created: 6/2/eaf50981de06218fe66c2167635b15-1544.manifest
created: a/0/d27ab646cbda8f6997d85cc4c4b35e-2904786.o
created: a/0/8d40a3429aa926340a1364d4a34052-1341009.o
created: 2/5/4f91e263c76ce003436b0e2ef95768-6170003.o
created: 8/2/270d9f34c46b4e466f9ec16d1fbd0e-1623.manifest
created: 8/6/1e080c70d0f81ae26a3aae02ce6158-1337917.o
created: e/6/e5a17909b4c7f51eef97d289b5b782-2763674.o
created: d/7/9d094e1a237ee2012048fe52290241-1758374.o
created: 3/0/b2728d85f37013759d39e6acfd2cf0-4787860.o
created: 4/f/5bdb09822b8f574545032bd2430728-3006139.o
created: 4/e/ec88d6933cd18d4d3471a2efaf8507-3494.manifest
created: 8/3/3aeb901e17cee3f60019e1f0520965-13461.manifest
created: 3/0/a59a96a85057c566a8b13ccc389cfb-6254.manifest
created: 2/0/12da3e1c56414f9d86e1df0d6f6386-4459735.o
created: 1/5/658ccda3899ff0b55e5fbd6f680567-3255546.o
created: 3/8/55405246a2674f91e700d793d280b9-4728482.o
created: 7/0/99bf14c503cd1d13238904e87d45ba-4996110.o
created: 6/e/bc62748dcfc3f83c1279cda24a9131-4441699.o
created: d/6/dd68d5ee490bebb4aa6919a01da528-5721.manifest
created: 9/c/8350a1c40b90ae236538d0a3e7fc08-3009414.o
deleted: 0/c/eb14ab1a12bdba5c8284f6c8c5c91f-2771016.o
deleted: 5/a/e171837603e639f33c8b103ac2028b-1661806.o
deleted: a/3/b52709648241f9f07ee552cd2b0f8e-3983.manifest
deleted: f/c/39d388da440c424037f246e5624d34-1522595.o
deleted: 8/b/6aa8accf9dc9a3404d048e14f61cd5-4488081.o
deleted: 8/0/62be7339d302487b48f3e16d2d9b80-2798950.o
deleted: c/6/7461c578f3c3108095983759518ba1-9630.manifest
deleted: 8/4/ceb2cce2cdeeb909978f22bd512152-5650.manifest
deleted: c/b/9bd5bd19fe68f1bfc8fd2dc6b73236-2841214.o
deleted: a/d/5f77f1745592770039dc4d4313878b-6912.manifest
deleted: 2/a/4ea77d1f7e2dd038f4f1eb24b36266-9558.manifest
deleted: f/0/95f8cf54fbffa1310c141ea306a28c-5504.manifest
deleted: 4/5/860d234078cbf4e73ac6223ba3e52f-24584.manifest
deleted: e/d/b9d37efbdff43ebd70c0c6366661c1-2840.manifest
deleted: 6/9/6cdb4bb51503eb9cb91242e82b84cb-4907.manifest
deleted: 0/a/c61e8e547071a90bec99f0f2da3c9a-4164408.o
deleted: 4/1/ce2c20d6227ad286d267221426f143-4252833.o
deleted: f/4/b6a29f0f11452c9fcec1e01260ebc9-3365203.o
deleted: e/d/601af21b0d2412c2e993ef93a58e77-6169743.o
deleted: 0/5/a57e40c5c13166f5119d1eeed0eee8-13768.manifest
deleted: 7/4/607c2de821947ddb6e1ea35d1e9a71-3269894.o
deleted: e/e/b1cd96318adde4acd0f1107c8ae87e-1656.manifest
deleted: 3/9/fc703b92b4350769c028dc41250527-5789.manifest
deleted: 6/1/59c4701a191a87ce7904cdfff22afc-2530440.o
deleted: a/4/19fddb3925689d5772d73f7eb1ef8f-35730.manifest
deleted: f/2/7d23138e75dffc9f7cfee5424ee719-3079639.o
deleted: 0/2/2301a6afc565454032ecb67f6c0d3f-5574.manifest
deleted: 4/7/f8fd4bf25b7de8a5dd801b12de05d4-5372.manifest
deleted: 6/1/7a64e5c89618b84584d7aa560532c0-2004.manifest
deleted: 2/2/9f242aaf97f11cd58e3da6bb192780-2572790.o
deleted: e/2/6d41bbf4960b3392228f0db44d599a-2773876.o
deleted: 6/0/a3d177c12fdceef3b0c6135df8a71a-2983268.o
deleted: c/3/b305366aeff6ec2bdf8e69cabba30e-6135.manifest
deleted: c/6/da5183dd654f8d42bd6ad98ecaec20-2897006.o
deleted: 7/c/d767b0933e3e8f21c4025b9be23b84-4521551.o
deleted: 6/f/6685497df6eeb2965ce5f65fc23239-3198.manifest
deleted: 3/a/c1b9e5c1c5b1953ca38e9231f90934-1582.manifest
deleted: 8/a/147f4c819174333f15d30e7976951a-6617122.o
deleted: 7/d/b475b66a311315df59031544106b90-6177722.o
deleted: 5/0/c2ff8e10193b5ddaeb45abb23bdc5a-9521.manifest
deleted: 7/2/487f110d0e7d8af54a18fe42724235-4726470.o
deleted: 6/f/09d648d85c18ddea2da2aade4a624e-1729.manifest
deleted: a/7/a1c13057abf15f997151d01d45ee54-2783.manifest
deleted: e/e/e502f7eadb2c8a59a7c73b1608c6f3-7476.manifest
deleted: 6/c/6040ebf5f40159a476b0530f72f611-13653.manifest
deleted: 6/f/b3d85f098fd15febda8c72fe55ea91-14712.manifest
deleted: a/3/d4450eca4259bdf10890fe99e6b705-2001496.o
deleted: 7/3/642b626cfa7d64af98ab81af334389-2798950.o
deleted: e/2/19ac3dabcbdf0d4140f4436fe2a74c-95204.manifest
deleted: f/4/123b429990458ea658ab9ee6034aac-1582.manifest
deleted: 2/5/bf8aeafde40271b8197770e18e7467-4671686.o
deleted: a/9/9561edaa992598d233e0e0a62597a8-4032713.o
deleted: 4/4/9fbcad59eec9c51833f015d3e5e146-3302065.o
deleted: 4/8/bd2bcda1c6e277f67dbdc77af66c4f-3950165.o
deleted: 3/a/2fdee009ae0e33a3cc256afd92bc5d-1334447.o
deleted: e/e/f0d2eb5a0b8afce2330ae18cb25b9c-7401.manifest
deleted: 7/2/9bee6e87b4444b3524141318fefd19-2538163.o
deleted: 6/2/adf9d2ede39d64b336026d2e478f71-10789.manifest
deleted: 6/6/b9d768d33b191b55a76eb810fc399d-3313.manifest
deleted: c/c/659d76439495023bc8a29d72934081-2102651.o
deleted: 0/c/23761a173fce2872eb107627192536-5075873.o
deleted: a/a/fa59d6a928ce32561d815c40a6cd20-7401.manifest
deleted: a/d/606ab08ff590238056f705650922c8-4732063.o
deleted: 0/0/b442cae12010742c111794e6d498fa-247364.manifest
deleted: 0/b/45f308f74156943b6085f8c159a80c-2530228.o
deleted: 6/f/b4270a9f39c5025a0482bc6d4b307d-2474974.o
deleted: 5/9/44cdb94a79c365fa9accd9304592d5-1835670.o
deleted: 3/3/cf5df3519dad518240d8b437d59bae-2970208.o
deleted: 2/3/dedf764d6caa72d9c57090123ea0e7-1758374.o
deleted: 2/9/b8e9a97dbfb71439dcf4444dccbf54-4713.manifest
deleted: 0/c/7e92a80c8d5202d594da0c22b9d77f-2213730.o
deleted: 6/7/5c55b09f15ca11bac72bd29d9ca40f-1333470.o
deleted: 7/1/65673e568ffadf9df0fd57e2c3e7fc-9630.manifest
deleted: 0/c/8ee37758a8607fb7859dfb7c81b4d7-113621.manifest
deleted: 2/a/58f210eca8c9b8b8d2ffdd01133095-5679535.o
deleted: 6/f/0184bb3ea18ba8c90e042f50426f36-2213834.o
deleted: 8/4/680424068e5d0e16663963e5b45bf0-18325.manifest
deleted: 2/5/c8987ba9320df5c17683eb78344faa-3127669.o
deleted: e/5/ac1f59a3ffc21642d4d682c319a02e-1599612.o
deleted: 7/1/298e143a82cf63f396963752271e8b-43576.manifest
deleted: 3/9/abdba5b7ad592f6afbb48d6891420a-6830.manifest
deleted: 0/c/3a58856b00fb2ef719f25a44fbf0f9-3506541.o
deleted: a/d/690fa7a6c5dd8bee2a6b7a7f336c4e-1394983.o
deleted: 7/5/583ae3f41ae030caa1fd1c2b397b6c-2773876.o
deleted: 6/d/1536d27a4adbe9bcecd9f9cf7e09c1-3003446.o
deleted: 0/d/838e15c351bb8fe95d67f65a851df8-18493.manifest
deleted: 0/5/2357636b84c5c88dd50d365265729f-1950.manifest
deleted: 5/7/40b21205fdab7b46a98b28472c702e-4549.manifest
deleted: 7/1/43636ba9426cb184e8855fdec1fbce-4567120.o
deleted: 0/c/12f2cda7a0732fa566487037b3faa1-23975.manifest
deleted: 2/a/9d881d65d93906474b070a59754e60-5719.manifest
deleted: a/c/db9032718ce4361f895ff6701ac9da-3056007.o
deleted: 2/d/0a538d7e8e4d7681037309f9d528ed-10299.manifest
deleted: e/1/cf31985e92e90d4e961b4236a15d7a-2869062.o
deleted: 7/d/70b17c9eb6555fddb5dca89f0c6f51-10410.manifest
deleted: 0/b/9a420c5b8420332d7739cb59f82278-4647980.o
deleted: e/4/78b1546a299530c55f26b67191713d-10421.manifest
deleted: 0/c/5654f38e71da2ebeaaea5e7afda0ef-3056007.o
deleted: 2/6/beb9cf4b9719f9e335b5b6bd586a61-18303.manifest
deleted: 2/8/94658213b76f7dffc62d2fd0802826-1623.manifest
deleted: f/b/a9a8e424a32acd12a937fe96829351-17327.manifest
deleted: 5/e/9a0927a0db632086ab15a6335bfe65-4917.manifest
deleted: e/e/fdb116eec0a1f1c590e27812ab6bf3-1808897.o
deleted: 2/a/b5c92d4d69de689c3249f0400c53d1-4530931.o
deleted: 7/d/3decc879204fa8681a2c1484954118-3264470.o
deleted: 7/3/0e87d6c0549e416f31626a7c03fde6-1435.manifest
deleted: 0/b/c6e364b57403eb7f2c74417b4b8706-1522595.o
deleted: 4/a/4347e21fb3a56352b2f50967bb5696-4685882.o
deleted: 7/b/f27eb551ba81b06632b80ff1558f37-6438.manifest
deleted: 8/3/6481c56b20b6efdf3269129efb7139-2765741.o
deleted: 8/c/456c98f459b7c58a7efd7a467a6e5f-5013688.o
deleted: 0/3/047578708b5e6425b142d2595f39f6-5043914.o
deleted: 5/a/098fdf60663fe9bfb1c9394f68f2a0-105209.o
deleted: 7/b/a5e0f4e25ce9939187842e41457839-27266.manifest
deleted: 7/e/a334babdfadc76ef7f3724b0816a0a-6751.manifest
deleted: a/3/b4df427c85ff362723b6a7178488a7-9492.manifest
deleted: 2/6/f700f2ce0637be0905b90b73850120-10425.manifest
deleted: 8/9/35092d27ff88865cac19c949795ae4-2843639.o
deleted: e/9/6db2dcfbf0168ba2e8a6d93244aa90-2297781.o
deleted: 5/6/549a89df9094dddfa013b4c970e0bf-2326843.o
deleted: 0/b/66c00c02385feb92f25920d2fcf5e0-16259.manifest
deleted: 3/a/fd013e5302fda8cfdce55a237de976-2599.manifest
deleted: 4/1/c78331073389a7ff0e55b81f44943b-4709.manifest
deleted: 7/a/42ff0314c60cddd52126545a2d29ea-2898681.o
deleted: 2/c/d8f470da9ca3cbb3abe530ab993569-290888.o
deleted: 6/6/ef37511be47a773d881474d5051ddf-9841.manifest
deleted: 6/9/b2c6bcbdfeedfd7b88f332624f0f00-9360.manifest
deleted: c/a/25f1a65a8ac8edc0230cfcace384e5-4424010.o
deleted: 3/9/1fb2cc5da42f55ec3454ae25aca76d-7810.manifest
deleted: 3/2/92ae4f802a096117421c56b4360cf7-1376664.o
deleted: 7/e/caf3f7829c882c476293fc9eb7b9ad-3090924.o
deleted: 0/c/16458297da0573de36be2f3f1a81a4-1995073.o
deleted: 8/6/c201a95a41d0dda0e4f4edc676b0e2-4703213.o
deleted: a/1/586bb6143a0e7f562e863e9b5ad177-5860.manifest
deleted: 6/f/2f69ac8c8c07c597c7692842ecc797-2537433.o
deleted: 8/b/e274adc6dd09b09073d100453a18d3-4903080.o
deleted: a/b/f899ea11c9ab046f41d7e5a326d655-5553243.o
deleted: 7/5/84d27ff3e63cc96ed3d9397507643a-6176563.o
deleted: 0/b/1aac3ec2e30b88fa5ed87689b84a8b-5467.manifest
deleted: 0/c/829848747bb2ec625a2c2ec678a662-1942.manifest
deleted: 6/1/1582e506e1590727f8f627f62cf8d1-4886663.o
deleted: 6/f/b955ae64e2b7b96a0e6f40d8d7784b-4264.manifest
deleted: 8/8/020d1d6bafbc43ae0e6652ceb64baa-11853.manifest
deleted: 5/c/8e0c124946f95467e84bcd06a3aed3-6318.manifest
deleted: 0/c/634d80bf5d30515d6c7a98ee5935c9-52190.manifest
deleted: c/9/097f8008265afdbdf3da65a265f616-12511.manifest
deleted: 0/d/260c1bec70cbbb251300988abd2c3e-24473.manifest
deleted: f/b/6ce08e2eb4a22c102c48bd10c4ea05-4995944.o
deleted: 7/d/f2953062128a7a261cd4e0c79a87f2-3185837.o
deleted: e/b/e7389dc11b14cf0af9d9d86dad1549-13461.manifest
deleted: 0/5/146647c2a4e3f6ffb883109520ad12-9025.manifest
deleted: 5/c/f51424b82a5b1032d55acb5dec53f0-4125642.o
deleted: 0/c/7f4f2247ea6011482f6cae73408332-6576.manifest
deleted: c/8/e7b23743408d87a1dc48024f2de5e4-3090100.o
deleted: 6/5/31fbadb4780452cdb7685f8bc5eaab-6621.manifest
deleted: 2/b/6609a003975acbdb2ca703947a910b-39145.manifest
deleted: 2/c/2d3a90ff774a0c81fdae90583f9461-3497.manifest
deleted: a/d/a7520dd0d1c44ecfdec215ce857503-30660.manifest
deleted: 2/b/b09659bba61a781a8815de5f658623-12380.manifest
deleted: 6/f/b7ddb7d1601a8c8e4dd3d88d9c3215-7598.manifest
deleted: 8/a/17d6fe6b7cef4eb0cb87a7e48c8894-6247.manifest
deleted: 7/e/2a88e8b89d6e82690641e1deeaedf4-762256.o
deleted: a/d/ba0ebd5820fec32dcd93996a0ee66a-6581840.o
deleted: 3/a/d6cc172293a4d6d48eda700d57c1dc-4192.manifest
deleted: 0/c/e93afeb5a99d37eff5eab2e1f43072-3756.manifest
deleted: 2/8/ae220f2b41820f66c0bd1d47e410c2-3497.manifest
deleted: f/0/030090c39d9ee868183c1e13f536a3-302657.o
deleted: 8/4/7983110f05eab264102c9dfda7cbdf-4521551.o
deleted: 6/c/c18a736307baca2f8964451c1010c2-4126679.o
deleted: 5/6/79ab0877916a19ca5505b4efb9b185-4737177.o
deleted: c/6/098a464f2c246a84e134f6eaeac2a7-3943.manifest
deleted: e/e/dd13920b54a51149a8264badc25d4e-5727607.o
deleted: 7/1/3f5b6f7e66eb5758ad57f08233b058-3127047.o
deleted: e/e/f8f3effab9d25c446a6cca723f007e-4549.manifest
deleted: 2/8/c72f6bed64bc9d00d59497c47ff0b5-52190.manifest
deleted: 2/c/1423ce66f878b8c7ad4ece8f359dcb-101295.manifest
deleted: 7/6/d325a636d4444bfeca4afbd41393b4-7618.manifest
deleted: c/b/dc9f5e75c5a6b778ac35d76e6f2929-2372178.o
deleted: 7/9/a3cf96d5d99e679b78d42f79583d37-1729.manifest
deleted: 2/b/f41c6cb4d4c136d4f45ca0480333ab-5544.manifest
deleted: e/a/8b07c0c97042436aa2e0f7f9f15d8d-6829968.o
deleted: c/b/16d687bd1f4fcacff042b959436321-2970208.o
deleted: 2/6/4311e430b02cfe814dfd19b75bfac4-12254.manifest
deleted: e/4/ad1088658faa350314011ef42e1b83-2679884.o
deleted: 7/3/4a0596a1604f6119023970e1097c29-1540419.o
deleted: 5/4/f5bd00a7c1d1292c6a16a20811095f-309809.o
deleted: 4/0/8f51b47e33f8f0e07aff6c151073e0-27374.manifest
deleted: 7/d/155247be50f47a26ddd4a4250414df-3109756.o
deleted: a/c/42fddddbe60ba4538c7a518b1e1882-2056618.o
deleted: 0/a/faebc8a9d2d6a42b5b1ffaace665f6-2902239.o
deleted: c/b/d9abc66c38b83d5494df832cab7bd1-4709.manifest
deleted: 7/e/72de42ff1d1a8a961fc13b41ed2e17-38170.manifest
deleted: 8/5/e9c96a5cb930653314f92081a28e88-4849039.o
deleted: 0/c/c30c74c16d5c12df5cb3b826091b31-12790.manifest
deleted: 5/7/3d20e9d0dacaa2513bb9a4516772af-1336770.o
deleted: 6/f/b77e5fe5cf4c6d3a549a90fd264ef7-6786543.o
deleted: f/6/5409a651172f0292a077ffef63603b-412.o
deleted: 4/2/dee1a4b0c4911249de2bda145fd232-1592142.o
deleted: f/9/d4701f6bfb5144913153a8dc5be121-3023430.o
deleted: 2/8/2a43d7e0754e73ac687ff87704caab-3305.manifest
deleted: a/d/9cb9dea9edd2709c8afb67ebc5c31a-2551458.o
deleted: 0/a/fb8395c98d4ea5dbdf4abad920665b-36843.manifest
deleted: 3/2/5188ce456f664a8c2cc792fc161d6a-23410.manifest
deleted: 2/5/4ade5b034e7fae13088bf2e77fc324-4883914.o
deleted: 7/a/b77a6a0e0ec8fea78dce40e872d547-2530228.o
deleted: 7/c/13173c5e0ca1a04376057b6e96e168-3767405.o
deleted: 6/8/eb42de553ea6a0b948c0d947383d50-2686627.o
deleted: 3/6/e55ad466372576e626bed2883f2a07-5726.manifest
deleted: 7/e/709964d271fe66c10c230b45e71fc7-2095487.o
deleted: c/8/2f99210e384c6c7ac7ba25ff6dac34-18628.manifest
deleted: 2/a/155fa27c5c91483da6ff5838960ddb-5052635.o
deleted: 6/f/b70da91a8beda05f6d47430a1de863-1662449.o
deleted: 6/f/b634330de47850203ff580b521d257-2944635.o
deleted: f/1/558b142f85e812d0e8c8de257de1d4-4766817.o
deleted: 4/8/abc0ec37cd02c2ca210f9025ee69b2-34049.manifest
deleted: 8/1/58cdfdf50732590b619ac6d70adbbb-1916043.o
deleted: f/1/aa37634219a0bffd878dff6e516df8-5147578.o
deleted: 8/c/3acb6463cf8d629cc351a5cfcf3e85-3993830.o
deleted: 7/c/a00cc6da54ada27aed1406059c9d8e-7476.manifest
deleted: 2/9/5814ab974f474f12f3d87e60b400aa-13751.manifest
deleted: 7/2/2bc1c1944c90c2f801d5e73547ad08-2213834.o
deleted: a/2/5e6f11f2cd92b02e993f70d667d167-5177120.o
deleted: 5/9/ad6301c112e689dbfc68c09bbba265-2833899.o
deleted: 8/0/3bb0502bdca6091119f5fb666d80f4-49423.manifest
deleted: e/9/de206cca70351f84547ab7575a3d2b-3031.manifest
deleted: f/b/21df22f22c5bb6f68d3b25be98284d-5909.manifest
deleted: 5/3/640d31cc7a5d57108a3d39d81f9d13-11984.manifest
deleted: 0/1/bc94064d73774562dc5e3b83e4bf26-7142214.o
deleted: 2/c/2139852f77364e293144baba8a3cc9-25913.manifest
deleted: 5/0/4e40428126ffe8479a1b52b31d3a25-18040.manifest
deleted: c/b/e838a042697bd25a4399cb7f1aa14b-8662.manifest
deleted: 3/9/0a65ab80233fe6829ee1e4dd10faf0-4791547.o
deleted: 4/a/3f26aa75f2df7dd2c4c381e3eb5897-4483.manifest
deleted: 6/f/b57b98c224dca6374c06a53dfbd6b8-8387.manifest
deleted: a/0/296b04d00369e6bcdd873677bdbf19-2008.manifest
deleted: 7/9/a175af7c73fd7748f0c96dc8120073-3179064.o
deleted: 4/1/be8f2247c9e3fd5fbe730617c96feb-18123.manifest
deleted: 0/d/38a38d55d54acfe19468db106d5533-1407.manifest
deleted: 7/9/ce6577bcb5060813a5a98cb6bec241-1773456.o
deleted: e/c/845679be5a9adc05b6b9766919868c-3085636.o
deleted: 4/9/5356923bd9a10874559ec1975963fb-3506367.o
deleted: a/9/1599f1290f9df52a24db9357b373d3-7193.manifest
deleted: 2/9/4a06ef379ae41489d85f8235fb93b3-2094539.o
deleted: 7/0/f593c0031ebf8a5de07ca6b0cc1152-5555.manifest
deleted: 0/b/9a98e7dbcfd5475bd1ce820ee9c2f0-13292.manifest
deleted: f/c/3c4f4cb9adb8dae08604233b995912-1803689.o
deleted: 0/b/3c75c9691353b8c8802b05fba1278c-13751.manifest
deleted: 6/f/b76e76008967cd74deca0f3592735d-5372.manifest
deleted: f/5/b5a0b981fbe2617058436a7ac932a8-7555.manifest
deleted: a/b/7873600fa83016bb896d5906461502-8899.manifest
deleted: 0/c/d9cdf0bbf95cf8c335dc1034529f51-4075194.o
deleted: c/5/c9284f507d08ac69e18ef68f529751-1371666.o
deleted: c/a/ffdcac477d05d93697434e81a7e73c-3682885.o
deleted: 2/8/e09a00a2297e6ef85c23f8b06b1757-18325.manifest
deleted: 7/b/96cefdcde575c746a13b4c089d5aa9-1484.manifest
deleted: 8/6/44df185ff8ed0c07e2cc1d267e9299-1435.manifest
deleted: 5/1/b9f51c0a273b3c3a81fae7c34f34a3-2191681.o
deleted: 6/9/43e001e48742dd780fb9115a2f44be-4685882.o
deleted: 8/5/f8b69ad87238a21451bfbd04d4ac62-80271.manifest
deleted: e/3/410e8ed0879aa31bd798ef388596ed-5015330.o
deleted: 4/5/6856fa7686eb8030f9ffe152573170-2693907.o
deleted: 3/9/305d93db58f68cdfbeb55b3da6a947-2376826.o
deleted: e/c/f711ff227ea3e62f40edfc3cc178b5-1612775.o
deleted: 7/0/fb9e0bc48e6fbb5b62610ccefbbd79-1944158.o
deleted: 8/4/7727fe07d9226e3c59fecd993fd537-4074370.o
deleted: f/b/c2a0913b0a6db2b4992452fd04e01c-8387.manifest
deleted: 5/3/1d158952feba4c6097b12ab934ccdb-3439.manifest
deleted: 0/1/aab57b39891931b57138737b23344e-4575.manifest
deleted: 2/9/4e2eb1ea3dd3d423809e915e684256-2771016.o
deleted: 2/a/aa0577d848b5beb5c99f44daf10fdc-5650.manifest
deleted: 6/f/890af2790fc3f713000618d40b9a1f-29733.manifest
deleted: 2/8/eb8256e272618476feaad2057ebec9-2579505.o
deleted: e/c/e6b46ab21d2c0992a7e95ae9206741-7498.manifest
deleted: a/d/647e79c4cc86c6e6fbd6a6959b667a-5016527.o
deleted: e/d/0d1d440df4b971e99c3f1912cd42ca-1283.o
deleted: 6/7/d709747d403033d3e076adb0df8b67-18750.manifest
deleted: 7/8/d28e845c1841fab9347e37e63f196b-762256.o
deleted: 8/1/be69c379b17561aab46878667762d8-1341671.o
deleted: 0/b/df34e66d0bd0bc2cbffa6bc127de92-4192.manifest
deleted: f/9/19961c6151bae2b4c7fa81712dc868-47293.manifest
deleted: 0/8/16e6db260b5ce4f96d55bbdead9ca7-4687.manifest
deleted: 6/6/a81104f3fd03bf8dfab981aab01c23-6338.manifest
deleted: e/9/22e856a293c5858bb44151cdba03c4-16259.manifest
deleted: 2/a/e835445572e984944499e34327c36b-14457.manifest
deleted: f/5/f2a7ffd2f549191bd72c54c6897afb-7224.manifest
deleted: 5/1/a814cc3dcdf0a182b5619959df3408-4459367.o
deleted: a/d/a840c2ee11fd5840e3df5465d0dd81-2001496.o
deleted: c/0/c833d9372972f80b4346be6aeedab4-6254.manifest
deleted: f/5/de4d059c51eea9ceeae07687a6e28a-13163.manifest
deleted: c/a/44376e54844b0eaa3afa484ca63566-6768.manifest
deleted: 3/5/759a7f808eb485fa88c419823104a3-4163471.o
deleted: 4/4/52c51fddee3840388ce6d62d35cd46-4977817.o
deleted: 4/3/aa58d3fc756a997dde1437f69f9787-3100124.o
deleted: 7/d/ad4c2078769216255f6c7a168b645d-2607257.o
deleted: 2/b/9ed6b4992290ea21e608774af45283-3304771.o
deleted: f/5/8218cb3152a7d7c69eab9cbfbf2e2d-3269894.o
deleted: 0/c/f90fc2e7349dfe398be0845417512e-275740.manifest
deleted: c/1/f74942fa748ce938c98a068dcd2dae-3134742.o
deleted: 7/7/58eb0a2ab241526263cbdbbba947b7-3023567.o
deleted: 4/1/8d39b6270cb4bc7483e8e95c559221-5041948.o
deleted: 8/6/a61602111b1bbd35dcf229252e4e6d-3376.manifest
deleted: e/7/e74cb095ec1bb56413da1b1cda15f6-1750.manifest
deleted: a/2/46ab534f7a6bef525dea0a47220947-4591443.o
deleted: 0/b/d58e546827fdb0a618e7fc37657231-6829968.o
deleted: 7/e/0f7cc4b638df44db3391869f9803e5-7618.manifest
deleted: 8/d/e8b0c78e0cd75194f307f32fd1eaf8-4403192.o
deleted: 0/c/0f1b9386d7a0f251ab1d2fee0147bb-5041948.o
deleted: 5/2/45bb0ded475a0e0fe5ac8472aead7b-2900955.o
deleted: e/b/889f5a7d09a963ae9534943ebab189-2765000.o
deleted: 2/a/a3a1c54780a7ffcd03fcac6526f848-9101.manifest
deleted: 6/f/b8156654562a1180ad2e7facb9ab65-28916.manifest
deleted: 7/d/cfde505095b8e0c89664e31cd92915-3494.manifest
deleted: a/6/f68ce40f307846bd37002cef990a0f-11381.manifest
deleted: c/b/4b65d87daa0cf2f7d0069c092cfa56-1294862.o
deleted: a/4/735bae2fac92fb58967fca56591941-2822059.o
deleted: 0/2/9aeb805d2b9c8e300ce6944828881b-2897094.o
deleted: 7/c/edcbfb1c1b4b981b248516f29de1d4-2004.manifest
deleted: 0/2/3ad7b8f3c1b2c2bff9b48c6d912385-1334755.o
deleted: c/6/0aef2382ffc08401d5fbdbe6bdfb42-2120563.o
deleted: 5/0/e158dabbbb085ca9b12eb75ab44b50-4920505.o
deleted: e/4/6023894d64fb83d4d83cf9303a799d-3023567.o
deleted: 0/c/05516f33d1b5ebfc3472faf3aba706-2828975.o
deleted: 5/b/9158e25907e3b1c4eacaaa538da453-2902239.o
deleted: 2/9/c7c0053be5fc3f8c16ab4c02e24eed-18303.manifest
deleted: 7/b/c85d768ccd1eb0c713c2145728fa0b-7248.manifest
deleted: 6/f/bb2a186ad34d605198aca07adcc0ea-4662328.o
deleted: 8/5/bfb03d37015c2984c91138518454e0-13674.manifest
deleted: f/b/d94545ce7ca81d7976bd969d446239-25913.manifest
deleted: c/9/4d2bafc87c7ffa8019b4e8684f4062-3018585.o
deleted: a/3/06f53444639080ab2e6aaa49609f5a-6045.manifest
deleted: a/d/9545c32391a40ea76109fea17e60b8-8178.manifest
deleted: 2/9/542cf17a6a0f3da149cac457f59dd4-6281811.o
deleted: 4/9/77bdf7cf16d00610d1c48dbdf73b53-1600958.o
deleted: c/6/bd99038931c4107cd8b61e12eb285e-2131058.o
deleted: 0/a/6c7feb6ed9aee49d11607d02db2783-6768.manifest
deleted: 4/5/15cf84ceb700373d5cc8a61c757523-6736.manifest
deleted: 6/e/d930412eedf2acdc78841f9024b63e-15852.manifest
deleted: e/e/d18544f66cc7cdc0d41a912a9ac797-4526672.o
deleted: 5/2/ff2c9eaa2b8d516f93488d49805ed2-13024.manifest
deleted: 4/7/f20c9d90dcf84f9b5c3e0dd0d738ac-277068.manifest
deleted: 0/3/b24d330b302525193eb311cc10ffe3-16378.manifest
deleted: 7/4/bc9956f0c02b817d49ef3796d8b8c6-291096.o
deleted: 4/5/c6b8a3fa40e6dac01675fb9f399c7f-7248.manifest
deleted: 8/2/2ef3dee1b887d4632cc75905cd5387-1939689.o
deleted: c/a/a4f8e240839e109f3efd7a8afac4b6-5765.manifest
deleted: 2/4/7b72bac9006ff01b99e5ba25c71511-16325.manifest
deleted: 2/d/245768d082d3a8be42bc4e6b60c8a1-7209.manifest
deleted: 8/8/9512be8c938d6c9b3c287c2957ef2b-2896730.o
deleted: 8/9/2d57ec135a08ef8f859ed67696b2aa-3037369.o
deleted: f/c/8ac715b98ca9130f9d9706c07e3206-7540380.o
deleted: f/5/450dbf2ab2776caaf359af0f931fda-7717.manifest
deleted: 6/6/a1dbcb8ca38c737cc224ba66edda67-2934.manifest
deleted: 7/e/feb12ae65d660402b0abf8145e045e-13461.manifest
deleted: 3/9/c65792773fb6c93b55a11ac499af0b-4451291.o
deleted: 0/d/083367b823e9361154efa0105f90a1-4757293.o
deleted: 0/d/7e87ac13a9de0cd6e410d8fec717d3-3165787.o
deleted: 0/c/d41cfda12ac1e21960380e1f8502b6-5961.manifest
deleted: 4/4/5536866fdd591090f915b97a81cc05-325159.o
deleted: 3/0/107d8378f237eecb48ab707bb1245f-6359.manifest
deleted: 0/d/9833cf268123ab9de7cb2691bba3c8-5002095.o
deleted: 8/d/dab221e0a750c83d73f54343a0cefb-3762848.o
deleted: 0/8/0f7e73eec88484de6cba3b1ebf3df8-5188.manifest
deleted: 6/5/c166166aabb1de8fbf00b5fddf57ae-17704740.o
deleted: 0/0/5fe2fb5ffb9e5e0e32d31733cccaa7-6697602.o
deleted: e/3/a013d03ab7e41af0272518a6a66350-2907.manifest
deleted: e/a/e2d50f79ce26e2442e320f448dad4d-66076.manifest
deleted: 2/4/b7b7ee874b2c0ec80aa35b6b3fa7ee-2397658.o
deleted: e/e/f29bcebc3e15028a6962945b0aec33-7598.manifest
deleted: 2/b/567121e20e9f1f0337dbe2f0e7bcfe-2763674.o
deleted: a/8/7a8e236e16b0f90f0b4f65e8f25590-3400778.o
deleted: 2/c/801daab1e6d2157f2913cb9ede5762-1335108.o
deleted: 4/3/86679eaa1844e2d79274f93e1900f3-6913.manifest
deleted: 7/c/af42a400f63a0d0d5bffa82d3c539e-1587795.o
deleted: c/c/7c87bbac373e092b5159ce9c1e3400-2817838.o
deleted: 8/d/b1e206a6588d6f890306024a7444a6-4713.manifest
deleted: e/d/2dffe244b939db86c7e668bd759bd6-10932.manifest
deleted: 2/a/3c5ec30a5b1d6e9a4d76bf083061bf-2896730.o
deleted: 4/8/b35242b36e96cf1941731df15c5696-5061381.o
deleted: 0/c/5772f0a7eecc4341cefa1472b1a7a3-4978684.o
deleted: 8/9/d131980556cb85ae6231ad2a0ed297-56143.manifest
deleted: 2/9/d30740a30bd2d6566eff16f0790596-102133.manifest
deleted: 7/2/236fe4649821b4ab3e3064576463f5-8178.manifest
deleted: a/4/0ba9cc63a118bd788fcbe5e91ab563-50651.manifest
deleted: e/e/fdd69ba97d1d6778a68d279967215f-5148897.o
deleted: c/b/bcd7fd2b17b50d0446b77ce672552d-5942.manifest
deleted: a/8/ea577bc0231bc87f1ebc992705ff65-2998862.o
deleted: e/9/534218edfc5d4ee92e4ec2043f79e6-1976.manifest
deleted: 0/a/720a71e0780fc11f667f4c88fc9ac0-18040.manifest
deleted: f/4/ce4954d8a51bfc9094c67d9d7a5ea2-2716211.o
deleted: f/c/2b3c95a5a7d886081f9dab158e0c2d-2905546.o
deleted: 3/2/c56a740187b45e4c27cb93b7ecbcf3-304893.o
deleted: 7/e/736a59dc50a234b210bdbd9ac50d5b-5044851.o
deleted: e/e/f0595d59efc7397e17ba578d2cdb3e-3113074.o
deleted: 2/0/37443b1396b8b725ac27db249ef74b-3089299.o
deleted: f/1/341e6c5c94614ad3875b14eab01c4e-33171.manifest
deleted: a/d/5d035e61233dd06f1ce26475c311dc-2341.manifest
deleted: f/7/4efbfc946f47ae9f247f066866fb75-3609.manifest
deleted: 2/b/aa9f84d17af60cd5297e1596437f8f-5909.manifest
deleted: 7/a/ebd125641cf47c1c368a26a79e64ac-5929.manifest
deleted: 4/8/4d55b6355e8eb253605f5976dd4512-13292.manifest
deleted: 7/0/dc365efd4d5e177063999433d7feb8-36843.manifest
deleted: 4/3/fac33cc0bf50ae2dfdefa8593548f7-164838.manifest
deleted: 7/c/a01a0e0e6436473de43476349a1549-14704.manifest
deleted: 2/c/36ba2901aefb530226e78142122a79-3255546.o
deleted: 7/3/3be2242efbf3cbee19236b8b5488fb-1835.manifest
deleted: 3/2/1eb69985c64462900276ca5462bba0-9078.manifest
deleted: 7/c/bf105f7c101a03852d638a02ad01b4-1341671.o
deleted: 6/f/b8568c6256897655fa9fcb15cc23ae-1995320.o
deleted: 7/0/a7efa9991eb783c172ee99d599e031-29915.manifest
deleted: c/9/f951936d2b60e8474db3eecc11a29b-4264.manifest
deleted: c/c/943321db012c898e29f44eb195943b-2988954.o
deleted: 7/c/01203636e8ef44366feae62451d7a6-4764517.o
deleted: 8/3/071a0275a59eb8a80f46bac929d29f-290888.o
deleted: a/2/436b50a7a84381b96a849a3e209cfd-3009414.o
deleted: f/b/5d10ed860cce2c84fbba4172fdd781-33200.manifest
deleted: 2/d/14d5db1c42d85fe8f5ce3731c7c5d8-3039.manifest
deleted: 0/a/9ad1a70f198315934d88deb23217c5-2898637.o
deleted: 8/d/16c2ca46ff82a6a07684835c7400d3-2018175.o
deleted: 5/c/2ade9c125c0d92ba505b82f969da13-3951.manifest
deleted: 5/3/c121aefc2c560337ba12c7c08d38b1-1544.manifest
deleted: 0/d/25d32e5117cf17b051339ea077c4d6-6338.manifest
deleted: 8/8/c6fc8ab60f3ad067df5fc94f900f50-6889.manifest
deleted: 7/1/f459def34364062f219b6ac6a00765-79851.o
deleted: 4/9/ced95d9a7054d92d8482a80a895ca0-8662.manifest
deleted: f/b/4cc0a2c480d42d17d18a9a3c3ebda0-3506117.o
deleted: 8/4/0388ae1f9fc1b1cb5ca4a7693c0ab5-2451100.o
deleted: c/c/5edc27547b0685c2c95ece86d0fa89-5768.manifest
deleted: f/b/f498bfc7874e82c751079216fcbdb2-5002095.o
deleted: 5/a/8d67f736ed85c2d0c4890c4d43ecb1-21104.manifest
deleted: 0/c/ed4e4a3130c76258922155e2012f78-31038.manifest
deleted: a/d/7ddecc3fbaeb40f0336d11d415a3ee-1792961.o
deleted: 6/f/b553541668edfc9f246bc4a3a9e437-7555.manifest
deleted: 2/d/405be8e3e5dc826f47ebbce4f69438-2322.manifest
deleted: 7/a/90e09d406da431c16788d62118a210-5446.manifest
deleted: 0/d/560c47107ecf25ee1f1ad3860e2a18-7111.manifest
deleted: 0/b/c36c54f11e30a5b67bf5aaa7bb3650-412.o
deleted: 3/1/a0ebbd39c6223f76d67d5e0628893b-3119692.o
deleted: 0/a/eb5de018812878e66f3b8f4aefdd4e-1803689.o
deleted: 5/3/653279f1ce07e529aebed4f8da175a-1281.manifest
deleted: 6/6/0bdd2da01628007f4b27f45a800b64-8429.manifest
deleted: c/7/a2be5efc34c3861dfd8ad9346a9110-4488591.o
deleted: c/1/0b9374df3819b1da12e6297082a783-5317190.o
deleted: 7/d/29408eb9fa5e7a9960d674748e5a74-1294862.o
deleted: 7/2/4eb430ad2b8f22e992aa4909354175-2606921.o
deleted: 5/0/67b8bd79665d39e15f3176c529b1cf-5934.manifest
deleted: 8/5/6f61e973404a5870b50624f6e3f1a9-6305538.o
deleted: 2/0/6845b53612dd1d7424aa0bb88dfb43-3400959.o
deleted: 2/d/4f95c896c823aa6bfad2374ff7d9d4-5017018.o
deleted: 3/3/5dc6a5c866dad84e08794762bf6023-8178.manifest
deleted: 0/a/a20145236d5a5fb4a531542a22fc41-9025.manifest
deleted: 3/b/73275a26246e9b74387ddd0dca2e01-13751.manifest
deleted: 4/9/a37f25d3b49d52e54c80f162f665f9-6315.manifest
deleted: 7/3/65de25128953e66874f65e46c114e6-6751.manifest
deleted: c/1/09f4cf0ecedba89afeef9cf5ce3e9f-4523741.o
deleted: 5/3/5481919845102d9861fa6c2f98d4f9-2898637.o
deleted: 8/7/b2b09f169646cea0ab50cbe4ea2bf1-5755.manifest
deleted: c/6/c03e653f005e3e36b5da82f8a22705-2599.manifest
deleted: 4/0/e9ca15b36267bf4e680bedbdac5e79-24854.manifest
deleted: f/9/81e5d5f8da834fe1ed6b5cf7225cee-3732.manifest
deleted: 6/f/b91ed44b71d5fd0ca701e91728f681-9521.manifest
deleted: 6/0/5407ad3fc0c188ad90d5ee4d4de791-1922.manifest
deleted: a/4/25fcc4413c1f9a101e7fef4bad5259-12947.manifest
deleted: 0/a/576b197785e1a5b235e4325726d200-7189797.o
deleted: e/0/9b1b2a07339704a48ec8d9833cc007-14788.manifest
deleted: 2/c/ee151ebe0bbf28d28e38dcb8c3d0e4-11139.manifest
deleted: 8/8/9ac7aa0efa1e0add878d88d4ec072b-2341.manifest
deleted: 0/d/76ca0e4c2016e684adc05055a8591d-7248.manifest
deleted: a/d/a9e9acef13c7cbda4aaf2b72d0405d-3078.manifest
deleted: 3/3/c4f017912ce8f52955a5b31f68f6ac-104921.manifest
deleted: 0/c/fa4ecdd5b8bb3427ab838e51d6e56a-2848064.o
deleted: 5/9/668bba510a330b8f284fcef9deddd8-5127.manifest
deleted: 6/7/7990d30c182fbc1131a99a95178802-3189.manifest
deleted: e/4/8fed6e5173528a80cb5e8041ce878c-3026556.o
deleted: c/6/b23cfc3ee904c5f413953ce83488ea-3948.manifest
deleted: 0/3/61212fd43a232c47e6735ddc0b4f59-1346933.o
deleted: e/6/067e1b8181a3d394223104eef63cc0-4670.manifest
deleted: 7/0/1e40e688b671999c64278758068837-11679.manifest
deleted: 7/2/a25b82246d156fa5f681a7bd9ab75f-2797585.o
deleted: 7/4/bd47e613583ecfd81168bd6163de9d-2459.manifest
deleted: 6/3/22354a18b087d0efa4abcfd2e43313-6578344.o
deleted: 3/1/9e23d8fbf1c1971c6d1753da7eeedf-7705430.o
deleted: 0/d/022df38768dc50868506d3163d3ad7-2899966.o
deleted: e/0/cb3069a0784ee12a4e288efb634276-3494899.o
deleted: 7/3/2324f435af0b87f7bb6580c34d8957-2951754.o
deleted: a/7/ba5b13acec1e5450c0aa8c15eb1d1c-3039.manifest
deleted: 6/f/b4d352f78d39aeadc1905b8e703ec0-19011.manifest
deleted: f/8/bd212650bcef899044bdc4d6226b71-1835.manifest
deleted: 7/e/6128611b6df352bacb784e03eb4366-3099227.o
deleted: e/a/706dafabff69ef7c7b42e509791c0c-1603191.o
deleted: 5/7/375f524bc761cef28674c4f24114c5-4192.manifest
deleted: 2/a/1d68bb1fbc98aab4d402ecbbfd99dc-1335509.o
deleted: 0/c/3fee7cf0b9e72ed0a28415842e1917-4435795.o
deleted: c/6/bbc63ea22e6d0012660e5ef37678d4-10624.manifest
deleted: 6/f/1ac5161fc6a4be03dce4519b14fc55-6510.manifest
deleted: a/6/e59adcc8ef59f0d80d7126e6ca42b1-1834768.o
deleted: 3/9/bb09cfb8d23c0a575b6f1fecc5a3df-4126470.o
deleted: 0/d/12c448adde01edb9d9c371da37120a-29733.manifest
deleted: 0/4/ebe2be6cbbf54ca9e27c478a035d9a-1395012.o
deleted: 0/d/569e66771bbd14950a3ad30de7752d-5017523.o
deleted: 5/e/d7c54c9e360fe4037622f8c20e3798-5072698.o
deleted: a/d/47deed540ef6eeb92aa3a8e5e87b9a-8253.manifest
deleted: 6/f/18d23cac2c49842f686a3c38d7a12b-1835670.o
deleted: a/d/bb42940e86687120b2b26de3903f7b-4658852.o
deleted: 2/9/84a13c0ddd6e08f056cfd20d018765-7555.manifest
deleted: 4/2/ec4e5f6cb2ce93ecc207e0a29ccd22-6536.manifest
deleted: 0/d/76e9fedda6da7ec2dcb240c78b4c2a-7780.manifest
deleted: 2/c/5122af57f254d0d1ca999e7ca44d08-2898637.o
deleted: 4/5/a74dfc83af913590d9158244afc5c3-2445.manifest
deleted: e/d/32d0dd13ba55d354c34b78978801fe-6445.manifest
deleted: 0/1/eee527357b5852bfa7756e7ed47220-4118768.o
deleted: 8/1/f75b590e4767f115e593634b7dabf1-2102651.o
deleted: a/0/ccdba80d6a0634dba3275107495c3f-5382.manifest
deleted: a/c/816e858a303e1ba266d0ac03503260-9931.manifest
deleted: f/5/cabc8331c32317be5d67c6d6af309e-38170.manifest
deleted: 0/c/f30f304b187de4517e5064cc88d896-2459752.o
deleted: 7/f/1cc02e4a1a01745d97b0041071420e-5973.manifest
deleted: 8/8/a6d3585f56ba5a9707789dda814c8d-7348.manifest
deleted: 3/2/d161b4061aed04f886323e92558187-2899863.o
deleted: f/b/f4f7b6c9475d0e3f005b0ea99146c9-7810.manifest
deleted: 6/3/249585c658e1c10dea4188a1bf2d4a-5167564.o
deleted: f/b/b65720d366ab89f566a8e632ddcfcd-12790.manifest
deleted: 0/4/3f6cdb050a1792aa46e540350351bf-31229.manifest
deleted: 6/e/98d9b5e4bb535f9196a63a302fdfa1-3089284.o
deleted: 5/d/3a582a3f1c574700b9cf8c14bc4de5-58177.manifest
deleted: 5/3/3f69f5f8af4fe79408fc66045c05c8-4332827.o
deleted: 7/e/444e7be58d12d4c6cfd3ae93240d8a-4968541.o
deleted: a/9/7451611143a3fe1ea6e91807713d7f-2189.manifest
deleted: c/9/8b7ce19d33cb6d039650d7f7e62280-9438.manifest
deleted: 6/d/0dd1cf86436671188848057fcea559-6821455.o
deleted: 7/d/14de6e160c11064c744ae05f8620fc-1897623.o
deleted: 6/a/db3d623a10aa24e0581edd3d1521f8-36759.manifest
deleted: 0/4/794747e26054276198c6eb1fb81bb0-10410.manifest
deleted: 2/3/1a3f79399dfb891048ddf4e89e4fbd-52190.manifest
deleted: 2/9/b4737db4983ffdbe9964735e2dc2f0-10235.manifest
deleted: f/c/8808c4338930046a3fcd945ef1c871-1610974.o
deleted: c/4/c228464ba74e11311a4ca5aa8b5b08-4626766.o
deleted: 8/0/626fac475838ffba94771b668ac3e1-6590.manifest
deleted: 2/a/8ffb82484f9c00aea006c926d97be8-3299994.o
deleted: 8/d/cf07328e0b79a89bda878db64354b8-15082.manifest
deleted: 4/7/ccb976d688943c6485e4ad89c434df-4809259.o
deleted: f/5/8ff9aec341f26454c6a7e639d5027a-5961.manifest
deleted: 7/b/b1d0992a741fc7238205da86bbdd2a-1527562.o
deleted: 7/c/b5db0a30b7c1601509bf2a4986ddf3-2999314.o
deleted: 2/8/84332d2da61499c84506014caddcf6-5467.manifest
deleted: 0/5/73a6b7fbfd88d1bdb34721d06e5dc4-15964.manifest
deleted: 0/b/ca1888380579d49e394dbca55873b6-10299.manifest
deleted: 5/9/188c849c13d10a6f13cb57b5c01f5a-3345651.o
deleted: c/b/bf404a8709d69f20a1e0e9610ab98b-9492.manifest
deleted: 0/c/cd8f8bb1a02de6934c555a618a1a53-12110.manifest
deleted: 0/b/c3ca4f10b5a506ab88c2bea13b82c4-2055650.o
deleted: 2/b/4028d405db621edce3ea92567c97ad-3029995.o
deleted: a/4/2fe4b078d4a943e31a9419796dde62-1407.manifest
deleted: 0/d/34d8ff9970ca8b41a1c9750b304b3b-2970208.o
deleted: 0/5/6040d7c912a111c7a3c8954b37172a-5452.manifest
deleted: 0/b/81b3fe2a8ec56dbf59fcb14b1c0ece-56562.manifest
deleted: a/d/51803a21faa9ce9eba346d0ee41326-19011.manifest
deleted: 7/c/272a62eac83249b0758231ff3251f4-16421.manifest
deleted: 8/a/5120ddb0c699a15ea2085f2f272500-1402097.o
deleted: 7/d/804168888f667772840b789fc6ea29-4264.manifest
deleted: 7/9/e6a7f5e9fd94de47e1ce60d7f9cc44-2049966.o
deleted: c/a/97d272ad63fe6162fc8edeb686a9c6-3275359.o
deleted: 0/6/7b4a717f2c0911f95c3808d9fab3d8-6401191.o
deleted: 7/0/66da09a285da68cd3d98d4ad299978-2489572.o
deleted: 0/b/d16843687b7fc584feec5799d9c6e1-3147.manifest
deleted: 7/8/d0178cf0b258282accb24f66e2d4c4-5707.manifest
deleted: 0/c/093fc8491b9eacfe4eeb121af416d5-4074370.o
deleted: 7/f/19202fd780115f7591a52158034c8a-4876.manifest
deleted: 2/4/d53f263453148c6da8e792728f7ac6-5047090.o
deleted: 0/a/ecec5f148785345f73790bfb5ab6eb-7401.manifest
deleted: e/6/78fa1a006b59ab7fd0ed592871901f-1818049.o
deleted: 6/6/366ef0b78fa353c6db189586f2e268-3132478.o
deleted: e/a/e1bc8893d71f7e9a2ef789467fac55-14361.manifest
deleted: c/9/bca499d1b261a45004d52da1a28a84-5348.manifest
deleted: 0/c/1a7662e8bcaabe5a4c713feef1a1a9-2833899.o
deleted: f/8/353e3cb65b7a671b37eaba3bb3ffb5-3185463.o
deleted: 6/f/32ede87df085b4c52dab2cef87461a-2112199.o
deleted: 4/3/b455fb600317949fdc7b0d2452a4eb-8607.manifest
deleted: 7/e/0bfead4735ddc2782f81923b9e944e-4639639.o
deleted: 7/0/9983f62666dbbe6026a41a3374b558-3432957.o
deleted: 0/a/5626a290f9026f02f70b85fd8fc995-12511.manifest
deleted: 0/d/4dfffdfd36d16941a3ba56e35ffc1f-3130896.o
deleted: c/a/ad76d8dd807b3981273d15aefb7fd2-1832.manifest
deleted: e/b/fba8dfb4d7c9c1d0e06c42e8144182-7209.manifest
deleted: 3/9/e54b04851fa14ec1acefe0b301280b-304874.o
deleted: 4/1/59ca579229409e5009396ddb6db6f4-2299648.o
deleted: 2/5/a2fbf7bb90387c44da58785e147b26-3756.manifest
deleted: 2/9/61a4d235fa0a4d05e6d1fef9e2cbbf-5929.manifest
deleted: 3/a/e5ba2bdd2cbd06f29bc7c5efd25574-14483.manifest
deleted: 4/6/ca7709d4a8cdeab14c8799810f046a-2628181.o
deleted: 7/0/306b2653526d057be156cae96e0d40-1610974.o
deleted: 0/5/c23af05fc724543f5307c06deb0c4d-4465250.o
deleted: a/4/e850244c8cc80af114f25983cea193-3203.manifest
deleted: 7/2/62f49a7a25b6c85624738262394d5c-18140.manifest
deleted: e/9/bf5d0eeb0666a7e12960b9a0362fca-4728056.o
deleted: 6/f/b226fc1ba7ba556c368c665db184b4-3504.manifest
deleted: 4/8/892b813ac7d6e2d712861724e700bd-5768.manifest
deleted: 6/5/d0c76a99b008e617573a1a764b174a-12924.manifest
deleted: 0/6/a1c6beb7fae07dfcdb5dc6e003b78f-4941341.o
deleted: 3/b/67d1cef807f1abb43521b5b84b9f81-1402.manifest
deleted: 2/a/7fa7ad93995db35423c554ac05137c-1369657.o
deleted: 2/c/7a4e26e4d64967b5b3d8b5da918465-2538163.o
deleted: 6/f/1a23784ca589f4c107dbf8e0b2772c-2909793.o
deleted: 7/9/385f7e380344f5cd13d998b5dc9cb7-11679.manifest
deleted: 7/1/3f873f4bc004e1d151ec3ff588b2ca-5719.manifest
deleted: 0/c/65307d97e9322985c97f717cedbe81-8935.manifest
deleted: 2/c/0a25ff15aca5876e2c6581d62a13be-3265514.o
deleted: 2/3/307f527a1153b49e27fcd74bfbaad4-2041701.o
deleted: a/d/c6bedf60b7eb7018fc21915d28014a-2417466.o
deleted: 0/b/00bdae229866946a450edf0ce78ec5-4031287.o
deleted: 2/a/c9e33aa83bab76f76a161e2c95aab1-3072092.o
deleted: c/0/a27689960358041982f444e7ff2812-24303.manifest
deleted: 5/6/06045234419bd39a4add37c339e39d-3504.manifest
deleted: f/3/70502f7e26fecf876af4b7174d8f55-13146.manifest
deleted: 2/d/3e37c4ac4b0748390a5bde0cdbfbbd-29915.manifest
deleted: 5/e/9e01012386c0b93c59eedb1159cf8f-3124745.o
deleted: 5/1/90dc030efe67e2d2b5e6c5269d174c-1792961.o
deleted: 2/8/ae438f7a9f87c6bb6796b628089d6e-34113.manifest
deleted: 7/c/55f851e54bb6cf504c9e4f524be67c-8514.manifest
deleted: 4/3/5eb376578439a794d1aa65bcfb2e1a-2337355.o
deleted: 7/d/d89c204af0c2de0a48a1bf699b2476-3376.manifest
deleted: e/b/57a028d5f77b80dd8e9da5b93c3c08-1645079.o
deleted: 0/d/895ff59a7b48f6a72b8ac864307842-1984159.o
deleted: c/1/44c3a4cb9d350e0b0ef45d67c92cfd-2855435.manifest
deleted: f/2/cef46b904102fd64e9212ce854fd7a-4438.manifest
deleted: c/2/b6f40a9c0ccea1bf92e916b7e9c931-4718551.o
deleted: 7/b/8460c78ac74cac36e40c7bed62dbaf-2749207.o
deleted: 7/d/42def3cf080aed668b9853829d2bde-6510.manifest
deleted: 5/3/c80fcaa7fa0442737acf9bc054ced9-3088774.o
deleted: 7/1/397d6bd4e853248e5c0a070122cb88-49578.manifest
deleted: 3/6/3dbc6dc090ff100c48abc9af7f3a96-101996.manifest
deleted: 6/d/157062ed992398e480be8b82e05e1f-2797513.o
deleted: 3/3/311ae8a9041c8bcafbe72ca57a4ca3-8886.manifest
deleted: e/e/f21c67135cbee71597ac7c19c40d1c-2056140.o
deleted: e/c/7743312d7b73d1e177712e15bafa8d-2399.manifest
deleted: 6/4/a841d7b030bb8bb466c025d5255ba7-1334129.o
deleted: 0/b/aeb5ef407c3e2a78416bf4541b4178-3089284.o
deleted: 6/7/2ac9017b85ec2bd72e60833978a937-2899966.o
deleted: 6/0/7fec451d225279d945269df1c3b774-5158851.o
deleted: 6/4/6bfde8af4e15f80c03bc0ba70af825-6842756.o
deleted: 3/0/fbdef1e15dcad2f908c3d7fc85903a-298542.o
deleted: 4/2/3640ffb31cad22b6dd005e4ac99740-1845.manifest
deleted: 0/6/2c73c629a3b93f0cb4b1f23b9c3635-9420.manifest
deleted: 0/d/7e267c1249e35b416f236049bce230-4942165.o
deleted: 7/e/06868364cd5bb55434553ed707f766-6176563.o
deleted: 3/1/84f06c9f280c0c016ee5f20f034525-2551458.o
deleted: 7/a/a0b32690b82c765fea5c88c1f5c17d-5520.manifest
deleted: 2/9/2f6672bd84468f5f0e8bc26133bd57-3432957.o
deleted: 0/a/308b088ba2fa3c1d5b3249038fa91e-3134082.o
deleted: 8/5/9923f72cc62c621638d7bf953dee42-5001651.o
deleted: f/1/c80f788ae168136bc0ddfe1d2605a1-3961.manifest
deleted: 5/d/c620b05d69dd43111149f4715bba90-4638480.o
deleted: 3/b/a0da76e99c1b31cdcc14c9c04effae-4726470.o
deleted: 4/0/767426564cf9b5bd580dc5d9b2f939-3035081.o
deleted: 2/c/d58dd1b18ffe4bd13ae7fde1b71925-4772818.o
deleted: 7/4/fc8317346912f8de7170aa7f27154b-2907253.o
deleted: 0/c/7fcca97e6efe9beedcaa4ca3276dd1-2495308.o
deleted: 3/4/909547793958ff52ec20c635cac396-2031227.o
deleted: 7/c/f8fc534522bb1943cd6e82aec2f5d0-4704091.o
deleted: 2/c/5520d4898fc488b438a9acb4ba1552-11176.manifest
deleted: 8/0/4025387760dbc69ff0377682faf7d8-7013.manifest
deleted: f/5/f131cc4541c8bc4321936afa359a81-1834.manifest
deleted: 5/a/dd82ae6e5d8b5afcd75e1fbff953c3-9541.manifest
deleted: 6/9/1ee0a0fb8fd59f7c6eedbeb135eb52-6690.manifest
deleted: e/5/0dda5f4f22c95bb6f8a874e9eec8c0-4492.manifest
deleted: c/b/c53afce24c25b71a41618dcc64ea5e-2322.manifest
deleted: 2/8/a53c585aaddf276f4cefd8997d49c1-6869.manifest
deleted: 2/b/334ab85b5699ea6044552461e0ecd0-5692.manifest
deleted: 2/0/6c4475597cf7a9b37238519a076df4-3506475.o
deleted: c/7/0dcbf556489f4cd670c29134b8bdc4-1487.manifest
deleted: f/b/7c4c11d549a43d748a46d2b181f9da-4505881.o
deleted: a/6/b03ce23aba895fa290505a146a56e3-3350477.o
deleted: 0/c/4540f87deeaa7a79653cd493b5b240-3203.manifest
deleted: 2/8/beca6fe12e6a493a8cf093d8421f17-4787860.o
deleted: 3/9/ccef0c7dd99133873b4b5f1889e489-8283.manifest
deleted: 3/2/29641c49bca54a05c9afb9817740e4-1841.manifest
deleted: 0/9/88675e2376bc9326309406454169cb-5268.manifest
deleted: 6/b/2e322ed61c60bb30b4353b7c42ecff-22209.manifest
deleted: 8/a/29d595bbfcafa9e7f0411be19f21a5-49918.manifest
deleted: 0/b/b65443e742d7f3ecb5ed341fa5c6a8-2951754.o
deleted: 6/3/32dfcb69ff5c7af032f8d463497292-3013167.o
deleted: 5/b/8e57e8755f5b9a1a4d3f9eef2401d6-10008.manifest
deleted: 0/b/5e8b1583bb4dec0043e47a4090dc4d-8719.manifest
deleted: 6/7/e64db6465ad70776be4e6d2be09f5b-2576727.o
deleted: 6/d/3e5c6914354f19e818d544ccb09273-6581840.o
deleted: 3/9/050c0d6381672aebf40fa32af92d83-9558.manifest
deleted: e/e/8695bd0b3633d9cb0daf04dad60a4f-6768.manifest
deleted: 2/9/4f2b3172cce61249d0ac1748fd7f77-3948.manifest
deleted: e/d/88ade196f5403dd1edd936e51de5bf-3609.manifest
deleted: 7/4/a2e3874f28d95e3e3887418816f3f3-44052.manifest
deleted: 8/c/c6686ab16912120852de01d49d9047-3113074.o
deleted: a/4/119be26aec8b9dd069ae9cbd723747-3198.manifest
deleted: 7/5/964e5d937f53320368caf218c21ea5-2290937.o
deleted: 7/a/6dd0472d16cca4328a8d358340844a-2056140.o
deleted: 6/8/eeecfa64c00f1a4f401d6dfba8cb9a-1839460.o
deleted: 2/a/fef900f0b2c38f5307cdee9c6f140a-1495.manifest
deleted: 7/5/35dcbf60eb1c24aa67dab12b1bbffa-1715.manifest
deleted: e/2/48ce916f8db7668370175ca09ccdd9-1399.manifest
deleted: 0/1/154370e616eabf926d22ede22e4ea7-16545.manifest
deleted: 0/d/3f5d6cfbfe39e6fb8be46a9bf81354-13449.manifest
deleted: 0/b/c5a05bdeebb641648ccc1218b409f3-8283.manifest
deleted: e/8/4aff0e0f77521b150f2815bcbc4515-13449.manifest
deleted: 5/1/afe5e5986b573811362a47e9cee03c-3076137.o
deleted: 0/5/44fd24d86492fa4aace35327d6b6cb-3995001.o
deleted: 7/0/f609f0983292d988ddc102d79bf718-1144029.o
deleted: f/8/bda04209b40c15109ea54812e38efd-11420.manifest
deleted: 7/4/aad998e80dc732184dca8ef403ba59-412.o
deleted: 2/c/af8ea9e9df9473e362b46db86c37a9-9558.manifest
deleted: 6/f/39a6611c90a051286f4590f88f2d41-3019763.o
deleted: 0/b/e8e79a24dafba535eb3c3d7016b843-1845.manifest
deleted: 2/0/71e063a1a8638fbc409d8be8078efd-2887.manifest
deleted: e/e/f92ad4fcabe5264f6b71dfa77a7aa1-3079639.o
deleted: 0/b/429ce0140f6360cee7c33565f420a9-5452.manifest
deleted: 2/9/9ca01c24d44fc9068b291bead90a77-2934.manifest
deleted: 0/9/d98632300810ff5afed3ff35db6619-1469.manifest
deleted: 5/2/573ced7c0c9bfe431c33aa0fa91fbf-4942953.o
deleted: 6/8/cfcc57fed888cdc7d8fa76e2b3529a-2453.manifest
deleted: 0/b/322f8b089d7e53c69b961cb4a28b30-2631960.o
deleted: 0/5/d5d28b004143151d506601d0fa5f8a-28607.manifest
deleted: 7/9/ec3e7e761894788b755f0f28146f1d-12790.manifest
deleted: c/9/6bde35fca831b7cbe4b1c5504e3ee6-3307205.o
deleted: f/3/55820d68ddac754b4a00d5dedc6da1-21030.manifest
deleted: e/6/ea871b8520a364d526e8e4f8fec538-3136121.o
deleted: e/a/d05e6b3b76613d78580d1a18b2350b-4499064.o
deleted: 0/c/8558d8bac5999b7c4370338cef7cbe-4809259.o
deleted: 2/d/38af3468cc339484560c022be9b47f-306076.o
deleted: 6/a/da1e022b12a847ae648c223229c857-5059407.o
deleted: a/1/19dcac59fc2e623a7008db4277d5fa-4592505.o
deleted: c/c/3a86ac8142c02cf0e17135122407f5-79851.o
deleted: a/d/714d99fda2074687bdf8063630028a-291096.o
deleted: 5/8/3cf72b8894f218dd70f86d7e396dd1-12337.manifest
deleted: 4/0/6cf68f5127397dd390942db65cad82-1546929.o
deleted: 7/d/dabfab0d5fd82195dd48f67303724a-27266.manifest
deleted: 7/8/6d05aeab229449f79eecaa3b9e1699-4638480.o
deleted: 7/e/3536bb0d34ceb9b31a76b518774182-6944.manifest
deleted: 3/3/0601d732106b0ebcac0ba168048e1d-17716388.manifest
deleted: 0/a/39b79e9af8367cb1a4f33b0e2932ac-3831458.o
deleted: 6/f/ba090447b2fc6188640aa2db5169ef-9078.manifest
deleted: 7/c/f07b83fd0636d54c116bdc0c6b43ff-7717.manifest
deleted: 7/0/12e752651a596b2a691a883ba4c248-9171.manifest
deleted: 3/5/652aa0fbfd708599fe36dcc9d2097a-5226.manifest
deleted: 7/e/85f8dcb0c61a1532b4c70e4df43cd1-1546929.o
deleted: e/c/e92fc1afa23b3347be57c1e137ab4d-4459475.o
deleted: 0/a/c3681aaeeabb1bba7ee2b775cc9239-1758374.o
deleted: c/c/5b6be1c5264457e3de341f39dd2758-1603191.o
deleted: f/b/d4e27320f35ad445f0468a7b7a6e65-3234312.o
deleted: c/0/aeddac7ac6c7c927366d662e3efbab-1601533.o
deleted: c/6/5af3865913b0ef7e71d5a27697cd10-1337917.o
deleted: 0/c/93042b9de92cd8613ecdf2a2643100-6576.manifest
deleted: 0/d/1738d65991018fb50a709e932f36c9-12380.manifest
deleted: e/4/9c689bbc3f6e765f4bf26507c8db07-21844.manifest
deleted: 0/5/3bef2e7af422f654ee54467d86ab8d-1623.manifest
deleted: a/d/307347c219736b526970bbafe4645d-11139.manifest
deleted: 3/7/a5093e7f654d830b9766b8ce4ca7b4-5046094.o
deleted: 7/e/f2302a4021946130628d286f21f7b7-1484.manifest
deleted: 3/a/9dd35b8c1153da8f065a241ad4a6f0-4208.manifest
deleted: 3/5/c21afb238e2a576d71df0504069972-3494.manifest
deleted: 3/5/be7a0285039a7e87ab28f1c91dea07-1527562.o
deleted: 5/0/fdbb81430c4a3bf5dd471fe59afed6-39985.manifest
deleted: 7/3/75aeb0b33f2ea0fd0a2a447c1f3bd0-6969.manifest
deleted: 2/c/ed852ac46d7ebd9c0d7356a9a64104-2997553.o
deleted: 3/8/ca230a2d233bf2ccdc03e148e1cc10-2831234.o
deleted: f/a/dbe0c2a0fabb30f9a2f27cad3d1621-11420.manifest
deleted: 2/9/31da15c5d60e258212dad505072bf8-2579505.o
deleted: c/a/f2089471563fd4ee45dd779859cb33-3257.manifest
deleted: 6/4/7b32474cbc88bf790a1fce1f091bc5-3046856.o
deleted: 7/3/1ea98cc66546d7ee9dd7753b9d39b2-2273588.o
deleted: 6/f/a1fed6ef5d2ebe89023fcf0afda592-5574.manifest
deleted: 7/8/2ba6cc6e8b30e2cd0e5a91905ca2e0-2899863.o
deleted: 7/4/bc9bc0c138c493cbad4e42f11a55f9-4125642.o
deleted: 7/0/ef25ba0b44b090b41620c9fd5da97e-4509875.o
deleted: f/6/f22ae1b49e5263e5e007540069d4d9-1582702.o
deleted: 0/2/79741d5a257389b5c3d4f4308475b0-3194791.o
deleted: 6/f/3de211f54f68697ae56f1a1cc45729-1976.manifest
deleted: 7/e/3f822bbf6ce8ee6d8bace89f82b472-3439.manifest
deleted: c/b/aa8cdfe955da99199085b72e1c1d21-5765.manifest
deleted: 7/f/24e476eda2d829d3d790a0ed623f68-5170440.o
deleted: 7/4/8cc4ad0ae1a95777eff3eecacf108a-1435.manifest
deleted: 0/b/79ac57faf3617ac2a978e3f1fd559e-4764517.o
deleted: 2/7/18a9393788424706312f1319a8b98a-7463023.o
deleted: 4/4/8ce2a0bb19b317386d0cd634553584-2236.manifest
deleted: 0/a/7936b4375e8cd1905f04c5c8e6fbb5-4507040.o
deleted: 6/d/17c5e32c249650c06c8ecaa551c89f-1499.manifest
deleted: 7/d/2eaf29ee2fd3da87c946ff1fa25738-3072092.o
deleted: 7/e/c7c05ebc1975152035354f142e7e46-28916.manifest
deleted: 8/3/6ea147bbfca3a6fc8a8ca3c8cc5938-1398219.o
deleted: a/2/883d539ab83c63e4c2844d61de3614-2771016.o
deleted: 4/7/1988da2b37e69c140d8fe8325a57aa-9800.manifest
deleted: 7/d/bf53ab2b92730d9b6298ca3fad17d1-1407.manifest
deleted: 8/6/29ad232d997c3c932cacad1cf9ff5b-6917.manifest
deleted: 4/1/7794e8904085bdbbfdf99d5e84bc7a-7018.manifest
deleted: 6/3/bf7c2113fb802be806f9faab4dfbc6-6330.manifest
deleted: 7/4/089d6c546d11fe91bb3aad04c10974-11963.manifest
deleted: 5/3/65c6c5ff0240f3f5e4f6d786158733-4538346.o
deleted: 0/a/d7c64ee38850eb402acc83cea45d48-4034.manifest
deleted: 0/c/3a4f2e8f81027b5a9312d436da53ab-2887.manifest
deleted: 7/5/e984c70680a0cfd8ee66771c607ade-8171.manifest
deleted: 7/d/6e4903cd5683879ecf58a9f7677637-4765341.o
deleted: 0/c/b78f4afdba949d0ee5982c284b4862-2056618.o
deleted: f/c/4a936b119cf9721aca804ad4605dff-9001.manifest
deleted: 0/b/853b5d9b0b2af28b85aaebbd1c42ca-88569.manifest
deleted: 2/b/5f47ae8e1b8d6ccc7b7217ca5ae0d8-11984.manifest
deleted: 2/d/54898f1a3918f9d7ee700982725263-10421.manifest
deleted: c/9/8f554b20565fcd9daef9831bbee9d8-4428.manifest
deleted: 0/a/45b6844ed566127e2726949ed52751-2327341.o
deleted: 6/d/08812c40f1be35e370c310234646f1-3475807.o
deleted: 8/7/e517bf4db3b8cc22f7e5e795c13eee-2112199.o
deleted: f/9/dbafcbab07d86e890180b263b9b80a-3029995.o
deleted: 2/5/2835ad07edb5db11d894c0bd9abb2d-101176.manifest
deleted: 0/d/2c0416c6ee627e2a79c0c31c255b31-7780.manifest
deleted: 5/b/2bf575113711bf8fdb5d2ad2ff4717-4462728.o
deleted: 0/c/f5ce84cf2950b9d0b1965a83b19705-3046856.o
deleted: f/0/2500f71c8dd40798b993df2c838a75-8143.manifest
deleted: 4/2/5e79d56e956a01c58a1a160b2cc5d2-8935.manifest
deleted: f/0/ce3da05bf5bdd8a06d29d261bd178e-2902459.o
deleted: 2/9/bce48ebf0cc858a9797da3d128584b-3173049.o
deleted: 0/c/edbd22cb2e408d31a3101dc2ffb965-1841.manifest
deleted: 4/9/8c731e71c82321ed61590c5ab5a2e6-3321.manifest
deleted: 5/2/02dfb9b3a08923588b2c68bc9e3542-2729.manifest
deleted: 6/f/516051adc4283adb32070b7ac40144-1487.manifest
deleted: 6/f/6fc3d14e64f984ea8f260950dd8798-3768229.o
deleted: 7/e/ad3082ce6fca429d149312542634f8-1612775.o
deleted: f/a/8afa2697006f66178fd1207c9e46fa-2453.manifest
deleted: 0/a/7d0b2504a2d0700267f3ccaef1add4-1544.manifest
deleted: f/7/89f1a785cee6cfe5873696a7b357eb-1338917.o
deleted: e/2/834a9540f5e573fb1957cdff4e2b19-2495308.o
deleted: 3/a/e4652315ece717fc20efe6803c2f22-13292.manifest
deleted: f/b/23af31be7e3530b62fdb07439b0cfd-2716211.o
deleted: 0/b/d17c0f2f275e4280d292b3de3a53fd-1740.manifest
deleted: 6/f/8056a4c8f73111a3cda089895f552b-5669151.o
deleted: 6/f/b96d69416dd4a252bc8397e8079bae-4970763.o
deleted: f/8/023ecf558a8f3f9b7cd137b36a66c4-2817838.o
deleted: f/b/16fbdf8c9bae9eb693e5d47a6c6847-28115.manifest
deleted: 6/4/83e980dd96aec9bcda4720586e08d9-3160714.o
deleted: 0/0/7f631f6fac555498cf0d61da996517-20824.manifest
ccache cache size is 160Mb.
Uploading cache ccache...