SHA for cache folders (/tmp/ccache_dir) is 'd869d74fe2a25cda6ad2b68c8ca585f0ff1981b55c276df7139ed1b722b9744f'
Cache ccache has changed!
List of changes for cache folders (/tmp/ccache_dir):
modified: c/a/b0vh99hrsmq0f2kj2mpr3ukhvsqgqa4M
modified: 0/0/f4v3q6770u5mnq9vhunkpcblcvpkp3gM
modified: 3/a/stats
modified: f/5/1e1ntsf2khv1ar09ol66mi6jktrqd18M
modified: f/0/471macvbr0k155qiil68et3mf18lrs8M
modified: 8/4/stats
modified: 6/1/stats
modified: a/c/stats
modified: 7/1/stats
modified: 1/e/stats
modified: c/4/77f70bcbo42dmdvgmgiogtj650kqdu0M
modified: 0/0/a3nk5hos21651gd9le8ijbj4uiapcgqM
created: 0/b/de2eqgbkki8cng2v0ibu5g3qk4rulsuR
modified: 5/d/stats
modified: 7/1/4dskde1dbvtveo0meh7um65g0c78qjuR
modified: 8/8/stats
created: 8/d/dc49egbtmv6uf056rr3ue7rdd8p6sokR
modified: 0/9/stats
modified: 6/b/stats
modified: f/5/stats
modified: 5/0/eevjikitib0uulbtf0s09s86qre9ni6M
created: 8/6/7c9v33r8u2va6f8n4d94nbllj0b5pveR
modified: b/4/stats
modified: d/5/22if94ms57ond17spal8fbc471le26sM
created: 0/a/44e719qd85rkht2cmq80deqhuqhefmmM
modified: 2/c/74l0o80ok6pr1km8u9kuqn7iq06abe8M
modified: 3/2/b8d71ruj6mbfe5jihjq58ja4k6uacrqR
created: 9/7/d8hj3af7o6jm4j5g2uqbf5jt641kupeR
modified: a/6/stats
modified: 8/2/b4t6nvk30so2r25lsce6638eli9mtg4R
modified: d/f/b0vff6sj0pjrg7btv5hjm3e8khtrjceM
modified: 0/1/11pbm4trl788f6fvqptihrb5bhmav4uM
created: c/2/f9u0m2j2rrv4gf88g86em2lc1urskkcR
modified: 7/3/bc6ufr2ru977aervhsol16lm5qpb6u8R
modified: d/4/stats
modified: 0/1/stats
created: 7/b/15krvn1eqs7aa99jsgq7c659tarfkeaM
modified: 0/0/stats
modified: 1/4/stats
modified: 4/9/stats
modified: d/9/stats
modified: f/b/stats
modified: e/e/stats
modified: 7/6/stats
modified: 2/6/05sj43knvfbkhq9efupp9550vo33gfsM
created: 2/f/2333mengdm92ipql7pm2gndgn9rhuj2R
modified: 3/1/stats
modified: 7/stats
modified: 9/7/stats
modified: f/9/45aal02neujokdnvd11eq4v2qm0bm16M
modified: 7/3/f94cu8qotkgeoraa8hv5r4qe9kflk0uR
modified: 8/7/stats
created: c/7/b09f878uartt8l5tunbkrnhg9tte8smR
modified: f/7/stats
modified: 0/2/eevktm9d124g4o01fhjvj6tes8ldsu0M
modified: b/stats
modified: 5/2/ff3fqmu9sbh7hrfrlrl38ch21vbldaaR
created: 7/a/6dino7053mjboti2c3394jcg628d3d4M
modified: 8/1/stats
modified: 8/7/d00r1n11baqfn9p9icdoqpqab2p9biaR
modified: b/4/12911ucesq5thvo3ccp8v38kvgsbmuoM
modified: c/c/d4paoub92g0ta6p0j8qdsfn9a2oi5m0M
modified: 1/0/aah08n611g74jkcokrts6n8talkrcj4M
modified: 3/8/stats
modified: 9/8/stats
modified: 4/7/stats
modified: 7/b/stats
modified: c/stats
created: e/5/2a0jvb1hctdev05s9sp8rselco1p53sR
modified: 6/7/a31s4s3jsk25k3g98hmg3t5fk26p0roM
created: 8/7/8bds99a2m2c34hsin74ldr2o6qiloukR
created: f/c/0cep9es7j22ua99tljmjimuqfjqi3kkR
modified: 6/9/stats
modified: 7/4/stats
modified: 8/3/stats
modified: 2/a/stats
created: 4/0/42m53qmg01mpggs1pvggkus5kojdep6R
modified: d/5/stats
created: d/0/53f1dlr0lnoti4v4rgl1bpqi0ghcft0R
created: 1/6/b9rnlvs1a1muknj99aqsgq2v6i01qaaR
modified: 6/c/stats
modified: 2/7/edcmerreb6g8sg8pk53sig78476frhkM
modified: 6/stats
modified: e/stats
modified: 3/e/e28tro31hjalj63u8gj7lg7jpkrfn9cM
modified: 2/6/stats
modified: a/e/stats
modified: 7/2/33fljr3q6jq10vib47js6cebbveur38M
created: 7/b/8f75ebitp4n49f0j096mt83suhnmf8eR
modified: 8/f/stats
created: 9/e/ceg1ojg7ataovhdl92juma97qjin9eoR
created: f/7/5eu9d9h27a686iikt69urgkd1cjogtgR
modified: 0/6/stats
modified: d/1/stats
modified: d/2/stats
modified: 9/b/stats
modified: f/2/2ddssrt8iidu2fhj44n887pj1oltpgeR
modified: 5/stats
modified: e/b/8cl654gm8stt1irvvusqr5nda74upv2M
modified: 3/f/ea226h6pqrghafhpqnhhfruj3b5foksM
modified: a/f/stats
modified: 3/0/stats
modified: 9/2/33tg7undqjnir0k2s2rh6qstrajgup4M
modified: 0/8/922o0mv0vf2s0dhke94s3l5tud5og3uR
created: c/d/276hejpg3cup2vt34qqnqr3r4gkv60qR
created: 6/8/c10hvkb5km4krahnahukquh20iuc76aR
modified: 8/5/4504roo8l6s0brebht6sp7q6fj9m2gqM
modified: a/stats
modified: b/4/cf7df5v79ct43p2k6hk764mhlt7sgs6M
modified: f/9/e0ciuf8li238rkgb89f968ph1a4u6omM
modified: e/f/42evudbv9g104e0dmih2t1gc5bq7l50M
created: f/0/c74f88339thb657vhtmhc3r1055vrvmR
modified: d/d/stats
modified: 6/a/stats
created: 0/1/491nnrvvbkahtqvin19jihsrvll8tncR
modified: 2/f/stats
modified: 6/0/9atahm2ve3bd9lbl2mq215h96ei3qriR
modified: 8/5/51buc77m35mdhvjcq49i85474rgjhi0R
modified: 8/6/stats
created: 0/8/a3jst9qj9mhqjrms8k464tdhso44a80R
modified: c/2/61pfe9m6h865gindj42881g2qum3k4cR
created: 0/7/75trumknmibkfjdnn6mgn19vhps1bo8R
modified: 4/2/stats
modified: 7/8/stats
modified: 9/6/stats
modified: 9/a/stats
modified: 9/stats
created: b/7/15afeti5ft6037jcf2nneai4eiib3e6R
modified: e/c/stats
modified: 0/4/1ehev4vmbhcknjdifp1ccfeg58e50noM
modified: 4/0/stats
modified: 7/3/stats
modified: c/8/358aqa96cb4upkt9f76vbktgp4u0sp4R
modified: e/5/82tumrsk9roktlagcvmrsj755455srsM
created: a/8/efi67dlopqvkqt2v3cpg18mcrnrmdb6R
modified: 3/5/stats
modified: 3/7/stats
modified: 6/5/stats
modified: 7/d/stats
modified: c/2/stats
modified: 0/f/d5jkmcagk7l05u2nmcdd21hv7vb8khkM
modified: 7/e/stats
modified: c/3/c8qknbh8a3qjjvnmlmjosnsdteeo6qsM
modified: 8/8/34q7eb4p6rm29d17e9ip508ukskju5oR
modified: 2/5/46m43895oj74eenb6i5vqj85u5pk47cM
modified: 5/7/stats
created: 8/2/98r0vpur165n3o26qcv6msvicd2045uR
modified: f/3/stats
modified: 2/5/c4c8gdlartcb0qt3o0b72lsrr01eptmR
modified: c/1/stats
modified: 5/4/stats
modified: 7/3/fe7dkmtudmtol5lg43o1kmtfkoqqhj6M
modified: f/4/7asfse956oa549a1cpce9r8l691935iR
modified: 2/2/stats
created: 7/1/a5tkqvjv4ubg90k6sm2oarkr84o4u3cR
modified: 1/c/stats
created: 8/1/f6r32urjnk7pc17qmuqgirivl8aurniR
created: 8/8/13sfsei1bibl7917ac8v7u3jl4kg2igR
created: f/8/45qp95tmjvasq0o741pe8o4334ciuvuR
modified: 5/b/22tf8d1do39s6os4cn1t8c3tiekq684M
modified: 9/3/stats
modified: 0/b/stats
modified: 2/d/stats
modified: 3/4/stats
modified: 5/9/stats
modified: f/c/stats
modified: 9/d/stats
created: c/f/76f6sm4gcoemp5afh7erck28s8jp6uqR
modified: e/2/stats
modified: c/4/stats
modified: 2/8/stats
modified: 5/3/69ebliuevj8a6217kmrg07g0ca06fe8R
modified: 5/e/stats
modified: d/6/stats
modified: 3/9/stats
created: 7/0/4cs77j757gl2g964ednse143k74bgmkM
created: 7/9/88aab0cesio64najcsj908dbo0pf9u8R
modified: b/7/stats
modified: 1/6/stats
modified: 8/e/stats
modified: e/1/c2qdo0pofpnl53hfenrmjv9ppb20b22M
modified: 0/f/stats
modified: 2/1/stats
modified: 4/e/stats
modified: 6/f/stats
modified: b/1/stats
modified: b/9/stats
modified: 8/9/132uh6j4ooipq3mvsefp3k2ptb2toueM
modified: 2/4/stats
modified: 5/2/stats
modified: 3/c/stats
modified: 4/c/stats
modified: 5/3/720dm91u2r5s14ck8lc5r0oj1l9idasM
modified: 8/9/stats
modified: b/1/8evn64chbs17m8grh8metq5grjaloboM
modified: 0/5/stats
modified: 3/5/77f7bo5u3ajnmrknif0th84beiff1maM
modified: 5/f/stats
created: 1/7/4eq9t9644sj18r3l821l8ncr3q7rn5sR
modified: 7/4/6di96t9p4d39m1diunkk1ef1s8a75l6M
modified: a/1/stats
modified: c/0/stats
modified: d/stats
created: 8/7/0bbrghiorvhi8ou5rgl24veka7jckr8R
modified: d/c/stats
modified: 8/b/stats
modified: 1/a/stats
modified: 3/b/stats
modified: 5/0/stats
modified: 8/0/4foq4429q1ovhkoailtjnqilgfettrmR
modified: b/2/stats
modified: 4/8/stats
modified: f/5/c2eed4ouc34d98vijkvvk0apjiqveqkM
modified: 2/9/71f2l83hpj08a7tcd2d5e8nurctjmoiR
modified: 7/1/413714meglo1c8bus4hmqt5a5s1ov2sM
created: b/5/f3l4g11705ovpg69cs3du3avo96i0aeR
modified: e/f/stats
modified: 5/5/stats
modified: d/d/cb5ldgsne4itmvjifrjc5gev05nr5uiM
created: 7/8/3b7ech2qbb2k28vpml38hd9mf2bd17eM
modified: 7/a/stats
modified: 8/a/24hb1s4bcqqv63b96a0ml856fg9h6fqR
modified: a/3/stats
modified: a/8/stats
modified: 5/1/7ellcogfj2bcbbvo12ovg3o124fdh1qR
modified: a/8/f5av2n966c8decrpht6deq1fa90g1o8M
created: 1/c/62kn2rq68512trktpitfpeig47nma38R
created: 2/0/88ounbti8vmefhlagsn3g5ckii4aotuR
modified: 1/c/fflcnfakgnunpnu4naujco40f6o57jcM
modified: c/c/stats
created: 0/4/eaqnab6isrg0nb6rshkvi8v0pu4t184R
modified: c/3/edu7d001h8ae985om7kskcresastgvsM
modified: 6/8/bdnk45njabf8ojsr8i5d7j9tt4qfmmqM
modified: 5/6/stats
modified: 6/7/771kjpqotjtk4g1k1g58uih379e484uR
modified: 6/7/b9mmf7i3gb94a2hokos90sjeokml3tiM
modified: c/8/c4rn763ov3ijjhc1pumklgb0jkjg55cM
modified: f/4/efqdbf7sdl5tke2341hqi6rn2chth9mR
modified: 3/d/stats
modified: 8/stats
modified: f/5/e5kge9tr5nds2gdr0g96nti3kerepmcM
modified: 3/4/c2sg2rhpd7ejkug8oan4vg61br9j7r8M
modified: 9/0/fecp19eqmr87up3tggleqhvghqunbh8M
modified: 8/2/stats
modified: d/9/6eqg56smcotl9j44vct3p16g2bancb8M
modified: 6/e/stats
modified: 9/1/stats
created: 7/1/e51gervo3utfdhqeauf4lq67gjamvskM
modified: c/9/stats
modified: d/8/stats
modified: c/7/stats
modified: d/b/stats
created: 1/3/f0c6pc84ee335nkvoo5h36h336ho3b8R
modified: 5/3/stats
created: 7/b/afnip96e2r9hm5gp8a4cdjhb7c8pqfcM
modified: 8/7/19rbm1tl4csqlnth0u98miaqem24q3aM
modified: a/b/stats
modified: 3/a/7537e765ei3op5v1ts5u4b2ng33v294R
created: 7/7/31omulr5vuvhgp61t2o5q40i213q6s0M
modified: 1/8/stats
modified: 5/2/9bog2ghmhjo38qt1u51q7257ja2ktfmM
created: 7/7/52pfik2ivbnfp0jpn9asbeein3ott4uR
modified: b/a/b9gvrl15etqglh31qvuem85a50bae30M
modified: 6/4/stats
created: 7/d/e5cujun1bft9mhulm15h652i5q003tqM
modified: c/f/stats
modified: d/9/33qs42dqfu94atgqupc6rihd83aj87uM
modified: f/1/stats
created: 7/0/66rm8c468or077n0rempkbjqkoct6ecM
modified: f/9/da9d987nngsfrfp9n1ejn9h64dvdgqoR
modified: 6/4/b2rdep67tqci89ie2oumc5hoc9algnqR
modified: d/a/stats
modified: f/5/34pnui9d7v15i05ben1ptfqmk307k3uM
modified: b/8/stats
modified: c/c/d03khsin8j6hn8ik97ij1bbuc76qdlkR
modified: f/9/stats
modified: 5/8/stats
modified: e/1/stats
created: 3/1/62jll5uipfqalaf0mfsjus1ddoh699iR
modified: 6/d/stats
created: 6/f/8eo8poml54qv4d25n21skeeaoh08mtsR
modified: 3/a/60o99kdh5jmmcoas2ue82l83fcd5mo4M
created: 0/7/b5dpaq42kfujjairvgmrdqoghjt8tnoM
created: b/a/1f21ae7acpn06ds2g15qpu7k1rpkr04M
modified: e/7/stats
modified: 1/d/stats
modified: 0/a/stats
modified: 7/a/67mbjfvjvetrrgnquciu6enusf96famM
created: c/e/b4qf0iteu8ef9gbutoer6bt4jlh3knoR
modified: 3/2/stats
modified: 1/6/84no0lgv0hraubekh0qhqule2e097oiM
created: 4/f/214kl4d6s60bvqrv275pi9lb6v72bqqR
created: 0/9/280douo9lacqqud0v0m53re1nkh57pqR
modified: 2/3/9a0fv4sbag0ohk3304e28mj83jk3v3iR
modified: 6/7/stats
created: 4/0/d2ii5a7p1fd0pmg90q5qf7bmf6ji2j4R
modified: 7/4/15b27fre2cso8kbbeddb069d7t227s2R
modified: f/6/stats
modified: 0/c/stats
modified: 2/3/stats
modified: 4/4/stats
modified: 5/6/81rg033p7c8s3bvugnln96aseiiuj4sR
modified: 5/a/stats
modified: c/6/d5ikn4ad6s4f9ro9c3hr6jeh51klvr6R
modified: a/a/stats
modified: e/6/stats
modified: f/a/19jemk818d2vr7h3r03u2p7f1pe53eiM
modified: 9/3/faqlja5lsp51kl90fo4mta0i0emc7ocM
modified: 7/7/stats
modified: c/5/51a59gmp3iq11ejgs4kdoj1bqk90tj4R
modified: 7/9/stats
modified: e/3/ecvhegsra12lkmu8o713erqd6n120a2M
modified: f/0/stats
modified: 7/f/stats
modified: c/b/stats
modified: 4/6/stats
modified: 8/4/a2e0jk0mlhnr38df8ntn2mvfck5a9bsR
modified: f/stats
modified: 1/3/stats
modified: 2/5/ef867ptdeed8uir80u857nquorn47jsR
modified: 5/6/958k7e7q86m6utghtf4n37d33673e5mR
created: 7/c/bfmhm4t968c2tjfsr4jjotgt9s03gh2R
modified: 5/b/stats
modified: 5/c/stats
modified: 1/7/stats
modified: e/9/stats
modified: f/f/stats
modified: 8/7/35j4qpbj0jau2mp29hnichmfo6b6j9sM
modified: 0/2/d36a8l55c4f3g9vbg99rvhpa3oovhs2R
modified: 1/5/stats
created: a/e/7c527vqq45ieqelqkaa2hg98phsrbu6R
modified: c/e/stats
modified: 8/a/82qg6h8bkujj9kva98alvq0f1qrj04gM
modified: a/5/stats
modified: 8/0/27ivgt2lhrj48tthtneau22m6csda48M
modified: 8/0/stats
modified: 9/c/stats
modified: a/2/stats
created: 5/4/fdifh87l1kviniifjrn1ag99et78dtcR
modified: a/4/stats
modified: f/4/67pminkq3e453gs5b1u6k9cdesd3j1qM
modified: 9/0/stats
modified: 6/3/stats
modified: e/b/stats
modified: 4/1/stats
modified: 2/b/stats
modified: 9/f/3508vl3ql04527gdeb3c6ea8u974hcaM
modified: 2/1/66dupd22gf498jjs3o3a6u959ros5kqM
created: 5/a/bdgmb1kl0bieohus0hg9ap12bbfaqt6R
created: 5/c/d1qp8mubct56k02ctud8ilrj7qcodtiR
modified: 9/f/stats
created: c/6/9avq3tna22494bn61foviddf31ls5kqR
modified: b/e/stats
created: 3/5/495o9rdlro20bm73hbq3lk7qpqrp18oR
modified: 6/1/b36iarqimvd767medfivdmbsepnmd4mM
modified: 8/c/stats
modified: 9/1/6eibcs1i64ufg50fua4enh0csgequ0uR
modified: d/e/stats
modified: 3/c/4bseoc5m5s8luqogr7fug42ndemavnaR
modified: 3/9/345957fjgn50k7ko6p06s82vqs0ut3uR
modified: 6/2/8d9nvlcckkml5m2fhd08pn469kf75q4M
modified: 6/2/stats
created: 6/e/fbikf6acc81ndt3he21afkdmcvlpskaR
modified: f/2/03d52tnc4aks4cjkoarmem66lmecmo4R
modified: 3/8/afhr8vbibkl64ef9ad8h6cg7orud02sM
modified: 5/1/stats
modified: e/6/5crg47ghr3sv8k3haau864bud3no4c2M
modified: 4/stats
modified: b/c/stats
modified: c/b/26fpl0qorumotq1k5rroe1rc5nn3p4oR
modified: f/4/stats
modified: 2/0/stats
modified: 3/3/bde23u0ftt1uet191rotv38auqv2heiM
modified: 7/3/254oivrhhj432nbif7jcqk7j2m9a4q0R
modified: 7/9/d9n8f74odu6ktkcvcukuaku62hs0tloM
modified: b/a/stats
created: 1/3/10dvprt0pppaqmnbadlrkdmp6cgu0rqR
modified: 1/f/stats
created: b/4/11bokb9fr8g6fp5gk7amf1mdrkgo4gsR
created: f/f/1e337r380ifkl0d8qofdap482vpqh6aR
modified: 2/c/e4gslqu903ubstpcof5d2hlmhlh1ca6M
modified: 4/2/09082g9sg9lkgq59ajfkdve9ue8oivkM
modified: c/a/43hgkb4ukhf07b6e57m34n0ajvkc2kgM
modified: e/3/stats
modified: 6/f/537lrkordgjagla4i4r06miiddoj91iM
modified: 3/0/e1tqkpb8eto2n90mbc41is267lcql7sR
modified: 3/6/stats
modified: 3/stats
modified: 6/8/stats
created: c/9/9c83qmg7u870thfv4ic09bilbk5u1foR
created: f/5/10qp5l51ittijqcaccl60nk6sodia1cR
modified: 6/a/c0nnlk8ir3d4qp55hje4vs405q3vesqR
modified: 7/1/13rlkm8e8svggmj2o8qf7l8g9s7d820M
modified: 9/2/stats
modified: 1/stats
modified: 3/9/32oood8t07mnmbc5vtaegb030ef1b4qM
modified: 7/c/stats
modified: 3/3/stats
modified: 6/0/stats
modified: 9/9/stats
modified: f/2/stats
modified: 0/4/stats
modified: 0/a/b0avacb9jao1jhc7nko9qsc1astktbcR
modified: 2/7/stats
modified: 6/2/680t2ag2k87g4htmdi4tetis347vkhoR
created: 0/8/15mfcrbd2diaju05ml57n0mcpc73mcqR
modified: f/a/b4d4oqhm6flpalkderckt9nncj5f6vsM
modified: f/8/stats
modified: 4/b/stats
modified: 7/0/stats
modified: 3/7/6558l4kptj5mclj0rtc8mg15u1ogascM
modified: 6/5/c7vfq0rhaf8brtqr3gcocp8k3dpsvfmR
modified: 0/0/60oa89a3mj25biekhmn49742g5hr6guR
modified: 8/3/3aoraej3p4kq9u9d2h0dj7aotgqjfhgM
modified: 0/3/stats
created: 7/8/7ard3qfq31i1cuiq0am79n6ht5jm3pkR
modified: 1/b/stats
modified: 2/e/stats
modified: 4/a/stats
modified: c/a/stats
modified: 2/3/8ffjvpe9i00fnakrndck7m81thb6bh8M
modified: a/0/stats
modified: c/3/stats
created: f/3/45lj4n9ek8punp36jkv4948d9sprm7sR
modified: 2/stats
modified: 9/1/ebla1ubqt29v24gqda4n3agirer4te6R
modified: a/7/stats
modified: e/5/stats
modified: 3/f/stats
modified: b/f/stats
modified: 6/3/2220n88m8uqoa1qb17mu2d2es6b08r8M
modified: 8/5/stats
modified: 8/a/stats
modified: f/e/stats
modified: 0/e/stats
modified: c/6/c1f1ev5fpqgtpi6aleu1jhjeac2vujcR
modified: d/7/stats
created: 8/3/c5tvpa72r23a4d7dqeogj89rvp8ll96R
modified: 1/9/stats
modified: 1/0/stats
modified: 2/6/9au9okc5l10ugnmp290edljshig6fl4M
modified: 4/4/5dkeqr1on9uilkflpmp3en2cd99h9s8M
modified: 4/9/a60c1gn947p0fvm4p2f2s1pj2sn8j8iM
modified: c/6/stats
modified: 6/7/49v8hgcpbm7bk6ogj5s60r8ks9rrc5oR
modified: 8/1/d8sjl424pmf1avcko90dnq4mtufa8dgM
modified: 8/5/046v96j7ueq2se10ifi4im82tqbbnumR
created: 0/5/66slpl9rn1orlgi9mhbg65ls3tipt34R
modified: 9/e/stats
modified: b/d/stats
modified: b/b/stats
modified: d/3/stats
modified: 3/5/52put8i53sv3n9f0okgjojtrdgges7sM
modified: 4/f/stats
modified: a/d/stats
modified: 0/2/stats
modified: 0/d/stats
modified: 3/0/a1snialna0kpa2e0nsrtdjob5i2c17iR
modified: c/8/stats
modified: 9/5/stats
modified: 1/1/stats
created: 8/8/3122atu2h8iledcqktfohgapj8qfkfcR
modified: f/2/5a2vtc1uh6638j191p7f37be1nacgqgM
created: 3/2/9b6gdifk9d14ehvg5bvgvcp2ojbhcbiR
modified: 4/3/stats
modified: 7/5/stats
modified: e/8/stats
modified: 8/d/stats
modified: e/a/stats
modified: 0/7/stats
modified: f/6/b953jvn6qtq2e3eeefgs53lb5gg6c5eM
modified: 6/7/5fbg0kr15nlplpilj27pl642sspc6jmR
created: c/7/0cb83tqv5udu6omkemqi05khlpf3gioR
modified: 9/4/094lh6ehc2toeubp2ctuev5fbl4rv8sM
modified: e/0/stats
modified: 8/5/abbu1squ6dtaakagt73mjkpkcdkjc8qM
modified: 9/0/feso5sovv6hv2tkn1uovgbv25p4e3ouM
modified: b/6/stats
modified: f/d/stats
modified: 2/3/ealco9fqf10um4nrcqbkhqqoa8uq58uM
modified: 7/a/3a81qvu0n4ob6m4b4agple27f934mf6M
modified: f/4/1cvv8suld4sk818vmeep3hutfkg9olmM
modified: 1/2/stats
modified: 3/e/stats
modified: e/d/stats
modified: f/d/6dckpqt6cn48gbett994ipcs8diepu4R
created: f/e/06hhb25epkv9lt7kh2kb8fa8sekql3uR
modified: 4/5/stats
modified: 4/d/stats
modified: 0/8/stats
created: c/1/b5g9ltb4uksh580s2781vorjamk3lv6R
modified: d/f/stats
modified: f/8/476bk6pceg1tu1s3prn3rm0trhfo3qaM
created: 7/c/d6urfmr2spuiur5qe8sbccfainr3uj4R
modified: 0/9/f760v73clcprle84eh0a9momp5tf5gaM
modified: 5/4/8c02u53fcb6ch9rfsgstragjcp6b2dgM
created: 7/0/b8hjmpktn0pf9698on1hqc7r8qntr7sM
modified: d/5/100sjv3k1dtput53fnhla5v7bg81ocuM
modified: f/a/stats
created: 4/5/46c4k0m9qupg4vlf3s5cgo9hdh7ietoR
modified: a/f/05kf9ta6in45hghohd01qiicbh5orieM
modified: c/d/stats
created: d/9/d9bl1vep2p0h8opjc5qpij8t2oi0secR
modified: 2/9/stats
modified: 1/4/180qb51cjgb3e82ruias448od30fib8M
modified: a/9/stats
modified: 6/6/stats
created: a/4/890ipj5qu87gpc78ukg7bcv4hcjcedmR
modified: f/7/e0kq1qfn4gm0c2sefpus2lusohkbftkM
modified: 5/3/91dop55mv8rs61hfrcf5enru204auk8M
modified: e/a/62dt6jc18931h9ntpuh5481atpfguskM
modified: 3/7/datte3bru7mducf2tepm58o142pks70R
modified: 8/0/b3heim0da0u5hqtd6juv7crhma30vd4R
modified: b/0/stats
modified: b/3/stats
modified: 0/stats
created: 1/8/10ern34bgtdhtjk952rgjo5q6tg6290M
modified: 2/c/stats
modified: 3/7/c1c6anhq8bdpgkccc5rmhubkrnqdd54M
modified: 8/9/c8stk2vlskqq8klbp0pekn53q37363sM
modified: 3/8/a2kcaqlnvvb4542v77no5eeltk13l74R
modified: 5/d/01ljuahgr5lrdnie2c5ce01leal07rgM
modified: 9/4/stats
modified: b/5/stats
created: e/8/0dmkeh4i7r9rm8404ud0q72vbk48casR
modified: 2/5/stats
modified: 7/2/f0hkke9kuufaq9qvr11q9utv6unv6hsM
modified: c/5/stats
modified: 9/5/4c3dq7jsfk2u0eduh11itp029oaob9kR
modified: c/2/b5qibr4740iapg9h1iv8osgfvimu086R
modified: d/0/stats
modified: 6/1/650573assqrl98eg904pmol2fvtrckmR
modified: 7/2/stats
modified: e/4/stats
deleted: 0/6/071bcjj03aq94gdl0ut2271gg17781oR
deleted: f/f/bb5rlsu221ql3pa4goqs4n284phh6umM
deleted: 5/5/f8tgvl99bgm5mqimro62lnamb8jq5r8M
deleted: c/e/564ck7vapsk91q9ummq5r10fc91idngR
deleted: 3/8/099v5k7jt9q38tb9reb6tr5ma1ge0tsR
deleted: 6/4/2503rqv6me158ntojvd2sepkqv03r94R
deleted: 5/a/aaliim609vhs44bbp2nl0a80k80nlnoR
deleted: 8/0/ffit16f40vkq9rnb1lc6ase1mjgna0mR
deleted: 8/e/e2tgk0nbjq53vbebaq0qokeoanrtacsR
deleted: c/f/d5nefg9tg1e3i1si98atpa5ofc76jp2R
deleted: f/9/e596ccopekqqa3jvbukah41v4ngo38qM
deleted: 2/4/85n09gkvute23m27hotge0ske4cdfveR
deleted: 7/9/77len829h5qvh5t6m5fhkqsdgser9muR
deleted: 8/b/ecvifa6o7j581ouhs57lsbqgejsu808R
deleted: c/5/7a5qpgn259cggfjqr7vmf9a8rqp21s4M
deleted: 5/7/e9vf8imkunfusloreuoker9ptads7ngR
deleted: 2/7/12fj4gmf1jdrle2qjrce065t723jkkcR
deleted: 9/3/fan8i619jn2qmkq394p6637amcs7uj4R
deleted: c/d/f3jroladu9bv0au073egnj632v10bp8R
deleted: f/b/58j71pi4lt6hd4d9rvuf7ghf2cio6h8R
deleted: 7/6/9eg7s7pibnkn1t92rmssr626cck5rtgR
deleted: c/9/2f1osicko1207vafq8itcrgudc0rjjqR
deleted: c/6/c1g8ai32begg2650v5l0qqd11434vqiR
deleted: 7/b/43t536hqkqeq65jna16q8oo11ti36qiR
deleted: f/d/edt2mvtnlghqbqu4q3ttb9s1s3if7mkR
deleted: 2/6/aeoetm5atf0r80lk03t23bdi7ab2hfkR
deleted: 0/a/a4e3tq3om9cev2sb7aeo2om2meo0j3kR
deleted: 8/e/b0el2heigluc2nv8k473quo66gbc768R
deleted: c/e/b3pf94ejh9o575csfo8k938t8mnpj5uR
deleted: f/d/6cao4j6m4mlp5j2jvgogssm1cllvo6gR
deleted: 8/3/76f5r8cq994adnhlrhard4ev3tfku3aR
deleted: c/c/c49c87gkbc9hc2n0odhog4v45ko6bfaR
deleted: 8/f/e6odf7n27jh7f67pjr8c8sduq7pesgaR
deleted: c/c/db28damfmf572dl30gqp83i0du9g99aR
deleted: 3/4/28hincbqvg8ddmojtlo24318knla17sR
deleted: c/1/a380o7keu0bdovgnosp0tq9t442p8rkM
deleted: c/e/58sajlpv9smkp31v3mjqhe1kk46h1tqR
deleted: f/4/11c47s7lvhus7qskkp2bn5nvcue076cR
deleted: 2/9/71kn1cj4tpo4fu536bbn3it6odvkgtoR
deleted: 2/2/c0kjsf1o7tf6mqd2a5a4thu4jlk6upgR
deleted: 8/f/ee5un64nc936m5vhqu8mv38kghredvoR
deleted: c/e/039s1epv5am20q0nf6h7fvglvl3act4R
deleted: c/6/915gn6jfmuoca7sukg9n4tt4bpco4p8R
deleted: c/e/1bdn5advog1u1m5l91gmsloupf6ivvmR
deleted: 9/4/8bskelp6asvf4k3qikq88am3mqme58gR
deleted: 9/0/6elnoscocl6mutqbah5lsajq6qgnccgR
deleted: 5/6/c3n276i2p8s90js5khmlk388iqlq7e4R
deleted: 8/a/34jhdfl69jdr98jlaph6gbeeh3qi6bsR
deleted: 2/0/86rgvn0erupu140mjkagalvgvs2ntlmR
deleted: 5/9/be3tqtjuadfrlkntducvf3pm27la6qiR
deleted: 9/4/28bj6jicihuheacsgk55vnmav03bs5sR
deleted: 2/5/30b6s5un8auo9s9h5d7c9cau82p1te4R
deleted: 8/8/961me3cla1dehimntleh566f8a2uiumR
deleted: c/0/6e2140mptoiipm2fudmrmaea5maa3qaR
deleted: 7/4/2eb6javi2smjcea0gdjq2s60o656kmmR
deleted: 8/a/9fguah11s3okm5ci4uin4rji38r2584R
deleted: 2/8/1eoe9pf9nlvur3q10hfomi435lumvegR
deleted: c/c/49o2r36kqkat8npqg6t4akgvi2attg8R
deleted: c/c/47demlqh5uf2h7aqhh2gr6q5k4vtrs0R
deleted: 2/4/f3prmavi5i5oscmhc2o2gmakri90edmR
deleted: 0/3/bcdehu8ubqhrp20opgq03vopl6h32r8R
deleted: 5/7/61njgmfiku4o1sjdv0nidn8gk2rh86iR
deleted: 8/7/e1ab5qfb4687bl8cs4ncdidb0ec29nkR
deleted: 8/c/16ei70slm7lddh6anv4ob1kn119veseR
deleted: f/d/a4u233k8vl5283d7qckhgodi24fhk2cR
deleted: c/5/330r83nm0tfk76g8u5pv5lgmplchrtgM
deleted: 0/6/3cspovkinbqhfuq3g8qva1e0h5ddqcgM
deleted: 2/6/deg73t3kj0cn3lp0bco0ohno6m4sqo6R
deleted: c/e/528shk6a5bdtl3b29nqu9t6l35lpe4gR
deleted: c/f/313vk1u54ms92c3hf03aisu1ao5heo4R
deleted: 3/0/173i106771thc9ahk5e206pu6b5s2n2R
deleted: f/e/95o1op0edg1n9pc9361hcqhj43khfioR
deleted: 8/e/7abkbah6pj9fb65893p9g075pt79a4qR
deleted: 5/a/64njvgfde693aklraja054gn63bbje0R
deleted: 2/0/fbpsn9svvl9ul4abckqia9prs9pvbmeM
deleted: c/d/2adqqsbdjii35omiqa868iscf7iavdsR
deleted: f/c/43i0jdvti120onmsdltisapr9hcn03oR
deleted: 0/c/34opj0bpqdpaq4rs6ei7tvnos5v1hpsR
deleted: c/b/9bjc0qefsar6bqhpkml7vg8hpe31rsgR
deleted: 3/9/fdf06leauesrr6abl25222qnqgm5hc2R
deleted: f/6/cdsdjrbkgcf3snoqeoq50rj962joa0sR
deleted: c/e/5dt7bu82apbpiuaam96mum3u9nbbf3sR
deleted: c/f/d6rm9q8ggdn1119k5o4hstbie8oueouR
deleted: 5/5/16uq4k480vqbb5r56qjs7ssvqvcaboeR
deleted: c/d/7bbg3bsuuohc6srouglfa77pcctdaa0R
deleted: 7/8/10ajioguegejbdhmoig3kdb7d03rscuR
deleted: f/c/82gdtd94jb5pb4041fd5eqbbdcqltpkR
deleted: 3/8/94n68indif57h0kq5f7d4b11ded9kckM
deleted: 8/c/ffvnm9omc2p0lj9kg6p6bhtl1ehe9fqR
deleted: 2/8/c64jg7acj87d2u6ne303asc9tngjfpiR
deleted: f/d/60ut6u72ouvur4sc1v30oibkd1v9btgM
deleted: c/1/f75u87ik6vp97g4r11m59q9a767a7voR
deleted: f/9/98d0hi4f9nb127dm8dkuqfd5j0gno24R
deleted: 0/3/92dpp3gnlgvk7lndbjni5k54a08qo5qM
deleted: c/f/af9uubi0eiptretmqjeliqjgu735ssqR
deleted: 8/a/f8laal2263f20nmvoh8i26j2sqidjmiR
deleted: 3/b/7037knhtvvqhs4bpjdro5f9ml6efge6R
deleted: f/d/01cmoknb8qoves1r0tt5ngd5qcs4mimR
deleted: 8/a/a861vesnaj1vqje82str307t2ltl3iuR
deleted: c/c/3bf2dmsn7ol6jb3d5licj5kapoa5ussR
deleted: 5/6/dbqfml40q252f0bvhj8gca4mqa3f4u6R
deleted: 5/5/efts6rabqkra4hh91qllb5l68febml8M
deleted: 9/3/66fhomng8gko603gnfpsuv5462s25fmR
deleted: c/c/c3f92dmn1ph9meekj9pmk2lhj8v23ekR
deleted: f/1/28pm5ku08jios9k5k3nsaete3i2lqm8R
deleted: 0/2/2b9gd43id5tlf2dhe7i99johts4l3asR
deleted: 2/7/73mf7iver133mjs9bct83nn72rqsujoM
deleted: 5/9/3eskf834h7gcqonl6d23f2upn7os0juR
deleted: 7/b/ae45ssfsattbpf1gjnp8mvar5l58gesR
deleted: c/f/40hpqf5m0jme1npebhqr5aeh5lon0bkR
deleted: f/9/61nufjf3o1ab4udc27imt6320bnkcciR
deleted: 0/7/9b5dbr2q5285e91dv45r0gjlmi0jgjcR
deleted: c/d/1eq3blllu8dm2iktqfsncmjt7s43j2cR
deleted: 8/f/e708ngskjh37gtf85n5937pn230i7jiM
deleted: c/e/04ol9rbcej0csb8ugnur73hcj4r06s4M
ccache cache size is 163Mb.
Uploading cache ccache...