SHA for cache folders (/tmp/ccache_dir) is '8a9b2ea5b26248accd3820bed710904301ad1b7c434c5d1ad9b3daa5993a7abd'
Cache ccache has changed!
List of changes for cache folders (/tmp/ccache_dir):
modified: 9/stats
modified: b/stats
modified: a/stats
created: 3/9/6266e57403e897db1be761b625cf31-1803979.o
modified: 5/stats
modified: 0/8/0fffca941ca6e39bc05da7b5d29b00-5163.manifest
modified: f/stats
modified: 7/stats
modified: 1/stats
modified: 4/stats
modified: e/stats
modified: 6/stats
modified: c/stats
modified: 8/stats
modified: d/stats
modified: 0/stats
modified: 2/stats
modified: 3/stats
ccache cache size is 390Mb.
Uploading cache ccache...