SHA for cache folders (C:\Users\ContainerAdministrator\AppData\Local\ccache) is '695d5acdaebcda8fcd54f473c578ee06eb310d2d5819df7ea12c994e6435f9a4'
Cache ccache has changed!
List of changes for cache folders (C:\Users\ContainerAdministrator\AppData\Local\ccache):
modified: e\c\stats
modified: 2\8\stats
modified: f\7\stats
modified: 8\8\stats
modified: a\6\c4qpein3irmpouc5ocbpbe4dv6bb628R
modified: 7\6\stats
modified: a\2\stats
modified: 7\4\stats
modified: 6\d\stats
modified: 0\b\stats
modified: 2\c\stats
modified: 7\0\stats
modified: 0\8\stats
created: 0\2\82r903igf4mnihl01r4guteplmf9sjiM
modified: 6\6\stats
modified: e\6\stats
modified: 1\8\stats
modified: 6\7\stats
modified: 8\0\stats
modified: b\stats
modified: d\7\stats
modified: 6\c\stats
modified: 4\0\stats
modified: 9\a\stats
modified: a\5\stats
modified: 9\5\stats
modified: e\stats
modified: 5\e\stats
modified: 3\2\stats
modified: 6\a\stats
modified: 9\4\stats
modified: 3\e\stats
modified: 8\c\stats
modified: c\c\stats
modified: 7\8\stats
modified: 4\b\stats
modified: 8\b\stats
modified: 1\2\stats
modified: d\5\stats
modified: 1\e\stats
modified: 4\6\stats
modified: 5\2\45h1c5s1rkrickt88vq8p2mfk9r49meR
modified: 0\0\stats
modified: 1\4\stats
modified: 3\1\stats
modified: 4\3\stats
modified: 7\b\stats
modified: c\4\stats
modified: d\3\stats
modified: b\a\stats
modified: d\2\stats
modified: 6\f\stats
modified: 5\7\88ab9jg7messgjkti3mebke0e3m5m62R
modified: 5\b\stats
modified: 4\9\stats
modified: 9\d\stats
modified: a\b\stats
modified: 0\e\stats
modified: c\a\stats
modified: 5\6\81fv7ibmd642nma12fmp0c3fem497ekM
modified: 3\6\stats
modified: 0\stats
modified: f\1\stats
modified: 3\a\stats
modified: a\1\stats
modified: 5\6\72du6lde33qhuvli8ktqmme88bg0rjiR
modified: 5\0\stats
modified: e\a\stats
modified: 7\d\stats
modified: 3\f\stats
modified: 2\1\stats
modified: b\2\stats
modified: 0\9\stats
modified: 6\stats
modified: f\5\stats
modified: 0\f\stats
modified: c\6\stats
modified: 1\3\stats
modified: 1\9\stats
modified: c\1\stats
modified: c\9\stats
modified: 9\7\stats
modified: 6\0\stats
modified: f\d\stats
modified: 1\0\stats
modified: e\1\stats
modified: c\2\stats
modified: 2\e\stats
modified: 4\d\stats
modified: 5\7\stats
modified: d\9\stats
modified: 0\d\stats
modified: b\e\stats
modified: c\0\stats
modified: 6\8\stats
modified: 5\c\stats
modified: b\8\stats
modified: 8\7\stats
modified: f\0\stats
modified: 2\2\stats
modified: 5\4\19g900aj0sq6kmc5a5roqvqdjaiq6msM
modified: 9\2\stats
modified: e\f\stats
modified: d\e\stats
modified: c\d\stats
modified: d\stats
modified: d\4\stats
modified: 2\0\stats
modified: d\b\stats
modified: 3\9\stats
modified: 9\1\stats
modified: f\6\stats
modified: 5\4\stats
modified: 4\2\stats
modified: f\b\stats
modified: 0\4\stats
modified: 6\9\stats
modified: c\f\stats
modified: 5\d\stats
modified: b\f\stats
modified: 5\7\90rq5e5nev048ellm7ehfhsdco4v2siR
modified: 6\4\stats
modified: c\8\stats
modified: 5\a\stats
modified: 3\c\stats
modified: a\f\stats
modified: e\9\stats
modified: 0\6\4egquk5oaics253b22ucibo599949ccR
modified: e\2\stats
modified: 5\1\1amdrlp8lq47fabe7oc7nkhurdb3ob6R
modified: 3\0\stats
modified: 4\5\stats
modified: 5\5\ad14kn09ih118lu04jklr7q5f0234qkR
modified: b\4\stats
modified: 6\b\stats
modified: e\3\stats
modified: 6\2\stats
modified: d\d\stats
modified: 5\5\9ej9kt83930ctd3gsr7n4palh665ncuR
modified: a\6\stats
modified: 7\7\stats
modified: 4\c\stats
modified: 0\a\stats
modified: 9\8\stats
modified: 0\7\stats
modified: 7\f\stats
modified: 5\5\6fqjnil3j6febncugvscktc6cic4e7gR
modified: c\7\stats
modified: 2\5\stats
modified: 8\a\stats
modified: 4\e\stats
modified: b\9\stats
modified: d\f\stats
modified: e\5\stats
modified: 9\f\stats
modified: 7\9\stats
modified: 4\8\stats
modified: 4\stats
modified: f\4\stats
modified: b\d\stats
modified: 5\5\2015260ad1tn0vfds17sdamlll9iak2M
modified: 1\1\stats
modified: f\stats
modified: e\0\stats
modified: 8\5\stats
modified: 9\e\stats
modified: 9\6\stats
modified: 6\5\stats
modified: a\0\stats
modified: a\c\stats
modified: a\stats
modified: 5\f\stats
modified: 8\1\stats
modified: 3\3\stats
modified: b\c\stats
modified: d\a\stats
modified: 1\5\stats
modified: 4\4\stats
modified: b\1\stats
modified: 0\1\stats
modified: 8\e\stats
modified: 8\2\stats
modified: e\d\stats
modified: 9\b\stats
modified: 7\1\stats
modified: a\4\stats
modified: e\e\stats
modified: 8\6\stats
modified: 4\7\stats
modified: 2\f\stats
modified: 5\2\stats
modified: a\3\stats
modified: 1\d\stats
modified: d\c\stats
modified: 3\7\stats
modified: 5\stats
modified: 3\stats
modified: 2\7\stats
modified: a\a\stats
modified: 9\c\stats
modified: e\8\stats
modified: 0\6\stats
modified: 8\3\stats
modified: 8\d\stats
modified: 6\1\stats
modified: 1\b\stats
modified: 5\6\stats
modified: f\8\stats
modified: f\e\stats
modified: d\0\stats
modified: d\1\stats
modified: 2\9\stats
modified: e\7\stats
modified: 5\7\08phjgqdgv6i1o38kuf47vv5so5mdl6R
modified: a\8\stats
modified: 7\2\stats
modified: 4\1\stats
modified: 5\0\e6fpjjuqrdun8rm6br7d5k2lc2h7tvoR
modified: e\b\stats
modified: 0\5\stats
modified: f\3\stats
modified: 5\3\stats
created: 5\9\6ckn0b2rivorfvsvtf1ofvkhrqfu2o4R
modified: f\a\stats
modified: 8\4\stats
modified: 2\stats
modified: b\0\stats
modified: a\7\stats
modified: a\e\stats
modified: b\7\stats
modified: 9\stats
modified: f\9\stats
modified: b\6\stats
modified: a\d\stats
modified: f\f\stats
modified: 1\6\stats
modified: 1\c\stats
modified: d\8\stats
modified: e\4\stats
modified: 1\7\stats
modified: 2\d\stats
modified: 1\f\stats
modified: 2\4\stats
modified: 2\b\stats
modified: 8\stats
modified: 9\3\stats
modified: 7\a\stats
modified: 5\2\8fpvmqubel19s055r851pbrkvptbanuM
modified: 7\stats
modified: 8\f\stats
modified: 7\c\stats
created: 6\b\66uc131ot1ikvkjphom97jmjsdhq782R
modified: 5\1\stats
modified: 5\0\9c95cfkrkii4t46frgvfrm5hi16p802M
modified: 7\5\stats
modified: c\stats
modified: 5\1\325kjeltgofmp8mvojicsr1plo5t0b0R
modified: 5\7\2e3usvu75gnm14lqjbijq5qu1nrplnqM
created: b\6\3308d831qi7vm09pj3rn9a72s40nq0eM
modified: f\c\stats
modified: 0\2\stats
modified: 1\a\stats
modified: 6\3\stats
modified: b\3\stats
modified: 2\6\stats
modified: 6\e\stats
modified: 5\8\stats
modified: 9\0\stats
modified: 3\8\stats
modified: 0\c\stats
modified: 4\a\stats
modified: 9\9\stats
modified: 2\3\stats
modified: 0\3\stats
modified: c\5\stats
modified: 5\0\d9hqja742g0769usc1euvfoih8jf57aR
modified: 7\e\stats
modified: 2\a\stats
modified: 5\9\stats
modified: b\b\stats
modified: 8\9\stats
modified: 7\3\stats
modified: d\6\stats
modified: f\2\stats
modified: b\5\stats
modified: 3\d\stats
modified: 1\stats
modified: c\3\stats
modified: 4\f\stats
modified: a\9\stats
modified: c\b\stats
modified: 3\4\stats
modified: 3\5\stats
modified: c\e\stats
modified: 5\5\stats
modified: 3\b\stats
deleted: 5\e\2320q1eou8nq7vcdi801jul0i6h45eqM
deleted: 5\5\f9s25pelrfhsiu49oghttvlmghbqfecR
deleted: 5\f\8drp968d8vbor1j2fhvjj9a1chau788R
deleted: 5\c\c7plv6nnlthj7loocfav274j8cem72qR
deleted: 5\e\6d5peg1dluajgo7786pmko6grcqpb4oR
deleted: 5\f\f4c6v5b4bkk49rch60dhpfkc7iuth5uR
deleted: 5\f\cc98p3ilestusfe68e66r0jnsocjoo0R
deleted: 5\8\550j6qh583d25f3kfth1vep9li2fbc6R
deleted: 5\e\867jpg7h6kbkbneeqtsepi8p8atv5t8R
deleted: 5\e\e5iulh54njg3hc9he2furpr4aq81cdkR
deleted: 5\f\3d8cin2gg83q04tsm6tgnve64va0loqR
deleted: 5\f\39hvu1oulko43b6fmja9q5ant58glmsR
deleted: 5\e\eeon5tbrp3t9mjjvf22tpciiscpnhv8R
deleted: 5\4\f8nkv2ehr9bo84gpgiirgrqgpne6ac6R
deleted: 5\a\1ehok0jqcneevpgshdgm4k0l4lbrss8M
deleted: 5\f\248k0ugjmdpo8tk4a49k4ptma1li9qeR
deleted: 5\f\a9g8b9311j1vkqdbqf7aoc8blkdcqo6M
deleted: 5\e\7263dt9kthuaj0pqf2n76trag3ni0caR
deleted: 5\e\d5ccka63u7a5fbl92mkge4nhv2je96kR
deleted: 5\d\0fls5p98g5de0q8rj6s29vrgl4s1qa6M
ccache cache size is 169Mb.
Uploading cache ccache...