SHA for cache folders (/tmp/ccache_dir) is 'a5ba3cb7d3a9794eac92338ef59cf7b54a1391e6b11d4fae449cc9c27fe604b8'
Cache ccache has changed!
List of changes for cache folders (/tmp/ccache_dir):
modified: e/stats
modified: 4/stats
modified: a/5/21bf02ca373ca598768c33b862b347-30961.manifest
modified: 5/6/c93deaac4c37f3d2802df637f928a3-4997.manifest
modified: 0/stats
modified: 3/stats
modified: b/stats
modified: 2/stats
modified: d/stats
created: d/7/a694d3d203dfa78ff638bb4227ad86-2401428.o
modified: 5/stats
modified: 6/stats
modified: c/stats
created: 4/f/98371e41e3268804830c6b6f861b81-3475.manifest
modified: a/stats
modified: 8/stats
created: 7/6/bd3eae60345aab546c8b75558102f1-1455763.o
modified: 7/stats
modified: 9/stats
modified: 1/stats
modified: f/stats
ccache cache size is 169Mb.
Uploading cache ccache...