SHA for cache folders (/tmp/ccache_dir) is 'a7d3e6c8370ee1ab789f305bf7b2f21a4607a8ed87247a59d23bd9bcfb3c7b81'
Cache ccache has changed!
List of changes for cache folders (/tmp/ccache_dir):
modified: 0/2/0cngefih0ksfd5j8u6vdt5b5ktdo0reM
created: 7/9/985akgarlql5b4il529iqmvt0440e9mM
created: d/0/4cdl7dlpmrkr78p7a89jer03hvvdpl4R
created: 2/0/e0770b11vh18ca7d61hldbnnadnl2niR
modified: 4/2/stats
modified: 5/5/3ej0leajidpj2hc54aocjh49u0vbinkM
created: f/0/a27717mimel9ibrd0qu6tk63uc59ogqR
modified: 1/4/5cbf3rf1ssapgc4carc81s8nt20c826M
created: 1/f/6cob2t79gkjvrim3jrrt3a2dg49nkm2R
created: 6/5/f9nt0nd3sh1ki2snr5vnsqkm8to8f8eM
modified: b/f/1cg49krm54jukslqkupjkrsfdc4seteM
created: c/c/9ahea146q3u47v0q74ait9u7qej7sskM
modified: 2/c/stats
modified: b/6/45gs3t55698uqmui73g46uvdls518fmM
modified: b/d/8encqdaigttokgioajhumsph4lqoheuM
created: c/1/89nuedorcmra8gd0u58ol4jnpjshkn6R
created: c/3/517m4qgmotughcarh5bepvu03767hneR
created: 6/3/31e2382r9hmi1vtjpcfc7nubo1uvqjkR
created: e/6/0888nqr8qil0vab3tgmcrhihv0qcogqR
modified: d/0/02ij5uhk6pdv7g3a4odlledv2t54tbaM
created: 2/d/a34vkvc0cqkaukjrfo8bl188lpmcrboR
modified: 4/2/dcvuino81q59audio8abrmuegmh1gjsM
created: 1/4/98dbipf76a32lrjl9nl9ici0jmjn6haR
created: 5/b/6cc7lnfv94knjg5v174h4gn3rc66i16R
created: 7/1/d5mvbemjbofsdq05q55j434rus6i9baM
created: d/1/aev8q5egup3kfps7umhoacfs8p6eegaR
created: d/b/ecns8rra8i0am4arb4or499aki9649oR
modified: 5/c/stats
created: 6/7/d9gelh1912ui7308jfoh3nbrn59olfgR
created: d/f/desrj664tk0ds6icem1s9v8tiocd5ukR
created: 0/d/24s4iio4hql8gb6f1u8m1qkr7ltjhn8R
modified: 8/c/61tlaglhvv7n16nr66s9s91vidk1e7mM
created: 3/9/b0809q6vlvdmlqgnjcdb0937u5fh1quR
modified: c/0/f2v9f3rojec4mho23bc8gaqmh624k1cM
modified: f/9/2ef0o7r5lek3ou0475vvju82u0u9sj4M
created: 0/5/ebm3dihn803mf491bi7mfieb68cf8u0R
modified: 1/5/47gvs72lb9ihv8cr60rdttt0239bb6sM
created: 6/3/56kehem7db7eg1v0egn7505ggu93tnqR
created: 6/f/77a8t25usj2gke7almng3rsqdms8030R
created: b/0/640537bli2mbi6v0db45ra4jt6jc3uqR
modified: d/d/stats
modified: 4/9/stats
modified: 7/7/stats
modified: c/3/471l981nmoeudnfek87nubj8pk3ujekM
modified: d/1/stats
modified: 0/4/stats
created: f/b/1eter1e22jsd6vnlfrpnu620fbk9vhsR
created: 8/4/4as8mp8go9a00hr5n6s0gf1jg4t53d4R
created: e/d/a56f2otf7aurocj09frji6a75jc4gpqR
created: e/7/728tdg32qnooa0no6ivfjnmaqni4hieR
created: c/e/37c4ilapudlghb2m7tg45hgcn2ofm4gR
modified: 6/0/8dsk7jgo48dukoc3jfoflqoudeod9s8R
created: 7/a/f1nnf9vgg2g0p38gchn96rs21bqpd6gR
created: a/0/17id585hr2cqmk958ehjklpu7fdsveoR
created: 0/b/80qbrf239u8og6q09cvnojkkce43238R
modified: 3/b/stats
modified: 4/stats
created: 8/a/646nn51olvqic5sg611ag4vsr9rjivsR
created: c/8/df2g443693ub5dmlrnsps7gru90i1r4R
modified: 1/c/28el47telk84sj22gq07eta6p3kdg80M
created: 7/c/ef6kc0osnvgbbmmcvm5b4f90g6gh8tqR
created: 7/d/6cnmscqljjdj6l1me87ghnr86nvucp4M
modified: c/b/stats
modified: 3/7/fb6lr1m0qhts61jq1tbutrqo78j5hjeM
created: 5/d/2cbv6dtfs5ofrgveaab8c58g7dh46h0M
modified: c/0/stats
modified: b/5/97qcff8qn8fdns9pm0h2m0viijckgucM
created: 0/4/cbgk6bm6hk2vd1klf3v82n1n19c2ivgR
created: 6/b/83qm550gb7s7d5hdhbrrf5g507fhqmuM
modified: 8/7/915t97db0trq2ulv7u7hi043s91hroaM
modified: 8/9/9a80koor8p7qigccm0g177elih4k452R
created: d/6/15j3bfh7iai921n2qet3k9fac2n7o6cR
created: e/0/8egmq6rc3mda33heeichi8ulv22noncR
modified: 3/5/1d36bqcqggvqvtthitm01ailfjf819qM
modified: 7/9/1fmi1821s2mld16eqktbr3dj3hgpkb0M
modified: 8/d/e5fojnklctabokb26ptb0f2ivh9qi2gM
modified: d/c/stats
modified: 0/1/d3m9dol9rflvj9h28u3ore9ep4o6jj8M
modified: c/5/f5bfn5ut1lp1l8hg93kfth7uf904o8mM
modified: e/b/stats
created: c/0/627s4dvvdj2dicf41jlecioeq8866ikR
created: b/6/fcv4h0ft4f60t09j2jnfhggmlhu58euR
modified: 7/e/a9o36t5htnq10055qqnn8ccngeib98uM
modified: a/5/stats
modified: d/0/stats
created: b/b/50pl83ib11uhrd4uto9jrleu6feojfqR
modified: e/f/stats
modified: 8/2/e15q4kh89uj9ddplldl758jmu68m2buM
modified: c/5/stats
created: e/2/27ogub7d9tfh7a1pv6d2bnptof5n1akR
modified: 8/7/9chvn3rkak4rn011i8advla8031qb2iM
created: e/4/e3dcbfkimr43f54jegs4idoib2aho4kM
created: 3/7/f3300umg8vao038o5ud9nf8njg5doiqR
created: 4/b/29jn1al4t8qmbfujp7ve17be6v0h1saR
created: 5/0/690vbuicc820h011k46djolnbn69rt8R
modified: 5/6/85ammn1jenb188jkpc3qv1t759jdt96M
created: 9/e/06b60nomcl98uafp6c0ocbsde12vrluR
created: 3/b/20vbjdhrpg6cc8jacamlsvnjlvd5omgR
created: 4/d/a76ei8ve6sho00l9ptgh7hr84l0moekR
modified: a/0/cadc42dkrmrutue70q34mk8j1mjrj88M
modified: f/d/bbfqdqaubhe1112ek64553m43clnvmmM
created: c/a/131t4hhvd03t97dtgcfuiogsccdovtgR
modified: 0/f/d11ibeapeb298jijhq3n33r35cem61eM
modified: 1/6/47s4c4fvpoqt49b3ult28gkane572a2M
created: 3/d/dfupplma397t8ahgidog95qbaemgdqaR
created: 0/3/01t9e9e2liu3ml9t588sl1dif7p88caR
created: 1/7/74eaj9deugga4l8ituvgf4jtr80drg0R
created: e/3/97sqf49gvmcofchhnjmn3htmgomi5v0M
modified: 1/3/528a6550pq7tbgeofkeppmt13jpegh8R
created: 2/8/871urd32gkek82ljh1vb5g0j7cknqqqR
created: b/8/4df6n17ldpe7l86t09p8ng4h2rlvc06R
modified: d/0/fdlvqfc4pf6g7lrg2v5l28tnf3otppmM
modified: 8/c/5aqs2h0ctsrujk9ut6a00tg6ebpobocM
modified: 4/e/e0j3g6vmnp4hrmj2tcmq08gdafgggl8M
modified: a/3/6e6ngramml82j51qhhhaarbd6cs5lb2M
modified: d/f/ads7qiaei1umgiumvtug0oufietda68M
modified: 5/2/stats
created: 9/e/37j5nlvijmn6i0ieg9kp51lauemmjrgR
modified: c/5/181046u3bfqpv8l1prhf61sd3hphr9uM
modified: 5/7/stats
modified: b/3/dbpopdg1d9e3d6c5i4f8ktc17ccpfq2M
modified: 6/5/dcb1rg505hftiqh5q6lvvvl9g74l7i8R
modified: e/d/31vibbnj604cksh3146jrjtj7vpn37iM
created: d/6/fcikisjdbv3d9sbis38fqmoushbhds0R
modified: 0/c/stats
modified: 1/f/82e7kfm7pe116ms4ntvei8au6qces0uM
modified: 8/6/stats
created: c/e/5ftk2lbjb8768cthdlh79kopteups6cR
modified: 4/e/stats
modified: 7/8/stats
modified: 0/4/b4pr3e1959711nsgc2qkq86kjpev20sM
modified: 1/e/stats
created: 3/b/9fg2imgkt4vnvkl1fvtqllrcskgafhoR
modified: 6/d/d1evdtted4voavj9oioucijm1hdbo14M
modified: 7/1/b5j6261hfae5snifpt6fu7pg0ckkrhiM
modified: 3/2/c609tv7d7ll9o0i7fb1rhtd2v29s2rmM
created: 3/d/d8cfdjru8k1p03kvtci3d8hd5csqfukR
created: 6/9/b9rnptka577pbrg10ga3pe5olmvkni8R
created: 0/a/23a22jd9qnu525ldrvmoub9dk0mjkqeR
created: e/1/5b5pani9bgac5ek0ch2djbt7k1b9bmaR
modified: 1/3/67queg6nh1hkvogiv4h6omjmsus8boqM
modified: 5/5/062vlcsrnc90v97bel358cqrj6ijpa2M
modified: d/e/0cd7rj4md8b14ig4et2v7c5ro92crfiM
modified: d/b/stats
modified: 6/2/d9mejsvp4b6fdc0tnknae0umkk569vsM
modified: c/1/fc10l12vgoqks45iiq2vkcojvb8d3n2M
modified: 3/0/c03r2qnd6tskejp4cj8d8ssc33880r8M
modified: 5/c/23ljmm9r8ibvt4q0i3m4v559s0oh7veM
modified: c/2/ce6h6oi9oihrqs5g9al0thhccfhi604M
modified: f/7/65q36dqvvcoj38four2kkhqisej5bt2M
modified: f/7/stats
modified: 0/4/aeea11chq41mm1qhplf28qf1o079hbgR
modified: 6/5/stats
modified: 7/c/43ketsugr4dk74nutccsfvvt61g2s3oR
modified: 6/6/d453o4ifoqn8pns8j91kpu2fr79d5qmM
created: 5/7/16qagskqh1u8hcvpa2gdmcmc7q56rhuR
created: 2/0/61d1mun2dnap6atj0qfvern2qo85626R
modified: 6/2/47f5csvrc91k8latuqu4tvbfs33mm4mR
created: 9/0/c9681q77dtfbg9521me221a13qir3ecR
modified: b/9/d054i9tsliea02qk6n0o01vj2k8jef6M
modified: 4/a/b981cu1cassbu7klr94m1c12o1m94f2M
modified: 2/7/stats
created: d/f/97f9jh4l9j666s7i16b0h7dtjfj3s3iM
modified: e/e/89pljda05332ab68o20odok3ltgo1pqM
modified: 7/4/5crlp3047srhjgsldnl6jou3dduo97cM
modified: b/b/7bngqhpm3suc9ltdaemqh55v7qrt878M
modified: f/8/stats
modified: 8/3/72gug16okrh4053tm4mmu55ihb48be4M
created: d/6/bff8fjqhlkmtd611hclijaatq38nbauR
created: 5/4/2epsbvh3jsdgokguhipncla4u5a3rhgR
modified: f/5/647qmg4nntrsrqslki9fo7iunfervbkM
created: 0/7/3a0j8ps4513bgl0jbqisvhqlcg41skoR
modified: 6/8/e9r6k7facp2jikv0prneiajqdgjnmloM
created: c/0/a5khfp9feogu2ntmm5i3v8oga5dmjoiR
created: c/3/6aafsrhhr97us6bjuco8uj90mn6nvl0R
created: b/0/8dj12ui65no8qratr3u84hqqdf47qgaR
modified: f/2/b7i242d0pq2ap9ursnm9ped4dv3kqa4R
modified: 9/e/d9efgh8c643fj1dub7s79iqj6ejl28aM
modified: 9/1/7epmpf7apvpif73ahbf92fekmgldllqM
created: e/0/84020uev9490r9feghvqgk0oqudd4teR
modified: 4/a/59juajgp9pg1kgne9o4jpsk9fcbpk30M
modified: 4/c/0fpqcfkogl83opde3bak746v0iaiidkM
modified: b/f/a2hkfcp10002jccqqbor1t7pslph1aiM
created: f/0/e51g7mhc5mc0nr140eootg481ufqmjkR
modified: 4/3/e8q815jst4s9nel60c2ukqgpg6vgjkgM
modified: 5/a/1eesd80vs0gd7r054t6obffb9q2fi68R
created: 6/6/fdho77fshm4fi65t5pe22oa3ak3sde4R
modified: b/6/stats
modified: 3/5/a5raeol9k0d8bugnf4q4tq04ipf13iuM
created: 8/e/7fk70rhj16f1fodvbjs6h9qns5iun18M
modified: a/0/df14ft0t8v3cb3vpaqla24uh5n5aqq2M
modified: b/c/88ck55l3bs4bka8ldne9p6a1jldi448M
modified: 9/f/4f9dd1vsrs238snnu8dm40rhqsdfrkgM
modified: 1/7/stats
created: 2/9/dfpgmb86enmidpsr2mhijvsafjba698R
modified: 4/7/34nqt48dl07rp6e9qdrchkol325ndbqM
modified: a/d/bf58ln069hb2kbknubuprm5io3iqgmcM
created: f/f/29d5h6fmjlvs63d47k6mv5n76j34uheR
modified: b/8/stats
created: 8/4/eeql0auu9a71ba3ckk3hujjvsqmbu30R
modified: 9/2/stats
modified: b/9/stats
modified: 2/8/stats
created: 5/5/deutf708sldcjo51u6d7lbgj9tdg0c2R
modified: 7/5/stats
created: 6/9/7duqmp4lr5l6ahbj4a655ieevg6kl6iR
modified: c/e/stats
modified: f/3/a7v3p611epb3j32ilh8v2rl2nkmr1h2R
modified: 2/e/ac4dkh70kv2bkpkjmeq4701f6goufb0M
created: 9/d/97329noq6itctbcfac898n6u0u0vk6kM
created: 5/3/93dnp70u2hv7pla9tl7kh49qgo19n3aR
created: 6/2/38trsc0ebcunhbgu1c8h1qbmolm358mR
modified: d/5/9fgmksjspoge7d3md9l9j5n785ja2sgM
modified: 0/e/1a43h25d9j800lsn4hfvm55s3jpqcsqM
modified: 4/9/e0ouvk7v2a381ivjke6jv1hgjsrk6g4M
modified: 5/6/a3rpmrl9nm7phq6fckm201msrb0mgv8R
created: 0/0/b703a017ip6nt0823kak8q1far44sbaR
modified: 2/3/bbi9ha091vo6fes9san1ps4q3ob54okM
modified: 3/5/8b2aecl23pidp5hdpdp2vlmaarjiq5iM
created: 6/e/d5lde3s8ibea1jac3qu5gbtaqqrodasR
modified: 6/f/stats
created: c/a/9ce9i6vvc8rggqgldf1kg60ebimh7qoR
modified: c/3/4a6pgjbohd46jtgorlieu1hkg4jips2R
modified: f/5/a4m3catgvtvgmlrkf1ii0fu5vfmoi9kM
created: 8/3/3e2ej2s88jqdoaslfe93nfaohv85dnsR
modified: 1/a/stats
modified: 1/c/stats
modified: 1/d/stats
modified: 7/3/ac941pnmdgb9b1etvr5j0qqk12prk98M
modified: d/8/fd2srndv8qauatfrc8iahksum19gq16M
modified: 6/6/e0u4rgt9gtakh0ic8ogp7ksll5juno0M
modified: c/6/stats
modified: 7/4/95r82pj4rveaonink5nsh579g119mgkM
modified: 7/7/21ln3037a1ipm11c5j9v1nhe7akr9seM
created: 9/2/86pit3a6q43jjjoiubt5hne79pfg2heR
modified: 9/b/dbime0l1odt2s8sq0tv6la70k6il1o2M
created: a/8/d7o10fd0jq9jh958vp6b02sabvvg0ouR
modified: 0/b/stats
modified: 3/7/eac8g63f5qrb9fgamm5hi185rk8pch4M
modified: 4/0/67r6akt8n60mgbgclhdaujdcv63vt3kM
modified: 4/4/b6utpk0iccvqvh53mushgf3e1s9b4fuM
modified: 8/2/stats
modified: 1/0/fam4ol0lp6f1gq3nt1renqgl79kkb7cM
modified: 5/1/89hnk9mo5vvgjuj7h5stbcmok0bjusmM
modified: 7/b/b08nep4dp8tjo6sagssc5sm6j9bv9s4M
created: b/5/40a6hchmis1rika70qkhl1olap0k7j0R
created: 8/f/a8rf53eg0pr7fhn6vakeccthaok870cR
created: 9/c/18ajdkc4nube1s37nb0l7clfrm42rv8R
modified: 0/2/c2ljtcial27m30kr08g6335cj5nhqvuM
created: 0/e/342uvg4r3nm9uv0rqakverl4tl5iolgR
created: 6/5/ce6je8sms8icevhiji7fbrttbn5rdpgR
modified: d/e/0ef6mv896kntmtulfd6lkp5jri7hapmM
modified: 8/d/f6hl8qb6nm14c94enm6fqspu4ggf62kM
modified: d/0/1ctq249ob9bftdu58s9q8cpgoalipt2M
modified: 1/3/48q8iektrkuqbmepqrnek6md9f3bmugM
modified: 6/4/83hahtgrd8r935tm4rhc2llgmhke1bcM
created: d/b/21cdneo83r4uaaqgrd6t5aq468oba8cM
modified: 5/5/6boib8rssh9foaddkp56tvf1de73gdkM
modified: b/6/e998a0ivp29e2oja4fm27g4no4crohiM
modified: 2/b/ecfdc0qpp0k915kkl9hkgqio0m8pbhcM
modified: 4/9/584up8ob1bg2qp6tl158eko1ut14qe4M
modified: f/2/fde4ns9ngv4ie9lruvl80126lhpquqqM
modified: b/2/924dv2gvoud5ao9svb7aduns6o8beicM
modified: 3/2/stats
created: 3/8/7fkg6btsoc391f01ea587ecssurb2psR
modified: 4/1/9bir9l3hcqaa8n3ccqum9rpf9cfnrduM
created: 5/c/d7he4g910t8ur994felilkc5ppi6ld6R
modified: d/1/8f04r9v3djkn2dstpitf04q7i0hqbfcM
created: 3/6/dcf7hh7180i439vlhfg4cu22rkbb42mR
modified: 3/8/c7jbpnvfmm91tgbk25em6kuatben4hsM
created: 2/9/c1ak8l3rqt7sg8adegp430a4dj5gc10R
modified: 5/c/63a4rpeg4s8iu9u6rqei3pfanhcl95aM
modified: 2/3/38mifh8vijq4uk6vlhf1qahq3f2aufoM
modified: 8/4/41h1ao7556kjaq8kk54rtlpe1ivrnlcM
modified: 8/f/2c425ni9selng6p2crr6d6scs6u4m4oM
created: 0/8/bbdmkkcokku6j6vlgv2i4dgl0f8sv0cR
modified: 3/c/stats
created: 6/a/665h9d1u7md7duhgcdjvm6c5k5fndm4R
modified: 8/b/stats
modified: d/e/stats
created: b/5/e99omnj8ulad4cb4tjdn7bsfhfoah1oR
created: 2/0/b8gmhaeudfro189gb7rde3nir2hc01qR
modified: e/f/c1pun0mfmo62t07q5cain1g8raar3keM
created: 5/7/c8lacm4kmh1vceljvo2d4kot2q79omiR
modified: b/a/bde2fbi07cafr7gugisppqutdiajrm8M
created: c/6/ffv3apd5672nmecvt3sh7ffrt3tcjfuR
modified: 6/e/b861apks6j9jjvrk6fth1nfl04fj2e0M
modified: f/b/stats
modified: 2/b/stats
created: 9/6/025tv5rrudvgl6frutrdsr3ta5j39hiR
modified: e/3/stats
modified: 5/8/4ecb0n69n3es2kkmp14kd51hu9vt2kuM
modified: 8/0/50ptnfulm9nboq54kk63ucdvk2eg2uiM
modified: a/5/580f8aldntieqtn59lnffqbjv0jct1qM
modified: f/9/a6o223rfs9sb8relul76rlq0n5ddi0mM
created: 7/a/6d3fvev6gut6fs20jekr1jp747v52c0R
modified: c/3/stats
created: e/f/39lflhmnhtrgduk2uota4amuoejhiciR
modified: f/0/stats
modified: 8/0/5elsvk65v7bqu4a6fe0pjgg6eqviiqeM
created: 8/7/56i7fpk07n8hjgurnbc3r41lu81gbgiR
modified: 8/9/stats
modified: 0/9/stats
created: 0/b/7b063rak4d2ns8utm2bqsok777u2180R
created: 3/a/efie9clfr9qgqnbcpjm70bvs9sqij84R
created: 6/2/83n01t3dfjo3m22odn6carhq07c9ue0R
modified: 7/2/stats
modified: 3/f/61a6ms5n92abgb2h7v8o75berbsimqkM
modified: d/4/stats
modified: 0/3/18rjk11j539v5lacmsno0hf9ipp6rt2M
modified: 6/1/b1ellondu776ain47eu1sh3l20qvpicM
modified: 8/b/81lnrfs5m3ekhff219tkgelteacrpmmM
created: 9/4/3d4j7ps3ndk7no9ctubllfaque3kko2R
modified: c/stats
modified: 4/0/ddcnf92nnmaafoc16ftfp96tlenmt44M
created: 4/a/dd2ffrmpkr2cklqps3d7bgjakl8lrfuR
modified: 0/8/73l9tvm5vns1jmd0j48dtgin5ck5eegM
modified: f/9/stats
created: b/d/19v1catdctg7t4ne847631afh0lqfb8M
modified: f/3/stats
modified: d/4/599ouq8te91bfb2ql0pphgpotci8a2aM
modified: 9/5/4dignbroo761p7fpdrel7ibgr03vosgM
modified: a/e/36mcf8lmjr8m95iq9cj6k3bg3knvflcM
modified: f/8/bbf6im5jp4iv7ah3cfsckmdru45qffgM
created: 4/8/489qpgah8l6kl7264ciov1c7sjn2rr0R
created: 5/9/7dlrm89hrm22gschem0vtmmqvcpktciR
created: 7/6/e8949lfq1njselvh2sfug1shjshkf08R
modified: 9/3/stats
created: 0/7/07qmlc9rp164i7g89u8posqaeeibte2R
modified: 2/7/cfg0893a39rdfurmtcmvsodp3ile2ouM
modified: f/2/6aimbitra86ej0tvi2f0rsb259rl3c6M
modified: 3/5/93hjc3ns39bn7dkbe32vlenatufmbeiM
modified: 8/5/9800bkd8dd8g9u5hphb4hpirpfdorcoM
modified: f/f/f41b9ho4debjam3e4spn33kcs8u82giM
modified: 3/7/c3mgudf0p3el47soe0707fdpqm0l0ueM
modified: 5/2/d2oa6n0pv9lq3ja2jfhak9oh9btdgduR
modified: f/8/0f7jvh124a20vn06lnqutgmgidqaqimM
created: 6/9/43iiddn2rgbfp4v7gdemurpa8fe80a4R
modified: 1/3/3aok1cg220k2h2vsutfn297st4gd8boM
modified: 1/b/stats
modified: 2/2/stats
modified: 2/5/stats
created: 3/4/c1q4q7rvtbmaqp0h8g38rgfctnb1jcoR
modified: 4/0/stats
created: e/c/0e8qfbs4892kbg5coikoo5o95eah4vaR
created: f/3/757vqlipmu6a8kbq3okh4m4dth3b234R
modified: 1/9/stats
created: c/6/2d8att6nvpnf02rtedvu5mf4ffpjjh8R
modified: f/6/f1u0rus3f3qij3fhq3k90m7ifkqu9fsM
created: 2/1/b3l7u9qr9377j1phkq3qb3019i36qecR
created: 3/e/4e0fko2mmsoq9nj5gjp3ub2oic21dgaR
modified: f/4/stats
modified: 6/3/a4amigbmllvln8d2qh2b1osce0jjk1kM
modified: 4/3/d2kk8qmh5ejegedn6t43c5bn0s8cqfmR
modified: 1/3/bbidkdhkg3nm4dofdqsegqbudnb67ueM
created: 2/8/b5be1mn70tl46mb6mdffa4d1lf5po3oR
created: 5/5/a4heetrhq4gh0q4mmfsarp7fg9ng97mR
modified: c/5/1ekg3g7hcdsk1lcpqso4uegpjsddrl6M
modified: f/4/f6drfcmt30vh7rpskffnbdegg23539qM
modified: 7/3/4emj3jauhggjavs3p0v5jeqk6adjdd0M
created: e/f/6d8mlilrk25b0qofnd6vco68old2rn6R
modified: 9/2/66s2rkld0fkh6j51g95ithrdn2b1l1gM
created: b/d/fa6q05df0qfngb0t14203retui2fdtiR
modified: f/1/stats
modified: 4/7/d9q0o58gaccceljup847dicqdqil1lkM
modified: 7/b/stats
modified: 7/2/b21ud9h1ijlttv7j50k3jvn8tfrq40mM
created: d/a/a7sir7u5lfs1r3ml5ftt8kbmq2g4c2eR
created: 1/f/f1efb2v2ognpmslanla015djs5edp74R
modified: 2/b/6eu5arisml7vdr42m7qc4rh93r44eaaM
created: b/7/123o7nomid1drnspbkc5upuargm8a5aR
modified: c/8/stats
created: f/5/86eao9ov6rs8s8aloh23mquo9g75juqR
modified: 0/3/798o1iamth0vjalautbh3aihhsseqq2M
modified: 6/6/9disrprkde214erhj5aalkvldid60eeM
modified: 9/9/stats
created: c/d/15f625oqe7nq5j7m0hacerkrvuuss6cR
created: e/7/38rvrltjlhura3gaslktq533ppbi92gR
modified: 7/stats
created: b/0/f2ei2kq0gujv0jmjfboem9m3d2uj7baR
created: 2/5/0br8llt7uauittknvq3mfl7f7hqlh2kR
modified: 2/stats
modified: 3/4/stats
modified: 6/3/01vpu76penq2gicn06kq234s69n37riM
modified: b/3/b97blka478h50lr0vtfig9to4g2enceM
modified: f/5/59kknofq91t79512u1rjo3k7hg5clh2M
modified: 4/5/29fmqti3ubo1bb0a0m4na7u0klsd0qoM
modified: 5/9/97p6rqb8l4heq8230c67pke1v49ljo6M
modified: d/9/270i7jv4tfb160g12c9sun9pck3099uM
created: e/0/3avagk2rhmk8r42e1mqgbklrr34m9iiR
created: e/8/c4gqcpahcev423der2alp8qilq9ictqR
created: 4/1/36jd01ckmn01acdj9240njbeivicvs6R
modified: 9/4/79vd8n63s8jqa83r0uqj889po2676tqM
modified: 9/7/7c06s1c9b73ng1j14hqsghui2ogrq94M
created: 5/2/3c2rncrq5g0ig3srogg8n42ncova09cR
modified: 5/f/stats
modified: f/3/4dl7qae6k8vq3n0730jk2rtdq6qljnuM
modified: 4/1/a16di4tlf1b3q7vtvaf9cd9refgqgkaM
created: a/1/015lekm9613inuilh512slfsa1v9dgeM
modified: c/9/6ako0t3pubv43jpi5e4ft6tj87014vuM
modified: e/0/stats
created: 1/b/5frch97pp0puujmkkp4n4q3gia57a9eR
created: 6/1/a1i1tabqrdk819qt0lr3731m3d0an60R
created: a/4/85su3pdjksfqhe1o69d7gu9rua249h4R
modified: a/5/f5rv2r663s4k725qasrd1dkhgonn5m0M
created: 1/6/88bu4tpuor734u6cpbgd6qmhm73uk6qR
modified: 1/6/cdmd0fgdeopmk3ral7s64qr27gpqq8iR
modified: 5/c/68upr73bvoqnhk64i68i4igp6mbhn14R
created: f/0/bamqa0m0qku9r2u0nfm71l906a4erveR
modified: f/6/b74utj2bb0se25ir8ldspm6oab49g5eM
modified: e/1/426b7ruvi7pji7hr3hd6t8ivq0l77poM
modified: c/c/777uvpvhv1mqu39npmdukhtbtqksknqM
created: 6/0/dfemj8u68e6fd2fn2nqd0a8ugoj6u9sR
created: 7/5/f8m2nfl29hd1fqjpnq6ac4fqbvu8pp0R
modified: b/2/175lbnuk1braupot2fvjftd8meo5ib4M
created: b/e/e2siovt0njt82fljfccp4lph2j4ngc4R
modified: d/a/stats
created: 4/9/4ah5cvdetun6klta75a65tarum77a46R
created: 7/8/84ktchcupa73nm6cgngmbstlt18a1uuR
modified: b/e/stats
created: c/f/b604oqgceig5fa3mf10clstcdb6l16iR
modified: 8/a/bbsh9f1cv9fmqr37286qm95d4tut5loM
modified: f/a/stats
created: 9/b/b27hb8f1duqq1fvh9rn096hb4cb257cM
modified: 7/3/b5o5kuhstcqvkjnkuig9hem0dcq3v9cM
modified: 7/5/3beafoqql3pe1v9b10b1tten2db2dqeM
modified: 7/9/stats
created: 4/1/05b5d6ml0n8p97ilehup4cmofas3roaR
created: 8/e/09eh6t3l21gk6mgrj843a42bpjtbqv4M
modified: 9/6/3fj0l5g7779nuj8qts7s05sbushltecR
created: 1/2/d5mghnfeho1co95q46jvpfle0pm9u34R
modified: a/f/stats
modified: e/2/3ao8n8lbr7kl67pvdsubko8tc8i7ljoM
modified: 3/a/07smiut5ovg6305mphndfbq9pkks3j0M
modified: 4/a/stats
modified: f/8/0d664b5g0tb89eg2k3qgfnufogkgnvcM
created: f/e/fdk3lfo5s6nj9qebkcggfla474lsh3qR
modified: 7/4/5482mdh6n5mhm714acokmuqavf4fvaeM
modified: 8/f/c8pcv552328g4v1gaqekk7u818s9tl2M
modified: c/9/stats
created: 0/2/7br3j0kp3uce7r71kng9848edqdjdouR
modified: 6/3/62o0hp11oj6q9vvckh6drnven3fubegR
modified: 8/3/dfi571siomeclgvu781c0g42i0bgk7sR
modified: 1/f/stats
modified: e/3/112dtml8k9i3mqkgkdje0h5qq734uqcM
modified: 7/5/248ivv7j44kj04hh4ik3cl8rfomum70R
modified: 9/6/ee6brqdm0os1o7i6m0el78g44ctct7gM
modified: 7/5/e858pkkhc9l85i7kg9p9roglm5abrfsM
modified: 3/3/stats
created: 3/e/admsqkh7vugm8p5i76i89dgn0bnens0R
modified: 5/1/stats
modified: 5/3/ffgj2l8ch59e1b7gl8u2sodiaq2q5l6M
modified: 5/4/81t6bai91cjedvh9ha7iifc2k3auiiiM
created: 8/0/901m92o7u9m1prupufme3kvvfi31992R
modified: 8/stats
modified: 0/5/stats
modified: 5/5/stats
created: 7/a/e8e2m9ld5gnq2h6ag7hs65t6vcfhbtcR
created: 8/1/5citu7rlsalgsk9558rqn452dfagjj6R
modified: c/f/stats
modified: c/4/stats
created: d/8/771a6q9lp9lqgc9i7ooh89fj9mr5m2sR
created: 5/2/7cq27gishu6tvpsjpl0cg19rjh5n3kqR
modified: 6/3/01qu4rhlbvfjdvlpjg18i8ob9qgdtkkR
created: 1/0/b18a9un71og0usvv3bmitfm5mek75bqR
modified: 3/c/ba0sh2f998h4dqkqms8jj9fk1to86jkM
created: 3/d/5232r64n8c7ditdq5a5j3285j03n19sR
modified: b/2/stats
modified: b/f/stats
created: 6/d/6ftvs1ff1jh9rie9rf879oun850i6kqR
created: 9/1/6etjk2fbfdbg30ao0uirlksok0cb14gR
modified: 9/f/a59v3g0hm6ffkdhsh4u66ltmeg56dbcM
modified: a/e/stats
modified: c/3/b6jk8n54a3lun31ljknktvgrrdug6fgM
modified: d/5/5anv0solrpk6fvlmgagrqsk147bpunsM
modified: 1/0/9arsfjbevr6knln04s4i8s5jkq327vuM
created: e/1/36lshln0gmsafi1e2vf165unqu343bqR
modified: 9/f/stats
created: b/1/fai5vkfahlbo8dair1dqctaga6qm6ccR
created: 5/6/ffea85fdtmg1h93srm0i1780eg63ii2R
created: b/2/06njpp8n1qqi9r63kn623j95do2eu5mR
modified: 8/0/710btlfjqjv4c25vgrq7eog6rnu703mR
modified: 3/7/stats
modified: 5/7/43sdo3b075c08hdpnt30n2s2dcn0a4oM
created: c/0/64ekbv914c426ecd7ndlbb8a7luovh0R
modified: 4/a/b9a1nqqggfjohc7ngbqrqpbs917ism2R
modified: 8/4/3dtl6hkdi6u8ql4acqdg6ohsrdufu22M
modified: 9/8/b9brgjvh28v86mtgs02rubf8fdv4semM
modified: e/c/stats
modified: 4/9/a9v7shsihqagvktdktpknkfrpcvi6q2M
modified: c/0/7aogofqc1vrltt60lbghv9eaeque1vcM
modified: 0/7/374ir2u68cn2ofk21c01nbsspihccoqM
created: 6/4/9e121hgtj6lubdb32nij2651610sm2qR
modified: b/2/1c1b1rkov718ftdi2kt6qhmj1t34fdkM
modified: b/stats
modified: 3/8/ed0iaops3v77khk2nscl7gq1jdiae22M
modified: 5/a/1es1lbkc2o45kf01bv5r1i3fr2vtvkeR
modified: 7/0/stats
created: a/b/1aoenj2ib0s66p78v32ppr1sovh3016R
modified: 3/2/ffvsdksu45eve8otf11tmjvr3su41i8M
modified: 6/6/stats
created: 8/3/35lgfsfpn84nv0h27s7801054d0rdn0R
created: a/e/4decfhk1dve6ornu1p2cfgoj967s5toR
created: 1/3/94ifl9s8id1f1vh8llq6pu074m2h4o2R
created: 1/b/681lqfrqgse9osvnf7njkf2r7fuvojeR
modified: 7/9/5297u29ehijh9knvsvqqsnlnq594cgaM
modified: 4/7/stats
modified: 2/4/033lhpeb6kjh5imc7fa2jncu0sdunr2M
modified: 2/f/4d9qa9vpl1shs907vu8bssmrfmo7j80M
modified: 6/b/stats
modified: 6/d/stats
created: a/5/36kmt1pqvap878jm1h2ioj710rcjou6R
modified: b/7/stats
modified: 8/6/19c5nedct1ppul81vc30s1t669ulne4M
modified: c/1/stats
created: 8/7/3751aj8jnmnlkl7ua7e1ttvlrk3jf34R
modified: 1/a/68dgt430oar2jg064t2ci4le0gpd5a8M
modified: 2/5/d5pl5umqd9esns678ui0i75294iup42M
modified: 9/4/98aqd617ucgm3aoe3hfobl2o346b9puM
modified: c/2/stats
modified: b/a/stats
modified: 1/3/91vkv2ad2g1oaa6h1fkodnqq2ba2uj8M
modified: d/3/96ubisv03575g47i0i6qjko11dms6leM
modified: 2/3/stats
created: 3/7/4efllfjm2rf5ae4509eld170c28i78iR
modified: 4/b/stats
created: 1/4/e3cup8im6l9pn8ed16jfdkjfkc7m9mkR
created: f/6/efvd8rsj40rckaun15hrjkog52auds8R
modified: f/f/08gcgftkddr90enpnv7usk1idi760okM
modified: d/7/stats
modified: 8/f/49apo0td1car68m5e7ph48re5k1jfccM
created: c/b/121kptj3llbeispadi0hm2dqp3suegiR
modified: 2/0/02g8orqcqars7d0kqb2b4ih0jf54oloR
created: 3/1/21vtl59937afbq0dbi3vh9cce2f02kuR
modified: 6/0/stats
modified: 6/a/a2coubjhbdu6fr90kdv1t10probfgloM
modified: 1/8/stats
modified: d/7/b1j288rrlufr47k27oq2qgetp3lkmeoM
modified: 5/a/43j9igdnmfqgc64ifb2k3j41te9ngh6M
created: 1/0/901v53dlilom4u61qa7246903i2cj4eR
modified: f/stats
modified: 5/a/cau1ms1q1ocli4mli5ied3erpqlts7oM
created: 1/5/035ngca3c5a1c2toir1rsm339pigk7sR
created: 1/f/3aqm8b2nh5t346di7ffm8ss55odi7vaR
modified: 2/f/stats
modified: 4/e/2djkpedm6va2vv5mfjck9om7mpja118M
created: 5/a/4bt11ht29in0g0c9a8shrp8rjvcaopsR
modified: e/5/0eh1nd9htmlge3s44fjecet4b9fb3m6R
created: 0/4/f6gj2t7hilali0480smg1b545o1ur06R
modified: 8/7/3b8qqel0m88sbid1an0v2bcp5g5b81mM
modified: e/d/81e5fjgc8prljlgqfi85e9m240t1vh6M
created: d/e/01tmuig2e9vjrtl34uul1407bv7r03qR
modified: f/3/06rq2d2j822c28dgl1m7boqhdnuof6kM
modified: 1/c/a99ptacg4qknra6jc2h3583cebd49jcM
modified: 8/c/stats
modified: 1/4/9dhphag7m66f4d53i3fvjd73fv1n47sM
modified: a/c/stats
modified: d/9/stats
created: b/4/55ru6l7se9reh0j04s7tusqotg7nmt8R
modified: 5/1/a8fbich2ch6q8ghahs3qulq2vhdb6kcR
modified: 8/2/2e5mda2huo7rlp7cbgt9ee8tpbj1lfgM
created: 2/0/a4li4kjghiktdevsa002a7quuoo01gaR
modified: 6/e/stats
created: 7/1/d684at4ttg9ega6oiqdlvpadbmu5rgiR
modified: d/2/stats
modified: e/2/stats
created: c/0/b1um49i6864lc5rtdl530489gl52l1oR
modified: d/2/3a4du8hulm92mm916tj31jq9rku1n9cM
modified: 0/a/stats
modified: e/9/3b12vjeqeb5pit6jf42r9i7i2h77d6uR
modified: b/4/stats
modified: f/1/fatc4qc0m1euf3t2qemkiuki3j22hdkM
created: 0/b/a8bmrtf5bc11baspt7psdlue36mq2gkR
modified: 5/4/stats
modified: 5/a/31mt1b3ihltqsispn57hin5b9fl2ibaR
modified: e/1/7ev89nup70erauir08u4snt8gbf4950M
created: 7/5/cevkm3ua0inel2mu5e3eaeinda9pv3kM
modified: 2/5/83vkg0vrr2clfnsjuoatl8e6al9cqsaR
created: a/4/80v6le4a0inu3cjh0faf7bpc11ra8k6R
created: 8/2/08fbqclkm3jlnqhlrp537o06dvqc4gaR
created: 8/4/fc4rn3hnrk7kf4lfh3oenflauekps74R
modified: 9/9/b98l3mqfil17ihbubj773k00dl4g61qM
modified: 0/8/4bjsv6dfbt3r2n6ba6tlhbo6jdr5hj4M
modified: 5/stats
modified: 6/4/d7s2i1jobs22c1c318dt50l2ddh7ctoR
modified: 5/e/67s99pkvi94ltn7871kla8lbnk8sef6M
created: 6/0/f2eknp888pq0hmq78j28ra5h5pk8i6uR
created: d/d/56d3iq1pci25gl3t81hvpar5t0q0dsuR
created: 7/a/3ejtind8rrb04a6bs5f93i7o2b53v9mR
modified: d/4/bbb9ffnvsvhrt34ksca8rv003r8fc76R
modified: b/0/3b4i4a13h4uh0ctmjpmb77avldpo05gM
created: 1/d/6frcj75enjmk15eacbi6d0m5uteqcn4R
modified: 2/1/298t5280s1e6qctrrckfijm4mvnitjgR
created: b/5/67cbs0p7dp3f3rthvkhmju2f42mdi8gR
modified: 7/0/fdisvugcl075tpc4gakn6e7vgqb8cj8M
created: b/7/b5jg7ntbsj17eklg6if0he5m7ansfv6R
modified: d/6/stats
created: c/7/3asqdsago9g891k91famus4smindpeuR
modified: 2/9/5d9geddgf0bblv3h179f6d32iiqjlsuM
modified: d/3/stats
modified: 2/a/stats
modified: 3/1/stats
created: 4/7/earegoes8bp2n2h5jei6bhpva0knak6R
modified: 5/9/stats
modified: 1/d/c4vlmq70ie49nerc42rramd0jr2j4m2M
modified: 3/stats
created: 6/4/e6f3rotpeq599jh10di1d9jdk41nugkR
created: a/4/faa292bca0fr7vjbofodgvp7db6h1u8R
modified: 0/6/d55g18m9fb0smeift7ue55dc1mn7lk4M
created: 1/0/40oinfckchqdi5nmipo95m2ln1lm42oR
modified: 2/d/ecldl9i272gqbs08uv4bs8p5mrprlqeM
modified: e/e/stats
created: 8/e/57ftnbo3j8ohekgjfbvlbhnl0uhafnqR
modified: 3/2/924qtebdd923brf6bhorul5si1qm7lcM
modified: 5/b/d522hviuo7qnp5f5lr40br3juhac7ecM
created: a/c/33obh56ksv0vtvuoncb92fq80evl7bsR
modified: a/e/369qr9c68s5tg8cqiorqmb6c08rpfkkM
modified: c/0/7cjjcgti30td8ju52h9ge4hgsrf6ca6M
created: d/a/58vj9385ar3s8rfcmpuk0filq3269smR
modified: f/6/ba8ao9sa3imgcigq00gp9ei70c1n4ooM
modified: d/3/184osbhqnmed2fna8b3piu8nm8p5ifkM
created: d/b/9f46pf2v50qjndil6dc5b1ulptgcc70R
modified: 2/0/stats
created: c/9/5eea70r9ddkgoghqg11oj11h15djfu8R
modified: 2/e/stats
modified: 3/3/46mkgep4elg40v2ehs8qonci0412ho8M
modified: 4/4/stats
created: f/b/953m4b7mv7j5q3q9jovpc93udq8667gR
modified: 6/0/bbr7dptjvjr3oqbf0p1l52rtpnek4hoM
modified: b/c/stats
created: 3/c/3a4fmsjd1k56qbj2oqllj0e3jbe6998R
modified: 3/e/33kutm73j3m9cvjdhabgetcaudsbomuM
created: 7/7/2a8c7mkmjldt0tt52k9367rpmv8a164M
created: b/d/6dbi9jrv9imie9t1f212i116tsrpv0qR
modified: 0/6/a0h4juagonclvnlv13c93cbuth52mvgM
created: 1/e/044jsehjd00ohshf0mcc1trrr0uenugR
created: 8/c/55o6u7mo6ro304pvlpfb63500okjh9aM
modified: 9/1/stats
modified: 7/0/95n313kvtgl8vq513n5lvbg6s1kg07aM
created: 5/4/03piofp36df8uud72nt6qru2tmk6hsqR
modified: b/0/stats
modified: 4/5/28umu11r0dbier01qdu10a3bfpq5bl8M
modified: 4/9/212ja8t9le6674p68pfqbj7s1bfb2r8M
modified: 6/8/stats
created: 0/7/3du5sopdm4fd3oq2hse4qjl8pdfafocR
modified: 9/c/bb03gleb07kacg7oh2oci9d1pu21090M
created: 7/0/8ec2jmaqp5pgpcq220eju37l91itk50R
created: 9/5/dabhvok4uervh1atcvb5378vgtdu6pmR
created: 3/c/37n58ffsphkqn43gop54kuu53sg3pvoR
created: e/6/a5r1epfcgij8n82inoub1s22gcos5n0R
modified: 7/a/86id9dls2ar9bo3bnhgb8vljp80klmeM
modified: d/f/stats
modified: 1/7/517rh847q9rsfv17sedrcs9ppc197qeM
created: 8/6/039jsi34b1kc45dht57njtv5hg27vd2R
modified: a/5/81v5j0m6pet13ldhmjnb0lpldf1vjl4M
created: c/e/dcq787kig9i920vvl1goui0ducl2oa8R
created: 8/c/daqlid0e3vrlpus5ia0bdousbeak2pcR
modified: 1/1/stats
modified: 2/3/14d4qoassjvku9a2qakjgv652oj572aR
created: a/1/6dne34t3ccn86om2r5ho2vecsqqm2rkR
modified: 0/7/768d5o2t5o8t5g3epsqe4nsiv79j98eM
created: 1/f/4c742632tauni7hnmec5q1t329rok0mR
modified: 4/8/bfanb7bvuf4apo059hjr6k4g6j2u9lsR
created: 5/c/eddjkcf1sl1d9v9hruatcf6p6hnf0o0R
modified: 7/6/stats
modified: 6/3/stats
modified: 0/4/7f57sr7kp7aj51vgc8gnljeq8n8tsuuR
created: 3/7/841n270b6rgbgpuu6fj2vja6b2mc188R
modified: 7/1/f6ulegcoc4nflouaf154mfoq6b4lasgM
modified: 1/4/a94an17csv1r7kt4msfqt38vtpkf0keM
created: 7/b/208hkj5hq0ln4qhv5elb9otdds33aruR
modified: 7/f/689s6r6dho0vq52cq359rt9nsh1m3siM
modified: a/3/stats
modified: a/a/stats
modified: d/2/ede9et729clcqmfj1ho54beh0mklmcoM
modified: 1/2/stats
created: 1/5/a65f2modlvcbsm2himpjhrrtu7rslruR
modified: 2/b/58ukias4n8ingvk3d34snslktq3mggoM
modified: 9/7/cee1dkji0cfqq4fenmjjaehtpdngm4sM
modified: f/d/b8roef6ehu73iraasg590783bo2npriM
created: 0/f/862ngohds882rtdkmdis4nrvmlvfja4R
modified: 9/6/d0ar7cjajicup90pevv1a0k8cibk3qeM
modified: 8/d/d1b19ndf0c6lpjfa729avvt68butrnmM
created: c/3/d36fcle7avl6rbgb4osg2melsltgv3gR
created: c/a/44eju8bgpjeq44ap3n6qbtcq1a0ls98R
modified: c/a/55nc4k3k52jpfobknjn1ut2a8bninbsM
created: 9/9/6affoce5tguoskb9hj6d6e84cq96f8oR
modified: e/a/28msihd2nno3j9q7a456nghcr2itv0mM
created: f/f/822jsfgvk6h5v2ebr2b0cdf1u1s5b28R
modified: 7/4/stats
modified: d/a/258fdd944v7d5i817ms1qo7op33p5bgM
modified: 5/8/b6jrv9cnmo1pvtm3fjeu0clhit4ln18R
modified: a/d/stats
modified: a/e/24choh2iueu22t90u7fvika2cv4nqamM
created: 3/f/6dv4tnhoui8f7dfh962gmhk1e132dtiR
created: 8/b/58or903cs9s4sp7tpckm9h69mj9mji0R
modified: e/5/stats
modified: d/4/81okbe0v64db2t97f2vdkihg76p3ruoM
created: f/2/c51fv3lq6mr7iukv2jch2g7i20q2lvaR
modified: a/4/stats
created: c/b/b863kljo3mnuksasf4genac7t2b5bdmM
modified: 7/7/50saq700njga0qfklsa5pkbdps6bp3uM
modified: f/f/f6plsd1iu877u7lu6lpfc9pq5s0r9v6M
modified: 7/7/7cnmeqisimeucj1vf32uvr1cm00qhuoR
modified: 5/6/stats
created: e/6/916psaljm0k4argbufc177vf3jjcd76R
modified: e/b/64t39ujr13jrot7eqkv7ec5knm1grtuM
modified: 0/d/stats
modified: 2/8/d999i85b0e444t50eou3j686htahvvaM
created: 5/2/22nlk417oijfmj4fngm8k8mtq7ser9kR
modified: 6/1/91656uhr5mfpe723ak60gof1iuusjpoR
created: 4/2/88rqkob63svo0f6l65odp1vgh7hbgsuR
created: 4/d/70l48vupbfsg5utuejuckkbl6osl0tkR
modified: e/stats
created: e/9/9acu6q5drb9dmjlbqk7tmvel6q4a0dmR
modified: f/c/467ejr7tob1gesmhp30mabj2itsdr7kM
modified: b/3/stats
modified: b/9/d1kjsabf3m3tlf4hdva4o6mp95vrn4kM
modified: 4/1/feus4t095781t5td5frbt2207or95q6M
modified: 3/9/b1n4sbp1gbkepf0t6ri3ph4ut80slleM
modified: 9/c/stats
created: e/1/c1mnj7g3em89rgvj9gv8k12c37sfkreR
modified: 7/4/26a5h9476lm6qohh019rhmmlba33fkeM
created: e/e/dae6uu2bg6vt6fu6a5nednf1cu26ujgR
modified: 7/6/9dr3bschth460249pbaeuin3evcmfoeM
created: 9/a/7fd7mlpg2vtuhhnk9mb97jk3ivku4oeR
modified: 6/4/77orrtq8ps35gvauedpfcj9icl0tkvkR
modified: c/d/stats
modified: c/5/b0u62gje6v4s09ns5ep1b05g59eflriM
created: 6/4/93bht1bgghi16f52g866bcjhg98vr3kM
modified: 3/6/87nlj9a3vvkskghcurs4t864gj2pbo0M
modified: 8/2/8figv41l357u6rimg7ktn5om4j5h2reR
modified: 5/d/a10rc7btkcspe1cgnmhq4nu78d5p9tkM
modified: 7/e/stats
modified: f/e/stats
modified: e/7/stats
modified: e/9/stats
modified: 8/d/f058m89bp32ifsvaj7gfe0bnrq1e6caM
modified: 8/a/stats
modified: e/5/91chthokoitsgp2linc024pe30b9sdmM
modified: e/f/34rut4u3cvm9l8eve11cktvg5tmuqb4M
modified: 1/3/stats
modified: 4/6/ba7hj4s39iu5mr725tj32d7g41qh3bcR
created: 8/6/32koot9u7bkhmto3cu73u0pjplagpt0R
created: 3/e/c03319tk1jre40n6fnrjs7kda3tf6igR
modified: 8/0/b4c0me7gvnpaathcgsi92fb0deq1ltiM
modified: 9/stats
modified: 5/b/f4tsmd6318vq5bo0p0s575qnmsin7tmR
modified: 6/5/71kjo5jrqi79s4sig1vc2o0jvta5684M
created: b/7/50d10nobg7bpvdbqu6g0saa9qqrbh3cM
modified: 5/8/3b53gmbcpatta67ckeuav4dgk95ued4R
modified: a/8/stats
created: d/e/40q925tkjup5ft1ur205t8roj9eb6j6R
modified: 1/0/stats
created: 6/c/d86dn35fulicfj0icjhk2u4jpnnm8p6R
created: 6/d/bcqgm4h23dt75ve3edc7pr89htl15mqR
modified: a/5/a2kldtehfuup24rec4ut2nnqi380fomM
modified: e/8/stats
created: c/2/159a5gr64hghb9c4nelhia60bclphoqR
modified: 0/8/dcrji1c5a8pa2krr0td7tnm21lghbocM
modified: 4/9/7ca90gutmrnsm88kkqfjfkd8jh389m4M
modified: 5/7/508tlj8pn32dm9eb8dvmsk9vbuu6c4eR
modified: 6/9/stats
created: 3/8/47auq5jr28e9brjjdgpafoed13q3f94R
modified: a/2/2dqs2f4s5on5thumhu8hnch26sh0ogqM
created: d/c/30jjs6u4eniiumul44pusgcvj75mpvsR
modified: 9/c/f9ulm3240beeqn6n51udtkbr59ngi36M
created: 2/9/654e4njli7lb8ndcvbidoluel42s4aoR
created: 5/7/a4mssb92ssns216dtv8gn1vqajg3h3qR
modified: 9/5/aa4v9cbimlto9in79nq307s00teco62M
modified: d/9/fadqir2348k83el3dlh5o9me7ehvmq6M
modified: 3/3/be5milgpaaj4j1rvt7rli8rncvkm3qmM
modified: 5/0/97ikr1ojs8csm8ql70jc88q0s3vc90sM
created: 6/f/87895kd42kmroc0f87d0nknppni861sR
modified: 9/1/01e5un2a2kljfrk161oe5k29dqjv12iM
modified: d/2/2f1455s0matslmgpcptqbbeq5jdq3oeM
modified: d/7/033gemen0uupgfbshibe02bpc3art2iM
created: 0/e/0erqc61cb1u9j59vdi75n1lpvs9gtoeR
modified: 5/0/stats
modified: 5/1/1ba1s09gmfcb3cqqc8m3hjk1i78gnpmR
modified: 5/a/stats
created: 1/c/8a0j1sc202ctdjd98m33jjhs7n861ngR
modified: 2/9/stats
modified: b/0/ff2232j8iv0u56gsfrp21jrfll0b8t8R
created: d/c/cbbo9g9lmmssqneojmilp08nkoo1g94R
modified: 0/8/074fecvm5stum0n888b84io8cf4bvacM
created: 2/0/33j4v9cncqprd887jb3a8lnp8bv4q6oR
modified: 5/4/20q2m8b40mc6v96g90m30mc3hkqmtgcM
created: 9/2/f9luotdqop11mt4io15hlemnenm60fiR
modified: 3/e/stats
modified: 6/d/9ac2bar57l9lj9df7ub0b0n4gl4iv3aM
modified: b/a/85j2bgdd4buv6cqebl29rknpkgb0iicM
modified: 4/6/f6p342kra0c6cvka2j2qmvt683p7l6iM
created: 4/d/182r4l50o0odtood89lmhq0aikddosoR
created: 6/e/a2bfnqfh9plqcjveutomrkv42od0a8iR
created: 9/6/e667n1ssoth1asbdg5s65ku60lii79uR
modified: c/d/0ag1i09q0a1akte7ir7orh3vd2gbaciM
created: d/9/77durqs88fvsiilm8gl41i0p327alegR
modified: 3/8/01gmqmt84rf3nd2dd2arajienerncj8M
created: 7/c/81jsg3rddfrnpknqnvhskrvk0lm1u7iR
modified: 5/2/0eiau79sg8t2fhr0bak2rlh3i1dfe1iM
modified: 2/4/feobh48dr513pi1h5189mob3hah52l6R
modified: f/c/stats
modified: a/6/stats
created: b/b/65op38a1digap7uku8appihqebjc000R
modified: 2/5/30ri98m1jbd3gnpl7efr0cv8std0leeM
created: 4/0/05pahkursok1bvb8snr8icnie8r7ta8R
modified: 4/d/stats
created: a/2/53f02dc0eb25052tc2j7pe4t9fgrebuM
created: 7/b/12bd2l2s2ekgsmd8l9dsgqnmkp8f09aR
modified: a/b/stats
modified: c/b/34cuvja3rqumjs6na3t7eiio7kvh4k4M
modified: 7/1/stats
created: 8/7/31survtp3pencpkpqbj38pmr9kmpbkcR
modified: 9/9/1bq3it5g4s3laug1uqtlsiuvfire59uM
created: c/3/72chc2f0teskpidur6eeaa1j5shg8k6R
modified: e/6/stats
modified: e/a/stats
created: f/2/3eb47nkn3t9knh6d7la7kpkcohsftgiR
created: 3/7/137nm8q0u400nekuhs0l57lc8j6v4d4R
modified: 3/8/stats
modified: 1/2/98m0e7i6hoj9u9mm0a67ku5mk4qrnloR
modified: 5/2/f7t0upfkv42mvhdsv33f90ak35435dcM
modified: b/5/stats
created: 5/8/d17umtuls6qdajj3si518l7pfujv53kM
modified: 6/e/8devtn94ikdi37000lh6qgcvt2e8k12M
modified: 0/stats
modified: 6/1/8cc26vob15qsvc6e1g4dgl75ci33egoM
modified: 9/5/d3jsiq4avurc9tumdq3qsina0o6lg3iR
modified: c/7/47c08grjqa66krda81bmktdq67r2fjsM
modified: c/d/80g3741d79onaclpe1ueid7nmrsltscM
modified: 8/3/stats
modified: a/stats
modified: e/a/81e5qccdk6naelk6km89ukp1n8jdtmqR
created: 4/8/998o3oanem1kbvpr16f5aindsuok8ngR
modified: 5/3/stats
created: 8/b/a4k8i140vnb2rhsus3tptq33glbmufkM
modified: 0/f/f6sjkkon09j4gdba015m1dv3b77b1bmM
modified: 1/5/stats
modified: 7/8/c7a9paqfm15vo1569qpqsgobv89avaoM
created: d/f/09mtilqnmqitf6dgnfqa79gc5vqh3gcR
modified: f/d/stats
modified: b/1/43rjcud19otkl9dt2kgjvj02e7mpa48M
created: 2/5/89ftt0ntd12u6b9tn3jd1f5k0n68l20R
created: 1/d/079ba3aq7kts9lf9m9q3cpd70ibi2kuR
modified: 2/0/1csr212k9ktrthmhlm4a2o8gs1bsu08R
modified: 2/5/cbiufvhnmfhtaiq5isvcm5cdrt2if2cM
created: 5/d/e174h9v6mt077v4k2s4ms33idnnobkmR
modified: a/2/stats
modified: 7/a/stats
modified: d/0/27dohv342j7sm8j28m44idoafqb096uM
modified: 2/1/bfr844p2gk7l10kek12a2snkcj22obuM
created: 3/e/0a5o911scq4ks4mruk08rm7mc8irsb0R
modified: 8/1/stats
modified: 9/d/72g9dms57qnt1gq2o52gr7mhdq3p21uM
created: b/4/ffk54iokkf1cj6nh6c5es9fikbop7m2R
created: 6/d/71be0r83gi9h126ds3g94f1r8miak7sR
modified: 1/a/75d4m0keg6tavg7jg1ikv0fghqcldiuM
modified: f/d/93g2dt9jqk3f7goo0t89ouh9qhgbk0mM
created: 7/0/5c770fvlobusa5e0fnjeknnhqntqsqgR
modified: 8/1/dadn1d228fh48msmpf9a3obm3e9o6esR
created: b/2/9dd0l3l0pb9d39rv4n8ai0ca1soc3gsR
created: b/f/dfg2229ktnl3h1a42fqo34pt53ta7psR
created: 1/7/962thmet349n6mvv7s4spjg3m0ada92R
created: 1/c/938fnck3b1g0p37o9bd92qmdmto6eiiR
modified: 6/4/4fbj2eo4gcihknmkcnucj19te9netqiM
modified: 5/7/4dlhiqu5l1hqu2o9d1k04mou38e90p0M
modified: 7/c/stats
modified: a/7/stats
created: 1/2/074seu2vpm95vgqmqtkc6vjf0na1dfsR
created: 7/1/c6umnte69oq76is39u3t15pg4jnj2faR
created: e/1/9de3c5c5co7jrkube1lklpu0m85s548R
modified: 6/4/2cuh1c942ljr61o0q6r5g0dapiped7iM
modified: 5/0/29o3ohs0m2c02o8v9c4tn9gbnql77dgM
created: 6/1/96eh7io006ok815dm8nvthg7d4i2l9kR
created: 8/1/bephib8vh4g1mtmkfoqb0spd8jiq9imR
modified: d/0/122nfbhrkfeltglo04uqp83sc4n5i8eM
modified: 3/0/stats
modified: 6/c/stats
modified: f/9/a1l3hmb3m3ubf33sloqb2khlst0uta2M
created: f/a/b7r9p5jkbb3cbqqtl48d3f4jo2ojnh2R
created: d/9/e4pg2bdgnq5nk7paobacpb04un5mbjeR
modified: f/8/bb0aj8949d6e5t66mgqpl9rmf2oit2mM
modified: 3/a/stats
created: 4/c/daerem4eimu5uuf3rahqfhq5nficdgiR
modified: 5/1/b03v6ucj7t26mom6g4unf8ic6cojk3gR
created: 9/b/eaoj06d3u2aq0ktj080q9s2panl9sp6R
modified: b/1/stats
modified: 5/d/1421obl2r6rjsujh7rbq5a04oh5vih2M
modified: e/6/d2r8urh6fq6n9off0cp54b6haqe5220R
modified: 0/2/stats
modified: 4/3/1508qe4gd2oquabdkp2s0dop65mkn0mM
modified: 8/c/8fktet0o0g0455r7qdjbmhk7oiqboakM
modified: e/c/571g9bsejhvq3najpjstskd3j0ochqsM
modified: f/1/6cddfu4no5k1oe76uoijk0jaso6l7osM
modified: c/7/13p94r0ulk7rps35pqbl9kvfkie02l6M
created: 7/6/ddpca17p4u4cfk13bpf6nonj784i94uR
modified: 8/e/stats
modified: 3/f/stats
modified: c/f/162c07qrgphjdhggneqipid8tu57h6gM
modified: e/0/8a0nmg8lhj1ssn98cmdf4e915ppfjg2M
created: e/a/1543afjko8t4ujhrphbv08g2m024p2mR
modified: 6/1/stats
modified: 0/0/stats
modified: 7/d/stats
modified: e/c/40qr92bbusb9l38ors2b8ctcqrquapeM
created: 1/3/2c7qe7chn48brqbjio5hlbn998lhf86R
modified: 6/4/stats
created: c/8/78kg23u125df8lsdobg9vn4dcu1hkiuM
modified: 5/d/stats
created: 6/a/50qkmfmhoves3i637lo4cop8ugdeo2iR
modified: 9/2/4dreu7m4a81co7t3c4nue0gs9k2imr0M
created: 9/4/b0ldqk204l9df266m6t5239vtna6530R
modified: 1/4/stats
created: 8/9/ffdlv8232o1gbodnt6insknff05636kR
modified: 9/6/6al8qjdigeq5lvuigi6kfgm6n8s92aiM
modified: b/8/b66k1beo7eog2amfat3soqcujklfljkM
modified: f/e/4c7tpch7s8ja0ocq95j8t5qaq0jgss0M
modified: a/4/03mu40m54s0t3vdbp5bgs79iqnb4fcaM
modified: 0/5/ef50g9r0p6nsi76398jte74s712so2sM
modified: 9/a/stats
modified: f/f/stats
created: e/1/51q02e1pe10jummgv394gphiacpdlviR
modified: 4/2/51efr4nejtmvmc5j4pbv7fr0cv4pakoM
modified: 8/d/528j5cumil1u2p38pog29rqv9uru5kcM
created: 4/e/18fcqc7nvb4t04ocqfc2kd7pphbs12aR
created: e/6/127a8b5aljpc1vlvmd78f762hvmtt6uR
modified: e/d/97cjfi58n4kajaoniscs0kah01ps8esM
modified: c/a/8f9ver4dhqlds9h8i08heq647r2mqukM
modified: 2/1/bbo4g7oke7dpj4gfo3kdufcqkaj4vssM
created: 4/1/4esejni9fboua7d5s5omrrag4are9v0R
modified: f/2/stats
created: 2/2/37q9rgnd62aq1ctdo2p7agsr0j22e66R
modified: 4/c/stats
modified: 8/3/434sbcbsnp915dgkfj2me880to7jkosR
created: 8/a/c5gehe1j3nkc6cc30vd9t3mnmbabt3mR
created: 5/c/c0mps04e0codsim9hl053a02po4og9aR
created: d/4/fafg7i5m4dejque0ppu7kt1i0o3jks8R
modified: 5/e/stats
modified: a/9/stats
modified: 6/b/dfolsc1581d0bjp2uck23mi70ot65soM
modified: 8/f/stats
modified: e/7/66c8crhuc8lfvk3i24e813t86fm9u8qM
modified: 1/4/c1e6c7r8nllblhrjbbe8etk728e6o3uM
created: 1/f/b2bteum56lvvg865ne322st7bpfl9nsR
modified: f/f/c9lv0ihtod6roj1j52u571ti3m51ec2M
modified: a/d/1ba6vnbn36ibvbfcuqd4q016a0dq080M
modified: 9/9/516i25unnble3g4ntabd5350e16a9vkM
modified: c/c/stats
created: e/d/86hfq5slqoqh98o36pv823akghgr18sR
modified: 2/0/b47umspum8mednr7hvrv5v294osf3h6M
modified: 1/1/87i10cls39d27v1dffjekh3dao5b79mM
modified: 7/3/fejmchi1k3tbalqfvlrunkdpcbvvo7kM
created: 7/f/022f904hfuman565d6skbqtrbrvvumiR
modified: 8/a/de5qr6f1go8h6mb5o27ts3pj97id2nsM
created: c/4/15jvj4nbrd9akvkem62ndmp47rbo6sgR
created: e/e/4f8b1rbrtbdhkplkkr4cssb0ocvj93gR
created: f/4/2bs9sn3o1fmmnto50t0k0r69n9779ciR
created: 3/6/5140t3r4rshq6s1nsn48e38r6i3kt5eR
modified: 4/5/b2nbubsbcdr74u4kf3at45ho3d28t3qM
modified: d/8/98tu8uu1m7fjbplciodme51bjcf7eekM
created: 5/e/e4kphc90gt03r6747a7f75s63s9fc0qM
modified: 6/a/stats
modified: a/e/510soqf7d0h4pnr84peaac1amhdp0uoM
modified: c/e/d39n56l6evkr0iqneomn7eokn6o6ceeM
modified: e/b/e6gbk1s1j288bg5k6276o0jog1brufcM
modified: 6/2/7b4sgscti5rcihu1spaq0ecn612icimM
modified: 9/3/e8v8q3u1p69ala3vo0kgstbdn36sihuM
modified: 9/f/414c47tr17qe43361640fs89rhunvc4M
created: 0/1/7789i5ev0r20jka9r41m8hfu1r8vsesR
modified: 1/6/5dj2odpmtqif1ve7l0dlqcj1n42cnesM
modified: 4/1/stats
created: 2/6/1563rvigf795anotia8rb81ca1nmdnmR
created: 3/8/7eb93vv0ukg44jq8b56tm6i0s694ht6R
created: 7/c/3dvv74ivuf8l0d280dhup76ejkt4susR
modified: 6/2/576acg04a5677pi7ndl95qo333ftba4M
created: c/e/c7buol0phvja3dcg6ph2lssuf9gglb4R
modified: d/7/a4qnadjgu6k5ogkafkipc068atbcmcaM
modified: 3/9/stats
created: 5/c/5760bqt1ctu7nmhrbm8gea5enk6j316R
modified: 8/e/8b9rsphqq0bp09c2ranof15i9oam8lkM
created: e/2/b4ipjmsqp07rkj1f4dhghh5qv9idb2kR
modified: c/1/94rp1h5l2eghbv87eqvpsnq6bqcgkkkM
modified: 0/e/stats
modified: 3/6/cd4goeaephluerqoks08ivkov9n2k06M
created: a/0/d1hmkaqakksuukb0b4assbquq1dsmesR
modified: f/3/d1vtc9rum9nuo88c81vqu1mgo2g5khgR
modified: 0/f/stats
modified: 4/f/7aedsju73ejjusga9n7cmgu2cvlqmgmM
created: 9/1/e6plca1kbpj2g5rqsr476hqajlaevpoR
modified: 6/0/384rqcag27i0h0ujfu2kil1injiv6s0M
created: 3/7/55pa02gicoukjh5ro0lds03qb7bvjtaR
created: 4/5/eaiv34c82fsok4m8o4gnvn5l6d9nn1uR
modified: 7/f/stats
modified: 3/8/1cp8bi5suob1gqt8fbhdpg2i6ihq12qR
modified: 5/0/b280ru9216g4n66510qbl7h4sdqi05cR
modified: 9/5/stats
modified: a/0/stats
modified: c/b/29jjc6evuruhucsk74qd4eati5r14nmM
modified: f/5/stats
modified: 1/2/deaurfp02kl6qngonm4c0idp3m04oguM
modified: 6/2/ad5q8f8emsd13rvnddkbp3ubdlteaggM
modified: 8/5/10vdm470o6db0d6134cidev1l88ceq0M
modified: 3/9/98e7aloto50scsmpm0kdohjhfb9aruoM
created: 5/3/70202tvju8tpdq8tlh3ahtap3mtf3kqR
created: a/0/0ajcc4v98nnk6o5gm6ddp4nt6hj9826R
modified: 8/5/stats
modified: b/b/6c3576h3unn2tlp2149eks1prs7tim2M
modified: 1/d/ce8eaf3c5mrc7f6k8j1coo5qbq23dj8M
modified: 4/8/stats
modified: 5/2/e0jo3b7nptpan9s39l6b3omqboeij90M
created: f/6/2c35ia3al9kn5403mvd0jpku5dbkf12R
created: 3/4/6du9u482kl3nep034mf73voh7ieusb0R
modified: 4/0/02i1kgbvbs66u30jq3cclg731eigfnaM
modified: 1/6/c0mca7fql1hfm4gqcn3crmu96mvjqcgM
modified: 8/8/f12v0b0cns5anmidkp076jdf2d5ehcgM
created: b/4/92n8tfe7s9ooka0jkscfsdnaf3r0b8uR
modified: 6/a/95u8cjdtdo0l60dkau07s4bmvs71mkuM
modified: f/3/5ci3a85gv2ssbkkh0nrtoqbvtvs005uM
created: 0/c/6d2ue4hqvhefsrhaf5g8ilfq9m21db8R
modified: 9/f/3c6rl7t82uqlish2hvb97qdtu6pvevmM
modified: e/1/0ffamv8l59ib91khj9iujtf2tbl6p0eM
modified: 1/7/729jouh1qrov27o4qkqlec98k8gp21sM
created: 3/7/1d6l2m5rfoq3cnilenbms4dlacqpmpuR
created: 5/8/bffrraqj6g0r0isktbd9bv0prrjilikR
created: 7/e/6b3j7g02632vbo33o1tat50uelp3o2cR
modified: 8/7/d2akk28efo6baitf60b86ivqsgm949gM
modified: 9/f/779uaaubedv29l0rodd6sh742qh4868M
modified: f/1/c2jpefa8ft42fr5a1hgf24chbcj32ggM
modified: f/a/4a232os1v8vfkvk8thneb53mg6t4djcM
modified: 4/9/62f4r60geh9tld38r4tr0set7tmqmquM
created: 7/7/eavr4klo8v7qkeu38pd4l80k6gsp1n0R
modified: 8/0/377cqr2bh99jre90lmi1pe6tmpf2hl4M
modified: d/d/2e4k11739gtttu4klv5e95bo650gg0kM
modified: 0/2/f3baasu9b55q82uqpgetepke88r5quaM
modified: 8/3/fcf8tml37bdrb7ugdj7tcr366cd8k2cR
modified: 3/5/stats
modified: 3/6/stats
modified: 9/0/cbi623qiekv1t83hhvlkhfndivbeq50M
modified: c/a/stats
modified: f/4/4afculeuv97m6lsbda0759vu5jl1ec0R
modified: 0/6/e8kl6oqqi2cs6qqp5e95q7hi57nc4b6M
modified: 2/d/e6elmkvrdppuf36t3r5vlju3j32anliM
modified: f/6/d5s7hdenodm5jtblb0qstc26cgvid72M
modified: 8/4/66lodfsr5c41aou0p9htqhfdkeg38loR
modified: c/7/stats
modified: f/7/83b0ech09e6u1q9ui6jjo0u51mu7lqcM
created: 2/4/01tjs5ju80jvqbd55k5391knn9i7m3eR
modified: 9/0/aeb8v7kh9rg3270dpj6185v8fg18aieM
modified: 2/4/stats
created: 7/3/acmaa1pvg98ggn4afgg2nl4fm2lh4vkR
created: 7/f/a838rg64ng1i6vamnsne8i4gtshf68eM
created: e/d/b3g3rtd8a8ig9d3v2l119lfjihm8fsiR
modified: e/9/0fq3hft1i3d9mb11s7o8mor6hmvlgi2R
created: 7/a/12v8j71toh0fmlughskjoc7ul5ukcriR
modified: 8/2/9a7s3bp070fnu12622amop7vs3bh4mgM
created: 1/d/0eeb0oe92qrcv0p2g92pphaom8p29t0R
created: 3/e/e5kfhn8dr3bef2st6lk0r2m41i15ivuM
created: 5/7/c7pjh4ukpstb15ig8s1mq4494fdjpekR
modified: b/9/a13mhfuckj410jk901s1elubl93ci88M
modified: d/5/stats
modified: e/e/2be7vmsncnvsmbi97sbu0h8jp12vo0iM
created: f/5/bcmfejvakh4nu76tsepcslao60t4gjoR
created: 2/5/e4fo371q1g10ivf2l5u9gbd1b9ac97cR
created: 2/a/6bdh62n3dmb4291umjj3o0alaidr6goR
created: a/5/576pao5man8d1empafdndpi00la82b4R
created: a/5/d88lenptmua22hgejpq2ag6m54pmod2R
created: f/f/1c5fg4l71ok59u1akgu7mt8na5ndjpgR
created: 5/6/e6d8bp23mr1hr7ghqg0kuqlck0q682iR
created: 9/c/7aivbcr8dau2091gq14ssbun2mgje4eM
modified: c/a/d8og368ufo4bu4t251v5p1pp6kl88t4M
created: e/3/e2g3478dcr0a9ncbq81jq4fvgdocfgaR
modified: b/4/a44mqteuhvivogrvgsntp4hs49vmlgsR
modified: b/4/b62jt88s2uo9p7n6bsbkm7u7q4idqi8M
modified: 1/b/382defo1dsei1veots69ve5imt4joviM
created: 4/e/3a949vc7moj8uv6eg99bts64h4oqnr8R
modified: 5/8/stats
modified: 8/4/3fpr2kh1tgk604nhdvvskddh2seqd30M
modified: f/3/b7k8nvpnct4h6gngv4rihpllarrqs70M
modified: 9/6/stats
created: 0/d/a9vhpd5fd4lfji5nsib3b1capajo952R
modified: e/d/c2ekm8c62fu24sohqs3l7s7jegh0gn2M
created: b/2/b19a5p7kd3hgqb0t92ji3goal9sk058R
modified: c/0/106qc611mkhslfgj8ek19d2irt9q194R
created: f/5/2ev7i6tuh5in3lhr684dchbg4ce2r7qM
created: 0/2/1chd9m9prkufl1n6ldpp5o7upu742hoR
created: 6/0/f98211njqtlm6devgqrvbim5dl2cq8iR
modified: 7/7/9419jfe172ja8sj7ucl09fp1r22oc3iM
modified: 8/d/stats
modified: e/1/d9hmi5v485sn89j4q99mr5h2ropkjv2M
created: d/b/8dth9f0enrav8qlj07ufr7a1drgu0f6R
modified: 3/c/e567bd0ft9me43ntgne3ssg4g4a6kasM
modified: 7/8/75nshmo67l8uhdhh8sg1cvndri22smgM
modified: b/8/14e7epg8kmlm4qkpkq2vl2tikmk8f0cR
modified: 0/8/stats
modified: a/1/stats
modified: 2/5/daipb2qnvdirr7j4027do9j8imp8sieM
created: b/3/987clc8vhnm1bqvuj4m6iprdegirj5eR
modified: d/8/stats
modified: 3/e/20heikcq5d3d2uikmk9n0p6lq3qqrekM
modified: 7/9/13lpbqjtq6ptipuhdjpeh9qkeps3triM
modified: f/b/b0djeksfrcpcvckug0ujlsvokib2i9qM
created: 4/3/8dhj59d4eonvnvs6eg9p0g5o5m3u8kmR
created: 6/7/7d5926cp6tok33v5mckqedpn8gni2ngR
created: a/5/6d5f7m2pa27je7uff5unas03u05f1l6R
modified: b/d/stats
created: 6/8/8cir0ojufmvm2vplba7r56bke9rqnbmR
modified: 0/6/stats
created: 3/9/c01n76nmek6s29stv6jkbsur179ldo2R
created: 6/3/79l80lsui8acsr1344fq4nbi449kb5cR
created: 7/8/386lrcvlub7v0ursqkfdnmum478ge2qR
created: 8/5/f7qrq4mep6v4q0s8fb22r68pnr2g4noR
modified: e/3/55cnvdbqcbm9ua8po518fvckvic7034M
modified: d/stats
created: 0/7/52do10hovhugd7ifpdjgqbj3i2at95gR
modified: 2/0/1b4hlmuludj9lf4av2sic3rcjddof3qM
modified: 3/1/8dueh45p41htubstkg0q4as1iva3s3gR
modified: a/b/7dtrndk11u723v78gbnhvtkbeme4vd4M
modified: e/3/a5hb50rkvo674v57t25pstt3kc3fsfiM
modified: 5/1/90femt2qghah940peffjgq067intneoR
modified: 4/f/stats
created: 9/f/58q8c2kij022ci08f0e7ir9hitb2akcR
created: c/d/0d9gsi82arhojujbh71m74mlb95q90kR
modified: 1/b/367ss6bbcckvs7q789882usvibsu3nuM
modified: 5/4/17fqvitbou5tse8asqe40qnus68h6gcR
created: 3/a/e2gkt00go9tqn7250n7nqe7mhp0onqkR
modified: 6/8/b2cur39i704slr684l5ql0240jn7b1iR
modified: 6/1/46rl2g3strnd51rgrennplbf6bmnrq2M
modified: c/3/10km5p6llsmqj141fj550582ufk5ajeM
modified: 0/1/stats
modified: 1/8/6b4ujgv8ku3dppai1kpi8hbgbpm83aeM
modified: d/5/9ba75vf85dm0757fv96hf574lctefckM
modified: 6/0/6557uch4oa0nrun7giqt1qtl127aqvmM
modified: e/3/864si9d2tb70i51e9ocsv4gv520bk86M
modified: 2/6/stats
modified: 7/5/17o59fuesv6d8csginhvfbcsfb0h7b0M
modified: b/c/c6d4mekga5994m6rqempcgb59cdmcluM
modified: d/4/a8ncqi8t79jnhku87clmjfqksd5a942R
created: 0/1/e4mqo1delqs1dfqgkev36umfc2q3ri8R
created: 8/4/55370nb3l0udq2i6ml8nqb9bhcqii94R
modified: e/4/stats
created: f/b/d8ca6nfdm6h4omhl52fi44omkb4pb8cR
modified: 2/3/9fuo4tcntst2lpqsqntr610vnoqt2p4R
modified: 8/9/e0gplqmsui929jme280p8tefaffj4bqR
modified: 2/d/stats
modified: 8/1/158q8mnond6ql3p79r0e9vqb7h7ogb2M
modified: c/b/784hg4irs74fn9og252lpn2bnba9tqeM
created: 3/3/15nc9881mgqtcd96jp6m393akol9pf2R
modified: 6/4/33adauk3nbg80fele6acdf0rpu3326gM
modified: 9/3/17o19qbjt7n9uu0i2grp81iacubrom4M
modified: d/4/edo5sv3tn2bhtplsg409m9knnrjp23aM
created: 5/2/6dh5i5oqqgv36h3d81accp6s6qfvjksR
created: c/d/cbe7ejchnathmvli53j9ggsthffear2R
modified: 3/4/dena6n5029rl2rc7urehl9hm6q3eoq6M
created: 0/9/3f2brnk6gi05s15b4990fnrov2237u0R
created: 9/c/8bppcugef1ph7biv5q4snbmknndfkaqR
modified: d/e/e2g26um5qfg9pn64fjc43212luii4jqM
modified: e/d/58iglt142ososgrb20lsv1an6bula6sM
modified: 2/f/2brq17pbi5ilfqrldsgsndaom4jn21sM
modified: 5/c/3elurgla9qdh2fgdojrlfqh9hercsb8M
created: 9/1/47fqs0i40cd2ik64idro4l0u1mof91uR
modified: 2/9/d7qn225np40n2g4a02u9j05aqb4kj3eM
modified: 6/0/7d3na40hj9hh11jchkp42f4p1tgg70mR
created: 8/8/bef3e1oteul869q9hojo1r37u6uiafgR
created: a/9/064rflo0se2vmk9duqm6nili1ob672mM
modified: f/a/07n4gqf156lcnplq9klde6r1sjf2um2M
modified: 2/7/3ec76j4ma5hsa98ujm8jo26eg5e4j42M
modified: 4/3/stats
created: 8/3/d3ts414e1pdrgltlgsuviebv3nvoavaR
created: 8/5/e0saj13u92s090h84hkutcmnle8k8huR
modified: 4/9/92os29sukkkr0to1l9nc692c8b71k12M
modified: 9/8/stats
created: c/b/28g54ohtnp10o15kqhucb98qs0fjhaeR
modified: d/4/baln38krpjunq848b0bq7acq67j7lveM
modified: 6/4/24931k7o4foqkqimov5alifv17pagv6M
modified: f/7/b7fhpc6la6lpv3sqk68dm8slap53m6oM
created: b/d/1dl0oknmu0mmj96r1e2pfcad0qk1vbmR
created: 0/a/fe3cel8kgsq2cet36obt0g976fecvdgR
created: 1/7/5d18l32l7r27m0q8jni3b2u3mpne140R
created: b/5/41q2f64t0vkidnnrpmfcu7g2v1sh6h6M
modified: 6/2/6bmr4gdm3ctc603icu0r7p4i866kskuM
created: f/5/9717ij8ltvtprmsnmpr0bg9pemhmakoR
modified: 5/5/12tp62i8q7929ueh3rg56gblnberp5mM
modified: 9/4/stats
modified: 0/3/stats
created: c/2/44vmtvttblcbsl7i8gisjuoheo2qil6R
modified: 6/2/stats
created: 7/f/4epqct3vovlfng3fhips87a54d9nqtoR
modified: a/6/21bamm4tt0495hpanvi7f9j4jbuoe3uM
modified: 2/6/a0hbmga0qe4jsa8b6lo2fgd9qfdp1l4M
created: d/1/9bd59uoo3bvs8lp4i1bdeu9d2clsqvsR
modified: 3/4/f2a6bu9a67n0pk5r1124p6k9v9qic7oM
created: 3/5/a5tr5d8i7dj94l72mkkjla98iavdfeiR
created: 0/a/298105b7hidgcgn3pbapip0a6c30vhuR
modified: 6/c/54i4m3nb23sb8c3g9vtmoghrrgsn5ucM
created: 2/2/aafm3jik6bivasdmh8v3uen742hms06R
modified: 8/2/7f8emsg7p2qda08vfe3mcfbno6mp0mgR
created: 1/c/0d0d9r8rfa8pjpajslpbqv3tci4e752R
created: 3/2/8ca9pci5j3srr513sc36ahfmva2md3mR
created: 6/6/24erop4bmikiql17bi7plrsfrs069biR
created: 8/0/421e1a90ophuo9todee4u7bpvepsfgcR
modified: 9/3/5ag2rm5b6cfbi3s1vh2egtkt0593o70R
modified: 5/4/c5obns558olpb1a5g21gotjf54fkdliR
created: d/4/af2cajtmp7f52bpb8rq79np6br8rv7gR
modified: 2/1/stats
modified: 3/4/b36lhpg6mf9398uuo934ls2vvlp8tsiM
modified: 3/7/5950m2tci4hcdch99i6p0mbr5hebaruR
modified: 3/d/stats
created: 8/2/dclue2m0qjhh899ks7pf95nkvaa03a4R
created: d/f/448d1gl11nh5bpjrj6rhtp35klm9p22R
created: 5/3/002tqqtsvc51v18pm7drfb553td53m4R
created: a/6/f58du55rm158bn9j672oho7j1dcg5a8R
modified: e/1/stats
created: 1/7/efr6n156eq9ptoajjj2tkkgesthpausR
created: 4/1/0egfee98eavabbeck2k4llvovifd5bsR
modified: 6/7/stats
modified: 6/8/65vep49khi4bqm66t0d1ag19js04sgqM
modified: 9/7/stats
created: f/3/663h0ahf7po3af8ik2h831qthr70qosR
created: c/a/6cbad5bjrofhptlka4qo9jj02n64q56R
modified: 9/b/stats
created: b/5/39tg1dfoh051djhismij7518dcqg0p8R
modified: b/b/6cdb1o82qu0n55bhekjmn404uk2cejuM
modified: c/6/37emhfpgm3kpa7j5s4482t6g119uu4mM
modified: 9/6/adim6kj8kmbi49afgsbj2qnqgaea0v4R
modified: 4/6/stats
created: 8/6/3cuf6q41h6qpibg9aa2iihtg5b0sqk0R
modified: b/6/11ipsf0j5qg6cm4fh1au6dbaqgo8gsoM
modified: 4/5/stats
modified: 8/8/stats
modified: 9/0/stats
modified: 6/7/f7d40lnea1021d882i1hho1osf8bhpiM
modified: a/2/f4sldsggqvmv5nrq6ein0ks9v40i0riM
modified: e/c/8eaeprtnj3prs6mkl26e7ea0568pun8M
modified: 3/5/dai2ptoa7cmqv95eq6mhmjghoepjucsM
modified: e/d/d6c9qtlpvt81gmp4ntrprhusfit3pisM
created: 9/6/456mkjmlajs1vnoc7vradsjjr5m10l4R
created: 0/f/baatgv2aqtmkg46rpal3gste295l7kqR
modified: 1/6/stats
modified: f/b/d8vgfa79152e6ovgsnsdvqctu6ia9feM
created: 2/c/3aq3fffkekiv3r39bv5v42mmeuhka4sR
modified: 8/0/stats
modified: e/d/stats
modified: 9/1/2d1aid98c3emuk1554dpu30es54t7nuM
modified: f/c/93nqgf0o44hsqlaeb0s2932trc9f0lmM
created: 7/f/a56pdt9f4m3fr8oimadnsak8he9knqoR
created: 9/b/24l0ijhmrrn1vcka9jnrei7e871lpmaR
modified: f/6/stats
modified: 3/c/23uhb7qeiq5ncnfddh768fjuv3dk2dkM
modified: 3/e/52bj8s3u4bm8djqvm5t06mh5jqdtn8iM
modified: b/a/cfp66u0n8kejj6bg9uci2spt4idsobgM
created: 5/7/b30a0659kgi9aaqtbchanfpbc1iu59uR
modified: a/2/b9qtjicmm6vv4bjpd8kcqj3rj441h4kM
modified: 4/f/4bl1onj6d8v1n8rmakt6lqj61jdrceqM
modified: 6/stats
created: e/8/bevhf5bvs27q0t3ocf29a8sju9vgf84R
modified: 1/2/f5q16m6800ou01lcpkcb0i18mku8f9aM
modified: 4/0/d5u2008odj80i3298ggh4jjq8ok0j2sM
created: 8/7/b6drmden7oigl2rro8bdae6jhc758pmR
modified: 9/e/a5u71t43aa4ulko0cqpmgcn67qid1suM
modified: 1/stats
created: 4/f/34bo5613oulvloq1v78b8k888v2gdfmR
modified: 9/4/d8eop9jnphea9o8rd4vkab2g2401qbeM
modified: d/a/9f6pca154du1kercbp8rt0k8sppl1ugM
modified: 2/5/cb598jm31id97mpptneacuu9oh11u72M
modified: 9/8/e2hssbd1d05fi1rbam8k7ujjmulcbm4M
modified: 0/7/stats
modified: 5/b/stats
modified: 9/5/3f54a3l5d7bm62p4k2urv5vmn7peusuM
modified: c/c/15ntfmlpekogfo1atco54catfdiq2oiM
created: c/7/c063uvjn4oktk0s91te9uin6fhne8ccR
created: f/9/503j5srajoak62j8ijl32e1s2td2a1qR
modified: 7/3/stats
modified: c/b/bfr3e2l5erfs4b1gbdv68npm69ch0foM
modified: d/e/fetk0ce9u7tupnafcpe9ai6ekg5l3bmM
created: e/a/54efv3l0jnba5sclgd3hekm27slo87kR
modified: 5/3/c8esv2nbn2tt6d4jrdu6u12kmrtnqreM
modified: 6/0/4at1juci6cu54qtenh3pkf33d3bhgn2M
created: 6/8/cd79cv79oili8hkrh1fe380nbg5vidmR
modified: 5/b/37s6uhd6mumc8unqm6ru7vgc587oriuM
created: 5/e/52tsggopt73afpg0fm2lagkajcb1ohiR
modified: b/6/3eipsjujq4fpbm1pbvtgcqga2dm5mo6M
modified: e/1/987va0qv4fcijdbbp939crhksbquvjkM
created: 2/5/10fil2p8onpljllbg9nhj90bol8crkiR
modified: 5/a/dam7utmk6ehdreirrcju65o3qj101h6M
modified: b/b/stats
modified: c/f/39bltmd5orc6kq2b4k16ufbfmg33ud0M
modified: 6/1/7ck0apfmj19coq4k1nbd383udnitsukR
modified: 8/c/0641d6pe1gcoq296sqea4ojna5cs2koR
created: 8/e/55754e2fl393f31ham42bftdeu2utfmR
modified: 9/e/stats
modified: 4/2/e51s5bno58so2kthg4f4heg8tdne7g8M
modified: 2/1/49e6rv8k2hia8f4al1a79vquilcpd6sM
modified: 9/7/28ehufjp3gm0pars8q5hlgjunup3mhaM
modified: 9/d/stats
created: 7/1/24bp9esuui7kg730pasvv9trln7ov6mR
modified: 8/7/stats
created: 3/b/75rs27kkhgqogs2rfefibq62d4ma94cR
modified: 8/4/stats
deleted: 1/a/f2reo8obi7p5l5rlgnn6985tbit1pooR
deleted: 1/b/bcqctt7nh6slj4n68e99tj43bg6uvdmR
deleted: f/6/3704u5u8uu0453986tmp0b79colvebkR
deleted: 5/4/0cmarvb94u5s2iqqgkkcfheq67kn7d0R
deleted: 6/9/0a4b0du40of4qgjvqcnn3ofkrgo9spqR
deleted: 0/7/cf16j7qe1msu6v9nojl54ojg3hlio6kR
deleted: 1/7/4d06n5bjr6o3408svdetmnn2la9itd6R
deleted: 4/5/a0ov7tkgo2smdr0kegc0pmq768ou29mR
deleted: 5/4/e9v13mecno203nvft0sl60bgpva4jscR
deleted: 5/d/f5ueni5dtkkhleg1ioifbtvkbf1c2p6R
deleted: 2/1/d70e0k0s8tvula85mrbp3ls3l0leil4R
deleted: 1/d/054rhv5h0rkdc3kfncj57rn465fsc54R
deleted: 2/1/98cr58phpun9hmf8n1ni0r3adhjaoouR
deleted: 3/a/90tfg6bsikqh4jme2alki2l94fd8teaR
deleted: d/1/39ehpjbfam5evhgv686artckhcn93skR
deleted: d/3/a1okts90fs016pr1o4204o6canjhkouR
deleted: e/a/63v5p6koqv5gnms4ucpbipk3l80i0fuM
deleted: b/8/1ceuj9aprded832a9bu94hpjadt02puR
deleted: 3/a/1ek6jh6jsscnmlvapgusj4igrb3rfcmR
deleted: 5/d/c84n94u5harb32ucg44v9mgoq794apuR
deleted: 3/c/13nk9m1ki773mlh6br450u8qf8739n0R
deleted: d/0/a6cjp7nnro7trjj8j694jrhe78p363iR
deleted: c/0/17j127gpiie2aemcs0lmqgg8m4qlv9oR
deleted: 7/a/b4u5be5848kbcljec6ob7595rlnr9duR
deleted: b/b/79nfk7028r4h1fv1g4ov0irghshi8ncR
deleted: b/2/f39lvd2ctr0co7chvnu23ojm37sb7poR
deleted: 0/4/cbmhfkj2gefqgnhlome9dufdcoecaliR
deleted: 2/2/abqii9s2s282umdqpfgecgsm0e36298R
deleted: 3/c/b49oumbfrghu633vs9lnsn7rsdsnbr8R
deleted: 5/9/2fsogcee3mig2u3mpft34dn2phvck6uR
deleted: 4/a/b529apr7p4sso1eklvgq11rketgsgjqR
deleted: 8/8/49oc1r6dgh2l267r7dug6co1u91ka6eR
deleted: e/4/56q2ltuiuk9t0gg7fqk26r6tjsqp3taR
deleted: 7/6/6f4vr3rlq917udikkdihnquel391m2oR
deleted: 6/8/4fa49gg1gphkhhgm85ipd6oliru98i0R
deleted: 4/4/ab4u9i3n6h8god5mllsh3gfqtfrjsfeR
deleted: f/0/6167cd9vhu7e77grq8pep00dglv0gc6R
deleted: 7/9/7f0un58sn8tbr20suhgik44giehaa02R
deleted: 8/1/f2khm54vqr7jbv8gdo4ho01q4ovme20R
deleted: 8/7/6adbos8h81ag68avnen72itts6t2gvoR
deleted: 9/2/07jbgcsdl4fd01p0n6nn46rrvra026aR
deleted: c/3/5dlt4e9tjmlsdqthphdo0m6g83qqsasR
deleted: 5/a/3fnac6hdjm7omaa626n61miuno4u5u2R
deleted: 0/b/b58bj7g6l80f75a47qr4om8t7hoim2gR
deleted: 5/7/bd3qrqbg7mv1icfnj25m3jd35fj1kaoR
deleted: 3/a/53g08vb28slfbqp15me9gdvtfc96286R
deleted: 7/b/aag264jub38fhd34o3n9gu75hhfiu54R
deleted: 5/4/0069jjc1b3un2l6qca57n57flkfbl7oR
deleted: 5/0/01n2hj64v00h4p3e7kv701po8jhdrkqR
deleted: 7/9/fbh3lunb5qoj3efp1be10fi4sfol4noR
deleted: 1/e/bfvd67ep1243cja6t1jpcmv7uvvapt0R
deleted: 3/6/dfdrpvpuablums09c10rd9njfpbn0toR
deleted: 5/c/16vj7rnn1t1b8so36g49tqvub63mr36R
deleted: 2/0/928jg1pb1mnf6553ki05kh2gnuc2v90R
deleted: 5/b/cabia1k8hb8f46fuoj6nha5e7b53op4R
deleted: c/3/12eksi11f9o3gahud7ubi6cfijqldksR
deleted: 8/0/d4rik2r5v3tgqnfajqg5ri0qnesij3cR
deleted: 3/7/abue293nua16rh2sbk9r8gmuse41pbgR
deleted: 1/d/65k5l8k93vtb8dllqgrm85edo67fasmR
deleted: f/3/48lhbqi3s4244f4jt667lf1sb87rjd4R
deleted: 5/b/eec7ecl0hh178d6u0200s876out7qbcR
deleted: 6/3/e73bodf8n7eespvb8p4srfm6nd9ng5oR
deleted: 4/1/51fva3qo1nrn623em3dqr02279ns5ceR
deleted: 5/8/dccmbai22ed2l6khjhpaa2n4s6shfdoM
deleted: f/2/984nblj4n527cm1j62rijk1pitu09d6R
deleted: f/5/14sjtb02ouiplc4nhd8a3fjr4dkvtskR
deleted: 5/e/9fj1t1sof7q6sv0el9pb0kufrkvdc46M
deleted: c/8/6bnd033eeflr7ph0vq2tpn9kd6gmg4oR
deleted: 5/b/01lea7mfq4o0iheqdkakbh98mkklmg4R
deleted: 5/e/51v3i2dm9ic8t0ri3s4maki3au3et84R
deleted: 5/d/65iv4j244vrhvf9qgibi7390ea5oui0R
deleted: 1/e/01o9a817mhci3g071klqe1lqefub5lsR
deleted: 3/9/6atub4nvtu8ug5887j9plohbn4sn3dsR
deleted: 4/7/dfdpa77hjn5uov7b31lel4djs5knm6cR
deleted: 5/d/dcembq9eoo1t9eobu7j8f9s0bhaju7iR
deleted: d/5/904r83qivqcglo6osndrulrctnanqoiR
deleted: 5/a/b8d84hib65dhnfjilha19cbhhovoiroR
deleted: c/1/c7i81muqu1o99kbas52gr4l22djmfe0R
deleted: e/3/d3scmbvgqtt6nur7akrv0qamh985qogR
deleted: b/7/a44rcvlsp6ke1rni1go74cp6mkjrv8qR
deleted: 9/6/ec4h2tvoemqjr6m2hh8tldb6nen414eR
deleted: 1/e/efae3gjh90ihqcaf76cs7k33l7uk0laR
deleted: 2/4/0b9f7q6fs5o21aqmfq0hlahbc88ikguR
deleted: c/1/0eo67o0sgk2p07f65g6ofo91b4g9a0gM
deleted: d/5/b13v06v190qj7gltiqjci9uq9ac0u5eR
deleted: b/a/2dvv0c8h1f73iue6ptiid05m7abgftoR
deleted: d/2/76jbkpavth990evr44dmbs9vf8b575uR
deleted: 5/8/56k1chcfo9o2g4ib3kqu1r3tornq5hmR
deleted: 0/1/a80t07f35nii8eqogr6d3bq5rmcqeosR
deleted: d/0/aer7i7pg4cjcvh90s8psivr3r1uuio6R
deleted: 1/e/72qlblp3iejcm6avbo3ivhlvuimnbk0R
deleted: 2/3/5fdoa2inrftpt4c7amd5a8h0g073ol4R
deleted: 1/e/6ails4jujrl4qav341oqrechi14gvlsR
deleted: b/b/07m15evtughkq8ft0o2f0hocnf4nuvuR
deleted: 1/b/ec0n42je8798jurll5m1jfpj7ts1554R
deleted: 1/8/bfrs24b1mlg58oo9f5flg3j9hjr20l6R
deleted: 8/0/dfnn9gsqj8ngo3tbsi2kqvld9jr8c7gR
deleted: c/9/52dql47t9anr5bi9svnks1b0bo483muR
deleted: 1/4/5cu394t6g9nnev406ni06vcla62ep6gR
deleted: 9/2/9fr6o0dcjk8j9td5annjtmiut14bug0R
deleted: c/8/d0k24forlbe8fll23h9a5d8lgpi9k4sM
deleted: 1/5/c1riklfvtpckd18fevp3btumr94no9iR
deleted: 1/3/2frtg061thkjepvdlb0pacpgbv9jcfoR
deleted: d/2/f20qbj45bamq902tfn85ggo1jr535uqR
deleted: 4/1/96n6j0v8qfrb42kuc5a12qksjb428qgR
deleted: c/3/fcmm1nh8hfjhstphe5t4i8sdp1c66ieR
deleted: 2/6/07ocf18skkv0enr3g5au1bur9rql7hiR
deleted: 0/5/1cee7hhn1cc1vhs27pbg57iig27513uR
deleted: 3/1/9ftltsp1gqnfbfose17pbb25j0n67agR
deleted: c/8/d646sgj3pntusiled498jt110isdnucR
deleted: d/0/ddatvh240s51mg671be555qrolsgraiR
deleted: 3/1/aa9ttmnmov27nucgpg06t1jossctjmoR
deleted: 7/8/a8nt9o103k46caqamkdbb9mdoj87eboR
deleted: c/8/5d4ohfm308no1m32tnm9gfsbi67kv3mR
deleted: 5/e/19juk7ibmih7hjkn4ft484bm42e7ff8R
deleted: 8/4/680sfnpphr2ruoer4tbs02q2kv04pagR
deleted: 5/e/aamssd62nc68rlnt4puu2n1f7vea2r8R
deleted: 6/8/693lapc77mdv952gld808t1h2914tekR
deleted: 5/0/f983p214lb8svi876ss99em73gfip4mR
deleted: c/1/17r4lh4nsk8f8dsd74093bnprlulslkR
deleted: 8/2/d1druj05eqrcrpbqvkesh0vf4tg8cp0R
deleted: c/8/1btbt97v4n74t4g2ujusp6d8q5u1j4kR
deleted: 5/3/63s9t297s3trmcdaekarsdqp8r18ci4R
deleted: 9/8/fc1vs27ct9b14a6fnbgeo62rtn0qom0R
deleted: b/4/b0sjiqqucull7iib1g763hdhu35icgoR
deleted: 3/9/c79lphct7pq3d55ssed0fqjnorpu394R
deleted: 2/5/42pe58spn5sehmb5cj2eebu1uoismeqR
deleted: 4/8/277cs6ia8jt2ecilept7aosgnek97hkR
deleted: d/7/6ak4msp77hd579a9gaiiej2ijanjbgqR
deleted: 5/a/09nluaohn7v0au77unk0hc3rr1uee68R
deleted: 6/8/d66qv1a1nmrk1nmgtt494ej3reu0nakR
deleted: e/5/b9mf4jfqec369oklkc2marc4hvlcdugR
deleted: 1/e/9egetckmuusu96867c3nnpj5bbc9ho8R
deleted: 5/3/5euv3i87ub2shckl71o69vqm1e9kto6M
deleted: d/0/c8018uv3r9b91qbghmsr05qu97jmooiR
deleted: e/1/fep0dmldcits62qqmvfl9a6e7f1argoR
deleted: 0/3/7bcbvb1u474mjki835qadku0q4mq9k8R
deleted: 2/5/75hfgb7ng7p3n1gqo8lla1f82ppfqtkR
deleted: 0/3/0bmiednd4m3m984b7dlfbd9mq4gskaiR
deleted: 7/9/99mnnuj7hsqcvp218hlafkl95l6pgbcR
deleted: 0/6/eeh2gehneglp3v8nfd3or42gvomn030R
deleted: 1/e/a89bmc77n4lfdkm894q0bfk466hnmb0R
deleted: 4/4/e76hj8jh62itt8lmsmoqov5tmd9v6hkR
deleted: 5/9/40bvj7nqaeecm2s1bgnv50dg7jejltsR
deleted: 5/d/853oj3v8n7rq91ljvl8idn2h1kil958R
deleted: 2/4/32lu6u806428k13sa2c23lhutfihf78R
deleted: 0/1/37btqi33q7f0mcc8gcglrsgoqe29o6gR
deleted: c/8/1c8at8lsken9a7nc2kqii2lrsa1k0lqR
deleted: 5/a/e49oevqk6c42m45dpu5q9eeadhe54kkR
deleted: 1/6/0amt875nnsdp1h427vooogpngvfulseR
deleted: 1/e/92phcb0n9gkgkep2hq610jfh3e25vbiM
deleted: 5/e/b18rfsb9uk5j72mg9bi3dl0u36qo0rkR
deleted: e/7/37vmospo3behjhtuni8efftiltkvjkgR
deleted: 5/b/49lb3rq96ofumrqobjdtk0a1iusd450R
deleted: 5/c/51dfma1mvmtpmi5julauvmdlen4rcvaR
deleted: 7/a/5da6m80qph49bfvqichbl0gv6ru8b6sM
deleted: 5/8/97gps5rrarf42obrar8bu2efpnehceiR
deleted: 4/1/82ccif4lu2e2ehbpg668k2frt40g20oR
deleted: d/3/58q2bhj2e80r2vge01u1uri74opavr8R
deleted: 2/4/2bekh5suss83ufe0e3ebirmib8duhnoR
deleted: 3/4/a5ann8kjp25quqgb78hpl7iqk00jcjqR
deleted: 5/e/020ckgfe7om98nq9tmde53v3idgpsr4R
deleted: 2/3/748p9c4k5b7a89g0e2u8u4d72fnfsgiR
deleted: 6/8/e2krc6k8ussuvu6hscdeui8ugoegpfuR
deleted: 5/3/73drftmos65iuqrqk7ln6o0vlgvhkugR
deleted: d/3/e40me0dmnev66r1ro8dh6hmf4542uicR
deleted: 6/5/36sd0m9gifuu05h5rjaosdj00cjeldqR
deleted: 8/8/1a5c2c47fg5ga3d80r72sf53d9ckl74R
deleted: 2/2/6a3r9ovc05aajr73m3qlskdusbeqg3cR
deleted: 7/6/2bnpp7as1jsnnnagoa9hjcgvt94r0nuR
deleted: 5/d/9edea2qhno1q0s4k5hmuksved2i4r6gR
deleted: b/7/576q7qj2felsl42i32n2tofntgkfp12R
deleted: 5/a/3clghqsvn3jfsabmvgqm9667l5ala60M
deleted: 5/d/a9rptrbosc91fufabacd9bb65vqisamR
deleted: 6/7/34vu2s46k42tbjb5lhmbg15fmgufvvcR
deleted: 8/8/9aep0g30h7a3np6o8q6rbg8o84j2jdeM
deleted: 1/e/eace7kej1e2ee6hmsliqgvoakjaluogR
deleted: 5/d/52cgcc2aad6rlvngdgetcq1tct3p4mcR
deleted: 1/b/a1g33obvfn2d1edj8kjii3pve1hpm7sR
deleted: d/6/d9hbbh8ih63bdac2ad1m3mcdgph6psqR
deleted: e/5/d2v4qur98k33vco5bmum56e073f2dr2R
deleted: 5/d/63u5ehqcuq7k78vn4vv8eajd3i4k50mR
deleted: 9/6/477246kd261tojl7nhas22opg2m0i16R
deleted: c/4/8dc8fdde49j3s40jra63q547g4hfsroR
deleted: 6/7/c1j27nejubet7sjascumpo4eq6qv0viM
deleted: c/7/b9us4pkekidtr5hbl3g6dl9a1b0g6bqR
deleted: 1/3/a2fg46tesg9annlp9a92kp7g436uql8R
deleted: e/a/da6630hq82f7me31696r68nvgr9k1vsR
deleted: 5/b/d7gi953cvsu1i2nddqd4bid6kcafcusM
deleted: 5/c/96j8sg1p6bc278gko57s2ngntksl2u8R
deleted: 7/0/e00ie5f3is097u4plcb6kaen7jsgan4R
deleted: 0/1/a0l0q2njvt6evhqhveo03i1n2v3cedsR
deleted: 8/8/dck51t2ju9kiocce1sh0fb1qgiqnbvkR
deleted: d/7/ed2kqgukl96rg6vd3cgv9rcqkd9ecbkR
deleted: e/a/51lv8dfcll65uo0u139kchr0i2lloseR
deleted: 2/4/ac1vpnlmdjpjemv2ko5jjm71jmrrshiR
deleted: 9/6/9cbjv5c1tksrh6md5pip8j481st1no4R
deleted: 4/5/66a3o79j0mhpkksp9mtcpe2v83ubve6R
deleted: f/2/caf2e56ap414g91dbfjm5ru0ltlfskmR
deleted: 2/6/210120p0c9boh1q4l2u03t833kmhmieR
deleted: 4/7/58bd47jq19tutt73l2kk3dftr5722csR
deleted: d/5/b8sec7qm9rca7hrdb3tqr3qh64ogic6R
deleted: 2/3/43cbp186fdbc9n5crjq6u0c4hkglfj4R
deleted: 1/e/f1ht9s42pkr0j1opkb8q3eojsv1hl8gR
deleted: e/5/68mvj1qtf7fm95hptr6i5jm604lki4eR
deleted: 0/2/fcb1php04uolq0ct9bgidbr8u3qir4mR
deleted: 0/0/2di57bg6lje1dkuf70nlcgv85k17ugsR
deleted: 1/7/2f0pjbcrliqtm92k5j4vt28d0a0507qR
deleted: 4/0/e8ralha25d5p5plkdshaq0bhfc41t9kR
deleted: 0/5/41ku698h3lddarot3qs3g0k7gh4tbvgR
deleted: 2/6/b1cghcq9rhumjptci0888l0pq10q20iR
deleted: 4/1/bfmsljjd6scak5l8rrst90nrv5rqpsmR
deleted: 7/2/deqkaokrlmi4jmnulbj222k3euhnfrqR
deleted: 1/c/240p2sfm89oqdhl1dkc5hjlvtkhn2t6R
deleted: 9/1/0ef5vv2ql2arqo719d78p5sk63tn2k8R
deleted: 5/d/81vjfsbbpoqfnlket50lesa12lijf7gM
deleted: d/5/5f75lm98dbmvlpn0thlf5gib7uu2676R
deleted: 7/a/d9cropkmrd0e7e765od6aob2f3sgcd2R
deleted: e/5/cfm7i44ritkvqopmsem266i270iif6oR
deleted: 1/4/7e1j4hfposrfg2cjafenb06bn0g32fuR
deleted: b/8/e6ldrcbbrqp2oveeig1rm27engo7uruR
deleted: 6/3/c7spq2cuq21c3v1mue8bidheaeqlvh6R
deleted: 2/0/55l3p2td95j1531iogahujkhm2bl7keR
deleted: e/2/3bp6fe6m7hftfitsq9fsgq16742a0luR
deleted: 1/5/4b8dpdsjv0mt9dh3c0j0q3jssqmbqq2R
deleted: 6/8/efuia7bc3to7fke2jllsrgf4droik1mR
deleted: b/8/ceach14lsmulki4d3c64g6peuma23qoR
deleted: 5/9/47m1h1krhafhts30aqv7hgvbfael0oiR
deleted: 5/e/5fgu1sre21nel2qj6g7b90sqplp94mcR
deleted: 2/4/b8eqo6bovkqqhte4nd8pah3mpsjc8qaR
deleted: 3/a/9e4igia45srnl3dcc5tgf1roopj3hosR
deleted: 5/d/cb96nd6rh598trs1d206s45alpi444cR
deleted: b/b/38jp45gi8dofm8ci5c4vh5buo006e80R
deleted: 5/8/ec8a4n7ul6qvirjpr54nl6uomjl2pjqR
deleted: e/7/06eucgs6u8gprn1vp22abe7tl3k13qkR
deleted: 5/e/1fjvujdn030s0o5r54j6a119175ppg4R
deleted: 5/c/01eme3pa7f3ptqv8j0eebmv0gh8ebooR
deleted: 0/1/e6ke72cbqfl4rera9eenp13j0d441saR
deleted: 2/4/452l3nose1ngu69r9ne9mih3cqg02dkR
deleted: d/4/dcjh9gmumu51eb71mab5s404mhneg7uR
deleted: d/7/96fm5fle38d7aldf5dp4us87bi0agnsR
deleted: 1/8/78ucrv3rnhrojsj692nta3urioklp9uR
deleted: 5/e/0as05t7ql48fln6l16td00q0u7e8lhiR
deleted: b/2/d6f6n0n1ggm84oi23nscrtn523ec92qR
deleted: 5/2/fau76gijdkbqc6eb8t5n5mdjbb6eoqoM
deleted: 5/c/aejee3jo6v1tjsaeusmf55i1hptdedaR
deleted: c/d/71bet4i9o4btv3u6n9ju134flannk5sR
deleted: 9/6/6408mm83gl2dt9q148e177o5c9nn9noR
deleted: d/1/cd9b2mrshhjbb08rsrg9ncq9tv1nke6R
deleted: 0/0/c9t5ph4led47lhmdsv06frlq0dstemiR
deleted: c/b/b8jsl62taooilmlkl3plb1kauf5tf02M
deleted: b/0/a9dd636qfna7ejjfk3c3ebvkkj7boo2R
deleted: c/d/b1tvqtkeg5mr35ot1bo0425pd7a1rloR
deleted: f/2/4cpm672afk2u5l5ik8fl5e7kaa90i90R
deleted: d/7/07v9ha7u8cmmnkika7u2gs3megvlpqoR
deleted: 6/6/f6t9nmdn3584kl3v4hmfudpde0e72baR
deleted: e/6/3efgeef6enklfc9nulrtctgmlpjlb7iR
deleted: 0/6/157fqmu5qb7v648mi997ee79gubd910R
deleted: 7/8/1bj93362qkd9aq5l5phqdn46ssodin6M
deleted: 5/8/b7cbmgptjkllqlldam5v2fma78h8uqaR
deleted: c/0/1fksb3bapntil80i4p93va7epfaf57mR
deleted: 0/6/4f93kdbt1fkn7f1i6v1bn8o9h4sshf6M
deleted: b/2/b15tf183ufrergnn81islr6q6nn3o9iR
deleted: 3/a/c6o4ovdor9gi2105okp92cf297fkk0mR
deleted: c/5/edpi7q2mge2ip8cb65h7j94f90ni5vkR
deleted: 2/5/46lm78l96kr7rt78ac0k184cqf23p6eR
deleted: 4/5/88klkl6ql2ofk5e7i13appiqa4mm9ucR
deleted: 5/8/2altlh1ud7cbajmuaqm4ckcpfmevr4cR
deleted: 5/d/fcacvadeb9ckddn01sp9skt9gh9qvquM
deleted: 5/d/61siafe416jp2m7ru55aameq1n0ka56R
deleted: 8/0/0b9f0fp3h1lv448mfruf6tnl5boamp8R
deleted: 9/8/2ekraa9361cmuak7tdcrm9ukd4jpsbeR
deleted: 1/2/63t7ljmf5tipekfgppjcoid7lc3vk7eR
deleted: 2/4/adsdn8v1qu2ugsnbt5h4cj23menbifaR
deleted: b/7/e62dvrq8pmt6dsn5bsnobkqlfgtrfp4R
deleted: 9/1/dcdeg0j6qhsfangb6hmt8f6p2due0qiM
deleted: 4/b/3ap9m7me9cartst6kmgspng5edesjgcR
deleted: 8/a/345n002pqv7b437kshsre2qhrc2566eR
deleted: 3/7/2b61gd92chtkphbcrnrjkhero490rv2R
deleted: 4/8/6a2qbavcp6vfunqd9qkjbt4bp0r3988R
deleted: b/1/e15mtlk52286t880b2t11m9i065ud54R
deleted: 5/7/f7f5jomdgpdfs7m4h3d18kusr13abaeR
deleted: 6/1/8d91ocse656nek8ohlpuihca540h1d6R
deleted: 5/d/7bo5nscbf42omotjvabrp9bf80fpp2qR
deleted: 5/e/8cfqjf1u6b87hk17p75ckjcf85kgagmM
deleted: 2/3/d59jee733uacfnl60jhhbnl9sc8uhduR
deleted: 7/7/e8nkvk0tva8idrq5cv24des26hgvlecM
deleted: 6/3/d0qk0ojp1dtn5hbjgtdqm77s4otgnlmR
deleted: 6/6/d5tq470k6j0a57b5qjrqm4it62ne6tuR
deleted: 5/c/12ms3cqlpv3p2tfnkftumpo0kkvtt7eR
deleted: c/d/57h8e173fo92jcfnalln1jklpeijm0kR
deleted: e/5/7chmsqr49lia3el1rrrdd36044hom4uR
deleted: 1/1/64oamuk7336lja2rs5hul4vj97aevkmR
deleted: f/3/06uqul7e8sr07aeqppi8fanv6s87jvqR
deleted: 8/3/b1as55khh8hgj4n3fu2tnjq366qa228R
deleted: 5/d/66igvjns5ruk3c5bnguk935j5oqfn82R
deleted: 9/4/55785cmgbtt6rm1iq83go9v3t1a8jaqR
deleted: d/6/e5pvlvsr5sf8knsnsh8fh70nq32ha20R
deleted: d/1/7bqd9eg3r5oju8lhvbb4b2jt7u05cvkR
deleted: 1/8/018lspv38hc0khtq1bjakq7kccr0v3aR
deleted: b/1/f2krbctk1tf0u5tmr69a5b247a1m12iR
deleted: 1/c/10k6snsjhdusmu5fg9j33li6vlj8gg2R
deleted: 2/3/4dpl49en7je91k0pm8ge30u45l7qng8R
deleted: c/6/620oob4132t769vt8p5ai4nm77dlk9kR
deleted: 1/e/d375od09fob49ff373j0p4vcerjjel4R
deleted: 1/5/42aacff417everdfc906rc17erlfnf0R
deleted: 5/9/9acuk846enp387s8d5jskdvevtebg6cR
deleted: e/0/d6e0gp0p2mro1fmugnhjulhid1otm2qR
deleted: e/8/51emjcsp8rm3vghk0113uklt04op43kR
deleted: 7/4/8b8a6k4rb2780qloq5s08n3i491tif6R
deleted: 7/6/a2nnc403k2nodvb9mehtcqfemufvbmaR
deleted: 7/9/36q8cu93afg2fflvpeeui69jk03le8kR
deleted: 0/0/1duhkim1lknqhun81oe2mjhqihg463uR
deleted: 7/8/639jk65at52nm9ugu9tqhv9fj6e6s6sR
deleted: 9/6/15sion7ev41se01iei27atnjes9ogq6M
deleted: 6/6/6buongqrv2qm0lcir2pm37d8hvja194R
deleted: 5/d/64gnhkldn0kf48qvaobkfnb45rnjrlqR
deleted: 5/d/9f9e10jughdd1tbk4rl953m5umkalbsR
deleted: 7/6/d4h9pd74pith83cjk6dcve503t5d3agR
deleted: e/4/eag9tf6ll0mam14lc9v9ab22bs8eg60R
deleted: d/2/89pc0rpsou0ktv7osiokuuf4qhedgh4R
deleted: 5/9/a822h7d4c0nhopa8guirrkjung7kfmkM
deleted: 4/8/cb2c8h062j7epdvmgfr0vgs3ue4reliR
deleted: d/1/66m4frjnhlapmvdhq0fvs5s5i5d3n88R
deleted: b/7/ectj61o0difplqe5k31ies9074qq7eeR
deleted: 3/b/136qivkueb8vng0hg62pbam4f2mqm84R
deleted: 2/3/3977nsmvtcjgd4nils6ob99nj8qrf7gR
deleted: 5/2/af43ku0fet1deqg52ftf61doovdjs9gR
deleted: 6/8/d9327tf3rh98f0nkpgg10t6elsgiobuR
deleted: 1/5/3eosokdbgjqvhsutinsfdptv4dc6gg0R
deleted: 6/6/bc808d3bgpigtcsqfmfr0rsfd4ridnuR
deleted: 1/e/d2qqjgkpls7dqdo4v14kjttvpghjnfkR
deleted: 2/5/64eucho7jlu5lr1d3591mtm8eq8njdaR
deleted: 5/4/4bli5ftnoq5smqh737j3394d75tvu70R
deleted: 5/c/2d8dondu4f1sm0hd8kibnd306scb400R
deleted: e/7/2fm25a72bm07d87eggtcd3fm56c0b54R
deleted: 0/5/10kannslna7t33bbbrjc7nthrd97no8R
deleted: 5/e/abeutgn4hv13von218tdd9qpc3h10taR
deleted: 0/4/0esgl15ief5muvg07jbl46b3rm1pn34R
deleted: d/4/ee0ait44eq8v9dcarhcdft35eli7hi2R
deleted: e/9/1947na4o840qht8bt5tiu09q2v8lb72R
deleted: 6/2/3batb9q6af779mlnse3sgguqpj6ecfsR
deleted: 1/1/51m9ru1v27pfnf0op98v4pi3v3gj82qM
deleted: 4/7/59p12sok3qg9qsuemmg532p6g5jtsscR
deleted: 5/7/6dumgeq4jj3bdru36augn0a5irhjp9kR
deleted: 0/7/0bubntiej1rhpubdgts3hcdc3qrkr1mR
deleted: b/c/82v8nb42dt7r7a1bhh85cnv87rgc3t4R
deleted: 7/0/2f5tfcpo8rbbgcl5baaeuqobvuj2df0R
deleted: 9/4/bdsim1vh6gqn4pp3p5di9gd9deplsdkR
deleted: 0/4/22dr2rq07h8mtco5ugsku8klldli9t4R
deleted: 2/4/aa8rq3lhl3hu1g5m2lhs5c00fto1h94R
deleted: 1/8/6d4a5kaujsjvamqcrkjvc3crbu5hd8aR
deleted: 4/1/efit8jhbp39bvd84s1698hred3a3kl0R
deleted: 5/c/cesoqq223auf4jri9v1pj58dt0i58uiR
deleted: 4/7/028uc936f2j7tl9b2huc8unac70l5aoR
deleted: 9/0/71d93msf624e1cgmn3vrje0nmd33ph0R
deleted: 3/3/dckj4pmksm658fbnm8f4i7f444922amR
deleted: 7/4/5c4asrq3bitcg528tfrklrtdo0otkbmR
deleted: c/d/8cfg6ufmrpaevoggkhillfg0sgufe9gR
deleted: 3/0/056q908ivc88eganp86pm49duqijpqeR
deleted: e/1/afhpd5e5bo4jh1b4tqrvi40qbmr2274R
deleted: d/6/69jgrjvatsleb0eu18ankik5e5gc0miR
deleted: e/5/135au25poc451vbbu7kmlrgbqqo8u1eR
deleted: 6/8/22glut45a28bjknu112rtutemt73rjeM
deleted: c/5/e4ij0i1orvarfauffthqh8lb6aaaptsR
deleted: c/8/04vjv6323cbj9bcg8t5sm9pnhaqmvpcR
deleted: 1/e/d4cn0ccpoi8vvlthmrvuapngn9dsnk0R
deleted: 5/b/d42c72k5pt1ccic9forv80d7go7bh64R
deleted: f/6/b7pgk95fr9jno1u1825ciiiiipgu3d8R
deleted: d/3/4b8sh6fpkm1fh8ie7hf5vn4me5tns5cR
deleted: 1/b/4e835skoogo3o9rueg1og15pmd3qbsaR
deleted: 5/6/15mt0hp5202cerq2ebl5rj1jap38g2gR
deleted: c/7/7e6ovecjkaoktj734rvc8nprh6ubblgR
deleted: 4/6/d8r2otm8k6hjfcrnha67qa9fa28nh2uR
deleted: 5/d/53t8d6lu7k8nb25b5lp96qdubv6dumcM
deleted: 2/6/5eu93ru14asdiekgq6u329a2cf6alc2R
deleted: 5/e/4dmnnfhuh4plmnefhhgm6q15o8brsviR
deleted: c/4/e5742nash6b0tpmpdpbeunl1iih83liR
deleted: 0/7/763qpqd98bjjid7fdsrkio4rpu86qc2R
deleted: 5/e/35hk411a4a7oeg4nu06facc2vk5ho2aR
deleted: e/3/27dadl1betud01oa4gov8p3dff5n6csR
deleted: c/8/3b2p33seoq66tgf3se1ohstvrlsmpd4R
deleted: e/6/23hligltrhfjq7dar1s6sknbkepkk6gR
deleted: 3/1/8bvcksmbsc7selmo3lpnbdfg318ei9sR
deleted: c/2/11626thcfm9th54chpkisevku1vurfmR
deleted: 5/7/64n1vnh8qvnk13jf06rhphtk6tdho08R
deleted: b/9/74b3g57tir6m3u43r3scs900761mq8qR
deleted: 5/a/6dhnsfspap0g66osgrb0n3q3qci92suR
deleted: 6/7/4dmec0325m6gk3ogifeld1sc244ov7eR
deleted: 3/2/d8ou5km54iletok29q2h0r93nohbakeR
deleted: 5/d/0dmufc9tohf6svtj8j9ieubjnug366sR
deleted: 4/4/7b0lq3esh0cv2optq4ce075dvdmbnksR
deleted: 8/8/84vm64bfvttvfd3vi59ln6c9oh6a8euR
deleted: d/2/04mcl828h23i5f9dlkhqbi61aj7uf3eR
deleted: 0/8/96n25ganfct1llt8fe8hafonr243t38R
deleted: 9/8/4brlgcjmfkuhpjr9esobqh2jmriaeu8R
deleted: b/1/529kvt85lovidtprl4ffcctsi409ti0R
deleted: c/5/38kh7h5295t7i2g5gcpn4qjgc9a8r86R
deleted: 5/a/c6q1blgu3t76cj027lm3eqoo6ic8niaR
deleted: f/3/cfpnec4mcrek8nuf2bufijc1736eubuM
deleted: 4/0/a3i8etkajll0jb0fggotk8gjc84qav0R
deleted: 5/d/fcevr1r5akcsqu38crfv31lfc5b5vcqR
deleted: 7/a/0d3e1g708js37ig5qc60h2shr78dg22M
deleted: b/6/91r5ppe9dta1tdc1co0suvo9cr9jjg6R
deleted: 8/9/9e54trbgmfpcioqp95ea813nv1mcc0gR
deleted: 6/8/2ca9n1v3jioh9qmfrc6tre3df7jv7fiR
deleted: 6/3/6aaqh521thepjolk3do65jkk651iroiR
deleted: 0/0/dcac8um3mrepr3b8fivreh1reimpemaR
deleted: b/9/266tspj4e27jbcebat5plv6cgkfip5gR
deleted: 2/3/b176abdul8mvt2hlptv889c36l8u4i2R
deleted: 7/8/24k1mifq2n3i78kqa9dvq3fuclb2tp4R
deleted: c/3/d2psiuph1ptunvhqa4tnd9de1pdjghqR
deleted: 8/7/9drfpnjv782feks2lb66ap6rqr86n80R
deleted: 0/7/5d45st72en7fph2cgl2gb5242lr61ceR
deleted: b/7/edbsani40f6eulc258fhodc87ur63teR
ccache cache size is 170Mb.
Uploading cache ccache...