SHA for cache folders (/tmp/ccache_dir) is '3e70b67e8d8f26718de2678b7656f137bfc26229200950d786baea0f5b773fb4'
Cache ccache has changed!
List of changes for cache folders (/tmp/ccache_dir):
modified: e/0/stats
modified: 0/8/stats
modified: a/3/stats
modified: 2/8/0896h73n3tmug04tc2u4sn0t7r7piviM
modified: 7/2/stats
modified: c/4/stats
modified: 6/7/a31s4s3jsk25k3g98hmg3t5fk26p0roM
modified: 1/6/stats
modified: 3/9/d89jloohar3de06vuma9dlidda2n4moR
modified: 8/0/1bfug0bk0s3sas75jnga74nvii7v4ioR
modified: d/4/stats
modified: 0/0/stats
modified: e/5/stats
created: 3/1/1ao6kf8i0o75mjviobp6krmn8s86kuaR
created: e/6/8er82v84lde2kosk5t4a2f6v5n30a2sR
modified: f/4/1cvv8suld4sk818vmeep3hutfkg9olmM
created: 0/7/3493frb1oeoren67rfd4l4599g7a7p2R
modified: 5/9/a0khjk8cq65lbvlj9msu4t4gftsoeh0M
created: e/b/448jisiegtovk8ji6hunr5mpego608sR
created: 0/e/003niibac5sq8gchl1584cpm3muu9ciR
created: 9/9/7en26riq2r1r9u17khrc6p1b7cl4flqR
created: c/b/42fschsjs8oliu9c86gjjarqlnl556mR
modified: c/3/75k78mfa9a58pdca6h31vp4fp3g472kR
modified: c/d/694jo050jot638tldrv3cap1d5j3cj8M
modified: 2/9/1900ol4sc9006isgs0kstp3ln7vn0ccR
created: 3/e/538tq57v3fjcm9bd6766mo6f87qvdnkR
modified: 2/6/05sj43knvfbkhq9efupp9550vo33gfsM
modified: 2/7/57jaj0jhjmrc5f2lori9pn15fjh8gc8R
created: 0/0/41tq8c9hi6atu9c09pdsi9una4gpvmoR
created: 4/3/7chqp11lob0vrjm46a047lufcedfhr6R
modified: a/c/6dlcrtc5q4jbtislbgt9d8c03b8fd9kM
modified: b/4/a7doc8452tos9uhovo28247dl2tiu8eM
modified: c/5/bbff5stsk21fbdjv9vha5gj7jgqo290M
created: 2/7/7cfvuu4g5h3c7gl8o96p1ia1aq885uoR
modified: c/c/stats
created: a/b/22vbl5v54lb6tvjc23e6agdpll1arkuR
modified: d/a/63o727n419bh1jf7gsv2jc22qgafi2eM
modified: 5/5/stats
modified: d/stats
created: a/4/ba92nl8shbakmiadcd1hfh72jl723q6R
modified: a/f/022m273b11q6qramciq2fa6n6por9fqM
created: 2/a/e3hs6552m72ctpf3evgol8l1l2a4cv4R
modified: 9/e/3fra5odu3vt4kn4qaaddjec2g16ipjgM
modified: f/5/e5kge9tr5nds2gdr0g96nti3kerepmcM
created: 4/6/e1nqi6reba8hdvca69krl6teh8o3kqgR
modified: 1/9/stats
modified: 5/3/0di0vek338ha7hm6m5basbckae2oafaR
created: 9/a/c2ng98if1i7b91fvcjujev3bimum7omR
created: b/3/8fbqvvilkqirj9v0fc0tjci3i5su042R
modified: f/5/34pnui9d7v15i05ben1ptfqmk307k3uM
modified: c/3/edu7d001h8ae985om7kskcresastgvsM
modified: 0/d/stats
modified: 1/4/stats
modified: 6/stats
created: 8/c/admdcokgqij12nkq778n4h86ogqdfcqR
modified: 9/8/stats
created: 0/5/f19eu8d8o36oup5h6qld65uojucf8okR
created: c/3/4eu1snjhnjgnlsf55umabue1qtd0s22R
created: b/e/ccv30mj8rf4p15sg89v1kqo9kg24griR
created: 5/5/f0urr253hl2i3lo5btcujosjk39mk56R
created: 3/d/4e33jm50vqrfp059dn9035iacb2b87qR
modified: a/2/85ak22u613g2v9faflpol8slg6ij1h6M
modified: f/4/67pminkq3e453gs5b1u6k9cdesd3j1qM
created: 4/2/44ffqb013d8m2qipdqlrvgl957ja1asR
modified: a/a/44f0s95epptq7v0j9vpebms1lu1juvgM
modified: b/f/d7hrf65dgn21p9g7aa7q26ubl39rb28M
modified: 6/1/650573assqrl98eg904pmol2fvtrckmR
modified: 9/e/stats
modified: a/6/edj3nm61eq8jv54g5k017nm1krvd4ugR
modified: e/9/33lt31p5lhbotqa4mr5eab1nemcnksqM
created: 2/3/8ejv94jfcv4aanc0fs4bal2i3m7ueemR
created: 0/b/9c91b9385kmbbtav3okf8k23srf0bdcR
modified: 5/e/stats
modified: 0/9/18skmrq66dn4tjmc3p131ef5mq6gndkM
modified: d/9/2acvc16bc9hodclnoajoap8khbjqrhgR
created: e/c/271tk3532ek6gps5vd5le1ilqjh54d0R
modified: f/c/stats
modified: 6/6/stats
modified: c/1/6929bbtokm5v1c8qlnqubevhka8qqeeR
created: 4/7/4bfnip35cu6v88m9ijh54etqk1hd33kR
modified: 7/1/4cjbnhbkrio9665kr4hl12jnglblr3qM
created: 1/6/30i5br9cl57p7kdcku504f6vdmf0olcR
created: 4/0/a76uk10oujvgp8cj5rsm587nn6cku6iR
created: b/3/3fv20nn6ce0gl8m363bg534g4oda6rcR
modified: 1/3/012gga64qppoldjsiiv3borlk5ma5isM
created: 2/3/b2tpi65avdv5d64rj50496p5lcnj1b8R
created: d/c/35krt2nepajaib3urjjbe1ehok2ilbcR
modified: f/7/7737qjp00mvlgis2hu5iqgqpgig9246R
modified: 0/2/stats
created: 2/9/famatfcee9uf3oto2o5ts3nc13inv94R
modified: 4/3/e7t3nrefvpsbk1481euj5cgbfbsnk8uR
modified: 4/stats
modified: 6/7/d7gc1nsj6fdrvtflbcogpes68lale0sM
created: 7/8/9eeki1ojolet70dfm04tgbdgpsclaioR
modified: 1/4/180qb51cjgb3e82ruias448od30fib8M
modified: d/9/stats
modified: f/0/stats
created: a/0/d3cielhjpmt6hrr975sp98lpoi15qb0R
modified: c/stats
created: 0/3/73952km140rnqd4p7166jncb1hedaeqR
modified: 4/2/09082g9sg9lkgq59ajfkdve9ue8oivkM
modified: 5/d/01ljuahgr5lrdnie2c5ce01leal07rgM
created: 7/1/99k57mlr8720p0u6ep4n14h3ir7t192R
modified: 7/4/stats
modified: c/f/stats
created: e/5/72d5ieceiji5u1tff0d4rstoh3o8ioqR
modified: f/9/b687el7dr3boi9bnuqiro4gmkse6te0R
modified: 9/a/stats
created: a/f/ba0jssadvo4vh9hfulgea1j8p6nkut0R
created: 1/c/3c4c7fcl3kprk3mliurrqgqn70iojviR
modified: 2/e/stats
modified: 3/8/afhr8vbibkl64ef9ad8h6cg7orud02sM
modified: a/3/e2boe3naf2d6mv8nc5r3rga3ju9q54kM
modified: 1/5/3f3ojnt1ktiecuth2qejpgqi5bdohamM
created: 8/5/c4tc85qvhj03gd6ulnl6ngrm89tidqmR
modified: 5/c/stats
modified: 3/5/77f7bo5u3ajnmrknif0th84beiff1maM
modified: 4/1/74qkn6pl1pmcikj7sqm81s5fsiq3mnqR
created: a/2/43lbn7ckaebgscf6gdhpopbc05p9h3aR
modified: f/1/stats
modified: 1/6/84no0lgv0hraubekh0qhqule2e097oiM
created: 5/6/belq3uqvrmqto7u43pk1trdcl6v6i42R
modified: 5/8/fcl8khtg7h241uk3isld86tuh08caqiM
created: 0/a/2e71oshf4ea5ildnid6j2kflkjosmleR
modified: 2/c/e4gslqu903ubstpcof5d2hlmhlh1ca6M
modified: 2/e/ca8nrg77pagjab5dlq6rj1dvc2cbc90M
modified: 3/f/b6bslujcpt2tqlhla04j775lv1t825uM
modified: 8/4/stats
created: a/c/383frb2p6aejjp3engv3278aiksig3qR
created: 1/b/2e2sudl2ogbsjjalr86835redn8ebmiR
modified: e/e/63kd8qvvp1lmo0ag3dvq3c0b7md5ttiM
modified: f/8/476bk6pceg1tu1s3prn3rm0trhfo3qaM
modified: 3/4/stats
modified: 5/9/0f599g57rcfon30rlcql2i072rssb40M
modified: 7/d/stats
modified: 2/0/stats
modified: 5/3/91dop55mv8rs61hfrcf5enru204auk8M
modified: a/f/stats
modified: d/d/stats
modified: 5/8/c8qf0qspi0qsujra2ebj1jg3aoqmpiiR
modified: c/5/stats
modified: 2/4/d57sko102u7t6ej8j73m5hun5r62rp2R
modified: 4/1/19qahh5amjs4dm603kh7jbhvdogka7kM
created: 5/d/cea82lfqi49bufaajsljhpie6j4hsh8R
modified: 9/7/stats
created: f/4/d0ikvfthsnhu58hbj8ld6ao47br9i9eR
modified: 7/3/stats
modified: e/9/stats
modified: 7/7/31omulr5vuvhgp61t2o5q40i213q6s0M
created: 2/f/ffg19d6p0u3a88upjtpksjggtr22sgaR
modified: 3/6/e7ob47qmh9oqfu6p1f7cetspa2da5haM
modified: a/1/35310cijcgvpmhgbc2k7a7j21va0qmaM
modified: a/9/stats
created: 0/5/5adq3mfuf8aq3vp71s8halgs7a8egucR
modified: 7/a/3a81qvu0n4ob6m4b4agple27f934mf6M
modified: 8/9/c8stk2vlskqq8klbp0pekn53q37363sM
modified: 6/1/stats
modified: 6/3/stats
modified: a/4/15uu0gldmok7c933kcv0kmoanhrp8esM
modified: b/5/stats
modified: 3/5/52put8i53sv3n9f0okgjojtrdgges7sM
modified: 7/e/4fesc3ina9o4nihgidmeqgfc9fke6beM
modified: 3/8/stats
created: 9/b/becn9ap0f2s6rs0kfv9ihqcp2mhvu7qR
modified: b/b/stats
modified: b/c/stats
created: 1/a/5c8orc4gnr2emefeuhui7s9aoo5ee8uR
modified: 4/f/stats
modified: 1/c/92u8duilhh3dqaet1o25jpqfrfl31qcM
modified: 6/1/b36iarqimvd767medfivdmbsepnmd4mM
modified: 7/5/stats
modified: 0/8/034mp40ntoendpsmrp2rph5p8uapbbmM
modified: 9/4/0d73b8oi46adekl85vo2kbp2dpma5k4M
created: f/5/91ch6s51bgo1f6ss037pf5sc6vpjii6R
modified: 5/9/stats
modified: b/6/03g62eo2030ad6218uodiuodol4pcaoM
modified: f/2/5a2vtc1uh6638j191p7f37be1nacgqgM
modified: f/6/1e8fuqeou98sqjait5hcjksrv3ptro6M
modified: 1/5/afvd1gr646jolpr5d2uig899e7h9nvaM
modified: 8/1/19ih36hol94ep4uc8pjmsa31pdt9ldsR
created: c/5/ccbadppkk195oi6tlbbos2t8ij40vfkR
modified: e/6/5crg47ghr3sv8k3haau864bud3no4c2M
modified: 9/3/stats
modified: 6/6/fdl2ht1pvvq1qe8piknu3h3nksgrc10M
modified: 9/b/stats
modified: c/0/stats
modified: 4/9/98v0npit7ltbl076ta4t9hl7uuumkogM
modified: d/5/stats
modified: 4/3/73mros1gsthak75o817obbjtbc8mi5uM
modified: b/0/7845rkri8d05drbup413s6veogg7dgiM
modified: 6/d/stats
modified: 8/5/51buc77m35mdhvjcq49i85474rgjhi0R
modified: 4/3/stats
modified: 4/4/stats
modified: 5/d/b0c0mdh67ulbl7m3c0bctndbi5ahf0mM
modified: 2/stats
modified: 5/a/stats
modified: 5/e/baon05kjkstbbh7ii8kivnnu2nqh1e0M
modified: d/3/stats
modified: 0/a/stats
created: d/8/67kms6ecrsbmtmgkdmvblo3evqikhfkR
modified: 2/3/9a0fv4sbag0ohk3304e28mj83jk3v3iR
modified: 2/d/114b9hc0pd6svnefr5pf8n0pt9f59csM
modified: 5/a/a73r1laeqilnh0dgqsemtvf6n871choM
modified: 6/5/stats
created: 8/3/61emvhb721jschcm5gk6ttkas43c8k4R
modified: a/8/3a108i14s8v7hab9p6h5g9n5rdpdop2M
created: 1/5/e1713c5icmg2i99avt6vpknra6de7bgR
modified: f/e/stats
created: d/2/981bj6qpnjf6qgam2qal9kb2e2qhcmsR
modified: d/a/stats
created: 6/a/8cobnqelu9pjrk8cqmsg5rojtki8pj6R
created: 4/d/e6k5mo02teni2f8nehk15i9oqak3tliR
created: 7/3/56plemkhi94f79usso57dh2gdgtsfbgR
modified: 0/d/5712idi91r9v1j42fsdpon8fut4mbm6M
modified: c/d/f8pr4cml2hq27mr60alggd6tniiebrmM
modified: 0/b/stats
modified: a/0/stats
created: 7/a/9a30gcsn8qisunddtr7f8a738qt17ckR
created: 9/9/1dbf06f08easka57t1ofdf50cplfn0kR
modified: 5/b/0f9lcii6tk837bol56jmf21bjdt5bpsR
modified: 6/7/stats
created: 9/0/51cdq04td7u09hq34robq14c0n5jcb6R
modified: f/0/471macvbr0k155qiil68et3mf18lrs8M
modified: 3/7/02em19h2m8gqvs8j01i1v2ov66ienmeM
modified: 4/a/7592vpja61dejmv3vu2v7t4gkt3erfqM
modified: 5/7/stats
modified: d/5/22if94ms57ond17spal8fbc471le26sM
created: 1/4/240p81p29up6uuf6t2ve4333hfbp8kqR
modified: 8/a/stats
modified: e/b/stats
created: f/4/3croibaj507u773gj1quhi4alrqohqgR
created: 5/a/36c2q55dvu9v9dself65kq8osr42emiR
created: 3/8/de7dned6m9kvg1c2vvafll84o2prnguR
created: 8/5/ba4d83ctiap0pf227p8q0ovselsfo2kR
modified: 8/7/stats
modified: 9/5/aa8mslet0s3nkmmf31ca0d2f2fev2bmM
modified: a/9/56hbpk1ujirm8g6j5aol2f48cgs5gu6M
modified: a/b/2ft4k201t8nb22klvqshq8vbnandfu2M
modified: 3/d/f3l4qpppt2k3t54kmnff5fbsncduso4M
modified: 7/c/e3409vljpgrqve1pg3hf8htj56v573kM
modified: 9/4/094lh6ehc2toeubp2ctuev5fbl4rv8sM
created: 6/7/39u8fbanr8df5kld9lapnk3r9v9esdmR
created: 1/7/7d7j7duc11vetou1dtt4jndsp80nkkcR
modified: 6/4/stats
modified: 8/d/4993onosqfpd2l8skmt8q8t037kk4csM
modified: e/5/d8i9f1dhjb9tiksooik68euc34l502sM
created: 1/6/7332kih63260neuobvbdp2g97vep2agR
modified: 0/e/stats
modified: 2/7/stats
modified: d/1/573i23bkjabrceavqegebpch4j23rseM
modified: 3/9/5bieqgd9sdjfoq50r7a80vh5adm29ncM
modified: 8/8/stats
modified: 8/c/stats
modified: f/6/7f6c6baoo6cv2k2jc07ff30mh5i602gR
modified: 1/3/stats
modified: d/5/aarh4u1djv21mje8d5lg2ik9r8krpdaR
modified: 4/9/stats
modified: 8/1/stats
created: 8/a/0cifuacnvhv4g9tqhd1id7g6rr2bbisR
modified: e/2/stats
modified: 0/2/fe7777llh6rk58l3nvldt6qvf8fvaiuR
modified: 2/d/2comvq2seafjo5g6482r7onkrr46otiM
modified: a/0/571jk9ue2jva1366hocfhpn9npcavjkM
modified: b/f/stats
modified: d/5/100sjv3k1dtput53fnhla5v7bg81ocuM
modified: 8/0/4foq4429q1ovhkoailtjnqilgfettrmR
modified: 9/4/stats
created: a/6/b95ms1v2k9ofejet9iobqhplt29um3oR
modified: b/6/4avtg7molgbgdpu86h3udch8ct1r6i6M
modified: 3/f/stats
modified: 8/1/d8sjl424pmf1avcko90dnq4mtufa8dgM
modified: d/a/2cn6qrr3c93ch4d561dgcci6qb78sukM
created: f/5/ad7785grm6q0d4ojj9e8a69r3dthhoqR
modified: 1/b/stats
modified: e/c/stats
modified: f/5/stats
modified: 9/3/29bfedrtbsbhtot5ivet193pk3a0de8R
modified: a/1/481lq045mp8jasqu4e7gue93gis3em4M
modified: f/b/4f9b9lpn7ho6cfd5gjbh8gqmjp07i2uM
modified: 1/a/5am9kflpenpe83l628domsb404budimM
modified: 3/stats
created: 7/8/f7jt75kp0jev4sar6li6iiq8h5j97peR
created: 9/4/2d4it7tfmkiv9tic81j49mr0q004eiaR
modified: 9/5/bfmttgvqbe3dv2g7rp3e8epqqqggivaM
modified: e/e/stats
modified: f/9/stats
modified: 3/2/95ftguvkcfc47051k2i8da9hbr3di92M
modified: 1/2/stats
created: 1/6/70a2c5eef9qtk6cgqvde3gi26kfmlgeR
modified: 2/0/bdk52ic88nisebb28c04ish0jdjblqqM
created: c/0/1bge9f2umbqts4r2qmf9mj1ras5vr9qR
modified: d/0/c8l0k68b48kma66hl8fup11563l97fmM
modified: 3/0/stats
modified: 9/stats
created: a/2/a5gd9ev91uv077l4qsshgchhht96aogR
modified: 2/c/49hntsdu66ip20ghcd9ud41aumccmjcM
modified: d/c/a2c54scig1kll9j2a0gff6q92c3noioM
modified: d/c/stats
modified: 1/stats
modified: 8/2/stats
modified: a/1/31racisqppe5974u5ocl6di1p9risn4R
created: e/9/619nuhecqr8eb895941eoon2jki5rdiR
created: 1/0/c12o88g6f6d69l145spb860ngn9m7hcR
modified: 8/4/2ff93f2v8vep996n2dle5lqisd6tvhgR
modified: d/1/ef7qprpoutfgduq5dds99ihp7ftff3gM
modified: f/5/c2eed4ouc34d98vijkvvk0apjiqveqkM
modified: 5/4/stats
modified: 2/f/cfepnivmgpvfphlqfc5o286ilnk88qoR
modified: 7/1/stats
modified: d/2/stats
modified: e/8/stats
created: 6/3/e38mi65qdjhtq84jvjbfudk3gtcsaj4R
created: 7/3/69on94vi5f2uihpt46j9eea0uu0rnkoR
modified: 9/d/stats
modified: b/4/12911ucesq5thvo3ccp8v38kvgsbmuoM
modified: e/4/2deplfcebipv967nju3m2q8di510h8gM
modified: 3/3/stats
modified: 2/d/stats
modified: 0/stats
created: 2/d/21b5dmit0flovp06cdiv3erq1bc34taR
modified: 7/c/stats
modified: c/1/stats
modified: d/8/1e80t2tnkupg4uka1pmrichl4bc1sc4M
modified: e/6/stats
modified: f/d/stats
modified: 4/8/790goia2p5k6nsp5emaq3ada9d04fs4M
modified: 5/c/904uh6bhitita6ar2s2tdmenvpnlf3uM
created: f/d/8ee2uplage8697artvkmtt82gs3fo5mR
created: 1/a/300rvmh30se2j7h23p9t909rujm402qR
modified: c/6/stats
modified: 7/f/stats
modified: c/d/75792vntse65e001uasocea84cjui7gM
modified: 6/c/stats
modified: c/8/c4rn763ov3ijjhc1pumklgb0jkjg55cM
modified: c/d/stats
created: e/c/26u47qg2f37hmd68pfb18dvk06l46h4R
modified: 3/e/8743r7i4g502okk9rq19mltktq4mn8uM
modified: 6/3/2f3dhcgri8qjq3vl1q3tlehn18crfheR
modified: a/6/45recaneak7pk4k91sqqicvtho5nsvuM
created: d/a/ca8el8pjr9damqu3d77aqjl6v8or99oR
modified: 3/0/8bro2vfp79ilpab7cd557nv28675eqkM
modified: 2/3/ealco9fqf10um4nrcqbkhqqoa8uq58uM
modified: 5/d/stats
created: 6/5/84lvnk4o3asqdgngsb6cer8k32bom90R
modified: 8/e/6bf29pli9f3fckvmsfamn23qg956nl8M
modified: b/6/c3nqgodkdg3d2jipsem7pgdl8m954iqM
modified: d/d/cb5ldgsne4itmvjifrjc5gev05nr5uiM
created: 9/d/e1vebp4n2re06ee1fmn03j40c0p6t2kR
modified: 2/6/stats
modified: 3/4/c2sg2rhpd7ejkug8oan4vg61br9j7r8M
created: 8/8/37v4jf4d3qidprob21e5bmn2rbu00c0M
modified: b/e/stats
modified: 0/f/8dnk8mtniu0eg05t7iuukk70ivqohhsM
modified: 6/8/bdnk45njabf8ojsr8i5d7j9tt4qfmmqM
modified: b/2/16obfmglgv9g59hja78rh09ete6po5kM
created: b/6/8drs4oa2c0pj67h1gie1n94fu78in7kR
modified: b/8/stats
modified: 2/4/stats
modified: 4/2/26ick8jun67gvk4o6h7cvr694l2ma1eM
modified: 5/6/a0m7cu8okq4gjvn5ajct4u063f2kou8M
modified: 6/7/b9mmf7i3gb94a2hokos90sjeokml3tiM
modified: 7/5/726a61ct3mjo59jdkhgvkk39f4ah6v8M
created: a/e/73787nr3aee4g4pngega7f9inenirckR
modified: f/f/stats
created: 4/6/71iq2vv9o3c619hfm9suo1ol04j3f4iR
created: 8/6/cefln84b5mhc2ljuvuf4ae0cbfrqdekR
modified: 1/a/059fnkv5oalt5334s6mt936r8lo8ds0M
created: 2/6/ab04dk12pqnvgl7h1dlo56tgbsgg7auR
modified: 4/e/stats
created: 9/5/47ar97jrqhn9etgght9feim5995kppcR
modified: a/f/05kf9ta6in45hghohd01qiicbh5orieM
modified: b/3/stats
modified: e/2/1ed9uv02ivqc8gjmh8b51vusea9surmR
modified: 9/0/fecp19eqmr87up3tggleqhvghqunbh8M
modified: b/9/stats
modified: 2/1/66dupd22gf498jjs3o3a6u959ros5kqM
modified: 2/3/8ffjvpe9i00fnakrndck7m81thb6bh8M
modified: 2/9/stats
modified: b/7/stats
created: c/0/10vonqqslqdqqeafns343b4sm4d7c4cR
modified: c/2/stats
modified: e/3/stats
modified: 8/2/1c6mhdnojnju3cctmp9vroema21geuqM
modified: b/3/afqjq7j2986gru6regujcpfbij6ne8qM
created: 3/b/bc6t7q3etk2sa3ef673ppvinvutkhccM
created: a/7/5dsntqjfn74ok5hd92ifk5734l21gimR
created: a/a/3fb79s5tf6sjmn6gddu362k4tasilusR
created: e/2/7a581ft08q5k3v62bahbnhecavpddu2R
modified: 3/e/e28tro31hjalj63u8gj7lg7jpkrfn9cM
modified: 4/1/a2lsnbaaahfh959tmtf69630n843fu4M
modified: 3/e/stats
created: 5/7/b40tq8iip1as6tpepukno1g01qitcpkR
modified: e/0/d95cbh8clcbp21965t7a2tab3e6t6raR
modified: 5/7/88jsqhhkd6dbbjlmpqj41q4kdobmum2R
modified: 2/1/stats
modified: 6/2/8d9nvlcckkml5m2fhd08pn469kf75q4M
modified: 8/a/82qg6h8bkujj9kva98alvq0f1qrj04gM
modified: d/6/a24omcuoe0gd1stleijiscb2750f3taM
modified: f/stats
created: 3/7/f9gkettktlupjcuvt4ftpemdaaod9aqR
modified: 4/0/stats
created: 5/5/44jgeqj44jd3kn0v6oecf1c3qbkopb4R
modified: c/a/7f71ku5e2mu982rdksgq4i91ru2pb8gM
modified: d/9/33qs42dqfu94atgqupc6rihd83aj87uM
created: 2/c/dae45g3kj3e3papiti3v251mul9vbueR
created: a/5/7d969lbsaogilcnvkfgr9om0c569iuiR
modified: 3/f/2c2m7i9pqm74f46l75egfsmbjaclcnqM
created: e/c/646vrccm9dnpbonj4q8cjld6d0prpe6R
modified: 5/b/stats
modified: d/1/stats
created: 7/f/fd68sbhihb6ah8gu9n6t2thrv55vgriR
modified: 9/0/feso5sovv6hv2tkn1uovgbv25p4e3ouM
modified: e/stats
modified: f/7/stats
modified: 1/0/stats
modified: a/stats
created: c/e/5d8f94djju30s7cpbtv7jhgs0bj2uc8R
created: 2/d/1cgha53tfshmc8vsl059s7e5qrnnnt4R
created: a/3/96ete5aueoff8clijjpjrogq0432o1eR
modified: a/5/stats
modified: a/b/9ff73sqmc0rhn00vkjfh5j0kvfmfdfoM
modified: 2/5/c4c8gdlartcb0qt3o0b72lsrr01eptmR
created: a/d/c3pm3881b2hjaf19cm6hmm36agocjikR
modified: 1/9/00r7l2ufbbvurvgt7ih7rfgid2f01csM
modified: 2/2/d9tk5qne9kv80ud75mm52bhsvq1ncduR
modified: 0/8/c5oakbgq8mjm11ksd7pjhffv60bp7rsM
created: 1/b/b9i138umo9v67mf8r4jd4qbbefom6teR
created: a/3/ceqs0vjaoe0bf2kdvg78dt3s1itkr9qR
created: 0/6/181qf7jgpori1dd04jooi9l0j1rbpm8R
modified: 1/c/fflcnfakgnunpnu4naujco40f6o57jcM
created: 2/2/17qk3cg6q6ja50inhiv3j1p3phrb3iuR
modified: 5/b/22tf8d1do39s6os4cn1t8c3tiekq684M
created: 5/e/5adfo7kurhek3ab4gb15fi22qbjdae8R
modified: 4/f/03moeq0aus3ubr6qibq9e36f642av8iM
modified: 6/2/fd9fl4n4h7vcmod2f9qs9j4udfp0lt8R
created: 7/5/9eh0kbqkpp0danee7gp3qgkl59ukskuR
modified: 7/7/7cdqjh53i8tsvvheftgc9gutc4df37kM
modified: 9/3/faqlja5lsp51kl90fo4mta0i0emc7ocM
modified: 3/2/stats
modified: d/8/stats
modified: b/4/34lvcgj25clc3mfdpptpo896n492qo8R
created: c/8/01gep6un7iapuo1p1ggthmh1hl5ghnuR
modified: 4/d/stats
modified: 5/4/c9oarr7i7eeddfdt52cgh2gav56h87cR
created: 6/8/2db6qiqiqlduscqph861c77i3i32dgsR
modified: 8/8/34q7eb4p6rm29d17e9ip508ukskju5oR
modified: c/d/f51e25gb1ao8e0makqauq51qfmo5ju6M
modified: 4/5/stats
modified: 9/0/stats
modified: a/b/4d27le7b2k6p36jhap4kne24ndgh680M
created: 3/3/37se6jshjak3vpkaee5l2c0j6556groR
created: 3/d/412i5atr2ff2nl015hv7ht5falfqi38R
modified: 4/5/0062kv1hensl8iv8a760ge3o8cl9ab8R
created: d/0/7ee2r642ditqa1rmgt08m0hrqtemm4oR
modified: 2/c/74l0o80ok6pr1km8u9kuqn7iq06abe8M
modified: 8/7/9b7gp4oh0prhp8mr1j1vdvnb2p2ev8uM
modified: 1/b/feof7bi6geidkbi4m9fbadoqfmpkpkuM
modified: 4/b/stats
modified: 7/6/stats
created: d/b/2amjs01tc60fu3dpf83405aferk0i42R
modified: 2/8/stats
modified: d/e/stats
created: 7/0/90pr07ffilqc50j2fuvmin8e8j1tiqqR
created: 6/9/b35tau05g1vi16p9b58bv85bpl3eiggR
created: b/4/a66jr396juf1rdnggsjsfametu97hbgR
modified: e/0/ab323oo6g4tgbd721fcj4jtgnu1qhtqR
modified: 7/1/413714meglo1c8bus4hmqt5a5s1ov2sM
modified: d/8/e70engik53eip72osjru47h1m3kpk4kR
modified: e/a/62dt6jc18931h9ntpuh5481atpfguskM
created: 0/8/9batg47bm1hlkkqfpd1afv8aq8c6vikR
modified: 4/2/stats
modified: 8/6/stats
modified: 9/6/stats
modified: a/7/stats
modified: a/c/stats
modified: e/3/5d9uu84u9sspg7970727f7ruo4ebe0eM
created: f/4/f60dofupt6f6cv8qpn1r76jj2v0mh4iR
created: 6/1/cepmhhs9kk0t3ebo01k8hunjo7r5130R
modified: 2/9/c9t62gqm7qvbjmhob83p3uvt2tev30cM
modified: 5/0/eevjikitib0uulbtf0s09s86qre9ni6M
modified: 8/5/cdhjams6vo3oh6e90un41djksfecrceR
modified: 8/7/19rbm1tl4csqlnth0u98miaqem24q3aM
modified: 2/6/9au9okc5l10ugnmp290edljshig6fl4M
modified: 2/a/0dcuv501b6lsv7oo3767hur77es9q2iM
modified: 9/c/stats
modified: a/4/stats
modified: e/d/stats
created: 1/2/bdg835ev45i7h4k5cje78lje4089f8eR
created: 8/e/56j0gesdgv1vnthb2lfpg3tbbt92iq8R
modified: d/8/22qf4a1pkf2n7f6rte1ihnk6eskobceM
created: 5/6/9epa1ca42bnta9clchks1in4bjldcjcR
modified: 5/8/stats
modified: 8/7/35j4qpbj0jau2mp29hnichmfo6b6j9sM
modified: 8/9/13jseppffq5pdr0qjiglofds4fg66coM
created: 8/d/f3p9d95l57n19qgs3g43ooh8sjb0ifkR
modified: e/9/6dgbtkpl05h4g2amm5vcg4m0bdnvomiM
modified: e/5/cc8b0j02c6m6hu6q05vq2c0smn3f6f4M
modified: a/8/42rrktms18kj1ptj7hih0i9ba8n3abkM
modified: d/9/6eqg56smcotl9j44vct3p16g2bancb8M
created: d/b/7fhj8lsstt1235jls3orfm6340k2siqR
modified: d/2/69m8gqufcb0opm0n0dtqb50jo1h34meM
modified: a/b/stats
modified: e/a/stats
modified: f/2/stats
modified: 4/1/49kb6eeqjbsqmbikvg4deodsvibnm3kR
created: 2/b/172o6n8dl8pir8iot3kgdsjo49hokdaR
modified: 6/e/stats
created: b/a/03offmpdj35g9ppgo677q9esntcems6R
modified: f/8/stats
created: a/b/08njtm7bqkcvv49gumu0g8r2d4ss818R
modified: a/c/5b4gsdve9p9uomfmu9o0r2cpc4vkb0sM
modified: d/7/stats
modified: f/6/stats
modified: 2/6/d06ht0uun2nm7ikp66utvc01i2fnd04R
modified: 1/1/stats
created: 8/f/8194icfidvbc1r2faavg6jt2c0ffhi6R
created: a/e/08okvhtv5jc62v5icvh8jkcitmb9l46R
modified: b/a/06455f52ges1jqhimuj8rgq21imh8c2M
modified: b/stats
created: 0/4/ecb596bd34pv356sh8q3nh0es1m65uqR
modified: 9/2/33tg7undqjnir0k2s2rh6qstrajgup4M
modified: d/b/stats
modified: 8/0/stats
modified: 7/7/stats
created: e/5/d89ks2rkeo72o2afu8kkfafdcj3lp0qR
created: f/e/210kslbqnf0jugfsia0hhqv43diob3aR
modified: 4/e/748hv7jnuk1g5himc1tmo28iphkifckM
modified: 9/5/stats
modified: f/f/41vp3311k8j71ieifbaodet8j43629mM
modified: a/2/stats
modified: b/2/8bu920q91g5vs72ptqju6nl83kh1606M
created: c/b/bbkrc4t67mpalkp319mm8sci3jm2264R
modified: 4/f/d4hunsk1b3tue768pker4dajiangjj8M
modified: 6/2/stats
modified: c/e/stats
modified: a/b/259f6u7jujobvv5d4m6etamiq1332leR
modified: 8/9/stats
created: 9/5/56l2gphh206tef47h8j79jumfv40iumR
modified: e/e/deblqrol3531dkt12g475qu5r1rooqoM
modified: 3/d/stats
modified: d/8/360blisqfi5hukah8okdh0ql15kp0n8R
modified: a/b/58rv140n6v7muq41ce2u85i7sm318k8M
modified: c/1/ffd36s60t9b4e6gl1tlg3gforvn326sR
modified: f/6/b953jvn6qtq2e3eeefgs53lb5gg6c5eM
modified: 2/c/stats
modified: 5/6/stats
modified: 5/8/001k92uue77iauma8r5vrhidem4kpi8M
modified: 7/a/stats
created: 9/c/81n91tiduau26eesem4krp5oi63m9hcR
modified: 0/1/stats
modified: e/1/stats
created: c/8/7dqpemttcld6mmjvbco4i7k9gvfa15eR
modified: e/7/stats
modified: 2/5/b3o5n6mdsc4ifv92tcsu2boe0chnupqM
modified: 1/d/stats
created: 0/e/35dvh58d8d5os4fms6jndh95oac49egM
modified: 8/f/stats
modified: c/3/c8qknbh8a3qjjvnmlmjosnsdteeo6qsM
modified: c/8/stats
modified: d/0/stats
modified: d/6/a9hg67qa9gq46aaaclaglq0i1aem67iM
modified: 0/2/ef3c4js1i1ljvmdmdo70pdndd5beln6R
created: 6/f/49qncoffjort2mduuloalb1mspfs148R
modified: 8/5/4504roo8l6s0brebht6sp7q6fj9m2gqM
created: b/a/2anm1rinckoqnrugt2dst4dbq5lpf86R
modified: f/3/77e0jh5sa6eq0ncsq5aup3r84tn7cbeR
modified: 5/2/stats
modified: f/a/b4d4oqhm6flpalkderckt9nncj5f6vsM
modified: 3/b/stats
modified: 3/9/stats
modified: 9/1/stats
modified: b/d/stats
modified: 3/c/a1ijklpjcun38jljfi3t1kciuiom1vaM
modified: 6/9/stats
modified: e/1/c2qdo0pofpnl53hfenrmjv9ppb20b22M
modified: 0/7/stats
modified: 1/c/stats
modified: 4/c/stats
modified: 5/1/stats
modified: 0/1/11pbm4trl788f6fvqptihrb5bhmav4uM
modified: a/1/60164p8lt6urg0kcve1s86i17i4oqmgM
modified: 5/3/stats
modified: 5/stats
created: 7/1/a00e8d6mp32u179vs2hegtsfcmn1u84R
created: 4/8/desj8n1r1hee9drkbsmtm53vjt0ftq4R
modified: 4/b/6cejbdhhaqu4nfcmnkk83256gsu7g5mM
modified: 7/8/stats
modified: 9/f/stats
modified: b/a/stats
modified: d/6/stats
modified: b/5/f9milhpv2v3jvb02bmjbdjmc9ha279sM
modified: e/a/b7r2dorg066t02e2u7nfuj2dng80t8aM
modified: f/9/e0ciuf8li238rkgb89f968ph1a4u6omM
modified: 3/5/stats
created: 6/7/2eisekp7vflgjrtusuqf1n4tojckpm6R
modified: 6/7/a5cb051t7p0tfddno89tg5l9918gpc4M
created: 7/a/ed7n9d3c0adkle09j46ctailh61ft5eR
modified: 1/1/5a0popp80nfq9mo9h9kmc71rf0kipraM
modified: c/a/stats
modified: 0/4/stats
created: 8/b/4f05ciou3ql0ltfp31b478n0ufln3s4R
created: a/8/85fg6u76utrvduar5hpsgq3jds91kp6R
modified: 3/c/stats
modified: 5/4/8c02u53fcb6ch9rfsgstragjcp6b2dgM
modified: 5/c/1b2gvp3cumrenvdkso07luvefe2aqgmR
modified: 8/5/abbu1squ6dtaakagt73mjkpkcdkjc8qM
modified: a/0/32odpbtl9m0op0hs3m3u8n63i5dt2sgM
modified: 2/2/e2iqvl2e37an0b0vm2on8gj0fk7kb6qM
modified: 0/f/stats
created: 1/c/e6uup4qvkpomju8grf239lsf26skgseR
modified: b/1/stats
modified: c/6/cccphcpc7s0v5kdn2r05hv73hv51uduM
modified: f/b/stats
modified: 3/6/stats
modified: 6/3/ddm8ap2n85j3hulr4tvvagds7lnmcs6R
created: 3/6/19s8jm2hu7lo832q386ji6a8gg0budsR
modified: 8/b/stats
modified: 9/6/a5hfbtb5t0phmd3tunobe8vjrj06bvcM
modified: b/0/c0hk9ijuh4v7p2jc0ob36sdeec0gcv2M
modified: b/c/092dhpbqso50avcqm9vjaa13n6vpc3eM
modified: d/5/18bthkioue6b9do091l3hlau6b9tqgkR
created: f/1/00fip6851nk2qfnh913dq2hvna4qiq2R
created: 2/e/00ejtqn5sutnppd78hhd7hjucctkjm6R
created: 2/d/c09bgt2pq06fk0fpmsole1uh29m3lr0R
modified: c/9/stats
modified: f/9/263mbugdba749lbmp7p4pboc94jba14R
modified: 5/0/stats
modified: 5/5/5ahobdf28jqntqn8qjjhtf7cmuqlpsiM
modified: d/f/stats
modified: f/4/stats
created: 9/1/49npdmgfalface0ej2ac8rtc72ot3euR
modified: d/7/33b8uteupgc9ve8ri88qoeijgtd9jq4M
modified: 0/c/stats
created: 2/5/e60tj8of79ql99knep4pa5c7n3osfroR
modified: 1/8/stats
modified: 7/0/stats
created: 2/6/0bi07aph0hctormlcsa741ukhiit7fqR
modified: 7/e/stats
modified: f/a/stats
modified: 0/5/stats
modified: 7/a/67mbjfvjvetrrgnquciu6enusf96famM
modified: f/8/aeenpfigd1v98ctote1mlupdc47ig6qR
modified: 2/5/46m43895oj74eenb6i5vqj85u5pk47cM
modified: 5/f/stats
modified: b/4/stats
modified: 1/5/stats
modified: 3/4/548fflosev96h7es3gr8o2kt111can4M
modified: 5/5/e693mljuon8mhoodsj1uflbbqbi7ihqR
modified: 7/4/6di96t9p4d39m1diunkk1ef1s8a75l6M
created: a/b/b28f2olg56af5p07dvgenn39kuel3l4R
modified: a/d/stats
modified: 0/8/efj0520fmsk85gqtbgob3g188qlqoh4M
created: b/e/302kpfne2rdbnjhhfpgcmue7vcicng6R
created: 3/e/39ba8ce5s9ost52uu38143uhb6gapagR
modified: 6/0/7agelmtmktvhf83gv89mgjrb5ilprq2R
modified: 8/b/cbivptaups31q5o0q5dh2optkmbamqcM
modified: a/4/b6l1kncpe1gu8e0a207ndlnvgm82h7aR
created: a/e/6d1j93eui7e7oge5ct9hvepencr1b1aR
modified: b/6/stats
created: 2/9/43nov36q8t2836gvc6mm5rdtth33i5uR
modified: 5/8/e4teklsk7ugmdmndne6fho317alqel2M
created: 5/b/8664k3ds76dit739ba0jvs1llai1rvqR
modified: 6/c/e8v8i4k90pv3suec8dh3chlarei0jmqM
modified: 1/0/aah08n611g74jkcokrts6n8talkrcj4M
modified: 8/e/stats
modified: a/a/7d7q3d7tr2k9o34n9hl0lgrq86r4luoM
modified: e/9/8c56bvnbkvknm58efofi7ckfkeolt80M
modified: 3/a/stats
modified: 8/d/stats
modified: 9/9/stats
modified: a/e/stats
modified: b/1/7cp7mcdkn7n8mouhmoq1pca23j5q68qR
modified: 1/7/stats
modified: 3/a/60o99kdh5jmmcoas2ue82l83fcd5mo4M
modified: 8/stats
modified: f/9/45aal02neujokdnvd11eq4v2qm0bm16M
modified: 1/2/b5bi3r1678m8dm72vk5krg1obkrs1skM
modified: 6/8/stats
created: b/f/39pa9idugoev5ia5smg17rs1fc8pku4R
created: c/7/dd7hi76q5psuh1613inhjf7np6l50qoR
modified: 4/1/stats
created: 1/b/1a7f1j33hafg27ajasqlm0g29v8cprkR
modified: 2/2/stats
modified: 2/5/stats
modified: 1/a/stats
modified: e/1/00diugqqqifgfimmovor88fj6o5sr2kM
modified: 7/5/23u81b45h2rjc2nagcrh9e100girrp2M
modified: 9/a/b199p6v4it1fg1f0k1c404hj8p4405gM
created: c/2/61nvnk2kvio6nqaema48ijkbmbaqse6R
modified: e/4/stats
modified: e/9/adlqdako531kb35vprf13du8sgnft3eM
modified: 6/b/stats
created: a/2/70qhd0anqpf6u4cpol3tpvpi6lisf0cR
modified: e/6/13huvmebm07j8k9oabkqrs8hne4mlmcM
created: e/9/61n2ha1ve5m3ljhm9cev0b3eoogt3buR
modified: f/7/36rka3u2ga8hjdm3sk3gr9iptbf6recM
modified: a/3/90o348k4hqrtp1m4eibljkrc40dmno6M
created: 2/e/cb7gdbobdr7sv9ealiuidf3du10usv8R
modified: d/e/54gpvafq1tso0e6q47l18e7gqbm0kduM
modified: 7/stats
modified: 3/7/6558l4kptj5mclj0rtc8mg15u1ogascM
modified: 4/a/stats
modified: 4/c/2fbnoprpghtpt286l7h9imtu83jdgimM
modified: 5/1/02kvgtlbqfga6s7cbjob9bd2ikt09ucM
created: 6/1/8f6vgkpeesqcdup39dtrkjs35luh2mkR
modified: 6/f/stats
modified: 9/c/81f0osf2l1j987o0p7208tahcgd44nuM
modified: 0/3/bd004o5f27jh6jogvkn4m0a4vrlo28iR
modified: e/f/stats
created: 5/5/d8leeil67kft6p2001lpp97ufpubkvsR
created: 6/b/8bdfq3t21jtrgiqh2sdd8d8loup62t8R
modified: 8/9/64cphhko766pks29ko4vb5jsrvn7ufoM
modified: f/3/stats
modified: 2/b/stats
modified: 4/1/f63l11kap0vk8f4bm1h159f87fbn0huM
modified: 5/3/720dm91u2r5s14ck8lc5r0oj1l9idasM
created: b/d/f9h55v7g850qeq6k6lljr9nvsb06apoR
modified: e/8/f3r311r8vmjbevaf3858q2jlj7njjo0M
modified: f/9/01ek20bl5pidm0b61iaf8sk6aoihk5qM
modified: 4/0/505a16k7i2ohs4ecpetgl4j4jgf857sR
created: 4/b/96s76975atgctfj5panh8crku73fda8R
created: 4/9/1e6rflklnv36jd44n0h99qlg135s044R
modified: 0/9/stats
modified: 7/3/254oivrhhj432nbif7jcqk7j2m9a4q0R
created: 9/f/deohise8lalhcc9l7hlb87g36vk9s74R
modified: 4/5/a8hu98aj6beaikqhrra3dkpc8h9o1biM
modified: 4/0/b8vd1v1gq29vd5mb66me7htmcm3cej2M
modified: 6/a/stats
modified: 9/0/92885p8cc44e4gcgvf4ln9rqfa296uuM
modified: a/8/stats
modified: a/d/fam5kosbjfdpfn0ontr07rtcp9jobusM
created: b/c/37hbhlgqt0f1kpefb773au8c5j6b2mqR
modified: c/3/stats
created: 3/1/39u3ttgldolq0h4nqihfbhk33o65kjqR
modified: 3/1/stats
modified: 5/a/72lt7n3mqqvg0ohif68j9va09dtvsiuR
created: 9/6/557a67m1qhn7dvt71n0m8klrd9sbvaqR
modified: c/b/stats
modified: 7/1/13rlkm8e8svggmj2o8qf7l8g9s7d820M
modified: 9/2/stats
modified: 9/f/3508vl3ql04527gdeb3c6ea8u974hcaM
modified: 1/f/stats
modified: 2/7/4fbhl6089c5immboc49jngm0iet0uq8M
modified: 8/5/stats
created: 8/f/4epj9t8q7rotse6llh06qagpgskadlqR
modified: 0/0/f4v3q6770u5mnq9vhunkpcblcvpkp3gM
modified: 3/a/7537e765ei3op5v1ts5u4b2ng33v294R
created: b/3/72lgiignmkd64ltumseui0po7hlp2q0M
modified: 0/2/eevktm9d124g4o01fhjvj6tes8ldsu0M
modified: 6/7/771kjpqotjtk4g1k1g58uih379e484uR
modified: b/2/stats
modified: 4/c/1der7ne1588e9ioanq80r0d7lucc1j8M
modified: a/a/stats
modified: 2/3/stats
modified: 4/3/6cumas0n3m6cgc0qe4d4lm73j5fp29eM
modified: 7/2/33fljr3q6jq10vib47js6cebbveur38M
modified: a/1/stats
modified: a/6/stats
modified: e/3/22uq09hrq8lils3r4ck87tvdqrmq7i6M
modified: 3/9/32oood8t07mnmbc5vtaegb030ef1b4qM
created: 5/7/9df26ul04vn9hfhahg26taggfbmr6eqR
modified: 7/b/558mhsq05r9crdapdrd192r5gcfua4oM
created: b/5/62q5aokqo31oam0jpuigtsmnadmg6n2R
modified: c/7/stats
modified: 5/2/9bog2ghmhjo38qt1u51q7257ja2ktfmM
modified: 6/0/stats
modified: 6/c/f4p6656ntv68dqdpeoao95mp5g5ali0M
modified: 7/5/3drvce1973brt62q0of7qhlcva7ukmgM
created: 0/6/78todds7pg8k5k7ovt72slanrvinrtgR
modified: 0/c/ebi2v1fctho54m6l1pov29q8hus5mfuM
modified: 7/a/abakrun8jqlt3d14spkcia503s808ooM
modified: 7/b/stats
modified: b/2/a1tcdkjrlod2adt5mln8jc9aapadjkmM
created: b/a/905het80i6fpqnvpmo7c0b0v0mo60ioR
created: b/c/e8l6otot11kmgmjeuqog7g4q0o3q6mmR
modified: 3/7/stats
modified: d/0/9acmues77p4b42hidle0db5jmbgnud2M
modified: 6/3/2220n88m8uqoa1qb17mu2d2es6b08r8M
created: c/0/aaov0qqrsoevjfnlirbltce37koh0ogR
modified: e/a/d29nt5hcqennmllbke4k3j2juu2j05aM
modified: e/b/8cl654gm8stt1irvvusqr5nda74upv2M
modified: 8/b/a9p892i6v2olhcs80bbgesvi9cbh6riR
created: 7/f/beb2pmd6bpue8sbq25pdr9hsscvil6kR
modified: 8/3/stats
modified: 9/1/6eibcs1i64ufg50fua4enh0csgequ0uR
modified: 0/0/bfkiv9iiuq0pj8bf7drfi394h8hoch4M
created: 4/4/aeb400goa7hlcei7qkhg1oj4lbgfjemR
modified: 7/a/6dino7053mjboti2c3394jcg628d3d4M
modified: c/6/00r9g1ub2s2hl19tascej7nt7kfviq0M
modified: e/2/b0prijqpf3kidgolictk90qfn3eqem6M
modified: 0/6/stats
created: 1/2/8e1i24mka5o84orap2ro3nr3renl0aoR
created: 2/6/2arp31rok64f90t7e14gfjl8e3n7glcR
modified: 2/f/stats
modified: 4/6/stats
modified: 4/8/stats
created: d/8/748ijtk7k20doi15s405eerpbt62236R
modified: d/8/a6arht7e4gsjcsl3v2vrnbnsa25hpo6M
modified: e/2/58488jvt4drj4gbj4b6e430m8tdab20M
modified: 0/3/stats
modified: 7/9/stats
modified: b/0/stats
modified: b/7/02cn2t3pep4a4nk1ul46jg9p9gqci04M
modified: 1/e/stats
modified: 4/7/stats
created: f/3/b85t8skhn40rboq86hq2dnn61901pl4R
modified: 2/a/stats
deleted: 4/0/80jhjihqcvvujsd4pno4qs22o3ja066R
deleted: e/a/630digmslodh73h6ju0rcei85sfeplkR
deleted: f/d/60ut6u72ouvur4sc1v30oibkd1v9btgM
deleted: a/4/c8o0gvg6h9inmc0fek8r7v6hutgbpbiR
deleted: 9/6/98g16sh4ede6h5ad8r8ripr994opiucR
deleted: 8/9/edj5o02i8u9jpv813mian8c01d1fdoaR
deleted: 3/a/261dfqung3b150i3pct2bq0cfr5362iR
deleted: 8/b/fbttrqmtc62pdqq988j3gnh8gha2m8aR
deleted: d/3/e7ubbg4s85m5uni1mbistjd5vp4i754R
deleted: 3/a/61okolthk80v8vv62emmht15t1gqcleR
deleted: 2/e/694tikeil4aavilb6hg4cl9s8i827m8R
deleted: b/1/b7odupqkl75c6eog498hutackflibr6R
deleted: f/d/ceapduh0gi3dgp1qh706g6ht55fqv42R
deleted: 3/a/68km8jps3limoe410qr74h8j3ovqhteR
deleted: f/0/c2pr19q12hnejruqlaiqvu1ictgkp94R
deleted: 9/2/38mroag4pardra9pu4fpdjsadp1jk3uR
deleted: 5/d/182e13jqduobjim6336ukgb0s4h9cpaR
deleted: f/0/e5jaeu5s0mvlb4f3moqmaa4qge4hfkuR
deleted: 8/0/6e049p9d8vch0iunc6l6c5jjp33rhtuM
deleted: 8/8/c5eghkmnc3g4nkfni490rbf27rbbu14R
deleted: a/d/d6istjdfi65skh95fqr7i2hrbuul2noR
deleted: e/8/7es78ivj4aslbglta4vhu95ipo0t978R
deleted: 3/a/90vvi1tbmh73csbq6li4blpkataknqqM
deleted: 2/7/71eppa8qio00b659lqbslsqkre5sdluR
deleted: 6/9/02k2ob699lqkut6lh74hkpctge82alsR
deleted: 7/0/2434nbs6nubf40scjgesogfsvte1gnsR
deleted: 9/6/91g93fgn9tue9e74llvs8ef9nto4nngR
deleted: 9/7/56i57n8tg405otccgvco1grg8sud93cR
deleted: f/e/25kjjpaljigk157k734dlg5l2ftd32sR
deleted: 5/d/3dqfl91qf1l8e0gout72gsvmib909ccR
deleted: f/9/16dqj62to9t62gc4tpgja29ph7oulb2R
deleted: 2/3/c66c52apub90qqaou4pe09rmlm0vnueR
deleted: 5/c/d8sq5jgr4lqb59hmnvcuh8tjscuaqkmR
deleted: c/0/bc8a3nmo8n9c13tl8dgmhnulrvl82heR
deleted: 2/f/080pj6h4ti86q305ff4e9ee2kou3ducR
deleted: c/5/1cupt6lhm85u5q4sboq04qqprvtso7iR
deleted: 2/f/bd3msipnp2orbtbgs04r3pdshn527vsR
deleted: b/4/7dtdbcef8vl9t8enk2kkvsk36oge90gR
deleted: 7/6/30hbiv8ir988apbqpul8fp4649e1htuR
deleted: f/d/930hb13b9ansv0dgdifnhsg3gjra8luR
deleted: a/7/b254f0gt4g788md9mmfqdg7qrkvk916R
deleted: 3/a/98t882v7o3501gvoo8u4hc89f62ugo4R
deleted: a/d/16ogla0boafcvp2akm5jb6hrqjebhu6R
deleted: 0/5/d9lmdsjm52efhrou23j1us05kpi8pmsR
deleted: 8/b/79c4br7f315v0ifj3kt2k9el06ggo7sR
deleted: 0/1/802d7hgs7dne4jck07od8i4rg3lolm6R
deleted: 4/0/7bjlbfoqop148722giffkf4jlq5hf9mR
deleted: 5/1/1flgm4s5kb7fma04mqhb2dgi8a2v3umR
deleted: 2/c/75320ipd9pbfdfic7ir7nvv4v3f5qbcR
deleted: 3/2/fftctp35o9tribur36iqclepic6k08oR
deleted: 8/9/de303igagki8shbql917k6cb0pt1ab2R
deleted: b/5/e422n7phdr78oqqqobpal82cpkk11fgR
deleted: 2/2/10vf3va4nf784mdnenf2gqrs25gju90R
deleted: 7/4/32io6t190daei93sdbh58s5v9vn1htiR
deleted: f/9/e596ccopekqqa3jvbukah41v4ngo38qM
deleted: 7/0/5em94q9vucbml4qd73m7hh1gi1kf0eaR
deleted: 2/a/b3i0gsdbud9oiftaqcprvv1j98s1b50R
deleted: d/9/825gavd4tkf9k9mha07mdaibi73c59uR
deleted: f/b/e6lpu1121bdg8ge6noadg2l54gkofreR
deleted: 9/4/b8cp50d8q99qks2u5q83sdphm7akvsuR
deleted: a/6/59ubls81u1pih42jr1a6m4mca1s203kR
deleted: a/b/8889gqcqqmk5or2ntm7am1r4tijc7ogR
deleted: 2/2/7adccdkb8kdk7oder0kpkjf0p0k3e84R
deleted: a/8/ce8rvd9faha8isl67n87k4jc9pvs68iR
deleted: f/f/3cktrjnt54rbs6ocdsbuicv4coqu54kR
deleted: 3/1/8aa4k5va8l4uhr9bqssdficsr82fvauR
deleted: 6/4/a6gn2pd9b5gh795bjqbutp77oo7ocgcR
deleted: 2/f/6aqtbsmhjv1pisf0r8lehs08m3b28i2R
deleted: 2/b/07tlg8nmjsh7lj6k5b2aiuh2qk213jmR
deleted: 7/3/e6qothk4ma4pol8vkn13mii3jm0s5skR
deleted: f/7/2bss2kofgjhnlkq8fnsh48c2jbbrb74R
deleted: a/c/6b3jvjk2q2rm7cldub43gk0ouqdb6e6R
deleted: e/9/99sarf6mtlga36l92m92bg7m50bnjmgR
deleted: 3/9/00c338kkkbunj4g0q54v872gterm5acR
deleted: 5/b/dbr9ejufd47ordgirkig6ngqeto11vqR
deleted: f/9/2bd2io5qd9og06acha36pn7k9ffgnvmR
deleted: 2/1/21gn04uq9ubgo41045d8kivubvl3t5gR
deleted: 3/a/3dr13fjknf1be6gbj6m4hfsnijer9c4R
deleted: 9/6/2f6gvu50ktu1lui6qeapju5d9e6hel2R
deleted: 5/d/10990v8vgoueecpqcjqi56hgkv7hsfeR
deleted: 8/1/6ac8ehl3rasdie547vbnau20b925jd2R
deleted: 3/0/923d3soh6ou24gqrgq22s4sd2retvugR
deleted: 0/1/0b1l0uhpfdfp0mebsuiguio8uokf6v2R
deleted: 7/2/4dtm394lb7qvfprij178dmrean7pdkoR
deleted: a/2/d9iffa17ol2ghhqjnn9l7rftsm1q94kR
deleted: 8/0/04dt50bhmgtbnvg7qktatihi74c8okgR
deleted: a/3/cbubcbaa4r2lkq6anriuo8301di4mssR
deleted: 5/1/a3ak792lm54edpqvah9is4g0do2btcaR
deleted: 9/3/4e9d0815nqicnvo4nq0rcbkon7fa0ggR
deleted: c/4/6fdivu6la8rqjboh45672hat9hc4aqkR
deleted: f/a/e92oom4oapurhnla4eql65tivob4vucR
deleted: e/3/5edote5vud4d6oomkulsv0q4hfsrngaR
deleted: b/0/aao65dgv8gkosdn2h68ruqvd6nj8o8uR
deleted: 8/7/5ar1r042lbr73btueugr3tphd8kc0q0R
deleted: 3/9/aae5gdf5eim8o3l3j99b6rbl397q4iuR
deleted: d/0/afoa10d9cb8el3soej34vqe82fgfjqeR
deleted: 6/9/4el754uj0gvefmm62i1h3e16db1cs66R
deleted: a/3/14p6hamgt3cm9h2p01fnj5fcfpk3v34R
deleted: 4/3/6dulp3eq2927ltu41rk1at3kvbepa10R
deleted: e/9/a9i8k5qb127ja345mqvmd9dhc15a47cR
deleted: 2/5/afm870ukqud0b3lcag8u0qpm9cuf7p2R
deleted: a/9/7a3i5sgnc3tnbulraeldjt4lv9ctpnaR
deleted: 1/1/345aen6s7aipfkllfpv6kj2fep1i18gR
deleted: a/9/259799thfp9tt1qc4dgtr6gsk7qv2p4R
deleted: 7/5/496931n6stom9p89due9f7ee0ls5ebeR
deleted: d/a/35ec9unnb5ukdeitdihqbe9rrtv0k6gR
deleted: 5/c/a4erntnl17jpia8fjljj8ae3th5thc6R
deleted: c/4/77f70bcbo42dmdvgmgiogtj650kqdu0M
deleted: 0/1/aa4plgj3scdpnul20738uural33fl9iR
deleted: f/f/cavoeu3ushsjokvub9ilflab3tmqodkR
deleted: c/5/7a5qpgn259cggfjqr7vmf9a8rqp21s4M
deleted: d/4/ce7ecrhb2shgsmutbgmt0p64atqieigR
deleted: b/3/b7e8c98fcep39ctbr1jtteq01gopct6R
deleted: 7/4/49o5b62hrp2s3ecd9vupfjotmfr98i6R
deleted: 3/6/fdi8g4r8aol6680cvp3vvjq7vaj08rqR
deleted: f/f/f2ll8suf9s8unh66bso2gc3rk96an2oR
deleted: 2/f/31m25iv1mmst62qpjrebf7fpn1tc1soR
deleted: 2/f/f3akrmostm5m3t3kuvqeuuo0ll4996cR
deleted: c/4/14on5dr1st7d15j4igig6203kldunleR
deleted: f/c/e8pfb0hu0712no3ounlp6c5rtm1fo4cR
deleted: 4/0/29ul7hjsb8c4db2j0p48m1hf0ret1fqR
deleted: 0/1/a2r6hedebp6cq0ct7bljitl37aekeqaR
deleted: 1/3/5aigjttfd5gjc88lfdl9kudq3vbb70sR
deleted: d/1/35ca4r1en6u37esk6uiqculcnor345eR
deleted: a/8/e43u5koe4rmino2lip8aconuqajrsuaR
deleted: c/3/88o22c7tq7588k00e1go79jotvqct90R
deleted: 8/c/1c30qbihtclst25r1onh0at58206ljuR
deleted: e/a/1c4hual3v5a0mjj1knlcjmbme5ul2b0R
deleted: f/e/01rr2ekkfs4r5bb9jtu9u6ipchf2b0mR
deleted: c/4/43m2rlkb9lhf87s83n41mrso3eahb92R
deleted: f/8/8aa7u8q5dnfauvhh4r4u1meaolcrrpgR
deleted: 5/c/9b7i5p3v1gen2u5u6cnjg56851rao9qR
deleted: 3/b/03cn8o1baupi51pdeq1hlsdc5b4eitiR
deleted: 6/2/e4qbq9g9ctie8tjh3476ai55nfd0n96R
deleted: d/5/7eeunr8an5fopopo5ett2k29d591pi2R
deleted: 6/8/f60r8g5j3g9cg7l9q806d1510ejfn6qR
deleted: e/4/2ftfsg94pmim8pnteqr0lksaculsj3qR
deleted: 3/a/61dno6ncj7l899am9nbp2p7tbkplbgiR
deleted: 4/5/e5ca8ears1fvai1doei7mfohj7s9qvqR
deleted: a/8/f5av2n966c8decrpht6deq1fa90g1o8M
deleted: 5/c/59q5ki2j38p44282a3nfei66e5dhjsgR
deleted: d/4/69gurum0mp2v4301jcak0652bodfuvoR
deleted: 9/6/2epdqp8gdp844972le29firkcspd82iR
deleted: 2/b/bbgn06h5dc5fuq562l1srg2hm42hqfuR
deleted: b/6/48c9r7sd8tafaikvugqb3v2020n2agmR
deleted: c/4/76f876vi1dtmcv02dnrf74dkq91cvh8R
deleted: e/a/8dijjv78hthv6k0ona07plqe7a2h9dmR
deleted: 2/e/d7ht2m5f8e6ur1jlfe174vuh4isld7oR
deleted: 2/f/0av7faq7d5ufbf7t3q5difhcpiv1kemR
deleted: 0/5/dbdev4kjbfcndrkk8uv7jjig0pe1gpsR
deleted: e/4/e2lcn2moa2be4msbjv0qsnaj2142caeR
deleted: e/5/006rsoocfuecrssrhgnrk5o6qinev0cR
deleted: 3/6/959b78rps3rc08ec369jhtdm1jn38vsR
deleted: 5/a/425vg0ogngmvgs4a29v7rdjca99bj9iR
deleted: 6/0/77idj8albu3rqm0n3o4c66vbhqqkmt6R
deleted: b/8/bevn2lqft8d0o0jsadu0bpp6l8lcm6oR
deleted: b/5/e84fnm05mdp3gekj03abcl0oa05vemmR
deleted: b/2/d2pllrt7a1306fnbjdi1q7earl7jg72R
deleted: 2/3/624df9kb2g2vi50jeuli7o1g7g9v72oR
deleted: 5/2/2648vhd0vuv6r559qt4vm1j6osqcps8R
deleted: 5/c/515pie0g7s7sraulf5i1kui959rg2g8R
deleted: c/4/8fjdoosnsvsjjkj6pg7us9ntifkhhm2R
deleted: d/a/099gc99mc99d95isef1mk2k8bvni3imR
deleted: 2/e/9ckhn0hbr52mo598nc8pc55au3i6e8kR
deleted: 5/4/f4h145pd7b2p1avrfduikg9gof6vku2R
deleted: d/a/68d0lgjjn122jo71kmvrpmbir09lqmgR
deleted: 6/0/b3cj7cosibojnk20fcimlhk7dht2lmmR
deleted: 2/c/532c3e1mqaoq5sepoggk4vl5uj24nccR
deleted: 4/2/77dpt2fsc6u060834vnh6jpkrqog21oR
deleted: 4/1/4dbn9a6po97298v70lv6vvsbqembgokR
deleted: 3/8/76v0qdh2i38f7td9pf6uf3eitj1peusR
deleted: 5/5/25ap9mrtks0limvbldjk8gshg9n2ul4R
deleted: d/9/5f8sq2vha7bvfv4hmmlj8bvjtofa3vkR
deleted: 2/2/f8i4g9vd4d1vm6mb5kghdcf17tjijjsR
deleted: d/0/d82bjb48fa6uckefche8gnlr3g0iifkR
deleted: a/a/d5ptkbi33069vljbhv1792v9shgv3qcR
ccache cache size is 170Mb.
Uploading cache ccache...