SHA for cache folders (/tmp/ccache_dir) is '87cc25a730fb5c2450f349c4dfe9e64ef9bc08be357b62d3d3c941947fd3e52a'
Cache ccache has changed!
List of changes for cache folders (/tmp/ccache_dir):
modified: 4/stats
modified: d/stats
modified: 1/stats
modified: 5/stats
modified: 9/stats
modified: c/stats
modified: e/stats
modified: 0/stats
modified: 2/stats
modified: 3/stats
modified: 6/stats
modified: b/stats
modified: 7/stats
modified: 8/stats
modified: a/stats
modified: f/stats
ccache cache size is 700 bytes.
Uploading cache ccache...