SHA for cache folders (/tmp/ccache_dir) is 'fd9382094ebaf1814b1445662282b092d3bd4adbc24385428a198b7fa0c4bf09'
Cache ccache has changed!
List of changes for cache folders (/tmp/ccache_dir):
created: 9/1/480713a6cf94d2a1b1cfd0b8a7b3ae-10425.manifest
created: f/d/fa53edf7cf9ec99e2dacf4748d4a47-5016555.o
created: 3/1/f123113ed8d9a57b8137b6ecfc9b44-3091415.o
created: 4/4/0b394e7929817b0387b1a93c79a2fc-1527562.o
created: 1/2/48d84dcffe5d9d1efe749e9925c6f1-2694306.o
created: a/e/97a01962b20df63975f0b315db8985-104879.manifest
created: 3/c/221739e0935ba7e752e62d17436fe5-4482394.o
created: 7/e/14e2fb85ec59eff408a7daf781d3ae-4687.manifest
created: c/6/8c0071dce90c692b410ab67e796d87-46698.manifest
created: a/2/33069210b73324b4ded39996df1b35-6045.manifest
created: 0/c/1895d3eb63edac75f62bcf89e61499-7130771.o
created: f/0/866892f208ff75028bae041db7360a-50651.manifest
created: 5/2/66ea25790273496ecbfaade7b47063-8178.manifest
created: 6/5/fd301647f5a33791c745cf117f2d71-3129251.o
created: 4/5/470a920f3000365c5a6ecccd15aa72-2676.manifest
created: b/8/0af3d1fd9b2c2c8ffe8140310c09b0-3306162.o
created: b/7/c7e2a08fca5318735037dc40849cf7-1393887.o
created: 8/0/5f52026473030e9a1eb6ace307e876-3056856.o
created: 9/0/914b1010a1426f49ec0294ee6fe75e-38012.manifest
created: 4/3/a1366ec2f7e6d70dad5891a538f1b0-6250335.o
created: 2/e/ffb24252da12b5b15fadc32ef87036-25763.manifest
created: f/1/04ab2ba64471f7616512551525e75e-2927147.o
created: f/4/fdfe55c7369d13876aa37268aa5718-2763847.o
created: 2/e/78d8b8313b078396e8e438229390d5-12335.manifest
created: 2/b/176c6dcb17570ba69677da667f2384-13449.manifest
created: 1/f/605f1b2979187bf895ba564299cfee-14610.manifest
created: 4/e/eb66f1831e54db7c176d5173db7102-762256.o
created: 3/1/cd397fb562d1209df6c476061d9396-18303.manifest
created: b/4/28524e99803cf65ab2a5e933a05d25-4918.manifest
created: a/8/9a86c8969a63769c14784812d82795-9944.manifest
created: 2/e/7044e2d426d3e4131dab8600d06798-43312.manifest
created: d/b/d9a9f2534bb0e5850f80c430cd642d-14457.manifest
created: 8/1/ba0d9f61c0b9994ef7cfa8469a3958-9931.manifest
created: 3/3/5d633ca674e4bef421d779db3eb97a-12337.manifest
created: d/9/98c6fd6c62d94075245fdbbc8450e6-6330.manifest
created: 4/2/fab23a3c0e1623bf18e8b0445e1994-1995320.o
created: a/1/6ecdd8a628bd5a3acba21639f900e9-3002631.o
created: 0/f/670e242cc7bdce7dc509bdbfdb43d9-7548.manifest
created: 4/a/34cd5c2dc44285385a6d3dd0d1d0ab-3019148.o
created: f/1/a73194409051f18d1d62a093acd94d-2580860.o
created: 8/0/5f36588acb8fda238ebfcf7d3d257d-6669494.o
created: 1/b/61318f47de554ea1240d130dd24b6d-2322.manifest
created: a/5/6ab0b31cf7c4420324448f129ed834-1346933.o
created: 2/6/f6ed4dfc0a7a7a336bb33dd9805afe-7348.manifest
created: 3/4/713df179d8a83bdf5c894508d65425-4709.manifest
created: 4/3/94c4e0fffe20e01f6e008f1c39a7a9-6654355.o
created: a/c/e3a644934590a3a7c96bd4376a1ca3-7717.manifest
created: b/f/83f8b33d57cc8b82594ebce29e4e77-13461.manifest
created: 9/7/e48dfa75b9add778c8058f07100670-3816977.o
created: 1/b/8971608b21f14cc0ec7eb4eb4ce0e0-164370.manifest
created: 2/7/b0d24c4c21b045d34861eb43098b73-2121724.o
created: d/b/1b4de1413ad225ccbd0366e8a4bd53-1582.manifest
created: 4/d/d9fc402b19751ea541338c98f5d258-2459.manifest
created: 5/f/f2d8d709c757fc0c5d8bd3870393b0-2019195.o
created: b/b/c098cfeadfc1ff214a4e077ad6b872-6799221.o
created: 0/4/cb5e9ff781f78044c184636ed975e3-1984393.o
created: 2/b/da9bbeeae81e130216df4a6d8df858-3036637.o
created: 9/9/cb3217980b7b5e086b518c0fcfb611-3038978.o
created: d/0/4a6fc9bf915066ae6d3d6e85ec9d74-1579674.o
created: f/7/5e2d7999d9c4f39feb002b6224cb6d-4704641.o
created: 6/6/57a6397d9a028a408c94100187ee70-5942.manifest
created: 4/6/eeef0d8bee6c2a842f16b0763516fe-3994996.o
created: f/b/04463f97af5c4abc72c574ed7e0a4f-5593.manifest
created: c/a/6c7e42838f6757a59aca0eed405a50-7018.manifest
created: 7/f/13f1279ca59fcabe5461dfb546215d-17327.manifest
created: 0/0/a6101444bceb52817df083c27212e4-7554.manifest
created: 4/4/62103d9dabce6c819b21713e1a309e-2089.manifest
created: f/1/5ea465ddf236fc35bb38dbc95165bf-2840.manifest
created: a/f/f2a42185855197deb62763ddf188a6-1495.manifest
created: f/3/884dfc65333ee095dce7fe42dee304-5452.manifest
modified: d/stats
created: 9/8/e1c7d94da14df4247113f233dfc21e-11465.manifest
created: e/4/a6db47c11791b50881fb825624d94a-27266.manifest
created: e/a/32208bb5fe92d983b882c7f8a8fa15-3085636.o
created: c/1/968e5e1ee8cfd9880847d16b29b099-3728866.o
created: 1/0/7d7f7ac77e0cb48882f816294ba171-3504.manifest
created: 7/d/8e6f30415edad35e81cde283729364-2280.manifest
created: f/6/a9b3de413d14587363884c85bc3326-21104.manifest
created: 1/f/734a09225f98f4b1dbddee9cf2e5a6-5789.manifest
created: 1/6/242142b1f81bf9f0ec574b424c27aa-1334755.o
created: 5/b/6a7dd13a99c5a767702392c25cbd5b-6884.manifest
created: 1/8/c8df6da95d1a3d646f69da209d7ccc-2213980.o
created: 1/8/7d5a40b3dfcfea17ed88a4906cf941-4810484.o
created: 3/b/01f5a3baf999b435dbfaef5ae5f486-6869.manifest
created: 9/0/3635564d74b8e9c0d316732b89c0f3-13146.manifest
created: f/1/412e1255c35c9f01710177f7208d64-7482243.o
created: 2/5/10285a878dc319c1a3d3129c5f2339-32911.manifest
created: 7/8/967dcf5b514593af626b0a54cdb946-2101848.o
created: 0/d/7469a8ab874961ccfffbe6b1a73738-21844.manifest
created: a/9/0ccdeb33f27dbc635b0ba76a44e218-17554.manifest
created: e/8/0374a6e5fa91ba829d75be8433e588-4840599.o
created: f/6/933f642f2a9fb8a2e2fb169482181d-27374.manifest
created: 2/6/272a37f98eaa95e47e48c200f5dd8f-101465.manifest
created: 1/d/4b87affb1c130b74e5b7fdd2d626bb-8387.manifest
created: 0/f/5f70a845db20758bc005b91dd57806-4231.manifest
created: 7/b/4565c50224db86803f206c772776d4-2930068.o
created: c/2/7523cb588b5ac80d8aa57b3acf726a-3180385.o
created: 0/d/c407a4eb66d49529ee05258062c51f-9521.manifest
created: 0/0/ce2541b334bbc01ccadac9b77cdda7-113621.manifest
created: e/7/e9ab53aa8a5e1a64a8b426b155243e-4034.manifest
created: f/7/948bb55c2ca1d27eab419c01d6cfdf-3948.manifest
created: 1/4/932c48fed7af1ff7e024f5fb090ad1-4635123.o
created: 1/3/0208d5a146b820d9b225340e949270-2023308.o
created: c/3/1a2fabf08d1cfd2b6692b5c11dd5b9-3137346.o
created: c/8/b485be4136f0bac0dca9dfad43be60-1808897.o
created: 3/9/cf2c6cbb45be660b8e6be88db449e5-45352.manifest
created: d/8/6514ec237decd5fa8119e4a1bdaa0d-3398512.o
created: 8/9/bc5886bce3925587507576c2ec20d3-2399.manifest
created: 3/3/aa915859e0e79e44901b7918b48a72-5003495.o
created: 4/8/0caef596d38bd3548effb57102bac2-303565.o
created: 7/e/9c7dfead038dea8a88daa6db482908-6338.manifest
created: 6/1/b2fa38c983ecb2eaae32ee2da18814-2997778.o
created: 1/5/24c3c3d7aadca85873543f325c64af-6969.manifest
created: d/b/caec9c116dca6188f1e1f3dba5d7b7-2298497.o
created: a/5/492c58b1a15710c2cf66d4aa00ea17-9492.manifest
created: f/9/0144e384d850a672b4e6423cb1bf87-4535428.o
created: 7/8/77d964387f2b6ab0d2075870333769-3189.manifest
created: 2/c/8ec3180683e172e4b77f71642013d1-4614973.o
created: b/8/e515c6fb8e9e9449219efcbb572472-1976.manifest
created: 3/5/9d85571e687063e42e778c1a0c5b1f-3683119.o
created: a/0/b0ae5b1da54dd9e76785496b7d4f49-1372146.o
created: a/a/c9c9f1a279c14bd33fd4ff98045329-2530228.o
created: d/a/809d9982ed4941abd825de12f02a92-3271586.o
created: b/0/919042dc1bf6a99e6f67d9597e1652-1662449.o
created: 0/a/c5e1e6b512a9c0157dda7e6f07450a-105209.o
created: 4/4/3650e697192b20b4920a81a346e9cc-2843639.o
created: d/f/dedd42a51a0250ff04775b03cecc9b-2782139.o
created: 1/c/32e56f3bfbf1125a50430fd4d0757b-20824.manifest
created: d/a/1a0000802ebe91ba97688b0863839a-8514.manifest
created: 0/0/78e7d6d919399a2f0969eb220f089a-10535.manifest
created: 4/c/02ee14ac569f8f10ba91c9a770126a-4264.manifest
created: 7/4/9b8f2c7080b1de8ad6d9125290b473-4486702.o
created: 9/f/0f8ee2e46d3c32c9f1c474652a0f25-2103383.o
created: 3/d/14801dd22bafb28c4842c341906f02-2797513.o
created: 1/f/74654d846021f3d62201e1d76c89fa-2835272.o
created: 2/a/092991eb37a685e8f6fe9d719ffb97-13292.manifest
created: a/1/a38cfbe71488fac0d48897d1b14b20-17716388.manifest
created: c/4/acc6c73f4b9b1afa73d41e6731aff2-49403.manifest
created: f/e/07ffe59b04362a4c059c3690d2929e-2765000.o
modified: f/stats
created: f/f/a806b2ef1739b8e223adece665c8d3-4973642.o
created: b/7/c88d2625f2c68b627d328c4b2e84c7-4970093.o
created: 3/8/957eb0f47392254027ea167503dfa4-2574286.o
created: 9/6/7a857be83fb369a96a76f5fa1b162f-1848164.o
created: 3/3/1c78d9eeddd57ce0196df65e09e505-5419662.o
created: f/1/d0e3a14b2014414e92f7f235dc4691-4944178.o
created: f/6/54eea6b51ecde6e0f5befe97273838-2898943.o
created: b/9/b38e53567e32fe3612595c9fbaf726-1402097.o
created: 4/8/48d3b947b611cb4aa33492e76fc25d-9101.manifest
created: 3/1/91e9966abf2fc785968c9fcf08e792-2213.manifest
created: 6/2/d53d3d03f014d5828636b0a132ef0e-2944628.o
modified: 7/stats
created: 1/a/2e57384c9864109b998fd8ccb1618e-4952622.o
created: 0/9/dfeee27c6663a5460fd2adc955eadb-6318.manifest
created: 2/0/c24989f76bcfbb6f49c6384429b42e-4904308.o
created: a/7/61ab0e0c8ab9bfbb92a671601d78eb-3506475.o
created: a/9/30152d6d5b0726199a81d153dbe1a6-3732.manifest
created: 8/d/f6d772c44c3fd7b317381e7f51aac3-412.o
created: a/9/909ed50e81407afedff0da76ee303a-1581113.o
created: d/3/7900f7c1e7f4d718b96edf00c6ed33-6629413.o
created: 7/f/0fe0ed81d55d4f74af107e8dac1f4a-16325.manifest
created: 1/c/7a0f590ac338f44786ea6d9b1fdf86-1900500.o
created: 2/5/80b90fce92d183a330b4cf5d595f88-4031521.o
created: 0/e/cfec403affddbff88a6b01dba82783-3497.manifest
created: 3/3/726459b4ba563601863d4fa5dcabc5-2055650.o
created: 7/7/62ffb8531ec50dc5c4209a5963dd7e-6146385.o
created: 1/3/41926149c0cfc270b99dce02de29b9-14483.manifest
created: 8/d/95b6880b83011f3faabfa3504e5574-11381.manifest
created: 7/6/02682d8d69ce2b617901dbad8b3900-3918.manifest
created: d/9/e7aba0aa3ccfff04a653cc10cc0d4b-4535240.o
created: f/a/62d1c95219f5fdb5514fe18956d293-1803689.o
created: 3/9/8c67fe332551b98dcf08ab5e181b54-2292626.o
created: 3/c/7e39b9cd1ff1ba53c08e994e5f6631-87375.manifest
created: 2/9/b891d7ccaa4ccacf5159d8496e882a-2490927.o
created: e/a/54f0313bf3c96b7f32659e37950648-1402972.o
created: b/6/9c307ab840d0ef273b3d33e4318d97-4152848.o
created: 7/9/303836dc79d2ffe12bd466deffeb9a-16421.manifest
created: 8/6/9bcf2c5867c444d8336c2d4b8a9cba-22637.manifest
created: 2/9/321b1acb484435856327c0c212d991-7598.manifest
created: 7/6/4ac739a1a0c28d871f2b32bb5a54c5-3265909.o
created: b/7/b37847b865cc05b8708df219ab0c99-12380.manifest
created: 2/a/1faf01832853ffc64af4de823c2cb7-28836.manifest
created: f/e/53bf54e1347ec226f377625eada56a-6761301.o
created: b/b/8bdafcae596059362c317b318da0dc-102133.manifest
created: 4/3/a87bca7adcba353b0e2b5e66d1e5ae-2951754.o
created: 9/9/6fad7cfca69ccbb30eb4a5ba4a3713-28607.manifest
created: c/3/fd238ad5ba61e5648a7f7070ef5e5e-1785.manifest
created: e/e/0dfb5f6485fc36d592ee847c8eaae2-1610974.o
created: 5/f/e84a6cf5acb5fb2fa7f95699c98436-297187.o
created: 3/f/6bbdcd79aaaeb4d40ad0221571b4af-28115.manifest
created: 3/2/7aac802fe20fd12cb418049f40dd2a-3174109.o
created: 5/e/2f889551f485c320ea4afdfb3862de-1283.o
created: 7/6/e899f808438d12b04722703ccd9065-31229.manifest
created: c/4/d9ea7bd14d632357f28084fc656e8c-2299821.o
created: 2/4/58818d01f4743db95a9ea9ece8c9a0-5909.manifest
created: 4/c/aff96d4a89469e55153e10f8107837-4483.manifest
created: 8/1/4f519112af1c2ce3e45d0d4bd9bbb7-6069978.o
created: 3/b/7faee2dd406b2216b5216b54332834-3609.manifest
created: 6/2/0b8a0392df1e013fa5c8a743679159-8935.manifest
created: c/7/9d0188ff7f40475c4705bc65117c72-5318580.o
created: 2/f/753a74a0ff4afb74f76f13ecf6312f-4164689.o
created: e/a/424e868e8fb681dd777b6a2b1ef472-9558.manifest
created: d/4/ce550261e3381d91e24dfb7b6d265b-4704382.o
created: 6/9/a9682d675455b706693c97c9372361-5002785.o
created: e/3/d1f3e5517bc5e6026648ad295c1107-2898637.o
created: b/3/49f30ebec96bf9ca0f7ad08ad5c13c-5096.manifest
modified: 4/stats
created: 0/d/7967d5fd8a74810ff6da6e233dd8a8-10299.manifest
created: a/b/23a32c874813cbb2b339f3e9b89728-11139.manifest
created: f/e/c7348f11edf8fb4390fac396959b62-39145.manifest
created: 7/8/0d2fe904fc272e5c02b51afa15dd8a-1963472.o
created: 9/f/2b997124f3e3821c1dfadd3e699e88-4876.manifest
created: b/4/d6face740ff6f21ba08e2040144190-3307205.o
created: c/5/612fae313bad4b92004e3a08de0824-18480.manifest
created: d/7/91a4b074f9e2158f3ec2cb3695fb31-3318.manifest
created: 1/c/a2dd7f8fa317fc40c3223b274e9909-4208.manifest
created: e/b/80f340c6d808f0e86bb2f8881fd5df-5268.manifest
created: 8/e/62b62f7e27b2a6edecb61c785b3163-4848819.o
created: 0/7/362ba92bbad1ed3047fa81b2a5613e-5504.manifest
created: 1/c/e2ca959725201fc04cf0941ac1db3d-3127047.o
created: 1/0/15558591947f380172a625c6d2539a-1599612.o
created: d/6/58f6fa5f7b1cd40ecad034a5cf134e-1755350.o
created: c/5/01b0666439512f5156431f9ba52e63-6621.manifest
created: 7/a/54e6276165f691a56c7e77f6baaec7-4549.manifest
created: 8/2/1b82f889f59eab45f44efbbc889133-4968924.o
created: 8/f/f55fbacd7cdac84b7d55aea19973a5-247324.manifest
created: 8/1/cf93ee768fae8eed5b13ec7f2cb584-12254.manifest
created: 3/6/f2adceb57e65e0d717e13279e4ba97-3321.manifest
created: 6/a/c67e3dad029faba4e7f738231a3fa6-1835.manifest
created: e/1/79f14e6c83f588012e03b0a7001acb-6640.manifest
created: a/4/a882153341ab2a6c85bd8517b79b04-309809.o
created: b/3/b016c304e0532230f74aa4ffe1fda8-4498070.o
created: 7/7/a24158ee7ab8ca8b56908983eb69b9-4500285.o
created: 6/4/d2683100575197b795703b39c36e10-4192.manifest
created: f/b/59ee71add6a008f7666a798bd2af83-14361.manifest
modified: 8/stats
created: f/f/b00723e28f677f24bab0faeb1af986-6786543.o
modified: 9/stats
created: 8/4/6aecf0a55933efa4f20138b6d4a2cb-1612775.o
created: 3/c/677a0813c19a6c5db5d6bb19a073de-4958365.o
modified: 6/stats
created: e/c/0ba96c3918d55bc99a9762d241a6d0-1294862.o
created: 3/3/f90ea896a65d0e666d4ab5e7754526-16545.manifest
created: 8/2/9f404a73c9b83402273c92dce2a727-2817838.o
created: 7/c/9dd9ac454ee6d83a9d65866cb6073d-8034.manifest
created: 0/9/ed077e311ba032e376c39e62f945e4-6690.manifest
created: 2/a/4aa9ace46b18cdd9c3ee98c8f33535-19418.manifest
created: 4/9/b32fe7027be954037dcab7070939de-30788.manifest
created: a/f/bf673a3d57358c900e16872503fc80-6830.manifest
created: 8/8/55c21e77dc90c311776e704ba1c0f0-2002182.o
created: 1/7/8622d46ff793d6132def0e60977242-10512.manifest
created: 4/d/88b8f63bd61bc6f6f7363789dc668f-1729.manifest
created: 7/d/aa1bf8811544335c36a860f74f5786-1922.manifest
created: f/9/0f7130112ef6ab37b1045219bdf99e-10008.manifest
created: 9/e/512b3c6679db76586874e4c6e749e3-15852.manifest
created: 2/e/fab0e54873dce4d3ae932b2d0540c7-3255546.o
created: d/f/3eb456de3ddc861fabe283ef77d7eb-3160714.o
created: d/f/2c1399f091eac9622df44dcc9819a7-11149.manifest
created: 8/0/b503e96505201edf7f29557ce1c951-14712.manifest
created: 9/f/c77f56011ed504626c07869167d2b1-2694449.o
modified: 0/stats
created: e/9/185a12a8f6359a5a0d078ea201c3d1-29733.manifest
created: e/d/b38cd91cc47d8aa3437f20ebec0858-3099227.o
created: c/9/9e2c23dc8e20209fe57376e2e4c861-6247.manifest
created: a/2/5b7bfb4e623672820e0cbab904b322-4998929.o
created: 5/2/37ff671510485e39e2b26cbb7bc0e8-3039.manifest
created: a/c/feb3bbdfb9b27fa0f8b1562f278f50-7115755.o
created: 5/7/64e03c3b49f8d2899edb955ec999fa-4470957.o
created: f/f/91dd90a4bf32bb2efd5ff0497efa04-4514883.o
created: 7/2/113af3af022b3029a7a17f2dcfa4f1-3203.manifest
created: 3/e/bfb4d9cdd6da1378b4b555516081ab-13501.manifest
created: c/a/7536cf034eb7c22ca213b7feaa4e2b-2445.manifest
created: 3/0/8af28e79e963a7cb4d48c9201417f1-2008.manifest
created: 6/8/594feb4deb2c8e2299f8cf99b5e962-3147.manifest
created: 7/7/e747ad2a4921b9f9ee5601683f8ef5-3198.manifest
created: b/8/c65609eb410618579b8cbcb08ca660-9656.manifest
created: c/5/2d4fb315d5fb560c8022a5e11092ab-3010054.o
created: 4/5/6c1c66dc392b5b42abb193cbc40196-18140.manifest
created: c/e/5eed4c6c939af03395e96b7e145fa1-2837824.o
created: 5/8/30dfe720ed7faca8feeca25865c411-4672852.o
created: c/3/2049b4c1fe990f6d855ba73b1b35d9-1835670.o
created: 8/0/42600e72fe18fa648417d8c9237608-3134255.o
created: e/3/609cfcbd7967b2d4864fffa4b1fe24-7677.manifest
created: 7/2/af107c706ea9ec9951c64a8bb605f2-2915304.o
created: 6/1/7851d85994b85a8d61082489a23846-2992046.o
created: b/0/130216656b69d5f6085933b719108c-2798950.o
created: b/1/591f0151ee30845c192b1e582c741d-3943.manifest
created: c/9/ea95d3d136c32eaee5140a728b9b50-4824292.o
modified: c/stats
created: 1/a/44f521f9b0cd9bc4d70469f10dc425-2113094.o
created: 2/c/f67b4af01486c644b2e6f7a4396470-8886.manifest
created: 9/0/d0140381eb8df36b2a0d4443e4ca7d-2695318.o
created: e/8/bfd8e057215525641d6c42eeca36dc-5721.manifest
created: 7/4/e847af483929fa4adfaa0d8e6ace15-5726.manifest
created: c/7/8211190078117b06ab619e24667db3-1398219.o
created: 1/7/9367ca027f0498d31726725a42cf56-3400778.o
created: e/f/e1a707d082dd3786b4f7e5a2665086-1015939.o
created: 5/c/276eef1c600330bf8fbe52871eb3da-6912.manifest
created: 8/f/25e8a6b58b9bcc52e5c26106e489f2-29915.manifest
created: 0/3/ad1e35a3109a406072f6693210ddbd-5755.manifest
created: 1/d/f24d11e582a5ed0ae9b1041258b5fc-3951.manifest
created: e/9/7840dbc1e2bbdbfd49b5b4c645ce6f-19011.manifest
created: d/0/a2907adcf95a381ea0734548844cec-16486.manifest
created: d/d/343092bebe4d6ffcf4de1986a001b4-3937004.o
created: 4/3/c266f7412eb9b1b359e606a64ad9c2-3090555.o
created: b/2/9864921a82eefe85f3df928f7cc64d-7193.manifest
created: 5/0/df9e1e06352397abf41e82981113c8-9360.manifest
created: b/b/11118aa523dd7b3a85c8036306fb4b-11789.manifest
created: 7/5/0c62de8922f3935dfaa88819e22ddf-3004673.o
created: c/8/5608218ae924ffbef78324300ba148-4507578.o
created: d/0/8a515fd36a094669ecea9167bee360-2189.manifest
created: f/6/701023164e600705c9041d3798faa1-2131058.o
created: 3/f/8ef976092f530f4794241934b1b740-2599.manifest
created: a/7/6cc6f9aad3cb2dfc85e309cb6134e5-4662470.o
created: 7/b/d3e24e2717a00710e0bb92abfd8293-4492.manifest
created: 1/8/af57e95616a60f51e7182cb81925e3-2896576.o
modified: 2/stats
created: a/d/b7dae8d17c67a32bffae2e0c202c1e-1590930.o
created: 7/b/aa02fa8b435c834a137741578a6f52-8430.manifest
created: 0/2/b71e82d01997a88e2d2af7c0e59325-4464908.o
created: b/f/5ef35a847adf66e5edb4744754c378-6752.manifest
created: f/6/c24b48d6f10b05cb3d487c4dafaaf7-6135.manifest
created: 6/c/9442a85e28d700efe10cceec8518bd-3471.manifest
created: 8/1/6045a0677b8c023f0f83a52144ee0a-4757694.o
created: c/e/e46cabf6f1beb90544f8159418f6fc-4942456.o
created: 1/5/6263363ba24e4c88b486a605675996-6855.manifest
created: 8/f/fc7ee2c853fbf2aca0c1dd11ace876-2899966.o
created: 4/0/66efb4252380332822b1afa5ef2afc-13751.manifest
created: 9/c/630498ddb5e3d5ca0b8b6bacb58e49-1740.manifest
created: e/2/a783a7b99f6837d4a6352a91ce3b21-3764330.o
created: 8/9/f3601250ab56df84b18776f88797e7-4789085.o
created: e/7/0610605362e0ecbd78d67a7f256140-4733288.o
created: f/3/ec7affde52cc3adcbd70601b7cc1a2-3119692.o
created: 1/3/5745b5133dc86b140b98ed03166aba-9841.manifest
created: 9/5/e69c017d492130f8f8685404ebf102-2771532.o
created: d/d/3f5de9490e1603d71ef7f578b3b2f0-1544.manifest
created: f/a/a449e757f9e0a4254dd157d4280ad0-16378.manifest
created: 6/c/454ae14ef971cc2b2bdcf2008aefbd-2032238.o
created: 9/1/4e0e749d62bbd2feee50898f58d651-3350477.o
created: 0/1/11fc61bf5a455bbebb650ef1da54c6-34113.manifest
created: 9/d/61f92afbd1fa1164fdd02679e745a4-2902459.o
created: b/e/f00466fa73f8f623caba90f36dc596-4400235.o
created: 4/2/6b4eaa0b19a13cf9fddbc8b47c68b3-5692.manifest
created: 7/f/383e7e7eaaa9e0c8ffa6ea9b448b9d-4760.manifest
created: 0/3/486047db6a8041be86d3e1c48be823-4406489.o
created: 7/d/50e5e882d274436b484e9e58d4a0b4-13300.manifest
created: e/e/d879788bac3f2a92bafdfb7ecc5180-11239.manifest
created: 4/7/bd72fb76e45528fc630e814d136691-5029335.o
modified: 5/stats
created: 4/5/c6381b97dcb6383247685ad1a85190-2273588.o
created: b/d/17992916f7d98e9ddec1ef59745541-66076.manifest
created: 2/6/4cfd9ab9bdff550a3e4b575446e82a-6768.manifest
created: 6/3/e5eaa4312f60e336d5654c6f26a94f-3305.manifest
created: 0/9/38a174df4dd4e1fbfd96428c125ddc-1654.manifest
created: a/5/26fd8fff5e04b7dcaa44b9c3e9815e-4934256.o
created: 9/1/7662b40b874c8f118700548c337866-11963.manifest
created: 2/4/e8cfca8c916433f64c9a3b48b49aaa-2898674.o
created: 9/f/93bcd960e9f5f796f4478a4ea17cf7-4435922.o
created: 9/d/65805206c424d7082445fcddb428c2-6913.manifest
created: b/e/711f3c25929f0e999e0bfbe3673aa8-1335108.o
created: 8/e/914e4cdee6f1bf99fbad444539e083-6243.manifest
created: b/c/24965b3dd6ca3f26062e04b369211e-305077.o
created: 9/d/4ba403e20717a425a87e7763bc2a5b-3768733.o
created: 2/5/9c37c5ee59a65c345df01b0f115a80-2848298.o
created: 8/8/ebb5e96b2531b5c358b23128a4e26e-5707.manifest
created: 9/6/5c42bbaf2d777de56f6ccd0e6db128-6282096.o
created: f/e/74901b0528753830adf8cd64ec45b0-11074.manifest
modified: e/stats
created: c/c/501ccf1b1500c603c4a07c7161020f-3376.manifest
created: f/e/910acc636e1cd7cffe8c47e3e15a06-7907.manifest
created: 8/c/18b9e1ec31ec33b839cd16a459fe33-4427.manifest
created: 7/7/c1cfa3920c6b22a8aba7a5fe982025-7593.manifest
created: 8/4/2fc9d8de0aed9106407ff01511ae31-2376826.o
created: 0/2/fc684be5bc4354f22feca4301c9250-10932.manifest
created: 2/0/b2d00938e4a3578f596d1c413b822c-5768.manifest
created: 3/9/4951d5f7ede782568d5d1d21d74d59-3027732.o
created: 7/8/d17dc5dcb2df988afeb2d0b44d8f92-6558339.o
created: 9/5/c9c2ac56009d2f9593b2420e45a2ca-4765639.o
created: 8/e/d4e6c1ef3d0e633645ca9f04fa6c63-2683237.o
created: b/1/9c4c7030b0bb9435bafda7320ab267-36843.manifest
created: d/1/f70a23f75363e1a67b3380cf790ee3-3361205.o
created: 4/2/4ad5149987de793ec5b8d13195bcd6-2236.manifest
created: 8/d/78b1f843992097f08e54372f9e4e5f-2797585.o
created: e/8/ecb7b06951f43da12b23d2b2fb2209-8719.manifest
created: 5/8/57603cd89e21795818d49346c1ef5d-2773876.o
created: d/4/a4ec440afded498f2d57618e409bb5-3072.manifest
created: 6/1/4c27a207bef1b1b6efc33d34cafe99-2418477.o
created: 0/a/592a2e6e955e49c6668c741b784ac9-1928.manifest
created: 2/2/bccbc08a3e88f19bee03e76443680e-3983.manifest
created: f/d/c178d602913a3a0a597c8c81da0557-4452461.o
created: d/0/5cd3819a65f3e69eec62be1f4f5f05-4436029.o
created: 6/5/fc5a72805513a61c393f4653e51090-5505344.o
created: 4/1/ee33d1abfc9c07c3aa6465a4510cf9-3021209.o
created: 0/f/ad1ac2d88b3611707fd0a5932e9f9f-1645079.o
created: 9/6/57718e027897f1520e99140bc39983-12924.manifest
created: 0/e/369a9c54f9631d0c6f9ea0de977a10-35835.manifest
created: b/6/54301837ee1d57f3551ebd9bf5e558-1469.manifest
created: f/d/6569967aa7911f21c8cbc7285014cf-4543749.o
created: e/1/2ed1ce540ccdcd4878e48518ca7fa1-56562.manifest
created: 7/d/b5238599d4518dc4f61d2a997eb94a-6032.manifest
modified: a/stats
created: d/b/69cb66759960f61ef6ed0cc4e8c2e0-1487.manifest
created: 1/7/b50b3db9f9951e7b99165e6250d488-1944158.o
created: 4/7/a43d915b10b8179debfb36554c5fe9-2531451.o
created: 9/9/b49c4459a6b5d8c26d54fb1ccf0dc3-7780.manifest
modified: b/stats
created: d/2/ca41ee554717ebbfae3af88919b281-5555.manifest
created: e/3/acedfe2fa83809116829b8a4476485-2056140.o
created: 1/d/27a56501aa682ccbaad92a5f8b407c-18325.manifest
created: b/0/5313bea3229eea5077ffa30fbaf33c-3030881.o
created: c/0/698612d86f305991f44ca8285a6fea-4970878.o
created: f/4/cd439cc11ee24aec57da156505351c-2829471.o
created: 4/1/c2c07373a95ad21743220738ee28ea-2991.manifest
created: 9/3/146d127e1f10ccfeb4edd9ebcefbcf-4764774.o
created: 9/4/387401125fabd0bd4e42b172dc3ccb-3367104.o
created: f/b/8f0258b09704959730c9b556f2f674-94712.manifest
created: b/0/5931ce3f69fcf2ebd63429ab90ec15-1715.manifest
created: c/0/110a8d6797f8c0a9d872e961b03297-21012.manifest
created: f/1/ca36d001282e95ed480732a6df0103-4805519.o
created: 2/5/73c49be2eed5ccd9dd1e1c6f6f23fb-6573697.o
created: 6/1/4f31b92728e768126951121f2256af-1394983.o
created: f/b/431c3674f4cc8414a390541f900846-3079639.o
created: b/4/79784ad6501982a9e4a90bb09f7bd0-4465160.o
created: 0/9/7d9d8d47213304f98f7210a1947edb-3506541.o
created: 4/0/003cb465cf2bfc882a9c43d5f9bcbe-289949.o
created: 5/6/3211cb5fe410114d7171dbbd89545a-15038.manifest
created: 7/4/822575db1058fdf48e28862ea027b0-2717601.o
created: 0/7/b0642d0f29e0392f310cd8ab4a94c3-9380.manifest
created: 7/5/4eaabbb7fa5b4a639bccb4f214b79a-1341009.o
created: 0/4/62f1f18471b194ff661fafeea41245-4719776.o
created: 1/8/06d7fde9b44a5592ccc8f072633d9f-6688.manifest
created: c/6/7f5f98e56cedda064603eb7059c9e7-17865.manifest
created: f/c/819335dfeb66a85dc56a31917473d8-4119996.o
created: 3/a/9d509e0b4b4c4a1bb6bda43dc189ac-4379740.o
created: c/6/09b9199ed63796b196ffa162201360-2538163.o
created: e/5/a1f0421f6ea62ec2e34d23d83cdb12-6736.manifest
created: b/c/32f20d2422dd0780ef1acc1ffa1eae-3494899.o
created: d/b/0ddd63d0223cc2a2e8d82340470be0-1335509.o
created: 2/1/d3cbae55eb1f109e7ebb43202d7ae6-4569203.o
created: 2/6/4471549176993dca6fb28c981c7e22-1777.manifest
created: c/3/fdcaa75f70f50c0b0a85d1e8aeec63-80271.manifest
created: a/a/47081ebde440ceb7e141b12eb029c2-5062831.o
created: 9/c/10ec64e460796d49c15dd6087ebb24-2049966.o
created: b/9/27344ec3e73933267561d60667c32c-2527013.o
created: 2/a/11daef3372cec06a03b77f6e82b966-3506117.o
modified: 1/stats
created: 3/6/79a2e373b5478f0f0ab83ddd82b7fc-1369657.o
created: 3/b/05a24810ae3021a108dd01ca497f40-3136229.o
created: 5/b/00c3ffe2131e2f31d0ac0581d4aa09-4921904.o
created: e/f/9fea8ad9eb8d5184ee90dc30f7f2d0-3303704.o
created: a/e/f305b0d347e8841ae9fca9c0d141af-5127.manifest
created: 8/e/0962cf2dcd5924478b8fbb0e56fe0b-20125.manifest
created: 0/c/4abf5a1ce6d2a111333c844b268ac6-2453.manifest
created: 3/7/32a05eb324059bfec14aa014c02a9c-2459986.o
created: 3/a/37aeb0c03e974c9c0fd6e46b0135c9-3196185.o
created: 1/a/62b60b9fdad9a714d63e58f715643f-4768042.o
created: b/a/5f515caf032f2e7f036d69285f8562-6967.manifest
created: 9/6/763e34120e32c146c9c1d6d73d0622-2398992.o
created: e/d/f2353e3e843f389cb43bd697903aba-16439.manifest
created: 4/8/accbb13d987132393b8b8cf1febef7-2904786.o
created: e/5/7fe4ab92f70c97babd82bc5cf55a04-2526841.o
created: 1/2/ef850e665fd854f17b59a8d79c0557-2038677.o
created: 3/f/e7032752a7962275df0e15911d6ffd-10235.manifest
created: f/e/650c4a31741691dde18bf11e99a5de-11679.manifest
created: 2/3/3314b70484969c1a80427c4d372b19-35730.manifest
created: 3/6/a7880411631b5d1f8315dd5e93cd00-1782489.o
created: c/9/09041b1f968ae7da4486c65361b9c3-275740.manifest
created: 5/d/a264f9ddf36466454acbc22ee2007a-2681166.o
created: b/0/dbf55a96d9255d55136695fb4d3b0e-36629.manifest
created: 3/f/05a859fb882e4c3a621ff544bf7f75-1484.manifest
created: 0/3/afb5b1b70070b69b382d235798723a-1334129.o
created: 4/7/da92f3abc5737f3fcc5a08fe2e5d08-3132651.o
created: b/a/c0c3041ac74b850f0f2c4b3e85fba8-1839460.o
created: 1/7/6c35e6e16060ece5caf435b2a53a11-4254058.o
created: 7/6/600fff7ec115a3ecfd1f5793dfb0e2-2896730.o
created: a/4/31acd3080c9a0a27ec297c55c8ed2a-9824.manifest
created: 5/8/b881a390e44cbe81dd69d6069cab06-1535010.o
created: 7/d/7cde6c49ccc0d117b05764ce16ca6a-5495386.o
created: 5/5/550554a21b3bb284b5313010a1852e-3299994.o
created: 6/1/dd93718bfd79b21f204933a173c7dd-2701619.o
created: 6/a/0766530242b73dcc6b8cc8d687b838-4726300.o
created: d/5/875b2866a275fed47cd3db77ddbaf6-2905546.o
created: 9/4/127540d693c913914aa35bf0d390ca-1939689.o
created: a/1/bc36662dd0f85b93a2ced30db3dc63-5103908.o
created: 8/0/03165c1545c6541e48b9355eb26dc7-2989490.o
created: 9/9/5cce9d7344a4085f90e94777d29382-4523540.o
created: 1/f/f21e58cdfb5f13a2180350c4e03a9b-1497.manifest
created: 9/a/7537a63f8684e4c81d97449b4b58b3-3236093.o
created: 1/6/1f6ed717b93aed73192a11cf8bba20-5133363.o
created: 7/e/1da854e003d1ab09ef3b27bf0d7dd3-2003.manifest
created: 2/5/6011c2729ad7e60e8b38ada498b22f-11176.manifest
created: 2/3/a6326904125495a57b74932380c1b4-7555.manifest
created: e/4/ae6e239923be965669e225698fd996-6751.manifest
created: a/8/29bc5452df6bde8a29852b178ed37f-3609.manifest
created: e/0/0483b4018cbeb2075dcb3fe3617dc1-272724.o
created: 1/c/e7611a206ba262b33f9a5dc40dc65d-4670.manifest
created: 5/f/cdcbc1434382f841ebf3fb2d3c9d9c-3110165.o
created: 0/a/5e4b2b4ac8131b75cfe1943de2d779-7224.manifest
created: b/8/ccf2c1f4f78e889fd5aad5758406e1-5003375.o
created: 6/6/84fde23f2c088537d3978de18df51f-11210.manifest
created: 3/c/a5193b83b2014a0c7d1cadb0c417cb-4268.manifest
created: 2/9/12daa3caba0eda1ab62786c8625c00-2607491.o
created: 7/9/a2e6d107d854fdad202046fe138d45-5669144.o
created: 7/a/93b70fa33278afe2f908d50f203a04-5188.manifest
created: f/7/bcaf4308c54b7a4758facf8d0c7395-3276976.o
created: 6/2/73512b2142bc9b1e307148a14f6390-7401.manifest
created: 9/5/16b8ff3e568259dc9b4153fceb94bd-4428.manifest
created: c/3/8aac301d8bb7048df78d9a3d029f7b-15082.manifest
created: 3/0/407640e1688819159cb270aab81815-11420.manifest
created: a/7/02a19969661d6c07526af755e531c1-3072092.o
created: b/8/e0cf16f9bfdc000a571f5b11e21adf-2495454.o
created: 2/a/c2f3216fae4f4dbb88661d6e794001-1897623.o
created: 1/6/5adba1eb02f9e7fc37c056cb6c0e82-4792775.o
created: 4/4/1767dd06c07114bb7c86d03a6fc5ab-7697.manifest
created: a/7/de32e447d24ccbc84123241aa9bbf6-8899.manifest
created: e/1/0bd204353fef75d8310cd6d73229ae-3961.manifest
created: 2/a/be574eeec0d0fd421c272965e010b8-1594501.o
created: 1/2/ebdb1d15393b953abaf2b2b614ca03-1587795.o
created: f/9/348d79aadcb03747d666c206f13a8b-4075741.o
created: f/c/6ac566ea4f9e6f5762deddc4c3d7fd-6315.manifest
created: 7/8/58f859d533e3861fd9e79118c70f82-3895.manifest
created: a/c/a57954fba0eeb19e0a9fa3b4cd5a6f-4033879.o
created: 6/b/999f3403d1dd759663d9a54e8e5088-12947.manifest
created: b/4/20b748278fc8075575066049172251-1600958.o
created: f/1/e8746c1d91531c4a6c3917d27f1ee2-5031611.o
created: 1/3/e1c0990870a30f23bf06d98b675007-4738299.o
created: e/8/2418bd5c0b4bf18befa0e521e27ad9-3014501.o
created: c/e/bde3dc675d29927a4e607b64b74b09-13824.manifest
created: 2/5/374f5fd597a6f9e6bc926e1a2d5407-3614.manifest
created: 2/b/1613f61cee51898f5790597a18f4a3-28251.manifest
created: 4/b/fb6565623d3d1c61fdd311ae05ba5b-100588.manifest
created: c/6/7fcef60595e8cc23728b95d5e34556-2765741.o
created: c/2/c7186041bc09d35b48494e102fcd19-49918.manifest
created: a/4/47c3ee09fb0a6dee7b32819a149e30-4870946.o
created: e/6/d5c2f2f9f71283252816c53086194c-2907.manifest
created: 1/0/7dcd0fa7a83ab66f8077b5147b3bf7-4934673.o
created: 2/8/5b7863dca1336749de5913af36b4dd-9800.manifest
created: 8/e/e32825c6fce0e68a7c5fc9d9243f94-2628181.o
created: f/9/e5137e1f81372e00b03d2aa8f647d3-4478047.o
created: 5/c/8575ebef2c2360bb6628854866fdd9-4802070.o
created: 9/e/57cfffd82435e4e9669bab77e94dbc-11528.manifest
created: 6/0/4cd9da05dbef17f2a7f2afff34c469-2056618.o
created: 1/4/73efb33426215b274ea363a8a6b7b0-4511.manifest
created: 7/e/a8089168b35774db51c2c1a6111ee0-2191827.o
created: 2/b/4d2a182a8c96889d98c4f3ee890de5-3090172.o
created: f/e/a281c6bec361ed364ab96fbdc1560d-6917.manifest
created: 0/7/8469819553be8b59d40f014498ee93-2822059.o
created: 4/9/12436bb9b504c4017649bdf038ff24-18123.manifest
created: 1/3/7e94c55e3a28eee786e448ae3b7c11-3101463.o
created: 8/4/88bfdd3d20187f3795db77ccd0be3d-1879931.o
created: e/5/d1969cc89a8d6be4ba0a5e5f2abc46-5016141.o
created: 0/0/efae10d9b66bc425f72c46cbb96799-5929.manifest
created: c/9/fcc4504f5a8f460a6fa81056babd00-1792961.o
created: 5/9/708ff6557cd4a5fbf93addee89247c-5372.manifest
created: 9/a/392d815965f32b36d47aa81b23f39e-2373189.o
created: 9/b/109f12b56fa847faadb16c2800ec70-1543930.o
created: 2/8/7d403411763ab1e6fac23f500008a1-2528057.o
created: 8/c/38f85c57cdd63f0dee6197f4a7e8a7-15964.manifest
created: d/8/7eb13609b2178f123a213be98acea8-6944.manifest
created: a/e/49187c126e549a1b160000ae8dd6ad-4649205.o
created: c/c/0fe7800303c84b24c506785c41a974-1582702.o
created: 6/9/b129ef5ee02916e27df7515d36684c-5045139.o
created: c/8/f69a67a08189e8bbcd0a75bd90322e-6510.manifest
created: 0/0/9932d6aa803d69f07f99d49b637727-2451668.o
created: a/b/36856138e19d79ecf70d0a2123dca3-2474974.o
created: 1/9/245ead62d4fb45e560da190c76f024-2341.manifest
created: 8/a/50843b4a1ba9b53a2ad60e783a6b2f-3126350.o
created: 3/9/edffba2a26634e5c020458f80a58c6-4475626.o
created: c/f/fd4ca38e2ea280dcb80a8338da3791-1575.manifest
created: b/5/7de290fa828f433be448146dbc6913-1414759.o
created: c/7/a32e45427d12d93c38175f3a66bd03-8662.manifest
created: c/9/0b484ed7d298fca6bf3db8c527c2fe-1402.manifest
created: 3/f/b15a196a0134635ae320d0bad03309-3185463.o
created: c/2/227082fec9f63197d9b8baf5af1c53-23977.manifest
created: a/8/0529d2e7bd6642dd70dbe897a38aa6-4713.manifest
created: 0/2/aaf23303a4503857acbc874a547348-22209.manifest
created: 7/7/c8b865da2dce485b7e1bab2c3bb803-4334054.o
created: 9/6/4f3c98eda8c24cfb5e7e27f5a5ac23-1337917.o
created: 1/f/89332721cf9d50191d04526bc6d3e3-11407.manifest
created: 0/d/60a8d8b07cef667936690942df8206-2934.manifest
created: e/c/01057e65944bf7ee486473f8f72f7f-1338917.o
created: 1/9/5f652b9c7d2cb4b4ccc27bcfbe4f74-3132450.o
created: 9/b/b3b57f9771266af3babb1c86adf0cf-18554.manifest
created: f/3/014f32bb36f0d081f8b1a3fd62db3e-9630.manifest
created: 0/2/938e018e0c68eb8a593cfb49842825-3131059.o
created: c/6/005162499a8e85f268dc14205f9384-1376664.o
created: f/5/91dd5a7ecaa07606e60417bf95086a-14788.manifest
created: c/2/705a18eae43eebaf5e7425b59a4119-3313.manifest
created: 7/f/758afc0a6238ad92569c9fc08bea07-17959.manifest
created: 7/6/96a222f703dd88e8b805708ea22756-1466.manifest
created: a/f/1b007d8a0fe27c42a8d644abe775af-5544.manifest
created: 8/b/b555f5908de8f4b1bd04ee11e7ffda-3825373.o
created: b/7/4950e785a7259dcaab1dc3e2d91d67-6554840.o
created: e/b/b267bdd060bfff316ebb1bdba6ed50-13024.manifest
created: 5/4/685a4642ec28313178dd8daba251d4-3114070.o
created: e/6/a6ded6e418dc0c2072323e2c61e394-8283.manifest
created: 2/d/c2c73bee740df35ee4333e77e6c4a2-1341671.o
created: 5/6/6fb0445b6ef5cb30a8f3cb6778da73-1567.manifest
created: 9/0/8974aad5c304289b2cbeb531379712-58177.manifest
created: 5/9/c726618a5e9a761caa911f39120791-24854.manifest
created: a/6/4e10b9301c0ad046678af214422d4b-1825.manifest
created: f/0/5c7da0aa9605efce4a8a72b2a5d2ff-52190.manifest
created: 3/a/7081ed649b369b03e7be6290d42544-33200.manifest
created: d/9/685d9be587130cebeabfa49ca2f2c8-2899863.o
created: b/7/138bddb599e64ed98e7d1f7febfbcd-24473.manifest
created: 8/3/f397fc55b0b5728dbabbd556242964-5226.manifest
created: 1/0/4b99391277575b19f96e058504ab52-3257.manifest
created: 9/7/bb177deb2e15a24bd0efc46057a74f-44052.manifest
created: e/0/636a9d60cf1e8ddd3eae43dbbb6826-4774046.o
created: e/c/90be7c3e482593ca602fd78d7bd23d-11853.manifest
created: 3/4/b29d8bee165a47db90c38b875335de-3225.manifest
created: 3/7/79276b11efe998ea5582fb45529edf-1942.manifest
created: b/b/fff973dc536a2dd16bb8be96f16013-2897064.o
created: d/7/7613b5dfcbc9be348032faedfd40f0-1912.manifest
created: 4/6/cc20213457f3a220879266c4777f2f-13653.manifest
created: 9/5/fe628626492664ae1dbdb59f35f556-5124175.o
created: b/1/d4878175f45f6f1d3879a452270a57-43577.manifest
created: a/8/762bcf085daf775fc008de7aae43ab-12790.manifest
created: f/6/0658718d8dc08caa2f65ef8413125c-79851.o
created: 2/c/be4eb9e69603671893379dee21ba1d-6254.manifest
created: 6/9/1f9ac96d4f422b4bcf9f28d3c008d0-30660.manifest
created: c/6/6a8ff817e44413afe7c72861de402f-3031.manifest
created: 0/0/38075e4073c069927251d18dc6244c-18552.manifest
created: c/f/c243de39e9a553caa81ced9d6313d7-7404897.o
created: 2/3/de5418ccb8df8082c00775ae894a5c-1486.manifest
created: 2/8/c044db34b84fd9d11b7dcbad4efb79-1395012.o
created: 9/1/36e936bf9805fd051ca1bbac49f19a-2095721.o
created: 0/6/1614c5ad9c35243511a2d813ab2aae-4575.manifest
created: b/b/bd58efa9936bf5c8be1b6a83039258-1399.manifest
created: 7/8/bec718655ce6574a0b2acafbed6593-5765.manifest
created: 7/7/ca4a4f55a4316645a8cea4d2c2672f-4439283.o
created: f/6/1dcc41bcc6033ef0cdfbd139838531-4127560.o
created: c/e/6ed05a525194e150475d505bccf412-13768.manifest
created: f/b/84a77ae442a0ab7e6138ffa8ba6623-5009369.o
created: c/1/0954d99f3fa7feaea1293e49687926-1603191.o
created: c/5/4e8afe73911de9424342d6f6020206-1333470.o
created: 9/1/b4a17c60db79bc88ba5c7b539da3d2-7013.manifest
created: 6/6/c3d1bd02fd4cac4b1bd7988dfaa751-2091464.o
created: 9/e/8bdb4ff9df74427cb58a19350e6a0b-7476.manifest
created: 4/8/7530d75c330e4d5f0f654b6753feaa-1656.manifest
created: d/4/b2b1a35374d2c75ed0291c6874517d-31723.manifest
created: 3/c/7f0ee780eebe170efd233ebfb76750-7209.manifest
created: f/b/20552adb3815a888f930921f4eef23-7111.manifest
created: 1/3/2d14d7dbe46efb0b2b883b66634e08-6787670.o
created: d/5/29824e094ad7a83afc5c0706a9bfdc-4973261.o
created: e/3/9862f22e088340119db34ed3cced76-5934.manifest
created: f/c/52707ac970c6ce6c775bd5c7e3220f-1352825.o
created: f/f/df9f5a976bfb41c617d66d6d7ff0b1-11013.manifest
created: 6/4/84bcd556a1b0a1158c561309869b13-31038.manifest
created: 6/b/dc9fd2177d6a02c061301c91dfd85a-5650.manifest
created: a/6/08875ceefc204f52aa780f2525dc4d-9078.manifest
created: 1/1/0d1645db605661ca7d80d88173df5c-8171.manifest
created: 1/e/eaa6833be33d997197c02592912f53-4745.manifest
created: 4/2/90fdcbe34675effa3ccf4fe1a94665-2897006.o
created: 4/c/769ac797ef587d6f783548fbe52c96-2987982.o
created: 6/0/b5358b3002ec04be0259e83c1c9fec-1540658.o
created: e/8/0b7982647b10b1e98f657266ab2a70-18750.manifest
created: 9/e/57fa28c7f4db885b396586e6cdfad6-2749207.o
modified: 3/stats
created: 9/4/25e6b5153f5737eec218b106384ed4-4487301.o
created: 3/d/cecd3d2b08a11dc4154eaae5fc7e9b-2120614.o
created: 6/8/de50b1b2eed157dcc94b050c53c4ba-262058.o
created: d/3/25793610a8245ad969f6a241116d26-3235699.o
created: 6/b/7252b232fd92c0f95e2968e031f85f-4567812.o
created: 6/6/06383e0ee1ab0f28b63791a87b4f7f-39985.manifest
created: 9/f/88e1b98126c6f320a7e461c0db69ad-5860.manifest
created: f/6/435a5e8a98d85c445054ddcec16d35-3494.manifest
created: a/8/769e1905970c1ad2bb7d3f3865c40c-6153267.o
created: f/b/a21d2746f6f1c95ad697f7e4da3fb2-303549.o
created: 5/3/ffface872a0b8be85c4fbf0ba3fce5-5620962.o
created: 5/0/8737d28807bffedd1f61194ccf79bd-2878919.o
created: a/d/795b8dc9f30a0098fa35a4ff156a9c-6590.manifest
created: 4/1/484a27059222c06efd182602961a4b-1435.manifest
created: d/1/378b01ef9c6040209d2b7add6ae16b-3996372.o
created: a/c/9b21525b0ede34d6a9fec2e7ccff17-2663762.o
created: 1/9/1c9e7defbb417efe13a4256fa31536-3475953.o
created: 0/1/805384cc3253ae70586ab97f25e674-2728.manifest
created: 1/e/31cfe7f6c7cb87af150c2688b9053b-4911756.o
created: 0/7/09cbf8b98b7227f6e771b5c2dc41d4-2729.manifest
created: 8/0/a656e8d762bbec59dbdd12407fc564-6438.manifest
created: 7/f/6027762341c37f74305c651bfd7310-1527065.o
created: 1/0/33d873084a63d0ba45592b831f32cf-2548072.o
created: f/a/2109c2fa8679582e992f9a9fd16548-4861471.o
created: 1/c/88e77008ac71ebc704e40be016da38-3432957.o
created: 5/f/706a965512058f230ee0515a78c25c-3024380.o
created: 1/6/ed503dc638a071902b66bfa62aa987-13163.manifest
created: 2/e/a26524342fc8d66a88a5f0a6a8315e-4425618.o
created: 5/7/531b41ea18ac13304320fa6880bf34-2783.manifest
created: 5/2/ce2bbb8dcdd6c26833edf82fe34da2-5973.manifest
created: 0/e/22a8e6ba5e4093d1049d4ea8ad2412-7248.manifest
created: d/0/8f3b7326a1c51a2d7b7ae8fbf3e2ba-6536.manifest
created: 1/f/c5969f7a68a0a8e3bae51758028a1a-3077278.o
created: 5/b/72373af2d01927fbec0021a9fecc96-5467.manifest
created: b/3/ce48ea0dac61cee15828acb54465dc-2576727.o
created: 1/0/eaca6103cf8d37e5c7520b17f0556b-1522595.o
created: b/f/51a61bb10ed3b179f495a5bfa0c286-5439.manifest
created: a/8/c91a2d6aeac2e512f3d8ce91d1cc92-6377895.o
created: 8/b/c16157debd7e3489e76fcf8f6ba791-9541.manifest
created: 6/b/56a813b677f07ff4461e9cea86b256-2909786.o
created: 2/5/318e5d85d6c1de08b70a8543f7b49c-1818049.o
created: 8/9/24cc94c585b1a2cba0fab70b4aaeae-2771016.o
created: 8/0/f3fea2f10b4a11132e2eaff5739817-18040.manifest
created: 3/9/1627299207705854459d0dae5ff1ff-2832289.o
created: 5/0/9a6d083973b6aee55dbf00c00fdf70-1435.manifest
created: 7/f/786ccdc3136b50ebfa4b5fdeadf43e-1916043.o
created: 8/4/3ced1b77949cdf3202c8c3dc480cf7-6850.manifest
created: 6/3/4eeb6238d6ca59bb712aa476bbafcb-4702977.o
created: c/2/4cef3edeb7dae1ad35965f538cd046-2855435.manifest
created: 7/8/8d90429380b943624a63e2a2142c9c-3025301.o
created: 9/d/de6c4e736c2befc94dcc4f49d1c2ed-19214.manifest
created: e/a/35392ca7b42a4abb0c3aa4cda8fd05-3078.manifest
created: 4/c/7ed20fd3931a75de425a9e8c15999c-1336770.o
created: 9/3/d46a6a7135ad998765ce6e3b8128b3-5446.manifest
created: d/e/ab363b49f8dbff8cb58e67e56bcfff-7618.manifest
created: 7/d/7b1ea2226e9f36fbcf2ffee27ec4fd-3048129.o
created: 8/8/36870b8491381e303592242136b126-2004.manifest
created: 3/1/a9854532b2a152417b30814f6938ef-2327575.o
created: 3/d/841779b9fa279359923e6c0ceec16d-1773602.o
created: c/7/17d3767405376fa5d7b1b38225e438-3089668.o
created: d/6/00bef0e005726aca200f97d6119e25-3439.manifest
created: 8/0/13297535f2076aa7c1a21f45b4172f-1336201.o
created: b/9/ad66481662dcff934089095c61659b-6576.manifest
created: 7/a/238c0adb788015f1b1eacc42c65f0b-4441804.o
created: f/0/073c279f3be4295d788e8600a53d27-24584.manifest
created: 4/5/ea178d73121ff1ec2e8fa6dcb1eef8-3186125.o
created: e/3/c0ee47155f4e198d1ec91067d00e61-2984327.o
created: b/6/57c0a4efdba7efdb5b51a37eb81087-1601533.o
created: 6/f/2d4698337ff1157fcb1d8143c2a67f-6372692.o
created: a/7/a83c868882253a8ce90bc347e3c571-2631960.o
created: c/5/e700b8bb9ef6d2b3c8110674007564-47385.manifest
created: 2/4/542fb99ab69430b87edbaccbd0f3d3-10421.manifest
created: 6/a/e4a191ce755782151c8a15ef3b7837-4907.manifest
created: 5/8/9c9286025aba4f39f33dc8ac37fc59-3093732.o
created: b/1/ef1ed563f54f5c82151ddbfc7c79f8-10876.manifest
created: 1/5/9dfae4338c3af45c37d1b47e0dd121-49579.manifest
created: 8/6/3e8c4b89c27244091961515d94281e-24465.manifest
created: 9/c/1b84e7899aa585c70cb9fa41cd5149-9348.manifest
created: 8/6/43a48d26cd13d4758834bf2578f0f4-1834.manifest
created: 8/e/1a24d61deaaec26f81c12cdd62b894-8607.manifest
created: 0/2/0cd1b8c7fa7522d79fa459a0ae1534-36759.manifest
created: c/1/2f4d0203da72af75b61617c4d05c46-2135.manifest
created: 3/9/79ad11ec599c3eb7001b5430e481e9-9171.manifest
created: 3/5/48d8109df41aa2ceb956b4a9e65c96-88569.manifest
created: 6/6/076d61b6297739006038a0b05103e0-5520.manifest
created: f/c/9049f80470c74006e36aecf5b16af9-12110.manifest
created: 4/7/409967badcda2f1588b2e819830db5-10410.manifest
created: 2/e/7fe259737de592399f869a26551e2f-9025.manifest
created: 0/c/3cff4b79035164db575628346aef94-7647304.o
created: f/8/5f7d1b46f7acece8bc08d7d0201fd7-3798919.o
created: a/2/4aa8da6596ebeb0d370c0048fa7f0d-2921508.o
created: e/2/be3cebdcfe824e95da7f37dbd89962-23410.manifest
created: c/6/c94cd79a0bc3fa785020c533296a0a-6889.manifest
created: 2/e/04d2391969ff87deeed9ec674ee6a8-323804.o
created: c/5/b97f4263fbd4ef556383acd702f8fe-2870568.o
created: c/f/ed0b3297579e8e797cb390d0434c02-4603160.o
created: 6/5/32df6beb7ac30a05bc6829c5c8b54d-2970931.o
created: c/e/383218e40726ff867b50054a46f26c-17704740.o
created: 9/6/78fe83e96d985047d5ddcb6c758d3d-1834768.o
created: b/a/3208ad20b3e77bca10f8e8837b814b-5574.manifest
created: d/0/a164cefb95ca846c3fa80ae24e8847-1845.manifest
created: 8/3/22f1441f2d114a1feff32e7635101a-289682.o
created: c/a/509ae640b74679fa4e5bdbe2899f06-5348.manifest
created: b/5/a3efd44b1522a5b515f054bc688cbe-4081548.o
created: 9/a/c5588d5833ffa2c6d83b970d983373-6549.manifest
created: 3/5/7e40ae65e8ec4e42e4174cf7c79d37-2158788.o
created: b/4/0a10e67ece0297510bcf1ceddad3e6-6445.manifest
created: 6/2/d3c1f609c40a3951ef499668b5239e-2900948.o
created: 9/8/39f3fcd24a7bbf7e6cc9238a30baa3-5160240.o
created: 3/3/765aadbe589a9a730e3b1ee2d92e71-3166174.o
created: 9/1/02cea927d0e94346f64106f3e631a3-5127437.o
created: 3/0/df17d7e76dcb963d3c10f5e22eaff7-1557993.o
created: d/5/a7efbd37ec942c93f54db89f7eb8aa-18628.manifest
created: 8/a/d434e09f686a818d47dbe6ddfb197e-12511.manifest
created: 7/6/0b496a4a48d2805f6c247a66add741-7349.manifest
created: 5/b/ff7aedad0c089b02676cff66201718-3138996.o
created: c/e/ff8b188045953ccc7b6220dfd4a143-1661.manifest
created: 8/c/7af0a15bd9249e4a53e989b3213a6f-3006312.o
created: 5/0/fda431ba0135bcf414d677c103a4e6-5574.manifest
created: 9/b/0655ebd734a0799a98d130080f922b-14037.manifest
created: 2/4/fa6ee768132c4bb302c8375fb5adec-301327.o
created: 4/6/17f41c810f7468cb15da2e716ad72b-2337807.o
created: b/8/860d18cf9ce711190d3ec20f48c6b2-2537459.o
created: 3/2/33215d56f7b03779bc59eb2dd94fe5-2908427.o
created: d/e/fdf24f5873f5e446d384e4632dbdd3-8143.manifest
created: 2/1/f451d0eff857709cbdaeaa84e12693-4642.manifest
created: 2/a/a7e0c8d79740d007103cafd52931d1-4455.manifest
created: 6/1/cf3dba860f8a03e5db549945200261-5382.manifest
created: 5/a/f9f08578ccfe6a4e1875c0da081b5a-9001.manifest
created: c/f/195f7afad7fb3d73cf55a6793dfad8-3506367.o
created: 6/5/74d57d8423a94aa67e6d0a697622e1-34049.manifest
created: 7/3/9b0651cb1dd57f0a1822bbd06bbba8-4126870.o
created: 2/0/389936a9fadd2fff6acaaf0972ac38-1396.manifest
created: 6/0/95b52d8efb20e1c4809dc48db7cc12-2902239.o
created: d/b/43601373b63dc58f47d2e44684eed2-1395186.o
created: 4/3/d126175325b5794ded0a012d2d1e48-13674.manifest
created: 6/9/fa3303dd4f482b2f17443c291cb35a-6359.manifest
created: b/0/ca71127b93ba59538554ba73263ea8-49578.manifest
created: 1/f/d9ba474eb0f03c805b709b184e4302-1607869.o
created: b/5/0e9c61379b2cf6d009db87dd6928ef-11984.manifest
created: 8/1/14680bf5e71bff582114b3b28a6f80-47238.manifest
created: d/8/715b2f15494008389b4598b487d070-10624.manifest
created: 2/2/f568b94bed7a90f9105051b258635d-8253.manifest
created: 3/a/2678ee373b1e67fcd8680e09c99a38-16259.manifest
created: 9/3/50a4d8da2a3f0c7dcd2a9bc2e8f080-4503226.o
created: a/f/a297becd280528bb68e08a42a286b8-1144203.o
created: 6/8/a6c587c80e319e853e2cc5e7758728-1407.manifest
created: a/f/68ac52278a0c73fe1ee16c9e8600d6-1592142.o
created: d/3/9808712206a7c682b44cfc40925027-5719.manifest
created: a/c/1dae590a8e5c20e8f0709d27a37c82-3251365.o
created: 1/d/76c41170bc25b28c86aa9b7677f8f6-33179.manifest
created: 5/f/797cd6856332bc46cc83b3bb343770-11668.manifest
created: d/2/80dd540fb7f701f78069a8365f3c1c-9438.manifest
created: d/3/25cd79aec328786815ba358c185239-7810.manifest
created: b/6/066a764dc3b17db04b47ebeec6edf4-10051.manifest
created: 2/2/6eecdde9219a2a2c8c2b0799a5bcc6-2699102.o
created: 9/0/bf73f09fb55843e151a68146474067-2010544.o
deleted: 7/6/c1fcb8edfaa056c7336fe184f6e201-10512.manifest
deleted: c/f/8c667cca4f003169a178683e36059a-5669907.o
deleted: 4/e/ec35bfc3c4742e22b5dae0041c2dd2-100707.manifest
deleted: a/c/9b5ba14486708c0b4d2c5ae0780650-7482243.o
deleted: 9/7/b96c1034f06d92768989002f16f501-5003495.o
deleted: 0/a/c43cdc5978193c0804d5e081279476-2773876.o
deleted: 7/9/72df1c5b9688278b8b6aa0bf43c901-4662302.o
deleted: a/5/ca5a1a3fa52c12600527dc56a7ba77-3318.manifest
deleted: c/a/7d9d71e308d5ce6bbcc4a5f570417e-2418477.o
deleted: 0/3/24e491c32523ced11c363a39ce9f14-7697.manifest
deleted: c/d/fd6decc8367467a8ed7d9bbd841194-5133195.o
deleted: f/7/5acb6d92332827289c36d29d07dd08-4031521.o
deleted: 2/8/771e603be68dc1c5cc3b46c8bed71d-6889.manifest
deleted: b/2/37bc41061a85a833627fe39025ab58-1396.manifest
deleted: b/4/4615a158aa6d2bcb04c4e20284b97d-1594501.o
deleted: c/f/3e2169264888fda70a3e018f7bd2a1-4164689.o
deleted: b/4/262f1ab877f308623cc3cdd521e9b9-16421.manifest
deleted: a/3/95b53f4a0c65028ecd790dc96fa90c-3078.manifest
deleted: b/1/5b8c15295480224f8e8dd87aca15de-1402097.o
deleted: 0/b/8feb9e9bca2adc9f04d0a2471c8ee9-5860.manifest
deleted: a/b/a92a03b1c8c0f2f833451e5b7e3a9e-1376664.o
deleted: b/6/1464b05bcc3625174cca26270f84e5-5446.manifest
deleted: a/4/0135cad935bfb711ac6e01519521f8-1808897.o
deleted: 1/a/ba484000a5480c1ce912c5776b7972-30660.manifest
deleted: 6/6/bde1d91cd9701c6c54dcd71c64cd86-25763.manifest
deleted: 4/7/a7bc651fd0936f65a315618fd257af-3683119.o
deleted: 1/9/8dfb59dd33ea56e4f3da78db00f5ec-6438.manifest
deleted: 2/6/44747710090e929b524171b7659476-4970878.o
deleted: 0/b/a46871c3dc0e5155e6bdd4b3a424e9-7111.manifest
deleted: c/4/d793dbc761f675eb154501bddd09bc-6330.manifest
deleted: f/1/7c6f0d2ec4d4f4ab4b8581c18a4f6f-9630.manifest
deleted: 9/c/405222fb3886baa45023c09000b7d0-4774046.o
deleted: 2/6/8ff20e3fe69a31775bdbca77c6ded0-2607491.o
deleted: a/e/81d8a835eff8aac5352589084c5d7e-3497.manifest
deleted: c/3/0c19abfdc535407daad2157b12c191-3271328.o
deleted: 7/e/368bf8d35e432f0aaf5cda2dd05c23-4535072.o
deleted: f/f/36d9cc758a1f01d7f168aaaf2303ff-4436049.o
deleted: b/3/eb4730ad2c0e8ccc8a9fcf0cf39751-1582.manifest
deleted: 5/c/6e2b4a56ecbf87bb4c749a87077c82-6768.manifest
deleted: 1/e/bf274f1f42e924613efac36b55e622-6445.manifest
deleted: b/8/62a88ba8e7162b22964fdfb72a9b73-4702977.o
deleted: c/f/8a10cd80214d3f9d939f8da4e2dced-1740.manifest
deleted: 0/a/773b1858f4725b3297083fba97a339-1335108.o
deleted: 7/a/7602cc1d3bf0be4e04ce2e2a1f0718-5707.manifest
deleted: 9/b/d97dc2526f370480a3cdc96f0f004d-3091157.o
deleted: f/4/ba02a07e579eab1890b4282672f275-4687.manifest
deleted: a/4/8910bf3c7b8dca459f0ce7239ad8b4-9800.manifest
deleted: 5/0/513528ca645bee6445401b062f00e7-16378.manifest
deleted: 5/1/d0d37948fbac6ae5159e2a1b7f8460-1603191.o
deleted: 0/7/450ab73099ca3b572d4f0f53c99733-3090172.o
deleted: 5/e/5c0389b8b42f59d9704bda308e40f0-4569036.o
deleted: b/3/4300425fc2e3a3969e37d334477249-1336201.o
deleted: a/3/b36ef42e059beaea58c7d70b2dc359-21104.manifest
deleted: 4/1/876ced5e521ab5f917d17f1947f542-2131058.o
deleted: 7/2/185d0ac78d5755fc8336c9fd3194a9-2299821.o
deleted: 5/d/f18fded94b5dc46fcf48223379eeae-9380.manifest
deleted: 0/a/7c60314e228ea23b7cd0bdaf8693ae-1897623.o
deleted: 6/3/f97a4f814981b173e25210b0309225-5650.manifest
deleted: f/c/91ae8bae08a4c4c0807d0b27a541e6-6135.manifest
deleted: 6/8/e0bb628b8c9a5d5d5f028c40c6500b-4478047.o
deleted: f/d/c8ffbeb0128389970fdfdcb5f9c421-3225.manifest
deleted: 4/3/1d2843d88694b3e460153e178e7908-7348.manifest
deleted: 9/a/a86cdfd62c6894c9669debe6524413-1540658.o
deleted: 3/0/a22182c36a766e54e05248082b1370-8607.manifest
deleted: 4/8/09f4ef6f52597c1410a4e3dcd60503-1912.manifest
deleted: f/d/289d8b0b989e3cdc9ebe671c42a3ba-12335.manifest
deleted: 6/a/a75e28a7f8dbdb51284f6a0d0e4afe-4439283.o
deleted: 0/c/8ec871e170cb9a1f13d5ef7f6b058d-6654355.o
deleted: f/a/5d5d9eabeaa95730eeedd0339291c7-1995320.o
deleted: 0/6/d4733fbca7e4fb384bd4fec865c9fa-272724.o
deleted: c/1/c879518041498cb298fec7c9007d80-16439.manifest
deleted: c/5/1334c88af8d5c66c30f85df867b549-2683237.o
deleted: 0/7/53bed67bde4a60766b87a4612b753b-9360.manifest
deleted: f/e/79c06922b134665649888106f813e0-8143.manifest
deleted: 9/5/2a45d73fd6a9491aefa63669ed5201-80271.manifest
deleted: a/1/11adaa31d87c1c1ab12eb9eba39f20-17865.manifest
deleted: 6/9/c69c6cb7454703186f95d151fa0790-8935.manifest
deleted: 9/7/b09aeb98031d0d99e0bf6b5926d86a-46698.manifest
deleted: 4/5/6ac6f584c57e43ba6330342a539d19-4164689.o
deleted: 9/d/91c1b5c1b1f9483dbf96217b459f43-2038677.o
deleted: 2/3/e0fbd1797321a562e0ba34c5390ff4-9492.manifest
deleted: c/c/ef9e08b5fe1e171e3011cfecc926f4-2453.manifest
deleted: 4/b/3c0e3364855da94d732a8cee9b4af4-3728866.o
deleted: a/a/4c09eccdcf8224c685a6e511b723e4-2929810.o
deleted: 5/2/2d9cd836b1bbc90f6ed64da2f20558-5096.manifest
deleted: 5/e/09d670f717cbcc3dff920e6daaed27-5003495.o
deleted: a/8/cd322fbd62aa13a77d2d1b88ddfd6c-8430.manifest
deleted: 7/b/f2bced92f8ce7ba3627de7e4e61ec9-7018.manifest
deleted: 3/0/dc69241e5a3b33822632b7094bbcc0-5318412.o
deleted: 1/5/4f43420f580958589d409a767908d0-2898637.o
deleted: 5/e/1faa3b1d1dc52986733389c2dbb019-9360.manifest
deleted: f/3/d40417d880733a7386999d2eaed11b-2927147.o
deleted: f/b/b76f074e4200da093d7544fa9f1040-7554.manifest
deleted: 9/8/cf41bfb48a9c3c57f0ee335191e3de-5520.manifest
deleted: 1/4/6f72b4d583d55f73a8f36f26d28760-8719.manifest
deleted: 2/4/e28b7fde5d643cc7a331b3e85c505c-3180385.o
deleted: 1/8/97b0533dfcff6af3f2a361be4e3a7c-11679.manifest
deleted: c/0/a289f409ac40aca992b08136bf1e05-1402.manifest
deleted: 1/1/5744db569b7aaa697d5eb5e028d94d-3313.manifest
deleted: f/c/6840fe9b3bde6948d2378acdecf48d-3951.manifest
deleted: 0/a/fb16180d8f5d21c237a7256b8f69b0-27266.manifest
deleted: 4/5/fc1ba8c2261262841836445bfe1028-4709.manifest
deleted: f/c/e2ab06dff3f9f8c38d326b2785987e-6573697.o
deleted: 1/4/d8ce1e7e295b42a22175002c41c914-4876.manifest
deleted: 6/a/ca33a9b5d1e9d01060af7fcfb86e68-18325.manifest
deleted: a/5/17e534015cdeca6c0a6d6b53da0af3-1825.manifest
deleted: f/c/628e6a761360a8e2f74b2731397eec-6830.manifest
deleted: c/3/0869f63d8e2bb5c42fe809c2e95115-4973474.o
deleted: f/f/27495bdda44eeac9957483f5ef807c-17704740.o
deleted: 2/0/54d383f31dd2cc80fd7b1eae3c1724-3251365.o
deleted: 9/0/6a90abee7551111d99c796f809a585-13906.manifest
deleted: 0/6/fef238d24bdf2eb32c7267c98d5dc6-1484.manifest
deleted: 7/8/f5f988f36bc3133848b56182db2b8a-4998929.o
deleted: 7/d/7251216188fed83d05996fd3501ddf-262058.o
deleted: f/e/9be96dfcc1c83343281ef060c149b5-1594501.o
deleted: f/f/267afe38acf798a0cdaf210468e0f5-2431037.o
deleted: 1/e/d1d6713d7cfa3e1c663baf0a55aa44-6250334.o
deleted: 7/7/cdf406d5bc4a4a4518610bb5f11cc5-6736.manifest
deleted: a/b/4aab4f195bc4facf5c1137ff5625d0-9380.manifest
deleted: b/4/a64b73c3c02dd2ba000c9798fc3106-11465.manifest
deleted: 7/9/76047d336e1d57be08b7433e0fa824-5390.manifest
deleted: 6/b/57a2bb542012913fd220807fb5f1d8-4704473.o
deleted: 6/3/bc332b82586f49c7dfe63d0a84cd79-49578.manifest
deleted: b/3/79f760b97ec7b17726aeee7221a817-3048129.o
deleted: 1/b/be2dbac2914691622f7f4d12c88c3e-4602992.o
deleted: 6/a/422a87d4816a4af227f53fa2b03350-4033879.o
deleted: 5/e/2c7f697b958931ef81b83eecd233cb-3002631.o
deleted: 1/0/fa22e7be622b7a7587dd554d150fb8-3506475.o
deleted: 5/6/3cff47885bf8c50a799b84af21ae09-4764774.o
deleted: 5/0/4a5570b18b720b46f6adf131c237eb-9521.manifest
deleted: f/b/b2a4594aec0dd715d1689e09f42b2d-2055650.o
deleted: 4/0/29984dc1da80aebc87f07141b73f5a-4475626.o
deleted: 0/b/0ad6d6b3dcc89bd45bdc52a300d5f8-6669494.o
deleted: 9/4/81aacb3be7fb3aa1b30c6a90e0fa0e-3127047.o
deleted: f/5/e69df699fa01b6ddfbfe5070e663ef-4264.manifest
deleted: f/e/151247a3027024d282ff87fa552c8a-12790.manifest
deleted: c/d/2b1540d01577f3fcf43e1014013777-102133.manifest
deleted: 0/b/10eded7b82488bb83e83996489428c-1336770.o
deleted: 9/1/c7669f7fc7e73863b860127ffbdfa3-58177.manifest
deleted: 9/3/1fec2f74b6d141c186006931787922-1600958.o
deleted: f/d/1907829249ad468efd3b8eacb228aa-4921904.o
deleted: 0/a/fdfa39df3472fa0a4745198a5996ff-3251365.o
deleted: 2/9/7555595797a8ff24321123148b37c4-4810484.o
deleted: a/a/257212132856bd25f888e2b5c29798-2292626.o
deleted: b/2/cbceed1260c4621b0462c0e0284893-2056618.o
deleted: 7/e/44c20b3a09c63eafe7a46d051210f1-4805519.o
deleted: 5/d/ccfe7ef45dd20494a49219dd1b7809-3332.manifest
deleted: b/6/717b953c98ec4d7bf50bdbcbfe5d87-2783.manifest
deleted: b/3/6ed65f1728ad89078ea6ce162c6cbb-17959.manifest
deleted: 1/7/aed5eb0f2f26b8deeaaa95ac12cf4d-100707.manifest
deleted: 2/5/52eb63490d1c220204361b8a8b35eb-7130513.o
deleted: c/5/219f0cc6fc2dc1ec55210df60c0816-3014501.o
deleted: a/e/bb8d8289b6dfccf81e30ae6f04e6e8-5044991.o
deleted: f/e/32a8402efad04c55795f26fa52f2b1-1601533.o
deleted: 1/7/aeab8be936428af089fa8ceff630cb-4464908.o
deleted: 0/1/ac65311da0eb60322352e5e3d2186e-7598.manifest
deleted: a/c/6921c862fcc637121012cc4ebecb41-2445.manifest
deleted: f/a/95bf175a513b18278ccaf827cb5b53-1755350.o
deleted: 0/3/2382294c5f3c55d844d5e8794d975a-1729.manifest
deleted: 0/b/dc293d6a11be5155d5df0c82a27627-2907.manifest
deleted: a/9/d570fcc17cfae8c83827fecf0281f7-4672852.o
deleted: c/f/88ec9d9f2d3992f3d54b8d02e4e94a-5620314.o
deleted: a/0/b20bbf01ff084274568038066f9976-3072.manifest
deleted: 6/a/0c02ce2f9387c26a8936b06eba46ae-5452.manifest
deleted: a/9/af8da6d36ab837e30bd2082b7ec65c-3186125.o
deleted: f/9/5902e576bff8d08607014fbe3b19fe-2599.manifest
deleted: f/8/c2db74797ce3bdb8cad2593ad23c91-9078.manifest
deleted: 2/7/bb7f240528a4d99406b09e01b041e0-3376.manifest
deleted: a/b/41375efa1c7e7da93f7e3c41e90937-1567.manifest
deleted: 6/7/1c067ef0df1b40ddf286f383f5a7ec-3027732.o
deleted: 9/d/9a1105e315e0ade9523dee744fdc1a-2694306.o
deleted: 0/1/81abaab6acaa799d079d8191ea0f33-3798919.o
deleted: 0/d/35a6c131bcd6b7e5a1dd76b9e7ef0e-16439.manifest
deleted: f/b/e8b6eb62d25d26f979a8627dd687aa-4824292.o
deleted: 0/a/6f0269da77a1057cae83c45fffb438-22637.manifest
deleted: a/e/bdf6a78d7231754e4c9dbb8bdbf65d-49579.manifest
deleted: f/f/36571119797c1cd9f4fd0dc9edf53a-16378.manifest
deleted: 0/b/137aaff785c60fe204a495e99d7a65-2899863.o
deleted: 1/4/9cd6373fb39d1a2656fbe8c89d8964-13300.manifest
deleted: c/d/50dadf931a37149bafe5cce8e03ac8-2765741.o
deleted: c/1/fcc223c6d081d5a8a17f2127c98700-4792775.o
deleted: a/9/8ad5fe1ebcacb2f760d22bfa51b97a-7780.manifest
deleted: c/1/df016e935ac6f0bad55552c5ae3cb6-14457.manifest
deleted: 9/c/cf1ab4eaf53c3fedc655512fd8a3be-4702977.o
deleted: 6/a/f950122f245c9244db79039a4395fa-3132651.o
deleted: 9/4/6ab643a6d39f91212640efcce93f3e-2984327.o
deleted: 2/3/388e0fbeb66e0eebb0d30eb2d5a3c0-3471.manifest
deleted: 0/7/bd5537e8c34a1a70c46062889d0a99-4081548.o
deleted: f/f/2a7ac84065d26ca4bf3bbdb32bda92-3251365.o
deleted: f/6/a54d20d70f18f383209052edbe126a-35835.manifest
deleted: c/8/75e4ba2f1ef30abcf71baaeb838e88-1527065.o
deleted: 2/1/d7a0ec2e7c6db977286fbe7ffa58ca-4670.manifest
deleted: 4/2/1956ed97b9aed68c7cd5334e9c6d4d-323804.o
deleted: 1/e/627801daf40257adec71add8c160f0-4406489.o
deleted: c/b/a7363917ea782ab66f18cc417437d8-8253.manifest
deleted: 5/c/b9e40435eb8b3638195ba6d2890ed4-2453.manifest
deleted: a/e/be64061b7f23f1cad01c6458573b28-7349.manifest
deleted: a/c/d0bd3f9c7704bc6307fa95cdef3bf3-2717601.o
deleted: 9/c/e03ba7682cf18308010ff13751e353-4634955.o
deleted: 1/c/215ccf3b6ebfbcfda85d7fb01444da-5593.manifest
deleted: 4/9/81bad0a153c7f644f969db55efbea6-18040.manifest
deleted: f/4/6dca8ccd4c8affb66095513b9bb3f7-49918.manifest
deleted: 7/3/677a87c76da109d33f3f8dcc09a86e-5973.manifest
deleted: 5/e/56f046a71c6e0a6296f9110b8e3765-9171.manifest
deleted: 2/4/ade93b2bc0909913b79235e4ca95b7-2019195.o
deleted: 2/5/e5a49b88d47d4b2672a454b1813a1c-12254.manifest
deleted: 2/9/4e3041ca1d43e10f78f4d277ad56f0-2832289.o
deleted: f/e/21e0148cc9508883c129618d5e9290-5505176.o
deleted: 0/6/693d60140616853c108d29e7db403e-7677.manifest
deleted: 0/9/e90140fc6a7f7c2d724aec2e8fa113-9171.manifest
deleted: 1/5/1d87c84028bfd1bdbfc00615121d9e-3085636.o
deleted: 9/9/db7c15828f7226c2f0552efe6013a3-6372524.o
deleted: 1/5/ede59fbec9bb0de051f0a55dba2dc4-3497.manifest
deleted: c/b/b79931fff4137b504b6f68dafb60b6-2341.manifest
deleted: 1/e/75a63f5757ac8e1138dc7c346547f7-2049966.o
deleted: a/0/da917026f5ba147b9bdaedfe504847-2835014.o
deleted: 4/5/115881e345b49bbeb5db0427542986-3361205.o
deleted: 6/9/0b9561887dba35a894d20e5ca63729-4934256.o
deleted: c/2/f7e189a8c38305a7bf63fa204833ce-3166174.o
deleted: 7/5/85fca6871b19afa77f228778793689-8886.manifest
deleted: f/e/3208a0461d2150ad1fa79751d769a5-1338917.o
deleted: c/c/1de64ceb5a4f659df7b4f9c3350faf-13163.manifest
deleted: 0/b/64a7d026ad58e580cb534453fa749d-3400778.o
deleted: 1/e/4520ddc001989a499dd06fdcafb6f3-6621.manifest
deleted: 7/9/01d61c2c2541b2c123d34ad59a8e28-5439.manifest
deleted: 5/9/6e2c010b961691b875a9b9329457db-5504.manifest
deleted: f/c/1ade1b26f1989962897dc40e8e8f47-4765639.o
deleted: b/5/21fda36e131405be63c4346ff1de27-5726.manifest
deleted: a/a/bf5a1d1e907d0053a6b75f5ef32310-66076.manifest
deleted: c/f/6abe0a2fd845572e225914ccc47575-7349.manifest
deleted: f/f/370d8ef5e640acc7c5d07c73331ec0-6135.manifest
deleted: f/3/40f02dca8d1a9c2c7b384a41bd6ee7-2010544.o
deleted: 0/b/f568cdc0af9c5f03439764e449ea42-1984393.o
deleted: f/8/ae1279d4f877b863d981cfae13d353-3137346.o
deleted: c/b/3537243af21e29c1f627b5482a0eea-113621.manifest
deleted: 1/5/792ec5c4f9e94c6082b3b465789f65-16325.manifest
deleted: 4/9/1612cbe9ae9daf6dfbf9d741861f7a-5127.manifest
deleted: 0/b/b03da26ffe3a679351a2efb30e8a66-6884.manifest
deleted: 6/a/d1f5b56fcb76f87e0764b1727fc71f-2490927.o
deleted: 9/2/93f9ca958740d16fb13acf1a1221d9-6045.manifest
deleted: 7/9/396b1e61027dc9dd6384910d456cce-5860.manifest
deleted: 5/d/1c428c834796488d22fd8a5176e774-3196185.o
deleted: 4/8/545644794f0aa1d990a3c8e1923042-4486702.o
deleted: b/1/046ae9db7b983729cd2403af216901-303565.o
deleted: 0/1/9b904816b390ce9b0b29e8332fa348-164370.manifest
deleted: 6/a/1268975a578c469055dd435f679550-23977.manifest
deleted: c/7/51d8b3d525bd082a6f8ba15bcb43d4-1575.manifest
deleted: 1/a/e40cbec4539c40573d4a06cb5cf886-1435.manifest
deleted: 0/2/6c38b9294f24620514f5951d394442-11420.manifest
deleted: 0/3/4157c91568496aa066a5427d354703-104879.manifest
deleted: 6/b/56971b77a91b1e08af6ff98ef2e8fa-3089668.o
deleted: 3/2/876b89ceca873ad43f2344bfe42401-7476.manifest
deleted: f/f/23004feca80390bfab28d78acfe8e3-4788937.o
deleted: a/c/8611d8dc7c24a21ecb80a77e73f422-6967.manifest
deleted: 1/5/7861aaee9989b63edd8406da81e992-23977.manifest
deleted: 9/1/78ceb180e430916a5f648dcb4a4424-3030881.o
deleted: 0/a/c42b80abcc81267546557c746901d5-4934673.o
deleted: a/7/f8dab9d4f08c6813cf2d863c7bb836-4127560.o
deleted: 1/9/c68a15068cd1673fa053348889c6a3-4334054.o
deleted: 4/7/e87569a77d6037a6dc26b19734e46b-4514625.o
deleted: 0/b/95c634d0d76d148a108f8b204c25cc-2459.manifest
deleted: 4/5/51bdf50cf6d845a408de942ac49ade-3160714.o
deleted: 9/c/ed802763462f231fac21710cf4bcbd-11963.manifest
deleted: 1/3/78ce75f450b261ed44eab522050aef-16545.manifest
deleted: 7/7/c2b0113a6a9d8f84b244a6c8e77840-6549.manifest
deleted: f/a/e9f48e5cd18dfb54d66c11fc1a0ba1-11789.manifest
deleted: a/a/88593650e624d7b3f691ea946a0ce9-1587795.o
deleted: 0/9/419efbb47cba49b18b5964998e54a1-2527013.o
deleted: 9/5/e1bd504dda570da1487e696101d7cc-2213730.o
deleted: f/6/c5ae31c6cf5cd21474c3c51895c6ba-10535.manifest
deleted: c/e/ede8fc4ee618e491825f39fdd1a9f9-2992046.o
deleted: 3/2/09658e6f1c8fe286a32359ca195cac-11528.manifest
deleted: f/f/11d7d9145df0fdf5643e788ea66a7e-50651.manifest
deleted: c/d/0f2f03e94fdf3412ee6b63d6056d29-9438.manifest
deleted: 0/5/c5e6a231a0b0057e9c74098577fc52-13461.manifest
deleted: 5/8/0533ad00cdaffa69859d5f03db8ecc-303549.o
deleted: 2/5/4dab22e4e0baf78a449be54725dbc4-15038.manifest
deleted: c/a/8cd7d46b272c871e8fd8ac08d2d376-4439283.o
deleted: c/c/cf7d837e1a608483015d6002ffe416-2599.manifest
deleted: 3/0/33f93b941e0044412196cb2184eb8c-5942.manifest
deleted: 6/4/6b1ed8f58366eae23ef52292513207-2451668.o
deleted: c/c/a95173f55f9551badf115a3bb75eb1-1922.manifest
deleted: 1/9/8d7ea2c9a4467415443d23b0d2a449-3038810.o
deleted: 1/4/582d2c5a90b94bef801a2e40839fe0-11239.manifest
deleted: 1/5/b603567722418f90e9356ae3032ee5-3609.manifest
deleted: f/3/56aacd3127ce3a326a623477e18890-3090555.o
deleted: f/c/196d378f03475fb31be0b2ec32bd2d-6135.manifest
deleted: b/8/72b424c3f2bf1b03e52cf8e4658707-4802070.o
deleted: f/2/25070233e5f80e2f6c7187c4ef9ba7-2921508.o
deleted: f/d/814eda0a42c0e99363aed50772ff9d-1785.manifest
deleted: 4/b/342f0c2f3a659df1922deddf485eb9-6377637.o
deleted: 5/c/9d394bca978d45cd890d42060a48b2-5031817.o
deleted: 0/b/7ccee9f626b7d03b431a12a4f47aa5-5650.manifest
deleted: 3/2/7f9f6231efa50b638851bac743ac02-2490927.o
deleted: 6/b/08fc233caa56277b92acef2b3bd18c-24584.manifest
deleted: 9/6/b38eaa43ec3a3fba23f818edefafc6-3506117.o
deleted: f/8/e760705d444af4149aa227187073ec-7349.manifest
deleted: 1/7/25c50e2ec881d635f3c19f0fd1e572-9841.manifest
deleted: 0/c/6f6729b5741c3d8c221ae79e415970-5909.manifest
deleted: a/d/6171a90a4012a4c55697c3cae5d20b-3506475.o
deleted: 1/1/dedeb046d61adb51fe98ada0962341-1335108.o
deleted: c/c/f957dc0fae00e1ffe0971bd563fe81-6359.manifest
deleted: 7/4/33ccb44357a61930cc2729ec600426-1336770.o
deleted: 0/b/d2dda4bae5e0490a57708307bbb675-4713.manifest
deleted: 0/b/2fb8d96920b87ebaceb79518d32e29-1834.manifest
deleted: 4/4/016ff5b54dda38f2ece37d2f74198e-2829471.o
deleted: 5/9/a164d7eaa3d21af77b819b4e28c599-1803689.o
deleted: 5/4/ace5506a4492cfe0419f9f2a41e947-13751.manifest
deleted: 6/1/f998573d5c103fc967b2440afc2d44-6243.manifest
deleted: 7/8/828fd34f61e96d29a62cd087ff4e4d-18480.manifest
deleted: 2/b/826998e91a4c08435dee7b64293dfa-3138996.o
deleted: 9/3/1ee04efbe764a13a29c4fc430b4727-8514.manifest
deleted: b/3/b7fab443a09c222d5343564288cfe5-6786543.o
deleted: c/1/61beeec22a8a95d831ce27e5dd528c-2399.manifest
deleted: 5/6/9dc439e94ddd1ef5a1706fc1b21a30-1535010.o
deleted: c/2/2cf1641dcd438e66983fc42a86db78-3021041.o
deleted: c/8/d143fb16923637e2e7ec11775903ad-4649205.o
deleted: 1/4/ac01b973ce09415455c23b464d4d5d-1782231.o
deleted: 0/0/5af5579a021cfe7fa1e23e73d2849f-3983.manifest
deleted: f/d/2826cc034de5529feecc04b07fc0d8-5348.manifest
deleted: 7/7/2aaa041b6b60fd44fd56290b2cf072-3506541.o
deleted: 0/8/3b68742391284baed1ac389df25c2e-3494899.o
deleted: 5/d/c3d2ed3bd4b40bf0c663832f54177e-3996114.o
deleted: c/0/4eabd34ef4a3e9891ff5c3c5ddcebf-1341671.o
deleted: 4/5/167c0c3cf7a23f403641604b5ff1d3-2902459.o
deleted: 5/d/d9ff1977d98ca1c2146dd18ff5185f-1912.manifest
deleted: c/f/876109b12d656f8ac75cd259625355-5650.manifest
deleted: 4/a/d4e1adfbe48d1e96fa3b55bc59ce8d-2191569.o
deleted: 3/1/cc24fe76eece51dc13ab97668c7b59-2103383.o
deleted: 9/a/4f2710a1dd743d555005d8b31a068a-4436029.o
deleted: 9/d/a96a6d4ec1e1011ebbdbc0894c7653-4958107.o
deleted: 4/e/275a40b5ed95ba5ad3d43c2af2bae4-15964.manifest
deleted: 0/6/699df5c4e469266c5b45c76d6add2a-4549.manifest
deleted: 1/2/0098a7ce9187805433a1166570306a-1346933.o
deleted: 9/a/f7adbd3be12ebb7c9a07ef74ae486f-2905546.o
deleted: 5/e/34a68ee60a483935e54a3b4d32c96e-1527065.o
deleted: 1/7/e70acd43080cc25e42467469442fc9-5268.manifest
deleted: 7/5/ae5849772cad774cb468a8828559a1-56562.manifest
deleted: a/7/a8dc833a5b9a3df8044393e583f0fd-79851.o
deleted: 6/1/6339fdafcdf4999e04e741ddab4fe3-18628.manifest
deleted: 4/9/979f6a374d2b022dddacbf38fd75e9-17554.manifest
deleted: f/f/3d68b5e905242c0d2bacaf16e63e38-5544.manifest
deleted: 0/1/7abd875e3dcacddc6daff2b8d660cf-2459986.o
deleted: 0/c/d002ed8d71a7d7cca9fee7079841c7-8514.manifest
deleted: c/5/40878d970d01736775bc83b1255138-1144203.o
deleted: f/f/33176be78ed420f33f6b23842f003e-4549.manifest
deleted: b/8/808ce275668cfd720973103dc76fb5-1645079.o
deleted: 5/d/941bf3bd5353d72e7372b690735eb9-9492.manifest
deleted: f/8/a8870a2fd98d49814d5b174590af56-5419662.o
deleted: 0/b/2069e6b29b70dfb844f5f29a4391bc-4379740.o
deleted: 4/5/ae853697314297fcf31b1a05715626-1928.manifest
deleted: f/6/7e9d5faa2d25e0f6a4b9a24601f7f0-4470957.o
deleted: f/4/f06a68e209b5cc53014668a620b044-1818049.o
deleted: a/0/95ccab9572ce51dbdecbb0841b0193-1592142.o
deleted: 4/1/46d5c92a8e4a02d1fe3ecc467e87c1-24854.manifest
deleted: f/e/a1282e140841d3e31e2fd08add9c22-4942456.o
deleted: 1/c/26d58b6bccc68a6bbc2989ee07dc57-5318412.o
deleted: 4/e/4acca7e29dab55f755368a72358cd0-3948.manifest
deleted: 6/5/0276119101604f4d92d595b9088516-6917.manifest
deleted: b/8/5b249f6920747a22c307d03ed27935-1661.manifest
deleted: 4/c/377a18171329e51f9cf9835d836a30-5544.manifest
deleted: f/c/8a8cf62d21d0a8cecbaa755d6a5b1d-4934673.o
deleted: f/f/11bcb3b775c7bca97d22b16fed0f1c-4436029.o
deleted: 9/c/9f127f39e9a675f1eec290573c43c7-11668.manifest
deleted: a/6/1d3274f903c4ae2bb752b6b76d26b4-16486.manifest
deleted: 6/7/a6254d6d95b56cdbeecda58e5f199f-4425588.o
deleted: 5/2/9cfb16e9c3192a7ad462a91994b973-1398219.o
deleted: 6/9/ba83fe254e9c42201e83488a3c845b-56562.manifest
deleted: f/2/e52dccee4cad931770b21fbed7e090-19214.manifest
deleted: 9/8/6f44d8ad7a211d1530746e4080954b-3948.manifest
deleted: 1/2/12058a7fcd885a125cffcc6ee74eb8-3185463.o
deleted: 5/d/dfa822088b80ae3e74845e6752d309-1782231.o
deleted: 7/c/c69af9792a93a8ceb638aca2e53907-2898943.o
deleted: 3/0/97542dbc8a2a2037fe6c256bf298c3-1283.o
deleted: 1/d/0a80ee84bd2a7a20e215085026db67-1334755.o
deleted: 1/9/11dfa9f8bb6c7c9741264d026113a1-27374.manifest
deleted: b/2/5fcd4a6574a52463941560ce12eb6b-10421.manifest
deleted: a/a/4caba46f55d317b3c2da7051a7f158-5127437.o
deleted: 0/9/c95d22b81e97fa4fccfdf76aeaec26-12110.manifest
deleted: 5/e/48c07d9f453cc07963a422533984a9-24854.manifest
deleted: 6/6/2dbe4f6bb153d08a8d86e7ac8f7854-5188.manifest
deleted: a/5/a5e1524c75bf770268e101836d55a0-18750.manifest
deleted: 5/8/4a512314d7617ecc5a5854e82e5de0-14361.manifest
deleted: b/7/3280b647de21c063dfa3e608647fb7-412.o
deleted: a/0/a06021a454a2cd806416b531eb04f1-11210.manifest
deleted: 0/1/d53487b71006d341d4f460ceadfe0e-3350477.o
deleted: a/6/71a9eaf30aaf411e89042ec30004f7-12511.manifest
deleted: 5/d/94388471d58a8c2304f98c7b86f137-3305.manifest
deleted: a/1/d83cd201e65f3eae9c08cf90b95584-3136229.o
deleted: 2/a/28700bd0e79b3cd277dc40edef3c56-5620704.o
deleted: 2/a/2c8b180352fd20e1978d02c79bc0df-1522595.o
deleted: 4/d/eae769b69144ee069dd733f16b13e7-3019148.o
deleted: f/7/9c9f9c5d05776a3db0e7a2ca2b449a-2896730.o
deleted: 4/c/d6be8da706646ab210a80a0c4463ab-12337.manifest
deleted: f/f/056c38f78599481fa00fee3f129a20-12254.manifest
deleted: 9/2/4474132a0206cbbce5c60ef0a1028c-4482394.o
deleted: 4/e/f2e5fd0734bc996bb860e77a22208c-1369657.o
deleted: c/c/d810ab09d94a7413d725625ddb1882-4840343.o
deleted: c/b/f6b7c8bd02e50dbbf7b2bae2bbdc4f-15082.manifest
deleted: 1/a/41ded4b1dd1f186d901b08f284bc6a-7555.manifest
deleted: f/c/fc5895d0a63fc364856a053ae35e44-6855.manifest
deleted: 5/d/faa3e2e9eb8234a7fa31aa6ad21035-22637.manifest
deleted: 1/3/68685baad67d3f289c4e1d418b7757-4942456.o
deleted: 1/8/617bc2f834109d308f200c8a6e4f64-1466.manifest
deleted: 0/3/35ee5fc09c0732e3e2f6be3006c5d4-4733288.o
deleted: 5/d/decff2590fdd41a342ab47165c8a20-18040.manifest
deleted: 7/1/7ef0f7478eb9f53233191b163ddcde-762256.o
deleted: 0/b/6d53a454affbfc735ca4d8f320ab62-1395012.o
deleted: f/6/4011afb3e964691214fdf704b6112b-2944628.o
deleted: f/e/e1c41c0c9ee81815870bbad344dfb4-3506117.o
deleted: 0/2/7c69fc2d4f3dd11deb635299bf5a0c-309809.o
deleted: 1/c/eee88a4316ed627cec1f8e5960f993-3255546.o
deleted: 4/f/382c477b608bf5fe8a8163e37f9559-7015.manifest
deleted: 1/e/85eef4c0b8edc5b07f73293fd9b622-100910.manifest
deleted: a/b/00794d533620abd27c063f3c755b86-5452.manifest
deleted: 9/6/0c67435da3d27c532f7b15fef77b40-3235699.o
deleted: 0/6/bd25497a4e30bb5555cfb4bed74ce3-1469.manifest
deleted: 1/9/58b107f1326de7e3efba46ef07b0b1-36629.manifest
deleted: f/f/2fdd3a78e1e6626aede041d76c79ca-1579674.o
deleted: 1/e/a3be19f450394024db2a14c98bb657-16545.manifest
deleted: 4/d/fb8ea622128fcf43344da55e16fc50-7013.manifest
deleted: 0/0/14d68e7e91e57a0649c3b202f50f7d-4760.manifest
deleted: b/1/a19e0352de47fbbc5d53fe0ee95359-5765.manifest
deleted: 4/9/a8b27e5556a5a938aa74c8b35da6ab-247324.manifest
deleted: 5/4/6cd3bbe8c37bf2ab90af677f461b62-8387.manifest
deleted: 6/b/0f255d9d82693a5d9260b83fe5bc36-17959.manifest
deleted: 2/3/dbe161a4d554ecd6016ba9ad6bfab7-17716388.manifest
deleted: 9/1/b6d8353b894d6014bb7bf4355d34e3-2840.manifest
deleted: f/8/32043889a76f8dda3e6bc01bc0e6db-38170.manifest
deleted: f/9/c1e99ea09e95b28ec8b9b50a94fb1d-1785.manifest
deleted: 2/2/f674f6a3274c14d1585643aff17784-4918.manifest
deleted: 5/e/03032b9bd55a8ab52ea9c41493be3a-4406489.o
deleted: 9/6/e968a6923596eada08632b03f1fa89-18123.manifest
deleted: 0/a/e6648f8550e144d7a645dacf1e38ba-7554.manifest
deleted: 4/e/8e35b7df5142c9474f76ca9bbfc5aa-4575.manifest
deleted: a/e/bd8be44613b122b2795bf21c75e4f7-3614.manifest
deleted: a/0/93e2c1bc9919a8c934f28fc96d612c-11528.manifest
deleted: 5/9/a305940b63e7050e2a885c30e28158-1839460.o
deleted: b/4/b0bdb96bb4469d643e933ac42153c4-2848298.o
deleted: 5/3/4d424f847eb87a87e285c1f5d6a49f-7647304.o
deleted: c/f/8a0d290a87e6a3bcfb4b35a3d12ac3-4973069.o
deleted: 1/e/b7a497f0076153f7f3db2b15dc386c-4470957.o
deleted: 6/0/716ae3606f1a2a12935aa16d2169ad-6318.manifest
deleted: 0/2/1f0b7e473c98401a5f8afa8f9b4159-1879931.o
deleted: a/8/e0263ce56f5a3f7103430ad28c5c06-7224.manifest
deleted: b/3/63f72a5ff75c33af6b1c35488807a1-4789085.o
deleted: f/4/8e69128d7f07594e226b39d2d1b6c6-2049966.o
deleted: 0/9/70c6cd1f34851e861549a1d729069d-2870568.o
deleted: 1/a/669d4ee6ef84a3c79b7b87634816bd-4487301.o
deleted: 5/d/1d019448658fb63e3b7f792b300bf7-7482243.o
deleted: 0/b/d73a1ad9a08a9724f5d43f5d2f6a7d-9558.manifest
deleted: 2/6/37ed33ab96446c263ce47c4ff81007-2855435.manifest
deleted: a/c/dbd0cb1e8a95f541ec7869656140df-2373189.o
deleted: 2/7/97f315cb2c4f793ddcbda20cb2f719-12380.manifest
deleted: 4/8/abf9ea4b03f61b90f4e25fa0993c92-2878919.o
deleted: 4/c/6ad5c1182462a323cb2ab054b1cd1e-2548072.o
deleted: 0/1/cc378f5fd201f1de8d3f70cead16fa-43312.manifest
deleted: 6/3/0f97f43124fc8db20d8391bd3d2a61-3895.manifest
deleted: a/a/442978cc571c4d45938b0bba53a72c-3506367.o
deleted: 6/9/e0337ea2dcdcea25d8e27958138d48-5555.manifest
deleted: 7/e/4fa7e2af99f1ca448743fd6bcf0f50-3937004.o
deleted: 7/3/c04ce55396ed5fb22f10cece1c6ca8-47238.manifest
deleted: 7/e/7275f46837c605d9bb2fb935743edf-4614805.o
deleted: f/6/f43c3d20c8ee0ebd98e6d70652a4dd-2337807.o
deleted: c/8/ff43bc087e83d3e5c29013d890f66f-4738299.o
deleted: 7/7/19fd3ebe57d1900b0386b97b4aae1c-1601533.o
deleted: 1/a/45561b75a6c0d21b5a739dd92b7480-1497.manifest
deleted: 1/b/29ba824fcefbddbab5b1f67daebadc-4498070.o
deleted: a/c/b71619e524e4d205c18ec64d98e538-5768.manifest
deleted: 4/1/e865c96ca1572bc58c25f296918e94-2528057.o
deleted: 4/e/65daecf394efc157f7d9f3e05d6c70-1594501.o
deleted: 7/d/148fafa92d6ddbc52990b131590906-3432957.o
deleted: 9/a/ce6615dc84e70eaae623d25c2fe500-7554.manifest
deleted: 0/4/1ec24e15bf7e0b1dbe66a3f5e9f1e9-3079639.o
deleted: 2/7/205c677fead8fea85ceb60820ba4ec-4379740.o
deleted: 7/2/f74aea6092f2a933a7d117bdc24a13-6536.manifest
deleted: 5/d/e8fcb22179e77410a229ff4c89ebf3-3400778.o
deleted: b/5/acb3863288ee4f368d134d4a5594ae-4904308.o
deleted: b/2/ff2d88962913ab4a66e46023c025f5-6752.manifest
deleted: 4/6/bbddff9358fc8e6a900403243cd81f-5668976.o
deleted: a/4/09c8991c10dffab7b77d4dfbbba358-2915304.o
deleted: 7/6/ffe03ba61e5d4928505d0fac30e6da-5133195.o
deleted: b/8/58452db59ad29d29b8eb7167b83c6e-4075483.o
deleted: c/3/e19e45099d9e2e977e7ff3b5749f19-14788.manifest
deleted: 9/a/c4dec7eb552b14110166aa0ce56bd0-6247.manifest
deleted: 5/d/80d95698048805d01765980ec88310-2896576.o
deleted: c/f/107c9ddd7f883de9fc033e122bbea3-5123917.o
deleted: 5/4/95477485e6cf22ca59b91391409d64-2728.manifest
deleted: 4/e/486ca5fe47d8f04156bc8832a78478-39145.manifest
deleted: 9/7/04824ee9d0bcd2d808d8254249797f-31038.manifest
deleted: 4/d/02b5be55501e887a5d1507ae699127-1590930.o
deleted: f/7/718cb08c802c50ce513bf57df14bd3-2909786.o
deleted: f/f/398d65c14d333f821f436837ab61e8-3039.manifest
deleted: 0/3/48b3ddd69ce965bb296ed07dc94880-3732.manifest
deleted: c/2/a8bafbf2dd80fb040a7f1b1b510965-2213.manifest
deleted: f/e/a6008219967a506906c775ab4d3256-4824292.o
deleted: 6/9/fd3cf56595ef915152d6773e4f04de-2095721.o
deleted: f/1/5c0d8bb61b21ec73643209b03dbef9-8935.manifest
deleted: 1/e/92cb54c347b627ef5b2db6a10c4082-305077.o
deleted: c/c/cc0a08dfd6374bab3d5c5cade86207-49579.manifest
deleted: 2/0/90b8784e0161901468920988746991-102133.manifest
deleted: c/f/7e0e539284132851d88560ce1ab996-7404897.o
deleted: f/d/313c86f8c25b6bc162cef119430040-2989232.o
deleted: 7/e/61a13b47b4a1bd86bd5ce57238ef9f-11984.manifest
deleted: f/8/e5a28023b3942a47fb7f2c11c0ab1e-4968756.o
deleted: b/4/7095ae53a5448050ffaf0cc32d83c9-2322.manifest
deleted: 7/7/6fcb940c25d14f02934a7fba6d481e-19418.manifest
deleted: f/e/3932c177ac2fe0623d331209a7fbb3-3099227.o
deleted: f/b/6515482d57caace9104db7a5023481-297187.o
deleted: 6/a/c37a428ea0428414f948112d9b6d9b-24854.manifest
deleted: 1/5/323eb068307be92d025bfee661f7a1-94712.manifest
deleted: 3/3/44eb59ec2565d3c6748f644071cd19-4634955.o
deleted: 1/4/b8e9e47b112f7beef52df56e338fd3-3031.manifest
deleted: 7/b/5945497b8fc666c20a716780e1d3b8-9101.manifest
deleted: 5/4/1e57be06ab20ab050bb9cd1b2e58bf-4428.manifest
deleted: a/4/4f9fc1cc772759b3dbc7c9253e5ccf-9656.manifest
deleted: 4/e/bee7f744d2cb296d8ca8e9dc45c703-4824292.o
deleted: 1/6/c19a8cbce0ba0f2c8c32afb7762d2e-4435922.o
deleted: 4/2/c322c6c19d6b2f2abf83d82d2c1f91-3494.manifest
deleted: 5/7/bae53e56a6040a7b1a70172613fda2-3321.manifest
deleted: f/e/94ad2229995e95b2fa2e64a4b7f53c-11668.manifest
deleted: c/7/d8435c2b09480dec0f4563e41d9a78-10624.manifest
deleted: 5/d/c2aac938ea830dbb88c02f23f65497-3614.manifest
deleted: c/c/5e4a3e3a0380b8127135e1cd783f59-9001.manifest
deleted: b/0/f420b914c0b2219bf6007bad482095-4192.manifest
deleted: c/e/5de2f2ebacc10660d035a191db87f2-8178.manifest
deleted: 4/e/bc1a9dfc401186ff35a94a360ac82b-7548.manifest
deleted: 5/b/98e29e87a61f1d505be91a2f2ea59d-3961.manifest
deleted: a/8/ac73ee339caa26094b3627b1d3197d-301327.o
deleted: f/8/65cb7da72009545a8f0fda294c80dc-1834.manifest
deleted: f/c/701d8980cdd86bf00e5ef6e6472bd1-4164689.o
deleted: c/9/6a9cceb0771972e47ec6a0f65cdc9d-2574286.o
deleted: 0/b/f0503c5b019832089dd59c17de8191-5504.manifest
deleted: 1/e/a32b31f6a86ad9de07bb3a09af8c9c-52190.manifest
deleted: 5/6/760df3bd0cec5cc04d84d985de3820-2797513.o
deleted: 3/0/70bd5321706f973a6e6b54812e74b4-2103383.o
deleted: 7/9/6b16c65be2cb807e6f96791bc08107-14483.manifest
deleted: b/1/f9bcf3aa655bd672f1da1fd7d55c98-1579674.o
deleted: 5/1/267b11e13d7b938146dbb13f9fd840-6912.manifest
deleted: c/c/2728f531428e889ae5e35bcca9a668-4719776.o
deleted: 3/1/575718b61ea332d9131981b7228f7f-17704740.o
deleted: 1/a/282bc58d35ae050ece7ca815f69d9a-5226.manifest
deleted: c/2/3c81bea157dc2b9e80b2fd86758f3e-6654355.o
deleted: f/e/106f0e97d79631939d110126c4fcea-1944158.o
deleted: 4/e/459d10bc06ddd59fcfb7c7cdb16d4b-11679.manifest
deleted: 6/4/fdd58949de958303d439e4ba5beab8-1835670.o
deleted: a/2/2c0d36d243c2d5cf4e7984bc42baf9-6690.manifest
deleted: c/3/f234124a930da18a4b4adedcf9fdd7-1393887.o
deleted: 5/a/aaa8d08fd4e910a10182be8380c6bd-3475695.o
deleted: f/2/da2b1b82e0d126b2c617ca6bffbebf-1740.manifest
deleted: 6/5/8a1d546192128d39090d3c5e8e5190-3093732.o
deleted: f/d/8ee27bcf87094585a1dec5f1dc6d69-9438.manifest
deleted: 2/1/621db47294301c0225616a5e74300d-7810.manifest
deleted: 9/3/8e816b67fc6032f9df14aced0a7922-3024380.o
deleted: 0/a/bf78365a1fe50f73f6d521541ea2e8-4952622.o
deleted: 1/4/b8a0fae8246bbad53e941da698d9d0-2763847.o
deleted: c/c/0c570c9135916153dc65d16d8dc5e9-4492.manifest
deleted: 2/2/8bd9850aa6ad0fa3f295a81c323375-21012.manifest
deleted: 6/3/0fd2c3f226d4fd8d3b9fc6da0adb21-6969.manifest
deleted: 7/9/391aaf8f453b0214c60997f394ab90-1333470.o
deleted: 4/4/8cb42d993909a6db0fb54b18bb7a8f-275740.manifest
deleted: a/e/be86b58095014450af5e5ba030eb98-18630.manifest
deleted: 4/e/835eb5bd240a4834313adcb620f72e-4861216.o
deleted: 4/e/306752718c47c80d689f9d0e2d34e8-3078.manifest
deleted: c/4/a3f2973b404dfa080ea356705d1509-10425.manifest
deleted: 1/b/1cbbbcd579bf58026e51ef976f3b62-5789.manifest
deleted: 7/b/e07f6b0e024f930e95192e4a838d16-88569.manifest
deleted: 1/8/9e753521a63c86d08248909e355381-6884.manifest
deleted: a/7/f782bc049e440db6ca53fbd24c8271-5160240.o
deleted: b/3/b7088bfeb6a5c6bc1d4f6a9cd9bebf-4511.manifest
deleted: 7/7/1078612e73bea45a57ac5ffa53683f-1654.manifest
deleted: 3/1/a33553c789d1bff6db22d2f1fee6c1-1581113.o
deleted: 4/c/a5b993b0b04b9e32ca6cc132f52f6c-50651.manifest
deleted: f/9/fff279af058b71fee5298881c9837c-44052.manifest
deleted: 6/4/bf351e117bb723f818d4eed4a2cad2-37133.manifest
deleted: 2/5/7c6933acf05c1ba3cf99f28fa9ab12-3009796.o
deleted: 5/1/c7d50a8b7dc4a7ac46b28a5f886c3c-4952622.o
deleted: f/d/5df80dccb58bc4b59603cc23e2c2e7-2989232.o
deleted: 5/c/3d1da8f18c19f2da625e756879d0bc-3299994.o
deleted: 7/a/5d49e506a0c4a01d0575a0b8049e6a-4483.manifest
deleted: f/b/ab5f31e77d698161dba1f89d68e90f-13653.manifest
deleted: 4/e/939495b19cff676b44f1d90844634c-31229.manifest
deleted: 6/9/874d77a41a65151317a8df3754e4ff-4503226.o
deleted: f/d/8dfc42353dac9bdaaa1db2ce5ec360-20824.manifest
deleted: f/d/c0083e24bd5d8dc9fc776f66f0a995-8607.manifest
deleted: f/f/4305d168c0809f7ba4ee4609c2afe6-6146146.o
deleted: 0/a/3ad9be38e8371cace22eea367b957d-3257.manifest
deleted: 0/b/e90ffb9ae6e18bbfd60c5ac757f93e-3432957.o
deleted: 2/1/54f50baca87310181cd9158b6d7116-4870946.o
deleted: c/d/ba2933ecb63624be3f9845b12dd4fd-2135.manifest
deleted: c/7/e9b30c1122e4534c134a4b12c0c409-6338.manifest
deleted: 1/e/c1d68d0ac7120bc7fb26ce735d7a53-2908427.o
deleted: f/1/a41d90b21c05036d0c359985eae288-4567812.o
deleted: c/a/b58a57e7bbb1a55c44852646393cd9-28607.manifest
deleted: 4/e/935842a8c619184dcd4d3ab69dfdac-13449.manifest
deleted: 7/e/44fa05a2268a5a31a6ba4a8c20ba12-4231.manifest
deleted: 0/a/a4b02ce11220274172a2a5a78ff775-1963472.o
deleted: 2/7/56a7aa5717ab9153b8143b4b4eec26-6282096.o
deleted: f/0/ff617d54f5941940a38dc3dda1a48f-6250335.o
deleted: f/a/6bd33726811e763f7038832e09ac38-1599612.o
deleted: f/d/cb9f79e803e35c37a569affa269690-5909.manifest
deleted: f/0/1eb2190b5eb831ce40961e635485cf-1944158.o
deleted: 9/4/cc360be1244b908e1ba29be7c4cd29-1922.manifest
deleted: a/d/d652f6f312a79383cb5c8234b56719-8662.manifest
deleted: f/9/a716671e59c02ee2f188be696c0be5-28115.manifest
deleted: 1/8/606b9ab49a219a0b5eb41a4452a315-29733.manifest
deleted: 5/8/5ff7f2669f0c4c589289bd500a6d23-30788.manifest
deleted: 9/7/7ab6f1c697ee54a99beafbe5823991-1495.manifest
deleted: f/8/daf313067e69fbcb5454f8ed30d1df-7111.manifest
deleted: a/0/9db13ab9ff0ab1895a05fa9feb216b-20125.manifest
deleted: 5/0/896a8df8ff61a23603143148eb376a-3126350.o
deleted: 7/d/c4a6d4c6aa642421b3f6556e1f6ebd-13674.manifest
deleted: 1/1/3a7e5db938c5cdc92dc9af8a4b55ec-2032238.o
deleted: 1/5/38df5003a3a760d7f55a421b30e03d-3131059.o
deleted: 6/9/cb56e2de8b74e28b749990428c83ec-2273588.o
deleted: 9/b/2f2b0540ab5785a0da0ec3e258ff59-2327575.o
deleted: 4/e/80ef4540a400145a0cb44903d5e06a-2676.manifest
deleted: a/e/1ad02d14419c0bc76df9f4ac2e23e3-3048129.o
deleted: f/d/bbb3044e8872fd9f4952d9109f831c-16259.manifest
deleted: 9/0/82eecf0331977612ed4b7a83b6a309-6510.manifest
deleted: 0/a/7ecb798b3befc0d36a9f3f9b4e7ef0-1984393.o
deleted: 7/7/abb77fcc4c86345fe053515a7a173f-7593.manifest
deleted: 0/a/927bb185dd3bf1fb3b44f625411887-3764330.o
deleted: 4/1/513d482846dda3d77f4c99d0c05e0c-13824.manifest
deleted: 4/e/924b3a7d7e08159131f76df30042d9-2729.manifest
deleted: 9/d/5ef9c2ecc4eaabd2a992548cd15613-1897623.o
deleted: a/c/f090ef156865aa2b563f3d7d0bc25b-2418477.o
deleted: c/e/a13844a8dd24921fb20efb7baeab93-18140.manifest
deleted: 2/9/39241e1e0aefd6c44b2886fc4e3e47-289949.o
deleted: c/3/ff31b9c8fa2e363f7fa4e50c35eece-3119692.o
deleted: b/6/2aa7bb243e1db37f3520a03cf5e737-6590.manifest
deleted: 5/e/4d0bfab7e7df36ee92aa882d019bbc-5505176.o
deleted: 6/b/0dfdb9011d88f980a99b075c08574e-8143.manifest
deleted: c/a/ec229e0a9bfc436e6e8a7bed5cfc11-5002785.o
deleted: b/4/631c5caaba4328adee2d7d181d1e44-1527562.o
deleted: 1/2/b7118982ddb43fdef4f6daef1b1465-28251.manifest
deleted: 7/a/933b75851b7340f58c00b910746299-17327.manifest
deleted: f/8/687366bcdf4f94ab81bb07fc7cb7a1-8171.manifest
deleted: c/9/55045ec589b1e501cf755c7ffce40b-2699102.o
deleted: c/3/a35a07382ad4bef4a78f62680ad010-4757694.o
deleted: c/a/a531fc550eb83c335296b6d2fa1b00-6146127.o
deleted: 0/c/eb05a60234eff3d15b38354b054259-31723.manifest
deleted: c/e/849ca26f1ad07705b514148441f90a-13292.manifest
deleted: 6/0/308eb7b5cf8033f070568a0effdac4-5003375.o
deleted: 4/4/5a1eeeaedbe923b80fc9f8512022b8-14610.manifest
deleted: c/4/c6815df7f2308e7ddf06c91765bdbf-9824.manifest
deleted: f/a/6dccc9810b05e18a6f4e89a2d17cd9-4152848.o
deleted: 4/a/83194787273cf8592713dc06aabbdf-4455.manifest
deleted: 0/8/f7ef08514eb063342154c387888781-4452461.o
deleted: 5/d/a3358a045c0f8cddddffa2396ed7b2-6372524.o
deleted: 7/e/565336c98b2a24169201c833436deb-10425.manifest
deleted: 9/1/99e9ee8282a1300b878d6a24406c4a-1341009.o
deleted: a/e/98d0541699fce5b40f76db0bc8fd3f-16259.manifest
deleted: 4/b/a8e4824111ce054a2cf2a4b5b4ab0e-8899.manifest
deleted: 0/6/eecc8b70f6ff58494c46c2452a6b9e-33200.manifest
deleted: 6/a/63fb564ddb75f89e172ffa3d10e83c-18466.manifest
deleted: f/d/32c89da9e8331a290b1adae72bcb86-5096.manifest
deleted: a/b/cd4ad6400e15d76f13cca939f75ccb-10235.manifest
deleted: 1/6/67eff8ab87f101010c7d561459cacb-2701619.o
deleted: 2/6/310d18417aede98c3b31e2799f90ab-20824.manifest
deleted: 7/5/9020eed94acdf159631146e99855a4-4911498.o
deleted: f/e/98802bd3b8ecf659458db8b51616b5-18140.manifest
deleted: 9/0/00ec431d64e7cff8591ad55849a0e6-1338917.o
deleted: f/e/9127f7ae28e6d73b271352202023e2-4334054.o
deleted: 6/1/c58c38c3ffdcd0fb7a98b3d121c42b-3307205.o
deleted: 0/b/6d1a1a9a0503675538b0b083bfda8d-45409.manifest
deleted: c/a/95d39b817c4849a8afc6450d5087b0-14037.manifest
deleted: 9/8/9250426d22f945f50f11d1715b0210-10299.manifest
deleted: b/8/8a85ac3aad813d276ccc6e568eeead-17704740.o
deleted: a/4/75d359f504c040a2855636b0e1e502-3147.manifest
deleted: 5/1/73665add357b90c2c722c61e0cce47-1402972.o
deleted: b/3/65a5d32bee313ce16e3a314e193cb0-1294862.o
deleted: 0/7/5e51cce5870620459247fa0a35a9e5-2376826.o
deleted: a/d/a425e02f3a8fec2866cb937e813ff6-1435.manifest
deleted: c/5/a0df72d195288273430d268e9e1a04-5719.manifest
deleted: a/b/737c4de0dbab22c82f3eeaec6ecc5e-47385.manifest
deleted: c/d/51e738ab0bad3462300b75e9981e71-7907.manifest
deleted: c/0/6f130e18da0499d2ee1d4e8920719d-24473.manifest
deleted: 6/5/0c21b607d075b37661fe4ee62d5591-18552.manifest
deleted: 6/1/1588f337f1a30f78ba2ebba10c8c95-1557993.o
deleted: f/4/3b9e5d5d4d0f37b0997fa3d64e92d6-2628181.o
deleted: b/2/2739bfd2b5599243642061c4487e57-6850.manifest
deleted: 0/a/aef0d78d1884ef435c73055bdaf242-3825373.o
deleted: c/e/76b1b113e5ad372b32b22c637bf363-1715.manifest
deleted: 5/8/e07434227371f2fd1321a19785c736-34049.manifest
deleted: 6/2/24e85fb4d87f0c3309b130c88e677a-1337917.o
deleted: 6/3/56244ccc22878734d65da41c5f6e0b-2898674.o
deleted: f/e/9178146de4a25197d0e886bed68674-12254.manifest
deleted: f/f/354c69c66d4f51189e433cb781ab24-4920357.o
deleted: 1/c/381b8996d1cd4fba237ca75e1611cf-3918.manifest
deleted: b/5/f0a73857889c36f0ef6ec1c54df2e5-5016555.o
deleted: 2/1/974beda741f366fbf06adb4be60c40-13146.manifest
deleted: 1/b/c73b39dd504eec599c63950b8238fa-2970673.o
deleted: f/f/2216efa7ff4bfd529c0dfb2add243c-2908427.o
deleted: 3/1/c7c37a9d8f719f534daea441a2c313-2897006.o
deleted: c/a/25863e775b9e0333ec0251eb036f43-11853.manifest
deleted: 4/d/00c279d6e2ab27e9e46be2983cc79a-4119996.o
deleted: 7/8/645f9c56921427ab5fc79dbdad2eff-2798950.o
deleted: 4/c/d67271d10643defd27b2322d57fdf0-12924.manifest
deleted: 6/9/bdd6aa0e566e5f464bbd0fa8aec89e-6640.manifest
deleted: 4/1/e719b0cad722674eb33dd69b0add22-1835.manifest
deleted: a/8/e1b38b7c77078ff369342909ead2eb-2934.manifest
deleted: c/5/fb47ca430a5f2062da765e7144317e-3366936.o
deleted: f/f/3df35ba8bd2460a851e28f9956b3d2-2984327.o
deleted: c/4/78c8a01437be317b4267e464b69dba-2992046.o
deleted: 9/d/26c37443c750747fdb65d7a1b5f6ce-1486.manifest
deleted: c/a/e18a03a45a1ccee7f11a467ae85d04-32911.manifest
deleted: 1/3/9b6f691979d14e1036928f035d1e09-3189.manifest
deleted: f/5/b363d6b94e222dbe03d243d15cb0e8-2280.manifest
deleted: 3/2/4df714ace48533d976c956f2b8daef-11176.manifest
deleted: 5/5/5b4c701d523924bf5659422efcec67-7618.manifest
deleted: 1/c/d7a9057b03060c0820c9f444abc1f8-2843639.o
deleted: 2/0/a5a706338bd6820bf058a39fd799a4-2298497.o
deleted: c/d/39c5b76bbac984d515698a74d3e3b7-9931.manifest
deleted: 7/d/2737cadc435dce59073d0cfccd251f-43577.manifest
ccache cache size is 158Mb.
Uploading cache ccache...