SHA for cache folders (C:\Users\ContainerAdministrator\AppData\Local\ccache) is 'de520f42ad365348560380bbc24087727aa16c5732a52ebe0e4ee4a13a884f1e'
Cache ccache has changed!
List of changes for cache folders (C:\Users\ContainerAdministrator\AppData\Local\ccache):
modified: 9\9\stats
modified: 4\0\stats
modified: 6\b\stats
modified: c\4\stats
modified: 6\1\stats
modified: 2\8\stats
modified: 7\c\stats
modified: d\6\stats
modified: 6\9\7cdho69rf15kk6mabuejavr3floqg5oR
modified: d\e\stats
modified: 6\3\8899sotprcpus4d7v4meou5ido2e3esM
created: 6\8\68m3bhhrlttv3grsulcs2vph219hsj0R
modified: 2\9\stats
modified: 5\0\9c95cfkrkii4t46frgvfrm5hi16p802M
modified: 8\a\stats
created: 7\5\0e653rf9i60vbkcpnunrr7u538m6j1mR
modified: 1\e\stats
modified: 1\2\stats
modified: 3\8\stats
modified: c\9\stats
modified: b\stats
modified: c\d\stats
modified: 8\3\stats
modified: 9\3\stats
modified: 3\b\stats
modified: b\7\stats
modified: e\d\stats
modified: c\f\stats
modified: 6\3\d1rrc84t17tem8equ0lbnfle2nrsl64M
modified: d\d\stats
modified: 4\6\stats
modified: 6\7\fa6lovfr19amds5icsed9572kfqvngeM
modified: 8\2\stats
modified: c\2\stats
modified: 8\1\stats
modified: 6\5\e1p9p2mvsd85u5989bisiiqkg9r3e1oM
modified: 8\5\stats
modified: 9\5\stats
modified: e\7\stats
modified: f\d\stats
modified: 4\f\stats
modified: 7\a\stats
modified: 8\4\stats
modified: c\0\stats
modified: 2\f\stats
modified: 6\2\a3e107muj596fva9h0u80ttok83p9qgR
modified: 7\0\stats
modified: 8\d\stats
modified: a\2\stats
modified: 6\4\stats
modified: c\3\stats
modified: 5\a\stats
modified: 6\e\stats
modified: e\f\stats
modified: f\b\stats
created: 9\a\f4roisjkd1eu6qd45kfd2su82kebicuM
modified: b\4\stats
modified: 3\c\stats
modified: 8\8\stats
modified: f\2\stats
modified: 7\f\stats
modified: a\7\stats
modified: 2\a\stats
modified: 8\b\stats
modified: a\8\stats
modified: 2\c\stats
modified: f\9\stats
modified: e\a\stats
modified: 9\1\stats
modified: e\1\stats
modified: e\c\stats
modified: 2\1\stats
modified: 1\a\stats
modified: 2\0\stats
modified: f\1\stats
modified: 8\0\stats
modified: d\stats
modified: 3\f\stats
modified: f\f\stats
modified: 5\2\stats
modified: b\6\stats
modified: 6\6\2f5ai7794a5h1jb5knn8v695a761b3aM
modified: 3\2\stats
modified: 1\d\stats
modified: 4\d\stats
modified: 9\f\stats
modified: 2\7\stats
modified: 6\5\5d07v9riuemsm04dp259ghbt5ilice0M
modified: 5\5\2015260ad1tn0vfds17sdamlll9iak2M
modified: 6\5\05f4vu9nll6jbds0vc5qudhtebhmcugR
modified: a\e\stats
created: e\3\4alq9fcirbgip83eivq04aqgau5k7joM
modified: 5\stats
modified: b\c\stats
modified: c\c\stats
modified: f\a\stats
modified: 7\1\stats
modified: 9\e\stats
modified: 4\3\stats
modified: e\4\stats
modified: d\7\stats
modified: 5\4\3f4k728jq8pinuh8tcg95folr7ure9iM
modified: 5\e\stats
modified: b\5\stats
modified: 5\f\stats
modified: 5\5\9ej9kt83930ctd3gsr7n4palh665ncuR
modified: 9\c\stats
modified: 6\3\3ctlkpro1u3j2e1gshpc3fcfkdolgdeR
modified: 4\a\stats
modified: 6\6\stats
modified: 2\e\stats
modified: 6\2\13i6b7ebt0sob53mhlntjdcfs1n4k2aM
modified: a\0\stats
modified: 1\4\stats
modified: 4\7\stats
modified: 5\d\stats
modified: c\8\stats
created: 5\1\20aj8j5251ah8ioumc37g0brfl4jlnuR
modified: 0\0\stats
modified: 2\6\stats
modified: 8\e\stats
modified: 0\d\stats
modified: 1\6\stats
modified: a\d\stats
modified: 5\6\stats
modified: 4\5\stats
modified: a\4\stats
modified: 7\b\stats
modified: 1\0\stats
created: 6\6\83tekpj7bjjsas636q18jcb0coa1p8mR
modified: 1\5\stats
modified: 5\1\stats
modified: b\a\stats
modified: 6\7\9cg6buc8b3pt3v2idcl5p230h62tgb2R
modified: d\1\stats
modified: 3\3\stats
modified: 5\1\1amdrlp8lq47fabe7oc7nkhurdb3ob6R
modified: 6\0\stats
modified: 9\0\stats
modified: 5\0\e6fpjjuqrdun8rm6br7d5k2lc2h7tvoR
modified: d\3\stats
modified: 6\stats
modified: b\8\stats
modified: 5\5\ad14kn09ih118lu04jklr7q5f0234qkR
modified: 7\d\stats
modified: e\6\stats
modified: 6\0\7fm52f49faigsmtedcadjrsd8vkbb8cM
modified: d\c\stats
modified: a\5\stats
modified: 4\2\stats
modified: 9\6\stats
modified: 2\4\stats
modified: 5\3\stats
modified: 6\c\stats
modified: 3\a\stats
modified: 6\f\stats
modified: 0\1\stats
modified: 5\b\stats
modified: 3\6\stats
modified: d\0\stats
modified: 8\6\stats
modified: 4\4\stats
modified: 0\7\stats
modified: f\4\stats
modified: 3\9\stats
modified: 5\0\d9hqja742g0769usc1euvfoih8jf57aR
modified: 6\8\035p40fkl75bl7llc45mkdq9nsvuhu0R
modified: c\stats
modified: f\c\stats
modified: 0\b\stats
modified: 5\9\stats
modified: 5\4\stats
modified: 8\7\stats
modified: 0\c\stats
modified: 5\c\stats
modified: 1\1\stats
modified: 3\e\stats
modified: 6\7\51el3mfvems1od7rva9n50vgrsrfviuM
created: 6\4\ab56n54urjpfrauh1nu0js0v4p2046gR
modified: 7\7\stats
modified: a\6\stats
modified: c\5\stats
modified: e\0\stats
modified: f\0\stats
modified: 4\1\stats
modified: d\2\stats
modified: a\b\stats
modified: 6\3\degfdlp2ub1gt0dd4599b1k6cul0oh4R
modified: 9\stats
modified: a\3\stats
modified: 2\5\stats
modified: d\a\stats
modified: e\5\stats
modified: 6\7\23ve54spbdoctvuq19b32fpqj6rqjo8R
modified: 6\8\3dfjac4qvt7s70ub0117gio4tcsuheeR
modified: 0\f\stats
modified: a\c\stats
modified: 6\4\bful4coffdr70qn7fug6i8934uvpm74R
modified: b\e\stats
modified: 9\a\stats
modified: 7\e\stats
modified: 3\7\stats
modified: 3\d\stats
modified: a\f\stats
modified: 7\4\stats
modified: b\d\stats
modified: f\3\stats
modified: 1\3\stats
modified: 6\8\200couigiluhn3lk5coa1cnj2iv0cucR
modified: 4\stats
modified: 1\8\stats
modified: 5\2\8fpvmqubel19s055r851pbrkvptbanuM
modified: b\f\stats
modified: a\a\stats
modified: b\1\stats
modified: b\3\stats
modified: 0\stats
created: 3\2\47kg75c84a0qtk5c7pb71iicdiqs71gR
modified: 2\3\stats
modified: 3\stats
modified: 3\5\stats
modified: 0\8\stats
modified: 2\b\stats
modified: d\4\stats
modified: f\5\stats
modified: 0\6\stats
modified: 9\d\stats
modified: 0\2\stats
modified: f\6\stats
modified: 4\b\stats
modified: 6\7\f11q54ko02fao4ldt7oh94dbjc79cd8M
modified: d\9\stats
modified: 7\stats
modified: 1\stats
modified: 1\c\stats
modified: 0\e\stats
modified: 1\b\stats
modified: c\7\stats
modified: 5\1\325kjeltgofmp8mvojicsr1plo5t0b0R
modified: c\6\stats
modified: 6\d\stats
modified: 5\7\stats
modified: 0\a\stats
modified: d\8\stats
modified: 9\4\stats
modified: c\b\stats
modified: c\a\stats
modified: 8\f\stats
modified: e\e\stats
modified: 2\stats
modified: e\b\stats
modified: 2\d\stats
created: 3\8\74hldd1fbm5sk5rgifqsat4qfo56ku0R
modified: f\8\stats
modified: b\9\stats
modified: 6\9\stats
modified: 7\9\stats
modified: 5\0\stats
modified: 0\5\stats
modified: 6\6\a26jqn7gea35pdbkfqk0rdri1tip3p4M
modified: 3\4\stats
modified: 6\2\stats
modified: 6\6\63q86sinrv4dpgcsh4vek0djkim7u3iR
modified: 9\b\stats
modified: b\b\stats
modified: d\5\stats
modified: 6\6\54t89mfofabcmdd612d3iotti5dl2eeM
modified: 9\7\stats
modified: b\2\stats
modified: 1\f\stats
modified: f\e\stats
modified: 6\3\stats
modified: 7\2\stats
modified: a\stats
modified: 7\5\stats
modified: d\b\stats
modified: 0\3\stats
modified: c\e\stats
modified: 0\4\stats
created: 7\4\cfek1p4f0nic85vibp96codi67i37s8R
modified: 4\8\stats
modified: 6\5\stats
modified: 6\7\c9a5qdv444tgakv0kt63s5e09f68994M
modified: e\3\stats
modified: 1\7\stats
modified: 6\3\0ed9a92iu6re1m969atid5qnk79ivbaM
modified: f\stats
modified: 8\c\stats
modified: 6\8\bbppu02oqfmk2deelfs7094euad534uM
modified: e\8\stats
modified: 7\6\stats
modified: 5\5\6fqjnil3j6febncugvscktc6cic4e7gR
modified: 4\c\stats
modified: 8\stats
modified: f\7\stats
modified: 3\1\stats
modified: 1\9\stats
modified: 4\9\stats
modified: a\9\stats
modified: a\1\stats
modified: e\2\stats
modified: 3\0\stats
modified: b\0\stats
modified: d\f\stats
modified: 5\5\stats
modified: 6\a\stats
modified: 7\3\stats
modified: e\stats
modified: 6\7\stats
modified: 0\9\stats
modified: 6\2\5814ogjtpktmrtkdepat2264kfkf1osM
modified: 5\4\19g900aj0sq6kmc5a5roqvqdjaiq6msM
modified: 7\8\stats
modified: 6\3\e52r45qqo07a4iicliutig3cg6j2goaR
modified: 2\2\stats
modified: 5\8\stats
modified: e\9\stats
modified: 5\2\45h1c5s1rkrickt88vq8p2mfk9r49meR
modified: 4\e\stats
modified: 9\2\stats
modified: 6\8\stats
modified: 8\9\stats
modified: 9\8\stats
modified: c\1\stats
deleted: 6\9\45bmfqhk1moqcuot2nmiak5e46r28n6R
deleted: 6\e\8fvtr2r68hn8opfn79v7astr65uga68R
deleted: 6\e\74495r8v2k9cjvh3a8umribsrrppt56M
deleted: 6\a\25iu0kp97195ar3qi945fdhdk6gk4fcM
deleted: 5\1\2f0jvvcsgartabcr71ti9tau9ttj1b0R
deleted: 6\e\f2k0r8ajaus9sig1ckseku288ng0tksM
deleted: 6\5\18389cb31pp2cn01cl8k2dacdt1uf4qR
deleted: 6\a\6bmcut532jhttus5bsaltidjvfv18jeR
deleted: 6\e\71kmlfa41fh31qm39j914ieqtjs1pd2R
deleted: 6\9\450rr4e7g4lbv5ru43v52emjopavgguR
deleted: 6\e\2a6luakpa4vv1c9ullbjfg9644qrfomR
deleted: 5\4\f8nkv2ehr9bo84gpgiirgrqgpne6ac6R
deleted: 6\2\41kasubgm3bf7f5oan44d5n3b8odtliR
deleted: 6\9\5ekbhjdln7o6ek6ga6vvk1uokabl5k4R
deleted: 6\e\f8ls5n3fq1rn5erbktji2tqfi8jtvm6R
deleted: 6\c\ccrjq74k0ba9oteu1thn6tv6t18c4vqR
deleted: 6\1\80ek2hqle4pkkl9dtg31p3k734ifsqoM
deleted: 6\5\eek2sf220r51t9gjhannmmb01b5iq34R
deleted: 5\3\3egr64vkdl3tr7gjqq4ajhsiv4he7m2R
deleted: 6\e\c7ts2cm7he65qum38rcmsfvv9lnbk4gR
deleted: 6\e\63f5sspjgp39sc6082vmjj4oohe8oliR
deleted: 6\e\b8houhc9smamkfq54inulq3nkcrmk66M
deleted: 6\d\e8oqg14di3k239plomnlfm2j1mltse6R
deleted: 5\5\f9s25pelrfhsiu49oghttvlmghbqfecR
deleted: 6\e\9fe0d1udbqovoqbp66ulnohpt44i94gR
deleted: 6\e\2cfhv64iojpc8gjipp2ieirr5ovc0ciR
deleted: 6\e\52dp3diprthne2co6el03i711i9b9b4R
deleted: 6\e\34046t4dtuojjb2dq5a332cp3svb5h2R
deleted: 6\e\7244fmrusdge6bi7rg9u0jm9j30u57cR
deleted: 6\e\adn435sc0814kfgq9agtnmust1luqoqR
ccache cache size is 173Mb.
Uploading cache ccache...