SHA for cache folders (/tmp/ccache_dir) is '3a6be20fff1fe99a32c2f9c4e3fa33d458a7117b7443310c4c08798d4e3f292f'
Cache ccache has changed!
List of changes for cache folders (/tmp/ccache_dir):
created: b/9/41fa99000ff79be996d33967556bef-4210845.o
modified: d/stats
created: 9/8/59e14804069223bbcc9d9ae0b0983c-37335.manifest
created: a/4/ceb9d31a1998eaf67b968cd91aeddf-4346746.o
modified: e/stats
modified: c/stats
modified: f/stats
modified: 5/0/b5f99c4cac83113f3ee12ffe3c1a11-5596.manifest
modified: 5/6/c93deaac4c37f3d2802df637f928a3-4997.manifest
modified: a/stats
modified: 3/stats
modified: 8/e/4253362729ba6f53f59ea81ca0fb60-6514.manifest
modified: 7/stats
modified: 4/b/86b6b989238d8d664653b4d1adccb7-6189.manifest
modified: 1/stats
created: 4/5/c5e525b53fc774f2c61b0d2eafc2ec-5465168.o
modified: 8/stats
created: a/8/8413a106c18771735e258738a4c90f-5448332.o
modified: 2/stats
created: 2/a/f178224eaf077283f63a630b3c2632-56603.manifest
modified: b/stats
modified: 9/stats
modified: f/b/e343811a6c037cf806379791f21c25-43021.manifest
created: 7/2/59baf36b1be69ce6b9c965c62e0f52-7258.manifest
created: b/6/aa4b7a242c8babcb70499086d03918-4269193.o
created: 9/7/43241c6fd14d3937b7b2976cf8e11f-4204874.o
modified: 1/b/5bb7c678b43d8554cea37d369efa59-8426.manifest
created: c/f/77bd60a8f8a360326402c40e7acb64-101768.manifest
modified: a/5/819a777d26fe707fbdc58885f5cc1b-16507.manifest
created: f/3/5724bb50eab09fb80efa6145918beb-5168877.o
modified: 0/stats
modified: 5/stats
modified: 4/stats
modified: 1/e/a93bc1954d56c275283e950000327b-26161.manifest
created: 1/1/eaa8a613d921b2302f74044598eaa6-5700637.o
created: 2/6/1704bd0d4de2957d5382b1ceebff42-5179615.o
created: f/b/0d9b0993c6331dd5ab371ef21846e7-4539845.o
created: f/a/8f23cf3c6922c0e2f65cfc39c54450-4274139.o
modified: f/1/a2b054971db70f40295d3eac60b01d-51056.manifest
created: e/9/b85c79048524e30629afea60819c85-4197958.o
created: 2/9/9ad47368676b90076eee013ba309dc-1455763.o
modified: 6/stats
ccache cache size is 168Mb.
Uploading cache ccache...