SHA for cache folders (/tmp/ccache_dir) is '28bc4ea0902e4648fa23231dce4d6b312b83dafbf4a3be58639f2789cca8d0f0'
Cache ccache has changed!
List of changes for cache folders (/tmp/ccache_dir):
created: 4/c/38270a5adf2e4551511fbe67f361ac-5391500.o
modified: c/stats
modified: e/stats
modified: 9/stats
created: 8/9/241b9aefe27b1504b365f38e099ff4-1804004.o
modified: b/stats
modified: 1/stats
modified: 2/stats
modified: 3/stats
modified: 8/stats
modified: d/stats
modified: 6/stats
modified: 0/stats
created: 7/b/4e13ca744314180e20211e470b2fc5-18786.manifest
modified: 7/stats
modified: 4/stats
modified: f/stats
modified: b/b/0cf4e0939c9499d170d2227b2e1181-5163.manifest
modified: 5/stats
modified: a/stats
ccache cache size is 250Mb.
Uploading cache ccache...