SHA for cache folders (/tmp/ccache_dir) is 'e289c90dc28342dd2213e8973bff58a6bf6e2b9aae98ce55f3293f298abb7950'
Cache ccache has changed!
List of changes for cache folders (/tmp/ccache_dir):
modified: 4/stats
modified: a/stats
modified: c/stats
modified: 3/stats
modified: 6/stats
modified: 9/stats
modified: 7/stats
modified: b/stats
modified: d/stats
modified: e/stats
modified: 0/stats
modified: 1/stats
modified: 2/stats
modified: 5/stats
modified: 8/stats
modified: f/stats
ccache cache size is 711 bytes.
Uploading cache ccache...