
C:\Users\ContainerAdministrator\AppData\Local\Temp\cirrus-ci-build>call "C:\Program Files (x86)\Microsoft Visual Studio\2022\BuildTools\VC\Auxiliary\Build\vcvars64.bat" 
**********************************************************************
** Visual Studio 2022 Developer Command Prompt v17.2.5
** Copyright (c) 2022 Microsoft Corporation
**********************************************************************
[ERROR:team_explorer.bat] Directory not found : "C:\Program Files (x86)\Microsoft Visual Studio\2022\BuildTools\Common7\IDE\CommonExtensions\Microsoft\TeamFoundation\Team Explorer"
[vcvarsall.bat] Environment initialized for: 'x64'
Statistics zeroed
Set cache size limit to 200.0 MB
  Installing vcpkg dependencies to C:\Users\ContainerAdministrator\AppData\Local\Temp\cirrus-ci-build\build_msvc\vcpkg_installed\x64-windows-static\
  "C:\Users\ContainerAdministrator\AppData\Local\Temp\vcpkg\vcpkg.exe" install  --x-wait-for-lock --triplet "x64-windows-static" --vcpkg-root "C:\Users\ContainerAdministrator\AppData\Local\Temp\vcpkg\\" "--x-manifest-root=C:\Users\ContainerAdministrator\AppData\Local\Temp\cirrus-ci-build\build_msvc\\" "--x-install-root=C:\Users\ContainerAdministrator\AppData\Local\Temp\cirrus-ci-build\build_msvc\vcpkg_installed\x64-windows-static\\" 
  Detecting compiler hash for triplet "x64-windows-static"...
  Installing vcpkg dependencies to C:\Users\ContainerAdministrator\AppData\Local\Temp\cirrus-ci-build\build_msvc\vcpkg_installed\x64-windows-static\
  "C:\Users\ContainerAdministrator\AppData\Local\Temp\vcpkg\vcpkg.exe" install  --x-wait-for-lock --triplet "x64-windows-static" --vcpkg-root "C:\Users\ContainerAdministrator\AppData\Local\Temp\vcpkg\\" "--x-manifest-root=C:\Users\ContainerAdministrator\AppData\Local\Temp\cirrus-ci-build\build_msvc\\" "--x-install-root=C:\Users\ContainerAdministrator\AppData\Local\Temp\cirrus-ci-build\build_msvc\vcpkg_installed\x64-windows-static\\" 
  Installing vcpkg dependencies to C:\Users\ContainerAdministrator\AppData\Local\Temp\cirrus-ci-build\build_msvc\vcpkg_installed\x64-windows-static\
  "C:\Users\ContainerAdministrator\AppData\Local\Temp\vcpkg\vcpkg.exe" install  --x-wait-for-lock --triplet "x64-windows-static" --vcpkg-root "C:\Users\ContainerAdministrator\AppData\Local\Temp\vcpkg\\" "--x-manifest-root=C:\Users\ContainerAdministrator\AppData\Local\Temp\cirrus-ci-build\build_msvc\\" "--x-install-root=C:\Users\ContainerAdministrator\AppData\Local\Temp\cirrus-ci-build\build_msvc\vcpkg_installed\x64-windows-static\\" 
  waiting to take filesystem lock on C:\Users\ContainerAdministrator\AppData\Local\Temp\vcpkg\.vcpkg-root...
  waiting to take filesystem lock on C:\Users\ContainerAdministrator\AppData\Local\Temp\vcpkg\.vcpkg-root...
  Installing vcpkg dependencies to C:\Users\ContainerAdministrator\AppData\Local\Temp\cirrus-ci-build\build_msvc\vcpkg_installed\x64-windows-static\
  "C:\Users\ContainerAdministrator\AppData\Local\Temp\vcpkg\vcpkg.exe" install  --x-wait-for-lock --triplet "x64-windows-static" --vcpkg-root "C:\Users\ContainerAdministrator\AppData\Local\Temp\vcpkg\\" "--x-manifest-root=C:\Users\ContainerAdministrator\AppData\Local\Temp\cirrus-ci-build\build_msvc\\" "--x-install-root=C:\Users\ContainerAdministrator\AppData\Local\Temp\cirrus-ci-build\build_msvc\vcpkg_installed\x64-windows-static\\" 
  Installing vcpkg dependencies to C:\Users\ContainerAdministrator\AppData\Local\Temp\cirrus-ci-build\build_msvc\vcpkg_installed\x64-windows-static\
  "C:\Users\ContainerAdministrator\AppData\Local\Temp\vcpkg\vcpkg.exe" install  --x-wait-for-lock --triplet "x64-windows-static" --vcpkg-root "C:\Users\ContainerAdministrator\AppData\Local\Temp\vcpkg\\" "--x-manifest-root=C:\Users\ContainerAdministrator\AppData\Local\Temp\cirrus-ci-build\build_msvc\\" "--x-install-root=C:\Users\ContainerAdministrator\AppData\Local\Temp\cirrus-ci-build\build_msvc\vcpkg_installed\x64-windows-static\\" 
  waiting to take filesystem lock on C:\Users\ContainerAdministrator\AppData\Local\Temp\vcpkg\.vcpkg-root...
  waiting to take filesystem lock on C:\Users\ContainerAdministrator\AppData\Local\Temp\vcpkg\.vcpkg-root...
  Installing vcpkg dependencies to C:\Users\ContainerAdministrator\AppData\Local\Temp\cirrus-ci-build\build_msvc\vcpkg_installed\x64-windows-static\
  "C:\Users\ContainerAdministrator\AppData\Local\Temp\vcpkg\vcpkg.exe" install  --x-wait-for-lock --triplet "x64-windows-static" --vcpkg-root "C:\Users\ContainerAdministrator\AppData\Local\Temp\vcpkg\\" "--x-manifest-root=C:\Users\ContainerAdministrator\AppData\Local\Temp\cirrus-ci-build\build_msvc\\" "--x-install-root=C:\Users\ContainerAdministrator\AppData\Local\Temp\cirrus-ci-build\build_msvc\vcpkg_installed\x64-windows-static\\" 
  waiting to take filesystem lock on C:\Users\ContainerAdministrator\AppData\Local\Temp\vcpkg\.vcpkg-root...
  Detecting compiler hash for triplet "x64-windows"...
  The following packages will be built and installed:
      berkeleydb[core]:x64-windows-static -> 4.8.30#8
    * boost-algorithm[core]:x64-windows-static -> 1.79.0
    * boost-align[core]:x64-windows-static -> 1.79.0
    * boost-array[core]:x64-windows-static -> 1.79.0
    * boost-asio[core]:x64-windows-static -> 1.79.0
    * boost-assert[core]:x64-windows-static -> 1.79.0
    * boost-atomic[core]:x64-windows-static -> 1.79.0
    * boost-bind[core]:x64-windows-static -> 1.79.0
    * boost-build[core]:x64-windows -> 1.79.0
    * boost-chrono[core]:x64-windows-static -> 1.79.0
    * boost-concept-check[core]:x64-windows-static -> 1.79.0
    * boost-config[core]:x64-windows-static -> 1.79.0
    * boost-container[core]:x64-windows-static -> 1.79.0
    * boost-container-hash[core]:x64-windows-static -> 1.79.0
    * boost-context[core]:x64-windows-static -> 1.79.0
    * boost-conversion[core]:x64-windows-static -> 1.79.0
    * boost-core[core]:x64-windows-static -> 1.79.0
    * boost-coroutine[core]:x64-windows-static -> 1.79.0
    * boost-date-time[core]:x64-windows-static -> 1.79.0
    * boost-detail[core]:x64-windows-static -> 1.79.0
    * boost-endian[core]:x64-windows-static -> 1.79.0
    * boost-exception[core]:x64-windows-static -> 1.79.0
    * boost-filesystem[core]:x64-windows-static -> 1.79.0
    * boost-foreach[core]:x64-windows-static -> 1.79.0
    * boost-function[core]:x64-windows-static -> 1.79.0
    * boost-function-types[core]:x64-windows-static -> 1.79.0
    * boost-fusion[core]:x64-windows-static -> 1.79.0
    * boost-integer[core]:x64-windows-static -> 1.79.0
    * boost-intrusive[core]:x64-windows-static -> 1.79.0
    * boost-io[core]:x64-windows-static -> 1.79.0
    * boost-iterator[core]:x64-windows-static -> 1.79.0
    * boost-lexical-cast[core]:x64-windows-static -> 1.79.0
    * boost-modular-build-helper[core]:x64-windows -> 1.79.0#2
    * boost-move[core]:x64-windows-static -> 1.79.0
    * boost-mp11[core]:x64-windows-static -> 1.79.0
    * boost-mpl[core]:x64-windows-static -> 1.79.0
      boost-multi-index[core]:x64-windows-static -> 1.79.0
    * boost-numeric-conversion[core]:x64-windows-static -> 1.79.0
    * boost-optional[core]:x64-windows-static -> 1.79.0
    * boost-parameter[core]:x64-windows-static -> 1.79.0
    * boost-phoenix[core]:x64-windows-static -> 1.79.0
    * boost-pool[core]:x64-windows-static -> 1.79.0
    * boost-predef[core]:x64-windows-static -> 1.79.0
    * boost-preprocessor[core]:x64-windows-static -> 1.79.0
      boost-process[core]:x64-windows-static -> 1.79.0
    * boost-proto[core]:x64-windows-static -> 1.79.0
    * boost-range[core]:x64-windows-static -> 1.79.0
    * boost-ratio[core]:x64-windows-static -> 1.79.0
    * boost-rational[core]:x64-windows-static -> 1.79.0
    * boost-regex[core]:x64-windows-static -> 1.79.0
    * boost-serialization[core]:x64-windows-static -> 1.79.0
      boost-signals2[core]:x64-windows-static -> 1.79.0
    * boost-smart-ptr[core]:x64-windows-static -> 1.79.0
    * boost-spirit[core]:x64-windows-static -> 1.79.0
    * boost-static-assert[core]:x64-windows-static -> 1.79.0
    * boost-system[core]:x64-windows-static -> 1.79.0
      boost-test[core]:x64-windows-static -> 1.79.0
    * boost-thread[core]:x64-windows-static -> 1.79.0
    * boost-throw-exception[core]:x64-windows-static -> 1.79.0
    * boost-tokenizer[core]:x64-windows-static -> 1.79.0
    * boost-tuple[core]:x64-windows-static -> 1.79.0
    * boost-type-index[core]:x64-windows-static -> 1.79.0
    * boost-type-traits[core]:x64-windows-static -> 1.79.0
    * boost-typeof[core]:x64-windows-static -> 1.79.0
    * boost-uninstall[core]:x64-windows -> 1.79.0
    * boost-uninstall[core]:x64-windows-static -> 1.79.0
    * boost-unordered[core]:x64-windows-static -> 1.79.0
    * boost-utility[core]:x64-windows-static -> 1.79.0
    * boost-variant[core]:x64-windows-static -> 1.79.0
    * boost-variant2[core]:x64-windows-static -> 1.79.0
    * boost-vcpkg-helpers[core]:x64-windows-static -> 1.79.0
    * boost-winapi[core]:x64-windows-static -> 1.79.0
      libevent[core,thread]:x64-windows-static -> 2.1.12#6
      sqlite3[core]:x64-windows-static -> 3.37.2#1
    * vcpkg-cmake[core]:x64-windows -> 2022-05-10#1
    * vcpkg-cmake-config[core]:x64-windows -> 2022-02-06#1
    * vcpkg-cmake-get-vars[core]:x64-windows -> 2022-05-10#1
      zeromq[core]:x64-windows-static -> 4.3.4#5
  Additional packages (*) will be modified to complete this operation.
  Restored 78 packages from C:\Users\ContainerAdministrator\AppData\Local\vcpkg\archives in 3.966 s. Use --debug to see more details.
  Installing 1/78 berkeleydb:x64-windows-static...
  Elapsed time to handle berkeleydb:x64-windows-static: 35.63 ms
  Installing 2/78 boost-uninstall:x64-windows-static...
  Elapsed time to handle boost-uninstall:x64-windows-static: 6.258 ms
  Installing 3/78 boost-vcpkg-helpers:x64-windows-static...
  Elapsed time to handle boost-vcpkg-helpers:x64-windows-static: 7.795 ms
  Installing 4/78 boost-config:x64-windows-static...
  Elapsed time to handle boost-config:x64-windows-static: 146.8 ms
  Installing 5/78 boost-static-assert:x64-windows-static...
  Elapsed time to handle boost-static-assert:x64-windows-static: 8.402 ms
  Installing 6/78 boost-type-traits:x64-windows-static...
  Elapsed time to handle boost-type-traits:x64-windows-static: 112.5 ms
  Installing 7/78 boost-assert:x64-windows-static...
  Elapsed time to handle boost-assert:x64-windows-static: 9.658 ms
  Installing 8/78 boost-throw-exception:x64-windows-static...
  Elapsed time to handle boost-throw-exception:x64-windows-static: 9.162 ms
  Installing 9/78 boost-preprocessor:x64-windows-static...
  Elapsed time to handle boost-preprocessor:x64-windows-static: 238.2 ms
  Installing 10/78 boost-io:x64-windows-static...
  Elapsed time to handle boost-io:x64-windows-static: 15.49 ms
  Installing 11/78 boost-core:x64-windows-static...
  Elapsed time to handle boost-core:x64-windows-static: 43.72 ms
  Installing 12/78 boost-utility:x64-windows-static...
  Elapsed time to handle boost-utility:x64-windows-static: 24.65 ms
  Installing 13/78 boost-tuple:x64-windows-static...
  Elapsed time to handle boost-tuple:x64-windows-static: 11.84 ms
  Installing 14/78 boost-predef:x64-windows-static...
  Elapsed time to handle boost-predef:x64-windows-static: 108.5 ms
  Installing 15/78 boost-winapi:x64-windows-static...
  Elapsed time to handle boost-winapi:x64-windows-static: 75.02 ms
  Installing 16/78 boost-move:x64-windows-static...
  Elapsed time to handle boost-move:x64-windows-static: 38.59 ms
  Installing 17/78 boost-smart-ptr:x64-windows-static...
  Elapsed time to handle boost-smart-ptr:x64-windows-static: 70.65 ms
  Installing 18/78 vcpkg-cmake:x64-windows...
  Elapsed time to handle vcpkg-cmake:x64-windows: 11.39 ms
  Installing 19/78 boost-integer:x64-windows-static...
  Elapsed time to handle boost-integer:x64-windows-static: 20.37 ms
  Installing 20/78 boost-detail:x64-windows-static...
  Elapsed time to handle boost-detail:x64-windows-static: 27.12 ms
  Installing 21/78 boost-container-hash:x64-windows-static...
  Elapsed time to handle boost-container-hash:x64-windows-static: 19.74 ms
  Installing 22/78 boost-type-index:x64-windows-static...
  Elapsed time to handle boost-type-index:x64-windows-static: 24.23 ms
  Installing 23/78 boost-mpl:x64-windows-static...
  Elapsed time to handle boost-mpl:x64-windows-static: 590.3 ms
  Installing 24/78 boost-bind:x64-windows-static...
  Elapsed time to handle boost-bind:x64-windows-static: 24.83 ms
  Installing 25/78 boost-variant:x64-windows-static...
  Elapsed time to handle boost-variant:x64-windows-static: 35.54 ms
  Installing 26/78 boost-unordered:x64-windows-static...
  Elapsed time to handle boost-unordered:x64-windows-static: 19.91 ms
  Installing 27/78 boost-typeof:x64-windows-static...
  Elapsed time to handle boost-typeof:x64-windows-static: 45.73 ms
  Installing 28/78 boost-mp11:x64-windows-static...
  Elapsed time to handle boost-mp11:x64-windows-static: 29.72 ms
  Installing 29/78 boost-variant2:x64-windows-static...
  Elapsed time to handle boost-variant2:x64-windows-static: 13.49 ms
  Installing 30/78 vcpkg-cmake-get-vars:x64-windows...
  Elapsed time to handle vcpkg-cmake-get-vars:x64-windows: 14.53 ms
  Installing 31/78 boost-uninstall:x64-windows...
  Elapsed time to handle boost-uninstall:x64-windows: 11 ms
  Installing 32/78 boost-modular-build-helper:x64-windows...
  Elapsed time to handle boost-modular-build-helper:x64-windows: 13.54 ms
  Installing 33/78 boost-build:x64-windows...
  Elapsed time to handle boost-build:x64-windows: 596.1 ms
  Installing 34/78 boost-system:x64-windows-static...
  Elapsed time to handle boost-system:x64-windows-static: 43.7 ms
  Installing 35/78 boost-optional:x64-windows-static...
  Elapsed time to handle boost-optional:x64-windows-static: 24.85 ms
  Installing 36/78 boost-concept-check:x64-windows-static...
  Elapsed time to handle boost-concept-check:x64-windows-static: 26.87 ms
  Installing 37/78 boost-regex:x64-windows-static...
  Elapsed time to handle boost-regex:x64-windows-static: 74.17 ms
  Installing 38/78 boost-function-types:x64-windows-static...
  Elapsed time to handle boost-function-types:x64-windows-static: 64.51 ms
  Installing 39/78 boost-fusion:x64-windows-static...
  Elapsed time to handle boost-fusion:x64-windows-static: 780 ms
  Installing 40/78 boost-conversion:x64-windows-static...
  Elapsed time to handle boost-conversion:x64-windows-static: 20.58 ms
  Installing 41/78 boost-iterator:x64-windows-static...
  Elapsed time to handle boost-iterator:x64-windows-static: 40.24 ms
  Installing 42/78 boost-array:x64-windows-static...
  Elapsed time to handle boost-array:x64-windows-static: 16.36 ms
  Installing 43/78 boost-range:x64-windows-static...
  Elapsed time to handle boost-range:x64-windows-static: 95.55 ms
  Installing 44/78 boost-numeric-conversion:x64-windows-static...
  Elapsed time to handle boost-numeric-conversion:x64-windows-static: 35.34 ms
  Installing 45/78 boost-intrusive:x64-windows-static...
  Elapsed time to handle boost-intrusive:x64-windows-static: 66.64 ms
  Installing 46/78 boost-container:x64-windows-static...
  Elapsed time to handle boost-container:x64-windows-static: 75.87 ms
  Installing 47/78 boost-lexical-cast:x64-windows-static...
  Elapsed time to handle boost-lexical-cast:x64-windows-static: 27.51 ms
  Installing 48/78 boost-function:x64-windows-static...
  Elapsed time to handle boost-function:x64-windows-static: 30.72 ms
  Installing 49/78 boost-exception:x64-windows-static...
  Elapsed time to handle boost-exception:x64-windows-static: 35.7 ms
  Installing 50/78 boost-tokenizer:x64-windows-static...
  Elapsed time to handle boost-tokenizer:x64-windows-static: 20.75 ms
  Installing 51/78 boost-algorithm:x64-windows-static...
  Elapsed time to handle boost-algorithm:x64-windows-static: 64.06 ms
  Installing 52/78 boost-date-time:x64-windows-static...
  Elapsed time to handle boost-date-time:x64-windows-static: 75.9 ms
  Installing 53/78 boost-rational:x64-windows-static...
  Elapsed time to handle boost-rational:x64-windows-static: 18.18 ms
  Installing 54/78 boost-ratio:x64-windows-static...
  Elapsed time to handle boost-ratio:x64-windows-static: 39.81 ms
  Installing 55/78 boost-chrono:x64-windows-static...
  Elapsed time to handle boost-chrono:x64-windows-static: 52.07 ms
  Installing 56/78 boost-align:x64-windows-static...
  Elapsed time to handle boost-align:x64-windows-static: 48.49 ms
  Installing 57/78 boost-atomic:x64-windows-static...
  Elapsed time to handle boost-atomic:x64-windows-static: 99.22 ms
  Installing 58/78 boost-thread:x64-windows-static...
  Elapsed time to handle boost-thread:x64-windows-static: 159.1 ms
  Installing 59/78 boost-proto:x64-windows-static...
  Elapsed time to handle boost-proto:x64-windows-static: 105.5 ms
  Installing 60/78 boost-pool:x64-windows-static...
  Elapsed time to handle boost-pool:x64-windows-static: 33.28 ms
  Installing 61/78 boost-phoenix:x64-windows-static...
  Elapsed time to handle boost-phoenix:x64-windows-static: 214.3 ms
  Installing 62/78 boost-endian:x64-windows-static...
  Elapsed time to handle boost-endian:x64-windows-static: 32.13 ms
  Installing 63/78 boost-spirit:x64-windows-static...
  Elapsed time to handle boost-spirit:x64-windows-static: 565.6 ms
  Installing 64/78 boost-serialization:x64-windows-static...
  Elapsed time to handle boost-serialization:x64-windows-static: 143.4 ms
  Installing 65/78 boost-foreach:x64-windows-static...
  Elapsed time to handle boost-foreach:x64-windows-static: 22.03 ms
  Installing 66/78 boost-multi-index:x64-windows-static...
  Elapsed time to handle boost-multi-index:x64-windows-static: 70.66 ms
  Installing 67/78 boost-filesystem:x64-windows-static...
  Elapsed time to handle boost-filesystem:x64-windows-static: 39.79 ms
  Installing 68/78 boost-context:x64-windows-static...
  Elapsed time to handle boost-context:x64-windows-static: 42.23 ms
  Installing 69/78 boost-coroutine:x64-windows-static...
  Elapsed time to handle boost-coroutine:x64-windows-static: 47.63 ms
  Installing 70/78 boost-asio:x64-windows-static...
  Elapsed time to handle boost-asio:x64-windows-static: 391.1 ms
  Installing 71/78 boost-process:x64-windows-static...
  Elapsed time to handle boost-process:x64-windows-static: 99.77 ms
  Installing 72/78 boost-parameter:x64-windows-static...
  Elapsed time to handle boost-parameter:x64-windows-static: 80.5 ms
  Installing 73/78 boost-signals2:x64-windows-static...
  Elapsed time to handle boost-signals2:x64-windows-static: 53.67 ms
  Installing 74/78 boost-test:x64-windows-static...
  Elapsed time to handle boost-test:x64-windows-static: 557.6 ms
  Installing 75/78 vcpkg-cmake-config:x64-windows...
  Elapsed time to handle vcpkg-cmake-config:x64-windows: 18.03 ms
  Installing 76/78 libevent:x64-windows-static...
  Elapsed time to handle libevent:x64-windows-static: 55.19 ms
  Installing 77/78 sqlite3:x64-windows-static...
  Elapsed time to handle sqlite3:x64-windows-static: 35.97 ms
  Installing 78/78 zeromq:x64-windows-static...
  Elapsed time to handle zeromq:x64-windows-static: 61.74 ms
  
  Total elapsed time: 20.93 s
  
  The package boost is compatible with built-in CMake targets:
  
      find_package(Boost REQUIRED [COMPONENTS <libs>...])
      target_link_libraries(main PRIVATE Boost::boost Boost::<lib1> Boost::<lib2> ...)
  
  libevent provides CMake targets:
      # this is heuristically generated, and may not be correct
      find_package(Libevent CONFIG REQUIRED)
      target_link_libraries(main PRIVATE libevent::core libevent::extra)
  
  sqlite3 provides CMake targets:
      # this is heuristically generated, and may not be correct
      find_package(unofficial-sqlite3 CONFIG REQUIRED)
      target_link_libraries(main PRIVATE unofficial::sqlite3::sqlite3)
  
  zeromq provides CMake targets:
      # this is heuristically generated, and may not be correct
      find_package(ZeroMQ CONFIG REQUIRED)
      target_link_libraries(main PRIVATE libzmq libzmq-static)
  
  C:\Users\ContainerAdministrator\AppData\Local\Temp\cirrus-ci-build\build_msvc\libbitcoinconsensus>ccache cl @C:\Users\ContainerAdministrator\AppData\Local\Temp\tmpc8b444999b4044459dccb09066b21383.rsp
  C:\Users\ContainerAdministrator\AppData\Local\Temp\cirrus-ci-build\build_msvc\libbitcoin_zmq>ccache cl @C:\Users\ContainerAdministrator\AppData\Local\Temp\tmp29c73479e6d141e6a97b4421ae961b74.rsp
  C:\Users\ContainerAdministrator\AppData\Local\Temp\cirrus-ci-build\build_msvc\libunivalue>ccache cl @C:\Users\ContainerAdministrator\AppData\Local\Temp\tmp0d04f4384172443495472c613f31ed45.rsp
  arith_uint256.cpp
  univalue.cpp
  zmqabstractnotifier.cpp
  Detecting compiler hash for triplet "x64-windows-static"...
  C:\Users\ContainerAdministrator\AppData\Local\Temp\cirrus-ci-build\build_msvc\libbitcoin_zmq>ccache cl @C:\Users\ContainerAdministrator\AppData\Local\Temp\tmpae83a66663844df6be3ccc96bbaf1989.rsp
  zmqnotificationinterface.cpp
  C:\Users\ContainerAdministrator\AppData\Local\Temp\cirrus-ci-build\build_msvc\libbitcoin_zmq>ccache cl @C:\Users\ContainerAdministrator\AppData\Local\Temp\tmp24896354b4794b94a4a4c8d0a0233c0b.rsp
  merkle.cpp
  zmqpublishnotifier.cpp
  univalue_get.cpp
  C:\Users\ContainerAdministrator\AppData\Local\Temp\cirrus-ci-build\build_msvc\libbitcoin_zmq>ccache cl @C:\Users\ContainerAdministrator\AppData\Local\Temp\tmp6c94c3a2c7bb449c9f2d40d603bc9dab.rsp
  zmqrpc.cpp
  C:\Users\ContainerAdministrator\AppData\Local\Temp\cirrus-ci-build\build_msvc\libbitcoin_zmq>ccache cl @C:\Users\ContainerAdministrator\AppData\Local\Temp\tmpbf75d9e74dbb4d3e8ce1a02a4d14d72b.rsp
  zmqutil.cpp
  libbitcoin_zmq.vcxproj -> C:\Users\ContainerAdministrator\AppData\Local\Temp\cirrus-ci-build\build_msvc\x64\Release\libbitcoin_zmq\libbitcoin_zmq.lib
  univalue_read.cpp
  C:\Users\ContainerAdministrator\AppData\Local\Temp\cirrus-ci-build\build_msvc\libsecp256k1>ccache cl @C:\Users\ContainerAdministrator\AppData\Local\Temp\tmp44a61ff547ab49a4a0675610a2a46c19.rsp
  precomputed_ecmult.c
  univalue_write.cpp
  tx_check.cpp
  precomputed_ecmult_gen.c
  secp256k1.c
  Generating Code...
  Detecting compiler hash for triplet "x64-windows"...
  Generating Code...
  libsecp256k1.vcxproj -> C:\Users\ContainerAdministrator\AppData\Local\Temp\cirrus-ci-build\build_msvc\x64\Release\libsecp256k1\libsecp256k1.lib
  libunivalue.vcxproj -> C:\Users\ContainerAdministrator\AppData\Local\Temp\cirrus-ci-build\build_msvc\x64\Release\libunivalue\libunivalue.lib
  C:\Users\ContainerAdministrator\AppData\Local\Temp\cirrus-ci-build\build_msvc\libleveldb>ccache cl @C:\Users\ContainerAdministrator\AppData\Local\Temp\tmp31e2c6989e664d12b3b889b413948e22.rsp
  C:\Users\ContainerAdministrator\AppData\Local\Temp\cirrus-ci-build\build_msvc\libminisketch>ccache cl @C:\Users\ContainerAdministrator\AppData\Local\Temp\tmpc3af9b2cf4e94a97b4583f4afea27ee3.rsp
  builder.cc
  minisketch.cpp
  aes.cpp
  chacha20.cpp
  hmac_sha256.cpp
  hmac_sha512.cpp
  ripemd160.cpp
  All requested packages are currently installed.
  Restored 0 packages from C:\Users\ContainerAdministrator\AppData\Local\vcpkg\archives in 602.5 us. Use --debug to see more details.
  
  Total elapsed time: 27.27 s
  
  The package boost is compatible with built-in CMake targets:
  
      find_package(Boost REQUIRED [COMPONENTS <libs>...])
      target_link_libraries(main PRIVATE Boost::boost Boost::<lib1> Boost::<lib2> ...)
  
  libevent provides CMake targets:
      # this is heuristically generated, and may not be correct
      find_package(Libevent CONFIG REQUIRED)
      target_link_libraries(main PRIVATE libevent::core libevent::extra)
  
  sqlite3 provides CMake targets:
      # this is heuristically generated, and may not be correct
      find_package(unofficial-sqlite3 CONFIG REQUIRED)
      target_link_libraries(main PRIVATE unofficial::sqlite3::sqlite3)
  
  zeromq provides CMake targets:
      # this is heuristically generated, and may not be correct
      find_package(ZeroMQ CONFIG REQUIRED)
      target_link_libraries(main PRIVATE libzmq libzmq-static)
  
  sha1.cpp
  clmul_1byte.cpp
  clmul_2bytes.cpp
  sha256.cpp
  clmul_3bytes.cpp
  clmul_4bytes.cpp
  C:\Users\ContainerAdministrator\AppData\Local\Temp\cirrus-ci-build\build_msvc\libbitcoin_node>ccache cl @C:\Users\ContainerAdministrator\AppData\Local\Temp\tmpc602e154b7ba458cbf3606f0a6903851.rsp
  addrdb.cpp
  sha256_sse4.cpp
  C:\Users\ContainerAdministrator\AppData\Local\Temp\cirrus-ci-build\build_msvc\libbitcoin_node>ccache cl @C:\Users\ContainerAdministrator\AppData\Local\Temp\tmpadf0927157af49db9ea878b362fc6b64.rsp
  sha512.cpp
  hash.cpp
  Detecting compiler hash for triplet "x64-windows-static"...
  addrman.cpp
  C:\Users\ContainerAdministrator\AppData\Local\Temp\cirrus-ci-build\build_msvc\libbitcoin_node>ccache cl @C:\Users\ContainerAdministrator\AppData\Local\Temp\tmp65e8818d87e2456696f71cfd938e0241.rsp
  c.cc
  banman.cpp
  clmul_5bytes.cpp
  clmul_6bytes.cpp
  C:\Users\ContainerAdministrator\AppData\Local\Temp\cirrus-ci-build\build_msvc\libbitcoin_node>ccache cl @C:\Users\ContainerAdministrator\AppData\Local\Temp\tmp2c54cb9a02794c1cbb84a2a09d838c42.rsp
  clmul_7bytes.cpp
  clmul_8bytes.cpp
  generic_1byte.cpp
  generic_2bytes.cpp
  generic_3bytes.cpp
  generic_4bytes.cpp
  blockencodings.cpp
  block.cpp
  C:\Users\ContainerAdministrator\AppData\Local\Temp\cirrus-ci-build\build_msvc\libbitcoin_node>ccache cl @C:\Users\ContainerAdministrator\AppData\Local\Temp\tmpf8c871b9a1ab48efaf14306d21a57b06.rsp
  dbformat.cc
  blockfilter.cpp
  C:\Users\ContainerAdministrator\AppData\Local\Temp\cirrus-ci-build\build_msvc\libbitcoin_node>ccache cl @C:\Users\ContainerAdministrator\AppData\Local\Temp\tmpcb83e9ffe6cb4191b8c98a37c12e3b46.rsp
  chain.cpp
  C:\Users\ContainerAdministrator\AppData\Local\Temp\cirrus-ci-build\build_msvc\libbitcoin_node>ccache cl @C:\Users\ContainerAdministrator\AppData\Local\Temp\tmpaf62664971284591b42e527c21886df3.rsp
  tx_verify.cpp
  generic_5bytes.cpp
  generic_6bytes.cpp
  generic_7bytes.cpp
  generic_8bytes.cpp
  C:\Users\ContainerAdministrator\AppData\Local\Temp\cirrus-ci-build\build_msvc\libbitcoin_node>ccache cl @C:\Users\ContainerAdministrator\AppData\Local\Temp\tmpcdf9ddcadab9476b9f2759ad03cf45fb.rsp
  Generating Code...
  dbwrapper.cpp
  C:\Users\ContainerAdministrator\AppData\Local\Temp\cirrus-ci-build\build_msvc\libbitcoin_node>ccache cl @C:\Users\ContainerAdministrator\AppData\Local\Temp\tmp73a1143725cb4809a40263f5c5eb813b.rsp
  libminisketch.vcxproj -> C:\Users\ContainerAdministrator\AppData\Local\Temp\cirrus-ci-build\build_msvc\x64\Release\libminisketch\libminisketch.lib
  deploymentstatus.cpp
  C:\Users\ContainerAdministrator\AppData\Local\Temp\cirrus-ci-build\build_msvc\libbitcoin_node>ccache cl @C:\Users\ContainerAdministrator\AppData\Local\Temp\tmpdedab34735bc4db1bf76c8998374bc68.rsp
  C:\Users\ContainerAdministrator\AppData\Local\Temp\cirrus-ci-build\build_msvc\libbitcoin_cli>ccache cl @C:\Users\ContainerAdministrator\AppData\Local\Temp\tmpf07b8595fe934c1696b516289f1e089d.rsp
  db_impl.cc
  flatfile.cpp
  stdin.cpp
  C:\Users\ContainerAdministrator\AppData\Local\Temp\cirrus-ci-build\build_msvc\libbitcoin_node>ccache cl @C:\Users\ContainerAdministrator\AppData\Local\Temp\tmp9be121ab25ad4fe5b292fd656a7490e4.rsp
  C:\Users\ContainerAdministrator\AppData\Local\Temp\cirrus-ci-build\build_msvc\libbitcoin_cli>ccache cl @C:\Users\ContainerAdministrator\AppData\Local\Temp\tmpf30b896e5eda4c2bbaa4b5d867279be4.rsp
  transaction.cpp
  client.cpp
  headerssync.cpp
  C:\Users\ContainerAdministrator\AppData\Local\Temp\cirrus-ci-build\build_msvc\libbitcoin_node>ccache cl @C:\Users\ContainerAdministrator\AppData\Local\Temp\tmp2e0f2514e64e4d779dde329b2d661692.rsp
  libbitcoin_cli.vcxproj -> C:\Users\ContainerAdministrator\AppData\Local\Temp\cirrus-ci-build\build_msvc\x64\Release\libbitcoin_cli\libbitcoin_cli.lib
  httprpc.cpp
  Detecting compiler hash for triplet "x64-windows"...
  C:\Users\ContainerAdministrator\AppData\Local\Temp\cirrus-ci-build\build_msvc\libbitcoin_node>ccache cl @C:\Users\ContainerAdministrator\AppData\Local\Temp\tmp973918ca095f4be2946a6fd97345b506.rsp
  C:\Users\ContainerAdministrator\AppData\Local\Temp\cirrus-ci-build\build_msvc\libtest_util>ccache cl @C:\Users\ContainerAdministrator\AppData\Local\Temp\tmp62fc48f717154393807b5bc5553865e5.rsp
  httpserver.cpp
  blockfilter.cpp
  C:\Users\ContainerAdministrator\AppData\Local\Temp\cirrus-ci-build\build_msvc\libbitcoin_node>ccache cl @C:\Users\ContainerAdministrator\AppData\Local\Temp\tmp2d0cf9ab717d4e06ad9460903e454344.rsp
  C:\Users\ContainerAdministrator\AppData\Local\Temp\cirrus-ci-build\build_msvc\libtest_util>ccache cl @C:\Users\ContainerAdministrator\AppData\Local\Temp\tmp622742f41b9746d7893a9b69901b8bb6.rsp
  i2p.cpp
  logging.cpp
  C:\Users\ContainerAdministrator\AppData\Local\Temp\cirrus-ci-build\build_msvc\libbitcoin_node>ccache cl @C:\Users\ContainerAdministrator\AppData\Local\Temp\tmpb6096da1ce2f41e3b52149a3bd850af3.rsp
  C:\Users\ContainerAdministrator\AppData\Local\Temp\cirrus-ci-build\build_msvc\libtest_util>ccache cl @C:\Users\ContainerAdministrator\AppData\Local\Temp\tmp3ab6de2d2c694727ab8d3e409794cd71.rsp
  pubkey.cpp
  db_iter.cc
  base.cpp
  mining.cpp
  C:\Users\ContainerAdministrator\AppData\Local\Temp\cirrus-ci-build\build_msvc\libbitcoin_node>ccache cl @C:\Users\ContainerAdministrator\AppData\Local\Temp\tmp02ac531d95a14d0dae1d309d1a989c00.rsp
  C:\Users\ContainerAdministrator\AppData\Local\Temp\cirrus-ci-build\build_msvc\libtest_util>ccache cl @C:\Users\ContainerAdministrator\AppData\Local\Temp\tmp93b2e112b83e49ee95aaf8d11646077f.rsp
  net.cpp
  blockfilterindex.cpp
  C:\Users\ContainerAdministrator\AppData\Local\Temp\cirrus-ci-build\build_msvc\libtest_util>ccache cl @C:\Users\ContainerAdministrator\AppData\Local\Temp\tmpc61c886852824cd091a7732b03f87300.rsp
  C:\Users\ContainerAdministrator\AppData\Local\Temp\cirrus-ci-build\build_msvc\libbitcoin_node>ccache cl @C:\Users\ContainerAdministrator\AppData\Local\Temp\tmpdca831646cd24126af4aca01f9c893e1.rsp
  script.cpp
  C:\Users\ContainerAdministrator\AppData\Local\Temp\cirrus-ci-build\build_msvc\libtest_util>ccache cl @C:\Users\ContainerAdministrator\AppData\Local\Temp\tmp05e4c49e692444bbb9495baac03c4ee8.rsp
  coinstatsindex.cpp
  bitcoinconsensus.cpp
  C:\Users\ContainerAdministrator\AppData\Local\Temp\cirrus-ci-build\build_msvc\libbitcoin_node>ccache cl @C:\Users\ContainerAdministrator\AppData\Local\Temp\tmp38f4d8fe939648c18796ce30d6eef415.rsp
  setup_common.cpp
  C:\Users\ContainerAdministrator\AppData\Local\Temp\cirrus-ci-build\build_msvc\libtest_util>ccache cl @C:\Users\ContainerAdministrator\AppData\Local\Temp\tmpd8fa1ab0a4134261bacb5d87b9b379c0.rsp
  txindex.cpp
  str.cpp
  C:\Users\ContainerAdministrator\AppData\Local\Temp\cirrus-ci-build\build_msvc\libbitcoin_node>ccache cl @C:\Users\ContainerAdministrator\AppData\Local\Temp\tmpe8abc85654cc43f79790569fead02abe.rsp
  C:\Users\ContainerAdministrator\AppData\Local\Temp\cirrus-ci-build\build_msvc\libtest_util>ccache cl @C:\Users\ContainerAdministrator\AppData\Local\Temp\tmp5fc5acea6806457eaf4488ad48d10411.rsp
  All requested packages are currently installed.
  Restored 0 packages from C:\Users\ContainerAdministrator\AppData\Local\vcpkg\archives in 570.4 us. Use --debug to see more details.
  
  Total elapsed time: 38.48 s
  
  The package boost is compatible with built-in CMake targets:
  
      find_package(Boost REQUIRED [COMPONENTS <libs>...])
      target_link_libraries(main PRIVATE Boost::boost Boost::<lib1> Boost::<lib2> ...)
  
  libevent provides CMake targets:
      # this is heuristically generated, and may not be correct
      find_package(Libevent CONFIG REQUIRED)
      target_link_libraries(main PRIVATE libevent::core libevent::extra)
  
  sqlite3 provides CMake targets:
      # this is heuristically generated, and may not be correct
      find_package(unofficial-sqlite3 CONFIG REQUIRED)
      target_link_libraries(main PRIVATE unofficial::sqlite3::sqlite3)
  
  zeromq provides CMake targets:
      # this is heuristically generated, and may not be correct
      find_package(ZeroMQ CONFIG REQUIRED)
      target_link_libraries(main PRIVATE libzmq libzmq-static)
  
  transaction_utils.cpp
  init.cpp
  C:\Users\ContainerAdministrator\AppData\Local\Temp\cirrus-ci-build\build_msvc\libbitcoin_common>ccache cl @C:\Users\ContainerAdministrator\AppData\Local\Temp\tmp95ddccd6a33549a7b8a3d47df0fa71cb.rsp
  C:\Users\ContainerAdministrator\AppData\Local\Temp\cirrus-ci-build\build_msvc\libtest_util>ccache cl @C:\Users\ContainerAdministrator\AppData\Local\Temp\tmp40c4572843e648efa7a29c020562b0a0.rsp
  base58.cpp
  dumpfile.cc
  validation.cpp
  Detecting compiler hash for triplet "x64-windows-static"...
  interpreter.cpp
  C:\Users\ContainerAdministrator\AppData\Local\Temp\cirrus-ci-build\build_msvc\libtest_util>ccache cl @C:\Users\ContainerAdministrator\AppData\Local\Temp\tmpecd739846dac4a7b89731b7c410ae466.rsp
  C:\Users\ContainerAdministrator\AppData\Local\Temp\cirrus-ci-build\build_msvc\libbitcoin_node>ccache cl @C:\Users\ContainerAdministrator\AppData\Local\Temp\tmpc6f88040c66742b8bdd15bc661a09f6f.rsp
  C:\Users\ContainerAdministrator\AppData\Local\Temp\cirrus-ci-build\build_msvc\libbitcoin_common>ccache cl @C:\Users\ContainerAdministrator\AppData\Local\Temp\tmp20c681cf72a447d28f6ec708a1067532.rsp
  chain.cpp
  bech32.cpp
  wallet.cpp
  C:\Users\ContainerAdministrator\AppData\Local\Temp\cirrus-ci-build\build_msvc\libbitcoin_common>ccache cl @C:\Users\ContainerAdministrator\AppData\Local\Temp\tmpaabd0e45f0074948b69191842a209c2e.rsp
  C:\Users\ContainerAdministrator\AppData\Local\Temp\cirrus-ci-build\build_msvc\libbitcoin_node>ccache cl @C:\Users\ContainerAdministrator\AppData\Local\Temp\tmpf55fccd64c7844d98511baededc20834.rsp
  libtest_util.vcxproj -> C:\Users\ContainerAdministrator\AppData\Local\Temp\cirrus-ci-build\build_msvc\x64\Release\libtest_util\libtest_util.lib
  checks.cpp
  chainparams.cpp
  C:\Users\ContainerAdministrator\AppData\Local\Temp\cirrus-ci-build\build_msvc\libbitcoin_common>ccache cl @C:\Users\ContainerAdministrator\AppData\Local\Temp\tmp5c5b1e4dc98247139c20d5eb2d875e62.rsp
  C:\Users\ContainerAdministrator\AppData\Local\Temp\cirrus-ci-build\build_msvc\libbitcoin_node>ccache cl @C:\Users\ContainerAdministrator\AppData\Local\Temp\tmp4eb60b6c30094b4a953477d22b76d88a.rsp
  script.cpp
  coins.cpp
  coinstats.cpp
  C:\Users\ContainerAdministrator\AppData\Local\Temp\cirrus-ci-build\build_msvc\libbitcoin_common>ccache cl @C:\Users\ContainerAdministrator\AppData\Local\Temp\tmpda4339539268406281f1e05b549d2aca.rsp
  Performing libbitcoin_qt moc code include generation task, output path .\QtGeneratedFiles\qt.
  C:\Users\ContainerAdministrator\AppData\Local\Temp\cirrus-ci-build\build_msvc\libbitcoin_wallet_tool>ccache cl @C:\Users\ContainerAdministrator\AppData\Local\Temp\tmp2fbd91e9a3b44aa29570bc3ec1b9fcc5.rsp
  C:\Qt_static\bin\moc.exe  "..\..\src\qt\bitcoinamountfield.cpp" -o .\QtGeneratedFiles\qt\bitcoinamountfield.moc.
  bloom.cpp
  C:\Qt_static\bin\moc.exe  "..\..\src\qt\intro.cpp" -o .\QtGeneratedFiles\qt\intro.moc.
  C:\Qt_static\bin\moc.exe  "..\..\src\qt\overviewpage.cpp" -o .\QtGeneratedFiles\qt\overviewpage.moc.
  C:\Qt_static\bin\moc.exe  "..\..\src\qt\rpcconsole.cpp" -o .\QtGeneratedFiles\qt\rpcconsole.moc.
  C:\Users\ContainerAdministrator\AppData\Local\Temp\cirrus-ci-build\build_msvc\libbitcoin_node>ccache cl @C:\Users\ContainerAdministrator\AppData\Local\Temp\tmp11b39552169b42e48446242e6fc3716c.rsp
  filename.cc
  wallettool.cpp
  context.cpp
  Performing libbitcoin_qt moc header generation task, output path .\QtGeneratedFiles\qt\moc.
  C:\Qt_static\bin\moc.exe  "..\..\src\qt\addressbookpage.h" -o .\QtGeneratedFiles\qt\moc\moc_addressbookpage.cpp.
  Performing test_bitcoin-qt moc generation task, output path .\QtGeneratedFiles\qt\moc.
  C:\Qt_static\bin\moc.exe  "..\..\src\qt\addresstablemodel.h" -o .\QtGeneratedFiles\qt\moc\moc_addresstablemodel.cpp.
  C:\Qt_static\bin\moc.exe  "..\..\src\qt\askpassphrasedialog.h" -o .\QtGeneratedFiles\qt\moc\moc_askpassphrasedialog.cpp.
  libbitcoin_wallet_tool.vcxproj -> C:\Users\ContainerAdministrator\AppData\Local\Temp\cirrus-ci-build\build_msvc\x64\Release\libbitcoin_wallet_tool\libbitcoin_wallet_tool.lib
  C:\Qt_static\bin\moc.exe  "..\..\src\qt\bantablemodel.h" -o .\QtGeneratedFiles\qt\moc\moc_bantablemodel.cpp.
  C:\Qt_static\bin\moc.exe  "..\..\src\qt\bitcoin.h" -o .\QtGeneratedFiles\qt\moc\moc_bitcoin.cpp.
  C:\Qt_static\bin\moc.exe  "..\..\src\qt\bitcoinaddressvalidator.h" -o .\QtGeneratedFiles\qt\moc\moc_bitcoinaddressvalidator.cpp.
  C:\Qt_static\bin\moc.exe  "..\..\src\qt\bitcoinamountfield.h" -o .\QtGeneratedFiles\qt\moc\moc_bitcoinamountfield.cpp.
  C:\Qt_static\bin\moc.exe  "..\..\src\qt\bitcoingui.h" -o .\QtGeneratedFiles\qt\moc\moc_bitcoingui.cpp.
  C:\Qt_static\bin\moc.exe  "..\..\src\qt\bitcoinunits.h" -o .\QtGeneratedFiles\qt\moc\moc_bitcoinunits.cpp.
  C:\Qt_static\bin\moc.exe  "..\..\src\qt\clientmodel.h" -o .\QtGeneratedFiles\qt\moc\moc_clientmodel.cpp.
  C:\Qt_static\bin\moc.exe  "..\..\src\qt\coincontroldialog.h" -o .\QtGeneratedFiles\qt\moc\moc_coincontroldialog.cpp.
  C:\Qt_static\bin\moc.exe  "..\..\src\qt\coincontroltreewidget.h" -o .\QtGeneratedFiles\qt\moc\moc_coincontroltreewidget.cpp.
  C:\Qt_static\bin\moc.exe  "..\..\src\qt\createwalletdialog.h" -o .\QtGeneratedFiles\qt\moc\moc_createwalletdialog.cpp.
  C:\Qt_static\bin\moc.exe  "..\..\src\qt\csvmodelwriter.h" -o .\QtGeneratedFiles\qt\moc\moc_csvmodelwriter.cpp.
  C:\Qt_static\bin\moc.exe  "..\..\src\qt\editaddressdialog.h" -o .\QtGeneratedFiles\qt\moc\moc_editaddressdialog.cpp.
  C:\Qt_static\bin\moc.exe  "..\..\src\qt\guiconstants.h" -o .\QtGeneratedFiles\qt\moc\moc_guiconstants.cpp.
  C:\Qt_static\bin\moc.exe  "..\..\src\qt\guiutil.h" -o .\QtGeneratedFiles\qt\moc\moc_guiutil.cpp.
  C:\Qt_static\bin\moc.exe  "..\..\src\qt\initexecutor.h" -o .\QtGeneratedFiles\qt\moc\moc_initexecutor.cpp.
  C:\Users\ContainerAdministrator\AppData\Local\Temp\cirrus-ci-build\build_msvc\libbitcoin_node>ccache cl @C:\Users\ContainerAdministrator\AppData\Local\Temp\tmp9d3baa5d11cc4f99b604aa46b171e4b6.rsp
  C:\Qt_static\bin\moc.exe  "..\..\src\qt\intro.h" -o .\QtGeneratedFiles\qt\moc\moc_intro.cpp.
  script_error.cpp
  C:\Qt_static\bin\moc.exe  "..\..\src\qt\macdockiconhandler.h" -o .\QtGeneratedFiles\qt\moc\moc_macdockiconhandler.cpp.
  C:\Qt_static\bin\moc.exe  "..\..\src\qt\macnotificationhandler.h" -o .\QtGeneratedFiles\qt\moc\moc_macnotificationhandler.cpp.
  C:\Qt_static\bin\moc.exe  "..\..\src\qt\macos_appnap.h" -o .\QtGeneratedFiles\qt\moc\moc_macos_appnap.cpp.
  C:\Qt_static\bin\moc.exe  "..\..\src\qt\modaloverlay.h" -o .\QtGeneratedFiles\qt\moc\moc_modaloverlay.cpp.
  C:\Qt_static\bin\moc.exe  "..\..\src\qt\networkstyle.h" -o .\QtGeneratedFiles\qt\moc\moc_networkstyle.cpp.
  C:\Qt_static\bin\moc.exe  "..\..\src\qt\notificator.h" -o .\QtGeneratedFiles\qt\moc\moc_notificator.cpp.
  mempool_persist.cpp
  C:\Qt_static\bin\moc.exe  "..\..\src\qt\openuridialog.h" -o .\QtGeneratedFiles\qt\moc\moc_openuridialog.cpp.
  C:\Qt_static\bin\moc.exe  "..\..\src\qt\optionsdialog.h" -o .\QtGeneratedFiles\qt\moc\moc_optionsdialog.cpp.
  C:\Qt_static\bin\moc.exe  "..\..\src\qt\optionsmodel.h" -o .\QtGeneratedFiles\qt\moc\moc_optionsmodel.cpp.
  C:\Qt_static\bin\moc.exe  "..\..\src\qt\overviewpage.h" -o .\QtGeneratedFiles\qt\moc\moc_overviewpage.cpp.
  C:\Users\ContainerAdministrator\AppData\Local\Temp\cirrus-ci-build\build_msvc\libbitcoin_node>ccache cl @C:\Users\ContainerAdministrator\AppData\Local\Temp\tmpa3353efd30924775a105feedf3231532.rsp
  C:\Qt_static\bin\moc.exe  "..\..\src\qt\paymentserver.h" -o .\QtGeneratedFiles\qt\moc\moc_paymentserver.cpp.
  C:\Qt_static\bin\moc.exe  "..\..\src\qt\peertablemodel.h" -o .\QtGeneratedFiles\qt\moc\moc_peertablemodel.cpp.
  Generating Code...
  C:\Qt_static\bin\moc.exe  "..\..\src\qt\peertablesortproxy.h" -o .\QtGeneratedFiles\qt\moc\moc_peertablesortproxy.cpp.
  C:\Qt_static\bin\moc.exe  "..\..\src\qt\platformstyle.h" -o .\QtGeneratedFiles\qt\moc\moc_platformstyle.cpp.
  mapport.cpp
  C:\Qt_static\bin\moc.exe  "..\..\src\qt\psbtoperationsdialog.h" -o .\QtGeneratedFiles\qt\moc\moc_psbtoperationsdialog.cpp.
  C:\Qt_static\bin\moc.exe  "..\..\src\qt\qrimagewidget.h" -o .\QtGeneratedFiles\qt\moc\moc_qrimagewidget.cpp.

Timed out!