SHA for cache folders (/tmp/ccache_dir) is 'f592a937e4bf8d670868799edb0a32ae51f2e652d77932157d3271c1a37c6da9'
Cache ccache has changed!
List of changes for cache folders (/tmp/ccache_dir):
modified: 4/stats
modified: 4/c/3e139343ba5719f689da6cb5f7c2a8-4997.manifest
modified: 3/stats
modified: 1/stats
modified: b/stats
modified: d/stats
modified: 5/stats
modified: a/stats
modified: 6/stats
modified: e/stats
modified: 0/stats
created: 4/4/021403160574d95404c6ee462ab9aa-1455763.o
modified: 2/stats
modified: c/stats
modified: f/stats
modified: 7/stats
modified: 9/stats
modified: 8/stats
ccache cache size is 172Mb.
Uploading cache ccache...