SHA for cache folders (/tmp/ccache_dir) is '1a9dc162e21a1f07f058f61bd56871d468e68dbbaa55310c7674ce4e6c5794e3'
Cache ccache has changed!
List of changes for cache folders (/tmp/ccache_dir):
modified: e/stats
modified: 4/stats
modified: 3/c/e97543745d4fc462402638992d41b2-6270.manifest
modified: 3/d/7872f18e4ceb302a6d351ceb032f44-37208.manifest
modified: a/stats
created: 6/3/b3b19ddb76e7c039d4b3ef2435040d-7109021.o
modified: 1/stats
modified: b/5/0b7081e1604b59c39c10ee9671910d-42432.manifest
created: 3/f/6f4f2ccdb8ff04ec330e6efd531867-5360363.o
modified: 9/9/ca835c310c03d4fcc70a1f7ca57146-47816.manifest
created: a/e/363dfe4899677c71f111f273a8defb-101131.manifest
created: 8/7/855ad96be055483f3dda915ec27b46-7188139.o
created: 1/1/4a25b15053a5317f4e8c14db2ecd05-5661226.o
created: 1/a/5d628724e30730762386888c9bff0f-5290602.o
created: f/f/22861fabfb63e20a16276c08c03fa9-6876226.o
modified: 9/stats
modified: 2/stats
modified: 5/stats
modified: 7/stats
modified: b/b/0cf4e0939c9499d170d2227b2e1181-5163.manifest
modified: e/7/7396eb604fd187a73245f3f4bf687c-8618.manifest
modified: f/3/f5e1eb92d8990c0961bac796596e3d-5597.manifest
modified: c/stats
modified: 3/stats
modified: 1/8/d304ea7b95e9dd7072753777d4ad37-13945.manifest
created: 8/2/79fb79ec2098409fde01d4539bdbfe-5353822.o
modified: d/stats
created: b/9/bb996dd37ca83601317cda7c626f61-6859432.o
modified: b/stats
created: 7/b/f1e559ce0ccdf9d6c3f57ce6b0d4e3-5431479.o
modified: 6/stats
modified: f/stats
modified: 8/stats
created: 1/a/ba6786125140e1042b0a9d6302c0dd-5288154.o
modified: 0/stats
modified: 9/4/787009d8432710b873df5478c57645-26150.manifest
created: b/b/d53024c303ce4f0caf1faa435ebe74-1804004.o
created: c/0/a4e7ca1c450dea6584e5140cd1d69b-57497.manifest
created: 5/8/e4a28402c0cacdb1f52f021ebf4eb2-5283687.o
modified: 7/4/f1efd2843956f30330e7a251fd80d1-6624.manifest
deleted: 6/c/d9cb9cd907f84981c4a3015286736e-95371.manifest
deleted: 6/c/90fce1f1dfe246fa5792762f3032fb-7466181.o
deleted: 8/8/049f6f8ebb1e3073c661513d61aa38-2698.manifest
deleted: 6/1/440b961bd0f01014da2ab5443283f2-2539.manifest
deleted: 6/6/42bffbae11684c3b88db2ef0c638b0-7377.manifest
deleted: 6/e/22ca992080b9ccb20ceba0b7a7cc4f-6009742.o
deleted: 6/1/3c0b8cb31d0f59e76f9c841b294d70-6024289.o
deleted: 8/7/c25171005a374efa77e09b0e2ef966-16191.manifest
deleted: 8/d/456de57fc000173c36e339b665a5bf-5321651.o
deleted: 8/4/472c2c734a85ffc4c105d59bafa13a-5397822.o
deleted: 8/2/a9ed62ad2fc83e369012037fa745d3-24215.manifest
deleted: 8/a/724a97cae4c1f4dd897d8264af60e9-5362302.o
deleted: 6/1/1a1bc2fbf74e46c84d9bacf49eb84e-3254.manifest
deleted: 6/4/de96b6b7781dcb95ef16e962a82e9e-5030.manifest
deleted: 6/7/f9e294b4c16a9f87f17bb076418e9c-3906.manifest
deleted: 6/a/2fa2b9e2d3176d119dd4171ed69fed-5378135.o
deleted: 6/9/c86423e47a910a82e1edbf4f32e1a0-34726.manifest
deleted: 6/2/97b1460709475cf5d8ed594df154b2-12550.manifest
deleted: 8/3/0b30d7c760738bb7eb41bca794070e-6940.manifest
deleted: 8/2/7a9791c50db12a11ed4f2cd4b0d920-6017019.o
deleted: 8/3/6e31f5e90f9603691b2b98b1f067bf-6034.manifest
deleted: 8/b/46c8bc45dce1563a251c3c265da302-5419.manifest
deleted: 6/e/7a3ca21e32d54f52d5f8a4d0ff0633-7021572.o
deleted: 8/e/321af899188c96123750fcfee67d81-10869.manifest
deleted: 6/0/29ff5861826ebd230b60f5d3af12d5-1708717.o
deleted: 8/8/22762f8bf7fb9b2cd813b3269911e1-93830.manifest
deleted: 8/a/95a4ac14fc7c6d953e16e28f39373d-5282779.o
deleted: 6/f/242e4ca3d7e2b0fb5ea7e030976a32-5937.manifest
deleted: 6/f/d8a5ec237a5a45da6f5d30749636e6-3404.manifest
deleted: 6/b/65ddd304671f99c78a932b813d1350-5284770.o
deleted: 6/d/68ec006ffb78474ca9893de9347b60-5875422.o
deleted: 6/8/699474d52c825b366bc882be12c750-4256.manifest
deleted: 8/4/013444cce10c13835cee5d3e1144fc-4423.manifest
deleted: 6/3/ee2bece60833fde9a50806d2ae9b54-5967399.o
deleted: 6/8/881b0ef36ae8c8c38706af25d6c8e9-5256263.o
deleted: 6/8/2488bb9ae42f13623bd18f3a5e97a2-88980.manifest
deleted: 6/6/5b74140bee43b062d8fd8dcc169333-4074.manifest
deleted: 8/9/5b53bbb0ea447d8e195787afa3a237-24852.manifest
deleted: 6/0/43ab327a01230a34273c3ce858e601-36051.manifest
deleted: 8/c/341560ce35026e96608d5c6a4bc4bd-3422.manifest
deleted: 6/e/e1e6e31520020648c5c475d7370d50-5984.manifest
deleted: 8/c/6949e479b616d1450587b217c78766-5364951.o
deleted: 6/d/cff20bbc5ae6362a12c0b3d5ba8dee-5831.manifest
deleted: 8/9/871ccac3a2677077d6d6537c091728-5349697.o
deleted: 6/e/a059c8a23c40df06a05f144795dede-2583.manifest
deleted: 8/9/50b7fbd09f78b8266ae333f4ea7509-2333.manifest
deleted: 8/0/1efab35a04a1d85c49a8072d83ec41-7290643.o
deleted: 6/2/7b82c31d66b04b6d0d1e51a0597421-7028768.o
deleted: 8/1/41b1533373be6c88b210bc597f2ba7-5619.manifest
deleted: 8/5/6662e8862147c21712e11b515a9509-6005875.o
deleted: 8/e/bb828bfa43d04ecc8b4b67dc717bdf-4369.manifest
deleted: 6/2/55855f050456d40ac7d33bff58989d-14662.manifest
deleted: 8/c/72e130ee8d2afb06e2677e7e0a868d-5331008.o
deleted: 6/2/639c4e8bf57c19c4153990ac0041c3-12546.manifest
deleted: 6/d/6665caeca35aac963ab4dbd97d034b-3958686.o
deleted: 8/2/b0b7aedecc26b74d9912aa80ed2f31-7601.manifest
deleted: 8/2/75de14c1987807e69913e59345fba7-9867.manifest
deleted: 8/5/cf9cbad93d5613b1c27bb9479f5e66-8123.manifest
deleted: 8/e/63223a7a13ead64191690672ea9988-8997.manifest
deleted: 6/f/7c348f4a87911b313e74da1db1c990-5280232.o
deleted: 8/2/60f88b8a332013be30683405199247-6850.manifest
deleted: 8/d/5fe03da0de92ed6d4a17782c0994b6-107413.manifest
deleted: 6/4/9905a868d23ed0ba6585bccac48a5d-5248611.o
deleted: 8/5/76ac1a11f4e6e6a6b35eda04663f9c-14804.manifest
deleted: 6/d/f88c0ef5179bba355ad3914033ea81-6824.manifest
deleted: 6/1/a548d1beb1f301eed1702148cc67dc-10133.manifest
deleted: 6/c/966531a4d787e17c51b4205a885157-4057.manifest
deleted: 8/2/954232480788c56f509903d3b6f817-7601.manifest
deleted: 6/d/5542fa66a1b660a529c6d6547d2367-3629.manifest
deleted: 8/9/70f453ebea2a97461ba2561a8f467e-16116.manifest
deleted: 8/c/fe7b5ff55f3b4ea0bd0037e3d6217d-6461259.o
deleted: 6/1/74abcc4599b341c6dc60b924ec4c83-5862469.o
deleted: 6/8/1638477085c1e987ed0fd8b9b3c7ae-3342.manifest
deleted: 6/5/253b379bb0a9880569b703c5aa0e08-7238705.o
deleted: 6/c/5a60f593b29389600aed81c9274ebd-18426.manifest
deleted: 8/4/410f14f1d8cee339c07b3e248e671a-1848.manifest
deleted: 6/5/93fba5f67a651017d230b8a96cf8f1-6584.manifest
deleted: 8/3/455a59cd04cdf3421902c3dadb7623-7196.manifest
deleted: 6/6/a5d328a00edf16e8f32e3b02b90fc4-2217.manifest
deleted: 6/1/cb84a3553617898ac98f236060c8e0-5315954.o
deleted: 6/0/1d96bd7ec639a2382b8399990899a7-101000.manifest
deleted: 6/e/aa10d2ba8327b3e26414bf00c5de71-3115.manifest
deleted: 6/1/88fa230377c930badd579d4bb754b3-5418278.o
deleted: 8/e/4817ee02fc758597a15d4147eba82a-9295.manifest
deleted: 6/1/706ba1522f757d151c355bb58d6964-7362.manifest
deleted: 6/f/0468581f6c509bb7eab8b807154b70-5903582.o
deleted: 8/e/e271dfa5906742dfb4bef54a2a356d-9747.manifest
deleted: 8/e/c780e305d3395f0dfbd526857c8a62-5051.manifest
deleted: 8/0/c746af12df86871953b6670a38c82e-4768.manifest
deleted: 6/d/7bbc544984a321f5a9b8602e7f61ed-9769.manifest
deleted: 8/1/6c57f959bfd95ae89fb9e129ed8d9d-5791.manifest
deleted: 6/f/a76f7caeba21eedf567cccc10887fc-2808945.o
deleted: 8/8/76e2f331d419614364db22e6715227-7340.manifest
deleted: 8/f/6188342bd561736a6bfdb86268ac70-11634.manifest
deleted: 6/0/59ea7f2e1239d117daf40703f3f042-6531.manifest
deleted: 8/f/21de064bf03b9822bf2c5481ca1d23-6909998.o
deleted: 8/f/a4af5b32eebd84e86efa3c14365158-6811296.o
deleted: 6/d/dc79a312a16961d341bc85645a19ee-21968.manifest
deleted: 8/9/241b9aefe27b1504b365f38e099ff4-1804004.o
deleted: 6/1/2857eb862f9af340ad70905919a915-3858892.o
deleted: 8/8/8d00ce178c67973ff58a4c8e09d68f-24858.manifest
deleted: 8/5/135a4e4c048a870aae9beb59a02d05-2819.manifest
deleted: 6/c/fb0593467e12d820f0eff9e38147ef-7131.manifest
deleted: 6/7/19d986b45cee2dd5b326ffecdc5f49-5962.manifest
deleted: 6/0/0fc832ee902ecb7c51dd6aae2bf346-7296.manifest
deleted: 6/9/da946b4e9eca6bf34752dddc7e4fc3-10961.manifest
deleted: 8/4/74279b45cf9fb4b4387b09bb5ee663-33825.manifest
deleted: 8/c/c53fe790deb127eea79efb802853b5-3571240.o
deleted: 6/6/87890399bc13388f8743b32d3977ca-7043.manifest
deleted: 8/8/9b4445138add79d7fb368c8ce3023c-7211.manifest
deleted: 8/7/194e787994bcd86d63ba6204431bf6-7133.manifest
deleted: 6/e/e6005fd24c6cece28917ddce2d6479-6275018.o
deleted: 6/0/2fca9fe0ffaecc7367db6148661170-4081.manifest
deleted: 8/8/a24e78d1bc97bb951a930d7bf5ecc7-5267160.o
deleted: 8/f/799caf68a059563f1a6965e8ed32d0-31620.manifest
deleted: 8/b/8e9485d53ad93dcfca1cda219a2d5a-3739.manifest
deleted: 6/1/e0494ffeb2a9a4e26fb872bdd493cc-5676118.o
deleted: 8/c/f21eb445e35ab412609af2fba7ae1c-8302.manifest
deleted: 6/b/37fd7178e2e01dc5e4136fe4c1a6dd-6019715.o
deleted: 8/b/a9c32bbf637e8eb9a442a096c42fe7-13945.manifest
deleted: 6/7/4e8abcb32da144396cf47d3a830dcf-4445.manifest
deleted: 6/1/dba15a8e03c7c299399b103e72ec42-2945.manifest
deleted: 8/8/e1840fa0b14cfc754f6b11bad61b0a-9317.manifest
deleted: 6/1/d861d2b6dd4a183af2d9ef8aea31c0-8632.manifest
deleted: 6/9/1ffbea4a3576de61438734983c36d3-1876.manifest
deleted: 8/7/b2b5896e6d3800e49642197ecaef03-5999491.o
deleted: 6/e/9712cadbd6fe5eb048e198d7a249c1-4649.manifest
deleted: 8/4/d545a9b3fd3779b93005b281554c20-5959233.o
deleted: 8/f/6a6ca9b6412f1f8d2120d9da310284-5863494.o
deleted: 6/d/55a40bdd1e88bc9ccb03c79da7c2a4-12053.manifest
deleted: 6/8/e9d793ed4bd1858e6d7a27a88d37ce-2859888.manifest
deleted: 8/5/fcab8106f6cddb4c2be2b4f6cb101e-3019.manifest
deleted: 6/c/cfae1c9cb2275fb57d8d1cd6bac0be-2284.manifest
deleted: 6/8/120dcfd9cd44ff8a8d87583db8d71b-4168965.o
deleted: 6/7/ab775ecf859a8b6cd869f2440f4a81-5441108.o
deleted: 8/9/d2e414dfcc8fe40ce9dcdfa32751ba-4266552.o
deleted: 8/f/4cac47187cba0670ce220f79d9dbe2-6305301.o
deleted: 8/0/67710abb6feeb250843f488a3c6935-6013.manifest
deleted: 8/e/9597e1e4affc2f1106f23f496e638d-9237.manifest
deleted: 6/1/a94a941a2ec37cf8e54454555d5601-25889.manifest
deleted: 8/d/eb0e0b61f67bf650fa1693c6f86723-5840.manifest
deleted: 8/e/ad0d141218820560d553316010e722-5863550.o
deleted: 8/c/13aacb07a95626151ea48dd59f1195-5844568.o
deleted: 6/d/0d549d0b27962c0c3198a2d6f546bf-3999.manifest
deleted: 6/9/183ada2623d9187954d0a97fff5c3e-3114.manifest
deleted: 8/3/e32439864f623c783dec1f32c35876-8385928.o
deleted: 8/4/b8b2169127493d28185505eb9020cb-15262.manifest
deleted: 8/c/6335dd2b90fd85e0fc14f59465a75c-18972.manifest
deleted: 8/e/4ff4eb0bbf0f7a36ad0676b276b2e6-5830.manifest
deleted: 6/a/994f88e5cc61c3dcad8d6fb79b1981-5336851.o
deleted: 8/8/fe95c875c9a6745c5788f01d50e9c8-3234.manifest
deleted: 6/e/848a2659cebf34b4c0d84b053338bc-2311.manifest
deleted: 6/4/21ae93c172d24cc6f1e3d7b35fe58c-5284770.o
deleted: 8/2/893e936a907df0ec605add5cef5a27-5294303.o
deleted: 8/f/4a7ebf137fd8a60e8b1ca24e7bf25b-14369.manifest
deleted: 6/0/97f473a7942acce2bb6563f6950efd-8179.manifest
deleted: 8/5/217967a877b63166b524144a47855e-7117.manifest
deleted: 6/a/6d307a1bbb7946c2fe2f8cc1cc329a-20475.manifest
deleted: 6/e/3c628b1d94aa463a6cb8e0e8cec5e5-1875.manifest
deleted: 6/6/243bec75673331188f6a8f22172c3f-3565.manifest
deleted: 8/f/207d03becb3a70323faae011958344-5992242.o
deleted: 8/4/ad75e8f586a49965d6562781e958de-6107.manifest
deleted: 8/e/915ebfb44b0c08f127077d981f59fe-3397.manifest
deleted: 8/1/aa049b2b7648ef8bc2f538d2331f2b-5459224.o
deleted: 8/4/cd9bd494ea8e0fd13a46f17c0d06b1-15240.manifest
deleted: 8/a/4f2e6636f837bfee8be4a4052789ab-5895.manifest
deleted: 6/e/595d4c9a2dabb0b160fa2c6e03c35e-8005.manifest
deleted: 8/5/a7ba1e8790944f1f4020f1fe6259f4-3723.manifest
deleted: 8/e/397baacbfef068e4d50eb0874f18c2-6786109.o
deleted: 8/f/c25cf9e851693d47cdd48a96a59022-3457645.o
deleted: 8/f/0e4430bbaa7d044dc04927fbee83ce-80609.manifest
deleted: 8/4/91429c9fe2dad65c7108ce75180638-16163.manifest
deleted: 8/f/46fe00114122d5f1459c7b107a7fd7-2340.manifest
deleted: 8/3/bcb03de4f65f9bcd96e23b74878422-19375.manifest
deleted: 6/1/4b678436dc11ccb2045478cf7d19a9-7161104.o
deleted: 8/a/cdb739b05df8e3e9d749c054274940-5886742.o
deleted: 8/4/9da7a06b774c1872cce5d6f07c9099-4160.manifest
deleted: 6/c/59030e46d0e75886e2958215fde1fd-10804.manifest
deleted: 8/d/073557e01c46ba35e17b2ad128ca3e-21396.manifest
deleted: 6/5/5da53c19d1512fa3d1e6d0785c1977-5372822.o
deleted: 6/9/ff9b93b4a237e670191f67c45ed2d7-5409526.o
deleted: 8/d/03c2d23fa8a2c5cecf559701a955c3-6057483.o
deleted: 6/9/012e58ec8cbfd3e377f2678c969d07-5283003.o
deleted: 8/9/21e895b740fa942cb25ff80e13cced-2813.manifest
deleted: 8/3/933e06a1513b2712ef3192afeaec85-7787.manifest
deleted: 6/0/4914d33756dbe19cc2bbb0a1a4c201-2831.manifest
deleted: 8/1/4ce9c1183e6c4e58e73d18ecf8956b-6085.manifest
deleted: 6/1/63e47c7c890729bd755efa4d659c0d-2356.manifest
deleted: 8/b/fbca8d328fc1ab8b04eb4cd691af06-22753.manifest
deleted: 6/4/1406fe9bc4a200fc0cc90ac476c299-5326017.o
deleted: 6/d/595717e66a4c109b9e7a0f006204cf-27999.manifest
deleted: 8/f/be2a8333d45125f2069deeed7d4599-13750.manifest
deleted: 6/a/f285c1420bf54e881b71cc3040904a-5313134.o
deleted: 6/7/1c2d6562697fad7ffa564c48047cde-2111.manifest
deleted: 8/1/47837941a478b39cce3a385ae9a6a2-58423.manifest
deleted: 6/3/16ac6adbf12dc40da43ef3b07124be-18441.manifest
deleted: 8/8/d2371efc17bfb67a66db73d72e4c38-7021572.o
deleted: 8/b/cfae3418ad451bc1ad1e0df33d722d-5291366.o
deleted: 6/0/5536a4c4961f376b0741214bdc357e-7101706.o
deleted: 8/f/96b822cba574ca567359a404fa89ff-6293.manifest
deleted: 6/0/e00abe095fa2e41150b18f46f90a0a-5345114.o
deleted: 8/b/830d929a503ae3efdc98322980f7e3-13516.manifest
deleted: 8/c/1bf581faf39605966d9b96017ab21f-4877.manifest
deleted: 6/c/27e45023dc492f1dd2e96dcd49681b-2173.manifest
deleted: 8/d/6a7ce7a035b8b45cd1a930f42e5893-4236.manifest
deleted: 6/d/c52911700efb0e91f01b008048d8a9-101022.manifest
deleted: 6/a/7e5a28de4d7251728234656065e1da-3900.manifest
deleted: 6/4/8cc5bb7d9c997ae26eea96adf4f8bd-6859574.o
deleted: 6/5/3ae9bd5a53bb24cdf50444a30b34a1-2916658.o
deleted: 6/3/5c8c71c4bf5ff9ebe24caaa6a4d02d-14334.manifest
deleted: 6/c/01d58486f743465c5c29308a15d745-9036.manifest
deleted: 6/6/9ce7b2dd0dd0fb7b2c8e36891d0255-33415.manifest
deleted: 8/3/a0e3052405035516a48d5f696df6be-5330227.o
deleted: 8/7/673a2078fa4b141e58f66da3c84369-6009549.o
deleted: 6/0/f41f6b986632a206d4180a750f06b0-2839.manifest
deleted: 6/9/df3b5684c40b69160e55f2e729b5cc-3485.manifest
deleted: 8/f/809aad82e4b54926a1366cc137029d-16959.manifest
deleted: 6/7/f0eb9949f56b31a3f19547402294dd-5281905.o
deleted: 8/9/718a71ce7359e1b36fda01fd08f9d7-6936.manifest
deleted: 8/f/c61d3589c829e9a862a27e26d83e11-6344943.o
deleted: 8/f/66de040c7cf8a341c4834996f271dc-5273217.o
deleted: 6/c/558fe8e6de815237b071174700ef05-16889.manifest
deleted: 6/4/c3d67457e9c2f7b0fc337714f3aabf-103332.manifest
deleted: 6/b/ebeaa153eb75af331c2d1a2fc824a9-103352.manifest
deleted: 8/d/c2adf41afeb450fcf70c3895e0e92b-6196718.o
deleted: 8/8/b0b7818271a60539a9bf912a40271d-5334650.o
deleted: 6/b/9e0964c458bd6b386f22eb9e7c92d8-3937.manifest
deleted: 6/b/d48e73fe7d1d3298543dfc057523c4-5832171.o
deleted: 6/4/519643e4df2fbcf671da8c94161e67-17741.manifest
deleted: 6/e/c0fc3d962b17ef9cf53d0aab4736a3-2370.manifest
deleted: 6/1/7108c4f86c181b9daee93d108d1de1-4091.manifest
deleted: 6/b/50ba9890b01b8113cffeddacc76ccf-5315388.o
deleted: 6/7/18abcf5b0405a91d4972148159955d-3345.manifest
deleted: 6/0/b8b39f935fd34ec16784bb027c28cd-5909500.o
deleted: 6/6/b883462d66284bbd3ea3dec58a0288-3168499.o
deleted: 6/5/995e908fff3e73242f3ea7ff35d506-16280.manifest
deleted: 8/1/10b0250a579e8ae233137a2c2d1a94-8837.manifest
deleted: 6/5/3fd241b67c9f24b9c44602353e1214-5253263.o
deleted: 6/c/4527c4465f9aa55e76356a807828ea-5956458.o
deleted: 8/5/562a0677b07ce1706571620649ca56-7188281.o
deleted: 8/1/1abe0b158c57f47208f1a87c659c1e-5579.manifest
deleted: 8/8/927f4960552276f74f9b9df0c9f35a-7093.manifest
deleted: 6/3/e8734fbe5b429877f56c7661f8d7d9-8167.manifest
deleted: 6/c/bedbade939fee703ef3c4c3f89d5d8-5315675.o
deleted: 6/5/9c1857ce04e63f655a75df4eeffbb1-5484022.o
deleted: 8/f/7cb4b1c4a1d8ecc84903c147de285f-12550.manifest
deleted: 8/e/b09ca2cc240066a81bdcdb97a5244b-6916013.o
deleted: 8/b/c07f5dc82ebc4784817abb4b16265c-5288296.o
deleted: 6/6/6d49cd4d64ebfbc88ec0cc018e9f41-6121824.o
deleted: 6/e/39285a41fde9cb0ebf1b18a2a761bd-2525.manifest
deleted: 8/f/5b72d21778396a48c569fbaa6cd9e4-47988.manifest
deleted: 8/8/a19c191e1c9c8d1640d8f618281d89-3824.manifest
deleted: 6/a/470156943ae0535f280fff41349b6f-3144803.o
deleted: 6/a/3eff78e0059d8ed673c2aa67356beb-6991.manifest
deleted: 8/6/0a80490d363338f8f1966191d07b66-5331381.o
deleted: 6/3/89d35ce2554e528e022b4d7437f015-5816.manifest
deleted: 6/b/fd61aabd4e1cb48cc8bb5d9d7425a7-14282.manifest
deleted: 6/a/2b78bb5be42873c9bea49a05dd8878-5371713.o
deleted: 8/4/392ce40231ccf716efe583450e0964-5304048.o
deleted: 8/a/bd31b9be0b6896ad735aa3ce5e342f-5137824.o
deleted: 6/8/2771fb1d9c09763f708f34b2efa72d-5370064.o
deleted: 6/6/3c023f7f9bbfef27148a55438211be-3202.manifest
deleted: 8/4/d54a3dc1a8d0b4293fa718e42f6ef5-8804.manifest
deleted: 6/8/078cc39c8608f01c7702650f9b137a-6714070.o
deleted: 8/4/68f34a16a83f01b21066ec6a1ff9ad-3802.manifest
deleted: 6/2/da07dd70cee10b2de9c192d21fbaef-15330.manifest
deleted: 8/1/ea2858f2bdfac42d2c496c2b254dfb-4198.manifest
deleted: 6/1/b00966c7f968cee749b1fa6af828ea-5284270.o
deleted: 8/f/6957b0a1f5c5ef026dcb647cc6df12-4903.manifest
deleted: 8/5/bb4ae40cd57fcb59ed8346d1b3b39e-5825.manifest
deleted: 8/a/9106c22ffd486b4e8a5ee7822ed6e0-5431397.o
deleted: 8/7/a7f925258dadd638342b76e061433e-7455.manifest
deleted: 8/9/690ba8e3ff792b88c02b03ea5dc167-11634.manifest
deleted: 8/a/42d4b2988a2d972b286acebe407016-5292651.o
deleted: 6/a/9baf0a77a6cae7c40b8a6c8ce8c323-5282630.o
deleted: 6/d/1e35ac021de3cf12a9ace408bceb0b-5463756.o
deleted: 8/f/5f89056547c59f7579db5958d4803d-3222.manifest
deleted: 8/4/66c4edebf95c6ea459b14ffc281be0-3705972.o
deleted: 6/2/ff144a19dc139a3509642836017b1f-7006068.o
deleted: 6/4/b87a53e1d7b74a58c234d21e69c5cb-5363615.o
deleted: 8/8/cc3f5c7f041dabf7d05494abf9ecd9-5927610.o
deleted: 6/c/5f76562863824e4ab224a7b25db10e-4966.manifest
deleted: 6/7/3463c29cb54f611dba52be1505f37f-7265.manifest
deleted: 6/5/840f5288c18a0b5def45e73bf31a89-3566370.o
deleted: 8/0/692e4b74f71d811614861d57e59a6f-7184.manifest
deleted: 6/a/375607541cee08c16925f6d744c179-2515.manifest
deleted: 6/d/430ccc5753425e58a3c563fa652b50-5886564.o
deleted: 8/b/b48cd4437221be7e5889647b958f25-24891.manifest
deleted: 6/a/8533455c24053d0d671cb10f4e5ba6-49211.manifest
deleted: 8/a/9a11279703fec91374e921aacffb36-3179.manifest
deleted: 8/f/4ca331bb654ea0b75372b804e46f5e-18426.manifest
deleted: 6/5/1ec5ae526935b053e3b945fca87940-2720.manifest
deleted: 8/f/bdbb2aa3f316e72136558d57f8feb9-3935.manifest
deleted: 8/f/cb59d3cbd63ab415120291f6b195cb-5927.manifest
deleted: 6/3/f60d152241b72a81f3753e7ed57ff3-3282.manifest
deleted: 6/d/e5806315a470ce9713fa59aecf3e0c-4639.manifest
deleted: 8/9/2a3d210948fcfaf36564b14a2027b0-6196718.o
deleted: 8/7/063193c8d4d906ad35c185f80aaee4-13750.manifest
deleted: 6/f/026c3bb3d2f73155a02613aa2a0afd-4219.manifest
deleted: 8/f/18c2ea4e8eb57789482fe6dcaef1ae-5579.manifest
deleted: 6/3/4a90a077dcc9ff9a9d7aff54fc8993-3826.manifest
deleted: 8/b/0cacbdb68f4e6fa3efcac3e0befea9-2772.manifest
deleted: 6/2/a3529e41c104e3d432d202522e8f23-3109.manifest
deleted: 8/6/06d831a8a45851a95ef6a28916ef5d-6742.manifest
deleted: 6/4/50a9204d8a8c10128486d14c302232-5372488.o
deleted: 6/a/0957fa456c4a126dca16d676c829ef-13611.manifest
deleted: 8/f/c5bf69bd324a9891c01984c3a33993-37015.manifest
deleted: 6/d/451cf95f059c0266d47c41b3fbc557-6222662.o
deleted: 8/f/8111ede54cbfe4f446068e9af2039d-13720.manifest
deleted: 8/2/ae868b152621b1532ad444ef39918b-6831.manifest
deleted: 6/d/c00547f0c85de2fde5446da68b8347-11332.manifest
deleted: 8/d/f16032efd2e8176cb287e6d3a69024-3938.manifest
deleted: 6/5/76f2adf775baa2adda012d656982b6-6011.manifest
deleted: 8/1/bae216b40d11dd831b7975e328d382-14347.manifest
deleted: 8/7/1bb8d34e0d23e639de2b8df5131cb7-5975294.o
deleted: 8/e/ad291199482e957b9dbe7e66b7e8d8-6301703.o
deleted: 8/4/b70155518203df8e0139edb97898a4-6006265.o
deleted: 8/f/b377e237e14341d468a1d640e6feca-19769.manifest
deleted: 6/1/9c19cf10a1b6efd675e510c414c6c9-8468757.o
deleted: 6/e/063c4ce274cc7e09e01d4b62ee64d5-80720.manifest
deleted: 6/c/10b65251b539ec6edf3ce820727e6b-5287323.o
deleted: 6/c/548043bd4ec3621e0f6d20fdb6cc5e-6420297.o
deleted: 8/2/b7f7838fc8fd0ed80781d34d65b8f9-5842187.o
deleted: 8/3/97a48fb6dfcafe9b6d1d83ed4c4640-5299855.o
deleted: 8/a/4b6e9acc9b18a57e6a37e023d2be18-2398.manifest
deleted: 6/e/288b18b23cd62bb0b65b957b48220a-5905.manifest
deleted: 6/8/2a9f8c644417b010063c7a2d7384e8-14264.manifest
deleted: 6/8/83b2f0e49807b978031902d6f76b12-6876561.o
deleted: 6/7/0335f4925880f13d445bbcbe550c8a-3094520.o
deleted: 6/8/fc0f8d8aa1eeaa07df5d6c665f9a30-21199.manifest
deleted: 8/0/0b020e34ab8c0c1605f756a3bbb32f-5305059.o
deleted: 6/4/835713c8922d2b81a81634099decdf-2971791.o
deleted: 8/5/14708961469e2665e55c51d16e3376-5279672.o
deleted: 8/f/8f885caa3d5a10ac8a1704f1a9cc1e-12090.manifest
deleted: 6/e/37eba92f6fa568375c8e5dc6b28098-12462.manifest
deleted: 8/1/2af5bc1b12fffaffffaadb20e2b29d-5989.manifest
deleted: 8/f/0f281845d6ea2a86ffb0c3b8d778e2-17717390.manifest
deleted: 8/2/7d7de590870cc81efe612614c60635-34748.manifest
deleted: 8/6/4bd2e03b08a815248604c19cb2eab0-7885.manifest
deleted: 6/5/8ac43453e552090d6ee3e0389121f9-47797.manifest
deleted: 6/b/5e4857f6f210ca2e547fc7d3d72332-1813.manifest
deleted: 6/e/a8f0af05f758285597d96a42721aaa-5959.manifest
deleted: 6/1/56dd94e5e8180bfc4e5b8a3f6f8273-5963017.o
deleted: 6/4/08223ec4090bbfd6495238ee6fadbe-6065031.o
deleted: 6/5/2f23f3c2485bc1267a7054a73fea25-8117.manifest
deleted: 8/f/6f23108536868dacde23c6ad4b681c-5856807.o
deleted: 8/f/d2819fc0359551bf8ecfbe4069f8b1-5662883.o
deleted: 8/c/53bcb2eef1a85d023856aac209446b-6065613.o
deleted: 6/6/bfe64b8ae80d9d734e6cef8ceadde3-12345.manifest
deleted: 6/9/ee926312061b0aa7d142c454e5d721-4883.manifest
deleted: 8/6/9acd0bcb43224d272dd32a83358062-1904.manifest
deleted: 8/4/3de2a405b92fc99d2a942a60dee1d5-5836.manifest
deleted: 6/c/f2b90a2c7f9c9b8e8f035d3a99472d-6817046.o
deleted: 8/e/e35b39ddfd4fd2a76b7dedec90ba80-6158.manifest
deleted: 8/d/be58ac6600c2d3fe52f55065759a96-5325108.o
deleted: 6/0/1831abb6eb7427e1e9f6095a3224c6-8167.manifest
deleted: 8/2/786b25d1b5e44bda430bbf0dd244c1-10878.manifest
deleted: 8/8/26df363c973bc4edee116e02854380-5761.manifest
deleted: 8/8/31dff0fa0fbeb0a6a0c34a833ed577-15818.manifest
deleted: 6/2/7a5140d50a230774f45f9e680d4cb8-3909.manifest
deleted: 8/b/c65f9e56db5b09b8aa34e3a56eca38-7218.manifest
deleted: 6/d/edec721f99610b2d5c1790aa099159-6916013.o
deleted: 8/3/dd659ad2e5de2be7b683f521dfd092-7787.manifest
deleted: 6/a/1a7d67a96a283f6fc01c02790e5e5c-1897.manifest
deleted: 8/7/c1bccdae50ae34b38d145d9a19ad6e-80589.manifest
deleted: 8/a/8de8b1382ab1a3a16e28c5256de66b-5874.manifest
deleted: 6/1/df2e6ff84f8679b79913eb29d62103-5340917.o
deleted: 6/c/100c9d804887ab0c8de4d37ff7af56-5378351.o
deleted: 8/9/7f2a1c454509b7644474ac21da37a1-10133.manifest
deleted: 6/c/5dc57f2dc1b9ba3f1a48dd4304877d-46007.manifest
deleted: 8/9/fd4b77ad266819c92bef17ab60bca8-6437.manifest
deleted: 8/f/3565cc620de58508f1d55b1988e7b9-11448.manifest
deleted: 8/4/f88d5eb5d9e050bbc39b523bb0c282-1804004.o
deleted: 6/8/3ceca0e86271b8178b10e48e082cef-5999491.o
deleted: 8/9/57499a7521713080bac6051dc8ac25-3165.manifest
deleted: 8/f/a376d6eb20b34f0140eeb069a48a43-5905.manifest
deleted: 6/8/432161e77ba40e0e0c61db3da2b9f8-15330.manifest
deleted: 6/a/1d44b5fcf3b86998e10fb4a010822f-49843.manifest
deleted: 6/c/ef5aa7923d0cbe86d319eb8a5af338-5813.manifest
deleted: 6/4/b9bf27a5e0e488890965d7b67e596a-7218.manifest
deleted: 6/4/b6a1ed3fb5edf80358338d8c5421cd-5663110.o
deleted: 8/f/4727071cb5439db96b5e3e78a876e2-7993.manifest
deleted: 8/9/0b4693e1a9ec0caa01df3189fe733d-2839.manifest
deleted: 6/b/061feef5c70e0129b9e4d44870c828-8824.manifest
deleted: 8/b/97bf806d47e9a139abfec2b46188c2-5734.manifest
deleted: 6/5/040cbaa991dbb9a64a6fc874bf7878-8654.manifest
deleted: 6/2/5d1a27bbed5c2cc0e36a043e572a99-10531.manifest
deleted: 6/3/b0f53749cc9d23baa38a9ce89c4f80-8413.manifest
deleted: 8/1/44e373d3b13cb9a68fe10f30a8a408-9470.manifest
deleted: 8/2/92fe627570f1a11f163bf7ca7e98a5-3181.manifest
deleted: 8/5/ff0fff88d32ed01d335ee7c55db7ee-5284659.o
deleted: 6/9/239eef3dd7bff1efd282f3de2dfe63-3367.manifest
ccache cache size is 295Mb.
Uploading cache ccache...