SHA for cache folders (/tmp/ccache_dir) is '9e09e6b7f6ee74cc2f25b747f6fd236febd78b194075bb29291e136c1cd3ca55'
Cache ccache has changed!
List of changes for cache folders (/tmp/ccache_dir):
modified: 8/a/70r7gqpt0qte076vtntvdqomvaq8icsM
modified: 9/2/7190948om4el3ahtht04rv1hop0hfdsR
created: 2/5/e64cv3bu8hutaekib51ujl98qapqsh2R
created: 3/0/87qmm2ho8i26hkdo0qhvl7sphf1ivneR
modified: 5/3/a7d408e9vcps2vlbi5bi0knrdsjuhicM
modified: 8/1/deojpm84li4shjgdp1m3s1nfk82b5jaM
created: a/b/1el8dcdla762ef2r4bcapq3t8v2snsqR
modified: c/b/4737lscgu5o30ro8da1179mq0teh6heR
modified: d/e/ec29inhl17vaqre3q5a1o7uvk9vr1m8M
created: 5/d/226l11pg07mktvhp1ssoq35l2uitg02R
created: 9/d/3f7oo3663drje0fapt6riasjrqop5bmR
modified: b/b/edh864nhp76k0ne36vj4n3l26kh8nq0M
created: c/b/91vei6vvnf3s6r2tjn9lbdp1h1sspt4M
created: 0/c/7a5lr8lps4oh153s9ti2uurnahkak0sR
modified: 4/0/c1m8qq94h84qkie33euj8aa196j466cM
modified: 8/a/25sehqv8hu461ko3a6ka2b8784su5mqM
modified: 9/e/f746gq8kjj6sfootrl39oa3stg6gvq0M
modified: d/0/6e87iclhda182u4njf3ksdkrj7lmvfoM
modified: d/2/eed6m81cdsfi19on53tmf452o2dusl2M
modified: e/b/11nct54r8jdvvs9r0lb5kphd4gn19ncM
created: 5/9/9fh24rp7lg9mr02v30o66mpt9oieoicR
created: 7/2/62g1406v439b8hm36amg8fqil7503biM
modified: a/8/976rn2q8tutajhshp323cj3nhk719tmM
modified: f/4/stats
modified: f/7/3b2lq0etikpqgouugif0fgj5h9qqdf2R
created: 3/a/98seocjoirtbn9m2h36s875abn14qsaR
modified: 8/a/592ln9ais3rt46i0tho413l2lotu8keM
modified: a/8/9c7aj82862627l44ggc2e5vg4ott4paM
created: b/2/01frqjoaepooiqvrgsj4t55c11iltliR
created: 3/c/feg0slpqe72vq3cf3qf7nmfmu4aifacR
modified: 5/6/123ds5csuj4s637603u6abf6pb7u9ucM
created: 7/7/66pe8dkm8o98sfu04inmnp6kpmhd35sR
modified: b/9/stats
modified: c/0/ddlit28d17va53d8oc7qb3a50j5laacM
modified: f/5/d916oa1jesibhi76duu1o2afel9mcueR
modified: e/5/451f8hs11gsqqqrhf495g3e472ajng6M
created: e/b/9ap5iu14qr1a8h6kvt9vhmlapbqsas4R
modified: 4/e/stats
created: a/2/d3php51ivjvba3padn90tansvb8qn1kR
modified: a/b/f3u208e95uu02a1g0ij6v2d0bivrs5kM
created: c/0/43js99ebc0f661l7lm8chf1keoaqvf4M
modified: d/2/stats
modified: f/0/stats
modified: 8/7/6evuarkg88djfnv4s7hcr8hfuchpj7cM
created: 8/b/9dptkb74q950bcue5q652bpaskb2k72R
modified: 2/0/1c1km017ke7g5rn25rntmkiqtd63el4M
modified: 3/7/stats
created: 3/e/b4uso9npbs2cmajcpo42qv46it0crraR
modified: 4/4/stats
created: 5/a/95o898te43cpri3gqe05upvnveal4veR
modified: 8/3/stats
modified: 9/3/stats
modified: c/5/35qef67jrje89bpuaiem7j5frcl5hteM
modified: e/5/98pr402o7ijehtq3csr51cghhu75476M
modified: 1/d/stats
modified: 2/2/3drn0mni2hfjmjc8nvk2pnc9qarr4oqR
modified: 2/9/787gtevfiu0hqcleqjfth1i5895duoiM
created: 6/6/1cqsq84v5k3d35shs3p4m0lam51l1neR
modified: 0/1/stats
modified: 4/d/stats
modified: b/b/stats
created: f/c/0b2fsspe7nnvgmpq5uclgsd00m3erqiR
created: e/f/b47m44cc2ojvol5c5cv7mm1aghp65eoR
modified: 1/4/stats
modified: 4/6/fct1p5iprl03gf34rb7u80tbf0dg2pgM
created: 6/a/16gv6v5n383qlngc1djhmcmqb2sej9aR
modified: 7/a/stats
modified: 8/6/88qgnmctdat9odaqrq2141dick5qnkaM
modified: e/9/5eifqtkpv2tof4k6a8fko8jne1fn68gR
created: f/6/0aoqvfqtuoeu79b7biqfdl7m7rvhsr2R
modified: 4/8/05q104t05rf9jdtf9r1c8nc2f6b2h0aM
modified: 6/b/59cfqhpli1bg6ge7u4hqmmgmca6e75iM
created: 9/8/752ovabh2svpu7iv6cb9q684jskqkamR
modified: b/8/stats
modified: d/1/f0bp40vmg4jfrjhb2s6ss4qrbe07sr4M
modified: f/7/34m8ilu3dlr2i94ii4i20ajvf7f89r8M
modified: 0/a/stats
modified: b/c/980sfp7pf8aenj576776900lvss1aosM
modified: d/9/500pg99gv9piqoaavkmj8fqsatc5k5sM
modified: e/9/a3oj5r4suiaut2hu6b1uvi7i0u9olt6M
created: 9/6/253dsqfaa9sv391hh61ai7g3r6c63h0R
created: 3/7/66eq39p64vogume5pns6terl2mo8baeR
created: 5/5/02aobva07skn9qv4lptvj0le5mmh1beR
modified: 5/7/adn2mpigdvm39vu5ugvt82gq6rbahbcR
modified: 6/d/efrj42eojou4rbs40gahaa8milto1rsM
modified: 6/d/stats
created: 9/4/93753tmjjm5h6298f4p1bg387mjpts8R
modified: 5/8/c1e6ut6rt3hepa7h53k8stb21gtc7emR
modified: 6/9/ecq9u5a171kdr6gojql5dtid6ukar08M
modified: a/8/9ekvtih6fli9gagoj5uaotpivj9j9seM
modified: e/a/b9078d0huj6hs7dktj3e937oc1p9mfgM
created: f/2/96dpii06n2i8s7o7neuedlj9g329mfaM
created: 7/f/246pglpf21r16mihj6qlo8vau0uab3gM
modified: a/0/stats
modified: f/d/stats
created: 9/4/ecfe383h9rnju240fcgpepdel5nm8qeR
modified: a/1/cd8deuuib693jhh7nathddcf0op73l2M
modified: 0/b/097ovceoubnc7fa2icbj72pvqsq8ikeM
modified: 3/5/19uonafs2r175aeaofvn0ot9444qprmM
created: 5/1/f7r0ueapr7o4ppupnoqjc5vvm3fjr4uR
modified: 6/7/f9nnedimj1r5it3e092d74smbm27nquR
modified: 7/4/52bav44tsup0ltbmccdbdvdaqfgee0cM
modified: a/b/920dv7p3jt6h6pj637qna3kkb5ah9f0M
modified: f/1/stats
modified: d/6/7cao3d7o4hajn4cfdloa82nv3jb70meM
created: 2/4/4es30opsjfktm4c2cv2ec8d06abni76R
modified: 8/0/stats
created: 8/3/17h0n3pt0gncqb6a8adg0k7he8rlcdgR
created: b/0/9a93lkmb9v8btjn1t951tedp5jof4raR
modified: c/0/e0lmvfsad76n5o522pmc36t5autnkdgM
modified: 2/9/8b4cidv69d37i64j6rqjeu0rhcfrl5aM
modified: 3/5/8es70ojcrml32uk5eg8222dluovcdamR
modified: c/2/stats
created: f/d/541ps3nk3umbs4mn8kgna8qlbd725o0R
modified: 0/5/9a3vkhb13lhrumalhjadt0i0aov2k4qM
created: 5/0/012ro12rki341katdspljshf7h9jh2sR
created: 5/0/4c16p104jjbbhhbaca4oruf9forea3cR
modified: 6/5/stats
created: c/3/fcnj0sufjtui69vtnmgbatd5b2kk5siR
modified: c/e/aabm36a1abbbtiuogplm91ldf6kcg84M
created: 2/2/074161tv6e4vcu652af00jqlsl5qptaR
modified: 2/2/398ugegjo2vkjei1o161a4gp0qjroqgM
created: 4/a/90nfdb203sbjkkc70bnc22uham2siacR
created: 9/4/d760am6iobh5t236p630k6uofej8j5uR
modified: 8/3/7115cg97cb2c8jlepauktnr7t25aqmeM
modified: a/8/stats
modified: 1/7/14ed64i3qa2lvprdqbn5por39jm10ucR
created: 1/a/70tnlveui5judt6sgfhkmhqmrtfm0voR
modified: 4/1/07st3cpgfj0oo97b56jietacifmua22R
created: 5/f/b7pk3b09id8fs1190h19o1qfubvh3o6R
modified: f/e/7272laa0lfrr3sflml1kiho3li7cde2R
modified: 7/8/055h2d6gk9sutem1ufdgspuajg48klsM
modified: 8/6/stats
modified: 0/d/stats
created: 3/6/d0t0djc76j52h4g7ai7hidtigem7hmsR
created: 4/f/98d926q4p3ioltofouu60m45dj2vfieR
modified: 5/2/stats
modified: 6/7/d3a4ac154vrlhdr7209brdprufgchfqM
modified: 8/e/stats
created: 1/8/81hn4cbkiah0qhlu63u092o9od48esuR
modified: 8/a/stats
modified: 4/0/729d4jek70blioihhl5lkf45opbts2cM
modified: 6/5/261ili1no2hbc4psfnv92g7kdlrfps6M
modified: b/8/50dsipjil7m8014uj9445320deov1ecM
modified: b/f/stats
modified: d/3/6876ldm7ba2fl165n3tm7m6q4j6me22M
modified: 0/e/8ddn43vtvlegq9tnnrt1q6f266hpnpaM
modified: 2/c/8am5876bgn32q5qolbfqn6gtfjuaae4M
created: 4/1/0fbja26sbmq2tmmep69uqlukpcdft9eR
created: 8/0/fdset8cjed5k54kas0jf82507cd0kcaR
created: c/0/e6jcum8u1965obloqrhhk559rf9478gR
modified: c/4/90auqs80p1cho97o042k5p4kd6k7n44M
created: 2/c/61d0pa2kgugm5m0s3n5tjhv0eka59geR
modified: 2/stats
created: 7/1/02hu6eh8267edb2eqcncind8mgakd1eR
created: 8/e/c7nj5ssa8stpvkqa5ndg3e7l25k6bpmR
modified: b/7/0f1ktpmjrqhqgu26jskv24v6e5ehut2M
created: f/4/bcddqq285hsg54b5g1rbfkbuo6b7i7gR
created: f/6/d8tm1oog8jj4lp9k3alssmahfag3qkaR
modified: 1/f/stats
created: 6/a/0cao4nb7g3k6047b0orkfntnl3ms0umR
created: 9/3/8fq0ngnku6koauc5a1gvsjqbrus40d2R
modified: 9/a/stats
modified: f/1/8eub061smne5s7tqhdi3t10430jpaqeM
modified: f/d/2bgm47mkh1vvl2o43f3ljpsv3ana2t2R
modified: 1/e/stats
modified: 5/8/07cph4mkqigurpu2p966p6mii3fc1c4M
created: 7/b/3avs4kvr2v7e002gkhv4pdfaraoui4cR
created: 8/e/3dr79f1snt27197ljcb2pgspbij2fi0R
created: c/9/79du1s1d1dghdasr37ns8l4f3prc1e6R
modified: d/d/ebideih34r6f4p2ndsoi0qbrifek9r4M
modified: e/stats
modified: 0/6/de0gpk5dt022ve69aatdrng27h651sgM
created: 1/5/e6nnng0vc17smv9b48dvc4g28co0lt8R
created: 3/1/44kjap30apphalnt4iai01m8154q8deR
created: 7/3/6f7reen9i7loighftbiomrgce03820aR
created: 9/d/acgcs9pd129r6b5se0p969r03o4tebiR
created: 1/0/48hkr3bkefjic3sjd9rp4fe7mh6pjcoR
modified: 6/7/stats
modified: 7/b/7a2v269l6r3ajkqtrceojlb1f7ai1dgM
modified: 8/5/06lvhc56bljcped7irnms9vgl56dlo4M
modified: e/b/stats
modified: e/f/stats
created: 2/7/ca9h1967alri13vrjpe2baalfpjp7lsM
modified: 3/e/3ce3caf8sfrl6hk970jhgr8ccnh8sp6M
modified: 7/a/2cj6psnu6e9ep50qb654ioq5lso49jkM
modified: 7/e/stats
created: b/a/11lrpes3fhb37rhnsqoic92m1cquhriR
modified: e/4/stats
modified: 1/9/stats
modified: 7/b/stats
modified: 9/d/45j56q5tll4sfhm7thijlce456cocn8M
created: b/2/25eijnmkqvl18h2a3dochpongp4trb6R
modified: d/a/9314kr0vu8faddouf95c5oq41j7us86M
modified: 9/5/08ao29iq3tlljsuun3ghl94c6md8n22R
modified: a/1/stats
modified: b/d/6csnlrn18i7o07q6suktll3cua4omrcM
modified: c/b/45arq91rjscsmqtlbettuj1lvb0g7pmM
modified: 1/stats
created: 2/3/3c8q30pmc2lp85use5ncd6svp2hnk16M
modified: 3/a/17jne4nejvta4mc4suv6j581odkk9jiR
modified: e/9/stats
created: 2/7/3d0ephor726jqgjlff4dfs5pm4jdcm0R
modified: 4/2/c2ni3anrbmvcjrt7ecia3hfpgrnh9ssM
modified: 9/1/76cnslvj5ela86rdhiv0g6hf4oemhscM
modified: f/d/58r73rqra46u8nvtakeec8hjqj4gdl2M
modified: 7/5/4c9pvodnoe00k3utoplabbinr82jfcsR
created: 9/7/b0vfnpqh5chfq6gce8lmj5u67gp483oR
created: d/3/70lfharo5pvddnnl89jmbr7oon1apsgR
created: 3/3/03j487unvprk27t2lbd35lcolmqa38aR
modified: 5/3/f4t86ehepc46g4dp863pein4ksl035gR
modified: f/9/stats
created: e/f/e21fgijmfb6oqt3lpc6daljc2b1u7f0R
created: 0/7/193cop7lbf11pgv3hvnnn0gqeea7treR
modified: 2/e/e1in5mdra4hfh4tsdls2rhfpf7eev3cM
modified: 4/d/d27617mc1c55orj2hhjssoal0c7m6n8M
modified: 6/b/bf5ugasao3u8q9e5gah05gva228geisM
modified: 8/d/stats
modified: 1/3/05beuc691otpkv108jht8qrbsltf2i8M
created: 4/b/aa0jgr92enncnfrm4e0j3vftg4gfc26R
created: 8/7/f5i00c5h6ib7dfst7lkg10qboa1ruueR
modified: 9/d/9193umv9eh3p2ehdbvjgo0oqecr5nhmM
created: c/c/e0c9egiqlaq41da193hignqub0akqrgR
created: 9/f/a0qg27mohdclglcpi0no83274pcmh22R
modified: c/6/stats
modified: 2/f/stats
modified: 3/b/a3d85t435iekkemckai3ubdd24hdqp2R
modified: 4/0/df1h80aldp1fvrqt7vj445u41pet43cM
modified: 4/2/stats
modified: 9/7/stats
modified: 4/9/92423glr9b0svs1qif6cbegp23sv2ogM
created: 6/1/666tai8mbrf79cv9v33em7s2cjvitpoR
modified: 6/6/3a8i2akv28n3ldepfsrt7cj7bli5gr0M
modified: e/3/2dac7rm8hdjr0r31satec6rbhl5bje2M
modified: e/3/f8uo6o4de3mf9puo9d03rn6g6adf5caM
created: 1/1/f6jfrc1q4i3c3hhlkp8dtff5cc2r7teM
modified: 2/2/5eb9kvikk8cn487i583tpg6rcu9he1uM
modified: 3/1/c661s51v1c7qf8h50brhgkna2sinvv0M
modified: 4/5/b2t79h6uubt51806bklqkeih6siu1maM
created: 6/8/275clalr42otghm8pgnclha3pit6afoR
modified: a/a/73jr9ij9e9c098459dq3ukt4jj7rsf8M
created: b/e/a6gj8ofogj27onbq5n00tg0t6env4j2R
created: 2/0/181urvk9nu2tlnpebs750a9bsg5hj9iR
created: 2/1/8bth3k9st4956kfq1qh62dr5n3v7d1qR
modified: 3/6/1a9o21brqs9lerbalrgirv5v2c50842M
created: 4/0/9bd5rqu46sgrjrap9tpor2hostj36jsR
modified: 5/0/stats
created: c/5/6b98b690rplbka4af2dl5t236442v64R
modified: d/b/stats
modified: d/c/10ug0rf59gu2v8qb24hb6toalqe4l48M
modified: 2/c/stats
modified: 3/9/7e22if50rd3bq95jtuc9opqd6ph34l0M
modified: 7/c/af6uhbsdeora6gkfb7s8eg038jhvf8uM
modified: 9/5/stats
modified: a/b/d4tv3ehf8ntl4h8fokn69tb392to1jiM
created: 0/d/cep53f4kh8709fn2t6h32j9us5cvtpkR
modified: d/6/stats
created: e/a/e2418iepcvc02g3jcfbs7ck5rtv3sn2R
created: 0/9/254uo2d432dsrelt8v3m3r9igkcrlekR
modified: 9/5/60m084f9h63ddt1ntajv04rnhadvpnuM
modified: f/4/f0ssumt2k59gcrns339dheuv61kemqiR
created: 9/4/89dl241i5n4v202j2qjkh7te4ftoeesM
modified: d/6/26un2ori7fbu4e9a58oo9dvl8o5ntu0M
modified: e/6/3cp1jr8npltkti22fkjnq9fb7kej8moM
modified: f/3/stats
created: c/5/12ci15h9jdl3didf3ubmu2jkge3elk4R
created: d/3/1eitc3b6be1s7qtuqad3arp90a5foacR
modified: 3/4/stats
modified: 6/4/16462amebotjkedsur0u7je4jjn9d2sM
created: 8/e/5873dvg7e3k7dkovsm4cic01j8l2tg2R
modified: 8/stats
modified: b/2/85fc6f28t9cr6bbkaofufsa2022e7luM
modified: c/4/cdm0j3vn8rtn1sbekcahsp6qvvnrousM
modified: e/e/c2vtkrkq8c60iigonff2f44mn7eilu8R
modified: f/f/24fi7cqg0iqo4np19quqljnodbbps36M
modified: 8/4/6fn7pab96vk4fhdsq82hikfjfmtukhoM
modified: c/5/834h4rkllbjbnc9q1f2krfa63nu71hoR
created: 0/1/76ol094ius1rqsqnp3mpcffdstp82ocR
modified: 2/a/48deu9kaq5r3um35167ts28ifcfp954M
created: 4/8/bd9c4it88fb252grs8l8pbd8hrt7jaaR
modified: 4/c/656agepnodehbiv2lt47jft1raifhbcR
modified: 6/2/stats
created: 6/8/f3q568o8bns7jrbrjvbjlh8c1cef4dqR
created: e/a/80gktjl2rhbkd74tal9jgqdsqnh9joqR
modified: a/2/efndbebidplc4d31ibko44u1tarlqmaM
modified: a/d/stats
created: b/2/86gd2mkva8r86cr9acn8gftkd2itj0aR
modified: 2/8/7brbpjol60d9ssgsl41qci7cg6g5el0M
modified: 9/0/1am773uf7k8vc1gf6rjkadljl1nhu04M
modified: 9/0/d7ocsh0m1m906dngbeuhionbj63mhl4M
modified: d/1/2b2uv8bj3vu78gvd9969met3ctcklieR
modified: e/a/39445j57kgk3mijbb4pf5ik0dvdg7tsM
modified: f/3/96r7hbukajvhsd2n560gl26diiakgp6M
created: e/c/c8j345havg9a11pc8l1qe0b34gui9tiR
created: e/e/2902je0ct8l9ut8uema5ob018nc451qM
modified: 2/8/c430ivfi4fjfv09kdvu3sepb2qp5un2M
created: 5/b/96b98t4tueh0ujroqsar7e55oik63jgR
modified: 7/d/58r9cb3l90idk6vrbki91l6cr7ullr8R
modified: 9/1/stats
created: a/2/cdogo6ubohar1mv4165hqlvbar5ug3cR
created: a/6/8151rn789ohsd8drtj44n4ehhe03v66R
modified: b/d/311hjbh1tv3svv3u4o7h8f9tvl09k98M
created: c/f/1epk0hba3tfg6qtk23pgatuum5g8iluR
modified: 2/b/d4knsjb1r7iaqgfk7pph4sdnjo0l5umR
modified: 3/e/stats
modified: 8/3/f92c1bbqojc467idkbfhm7hbvis533iM
modified: a/7/a4mo16n3ad196fgmio9k44gcm1vabh8M
modified: b/5/7d1cqrud4g01f7seed97ch9u49o2hc2M
modified: d/8/f0ghkas1utb84fvgjlv66jt24fptak6M
modified: 2/3/d62a1epgmkic7hdott3enj62mc8fr38M
created: a/9/98u2ch2gclv7dd03vrffnn9ddjqsi30R
modified: a/b/46o8s0cgtqqo4ioj408kg226u2b8r9sM
modified: f/0/2f4lbutm991nba5aipm279jkgo65fu0M
created: 2/a/27up64iheemc4vje4tn2v37hdtk64b6R
modified: 5/4/57rr38lje7ilpfiq4vfghuhviv0u38aM
modified: e/4/b0oniqi6103a0c3s9rm4bmbkdv4tfhgM
created: f/3/76jlqe4thd2t6ihdbq1dde73pnccnm6R
modified: 1/6/49in2bi7flipa34j76lphalo1npbqsgM
modified: 2/4/c80kph230q562rlf88g7ft6917rhpvkM
created: 2/a/13e22s66get85e4aou8vo5f72njsbtmR
created: 9/e/03ddch7ulfldluaccaffh114b8og1e4R
created: a/6/b5c0bqo64gbnp76or1a9hvk5jjkhvk2R
modified: c/7/echshl0n6e93aibo396t63192u2hijkR
modified: f/0/f5o39ok4v7v4urd84el728ggfceu0l2M
created: 0/9/809tt60euj3h70v10g8pnmmoictqvqqR
created: 9/6/cd27npta9m619qu8m5tqq955e9mjrm6R
created: c/2/05mphtfadvp5da1kv66vt2ubankt7gkR
created: d/7/6881l22ssv5996tki469qgasadu14n2R
modified: 2/e/stats
created: 3/a/a3hvfqd2a6hkro091o5tm3ore77t99oR
created: 6/b/25or1l9k61qp0cfihaib5bdgkskgk6aR
modified: 9/b/stats
modified: b/a/stats
modified: c/b/28dl2qbfkrevncjqu704pjtf69517o2R
created: c/f/d30cubuges2d14im37em7run6jvb5h0R
modified: d/stats
created: 2/8/1516t87hqnlscuufpbnuv252s3orm0eR
created: 5/7/bbcakmr7baqvknnvlfddgcvp91qsfbsR
modified: 5/8/a8hd8eempf5palervuq4eahmrr5nnnqM
created: d/c/a04ii70hvcklj84pksptcn4bn88qiscR
created: e/7/9aal2anpevai2hpa2t5542hnttq9dieR
modified: 4/5/48dcmo4oemt4if9tp06nu64lr3laoguM
modified: 5/5/e8qe4470hj139mg54qm2isqt89st4jaM
modified: 5/6/stats
created: 7/f/07e4e1lev4l8c5mghmb1d6lchj0ca64R
created: a/5/26j5h0jkevv9cq3hctag968dknco21eR
modified: 3/4/0d4ti8sgu8qplu6dks8pifsr4gd180qR
modified: 4/4/f1t2sitojiqq101akcebjhvje27jgvqM
modified: 6/3/stats
created: 9/8/75r9tnm1qomflh1lqu0lmgghil7gou0R
modified: b/e/1c7e9jkrpvug918q60eu3m0htjmhereM
created: 1/7/7atporh377mlhljbfa7i5vdatm9lrq4R
modified: 6/e/stats
modified: 7/f/84dh5er4miv8f248elpok5nficuile2R
modified: a/5/87rd3prfrl2qbl5urqfn0j4v19i4gugM
modified: c/9/d0deknrr370am95m8cc3e48f1bgsfm8M
modified: 4/1/51jctjc0je6fq7fp0ar48ptp0os7ru6M
modified: 6/4/stats
created: 6/6/57s7e9bvgp9ju9vnticpfgt72hhm8fkR
modified: a/1/284o8t5tmakce29m47mo40pssq768toM
created: a/9/b3qgbdle0id9cs2rfllmkmi1e3ae8ukR
modified: d/c/04qslp07apvb8v77tp5rmqsavgpv5v4M
modified: e/c/6dte78uu6sep712qg9bju63fsd4a0buM
created: f/4/69ltler21mhapc9g4nfettdebob3k00R
created: 0/2/13v28hqb9gsa251k6f6v1vn1f6sj94iR
created: 4/5/b9kv6993ofo3s7jk253dbtv2hf5j1pqR
modified: 6/5/286db5tl4srs7886o1gdqsqpvot0no8M
created: 1/d/556l0o5e5ebvftifq5h9udfd8ds047gR
modified: 5/0/82n645vmshn7pl5b13jok89t69th4jsR
modified: 7/6/06brkqlq70hru1vq0h6uegk3rjm00diM
modified: d/4/c22gh0fpj1aq6l6ua3p5fj94q9irdsuR
created: 2/b/7emdjfn7sdh3ea4mmat2eglrahve78sR
created: 2/f/81tplp56vo1qmgg2cflbilb4oj8npb2R
modified: a/9/58dqltlgtn0m5objr0sb8bj52blb7kaM
modified: c/7/d8gibicvd696gn3oecaldvcgl1ginbmR
modified: e/5/437p7db1fvc8j7cfcm9d4jd5r2h5uh0M
modified: 0/b/stats
modified: 5/5/4bk5bnpcuhpog8738f9l5soc7v00mcsM
modified: 8/5/04bgjsvqu8e2a192o1fno352qshb5kkM
modified: 8/6/ebvsfr4clvfpqghf5t55kihb024hsk0M
created: e/8/fa6qm0ro59isa734qh9ldabsrtrakvqR
modified: a/1/fcbu99aulnbn0b9m8bojn869hgjl62eM
modified: c/0/stats
created: d/6/cbhj9dsg0n08e8cd2kt8j12r80186h6R
modified: 5/a/b8ur1kjvd0j4gaq3bmlkjnut7p9hmu4M
modified: 5/d/stats
modified: 7/e/9es4kmojd8cv9m8kbi7g330pe80q4ekM
created: 9/9/ab0h6646n25e96q851kesi2ocuca2s4R
modified: 0/stats
modified: d/8/01e3c40scnf6utah0mff0dil63da5ciM
modified: 2/3/b7gjm6dc51fsh087jm5upvs8i7ogfr8M
modified: 4/3/f2gfkaaa40utl9rj6igjqdpb2qv246eM
modified: 7/6/16ccj7rl6bo0sqjl70sk3lkmrcuhad4M
created: 2/9/26gbr7lpug57l8ugf6thbdcutaut87mR
modified: 3/9/stats
modified: 7/1/stats
modified: b/5/26bh7kd5r01q7i5iajma0e0bpqivmpsM
modified: b/8/9fsjhcj98ncunasi42e6ofckfi3c6qiR
modified: d/c/a44h39ueettgbmim1hs0022i1uds9fcM
modified: 8/1/stats
modified: 0/c/stats
created: 1/a/14ocga0l2phqmabup6e5baquhhnkincM
modified: 2/3/acguffuq52kbbcdqmgq424ae6npoprqM
modified: 3/e/1at3bof15ec6vqknpoplj4g6b4knjjaM
modified: 6/1/stats
created: b/2/capg1gtfqh6ggq1l504lkdq06k9pgbuR
modified: d/3/7c6cqu6p70hbik7mn96u4d8ukhok4ggM
created: e/2/d2kejtakh6c2klmrdbv2sj26h0cfg48R
modified: e/7/85mfeb343s0080tn12rnp6irf87ileuM
created: e/0/77525a0nadi2bkuc9bu2e1hr31jt76sR
modified: 0/0/4aci82otc0ku9eemb05l1qcheltpj1aM
created: 3/f/9acee3g131sf29o7odmhvjdhpg6s43iR
modified: 4/6/stats
modified: 9/c/stats
modified: d/7/stats
created: 0/0/e4q4kaec0sbrbf1ah28bouaeh77p8noR
modified: 3/6/stats
created: a/c/00q0mp4fbig8odq08v2q5nc9vgkipu6R
created: 3/a/cancveu09lostnab79oqebnd2fcdlf0R
modified: 5/b/stats
modified: f/5/dc9k1p50ig5as8qqa0n588ctlfcq3u4M
modified: 0/3/stats
created: 1/4/48934jn18mu8r0catf3ijhddd8c1himR
modified: 7/a/8181faiie41jevk4np7m8lb9guriqo0M
created: 9/7/8c0vq0j7nhnv6372b5ul49mv7tff6kkR
created: a/5/32drdqere7s6mgfdk5hqbjep7tpes3oR
created: 1/9/54be0ge18kiujbein6tukvgvocuugigR
modified: 8/c/stats
created: a/0/f8ko26gvsijikh97k3ke5dvhue1utf0R
created: b/8/c8chqp57lstpcfr31g0orkio126onpaR
modified: b/c/23m4ug3q95qsdbrm20slhnf898517bsM
modified: f/b/461g779alqo4k49rnsh64v05gm4na64M
modified: e/e/75qrhc02em8djtf9dkj582q9hu21m18M
modified: 0/7/82v4rtkfskgquf0b5mnlos57q3dmfs2M
modified: 3/4/0btmo9veupiv8027h9d68l13ppmlj28M
created: 8/6/ebj3dr2vfgium356eu4thijha2vf3ckR
modified: b/0/7b2edqig7u742c5ddinhc8q2tp5ri86M
modified: d/3/87gmmvs2k03sh38ji7b1il8bgnr4e8cM
created: 2/3/fdkf1bcdaov4ppiqej3r80d598b86eeR
modified: 3/4/21ka0qpq8632ldm20ibn8kcsup6m552M
modified: 4/9/d2da1hfvflen5k6oan990s4o171v08eM
modified: 8/8/9b63res4dgnqs2k1h33rbiibpmcn4muM
modified: b/2/stats
modified: b/f/f3mg7bac919aqfbp9uq27itehd2qt5mM
modified: c/c/96bq33rfnafh40qp3bk84tebiupbnkoM
modified: e/4/8e45tra898r4irpfceb41bs7291ac0oM
modified: d/c/stats
modified: 0/d/02m62l6fufgdbb7en9lgei5bhkpouq2M
modified: 2/5/03e0ln1pt9iuduh03abpuge2d8pvv1sM
modified: 3/a/stats
modified: 6/9/stats
created: b/3/35flcf5nb0du91bfphp3003chaqhnmeM
modified: 3/2/d9qtv1fdd32q2qfb04subk0r4daij96R
created: 4/0/5eem1ujm6hp3glrm3fh3saqbl6pndeoR
created: 5/2/5esvbggci5c6ucatdbqdfr0q9au7h1oR
modified: 8/7/b30j31dgus91vsvbhrkil2j49q3iudkM
modified: 9/0/stats
modified: 0/8/stats
modified: 3/2/ba9mesf7voijtacr7dhp0olnoe090u0M
created: 5/5/7025l64of3cjvt42r527d7o86j6s3agR
modified: 5/b/99tuj5a87bb044ugnon24oavdgmbgl8M
modified: f/9/9bd12io41gm1d69ei4qps382lqb185eM
modified: f/a/03l09lbj80s3hecrii21erp7vgpre86M
modified: f/6/stats
created: 0/6/31s6berk4n59rfdvaslcn9oik5i9370R
modified: 6/1/5dh8hiivis3peh1e8bhcg0eiov3apuqM
created: 9/9/a5g8tqpn531k2uo37i5p7kmu2kkr1h8R
modified: d/3/6f3dpn2ovs7fsa21b1l8q7g7br0um4sM
modified: d/3/960tqqr77kc5mc0us00nak4mffs2ifeR
modified: 1/8/7fcn648ldvuljshsa6mh9o726a13rc6M
modified: 5/4/61aqhidn0fhfbjn2oskl2ltc4hjn8fuM
modified: 6/3/70rtk4bd7csbrhpmh5lbn32nsrmc0r2R
created: b/1/05a6o8ngjetbb3fp4j46novook50j6sR
modified: 1/e/c6g2hd2mnoc9q4028afk7132tcpb2n4M
modified: 3/1/650jk3dei33kedjc8nnefjqhdn3qsn6M
modified: 4/1/39rb2tq7pmtgcpjbf5l9bmqh7tb2dbgM
modified: 7/d/4b4rc84jrufl0kdv239c2l93j6s8p7sM
modified: c/7/a06nli6eqll1es2dt5e2pgdv9nfvki4M
modified: 2/2/stats
modified: 4/4/0324q0ekq09n50llojqfulflkb7rk1mR
created: 5/3/44r562v7ong8m5ltse6jh9oq39671eqM
created: 5/6/b61ufe0o930pb0nc2m0aujchc4db16aR
modified: 5/f/stats
modified: f/5/42ejbc4um2obfeq5loipo3eu6nf0it6R
created: c/b/e0ttdo1n97hochse16m70speffi6t68R
created: 4/0/a31j5ro8hsi449du5aj04lf4o8nnkckR
modified: 7/c/stats
modified: 7/f/stats
created: 7/2/a468paqgkjauou1p1gdqqe8csv18k6aR
modified: 9/2/8co9s23qc1fp92v4s129sdojth9g24uM
modified: 0/4/bflv4rqe2ca56ibbsdnvsgiom0k44puM
modified: 6/5/27uuhr1t7vrg783nte83hj6hmgkjhikR
modified: 6/c/34b8dectqo0bqq2dc4dqq5ksvd88e70M
created: 6/f/4eksdo5fm0e433seth7kiurgu1lep2iR
modified: a/a/stats
created: d/e/26hu8b9kb6a2bfgcgopacju8s95r48eR
modified: d/d/bfufgnq6jsak8je50inih3p9ipmndg0M
modified: f/3/28eicdaoqjt3srdoeuu90oagpe86tokM
modified: 2/4/stats
modified: a/3/ca7m098mrl414qieattraf9pojo0dvsM
modified: b/5/9116206bbo4p44veg4ss7u5s9u6hlaaM
created: 0/5/f7p7pks6nklqul5l9nuvg3q6pp6erfsR
modified: 4/0/d1ispu988ilfhnrqo2rplnj07lbuah8R
modified: 5/c/64m7v3irbn95r8ndsa2bbhspqaojfnmM
created: a/1/b5eabk6ce7k1bjh0gdpqs6kr7krknvcR
modified: a/3/ec12v7dj22dmo52upd6bc41c6ai3850M
modified: c/9/stats
created: e/d/5e14mrkj8sbs99v3a5knfj4fguv7ineR
created: 4/2/b5i22q9e0r99ad3n73d2ukolhbcrnt2R
modified: 4/9/stats
created: 5/4/c6rdnn61q6lu7sju4d59s59d5bi51iaR
created: 9/4/14pi6ffhg3u9f9af80vgatcepmu9baqM
created: a/5/9c1bq59jnm4ug09lldc2tke16p65c7qR
created: a/6/aeljl1b2j75ia7gfus1qal49fbc3ujkR
modified: 1/6/05nnnooes84479voteau3lbj9nmpi1eM
modified: 4/5/stats
created: 5/f/59kmd9cro8540fq0ohfk5c1rmgunk0sR
modified: 7/2/c2u0v1fhvo5rm8kotcmajua1soaviceM
modified: 7/f/4eshpqhv68i0beod7j9tpu0shfg091oM
created: c/5/4dteb5ep9mhhu3okr51f3nd6nljnbn6R
modified: 2/9/stats
modified: 8/9/cadfcbdmkdk73r50tq7j39q0ebbsa8oM
modified: e/3/stats
modified: a/9/stats
modified: d/0/stats
created: 2/3/cchdtgh3arfv8k6ouu8l457ie40hkkiR
modified: 3/7/f6fhs91ihrnomjasaaquda81sfklemkM
modified: 3/f/stats
modified: 6/8/stats
modified: d/c/05c3uhkuhh7jo66m66n83gpbge2hkjoM
modified: d/d/36hde3kudpadm8u0pa21mfbpft121iiM
created: e/4/48abn1f4a1e23qdgaehq50p1ltbaruoR
modified: 0/f/stats
created: a/5/217iaqg15lqm4o3ifaiqksr6evqquj2R
created: a/8/0c33de5p0gngaifu2l77tarbshp6noeR
modified: c/c/43th9c2n36jovjpeqtvfqncp8t486aoR
modified: e/0/c9ti77s08ksfbuus4vqhes39b12qta2R
modified: 5/9/e6t61tkpaks5gdd9s6qsedcn1u340kgM
created: 6/1/fcssuvvvcokoi7c8khcm52u9l7dj9akR
modified: 7/0/f4kej2gp8d2oh8ju0rcvu2pebllr2u8R
created: 7/9/aa9vb08hmhjtqr09rlu83j7l01bk2c2R
modified: a/stats
created: 4/7/30tql11mt76c3a8kv2ghud60ljaf7ocR
modified: 7/d/4ae1rccrhp807eno15svlhnokl04md6M
modified: 7/d/acvcncusks3la1haa6se2d2vuphmd5iR
modified: 8/e/cc45f377gu63otpli7puve2bs1inlu8M
modified: d/8/35otvaet4639d4f7k3c6tpm7lm0h7deM
modified: 1/a/bftrv8utqt3mi72t9m0lvpqtlb82c5kM
modified: 1/c/c9hgmlt3l45igq4att521qj1gpqd95oM
modified: 3/3/bd9iktfo1jn8oravvu9efko9rt5h53eM
modified: 7/5/83t07sd8nm69189oiquuhsqpue5c4gmM
modified: 8/5/899e9tq2n4g6fdegne5sndkmg0iq4vkM
created: 0/0/aa9vdcacsh5t731v2skk11j7v07fr04R
created: 1/5/b7o2jtarb8mtgqimgb2arseibadbo9iR
modified: 1/b/stats
modified: 8/b/stats
created: b/0/cfq5ou1njh1bku6pce1oje8pl9jgtraR
modified: c/8/stats
created: 9/b/eehsvu3rt62ug60fb12r2gj3t4q0or4R
modified: a/6/stats
created: 1/8/58ia4ipj9rkusb14ppslum2bpma5kbaR
modified: 2/4/086tjks395cdd9np765m22okpd74u3sM
modified: 2/5/f3bp7jp0mkmdnjao622fej12r6v0kn4M
modified: 6/stats
modified: e/5/11ai0p1n3l5in4217a1dooo2m402r0aM
modified: 2/7/stats
created: 4/4/edi60oi0n8bjn7a711fe8722foui5iqR
modified: 4/a/stats
modified: 5/7/74g2hojhed4ghrn5te0iq9nfmuktdccM
modified: 0/7/stats
modified: 3/b/63c6sullkaneb6arl6qgjna0mfa1oniM
created: a/4/d606n8dcmu4ubde9ed5p101s26bd1v8R
modified: e/4/fao8kot0v70815ua18fndnbdkl4bjfiM
created: e/8/024hse7uo09s10hl7l13ekrnbmibf1qR
created: 9/c/0348hshivd0hip6grl10a1ki6f7g4luR
modified: a/3/stats
modified: 1/3/stats
modified: 7/5/stats
modified: 8/1/c5urjhhmv293v4102i8pqhgornmgr0kM
modified: c/a/stats
modified: d/2/1182ncrdc4hkujbu6ftqur8jr0n5u8cM
modified: 2/4/b1pnbi9h1ffngqd00jrtatlj36jnkn8R
modified: 2/a/cee5345pmptojjp2kmrtrg0iciepft4R
modified: 3/4/190s6c0tjavk7p3v40alp75nnbhp68mM
created: 3/c/827comp11m4emjig4qlkdt6k17cek9oR
modified: 9/3/8cn863acmq6eag8uj96ro5l32dltdvgM
modified: d/f/stats
modified: 0/5/c6c4rnhh3egrlmcg85457tv9bbeoi3cM
created: 4/2/86gsdahj5anhcm4tg6pur392pu22jbuM
created: 7/8/19fclbto0t64dfdot66pavb9bh5dn68R
modified: b/0/06dqnqf5rodqomgnvso1akupoik1a2sM
modified: 4/c/852d286evamvufumrkvgf2sbta6sv1aM
modified: 3/c/702t5r6f7mjcfs7fajebkqhg3uve4g4M
modified: d/9/1bl5djpm7gs04qdqoqou2rgmda47utmR
created: e/6/438ghjbm3e2h06j98kq9ln8vb2eh3eoR
created: f/f/a7mrvohlcrs7o14p5f3np3c8m27trr4M
created: 5/3/ffl3hi9des5o00kjp62n0f4a89eitjuR
created: 6/8/796hbdd7bier58pgrj7qoilrkd8v0u0M
modified: c/4/stats
modified: 7/5/d268nevkbr7n47t0rgjg27hqpnbknf2M
modified: 3/0/stats
created: 3/2/db05him9vn30rnte0re1bb1jf60p7heR
created: 5/9/d44j1selpo8isln9v3fjm149he48j5iR
modified: 6/7/d0dsq6u7gg7ipacbjubhfevfq7mu1g4M
modified: c/1/6458r1g26fbu1ju37f8o4rfuj7stqj0M
modified: e/5/71ls6vqhpthda096230hcirnrbieiv8M
modified: 8/2/d5abfsret47e4k913nu548udfm1auikM
created: 8/6/044m4544pauegru121idmj55hossuukR
modified: 9/c/51huh16ng3l34sju60lnplvprsgs5jgM
created: 9/e/95esrtki85688gdudd1bkht83mphdq0R
modified: d/4/d0b8kpmq0gqlqpu6ipp7sm499239htcR
modified: f/f/21rn7tvg503364lqa7fksd7jhmejt3iM
modified: e/1/stats
modified: f/stats
created: 3/2/cdksppgb2v0k9df1nhv5qg1p0ha8dt4R
created: 4/6/ae6vckso6dae49b8lfd2sab519e5i7aM
modified: 5/0/31qisbioktqg6jhfs28sifpvu143d40R
created: 8/1/7044p25rhd49aj7u6lmr4fdhnmbo3gaR
modified: b/7/e669ink5eu7fd0co6c6heg9407pu684M
modified: c/8/716lhepht5j2v6fuhsahccal382228uM
created: f/1/ceorjp18tel4tq7airi2cp734qjh09iR
created: 7/6/4dn5os5hg8mvudmbojphplmnutc9ipsR
modified: 7/6/stats
modified: 7/7/7f27qjdgtem3s2lk70oo11a96a6klf4M
modified: a/0/7fabmlu85f31aa3l95sq15klsard5pgM
created: 3/1/2ac5ntq86bbacdf932njcu8r0j4mshqR
created: 4/1/fcp1s9ah6jbh6h59bu1iehb9tjsq1geR
modified: c/3/stats
modified: c/6/824jt3gcr7vnp4sao6jre5qrmdlg50kM
created: a/9/2chqc74bdb65ubootg5ov8bltgk0aj8R
modified: a/b/03os8l7rnl22s2vsan2l7kic30kk26gM
modified: 1/8/stats
created: 2/6/e4tquk9k2lsvqpfivrrq1aqb006t99cR
modified: 4/7/32qjgudhplfbrjepdssd05m7ft11bogM
created: 4/c/f3fg9bg4q5t7eg8kcstn2sc6lqt5jhgM
modified: 9/4/stats
created: a/3/dagmpjal2mi8rd77h9aka98ild9fdbsM
modified: 2/a/stats
created: 4/e/11tgfspvc327v4q0kb5r24a1051jhkqR
modified: 6/c/stats
created: b/7/12g7ua1q50fikq6nu6qebqrqurjiak0R
created: f/b/57773bhqflk264udmdffe724qmf5thaR
modified: 0/1/fbn2ikj4qf99htud7dh5rf2g22r66piM
created: 1/6/a1h0ojpenv1b9aigsd4cuuarga5f7kkR
modified: 6/a/stats
created: 8/0/f0ptsmdgpgl02t9mu7ijhf492vc6n2uR
modified: f/5/stats
modified: 2/f/fel0oqqnu80r5o2c55hkn3jd7pnip74M
created: 4/6/9e644l1vmdhanrrd8iqd4aooosc2a96R
modified: 6/0/e9ssh6d9ngqipoh5ev1kg3cb60ut80mM
created: 9/4/c0k5pu9nhu2g64p954korn8hak47pgsR
created: a/5/49i5ma8tdrqpp0v735a8tgqeg5e1b2sR
modified: e/d/stats
modified: 5/4/1bpm4j7nrutbr6shiotsrr7v0s72mbsM
modified: b/0/e4gc4jedmf2pj0ds8h7en866qfvt712M
created: c/7/96cd4b5o499rggp2o5f9t470g0jnb22R
modified: f/6/b5r42occ0bs8smlfda3oof2n9t8iaoaM
modified: 2/8/ed7h3ugc3dqroik89nd31rqhrlc7170R
modified: 3/0/639dpqajfodskctf9a2o0skckdvu3r0R
created: 4/a/98unk3phlqcsn6bm7iiki4rkuc3boemR
modified: b/4/stats
created: b/f/bbtkeavh5refmknflqgf8g1m38gs9ruR
modified: f/a/stats
created: 2/1/63qpcsj93rjh4ar1ojrl7a6jeomb35oR
created: 5/2/16d348oc9bgrtefjau2itojmb4a5klqR
modified: 8/4/f9elo5974e9jgds51kk4j58dietgpleM
modified: d/8/stats
modified: e/c/16tg6vrc7v6bikfjckj7l3e09800bi2M
modified: 2/6/76b7g2cllmh59tgrt4109315p7f88ggM
modified: 3/2/3ap98e55lj6dub0kop49v4offsr05mcM
modified: 3/4/c281jtnevs9c2aodvdsnqa3pfgb8ds2M
created: 6/0/7bh6ifdsch0r24g9vpogg9p651f1k10R
created: 8/a/264juf1srtd6hvo5hn2nut71s60e038R
created: b/f/07ln29li9bpsv0k0tuqbmluv031d1c4R
created: 4/7/c5scd0s0et8k08h5rntisfck1tjercaR
modified: c/4/62d3cthd07sq5h8ca0s2o8glkl18864R
created: e/3/9c1c4thiov6il29ttgluf08eoot0ercR
created: e/f/94nfl3urnfbjhjuvamdh4qg9pnktfpsR
created: 4/5/77ej2llqhvcrhoavjmcoinla799ekbeM
modified: 5/6/6fg4l8p2j3kvo1657mochn5joogljbuM
modified: 8/9/stats
modified: 9/e/stats
modified: 0/4/stats
modified: 6/5/c5evb14famnlg5ce8cdgfpq4jee044qM
modified: 7/8/9doal75erncnv1843slvb0stcog0vkkR
created: 8/d/908q3bq5kjg410lugl77ai1shoj2ejuR
modified: 9/1/4e0mfjv8ohi3pn0lhm54ajqgkvve9siM
modified: 9/2/4arue0i3m56fe53hsib8orb0d4b7pogR
modified: 5/e/414sb4kej14430g4spd4evau8q999e6M
created: b/9/2a4de8a7ca92066g1d2ju68vj8ne5h6R
modified: d/9/stats
modified: d/c/f6tmv5jrg0clekotakl20pd0p278h4iM
modified: 0/1/40u5ho9p9stti2ekg96bmuak6gqb4hcM
modified: 9/c/474ul97chmp6tg67vbv6g0n4hkc12n0M
created: 9/c/eet6rgq5hfqq80beslsml9m2sms4pgeM
modified: d/0/b6qqs7bd5jpu8loeealjbgv4dqr7siqM
created: f/3/03c5ouge48tgi83ocb691u6gps08uc8R
modified: 4/5/bb0m7rb29psafmbqpgghqss6bflmu3qM
created: 4/f/55lcc9l8av9um63vqek76q1usad2hlcR
modified: 6/f/5971gchvree7dvvfhsbgs0sojgi4k2aM
modified: e/8/stats
created: 5/3/4432l102uci889v05msqgilukna053gR
modified: a/2/71unknebjo01nef0sb2ag8q27trh5iiM
modified: f/0/6ea38mhctfitanlgn2jjvuojo9mgsfiM
created: 1/7/a0aja3d1andl84cgf3b271nle47vvasR
modified: c/e/56ib4i8tqe6shun27v2dmbh7ra8g1f0M
modified: f/f/stats
modified: 3/1/3e0g1d6ghitukahccp418dd1ap00ck8M
modified: 7/0/5eef9ckb6ruq63kmqtq08kfpe0961riM
modified: a/7/51hfugipfosgldtfk092f21l0nvftvgM
modified: 7/d/6cp3m4olf6pvfbni8m1hkg72h5ki1ieR
modified: 9/c/96e4fnl917uu79toq9qrip1vl481t8gM
modified: 1/2/stats
modified: 1/4/5e19446dkm0balsb2ernd2f8et34q1kM
modified: 1/e/90e90h786lqvpcvmdts3ccon5v92138M
modified: 5/5/stats
created: 5/6/633di35qkv145jmqntglvfust8k1p0qR
modified: a/f/stats
modified: e/0/stats
modified: 1/a/3f6c8g16lur55ae5gi9cvtcaplfq4h2M
modified: 3/4/ecknbr3q7rsst5621t8346kg5i2urhuR
modified: 3/e/31kq4ltj4fqr7pullee2j39fbo2v6kiM
modified: 5/3/stats
created: f/6/aahlhbis7tcr8pkhe290ak25mhcko9gR
modified: f/9/f957rd5pmtfonq8l1d4ivo6gmn1p1acM
modified: 3/8/56k38kg6jhbmm28h5ladr5neukikfv2M
modified: 3/c/2dbc9k1iarm31b41a594177n4udfotoR
modified: 6/1/1d3o7srh7ei0d24103j91dbfrp0ct9mM
created: b/8/1dqgdqb6spvfvrstl65hrs46c9s4r7gR
created: b/e/019lk69pj5l2q7tfio4e57c049d58fgR
modified: 0/a/8a2i3ajohebps3vcl3edofqacg8752qM
created: 1/b/01ocotlqr4fq5jopc4vfqo167fg3h9uR
modified: 2/6/stats
created: b/6/29av0nk9gd41nt5hs548jh88jo30v4eR
created: 1/a/23307j9gu2apc8gormvkisa8q75rak0R
created: 2/8/7939bgiofe1ncij4dg5er9oaon5foscR
modified: 2/d/9f33qsd6cfie88hajclsarvhng45sc4M
modified: 3/0/cc68eno3r5ntb929282o1omskde12d2M
created: 4/6/3bh2qaf4krpcov9af23b4972u5le86cR
modified: 8/1/794o1hj8rqktlurjuiksmm06mutmvfmM
created: 1/5/9c8qfhpcjsbu1nf0gur3ej775p8i018R
modified: 4/a/8c0ddi4k57ftu8bd4uh6gp0q3snv0ogM
modified: 5/c/8fjlt6doq664ss7dd4vc1gru0hba30cM
modified: 8/8/49qhedd4f37i9vuo3snkdb6lmcsi3v4M
created: c/2/3053ct7flepe048jvom0m7h60f4kn8cR
created: e/1/7f0ukqg9a490n89r6ho6ue1g76pkvmiR
modified: 8/9/0d0e0rvptu7p2iufgugcglf3r9ae5akM
created: c/c/98l4vji4vt0uab01hjbcg853njroqpaR
modified: c/e/73sonqgk0i8ps3r6t4o8prcfv6vgmm0M
modified: d/8/8bprqnshqleliij1ifvrjeraqabpn8gM
created: e/7/94schcsvbceo9ttlosc60v6u0ilb61uR
created: 2/2/9744ia840nqqhq4u7q1p3s8pkupnbn8R
created: 3/a/72qb73jm3rfjk5u29e5fded9joitokqR
created: a/5/81ltoq9bto7j2urhr9t5kpmkvpv1ikcR
created: b/c/541kqn69b0us7ns6i9j25vb8op2ts7aR
modified: c/b/stats
modified: c/1/ef1qhagrgmd9mobtv7rba8tf1gcgb96M
modified: 2/8/b6lvv08kml0fqg0q205mc25ssajiqa2M
created: 4/2/c246emp2b51nptlh69vd1j7b91lpgjsR
modified: 6/2/45hm6ak00tiigfakg3f1voea3tcemj8M
modified: 6/3/24nml9bil5ub24af4a36086o6c2b28aR
modified: 8/1/fabqdaplqse1iuqs7ep1o38od61kjt4M
modified: c/1/90827ndb65c4d9fgkd18l8ean59jtusM
modified: c/stats
modified: 1/6/6e1qpfnk5tkn0evfj4i9f13jje8meoqM
created: 5/f/6954mrp7t897bv1o76i2b2d5mve1em0R
modified: 9/d/stats
modified: d/4/abp8u6hqtfbe8ovejrbhmlslvpujcmmM
modified: e/c/d64d4i4qqmimjoks3vuhu2bk4ehp2q2M
modified: 7/b/938n8rsfn29380ab14sdudeippc5g8gM
created: 9/a/cdicel10m7975fnt2ok8045k7sro350R
created: 9/b/635e4dvagcgs1kopsv7em8rq5hgtkpmR
created: e/2/ae6c836r13pf2npm5ms2trmcckujgbsR
created: d/7/24knssh18fpsbrp5287rnhjnftbph6oR
created: d/a/e0145no66l98s0fek6864r90lcthj86R
modified: c/f/stats
modified: d/6/73jv1ilf997aq6fi2dghu5td41mheauM
modified: 1/d/9ais6pkin89o61p20rpt27qhfjok1daM
modified: 2/9/3fm7bkrf94664d814pkvs6f8j4lbh6eR
modified: 6/0/edvss7ib4v8vrlfuh8h77hp5j8kva1gM
modified: a/c/stats
modified: 0/5/c7veif5q11ihcm4hfu900p0r7aetbqeM
modified: 3/3/6f0o56884lpfnloj67ecpb72885evt2R
modified: 7/e/e3ldo1orhq7dspmon952jetk9bc1gooM
modified: 8/2/stats
created: f/6/f5nfaomkmes1grh9kvo42ujasvnlk0uR
modified: f/c/stats
created: 2/2/18987c785rm8lnjqc8om36a778jhe40R
modified: 3/1/stats
created: 7/8/4cg8j5557r60djhf9sojv8k0ge0fj3mR
modified: 9/7/9ae3te745p1j2g251h7driaiepi0et0M
modified: b/5/acecpkla8r4guoql9c8rf5eg3u2sccgM
modified: d/4/20vpcv40hckgt8nv23v0dfajuk9vnjsR
created: 5/0/c4mdtojt0bjfcsbj55si8b32t32icoaR
created: 7/0/36ccruaa80jla59tm7q3holngr5lmv6R
modified: 7/d/461s2ah8cuu8etdrut96gtp3hhnv0hkM
modified: 7/stats
modified: d/1/46g5k0mtknf937efn4mf996v1gjbtboM
modified: 2/7/2c04gqaro8532iis5kkermuo3uso2okM
modified: 2/b/d31nv91s8ptm69vsnee6gv6vqp0em0gR
created: c/2/b77snvdehj8d7jg334pp1eo77rbmgaeR
modified: f/8/stats
modified: a/7/stats
modified: c/0/46om39ffu97soggubjeetpg6ac84o8sM
modified: 0/6/stats
modified: 1/a/16qouf3kctlc7is854488aul7gq7cqmM
modified: 3/9/cfnu9fu7l6j44m715ck2htg3ccmdcf8M
modified: 5/1/stats
modified: 9/5/939fad0dpg5sn717vmogfukdbkgei3cM
modified: b/0/50787hqme013gu2k6vucun72gft7oqiM
created: b/1/a4n5dfdakgia38mecbf1uu7b0ce6856R
modified: 0/2/stats
modified: 2/3/fb9qs9gr1fb4sdcs76s1ogpa51cdrk6M
modified: e/5/8btbbl1neo7m95389ka1vgqea903ks4M
modified: c/d/stats
modified: d/4/b72sbi6mocbdiu68ohhikfn7epld9t8M
modified: b/e/stats
created: e/7/f1nvmtv3s3q35f5fothmf823u93gbvcR
modified: 1/4/acq4jhpemrt61nfcn2cd0iu6h7c7q9uM
created: 4/e/05sn350rre9pqm0dlijesfhgubtmpsqR
modified: 8/5/d3m3b7hfjqkaihn1gaj6ongohgvs8scM
modified: 8/f/64h2degj4l8e9sbe5jijhbi08m7b5roM
modified: b/8/5et2qqsld2bjjf7r6rrsrolnt2etplaR
modified: b/d/efintbuip5e9fsn8hen6jbpncit369iM
created: f/d/81elkbufm0pl5k7ul0uk79ing553buqR
modified: 9/a/427nkjn318bo7jnaj5ci9kqsr6f3uiiM
modified: c/7/stats
modified: 3/4/53a53dnrhmr0cv6riia9nddncp8e5hsM
modified: 4/c/db87b468j802g92rc7g4ra782qambdkM
modified: 5/0/010amdlbmcnn9h4thjkuu6h3an1c466M
created: 8/c/cegjduqqqejq37flbpellu94p5jvfp8R
modified: e/9/a8h22m7nadh3uh4hqr4il2vo1gc3sjaM
created: e/6/74nbr9pqbdgel96tvsa143p1ujlr4h8R
created: 8/1/8csu5amgj9idcjkjj8a2q55m6dmms7kR
modified: 9/2/7erettt3ks417ebs7epue5rinrf9h1qR
modified: 9/6/1dnr2rfbsqb7c907ln4cjv090tif2vuM
created: c/1/05vragcvt3920igp6okqo0j9sot1j02R
modified: c/7/e7iassriegldkii9mj81mng8k315utkM
modified: 3/b/stats
modified: b/0/stats
created: d/7/7c66lqfumov8jbbknge66sg4o6s33j0R
created: e/f/56eh5i464m9j9b6o62messkl0l0vk28R
modified: 5/1/3bsrcgimuuhpem3f7dio2aosbtg9rd6M
created: 6/8/2equj9avatvbktqtuebags7gmv7muaiR
modified: d/5/0bpuan56t1p61af4nv0h5a2odemjs2uM
modified: e/1/91rndfi8fi6gdv33hchcluksnakhvbeM
created: e/3/7ano2uirruq7s1552etcpeimsfu2b0sR
created: 1/0/57fa6boojv7egr5q94plpvngg52fk3eR
modified: 8/8/stats
created: 9/e/69id126olov61h296r0tq8hmq2e7qccR
modified: 9/f/stats
created: a/3/c82ge8o9kmriv92s1m0fgmp0amg879kR
created: e/d/2ascd5raf188ts1nl2csdhpof9q3o80R
modified: 0/5/9b6lv8sdtgi0t5vbkoar73q0nri73rcM
modified: 3/9/05svra46c42ncdvk9g7mnnspkdb3uheM
modified: 7/7/22dbntlutesmohajpgs6bhr2bdm44dgM
modified: 1/4/7f4lo8fkreihfocsel44d9ilg54au7sM
modified: 1/f/8copuvje4l32vb9gmm2a01vh861sh44M
modified: a/5/stats
modified: f/2/stats
created: f/b/7egk8d0ahkodc7gdfv38evme7uendrmR
modified: 1/d/e4mg5gt9e92s03d8e5ujb4j9b9igb3iM
modified: 9/4/3fvfinteqn7fq6kbgbio5qh13bcqo8iR
modified: c/1/stats
modified: d/5/stats
modified: 3/7/aepk8jvu8cvibibgtat1p1lc5ojrig6M
modified: e/4/7f4biv74pjtqeijtcgu63ah5qj1sdl2M
modified: a/3/b3e0uc54l9trmof9o8283rif0pmonvaM
modified: c/f/f62ojmutil8dj7a48hh5vtqq1r73nikM
modified: 4/6/79v0bdso4qc1rv9b5ook5urib0n2fdeM
modified: 4/9/44anec6s17rqsjls8edj33imkp8bl40M
created: 4/e/ackf50ba4fg50ie3ep0dprvf268svlkR
modified: 6/9/41ekt3n48lerrf9h5iogfi6ae6m5hf2M
modified: 7/7/23kq3cuv7un1682ctttl3alfc7ruof4M
modified: e/e/61gj2ttqfv5bd4de7je88bi0nfj6n40M
created: 9/a/87aroqa1il5d4oi7o1kp4clfo7lep86R
created: 0/1/b6g60gs5cb2b1rit5s6ubp89bdlh89qR
modified: 0/9/stats
created: 0/e/adr7sapnagavqhdj4euvtkfv0tp8m62R
modified: 2/8/d9l3k59pbl4f83tcpsvmnqe9sio1ekaM
modified: 7/5/6fjveauui2288clj29o0gq3ohvuoeqcR
created: 9/3/dfu4o7mt9lueeb2sva07qpm1l20bv1aM
modified: 2/8/c5dhc48vlbaqu1058iiut458h4ddrboM
modified: 6/7/47bafbae5ml9jbrl1sk9tjcaqhdd7jsM
modified: 8/0/7figovp5cbl7gkvp1v6ku166sig06lsM
created: 9/2/54rfsjclf7vld5hch0j8ib7hv1k3r7mR
created: 4/d/70jqmn6rjpo2cklpjc43e866ti8l738M
created: e/2/91trl8fvui41fddl4ohk080450qq3neR
modified: a/b/27b5h9g6osij2335507jsdmj2m21pk8M
created: e/6/83rjal34imf17eesqq0ct3lrf2ht6a4R
created: 2/f/15dn14p4q3b7onj5mv2ndv4ooleprouR
created: 3/5/c1dmjo8j2dev0csktkmnq0egc3qep5iR
modified: 4/3/793dumk7k8fmt5eejurguifbs5eskvuM
modified: 4/9/6f69rvjb8vhq9d7o4ulhaharou9r1dgM
modified: 7/9/63omka43qvif5s8efub6g80qlfjcf14R
modified: 9/4/25lrmo3ceq4iiirjr8ean84gqkc8cg6M
created: 6/f/efo4c8elelqrn5tcnivnvv69omjlhmkR
created: 9/f/e239ofkni5q4b0j5os1plbv2nm424meR
modified: 2/3/6a5vs483it2kb2p7qnnbcthkaiks006M
modified: 4/6/6dkl5l03hj3v1ogavvmj8gujvesred0M
created: 4/e/c8i76sdbbqi93u8if9au1u2cfnsppqcR
modified: 6/0/ebj5u5ph4rrmolj7m6qgjduvhvq2cr2M
created: 6/4/1db1jdtibavkqbkcs882htb4e740ljoR
modified: d/4/stats
modified: e/2/stats
created: 0/3/83mahhv9u29r8bimkv4ulc95nihgar0R
modified: 4/4/16iiulsn2k0ej27o46slmhtckj2k1okM
modified: 4/b/stats
created: 6/b/428b4aq1ubpu09es84256q333d7pbkaR
modified: 1/8/c60ahrvl7e9fme3qm0813jt5dfrcvv4M
created: 7/8/c1jsm82jbtcc259sbtcqqslk07f56paR
modified: a/4/stats
modified: 0/2/e33a0cjjcuuhk1c0ba9v18oahub1m9iM
created: 1/0/db7hctb4ljailodff9dkfqds29lc626R
modified: 7/b/09ic8igrf8plpqq59u7mb5994u9nd9aM
created: 7/f/7ap5ilol77pabk8581rosr050tg7jf4R
modified: 9/6/0esrsjjp06qau8prflfpjh0huo0n1f6M
created: a/d/49r67e1rfgvj1o9vgs7j6shllmi18u6R
created: 6/7/e41vnhv75r5uunh0qc2c1a026r7e9kiR
modified: 9/2/stats
modified: 1/a/b1v52knc22c3ggm9rse2abl769j7mucM
created: 4/5/91pbbte1tiloh7rpv99qv1v846db4g2R
modified: 8/d/b6am0i8094c156cfkefan6sfttvsmtuM
modified: e/4/fcc9c5heoctdhg0rttie9566815k1skM
modified: 3/stats
modified: 5/1/d6fbgqkb423437jp049nj644t0bivesR
created: 6/f/cbqaepq40a5fluqnrg7qcib8nhhl24sR
created: b/2/951ifuca37g4tia3e9ecrt61uh3i0hmR
modified: c/b/9fhf12br9t8k16tdtdeschhu4okr774M
modified: e/6/ddn8iirh8o5c06qglcem1bmblmnocl6R
modified: 2/1/1dci237ej7ks8sb05i1hh94hu5ldl26M
modified: 3/a/38vd0st3uhohni36qcba5n1al6rdlm2R
created: 4/2/cdnm6h2dl8puq08so70bspt5trfrpooR
modified: 7/4/2bmju5lmdgptq4v2ido7pe24abpreb6R
modified: b/6/b1hrvrc9ktm1hutb71bcn8ml6r2f2j4R
created: 1/2/ba3qr3iqe9vjdettjtsn4rdfnqqipteR
created: 2/b/f8nqo84vm707aeedln37rf85bgbkd6eR
modified: 4/0/stats
modified: 4/1/stats
modified: 1/a/c9nhn2q4rs3vi97v6jjhkdkup6u3upkM
modified: 4/d/2cqmu0r88tct3avao5dsk3h6ac456v2M
created: 6/0/e2d9eoikcdmnncugij0jgotiovdt5vuR
modified: 7/1/9fb1a3debapc21ksd1mfu1ndk2c5nm4M
created: f/a/7e8tb7nmtgc2efbp9d9s5phfspkimpiR
modified: 0/0/8climovsr24kkqlb7f02ttdgn6010m6R
created: 8/a/6dv1mmu8km4arvs8fms0352tbhc7dkuR
created: 9/e/3bnjeae9k1tpab2pihi39c95htkmn68R
modified: e/a/84r7mmga5nco7ejn2otl3d3jv6ukm2sM
modified: 6/6/stats
modified: 8/4/stats
modified: b/a/0a9c7b495fuij6cimb88an9uuq18v9sM
modified: 9/9/stats
modified: a/9/f3j5hq55sia5q694v2apbt95tqr7s44R
modified: a/b/stats
created: c/7/57nmr6jbg0tvln15hvoufoa58887i34R
modified: 1/9/3fkh0qnot9aukruuab71qp10iolqr7uM
created: 7/a/ccoga8eaadubpb9fjqgh7b504bejb60R
modified: c/f/8cuck0h9q76geo09uooloahprb6mldcM
modified: f/5/0883jummp1r7j1doc7n759b3obv8c9oR
modified: 4/0/d4g5old19m6gi8i30gqvm4m55233c3gM
modified: 4/c/stats
modified: 6/9/f084fsfnrrd4vmju0onnfabnu2akt06M
modified: a/2/stats
created: b/d/2eok6f4sitqfge8jr4kejgpp0nl892kR
modified: 6/b/stats
modified: 6/d/f291t149vok75pbmfac84m0ffld948uM
created: a/e/cc6bd5tbf8mbvb97gli9s2eunf1gtocR
created: e/f/9er3bufgna80slvujqm1dlhr4phf634R
modified: 6/2/dfnga9hir6b45r11gosjb13u8t47uusM
created: 6/b/46urct5tqs5919t5qpbse1q7p5lt7p8R
modified: 0/2/20pkrkltv4cbett36q8hl1o1v8tv8l4R
modified: 2/1/ee9su76o08qf3ldo7d2b91ts1u845osM
modified: 4/0/cfr4r9vb8hmsn2rcfni6pomber7777kR
modified: 4/3/stats
created: 5/6/43hjhbdsd28emrtt38ombom8dlhbfpgR
modified: 9/8/stats
modified: c/6/03r1faa65a9u2jb73g2ve3l5lffmpqaM
modified: f/b/stats
modified: 2/5/stats
created: 7/e/45d0g5pg34npoli3rkdo02b4vfqat9cM
modified: 8/f/stats
created: 9/0/cf0fllmduad9lf0huqj9kpko03gk158R
modified: d/b/14mt2dsvojuu4nmfagb4ibdmp5aj588M
created: e/4/0buopaoiada26e217d6p1vog4inhq68R
modified: 9/0/f9n0eeu49795n6cuqh9hgq1rj7rbf3uM
modified: 9/2/d5b9722spajq165pv8fii64q4eo5flsM
created: 9/9/b60k2r3ds1lu8v85o6hp7147d3oa3skM
modified: c/c/stats
modified: d/1/stats
modified: a/0/301slls042uassvt9gajv804b6a56a6M
modified: b/e/59c7t4slmtuakdokp4spr5fi24a2mb8M
created: 4/7/d932veqihvo6k55hhhfvppufuvekn8iR
modified: 4/f/143q0r385705mq65248pkjso0jqrvqeM
modified: 6/0/71j64duoed9ndboo6t0kl187sa95aksR
modified: 6/3/f469l7frct89c1g3u74qcuchr6dousqM
created: 7/e/e34orhu1rhq6c97n9q68no85cd2leboR
created: 8/b/5ad8op3vnqh98dbp77knbe1ngkdk9tkR
created: c/9/c174oiepfhdu9620fmav8d5jpcnh2f6R
created: d/2/4cqp17h1ghu1i3vto1phn4i2nqs311cR
modified: d/4/0bds98phmhcctqh0tl6boruqgpqnjh6M
modified: e/5/03r06fgdhu6bftbvj503untta0eu6ikM
modified: e/e/stats
modified: 9/3/e1j25aur2j8092dd56qophf7del0hhkM
modified: 4/7/stats
modified: 5/1/dcmdlcns50pc803ceflmago3vhhjko6R
modified: 5/6/62im9o7icbf01p1mn4nu7nbvv6khd9oR
modified: 5/8/87f8cfk71bkcnhtonqb4n0255p5d612M
created: 9/0/1ae88omsll7efb5k9sb4s23a9h01hsmR
modified: c/3/92a4sa6r6tsgu4rgdsv25fi249qig1iR
created: e/e/fa0neamvbbem56otubft594ujleao9cR
created: 8/6/75kbbicc0enng5pidvdnj6ilanrjr2cR
modified: c/e/stats
modified: 4/b/2fodu7qqb44sonb0imjn8scplkprcikM
modified: 4/c/b7fp1shhtfckaf8fafibj5jt7snpo8uM
modified: 5/c/e4424htoo9m0df0ngu2hepnrcg848heM
modified: 6/d/60orgn4dvrbn0a6thprsvibhk2q33eoM
modified: 7/0/b3nhfrs2ue6bus8fo891n7j6720q2l2M
created: d/9/3fk2r82ed203hm3rh6g463d4n2tdaseR
modified: 2/d/stats
created: 5/a/81efig8qqidtb46rb168ug7of39ljvcR
modified: 7/3/stats
modified: 1/7/stats
modified: 1/9/f7tcv8f5od4b3f6v58e7a1gk52qbp8sM
created: 6/3/b61jj59ujq0tjpms607bgap44bqijjuR
created: b/9/ed6c5v5jhpmtdm9ll45orisb0ngdrjkR
created: 7/9/87jiu0hj7kn0sgum8uqb5qi7qfctb4eR
modified: b/1/6f0obksd4inbs54bbgcu11uk9rgg7k6M
modified: e/3/e17si8jnl0kb3cfbvd6v6gsjsbsgh5gR
modified: f/2/3er8r5imnqsen7c8o3j1tpt7tgl24riM
modified: b/f/a2noqnfng4palngotgk8m6jlp1vuprkM
modified: b/stats
modified: 2/3/stats
modified: 3/5/c2kjpkqn935qkedtqro4amoo8sive4aM
created: 5/7/db4p8bjkvct9ss123rv9l2qfb4f0as6R
modified: 6/3/1ctu6f1pug1a1k99no2vp0crhnk50r6R
modified: e/b/deo25bud2ipur7dj8vo11sqktvtjaf0M
modified: f/1/a275lf60o1st3jteog7mgb3htgna0egM
created: f/1/eav3145jj3gslmlge0brggseeiis58sR
created: f/2/29pk75gjq6mo3j5sa6svspp861hlfiaR
created: 8/2/8dt9qmehchks2r3tbqpr8gdkfabdd7kR
modified: 8/5/stats
created: d/7/eb1piroatjjb2jvs9c759dhdhg36tsmR
created: c/1/141mmn98kob0mk40jcq5ma1hqkcmkd4M
modified: e/f/66g92cqomg07iiurihasu7aon1oclp4M
modified: 2/1/ebm3qo0fh6nrptmbtrp273hn05ghqg8M
created: 5/2/25vg9u9vup38afbbaa8qril9v101o6sR
created: 6/e/f36hv70rnso8ij12nlacgjdoqb70br2R
modified: a/7/844o67c9fnjenqcbjnqlrqolk0t8360M
modified: b/c/stats
modified: e/2/271a27iu9iklt737auue4lma02neotcR
modified: 0/9/ad4vg2lrjmoabrhp3igfaropaes1irkM
modified: 5/2/f5sojohk6iotg4croud9etlcmq8ccqaM
modified: 6/4/1d1939pdif1t31soicrd54ms0m8l6baM
created: a/9/31csqkrrf695unok91rcdv040ma2e8mR
modified: b/4/364asfqeid8v6f0lv3fj32o2h8eup7mM
modified: c/c/0abgpcjm32nh6ds4c9bupqa66n5pm0mM
modified: 0/5/185vfo9924s6vifvfgbamil2i8d8g76M
modified: 0/b/cchhgoovq51dj43qtksvgoq53712buiM
modified: 2/8/stats
modified: c/5/stats
created: f/4/f76lorlefeghidmdef0e4n9b2gokv7eR
created: 0/c/7bl29o5t5hsjevv9j15mgcbf5c4e6c8R
modified: 2/0/6fiu72nlpq8mn031dktu45ig3tgb3d6M
modified: 7/c/dbr542vas4bj2u1mq3fi9tei5n83j4sM
modified: 8/1/799spgqfba6e3tvqbjqq6qo2t0bk70cR
modified: 0/4/38575v856bse6im12j82024vo0s5uruM
modified: 9/c/a527tl965fd2t0kjpo76b3je2baee9sM
modified: d/7/f2n1tof53k3qrajtatbubt5t29f1nn8M
modified: e/3/1biak0jlg6r911lkisebjfurqokac9uM
created: 9/c/b376e79910qumvpr6fdssk5o4mun0b4R
created: b/a/b2ahqpovjm9tnouibv1l1n4nk4kv6eaR
created: 2/6/b6e67trq1cnndb5m6cskka2ps5rvq58R
modified: 3/5/stats
modified: 5/5/5b5pp873ova4drhj96eubn92qo6pmn0R
modified: 6/7/e7hve3n9srp7h0qm8ma9rlrmhj3lv3aM
modified: 7/8/92m0rog519c664cinaah57jjjutdhmqM
modified: d/e/stats
modified: 9/2/316s1pv019r3c3ekkn4ragnibqm2l6eM
created: 9/2/626dmfk3dd1bmctipa2bm1j1a4i4dsgR
created: 1/0/fba4u7dhtnj74fg5055lj2cca1s6654R
modified: 3/2/stats
modified: 5/e/stats
created: 7/2/a9ig4ospjk05v5lokhl72q0p94b6mquR
modified: 9/6/stats
modified: b/7/stats
modified: c/5/ed9r2gf8g9c8fsmmgfqbiqqrdp4jmnuR
modified: d/d/3f9q3nqgbh2rj9up7kpiq2ah68rgqosM
created: 0/b/668ii7t5apk687la5upn6uiu342lukmR
created: a/7/b4ufph3saacnmg7tbht24qd6grivdocR
modified: b/9/12p9qo3qs0m7210alu3t2t8lhqp1fg0M
modified: c/4/eedqlm7thsg3g5jhcn1t6strkebcm0qM
created: f/3/831uor9r577oh7hrr43vi6p55dsqrfqR
modified: d/5/c6td938utfgnjed2soha9j7p1ndvn5iM
modified: e/1/01maaeh18tbfogutoiqk4reusd7vqv0M
modified: 5/3/cb719qnlqm24n0hou842sn8g1m9u8taM
modified: 5/7/stats
created: 8/a/f393r6akt721fgmosr1foh7js7u6ivmR
created: c/5/60ikvqt3j14g2chpsrfjsdo9ftt8ghaR
modified: 7/f/3dukqepf4ih60lt1o4ipor6oopumi8cM
modified: a/1/a0lfl4iku4pg611k30meb1go0bgk34eM
modified: c/c/d94q70ngk4qj2gch7qmr63aj6g7i5tmM
created: d/3/c24ua7jk77do2ke6o5p2fu6pmqdpcpoR
created: f/e/18auup2i86l6nph5olqhf14kpddmpamR
modified: 7/0/stats
created: b/a/a28v2qpi892be3psep1ujb2lcgqfqq8M
created: 2/7/6cn8j2979tt84nhgqb1r2a2sl8tvvbsR
modified: 3/4/cc5d40oaka2fgcfukt3lg7fbog53f0uM
created: 3/b/c5ed4m067asi3dpsqggnbn6l92ig56mR
created: 5/4/0clr94ts8gju68irrg7pp2so3btql7qR
created: 6/2/e3b554fuskk7q4rk6vqf4gibvm9i2koR
created: 6/e/056td92a2e073k1bq0og9ag4tn02j5gR
created: f/f/46jdbaubei3ort27hobkiubah6jgtkuR
modified: 7/0/ecq1945keirefvkh9esn1fj1b8ed800M
created: d/0/cbnptlbt2d469dfa80mism8774qu65uR
created: 3/d/24ibt9210pb1h05jjn35vitjo3lkvcoR
modified: d/3/72tuikr35h5fgb743d2ttu47l7cgmd6M
modified: 7/1/158t85ouqsmk9ipp084vrap1b5q2l7sM
modified: 7/2/37cdfh5nhs9s88l19j882pgieimut74R
created: 7/a/f6umn3aiqooigtpan9soue0p8slshnoR
modified: 9/7/55sjca04vfm3ljlkvjm0j9ioas9j1vkM
modified: a/8/ccg4f2vneapi8ai9rmml539pc9e2h1gM
modified: b/5/2fldk6a5h94uvnj0ob12le9c8pg7c9kR
created: b/0/c6kokr9k01kv8cee679o8nohhmnsa22R
created: d/1/9cv8s37v5p7aqg4vom2mj19nhbfl7n2R
modified: 0/4/4b64v4thv6kn2q73p3nbdbit24ce2lkM
created: 1/9/61d4ouui9crsjtvleu6n11pme8p606uR
modified: 2/1/bbc87ifkunnkv5j2tno0b006uo7mv2cM
modified: 4/f/stats
modified: 5/f/a7j0q3gos0oagbgeop9v465chvosa2aM
modified: a/e/stats
created: d/3/0ch6oks87fc7p4t48iojim9sjudjd2sR
modified: d/3/stats
modified: 0/6/3dtb2u14ah5ni15he2e4j26s1qb2t6mR
modified: 2/0/stats
created: d/6/3dq7l0aovenmepjp4ok26dhde1fbj5uR
modified: d/c/9b8bibad2iomsdch5ab52tn9sqr9rsiR
created: d/b/f59b0e9une8q0rngu4f8lcq9fdo37ekR
modified: e/c/f31a0jqiloomvao4p7k46mk37rum3m8M
created: 2/0/8225epvh3q96mqh4ttekuuc0n6tm9duR
modified: 3/7/f6sol0ral9qj4jro3g8s1rcusjm01ecM
modified: 5/3/059nhnfml9bs0avqqikqlrms3fiekqsM
modified: 7/e/66o1at5jlk6geivb1h8usd8vkf0isucM
modified: b/3/stats
modified: 0/4/575sp0unhepepv5h6t1bibsh6fmrjaiR
created: b/4/0bm5bgdaqn1gn20geb836t29pu5q2saR
modified: c/4/2ft0k15urii09322een12h13vf5mumkR
created: 0/3/bb6a38qnfk7kfml5idcp2v1jj4n3308R
modified: 2/a/86a52o14ita50u0n6b2g4gnnp130o5iM
modified: 5/stats
modified: 9/stats
modified: a/5/e2kru2k4ul9ghbbu3jqtl64de6ibl4cM
created: a/b/06vtnsh60oboi9iotpgv4jfa701u7eiR
modified: e/2/91l62i6l7e5i95atsfrpgigl7h73uvgM
modified: e/a/stats
modified: e/f/93eevejv6sejh5lp0mut53j1baoru2gM
modified: 5/6/5buv31ora1c3mi1prtvn1d33q56uheqM
modified: 7/9/stats
modified: d/a/stats
created: d/c/02h60oo0orvo8n5v9lqm070cgdnruiuR
modified: e/2/1btadmm7oupcakttnmgsgsddmvg07kkR
modified: e/5/76oqoiv6ehj6nrecf4hjpo42llp681iM
created: 3/1/a1nl92tmadg02nu93qs71rca79vtp1sR
modified: 5/4/stats
modified: 5/c/stats
modified: b/1/stats
modified: e/7/6ekdvujbc4a8ao8imcq9nudqgn4sa1qM
modified: b/6/stats
modified: 1/9/d97upbvj9lci3ifij65a07ti2blh4ouM
modified: 3/8/6ajrbo4b26d51oibahoercb75jfmkoeM
created: 4/7/b0lfc27k8dcr041ms7rujmf0mnnposgR
created: 5/a/30ki1t5slmrsn0ido7fhdco3uvloh46R
modified: 7/7/stats
modified: 9/f/f3glc4crnpkho7h1gnbcp1hej90pclcM
created: b/f/6amb63r7obbg7q5g1m45jqriucp3698R
created: d/d/86m77b66998pju8vc633t9tk6m4efckR
modified: f/e/14pm30shh214785ep0bik53qvrr4fbmM
created: 1/c/8ddrb3c2gf9d26junbqd7d68st7gbp2R
modified: 4/8/stats
modified: b/b/ffd7359ekemnej11keour56taj6u3dmM
modified: d/d/stats
created: 3/6/522ardv7uh2q3gvvmjdfk7bjvkhe9fmR
modified: 3/d/stats
modified: 4/b/8c3giola6au1u54gb184ptorl2tr1juM
created: 6/9/1cnq2t2oplq346g3r471d9l74liamm4R
modified: 7/d/stats
modified: 1/0/stats
modified: 1/1/stats
created: 1/9/7af4gpvmbf035ua2qg395gfrbik804qR
modified: 1/a/stats
modified: 6/1/ads8m0smmupj6dp1dsdconi8oafqhpkM
modified: 7/4/stats
modified: 2/6/3c0qp48vgfms2dia2akfmp9pg3b7040R
modified: a/b/a808le9adhfmn4ht5gqo9qakfuc9oueM
modified: b/5/stats
modified: b/d/stats
modified: e/5/stats
modified: c/e/bfbpupcfc5q2p9koeho8c9v5vtegujoM
modified: e/7/b66jtn4de4vrate83oqoc2iq7retgdkM
created: 2/6/d4lfm54rllrgg0t6quibrp7gjrhovgqM
modified: 4/9/8ctlgv2fetu7k0ng1999dkroamshhr4M
modified: 7/d/b8rm0vgt4tin6hdam5pcc0qdealeen6M
created: a/d/cejtdpbegcrjf0n2g21t32v4aqqkrbeR
modified: 1/6/stats
modified: 2/b/stats
modified: 3/5/18hvjjjoeochok9jhk6f0dcg6clsv0cM
created: 7/2/28u0n1dmfd2gmq4f0gcq5474qlp41csR
modified: 9/b/fcg8s1en4fhushfpp0lvmd55e3lpvsmM
modified: 8/a/68sqn785nomn54phqv6ga69inbq6no2M
modified: e/5/c7mu4bm9u6hu5k88tffrid7pmpb87duM
created: e/d/a2uoa745csch7m1eskpvc1vum1efs8kR
modified: 5/2/03k94dcvb9fou297qdkl0up2rnk2k4kR
created: 5/2/634jb2tct2t9bqrtc3ik3ova5fv5c4sR
modified: 5/6/91beqfomuajnsnatojj5jejqjo4fgugM
modified: d/6/beu0ukqto61t22ee74p289kis395s14R
created: c/c/adpmm3gt4lab3apl8rnl7k2iq1rficuR
modified: 1/c/stats
modified: 4/e/9b8itnicalu5hngn329ctcr41mhj738M
created: 6/9/e073cq7ojjnqqnmno2tfk29djtr2k5aR
modified: 7/6/d8q526dtva4h47aquev2g9jo4qge8j2M
created: 7/a/4bo0efakjb9t30p59d6al70rm0clhe4R
modified: d/e/c9m5vnu6opc9fk00uhofr5ddjpemk68M
modified: f/7/stats
modified: f/e/stats
modified: 0/e/stats
created: 1/d/56us7ottsnimb3oe2um7b0lg0pfiu34R
modified: 5/9/stats
modified: e/0/40f47s8rp0maemlolu0j30gqob47ubeR
modified: e/7/stats
created: c/0/839f3gnp2b6a6b281lurugvqvuont3aR
modified: 0/5/c4q8t5ovof7aa5d062cg99ssbii1ae6M
created: 0/8/e976vg501q5l0bon0omdmqi1tftp7s8R
modified: 2/e/d8figrcbq38vpbl62alkg1qoguk6adeM
modified: 5/1/36b24e33uj9jl12mrk0lv9lhsp8fgmsM
modified: d/4/6cb2n4sub8ba98rjof18e14u7n0klbgM
modified: e/7/3engi927nfoc4u8078jt2raqbuatnu6M
modified: 7/8/1bfk2dj8hg832u823mifk680icaviroM
modified: a/7/7bcrgod0ro662k4dadajng4fo2v3jjkM
modified: f/a/f9102tfv0gf84qk3t33v7k197vvobu4M
created: 0/8/38k1n70qrdt77dhrruann1mo9vvvfv2R
modified: 2/3/c4qfejhdshugd0r7ojnhrt7d0f32mt4R
modified: 2/9/dcaf608c6dfmi1po6n937u1o2ql3fgeM
modified: 6/8/53gt1r2acurmkt2nh2vi1s7993iv61iM
created: 6/8/cdmhgfveu04i063mf1ns7jh4t0ikq52R
created: d/e/08m3jg8m89vt3b942ehh761hdi2h8riR
modified: 2/b/9aqiu97e8efpis4lddqt22o56hi0vqqR
modified: 3/3/stats
modified: 5/d/a7oa6opq7blhe81168c5tesanec4gkaR
modified: 9/6/c5o0l4lstbba1dasj842s3g5c06gicsR
modified: e/b/eaodpika6sf8cm5kp5ilpq3j3e7fmd0R
created: 2/4/ce0u8llcvf38dajr8v32csrgrhuksk4R
modified: 7/2/stats
modified: a/2/38seoqfoa4df39i97b0hbslo8fb139kR
modified: e/9/b2l44pjfl8b0fekvk4sfbua8k2a19uqM
modified: 6/1/04ok519p6gj1qiujkkg11oo3u5jko12M
created: f/0/b167o7dro5co5nnbc4c9jqsn0u2fgt4R
created: f/5/57sougi665idii7763oo5c9p0jsm7e4R
modified: f/1/75sqoqqnlgv6ulukt956jcaq424l14uM
modified: f/c/1btp4sqrn8uk2dt09dtpjqpmuj493auM
created: 0/3/10ea00ijbmp2r2h0rg01fa4kdsbtlgcR
modified: 2/9/78a91c5lmltb53vlpvbgfjqje6i68mqM
modified: 5/a/stats
modified: a/2/6e2qlncic9jpq4q6se8u2cv184bsqviM
modified: b/0/b8s4egh5c8maen23np2r4v4lflevq1aM
created: c/3/e7qtig2rv8uaai38q0cj92hl90hddfuR
modified: e/c/c50ur7oo53ek1oiulbep2e607u63bcqM
modified: f/7/dfe8g6o2fkdmbmq5htbcd0l83pht5raM
created: d/3/c3eijod38efhq28hjk8s9lm65dejfquR
modified: 0/5/stats
modified: 2/1/stats
modified: 6/0/stats
modified: 7/6/86n21920kc6k84stfsd2st44ff5njiaM
modified: 8/7/stats
created: a/4/65jou02fmd0e9gs2bkbm7mt1ie6aasaR
modified: 1/5/c4ugsm6dhgtshss0tt1g2d0ab7g41caM
created: 2/6/709749uv61k4ijhr57r8m49o64mrqjeR
created: 8/e/cf54ajtgh4ujc33s9lqraft5l7o13b6R
modified: b/6/75vrurimob1f261d6hrcd93j096op0gR
modified: b/f/902qhevtu9g47b4je78p3mktb14lrn0M
created: c/f/7cl8ha9bju5madtjm7d0910ggpng73qR
modified: 4/9/f98ka3m0bmh0g8pa79tg6u7e4jnft8qM
created: c/1/534dbj8ikuvbcioukl24ubevaarruqqR
modified: e/6/6c348g8b0fek3ac2s5k9a22hltpi9p0R
created: f/9/2cav74ep4emsr29qli1qjoru18p8dncR
modified: 5/8/stats
modified: 7/8/stats
modified: 9/8/ccu4i07kcom3q7s2ffvtgujdglaogekR
created: b/9/6cjbq7cudekf2015a0lkmm5ivo4c0f0M
modified: 1/5/stats
created: 2/7/f7598l3la4h3i3hgjg25fe71a3sjv0sR
created: 4/0/2aq1uo8upsgad9loc7qmq95g3n6td40R
created: 9/4/2b1jhdl1apt169gdbbgd2ou2se71dbuR
created: 0/e/d8osl48q26h4dqg0iued1spbk4n7i7cM
modified: 1/3/2f3sr4kmt3c63jt6avrlfb4c3b9kmt6M
modified: 1/5/b61o69u9mtv78clrsq1en4aj87ej0feM
modified: 1/f/2601sb4h52k7nk5hpkvq6l98549gjciM
modified: e/c/stats
modified: 4/stats
modified: 6/6/014sb6f5rua6plv5odj4iqpgv915vauM
created: 6/f/a2ejkolep3kakjpgaglnsk65s19snt0R
created: 9/2/bfdbpk0469dfdet894nt6reullbpe86R
created: 2/4/f7b5s6o99p4ttj5rqq3fsvu6qc9i3i0R
modified: 5/b/0fnnltvmopm3q4bns28mlebill0htduM
created: b/8/f80kqj6klaegmd3p3trv81173dc6da6R
modified: e/6/stats
modified: 4/d/echdkoue3vqe2sig3q9ljjfnu4b1i6mM
modified: 7/7/38640rdh0kkgrqvlu69rmtf6anlcs6kM
modified: a/f/345dat3a4p21lqtdnsnrkejubt6o2miM
created: 4/1/63h25q2hmitd9v35nl255t91s3e8a8cR
modified: 4/2/1aql81cfe5dtsctpvamqm3cmi5bf43gM
created: 4/4/db2pbo624oi7jg04elikuc7th8gosk2R
modified: 7/2/01lnb9ti5mj3p87lbd884ehj38dmoagM
created: d/5/539inapj1avun677hve9ma4207ni7o2R
created: f/2/c7gddptevoranrqrcctceq1a2b4vpg2R
modified: 3/8/stats
created: 5/0/cftjirigregh7o0qk7csns1mk7jl0b4R
created: 7/2/ean78teodggg6mafdidr39cpav0u79uR
modified: 7/1/d0aukorf8q2n8kmct5njqudv3dshcmaM
modified: 0/0/stats
modified: 0/8/f4cv686fbofbhmai0g5e08p0lcuj4h8M
modified: 3/c/stats
modified: 5/3/e7401frhjue8n7vo6dci0gg9jrdr57oM
created: 6/1/c0fhpmak39u8go92bbiak92a6etpepsR
modified: 6/f/stats
modified: 9/4/29rak7gju96v229gnlqphqp05fbaa4cM
created: a/e/27squf92ubsjmafctjq3khgdidmjmfiR
created: f/d/c8s6q0ufc74qogqs9ti50mvr4ab89h8R
deleted: f/1/702vm2gv0d28dif3icgf20pneim2alqR
deleted: 0/c/29t22ef382ee7ce8rlkr8d6g9bi8g2gR
deleted: 6/d/ccvcfrr6t09lvcugcs70im1ke9m1duiR
deleted: f/c/bb7r7luntlel40681nkr8d8io08u2iuR
deleted: 7/d/92b02jorpdni1bee3pbm7878r7es3m8R
deleted: 8/0/bf9sggo33oekd83scfdj3f72rttg6ckR
deleted: d/e/5erg8jpdvg5v6a3ecl9cp8bf5vjk1esR
deleted: 6/2/ffhqvbara7lml119bm36mpkm6uv1veqR
deleted: 6/d/58k6l0ujfpeqvdh27qlkvpgt09e3n4cM
deleted: e/a/dcal58m3jihhhmr6ko7vsshkjcvdvgqR
deleted: e/f/3aq15gvmsdu3g1vpvneo4l7i8vjdmrgR
deleted: c/a/f2735j2rlts23dlp680mb1ehar1drj4R
deleted: 6/8/d8n92jdcai68esa2fr6feofe3f2e2qsR
deleted: d/5/23u43c1b8baeof3ld22boonsfh0vuciR
deleted: 2/a/01tuj7e6n0anqqbecf8k745p1v6ugdiR
deleted: f/5/673e04hg5km4qegmvg64robbh9cd960R
deleted: 9/7/5au2i1gfer8g26bhq54f75el8qopon2R
deleted: 5/f/b14bnhk8gqlqqu25l44osj51ed2rfm6M
deleted: e/3/42nosdv2m4q9ant6r9lu0fkcpvmmr0mR
deleted: e/5/17ldthv3tonf3idc560fofsml8tk830R
deleted: 7/2/a18pn30qvslp8qgdegtkqnj0cntu9jkR
deleted: 8/0/bflmd63l1cac4adl9b3pgmp9amtb8luR
deleted: c/1/4dmam62n9omb707kedd116b5atv6l76R
deleted: d/7/3flq4532dppvo1vt292ua5vcgutk2taR
deleted: b/1/20anjnsci98nqtg7r0fijdh464v0aleR
deleted: 3/e/8doqbsftlk6angm927uqgd3diioun7oR
deleted: a/2/b2cughg10uemups68u3cq26s8musb0cR
deleted: e/9/ebj92k3gfeh4ko1o62b34q91nma8qloM
deleted: 7/3/c43hc2f0t4m214eaqpi234mtchq9bcgR
deleted: 3/c/f02m13auu294d5rlulru5pde98lujtmR
deleted: f/d/bdnb58jcnsqfuor9ia5auei2qualpn0M
deleted: 5/1/f7vbh4jqi7psjtgep2drjhgbs81lpaqR
deleted: 4/5/72g6pj0d0u0lfr3c2a6626e7fdlreacR
deleted: 3/8/4366tj07tpj8e2j6ocdg5986a5k2i0eM
deleted: e/5/11og0dhu4k5gn477pilsrfsigp5antcR
deleted: f/6/80522mneh0olfuh3mb49jbu1l8smoi4R
deleted: 1/2/31r5485o6rf2ipq3s55kfa4carjddkaR
deleted: 2/9/d8jii1cehf6atfucvrjsjutf3petrqaM
deleted: 3/8/78u45u5mfa6nkjd2jom5m8q4fcr7l9eR
deleted: 5/d/2c9ng1qte6041t3un2gt92ogo6aht3mR
deleted: 5/b/25dk4iieaier17bd57tfphvncloucooR
deleted: f/2/a5tgb0t6hu7d5khu5l143719non855mR
deleted: 2/c/60un54349idrqm46rscmitjr2vevtd6R
deleted: e/a/3arv6kr14fu2j77e0jjdal2f4j3jpf2R
deleted: f/b/9403rd9ck2cuh2fvubqt4hn1j2fdik8M
deleted: 0/b/8058qm0odj7e023bojf9sv8h42c2bimR
deleted: c/a/e52mvebhqvek1v7qcttdgom36go9nt6R
deleted: 2/d/dfje7kh4v3kf3jc17rrfqfogkdem2i2R
deleted: 5/3/04p5gvd4f2u9segi0u9q0phbdfgvd3gR
deleted: 0/0/dd0o7fak8ip2vdurfsas7uo7jgu7ftgR
deleted: e/e/589882bp5tur8i2sapeudea1sn0nsv4R
deleted: a/7/7cfh5217uomps8tiq68oisdkb6a8gs4R
deleted: 9/2/713flmr8l3lifsejjg8i8pbn3n0t2rmR
deleted: 5/0/62it3ecs88b99qdg0u3lhafn13udeukR
deleted: 5/a/52k97rq2e85taev90tup7hprqj5hdieR
deleted: f/4/6ecki2mi6aqoh21h5qfqkmjj7o8ah4mR
deleted: f/0/097ojf3lk7n0bsbmkch3sjchima4h8gR
deleted: 2/9/08oajr2nagvp4ud19j0kcbg1u8linkuR
deleted: 7/2/8a9m9vni4ta8n381mar01bm5h3uvrqoR
deleted: 9/2/13nqbfbeoql6gncmv11m0l5o7at926uR
deleted: e/2/c6vkd3frmspurn9t0uhv2506g8s6208R
deleted: 2/0/e7886v0to4bv9mcmn637fklr83vsq6uR
deleted: 8/1/e5cp01km66bf1rgfasp18va1fshg2jcR
deleted: 5/8/96p3kvfh11o0sgh7sksjo4a2gm89c46R
deleted: 7/d/2c7qq13oekir3qod2i800ai1fjroc52R
deleted: 2/9/d68fdgiuq4d6kjcb6gnokadt9glqjusR
deleted: f/6/48fv27a39pcmrjtu810fnk9lv9llmhcM
deleted: 7/e/e7b1lrm9fjahjpmr8pos69bvnb7mq1iR
deleted: 3/e/3bsdpttk5et3ddms6nm199ha1kt85okR
deleted: e/b/edpu0sajrtogt0uc88m6n6jlacsm5ikR
deleted: c/e/b2ic316v9qca9i7kob082bsc4qo4jd0R
deleted: 1/2/58f3ekh7037kd1htbl3ugsg2kbnuvdcR
deleted: e/e/36si2v6d35160jh69q16bph26mr41aiM
deleted: 7/4/97cumuajpv37d68cb4rvdc2k1a7b3ioM
deleted: 1/0/87a5hjum13fhb55s5qajuoi77vtpccgR
deleted: 7/6/365t1figbmm4qsged5910t6i1svahgkR
deleted: f/3/19vcuuh1oiifvia3h4ndbr431dpp90qR
deleted: a/1/ee4l2i19sulnbvr7tff0l8mv3qha26uR
deleted: 9/2/88k86mkieognp1uagaa54rdl89ragi8R
deleted: d/0/01mh28d5t87d52kt005ta33r95b05roR
deleted: d/b/9ft9eiibvi04t6c17lamr57s7dkjoo8R
deleted: 2/1/0c0kuaqq853dhem2ccsl7ggdi4418a4R
deleted: f/c/77gqlhjkcn5oameeoc6q6fmufsd8jl6R
deleted: 1/6/8b7312l5ssjhejuntenpd1c3jveor50R
deleted: 5/6/3an8cf9927e2nhacpbu10f1386hdkvcR
deleted: 7/4/3bf29lpoto34dto0qbfqaaclstvuec6R
deleted: a/d/792o65ieibtqejlvp2l5bp1d1gtej5aR
deleted: d/d/e1sb10ehvds01pb6l4apq1rngm60t16R
deleted: 2/e/21d757u48jnkd721ebh4a5rbs7cjif6R
deleted: c/8/516j2fg8fm8e7gh2nbt5limq2t23l6uR
deleted: d/e/d4vqcjgf5ik1v09sksgpaekbl9ubptkR
deleted: f/3/8f0vs6itvgjhq4fslhr9ek2k5lgj0umR
deleted: e/7/2db86hhkgqrg3b5fb0oebs4kao6br48R
deleted: 2/9/074knppb3mnnuft0tu27vecrkkucc6iR
deleted: d/0/a8co8481fhagq5pp2fnp6ghg5iitjbaR
deleted: 2/c/89r0q0cctspm8slvho3s17buvj8ieqiM
deleted: 7/b/e39e9l9hn0kt1e6ij9bslj27lp1ge9eR
deleted: 6/b/544us2mj8ga70n7i2v7tiuqjru07uasM
deleted: 1/4/373n73e943leudu236uole5d8spboi6R
deleted: c/d/744fi4413m4r5mfs1bj3b0025s90pmqR
deleted: 5/6/6aqgede22c38tuj1grivrbaamnor4qcR
deleted: c/d/9a0ij80552k64jm7krc82radeh7d0piR
deleted: c/2/b240mpnlsvbqipb6s9nh1gn2vj2encsR
deleted: 5/d/24gd9fj3is7qept8qfjcvp4i5jrjmgmR
deleted: e/2/20tpm5bh8f38ts4eo78d7f9tnbtipvaR
deleted: 5/8/a5662hbtt5t4sm3lggoja7mqfn28i8qR
deleted: d/9/38b6kinfqei772iauhtb9du108h8kj6R
deleted: 2/d/29uf128pcvg6ikvoehe5ajvdl80nch2R
deleted: 4/7/643ssbad8ab5go7t0j12h9bahrdtomeR
deleted: a/0/a58lvkbfsrc6nlelc4512mer355h7jqR
deleted: 2/f/45sbj5reld5j0gq28n38tjgrnbfob1eR
deleted: 3/e/1a8hpi9s8k2r98ntpgbpvsc7u11erlcR
deleted: 3/c/33aohiac26uclu0oifb4q6tltrg5h9mM
deleted: 4/b/f07o31ei35sjqp0rci6fmbjjqg1tluuR
deleted: f/9/728tq0t1pljk6ech29b0g3b6pvji5ksR
deleted: 6/7/6611d7uk12642brs96tf0p95havqjh2R
deleted: 9/c/09l2bcmirfs5fe38ivqq5ipk8ac5qr4R
deleted: c/d/c8um315dg3jnnika9bli4tfj982bqt0R
deleted: f/5/c8peib4ung3fqa9jihg9etb2jluteuiR
deleted: d/0/080i9fmg9erl0cha9mlq9i0jb1spca6R
deleted: f/9/48iitcangd40k8b6jet892htofvcrrqM
deleted: f/e/e6k2e8bb0s6593o8tso1p0ga4f2tpn0R
deleted: 7/4/b3815kh2b3vjhtai4eau0tnpkhsn75cM
deleted: c/d/7a7qbu9gs8rv6i94fr439mli60ug5p6R
deleted: 9/9/f30u9qgk6u06c1nj7e0dg4qj04ujs32R
deleted: c/e/14vvka7fq5maq2mu5ohktje2etoonc8R
deleted: 2/6/18mgb2t37abp2cg4jq69rlcpsememp2R
deleted: 3/1/e19m83463cjk4gb1pimf67v35bs8784M
deleted: 9/4/e5ei4mleo0ci535ghutipussg9l08fmR
deleted: 9/6/cd5j1aavctj8km47iqidijdrud81lkcR
deleted: e/2/257nakrj59gufml4mibcjsj1cufncfeR
deleted: f/f/13q95k6mlid4b5adsaep3i4pch0l6amM
deleted: 2/9/d5nvhurnop90h63mq806crfshs4a9c6R
deleted: 6/1/35uj1l8aqmv3qn5a1ua709nmso1mq90R
deleted: b/2/e6hqgmuk6sfo3r8eb2goa19ds5i7ttgR
deleted: f/6/26purbaf72m355q4gi8ebk64f6dl4ksR
deleted: e/d/b90v4kc03ajrtmraleuqd2ha7edjtn4R
deleted: 7/f/dbgat3gpm8o2h45hfp5jnt9pnd0fs3aM
deleted: 5/d/95cbnrn5nfjm419ppcns5od27ru43tsR
deleted: 9/9/73d9cp582t5bafusr03bi90lkbb090iR
deleted: 2/c/522rv8262rrpubgjd36doi03g1ujhkoR
deleted: b/5/d5mismtqebrbnjbsj6bo8ceaq2ie2h8R
deleted: f/b/b6gipj2sa9tbgnsp0snjjuvlftde4dcM
deleted: f/8/e2gbc2f3f0if16igfamkiinsftkl7gkR
deleted: c/9/dfulppl5l3qc0feber1aiulcut289ruR
deleted: f/f/40fetlvt6u7qateu5fbkcacamjj8m5aR
deleted: b/6/06o6j3t9qpuamsahct6treum74pmd8eR
deleted: 0/d/34f281ivif449k55hsbvlggbk8niocgR
deleted: e/c/8aa47udtes8nv43dipo4drgovnr77ncR
deleted: 0/a/be9k6ksh0d9js2q34fhd91df706k81mR
deleted: d/c/8fgg5c1cdkq4arbsl13vb2237qe2ensR
deleted: c/e/10f3a3abdj8175qgr9rvbgpb3ne7m24R
deleted: 2/2/c91i4611sd86iogbtblvsehsc46laiqR
deleted: b/6/73ipcu9anu3jd7e774dcr4ergvfn92kR
deleted: b/2/74pbdo52nrcomelugk2t86jbdpuutbiR
deleted: f/c/c758oboqbr6cn0h64t5v0nt56qefbjuR
deleted: f/e/c85c9l60msd3cvae41kigf5vtco0h54R
deleted: 7/9/c6llt5gd9v1jituc6hb9v5aap7rdrg2R
deleted: a/b/b0qjam42eli51ddu0c2kbvr9ba9d8noR
deleted: 1/6/a70tj7gj4su9rk0j5i451p8rj547nm6R
deleted: b/b/bbqsb4b3b5u3lljogo7n81mrhhfntsuR
deleted: c/8/81l9uhq32tc5laf4m2t0lsrh6loneieR
deleted: 5/4/22d7riu4226rlluihk028i4lsq20cgaR
deleted: 7/5/0di4l1dv0cmmrl2cihjb584g6l651buR
deleted: 7/2/e6r076ppkc50udake74r3fc6h2e9frgR
deleted: 3/d/6emojt4co8il1e977qsao7duvhsq5rmR
deleted: e/0/2f75o89646u74tjqe4en2k7o8ih0ai6R
deleted: 7/b/70tb1d05lr4du81v3u32frvudc5g2fgR
deleted: 5/3/8eslt9iikqvrei33h4be5fnmgitquteR
deleted: 1/4/5drlloqdh4tkvgd4r3mahf9ndmuj7t0R
deleted: 6/9/b1tvojm59fsakfc1sk95jcvc48eb1bqR
deleted: c/d/5crdmjnlm3v3hclqi5mfnuq5j599rk0R
deleted: c/1/f22qjpt8r9nlg19ejo320neta37vb5sR
deleted: 6/f/04h3tdpgjgr1mn4potvu9shdmi5rbe6R
deleted: d/8/4c7oians6n2ehh2nnkf3qla6m40b2aqR
deleted: 7/4/0fb5q9tpmqnm0rhfekgpi2ss2t0u9ouR
deleted: 0/1/2795bom63gje7mcaju297tf609qdho2R
deleted: 5/a/f911atb98cgq99qpnsmfa6up7if8aqmR
deleted: c/e/183vhn4uqare4rm296dr7f8c53i33peM
deleted: d/0/802tl6jup6ocppurke3borrt7tikh8iR
deleted: 6/6/89bgujmj24fo59qih0nafvog9787kaeR
deleted: 4/1/1bsnj1qvjm0dq8pkgk6u7smcmb3tu0iM
deleted: 3/3/4b06s2l2ki6nlhmnpr47rage25su28qR
deleted: c/f/23nsng59bq77hkm2fmck8k7thqvsdq0R
deleted: a/2/484i5b7cf5mntnhq4btpcmb3n4i8vtkR
deleted: c/e/81v8h1nhu1i79rkuafnsc1pqtpat8esR
deleted: f/9/b4itksk9ehvrdrvhi7s3fdas3b8urk4R
deleted: 3/5/787kijqjl1reu9fio1bmsb3qvld7u56R
deleted: f/c/fclvshs7sfo5uic81cll97mg2j4u0t4M
deleted: 0/a/d36fhdh2bj46ov09vk1k806as2q74r0M
deleted: 7/1/c8j82oa3upkh94qclioflsib4mhokr8R
deleted: 8/1/bbfii2le6pavid53hp106fiq0stfbuiR
deleted: d/c/6332dsndtrgjmpme96s7qi4n6k8h7uaR
deleted: 8/0/b5ahcaou0je9qsdcqopflua14ejq4i0R
deleted: e/6/a9qk8og47722c6gj2p84331e8uur2uaR
deleted: d/5/a6f3nunmuvq9ovb5a78ijgcm9kckch4R
deleted: 3/b/60sjlvuu5ql0lqvbg7iqb71bph51i7aR
deleted: 7/f/884ujecvtkilnp3en0r3cenpl1d2tiuR
deleted: c/3/cf93u6be8vii6ncj8p3p01s6974sapeR
deleted: f/c/dfuf5em1kiabd9of1e62vqc3sm2rvb4R
deleted: f/e/3d7c51hjqlfondhncr4drdckb9v6884M
deleted: 2/7/3a8uidtv43k3gajr1r24orm87j7fph8R
deleted: c/1/12tf9ao0dkcg88lt2vcb135jou1bur2R
deleted: 9/5/674m6damkp97dk7kt27ubat7punkqsuR
deleted: e/6/21c7n5o1blq4epcv5tdria8ejm3s4oiR
deleted: f/2/6cklls22s8li3fsnh1nnrrrmbrkfcmaR
deleted: f/d/e1id8f3aaqg6bjtkiv3dug6frvk8c36R
deleted: 2/a/5boj4uv0dbce1pga20kl0e2lclqtqdaR
deleted: 3/3/aekj8k4vtf1n9l7b144demmib7nsds4R
deleted: 9/6/c7q8n5nmeb1eft4ii38dbfqm4vadg9gR
deleted: 3/4/f0n74f1u9djktarsq8fstbmm196h62uR
deleted: 7/a/c9jg4e9u7eooafv6qd3hsarg20cl21eM
deleted: c/e/d0rjguofgak24ce44ur7nda3kmcm664M
deleted: 5/b/862hcgmk1q41nvef1bd3591p8quf9hmM
deleted: 5/d/22ess9u93apnejnu175ibpmdc0i64icR
deleted: e/b/aeu9t8e5c9hk65184k12ptemtps6kd4R
deleted: 9/c/a98krs4upqjsu0ekst6nhpkhmsef9t0R
deleted: c/c/84keni1usud4np0cdar8835ac63lnsqR
deleted: f/b/47qk76gt1fsschtpttr7s84ho8avi86R
deleted: b/6/6deopjp43umr9tu1mi2mt6rm68chlkkR
deleted: f/1/322hgsrk749hcgk8roijku0qlam76t4M
deleted: b/5/396obg0c0eatcenv6bbrkrl48i4ob56R
deleted: 9/6/9aljbjkjk7jmcst2sni2694d0k2e9vmR
deleted: b/0/263c31gqs72m300auj3745e758udt52R
deleted: 3/a/d0rur2m99rcmqpbimmfth2ncj94es7oR
deleted: 3/7/1b28epsnacp8scqhrjtkeff6sajammoR
deleted: d/3/5cu297418782ofmcsno02mksponc82mR
deleted: d/e/8cpnd2p53sfgjaa8m0onfkc0odhsft6R
deleted: 4/d/a9vo87lbmsjf319bqlh41gsq07om6fuM
deleted: 2/5/960eov7a1bgukeeenrj2l8ap6kqtrv4R
deleted: 4/6/33n695a493s3cr16r3i33vkgoavbkbuR
deleted: b/4/d9fls4m5vtgvlnllhplnkqair430vcoR
deleted: 3/2/fcha6ufg17ihqf4l3h54u9mk8r7852mR
deleted: c/0/b09eqvb1cj08b86p6nplgncl753m2q8R
deleted: e/7/6b97mbphjtipq2g903hsrl2ol7pimccR
deleted: f/0/89gf3h6c0o6usfcbtkqrsoq4cu6ibniM
deleted: c/6/8a60191roe3o3v39roqk2frnqlb68gmR
deleted: 2/b/2fnnc7gv5mhkrh5jnp7pa51lbphsckuR
deleted: 7/c/1396j5hug1u65bj0g87138c4lut9c88R
deleted: 9/b/53l71qa58s5326dgvqqpa47qckmv0m2R
deleted: 2/9/ddrmfe58tm99ft0p9gdcsb6e7952il8R
deleted: 6/d/2663l6sol884qqr4ds1sdp9koqjlun2R
deleted: 4/3/afavfdb00pm4ni4ur7m9oauan5rddmmR
deleted: e/6/2fvgbt871j11fndgkqd40ksg04q9saqR
deleted: 5/f/50h0e724i67ri88slgei4bmjfh7na6cR
deleted: 9/0/9b4qqot6e9v1sl6b66koi326plar7amM
deleted: 9/3/421cuck11hl7nj15r9rn9d00lqvlsbiR
deleted: a/4/42dkeh2k2cv7a8gae5tbf1rea8sjgvsR
deleted: b/4/43rvng78uhjs9is8s2vcf1st92dficoM
deleted: 5/5/95o7uaumh62762pm27tv4cs83j3r7usR
deleted: c/a/eatocgjfrjkti5gmr1f1lvqv2ftn9t4R
deleted: f/8/84a3d4g7r5dji6soi2n03cds907ig32R
deleted: 7/d/9bthqi39neoumtm5a14cc4fu7dsj516R
deleted: 0/5/0fjsnpeju7i7qcap4q28a3p5hk9tgt4R
deleted: 2/b/bco9mjn2e1iqe9842ibnpooj6cc5ft4R
deleted: 7/3/1e7f2ovok050g1ou5gnt03h111t5rreR
deleted: 3/f/a698vl6antm6d3tev3j9pjjfqgmvl96R
deleted: 2/8/fa444auaos76g7iba5sqm45lo70edusR
deleted: c/e/30acorq7lrh1t0nqohhhdp012ulfv9qR
deleted: 2/2/17hcm0b7c5rrs86mnjss3j9hv66e84aR
deleted: c/8/7934akpf3cdbtkh7t2cac8rm7b6c2nmR
deleted: 4/6/29kes818tt2eptdv8ee5amqon0biaqqR
deleted: d/6/489kra4tich81hcqcvhicdcgfadt9v8R
deleted: 2/c/cea5simn2vkh4lfqr4b00ett72u5ncqR
deleted: 3/d/539h4jboc7rdqeuoic864sh7201r3jgR
deleted: b/0/e4j0290cdrisuhi5u1k3ni358sfr3ksR
deleted: 3/2/8fmeotdo3bogh85s0k8fttsrdm801q6M
deleted: d/4/ae691sve56irsrtnh8fdv42kfe94u1aR
deleted: f/9/25ih85g313se1p1nhngevpabcechabqR
deleted: 0/c/130ok64rvqhbjehujvpsn67fvhqi8hiR
deleted: 6/5/90m4at10777m43utte78epsh79fp0aaR
deleted: e/1/646ti2mhpdrfgthlpqhj6s3lrfko1pkR
deleted: f/c/43k18f3dus1tpjmss26ufgfs03uca3uR
deleted: 9/6/deh9cbli255f1nl6t0gak2f3c3hqoikR
deleted: 9/c/70ik8vp5919humg9qqtljn3de1jl61gR
deleted: b/c/b50b9f1qkm4nbvt66gjdc6l3b76t4qcR
deleted: f/a/5d85b5tcduurtrrmnqldbiaj1l95pskM
deleted: 2/5/adeu3jsvebfnds4fe898bupk2lf6lneR
deleted: 3/d/7f2t5ecph1t66l7ie9sck4vo76cd1kiR
deleted: e/8/76aqthsag0g7kkujdurml5v28q6d35uR
deleted: 7/1/22a89ithij79uusk37igh1s9l4fmc88R
deleted: c/d/3a5moie468g3uke51pnr4unpq6ugq4mR
deleted: 3/c/401vct2eh1dr023kusrt0vmbdpjl61aR
deleted: b/8/bae75te1orlnhv2bmut1k8q24vdj43kR
deleted: 3/c/6b6tcgdlmerkh9rn18tstrn85ah5squR
deleted: 7/4/71ddij662frod5niop4mv34v0iv5heaR
deleted: c/9/640mfil44lfbgque4hd0t8c80bb427sR
deleted: 0/2/0ffvonsvfp4nu32i7c8kejkb7s5g11uR
deleted: 6/5/d39bjh8tcotilht4bb8t2a4fhg46pjcR
deleted: b/5/32o640a4onvr981sgoe7c9gsjc6fmsiR
deleted: b/2/19pno9p69tk1kk5d812nm50vpkif06oR
deleted: 2/f/4baqrki66huut780v075n4gd5ansdv8R
deleted: 9/0/7e05oat06bqvhl4uc6c7d0ogk3o0pl2R
deleted: 3/e/a6gtjrk4g8lsqpbnm8r2t0mnq9gqhesM
deleted: 1/4/f1e87cmqedfik7qcg5sj92auo83ucjcR
deleted: 4/a/79jqim7hd7c94e7utp2ri26t8s2c2baR
deleted: 2/b/63edss5i7o3auk6p63jn48qv0jtj824M
deleted: c/b/4a074ps8t216udiv133ggoi4ss70794R
deleted: c/f/24sgq53rkbmf31kviuemg1sv5o4ice4R
deleted: 9/0/48h47khcmjppi95d2r3dkgqr7en88oeR
deleted: e/9/db7lqdtc0jcsjo0n9gkiob8s4qbdfk0R
deleted: 3/7/60pq7i8n39683u08mfrvf5ea0ib5g64M
deleted: 6/f/e53sa2pq8fsqenrg55ls8sjt7kcaehiR
deleted: 3/5/75qvmh9ie1f7krt99n97ftjrfpithruR
deleted: b/f/18cctf6lqlmrfomghbre6r32hpffj6kR
deleted: e/7/2387uic52ntvglas02a94sc7am0ln48R
deleted: 4/5/dc8kajdd8jg1o7h6r4fdl06sea8g4cqR
deleted: d/5/0dheaj7ti2rm10vchi1rdjhrm5garn8R
deleted: d/5/bcnned9bsd8rten809ut8peurj00u6uM
deleted: 6/b/1c8id31qrc4pegrefgam5n5ats13s5sR
deleted: f/d/8fl9c5d2v0poodh00as986rv9sem47mR
deleted: 6/8/1fmoovs13mq9de432gua7uc0rgv1ijmR
deleted: 6/b/efsujehi67inmna034dj10eth9v8bfkR
deleted: 1/1/4dq487q5gbjmb87fhmsrtnk84c9ks74R
deleted: 6/f/e4q8vg1unh2vbh3pqnvmldqg66hopl4R
deleted: b/8/f29snkpcah5v4nm6e57sis88b7vnnusR
deleted: e/0/0ese2hkcl5jiqq92e4g65llt4h1vdnaR
deleted: 6/1/39l4op0u7n5tajrd4kobi1emnhlbuj8R
deleted: 3/1/97cru4q2cak6adjsnfnvqtdm7pa9o9cM
deleted: 6/1/f8di17fdgl1kbetjve4nic2t9ime6qqR
deleted: d/8/281sh4cm6mq891mh4p34m7q5n2soe8oR
deleted: 6/8/32jlni6ak8jefs9h5gb8234m8jsf6kuR
deleted: 2/9/4b7bt9au3do950pfaspa0mui0eccmp8R
deleted: e/d/b9dgofmhjt9tqao4f9d7rlauv4rps6gR
deleted: f/1/3ed5qde4jkhb6t17747ombgr6c77asgR
deleted: d/5/47h5j4uil8huo9l51ccs9k971o9fnecR
deleted: e/b/1dbnjcigqb45j57qjann9ggdd3i8briR
deleted: f/e/9ean8itkfe1vmf4r78m3808l14kmqt6R
deleted: b/8/916je1cnd3bgju50nttclsqk96g5okiR
deleted: e/6/d807tsoi3oh7i537c0g06bcbsdaloioR
deleted: 5/8/25t42v1tiqjli457q65dshla6hnd7gkM
deleted: a/3/18ob5dth0jov6d3774cd2qoip31s9j2M
deleted: f/6/24il1m7nb0otcp3h3cjdcub5t386s4uM
deleted: c/d/a7ns52mft7c3cmclgntcucbu07h8liuR
deleted: 7/f/f6bsll7st917im1nsrosofihq4ntk54R
deleted: 2/f/3b8q903qn3nnldorcdieskq2idbh3j4R
deleted: 7/d/d9v1d7vdtgntt5g5ptajpfvtsupdstkM
deleted: a/b/8887pgb93psqlrpoamjep4rf78q9ig8R
deleted: f/5/2di678km393kapf1eluhr0fmcaoipeuM
deleted: 2/3/380moeu79u6lleciet408f6tmd0nuruR
deleted: 2/f/e6tl28v4a4c70rdv7o16bfg1v3h3rc8R
deleted: 3/4/3f2n6ubugstuhgm5jd0an9v533482mcR
deleted: 0/0/81vu48vfhefh5l56fnh3f017v5c294cR
deleted: c/3/65jgb4gjhlbhv4sof1sj1mdtmqdit10R
deleted: f/7/7bt37isckhvk6j6b8gs4aahur6m08lsR
deleted: 4/8/4dcn55brdg9rsfakp4vitk2bl2dboseR
deleted: 7/e/919a756sn5av6ca0s76mptm2ivauanaR
deleted: c/e/223jathajajtl522f155sg4im78sjt2R
deleted: 1/1/adi1tpjl5mms89los9bfv90e9n7c6duR
deleted: f/1/e0q6tln5r9bejsmh139cr6j04rkttbaM
deleted: 6/e/0857lvovpfscokl974nh8er9jjbntnkR
deleted: 6/9/642441c00dg8lqn5j8v9kv58i6bqhdgR
deleted: 2/e/ad1ic9f4rt9otnpl1eti16vu57qhi0mR
deleted: 3/0/a9a66153vvjms54qakkdmr17u6b8kkeM
deleted: 4/5/edm6r8m40l3g84crjormh3dkr340m9eR
deleted: d/5/975pkd2i0e0db76i3cub1n5vcsjpubmR
deleted: c/0/a2hc58blbdngmi21uc54kj5aq4jhn86R
deleted: 2/a/13mst865gpboope7ri2tpoqflon16iuR
deleted: 7/b/287s3fucto4io45qovmkq960r5d17j8R
deleted: 9/a/efnt5dakorbst6nr4cop3g51qg6rnvoR
deleted: c/3/a7je7pvm071030vv793m0drj57mg88cR
deleted: 3/5/862rtb8t1ermme0nur2v5haucsva80mR
deleted: 0/9/8cvoi4ujth0pi98lotg1b29i5kl733mR
deleted: 6/8/3d7l7uepf5b7j4dpqba9nsfq14v416cR
deleted: 2/e/33hidg42f7hs6b1fhvark7ahhv53064R
deleted: 4/9/7a76dg53ns01ccjd1bgccmmkse22ohkR
deleted: f/8/f8b8jhvheegle3tan4h6fodo26l6hjcR
deleted: b/2/ffbmissg3bg1ccqmhinu06b8b4ghp18R
deleted: d/4/dc726s6tq76m8d4a43ajq6r7csgpktcR
deleted: 3/5/53smkthoj238safqn9o3nd87b2vj07gR
deleted: f/7/c7afe2l8vhfbmkcknikbmi042s5um52R
deleted: b/8/894f3t55t69l1r9s7c9luf00t4jdquiR
deleted: 0/5/48v71or1re0fqi4k9n7b9ft4vadtm0eR
deleted: a/2/952lu1pp3v775a56u9iij51gq4qtagaR
deleted: 1/3/7cb8j6kekf4s0ovjv13ac6selircff4R
deleted: f/e/a94naq5iaufs072i2qpqur7591n3qbgR
deleted: f/c/33vvpjat6uoi3tdftkfktrefceb4854R
deleted: 5/c/707ir9dp29dfl0acrs3n61n5ihju852R
deleted: 9/5/efosl2qcrqp100tniun099ao52v9kumR
deleted: a/c/54b8ehdk01fe9u4e5s3oluapfja5ijoR
deleted: e/9/d9gfd21iaegmj29c7a9eodei0ufj43oR
deleted: c/0/01a7pfo4ter8hparl2fqvs044ud0hcoM
deleted: 5/0/bf58tlmlunu9tjr5uldolul64kbj908R
deleted: 2/b/3cdu2q8nf4amt9ncubqpd1h5gpafpnuR
deleted: 6/6/05dv0i10g7i2mt6qtmu467gctoqg5v0R
deleted: 6/6/f8i6tmi5rk0n38da6o2aimq67svaldmR
deleted: 6/1/182edl1nvqm6maerit4np5hsm568iuiR
deleted: 2/4/4ag4km41jg554aigi9abq3fd984hm0gR
deleted: d/8/023orr14hrshplu0ecloubgm5dva05gR
deleted: 4/5/7267hjn29427igq6bl8js0lkh0eh0lgR
deleted: a/9/764s7rlsmd5j9lb1korcm1qf7d8qr16R
deleted: b/d/3aesas1k20ofm0gh2h8f5s533j11of8R
deleted: 4/9/5fbcaev0266ljbvtl4eibs2nr2rv38sR
deleted: 5/5/d8jrqo9qoil1qp7qnf0m2us5dm87o54M
deleted: a/1/fbbqpjb4nq4172n3l609or4jg9rk3j2R
deleted: b/c/00scd0fvh52mtsb32p6gc46u9nqjqoiR
deleted: e/e/8c0ipls8tt2k6l3q8mmggue9b0madsiM
deleted: 4/7/abhrtpj0pvl3f5hnrp58j45or7hvq2aR
deleted: b/f/d9tdd12ne5r4da14e18qfqa5c1161iqR
deleted: 6/7/a2imcqpovs7n56onvsqpkg0ri77nhv8R
deleted: 3/0/f38udjg92v73htou1garfkbgju2f418R
deleted: 5/d/05mbsqtpttaormre2kctr7j61nt7tp6R
deleted: 0/f/2ds7q8okpa3ipauoar8u4fm938knq20R
deleted: 1/5/bejhpcsfbp458cu65rrvqd839ias1c0R
deleted: c/7/e4iasqies4p5ejk71d8lobqmr7d919qR
deleted: d/e/57lo805sjianarai6t9becp53gcesveR
deleted: 3/7/fec93tts50aj5uqivg5dei3vn1o5lj8M
deleted: 9/a/a2506q2f0k5hp5lmsf22ruqh0a96qrgR
deleted: f/3/61dmk02lluetankredd7v30qnod7kcoM
deleted: 5/8/92fh0bnv6t0bo41819fom2uimeoi63qR
deleted: 5/1/dem5c9ptgm32chottsk4takpt22vjbcR
deleted: 5/2/7am9m9gjuirfj2ned4vrqvi85uu7fnoR
deleted: 9/4/ebhfn24g6hsi93106gufftfpnnsm5s4R
deleted: 3/0/ecfo026tr8kvte63k0lam7d7e2q21ooR
deleted: c/1/7ctl4lcbcgpgqla685qs7pcickk1d9oR
deleted: 0/2/b1gmiej6jsuo41s5t4f7ag90g5jtflmM
deleted: 6/8/97h91511j30g1kq1glb6csartlbg3l2R
deleted: 1/0/c7p2fqgp4re40dvtkvml8jij5ls14feR
deleted: 2/a/02l4t7af8426m1v2vr2hdqbjahakvjiR
deleted: 2/d/bcugcgm2ks5heritr3hv6b2dm1v8p6iR
deleted: 9/6/66kek5upbolhehi08hoedhsrg5q5qkgR
deleted: a/a/f3pvea8e8qg33h2a6ai15tn6umvfgguR
deleted: b/f/5bmb724r3ro236csnide8nqh6m2vf74R
deleted: f/d/dfec94ppbiq9j33193d9hb83gnsrcrcR
deleted: 5/7/04e0p7mh2cj4ibr2paono6v5cangg10R
deleted: 7/d/f0krnd63a6j014okjrkcg63csvlov7iR
deleted: 0/5/3but84dnf2borgsp7rrqun6p69nn872R
deleted: 3/e/14fjn066hp7tkpdmk2sr7kkbo1mtreeR
deleted: 0/7/e7v2fiove9tnp6gfi2gtp47ms1lp7i0R
deleted: 0/3/8bneoas4dsvr16s69juf78b0p12h7bqR
deleted: 7/0/7enuju0bgci7gp26spor978mhf2es2mR
deleted: 7/1/12hapuaja3mp02dmkgqk9jh7q1oc2s6R
deleted: 9/2/c0m2a6ql3s1vpv8viclffqc457o1cn8R
deleted: a/a/8csj5ge02gfo5o5uhrn3n8054qc2qgqR
deleted: f/0/5fii8bdfc5hersdu28b8rdi49m6gck4R
deleted: 3/e/e85bb42ffgvm4fkrjcdg5fsng5s9a0eR
deleted: 5/e/e8tt8gcog2t61q545o0dofgh72ab8kkR
deleted: 6/4/e3aqkc1g3sngprgo84hjaqlab8sej64R
deleted: 8/0/d6bcljpi1ibphqli6vi0rj67odn2ef6R
deleted: c/a/87tlkh7ip45h080f6091p831fo3fu8sR
deleted: 5/f/f9ulkehi751ks01qhp9169j8h0oelfuR
deleted: b/b/e14nlai8hc5l1u7ggo1apvafjrtrsjmR
deleted: b/6/85fc3ki32tkddpk5ucco98dhlo5gla4R
deleted: 7/3/b1hdeg4jpk8bsanbhe6rac13jd5j9esR
deleted: 7/d/cbo0lgrfpipduhe6gs3kef4bdrd3kreR
deleted: 2/d/b5c7u7ouin65k83iub4rt7o7ujgcmpkR
deleted: 8/2/21vlbarir9gq622ug9tqp2rges18ik2R
deleted: 3/9/83hb2nt4lpf5m0gvqo68caq9us4td46R
deleted: 5/5/bfe79lbejlktkmj40btlgg7nagjo05aR
deleted: a/5/55q44nq6siu2g4uh5kg77g5mdh8aaoaR
deleted: b/2/dbmhvie67u699estnlkjsuhrrii7vs6R
deleted: 9/9/21pi8n90ifa0biu0vo3ipjrbhn73cm0R
deleted: 2/f/3al291ohv2furcu2std17plbnhe99m8R
deleted: f/6/972jqjmire07bj9bo0h0954kahf55tcR
deleted: 5/8/257eplbfalicsabp7l294akb94s1774R
deleted: b/a/84765rufam6v0ck5jksd7qv0a512kekR
deleted: 2/0/d43osfgubp1lfcsh7nlokhtdlk5bln4R
deleted: 6/e/90u5ghjj5ek8blv0ivev32ji6rspvocR
deleted: 4/2/ec0463nvv0qsbloldo176kkrpikeoh6R
deleted: 3/7/75ss581kqpt9hevct11mnhv019f4f1eM
deleted: f/d/aekrh0u9s5jgk0md3n6dbl56onrasg0R
deleted: 6/6/81n4jln66lp5kfeeq48cf2nl2pf52d2M
deleted: 6/e/9dsauk5fef5s6quiavh6deic95cr2kiR
deleted: 6/f/9eqg2c57g6h56djiepa402u2486aqp2M
deleted: 4/6/deqf6b83260h2buon6pcah1m7cnmal0R
deleted: 4/d/9ajopvv7srlognh4jal421qlasfjs4iR
deleted: 1/2/e7in8aiecce2cl6nilbm2qpq93njf72R
deleted: f/c/fddo030f75ris5hipog1htlgn1b7lsmR
deleted: 0/b/75kkmgep8h00ncmdrmov850s56csur6R
deleted: f/9/e0t00l220l6tgs8crmeghbvqa9svd80R
deleted: d/8/2a8138gugskko87oifflmsjaqrutrkgR
deleted: 2/a/0dimf5l06netkui8q9ccph1rrq14uckR
deleted: 8/1/ebnfc5sv4agtnpr2onoqoh84pq7h64oR
deleted: b/4/7e8h5l40kclsdcbjn2mjn6d53b738j6R
deleted: 4/b/59at27206tv4810nbq52m5d3ndl733cR
deleted: 6/1/7e38a16p5vme2c1qeg02alhhds743u0R
deleted: b/d/ddad2c3t8vosl8ikplm25ct97bmglosR
deleted: d/3/b1fmd4tb69m03couuccnqmjq76p9tteR
deleted: 0/b/99q284rrccdtotushp0eusuua9hs8sqR
deleted: 5/2/cbt4n9uf5mgc2dui3kprjqbarf00t6aR
deleted: 6/9/b2csepos74tifvd9m9qknqv47l164l4R
deleted: a/7/30iv6ikftve2edj8391n3t6erd7go4uR
deleted: d/8/3a75koii9f3re9t565dlub1ohhurnn2R
deleted: 3/7/c2ja616r23tgk1ce7mb1mmiooovegquR
deleted: 1/3/db2ae7cn5vvvoc1306goaiq8lst3080R
deleted: e/9/c3dhtqvlelap201di9qhvl796v40acmR
deleted: e/b/b4lbbn54nc9ie8qfomicf3d5elujajuR
deleted: 0/c/863q85dh1d4ro0dispi968hbqiueitqR
deleted: 0/7/49an38dif1n30pg4a4uagee2r8t9f1iR
deleted: 9/b/87vmahnqb3qib1onna0pftcquk9e340R
deleted: 9/1/16ecl6jp80imifiehta4m6763206lrsR
deleted: e/b/f2b949hggr4dp9mi6o2eq5oubbhavrkR
deleted: 2/f/0b12qaoli1gqqee92116m2tkco37uhqR
deleted: 6/9/9dpvkp8d62lprd47jgig8vvf48hqpagR
deleted: 0/3/bcrg1n3hhnacj4pge0gb5lvtuus27rcR
deleted: 2/8/f0v6q0hh9notvkk1q37774rfkdqj2pgR
deleted: 7/6/96204eflptk3voj554inhskou4vtlg8R
deleted: 4/a/2238c4p9duiisohmv3rglpmmakr5o00R
deleted: 5/5/5cp4ivnmjbgcgt2lpp3nvg80i8bj058R
deleted: 2/9/facfq5jp9lcadcid35u5p2hr7a4u9q8R
ccache cache size is 165Mb.
Uploading cache ccache...