SHA for cache folders (/tmp/ccache_dir) is '4b425e18f60e9b624fffc781377acd8165278c69a8bc68bf8e3a038ebfed2f6a'
Cache ccache has changed!
List of changes for cache folders (/tmp/ccache_dir):
created: 7/e/da4fa8aa337db1402d136ce6c12412-49578.manifest
created: 4/f/d3f6eede39ca1d9cfecbc25cf11e8d-2628181.o
created: 6/4/9df7aa1f0105ab171f85500532677f-24472.manifest
created: d/4/7a637c4c8a40f6557ff3a69fb6cca2-3003446.o
created: 0/4/ae2f461d2162e944ff57e287c30be4-1645079.o
created: 7/9/2d2b003ede50a8e116094bf25df48d-9101.manifest
created: 2/f/1dbc8e033a779fb2047db6319e6b35-7555.manifest
created: 4/8/b01faa4271a11e9ebd0b95a8c1f4c9-1333470.o
created: 9/c/ae0d667af2d65bbdf1bf7c08fbffde-4977817.o
created: 0/b/2e1279485cde454bf82e465c16c551-2112199.o
created: 6/b/8ad59e35e19b695aa899ef44a99a40-5226.manifest
modified: f/stats
created: 8/8/0e3a3fd17f9b5dc5b09d828f37d679-10425.manifest
created: b/8/a6a1b9e6a3a8afb487661ac88944f4-3113074.o
created: a/a/475c48d275f687335f8a25f1b453a5-6169743.o
created: 8/0/efc1ee20e49b429bbd794e71e45c82-3961.manifest
created: a/0/8a5b9e140fad44d1f37ee774f86fae-5382.manifest
created: f/8/eabbfc8fa90d1a41510475a748df98-10789.manifest
created: 1/2/01e96e0222f05fcdb55a72ccaf243c-31723.manifest
created: a/9/a98e71a51c9c7575db47232cad88d7-4800845.o
created: d/8/8b303a1a454db5dce63ba946b1a9cc-4591443.o
created: c/0/46ec1018f2bd81e5615fb5b3a11546-2530440.o
created: 3/6/38221b151a768df965592e39cf5291-1582.manifest
created: 7/6/7fd9896f53e94b20f2ac1829291266-1567.manifest
created: a/b/f2c8f0c6c385f4b493f3f4c107278d-3302065.o
created: 2/d/717073a01f72f84277f70bddf7660d-14704.manifest
created: 7/4/c192570a41de727fae63563006fb2c-6549.manifest
created: 5/d/5f8acab45ea5c8e69014b4a77e09a6-1773456.o
created: e/3/f5df70ea7eef627bd173d21bf23d85-5574.manifest
created: e/9/ffbdbf96e3c1d7768af197d2acf0b4-2729.manifest
created: e/d/90300c0fbb51fa1108f806eec225d9-4501220.o
created: e/1/df136d3c661e55bd6ca750488cb516-43312.manifest
created: 5/2/b82724b63823379b4fbb37e0ceb467-29733.manifest
created: 5/9/f7f44e4e73350360a25a9469cafc25-4424010.o
created: f/9/fc5c6eeb4eae07ec313d829467c839-3029995.o
created: 0/a/b7f008a47c0c82d4b7572f10d7aeaf-304874.o
created: 6/4/220112f480e7375b398977dcc40d24-4995944.o
created: 1/1/1e2422034eddb3f8b18d943d77a3e6-6445.manifest
created: 8/8/6a1e31b8e8f522bcc5c88368ea5bb6-58177.manifest
created: b/a/d8e10b4a61897f4b38a29b08190fdd-7476.manifest
created: c/0/41b0d4a271d4a3d33cadd0b9209a7c-17959.manifest
created: 8/5/8b84b4b57e0d2b846819aaa87b5f0b-1334447.o
created: 8/9/c695bde51d90067424005650e4ac04-4626431.o
created: 0/f/c4cf3d7ff40236f023ff6c8e9b3f03-1393887.o
created: 1/e/a24a10daba8a0f02358b7b6a346976-7498.manifest
created: 6/0/2018bc70217afb5603aa9073cbe3e6-3257.manifest
created: 1/8/e5b078b8cbd321ec5278ce8e8b752e-5046094.o
created: b/2/66285125bdf5a22fcf7fff14b4def8-5555.manifest
created: d/6/9e0044a9c6ef7278c322865e379d77-4488591.o
created: 1/0/c18afcb9e571494ceb0ac5071146b9-6395805.o
created: 5/6/e0e98d26542db1f85a2d60c0eb3e78-12511.manifest
created: 1/d/5f8df6127039b4bb252b57797082dc-7188638.o
created: 2/9/544c1945755ebdc897af5bed54c04f-4451291.o
created: b/2/243d61575ef1b4c746aeb4f00fb8c4-3995001.o
created: 8/c/4915f9cebd62d5d709795e4b9f16a4-6829968.o
created: e/c/2df9a477cb1d8cb7ddfcdd3f9a759a-35730.manifest
created: 0/f/1f75335e599320494fbba605f1af1c-1916043.o
created: e/4/38a543dbd36e9cdc1086b5cc9cd591-2453.manifest
created: f/a/f409e26c71d60f25bbb919624e4b8f-39985.manifest
created: 7/9/5b977c19279fc4bbd506eb89a01d13-28607.manifest
created: 3/5/3b433537c0422edaa1b351495cb717-3185463.o
created: 7/7/cb76bd561cab4ff75a0f5c7b8a4e24-14483.manifest
created: 6/b/89f0711453b4f83b9d64498a5a9921-11963.manifest
created: 8/c/dbe3c80dbaf73ccc660698fa8ebdba-8607.manifest
created: 0/8/0fd7c79cea699c19c543a346eeaee5-13501.manifest
created: 6/8/2058b3b048015720716ecf7bc2679b-3078.manifest
created: c/8/79cdc3fd02a4561b7bd52cff6349f3-5789.manifest
created: c/3/988b0f92adee5027680a3cff4c8e41-3037034.o
created: c/c/4140f157b3017db3e5301b2f0cb6e1-2900955.o
created: 1/8/4d46cf91040cc44669cb5aeec57868-1607869.o
created: b/4/a65f88b4346d566910872e7b61ea3e-309809.o
created: 2/2/dce052e9b9ce8f75d15fdb5fec7882-1402097.o
created: a/0/7e6d29ec4953dd5f0ee3a94a7dd6f1-2898943.o
created: f/6/233b3febf848d48ee22c0448f7d8a1-3506367.o
created: 9/3/09c215199118c4a5fdc67026d0cac7-1848164.o
created: 7/5/84be86385483d2c470128dc3bde7fe-5047090.o
created: 8/c/434b20dde758ebb174bbe52fa7f09e-19214.manifest
created: f/b/0741dcf509abf7eb8a29809cc085d3-4523741.o
created: 5/6/b98c439b8bdcdf9b45c55fe80eb9b5-3506541.o
created: a/2/588ef1aab2f784c57e1efeadfcbc3e-9944.manifest
created: e/7/38260b7482bc9d6fdb4e84ad10b7fa-49918.manifest
created: e/d/49ac4d9b41f7774c2fc99ac00406e0-5176644.o
created: f/a/528fee32d636147399cf62a9b9773a-30660.manifest
created: 2/a/77349d5373efe5776ff85df80dd8d9-2896730.o
created: 2/a/9d3b192f122f370e7a94e70ad73462-11407.manifest
created: 4/c/d82b542dd1156a83299c79d180950f-7018.manifest
created: d/1/e1a745e04a7bdcb3cffb388c789f6e-6305538.o
created: 1/2/d6eb8aa2a940f1d6adbd7fe6c01b4d-1283.o
created: 7/6/776645c690eed1e18c2e17eb426a46-13751.manifest
created: 9/4/90f9504ab6c7fc5e9445f7f2d86399-8171.manifest
created: 5/0/d80e3a5a243b7203672db29dc1390c-4756469.o
created: a/2/4470e4dce16557846301b0d27f6676-1487.manifest
created: 9/2/6dd8eb4b2fa27c9daf3a08f2a2c1d9-5188.manifest
created: e/a/3be805661b9189a20dac74367e66cc-3198.manifest
created: b/0/7b2e9363be1601585b0a89e74ee084-1803689.o
created: e/4/9cea755dcbd73c808f024f8b27e95e-9800.manifest
created: 9/3/c6b7c2052a6cecccba93f23ac6be71-3130896.o
created: 9/8/9d2ec102f7961b11aed05e5eb41cbb-4726470.o
created: 3/c/d8283fe328fff7cbc5319ff7a89ada-7401.manifest
created: 5/4/2701f859915c5cfc01af8a93f1f050-3732.manifest
created: 4/6/03588bb2876b880d41568e7db2add1-1983030.o
created: 6/3/0152a279c7280f2638219ac17d345e-5520.manifest
created: 0/5/ffe9c05f53351d3be5aa87ed98dda7-3609.manifest
created: f/7/4b93552c437e7af50f5a792fd1b5e7-1750.manifest
created: 3/7/584011401d5ce1440e965fd3cb3400-2686627.o
created: 8/e/d24975e11d6d7acf8867dc8b5aaff5-3131343.o
created: e/1/5a379662ff6d969b299542e51c7441-13653.manifest
created: 9/e/7505994eceb76b1d5fa070f5492f9f-2280.manifest
modified: 0/stats
created: 3/5/3d80cbbe0c23d8c2bf95b868cad3c7-8143.manifest
created: b/2/b42f597c1820bfca157217b141d4ad-1879931.o
created: f/2/8e3a2234ec2a8055216ebfa50534f1-4558786.o
created: c/2/0cf3fdebaf66391c4b8b1db878401c-4718551.o
created: 2/7/5feea20fa32e9d470f8be6b78150a9-47385.manifest
created: a/b/8e47f705d3eab7eb7ecd8020ec394e-66076.manifest
created: 2/d/a6681b341e547e77209a1a099f9ef6-1897623.o
created: 3/0/ef94d97f0f8ec28f15f4204329d39a-4737177.o
created: 9/7/c74e50984f3f663684ad07d9bbe473-8034.manifest
created: 9/3/5aae43735338ae608d20b795863aea-6621.manifest
created: c/5/8db570db87948a840f5399620bae58-1334755.o
created: 2/3/d6804b59b8c3bf8d67f240b3b3aad0-2855435.manifest
created: 0/4/777120dad7da9e0d1017f7eae13a4d-10008.manifest
created: 0/5/aba57affab555179e01ea413fe1f97-6315.manifest
created: 2/9/22efbfd248f50abdfa863339696cc0-1963472.o
created: a/5/8d1aca3ca4ffcf1a0ba56f68905768-6590.manifest
created: d/c/27e45e25348aa284708cf02a77d142-4483.manifest
created: 5/1/375cec163fd713c53411aa36d31753-2915311.o
created: e/3/b17e15e7c548e1fe688e0e2e751f56-2991.manifest
created: f/5/8b154aa8380be6ca6dfeb9d97ad372-9078.manifest
created: 8/3/024ae147dff0fb8cd38fc90806ebee-762256.o
created: e/6/adb5aad81ecd766786ae1d0db7680e-6640.manifest
created: 6/a/88fcb6ef8169089af0d75c2336759c-11210.manifest
created: 7/c/31bc1fc1a6cfa7aa0bd62b654e571f-1395186.o
created: e/c/6ddc3ee9b7a32f228d39f093d70038-3345316.o
created: 7/5/c82900e22640f98ee81b85d1334b53-2056140.o
created: 8/1/275e926b95958d8c9c85172300a787-2716211.o
created: 8/7/0dfe1dba1244ac0e185ef6f667d949-2817838.o
created: 9/a/6d3595866782a8ae1752cf0e6c6b87-3138103.o
created: f/8/e3d0f891afa8060593f80938a3b3b5-1835.manifest
created: f/2/cb6ffd70e2cec13848f2898a1afc49-14712.manifest
created: f/b/e9e21222bfca20251b9bd00e47b0b0-11139.manifest
created: 4/7/df408b0444cd666094e1e7fb7fc183-8886.manifest
created: e/7/01abfd0bf15859d3503049e676650d-412.o
created: b/9/bdd566af9f05e4816a69dc6e062eb9-24303.manifest
created: f/b/225f451d6fb3dcc9bcc2d47043c5c1-3019428.o
created: 6/1/1e708fa50ee562d6474047b8e0cf3f-18303.manifest
created: d/2/59decc744499b33f3bae1d59ad5f78-2877591.o
created: 7/a/17da1a43fa73c52a2e7cd79491cf10-3432957.o
created: 5/6/4acc28f51708ee9bc6a89d4152366a-3184737.o
modified: 1/stats
created: 2/0/08627021f85a5066ebb265be2cbfe8-46722.manifest
created: 7/a/377bf5149c3d83b03d0e809fbe6c99-6697602.o
created: 1/e/4567c5c1e1a143ca2e3686da44c8cf-10624.manifest
created: 5/a/e0cc8c652b062fedf207d21466d894-3179064.o
created: 1/a/b12d44e5354156ee25a9562817d465-9541.manifest
created: 5/3/cd1ac6d9f968042bf65320d7f800be-290888.o
created: 6/7/9943e6594b08fe3352b646dfae135f-3275024.o
created: 0/0/dde25b8e37c348df74cf66a845f290-8514.manifest
created: 0/4/982f422c8e68e1e47a738152e8d326-9360.manifest
created: 2/2/0bec557de1f86b2c3d8a87cfa6f3bd-101996.manifest
created: 9/5/4c1d3ff8edd4f97aae0d45b8db383a-4823067.o
created: a/1/3b35dddf5ed21d6150ee8e13b83650-38210.manifest
created: 6/a/08e9ffd3b5a587dca2b3e08afaa29b-17554.manifest
created: 8/f/480db71687d7566cc52a5ded48521b-4763549.o
created: d/b/ea01786386a6237cb04eb26b2d06c9-2376826.o
created: f/8/809867768e2c89165ee45d3acd5c3b-4732063.o
created: b/0/3200e50ae1530de7655221c0bf6f01-43576.manifest
created: 1/d/5ef04f13f5cfc64ae68b8929a173e1-10876.manifest
created: e/9/b5c4c5fc7b78ea748086f370d59e6f-3264135.o
created: 1/4/29cc5306a60c6aaf168163857083c7-7348.manifest
created: 2/b/8dfb896aed684eacd80b69fa59405a-325159.o
created: f/2/cfaf576ede9957601d072df7203b52-4546626.o
created: a/9/a785bae125c391634b09ad20790d9a-2771016.o
created: d/9/d8897866f2e8fa0c1e941e0c086cbf-1486.manifest
created: 0/3/1dd0630248fb17398503c65a7da05d-7111.manifest
created: 2/8/1cdf971d635360bc68ced2aac4842d-4428.manifest
created: 6/5/f7f61e5d5c29dddb4bb00cc70e3de1-18510.manifest
created: e/1/a6fbd39ce39dc261e8106c5404ad1d-3251365.o
created: 0/7/a8c23a3a63f130bcd827c93630666f-20125.manifest
created: 7/5/16c502850238fe9b9a8fa07832e3e5-12335.manifest
created: 7/9/88223c8dd88bc8a6601adb33f88e65-1294862.o
created: d/4/04851e82aaba78d7d39709290fa398-2693684.o
created: e/5/3f24b93a12c03609c2f6a3c3304084-263380.o
created: 0/6/b744d4e4ad4b0b43b28ef2b8273f5f-2337355.o
created: 7/1/8b597751e18fa385749cb27e38db3f-8178.manifest
created: 3/0/ce539e01f834622e08b7af79b4d328-3993830.o
created: c/7/bd93e04966b1f3a3f35031957b9064-8935.manifest
modified: 9/stats
created: d/1/96540c34ba2c3e3b84c15b2c2551a4-3255546.o
created: 8/9/42ac6a2d1363e8b92fcc3ad034cc7b-2887.manifest
created: d/d/2bb1ed832b97eb7bb71ebbd344313b-36629.manifest
created: 1/3/168640d35b02271e5199e2ee40cc32-4125642.o
created: 5/4/4da65dfc4290951931750687359721-4592170.o
created: 8/2/0f25eb02fc24bf5febe7b4cff398e8-2056618.o
created: 9/6/499e2b3656b0d30dae4cf42a17d888-3400959.o
created: 1/4/078371b8418937ac79d18aa8cea5db-3089284.o
created: 0/f/9e5708d348258d60b6dd0613ea56f1-9171.manifest
created: 3/d/b1db99ea2e3ff1934c7f1e2e1114f4-4459475.o
created: 6/7/81fff84cd629d4b128ec9af20f7349-7013.manifest
created: 7/4/14bf32daca59fb7cf252729607462d-4703213.o
created: 9/8/fcc24d75e5a148b477f03da4add0a7-1346933.o
created: 4/f/8f57be3eb14b2d218958548a38c879-2907.manifest
created: 5/5/4ea926854a2c73e8e89adb6bf0faa7-3614.manifest
created: 7/4/b504d7a97293978be67ead4c5b4daf-3076137.o
created: c/f/6ba54d3154e682c6fef052f1db232b-4787860.o
created: 2/1/898882857b14127723e1b8680307a7-36843.manifest
created: 7/7/500edddf5473671894c6fd9673b8da-3023232.o
created: c/f/20a3107cc210169df45479cb1b0f9f-9558.manifest
created: 9/1/33681a7b24107509acd27cbdbc9cff-5170440.o
created: 2/2/0cedacb528cb8cd8655c0906bdfab9-11465.manifest
created: 3/1/3877a2cf842b9d52e0a701708465be-4074370.o
created: 6/7/ff7490d12433f41288c0fb482698dc-5942.manifest
created: c/b/ab1985bdcafb7b274aee1eb64c331d-4883594.o
created: 1/d/bfb3cb60a793d3b8b500cb7fa7b9d3-1407.manifest
created: 0/6/0116c83c55a0346e57500513733146-4462728.o
created: 5/b/63609b8375e0f089f8848b111d4e1d-14457.manifest
created: 7/4/0d0289c17bd7b939a85eb8912270e6-3147.manifest
created: 3/a/748643e41999164f342981561f04f4-2925488.o
created: e/2/ded291cf694688b42dfdddabe1546f-11984.manifest
created: 2/0/41c998f43217f076c0ad67af2e38b1-34113.manifest
created: 9/b/05a7954cb1959cbec975853e4906f2-2489572.o
created: 8/0/5a9c77e8a045e2689485616ecfff68-1581113.o
created: 8/6/26bbc7b705b670a22d9487c63b7f9f-1590930.o
created: 0/7/2a32912c9364078523f965b3cd9dde-2782139.o
created: 3/6/91d9811ea9205478fe4b7ba49fdf87-6751.manifest
created: c/9/80974cb79069467cb0ccae78ebe792-1944158.o
created: d/3/b12d784bb4ed61d528a2b4c0a3eba4-2905546.o
created: e/1/9ffa705edd87410c8315b8176cb152-5002095.o
created: 8/4/f6879a9797a11688f3ba2230e3ab8a-11853.manifest
created: b/5/04a21bf86f1171f1b1fac4e92bf4d7-3134742.o
created: 8/c/a67ce1e51abdf4393100833c2522b9-5768.manifest
created: 9/d/2ae64273b5ae7fe231411a77ccd855-6330.manifest
created: c/0/285b555527434458bf321f0faf3cf9-2576727.o
created: 9/9/b61767aab6c49b43b90059bd7f63bb-8429.manifest
created: f/2/7af4d9daaffcda6a4b38a079a846d5-6752.manifest
created: 6/3/fbd48989a010de9bcd79f51ab8280b-1808897.o
created: f/0/58779adfd05a2a537d685a45a6881d-3173049.o
created: 0/6/a440875ddc702fbf4621d724ff2644-9025.manifest
created: 6/6/1a90b237ff77085c767e6e4a99d307-15852.manifest
modified: 5/stats
created: b/c/d24709623b3f387fcac8bd21f52928-5316855.o
created: 8/1/de1f8a9b8022d0e692a1414b899ba3-3079639.o
created: b/a/80ee3f63c9d2eb4077b3fd1a271578-3090100.o
created: e/2/814adc213d3032b6dc32f9f4e45b0f-9001.manifest
created: 1/f/f3bbedc62e8625e25ceaae612ae81a-2341.manifest
created: 3/9/2d97cc0f1d88bf680f61a84c52cbdc-2828975.o
created: f/b/d74f78d169057e6c4af37dc506cb35-3089299.o
created: 0/f/72939373b84f0eaf1cb7aac9ce8f1c-2631960.o
created: 8/c/d4746ba513fda0a4df68dc57118053-5041948.o
created: 7/2/38581146001d789ef428ac0429de00-1435.manifest
modified: 8/stats
created: 9/d/61c3b7575b935cd17f9aadebd89fdb-3034746.o
created: 1/f/a4ad23dbaf89e04f5231af5d57deb8-2693907.o
created: 1/c/64dce5597e07ce5b4ab8ab74f28e16-2934.manifest
created: 9/a/ffc3b5b2a5fe0ecb5b9ba8b1946e01-9492.manifest
created: a/a/316253e544bd9e0c35b83916e127ff-1376664.o
created: b/4/ab578fa6ecc5e95c11de462d4fe6f7-1715.manifest
created: 1/8/a1ad65a70d76a33f7d09225c1d05db-3313.manifest
created: 5/2/e134a18569e92bc23d68725910bd2f-5446.manifest
created: 8/0/29ab600798fb8dae035c8d7fbd5fc8-4268.manifest
created: 3/1/e336013b5b23b3c4ef925120a6d7e4-10051.manifest
created: b/a/bbf836e12e1e4731ea6ed9af9dd20d-29915.manifest
created: 1/3/542a45511d78fcf90de1dca028c241-7593.manifest
created: 2/d/ada1ee9a52a608e449f4a75ff1ca76-2495308.o
created: 2/a/50cb28a1c31e124b76d6a7d470ffaf-32911.manifest
created: 8/a/385effa4d264a17ea4941da4622da6-4647980.o
created: 8/6/7e7003ff69dbb81b29a0ba3ab54e40-2091464.o
created: a/8/c9712520466adec5fa40ae9c0e7ac4-2698703.o
created: d/a/1a762bf87eaf2eae3e002e74e4a396-1841.manifest
created: e/c/b1c91794d09692961e16dba7a22a9c-5348.manifest
created: 0/d/1030da4d02647dd5e17ce385d2f94d-2970208.o
created: d/f/f55b1d69432fb8f5c746edfea53ee2-2822059.o
created: 6/5/e2c29a67699f1ff2b18f106f1db3b2-2983268.o
created: 7/1/5257eddf7b07090f80d6f8a041dfd8-5016192.o
created: 4/f/769e7ab00a47579d0da5f6895c4f79-12337.manifest
created: 6/f/9b2ec58e1a3100629fe2dae1222d8e-5574.manifest
created: a/3/979d3660e5436a1024690f7183a4de-20824.manifest
created: 1/0/0073e9026612a314bf7b5812fdd599-10512.manifest
created: 1/0/2fd7964afbe9a4fc32f38145505165-3494899.o
created: b/c/15cdb80faec34642ea211271991dae-4208.manifest
created: b/c/2fddca82267d4a79a6cfb66776a744-21104.manifest
created: e/0/2765be14216b09588290bc53b031f4-45352.manifest
created: 4/8/c8102b27bc0c1ff89c32b7b30c81a3-4727823.o
created: c/f/4ffb3d026a74313b4c3c5b1f29aca2-3494.manifest
created: d/7/4227f1b8ff89d3811de4eb35c65a6e-39145.manifest
created: a/f/459e45d2065a3d47ca8f30398b4746-14788.manifest
created: f/e/bf6c1a74ffdcbae5504cb6f9588e46-2606921.o
created: 7/0/58cafb406ce1b3c96c58cd8c80eb23-7349.manifest
created: 5/e/932784b50fcca337a90eab1a68eaab-5467.manifest
created: d/c/096581d0d4115f36777f12f011ae63-1499.manifest
created: 6/4/ead803e1528a1116fdcb0ca34e0bfc-9931.manifest
created: 1/5/cac5dbbda21b23a6d7b4b2f8607975-12790.manifest
created: d/9/29162c48b75f2cb5d8c43d5b90c1b8-1281.manifest
created: 5/9/be25f42c13af7cdedf9daac1967910-1435.manifest
created: b/c/a0bce354829b76431de7a0345d18c2-4499064.o
created: e/a/ef29ce07a2dfc8f6376142476ecc7b-4034.manifest
created: f/a/57ad87f8a97b2b4def7b7b8d18bb79-2897006.o
created: c/2/f1e46927b99e96d62ebe4f91dc6094-1544.manifest
created: 0/4/a8b7c161e979dc79cd40fed1de30cf-6712859.o
modified: b/stats
created: 7/e/dafd203df5395e74c2a5e006540b04-4465250.o
created: 3/a/f43a2ba13c304dba4b20a2e3b89b8c-3046856.o
created: 8/8/a42ac799290a583a810bf73c7066a4-3039.manifest
created: 4/3/0d8256823627d19ebf2e5b1a795bce-6536.manifest
created: b/3/1c1921e97b95b6735de79bb25618e6-18123.manifest
created: f/7/bbff7f91f1dd622b13f26f43d33d25-302657.o
created: 6/1/7d630068865c551aa892ea8f70f490-2579505.o
created: 6/e/cd9eed61580f742c111d676736bbb3-1950.manifest
created: 3/f/481d4f0b2a40a909f9dd22e237c8ce-2841214.o
created: f/5/33ee8cd34556150526b594b0425d08-4530931.o
created: f/6/4fac9d2f941b528f1accb9e35fba9b-7463023.o
created: 1/2/cb7f49673e548edbdcfe5389422951-11528.manifest
created: 2/3/7676e48895d698a3901c4e66ea9a84-2763674.o
created: c/e/84a768f9a160f9051b61c30ca466d1-12924.manifest
created: 9/b/38b7e9509ecc376856c91455136563-2998862.o
created: 0/b/612c7a4bc12068c25c7d4992843558-3767405.o
created: 9/1/bf1adc7e251ddf6f76b38539ea4696-1832.manifest
created: b/c/3f266ee0e35e053655c2e4cdaed987-1398219.o
created: 6/b/e8d8d43ecf4537f035524f40fb7680-3092682.o
created: 1/6/2fb06b98ff98a5111d47b90f38c49a-2929929.o
created: 1/5/c85d87d12777a704c080d76ce1a2d1-4521551.o
created: b/f/15b7fa9dc2eb43e80c1788a6cca868-1484.manifest
created: e/6/4a72d793759a18398d3a72612d99ad-4869725.o
created: 0/b/3f218483fc3589fd0f52a438526020-3609.manifest
created: e/9/d20c8a371c8ddbbdb221df1a05435c-3134082.o
created: 0/6/85cd77cc2ef581db55706a53440aaf-2445.manifest
created: 4/8/86e04dcffe3a195da4801df5f9acd2-1594501.o
created: a/7/8540aef8a267e545b1a1c2dbe86c55-5765.manifest
created: 7/e/a44aeaf5065fd0ae157f1a0e8de04b-5061381.o
created: f/f/21b7e8ca7154e3f4ba650974e52855-1527065.o
created: 7/4/935a5905085cbbf613a1e0254792b9-1144029.o
created: f/f/5ff2748e4f1c253e444ff9a1ec54ef-3100124.o
created: 7/a/254b1807ebc56ce622b7d2101689a1-11381.manifest
created: 5/f/48684f264ac207f9d77e99c67ae690-3318.manifest
created: e/b/e7823fbeae4c84062f87d1038d6b44-2898681.o
created: 5/9/77d4e0c1ee1e82e53d576a7a6c1dfc-272724.o
created: d/6/e9b781b34af313058cc91a4147da1b-2297781.o
created: b/b/c006c0cde118f1d9921e4afc26c748-27374.manifest
created: 5/7/c1b02f2d40d4802ce9fb0b06e5decf-3895.manifest
created: a/9/81c618d334aef6d3c695cce7c3e4da-11074.manifest
created: 5/f/3d063b9243bf61e29c23abae887685-2551458.o
created: f/1/ef7e1292eb2cce544bfd29884ba9ed-1603191.o
created: e/d/cba8c4dd974b6a71694d89af8dce70-5909.manifest
created: 2/e/c52babd7237d936f4d0d93515c393a-4917.manifest
created: c/9/9f06f9ae04396492dc732cca4b1aa5-4549.manifest
created: f/f/d7341ee4decd5a93b437d429edb5ae-6247.manifest
created: 2/3/58f509e2f4d7567ef7f06c992b69c4-7598.manifest
created: 0/4/7dd6ad5cbf228bab1a038b2f8ab33b-4942953.o
created: 2/1/dd8bfd2426be5ac084d19ec8e49aa7-4492.manifest
created: 5/1/8d08c2e678dfb38e65bf6f8e039dc6-15082.manifest
created: 7/b/34c2a0021e36576ea97df1fce66d81-9521.manifest
created: 4/5/dfa07c642d13fca31e88055f676f26-2662707.o
created: a/3/8b2f464f64fe276627cc23bfb6bd14-17865.manifest
created: 2/0/919a8c1e770ce2e46d7f68a7fb2229-2299648.o
created: d/f/10f53fbd93b33a5b2045e1432455b1-1579674.o
created: a/6/5722ec92c25066d166a420658ebda5-13300.manifest
created: b/b/4c7a79535de50cf94b5e73dc507fe8-6944.manifest
created: 2/8/6cd3928541f651bd92a90fe83775a5-5929.manifest
created: 8/0/54f46a6d35e3d43303aff566fcf2bc-79851.o
created: 0/c/852c4a603a250710d6a17ba1b80637-1834.manifest
created: 4/7/e00fa2c06f02178d4752c66c954bd0-3361205.o
created: 9/1/b246b4e26c6a0660369443fa6304b2-10421.manifest
created: 5/c/da5d4809f84ed16a0251f26c7b21a1-18750.manifest
created: e/b/3bd8028cc71f8f65d9ac31dfdab50e-6889.manifest
created: 7/1/886b67588d4e46eb7db509b2358437-5504.manifest
created: f/7/2601d43985679d75c0f2d60049d3fb-3085636.o
created: b/c/2428b197d523c037427c40a3c16e56-6917.manifest
created: 0/3/bca5ee090b0c1c13b43ca2592f2f82-21844.manifest
created: b/f/d0ff3827f7712b0d7848f7a7fb62ea-3439.manifest
created: 0/a/741ba188176d48741576ed63aeb375-95063.manifest
created: 3/3/bf2f9924bf7252c8f48d4ee8c41cb7-4459367.o
created: c/9/ff771da82e69670b1c5c8cdac067f1-2094539.o
created: 7/0/ecaa082299791bf4259dabea665a51-1927.manifest
created: a/d/4386087f36187b31a598533bf587d4-3831458.o
created: 9/3/fba79f3709a6ff479c94319c006069-4509875.o
created: 6/a/84f3e2acd8641deeecbb683f656287-13292.manifest
created: 0/d/14c62871c8645b0e71f48d7030466f-18040.manifest
created: 7/c/21049671c45e6aafc97c1883c0bfee-10410.manifest
created: a/2/540f3bd77e911551a50c86ff70cece-6359.manifest
created: 6/a/2c4c9081344c3e700246eec2c62884-2783.manifest
created: 7/6/5ac0395881964ae5671f4cf534f673-1782343.o
created: a/d/38e3ce8597069c116850283de1aeda-3762848.o
created: a/f/80497992b56fde9ca36fc505dba61d-3471.manifest
created: e/2/14ea6258eda734269411bc0d6078db-1337917.o
created: 4/1/e7052a2ec57265c0e7d60cf8462c1b-1336770.o
created: b/6/9670df3759773bc29e2fe718a794df-14361.manifest
created: 1/4/61ebf36facbfaf40fc0c1409e44f42-5544.manifest
created: 4/f/3b08518815b57fbcdf0f93a57a1522-6576.manifest
created: f/6/0cb2b747666aa7a3f70fa9ac1e5de9-4745.manifest
created: 7/1/a6ff001f0823cfe425777ef7d1abd9-1534224.o
created: e/c/8fdff2a50261aea2f4a4362f56096a-2988954.o
created: a/5/21c860671d1b6726acbd89445c1ef1-33171.manifest
created: 5/1/2bc1d996641d400d748110ce6a930a-9438.manifest
created: e/e/8b1ff9918188391cfe1c2bc5a08eb7-19011.manifest
created: 3/d/97c9cac64f8462c2f34585b3ea73ce-5052300.o
created: a/9/106c695790a331f86751e8310658ee-3350477.o
created: 0/c/13501e00a9944a05fd1319704bfe21-3950165.o
created: c/6/8e8f68a908dabafd718e43a1239309-6254.manifest
created: 9/c/74f129f4260d74041f37c56d32f30d-1495.manifest
created: 2/0/bb6b59724f25fb024557eda4b96310-4886663.o
created: 8/0/de7b5c1a3d4dc6ee7814fed6a57f4e-2902459.o
created: 9/9/2609546e38aec489e66b6b4ac475bd-2656.manifest
created: 7/d/a0266f209e3af9ec02805d9112cc58-13461.manifest
created: 1/1/703edebe1e946ba6bc69fec17adaa4-5973.manifest
modified: 6/stats
created: 5/3/0d8e9b991191d5ee31d79551f25e36-1623.manifest
created: 0/1/eef5c2698321aa2f97a694447716d5-4907.manifest
created: c/e/e7bd0dda9ce87750f2a6234d8ed9e1-6273777.o
created: 8/0/e078d072622834c805cb5d78c6dafc-24854.manifest
created: 3/0/94fe9499c750fc5ccb0d8f7d9bf395-6821455.o
created: 9/1/dc26719f5750b963fb30d7b123e840-4638169.o
created: d/6/f92501c103441d562bd0d6e9916717-2537433.o
created: 3/c/e65f9ec1ed76959eb797e10814071c-2031227.o
created: 8/4/f0822459a3edd00e42984f0a13f4fb-44052.manifest
created: 2/a/cd38bcc073b18eccce237a52960f25-304893.o
created: 3/4/bcbe1119b52dcd4270467e0a64aac9-4505881.o
created: c/4/5451eff13ab737cccd74fd5c23eacf-50651.manifest
created: 2/3/3f906bd58bbc541e8fdf8c712686de-6578344.o
created: d/9/9fe7cfdaf0c230df36250451fa2b47-10932.manifest
created: 7/7/6a2282e3debfbc5701d22323c0b307-5721.manifest
created: 6/2/be174c836bce625cdf324989206bac-56143.manifest
created: 7/6/390be111970fcac107cc6cd9d4f8bd-5860.manifest
created: 5/8/566118458ce354d56123b8b67727c4-4849039.o
created: 6/d/9e927ff12fbbb46f6f7ae85be46ca0-5059072.o
created: 8/e/7c66256bb2c9f22b5b9048029bf9c5-16325.manifest
created: e/6/08f9688178ab6e0cf51feb6371053f-1497.manifest
created: a/0/5c1103ea4b6904814d879f75755d41-1399.manifest
created: 5/3/70395f8cef010f324b461d4400d84e-5650.manifest
created: 9/7/257f52b01ea974dfe0eac9904059e5-4438.manifest
created: 7/f/7ef1cdab691afb8d744d32a818b4b4-7907.manifest
created: c/7/239b1a6c0548a2f81044bd5a1f542f-6855.manifest
created: 9/2/6023ab70d03de95fef497509660971-8899.manifest
modified: c/stats
created: a/6/3ca2d0fdd11abe2053054709a67b7a-4725072.o
created: e/e/b254058e9aef6f0ea5ab74e43a076d-3504.manifest
created: 7/2/f24793f568f20fca9b614a6379dd82-2399.manifest
created: 4/8/b254adb20f6bb8c9728ba164ec2e98-4126470.o
created: 4/9/192f1d67f1c3aa1c2b2d250b7b5b06-4494409.o
created: d/b/a3f3a1588952ead7e5d5572bd5378f-4475796.o
created: e/2/070ca92a53d4e7c031e0f24e92e929-3127669.o
created: 1/5/a6498c8fd4fae74e261b0b688f5312-5013688.o
created: 5/e/964d3da603f27b5b0d464cdb4019d3-2290937.o
created: a/5/230476a5e23eb9f82812c87a54a57f-1942.manifest
created: 9/0/3bba8dd3667c241c30cfd467021cd3-2846932.o
created: 9/3/896241f5ce381ba8531524244f249d-7780.manifest
created: 8/0/7a22a52214f9c72d813c667176cd77-101392.manifest
created: f/7/650757f1930c0e309d1d8e3c01f4fe-7209.manifest
created: b/2/f9100768bfa910f52114ed5888c773-5477685.o
created: 5/9/4e983b7b1d5794aa38405ae4ffbfff-3506475.o
created: 6/0/2b9e9cec0d1f89eb101fed2816fa35-15964.manifest
created: b/0/daffa602317d47d4ea3816697547a4-1818049.o
created: e/1/9726dfcef4056f3b1d51c6c9bc538c-4766817.o
created: 8/4/3a10f7c7751f1fa89c72944375b06c-2526841.o
created: a/9/e843f81e2f791d3f2499c6240072e0-6913.manifest
created: c/4/634c96453e95c0431ed6dc322bd9ae-2679884.o
created: c/6/8204d26533baef92a0c0ef1965c03a-4069.manifest
created: e/e/2fd36a100e35702f7c05ae59cb93f9-4713.manifest
created: d/d/7cc23216d0422bc56ce3a91c50be58-2004.manifest
created: 5/6/fa4409c78548aaca850d18fcc6e6c3-6510.manifest
created: a/f/d44a4084a9bd0221d7b81a1ea03c18-4847697.o
created: 1/b/a610a4c527c4b7c978a0280d1236fa-11789.manifest
created: 8/2/7f61c66f708e42088d8ac3674e1a09-247364.manifest
created: 5/2/14328a6ae7223a587fa2c064191cb8-2022288.o
created: 4/c/3b9975ba5b0941b6df4b189701744d-5016683.o
created: 5/f/837808f9d89234e1fece33d8d4dd15-33200.manifest
created: b/5/e4d6275894fbe158656d3102543329-2986163.o
created: f/d/f02982119b45ccdd8fa8d4443c8a8c-5452.manifest
created: b/4/1ca470d74dc6cf1598577e3bb1006e-6912.manifest
created: 9/c/daf8eee33e2f059e862511a5e57975-22209.manifest
created: 4/f/ee2ee210433f94284f9b4f6060d702-1729.manifest
created: a/c/6806d35967d9794cbebfad52519559-1015939.o
created: 0/8/213739f3f57ac1b62e984e4501d05c-3001681.o
created: 2/9/68216d701e203d124f760e6c2737a3-2997217.o
created: 8/1/fd5cb90048183dd79609aafed35a03-80271.manifest
created: 3/1/2de9304277e839de552ff3890bc0c3-5167564.o
created: 3/6/c56d0c473caf3f514b275803050b7a-5961.manifest
created: 3/b/0a7f8ddbc5c1d6752ed4013dac77a2-18628.manifest
created: d/4/8e6daba298135b2473bc2049f60f62-1395012.o
created: b/8/69c8c1cc4962de7e29c32f5a3cc8db-8387.manifest
created: a/3/24b5f54e9c3d8b28ef2ba25e2a3827-1834768.o
created: 2/8/04e92f9bf6e4ff8ed7dcdeede7d0da-1469.manifest
created: 5/7/b3cb445f88b2123554efe4e6d8d0e6-4670.manifest
created: d/7/a505f4e91065001e1385ba817a4ce1-7705430.o
created: 1/7/d58d541699ece46a91700a4ae6e943-2527013.o
created: 4/4/e503b141bcbdb0a2262319976c21d7-5679535.o
created: 6/7/d5649b8f65d4fc9fc38bb27da0f1ca-3304476.o
created: e/c/44d98a93ab96292501df53728a238c-2771532.o
created: 4/f/4cc686694d2a9183b7f1241d90e8de-3088703.o
created: a/d/78a94cd20abf2b3ea8ea5070cebb1d-3234630.o
created: e/2/26030df01a5a16e1b319fcf9c74524-11176.manifest
created: a/8/03955c9db327d1d8d1b9ae9b0e7559-3321.manifest
created: b/2/95f1b98fa1f3a65a62b164a86e1f17-1371666.o
created: c/e/b7d0d9c5fac9f9736cb1b081cb48f7-6842756.o
created: d/6/ad6671b743c9db47d958dbab286dc1-9630.manifest
created: f/e/08535d4c87530827f731a26f278b9d-1839460.o
created: 9/3/e49b3357b472d67779ee91ac527a6e-1352825.o
created: 4/d/c87ae89df77c886ca2c5c7bf2b23d5-2049966.o
modified: 2/stats
created: 7/6/425235ceda496f0143225c898e70c6-2951754.o
created: 3/8/aa39dd75167975cea413e60dce32eb-2213.manifest
created: c/8/09581db23f538f21be72542c646c9f-2458966.o
created: 5/7/41f3d2d15e705039660744da5f7488-2528057.o
created: 9/8/273299660c19ec47a0d22db0971004-6401191.o
created: 7/2/46084bac8c40b9eace0b381ec0a41c-6338.manifest
created: 8/8/fc68f04aa8d117e6403ab85db1a84a-2869062.o
created: 2/f/c9b707d706b656e524cb152ef300bf-2797513.o
created: 4/a/da61fa9088286f347a71c9199b671b-2120563.o
created: 8/d/79addc71b2d43f8a46a0dbe011b295-291096.o
created: e/0/c871a52f64ee83bb1d7d84484c161e-47293.manifest
created: 5/4/29f7e924594062a3e74cfb2eef0330-36795.manifest
created: 1/3/b7d1ff84839a52042f7c3b1cacb147-4920505.o
created: a/1/46909e0bfed94a7c18a2a556dbd40d-3072092.o
created: e/0/6f93db1b69af95122afbe1f800dd70-2001496.o
created: a/1/54d46689944e8010874651411ea0a3-19418.manifest
created: e/9/98920ed04436d4ada54da3a816571c-13163.manifest
created: 5/d/c705ff398c7f7e7f946f6cf3dac1fd-1557993.o
created: b/8/557a48186b398b8ef2d76f43eb20da-4977402.o
created: c/f/612bff026d0e457a34cd30b27e3e72-1740.manifest
created: 8/0/9b5e831a9a5ef5b2404a64d90befdc-6736.manifest
created: 1/e/a4a9f0c16e2441ed149cd562eeb70c-5158851.o
created: b/b/0e85552edc21b21a97b846ecdfe653-3203.manifest
created: 9/c/00922a3f59aa5026dfc7c3ba828795-11149.manifest
created: c/f/09477201ac8f14f026dd18bb0de25f-4264.manifest
created: a/5/3a31f26e35c69a821c6863f5c3c1e2-3400778.o
created: 9/e/4a227852b914adecf916d2855d959b-113723.manifest
created: f/5/00bdbd33a9baa623d3bd0bce051622-6830929.o
created: 4/c/6697576dcf7897b9394cff7a201a36-52190.manifest
created: d/d/6f5e3215e0494d4f00db3b1a20527a-1582702.o
created: 6/1/f429c6db8e6fc1bfb8cb91676dda4d-5707.manifest
created: e/9/ad12c99a8cffa98f4095c2792dcc96-4791547.o
created: 6/a/073f4adf524d9b1b6603542b64d2a5-2326843.o
created: d/a/227a3bceebbc1b616d8d4a9908c0d0-6869.manifest
created: d/c/23414ef2ea51238c4e3629fbeb4907-5072363.o
created: d/2/31426bb156b202fafa600549db79a4-35835.manifest
created: 2/6/ba588d4b0eb403f10a890bb8539222-3109756.o
created: 4/d/5e0f2e5c3f1e947185e901bb751f94-12947.manifest
created: 5/7/9c734ddd77cc24a15a6c4105e6bb6c-2907253.o
created: 2/2/a414437d9f906d37e90b679d878816-2102651.o
created: 1/3/89465a3d53ea1008b0dc9276752972-2530228.o
created: 7/4/718ad2bfe698fd88e6e19905dca896-3376.manifest
created: c/9/cb24395e2d356388f7f480e61f435a-5934.manifest
created: 0/e/464cd9c3854b938e5378a083aa34ac-2831234.o
created: 0/3/719ce588d1f79c517bb05b6265bdf1-7548.manifest
modified: d/stats
created: f/0/8a6d3ee683861edcb6accba89034ad-1766.manifest
created: d/3/5955c5f59cbd5b28aafe78a0880c46-2833899.o
created: e/7/1dbc9f36b7fd3c476a5c560e480f69-306076.o
created: d/e/58f57a5fe97e6d1a1514ec8fb67aeb-4332827.o
created: b/5/2437cdd6dd9640c100f9829e72ffae-2213834.o
created: c/a/29ec26bcff21d300fc06979a7ecf93-5692.manifest
created: d/3/735f27d4ec387f11629741eb4afe37-3234312.o
created: e/f/1a3efb98a2a9b381698b8c55f4d795-1845.manifest
created: f/e/1391ebe0534ffa8216930314507297-18140.manifest
created: 7/f/cf67528b51c1a1cd2d6757b62d9304-4903080.o
created: 1/f/d3024c5177dc2ccdc4a81fbe7aa7d6-88569.manifest
created: e/f/1634621698c81c9b8d71e66a0ceaf5-3305.manifest
created: 7/e/0fa5f72729145359d4f53360c87169-6830.manifest
created: 8/1/701d29879c97f88efd071ebe60129f-1394983.o
created: 3/0/04c566c0fc571ede3f7dd717c68669-1540419.o
created: 5/4/6260fcbc8665a7ddef113fbe2354f1-2902239.o
created: 7/5/cc11c2b7f0a87a2e24a2cb8d51b697-11679.manifest
created: 6/4/f584cef92c95f48bc2e85ada838136-1341009.o
created: 0/a/33a2283592c29f0d564118a357564e-2840.manifest
created: 7/e/bd8aa45cbc3a2102e2c05b4f2fdbbb-3951.manifest
created: a/c/5f1527724d8592dfff64fb31c1175e-5015330.o
created: c/1/51610a5399d8f8bcc2652d772e3fb0-3983.manifest
created: 6/0/4d1299493723617803d4a11c39d01d-6318.manifest
created: 8/6/9711b823f0af1ac97b1081ad834dcf-2009585.o
created: 4/b/bf9cd7362339463507dbb845443b57-4685547.o
created: 8/c/49d5de36ebd1ca90a06a4fbb5264d0-2236.manifest
created: 9/c/7291e35abc818c351a530616a0b696-23410.manifest
created: 1/f/8ddd6a736910734a2d68bc6eafd7b2-4954919.o
created: 6/2/48fe17601ed425144fcf94997d6a94-2538163.o
created: 6/6/cf8b81bf054e32bfcb20e74e56b6cd-1654.manifest
created: b/e/407a77dde75ada94c8dfa7483a9182-6884.manifest
created: e/4/1c323de21ea8e457de21ecf83a2c2e-1369657.o
created: 4/9/f01c233b9b86ce0bc9005227355705-1792961.o
created: a/e/bb7b04a9843359bbd650736ac214ac-7193.manifest
created: 8/7/2f7d61929c614b1c5dc28606c654e5-3013167.o
created: 0/a/a10ca22bfe856b2f82bcb51e1394e0-2921508.o
created: 0/5/efb144d3c2a5f112d59d6eb2a03a82-3225.manifest
created: b/1/65397d444424753983d8d2efc3cae1-6032.manifest
created: c/f/1aa18b1a2dabab220c3496653283d9-31229.manifest
created: a/5/3f04c3bbe6ce13352a1e7671beec08-105209.o
created: 5/4/2bd688b20e07732c7399f807ab353d-1402972.o
created: 0/7/1b787e9fe74c05f5778e19eb3175e2-2041701.o
created: 8/5/71c225668b3479797b29c12df35aa5-2599.manifest
created: 5/f/8bd8c4bacdc85bc716d4a4756fede6-5096.manifest
created: 5/1/71f986868e6d7b1956c186abbaa64b-2899966.o
created: a/9/af2785f79ad7d6feb71529145a3279-2798950.o
created: 3/9/05de3788ddb04042cff8f08d7be2da-7554.manifest
created: f/f/100bda7341a1504eaa6e91f1d1ffa8-2765741.o
created: 2/6/e3111a19be15892891931684bd79dd-4760.manifest
created: 8/e/8efa71dd88d394a1aa555443e02f77-4809259.o
created: c/c/7345c2ec4c7254aafd941bea8d9ec9-3026556.o
created: 5/f/ad2203717e76cb8bb3bcf89c1ed411-2417466.o
created: 9/b/04ff763248b339972130e3383967ce-3815752.o
created: a/5/c0e57df8897ce374296b9755a8d172-3136121.o
created: c/e/c5f8b9ed5fbf182614f3e9e4b8c80a-49423.manifest
created: d/0/4b1ec3cf545e4e72f38a5dd3f6a6c9-3160714.o
created: 1/9/5b86cfc237dddaaa9cd51ba2ba8747-12380.manifest
created: 1/d/64378d020f40ecf4ff74e627c110b9-16545.manifest
created: e/8/aa83fbadc8eaee98544d93e2602ee1-16421.manifest
created: 3/c/c43061199b206d7b9ba56a297cd52b-3756.manifest
created: b/a/864cb29e5ec05fa986ff4f039943fc-10535.manifest
created: a/0/40d52708988bb4741b1cfd80dfc632-2018175.o
modified: a/stats
created: 6/8/62383197075208b0d4dae3bab18580-3194791.o
created: d/f/c16e417932d0ebeefbdb47948fb926-4030626.o
created: f/a/8a614701e5e82bb842f1eb997f0883-6764.manifest
created: f/1/f7aef17813612a1322214d1f205484-22637.manifest
created: 2/1/11ab4b2e2932c595e9ca08d154b3fc-1522595.o
modified: 7/stats
created: f/9/7bdc655dcf8ac8e1dcc00e10ffa4e9-5727272.o
created: e/c/e2c669a18a69a759edd2fa4a363484-5043914.o
created: b/4/fae6d821d22e52e0df49b235b0d6a4-1335509.o
created: 8/5/444295c4c80642a5ea7d5d7541a391-2765000.o
created: e/3/16a0e68ecf559ef94444f25e521b2e-5014147.o
created: 2/8/1f6e5b0f9f4e3acb05f1051f4b0f95-28115.manifest
created: 0/b/c431468206555301034ddc66e51aab-3009414.o
created: 7/0/41e464d61e058ed2e1edc9de384d3e-2322.manifest
created: d/5/f67e12ee70fe8afa51348eac977ffe-5011686.o
created: 1/7/e711e9827592317965f86b41dd557d-6135.manifest
created: f/c/060593ca78c6a48ee7534ae4acd3cc-298542.o
created: b/4/e73c8f9a258a2616fc4b7c8cc2a10a-2843639.o
created: c/0/a2a4bda9090f7ef48f56b8687cbff6-11239.manifest
created: e/0/c8ed818af59b562cb6c926edaaa2cb-3006139.o
created: 0/f/eacb85c9b2e381cf5b1a4f32647c7e-13024.manifest
created: 5/6/673763bd6004a2127662fe063c9c46-1758374.o
created: f/c/5c22b23de3f0646bfa71b309d7e92f-2372178.o
created: a/3/ae187ee689747368baaf5104f7cf81-4526672.o
created: 5/7/5c01e369d4825810b2581d72dffb5a-18325.manifest
created: c/c/dc6ad6f58615bf2723017f966f9064-102133.manifest
created: 5/5/d2616f7d13f2d94c7760f553cf8151-164838.manifest
created: a/0/0327cf45ed0036d82922b4b7093f35-3307205.o
created: e/e/711354c43e921c4f4b2ec5a6a91b1d-4642.manifest
created: b/a/62f1967052be2e7531da8ff1a9e0d7-2898637.o
created: 3/d/9a01949f1be23919a3a3d69b45750c-2909793.o
modified: e/stats
created: b/7/8c05ee3cf2f00a2b14ea0e01d2a29b-2100999.o
created: c/5/e32fa34659dfb1ca8d6145bd844207-6850.manifest
created: 9/b/6b426105cd235042160fce751f6562-12254.manifest
created: 9/8/ac3a846afd596873dbdeb05ad01e4a-3948.manifest
created: b/9/1e426281d0e645a3397e4a7be1de2a-2700854.o
created: d/a/f1e260e17e0dee898e6311fb480136-2008.manifest
created: e/9/a352e05a678e665e2904c5af7978ac-4538346.o
created: 9/b/9d2b240d3d84a445ffbb9f4947cc44-5755.manifest
created: c/e/cd400f4a8ad51a43afa7187c96f87b-3728530.o
created: f/c/c5cbe57d43301e52bc1904e1f1388e-6093420.o
created: 4/7/ab4b75a9ccdd394feed44496b55410-7810.manifest
created: 5/9/265691bea06f3e9d552bdac168f2d4-30788.manifest
created: d/5/0beb2cc7bb2c53195dd21ba631fcf6-4772818.o
created: e/d/79d1eca1a2d084e6aad9f4da5e32fb-1341671.o
created: 2/1/d0adbf47a20f504afa9a9037ffd979-13146.manifest
created: 3/7/952fad12cce4afaade059b6960f937-8253.manifest
created: d/8/4b67cd5fc4cce31f5f67d4c35a22fb-2119431.o
created: 7/b/8e3c7d04c435536f58f522b7b48ff2-5074578.o
created: d/e/e6aa9ca0105567606371f48d29a20a-14037.manifest
created: e/4/30bc0e37c8bc17d43db7da216f9b64-5268.manifest
created: 2/8/9fb0816f4ea0d0fd6255aa293b4ce3-4176337.o
created: 7/d/837af1042caef70fe31db9c787a021-2131058.o
created: 6/6/3df933d63b246db6e5cc4ba867b918-1396.manifest
created: a/c/7f797a59f72579853967c20dcdf212-1610974.o
created: b/a/e302090bf96f4d0ba27c804acb1be2-1527562.o
created: b/4/f3921414ea15aa916d99001be08598-1402.manifest
created: 0/2/da997707a14f3005e74a60d1961605-4671686.o
created: 5/5/1aca40f050b3a96cba6b8ed6af7159-7618.manifest
created: d/e/7805a136c49c9797fc79d8cec11bef-6690.manifest
created: d/9/c5b6dc67c25d20daa9be419f26199a-11668.manifest
created: 8/b/26572c5f696ab742d0f65eaaa791c7-3124745.o
created: 0/2/e20af27a7a466ba02973d95f16f6b8-27266.manifest
created: 8/3/4b4e832340d3a6cce60d6c9367a9ce-2773876.o
created: 9/4/020db2bed13d086bdb00063dc1c790-3132478.o
created: 3/4/89f42eb065a289dc9ccbdd6e087367-5147459.o
created: 5/9/1d8d44a43bf53456bc6578914b41d2-3099227.o
created: c/a/4e3a14470a1a8ff48e310e0ba2ae0e-7717.manifest
created: c/d/9fe8b76ec7eba5e9e953795d2c6f96-7540380.o
created: 5/9/3135fe8929408ac128f05499811ad4-4566785.o
created: 2/9/83863a9f2ce6b8d40280dcef4ccb4b-25913.manifest
created: 7/7/9ab5009f820a1f47481353bf54883d-4252833.o
created: 3/9/39ab4621e7020f6ddbefa613b5d2aa-13449.manifest
created: 2/0/3108ebf8b4aac2e7a181d9e2deae7e-16259.manifest
created: 2/c/256930c4104e174e11910fd9d0ac60-3364868.o
created: 2/0/60994c410a7a542efb69a8229b2ea2-9348.manifest
created: 0/a/7cb90a6f1fdfbbd297fca6197c0352-1612775.o
created: d/c/e64c2c7c0862b0e50c0d266f7f40bb-2459.manifest
created: a/d/631512bfc0e38b01b772691b37223a-2897094.o
created: 5/d/77d8c12a25eeddd649ede5707e4d31-18493.manifest
created: d/5/ecfa8d4bed5b32fd41bb35fc99d4fe-4876.manifest
created: f/9/790eceec9acdb67b37d131341e6149-5127.manifest
created: 0/6/3c0543133a07b7b0fdff7d72019eb5-1599612.o
created: 4/c/2d01723075f9a6c782579c3ab54719-4511.manifest
created: 9/6/6156d3fcea74c40a0b1b6f1c60e213-7248.manifest
created: 1/a/10083475a276c2593f1c2d12464f1f-12110.manifest
created: 5/6/2b8fd9e727f54f7919da3bf03d07ed-3299994.o
created: 8/2/3c2ca820830f25c2a6261ffccbcecc-4032713.o
modified: 3/stats
created: 0/3/456b47c482a9402d081f0b350cd8b5-6438.manifest
created: 6/7/81571b0716cb08454cad5805ad6581-4575.manifest
created: 9/0/2c2208346ef7ed7ef4403ea6bc2ee8-6768.manifest
created: a/9/a234ac175671d8d56caaea0e1f323f-3164801.o
created: f/7/dd25d815f7faff52c0cb15ec35dc7f-2055650.o
created: 5/b/e8a9b8fad7f096c55eb3d5b0ed1065-2749207.o
created: 4/b/06e5e8f0bdb57fcb46760ae3fae43f-3189.manifest
created: 1/c/f0d2822a6b3b60a4e6e711a8eae675-23963.manifest
created: 7/1/e671763df06f8d8e85ecdaa89ad64f-6969.manifest
created: 1/0/7a4a3edbdd08c81947850a9a24ae1a-13674.manifest
created: 1/9/9bd428214c8a6d19971f8c461ca036-2797585.o
created: 7/c/52e9267ae32be5207a92bb22d4129f-6967.manifest
created: 4/2/20ac8a08f42d6ee28d1a4ed8648a95-1976.manifest
created: 8/6/7e669687857b56d03017c28f4ee27a-4455.manifest
created: 0/6/417b3c6828f13e37988fe2fafbc218-2896583.o
created: 3/b/d836f864101a9fd84f86a76ee3dd2e-2904786.o
created: e/2/163821f0dc3070913f34307bdba887-2189.manifest
created: 3/2/6c2823a4c5fcf3201b71d1ac45450d-16520.manifest
created: 8/e/87b1a534de185daee2f3fb56401254-9841.manifest
created: b/3/c7552db415e4a0b4cef53755d37c0c-28916.manifest
created: 9/4/0a46dfcae3c4c89fe8196b3d46cb7a-4192.manifest
created: 6/8/a8efd00ca210892f26aba0d5551ff7-3127047.o
created: 8/2/0539fa70687c0fbb5032c26408c3d1-21030.manifest
created: 8/3/8eb5081b300191435094bfdeffa801-34049.manifest
created: 9/9/5352dd084486faf53719d501bde886-2157570.o
created: 7/9/363d69a1daef548be39099aaf550fb-2191681.o
created: b/c/4f88e09f449e46d834349c4d0f37fd-4658517.o
created: 6/0/d4aa55350fff14cb03fbd1f4734dff-17704740.o
created: 8/9/a060e6152af4cc1bf68e8616872f70-3119692.o
created: 7/a/be2561ac448bcb3246ffd025141117-11420.manifest
created: 3/e/cfa70dd23ba8237f8207277f940cf9-1922.manifest
created: 8/d/f1aed33da96780ea46b65b6642068d-1546929.o
created: 4/4/a74450f05f801474576682de7e660d-3018585.o
created: 1/0/64a07178b44248d30cedfd1bdb2e6c-7142214.o
created: d/6/aef6503849a2e54998865150f7bee1-2676.manifest
created: f/7/f3bc1a1bb009f750bd5306c8a09ea2-49579.manifest
created: 1/b/f47e99cec1365632f15f9cc0f49799-5593.manifest
created: b/b/5490f77baeb695f5f989b1cda3e349-17327.manifest
created: 4/8/d281963fbaabb743077c26240fa8c8-1825.manifest
created: 6/f/6750299088b9b1f04ae5b021af2e87-2473515.o
created: c/7/f56610caa02f8aaf6c94c70ab5bccf-2273588.o
created: d/7/6664d7850f1d8301d68bb5ea1b8590-6672795.o
created: 0/7/f8c66a6a1871e446b80d057b5cb3d3-3269894.o
created: 4/4/689e45597f39d170dde7a92fa3323f-28251.manifest
created: 0/c/b5cfc277a7c318e5eb9f5703d48fc9-5372.manifest
created: 4/e/65ca29189f58c74168b76028d0001a-104921.manifest
created: b/1/443ce7fa59a21c05a6018e216dcb78-7224.manifest
created: 3/5/55744501dc717c8381a84b3ca07cf2-24584.manifest
created: 3/f/7d8f4debc076498d82d8f0bec2f4ec-3506117.o
created: f/a/d5889e61292c86bb943ff170c312c0-5719.manifest
created: 8/e/57914f2c566d4572e72382c21deb7d-18552.manifest
created: 1/f/8924d192c7ec1ec562854c1f715cea-17716388.manifest
created: 7/1/baa351432aa408759e7b75eb96731e-1587795.o
created: 3/e/13af275003639767c0bf4448c42616-6581840.o
created: 6/7/78896b616456ef296f73502dc90462-4709.manifest
created: 1/e/48f2740f6b8b5bd7ac9b6f3206174c-4118768.o
created: 2/e/eb818437b6ecca07278556485e55da-1661806.o
created: 8/7/10d35b848caf6ba3d67ef03a81a4b6-3031.manifest
created: c/a/b32992fc9b254af11cd9d7e5b8f30c-1592142.o
created: d/8/b7efb9b32ee9e568350b176dce57ed-4687.manifest
created: 2/c/1d35cde4512e2b8cdfd0a94026cb67-16486.manifest
created: 3/0/574e3aaaaf30f3fe498e6b9012618f-6045.manifest
created: 4/8/2fca5739f74dda29177200ce83d09b-16378.manifest
created: 8/8/6509d74d7b6f9b59f4061881700eb6-8662.manifest
created: 5/3/30d80b63cfa408debf9624fc5fad5e-6176563.o
created: 6/d/b1403da52b9a1b2715ead7195844cf-9420.manifest
created: c/8/f9cc6fe305404ed126e9fcc749b950-2694919.o
created: f/e/951deb5e785adcbc68ed55df36a3ce-10299.manifest
created: b/6/b2da1a6647901e1d98f87c723872c5-87375.manifest
created: 8/2/8158757b6f36d8ab2ceadbe3f07230-2397658.o
created: 9/9/a6f591c12623c765c368cc18b6ed90-1414759.o
created: 7/b/a2ba593917a90d05354771645ddf07-1335356.o
created: e/8/0babdc9d1b3d417b31999b7e1ca4cf-1900337.o
created: 9/a/c66d2cba3cc5e8f81bb19274edd4db-5439.manifest
created: 7/2/622bae2e8aa75c95db88771cb38f08-3803767.o
created: 4/e/a4318b42123841de75734789217329-6617122.o
created: 0/9/73efe008bcbecfb53e685848000bd6-15038.manifest
created: 1/d/f6c0f6efa087b8e0ec44e9aeef1c90-1656.manifest
created: b/0/25cdeaae88b46961eda3409c6b36c3-4941341.o
created: b/b/1da34d61a6c45382ccf660a18d1dab-10235.manifest
created: a/4/519cc33a2752c5ba72aef37cb4d79e-3023430.o
created: 7/f/24da6718c6348b604968a498505611-5001651.o
created: b/9/304169167e2196f19e99391d447ee3-1338917.o
created: c/6/26f62d7261f6102e18387085035f6b-1601533.o
created: 2/0/a0a796f2e1122c586386df1fd425bc-1939689.o
created: e/8/663e8d31d5fef4237c543792063075-2991033.o
created: f/2/8e3b5da19dc67d9389c61ac8b06e2d-4403192.o
created: 5/f/bf96ce886b3ac973630bf54cbb34a1-4163471.o
created: 6/6/e99933fa06c53554bbe17d90ed6b92-4126679.o
created: c/b/f63e5372b61ead0bd9d530a26525d6-1334129.o
created: c/0/e4c8650f1b346b2ac7ccfc360be76e-9656.manifest
created: 6/b/78012f979e21c5520e3e2f1bfed03d-3943.manifest
created: 8/a/27b7fab1ae70e4e9ede472b2145802-1994412.o
created: d/d/672015e5d275ddf5b792859849381c-8283.manifest
created: d/d/6c6ad422d4f86fd70302b1ccd9627e-3056007.o
created: 2/5/0faaea61e4b37bd36ea6d529e181d6-2899863.o
created: 5/0/bf2c98910002502f048f63692a26f9-5552908.o
created: c/1/bb1d792c5f4cb82d9f21f704c70b15-277068.manifest
created: 6/5/41c1daf025c217669fd2c5790f73da-2572790.o
created: 7/f/a32d037171ae2d5f2c4c1f3c33a412-1835670.o
created: c/9/0fe9979eb7713aeb149e4fbcd20635-9824.manifest
created: 6/7/f63dc8179e0eba8bcec1114c1129cf-7697.manifest
created: e/4/d09669d49dcbd665f8eccf629f0a33-3682227.o
modified: 4/stats
created: 7/6/fc74bf51c20c48d4aea2b877fd7522-13824.manifest
created: 7/a/a97639b61763d130ba8d9552543e2b-5726.manifest
created: 0/d/bb5154e9a9e13ffab676683913c59b-2451100.o
created: 5/6/036efb2e733a15d516a9498d2470be-13768.manifest
created: 8/0/9dc0aa60abdc268a5e14539525d221-5563111.o
created: e/2/9d5813d12c6914285bfc1791c02eba-3497.manifest
created: 7/3/15019133a561a7db4d4f9beea21a0d-1575.manifest
created: 3/9/9338d5f6da80865ef9c9a342ce2b7c-4764517.o
created: 9/6/3be51fbdd2c2c725e0747b5223503f-2944462.o
created: 2/2/87a601a9206cabfd72fdb76ee9e4ba-4448672.o
created: 3/9/c8ac1d79dfc16807ce64b50d811d7c-3475807.o
created: 3/d/dbd694f081b113798687f92841ed56-1600958.o
created: 5/2/6af629d55e3b49670505a14d914cc6-31038.manifest
created: 6/8/985e050dd158743a60ab2e3e6a7488-8719.manifest
created: 9/c/5d6ba9382d88d2f5203c5b7bc81ec1-4488081.o
deleted: 3/0/eb77a9d30d4cf4f8ede8bd3715c334-16378.manifest
deleted: a/e/a9b427ae6f8fd8bd5df2daac29918b-2528057.o
deleted: c/6/19537a866ff3d33fbe157af8d7fecc-1395012.o
deleted: d/7/5baa6b4c995d40eb24fdb7e831bcab-1594501.o
deleted: 6/c/af35b572e33950bc73b1b37b699c71-1435.manifest
deleted: a/e/bdcafbf8ec15729ac273321bb29245-7697.manifest
deleted: b/7/911b1477bf47d3b9e922d9aec0eb32-1337917.o
deleted: 5/8/7cbef80ad7faa3199678fd881605f2-1963472.o
deleted: 3/0/8187c9bb13bda94ae919b7e1a6e163-4647980.o
deleted: b/a/c38468227350373a781d8476755de8-4849039.o
deleted: 7/1/64fb1bfdc47f79e46658e98b60e071-1590930.o
deleted: 4/e/62b86343cf5006d9e4eb273b86c737-10512.manifest
deleted: 9/3/66bb9f0dfeb96787ee52502a7959b4-3138103.o
deleted: e/4/0ca9dadeebf54182303443a1002d58-4907.manifest
deleted: 4/c/e635fa827868579f81aa949ec955b6-3185463.o
deleted: 5/a/83ceadc50eb4d3a28a7507e44bb682-2693857.o
deleted: a/b/085f01e54aad78ad73e5e2cabe43dd-1484.manifest
deleted: b/a/811dda7a1afa2b55103aadfac0d196-4671686.o
deleted: d/5/e408c4e06b2e2f685bd79999692933-2771532.o
deleted: f/1/c6afea56e6cbd55ca923829ada6f71-28251.manifest
deleted: f/3/4c154e0fe5602465ede4622da66124-1334755.o
deleted: 5/2/87df90475257ea5c2cbd9d4a1ee04e-1352825.o
deleted: d/f/1f4516df18a6bb913e8d9fe81fbd50-87375.manifest
deleted: 6/f/1ac5161fc6a4be03dce4519b14fc55-6510.manifest
deleted: 1/9/a417636743e6725cb5d7a119df80c9-28607.manifest
deleted: 4/b/d7a8d3f6ade3455b38b3093cc0eef7-5158851.o
deleted: a/9/51f038274fae502f0d9826dabca9f2-3506541.o
deleted: c/6/3a0ea31a07d9afb0cd01334259b01a-4642.manifest
deleted: c/7/e3a6cc8747033d9897d76538286d19-2693684.o
deleted: 5/1/75994f235250e692627afedb446fdb-4488081.o
deleted: b/6/f3fc378a69e9a8e5fd42f920c89f23-35835.manifest
deleted: a/e/a28bd4d6446a332531674c55160a85-1916043.o
deleted: 6/e/42bc2f6ef0abf6824a8c45b8b16a28-6576.manifest
deleted: 9/2/e2f3c69445db203fe5e1f6ed3f8241-10008.manifest
deleted: a/c/43e96eabeaab85f0b8440251c8230b-4538346.o
deleted: 3/a/7439f1d0307b314c2bf192e8022a79-4438.manifest
deleted: 1/3/f55d09a9a6cbce01e8cf5bd9871b7e-3269894.o
deleted: d/b/08dd97fc9c3b042ef591e193ec27d5-3983.manifest
deleted: 3/a/e031e7f9db1c7b4473471028a25af9-5147459.o
deleted: b/6/4613bc32d00566cf074aed18b148ed-13449.manifest
deleted: e/b/967064665117b820734ced9f0a2b57-2783.manifest
deleted: e/a/0b42844275227ef4b465db2fd5a6a2-302657.o
deleted: 9/5/89687a304922856ccfa5f64d8926be-2831234.o
deleted: d/e/d738b5f8322cbad9e343ecc069bc8e-2576727.o
deleted: a/5/e5152aee5543c634bd8d856ca1b7b4-5316855.o
deleted: d/b/8a6b6ffc6825c4a4364b2646e096e3-309809.o
deleted: f/2/db45d469b0519a8192ed29087c96ad-3831458.o
deleted: a/d/fc59287d40987386878a57c86dbdb6-47293.manifest
deleted: b/3/f7891b948ba8abd5d9f899df55476e-4886663.o
deleted: f/d/ba965c52a990ee37a6ee32b39b9017-5726.manifest
deleted: 6/b/ef51dc241ccfff2dbe12da8321baf9-2579505.o
deleted: 6/d/14effe0a18f9f1a09e789990b4a463-9541.manifest
deleted: b/9/feb5eaeb2d2efa272517e23bb60498-5382.manifest
deleted: e/7/cf1c7058f924bdacaea59a228bbfae-43576.manifest
deleted: 9/5/5d192b471445f5718927eea8462e94-4459367.o
deleted: e/2/786c2f7178f647e7645a08dbae067b-6912.manifest
deleted: 6/a/675d93e9c7bd5ef87fc49f9a7442b1-30660.manifest
deleted: e/7/85ed1f74a1a1ae7e580e76e838c01d-3127669.o
deleted: 5/8/6a26a1ce21991cd0659ac328bbb22a-2887.manifest
deleted: 6/b/6d673430cdc5a987372b032db38c7a-95204.manifest
deleted: 7/a/3e73232527c6f84754ed4141fa113a-6318.manifest
deleted: d/8/4e381611880fb23a77d678c4c67155-2749207.o
deleted: 6/3/f0376dfb4a699fe4973504749cef8b-56143.manifest
deleted: c/6/e16e46a4f9139d8d283d21fed71edc-2191681.o
deleted: 4/d/4e0140ebe6fd025dacc6c7a575aebf-2716211.o
deleted: 5/a/81307653c340575ebe85dc650008b0-7248.manifest
deleted: 9/5/4dcd19562f66d6448c3d41adfd22b2-2907.manifest
deleted: 5/a/7754531e612364d9ee28f25aa444c2-3165947.o
deleted: 7/9/d4d7549b4c063429ec54bac2c8c328-2855435.manifest
deleted: 7/3/b5205fdabc5d01ece9286ade98aa91-2341.manifest
deleted: 4/b/e78953b077348af76d91868b44bdfe-1281.manifest
deleted: 9/1/3c43b85892e444afb4546246eea913-3023430.o
deleted: 6/6/c8062cf61f97dd56c1fe1a13ab7f3b-304893.o
deleted: 7/e/2a88e8b89d6e82690641e1deeaedf4-762256.o
deleted: d/1/5cfb13060620bb38bb13f50c18e6f1-1773456.o
deleted: e/8/d2aa859d918209ccdfb972cda998bc-2877591.o
deleted: 6/b/f62bb74d8f5660d9e757d836fa5401-4941341.o
deleted: 9/9/40e936704135407c33fb4c6b93e3ea-1407.manifest
deleted: 3/2/12eee38f518b88feccb5e8061b6d8a-3350477.o
deleted: b/3/31a6271de2239e44d9c3fbdb00fa1f-12110.manifest
deleted: 1/6/ec36a4f11ebe6bb1dac7f887f2e9f6-18325.manifest
deleted: f/3/0e2aad5df42c8cc47ba6b445ae7e02-2934.manifest
deleted: 5/b/3ae4ef8821b06e37ffbf1a514a7b97-4567657.o
deleted: 9/1/b34abd03e2f55f56a66173649a25cf-7618.manifest
deleted: 6/2/a4fa929c6324d4e11fb1b835ab5814-7224.manifest
deleted: a/e/9cf5d441d1d2ce491898b71fd5c517-5934.manifest
deleted: 4/3/d65c2a72d6e497a99599dc8e044dae-4176337.o
deleted: a/a/08c04326051d0eea209bd4e7348ea3-3131343.o
deleted: 4/e/8b3089076b77d2cbd407d479b067cb-2091464.o
deleted: 9/4/3eb041168bba8b1beb72a5de839081-4428.manifest
deleted: 4/f/7e38883a261dd70bbb9a92d6daa5a4-2997217.o
deleted: 9/4/b3002a155a6748d0ba99a5d7cd5ada-1782343.o
deleted: a/0/c0875b604c5bd32c78d67b9d34910c-5052300.o
deleted: d/c/84b6535b1df9b1da860754d7adefd1-4030626.o
deleted: b/3/ec65369f92cf53e03e0b7fb30cb898-2921508.o
deleted: 4/d/7d425e2d7ba2b410d9d093d612541a-4505881.o
deleted: 4/f/962f408df145214486e1a6919920bf-1579674.o
deleted: 5/2/7b5d53d8a3c2672cc388f66aa9326c-2988954.o
deleted: 6/f/18d23cac2c49842f686a3c38d7a12b-1835670.o
deleted: 9/3/69356c293926a7a27a6a1b8b6cf562-5043914.o
deleted: d/4/6cf5d4f8988f8e764d7219ce22d571-2451100.o
deleted: 1/8/3bdd2d47312ec357b58f2045df9753-3001681.o
deleted: 5/a/1ef78808efc8feed335bed0c539dc2-1395012.o
deleted: a/7/f49491ab27ff748807ef611bf9973a-10299.manifest
deleted: 6/a/0b5f3abb48493037d155c2cf320162-4475796.o
deleted: 4/f/146f3c75f4488a940ee24f96c95ea0-9420.manifest
deleted: b/6/ba428f3c21b2d1fbe2fd69173e11fe-1803689.o
deleted: b/7/d0e9285a787d9337c8340d2508daf9-3318.manifest
deleted: e/b/6270dbe1422b14504e91b3064cafb7-3173049.o
deleted: 1/1/cdd7ab53df74c70b31bf93bbf43ed2-3995001.o
deleted: e/4/b15524426cc351700771c31c7d7c62-34113.manifest
deleted: 7/7/68a00c1d7be9f5ddfac2dcadf726c3-3092682.o
deleted: 6/d/21a206cdd8c26fe09d3023a00ed2ff-4435795.o
deleted: c/0/71a7093d24432d94d80c40bf96c96b-3003446.o
deleted: 5/7/ea12b4f623b71bfa7be107980daa47-3031.manifest
deleted: 6/f/2f69ac8c8c07c597c7692842ecc797-2537433.o
deleted: 7/0/4c08bfa91a53655c9fe2f6f04052d3-79851.o
deleted: 6/7/0a997f30680e74d5f873c919943222-4126470.o
deleted: 4/e/eb8473370bea3fc3d07633e7526386-4538346.o
deleted: 5/9/699ebcc7adadc7f6af543be2c0a3c1-3035081.o
deleted: 7/4/31846b8181edf8698605c3192114fc-5929.manifest
deleted: 9/0/ade9b057f1377e8e5c12eaed021153-29915.manifest
deleted: 5/b/4c9aa558090f95fd3b3decf60c4454-1835670.o
deleted: 1/8/6ce3fb1715dbf47ebef51e234d2a00-2120563.o
deleted: 6/6/b628fded74926de987ecc298cacefd-7463023.o
deleted: c/5/8cfa9eeb64190fc6d01491327b3c01-16421.manifest
deleted: 5/3/a827cbbfef5a27687c2a23433f3d22-4448672.o
deleted: 5/2/a9b771bb422ce34fb25f12df48bc7f-5439.manifest
deleted: 7/b/3132b5bbe813129bb052b3a334ed06-1582.manifest
deleted: e/a/77f01ab9062716e528d1bb88fe734c-3023430.o
deleted: 5/7/08942f225954cbf7a2b0a053b28947-18510.manifest
deleted: 5/a/fa65ddfb4bdf5913ce9ac409ac168b-2951754.o
deleted: 6/4/71a9dccb4b1d1a10dec97a7ab3a890-2100999.o
deleted: 9/3/327b67902a571284a242efb833143b-5014147.o
deleted: 4/8/bd12720d4b0d46e86dae6052c0602d-2189.manifest
deleted: c/6/89575ed4e7edaaaf5295bdececc799-2236.manifest
deleted: 4/7/277cc40be1c266f4d41673fdb6977f-4268.manifest
deleted: 7/7/08a51c6862739390d82cfcbd70389e-5372.manifest
deleted: 9/2/fe112ee7fc4e677daf653e14b070bf-2900955.o
deleted: 9/8/04f483c0a3c81472d84d6c32e9d0d9-2399.manifest
deleted: a/4/7cc9751e35d4d2751c9290819613ad-3439.manifest
deleted: 4/e/719113def70a7d2f0881828965747b-5268.manifest
deleted: 4/3/f279e21c360e206ef32d1fa2c8ece8-3305.manifest
deleted: 6/4/30d700ca9b7b710170f2d481ce3d64-3494899.o
deleted: a/d/4bba0c13046360344ec6d159f4d3bc-15964.manifest
deleted: f/6/68cae08a91eb231a2e28373e5246a7-6768.manifest
deleted: b/7/3c8e52e3f776aea4adb7ac35c2e6cd-23963.manifest
deleted: c/1/63a809d493bc0ca4031861ac694abb-2698703.o
deleted: a/5/65415e30013ce4754370ab64da7c41-21844.manifest
deleted: e/8/1dfed8c345658438bbc83054aba1e7-3039.manifest
deleted: 4/f/84a7866fa2e4ba7f0d8f0e581892b0-2273588.o
deleted: 4/d/8c1ba12bb540ad383a3912659655d9-3124745.o
deleted: 7/e/688e23212a8af82caae57defb8594b-1499.manifest
deleted: c/2/220fbbc2764a01055956a63bb39238-8178.manifest
deleted: c/3/2fa883f4ae11770c5c093018067e6a-1607869.o
deleted: f/5/1e51b28c25717b19659a4f4acce19e-3471.manifest
deleted: 9/7/549215f385eccc228109c07cfd8258-1579674.o
deleted: 9/1/6ae6e834fb948ce6d62fea526c6a32-1335509.o
deleted: c/7/4e881d932563df51333cab978292aa-11139.manifest
deleted: 1/6/0e43b90bbbfa0699dcc5c0e8a72f2b-2898681.o
deleted: c/2/70510806d022f9e01013fd1742437d-7593.manifest
deleted: 9/7/d38ab89908cd6b702d412ee4406472-6578344.o
deleted: f/d/2561b371a5e82b548e1ea75e061afc-1939689.o
deleted: 1/9/487677e1f4df5642a776aec0b35804-3304476.o
deleted: a/a/6fa84dead1d82d148b5cbaaa63ad09-2676.manifest
deleted: d/e/99dd0ce4aaf2467a716c294571c094-4886663.o
deleted: 9/3/69b9b912a396d6fe1a58338b6642a6-5650.manifest
deleted: d/3/24860c23854b83a55be6b4687f6337-4883594.o
deleted: 4/f/82b34438e6f55679f6de250f5c3464-6690.manifest
deleted: d/7/0c74643f51e91b8ce2212005085d42-95063.manifest
deleted: e/a/034ef2da872ab83122cf3d72f0b883-3225.manifest
deleted: 6/f/0184bb3ea18ba8c90e042f50426f36-2213834.o
deleted: 6/d/91eca34dc8a216ce25f68c80833d1e-2986163.o
deleted: 1/f/60020f21464f13f5ea28793505e1b1-3072092.o
deleted: 4/0/ae873dadb42ddf2fda18cccdf79966-11176.manifest
deleted: 7/b/7dec32b45c272c89d75ca84909cf9d-1782343.o
deleted: e/a/000c02b4105340aa2359e4650c137b-4727823.o
deleted: c/0/9850e3166b924f4ffafa508775ebf3-4126679.o
deleted: 6/d/868065d8029554f4d96bd2bb3f5662-6944.manifest
deleted: 4/c/5ac74b98199a3cd113ba34d7a4582b-2899966.o
deleted: 7/c/b6e637049a823772e6c7d10aa98ce4-11853.manifest
deleted: d/7/11b396b9daa2b4fb7ab06c68ecf1ca-7498.manifest
deleted: 9/8/b8830087f3c5bd8e0e5c4817e80978-5041948.o
deleted: 3/0/e7db4e2870eeee1a8be36e63413b22-9078.manifest
deleted: a/a/8b79e9ecd098ae57dc53e76d91823e-6821455.o
deleted: f/8/a212d162e0b15754cf2b945ce56556-8935.manifest
deleted: 9/7/7201600734e94efbf1fe5e06cc59e6-5574.manifest
deleted: f/a/529ead66d38ee4bb8d8cce8c0f3be6-16545.manifest
deleted: 3/6/0f52b3f124826e276b48ef85a493c7-2453.manifest
deleted: 6/d/7376d99f9df0efb65f8a9a3d4f66d7-3506117.o
deleted: f/8/2917984dab84ec7bb125dfdc8232d5-8178.manifest
deleted: 3/3/5050d8efd79cf1a4b20c5aca49382f-2763674.o
deleted: 6/1/f53786811e17162429f81bbadad674-1557993.o
deleted: 4/3/263dd76a413e4b1adefa929fe0d002-4685547.o
deleted: 6/6/9acf7560e5048efb8f2ac9acd4d40c-6359.manifest
deleted: 6/c/f740e082e2f7a109a3361747eaeccf-5544.manifest
deleted: 7/b/582bec37847fa335ce5904bb62a02c-3134082.o
deleted: 6/e/9a1d30d73be54f62e06f18aa2527df-2599.manifest
deleted: 9/2/669dc11e6e337950bc1c49ad46fb63-19214.manifest
deleted: e/b/32eeb6ca4b9042905baf6e42363fff-5544.manifest
deleted: 4/2/c8dcea05b82e0b87ec284a11cfaa53-1729.manifest
deleted: 6/c/4d17fea7dec4846c0ae34c93045bed-3234630.o
deleted: f/a/1e1a66c2d8266c3cba25ee106060b7-6967.manifest
deleted: 6/c/7958278656be2bc91b0e354e37321b-2526841.o
deleted: a/5/5f1f398f6c123252fe93ce6e985408-1144029.o
deleted: 6/4/6f4e0f823ff2283c304238d1f96084-2326843.o
deleted: 6/d/381a6eb0e8ec749fe62a0c7a3b9b28-2716211.o
deleted: 1/3/db10f8c5f9e0d26c45200d57469eb5-1601533.o
deleted: 4/b/8193beec123ebfe681905aa756ebf3-3134082.o
deleted: a/2/a07ae92588a5098a6c3f5bcd683f4b-2537433.o
deleted: 4/e/78b9a6c5af7c2cc72644984343d71d-8143.manifest
deleted: c/3/4329ffe839ca1695694e0efcf248a4-5016683.o
deleted: 3/7/bd0985bc2b412c16a1f3843d039769-3189.manifest
deleted: d/5/e30bb057cc160fe8b89b165b349f52-2495308.o
deleted: 9/1/7757eb4aff5e9743e9c5145bf46e22-3345651.o
deleted: 6/3/b705444654509bd527a461d62cc1a4-4732063.o
deleted: a/9/dd7490cc0af7e418d716330e76f462-6135.manifest
deleted: f/9/17eb70d8363e83b5b0f15278d87ff7-12511.manifest
deleted: 7/3/70f5036df02e53da9d32a7b54047cb-6913.manifest
deleted: a/6/9804220f6ae8b72e6261d1ec095137-2831234.o
deleted: e/4/5eea97825637a953a58aee65d7d434-5061381.o
deleted: 3/4/c5c6004d63ad96694a73d730a94252-1845.manifest
deleted: b/2/55abafe9c8b9671f33c8570749b4cd-2896583.o
deleted: 5/a/ad516fd95c56f7dcad57a2278e85d9-2717367.o
deleted: e/3/619dada9789e18a0f6d5394c8c4dae-5544.manifest
deleted: 9/5/a6a2d711aad39217a3f36bb9169317-6576.manifest
deleted: 4/7/1e295689b792e0217288081709fb6a-9521.manifest
deleted: e/b/a9296b564958a64487df2c1618e609-3235595.o
deleted: b/8/0e05b47aa7927edd7cc5e12a63fa06-2458966.o
deleted: 6/d/157062ed992398e480be8b82e05e1f-2797513.o
deleted: 4/f/001b21ef88a6df7256e8d715868e59-14712.manifest
deleted: 4/f/96d6038184d054120b8b73c24cb2e6-1497.manifest
deleted: 7/4/49a0e13b75d9895f0f7e538debe349-7142214.o
deleted: 5/1/f77111e324d6ea274fde98d1a3ca46-2729.manifest
deleted: 6/d/883e7411cb1b8f96dff5faf8d47aef-2551458.o
deleted: 5/b/352a743cb85e503ca2ff6913eb9a64-9001.manifest
deleted: 6/8/0aa960849da98d56ddc46b53ecbc2e-3076137.o
deleted: 9/7/719dd6634832c412cd3c48e839c6f9-14704.manifest
deleted: 9/6/2cddf951f0465f2dd6b68c1b14228f-3365203.o
deleted: 7/8/98a7e263a0ec41359c0d7ac7105da5-6640.manifest
deleted: 4/3/0d2bba94e8c7b5f331d59d0f8e433a-4737177.o
deleted: d/6/84cad827f21fa27cb2a0d5fb4fc4b5-4074370.o
deleted: e/b/65faa11cf2abec4ca19866c566344c-4163471.o
deleted: 4/7/aebe01d8a3d1a51205b2419884cc54-7348.manifest
deleted: 5/b/c38127c26000fa56e8f906fc9935dc-9101.manifest
deleted: 4/b/dc2bf3a530c23ab346b16c36ae3f2b-6736.manifest
deleted: d/2/3e74c753c8058b7c825fe46f143335-4800845.o
deleted: a/7/fb55a166d6348d017bab23db5594fe-2131058.o
deleted: d/2/c8d1cc7f9308a02b7adb6df8811489-49579.manifest
deleted: f/a/222aab26b2a5d2865f1e3472a798b9-10624.manifest
deleted: 7/9/abd60df95c36cf4de8195efcc55f64-13501.manifest
deleted: f/3/f09206065b9a6130a4d0097790361e-12947.manifest
deleted: f/7/559bf5b38e8f4a095434e6c95dd917-5477685.o
deleted: 6/e/98d9b5e4bb535f9196a63a302fdfa1-3089284.o
deleted: c/6/db4e45baa3c1a5bb4b6af6c4648c54-7463023.o
deleted: 6/5/403f1f49d421258ab799365f64215e-8886.manifest
deleted: f/9/4fb05993e1ce12a448b7aca8b7a9e2-1900337.o
deleted: 6/2/5f760c65040d2e0e1d3a1a3f58d813-27374.manifest
deleted: 7/a/6ed25cec083fe93dfbe8551e9707be-4459367.o
deleted: a/4/84d21794dc32a8ae78de68604db9b5-3184737.o
deleted: 3/9/dcfb8b2ac225410ab21aaa5b630d4d-3762848.o
deleted: 5/b/f7246449f1e56d5927eff80559ec27-21104.manifest
deleted: 3/b/a7931a744ca4e79b836e4dc063bd32-5679535.o
deleted: 9/8/84109273992f21a4ed4a7daca0fcc9-7780.manifest
deleted: 4/7/15b59e0a9a525f22f64f78da31e465-2991.manifest
deleted: 4/b/28b1235fe18bee5ce2f6ebf193c456-1587795.o
deleted: c/3/3b3fe688f3219071fcef6ebe0dd43d-10932.manifest
deleted: 4/e/5c8eab985e96268f18cb5c4f857feb-2921508.o
deleted: 4/b/5e6bd23844e7ff12445f5cd614a851-3234630.o
deleted: a/a/41df8376e8a19d5a2fb752b0dbcfa2-15038.manifest
deleted: 6/a/8f7ae50b2521675d68f4c55f9d0f57-4494409.o
deleted: 6/7/6d7366a347ff9750a26bfb6e6c57fd-3815752.o
deleted: 9/a/88d4f66fb103bbf673b517d0d41f83-4264.manifest
deleted: 3/0/31c6bb16e6c80506c2d5ef23dcf10d-247364.manifest
deleted: a/2/287a583fb0f3a5fa9fab44dd4468db-6438.manifest
deleted: a/8/86c0a5ff98bba1e42cada80ffa6e13-2700854.o
deleted: 6/0/84e0ef4bb11434ff05fdd6713cff2d-1399.manifest
deleted: 7/b/5bb25e733c9c2b52da1cbaa8775984-3264135.o
deleted: 4/e/73bbcae67842eabbc645200505924a-5719.manifest
deleted: d/b/cd0a364d6b50f2a3cb1b03305135f8-6889.manifest
deleted: d/d/a2bf45bcc3bab61343e51a50f4aa4a-16421.manifest
deleted: 4/0/19fcdb96b69896caf2d37ba654c736-12254.manifest
deleted: 9/3/ab261e51e08cd9be4298c0626c7fa6-2817838.o
deleted: 4/2/6907427b50fe9ed94d6b2662a827e5-39985.manifest
deleted: 4/b/27aa8332861cd6a62055978fefbc44-7193.manifest
deleted: e/1/9397bc59d15deb7a93063db0cfa275-2662707.o
deleted: 7/e/3536bb0d34ceb9b31a76b518774182-6944.manifest
deleted: b/8/8d2e0efda488a9d5cc3d437e8d85f3-4332827.o
deleted: d/f/10e330037d5c03b2ce8ae9befa0ee8-49918.manifest
deleted: f/2/2ca48af0d8a5d91f1ce1c4855f3269-45352.manifest
deleted: a/a/062b0f7d7d15654d1e9491126571ce-1575.manifest
deleted: c/6/e7f0cf6bad1992f0274278970a1368-4538346.o
deleted: e/8/8c99930bc2c39c57d546ebd5adb102-5574.manifest
deleted: e/6/dee3ee6bd6adc5732ef98d1b289b55-2322.manifest
deleted: 4/e/ec273fb514c4af7a6c12d94065c5cb-13824.manifest
deleted: 6/f/0f216b352153093d232cc5019f035d-164838.manifest
deleted: a/6/4389bcc6ab987d0e73f0c5a4020e52-1334129.o
deleted: 3/1/573d9a9908afdc20f8051a968212f1-5452.manifest
deleted: a/4/2aa2562c915f351074acdad5c5ccda-1623.manifest
deleted: c/3/8db1ec906ceea8e9c870dec6d210b1-2970208.o
deleted: 6/2/1043b93c21af7ef275afb09991c7aa-1369657.o
deleted: b/8/e9f75a4635be499ff9a049e392ec78-1750.manifest
deleted: 3/5/94b6e96dcf1436dfb74737728fe23d-2944462.o
deleted: 4/0/d85edf9bf8feb7882cd68d9e95567e-6672795.o
deleted: a/e/686dd04dd6ea4871ff1b822e0b5bae-1544.manifest
deleted: 5/a/6ad14147f9e843d5b57592404e0922-3682227.o
deleted: 1/a/c2a3448a6b8426c73939d0141a4a88-3023232.o
deleted: b/5/eaae78e964ad096e7a7668c549335c-4032713.o
deleted: 5/a/51b02ba0d24e368143f94e3bfe76e4-4475384.o
deleted: 4/d/ef3dc7566786e734af745efa486660-45352.manifest
deleted: f/d/aecf63ced32523421f8c4a53892dcb-3006139.o
deleted: 1/f/6a40698e10da9a1dc52d295a5f07e5-3951.manifest
deleted: 3/9/a53cd02be03a3d5fa2f8028cddec7e-20125.manifest
deleted: 4/c/c83c25418ec4805e0a77db2a17e6a4-2041701.o
deleted: 6/f/39a6611c90a051286f4590f88f2d41-3019763.o
deleted: 5/2/7222a498753f2751a4764d3dbfb1cf-3138103.o
deleted: 6/c/f8ff9d610d042fc863d65dd6ce95b4-13461.manifest
deleted: f/9/192a6e4bb9cdf311cb01551fcc6e3e-5765.manifest
deleted: 5/7/fa8c01756cfe7ab1bcd27513863f20-17327.manifest
deleted: 1/d/17a0fab7e75ac5db97ef14ae7419f5-6917.manifest
deleted: 5/4/2d79669ae57bc7a3846974f825e059-6395805.o
deleted: 6/f/09d648d85c18ddea2da2aade4a624e-1729.manifest
deleted: 9/3/d395ac7b55bd0d5e53e19d48850bf3-5096.manifest
deleted: 9/9/0db1bb29ad71061f7169e985e280de-5909.manifest
deleted: 3/9/17f80310e955f237a067ab665e17e7-10789.manifest
deleted: b/6/13b5a0cc0fd4c8a3d1778af48a65c5-2372178.o
deleted: c/1/059d9464824c8d3bc51e915a4299d0-101392.manifest
deleted: 6/b/428dc4cff2b24fe089cb783747a2ba-3085636.o
deleted: e/0/6fb494b7ae15b265b4b257eb9547fa-10876.manifest
deleted: 5/a/41488f20fe68f5427cb6846f68ba7d-2236.manifest
deleted: 9/2/e155b5ea45cf416a7da611be4cd519-3119692.o
deleted: a/6/cb7c09dd332d6f8337766d9a3c4399-2907.manifest
deleted: 7/9/d39e52b934079ba0445a7171ff1976-3299994.o
deleted: 9/7/29cb0ea4b3c8c397302e71abb33c31-3728530.o
deleted: f/1/45d6a40d28c5632e837fa64c7ceabf-5002095.o
deleted: 6/d/4343b8bd7ceaf006a0c3bea74eac82-11528.manifest
deleted: 3/0/311024162f52b98da36ff7900929b3-4575.manifest
deleted: d/4/7d3beba0ec3e5b9a56b8849f923e8f-1394983.o
deleted: 5/5/a86f3ade0ac30f5cae0bb9738faf72-1600958.o
deleted: 5/b/721d70205c733214cffd2466e20b95-30788.manifest
deleted: 9/1/3317486fff03b83fffbe50fd217698-1818049.o
deleted: c/5/2da28202e92e8269e4a4bce5aab62f-4403192.o
deleted: 5/a/b34406cb25b3a13c092b03437f76dc-9931.manifest
deleted: 9/4/5477ce3c7123aadc708c2e4fb52e84-4492.manifest
deleted: d/c/5cb1a7b0367c8dcfc702cf85b27dcd-7717.manifest
deleted: 6/7/4d82db695b7d2f58eb9618ee6d1fe3-4483.manifest
deleted: 9/0/b51bfbf967cab880000d16c69d33ec-2662707.o
deleted: d/e/ba19af030078f04b4e733411cb97d4-1334447.o
deleted: 3/9/fa395a0952899995652fbfdd89fb58-5555.manifest
deleted: 6/b/3c0d62bc273e24ef76ace01c3603e4-5188.manifest
deleted: 3/1/207cab70d9c4d340bea7f93e5f329a-5593.manifest
deleted: 6/2/d67a727f9bddee286431b7a8e8710b-8253.manifest
deleted: f/8/2548b61bb721a38ab08773320c9b08-58177.manifest
deleted: 5/b/60b003a7517a94a11a3a89b33d6e30-1534224.o
deleted: d/d/b61d802f5b4aefbc895cd5a992c242-24303.manifest
deleted: 7/4/a62fa0ae1d33daa7736181471ef8f4-7548.manifest
deleted: 5/b/9aa1d000a2cf52c11fa563d0872441-1376664.o
deleted: b/7/ca9b1286aa89e9de5a5ed023be07be-4726470.o
deleted: d/1/e8f24038a11a83699422d3ef7e6719-10410.manifest
deleted: 4/b/4f14aeee6629a991230551c70261a9-2899863.o
deleted: a/e/0eab674f2dd2ae369d8cdd37ddd336-4475796.o
deleted: c/2/c5330635c7da687ba3426016a3bc74-6884.manifest
deleted: 6/8/b4d47220506ba5fa06722ad49a8d45-5015330.o
deleted: e/b/256172be35f522e154f42d8e44df87-2896583.o
deleted: 5/a/56bf995aeb349d107670a39695ec9c-5127.manifest
deleted: a/e/b8c947d5d384dff6a32502f96412e9-1654.manifest
deleted: f/0/85e05b0218e8e62deb87ad2569a87f-2679884.o
deleted: 7/e/3f822bbf6ce8ee6d8bace89f82b472-3439.manifest
deleted: 3/4/3b97f6a1982bbaa62e62b0f5ef1216-2693907.o
deleted: 7/3/1006d441218d3103fb13c29a06da94-2094539.o
deleted: d/c/50a3e612619b724f799c715aa94d04-12790.manifest
deleted: d/8/ce8b3c60b29f463af99e44545c3e40-36629.manifest
deleted: 6/f/32ede87df085b4c52dab2cef87461a-2112199.o
deleted: 4/b/9ca7777d25eb4a1299b59ce3178927-3034746.o
deleted: 4/e/48bb314c75195f464817b960c6f29d-5555.manifest
deleted: e/4/e5767433245b822d96bed11387788f-9800.manifest
deleted: 3/1/e62c3b7e30691622347f31f94b8af9-4549.manifest
deleted: 4/4/3559a6097493163912674cef852be9-5574.manifest
deleted: d/b/a92c115ac7ae47b4a974a84d1bf000-1497.manifest
deleted: f/3/5b76df922adb6de2766c413ab795f3-1916043.o
deleted: f/3/19783f3b51bd05380384718e92a83d-1927.manifest
deleted: 1/5/10a1848598af3830855670c8fa8a65-11407.manifest
deleted: 4/c/c96b2db7ae7708d0576b6afd30f0f4-7705430.o
deleted: 1/3/99f9b8d8ef8327c9833f771e2b6716-2055650.o
deleted: 5/8/f13955eba84c1bab918ac84a3f43ca-2765000.o
deleted: 6/e/bcea2ab1bf84ae38089b2d3145a137-1825.manifest
deleted: a/b/ce4249b822e7a0f2d554b2a5ba6236-2489572.o
deleted: d/f/0cee57d4be769a9a3522cc31262f5e-3134082.o
deleted: 4/6/d91d6ab5a4298cf479dc4f46dc57ef-4725072.o
deleted: 7/9/dd00ac2edbc1af0336ada43596c0cb-3728530.o
deleted: b/2/2cd096036b3ae4f958d22449602cff-3127047.o
deleted: 9/1/f663309b524114ef4b0b35fc720f97-47293.manifest
deleted: a/c/12dfcf61a9360dea436cc46522ea40-8143.manifest
deleted: 3/4/555bb1c9e72384307f5030bd638d55-2997217.o
deleted: e/4/8e13bb2eb7443a9f6bd4c6fd6bdc58-7780.manifest
deleted: 1/1/0f6b62c7cc7254dc72420541ec5520-2782139.o
deleted: 1/e/32d18f8f5c640143a7445368f8ad8d-5552908.o
deleted: 4/e/005c90ee193ae7c834907b5f8c553b-49578.manifest
deleted: d/2/8007ec4ddddebaf372f14045fa032d-31723.manifest
deleted: 5/b/90e0dd954d99092641bcaf888ca1da-36843.manifest
deleted: c/2/a5362a214e5cb1a11fae845b071a22-18303.manifest
deleted: 5/6/b9a3b665723aa42bdb4e9671a4b60f-2445.manifest
deleted: d/3/1115ac5c43d9b4ffc658044dc6d58a-9824.manifest
deleted: 1/6/2c64c15226a5ac21b6aa861c2eae96-4977817.o
deleted: 3/b/594ab3f2688a393b390ecf2dd48e9b-13461.manifest
deleted: b/5/325f659b5076558190fc59d9605361-306076.o
deleted: 1/e/40820ce2442cf738df29241cdd3c35-7209.manifest
deleted: 4/a/1745cbca9f510ed77684bfe186c683-4462728.o
deleted: 4/d/134246f25851a8936992a54f6df025-4424010.o
deleted: f/d/a7e4caea996a9574326f54cae96a01-3361205.o
deleted: 7/e/709964d271fe66c10c230b45e71fc7-2095487.o
deleted: a/8/b44d00f66f7ecdc37236a5d3e540b3-2527013.o
deleted: b/0/f16a1fd0b0235138bcc5bebd8285bd-1825.manifest
deleted: c/5/f8eb9896fe350045958b8d2a4baab7-1435.manifest
deleted: e/5/b5463a8cd3d59671aedebe9321bae9-3376.manifest
deleted: 6/c/d34e4d81cfab18a8371aab263608c3-12335.manifest
deleted: 6/7/6e5fa219c9b6abd23cd3c33f463982-1944158.o
deleted: 6/f/0b4e0ae2fa1e9d9ee554ab76e7d94f-6850.manifest
deleted: b/5/5b89a4c2d6f5a7784bef616c9d7692-3255546.o
deleted: a/5/1f6e714eb4353d3468bf75a7e4c47c-6510.manifest
deleted: 4/b/1f0e57d4f6378931e78fdbccce70d8-6590.manifest
deleted: 4/d/52f3f09faabea747fb797fa5872f2e-2119431.o
deleted: 6/d/4608821f8ce06822a3bf9637a5dd81-2102651.o
deleted: 7/3/8868ee519fa301ae641d86bce6c63a-1346933.o
deleted: 3/9/c308672cdea4072f0071935fc92982-9438.manifest
deleted: e/9/d685a8dd4a8d387859ba0da3241c35-11381.manifest
deleted: 6/e/dc362c59cf3f1c7e73189a542af424-3124745.o
deleted: a/d/8ec1310b5375f5b2a1e3ab984b104c-1832.manifest
deleted: c/6/00be625ba7ffa0db6fb265203de4c0-45352.manifest
deleted: 4/1/ec83f9b8f773a054d5ce23a2fe97f8-4530931.o
deleted: d/d/fb52f47ce14e6860311e1891399e30-5446.manifest
deleted: 4/f/8493b95ebd9f80560bf6147f5a0520-6855.manifest
deleted: 3/9/d93a00434a86cfae58c9eb328b0300-16486.manifest
deleted: 6/d/1536d27a4adbe9bcecd9f9cf7e09c1-3003446.o
deleted: 6/d/82036b11a5a68889f54cf3498fa7cc-1015939.o
deleted: c/2/9dd133c9ffdf237f29bd66764e408a-3194791.o
deleted: d/8/ec23df9ee4fc270cae45bef274d47e-29733.manifest
deleted: 5/7/70507ae72a5f66fd4bbd967ff768c5-3307205.o
deleted: 9/6/a5a82e73437ec02b24f90bd5fe6f32-1582702.o
deleted: 3/0/cfb51b0da92a9bb7d97bb556d3903f-5768.manifest
deleted: 7/e/444e7be58d12d4c6cfd3ae93240d8a-4968541.o
deleted: 7/e/5685a1f7c88cea6c61c25bb1c5db8e-1773344.o
deleted: 5/6/2dd8404eb2f309470e73efb6fc263a-1395186.o
deleted: 9/b/3de14d168f0a5a62b0c05b71508067-5679535.o
deleted: 3/a/f29c634e27a5bf6015fbd13c2c6b35-1599612.o
deleted: 4/5/01db0dfb9e2ca2e626c41a842a0ac2-1922.manifest
deleted: 6/f/1a23784ca589f4c107dbf8e0b2772c-2909793.o
deleted: 5/a/63cd4fb0d7afc8e5d19a26af13b0ee-1527562.o
deleted: 7/0/711ed8d6ae0ff453c917932022de63-2798950.o
deleted: c/0/a53805bd1818a7e36d5ed4f77ec36a-2700854.o
deleted: e/9/d91001d4b8e7d18d10bdb5056fe130-2337355.o
deleted: f/a/0aef9afe664739bd86f88e80660240-6869.manifest
deleted: 4/d/204fefda3383c3a6875089f4298ea1-6135.manifest
deleted: 9/6/78cc58ac5e49e00e5d31fb8be686fe-6315.manifest
deleted: e/a/38b103af8649de8cceae1c9cf7f7ad-14483.manifest
deleted: 7/b/56ac77bc11a548439ffb9d278bd170-13653.manifest
deleted: a/0/711856fb0aa110f9d27387d352ffd7-7810.manifest
deleted: 1/2/68ae61dbc503e0c0421bca064eed22-3432957.o
deleted: 4/d/9437827d08f4acaa775874cb94495d-14457.manifest
deleted: 7/5/399242f682cb069818d1395f8dad8d-6830.manifest
deleted: 3/1/05992f9c7497948c565dc06f714d19-3078.manifest
deleted: 4/d/f4cfc459eabdc607d89624b7675813-7498.manifest
deleted: 5/9/733caa43e5a6619013c09c6368205d-17865.manifest
deleted: 7/9/90ac806fc33cf9035b8563db2bdab4-1661806.o
deleted: 4/f/0f9522036b5857079403d3ffe159f8-2693907.o
deleted: 5/6/e94f83821cd156f614ed69869ca2bb-3029995.o
deleted: e/b/076078bb0e6a7661836ec09856fa24-4492.manifest
deleted: 5/7/e43b5c06d4f1799a3a351dbbf92271-3257.manifest
deleted: 6/d/bd564982cb224d7ccefeed56a9fc3d-2934.manifest
deleted: b/1/3f5dd7a6bd31e5ac0ad79dba4e974d-16325.manifest
deleted: f/4/0cbdd442961cd58f0ff46642eaa4dd-11420.manifest
deleted: 4/b/919ba7fd0851de6472d822633632d3-12337.manifest
deleted: 6/0/4edf6e94a2e857dc581fea1fc041cc-3003446.o
deleted: 7/0/46df7871c039cefdcf508a30f07fa3-9841.manifest
deleted: 5/7/1cb2316a3532d45220e055b8d56b9f-10051.manifest
deleted: 5/a/9cd08eb595b2d7e83d05bd21272249-3318.manifest
deleted: 5/9/b431b89d69532207578aae6e386bfb-1900337.o
deleted: 6/e/15b20047848b3afd919ca00a41391e-2526841.o
deleted: b/1/eeae4f15713ac68a8dc608873e4ddb-1592142.o
deleted: 3/7/dcc69bbd68925b070250af3fdb17b8-2599.manifest
deleted: 9/8/6ad3832ab281990d3f071f359a3a55-6045.manifest
deleted: 7/4/d5ab14269a8e8ee87107ddcfdd89b8-1486.manifest
deleted: c/2/cca4a822020617011556c7d0039200-8514.manifest
deleted: 6/d/7b2bf6a0d3244a285bf78994fdbec7-2896730.o
deleted: d/8/a9833f1f85437a5a987effd68f29d9-3943.manifest
deleted: 9/0/606e4260d04225100e493a2beb4405-3400778.o
deleted: 7/7/6b949fd7031688815c29f6fcc96e84-18493.manifest
deleted: c/4/413579ce809fcb887caeca11f6b018-5860.manifest
deleted: 9/5/b966a6a1611d5e4711760e3f46230e-6764.manifest
deleted: 3/7/645c89596baeaad93f16ca910cd554-1818049.o
deleted: 9/4/c54d25035353a6117953dccfe172c4-5504.manifest
deleted: d/6/43dce20f17b8a0d426193f7d1e2b33-12924.manifest
deleted: 1/f/521039c460c5482515b0b345b06b68-5934.manifest
deleted: 1/a/710e77aa1db7a0afd43aecb5738763-4942953.o
deleted: 4/f/91da69d516396ac96673ab1a3db206-18040.manifest
deleted: 9/4/a6dc11e4df73eb2298d4c29c9a1a4c-1835.manifest
deleted: 3/1/8332b4e7b18783453c083ddd4e40c3-3006139.o
deleted: 7/b/2e19dbce46b95c6785bf8508501a03-13674.manifest
deleted: b/2/5035933a01f5054bd5e628b1c805c7-4941341.o
deleted: c/5/4a173c7fffaa203023676d55f08fb6-7598.manifest
deleted: f/d/1194cd97293ed7fb7c87f2381c4b7f-3173049.o
deleted: e/5/47a71c24d97219ef2db71c9a09f972-1371666.o
deleted: d/7/7c29bad2cb7a0dc71bf8fbb3ef1527-2909793.o
deleted: d/8/b44ca0a912b40e76cd75865f676721-2797585.o
deleted: 1/c/e54464680e4c97c9ce2020700ffc1a-13292.manifest
deleted: 7/7/379555322a0ec72741ae997b8f35dd-3400959.o
deleted: 9/3/3c057fe72cb5a337b9277622e69cd9-5942.manifest
deleted: 4/d/e6ccd003b3534345dc6365b604c391-1341009.o
deleted: d/e/ffd8f8395582d86284d8dd42730432-1334129.o
deleted: 4/c/dd83bd4b8edee923a4fb48eaac2d9a-1393887.o
deleted: 5/b/386bfd3e2c6f9bef7a204c9fbd7404-24473.manifest
deleted: 6/f/2ab170a0feec5cfc32377b1e98a8cc-4718551.o
deleted: 1/e/40b7d12c25b088d46f54c125fbd491-3951.manifest
deleted: 7/8/24ce683a261991f72967aaae40769e-1656.manifest
deleted: 4/0/736f40dfb4ca33c750e9bf250510f9-272724.o
deleted: 6/c/66e90ea23bda6719c641ecfdc13648-9171.manifest
deleted: 7/0/5c56710ef5e79b3f84663abc02f3b6-3767405.o
deleted: 1/6/7b7df9fdfcc7c59303515535008bf4-2049966.o
deleted: e/a/4b8df2951d6d500238ff90fd35a3f5-8662.manifest
deleted: d/a/8d563e03337fa105652a7b4f737fbf-16259.manifest
deleted: 6/c/8807a5abd6c923f5351f4a0c81c936-3321.manifest
deleted: 9/9/412885affc9c0c0d6ef0eae68f63a2-9420.manifest
deleted: 9/5/54d89e6c43fe480b561e9c1a339398-2822059.o
deleted: c/2/5ed174ca2d9bd73c381afe84bdeab6-5046094.o
deleted: c/0/24eb38191005c92430d5757e329ca8-4252833.o
deleted: 1/3/a76ac339e80748aca084a680efb72c-1487.manifest
deleted: 5/0/7db4fd69dc02e8ad3ea217d3fdf715-2631960.o
deleted: d/1/ef21d3c12d5a60473edb43184476d9-6712859.o
deleted: 4/a/b31f5183627ccc6032afe980d351ad-5504.manifest
deleted: e/3/3ee732b70b816ab8ece474431c491c-3993830.o
deleted: 6/0/377d2de5813d3e6d4e720a5ace402e-11679.manifest
deleted: d/9/a23e8d6787bd00ca35a9a586a9e051-6536.manifest
deleted: f/d/ecaed2c29e8c3bbe502ae08cc51e92-4032713.o
deleted: e/a/35b861a7379006b4869944ceabe007-1394983.o
deleted: 1/3/0f9c50ef7204eee02695f7ed3dd1a8-3506117.o
deleted: a/e/97a6ebb6d1bade5723e11aa322bba4-1396.manifest
deleted: 6/0/5af85ea7c2d23776c340cb25dd6525-3614.manifest
deleted: 9/6/32f8b4f42b04f2a36b34f5a32edcbc-4791547.o
deleted: 1/f/5da26509651541429ce6a4a287ac0f-3132651.o
deleted: e/a/32628cbd49128d652da860aa1e9077-3038576.o
deleted: 1/4/74e4345b58bcfec1d716f113897d1f-3119692.o
deleted: 7/a/bfb59bed046faf2dbf1c3504f4e6ab-14361.manifest
deleted: d/f/124d98303a256808bdcd412196c936-1766.manifest
deleted: a/9/c38e97959465b94b05d61e7492ef6a-9101.manifest
deleted: f/5/3afa0c464d59d219fd0717da08a745-1435.manifest
deleted: 5/b/5d46a60a015feff1926e9c9c363727-1346933.o
deleted: 7/2/3cc37d9ac254579fa6f959c1d2dbcf-4626431.o
deleted: 9/2/3176f4e90b06208e19c32eab8f083b-1839460.o
deleted: f/b/8fb104e9e56969fd1cf797326bc2a1-3113074.o
deleted: 7/9/95b791d3ac4f8cd34a8b8e0aee6670-12380.manifest
deleted: f/4/12b481cd86949479476569b56f94b8-2797513.o
deleted: 9/a/1182c910c62a0d83b7fc2af9ee97eb-6917.manifest
deleted: 6/9/5402ed9efbb2292afa3712a2ee0325-2091464.o
deleted: 9/0/0348f36f2040013bf3e45d5833c134-2905546.o
deleted: 9/9/e1cb967a8a068300825bccf9665f77-6401191.o
deleted: a/1/fc814a9691720f8d533c050c5482ab-5692.manifest
deleted: 1/b/9b8ff9223100e45d02d9479a46fb53-4869725.o
deleted: e/0/1447899f44f4c58fe29db51bcdb993-2833899.o
deleted: 1/f/71efe97bd26bf709fcdbcbdd8244ec-4903080.o
deleted: 9/2/34b2b2dc0c44371b3c1ec636b3ee9c-1808897.o
deleted: 6/e/d258c40fb6369df75dd3f9233be009-3198.manifest
deleted: 1/1/877dcaf207c5d28b360fd966e6e639-2459.manifest
deleted: 7/a/34f0d7e14c7483856456ab3c8b4573-3130896.o
deleted: 7/7/a90f55808e430a79278b6442c88736-263380.o
deleted: a/9/7b95e4dd5626552f4d86c0420e8d2a-8429.manifest
deleted: c/4/475f42806f769ca7bec9e72f53167d-7111.manifest
deleted: 1/5/aa418362fd886b6afe400d15b77344-2056140.o
deleted: 7/7/7496f58a9ba3015fa66c530093ec7e-2397658.o
deleted: 9/9/cd4fefc598e0d3c97250b833b44389-304874.o
deleted: 9/5/ad2aea39482fbcde80198bfb022025-1879931.o
deleted: b/1/00512ad1855a8ef96a7e6a65eeca46-4766817.o
deleted: a/8/a6aae6e377fabd5c56ae6a1c6e7c6f-2119431.o
deleted: c/5/4134308aa3b1069e3d0fb39012e3a7-3494.manifest
deleted: a/8/0ef9959d9bbf467fd0bc78d1eafcf9-4687.manifest
deleted: 1/c/79b04b457e2fbb08c661325cc5410e-2280.manifest
deleted: 5/9/85a9f5d790e51d7708f4d2d1b59b03-23410.manifest
deleted: e/8/e7d6c3f2528e5f09b964cab84c4270-4638169.o
deleted: d/9/bc5680f809c27ff757b46a950d2124-7018.manifest
deleted: 1/1/b83cf59842929cc834681b178320d5-2951754.o
deleted: 6/d/a6cb3db57a1ab97510ec7fa3f309b8-5167564.o
deleted: d/6/97fd964773758fee45c6df63fc3ceb-49423.manifest
deleted: 1/c/ddaac4f71724a1f2369f7d796297b7-2112199.o
deleted: a/a/74e1717a57e2a3a16ba5fb0ceed8de-5013688.o
deleted: a/e/b5d3e4971dfa8e61edc2c34fbb2135-28916.manifest
deleted: 4/a/63454e2b8835d4242b377d45c9fbdb-11239.manifest
deleted: 6/d/a955cb8022c408279a2954830965e9-2817838.o
deleted: e/a/221903f34bba83d0ccba4d3cd53ff2-2290937.o
deleted: 5/2/fd51bd5edbb7346a3e53cae56f3f63-7540380.o
deleted: 9/1/9cf1b3aa2cd337c68511440f7ee29b-3895.manifest
deleted: 3/b/8e80606aef044c86d0e4ff5b77f20d-1336770.o
deleted: 6/7/4b5740adf4c6ceeb17caa9b2535d6c-12335.manifest
deleted: 7/3/2177f52f89a7b2835e59b0a27b62b5-5016192.o
deleted: 1/2/478ce06a40d0d7476aac74acb7125e-2897006.o
deleted: 9/a/ca2de0361925f94822a6f8e818ccce-1592142.o
deleted: 7/9/1579eb66139ca6b9a9b57ebea042c4-6617122.o
deleted: 1/e/787cf338d6e6077cb05ba42923b2e1-31038.manifest
deleted: 4/5/dfe9b23b768b09e82a413a28604484-9630.manifest
deleted: c/7/e6c9dc43a2d7f5fe1ad3909a0068fb-33171.manifest
deleted: d/e/d1683ff88b08b86832427c712ff24d-1758374.o
deleted: e/b/73945806ca46224c176466cb634a33-1144029.o
deleted: 3/7/71082b39ffffba470ec383e7e76f49-3134742.o
deleted: 1/9/3cb1b27ff4b5a2f148efb45f33202f-18040.manifest
deleted: 5/7/4872ab5185f9191993573ac81d6a44-2907253.o
deleted: 7/b/da87fb21f1113f230064c7bb67ec09-7349.manifest
deleted: 6/7/ec3b7a9ced2c9349ebc5b733d83927-5520.manifest
deleted: 6/9/06a1e0c84d63b92739bd752c334267-13146.manifest
deleted: a/e/27f735ec5200ee564aff85038a55c0-8143.manifest
deleted: f/1/fcaafddcb28149c07f64271c054f22-8034.manifest
deleted: a/e/993d78472007c46158fc2eaeb362ae-1395012.o
deleted: c/2/3d93071a3bc2d8f0d5600d0ed9cbc9-9944.manifest
deleted: 7/8/596d3c4b5b7aa36035ae0390522c2d-2765741.o
deleted: b/1/8978b1e2233efae9878df0ac3dd4f6-21030.manifest
deleted: 4/a/37257666740c4b90f6af7768105592-24584.manifest
deleted: 9/3/062a782c920aa1fac1a166c7a22865-25913.manifest
deleted: 9/5/77e9c7d00714a08600099962cb73ef-27266.manifest
deleted: b/4/12e89c0b72579815f5bb77d691f138-4764517.o
deleted: 7/3/8e2d92c894c2592bb4c19ad641f28e-19011.manifest
deleted: b/1/2fbbd69da060681ed3174191251a71-3732.manifest
deleted: e/b/23110d99a4e6282d46267ab986bf08-12511.manifest
deleted: 4/f/052020ebfe5016a08be20c79f8c663-3728530.o
deleted: 6/d/17c5e32c249650c06c8ecaa551c89f-1499.manifest
deleted: a/1/35f6172ef278413abd913024d0821e-4459475.o
deleted: f/9/2c5691edc6f20b17e5a2a565b47c75-3313.manifest
deleted: 3/4/c5147901874086b864d3a97bf475d1-13768.manifest
deleted: 7/9/1bdb84aae0e11ddd5d3583fcf20558-3109756.o
deleted: f/3/baf51e87670150d3bc03f5e900b673-4592170.o
deleted: 4/a/91080a87dc64f84406ffdbc8c31639-2213.manifest
deleted: 6/d/2550e99806063510badeed20d14177-1654.manifest
deleted: 3/6/0a68d14e4366918ddebc6906c65196-3026556.o
deleted: 4/d/5f36ab60be17b10370a8bc0882c6e5-87375.manifest
deleted: a/e/94f0df15b43700ac92bef0094d77be-1402972.o
deleted: 1/2/0b62b6719e31da892118cf8704957f-10535.manifest
deleted: a/e/a7310913b186a0c2fa0be77dfeba5b-66076.manifest
deleted: 5/b/14458249b0bc16823ff0d4afcc1889-5268.manifest
deleted: 3/2/a449b7acdb7f38db93ab546756418c-3056007.o
deleted: 5/3/c25241b882b7237a1a9520abc2c394-21104.manifest
deleted: c/5/a675b1ff635cf35f5feec34d539035-11679.manifest
deleted: a/e/a89c877e949839b4dadf5c2aa5d67a-4921619.o
deleted: b/7/6472a5e6e312aad13019b8f15db1be-2031227.o
deleted: 6/d/fbe0a1bbd3e947534e491699fb4b58-2763847.o
deleted: 9/b/11f5bff5fe74ab405e058c110c23ff-2915311.o
deleted: 1/9/dac39344e26ce36da5f54704deda81-6338.manifest
deleted: d/f/02bbc305e0e8123b7ce0f4367edf0a-5789.manifest
deleted: e/5/c20f25f690f4cd9c5d18483cfa059b-1715.manifest
deleted: 4/c/7d814f1fcec3f47d7b5f276f73b74c-9558.manifest
deleted: 7/b/a8dba55f233c930157c8aff95e02ac-4642.manifest
deleted: 4/5/c014fb6b5aa704c421c1489281925a-3251365.o
deleted: e/b/508dd5a87f555e0c1e58a1f0bd4647-4488591.o
deleted: 6/4/091c794b0bb79e731e35d86be7217a-2579505.o
deleted: 3/0/67144460bcfdf9987d247055a063c1-5170440.o
deleted: 3/2/5b30ff6e6c71adfc62078b47b17c4e-13163.manifest
deleted: d/f/116241165ed7d6a7e9c0561ca6d6a2-4548280.o
deleted: 6/e/30a8580ee12bb9f3110fa8a73d057f-32911.manifest
deleted: 3/b/4227583f902210811ed934b6608da6-1522595.o
deleted: a/3/c45c81559c4f5a25e95e1ceaf5961e-11074.manifest
deleted: 6/d/3e5c6914354f19e818d544ccb09273-6581840.o
deleted: a/a/ca73364e715f004f7c6a4c4cac5c9e-1942.manifest
deleted: c/0/35a21f099eb7dfe2cd011688a9a534-1497.manifest
deleted: e/9/407c2e1910e31f0b3f03fc201e3a1d-6330.manifest
deleted: c/3/eb275c8052bc35131d81a80f250a94-1587795.o
deleted: 4/8/597c78dbe78188cd927a49fae0f8e0-298542.o
deleted: 6/f/0b5a1aa43adb6a8ba2293d7691f322-10235.manifest
deleted: 7/e/0f7cc4b638df44db3391869f9803e5-7618.manifest
deleted: 4/b/ddfe8031e94cb014df6980f1f85b5f-4809259.o
deleted: 7/c/c3a10539328a61b7f80b873dda4569-3803767.o
deleted: 4/b/c5d913e5a238eee20ac411a6a2c211-3088703.o
deleted: 4/f/96cee6c95c5893b26490e46ced1c78-4492.manifest
deleted: 4/d/0d73787d85714692a5b73202cb9300-1590930.o
deleted: 6/8/2c66a3201229e83b69d6e8a4d2ecac-2008.manifest
deleted: e/a/91c0da4832a872b9f493d94dce7e63-3299994.o
deleted: 1/f/718ebb4df1bb3b0a2ae37a52d9019b-3506475.o
deleted: 3/1/92c8b8056f12574c472fa38c3d9099-11528.manifest
deleted: 6/e/d930412eedf2acdc78841f9024b63e-15852.manifest
deleted: 9/6/129c5ffe75ac7a5f3e9fd4c33862c2-11210.manifest
deleted: d/7/19ce9d348a55ef50351ab8870f667a-1341009.o
deleted: f/1/90781c280db191ffb8dcf25a8f1645-6751.manifest
deleted: 3/0/ac9c530b8851046f84167f24b34a05-3100124.o
deleted: 5/9/1e3f62d6e098ec8a07fe524d92f6df-3475807.o
deleted: 6/b/8353824f117169f23712ecedfff292-18123.manifest
deleted: f/7/12aaafb2538c414b6d5d678cb2f25e-7476.manifest
deleted: 1/f/68351d0df665ee0ffddc01c7b8fbe5-13163.manifest
deleted: 6/7/648d0f28b1f762e4b7087672bfa28b-3136121.o
deleted: 4/f/97d7c5c50e6ff599183647c6a625b3-4503247.o
deleted: 6/d/cbebabb0a2cf8d2e7a772911f796e4-10235.manifest
deleted: c/5/b353ec1c21bc6c6e37d3eb0ebd305f-5477685.o
deleted: 4/b/aedb8a41507fb162c3d875942cad91-2798950.o
deleted: 5/3/aa46d5662d51116ec7433f8eac0452-4772818.o
deleted: 6/5/8d23ef602299d467fcd481666e744e-1335356.o
deleted: 3/0/d682176bbee1c6518aadea9ac3804f-28115.manifest
deleted: 1/1/20c622f87cf3b1ef9cec13ee62cd8b-6969.manifest
deleted: 4/e/d8a0ebec002551353afccb735720a9-46698.manifest
deleted: 9/a/7cec73d5888d6b4846dcfca17a3d93-3130896.o
deleted: c/4/fdc7f2fd7b08342f66d5a949924f92-11853.manifest
deleted: c/3/d6893ec0ecc88c00153b956d68e485-49578.manifest
deleted: 9/2/8cfae4196d7fd345f5854688db7081-10512.manifest
deleted: 7/a/0efad9b4de59d1d8ea5c8ed0ad85d6-80271.manifest
deleted: f/3/b49901081bc91bb31f2dae0ebe746e-5046094.o
deleted: d/a/a8d459a2a2467d4f97aa5e2d4d3cf1-2991033.o
deleted: 1/b/a5bfb677d963659dcb69f7a2fda0de-4566785.o
deleted: 9/8/32aadb1f212ee9d109b682b61efa08-2983268.o
deleted: f/8/e617e02ede8752b8afe372b6f3f12e-66076.manifest
deleted: 9/7/a868eed004610551a8cbb0fdaff46c-15852.manifest
deleted: 3/0/8e183d1bea67f482f967cd485f1671-1610974.o
deleted: 3/5/f71b9b8ade360f5a4c7e78a713c851-4526672.o
deleted: 5/b/82534005ce234c41fa6f2c8ea804ec-3029995.o
deleted: f/5/df35106314300b6ce6b5dd706b4cde-1897623.o
deleted: 1/6/40e7a37b6a6cfa03b8314db37910a9-3085636.o
deleted: 4/b/f9e733c83ff0d615d7b0a4319f59bb-3026556.o
deleted: 5/a/53f1226b45942a6088a237f88aaf78-1603191.o
deleted: 6/a/da4d41ed00f9e6f6c1e03eb296e4ff-1607869.o
deleted: 6/9/7777f62f0b734908382b952207ebb2-4208.manifest
deleted: 1/d/33ddc92d320493391220ab4dc53a67-18552.manifest
deleted: 6/1/2b2b9d58acfca8a3b3615644949c55-5755.manifest
deleted: e/a/a2c6578a49a894305474cb65033101-2904786.o
deleted: f/6/70edcddb5c0bc30312eb45baf3cb8a-6581840.o
deleted: 6/c/6389feeef05011fb69ce2535a5c775-2008.manifest
deleted: 1/4/044cd12b43cd7d8a6f6eb834dbd49c-6273777.o
deleted: 5/2/24af8204203dcf754fa6eb7c7e875f-9656.manifest
deleted: 1/e/a41cef34bf4e9aff44f367707c22f9-4501220.o
deleted: 4/a/1b87539b614ab24a0c030ce0c99b0f-1338917.o
deleted: 4/e/d31b7dafac64a6083aa8c560fb3a66-2986163.o
deleted: 4/b/14efd11e90cb3aec91f57165a2e0a4-4907.manifest
deleted: 4/8/7c4513f780961fc4a886750da8feb1-18140.manifest
deleted: f/d/95d64abf1145df5f630737f5567f70-5439.manifest
deleted: c/1/bbd2592e0805a84fded9d3d809d2a6-2898681.o
deleted: 6/a/23ec6955db457924866533ac406fde-5650.manifest
deleted: 4/e/0aa17be9e33563e30c970528461d66-3614.manifest
deleted: b/a/443ecc1773c4ff46ea46d694615edb-2191681.o
deleted: a/4/62803a853fece6bf38a3a6b7d8c3a9-3275024.o
deleted: f/d/92de286e6bfbb461f54b97d92af8c7-1402.manifest
deleted: 1/6/d7a998eb56ac27386eba0953221dc7-3164801.o
deleted: d/7/7ab841e36bc5767167aac9514d2075-9931.manifest
deleted: d/b/d04ee0f2a23a029e8c506095c3145e-13751.manifest
deleted: 1/a/273249ee6e1973bbf5f5ddd867cc33-1294862.o
deleted: d/7/e6adbcaacd6d2008b5d91d14e36a40-1976.manifest
deleted: 4/e/31d4b97fa7c01ae554e2304c334f19-1963472.o
deleted: b/0/f89541668951d5c3ed78a1659d60e0-11789.manifest
deleted: e/0/bddca1bc1140ff62044bcbbdd898ee-2846932.o
deleted: 9/5/89b88672d5b1dc9372ba257341edd7-2056140.o
deleted: 7/8/c6492f345e7ff8335fed7efdcccd15-1398219.o
deleted: d/c/04641cd91471c9b4c314a1da00df4e-33200.manifest
deleted: 5/4/8e41b239e63c83e8a3f25e1298c372-4670.manifest
deleted: 1/6/917365f890eea12cebdce9c88578fb-4126679.o
deleted: 1/6/f34c04b3f589d2099622e94d301065-4763549.o
deleted: 4/d/bcc661614b15a9be4fd87994e6b24f-1607869.o
deleted: d/e/e75cbb29df29873f7a44072d63d77e-4118768.o
deleted: 4/e/f29029769df46d4fb28af64d6801cd-3313.manifest
deleted: a/9/0c39350ced74f678de7d78097a093d-3506367.o
deleted: 4/c/97afc53e6a995b7c72c86bfced13aa-6318.manifest
deleted: d/e/4802376da74886e67a57c4fac80a0b-3046856.o
deleted: 1/f/6d01a8c79a540f381ea63ed896ebd4-2631960.o
deleted: 4/4/b28afb5b7b0a2a8d7daff53f0b83fb-277068.manifest
deleted: 4/b/1f355ab2893eb42f96bbe82ea21cb5-6855.manifest
deleted: 1/2/20c87f2a284cbc908eaf4b9847fa2a-1758374.o
deleted: 6/6/b66923e1ad91e06ed0447fe5574c2c-23410.manifest
deleted: 1/3/311acedc0420f9a87ee52bb1d56803-2538163.o
deleted: 5/b/6358c57e9d56c3be37693a2afb4875-5942.manifest
deleted: 3/6/d9b361164cdc6b45db9317037c44be-3948.manifest
deleted: e/6/0eccff54212b9f51a92e7c0c084a8c-2530440.o
deleted: 4/f/97553d6c31f80d00f91cb016d0de44-1540658.o
deleted: 9/6/b9bf323c4cb63d190c3a0ea24dc67c-1950.manifest
deleted: 4/2/b898ab536c7a551c522889d55681f9-4252833.o
deleted: 1/b/58ba7faef088175cece265d1cf23cd-4192.manifest
deleted: f/9/ce22528af1c5b7c9cda704fa7b69d9-3090100.o
deleted: 5/a/97241505a5e0df716f3cbfdf44ad6e-4764486.o
deleted: 1/7/391744bd115f775f505bb25d5d7c4b-1527065.o
deleted: a/1/9971f74270110495013c886fa0bf31-11963.manifest
deleted: d/f/11e1126f6f1d5c5664b8ff4721c265-3030653.o
deleted: 3/4/690d0ef47ffdf753abb5242247e810-4118768.o
deleted: 4/e/f579174c418a3ec01d4ee627da10af-4847697.o
deleted: f/6/7358b70e9685c6b3b635bbd1dd4cf9-17554.manifest
deleted: 4/e/6d2b1b6d437893c529a9cc8f066f63-5467.manifest
deleted: 7/e/6d2784113cbd5c4574a016ee98455a-3506475.o
deleted: 1/b/544d0e9c05258b9cd5def066ada44e-7188638.o
deleted: 9/7/28e4f13092a72e27b851148cd4918f-6093420.o
deleted: 5/7/05b5212f8534dbfc9fa5e3ea6016ae-2337355.o
deleted: a/5/8ccbdea8a90091a248c98de5b5a737-1848164.o
deleted: 1/c/a2ddf3d0d211db3848997eea814a90-3132478.o
deleted: 4/e/029c5695888ee935f2f607c7f98ec5-10421.manifest
deleted: 4/0/42b1fb9376d66f9ccaf691ba072128-13024.manifest
deleted: 7/e/6128611b6df352bacb784e03eb4366-3099227.o
deleted: d/9/89f5ecbedba89f35fa279321c7582a-3019428.o
deleted: f/a/d7a2c75f5e3ed86e7d9f48c40a267f-5934.manifest
deleted: 6/2/d73bb4a47cd84fdd38bc08cea00733-1567.manifest
deleted: 5/1/0f6752dccfbf375caee346d038c2b9-6697602.o
deleted: 4/b/48767378363c5b6140b5d6494f87b2-10624.manifest
deleted: 4/f/073453e82140351cd8f9c833df7f00-9558.manifest
deleted: 6/5/f7c013207f1d4bdca215d737c4308f-2628181.o
deleted: 9/2/68da97055a93b3d96a5a38a8792063-4903080.o
deleted: 7/c/8cd1cdf582a74d544340a48f4ab96a-412.o
deleted: 1/f/45a945b522452a6a4a7bab680b6624-2551458.o
deleted: 4/b/64f070df1f77c3f6493ec7664c917d-8607.manifest
deleted: 3/5/090ffc2d61dbe4f67a8904afb5f578-31229.manifest
deleted: 9/0/5c20cf566e8fb59e6a8f56a369555d-1544.manifest
ccache cache size is 165Mb.
Uploading cache ccache...