SHA for cache folders (/tmp/ccache_dir) is '9f874e12bb6170f824b3b91e8396a43c141f1199cdcc5ee4ffa446c8aface422'
Cache ccache has changed!
List of changes for cache folders (/tmp/ccache_dir):
modified: 7/a/a35m85dhq2gahqp64c1a3f32l95j5aqM
created: b/2/721pcph61s7ok8mqrfcip9v710tsvmcR
modified: 2/d/66n8j5tbpepus0mv7i0fp114kcgmkgoM
modified: 8/b/stats
created: 7/0/85u0eaum31qogomc2sgcbdpblsjfviqR
created: 5/c/81ekn9m7hcr1dkebclokj8meut5cn5kR
created: a/a/dfb4a21d3roeotl1m3nufq0r6gp46aoR
created: a/f/85f6281habvcfvc6e4jhc882se27kqoR
modified: 1/3/6csqg1u4lr25u54livvt71e3tues3e2R
modified: f/3/19kq38kh9cqbdci5ifm7rh6bieqvv18M
modified: a/3/7f8uqi36i7bn1tbqkvbg6grikjskmmsM
modified: b/0/stats
created: 6/1/fe41vna0jg7e7mc9mefd3q1ra8cfd26R
modified: c/8/51tp7re5albfvmg7a5ge3ihlkn8dl4uM
modified: f/0/8eincp09117odh5k9l30nc40qb4lhbeM
modified: a/4/stats
modified: 2/6/stats
modified: 2/8/stats
created: 3/0/85g9ub8l451rest19fk5npj733skc5uR
modified: 4/7/1027iosg7sahrc199eiicf24mhptf4qR
modified: 4/b/31010d8sovdmdqrptso2mu6pfd8ddmuM
modified: 5/e/a701civk4jnjnggp2emor0tot5e03s0M
modified: 6/f/stats
modified: 0/4/c6m837flm9ui2ten2mcdhortti02qjaM
created: 2/7/1eoapnqif4bjd0iqkh8lpm0681i43joR
created: 3/5/25l5h806dnh7h5142ts6aqdsv7ei6jiM
modified: 0/7/stats
created: 5/f/786pfa9vu8854pqagcoi0u43rl2a3o0R
modified: 6/8/563mv2du711u808gdkvhkrnhtqrj70uM
modified: 7/a/stats
created: 3/2/30s9r5jevdgcee115vctbna7c8skkmiR
modified: 7/c/217ht60kbc1659vh4n4odh6flsuepsaM
created: 7/3/e407r7en57i9cek11212341l88dri60R
modified: 7/8/1c4ito9lnivi5q30hqgal8oknm3hnc6M
created: b/a/7dmbmcfvbsftvigvtuhd8vjlivuuvjgR
modified: d/7/stats
created: 5/e/4960p5og1rgfkljrgr85q562nedm66uR
created: 9/d/b30mm67fci2f07k4am0brjluiqhditmM
created: 8/3/6e9sprlovun6gi30co1gk86dnuhfslgR
modified: f/9/09m4po75vjsuevi8gos4j51310jerr0M
modified: 7/8/572orb79qhbacrjcrtv2853b7h95l8iM
modified: 1/5/stats
created: b/2/50su7i27t720a5pf3l9mis9o6btpqcaR
created: e/2/4d1fgljtecqga0s883qnn7fn8hn2kg6R
modified: a/6/cb62a26f6p4hu5sq5a8ejv5spe8e40mM
modified: f/7/67urjo67f2pppvtvtoki18ean19b4oeM
modified: d/d/93m1hrivafrbkr2cjcfkmbh30g5icmqM
modified: 5/8/33qcplkt1a8ecd95nl9ccm6n0nkujdiM
modified: 5/c/e654h6jqs8b8hqs2fhtngcs2t7q9o46M
modified: 6/4/37oiielurn8clqkicqhq9dmkar9l3i2M
modified: a/3/bfo1o147hol1j2ejhflgher0cgk45c2R
modified: 4/c/c11t6dptfijc96lang02t28711tu5lcM
modified: 7/9/stats
modified: 6/0/stats
modified: 8/8/stats
modified: d/f/7141ev4dv6bru00uloc4reo308evsrmM
modified: e/stats
created: 2/5/c88h43ovnm578h1k4ticc3ib7f2e8ggR
created: 4/f/6eurb8b1egosmuf718b272f1dv687oeR
modified: d/9/stats
created: a/0/04skler4m0rivcaa395r5j25ca4b9hcR
created: b/8/f0r61gukrle0rh6hmq9tkfdo5ot2l0cR
created: 9/c/f1r06h27kadseeb7cffibmcopplpo9cR
created: b/a/a7bnmrvcvful6obm9ih2im3luhfgji0R
modified: 4/6/ba6daaluora0m7rh37pvs5r8mi887diM
created: 7/e/181ds56h2uhomnpo6il94qp7bjuqho2R
modified: 9/f/stats
created: e/6/904drect7enhd155u3d3n7604g1gotcR
modified: 3/0/fbki9hdpb5jraaau4a7ld2sb6iefcpaM
created: f/e/49gjisr7jr2n17g0rnj2pn00kj2se7oR
modified: 0/d/49fjjupg913gtbpjrp1af560tv5lmgeM
modified: 1/2/82jfhuu2hk4mrslm13bja5hv4onunb6M
created: 2/f/7b422brk3mjl33gvd75ab7bnfhj4ifqR
modified: 4/5/8flhl9uihgqde91nrhmb0v6vlhctu3kM
modified: 5/4/cd4134vkm0u1af2j8p8db01lc085qmmM
modified: 9/0/d2mfj2gntqlhhevutlm4krgur16d3rcM
created: 4/d/183mtuokun3vsppe84i1b0acgmg53g0R
modified: d/6/4fadgkdp1g16lh2t3njp7kt2fvomtiaM
modified: d/6/585a2b3rhocuvp0djjar24ehmoqqenuM
modified: e/2/87b0rfd7ta6n5ob6d64dnhjlketa5nuM
modified: 4/stats
modified: c/7/4fa5b6ng8sdtipjpbir6e3mqsc2vosuM
modified: c/5/stats
modified: e/2/cdok8iuplf673kj82g87oscb3489udgR
modified: 8/5/dev23rsolrr974na1ufo4ttbv8943imM
modified: 0/b/19u8u5acrvvc2ccv2dh2j1acboikgnuM
modified: 3/b/stats
modified: 5/3/0drcgkjooheqo01guq8n151gi8s1312R
modified: 9/f/b41pmlhf93t9lormrql7imvg9ma1ngiM
modified: c/0/6fhvrh038p3si0m2krjv8apro07qbesM
modified: b/1/83ephg506coochs6h3v0aqs6f4mhhs0M
created: e/7/abm541avqed99m545n1vffqugnbdsbcR
created: 0/c/c4am13qchib6pbmdnvj8ho4ghnesijqR
created: 3/6/46v4rt4kfmopmtf0it0753kjhgrn1uaM
created: b/0/26gp3mklaprudtc80t71501f1e17f00R
modified: c/1/stats
created: a/9/cegb1o2qf48seeb3cou8m24jvl4afjqR
created: 9/1/faqf3htekahma83ogigabq58ta02fluR
modified: b/a/12rnen983e3tsjcq92vsp1d8gt7sro2M
modified: 6/4/stats
modified: 4/d/8ffe26q1voi2lf2cs2326bhlkbaofksM
modified: 8/a/stats
created: e/8/0cguftg254v0hrqaqo5cqaoc64u4dhkR
created: 2/f/d7ar7nkic0105n1qf448kthnv832k52R
modified: 2/4/stats
modified: 7/0/adldt71468iktggsp20oaibj66so3f2R
modified: 8/3/5d5nddd2mn2kmtmpd78ot3bhfv2us3iM
modified: 8/9/stats
created: 4/c/3f86lo5bou81jei9lk4csc0mud7od6kR
modified: 8/1/stats
modified: 4/8/9cmaehp8spgm7b8nukuf9939cjfjmf0M
created: b/8/f4oa450kji4udbpe5itgs4no1aorhf4R
modified: b/a/stats
created: b/c/da579qf998v3jjpsbiqgmsd1f7dcc9sR
modified: 0/d/stats
modified: 3/3/8d8la46hmj38hv50vvjead1n8prg6rkM
modified: 2/3/stats
created: 3/d/801t4prqms5l6vblag6j32imo3vqnvgR
modified: 3/d/d3pr3itqjv2mrlplmk7oc0f1737umdkM
created: 3/b/5akn03ciuene30vnnpao3i161c1sj6sR
modified: 5/f/8a7sn74h6v0iq8lj9grsaemrdofggp6M
created: 0/b/8a2oesebuoaudlae9i84su0t3vl08kaR
created: 8/0/71asru43knprfe5j462b7uubpdvbfh8R
modified: b/2/stats
modified: f/7/0dbck4hdmbobfhmeo2ucrl7apbavkggR
modified: 4/0/stats
created: b/f/7fo20ajjgb7o5vnkpm05jpsskn2i2j0R
modified: 4/b/146t2264rfahdtcl0cl62jq941m9384M
modified: b/6/stats
modified: 3/2/4aqu1r2rc68hp28ptq6b993ma40orokM
modified: 8/2/911m914lqkc27fl9fo1fsorsb1h49t4M
modified: d/8/44m3f4lac0p7ihnan1aojmn6i09942aM
modified: d/b/08eff2h9b83fmsv022po7s393leqvi6M
created: f/7/53t93h1n4ui0gmaha2nl7plqjoqdpveR
modified: 9/e/stats
modified: 7/9/bel03i2nnbp37235ms9ktlqlrlu05aaM
created: 9/3/f1697d833vs2eh6q0v80nvrk3dooe8kR
modified: 2/e/09tu746musnudp4v1qd4559meuq1cokM
modified: f/0/a0jdtr1u85ptfm4slikvpb973dksfguM
created: 3/6/c3aneg8j5hn6331thskgeapck4olf4iR
created: e/2/ddv8dj78k69hj6fcp46li59vf0dutg4R
modified: 1/4/aagi2ufr4juan268a347og9taghld56M
modified: 4/7/5bh39drerhdlk26jdaip1mh0ejmeee0M
modified: a/0/dddd0k9jkrqvdlpu9u3ntbh4fuku1gmM
modified: 7/f/stats
created: 1/e/aaa31pe0q3k597e55usalnvg5orr19oR
modified: 4/1/stats
modified: 4/d/eb9bonqn0o3u5sh0n6rqmlc695oetmoM
modified: 4/e/stats
modified: 5/a/stats
created: d/6/a8et67q7kvdhp94dsdgnmr9bmttfc70R
created: 0/6/fdo9d2gosdrs6e5kiq9nc114d1fgiaoR
modified: 4/5/stats
modified: b/b/97kilcfpa6140ks2g3jomro7ajjgkh4M
modified: 9/3/fc214fmv94qp5vkg3vaiofqqb5mno02M
modified: 8/3/stats
modified: f/4/stats
created: 0/e/11kgj8c0ajhhv6b5e1jg6eibulkdc56R
modified: 8/8/00k6jgr5lqfo87bkk4jehl0uu7miutaM
modified: a/c/4fo49vm6u7g1coqt2pq24g07kkjkc9uM
created: 0/3/daka2lj4cp1opt7sfardvkh0autoc32R
created: a/5/b8nk6gfees3vpe1tdqm9k8k4o1qkk86R
modified: a/f/stats
created: 9/0/7al19uqf1ghputk9io0irfm5t7mi2q8R
created: 8/1/ac0bktg715nmoppvp1f1s77cjb7omsoR
created: a/6/f7h33i1g6cmin9fi3t9hkfr1idd631qR
modified: b/5/25c0mfktckog44e7cjmp1st6mv45nvgM
created: 3/b/9br2jjbniela1cu8e5vce1ijrqu2hekR
modified: d/0/stats
modified: 3/9/stats
modified: 5/7/a3g5b7sjdtcli2es2go5uhius48sn62M
modified: b/4/dbj3luh50e18u88o2c1tsrhd209amdqM
modified: d/d/26gdibl2rf6uem62jlmt5q90696sgkqM
modified: d/8/stats
modified: f/7/2dr2262sq463erhip9ci345mrvjd640M
created: 0/7/6bu17472jqhf70edn21ns8gndh6ukn0R
modified: 3/c/stats
modified: d/3/stats
modified: 7/0/f03t2njm574ajuq3at7m82k8rmtbitkM
modified: 6/4/9edga8i63m8b379vmrpj476dotqoppmM
created: 3/c/a2trlan507smscss79r215kb13g1mgcR
modified: 9/c/95pn4o5tdcs8ceeu8thu2pmm5jbk6c2M
modified: a/d/bb7c9h6g396lcovmteb5jgg6vb99gcaM
modified: d/8/83fha6qg5h0m6l4ao5d34n27nnriot8M
modified: 1/8/3042935u9dlinsajgp6ub5iebn1hmfoM
modified: a/6/25jct88huj4tjm7233puur16maoa9p2M
created: 9/6/2d2vjjoh2i9l29g88vberq0quvmqeduR
modified: 2/f/stats
modified: d/d/d2ts186q22208e6bd28lhovkci8r8k4M
modified: 4/3/stats
modified: 9/4/stats
created: a/c/08oe46fvdhc606gijssflfp9ci0gc1gR
modified: 0/4/stats
created: 2/3/4do5rl6snfjijfbgmqcb7reqvbjv2cuR
modified: 3/stats
modified: a/2/0d8u6fu9b0jmdk6qe3d8kghacnnleeaM
created: 0/f/2akn8kmlgpeb0lq0f217d1m3p2niiaiR
created: 4/5/17plgum2fa2utrss4fatb86lqctnvjqR
modified: 5/8/36b25mfiblm46pe6vavilhs46650nfiM
modified: 0/6/c6bkcql2fjaik7ssnd86rbat572ufjeR
modified: c/c/stats
modified: e/7/40uanr073ggcar17qb3uf855l7v27n4M
created: 9/8/26o539fsp2gq4nengfose9cdenljp1oR
created: 9/8/4fvlq6puf32hneihkgpao2odc220n2kR
created: e/e/8dvv002ooncg8ecferosit7rgu97d5mM
created: 0/1/45gk1baqf9b5ufhqr0aq2ahpqfge28gR
created: 1/b/b3ltlne7th1j520bgt6d6pid107u7ikR
created: a/5/40b2lnt62nsptdff1sb3v5tf6jjs11uR
modified: b/5/stats
modified: 9/d/stats
modified: a/0/stats
modified: d/b/stats
created: 5/7/e3asjc5s63fni5a2s6tjij58of65in8R
modified: c/f/stats
created: 0/0/8e4n96qs8cf754h2j9fc5p1c9did4g0R
created: e/5/d4kguut28d4jo61ek2ucuatcvi4u8dmR
modified: 2/3/025185r7v1gfkr24ndauf1199d81hv0M
modified: 2/c/7dqoap1hs7p11ir9qnrbb6pme06lurkM
modified: 3/b/25gesl09ce90a3n911s12surtb5cmjuM
created: 9/6/5eoomt2hfji7pq6bm4bsjgdkkb66t00R
created: b/d/05n835gkk6out4kg3mrejkm01vn3rdmM
modified: 7/3/d70u6a55295glehn5g26hce56a3no4iM
created: 2/6/6367ra9r3cuees1s2eljqc2515u709sR
modified: 8/d/7e2spsce1k3uugfp6c284g1cv77fk32M
created: e/6/e16tjh31c0fl8v5h7ugtap28pl8m6cuR
modified: e/3/e6bpcjae28kg4trhg2osnat6en7l7b0R
modified: 1/8/e93bns3997vdvjqqqagcuaqp6m6tnscM
modified: e/7/a9fmm4sv3obtiglt2ku2bjga9sqnmdoM
modified: 9/3/19ktbrnqvseab2nbfkn7qe9361egm4iM
modified: 5/c/stats
created: b/3/065ce6vgu4pgcd3e4s7e0q80psh4j24R
modified: a/e/26gkcvmaq6jfcd69uipq6qcf76p13ceM
modified: c/7/08mbdbv5g7g2qgbsb5h6i6fu2o4ubmiM
modified: e/6/05cpa9smqjg1802891o9s1f285jqd3eM
modified: 0/6/b7bochtts46fpvgq703esp67mg9922mR
modified: e/2/71gcc14o8t24cj9btak7l76fn9v2komM
modified: a/d/stats
modified: 0/1/8bmffmno9gmjpucop7b0cutk1fp3n2sM
modified: 5/7/stats
created: 1/b/8c7ebb23ktre8r7ifoih4urdqpbf5nuR
modified: 7/e/60d7o0k3ll49vomq93i5oek16ob34eqM
modified: 7/b/d1b1vo5u2fj5utvmaqnhqci6650hj08M
modified: c/a/971cqavsi9mjc3p99f8ami13r7lkjamM
modified: d/e/4epl54p6ijg9tndvv1vnkph3bo5gfgqM
modified: 2/e/stats
modified: 3/4/bc4u39424e0pueo81tv04qhn9mlpg4kM
modified: 0/e/3cocjlka08usi8jth50crted1onk2fuM
created: 4/6/08p3mao9g19jihd9ca6ldenmro14ld0R
modified: 2/4/85bq4848eebljlh2mj9cv1o4mgs1ftiM
modified: f/1/fc3de11qtv92f6mltlqgemd4mp559ncM
modified: 1/3/edcn3refiacn2githn25ninoqljrieaM
created: e/3/b05ti7fc63r5e6308tn2kgpgl7lpesaR
modified: b/1/2bpbiba1feuo8a993rcoa19enqfnk78R
modified: 4/8/995mj743vf7rgdp5b48vjfv2etitc80M
created: f/c/6aj5dggtsljfds6ph9436s3mjlo4ro2R
modified: 9/8/b3nr367aj42a1ck71699bmkpjnjinokM
created: 0/2/a4pgdag4l53rkgdgg8s4f1qfm7f6b7sR
modified: 0/4/f2prjosjiffj8lp49one18ii3n7km8iM
created: 2/8/06bpiggp2h3o39jbm0ckc4vl09ligoqR
modified: 4/6/stats
created: d/0/3davv8ga081nekr7ri2rcc1ms7kjn1qR
modified: 3/2/stats
modified: b/6/947g8ktoc5lfvqcvkt191p7hofclc3aM
modified: 0/5/7c9gcv6qbh9o8ukftqttfj4f04g0qcuR
modified: e/4/f3h83ncplnctrt55i167k76tvl8c5r4M
modified: a/5/861e10138libl9i0oud1o661nv3tvb8R
modified: a/b/da44t7u3151p5ime43hodh1nrba99goM
modified: 1/e/acrsj5t3ds1gjugn14g9uo9kt66npacM
modified: 7/d/01fmhjaj6nb4unq9gj553nh8pl5g7iuM
modified: c/2/28liu8t86r2meplgqfpdi7c0lvrd91qM
created: f/6/bdcqbun2gi0bflfs9hu580jh3mc49s4R
modified: 2/d/stats
modified: 5/e/3f73rj3f812guhnsr7p4tjimuif1r5cM
created: 0/7/ce8r58vv0esb8rnrem5om2q8e2j5i6iR
created: 3/4/04riobli09g3ou834o90tdkih78usugR
modified: 4/4/0capfp85dt7c45ffm9i43ab8c5jkbsqM
created: a/a/54bicjiusklinaink7lh5phdhmftq6iR
modified: e/1/f7srrph2b8l5g5bs4a77cot2nrme4n2R
modified: 0/6/stats
created: 9/e/9a2lb0iiqmk7p1l0fid506mcdc0ngn0R
modified: e/2/28ce26s6nggojjlu3diu1kq3f9anrj8R
created: 5/2/f92f5a08qqthc3jbiloekqrs0ptufcaR
modified: 9/6/stats
created: b/b/31oldglh70cf3ppa5ike7gv2r6m05a0R
created: 4/8/11loqj4polc5viu991fi1gt6qhi7ggcR
created: d/0/b03kogdhpticid8stblokds8gl6i0ciR
modified: f/1/b9v6g9hlhmq782t7fdi2kn9oi6u0ra8R
modified: 1/8/stats
created: 6/a/b0mrp9rmhr7agol1ric24alivd1mot0R
modified: f/9/stats
created: 0/3/253mohho700nhnchrvfg5evovl77l7cR
created: 0/9/21oeqlkpti5pt1ck7jk7g82krn1qapqR
modified: 1/5/e3i440t61uhp5n34rmahqqcedu8aj5uM
created: 3/6/5c0bj37irs9d13cd8cvr5hcaqhivtdiR
modified: b/4/d6ulpfoke6n8u9vr0s2fi42lr0us2f6M
created: c/2/8095jbc9863ghro75lojn7btqqbq1n6R
created: 9/3/960p7p2renhfoiod9c341k720oqqi2aR
created: c/e/e1niolpq5gkd0v0cv667epd5020avrkR
modified: b/3/a7vpqn0mieq8olmt17vet237vq4ek92M
modified: 7/d/4dmvgcr8vt7np0tkpue4i03468hdca6M
created: e/e/438ojt1j9hcsgb2o53ghrsaqqv3u0i0R
created: 7/5/99hcl7l0evg1gpr6rk8idcg5fa9t3vsR
created: c/0/7avlvjhmasdo9io9e4vbr7nhqdp4ef4R
modified: 2/9/stats
modified: a/e/stats
created: 2/d/6a9u9a44u4tq79ho20dmudbrbvekjj4R
modified: 6/e/stats
modified: e/9/91o93vu93sbq0lb40i5u51g4ahbjioiM
modified: 2/c/f4b7u9e61l1kn8jiodnk0ogj61n17qqM
modified: a/7/stats
created: 1/5/50s4tqier0542an2vldajbfimh3hd12R
created: 7/8/02upo320t83kb1m5qs8r8utmm5ou8l4R
modified: a/b/stats
modified: e/8/2f0q7t5aamb2dsrhlbnq35ai8poqp7mM
modified: a/7/73g78o8veb395glfi7d67gtn6d2de84M
created: b/2/bedchhv0op7kutcvs4u6b73h39mi5bsM
created: 0/e/44gmiq0tlckibolmv6molb9bimkcp1uR
created: a/f/5bjg82436kplph1f8pfm0ba65nk7at4R
modified: b/0/18ilo6bn6n9m87ve5cgqb95b2g5636mM
created: 4/6/75n3e8gjaa0ss3lvcjq15i1g8gpvjmcR
modified: d/a/562b72hri3lutepric51lgdfl910doiM
modified: f/e/6dlo5lta5epvvqfn61i1hjeup63sed2M
modified: 2/stats
modified: 6/8/stats
created: 7/f/d1h7uqs26ucnek3dbrd9vf9dl8lcfdmR
modified: 3/5/stats
created: b/d/e5m86mm740uhbdc9p37dlo9muig8eckR
modified: 7/4/f05mvmgek9r4e8rqc152j9f5aepaickM
modified: 2/1/ffh18nct1nv9bgdg6pmuglan6fceg7iM
created: 7/9/a19nnj68rb0c15hlj53nrn3rvjcdjdaR
modified: 7/8/57evsdli6uvqskgua8pmq2ufbmh5il6M
modified: 2/5/458lj3ln09gqlv7e4rc9tl31fmv58e6M
modified: 3/5/12ddglrmcl45g24pr6abib5aoodpo0oM
modified: 4/f/72cm4ijlio1jit2lg7ari257qouocemM
modified: 0/7/52ajbdeptah8dnr9tfhla5aob5b15ioM
modified: 9/stats
modified: 5/3/3dstcg9q5471moui1np003t05mbmrlkM
created: 1/f/29g66ae04r2578e72j8lihedqtf875kM
modified: 9/c/29ph5ece5ns9bn7u4t2c7et0eqfan9cM
created: e/4/8cib6qd7c6abbvq2m2se3sre3o7tp5uR
modified: 5/7/98nkb9h06te4movsiiu3glh8locmmreM
modified: 6/0/b11sqf95kn86a542t0ukdqamf3kmtc6R
modified: 6/3/64ckbmt08e6eu6ml4rcd09f3g3tkq9aM
modified: 8/e/71vhmlbqhp08taliptssme9vtj0rmioM
modified: 7/e/95dvqo269bo5uvut3oa6sngpr4j2b0aM
created: 4/4/b55kisisse2lqeh3557h8jrvlgfbc36R
created: 4/3/17ut31jnbhv30f1pnaopof7mkn82aheR
modified: e/f/604q6cllta8qe880pq17uth42bq6r4eM
modified: 6/4/c6ndtv9iqik7a6o0vocnsvig5fdpvheM
modified: 4/6/1avg2orecbkegvp432qfka6g13323b8M
modified: 4/a/stats
modified: 7/4/14jpjp13olbvallc3g4a4evp4i7ka6eM
modified: f/b/stats
modified: c/stats
modified: e/8/stats
created: f/0/17iaegpcupl4kqgc7qfrqtnb3apvgo6R
created: 0/1/b6fee954von4tgsskp0tsqqg6i9nr96R
created: 6/1/52l4fhbr5qvoiqqg0qn0iqtk3tpfqsaR
modified: b/0/072smbq9nmj5gf9fk04udei8afk4criM
modified: 5/0/a4l0lmf3jh67usc1had3calaq8o2dp8M
modified: 4/7/stats
modified: 0/3/46uiipp6errjvof6qn45s62jjok58pmR
modified: f/6/f3qs0bispthdvlouqslk1en0fv71tniM
modified: 0/5/107061je227kc5a3bj1pl0m1goid9j6M
modified: 2/b/stats
modified: e/a/0erpguduicjfkh7um99csftdjlcfq58M
modified: 0/stats
created: d/3/1be685p363bj4qnslcufnpmfr4lbtjmR
modified: 4/4/dbana4uhtu0thks8t473vd6mmr4kjmaM
modified: e/0/a58i2m1ouds8k1q6a3c42bp82sv55v4M
modified: 3/1/stats
modified: 9/b/6apfetksjubgbke8b8k3ck2e4f2pk6oM
modified: 6/a/stats
created: 4/f/52c8mfd7c67hjsghc9krt158m511nqcR
modified: 8/c/f6p26fk4gpu7fqo0qp270jggb9rjcnoM
created: 8/5/6734le2ulfao0bq3fhekledbt7ouv46R
created: 2/6/335abccef8o4p07vma8dt18lk56p12cR
modified: 6/2/stats
created: 7/3/4cvhd384c53bd1k8dkunseo6usr0198M
created: 7/8/5cam31qc0ctqjpafi13fql40knatkjqR
modified: a/5/51dso0gq5c2iebd829tctk4kd967begM
modified: f/d/stats
created: 3/8/6e5tkufp6rldpp7fplpn942d92bk440R
created: f/3/576mbl3o42k8ic13kt6p5b5vospsjiaR
modified: e/c/cdthcq710si675rpssd2kht9no3j9iiM
modified: 3/e/stats
modified: 2/3/04v93ghktkg2i8vok7apk43pca3p3i6M
modified: 8/7/stats
modified: 0/6/d47v0ces7cljitrvskt3h6sp2cjsdqiR
modified: 6/2/6f8t0662s4vb9uqetpfgo6hge4bqhg0M
created: e/8/02qnejpj1cc79lqo0gflojhdjnehrusM
created: 9/c/7455mr0kq3dek2fnnvagkajkd06k3jkR
modified: 7/f/75c8nsasgfilpecapc8bn6grkr8kdmqM
modified: 1/4/stats
modified: a/a/stats
modified: 1/6/6bk13037d5h59sivv0moih5ssn6b0r4M
created: 8/8/0beb86blb20ipnshimog5ss1gp7kv3iR
created: f/f/81kjaekv1hi6hat744vndbor98oe52aM
created: 5/0/cehf4v7ou5egf52q64q8se4d2p49q52R
modified: 6/b/f09cnpfjgjaqe33pe4j1ctl46toconcM
created: 0/0/3falq5kvvfiqc0kmfus7221f53409rgR
modified: 5/9/a0985vus1nhh8vla7n70p1rvl9o9gm0M
created: 3/4/3122fp26dd9c2qb9243oc5t8ajcic36R
modified: a/3/stats
modified: 5/5/a75o2d2b8t4qb5vfssto6u9rn55gsvqM
modified: 9/1/b41ho4f8193s0kt7qbitcatvslr9134M
modified: 4/4/stats
created: 6/1/8bt73gmt5b6h5tida45sv5sihhlbe14R
modified: b/1/e4s884t43hau173n4b2gv2q880vku9eR
created: b/3/754bfu1nhhloiqaqddpuk4qr8lctcu2R
modified: d/c/00ro42dsb93u6amk9fi3k42d92ph7fkM
modified: 8/c/01uro6pp2v76rriimugkq6nbhbf6qrmM
modified: f/4/5blugdcaqbbnoq8bo7mti2p41i76ibgM
created: 7/7/6f3qv833ota7vg8gol72o4ilfn0tu62R
modified: 0/3/66kc6pi1cn62c6feihu8utb3eejp2c4M
modified: 0/9/stats
modified: 4/3/38gmj8i9jn3er7qvruj9dsr5blm83b0M
created: 6/2/a891t9n8523a2hclmt7ge2fokoha3ueR
modified: 9/5/836774va2gntolr0rb3lf9a8rpfdfiuM
created: 9/7/57o9ksv3nvks9nsuqu5h28auloih5t6R
modified: c/3/stats
modified: e/0/ccououej80c1vuorgk5rlgs0gf0hj16M
modified: 1/1/36mql7o7fcrla1bhtp8hvo9g59ag794M
created: f/b/cb2cstmuv1btnu01reemq5pmcifil0gR
created: 3/7/6a4gc1bj50a2u0cte8kdhssi474btveR
modified: 9/7/stats
created: 9/8/71f80oqsposgrnear79rs57mk2ekreqR
modified: 9/5/1ffvgrt1nic691ob0pb62p5t6dvhimuR
created: e/2/4evcdugqe2cgk4to450vdnge453uhioR
modified: 0/6/430ftg9gh43puh05mq1q90u5579t23gR
modified: 0/8/stats
modified: f/6/02j3r4v7nd5otqlefpjindtbifhcrquR
modified: 5/5/stats
modified: b/6/bab1ffr0ob6hjp151dhg8ean2vgof0sM
modified: e/e/stats
modified: e/3/3boia8i9vjmptq157c3u49am69nllokM
created: 7/0/c14kigg5jgql08jgigs2jmlvcj587dcR
modified: f/6/4aked1nibsaa9q9u0rkkh3f33qug4heR
created: 6/9/34lps70440k7m2tfgr7mfdcrvsrt8fiR
created: e/5/0akk26gs5p097gmh7321tumr40gfrdcR
modified: a/9/stats
modified: 1/3/07q60ib1psu99v15u18463d6290p19qM
created: 0/8/8fd9fh672rrpt3hiopu2jbuce5om1sgR
created: 1/4/750q8bbeqp9f5lod5dpen3p92hgvh34R
created: b/f/dfsfq0o0bbufpv9out27hgeo9olr346R
created: 0/2/b07a3co5s4aklsgbeiksmkevjop71j6M
created: 1/3/9f1uld764v8u9hnjbdnjn9vdcckq03uR
created: 5/7/e4630vdfdce159rjbanh595o9d398uqR
created: 6/7/3e2dnbdvbprs7rhc0j9t6jr2i1bhr6iR
modified: a/1/8902g4a66g4qjgdeefebj1c0ph9agiaR
created: 4/a/76m3v6sqhr0q01mv4kg2r4kov3odaruR
created: 9/4/011v6eadpmmt7aiptd82187kisrv6e2R
modified: 4/c/879r515i80s18gefcv20k5kismnlhh0M
modified: b/2/b2l2saco6kfsuqoe8rh6s479oc2m6iiM
modified: f/5/ddgp9ltc1m696or687uh86t628t5ikeR
modified: 0/5/48uuhh5uvhb9gcq15jj6p3p66epejd0M
modified: 4/c/stats
created: c/3/d8sadm8ra1v2fp779a0nr88c6hskjiqR
created: d/4/dcmnp7kfdb10j86kr3p2t6lm5iou14sR
created: 0/4/2eukg0s9q536vc22muklp22b9u9fg5mR
created: 4/1/66aeo9nf1m2go10eji2duiar7q1aji8R
modified: 4/2/stats
created: 7/e/6fsptq2oq3996p1b1h2jhirc8npqk0eR
created: 0/d/049f08lqhjqvll2boncvgkl0d6kr400R
modified: 2/0/stats
created: 3/3/a4u13in0fd6gv4sb4i0t8pt2a7hrbmeR
created: 3/c/damq2aoij0sb8v5472a4dvgl8cf3rmmR
modified: f/8/970qqul5uqri1r3p1qn1edk21hec2eqM
created: a/7/27klnainpi4n93e4cac6uk8pisgq086M
modified: d/a/stats
modified: 1/1/2c75rdoe0hd0h2p08d0fla1moga9m3qM
created: 7/0/3fors06o6jdo76qcd7gfaenk9gbm01sR
modified: 1/0/f5psm5j22n41p0dt7pa4chrkumqfaqgR
modified: 7/6/70g37ctc3hutt77q405pkr7acbb2uamR
modified: a/6/stats
created: a/8/24tkjrlo8lu1h7d85ncq07a48iirmegR
modified: b/b/stats
modified: 6/2/02p78itjs5hedp99suhgg4d0dhkd1ggM
modified: d/a/0ejjfhp44al21akv6ild3cbt0i06jnuM
modified: c/5/e4uoccprv5s5imsbg9gd1571alucpnqM
created: c/b/abp6v2ensolq7ceqk42f9iiohtiglpmM
modified: 3/2/71ho5956cadlh4gurcnuri1b5picepuM
modified: 7/7/7598pulh5fmf0itcv0o7j87t02nk4f6M
modified: 7/e/f37s6i7qol228jn20iva20582a7vc0qM
modified: 8/e/stats
created: 1/c/41hjjq8tdjq3ti6kd3rabqvtig8g6reR
modified: 3/f/aeq9otkhkrmktt1nohrkj8rcsvlbskqM
modified: 6/0/b44blm5aaufb39tttoedl4d7polo51cM
created: 5/5/f4q2d3s4leljbl5n9t2gumif2qgikqmR
modified: 9/9/stats
modified: 1/9/03ash566hof4krgmfn24qgnjgghnrh8M
modified: 3/c/6dnmst3v0e7k1pr7uj1jbtfj3sbcfq8M
modified: 8/0/5fe97t9kf32j9g3vkgk43sfa7h5hr6oM
created: a/9/d5orm7buicl2hv27evor449jhh7g4qaR
modified: d/b/5eg3g5nm0lnuh288g4rjvh6m5m828haM
created: 1/4/5av73e0tb8g872fl5ceh0mfp43c295eR
modified: 9/4/edmtibigf6r0mskmqvk7la6d8vqndn2M
created: 1/5/f5frieq7vqrfe9vha0lokhcan70raj6R
created: a/a/01pkfaav9rok1nrgavh56n67oi3lfgiR
created: 6/7/c2dnfcipvhfuefelbq5uq23jv5b8upeR
modified: e/2/5fgtanlhd2ufubo9e0s0hhdo8e6k2dmR
modified: f/8/stats
modified: b/stats
created: 1/5/1bko6fvr3r48gl8l808leb0no0n4d2aR
modified: 4/e/d9qd5ogamilebla1delo6i0amhgqs6mM
modified: 0/6/6b07oc95bbt8bbc070voclu4e9h4iseR
modified: 3/f/8e2pkhs5oastu45oot89um211tqt8uuM
modified: 3/0/323vioijpadfk1a724e80v4iru4opr0R
modified: 4/8/aamimi3lb8hqm0al0qblrkffml2ftt6M
created: 6/4/8ffdct1u7cgt6r76jh4c4flidnj22m4R
modified: 8/7/1ffdp3ndi397aqq9tk8auh8a9n6a8geM
modified: b/1/d4nb302ojfkl0el0uqdm28mavld5a2mM
modified: 3/5/1frphs4nkuhe89q97q0c4pn4beijaugM
created: d/3/84im4fun4q2q57k78b92kiu7shpvu62R
created: 4/f/1e2h5i0arqan9j9lpqtqpqp0o6r7ejeR
modified: b/0/933nhlmnbanmq88k6fmbsae65u2kiboM
modified: b/2/12ce9k42nvr9lo57n5n2kcf3fp5cr92R
modified: 8/0/edqjamlvnfla9rkj4n9hc9q7a5r3tdsM
created: 4/f/32fomki280cpbqj9nar5krqt97a8kksR
modified: 2/8/8frnpts0ivkfjttsvtm0aa74nqgcdi0M
modified: c/4/stats
created: 0/a/d4k3koie8q3vt4200l01j6q2igjn74mR
created: b/3/0a20t0aketbsvihbbri69ibceppr1roR
modified: 5/5/e6ip28ab4sbbbrv46jnvusd4v2t65muM
modified: 7/2/49sa197i7srrgfu04musgds8mu0t4k6M
modified: 9/f/e23eacdrp9ljpnofk5ai806k859oc76M
created: f/0/e4ihabnbp9orimuh55r7s0qo3jck9loR
modified: b/7/stats
created: e/c/8dprha789m65q67t889495eeb66b9jaR
modified: 2/1/b1lc3s67g5tel6i76g6uhbh6sm0ipoaM
modified: f/e/stats
created: 6/0/24tkm8crft20149r9uhe1kkkorp8odeR
created: 7/b/a8g8umeaemf2767edoshhja84gef0miR
modified: c/d/stats
modified: 7/c/2a115cr94jvhdvp80lb3cqmp44g2ksgM
modified: f/8/89flb3ij82iieqf6lbb48hf8mtqsho2R
created: b/5/f61fssgvd49nn2u6k8oc2bogofk2a00R
created: 1/4/2fd7q842ms2685do0kaaif423qc5amqR
modified: 6/b/8b8pn3nefc97asegu1sr98pohb9rj2qM
created: 2/0/5a25tpa4eclfnk7sp6plvd06e2s7i64R
modified: 0/a/stats
created: 4/4/aem68guvmgockgmgekn0vavg8c0qr4cR
modified: b/8/00hlblhb4p0ue533d9jpmot1bsd9nuaM
modified: c/a/stats
modified: 2/8/54gfj4t06abmhdbnkjhfb03c9l55n60M
modified: c/d/d35ql7k7epeor69i57fd3khslk93okqM
created: c/e/f3m0flfu4o4lt33hqobbr7fb703lrr6R
created: 1/d/9b53ge288gg8ui4g300t7f80g6cgs8uR
modified: f/a/stats
created: 8/2/1djdndpuo4ch08mm087m0cfvgfca78qR
modified: 9/a/stats
created: 5/6/f2cqho45rq1k71j00c60vg1i6fsndtqR
created: 8/4/ea1n1kefsii4h3kse2oc472o8tr15teR
created: e/d/50rk00ajtaigusgrfmlhkpf55319urgR
modified: 4/f/stats
modified: c/0/cfu4v3s1md9hqhjtf1vhofuk2ka79kuM
created: d/9/83jco7at3qdki6ogolsdq9j804st07mR
modified: 0/2/81mhkedlihr4at73de1pnoicd35c17uR
created: e/d/03d519p3u6s5mcucfdf51eafjmlia2sR
modified: e/3/b6akm2g2tea42854c76qhr155b9s2vgM
created: 7/9/39omgnjs0vi26ai81usi435afgcmg20R
modified: 8/a/60p1mdnf4nvtnc4m1vf9a7tumv8pp86M
created: e/e/5caaled7n3vpiopvf3ol45cj89kqbh2R
modified: 5/4/stats
modified: 9/0/2c7fp3r0kabcgob6u6scmjdrquafvl2M
modified: e/1/stats
created: 8/3/a287ogkg81ed4fqc7shm1mrg81cm0lcR
modified: d/e/d2l9ua8abhu7vo3pda15shl3nt9m7iiM
created: f/c/29t74b2jdv2c7lae141svfgkrlokf4eM
modified: f/a/56ro61g2h1eu1f667q1n8mi8rchlrrsM
created: 4/a/11aggrul5spies2u80qjgo49c0c0n08R
modified: 8/1/81gd92188f386v3j33cki80kdr37kk0M
created: e/2/76kq1j5nde2bklm7tc1vv1729pm5qn6R
modified: 1/b/stats
modified: 4/2/52dgghri53s82mr9lpgqcu3pthkqkeaM
modified: 2/7/stats
modified: 5/d/stats
modified: c/c/f8npg896kuf4kfsrm7n69765bt17gisM
modified: 4/e/78sp1iailricsufpchsdhhga2ft391qM
modified: 7/a/1dde9cck89kuag498t9isp4qp55d7joM
modified: 7/8/stats
created: f/9/e0j0i5fv85mu23k5ptas5bul3k5ptgaR
created: a/c/7b85adjteffp5ur88od40nu1tmsban0R
modified: 7/d/a5baivdkn7b0mf57884su3j0bu0haieM
modified: c/c/c5d8inhdh13npnp61plhta34uls7rumM
modified: 6/1/d7sif8hhv49v05c7teiqhid29ojar6cR
modified: b/4/49551l8o8c7ksg22k71tfn9ptnr04n2M
modified: f/7/c0v9melgce1j27d332hkii955rr9ppoM
created: 4/0/ffir5insfhmalefluc6cvm0ale38l4qR
modified: 6/4/42pvo5klpdj4bg38s33ats7bqq2rh4iR
created: b/c/90pg0n1m0fbh55fkpktkuobs0u73occR
modified: 0/7/1256q1bpi5b1h5jao0p6sebh09t0husM
modified: 1/7/33qb47dilfouhalnubvgk17jr58dnuaM
modified: b/3/aedkjd6b7n262pn4va4scqlf8hfiookM
created: 0/3/c2a89cd7bulvmbgst6tc43mt5kcdv14M
modified: 1/3/9e0di3ud55knhqgbv4qdtueum6kgci6R
modified: 3/8/stats
modified: 0/d/c2enukl29jhpko85mnvjt8s9700o5kgM
created: 1/b/02r94lajijblslum3pl3rr0daov3hpcR
created: 5/3/47qfpo88qk1qei3p265jhm45ugpe5o4R
modified: d/4/247cts0klhobqc1msioutkcl2o0d14mM
modified: 5/7/045ef8nhn7aguvilmgs96aia2ehmtc2M
modified: e/7/9041muj5cdm1gri1hfbn5ho80puq21eM
created: 1/2/f4e78urdc66l4ame2bg5inso0r67rqqR
modified: b/f/3et8g19bokma5istme7k1u1evnvdrkcM
modified: 0/6/43m0q7hm5qs88nbqm9ngo7b85arv6amM
modified: 6/9/stats
created: 1/6/08ueahiaefnmp9gkvc2tua1q8udhrnsR
modified: 3/2/a0rj9p09dv7kbjkrvggic722kl889ukM
created: 4/e/003grrockleaultvh67ho8429bng0bkR
modified: f/1/4ccidr7f0qu0dc0fuq66gj42u3f29t2R
modified: 1/e/stats
modified: 8/2/stats
created: 8/b/4b2bnv767ujbai7c64n7u6j0e1nsejkR
modified: 2/f/81cjnndo2urihgppf622fds0fqrskp2M
modified: d/6/stats
modified: 1/6/27jtvljb1oouehhv4rakkpckakvbec8M
created: 0/b/5fp6mv4u3886glfkq3h6e7p23frbv0iR
modified: e/5/stats
modified: 1/8/a1v34nc00q3cltc48q9rbeaul8apv42M
created: d/6/b4u3hn5s2ki9h6665l797itd1e265amR
modified: 0/3/d3r2nrib4djaoou2kv9nrl95ss3il3sR
modified: 9/8/stats
created: a/7/89l2944ra65vmo6pl7las022mr5p74iR
modified: b/e/stats
modified: 6/3/stats
modified: 2/1/e5verht77q7qpp0tc5rksvtkjlp1duoM
modified: e/e/749pqu4beq8ld7kihu48oqbn07ke8s8M
modified: 3/2/8fo69urnao9nuu9r0f0s8gvh648120aM
created: 4/2/94n666l50jpap52iholnb4vgg8tsl28R
modified: 5/8/25nvnfst1lajm7aj063gnc5qdjvuemoM
created: 1/0/fcftpkp47pus8cmg5404p49tqp98rc8R
created: 6/d/7altdk2rdj072oq99jes223sfh3p8i8R
modified: f/f/bdcfqvqgj42kjt4hpgk6c1nsmp46j24M
created: b/7/5f60buf4jsr737v2ua3flabd6i60s36R
modified: e/4/92kavd9dht8jd4adnp7uqvp6u4h3easM
modified: 6/0/5cf6f53nr0lj2jnb2ek768trfrgfd2gR
modified: 7/6/b0bc00ekqvqv3igg14p4ne3vrmeojpaM
modified: 5/d/e82rel21bkgupnaf437cer6fuhbob80M
modified: 6/stats
created: b/9/e9nurskg8qlnm05sqb3tvr11mdkrnbeR
modified: d/stats
modified: f/6/c234am3apathofgqrmvqk5pntmnt4maM
created: 7/6/9fk89p4sn4q2euk0kc0jcfd7qfruct0R
created: 9/5/10b693r7s5ce83nemgqduudo0jcj8iqR
modified: f/5/13798v6ar4cem7a7q23cd9p158imk5gM
created: 1/3/8dtt9gmd1pp3gart6s5d48rksmt1h2kR
modified: 5/1/stats
created: d/2/67lerldi047d9db15o9nipq64iutan0R
created: 4/2/e5ruirbp9ita08k4pkbh0rcl789hrpkR
modified: e/e/5buvk6u8ju3a7aum4952f8ei8fam1k2M
created: f/4/a17n6c0jukgtqp5p4gt2ein5ffi6et0R
created: 5/2/06brhj6ono6mu2no4c0justvqgitd18R
modified: 7/2/6eluvf7u2uc1kgneuqeptlep2s973bsM
modified: a/0/d1lfqdgslik57ej7ot2qtqdrh3sq820M
created: 3/1/ce3oakrg3f64cjfngoe3rjl58sqa1b6R
created: b/8/31vesvr4rkfqgbp9q8gml6c1racvhs0R
modified: f/5/a2jmlmivvlhgjsiti72kn1ep4jl2t4eR
modified: e/3/stats
modified: 5/4/a9lik0nhm5mk71vkfk9buv8rd8r931cM
modified: 6/6/0ai12aivrorm574ff5oru60o5d2hhpqM
modified: 9/f/07u8qktvi4a6j76a9rreru6ijkr29vaM
modified: e/2/05idghsi4ellcbm9bih6nb6qgdflh86M
modified: 9/2/stats
modified: 3/0/stats
modified: d/f/1ehmr6a95k3pd6ssdg00u1letln4algM
created: f/4/9ac17kf20h5htcvqq079r6g8h959d0aR
modified: f/stats
modified: 3/5/29hrjnljomaaqt4nuqh5n7lbolvrs3eM
modified: 6/3/fetlfr3c9q4hcp34mlt321ngcjdk772M
modified: d/2/stats
created: 4/d/07ca5mcbdmbqeff23d30l6cbi56shraR
created: 3/9/85l6vp3vq48mv19dhchoscb7lp4q9gcR
modified: 5/6/stats
modified: 1/d/0a9u3m0h71bq9uakako30e7veg58g78M
modified: c/b/6alcqtj93t85fgqkf6umuftug2g4vm8M
modified: 5/9/stats
modified: b/6/c5b6nc6kmh8bt77b7eqottl6leh682gM
created: 8/9/8192ctf3jpjto9tuo7pvnihp0rcdkdiR
created: b/d/edbepgucen21q6v6a67ponh3vtm2fdsR
created: 1/9/c3ce87mjadmu44vladgr55k20n63f6oR
created: 0/5/8eb88pghht50qknok2j8q22plirc3gmR
modified: b/9/stats
modified: b/1/7e3sjnigdbfedieoumul2fnlfam3tsaM
modified: 0/b/7basip5b93bvd09ibsm3g8me71d9sj4M
created: f/a/fcui5k8qudcvts0r8c0o431ii4ubdb0R
modified: d/4/b858ap6jn0dosbvq1j07vqamsh3elhsM
created: 8/0/a2u4igc46i1ebj8pllplhnp1nmmgn34R
modified: 0/3/stats
modified: 2/8/111lbkv57vksvgm8vd9sjgr59t3qg8mM
modified: 4/f/80626o31jfep85qv6gdg7juvg5mc0qgM
modified: 8/3/8341n42or0nvt0843csis7jrav0hgboM
modified: a/3/69341sd34s2p9c9ms2belqoc8ltb99mM
modified: a/5/0csp8onvn3vftff0itf4bv19r5mcthaM
modified: 1/a/stats
modified: 6/0/086930atad18g66gpge2a1otbgf68scM
modified: 9/1/stats
modified: 2/9/ddtf6h6o6c1uctblaafdr4i29s0dv8uM
modified: d/4/stats
modified: 4/0/3fr9qpur4ktss3kq49oqjt9597a6spcM
modified: e/8/caigddbfplan085m9oloht325gs9522R
modified: 1/5/d8obatm4ndgsfj45e5n95stl03a6ffqM
created: 2/2/8e0le10of0gjach3ln8o836cjq9p6jqR
modified: 5/5/datakkkurg7f2n8jf3htjgj0526274qM
modified: 4/9/stats
modified: b/a/d9sbtv7qt9bbkop0jbuf8tgg2oggccaM
created: f/f/7crh6evvhs65a3t0crkh9snksu3o5b2R
modified: d/d/stats
modified: f/3/6dgpke8qouqvua57kecb95edsrksm4cM
created: 9/7/32ttrjp60paneql9fkau0mn83qecbhaR
created: d/6/9dgpmq2lsu13elu0ghasr8adkd77s8kR
modified: 9/0/stats
modified: a/7/6efiai6la2oo6n9i9mcsqbn29vgkeouM
created: a/c/c7o8n41fnioh6ijjbc9p4kujtrcvtmmR
modified: b/d/stats
modified: f/7/stats
modified: b/7/5ce0gncup0irmn2hmsilhkaq5tkdtj6M
created: e/f/f88mphvulit4lvk18bnm20av7n6t65cR
created: 2/c/67arl99g63gafobqth2i8p6lg0a6f5eR
created: 8/1/1684qj6ps78j6lk7vf7ri6ujinl2i76R
created: a/f/82bklltqev4jgjl1q1abekb57ik5dvmR
modified: 0/2/ff89jke1k7aio04htn4ukniftubb4b8R
modified: 4/6/0bb4gc5coae247lnasui3ub3114j1dsR
modified: 6/5/abjhl4e4qge4pekoq5640nvf32n2ahcM
created: 6/e/bf232vlfr23ju83a46ucnifi7uio1raR
modified: 6/b/stats
modified: 3/2/7568hqf632kjghi3hp9hjbcoddiakhuM
modified: 3/a/9d5jm5muur9319gku898cd6g953h3c0M
modified: 0/2/5263vgujdof9cv7j9deb6ila65gqqhqR
modified: 6/7/62jblv5unrc3u987tdmaco2p8b33couM
created: 7/d/a9poknta9p2lk3flto2t78pmpf81dfuR
modified: 1/8/b58ug4vhiefe3ua64m4ooqvu04rnpr8M
created: 9/e/39ufaktop84u97km8sivm3ei516n1eqR
modified: f/5/624lioa3nbn8njp2auuqa49icalhq3eM
created: 5/5/06v8aeg307vrml3uqpbl7n3fdsdcahkR
modified: 0/2/3eg0m9lpv33m4i1knigoa641bvqc576R
created: 6/5/13humlemn9micaa02spjiqj9jlt5qfeR
created: 9/4/efdq16f9eigje6c83q7vg3gir9kqbroR
created: e/4/cat5j7p82njsd4dabvs3qq9d7foj6beR
created: f/1/0baehoe595r76lo9l57m5ag19ops21kR
created: 2/b/a2qortpbc89hdujctoi69gclnma0jr8M
modified: 0/2/145kitoi81oa9m1o6s1dirpoch9u3e6M
modified: 2/c/stats
created: 0/3/a3l2f493krd2ptgm6kg6ebmft5r3speR
created: 8/c/7fkah59mt87fjc59h2fck917e63mobkR
modified: 0/5/stats
modified: 7/9/f1vv2b7h8c4q3t8jc1u67guko13rn0sM
created: 9/b/15fkrff7bmf49p7vcsaanpfg3if0j6qR
modified: 9/b/stats
modified: 5/3/9bjkuujfk76b3fqn9158g5287258626M
modified: 1/6/stats
created: d/7/71fcid2kopcq6nhga7rmsfr7q74r8rsR
modified: e/1/68n5lkaaue814gjhc91u89d16tb5gs0M
created: 3/b/a97vr8qnlg0m1v2113dprok9g5gsbegR
modified: 0/f/04jpggo066g8144tn1oqki2jrf3lu8kM
modified: d/c/stats
created: f/2/f34o5hbv6govejdcqjs5lfhr3kmgq88M
created: 4/f/00d45h34rq39mgg2au973ne4vu1jonoR
modified: 1/e/f0hqt9c7busv7te70je7pe0h17jm8kaM
modified: e/6/6ag97d2cur1p6lfp3nf3u6lfrf2vdfmM
modified: 7/b/stats
created: 5/d/69uv458re60j8btvjg9e11j5431b7e6M
modified: 9/4/907a12gdhf6a6c62m2gc2vua4lrfjp2R
modified: 0/f/stats
created: f/b/c9dj8p4o0uvcnhg0s4dq8ug9k11v4giR
created: b/b/3946ikioahbptqqj8l1n31v4689cpueR
modified: c/6/stats
created: 3/c/6c1nc8usjc1d7pf3qegqt30edi5eapuR
modified: 4/b/stats
created: 8/1/adra4khi0ks15e3jqer3jigrjv2splgR
modified: 3/0/b0ub5fqdofkbfhh8gua1d9hdlet4ukqM
modified: 0/8/5cbnsrsibg8u7p59svlbqkn0hc17jdmR
created: 2/a/5ehq2f3va46tgiuv2t0vb0b4tqrnog4R
created: 3/6/9aldck9dtu98t5jv0it8sa55glnp87uR
modified: f/7/983a73sete0pvl5g6pe6o7p440qrouuM
modified: 7/4/cd0ig66lnhs5cg1q7hmhvgrhbrg42h4M
created: 1/d/dbnijjejbq5ashgqlka674atm8ic9fsR
modified: 3/0/c6se9d8m2hfg8geou67u87c04btim30M
modified: 2/5/stats
modified: 5/0/stats
modified: 4/6/eff2e4t1osc1jf129eskbi7a20elojsM
modified: 4/a/44f6nabn3p2cv22gncu07pfq4dd0pf4M
modified: 6/d/3ej5b2tuvsre14hvqutss7pe1jup9tqM
modified: 2/6/dbp0d8200e636pcilmgf734ktmfq3lgM
created: 9/f/36mn99pdi0igch2s49k04dug3kr97veR
created: e/6/6b5cjovckcj3cmqh057hi9i09rf5rg4R
modified: 0/0/5crud27fdbldp3jaat14ept8tmifme6M
created: 1/e/ff0is04d155ad4tp1mcnbuancehchtiR
modified: f/5/9fn0vj52v4abtlt2ctthp6vvl7fjujkR
created: 2/6/49l2gss945ecieg6mph0usiosbll848R
created: 7/b/251hpaqrbbro62elhenso8vljm7c586R
modified: c/6/ec8tbtf5t2pab38koqerhm4qbprnarsM
modified: f/1/aer9a3ekv7tu0vonaheetju1silardoR
modified: 5/0/4f7ko8nk5qta0urb2flvl43n536jtm4M
created: 6/8/f8meth1t6r7b2r0v8bc0n9qvhus8dsoR
modified: 7/7/edmftopae8sd89grpqhbpi38one7rj2M
created: 9/4/1ak7hqb39hf517pml1pv7ip1kfskl8iR
created: 1/1/825vnkggjijr61unkfuk8nii1gcdacoR
modified: 5/6/e3fj4in7p1jovhgjva39pofbucg4lqsM
modified: 6/a/9c7lr3feg47fjedhu7r7sc6vi3c8u4sM
modified: c/6/97nj35gosh2h2q18hg94vq7pn143btmM
modified: 2/2/52tsh77lemve66mva361p3eluo4keeiM
created: 3/3/0bcqhp9j6utq7ku4inkq5m5dog0fm1iR
modified: 6/6/stats
created: 2/5/f93s24bei4b9a9j8sv66bhie40ufmvcR
created: b/a/94aas3bd65st47evks7qgl788tpg74sR
modified: e/6/stats
modified: e/b/48tcmufft0aittg3ssqndk4p99hkfs6M
modified: 0/b/afkdog6jhirb971690k5kjfdbohdj9iM
modified: 0/e/44ds8q18jv3pivjt3k9o7asfigtbp0kM
modified: 2/b/cepn0pkgeoarp7ik345t0l5k6uftp5qM
created: e/3/3c6jfq1p7tdkk5g87amd0ctqpqvc1b8R
modified: 6/1/stats
modified: 8/5/08t3e9eavsrs28q56dbp718sm5onb9uM
created: 9/d/74i7krb30nflbu0tkuua7f59nb07mmsR
created: 9/3/5f0jnvqhtbc7i654jds4ha4mlt28bm4R
modified: b/2/632g6luoh74l7meauogquhsnakc3mj0R
modified: f/0/9c8htsqkhlg3rrc4ss2shu5kqij9ftuR
modified: f/c/stats
modified: b/7/283ojao303tr2i2te25nnha905hb8moM
created: b/9/d3m26376k5o5p7mp951lusunvevrfkaR
modified: f/0/stats
modified: 4/e/88if8teracrvagfk32s33i4f82vsjheM
created: 6/4/1fhrnmvn74nqgkfjljakfjlb4iemga4R
modified: 1/6/e97tm0k6ogj3pochdndf3dr00g1r6maM
modified: 5/9/c4ijpujres89eok9ijr9rp7lli37el0M
created: d/1/5d2n5bfgs5uf8l67frr31vc0fk0dansR
modified: 5/f/edurnqb4vntlm855mn3cq8pqqkap67qM
created: c/4/97ttu3djmad608eeeh8c904dumlcrh8R
created: b/2/54s1udfk248f69el0n9b5c92sai64piM
modified: 8/3/25dhqt1l6qi90v20ki4fgm652os5292M
created: 8/8/25eo9412l4g8is3sgppjokl7dagtq8uR
modified: 5/9/f0r7ofdrhlfbjeu8smgvvr3qapne4a6M
created: b/e/d5rrm6mnmhcqod4s4hhnakasvr1m4eeR
modified: e/3/c6k6cvi6fm9ori65cvj28ef3rv7vljmM
modified: b/6/a45hhponmlage1gh0ddek6k94tvdfqkM
modified: c/0/53omj9tkne446ipake00uj4qvlksnpkM
modified: f/3/stats
modified: 7/1/d6rmdn34h9pk9pp3prped011nfi0it2M
modified: 0/3/c0e4etu2e7h816rnvktt3614csam54qR
modified: 5/3/52l4t7549s68gu2n30379ch30mk9jqeM
created: 6/7/ecr818l3p1iia35e2elrv629jba3if6R
created: 4/5/4ebgkt9n31r51b75mnk2iq790ttpurmR
modified: 5/f/2e2frv4m6tbhkn5588arjohskt280lmM
modified: 8/0/stats
modified: d/d/11cl1s0b16go6j0q0010pm6bg67sjhoM
modified: 4/4/23cnunj4au2mi1phod1pl71hn2i3ataM
modified: 7/b/07rc0jd7dcs3fis3ll8q9m1it1dkskuM
modified: 7/0/stats
created: a/f/a28q06udtvp4ivdibs6cpr9kcdf14ooR
modified: f/1/stats
created: 0/a/2ddktuu0igdktqachvtfqgaaq5f1c9uR
created: b/9/d5le0pgnc92n1tlq2gf4ge6tvla3n84R
modified: e/6/8bpfu9u22petfn2monih0uudcppk1d6R
modified: 4/2/a1se75niphk64rucs5q97kgos6bmqmqM
modified: 5/8/stats
created: a/1/f2gdl5elin51oi9ej3fv0venv1f9tn4R
created: 6/9/e19d854g36ng8aqvl3usvjbknr3b7eiR
modified: b/7/18inpa1qkgt5isfrhjhi8pgtdd8lj8cM
modified: 6/0/360m84m57lnbp8cs6mca1qbhcokf4t8M
modified: a/5/stats
created: 4/2/91avcmu7hpf18ktmi6cp14q6rr5pefoR
modified: f/c/3b60hpl0kbhpovjsedj482jccjj7losM
created: f/8/58go8d9umm8u78m5imdaocgbiqc3fi2R
created: 6/f/3e441lpi04jpkipg2roetlf67utl3eiR
created: 2/6/3dn73gm2l728m3drphc3arhce4vru5eR
created: b/e/18ijj4opt0rn551lbrep09kmfvdf7o4R
created: c/a/e2qan24i2me3ig999q3rduc5n57mlsmR
created: 6/6/448gbevblqdbb3apn84rm4bi4a85h1kR
created: b/1/d8cqbbg2i6n27ablk4s8u0pdi3r3aekR
modified: c/0/stats
created: 8/d/a0jl1jgcn1d1e7jh3tlc476tpmea32mR
modified: a/8/stats
modified: c/b/stats
created: d/8/49kvslqapumg8ciq85eof48ffta5q40R
modified: b/3/stats
created: 8/7/73egtfmc7im7dc80ui4eepaet41vhb4R
modified: 1/1/4e138elfavvanqdibas9e9ue3kqqlfmM
modified: 9/5/e9ph6u27ucv87bv06fmc30v00jpakpcM
modified: e/1/e4r0touggbqrs73kcvg93oqc3nl0hckR
created: 0/1/3bfqit3732iff4u3uq33kcjl9ot9smeR
modified: d/1/0cj56lp7jmftk0beet0u4hmfq21hiosM
modified: 0/1/stats
created: d/b/b3rof9clir2uknrfefabc3jqei590amR
created: 7/1/46oi0ajdm12mfbni0sk6uau1f6d8pooR
modified: 3/f/4dbivp2ikg4vp88k54ab5e63p0k12a2M
modified: c/8/stats
modified: 4/5/55on8j08s9bjetiogdq1jstfucctf8mM
modified: a/d/ec89rjodi92mq3nl9dr158jievs2olaM
created: e/b/c93q0f6hhl6lt53cdvlioe5sss3015eR
modified: e/4/stats
modified: 2/d/225ne4phk273ka1ash73o44ik0mr9i8M
modified: 3/4/d5ujuhtbgafb2qfmb5dl21hv7bj7ajiM
modified: 5/4/87mneedvq7ao21r0vaikk3i13oishhmR
modified: a/1/stats
created: b/3/5a8pv75m5biisgv86m2bfd7b7t8h8dkR
modified: c/e/stats
created: 5/9/fdn8ik53n3ss4iv0uhe2hu2v44i2ir8M
modified: d/0/550e48vpc61gji5iv1pgn145v0e8s6uM
created: 7/2/3c9f4rbjmi2ps1kdi9g401kan0iib8mR
created: 3/1/71n09vktb8bodjm4cjpsiujh9914j0oR
modified: e/7/stats
modified: d/1/stats
created: 9/0/30a5amfsip45v4qb2ae3r7rqokvqtgaR
created: 6/8/b8t3r43is9j2495pbfph15t9nnnlsd4R
created: 8/a/f94o80c30nm16p34849v50b8oi6j1jiR
created: b/f/d5oedi6fb01jd24bgphqabgd05u4hlkR
modified: c/2/35jb6f3sfcld26jtqt0p2a0nut5cqlsM
modified: 8/4/stats
modified: 2/1/stats
modified: 4/8/91b26hs5caoa7tbaiin65nbt6t2k2eeM
created: 9/8/aesq7c4u4v7iflnlu9k6vkurmcf4obiR
modified: 1/0/28d2vlfclsbfaudip0025reggqbr5bcM
created: 1/b/2d4o7po21rmdm7dqtnqekaj6qbthqs2R
modified: f/2/d5mhjk36ibl7hft5dgmv94bedua41buM
created: 1/6/9achpvp98mq3ovlknupqk8jusmo7gduR
modified: d/5/d75ethfjs2bv0h6gmk1rifu7e2osf2mM
modified: f/b/e672qk8jamnjgbb2dcb0fl5gq9o31liM
modified: 1/b/c6frvd9onm1vmmt9s1id2ngl8uk0540M
modified: 4/a/b6hiaqcjv1c882abq4png3a0eccbrjiM
modified: 6/c/stats
modified: e/c/f9tr1a34eduv7iau6lrjvbc8e4cc2fsM
created: b/a/bc5e7cmct5l7dknuj1no0qneqvnumpsR
modified: 4/1/51u336sd75sg96dhk613ldd46p2m488M
modified: b/b/4fkna38mtumbgf8fk5lpmc3ccfo4ekuM
modified: 4/5/e947i9eqanlslc4lf580dh7v44fflboM
created: c/0/be22g2bf6l6l97avus9gdnjjlf7j02qR
created: e/1/d0p8no2ubn1kmblnh487qpmghh82v58R
created: 4/e/73ph3dgm4abrqifvflin5tuunhn8bnuR
modified: 6/7/stats
modified: 9/c/stats
modified: e/5/0852cupio939clvrouqmckn3ubnnhegM
created: 1/7/e1toj7ht29n30m8tmvk60s63seei1jaR
created: 1/2/5e83dal2gh6f6nfqn2u7lj7bp9t44b6R
modified: 9/5/stats
created: 3/1/e8u30cbg7ojnkmfglm8ehr51q8v9bcsR
modified: 0/8/79ss5oaea3tirns3ek2cadicjk24lq2R
modified: 9/1/b77dnkbqopcmksoq7kav0u1hl6v9otqM
created: 0/4/972re9rvlgnrrnc20i8i6qrnvu5c5e8R
modified: 2/a/stats
modified: f/d/18kt9ccsh8lujsops4ghpl6vmtsv2coM
modified: 2/c/73fp25j8pdphn63qqvtsdcdak8n324oM
created: 9/9/b48a0nsujemsr8a987fn8ca653hboquR
created: 6/0/31i2m9rpp4b3kui0im95fh4aljumdtsR
modified: 7/3/stats
modified: 1/1/stats
created: 4/9/43ojfn9mcvsdvu6bk8a2tiu41h5edbuR
modified: 8/5/89m185et0s7gl1634d3bb15o7o4fpv6M
modified: a/e/fd7db3as5piu3ukqnk98m368lu9stcaM
modified: 2/4/a5s9hisop4c224eqbfp53a8gens1lqgM
modified: 7/0/4bcbrtlhjd8oifps29b8bdme3pr0lvqM
created: 8/5/26ukdvvd6c4t0rk67kfnuurclr27n08R
created: 9/d/ecljg2ttssri4h4uelcqsk0c7a8lg8sM
modified: d/f/04egdnk97m1lfspac9fvdhnicdbjrsiM
created: 9/f/4630ma523t0ffutb2nn7t5ar4ehdtgiR
created: 4/5/dasfriol20ln8rjrt0mm9ji02q5ma1sR
created: 1/2/9f77p04dhr28ntmj2f8uhll6n7ajgcaR
created: 2/f/07b387it1n1h1bnpo2vtutnca038mi6M
created: 4/1/2ebj18791mbgbds4m7al3nlnsg5k84uR
created: f/2/acc9iu54g3iq30lpi3ufpe296qqf7rmR
modified: e/3/f52pe0v8f99evbfc37jev5otmqqu4f2M
created: 5/a/cbv9leoemdqane5i0p6sukub9hfmm60R
modified: 7/c/19bb4e8o10l8tgrn3dfbhjvpedpidooM
created: d/2/efuh4otuo8jatomlncl172qpf9lug46R
modified: 3/d/0fr42s2vo3ad21k8gg06hh3ml76vt1gM
created: 0/c/f13oarq02q5mrrc02c3jacgcekgen46R
modified: 1/3/8er5k1pcjbggkmkkvjoomdui4vbji0sM
modified: 7/d/92iu4gecunob8q8svsku930largeul6M
created: 1/2/b43g46e73hv03m61or224aci70go594R
modified: 9/4/e4asat2879vcep3erqaob3g6scromocM
modified: c/2/stats
created: 5/2/48m351r0mqidr8ci63a6gn9p9un4f04R
modified: 6/5/stats
modified: 5/3/stats
created: 0/3/3ag9sadl7oq5hl6dki8hii0bjjn3qkuR
created: 5/8/db1m5tbljlpre1de4fb78uqpt9q0d6eR
modified: d/1/967r13fm4lltvjpokpjkcrpuedvr246M
created: 9/0/64kdu67uh7hec5ss8523aolqp9jigc6R
modified: 0/b/stats
modified: 1/3/stats
created: 4/2/29jq1vet3e0m4bcemroseneqo1i32h6R
created: d/1/1berk760eotv0d04ch716gc607sbrlqR
modified: 3/3/stats
modified: a/8/29lt16o9bro03gvobbbe3522rskp9koM
modified: 6/5/f9v6j58co8r70drbag4f7gih1m8erm0M
modified: 9/b/c756kr83950smgorldtvpammkdk5aieM
created: 9/c/137sdlek0o70f0ns75pq13dgn8kfq6qR
modified: 7/8/81qmpkmv220l3o0m0mga4jk6qo40tu4M
modified: 1/4/84chfetk93lci8ckrvao23gsmeshbv4R
modified: 2/2/stats
modified: f/6/fd5k0ai7ef9ofqdi5tccut6s154g1r6R
modified: a/stats
created: 7/9/44c4k8vn99moeeaj5iqoeqj520chovgR
created: 0/e/99aqdvbgci1jkkimcgnbif2ntbj3lacR
created: 3/8/bb62f8fo9bkk2o745b6k54rpcrs4rg2R
modified: c/3/07ui2am9h1cfrti2fhknbstrqmtdiqeM
modified: c/7/e5jdosh5nn5v9qplu20svdrspiq1q24M
modified: 7/6/stats
modified: a/2/stats
created: a/4/0f75cc5cse4enbfceg6fv17t0dc7s7cR
created: e/4/2cm9gm80lpedqc66e6u659h83ee9tteR
modified: f/5/stats
created: 6/2/56nto9gtfub5kdnm9hm31o04v0nmp14R
modified: 7/e/stats
modified: a/e/daee8lf1h9b2q7cjv7l3ug2sc59nevgM
created: 2/3/0adtg1gqmi948p9ub8087ad2g8o7hg2R
modified: 5/8/71bjh1n6drhqq7e1q70tu4lgnjs53u0M
modified: c/9/stats
created: d/b/aahvfg5q78mo6rhca0mmlc189m0vfnsR
created: f/3/19uokrjtbamala6c4cm5fir6qk9kt8uR
modified: 4/8/43s047hopn6krq4ilnllee7cghg2jkmR
modified: 6/9/c9mun6p8cnlml58vmbpvdgs1f903mncM
created: 9/a/4bjaq8gtm9gjkh3ql7p29opou5h125aR
created: b/9/aev1j06r4msclfs4ol6ci5qjgnbluesR
created: c/c/e56jug97sd26mka69tcus06qiaf5qt6R
modified: 1/f/stats
modified: 3/f/87m32h261fkapn4vp1pq8kf1aeqp43iM
created: a/1/ecgsnv1m64de9fb2igtslmb7f07audcM
modified: f/6/stats
modified: 1/3/d9ve9stfbhbu7kd7h5rpm2qqmflhou2M
modified: d/e/stats
created: 0/a/2b18q4nvfgl8niqnt4ipjff7rs334doR
created: 1/8/1cdf3gemc45nidvtno370lgcq6jjiaqR
created: 4/2/c0sjufr7c7di84ffbih5et2cijo7jqqR
created: 7/d/c5a8itm6aoirak74aebv942kfsjmh4cR
modified: a/5/45rthuhdg683ovilse111s24mt1gp5eM
created: 6/f/cf0np4de5gjqe1etmgebjgs9hv6baikR
created: d/9/6a9jkelvj3chha2t86a6p4s8p9r0n3cR
modified: 8/5/stats
modified: 7/stats
modified: 8/6/stats
modified: d/6/5ceier5akrg1hj5pkv5ds9a2o1l2hsaM
created: a/a/27l3luaemjasn95m1vlgmg627dnshl8R
modified: d/b/84pcgqm2n1mu5p500mekbu5r9ub9j9oM
created: 0/6/a8g41edpuddgll826a3l64poakk31amR
modified: 5/2/45i4r7k9on3ub09k63urb7dkpfuqpp6M
modified: e/0/52heauh722gu651ohedq08dtca9ebr6M
modified: e/a/stats
modified: e/d/stats
created: a/b/888qakos0nmltgmlm8pegvf9otcm3uoR
modified: f/2/72hj25mbqh62uo595ltf48ub53h3hf2M
created: 3/5/e6507usjlom56mhjbhhnn3ad3et6hpkR
modified: 0/0/stats
modified: 2/5/85ingrrjpqev5to30622k98sugvv7n6M
modified: 6/7/8foqijrntt6dc3d7to63uqb15f8vmrsR
modified: 9/5/6ees53msp07cecgo11b2mgh1i4vgs0eM
modified: e/f/stats
modified: f/7/88esj9ghqjgk64cjk4qgfcbrujik4k4R
modified: e/4/da37mbtn5q0o9joum28jhcl8pg92r46R
modified: f/1/54dfdchugfse2imikoamg2cjl5fpce6R
modified: 0/f/652l3lp1mg74piusa3trde6iqs0tc5oM
modified: 3/7/2bfg701sl4nv6r8u0q0fdiu7j31pq8uM
created: 9/8/a01sq3evtmcljnaak40tf2nq95ufc0mR
modified: 7/5/stats
modified: 0/c/stats
modified: e/1/82a16kj02ad4g2jbk21tmd6vi3bih8kM
modified: 6/7/cfa120vn76eq35hrkpgrim1okm3itd4M
modified: e/7/e3e5cbh5jhankijhmflkcst9q0e301eM
modified: 1/stats
modified: 5/4/72tthr8p35oqfsq4figcrfu6ioo38aqM
created: 5/d/b38slaob7cn1n82o2549gko3iad883gR
modified: 8/2/b2m377hu00d5c1jgnd0fjv11cnrvo6uM
created: 3/e/f6j1mkoo53hvfilsknfosjns4gqhbf6R
created: d/b/c7o47s4t56brktd6kdn712u6eopibs8R
created: 4/7/06ls53oejnso0i11dmgkf5f04hnamriR
modified: 0/7/159ueb0094ll1hl8pk0nl5ms6827g5gM
modified: 5/9/54opuj32c0v76gc6iuh4q3mthtg1tr6M
modified: 6/0/89unu6ilbdhc4pp7ikgt5afd65d62ksM
modified: 1/c/stats
created: 3/f/654st066g5n0hf3kmeb9v909855ia7gR
modified: f/f/61lqqd497hkerpvn9kibc1qkk030sm2M
created: 0/4/cf19i5g82mq4b9t3v32t800vcvnoossR
modified: 1/7/stats
modified: 5/0/3d51adptbm3lbqt8sdn5asn10g7eil6M
created: 5/a/743cjjkvugptnobehp8h7ah9vqaondkR
modified: 5/2/71fi8u420d5kg751ajer4aiah6vmjiqM
modified: 7/1/stats
created: 8/7/ecvm3h5vbr1gsrvbgvdljshcba2hhhoR
modified: 0/e/stats
created: 2/2/a1or9ca80cr8vgli03tdo65uus967acR
created: 4/8/2d654igq71pa3tlvplgg3e8fnu2e5hkR
modified: c/1/e8bud6thlle1smsp9j3p8bk5ine6dlsM
modified: f/2/stats
modified: 1/9/stats
created: 3/8/b69r6j4smo21p2nrv3s3pei0j4fusqgR
modified: f/c/1f3ongp2s7cjqrbn8dr50lpdhu8u2pqM
modified: 7/3/f467s8q9h4otmbv55m6posajnq7pou4M
created: a/f/78mfq2ng6mhq86vpqhoaggmkbt5u6tmR
modified: 8/8/d49cqicas7cirv868l7hu3kkf7k5rkeM
modified: d/1/06ptdeplkaf5gkt767a0tngiadfifkiM
modified: 3/4/stats
created: 3/f/5bv2skevs62mcbbe0fqod6vq4j2tgtsR
created: 2/a/066vpkk1b0mik1bshfp71u9s04cv0u0R
modified: 3/f/a5lg4c2232dme9j1e8arj02m05tc71iM
created: 8/b/08ohup294f3rmmlod5kf9l23631k48cR
modified: 5/3/3ec6okvhla2on3b5gqlrueoruatcmu6M
modified: b/6/a8ce14crvvdlrf3n5tbd6otmjlu5kkqM
modified: d/5/stats
modified: 3/6/stats
created: 9/a/e1deqc0160o4p127v7of9llmhs9l4sgR
created: b/a/f8fm5j13pvsrntsrjfi7a4ds9ohjchaR
modified: e/6/e9v2j9do6n3v3nl8knn9p4fpqugds5qR
modified: e/b/89q7hgo3o78ieq366dhucvnntm4a9siM
modified: 3/b/8dgu2lt26k4h8mfr91nmchcpavrh4jgM
modified: 7/2/stats
modified: 2/a/21n1qn26snq7191dhcsmv0dbtd24sdsM
modified: b/c/stats
modified: 2/0/2c4fiukmv5og3p9fkuua2rlhb3q98noM
created: 9/d/2bme03be5d5pd7fnc99kq2j5k4d7fj6R
modified: 4/3/0d7dbobbkhiijp7dr96hfqe3d7nc76cR
created: 1/0/1872hm6pvlnlnqjmr0i4h8spiiga1e0R
modified: e/0/stats
modified: 6/1/377ciitc9hhadr4im1dgrusbe3l1uk2M
modified: e/c/stats
modified: 7/7/stats
created: 2/7/1cqfsiq2r9t3asqusdkivls81duh0pqR
created: 0/1/740sg4nq7rpchffssifieqpn20mlu0gR
modified: b/4/stats
modified: c/e/7fsujk97f1bml54kfadagqki5faaljcM
modified: 9/c/d0bjhoo8e06mljg2bbl2csrbro0rec0M
modified: e/8/2a1eiunq5mp8t2c8h8s547ip2o50q0aM
created: 2/7/71coc0cor9him7bb8fqftm4tq11katqM
modified: a/4/a8d88es07nd42tlckup7np7vubpjsh8M
created: 0/6/f9kq2lbho58r9hvn1896dk9j1irco5aR
created: 4/b/0cfmq6ggvoe7mq803ja3brcrj99lpk6R
modified: e/3/261rtlnq2gljgjas199qfmllbdslaf8R
modified: 1/2/stats
modified: 3/4/f8tpfj251dm7h3datk7hr63b2s02b74M
modified: 6/3/cfd8lrh7q7c5dqi7u9kkfla5oc329ogR
modified: 6/d/stats
modified: 1/0/0846toghegbabpqvbjklgledlj0taseM
modified: 1/7/9fe2865bi50vku6337hlvhvt7qttre2M
modified: 8/stats
modified: 3/f/b1to4rc6rql7u7sv0krn7d9f6fl2ggaM
modified: 0/9/23tlqjel3aj1a04t5afit085se3ioreM
modified: 3/b/dco3bocqrlsfds02adnnc9grppi25bkM
created: a/e/670uaceqnids7fe4of4ocrb8efiga4aR
created: a/4/b7om3g7h9356vddp6i5di6htcn3laaoR
modified: 4/c/66ve3bv86k7iui2baflp1vifalnjd12M
created: d/7/94n9t0rshaff438u39hs1c41pvji3nsR
modified: 4/7/33dqocf0r7fns4g01v8o0hfjs1r9mo4M
created: 6/7/8es7r37ff14lso9fki1f33gi1e807jiR
modified: b/f/stats
modified: 5/f/stats
created: c/9/3cid34c41tbcbl14o6l4sd5rta10imiR
modified: a/3/90vv98mnu5vhdvi842n4437snii70n4R
created: d/5/83erc0sbsqtienqs8bp9ccpv1jro0gmR
modified: 4/d/e3mttv0pagp3e4cqso1ja62sl4gh3s6M
created: 7/c/e3qut6selfste8c66db7o0flqvvrlogR
modified: 7/d/stats
modified: d/d/d5itqcdmv979r1b03hu1p00ekrk7souM
modified: 1/1/ffj7e968tbfasopv4j7d2jl46qge2c4M
created: 5/2/7areajqdqfl06ltf6eq5qjpntkdeaqeR
created: 3/b/c0tlqau2hks8egqio92dhvuala39f06R
modified: 2/a/95qijngrk18l1ca3l0kq80t2ev36rsaM
modified: 3/d/39779uoigdc1qu22b7d5bvevc9tb86gM
created: 4/6/340vg8sfnvuc4sg3h931jukcesm396cM
modified: 1/c/919h3sog7c14saci50mub0b6a21aoimM
modified: 5/2/e3qnm5sq4b35325mo9ukbolv64csppkM
modified: 9/c/86n6gbk1oteunk740803v5p8f5ml3bsM
created: 5/d/0fop7cgedrvsjrjj1mds3p63t3ofjm0R
created: 6/3/9c85u2nitjjrugs94tjsdu744nl747gR
modified: 5/7/2aodspik85qld3e4gqem746e46soet6M
modified: 7/3/d786m0t39mpdo31f0gprjlrb7il85d8M
modified: 8/3/71fv35kog94gimadf2omaujv7ci245oM
modified: a/2/a6i49do2um88b69s7u32vjdhscqa72qM
modified: e/3/a7ki58b722bnnt9vntbhr9rsanm57baM
modified: f/3/d5l2n56j5g31vhrljdbm1eboco298muM
created: 9/5/f7diov9mogl5egmfevucjkq3lubpbiuR
modified: 0/4/50gobpdeqfit7aq0kr7ecmmgtv986psM
modified: 4/d/stats
modified: 5/2/stats
modified: f/6/849dpbcrfa73jg96sbgbgmvc6higtqoM
created: 4/1/fa9bmnuefhec6o8npkpidp6l375m8bcR
modified: e/5/e0ld1snh0uk4k92k15ddkfnddqq87ucM
created: 5/9/368rt4ugm94kstdd49cin0uk9as3bgkR
created: 4/a/e4sj2o3i11b6g2l1e5ia140guavvuk8R
modified: 6/a/594p5jkbq639schu19ar15mluob58eaM
created: d/9/876dejqimjuc8va8mup6qgivpo5a8u0R
created: 9/b/980872h9sp7jvcaoreml2mghb0ue1p4R
created: e/1/a4otuffb7secmhch9kce73s0e80et24R
created: 6/4/3ba3j4npm3olmpl1ouv1s2otadp87i4R
created: 0/b/f11dcd7sb6ibdev0gbfetrmv8etcf46R
modified: 9/b/978ntmopvsc38de0eund2af58006h8sM
modified: b/f/8f8vq2eje4bj8q8dqhfs8dfqq4i1nf0M
modified: 2/0/faut467b1no36iapjpmq2f547phn0c8M
created: 5/1/e957mmvb33giqfli4688q6us723gursR
modified: e/2/stats
modified: e/8/513dd3f5u0c63ebu4l25d8qi1gqb77aM
modified: 1/1/1668drkhsqnhiek5srf0eihrijnlnn4M
created: 3/8/59m10dqmok9csgjdr2rk0ai26qim9deR
created: 3/9/9cvangev45s3ap18g9iebrirmm7io42R
modified: 4/f/45188q5ui5tr9in6fg6hiok461d98fmM
modified: 5/8/5ed1plusrss5r8ikp1r4ql0qvagbgj6M
modified: 0/5/d0ogva4ptqm791bdbm8fv7r9cp8rjv0M
modified: 3/d/a4unpt7dc98jbmi2fan5ri8dhasvoj6M
created: 3/7/d31qj0rjidd72dbbet0gqi7m1r8pcn8R
modified: f/f/stats
modified: a/c/stats
modified: b/8/stats
modified: e/0/57c9b7ae3kclr18lndc16o68n2jil84M
created: c/7/e7t8pmn29sdqo1hvs92r9m6qle1r89sR
modified: d/f/15qduhp2u93ppd6rsqdierasah5dspuM
modified: e/6/f0ibcmpogmbds3e6vr39e1amf0uqb6oR
created: 3/4/f0jlm2eod0shdadpju6qdl042ii20voR
created: e/0/dctldbi0gthrt7hsabom702h19htst6R
modified: c/c/73stm9tsv1fje7u1ia42fj93d890kqkM
modified: 0/8/5776onrql6secr33eito8ha0iaecfg8M
modified: 5/e/stats
modified: 5/b/stats
modified: 0/3/504bf0norr5cktd197hu3q3p7e87uroM
created: 1/0/7ero6n4e02on9tg2mu25ajb90tdo7vgR
modified: 8/d/stats
modified: e/6/7efkimruu6jok32eqcit2ekj4mdfmeqR
modified: 4/8/stats
modified: b/9/56jsljgm4tdgsmfj40j69l2rghi4e8eM
modified: 3/d/stats
created: 7/2/140fbr3dkaqc2d1e2p095tsgqc6fv9gR
created: 7/c/89s4kh8d9cnecgmnir0op7fd1r7q48aR
modified: 0/1/494fqd1d5hdg0120ivf77pqe5ljvcbaM
created: 0/f/f8crdffv5qvop5cae3sj7hvo1jkl8tuR
modified: 3/f/stats
modified: 8/f/stats
modified: d/e/a9kt3maqqstre1js5bgmovs0ff5bi12M
modified: 8/c/stats
created: 4/7/49q71t8028or5dlt0kdmqnimvhv378iR
modified: 1/0/stats
created: e/d/a62ik0gsfv2kthgi7bt4u26ubholbasR
modified: 9/2/0etplq1v15td0j9r8d8htmrqesk830oM
modified: b/2/1c459679a437dbo41lh1u9mh3uqs9acM
modified: b/1/stats
modified: 4/4/c2t4smc9se1mj0ur3tns2e78gt0i8ruR
modified: 3/7/stats
created: c/d/0ca8utbljb8skfo5q9bc0ira2edm22qR
created: d/2/f8uh543vg3qvffet5kk51vnnsh5ocsmR
created: 3/4/478vsingg2nnnd6mqvgg3n7tpemd2oaR
created: 5/c/c55jjk2vq7aua5ra47fsosdqki8o0h2R
modified: c/a/51b09ei92s5uutbfi952f6jjdlqt95cM
modified: 5/c/f0ql2cg2134f00a382g3kdppcch1sniM
created: 9/7/fa3fd1q7kvv93m976hroodb7gt571v8R
created: 0/0/88g49bhij533fkglkgn7c16nk46savsR
modified: 8/f/c76du8f7d19r7dbt9n30s7r7300s98gM
created: 4/1/44bhvdm0rqjmhs0gaomsv8cdtr1pl1sR
modified: e/9/stats
modified: d/f/stats
modified: d/8/b1n44r8akh96onhsdt8sk9cgqc6lka4M
modified: e/0/80175islngep2ks94s117kdqcr2g8i4M
created: 6/b/7arjm0gum2oifcv1of2s3aaosskfuneR
modified: f/8/9a9qla6gol5546dg4jkrbmq0502bodiM
created: 2/f/edq9o04akkfef633jchifialc8ddis6R
created: 6/f/34gfbt1a91k0h8o4tpmmpuuuomhdun2R
modified: 7/c/stats
created: 6/3/49tjp0o1j9hf6svtssfjl8glb0l9e6sR
modified: c/7/stats
modified: 3/a/stats
modified: a/0/ff0po7thno3i72phhuogq5roh36iioeM
created: c/1/f2bo1lp7a9ugdaksj57sma910msgqiqR
modified: a/f/f63qmb5gvo22pte4p0tiaq4isec5sr6M
modified: d/9/1828jth8sle3kg8krqtp98lnekfhsbeM
created: 1/1/6edafitcemt88kfsb1vpiqvrsko9ni0R
modified: 0/2/stats
created: c/2/296uo5oir3ntdk0fl7ci9kus79jfv3mR
modified: f/8/c8l707kk6bsl864bl2iesal5qj290lmM
modified: 4/6/3ak9oo11qj6mghto1li3obptvuck31kR
modified: 7/4/stats
created: 7/5/7e6p0t0b3burgc7n99qb1fcipdci45cR
modified: d/e/2b3g3v338mo83alah3vkqlebr9djmq6M
modified: e/c/e6la0fnc359pcjgtvkhdmsmqoui2seuM
created: c/7/550ugiborlc5il6gjs63uivns7nia5qR
created: b/2/fa3op59vf44h9gvaqm63jte2vvi1f02R
created: 8/6/82i7ukqjss59uvdhmdfaq3oq5u8ohe2R
created: c/c/67ugpifd5ml5tk3nbm304gko3j9jj2iR
modified: e/b/stats
created: c/b/605ogcti296krmaa383jtq54fub4r7oR
modified: f/6/e2qkg1qb2o9f9m3ts4v2ga2g7jiilb2M
modified: 1/a/fbtd3a4ti9v5vm6bbi5vrl1ibqgfqoiM
modified: 1/d/stats
modified: 0/c/edfbasv12r518043fmu7lgj39rrsb0gM
modified: 9/3/stats
created: 2/7/4b1thc81dl8pm7bid4nvqtjak1m5l4kR
modified: 5/stats
modified: c/2/20ko7j4p5e4ttthrfqrjbh5gck5f6s0M
modified: 5/d/3balkabn0rm7ge51as6fkbh8dvb323gM
modified: 6/a/62nt08hc5m3p6ftfr86jfll0mulikiaM
created: 0/0/41b6137cgg594tsqia4031u3nhstnokR
created: 8/8/006ptred1dsc43jtjqbbbnl2ijdk958R
modified: f/3/0086gi1j4fipdibfku4mjoikfa520u4R
modified: 3/7/008mk1ct7metb8c4rb3q2198esn6pr2R
modified: 9/a/8bqn7f181a22p11sejf441vg0s6hnmmM
modified: b/8/17nelrpab4duo9lmo1puo26gd1580h6M
created: d/0/61lsc93ps1ucgtmkj6idepg4o1b1q1cR
deleted: 6/6/f9l1fg1ppdg1sibbe1v50bqig7uih7uR
deleted: 6/8/36fh241ugqqsalamnaaaifnpeff6a1qR
deleted: 3/2/b66eschd1mvf96ls1suqna12ubhs6c0R
deleted: a/3/ce360hnkrfd4499ek52equ5bnnp551mR
deleted: e/8/9c6j4ecutgieofj27rfkgkhjdqjs3dsR
deleted: 8/1/d78u0tki1vj9pcmu5ims2tk04j7en0qR
deleted: 8/5/c8i48681h5gh069onh5el3faf9fq7psR
deleted: f/7/506acpja530etvu8d198332kiu62g5oR
deleted: b/0/a7tvkbakot228oj66br743eigf7pdvgR
deleted: 3/2/d91vltgs9io0sd4k6k0o7krb6ea41tqR
deleted: 8/7/b31lgpracb8bfokm21nbu5j53pil9i2R
deleted: a/4/e3dp3309964hj29g9sb287ogtfufo66R
deleted: 3/4/a9i5vr9e0q3b0bsu15maqgv4ao1v3pgR
deleted: a/7/96r21e32n69f8mh07q7ts542ek3h6omR
deleted: f/0/d2bfc06tg6di0nu8u6021en6pu718moR
deleted: 1/9/5cmn89lqp2qur4suucr3sla65gfra2iR
deleted: 1/8/a3id73v8uhf3cm9kafu79ephjfejjvaR
deleted: 0/8/a27fq8iokrc64jk19fbcia1psc72ooqR
deleted: 1/5/fannsa8csdn7dd9ngr1j9mn7om6s1akR
deleted: 6/8/7fg9nkbd3jc7fe8jd68n8jqtjvvj0icR
deleted: e/4/02uftlknujgola76v4v216q43fi6scmR
deleted: e/3/878mvfrt5ufhmhs5dmfer7mnrpe1qt4R
deleted: 4/8/56cj14lhcplb0dm74qasi4m9eksv3poR
deleted: e/4/ff2pitr2vfqtp59deoqmhhqb1h8psvcR
deleted: 6/8/259jl2hqc33oq8dri2fmjrg7u97cevqR
deleted: 8/3/c4g00077mkaal8dech7pblrdmjt9quoR
deleted: 0/8/91rtpsfq3c2n25q8nah9k4fl7ulna08R
deleted: 5/0/b2es2cfeh76v3v2352rrm3jr2dpf4guR
deleted: 7/0/adtk8mlgcnbmrdj0k33ikt9i0kd4i4qR
deleted: 0/6/f68bqmn5tr0fjipqhmo330gm1hghegoR
deleted: 3/2/927rla6qtq69gbm5r3tffp6bld3o97cR
deleted: 8/5/3cojmbv07bj9fvnklf03rrmmmhiu0p4R
deleted: 3/6/beonp0r95m42biig9d1pstio8ni6u2iR
deleted: 4/8/cd2b1efn0v3ad17shlvb9rlt0sf16t8R
deleted: 5/4/d52vsovb88dc00ujit4mn4cpalu3amoR
deleted: 0/3/c4s617k9h7lq3ioboc24tjjpfj2ha0qR
deleted: 0/5/a3cs24quvdba7v61ofbuvdmndo0vf6iM
deleted: 3/6/e9hdgo1b5mg7o3c09rrqeadktimiqvqM
deleted: 4/1/72kucg1dsad502b3179sj76n7s3vsjsR
deleted: 8/1/8d92hl9v3t9v2j8hm1t77e4afhd98q0R
deleted: 0/8/70pem73pms6mjdtovq93s7jhfvlg338R
deleted: 1/8/8f5v6bfa0qjj083ad1fcn6l60bfcfn0R
deleted: 3/7/84urc1e0846a2nmc7tufkoq67sfvdnsM
deleted: a/0/a6kqq8b33r7asm58vjr6ehag0fa74r0R
deleted: 9/4/2d768natepgk9775qamjmbjccblgrsgR
deleted: 5/7/169v2lnep5hq4aegjbforq1iqjavaemR
deleted: 0/4/40do6bdlns4787kbh8mm82ksbvqqu7sR
deleted: 1/9/2cdrdrv12rhicf9uiuor5lmmadc31b2R
deleted: b/7/7cek6mmdie5t5rs06o8l6n3c3elcsr8R
deleted: 3/5/36930hmf21dutnqdoepra7tmg3prh9qR
deleted: 4/3/4amrhts8u7hcl36c0srt1iara8hhsdaR
deleted: 1/5/11gh4sagrmhcjfvtkbf9990j9590kucR
deleted: 6/8/17a2hnbb4u5kbbap2em4eqqoeitt9loR
deleted: 4/1/d798evvrrb1qoqs2hivj6bim0hjau56R
deleted: 1/9/972l7s64kqg654qnhp537u1utat30faM
deleted: 0/4/eb258st4rs4vglbfi6r6t3v53l986viR
deleted: 8/7/80923o3olq442aled3ae1ahcmkap7vgR
deleted: a/5/b6qsia8jlae45uncbne664ts4o9aj6iR
deleted: 0/4/94kjfr5e2q6ada96e4tsqen2emts5ekR
deleted: 3/7/9eotum4es20ln5lqnivdiunc51jmo3aR
deleted: 5/6/b7r9pkq0qcp7pk3i8mrmfnlcddhg5ncR
deleted: 0/3/00q9d9f88mt7h8c1uht0a5a7uko3gsgR
deleted: 0/7/e8m43r3ootreu9kl09g3922avle025mR
deleted: a/5/bal950mcvkk1gl263eep2dqssb4qoomR
deleted: 1/4/f5h074h2cgeutpga8j98hnpk7mdscngR
deleted: 1/1/b65q7iedf3g11609107mqgq3ff39e2eM
deleted: 6/3/d9h2i396gq1n17slps7lmf8otderahcR
deleted: 3/7/871s0k4kti1noa8j62dkoelae76u3n0R
deleted: 5/6/ecbg52go747ekn6u6ukhboem8p7flhiR
deleted: 5/0/04hed87k7l40h5ipofbu3ppr0aub6ocR
deleted: 8/8/9dhrcropst5i4imt3jg8qnd2nupnmgsR
deleted: 5/7/b5vkp22t1m73o5sc5ifurm1fcp5bgm0R
deleted: 3/7/9820v3bfpgbdqdpir230vuqtht6qp7sR
deleted: 8/8/eenc8s0kbl7imh8a3j8ps9nji7g91e0R
deleted: f/2/9cb637n32762e3fm0k7nkejpev32vs4R
deleted: 4/8/99n5gfsv793mavujveh2h8gi6geblt8R
deleted: 0/8/36q384otscr3pagf9i2l6jgaeneogckR
deleted: 9/3/d0a3na40belajjse3h6os2eedf4p01oM
deleted: 8/4/d86knoeri53ljk1lc78hjt8950jkil2R
deleted: 4/0/11scvbrufdjrk2npg7p0gpa8c1ukbh0R
deleted: 9/0/ec25i6l3b6pq88b4d2q4j7t2h47b2hsR
deleted: 6/2/a0k594dghe3sfvff0chfuu9j9dvrk80R
deleted: 7/5/0b3ul8gdd9qn27m61em5uiadmc5kc8cR
deleted: b/2/6atmfj51q9dl0evd16dmei80gp4lt2eR
deleted: 5/6/f3fs0bhd0l275ksv8avj77qbrovqqnkR
deleted: 7/6/1c7muti6ikahpk73g8tsso8o7bsdfr8R
deleted: a/5/6d7dmgr7hr8b1qlauil11mef2gpc21oR
deleted: 5/6/f2aiia66f1m54jcnthc52a0410mi5e4R
deleted: 9/4/548svuq75hrindfvbrh0ce754e2vcteR
deleted: f/1/020onmq3g7u41ogfvgvp4aacergalpeR
deleted: a/2/c6pqvptcsd64af2o21en5rcqvg0jj98R
deleted: f/8/085d4l95sepqf802fillgacg1slta4iR
deleted: 0/0/7bac10udqdi5u9l1o9c31gvn3i14esaR
deleted: 6/1/885kb2m4kum9age1utb2j3l2frajdliR
deleted: 8/7/63046flu86ag8ok1f88fuqb9qf00chkM
deleted: 8/7/b7sr8v2nh4ffs4uag18tm9cqh498k2cR
deleted: 3/8/271hcv8jftse4trio5ar4o33m8edb62R
deleted: 0/5/55858ksnpubm6r21vg37mkufh0pi06eR
deleted: 4/1/7fvpuarksb70dkp51iecnh9cvtqgqnoR
deleted: 5/6/f5of4cg5sl25tjvqef4s27rqq6dcoo0R
deleted: 0/7/f2e13rlfaasb0klev8krcu687iesbhiR
deleted: 9/4/7e88v8p56qhivd0gn9a0lisnsn7dueeR
deleted: f/0/7amb7itqid556pj8c7dv2sl8nfk1odkR
deleted: a/4/7fd5c6u0da3b48fra4k0g2ndd7fnl80R
deleted: b/6/ad853aau48n11eld76k4mdgmmi54npmR
deleted: 5/6/84dancqtfl39c6c3s0jgqp0drl8tflmR
deleted: 8/8/cdlodenh0vn4gl98ddkvgl0dgan2utmR
deleted: 7/2/d65hdj84rcc5lj7j0gb1sn0jsi903e8R
deleted: 6/1/b8mflu4stl8l4ddaj6pdjusqpq9idr4R
deleted: 1/1/bfgbkr8ue5f3qtafgsrgrj774ruppjaR
deleted: 8/6/5amtdc9r9qauv6d8j68l09pvoji9vm6R
deleted: e/6/3an88c8omsvntfecm0uhqrlidfnfptaR
deleted: 5/3/6ev61kt2empqcd8p6lunqsbiec7c326R
deleted: 9/3/41s4rjerfrtjkc2djoafavil5h3ma1sR
deleted: e/4/45l0je36sheqgmv0vfd91efvbpt539sR
deleted: f/5/8egglihpps3bbbhvb13njmjle1c14vaR
deleted: 6/4/081m1setc7kfo7iriadba1verj182mcR
deleted: 7/1/7avl9dgkhpi15gvacfr7irsullhbl12R
deleted: b/3/3ai35fnks5njlv1ckvvqbrh9mlrpri0R
deleted: 7/1/bdp2npbrav503aaudpjt06l4qv83njcR
deleted: 8/8/342qn2sr65hguvrucn1pvcqc28vu78kR
deleted: a/2/18s3v3q9lrrvbblp8bcnmach4gj76pkR
deleted: 1/8/badb29pgh9cckme3ngjbh64quh3vc6sR
deleted: 3/8/111ple94s5a6fdnvanucahr2ogb8q5kM
deleted: 3/5/8cefa49f5voriahoj3ohav2kqa5holiR
deleted: 4/8/2fc22a4qr92i62d6mm1u31rplntgnqoR
deleted: 0/1/689jbpgva16r5tdvnbkl0i2m9166tneR
deleted: 1/8/52umu99a9cci3kp2rfkqil2dvtbnem4R
deleted: b/0/1f6786mjj581gvob4sv0evnhssrgi5eR
deleted: f/8/2cg5lvt8jrkkuus8gickqd8uglgmh62R
deleted: 5/6/b2fu0jsf71u82cmm1ajk6kb0in9aab0R
deleted: f/1/05ckqilhgnptsiui02jr74gu5433pjgR
deleted: 1/a/20v5mukd4msmns1j350jq21t01fg36qR
deleted: 0/0/32crune2b8r97e46fk32k53ohniq8b0R
deleted: 0/8/a0mepnufftunj8c84dr3lnpolf061fqR
deleted: 9/7/f7sj0kbkvjh2pnrj4m4sgp552accbv0R
deleted: 9/2/28o76opmils6adusr5j8m3qcnqktss6R
deleted: 3/7/c74qbil6j5a7pf8d68482fgpo5itsq4R
deleted: f/2/99g71vgqp3room22sqbmgtmes5ihu4qR
deleted: 1/8/1f3ftc7p2libtjnui86dsvk32o5ukjoM
deleted: 9/9/f19bbr43dgc2ua15c7ncvkgthg3vn38R
deleted: a/1/c6qp5f9odccmq1ejknt3m2jpbgg6v8iR
deleted: 4/1/36vjv6nrde4fc34etpr0mcsvohb31e8R
deleted: 3/6/1cae8lf2hbgms9b6flvjj3qbac3d9iaR
deleted: 5/3/13o3e5kpsushqq72tgl7m1qocoenop6R
deleted: 4/3/eep1njv6jt318eibkivff6qf32rbpeoR
deleted: 6/8/7e9qla8v2ksos5gdu2dcq6gg8r11ca0R
deleted: 9/4/77bh079hg3rjqdgu9tkcerpvmu2m57uR
deleted: 3/4/cf5c368i0i2u7gflopu0a1rh9o1v76iR
deleted: 7/1/7bh5g3ke6mm6n0th48alraer6ggeam2R
deleted: 6/8/bbnja67lpptabn7mtmjgjmcvca1o01sR
deleted: 4/6/e9ml863p87j1fb0bvc5d872fujt2cmkR
deleted: 6/8/c0il95ve4vu72v1idf1b731h3cd8890R
deleted: 8/0/eeauvo5l7dkhsknqgnpt5uahq7fudsoM
deleted: b/2/20sm9rf209h9kt6e7naf1i219sqs25sR
deleted: 8/8/32vnmnmdn3lci0or6qmb40oq83js79iR
deleted: 7/2/1fagcqu3h9ff3k1c4ielos47pa2e424R
deleted: b/5/8firfrd5ddgonie4v4282j6dkgun7smR
deleted: f/3/a66jcrpkge76cvvud0cb9vkvkes68hoR
deleted: 0/1/ed1rvflnofof1c4kgjofk63npmdf2lmR
deleted: 5/2/ee9dr99v15mfs1dp1f6bak3l55di5jcR
deleted: 6/8/7coaptthgu2eel5u5hvm19dgbluhooaR
deleted: e/5/bd9hr2s2opucbbfn2m52ovpnslb93jiR
deleted: 8/4/dbe6tof3f168gth9a8q4laqipd2rmk6R
deleted: f/7/9981rdthu9ko0sgp2qjejlufj6c51oiM
deleted: 7/0/e9261ktbgeqlmva0d08lt16uoue3h3gR
deleted: 1/6/75su75291hn022hc24438t858v2uihsR
deleted: 7/3/7999pl1tontq4n2jtl0veh14f39eibgR
deleted: 3/7/f1l4u3srqqm6oocbj606gkriinbddh0M
deleted: 9/7/8cfu20et9939gc39r6d7aoffq6hg770R
deleted: f/6/8c4jma7al777j458le8gv1d51rfgud8R
deleted: e/8/bav1ml29um88q17f2gihhc3jsebc7d6R
deleted: f/3/71fivnm20n8k0mv9m26s5afo0i819ngR
deleted: 8/5/c47ud54u3tjapj4thd56f6a4haanvacR
deleted: b/7/91u626h166utos8q8cgvf2pcoap0c5uR
deleted: 8/8/29ginbopq2gssrilpaeq92n3iohs44gR
deleted: 0/1/1alj4teqnmqgkh8tndafu5q4hvqkql2R
deleted: e/4/1en254qr9sogscr8gorqisdpiv6mqvuR
deleted: 0/8/8bhl7e70dhl96m6japloeb56p4j057kR
deleted: 8/2/cdlsvr1l5lhbse73j083u2rapi9on9kR
deleted: 6/8/8ctm1t12o97p9hshkvp665bkb0vmunaR
deleted: 8/8/15h4eabg0rssp6ksi54c118argu1ks4R
deleted: 5/5/a6heges77ou76e44r4iq1qvt1uiofg6R
deleted: 5/7/529lf4a6mpq03rjga09273mf2torhpkR
deleted: 9/4/ccbqb91pm9rqs4c24esv607rs2nuucmR
deleted: f/3/b1f8tgo5823uehp6ep1s6nkibqbs35uR
deleted: e/7/7f9vlqlpjt87ohfokqt572hutvbm3q0R
deleted: e/2/19i9eathm7mcocdb9temtem8kcsr01cR
deleted: 8/0/e52c1gi84gli5lcfu006jrr3lbuujd0R
deleted: 0/4/45fgcflg11sagvjg0atlbo0qhlicfmoR
deleted: 8/3/bag4cgt0vsa0h7s5sg9puc7vdf025fuR
deleted: 7/0/0d353gjlrru9av8c2s4hcsbl6606idiR
deleted: 6/8/bfhgcif4t5qqrkqtcpfuai1qvtteeu2R
deleted: b/1/3a415spn2tcl81kdkn3ntiugmkoc2m6R
deleted: b/7/76v8mosbb0ukl0c58e0khvjjbngu3bsR
deleted: 3/5/806k06soh0524pqep6ohq92t1aj535eR
deleted: f/6/c75mvfn46lftorsaqajd7065l42si0mR
deleted: 1/7/eagj5389kh3nnf8up5bi31oiuobjmvqR
deleted: a/6/71sfscidcab92sk5gk1tootcpj7ofgiR
deleted: 7/2/61mm0lusqnfipnk3im7qevkfemsgbvuR
deleted: 7/6/9bkt04jhjnmoep5k7md72d1hrt08r5sR
deleted: 9/5/11g7os4rn7s8k5dtljr034plrdcss7cR
deleted: 8/0/1e4pkah177er8g0uca2sf489oqlvfegR
deleted: 0/8/852imi313do7n5c906dr5k9fmvd3r9gR
deleted: a/7/12q1sgcc89g6cja1du0b46j7j75igqmR
deleted: 7/2/a095qfg8fiqmr5ht8ca2v5u30jjdcomR
deleted: a/2/eclj1790m6p76388qnuofor5ertvojaR
deleted: 6/5/40e2v1pa7iv1mmq3o4ajr8nb53b5648R
deleted: 9/0/54n34o3ivgsjdmqo1o6lth76qng6rfuR
deleted: e/5/604bl8qdn102fq7cr0vu0f2vgaiv02iR
deleted: 3/7/c4nmeikbbhs94frk1rssmhcolc5kokcR
deleted: f/5/60j64jlfmoc60b74f45hc14kqnl3jhiR
deleted: 5/6/9552k4i00uqapogr3viuicnt5c6ilb8R
deleted: 0/8/a1jq9s2boam996unh8f5gmeia7gm2eaR
deleted: 1/4/9d7kk34kku4jvssf0ileloj1gtr3m02R
deleted: 3/0/87ivvgtpaqq1aflpeoelu1rjhje2b40R
deleted: 9/5/b4psnfs9nbvjobmgff66clbijflevmqR
deleted: 5/7/e3gjuq892pkitnaocjqd732svfla7muR
deleted: 5/6/97oenv5joh2niogbsdh82dj66npupuaM
deleted: 9/7/cfdbpegrni19l5qtgrdgo0mluvm3g9kR
deleted: 8/8/383sk8mg3eihcj5cefnejmpr050bn6gR
deleted: 8/1/9a4s5r8gkjrgekkhkbdv80uhmd1141oR
deleted: f/1/adp0l0krdah009fgdo6f6r3ja522hnqR
deleted: 0/7/98oe8uf4tkklp9qtrmicg2300fpjat2R
deleted: 1/8/balnp5luooelkq9tio63qqd8a103qf4R
deleted: 1/9/384shboibhap6iov0o0mpu79jlc7rh0R
deleted: 0/5/e72miit5sbp9m64qobvq4j05a46md1cR
deleted: 1/6/d5a4ga3utdp8megcs68ivjcb1f8lireR
deleted: a/5/9ckjolu4u1stqfo4b5kbqf4qd1gts7sR
deleted: 6/5/0es49b1olfru2hllgedm0vcij5i8g1uR
deleted: 6/9/5b1d5o50frduvtqsqecdic4dhprlmsuR
deleted: 3/8/01oj0jm3t3hgc6frdrc6c3tbhbu6n4eR
deleted: 5/2/fc2e8vilr760jobthikkehtbhi8behiR
deleted: 3/7/bb7tqp6e1p5botil5bno4p6ttfalckeR
deleted: e/7/62vuj8ajcvjuaofc5qg2o7p7q74uslaM
deleted: 6/8/4ef6tig4kp80muv5oahji02s7faptg4M
deleted: 1/a/1cjs22g0qlv47k8t8v5vos3gdgp0mfsR
deleted: b/2/aauu1afes4joth314vmivfmcft7dhhoR
deleted: 1/3/57nn5bk6b5fk11cirs3ehdgifc57i5uR
deleted: 1/8/delpi8hmu5hk2rv75d79f04epn9s8q8M
deleted: e/4/27vpk8fopinpjg3idd8h6a5o3jqql6aR
deleted: a/4/67aeprrt37h9jv9cmvphmt21la39dqgR
deleted: 3/8/5dq33eiqk6nred6nql3arntld4srbmmM
deleted: 9/5/4eihv6569eam62uejdu0pl6psuajp12R
deleted: a/3/24a6e16biui3fitritsljqimm42b18sR
deleted: 8/6/b35jap2nepd8jsfdpnq3q8qfr38d328R
deleted: e/4/5djptbnocmfet9dcnaqv58c1au61l0kR
deleted: 6/8/0c9t385bsnpq1tu1fme3ln574vsfr7cR
deleted: 1/5/ec5q3rq90em0m7duqrja1criab6g8miR
deleted: b/4/3fdd762pa3l1vejba7025vnulie5utmR
deleted: 8/7/68fqc4n3mlv6go3td30qjqtapakk9ocR
deleted: 6/3/10u4vp39veoq4esttf9ja3jk0gn7u24M
deleted: 1/9/1crf7v00r4bfnhupqejp3g0tp14um2qR
deleted: 3/0/bfg12pv9hkb5ca949qa7hurev3p1akoR
deleted: 0/6/6dj98j4vnlt23slqntvr2evmaqcpghsR
deleted: 3/1/32kvpqjmisbkso41iqlb79ugucfof64R
deleted: 5/0/69qvvqrn55a1mul76vv9jhsq619h2haR
deleted: 1/2/d7dpdp5eg634njuvjv30hgdkdcfmt68R
deleted: a/3/advl8ffa0fhcgkgc3ucd2c6ae06b0qqR
deleted: 5/5/4c9f27nvil1tupmq6a01va2brn96lkcR
deleted: 8/6/b2p9b3snkiofq38b4jd03a13h0fciauR
deleted: 0/0/3aqant99arbntlr8jg15cc6egkv0uduR
deleted: 1/a/24eud8mqae1nm9dsfr9n6nfdash97haR
deleted: 4/4/b287lembocl9avq55k5fun4jjp6hgvsR
deleted: 8/1/517k4qhp0g9e6ffog8t7o0vdfdf4g6qR
deleted: f/2/2d7pcsqqu1q4kd0mira0it2vbassv6mR
deleted: 4/7/a9ubkbtcehrqjb66c2rut9gi5e5jmv4R
deleted: 9/5/6fj67jkktfp4dslnmbg675cbkkve660R
deleted: 1/4/42mcobej0dufruhhg5l5u7a8181r7tcR
deleted: 8/2/8dnnis4o3d1v3paebtjr93bkl32etluR
deleted: 3/8/6btuj3ugou4sftfbs58519i7kb1mh04R
deleted: 5/7/7drhc1gg8f4ga0351bso4lng2mj77scR
deleted: f/2/17oh3v66auijs9h0ra7its14k59pjnqR
deleted: 9/3/bdqeemv14gsuk5elq936r6vmik99pueR
deleted: e/0/82j0mb9nctbc2u32bjokdq8dne6aqo0R
deleted: 9/4/12ronat1rj0a3979707p58mu3gfv25qR
deleted: b/1/12hsl3fs8hu75q7sn21jejsjrava2niR
deleted: 8/5/3bv7hmc5b9r20cvpmlvvm55pk1b771eR
deleted: 7/2/32lokp65j1p95pvqikglca7kchi363iR
deleted: 5/6/6bmmrareio6lli95ekqql2chk6osk7gR
deleted: b/3/eb45s3b83o7vpch7jlnu4tkv959i2vgR
deleted: a/0/1fllaoi2hi8351c4rdbpoihqnlne2pkR
deleted: e/7/72more6d55ok751p51itsicgnek6nv0R
deleted: 8/8/d6jdla71vq209ajhj3f5a98drpea3c4M
deleted: 9/6/107v14rspmq68ebfdq0dlc8sk6pgccoR
deleted: 0/4/3f0afia00sdmgnfaf5uutoiitco1hbkR
deleted: 5/7/6632ivkqpd6s2ernp36k1sm3gpjtbj2R
deleted: 8/1/90e7hof28u8g79anu5qdpkn9rtmdadgR
deleted: 3/7/db81ilspucib0re3ndgcb2jlhdis20mR
deleted: 3/7/e5o5c0dk64jab052hnigeabruktapckR
deleted: a/3/5et4ek9n6f77cc4468d7kj2eeevj4o4R
deleted: 4/4/57o4c3ldl5s378bk1edna73ab3j9jv8R
deleted: 3/8/06t0si1bqi9n6ob1pmlkdmllhupvdocR
deleted: 5/6/71b1p7ibq3u7ivf72laa6qu9dllc41mR
deleted: 6/6/be1loh2j9o5nd2utdrj8oqf1k2o07jeR
deleted: a/4/711552scs9b3o23h7q6ki03aicr4hg8R
deleted: e/1/a5kniigg9ded1lfg9kobp9139hss1keR
deleted: f/8/0en8k92gu4l7avct8kk1jl9c30k1594R
deleted: 7/4/dfl224gajgbq4sr3ssilljstlgufh6mR
deleted: b/7/096hc5035c23uc9drkvltocb3530gbqR
deleted: 8/7/f79597m9juc3gj7dbvfq8jng6h8plvcM
deleted: e/6/71mdo8jf6h12g5p7dm3222enm0jc6h6R
deleted: 6/1/5473tk9jbqfl8n862liau4gjfr0nse4R
deleted: a/1/992efkb5bekbrevcdqrkkn5rg1qscn8R
deleted: 9/2/95i739lr8hht2671vmfupv27gsdi8ngM
deleted: 8/3/6ds2s67tj6f0m0mmocnfougrkbsh7uuR
deleted: 5/6/588tuc180cq1pnu5t9s03lrhjpc3ocqM
deleted: 9/4/08fn3ioqec8gnko8oqer12s4qcd9i7kR
deleted: a/1/ee5q1uqnd1fard0simml0c9bsuqkpr2R
deleted: b/7/7528pvq9nij5ufeiuuelg8ceh99rvacR
deleted: 8/0/d1avte6lrg4sk32q46rt1unt0vuibbaR
deleted: 3/8/7cr1k12u812udjumo7brkl2bsju9huaM
deleted: 9/4/4ca4cgk4lnho64pui10osd3j368u28mR
deleted: 5/3/b92ojea26bjuhv3dvg8sbd8ddopur40R
deleted: 5/7/6e7vfnnhgt2smq1lued5ve5smnta8loR
deleted: f/2/3e28ej2429hp3dkd3ucs5n25lhp82ksR
deleted: f/7/9bnjdp3ep7b5lbmtncsstj0m5bc06omR
deleted: f/7/baumm1f7rmdo34109q6hksfhp6rk5g8R
deleted: 6/8/98762rui68g6ghbtk4afooe4rn67gtiR
deleted: e/6/97h24gg9u109m1e293l3j7m3n1emdesR
deleted: a/3/d43ahi3gjgbf8t0uni56ive9vn5lpb4R
deleted: a/0/56umd29bf8q6et1vfa01h4ico06vr4aR
deleted: 4/0/347oitb68o0jqq1pd36ljuvkp1qpmaqR
deleted: 5/6/439hm7hkjmscqp2ubbdeoafgicjgt6uR
deleted: 0/8/6a2f6qiicsrk8b7rtalolhn3tn4rrm4M
deleted: 3/1/78ibqaqtv3p2p18p9viajpfccvnfg3eR
deleted: a/0/95duo6gsd6bg1q8870kmdg918hkc0u4R
deleted: 1/6/8bnp70p8i5u6t32bgb98f1bts9romt4M
deleted: 1/8/99bndunlq7vns96rd7enldka0t4l76aR
deleted: e/5/deje1koju8pdb4794e37l4l30984e96R
deleted: a/6/54dhd9756jrickvo95sbietc4unhrb0R
deleted: 4/8/9f5p9hrr4v024o182b945pskf4gj9b2R
deleted: a/3/e5s13cv4s5u019qnafi1mm7m6qrkdugR
deleted: 0/1/2aovfsuf0v4qhscavmlne2g3uo90344R
deleted: b/2/14jvus3mkj49pk4r4d6k6709quvukvaR
deleted: f/4/1e8a81ejelicdafeirs56avfum5rrm0R
deleted: f/2/117fin9b04qsdcloi2a5oikucf6ml18R
deleted: 7/3/7a16c1l8br32mkupffnml6ttsmrmkg6M
deleted: 4/0/b52m699ad0t1hn07djfu9fet1u15bgsR
deleted: 9/4/adcqnb4dmv1lfvkmeook5t2b5dbtepoR
deleted: 5/6/a7ons3ij9ca8vhprftjpdq8ksa8bt5sR
deleted: 8/7/d3u3i55q114ju8q7l6ib638gsntbrs6R
deleted: 8/8/7e0j6ra7gdkr75t9c3efn78euu11lukR
deleted: a/3/919g19q5vtivup93cvaps6b3i9j2576R
deleted: 6/2/6e5ksi13i9m2gokgdumbu87deakehfsR
deleted: 3/3/3fptgmrb5m6upighgnfd0jovqerhlj4R
deleted: 6/0/ffrdl9mnqkr4n6ckou0t2chqqmaokeqR
deleted: f/0/c4lhmhburi2tupj954uvfhfeuse0nvkR
deleted: e/4/7ff6uphvpiak0htn0i8t5h15hjd3kiiR
deleted: 3/8/a197s7bqlou5jfm2o8d11ef202agr7aR
deleted: 9/3/8aoaev7g0ppvu8758sha8dgs1onjegqR
deleted: f/3/c6bch80s465opf3r9fqbpaj02fqeu8uM
deleted: 4/3/d231lg61tlal51oruec4sq4v2nvec2qR
deleted: 1/4/4cgibg7slu43140s8f6one1h49m0qkaR
deleted: 9/2/cbk0j21ist006com29sprgm2meos0sqR
deleted: f/1/f3f8qmug6iil1igl7co5ujm7oar5qg0R
deleted: 9/4/7cub67jsb5fdmspd8chjiv94pbg2oruR
deleted: 9/4/051s33ndgs5pman1srr5qg9d1d0rb4sR
deleted: 0/4/e8qj2rnr6bp65ftvegoh2v8r3nhb5pgR
deleted: 7/0/aeakia45s9bcsa0vac0l7dcqroehpv0R
deleted: a/3/1elt38tpurnpj3lhgeluk8h1n1rvghcR
deleted: b/4/87naqc9qk6h05tcjastfl6alnj3t3a8R
deleted: 9/4/d98ou3s16q2i54cqchc3mkdhjm7644uR
deleted: 0/5/e22qv8jr5k8g4rloe4n4n7fke7plje8M
deleted: 7/5/49ibflpca50ud4m2aaacm497kd7ecqcR
deleted: 6/7/84clbme4as3766k2m6u3kll6a73hag6R
deleted: 1/8/67kl8cltq774k0meqd5ctqroc9vok9sR
deleted: 8/8/84t96ml4840du7roe3grdnfv2uapnseR
deleted: 0/4/57fuslklrl3hu4imv5o5mf2gadv6qneR
deleted: 4/8/a39umpan427tpmh7s9k1mgn3ndi35q6R
deleted: 9/2/9abfjte3l9ml0oir8i51glsosin7q2qR
deleted: 6/8/78oq0gnmvcv3020pu5ommdif502e63iM
deleted: b/5/aeba4ssjqs9sos4u5sooe5bka0pq9igR
deleted: a/5/1dr86gjn31hc62g4e6uc6r7u4ucgr52R
deleted: 3/2/11tlfps7ug4ckl0uun7bvli1a2fs262R
deleted: 8/6/d73felr8igl21h62ei5p4ggr83ou3a2R
deleted: e/5/fafg8h92f8f8gfe8qedfh9src10glfeR
deleted: 5/4/2abo1dqp7e6bmo304cboohm8rnu1aleR
deleted: 6/5/8365h2idnpdod3ilkgp78n5bcobed02R
deleted: b/7/65kp25rmgec5vc2sfuv6ql583ug95t0M
deleted: f/5/5fj0og9f66mfvs2cmi5bsv9n18s6cj6R
deleted: f/1/599fj79hq3kjlgq4oeci0t4v6a9t7h0R
deleted: f/8/ddqh5k5n4ccq8v5nr874me7ui57jricR
deleted: 4/8/5agcbvidpv4nvjo5lkfd2p0hbejkjgiR
deleted: 8/8/d6ajvsau1t4h7ppdpqctu48hn73op48R
deleted: a/5/7bhlfttq822860e5s7f29m2iff8d5jqM
deleted: 4/7/3eerb69f6kpll736qucj7mu0ika2saiR
deleted: 4/7/49okfesdg9jpv6p9vidlcfvk97ahuhsR
deleted: 4/1/29gq5pbt2jjsv5sd1dski76eufgbc1iR
deleted: e/8/ec01b4sbqe0m27ut9ri2dea3ubjrp4oR
deleted: 6/1/85qm12nu6tbnnjl1dijc018df2ph2uoR
deleted: 9/0/eagicda845b5cs3orf5i7uqf4cen1k6R
deleted: 0/6/b8nphaku14hra7g4pc510t9m80f9566R
deleted: 4/7/d2gv3cbdg74od74ckqv9ou1jmbg8gt0R
deleted: 9/9/3e95kcgv38ff2uqd4nffasoluvqivq6R
deleted: 9/6/f81no8i3t0gageqcefk689524d7085iR
deleted: 7/0/25qo4ndga3560rc25bmvsq5hhlt69joR
deleted: 0/3/3a0g4cvje345bvhosqlt27kgsqsliveR
deleted: 0/8/3eeqmck5051rtkogss3bjifm24hnvu2R
deleted: b/2/23mac2jrt6vlp7mhlcmshdfhb7gubmkR
deleted: a/6/fer8go5jeh08hsb3b0800ofbieclml0R
deleted: 6/9/076qakdfub83rt8ohqhgmde639vl7bmR
deleted: 5/6/36dnp2rumjt105c5amdtg9mr7npkoq4R
deleted: 1/a/24ej83k08apaqt8d3ci3gigq68ca542R
deleted: 9/2/f7is9fg0neof1tlh8ol50q61iov9gngR
deleted: 7/1/359cnu1n5rba0s67hlonoanm85221rmR
deleted: b/0/e2cb4105tii1rdbmnhonvofaaj4di3uR
deleted: 5/1/5dlqs3k7n0g2a3lf3ng5e0suj5us6ukR
deleted: f/3/f6qotlmikm409q6ckmljidn5uasgi3uR
deleted: 6/6/00j6g0h47ahu55drf3f2de7ne8vb2moR
deleted: e/1/fb6d2df6569jsi77q9b6584h92rj2v2R
deleted: f/0/b46gve1rcahk1r40kgl8g0jm9u3r9mqR
deleted: 0/7/d96ehppalmpd79iglq2eo1fa82rr3liR
deleted: 0/4/0abt5crpbc5nbtpjhspentqieh08rtuR
deleted: b/0/f9n6tlkpvrvsocf7bmff87uldmv7i52R
deleted: 9/2/01om7vq9cnhssfumjbm6ld3spbsvitiR
deleted: 8/6/2dmbehugj9c95j3k0dpjilh178eoeheR
deleted: 6/8/9cnpqpu0v0k6gj9ot9fddsg5f7p512kR
deleted: 3/0/edtrj4hs2k5g55n7fkrdplasa39uad0R
deleted: 7/4/502uicoaulaj4ke93ue7fa6khc54j4iR
deleted: 5/7/3c1v4sgg36q2lglvhg7139nhfea0uroR
deleted: 9/6/1c9ekp0r6k49btnp53nshriago84e20R
deleted: 6/2/fetb25tqlfi3724kths6e2rvaq2v9vcR
deleted: 8/8/9c9n2fu05td0lmu8p4j64k9m9a2bu06R
deleted: 3/2/aat7sb4tojg60qd53nc9ab4vv6qpnosR
deleted: b/2/0338vbcfq289la0gj71773edld8567sR
deleted: 0/0/86posaf9qn9entde039uj7krqnn0l6aR
deleted: 9/7/32lvkreje1vimq69jo040stk54h7gpoR
deleted: 5/2/0b7t47psvocn8i9rc44uudltba5favsR
deleted: 0/7/004hi5nbgl345646cdj84grmi8ueec6R
deleted: f/4/ecmv306tdmbqlo6r1599pm1ilrc0ba6R
deleted: 0/5/caekgaf8j9oro6c9lpinc52hmun19ggR
deleted: 8/7/dbd2fkoe0mj9g8i5m2nngf0mlnhkjnsM
deleted: 4/8/6c972vjq68pvng6c6l6b048c9po7416R
deleted: 8/8/1dkbkivadu95kmgabvga5ice3spogt0R
deleted: 9/9/bbtbg47ks95h39ngiumj2arskdstku6R
deleted: 5/6/84t0mrgssaaaco4a5tlimmveme2t4naM
deleted: a/7/23aujfpkv9hnf7amifh0ae8bk3murm6R
deleted: 0/0/b97n9qq9rq6sm4o50gisqf7abj5uj5cR
deleted: 6/9/65nshemv2ec9of1ib1tetfhiqpr7lriR
deleted: a/3/18ij4q6mmtq0nah13b1kppcmnnp51luR
deleted: 5/0/d41ncet3ir6ljohl29ngeok8vgqefbaR
deleted: 8/7/66i8d0ofnn6qos6iumfj1j6jkmt6q06R
deleted: 8/2/d13sp8kv23cjdvnnfaveo502jt9lis4R
deleted: 8/5/286sn5241in8vc7d5uriqiqn7l7h610R
deleted: 6/2/8ccekitmf2q0pakhtssv90lo6a0qh4aR
deleted: a/0/a94sqnec397qjf7ifi7v5urd90d16ecR
deleted: 9/1/46d356i78fujqbq3ntkuut1tbd79i3oR
deleted: 5/2/405ppa93lfnd3f29ae6q28qt74t7k3eR
deleted: 8/6/64ug6mfbgrqa50mk1mlav7q4s37h4uiR
deleted: 4/2/2aeikar4rcgfvik94i24ksvah09ofseR
deleted: 8/1/07remrj1a9qnm7vb0a1s6ntsmnd161iR
deleted: 4/3/b3th5kb925gs128t9m29m9b4c80gcbcR
deleted: 5/7/435phfcn4g9md8s5513o09k4us7scgeR
deleted: 0/7/688ig6s7job0f6vfkh0ke58imj42mmqR
deleted: 5/7/92ahnj4vt5roci9vmhjspb4ocbsha0oR
deleted: 1/8/cb5v2nk51l9nb5ct8ohs8u4301gounkR
deleted: 4/1/dcikoa68pm1c9u359igk6qpgo7uhqmoR
deleted: f/7/aa47r165dba74auv3crejop1bp5cduaR
deleted: f/6/77kd7g1ncp6tshpabda4ol97gq3c7tcR
deleted: 3/3/21b1sru4i44tatpcg4i4a5tjuuj4110R
deleted: 6/1/68ludd3mrapf7mtpsr1b7qip2tl1steR
deleted: 1/3/ecqj55ddst9b3c88j4sarvi1c8klp04R
deleted: f/1/96ai2mpjgfopm5smt7d0bo58nsor77aR
deleted: 5/6/c5p9q43f7qruejhndncvjckisoskcluR
deleted: 0/1/5dadrssarccldme6s55vl3i6j8embegM
deleted: f/0/c49ifpej5cmui7609qk2g4mc4sbvif4R
deleted: 8/8/37uahgq7hkbbm857f1nhm8ajuaa5to8R
deleted: 4/9/19d30e93gsnf7hrehr7nlo3lmbku5c4R
deleted: 6/9/2atjl4e3ke1poai36rrcodqf7ihegosR
deleted: 1/3/cbr9i7o19vtppeg9nmh2b9v4ajbgvt0R
deleted: a/3/f8iopa8jqk73urt3i4kev6g6nq56056R
deleted: 8/8/77hr4ni60qe9s58t3l8vom1n60ombmoR
deleted: 0/2/c9l727cev8bs2tclcqakrdu3b33ag0mR
deleted: 9/9/2blecpck0n1bui9cr88f85j4qe0v9j6M
deleted: 5/5/fa06roqtuufio17il505s3bt55n7hcgR
deleted: b/5/19u9cl2th0anrc33hbd2gebsde7gpokR
deleted: 7/2/f0uind8ltsvk68f4i9d978qbk0hjmf4R
deleted: 5/0/1fknjut7kqd19cc9e0l7s9o23vaqgdcR
deleted: 5/1/510r1ebsfn9nbsbha7bgjb991r9kl0oM
deleted: b/7/74iaoe8q7u6rsk9s8dimvrcm2q658duM
deleted: a/5/36uc8i22l5h4ku5igi87t0493m162jiR
deleted: 1/2/6160fpkh5ciqmffj5vmc11q9rg1nt5eR
deleted: 6/8/aboomladrrqlrnmscarjt579gie55pkM
deleted: 4/1/bakmlmsi3tdrosuin6la90nmm80rhgmR
deleted: 0/4/a200cgo8ag5fcccukbhtttcp4lerj1eR
deleted: 4/8/8eeclp0gl721vg1gihk2uvua1uukde6R
deleted: b/3/2db8nvovqp9eo2n77o9npminpqpoii2R
deleted: b/2/5affiv1j40jp3qfpcienn85dq95vhvaR
deleted: a/1/807rhevpve7dbuuvu28raklog2n1i0sR
deleted: 5/7/ba4m4v62a7d8cq91el1spdouah8e6smR
deleted: a/4/88dm32koqd2ekk1rrtaku4icbo5qilcR
deleted: e/0/c5ef4jcfsf8j8uqcadvh7o3to6sgkgkM
deleted: 6/8/a124bdmk1a21quds4mv2dqv6t13n78qR
deleted: 9/5/919cfjvngj5icu8rfll9con66s7t3eeR
deleted: 0/1/51fkecvi90b9s1ulbjv1fsn9i5rqkeaR
deleted: 4/5/62uqpaeih7vs4br16vj68tst6jot9roM
deleted: 1/8/b9jbuq1qp1dm1cm4kjfl6h5v891tk34R
deleted: a/5/bbvdlu3n6gh3n4m0tt1v2heiqcho75oR
deleted: f/0/33rr42h56l3lg2e2n64lnjoa3pmcbcaR
deleted: e/6/c0h3v7aj4kn7htv7t604femsfu60gngR
deleted: 0/5/c44h8bc65j0og4a0hoc4eold56b2i5sR
deleted: 9/9/62ifikf85pnvnfg2pq70jsb67i9m8juR
deleted: 1/8/7al0o6hesok255qivavnd5r9go9ck80R
deleted: 3/7/92s8ph8iti99ndf84cp7j2bg3rhs4vqR
deleted: e/8/0c4l59jeb1nqednto814lgh2e7plmuuR
deleted: 1/8/advnpaf3f9s866i7f4vsuldv7phuf7oR
deleted: 5/7/53dli2t0qd8cn0gif535eba8vo5o5j2R
deleted: 3/2/4cdmbsth4jt103br7a9lpplutku0eo4R
deleted: 6/7/9fnbk3l1rkk0nntc87k5bk3juh3rlh4R
deleted: 6/8/1200i664s6us468bmpg1hta4kbsp21sR
deleted: 1/9/cf2pnkvuiold0p8dq9rsau5oq20b29cR
deleted: 5/0/386pfuhha38knkohitccakri22pmapmR
deleted: a/6/d675bj39bgv2jgth3o275e2l55h930qR
deleted: f/4/249ekh0fub1em6u557k7uearhs8l54uR
deleted: f/0/adennr8bhfk3qbgevb3ftrtu3c7mupkR
deleted: e/6/f5t3hqnsvkvm350emjsu4snkal1avhcR
deleted: 0/0/9a3kt09l2bjo5o72uer4f2np6s7topqR
deleted: 9/7/b0m2rvs6um1kq28bco880shs2v8ue68R
deleted: e/8/f0rijranhkmfstpmnrmah9q3jkc518eR
deleted: b/2/9f19ma6cmaogqose0pdrd6ikl9dl9tkR
deleted: 6/1/c4e1ue0tifnn58ih9781430apu2p4soR
deleted: a/2/99v9n5n3iphi8psmc8im6t3aql10ak6R
deleted: 7/4/24u7q5s63i8ru3tjva62tja94mou6agM
deleted: 3/8/3bpe8a1jfkm51oug4h767r1dtrkp2tkM
deleted: 5/6/f8q3i3i6g65b3aoa3qs7le4ctqbf2jkR
deleted: 3/0/adhh8c2qkcipeas3gumeuf0tgjv0cuqR
deleted: e/7/68fpjbf7d7ndp33g63pr4tdu5e81v5mR
deleted: a/6/01qm6tf852da10efp0uum9cnn63uo5sR
deleted: e/7/718nsvkj1hqdvmu36gp2b62pqr7jmrcR
deleted: 6/8/e1nl22c6do2s5hrllajnhc72o71l868R
deleted: 9/3/2aukumkpp4g19jd4jlbd9i280k8vckgR
deleted: 5/5/6dd575pkn7snqji4nu3e9a000d7dd9sR
deleted: 4/2/66vie4da7i0r3m9hr51sa2hc1juhg2uR
deleted: 4/7/d78fc3u2dk34u6qlslfmq1ej2ks4vfkR
deleted: b/0/beatrbe63nmpfvt0091idqo5qo1ur20R
deleted: f/4/1d8omdt1cfhm0gpqp2e4vcjmbjcrf10R
deleted: 7/6/39i97muj3hvfbut7m9nv43h86g8d9jiR
deleted: f/5/fcog8nsirfikkvo0f9bp6ftoj6a49c2R
deleted: a/7/53nscpchogm27f4gbn2c1sl6tt8lmoaR
deleted: f/0/60tevggir2jq2uh74bcta0809l9f14qR
deleted: 8/7/abufs03fk6usdt5k02bjir078f0uf7mR
deleted: b/0/34mf4d5kt4j4j60t60tn5v59gdsu99gR
deleted: 0/3/43o302ssu0p8oj674ccmjgb03vu3aogR
deleted: 5/0/78i8r2tpqp2mqerd0iaga3ua5ol679oR
deleted: b/7/89v252bb6pm7lth9ar2nueh45u748jkR
deleted: f/1/ecm7jjvfrsjb5g5cakffrneiq3c0mkiR
deleted: 3/2/2edvd9inq4sptc7rd4ljpf1frhvjitiR
deleted: 8/4/48eub0ldmgna5ak6qguag4egtn9rl90R
deleted: 8/7/74k1c0gj3atg04iaqesjm98bs2cphjkR
deleted: 5/4/ealembgvv2o75q0qfulnt9290sqdpbuR
deleted: 6/4/2d13b9l2e9r3j7mcde9g1o7210n6cm0R
deleted: 0/2/3crjuctbn6g8t7lkuap6oiqhh2skc0qR
deleted: 5/4/14gap5qc7hht1j64cd6rmqef2l57ko2M
deleted: 5/7/5e5ue1ahacv2d9qcdqnppqrv71f3e88M
deleted: 1/8/6cp5g2sielv21qlh67jkqkr713ds8scR
deleted: 6/8/85hc1rnj6tbgtsr7o63bnvd1vrhtbloR
deleted: 8/8/02h4h3a1oj9ju5a055eijirk1u7bpriR
deleted: 5/0/aamvgh83jh2ojsvuhlt9neecaion2haR
deleted: 1/9/69cj8ssthm6vfaaj7mjma0b7i8mqb9iR
deleted: 7/6/451dcqq7a763mqkk6rnkfjst7iariokR
deleted: 8/4/281f8hepcnq3ue8lc3ve6r2aelho164R
deleted: 6/8/07s1t2vm7k06jfbftckdmsm8t92sareR
deleted: 8/8/80hjhd05nvn2lp6q4pjstnc70q66klaR
deleted: f/7/4bjsvsg36d3onnjo550u2tmfk64l5koR
deleted: 0/2/e9f1t8d9o3p3r4214k5cljefgg5sah2R
deleted: b/1/32ovr0es2jfua94shmse321qg3hcui8R
deleted: f/4/c012hvnv1o3fkai91fmdlml6s2dmidgR
deleted: e/6/7dmc4r1iidd5a2g61a0nek01gut8vu2R
deleted: 4/7/64s6b0cipr5tvrmq2m4t8rj8vv2u76gR
deleted: 1/8/ed21v4tg590be96bai2ir7bhi6a5k70R
deleted: b/4/98250iq4th042o8nt2jn42bjvtsgo5uR
deleted: 1/0/8824k5hrm9sav380q6cgdi1j3kpk4bcR
deleted: 5/0/da5pgrcjgt6mbbutsgu5gshll8reqi0R
deleted: 1/8/9bmgidk3hjrpvvk4e5noakefov9v4b0R
deleted: 9/2/e9466eh6ev7kk19qssquvrc16p0nboaR
deleted: 9/1/9crmvhm4b8t0he94fn5v756m1t9vbq4R
deleted: 6/6/43gubd55238rp7ng0n4e86m7f87khlkR
deleted: 6/8/48vdljogpi58k6ftfs6ilrr5vtq4c5oR
deleted: 8/0/19tqlp49u8v9hp5btki6goc8dcv4si6R
deleted: 1/5/49ui58erdi72umcf9fah8enksmuljnqR
deleted: a/4/c137evultt59927alphjpqpdc6euf70R
deleted: 8/8/d8a27udsbad02dh838tldbcs7ihnuagR
deleted: e/4/0df7vealov259oe27it4rdetea4segmR
deleted: 6/8/6d1vplevb59nqnpoa8dq82ij2krtf7kM
deleted: e/5/f5cnc6gkvq581vdtbnj5t8v7tbmf4nuR
deleted: 1/2/94a6ev4diu80pn0h48gsfbdlqo5buosR
deleted: b/4/5ag9o6f4f7hisnd1s6ta1bu6cr0g9qiM
deleted: 0/0/880gkpl1bei8rgnvco8459n903q762aR
deleted: 9/6/b2jrt5uibid61q669rqgpplg42lpuqeR
deleted: 1/1/78b452rk4ded93q0a25pavc47atjh94R
deleted: b/5/c4kj3d3evgnqallvhbaqqmdvobhl01sR
deleted: 1/7/2ds3onv6boc6nik6od5a6cdlqh65p1iM
deleted: 6/3/ecfcj74cem3v3f7d4tdda7o3uk3gqe4R
deleted: 6/6/825e8aqppe5ttr78a9g3emdl1rirhpmR
deleted: 8/4/abfb6piaa0p2mjjafgh43pqaqmobb50R
deleted: 0/3/60jdh0kh5h1bguunr3oi70ui804skbqR
deleted: 4/1/2bledbpa3i3febollfuhetll342jppuR
deleted: 0/1/58hl0lte904cmjrbmt394amft38qj5eR
deleted: 4/8/acgpgktnnqdgupu5cod72loh5kb23bgR
deleted: 0/8/9cvv7ti21hm334n61532a6p7h6h302cR
deleted: 1/9/8cj75ad4ib4qcdo7cjcqeuf5f9qfeuoR
deleted: 8/5/4fet81os1mh70vdcnh2j8aivc6f9hggR
deleted: 9/3/7fd0uvr50gqj5lfljgt8rfedck73pjqR
deleted: 4/5/a5p4e266q3bnkpmkumefhomkqegdaeqR
deleted: 5/4/441tpd0drber1oflqf1hd5ohgpju3vgR
deleted: 3/8/13s23h5j9t7g11g49ch049k6mjl0fqsR
deleted: 8/6/f1f6e2f5j5fau8rg64ug1kt1jot1g9kR
deleted: 8/8/30erluabgmc6fkb66394g731m2e766oR
deleted: 7/1/05ohkceudrr3hl4b7cr26ijnb2f32isR
deleted: 7/1/6bakrlnqimhom1bmoc70bht7bcoj2g0M
deleted: 6/4/f43von2bgv25fq5avjf0na5l91kocrmR
deleted: e/0/52m535f12mh3gqtdillteb6mp6v23sgR
deleted: 1/2/78855pu55jgr7hj4oj113qu1mp9d30cR
deleted: 4/1/123l4ecjc8v2bpcrh1aa10db0oph5d0R
deleted: 5/2/d5anpdfmki9tvk7v3sjtcs66a9eqdkqR
deleted: 6/8/bagl6c0o9fdauvqhlhu8bnqab2pfco8R
deleted: 1/a/1epq1tand8bufsqeql14qpc0f8q400uR
deleted: 4/8/cfn4guj4hath5sgeegui0l4uqbl33paR
deleted: f/6/5cmgev8j9ggb003nl8rqtr1hvssk2d8R
deleted: 4/4/afa8r1704b6mj96nkadqmile5hku40kR
deleted: 5/7/1decmfo76a4ptj5s4bj039at5usokuiR
deleted: 6/0/08f95d22h7fga6e5vcesgc30duu6bfkR
deleted: 6/5/bb0m6tgdi84b93eogesrs3s9utmampsR
deleted: 5/3/3enb4uu4nn3c4jn04rmigj6kt0bf4huR
deleted: 5/7/4a1rbmf5jeefaiks53ep6pq6m0rmsi2R
deleted: 9/3/2fphmp738ph8fbiv2g9q2i27mrmqh2kR
deleted: 3/2/7900pjtug4dr3nmnhjkastlkt7h4f90R
deleted: b/4/a413u3qa7p9981ogoc83repo0n8u622R
deleted: 4/4/7dcpfa3otqhmo9ena6lqqb5il3d82jmR
deleted: 6/9/2f7gp2p3fo4lrihvo4mr4c5s7t6omhuR
deleted: 6/2/15hb5nva92ai5l5md3qcu7obf5l62laR
deleted: 5/6/ab1svvloge3r65chsbn7fqqnrq5a07uR
deleted: 8/8/0751n6on061lpgc2fif0vm3pdqjq346R
deleted: b/7/85fohaf6e8ooo6aovb23vd7urlghj8uR
deleted: 6/8/93pkgu2ei7d878mkemtfodkenjliihsM
deleted: 5/7/883spqop7r0ciumc8tdk599f8504bgcR
deleted: f/1/761sa6jge1doemlpmecscrrb0j5nc90R
deleted: b/7/4bc3siatuu67blad27or47j3a9qkp1cM
deleted: b/7/5cj4lde2hqrdabo62v3ne0a2n9p85mqR
deleted: 3/1/8dbirjk9ht6k71ptuffc5se4rgrptucM
deleted: 8/7/6eijcahd3k14rcjji9kps9o494svn7eR
deleted: 7/0/6ffce5t4ubvt848csts7f3q4kol2niaR
deleted: 8/7/98ov7cshrq2sqgcmr3i7a1d5l1nfe6eR
deleted: 8/5/a8tv7240atif1pj15d59ubor2tji05qR
deleted: 8/8/65vrn4998i9c7rn7tlvh9tcs8hnp2b4R
deleted: 6/6/08s5nrvqjrnb3t4m65ev2mdo4an7ae4R
deleted: 5/2/213bs7cdv5mvs1ca80uu2oeduf6k1niR
deleted: 1/1/90ro755r6ru6er1uuve5kscjca5t462R
deleted: 3/7/a2musfms6mjv2m51qq100gpo4gadjhkR
deleted: 6/2/c8ip9boljacm84drrdd2k4mur5amn3gR
deleted: b/2/24tvpv5i6va6an431aurfrr2pt2j9foR
deleted: 0/8/a10th7muvkjjvvn317g47cgmdgm2kmmR
deleted: 1/9/326gobkadlnojrp5bive2s9aienr3v2R
deleted: f/8/39idr8ssj8b47cjjt6k971mk3vj3gcqR
deleted: 9/1/4bkou0fvpa5fl3r8qb167j2lbnm1h3iR
deleted: 8/7/a0uoigfpm4gtovi1lus2ot8on2i5l9iR
deleted: 3/3/89vsibpt5v7oksprqdqilam950l2vouR
deleted: 8/8/84cvupdbrql6h7nrfct3vimekou7832R
deleted: a/3/1c9mohqb602ml9q2i6fnfkesb2ca81iR
deleted: 8/8/9fkpd6mvsaaj19opg6d2i8k2rv6vam2R
deleted: 1/9/2dbfu7e80vst74s0017lan4aoikntg4M
deleted: 4/8/ddl62n7oba65r4e4d7ilaakmti8f9lgR
deleted: 0/7/e6of13uo5lll0s107ut9csrllaq8dd6R
deleted: 6/1/672pv5kla023ve7js2ovk7ifbmjbbd8R
deleted: 8/1/10m6rujfn45l6svnqfm7hump67snj4iR
deleted: 3/5/a8g62omc7it6qe8nqj36kfqi6e58dn0R
deleted: 6/7/abm3if1kk2c8ncb2srr4u1o5if7q8rcR
deleted: 6/8/cas4i2oc80cnomv1ftj21caua76ir98R
deleted: 1/0/cc7r0qmfmvtpsjsr5815b8o52mno1egR
ccache cache size is 165Mb.
Uploading cache ccache...