SHA for cache folders (/tmp/ccache_dir) is 'e33aa6b0b7ef6d6db3b0603c74dde4292176fd267330d7f1b78d057019160e94'
Cache ccache has changed!
List of changes for cache folders (/tmp/ccache_dir):
created: 6/5/9d920h2sh63bbt7vdglhu8jq47pc16uR
modified: b/8/d6mrh6k7lds7pc1f91biptg0iab29c6M
created: 7/0/eejpsrt22ho2i1960ldv6nvluncth9uR
modified: 8/9/stats
modified: 1/c/e57dl6s5a2vaqhmcl3cj6svk32u502oM
modified: e/c/stats
modified: 4/9/stats
created: 7/2/cda0tmev2kv4mehdpl8rrea2jbvqs7iR
modified: a/1/stats
modified: 7/c/6c6nck2mhhpljl2m58ta4rkgvpge45cM
modified: 8/4/d90c9tulksfm37cks95ksn54j07pc5mM
modified: 1/4/3end4b5ptv9h3r8qgk9t9m514oi7aluR
modified: 4/5/888lhbbjqcan7p732phes89t5i4qr64M
modified: c/0/40vu3kgvjt0m27gs6cff5ec42unkn0cM
modified: 0/b/stats
modified: 1/7/79e4b2girkb9pch8q95tjeicobicirmR
modified: b/e/stats
created: c/7/5dafd04o8cvqhd4c9c660hsc0mbfab4R
modified: 4/3/2adrqvqon4ii028ckckfjsdqafsojnqM
modified: 5/8/stats
modified: 8/8/stats
modified: 9/a/stats
modified: f/b/stats
modified: 4/3/03ion5fd7namphta6vb6up6nf6lbk02M
modified: a/3/b6lga49vm4upthukkm7u0ouj3mgt9mkM
created: c/5/d4ft1o582kflkrm2gd9c8v0q3spr9buR
created: e/0/231bmim4acb3kutkrar9h7d9gilficqR
modified: 6/stats
created: 7/b/c5leq2nak9r0i6l28enpap7pjv3f6uuR
modified: 9/e/stats
modified: c/a/stats
modified: 4/6/ba7hj4s39iu5mr725tj32d7g41qh3bcR
modified: 6/f/stats
modified: a/3/stats
modified: f/1/stats
modified: a/f/0c84je05jvu74mg8fifki60uhiifmtiM
created: a/e/2bg8tf9l2ntok6oqdr0b265u084p358R
modified: d/3/stats
modified: 6/1/c8ittn3vrqa777pe9niurgpal4udkjqM
modified: 7/7/aa5og27ku8mdpepndlam84mlulokh1cR
created: 4/5/3b77nf8k7g9is1gr1opqv46urhcifh2R
modified: 4/3/7d2jl194of79tbu8u5reqneb8k89emeM
created: a/9/e98lphuatcegq52qirnuprpgm0q2jg4R
modified: 0/8/stats
modified: 7/9/90umd5kp96g8qvuau1ucn523t9q3nb4M
modified: 2/5/c2qq8hu66qs9hnmadj0uuk43qe4eu1iR
created: c/a/d09amio6s0sv48td5i7lfba3inqliduR
created: d/0/6flpqgqml2ehblk7qudrctnu5oc1a34R
created: e/d/88rhi188ergjpnu14eqvtic9v97uil2R
created: 0/9/1b127l7udgpfg4p913k0q6h0iqovo8oR
modified: 3/b/07t6v9ch9qqklebef0m1kiv481qu666R
modified: 8/4/f1dbih1ae49blko79iu2s271v1i4hfcR
created: 6/2/0c80m9vj4l52qbmtjlccnb2l7hqie02R
modified: 7/b/22dvcuik5cbc42p6r27gf3ksu01sacuM
modified: 7/0/8cmscuvtdh6ba8rq5id07qps5l25edcM
modified: e/3/stats
modified: 1/0/f55ere3ule7hngcrgi5v03us1qm5f90M
created: c/4/14k7rhnr5kbmlpcaidv7lur48geisv2R
modified: 3/d/19kmbc3o9mfc74s7f3vg6ilmaqr5dnuM
created: 5/4/53vge4efq7a2vnl0vco7m6c7toeovhcR
modified: c/c/stats
modified: 0/3/stats
modified: 7/3/bf6nr823nq30ffhavo2cm8gdpnhdl4cM
modified: c/7/stats
created: d/e/d040cruda636bfiopo1l3s4nv3a06euR
modified: 1/3/e45len2if7r9r96l7l17lnl5euc14f6M
created: 6/2/07na160pk06d2b1daurd0l493mp50ciR
modified: 8/2/45ui512derhd41lqfrf1r03u6dfsh5oM
created: 8/4/bboghb50hhgvcjpt1egi8krioqialeuR
modified: b/6/stats
created: 0/c/3ck3nr8dttija4rodeod9apmhra0ptkR
modified: 9/7/stats
modified: 6/2/stats
modified: f/e/edq3f9b3np5ua7ntpghji1npa2oj9jqM
modified: 1/4/ebnom9q9crh1ihdent3f98k84mpamb8M
modified: 3/a/stats
modified: 1/b/stats
modified: f/9/ddub1ap6tj6hc80piulhmg376j0kl6eM
modified: 2/8/ecrg8i046sr755uuaggi48idgaua08eM
modified: 1/b/e8dumt7um0fui60ggq0bpriukrpr0c0M
modified: 2/8/92oaga8hntbir4tc5gbbif6cs6fk0u8M
modified: 3/7/1714p0rvutr2lkp8t7aa23hl45ag04gM
modified: b/c/stats
modified: 0/7/stats
created: 3/a/9b55dtl0qd48n72d7k95o8qng92bst0R
modified: 3/f/625ra51h7rdebs6h8cstidsp8frrmraM
modified: a/f/stats
modified: e/c/33fmsfpag8k7431kk6k2i9a05ejnoi0M
created: e/e/26eht6t6noosdfnvv1f66q79cj7on88R
modified: 8/6/5bu22d7ekk931bqpvs01n84s0p7b3dsM
created: 5/6/081865fe5o0acacqmkijh1ea4d1i87oR
modified: 7/3/3afjtv7oq6abgc6hoakrcltpb59tgrsM
modified: e/5/5edhd1r6ab52taai2808eaipnasvh5iM
modified: b/8/stats
modified: c/0/stats
created: 0/b/83l75bc184oj3fc0g5ok2rt1bbvh6tgR
modified: 8/7/8fra6kcotcuan5kcdsqsd8ekl1ma2naM
modified: a/8/6d1kkiujcvvtabb96sa68iv9kv5mhjeM
modified: e/e/stats
modified: f/b/f6pcsma5fkmpvusit26j5lq8196q1laM
modified: 3/7/5950m2tci4hcdch99i6p0mbr5hebaruR
modified: 3/e/01894egla9qvtkekl5b7hka8ptup63eM
created: 5/c/185umkkrqm5rj1cih1il9oe4rc07l9oR
created: e/5/bdtis1ktu47c0ve0i7evktt6gtthtpaR
created: 9/2/2e3occu750h2iddq7ede4lgpp6o4louR
modified: d/b/7fph15ttcc3c04db24r5sgn1hb9o484M
modified: 5/2/stats
modified: 7/1/ddgelaiiuao1mclcmqd5ae4ehssuhimM
created: 8/7/b3tggadmgcv42baldjnoo80q8m350ncR
modified: f/5/ffd475soptn81765l20ke4m2a19hqfuM
created: 0/9/893eik1ebkija5ths4c1jbl508s98oaR
modified: 8/1/dadn1d228fh48msmpf9a3obm3e9o6esR
created: 9/c/4722o7ghkepu53sl4p79shk2ksosklsR
modified: 1/2/98m0e7i6hoj9u9mm0a67ku5mk4qrnloR
created: 5/7/2fgmbonma30jfgn4i11vjvffubuhvbsR
modified: 7/stats
modified: 1/2/8dtovdcssok3ljr031b503poii4tfu2M
modified: 3/1/b4lhh7s546rt9acs0usmd7crl8ia2muM
modified: 8/9/70ntc7fb6samet4k4debf2ve1c74834M
modified: e/1/stats
modified: 1/9/534uj0gt7gjikr09ngdr8u6oo4866m0M
modified: 4/1/79hqh0vusmvcamc1d2t4vne1bi9a8e2M
modified: 8/3/414b6f238e81kj66h4hhgcp7autmqjgM
modified: 0/a/7d1lnfs0m8pf4qe49lue928gggi8rv4M
modified: b/7/07i35jj2f37f65mq6kpp172dr0ougleM
modified: 9/1/stats
modified: 9/6/stats
created: 7/4/de052714jvui0q5lv0r4eh7nc9ur194R
modified: b/8/66k5vv016o1k6c0qunem2cuqvuc1v1eM
modified: d/3/3c1eqp0d8344bgp0k2l2l24qgud2500M
created: 4/2/c8cihbohb2ufoaurq29jtmbeb25fvdiR
modified: 1/3/11rjf5lnko4t4fn9thjo7qs96j93pnqM
modified: 3/2/014ihen094d4478a3vf4v02hjm83f9eM
created: 8/d/2ab6v6l1q5pdb22afmn1jt6fd3jubb2R
modified: 2/1/stats
modified: f/3/stats
modified: 5/5/stats
created: 6/e/23rk52p45bglg4shu26aee9r74jv3eqR
modified: 2/2/2358dmfh6panq508jas7ar0cdujvbaaM
modified: 8/1/stats
modified: 3/f/stats
modified: 6/3/stats
modified: 2/a/stats
modified: 3/d/stats
modified: 8/b/stats
modified: f/a/stats
modified: 5/stats
created: 0/5/a5aq0baolq876megijpa4t1o157l38cR
modified: 2/8/b5dh245qcknbclpgbenvgri6t2in14iM
modified: 7/6/ddqpghpjr5hbjtrtkbanjh2i41ufqksR
modified: e/3/7cf5scikt2hgp1a9b5iomrr6gt4a1hcM
modified: 6/1/2d7kslq4oas5jlr92nd380af7jg51uaM
created: 7/a/12fpolho40aqhko1hocjfo3inunbk3aR
modified: e/6/stats
modified: e/7/8d2bvjb0qsfju734lrj3k7nb406engiM
modified: 0/6/stats
modified: 0/2/stats
modified: 2/6/stats
modified: 3/8/afgcc6b32r9kg3pogsm04all0db0s2aR
modified: 1/1/feclnkb4qlr52hbmu0p61ooml7ngqdiR
created: c/4/450l6v59kpu7prrrdrukmp8fcm86k8cR
created: 0/5/06kjtnsiir98rn65atkmtbq9tc7im6mR
modified: 2/5/stats
modified: 5/6/stats
modified: c/9/stats
modified: 2/9/stats
modified: 6/1/stats
modified: 1/6/stats
modified: 7/0/07ge2pdlaq8a02b4897goh3qbupisf4R
modified: f/0/stats
modified: 4/6/efigkre910d71cro9dhsddghkn01pu6M
modified: c/1/stats
modified: 8/3/fcf8tml37bdrb7ugdj7tcr366cd8k2cR
modified: 3/2/62b44i888kviuk0pu783uenmc2ogafmR
created: c/7/43p1ld97jb5rp51m7etnt54ec5h3l38R
modified: e/2/stats
modified: 8/a/stats
modified: 2/2/02qnh69l26n1m90pna6hpe5ik02k1geM
modified: 7/6/66dbl0mu2c3tpksk488000g48vlde8oR
modified: 8/2/aeu5a9hr0qsrjppkd0f43p51egvjdckM
modified: 3/3/stats
modified: 8/5/b2qriu90fdb2jphbrp8mepl8lt5ev14M
created: 6/7/ffo4151v13dunadftsi8anh3vjq0q7gR
modified: b/8/25nef4km34knl7auq6d8c6jss7gss6mM
modified: 3/b/017oq3af8f7ffjn37rjd34j1q616106M
created: 3/e/4anas8fngntpqu70e1euf6u0a6b45igR
modified: 6/4/stats
modified: 6/d/f342avsra1r9eq95tmjsus5b1317qhcM
created: 5/5/80piue649ahqs3nso423pls9nnrjod8R
modified: 8/7/17rvve2ktlcukslomu9qsn77k2a08baM
modified: c/e/stats
modified: 3/1/ee6uj8pckeq3j4idsn6hkroirk3lt3qM
modified: 2/7/cd3shvnndckspp72qoqsla9p7p8r7g6M
modified: 5/0/stats
created: 5/a/441dgvgl7k4sqsn21cn7lse1mep04s2R
modified: 7/c/a39i1coocssjh955j6vkse75kds36voR
modified: 3/3/7atikj8fmdg93r57p3dh8b2jd7ftpjqR
created: 4/b/bf1ljge60ncftr0upr0kvdgo9hju88mR
modified: 5/a/stats
created: 3/5/34jcjhibv6n83qape9sit3b11bc49qkR
modified: 3/b/62d2v3ghugqbrhp7nkc65s0bmtok6qqR
modified: 4/3/f46ufrn71gjqqlgt5ojhud3j3ri5uecM
modified: 7/1/cb92grkjvdajp7m1r92m7nv2d0e0mv2M
created: 7/1/c606kd2ebplnl8japgu5jappqnotnagR
modified: 1/1/93s20f2j4cl0jmlbr5gt2estqkfaahiR
modified: 8/1/2eja1r79efa9njl6f557jnrv17qt5s2M
modified: e/8/stats
created: 0/2/deu0rb1uqbo405t5ale2d26do8f47lqR
modified: 4/3/2bvag91ek3hav0m36oe6h9qmkkk37g2R
modified: 7/7/stats
modified: e/0/stats
modified: 9/9/17tlr3alkl20s4m3ouvp8441gqk1np0M
modified: a/5/5d0vadn7150ml2b3kmdsbjj5uvv3fpoM
modified: 4/7/a2riqbq810k2kie6fu01j0gurbrac48M
modified: 7/c/72u4851d9jas6u3qagob7d3pk64es8kR
modified: 5/8/50uk0k44srdbg15eg040tc0gtk9kob8M
modified: 1/1/c924mji2i3g03dgnuqhblfccfutvcsiM
created: 7/b/74ak4cf8lo7r4vbspnlibaf550rlir4R
modified: f/8/c0gm0mdrd8uu1saulc6plv0l92lvo6qM
modified: 2/6/238ltcb2h7ei2uhrmffvg0j9pmuc3ooM
modified: 3/f/a8vpmms517d30e0934t25p171n6ucfaM
modified: a/d/1b4c0ufvcv2qds5gv04n7v1mbvre2j0M
modified: b/5/49bhbbs2ck9n00lq8hd9t9h4c5og6c4M
modified: 7/0/89is8lnal8j8s5doc6ajusej744hopqR
modified: 3/b/2d83l4k58dvsk4nai0pfm84068tt4s2R
modified: 4/0/b0dcvme4nj65i6obrd3ri0bqn7go52iR
modified: 8/0/dcvhlsoen7k362a5qcinkojrphri2peM
modified: e/f/stats
modified: 1/2/stats
modified: 4/a/stats
created: 6/b/64i9lhl30r7li395g7dd9pp9812rv9cR
created: 7/6/55qfl927etioc3uioht63pcosvsogeoR
modified: 8/5/f107ee6ijno7phjidcdu9kcuht435piM
modified: b/e/09f8m2ic7eiaiasm1e42mturkfljja0M
modified: a/e/stats
created: 3/5/84qoo4pl9u8j46j8asd1m4d7elvo6h2R
modified: f/3/aeivu77a1of2i2ei8e5a107vn1utrkiM
modified: f/5/35q8mn03k3q2u0ol94j4beotpd4v2poM
created: 1/2/6e6if25mcs91f0dqimomkiuojau8ru0R
created: 4/6/aes66o7v7gdjji5t155sfule3cio5kiR
created: 8/2/099bssj69u18cjit6uadal8lhda9omuR
created: a/4/eev19bs87pquh9r447ac2re6l98ibj0R
modified: f/2/b7i242d0pq2ap9ursnm9ped4dv3kqa4R
modified: d/2/3aib0jkufodvk568lrbd3v4e1nomqroM
modified: 1/4/887tgosm0leticn4jin38o2364voi4aR
modified: 4/1/d617265m73nnnib5n1flffgba8b5dlkM
modified: c/e/b9kmgv2bp8qgp8493e58ch7tetnk2oaM
modified: e/7/stats
modified: 8/9/f66i2arhbtqkljl6j0m7mmv9f37rt3cM
modified: 3/0/669ejmabk0mhvlmibm972bit1n09id8M
modified: a/2/c3gg3qgtc6m7vsns6v2rreouo4pe1nuM
modified: 8/5/70dak6sn06sl5f4gr0duag5d19ftng8R
modified: 2/a/3bob96bsmf6rbd9tmc2p4s9ltj82v7eM
modified: d/a/stats
modified: 1/5/e2nmukrtj2ikgp2s57q9cjm92qpmpagM
modified: 9/d/cdls7aigjvtrdcch2chaap4ckh1ql90M
modified: c/d/09nd1108mq4bd7iiut1prd7p4cfk7j2M
modified: d/4/stats
created: 7/7/1asrd5k36cb957ld4sc8t16njt14eegR
created: 9/b/284dmre2p0q3miku9u97lhpfuca2tnmR
modified: 9/5/stats
created: 2/5/8e2so65ut6j9nljptjdim1r454k56ooR
modified: e/5/16egvga63lv3r2fum0oq700cgdghr8uM
created: e/9/8bl136bsagpo30l6be2h0rppf5po8qiR
created: 7/f/60us0h39robslrsnp93ms98kgapr5t6M
modified: 0/e/6a4amjs35rg41k3qombociste2s6rheM
modified: 8/5/eae95botmbada8i18r9d2o9esrq0ifmM
created: 1/2/25ssotflc7ub6nnlkpjgbqpb0rt03vaR
modified: 7/6/db6vo9rtlkvg776g7i229cfsiq4ht0oM
modified: c/9/2dd6trrnnagdpotkmeek3c5t8nrpprqM
modified: f/c/stats
created: 0/a/8f4jlf207lnrc86m792erej68kdhs9iR
modified: 3/6/stats
modified: e/2/d3kt845e0vt47h7655fsscnhjqous9sM
created: c/f/09sec6t772mu4d0j5t362jcete858tgR
modified: f/4/stats
created: 1/9/e8cod5otmrfa2cec3g36t4u6is1r02kR
modified: 2/1/7e8oh9kc5qbhlraik11h3mncb2tmimmM
modified: 5/9/87qog42ve02t5ddcm3438hm5ol0jn00M
modified: 7/7/09r0i7b00qqba6npjqvdv2gqqvao4p6M
modified: 3/1/8dueh45p41htubstkg0q4as1iva3s3gR
created: 9/2/1daucasiqgdnsg8dadvc4sps0nos576R
modified: c/6/stats
modified: 5/d/fcacvadeb9ckddn01sp9skt9gh9qvquM
created: e/d/25e5ahp71fsj1rskdgehq1kc10td2kgR
created: 6/c/23t05ee7s3b4nhnr19u4fecgp594iv2R
modified: 1/7/ba3gb5l0i79lgat495rb20rsf12ld30R
modified: f/1/64qp70ddf4fe6t23c15rb7g3qqotolkM
modified: 9/f/stats
created: 6/c/cbmk9cna7chr5pr5nu6723capv4fg94R
modified: 5/9/stats
modified: 3/4/8e1rl3d23cqhekohqalsfqq0d9u84tuR
created: b/2/a9l47fbgvqhhc2vva1mrvkdg7kiklkuR
created: 3/e/f5je8lg6iooh9pabqf1lnl2lsl4pu5qR
modified: 6/8/29ifbq8v5j57f34b6kjgahst8kch8b6M
created: a/e/a2d4lkp1m046au7gc42j58pr73dfeokR
created: 1/6/3bido4a82q131l49088q90u7nc4ug1cR
created: a/4/02vs0qqjnunn4tdm6ml2hllkrscnif4R
created: 2/c/6al8mm7aonrb91valofpl39idvb88t4R
modified: 8/5/8fltdtsn814f71jd018k2cn93ps79biM
modified: f/7/4a5koqomc57jlt14m0lf31c5s8flutmM
created: d/f/f52o14a3qkphd1cc0um0eh7turgmpcoR
modified: 7/0/stats
modified: 8/3/stats
modified: 8/5/045fnj7itbimciovdtnsi6tcoviatcmM
modified: 4/8/760v1o6nmoe4assn694ef2g61jr1ff4M
modified: a/2/stats
modified: e/stats
created: f/d/d0a6a0b5s42g0d6o298j4pv87bt0m5mR
modified: 8/e/stats
created: f/6/a724g2sfk9iu838l96nq6sknd4bc5r0R
modified: 1/d/stats
modified: a/d/bfft4ossdcls5tej4159q8qo904lh5mR
modified: a/a/55rb4forgm20ac9hfa07bndguirlht4R
modified: 3/4/3388sag9ar73j3mqgue38g450l5r8giM
modified: 3/7/stats
modified: 4/0/stats
modified: 4/8/b1mef8r6rf7hkgeu9k76n7jrtloqihgM
created: 6/2/f1du7hs824vint2f68ogjhq8knsn38eR
modified: c/6/8fk6pqr9b75to4s3kaqhrpefm4ghksaM
modified: 3/9/98e7aloto50scsmpm0kdohjhfb9aruoM
modified: 9/9/stats
created: c/1/f58oqh3d8a8hlhdftca0cp52ts6cefaR
created: 0/4/40cfc625bhb1dgaocmb81b099uas7m8R
modified: 3/stats
modified: d/9/e20o6a9lg01bcueta8phv6g9dpv0mleM
created: d/2/95s9puv9681h0a66bqcv99gti9h4l10R
created: f/a/3caqj32pi228sar4ad9k9bc3cc7bm70R
modified: 1/4/88uhqshdh40jiqr4oiuaj17i8p93g02M
modified: 7/7/7cnmeqisimeucj1vf32uvr1cm00qhuoR
created: 9/3/d8ck590mubkrlvj76f99fmn8ciurqtgR
modified: 3/0/stats
modified: 4/0/1354tfc5o3p0t2b5foo7f48jkcbf5quM
modified: 4/7/4e8im7st78hebp17k69tvqvl606fjmsR
modified: a/d/stats
created: c/0/b82p5j2ttqvfrfrd26g3esbrph8kp6cR
modified: c/2/e24lsf851uetqecvf2olmakl6ervtj2M
modified: 4/f/43v1fj7em660s851q01c9r0se9dp5a8M
created: 7/e/bd133k6sdebqar5n9p8ipj9o1a3biceR
created: f/5/a852ogdcsjhto87khsf1go3b2lvviq8R
modified: 0/b/8c7td5705ir64caqrl22abvp1qeq3hgM
created: 1/6/ad52g9q925crvn4baet9p2c4o1nebeoR
created: d/d/cef9j0biisefjipd39llk2fqal3sj20R
created: f/e/0di59p3h7ke4a4fvji7jpbncqfup9jsR
modified: 1/0/b38ltr68debdfggsq2gue0r6phldeouR
created: 6/4/108a73n97qf26t9m32o0fg1ivd756guR
created: 0/b/57hk8tpgb0r42q4kgre2fnra1umaic0R
modified: 4/c/stats
created: b/f/72fldhft5pcvqrambtj4agj6g2gvsluR
modified: f/2/stats
modified: e/a/stats
modified: f/3/c7ka6tkh6ucr0va2t528k9bq8b32of0M
modified: d/1/stats
modified: 7/9/74o219963ohqa9n2u68dir0igj0ak7oR
modified: b/f/stats
modified: 3/4/b545u8b5ustffnve9ben2o25vnj90teM
created: a/d/5biervuvmbhg0vto94o055bcfjc459cR
modified: b/stats
modified: 3/1/stats
modified: 7/3/f8s7djb6ncstc2jodj8vpqos2sd6c5aM
modified: 1/8/d4ha8uudtrupb7nic2lj2ou988vqfp6M
created: 5/1/b84q2t4779u1v3bqsokeahviqcgk3c2R
modified: 8/9/43mvtn314cgrfihahkimrppbjieunm6M
modified: 4/4/7fqlv4s5otio5af4cjdmtl0ct2ilii2M
modified: b/5/stats
modified: c/e/5ab4kjjjtom5u5v93rj1v85q5u0dk68R
modified: 2/stats
modified: 2/c/4api1oj5iujllf5bkvoakrsset7q5q0M
modified: a/a/2d61tq3ho2rpqq67b370hqb5ddgrhp8M
modified: 4/b/23mpnfu7oubr5718qs38drq8v68cb00M
modified: 7/7/6ctlkl0acrseld06c4chrf2sk9900laR
modified: 9/f/bd1ruu5v2hk7c0uqb6df0gt8n14te08M
modified: c/2/af2oh3g9a3jkgio6k2cdk2uk3tideo4M
modified: 3/e/44i9quu70pquadehq2l7o1g52n3lbasM
modified: 4/1/stats
created: 8/7/954peqmfve51js4968m1o468tt7pkasR
modified: 1/6/0emp2qt6q7n1hdl4slht0euuamj3cbiM
modified: 9/stats
modified: f/7/3f5qnh22ejhdugn7dg6v23h1p5p7teuM
modified: 1/1/ca7t77uif99mc6bgiqnna67dbq9c128R
created: 0/a/3aldgc2kaqbs0s58tp68dsbisti82msR
modified: a/6/51n5gb0r5aeoqnshum2qe1e9stevnfeR
modified: a/6/stats
created: c/9/6ava5o0pu94mgffpn4fne5vj53nerbmR
modified: 1/f/stats
created: 3/8/61tiktpcc9dkbt7ol4kib795r8m4q1sR
modified: 0/c/f4bim7n1fuafpfck2im9neeqv2osg0uM
modified: 4/1/51krkm2ahbstq9cebvd1cmflbe00mb4R
modified: 8/7/272424970njvbkjci8t1fb885cgck0cM
modified: 1/6/2afqaag1ro55shg51dme5tcs0pv4sauM
modified: 4/2/stats
modified: 9/4/0117g3n99cirkddu5r2bn2bqk0uq1miM
modified: 7/1/stats
modified: 1/stats
modified: f/e/abs851otcoqch8snscb1bvs9tj11rgeM
modified: 2/4/feobh48dr513pi1h5189mob3hah52l6R
modified: 7/4/63acinquj1dd64d2o29mj53vc300ukaR
modified: 8/6/e68no2fc9m7h6u8cb4lqllscun1knl4M
modified: 3/c/stats
modified: 4/4/bb5n66h0sc4922rtu1dind36t9kl9daM
modified: 6/9/stats
modified: 4/3/b1mo7m8pii77vn5ucoga0pfvogpf37oR
modified: 4/b/stats
modified: 6/6/stats
modified: a/2/f8j0u3kuatm8s5nvv1fv4uno3dit8fcM
modified: 2/4/aeltc6bo6uedi93ortair9ghj7tictqM
modified: 2/e/stats
modified: 0/7/f0c9q0hkto7dt3tfo4u5qfv6ub8pqdiM
modified: f/8/stats
modified: 5/a/d52kjhce44711v43cr2231mqcfbjta6M
created: 6/1/c8o475qumk22t81tvmj5ddeem8j6uv4R
modified: 7/9/44ms2bgd5kfq84b26947j20nq85cb5uM
modified: 8/0/710btlfjqjv4c25vgrq7eog6rnu703mR
created: 2/9/8a1tb8lcn5k49cth6at6ogd3c7pobkeR
modified: 8/7/stats
modified: d/1/ae38tc4u5i2hb31vavnl5b71nnlo4q6M
created: a/1/0dpnqil6bd23v7t60h2ph2cgniramu6R
modified: a/7/stats
modified: 2/4/stats
modified: e/5/stats
modified: 4/6/stats
created: b/5/b6l8bqahrqsonebt8gq30aav3tob87gR
modified: 3/c/4fbv7000gojmp19fpl6pdld78ib3nkcM
modified: 2/5/526n7mudthbjngg7qtlm38ud7apij7eR
modified: 6/7/stats
modified: 9/8/stats
created: 7/e/6fmkjhrl162dt5c8rp1c15gm0nnufmeR
created: 1/e/f85qugc1u3klkcjgofums3ojjv32blgR
modified: 7/5/9dav2stjtffi706juv0a0h5njk1bk5sR
modified: d/c/stats
modified: 2/8/215hc9f9roru9udlae4rvcduha2tp70M
modified: b/9/stats
modified: 3/6/c47k1c2fbmsntvbumo567h90pa5154gR
modified: 4/0/f80qafqlc2j28j4csllb2fr84bpd5o2M
modified: 0/c/stats
modified: f/5/stats
modified: f/f/stats
modified: 4/4/3991u8u14hmc4073qfqo6846mbilpmsR
modified: 1/a/91jbvm52kosikcb0uatu82qr10r6jt6M
created: 6/5/c6gv3fl7mct6og27b4abr23v7eb78g6R
modified: b/3/stats
modified: d/7/7bmt372rssh865dgtg35tecge9drg96M
created: 1/9/e3a3hgnk5ga05hdpnq71uo6g3fnkqooR
modified: a/8/b1c4im81s9m0hf6nb9co1d73aunadacM
modified: c/b/stats
modified: d/6/stats
created: a/b/fdrmr8t7j6k9u2jj0d7f3abh8eji9gaR
modified: 8/9/9a80koor8p7qigccm0g177elih4k452R
modified: 0/f/f5prum8e7juuttg96l8jbbcto52g4mqM
modified: 7/4/0e1mauv4sv22l5hav0pjfqcll563jcaR
modified: 2/f/stats
created: 4/2/b9fbn28pb7qdgojouhq89ianfegfiq0R
modified: 7/f/stats
modified: 2/8/7c4fjfog2gevl90pvmhoroui7ia5h52M
modified: 2/b/7527k2n4eqjaqnj914mg8d67qk291mqM
modified: 4/4/c1dim3rm0cvterha61gpn7v6j6urrguR
created: 4/a/a8c6f6vtsam1k8l4p4lnopebok3vd04R
modified: 4/stats
modified: 6/3/45fqv4o6kgac4b4uqbo62rgso491pc6M
modified: f/3/d1vtc9rum9nuo88c81vqu1mgo2g5khgR
modified: 9/7/1cbc69mos126o9l4mjk2foq0ifleff6M
created: 2/6/57kvb3eoqqibslnvdmfu0sia6v89lqaR
modified: 6/8/5a818kgangh0spfuin761ko2pjfjgroM
modified: 6/c/59germerm1dav1cgddif96v77qafj6sM
modified: 0/stats
modified: 1/6/77g1p9t34tqni0c41025ckl4jlc4pa2M
modified: 8/6/bfcqhb8l345aj9ojbaeu8u6bv9auc0oR
created: 8/c/5dqgv5s9o5dh8idtio2n6gumfsh33reR
modified: 3/c/26eerbnq1f9ef1ogs5ft88045p59vmuR
modified: 7/8/c7a9paqfm15vo1569qpqsgobv89avaoM
modified: 7/c/4etaq3qifb1ndm0a5gn41qg42llt7m4R
modified: f/6/stats
modified: 4/d/stats
modified: 4/5/e1fas6klrugpv5k8vj4b57c7q43gpiuR
modified: 3/b/924ic98f5d5tvvuhvh9kpchmteerv4kM
modified: a/3/791uj834pemieiqju757l6d1mopai18R
created: 2/c/743f9jm66kl9b53fres9q6ctp4rkk3eR
modified: 7/0/acfkb5qhlbtnoksc38p9vaurjihfkgaM
modified: b/2/stats
modified: b/b/stats
modified: 8/4/35hu65go3tcecrl2ap9ur5a7tii9odsM
created: f/b/888ds9u8gt0tgclt66nvpankp2f00ekR
modified: 1/6/d4fqhlbr7ea6a3g39m2qjrcks4klbnkR
created: 8/9/20r1c2kcbdcim152qso32ckieehoaagR
created: f/2/21d7mshk7pnlmu9dskho15ko0llslkiR
modified: 2/3/stats
created: 2/e/d3ertn5l61snm2npfmp6fcjrhl9s4biR
modified: 4/5/fa06qvli9kientmchc4f175jh49srcgM
modified: 1/3/stats
modified: a/8/stats
modified: 2/c/d2vgclefbehpnpfrobi0d3if6dm5bseR
modified: 6/0/stats
modified: 2/1/423lfhdeu3v91ec7k7mfljnvbkmiig6R
modified: 3/b/stats
modified: 4/1/8c46rqbfn843pma4msiliq8f8rh4h0qM
modified: 4/3/d2kk8qmh5ejegedn6t43c5bn0s8cqfmR
modified: 0/1/stats
created: 1/3/cfojpb6d0q6gcq61nralaqvnj9kp6uaR
modified: 4/3/stats
modified: 7/6/stats
modified: 1/2/f6o7aq3c4of98nfur1ij0ufv60sgngmR
modified: 4/5/stats
modified: 8/7/38jk8g2i7j1ndfh77eqdmlacn40vvb8M
modified: 7/5/5d8pgkrltgrnaq6f6l6549v9vrggbogR
created: 8/7/5a6nflv7u90pq7vb65g08f0keieg6a8R
modified: d/7/stats
created: 0/d/70n94dijgh9tmfok61q8nc95qktsccsR
modified: 3/7/2er1gekp15nafi0gqhju0a3kebhus9cM
created: 5/8/b2uvkavuva7lpi957ug2i1nmbdkgn28R
created: b/6/c2mes9ivnuemlrmvmuho44qvhf0paksR
created: d/0/073hv065rnaeig2kbure5mpqqq3c5qeR
modified: 1/1/27mjccsp936jj59pt8tt1g3osfoqo16M
modified: 4/7/stats
modified: 2/6/20vbrf3f07pq4djee634uqd1kjnl4sqM
modified: 2/b/6cuprdcmtsg0238d4kgh6b5t97cvblsM
modified: 8/5/60e6g6lnup80a3aec3ivgevfg3kbl06R
modified: 1/3/dc93uvp8dvbmna9h2h95l2b3eb9ss2mM
created: e/6/41sun61uh7o9u7mrvjcl72uh1lrrogcR
modified: e/c/73s6rrev265e5l3rr8o4ulp8c79l1piM
modified: 7/8/stats
modified: f/9/stats
created: d/2/efoqo7lu3am69tj9i6m0ge18ipj6il8R
created: 1/c/11kck5p2tt5ddbb6nr34b8rb60jhu2mR
created: 7/1/baa2jmhs09g7hadv4gm12kjrcr4sr1gR
modified: 9/2/stats
modified: 9/6/deqijeg42hojppj3334qtpd2lpjo6taM
modified: 4/6/c001upmtsh4bpui6gaj0p56v18t4t94M
modified: 4/6/f2tfijqg6u3543evjnl9ej4to9fvq4gM
modified: e/5/45si1g3cqbqm2klpkascftutkst8j3uM
created: 3/0/81k0icgn6j2jhjn94fim7i85nucjo76R
modified: 7/1/fftpjsls0k4jlg4joeskagdnop7tgs6R
created: 2/4/f3qki43k2o6qj4ibonla2pnagsmaof0R
modified: b/2/a58fo4lokfi2kkjee4eglkgkagg170kM
modified: f/e/3fj5pdlve6dv43uic83r55o868j8ci0M
created: b/6/4d3j4pn8s57sbtpfv6jsvnfno9ft3p8R
created: a/e/77gk3emnng66q9sn9ee3rdae5qfqoi8R
modified: f/0/af92eg3gteaufrtg2uibcs8b6ksjma2R
modified: f/2/e1rc9od6s6ldnkji61shim2m4ed7e8gM
modified: 3/e/stats
modified: 4/0/f2pffl5pvcgt375tf0oqsjkulgdt8j4M
created: 9/7/e5thrad85g672kfbc9988s2g8fe5r9cR
created: b/4/52ol3tmfvga9nefq9fr4ifl0q30ci74R
modified: 4/2/1dkbvdskduihths9fp2qv64e1luurduM
modified: e/b/stats
modified: 1/6/b2m7icufmmpqdjj645530t83vla17m8M
modified: 8/5/90qfcp3i58nqnpjf4ad4i764g7l7p66R
created: a/8/31sjbjkcepabrqtulijg2ojuc1bid4kR
modified: e/9/stats
modified: 4/3/b9qrsg0a0v8qeu5beupoo9q81ulp7beM
modified: 5/3/stats
modified: a/4/stats
modified: 1/c/d7pli5m5cedudctph263981lsp34i4gM
modified: 2/4/61hcmg86g6vln7att4bea56muqfgmiiM
modified: 3/1/c8u71atj19onf5imqmhhjscciijaq8sR
modified: 8/4/7fmlkg3ol5rhu37n38vv9kd6092b4ooM
modified: 5/c/stats
created: a/0/c8l86cni8cm7qie3tbbvufj2stsgkv2R
created: b/2/6ce1mduis940q3fdtrgl8rk0q4krsiuR
created: c/f/78k23mjf5779prkeu8elp6akgujlakkR
modified: 3/4/stats
modified: c/e/c2ee5ggsl0kvjt68h5unfta4bik58asM
created: 7/4/e84l2k035pn29dicr9pskd0i4rmmc36R
modified: c/f/stats
modified: 0/4/stats
modified: 6/c/f1jmhp808vta2edccs6t6bnuffvbln4M
modified: b/0/stats
modified: 0/a/stats
modified: 1/e/stats
modified: 3/4/b36lhpg6mf9398uuo934ls2vvlp8tsiM
modified: 5/e/stats
modified: c/7/fe9cpo73935iaclm3q42pmjq5umf8e2M
created: 0/c/d4pp5v14cos50pq7go5oi4ds2r7vbm0R
modified: 1/1/1eb2sl8iti45qo8vslkmshkj0mtdvceM
created: 8/a/45ovkcbinkot12pe916t7k9ndqtkjrqR
modified: 8/4/stats
modified: 1/c/20ofohlmjk16p4sn39tnjtbbk8779vaM
modified: 4/6/9bp7fpe6h02pma3bjpkqi3gjpuj5g7gR
created: 5/6/855g2779n2is19gf1h7l6rcd07fv5s0R
modified: 7/b/eavq5279fnukqpbdnp84eetape317auM
modified: 4/f/stats
modified: 7/c/9cchbs595adv13tjgi95c7f0nc4n1f6R
modified: a/stats
modified: c/2/stats
modified: 6/c/stats
modified: d/0/stats
modified: 4/1/64mjek3v6rp3a6idd87klk4o2ka5onmR
created: 0/8/90gur780rpp0be8tdmkb30o7p9o449eR
created: b/3/73fjhhg274akk1t8qb371oglvn613riR
modified: 8/stats
modified: 9/f/4dd6or0f5kdmf6vnsvpa7g2tqubj5mgM
created: 0/d/f1rsdj0024t2hd7bil1lr7tu7dp7ar4R
modified: 3/2/88qev3t9v5m1d5ensvdutt1a0d3pumgM
created: 9/b/8834abp8ccr03alp95raesrq42njo3mR
modified: 9/d/stats
modified: 2/2/4ct761rafv0c4nd59to7g6odugghi4sM
modified: f/d/stats
modified: 0/8/4efoevuvlu6nq7ap9rt4v1bm1rmno5mM
modified: 1/6/37n3a3iqo5ea23au4sflhthmb7uupl8R
modified: 1/a/00am67gh0dadfe0j7nn9bjhiva5g0cgM
modified: 3/4/19pp35dvmo0tn0lf7mhn40pprj81u4qM
modified: 4/5/6f95qmf2praiammul7hp4n8gcr09n2sM
modified: 4/7/714rvq1cnhaljn21lrln5h4k339pgt4R
modified: 1/c/stats
modified: 7/9/4bj8tjctbtlrau4c7ksr11vm5j5rvtoM
modified: 0/5/stats
modified: 0/8/34v27srh6fcrdjmjgml01m388uervu6M
modified: c/stats
modified: 1/9/stats
modified: 7/2/3bl6k9i7hkucum91m6brtvs62ggg7iaR
created: c/3/7elo8k3a33177ketf4ei94is8r8k94cR
modified: 2/c/stats
modified: 1/0/54ggs0b56ml8v43nvoq729v0ngq6tcmM
modified: 1/b/9dm01vh1kc1ej3cq18lul4ht0bttgbqM
modified: 8/6/78ebb0agvumbg5pbsg3vfi5efrsp35sM
modified: a/9/stats
modified: 1/b/4akj1b4abosmse1tpnmo2bv64lpmmsaM
created: 3/e/5acaomotqpr2qcj733381m51sm9uppoR
created: c/a/263dd9rherrco03l75nhbtkccg34bnqR
modified: 7/d/df0cr2109j7p9sk216oldcfacab85jgM
modified: a/2/d92ae8jhrcldk2aqjtibinro9297laiM
modified: 8/5/stats
modified: c/f/f5rv5nh08bmot5g8dob5r2flstil8toM
created: 2/3/d8miuabrkhnt5j3ehb3672lc32blhdcR
modified: 3/9/stats
modified: b/a/stats
created: e/5/d12tqhvri5mi5lr61nqdu9uae0pued0R
modified: b/2/a56kno5vi3sbctjmh0eo9lbp7k8ku94M
modified: d/8/stats
created: f/f/94o7ffsnj05aga98u8tf76lla5rl998R
modified: 5/4/stats
created: 4/e/41oub01k4hnd11q0fq72o3q0r7n0uquR
modified: a/2/eag4ubfasqp9aioefns3gi3mer129omM
modified: 1/4/e94e7q17v85r4eoop21bqgqnbbkthuoM
modified: 2/0/a9iatfpmsqoonj4d3gl0jh8omu81i88M
modified: f/6/1fet05bh6jjgch5cds9p85uerpd0asaM
modified: d/5/stats
modified: 9/3/stats
created: 9/5/96skoitte05p8vjiqs0d4dh41jcfaviR
modified: 5/d/stats
modified: b/d/stats
created: d/9/a2p92cpjt0atmns499rr8kjdc1ekelgR
modified: 1/7/818u385vt971b2732kikntbc9sids5iR
modified: 2/9/e6lfu5proc4c275uic2sk2klc9h958oR
modified: 3/1/64td0vb8ddh7n0ai56l3iqqs6rj30vmM
created: 8/2/bcgv89ig60jnj4d4o5pmo72ah09sa36R
modified: 3/3/26i4t239j8c0os87vqicjg7242nnrn0M
modified: 8/0/ea7pgor92d008hifb2eeeif7m4tuq7oM
modified: c/d/stats
modified: e/3/09nmfjek9rul0dt9jncjgdh0it042meM
modified: f/7/stats
modified: 2/5/22srvo134grqku1s741itqodalf37i8M
modified: 5/f/2aai4oeseleusnp5odaqlv3pnbgqbciM
created: a/d/44l7o0mgadp8d8j5fbllsc73vqjgj3eR
created: 7/6/b72q8fhof9i9ig9s0jl2q49gps7uqdgR
modified: 4/4/28a2edms48rhqa9m11f6jn9nkh27iq8R
modified: 4/8/stats
modified: 1/8/stats
modified: 5/b/stats
modified: 3/8/stats
modified: 8/6/6a3bhdgtmiaevfhh29om8df0mt7t0ekM
modified: a/4/f28j4d42ftvgcgr7n3lnb7831oqmchuM
modified: f/9/3dfn3l3n1pp7asn3b5lj77fjivtgqqkM
created: 1/c/fb0b0mvon43s1bk88sf2mgra9qir58iR
modified: 2/8/stats
modified: 3/c/5fsl9k7m8jkj5l8tl6qbnn5042sl6okM
created: 7/9/0704s3qf8v3apqu5cg9h555j15ih2v6R
modified: f/2/faipj9jjjpb6314jfrddu08uuev9j96M
modified: f/4/68t2jpnf7vp85tf5e4mq6f08bkrvifuM
modified: 1/a/stats
created: 2/6/1fpde2b7sg77aac7jo7o1ncg3gm0k6aR
modified: 7/c/fbhpd8vm3dvr1l414m0ict6l3qgrnhcM
created: d/d/7d44r4fpkisbj53jahlormjdqn8u25iR
modified: 7/2/stats
modified: 7/c/5agbkiq6csho1sjar96a2epu95u374aR
modified: 0/9/stats
modified: 4/6/681n214e5e0so426gmrb8sgqbdk3oc8M
created: 6/8/3b6plvtet4disqbdhopcmnq6s9bncdoR
created: 9/1/cbq3t118ccir0jot0p6ovnqmmbagrcaM
modified: d/b/stats
created: d/e/e69p2kkhh50lqos170hbkmlt6grbsh8R
created: d/f/9el1lg14gvoa9iqgkh4nit92ffgicu0R
modified: 1/0/24ip8qudfh2vmdqskt99nmu9u1kpd56M
modified: 4/4/stats
created: d/d/f2lbfde428odfe7tgrchit8eq1h0bd6R
modified: 7/9/03h646epc2b0326kj6g4u4ldjotrl9kM
modified: f/3/20a5l3t121itb4d7ukr1hm1aaueflnsM
modified: 8/3/41m6n496g3e3ot9j8f3a3gt9srmnqu8R
modified: 6/a/ccc2u6456dl3ffcr62b4suiqgk294f6M
modified: 7/5/8bqbnpjq1u2m8orqfn6c4err46r1c8aM
modified: 8/0/stats
created: b/5/3aeb2i1s1i2a4knm66gbds30bluae8aR
created: 6/e/ba2ttqmhklthufuv85uv5cpmle3lj5uR
modified: c/5/stats
modified: 1/4/85augta9n5s5n6kjp8tbmgn2fmgj94aM
modified: 3/a/9f4o0iab4ai58hench0v7tpd12oe68mR
modified: 7/c/stats
modified: 8/5/5b5mp31dlmjg6r02kipmri28e5itnugM
created: 2/3/548voml8f8bqe4n0f1lr3ghrnb8nor0R
modified: 6/a/6023bkc5qpd6it8r14rtpdk92n2843aM
modified: 8/8/2774rdegtq84n7laujnb0mobgrhg0eeM
created: f/6/5bh7ljd7ilju2o92a9ra2si26tabhqeR
modified: 0/3/b4mkopfscpu044ednvn9dlglltba0ksM
modified: 2/0/stats
modified: 1/2/54offdh5odjqk3mvtjuij8hd3c3k8qkM
created: 2/1/002cf9dooe8aqopevi2bd26s3ghgk2iR
modified: 8/a/78cg0td9kkaie0e0iisaq84sq5elr2sM
modified: f/5/915fbpprq22mjo6fpi6tg59p95q3e80R
created: 9/8/e6h16f9qj4dmk0rsuokbg695hcq5haaR
modified: d/stats
modified: 6/b/stats
created: d/7/00l1cb8mggqn5cqaob9bgcu25d471rmR
modified: d/9/stats
modified: a/5/stats
modified: f/4/65pmldk4jtb1483dirgc9n7n4a15m9eR
modified: e/2/b1ugll9mvjnvdh80p2poe8c6e47hp44M
modified: f/8/68chnj5uj67k7922jbptrrkgv5ofovkM
modified: 2/7/91tg4jl44jnutlv4ohtl4upqnb64t0uM
modified: 2/7/stats
modified: a/7/8bekuehs4aagec8cc73vgativqs6808M
modified: 5/6/d8hhto2jjsurodan649v712knor5pi6M
modified: d/6/ff6k2t6c9vpiet7dftjsbgippbnvf54M
modified: a/9/81hn1a4j1cf7l19spqg5rsb3k87d15mM
modified: 5/1/d5jihqis0hgdoceacbno7u0dpruanjeM
modified: 8/6/35iedscv0q1cjddkhfivdrn271l8b6sM
created: a/1/55tijcrg2d0r4puriilhoiqi166csdqR
created: e/5/51r11nc4f0bjcu0e7jskv66t2j0kh6eR
modified: 8/f/c11nreb150b2gogau2ibnmn7gnfioveM
created: b/e/09aungi9chpavc1h6rfl0d58r8co7uoR
modified: 4/1/10afv2ssdcucdtirfh2a0c7ou208kqoM
modified: f/1/b3o0c8kdus9cq3a0saik3n3phqbhoo4M
created: f/7/581akquttc9kpptnkfgh5cl3jpelks8R
modified: 4/e/stats
modified: 8/2/stats
created: 4/6/010d3vpcng5m3mp7umtgqqd24pn99acR
modified: 5/7/stats
modified: 0/d/stats
modified: c/3/stats
modified: f/7/dfeipusggmljc2r88vqcjlpidh345uuM
created: 4/d/18tnh2drfbq0rbkk6rvh8emfdft6amgR
modified: 8/e/19i0d4thmaqsukc3a5diadnqjgibh7kM
created: 0/f/38sdi3kbcec5tsrf4nep2htnbouv4ngR
modified: 1/4/stats
modified: 0/2/14abi6jv5310ffmfj7a3382qeuk5cjmM
modified: 7/c/6bo1sksnaijh150qnoip7fn13tqab6sM
modified: 4/4/81rk02js5hivm25f94ifjkiam3dde58R
modified: c/4/stats
modified: e/4/stats
modified: e/d/stats
modified: 8/6/91ngic5cg0cahskg4o5ne0jjiue8hosR
modified: b/5/be9u1tuv1dr8to16mj4j7filgp05d22M
modified: c/1/9fkjs8i3f4gsaivferm5g7crml876ngM
modified: 1/7/488uj557l70pubt5aa7j51tkkgusk7kM
modified: a/f/0er38d9o8asr30ftj9td288d731mrvuM
modified: f/1/82o4326m876h9h9bgppn92d5a12pqe2R
modified: 8/6/cbg0grslded0o2r8i36f385r94n5n76M
modified: 7/a/cc5ahedtfmu3r7pe55caj2m6jcnp0g4R
modified: 4/d/9b46oke9kd1nudh5rtnfvcegb0beb2kM
modified: d/d/stats
modified: 0/3/cf82u88r47bvdcaggg7r4m9q8n82gpcM
modified: 6/8/stats
created: d/5/37k0kopqaj15960tu91pr3k9u1ihjokR
created: 7/3/6fpb1cvb4iung7vni69b1shosn0psq0R
modified: 2/d/stats
modified: 3/a/72v5ravi21v3n4hhki1vebdo28leav0R
modified: a/a/stats
modified: 8/3/c443mlp55f59r2m0haip0t42d1acaqkM
modified: 7/d/stats
modified: a/3/eersqcu1kunbobte385ebkjjatp8ituR
modified: b/7/stats
modified: 1/0/stats
modified: a/c/stats
modified: b/1/stats
modified: 7/a/stats
modified: 0/f/stats
modified: 2/a/7docugmk9v0jmfahj39lupef3m7e1vuR
modified: 3/4/c66to1ubg56rn2b5mure8neuj2bb96oM
modified: 7/e/stats
modified: b/4/stats
modified: 2/5/7d5gb1j8k2k47hiedto2iqn0rvb2do0M
modified: 7/b/stats
created: 4/3/c8emus08o4cvp3vm14ur7douqnuf8o6R
modified: d/9/c59q2qddlg5bi72b70ebvsqgletm6d4M
modified: d/f/stats
modified: f/6/6059p483v82pcl9mmrp5qnfp7un8op8M
modified: 4/6/51ssfnb42k38uq8hcj5uoore6hfb1s2M
modified: 8/d/stats
created: 7/6/9fbb3hcfqlhlbeslr93t1csdkk2qijkM
created: 5/8/499t0j8lpn1b8kaquua065tvhpl334aR
modified: 8/f/stats
modified: 3/1/celr5pmhn5d6ettn1ng14c2a93iamhmM
modified: 7/c/6907edv03u7ltk62odvmqfalikh6gsmR
modified: d/2/stats
modified: 3/a/ad859lnrsg1r5lni33du341appmlfdkM
modified: 7/5/stats
modified: a/b/stats
modified: c/8/stats
modified: f/e/stats
created: a/e/e2djjs4su3netqc288tfjnsknm445bmR
modified: 6/a/stats
modified: 2/2/stats
modified: 7/3/stats
modified: 7/9/33cc23j3r624m5po6emh5f2teoue7ngM
modified: e/0/2f9dr2cbfd3q2r8iea4j6l1j6el1jusM
modified: 1/6/cdmd0fgdeopmk3ral7s64qr27gpqq8iR
modified: 2/5/83vkg0vrr2clfnsjuoatl8e6al9cqsaR
modified: 3/2/328appeus0g3u57ippdsj0msm8qpgsoM
created: a/7/6187q5e14ehrpaa1td03mtm2183694sR
modified: c/1/727uphmnurvm8b7nn02acq4j5j83u22M
modified: 9/4/stats
modified: d/e/stats
modified: 8/6/stats
modified: 1/2/5239ovk4v8vpjabcfevhs2p2gjsufjkR
modified: 5/1/stats
modified: 7/4/910pl296bn5kjtnhrif6rbvaq885hheR
modified: 3/2/60jbbom9aop5a2b5ailhggmusgg1ljeR
modified: f/4/6d2n8oq6q16e3dgtjacekn5r1tpec8cM
modified: 1/5/stats
created: 3/4/c3qcgupu18efmjv96k6f99aehukkeq6R
created: d/d/84hp5168fu1d523le9k8sdrgkkdbprmR
modified: e/3/b17ah7ng2ej109ldfp0af5uv8oa6clcM
modified: 0/0/stats
created: 4/a/a2t0tnuauvl1kne71frtk8sjudnsvboR
created: 8/6/dbga56n9ntocsviacv1r6p20o161388R
modified: a/3/aevq16fuu2dfn305c57u9mfgardl4q4M
modified: a/7/ba4rju1m995sdpkd958bk0ve4vbbfn2M
modified: f/1/1br25n44tpbrhb87if92jec53vv1dosM
modified: a/9/335oq143ihnl3krcr69toj5va0dqvkmM
modified: 1/0/97cjhntf31k9r0cf8b6hj76etmht83iM
modified: 5/f/stats
modified: 3/0/1epor3adqropurbq6m4p42uj2ktcjnuR
created: 4/8/709t7inafqvs46p1ft7glsivlifi9jeR
modified: 7/3/510vjanaiv76g7g1tgn2rm97ka8nf30R
modified: 7/b/f5sdto115lr87vs5govo5fdng3ajtgeM
modified: 8/4/c08o05ranbcungon7go4f14icnfts3uM
modified: a/0/b2023n1huj886ubij032g8nofjvi6lqM
modified: 2/b/stats
created: 3/d/acbb0dp5q8s4kmj7p6lk888u48adm7mR
created: 9/4/a1nhcd1rhg9s0ngl9msacq8ub67ip1gR
modified: d/e/f57d90g77b3pgs5menuek1uoue2g4hgM
modified: 7/9/stats
created: b/3/6eopb0lbiram05uuc1j0kec4up7ke4cR
modified: 9/c/stats
modified: 1/1/stats
modified: 1/7/stats
modified: 6/d/stats
modified: 7/c/afasvoq0j07akdcrk0pmm013743m8kkM
modified: f/stats
created: 1/2/1bc4kgr1o5ta3rpe3eupt3pmph0krbeR
modified: 1/3/5d7obfvsp5jahasbhvtrnljffsfuiv2R
modified: 3/2/stats
modified: 9/0/stats
modified: d/6/962mkk5ovq7kso9i206hkdfhve8dkg8M
modified: 0/0/46qcf84kk22jr5b9rhlrleik2mr03n4M
modified: 0/e/stats
modified: a/0/stats
modified: 7/5/248ivv7j44kj04hh4ik3cl8rfomum70R
created: c/1/c80vrbrit92onig9r0nn16lhrjl97tsR
modified: e/0/68mnpepesiuc4787rrdu2pve9of9afsM
modified: 1/3/34vkl40qrurkfd3an6sge62jbc46koqM
modified: 3/0/10ng1cvk1jjbli1apr7s2hbauvq07b0M
modified: 6/e/stats
modified: 8/c/stats
modified: c/0/106qc611mkhslfgj8ek19d2irt9q194R
modified: 3/5/stats
modified: 3/7/e571pnqnr93p2rd301s13tv78lp757kM
modified: 2/0/1csr212k9ktrthmhlm4a2o8gs1bsu08R
modified: 6/5/stats
modified: 9/b/stats
modified: 2/7/57m3v67ko533hbdrn5g8cq7ifo04t2kM
modified: 3/7/94u18foc4ttukji0moakfmdcpdo5sd6R
modified: 7/4/stats
modified: e/7/d4iu7bhc21vf7amhut9vv489eclev54M
modified: 2/9/34l8s7ldg5884p1i19ira6bd32famdmM
deleted: 1/a/15recpbp8etjvn3ahh8ju0j4l23ihgoM
deleted: 8/3/e4lo1c53ap71cijdlqhaa7n5j5sc812R
deleted: a/f/058olaeaosgnjcgrvp0q0r81fb467qmR
deleted: 4/f/47rg99tfd1gd681ne239273u23crb2aR
deleted: 7/d/2fsmiam8ne4qqm05gsd1pu31bnof3hqR
deleted: 1/d/7d8cuk5sama21062tnjm52s5a0v264iR
deleted: 1/8/178lqflgco2hlso1dh8jksp58n3vci6R
deleted: 3/5/5bleie6if8bti1slc6dsi498oiv0etcR
deleted: 3/d/255g3nh1qv2ul6vh0k7tf197jtqmdeoR
deleted: a/f/08fog1m1mk22ofhqjetp8k6ebhlaaf4R
deleted: a/f/7am8d24iic24dti1s2kv1n1ruee03ieR
deleted: 3/b/8dqrv581vc87vk01dbn9c505uoferbcM
deleted: 7/6/88r4mr4auc1s0bu1lvqq7fn3p4eu31gR
deleted: c/f/780l77d6dt15261m6ciaspr8qqd9rnmR
deleted: 1/d/a6oqmo2vtba9k51kmj8et7tpne07nh4R
deleted: 2/d/3244kskv320mjnbpvf4p3031sgl31kgR
deleted: 4/f/5cngvc73csahu7kjv6fve20n5jkklfmR
deleted: 2/d/e2vhlhu42419j2kt5580mqu9s94o3a4R
deleted: 4/4/4ehj1qlpkbvihqekj2ub2u1o59gp7sqR
deleted: 3/b/61bjds5so7drkgv6q8euc81voe3j7i2M
deleted: c/c/c40al9vfdbpmqc2a17j3ngnomqc1t20R
deleted: 4/f/5cqevqj0e1hvinenlm8h2953ml56lbcR
deleted: c/f/a3mvqkk3rgmr8qd4mqr4m1udf8gvrnmR
deleted: 1/7/99dnomubp6bfikc796e9s9l71vpirsmM
deleted: 1/7/b63a445e63flsvd56scm5pt3fgc7iceR
deleted: c/b/e6pfjj2uq25jmg311ur3peaqsrqsv6uR
deleted: 2/d/46ktpbvpmvm60tk0mb126greukj4ti0R
deleted: 3/d/b4mkknj7n0rrh0h3hrked7bot3khnsiM
deleted: a/9/aet2dbdg9697kkcjq82c06l0vdugcrmR
deleted: 3/b/e1ud6hsitb4cu6up3e3jipo8iveip7kM
deleted: 4/e/fdegg3jbphcq1jq2u4vs3b2jo7etvd2R
deleted: c/3/fdgvsfscsng1dq384dibdrfbkqhmokqR
deleted: 1/8/actuq7s0jriu0h25lpedas1ur59h2kiR
deleted: 4/c/75dcdgdoptvp0vhnqo4qk9scq59dtaeR
deleted: 2/e/dehj0qidi1715fdtn7cv01cqv2h18oeM
deleted: 1/d/24fvkpde1un51g3ehg9va2hfud4jc7qR
deleted: a/f/392a5o2csho6v0glm58fqq3n35rh7uiR
deleted: a/e/f55720lerc6pd926l3puh4dl69vrv9iR
deleted: 4/4/c2sh6hvpnfb8gdbdvl65l8drk8p346gR
deleted: 1/9/dbc37r6tqv6jlomq9psdb5cqg28cvmmR
deleted: 1/e/85ugjol21cf0gs7bfrt1iskkdlmrcbkM
deleted: 4/9/3160ndtogc2em92eqihug2suchngqcgR
deleted: f/4/5du9lj6fi4mqdbvet6b976g3js8h864R
deleted: f/6/4c68s8sjsllbv394aoasmvqotsviq8gR
deleted: 1/7/06jsaho05aagmafuv1s9a364rf4i52gM
deleted: 4/3/f0un4bptumvvk1v92gouffi3ops27omR
deleted: a/b/c6756fo87r11gthutuccpajbheqgr62R
deleted: 4/7/27nklq2gr2vinp4ki6v6ffljvii64kiR
deleted: 3/a/ab4fe2h3pm2cmceb671l3gp2btk3a06M
deleted: 7/1/c978vmrsqc2a669qiikr6afk1v14k4aR
deleted: c/2/e9v78u5nd4gi1jrp7s3t7el5t3kk538R
deleted: a/4/17rvsj59rvalrorhnsbsnofnfdm76c2R
deleted: 1/d/d218eqds9n2uihv06hk2ups0om2erhkR
deleted: 4/6/3apqh4llivlopr16ehcv1oou4honlukR
deleted: a/f/16jfk9v657lsq0c5f6b2v079u939tesR
deleted: a/0/d7aofj4nedgl4ai26snvkbsn5fuvo70R
deleted: 1/e/09vjg7l44mb9de7v5uc459s5659pdpuM
deleted: 4/d/b7kap38aa85a341vvc4ugpv4bbeoanmR
deleted: 3/0/cfo3jgdbbf75aal12nutf3vmr9ancscR
deleted: 1/6/c8beghoe8uvnbsrlthutco0klnqj34gR
deleted: a/f/858kk7r7dkd2mv58l8sahv09ekvsikiR
deleted: c/c/20ktj2esqgtdnu7bg7rg8bp165vrodcR
deleted: a/f/007io3gpj09kjeug5bkjrmacu590phqR
deleted: 1/d/1deq45l83d3ng0svvs946bq0jq0gdfiR
deleted: 2/d/75ve250hjhr3lcth4psab1t4eq4l8i8R
deleted: a/2/e95ath6vprbov8k5am5a4fmllkdquggR
deleted: c/8/97ddkteqhfu5o0dkbvba95feu95ha5gR
deleted: 7/4/faggqut9f1nf2kns7qa7gtv6h9vpmluR
deleted: 8/3/96t2pbcgh6g7rekru1n8eouej72404iR
deleted: 8/6/92u0949akcc5guqvr8k17u4b8877m5qR
deleted: 3/e/47961q5gkct97dgjvs42dm91ml8mh66R
deleted: 8/9/8020c7vdi2mtserdghdob5270rd7luoR
deleted: c/c/5e0ub02v3asdmrignpl7tfistm66doeR
deleted: 7/b/7c5vhoj95fscjoosv33ac2udohulo36R
deleted: 1/7/35op0339otsb8454bv04lm6ljmj4toiR
deleted: 8/1/cbvkeh8u94mh0fe10mhjhfqgg8hip7gR
deleted: 2/a/a0lifho94rm8s1u3qhd0khvhsiha82uR
deleted: a/f/1dssd06qt9ff9iai9gb3o4h27us8q6aR
deleted: 1/8/d3ulfvshmqoaja8kkrn7c0gli7uma0mR
deleted: a/f/4bhikd3b0uch2guch573j6aq3kpvm6uR
deleted: 7/7/07l7db7267e1njnmn2gdmgb6uje4i9oR
deleted: a/f/0447vcmp894u4ie7ve3g3p68ps2puqoR
deleted: 2/e/b2ac7dqe6smgv3cbhpm6p5la79d5gcoR
deleted: 7/5/bdnsl9aeun8uepregh1opitof6e5c40R
deleted: 1/8/abv7e3ntbjl3n0t736t6io4uhg1988mR
deleted: 1/d/0eqvb0uco7hjahqa0rlpo2lq1c4sv8kM
deleted: 3/e/57s0l063go9sjm1i5tulpt9u6v4iq0uR
deleted: c/3/b6vmlk7i1angms6n4g4pinvbven17noR
deleted: c/b/e2vluqjdsp10ph1cnrro7iiha9jv732R
deleted: 4/b/0b5f2cdmvpv0tr6fsfaevgphfkarh74R
deleted: a/c/d82pmied7p81vuq0lavu5daidd9mmmkR
deleted: 4/b/8aj526en0v1k0otk8a7c8chqi2fpdmaR
deleted: 4/f/29korftonqkdt4fl2qt0l2r31dj8mmkR
deleted: 8/2/79tohulka2hlap6brd7jt8nc9vtemkkR
deleted: a/f/1cho1a1g07duh7270597v2vqv14ijj8M
deleted: a/f/82lj7j6368h389j3fsdql2ob1mbapg8M
deleted: 1/a/5dfen2i12ploktacsbn27i5oahmmsf8M
deleted: c/6/8145ks9n3tgf23f7pvhcfkei50f219oR
deleted: 1/7/c1kdiskd6dq6ictr2k27f03v10th6g6R
deleted: c/f/971a0l9pgvel94q65d3evsgs7iso770R
deleted: 1/6/d5pfti5kr6sanqimtgif5ovjl8th762M
deleted: 1/c/65nonk2d42ivs6oknon2ueejqr2j7kgR
deleted: c/f/4comfcks2rclknlvq2orln8f4pmkgrgR
deleted: a/f/7dq292nagfc26p399updp2sorcqhusgR
deleted: 1/d/67i84thnv4ggevl9spfe92oic7i2an8R
deleted: c/2/79tngkaau1b9p5u6f3bkena255jprnsR
deleted: 1/c/43jqujg7f51ksi74kkb4q8j2d3tmir6M
deleted: 1/d/0engeq4dia6nqq7puvts0tghmafoi40R
deleted: 8/0/d2fv2h23irr8996c4dhn8uj94vh4ntqR
deleted: 4/a/52ov0asebnq1jhu54ejsgcbur91cnm6R
deleted: 1/e/c8kfsop28g4vmci7kketrg9kh2ulj0kR
deleted: 3/8/cdbib96v99n1vpe3g6sorjv9sg8rvpaR
deleted: 2/4/7f8pcmd8h0s33ajq1keu6780jqlsi5gR
deleted: 8/9/59itlpskfr22onkvrevs6qo0b2d8ergM
deleted: 1/9/91achg9kaaah04bgvfh545mk4jl6iv4M
deleted: 4/1/c82gk54n5i5rf69klq41guoqr0odljuR
deleted: 1/8/ef3aftjoe9n7jkcbvkshdpjh5vg2goaR
deleted: 2/0/a0bg4d2hmbfcua4e0i2vl5iu5t67n46R
deleted: a/f/37uhm3oo3377cij3nu5ivkqrt37upsmM
deleted: 1/7/73p58n1mb9h53ehd9hhke5oj8ea8h4qR
deleted: 1/6/c8ii7vrhu2i4a2c7hnpkd7g45l7jdvgR
deleted: 8/3/c6gme04jdh6qjkan9a75kuur3qnqc8gR
deleted: 1/6/92ll3cqv8tohquth8tlb28pfe3jm928R
deleted: f/5/e5qsuh94mfnand47rggiqanojh2hhoaR
deleted: 1/e/a63nekfejdk7439o6c7aidnfcd6b9u2M
deleted: 3/a/2cmh17f8b4k8o2lqbcku9jtthjpln82R
deleted: 1/6/a3ah7kn8snek0t470eveqccvd7ikvjkR
deleted: 1/a/90bbd8kagdedv7qrqr3fv7pjf8sdksgR
deleted: c/c/b93852ib4lhv2f00knihman4626lgegR
deleted: a/f/2bh9jddd3i03a7ou8gitc3naanemdhiR
deleted: c/f/85uvhac7ftugfk4b9git421eu51gfusR
deleted: 1/e/e071d41jpkeuljcuegg1sv9c17ka9uoR
deleted: 3/c/18q8chvjc476lajtgji1aap8h3renluR
deleted: 4/5/10oojha1726kp7q9vkchg5uam3i9mf8R
deleted: c/b/1dl3kis0825cdmfipm6re7aovofje1sR
deleted: 1/1/f5b8il8rsb01duttcncaf0hoji15vdiR
deleted: c/6/702gcctiu51pkadn2k6l9n8inc2araeR
deleted: c/4/cf7341quiu8hin88ci2i8ims1rl563eR
deleted: 4/e/27rjvjgji6gl8pqbfl4lc4hh7ffbnb6R
deleted: 2/e/ec1l57vavdhdbu9ujjpo2hsbonokabiR
deleted: c/1/3cevfkgmhbm312hqnk3kh4dpggn40dqR
deleted: c/6/25u8srgt4rfhvicf95pno6evib00tuiR
deleted: 2/e/2dsn3tu195s5sd4khkarava7b6f56i4R
deleted: a/e/fe45f8383uv8nteq1cghr7te777h6dkR
deleted: 1/c/69kkth2russclj2l0cb6fu0kg4vng42R
deleted: c/7/55njhfgbacl9ofqu2oosradubuc8gq4R
deleted: 4/f/4d8uqpc54n6iiv553ef20si4l672t7mR
deleted: a/f/128ksf3pfd75279oqhhmfpf6i81m9puR
deleted: 1/7/8aopdifsc825kaf7kbl19md43qvfpigR
deleted: f/4/b36vhb0ef9iclquvnsjm1m7icca8vd4R
deleted: f/7/c6k4mbln3q8kkae88mjc39f485m17raR
deleted: c/f/8dh71fmnap3d32tbp2cja4vl84gvqgaM
deleted: 1/c/de4pv8mccla44it5069kqveloebg1omM
deleted: a/f/181mhqe3vvl1b6jnhgo747c3h5ve0s6R
deleted: c/1/28o3kpf87l6tlpf9p1gv2gibl60tf9sR
deleted: 1/c/edrjsf5uoacsb4ekvcubsj5bec9po1qR
deleted: a/7/6bf4h30933uf4vohoir4tid64m2hf7qR
deleted: f/4/1cand7h3u1ac3m000crk1bsdsjsuhhuR
deleted: 3/e/80m1s01nj49e6mdrsm24liqnfq812gaM
deleted: f/1/2f63bhcda34n4t9sn4d6sm2806qhuciR
deleted: c/f/b78h9e5lmhlp6d4m2c0i9cv941ggageR
deleted: 8/4/3acuf4bpn1duofcgv12jmrblp3jv11gR
deleted: 2/8/0600od16cm6d4i6bbete3ogfi84ogbqR
deleted: 2/a/09ah7agns8vi7p1d4n429pdj38l3110R
deleted: a/8/65mkn94ggc8h6vil58gf5sdb4kbkeicR
deleted: 1/d/ae4nndcam8850k5820ba81gq9om64f4R
deleted: 2/a/e3smnl07o26bni8g13tovufesid3ahqR
deleted: 1/d/6e5hqnjapk017u9lv7tu2mj93l7t8isM
deleted: 3/0/42ajselbjhns1t5p71ofu2uu80sobfaR
deleted: 1/a/4chc3v4qj6cbelmgh5j2j08lpfpv7ngM
deleted: f/7/d9cuc6dlb6r1i5hf1lqksmek1a8l4umR
deleted: 1/e/a2040ju8a772kihj976lcijh3od513mR
deleted: 8/6/9161sh1adnll55emmvpkihr2d6oa6uqR
deleted: c/f/abkoui3gl32oe25fo5gbu2l2c6f4666R
deleted: 1/4/704b3bb2npjr9ces09p4nn4eftvlo78R
deleted: 2/d/8d54ftojd14p7edkm675enfpob6nbpmM
deleted: 7/0/ad93qrumve0udevckiq6lce3lj9gasoR
deleted: 7/5/20nucnovrj41s00spisngbvn92a2t3kR
deleted: 1/b/25fol3agrmm24dp558llch8kog3cpv8R
deleted: 4/f/55lknog1p1l966ub3a10r12iqff1q9sR
deleted: 4/f/6351u4b2hcfmv64afov7j3087oj82d8R
deleted: 3/b/707sjn181btn6sbbnqvq974vsfumj40R
deleted: 3/a/4709e7qvn8ue1q48pvtsot47u3tat5oR
deleted: 3/2/a7ple0rldgkjlm3oha0a6sr6j31l4u2R
deleted: 1/c/67j00rgnkn3rl342u0ev5vppb7eieggR
deleted: 1/d/76lpc00b1lok8ahm4r29htbo2h9sm9kM
deleted: 3/e/095kki6gnn0024fg7v7129g4shc5dj2R
deleted: 2/b/b8ntmjv4n9ve8up93dk6h7644394p8oR
deleted: 2/d/ad4u08imf9j5r7eh5j9v06ehpk96dfgM
deleted: 3/2/2en9dakqco2159kigbdur1ms2hv285sR
deleted: 1/d/232mv6n4iu52mgt8175982bv5j2vlc6R
deleted: 2/e/7844iunf93ij900nmg6lf2di6j60mkiR
deleted: 1/a/b0m5ah3nv7guui7jivs8vht488jubqkR
deleted: 3/d/b3203hv7377h037p7ntnci0qieae840R
deleted: 1/4/bbj69uvdgbq8hsl3hlo1j30vdc381o2M
deleted: 1/d/36uevriucc39h99hjptsg9pe3jiukuuR
deleted: 2/6/75l5kranged2kfncnj1jsr4cjtuupa0R
deleted: 4/d/50ajha250588t6uriadebvmodub8hm4R
deleted: 7/6/f8dg1pqr88q097hbbpl7p1g7n4t2qaoR
deleted: 4/e/bfrv3lj1qkmsocj757bu9cu0ds5b2l0R
deleted: 2/e/d22f6d5gfvlp5373bup0s04it8hj66iR
deleted: 3/b/68p88u571skfsk1j9cingiid2613h1sR
deleted: 4/f/5dl6ui7v7l6q3jodkvtginaa5mvgij2R
deleted: 1/f/6evgvhk3n5b9obais10nb39utlhudv2R
deleted: 4/b/11a1k2ac3f7jdttic5iok6rjgvi0ca0R
deleted: 7/4/69b16fdtvdc2g8hcvaul01ah1nkh7isR
deleted: a/f/82dv9cr3arkkn3ge2ghitc8r45om84oR
deleted: 4/b/aa8vvubbipf10u9ovoob74ibk8j0eauR
deleted: 1/b/93rd9e9hoqug3v583leeidoig89qas0M
deleted: f/6/fa4o0upd9nhhr05ij5f5likhoo7g00oR
deleted: 4/2/a0dqnjf2cuaadavm4626pv7li7aga64R
ccache cache size is 169Mb.
Uploading cache ccache...