SHA for cache folders (/tmp/ccache_dir) is 'fc30af57e4a59dfb5ed0d82bffedd0b3378d8972b35eb93999843c54b264e935'
Cache ccache has changed!
List of changes for cache folders (/tmp/ccache_dir):
modified: 3/stats
modified: 4/stats
modified: 7/stats
modified: b/stats
modified: c/stats
modified: f/stats
modified: 1/stats
modified: 6/stats
modified: 8/stats
modified: d/stats
modified: e/stats
modified: 5/stats
modified: 9/stats
modified: a/stats
modified: 0/stats
modified: 2/stats
ccache cache size is 699 bytes.
Uploading cache ccache...