SHA for cache folders (C:\Users\ContainerAdministrator\AppData\Local\ccache) is '74d0800ec2c4cd8791e292fb55de0271a11c03ffaea9c0504434599a39221ef4'
Cache ccache has changed!
List of changes for cache folders (C:\Users\ContainerAdministrator\AppData\Local\ccache):
modified: 3\8\stats
created: f\a\03h4ohvusidaafv60s5532im3g6es52M
created: f\7\9dt5lu43722njhpnhiet1ssuq1trjreM
modified: a\d\stats
modified: 5\d\stats
modified: 0\stats
modified: 6\f\stats
modified: a\2\stats
modified: d\4\stats
modified: 4\5\4b094i5t5sq52u5ov8v6jtmk5ofu9huM
created: e\4\6ehkqa5qju6msm6ni7qr174o15e7dk4M
modified: d\5\stats
modified: 1\6\stats
created: f\6\bfp22mp9m3rgask5sa9n993vlmfs9maM
modified: 4\b\stats
modified: 6\b\stats
modified: d\8\stats
modified: 2\0\stats
modified: 2\5\f5295cg3mrl65m4ba6b9qr8p9a5hgj8M
modified: 6\6\stats
modified: a\1\stats
modified: 2\d\stats
modified: a\stats
modified: f\f\stats
created: 3\3\196j2020m0iares1icn8k08sl72utduM
modified: 5\f\stats
created: 8\8\e4l6kmodtcfcuje27o1ocdgfqhointaM
modified: d\2\stats
modified: 2\c\86qdf1c5aq7vg6kv5fkrdtv3nfggcq4M
modified: e\0\stats
modified: 6\3\stats
modified: f\a\stats
modified: 1\c\stats
modified: 0\8\stats
modified: 5\8\stats
modified: 9\7\stats
modified: 7\5\stats
created: 8\8\d3m0hb8npbv12d8ugp6fqagju58ibjmM
modified: a\7\stats
modified: a\4\stats
modified: b\a\stats
created: 6\f\d2qjgc89j4kcu36hha8b01sfqgqta6iM
modified: 1\9\stats
modified: d\9\stats
modified: 1\7\stats
modified: 7\stats
created: 5\c\3cec7pj003kfl10pb65lhg94fqs3e66M
modified: c\d\stats
created: d\c\43jg3g7beib5parirg9d9icsntl373kM
modified: 2\e\65gifein84estu2mf64428tdk22q2riM
modified: 9\f\stats
modified: 2\stats
modified: c\stats
modified: e\3\stats
modified: 7\e\stats
created: b\8\96pp86uak8vvfnej2t4ia8k3sm98lpaM
created: 7\5\2an4i713f4ndv6lpgkbjjuf4turqn5oM
modified: 9\d\stats
created: 1\3\1fj05lhqrvf7p6895nthl4ab371vqeqM
modified: 4\1\stats
modified: a\3\stats
modified: 2\f\11rb9uirv08krnao6mj7s61a4sb2oqsM
modified: b\f\stats
modified: 3\5\stats
modified: 2\6\798bt4vb5v1r8uiken565i2epidjh9kM
modified: 2\e\stats
modified: 6\c\7554k29vjre1in67feluthnmtua9s46M
modified: 7\7\stats
modified: 0\e\dcts1apohte03pdknlusub06mllhp2aM
modified: 7\b\7ce8hghbqtav6b7hvlclmnp4qsilgdqM
created: c\e\67t6n8ep2ksnndg4akb2tk6aqab7dueM
modified: 9\8\stats
modified: 3\f\stats
modified: d\e\stats
modified: a\8\e27n3al7c0lc3bj4nrnjn4975ftdllsM
modified: c\e\52qe54m6k5c5gg6irbk18ittkdveit8M
modified: f\stats
created: c\1\65q9ai70e87nuqdmj7lrqlfk77qj6haM
created: 1\8\e8p607nf62deotr2m5od54ci6t8bfu0M
created: 5\b\682umbulia20fdb3ell4nvmfedgg1qcM
created: e\9\12kneetlcdjs8ihp2b7jrihp5gajn14R
modified: 2\6\stats
modified: 5\4\stats
modified: 9\6\71tmrpuerl2a2q6eqf7n1nglffnquneM
created: 1\8\9b08aqnc3ngnhts6dgh4efd3ha9i30qM
created: a\b\3dfb7errel76dj7bi18fipvfqgt3cemM
modified: c\f\stats
modified: 0\4\6a1s4ftph8l5ehkl3qi05kaafikav2iM
modified: e\4\stats
modified: 1\e\stats
modified: 8\d\e7s6fb31iqag2978v5va6e376j4a4qiM
modified: 0\5\stats
modified: f\6\stats
created: c\8\7d8469lhk770g1kkoev0g0tvsltodd2M
modified: 9\9\stats
modified: b\stats
modified: 5\7\stats
modified: d\c\stats
created: 0\b\c3da8ujml3n1lffhnrm6r6ennl1q020M
modified: e\b\stats
modified: 4\5\f1h256bed5ldf3pofp6n5ful244a5kcM
modified: f\4\4eu6vcjuo32ncc0113q7lg2irk6r2cgM
modified: 0\f\stats
created: d\1\95f4bsdomaotrsvfttj0le818nerp7uM
created: 1\2\43k2m5pc9d5b23moplsv8qva6kesup4M
modified: 3\a\stats
modified: a\5\stats
modified: 0\7\stats
created: 5\5\c4nur32vftuhjvgu1id9pfehcncfb62R
modified: 3\9\stats
modified: c\2\stats
modified: 4\d\stats
created: 6\2\b0qtg5ti719el7tam2cne8776d5hn00M
created: 5\1\7bkc5druoe01p7ftbcoih5kju4ibj02M
modified: b\1\stats
modified: e\7\b782ikiud3gdo5eclmsal000hggsva6M
modified: 4\3\stats
modified: 0\d\stats
modified: 1\d\38i2okc21pbj9v4h62m9pnmtmca1u6aM
modified: 3\2\stats
modified: c\7\stats
modified: 4\d\140du7oe9knachcrk7gdp6hfvjtg982M
modified: 7\0\stats
modified: 6\5\stats
created: f\c\d8dctnemdqr67k1njf8be7gn8o7290qM
modified: d\7\7ck0hrh6m8c6lo2sr1houn9f1tfkb6kM
modified: 4\7\stats
modified: 6\8\stats
modified: 2\5\stats
created: 5\7\775f6fp7lh5e45et10nuk7d5hq4ird8M
modified: b\6\975nc1norqk305507r12r177jdourhqM
modified: 2\9\stats
modified: 7\4\stats
modified: 7\f\e8douvp8mhmooj58mpcbd0o5pes7jbuM
modified: 0\2\stats
modified: 7\f\stats
modified: 4\6\stats
modified: f\8\stats
modified: 4\5\f3qpbks6401liaed4v2rfjkbcea92p8M
modified: c\c\stats
modified: c\b\stats
modified: f\7\8amidv1aga4qpm9l13d7j50md39poooM
modified: e\1\stats
created: 7\6\d0h3c71c05tlicsukielhki82adcdosM
modified: d\f\stats
created: c\d\7a0al8hmfvip7m0mllisk8h9fg8dtloM
created: 2\b\9d748q2ul97vl2q6rm90rc6pgvdu86gR
modified: d\0\81543j2l8dhilvq3vsic76e12oef1miM
modified: e\e\stats
modified: 1\8\ffhjevt0boopip0nq45lsrgp5llmlskM
modified: 8\1\stats
created: a\1\3eiel7u9d433qrlnde0du6a4msote60M
created: 7\7\56uagd79vp006lfgcn2cg8l84q7p89aR
modified: 5\3\stats
modified: b\4\stats
modified: a\9\ec3ggue0okm8vr56fe529aag798dc3uM
modified: 8\f\stats
modified: b\1\20vt1urb1phde7rusgmbar3nb0vb60aM
created: a\5\c8e2j927aeqtvp6je3vhekh1eqr1i6cM
modified: b\9\1c3ka0jcarfjtrknrmfs1poevm808noM
created: 9\d\8079n8f598qum4nliuledrp9e75ouk6M
created: 1\b\c8dg0tid8mfk23jntsklplceg4aue30M
modified: e\8\stats
modified: 8\d\stats
modified: b\8\stats
created: b\4\c4up3hb777q8hom5udifs605rijk470R
created: a\6\d8qkqc7evjkg4v73vojln1si1r2p6hkM
modified: 7\8\2f34rjuqtlgiscf6bjsmbeo3nm9s8i4M
modified: f\b\stats
modified: d\0\stats
modified: 8\c\stats
modified: 8\6\stats
created: 1\e\d09v3ggg73e9pd0mdd2j3ignvbc6dkuM
modified: f\c\0dfteu1uc5ao9hfkaip8btkcm5ck5huM
modified: c\1\e5tbrvnj0ep5r4i74eeufqc93l5174cM
modified: 6\2\eft25r8i13dvq6o6s34s1rgca5g1vo2M
modified: b\6\07qcston3h5dugil98q4d9sb3jfb0jsM
modified: 9\0\9eg2g7ef4nf0pg91uhg2uffkf0cv19cM
modified: c\4\stats
modified: a\f\stats
modified: 6\8\cff59tg1aennfksruk0c183puanna6sM
modified: 9\e\798a5f5ctikbq6lntsjkoa5mq6c9nosM
modified: 6\7\stats
modified: f\c\stats
modified: 4\4\stats
created: 8\2\e6285i9seav0291gr6uc6qiv37vq8v4R
created: 0\1\99j5t4db5d05h7dlk64qdg8j23jrtisM
modified: 7\1\7e9f3dvbeuocpb6oq9d7bj953kvlftsM
modified: 0\0\stats
modified: 4\4\efl9968ddd04tt0u98p9cpcngf3d3ekM
modified: d\d\stats
modified: 1\4\2855sbjejoguusrca8vf6p4mv4g2s6cM
modified: 3\a\33rvvvgpf8fbg279tor4urs0s6a20keM
modified: 4\b\c4v16d7fvtkchhopnkb8bocbdp09cloM
modified: 7\f\55ml27f2cqmifg9op8qcvoo4itsut9kM
modified: 5\c\stats
created: b\7\9cqs6o17ljgsdauvtrkp1acb2d0442oR
created: 5\b\eb7luqnoce7mghf7och6ekdpl58ndlaR
modified: 9\stats
modified: 2\4\stats
modified: 6\2\stats
modified: 6\e\stats
modified: 8\7\58vu4ke6hvgoah1sgk8ishece2rgrpsM
modified: 2\c\stats
modified: 7\2\stats
modified: 9\9\fesucph5cghpqgbp7e81gfi64be4mugM
modified: a\0\stats
modified: 3\stats
modified: e\d\stats
modified: d\1\stats
created: 1\5\5ep9k8mbub1f8dds52f57vlkvg383d6M
modified: d\3\stats
modified: e\7\stats
modified: 1\5\stats
modified: 9\6\stats
modified: 4\8\stats
created: 4\3\c7rap2pa1pccl4ni5thjqd4lrn4htbeM
modified: d\0\4e671j6a8h45p2b1cf10fegbvjrm4leM
modified: 8\8\stats
modified: 8\8\782mmh401q08qfmjiciedsv2tlkqc08M
created: e\5\70k5va9nn055cr8jea3vq97m3tnvq1mM
created: 4\5\2cqk9pse67dd3js604bi06kk8lf42lsM
created: 2\1\31e8kvbsv7pme052324n5uoil7v6ts0M
created: e\8\cbuk5a92kimed2nlkmmr6v5cllah5viM
created: 7\1\21b9f1betej8vhfrhuul70ljrusk3r0R
created: c\4\90o71co8rbrfqe497kjncekd45b47uuM
created: 9\7\c8a7fgb3ne7m14qt8qenqiv8jr95du6M
modified: 2\a\stats
modified: 8\a\stats
modified: 2\d\c5s1aal2bjpgpsulvgj53kbqbhfvk9aM
modified: 0\a\stats
modified: 0\e\stats
modified: e\a\stats
created: 3\e\63nr5kpvbaf6ssb0honhahjuqbdp3n8M
modified: f\4\stats
created: 6\b\18kv6jh07nrg16ccaj0s1g7vneevdkaR
modified: d\3\57f9h9fgtni6p9uqoaj1o7h6d7mv3u8M
modified: b\e\stats
modified: e\7\b8fqp2rdgngteg8h5p0ce35nfvmkrdcM
modified: f\3\stats
created: 3\5\345vj1jtf8b9jsbv3kdee034loh4uiuM
modified: d\7\stats
modified: 7\b\stats
modified: f\d\stats
modified: 3\b\stats
modified: 2\f\stats
modified: 9\a\stats
modified: d\1\301mectulf0mn106e18ih5i3c5csmueM
modified: 4\5\stats
modified: 6\a\stats
created: 8\3\634vq6etcp22d4rhlr3g48cvnhrc2aaM
modified: d\a\stats
modified: 4\c\stats
modified: 0\1\stats
modified: 5\a\stats
modified: c\6\stats
modified: 8\7\stats
created: b\1\c5t92tassc3285vl8tjs2g48osuhrmmM
modified: 8\d\caiaq587eqghmgq9dsq9s79kilgqahaM
modified: 2\7\stats
modified: 3\3\stats
modified: f\5\stats
created: 6\2\bb1d74imohfkvo5cgf8enpgj1ha98rmM
modified: 3\7\stats
modified: 5\6\stats
created: 5\a\02qjdiigl2kv3ler1tfjt9l8tishl7sM
modified: 5\5\stats
modified: f\0\stats
modified: 6\9\stats
modified: 3\4\stats
modified: 9\2\stats
modified: 1\1\f8g72mj549nqo0805nmlac07sldf1vsM
modified: 3\e\stats
created: c\2\82707t5nsto3ksnvs9s5fngcho9h50mR
modified: 2\8\stats
modified: e\6\stats
modified: e\1\ae51vre8kpklbjj3o29c61fobv7ap26M
created: 1\0\562bd5oa38umc9dts3a5vg3f6fpnh88M
modified: 4\c\degs8up47kbsoca0sdo270gf8m0bleqM
modified: f\f\cd4hflag4hcotoj4fi4nvgfoev80o9aM
modified: a\8\stats
modified: 7\3\stats
modified: 7\f\833qhu9ifpbvrrlfckrqao91im4nns0M
modified: 9\0\stats
modified: 2\5\cdvmfnsre241c7gj7re6lvjq5nbqugeM
modified: b\3\71s4eordv7vci55apeucmqikefr6v5cM
modified: 4\0\stats
modified: 3\f\9fclgnmibsidia62l5975ao04b1kuhmM
modified: 4\stats
modified: 1\0\stats
created: d\8\1fhv2go3u1iojedfrb3fsalo4uvf1ucM
created: 8\9\24loa8bicku95lco58ticnedhfu22c4M
created: f\a\02r8kcle13kh32dnisg71karj4gjg58M
created: 4\c\319dstgjrl034t9scgogpibtcn8ruleM
modified: a\c\stats
created: c\0\d609jqkqdpha39c89hh2rnr2hh3fnduR
modified: 1\3\stats
modified: d\b\stats
modified: b\9\stats
modified: c\1\stats
modified: e\9\stats
modified: 1\d\stats
modified: 1\0\a5t9gf6mikecbs83ik1f8ll637j8vomM
modified: 5\stats
modified: 3\3\bdkcr774rqttabcm50p7bh6lccmheh8M
created: 3\3\84imc67nfkbhtpibsj0b2u9v8f2v77uM
modified: 2\3\stats
modified: 4\3\40ff4feqb1tjfgskq565l0dl172nu26M
modified: b\a\0aj2bpkler1a5bv83t81ntuqqjdt22qM
modified: 2\7\4arngvj7m9k9q3pthfr810m9hkp0k3mM
modified: e\stats
modified: 5\e\ed8o4unqmjeuej74kpjpvecv1e8gg0kM
modified: d\6\stats
modified: 7\c\stats
created: 2\c\37das4frfb54u0a0pgksikr7p92iib0R
modified: 1\stats
created: f\4\30vcfncs5id6qpfdbv9v40663kmblomM
modified: b\a\9bqc9ogegqm0055t4dkk86vsp8oq3loM
modified: 7\9\stats
created: b\9\954n84cpj2dcmtco9rsd0juoe20m50aM
modified: 9\c\stats
modified: 1\4\stats
created: 3\1\55th44lvdsrnccb5f886jutaabqst0uM
created: 6\4\54tceidihsqi8bc8hepla1iqoh2sdhoM
created: 8\f\190egcne3misgg59h2a4gkpec2e8d3mM
modified: b\5\stats
created: 8\d\20i5f94bg01d4sjkesu1u7ohmt0km1sM
created: a\0\07a2k3fj7po66caph9kn27j46etk1peR
created: 8\b\1e4ie6em17giv625dovikcv87s8r53qM
modified: a\a\stats
modified: b\b\stats
modified: d\9\5e1gv2se890obfo62q3f8ed6rq1oc9eM
modified: e\5\9auomi79n1k7m6c6vb1vpjjl2lksrnuM
modified: e\c\stats
modified: 9\e\stats
modified: a\6\stats
modified: b\2\stats
created: 2\8\023lreo28mthm125ftr2klquckvkvasM
created: d\5\1eoq7gb57vk6hl1ednaqg7afdek64tsR
modified: 7\3\c5bg12noq7il6dlic4k2m8a83i9usn6M
modified: 1\f\stats
modified: 5\1\stats
modified: b\b\54hprj1drsn3hp27cekco3gm3jnelfoM
created: 8\a\bcbaades9sidgmhv13ssqst4gi0kb7eM
created: 4\9\c1n119096k73u96bfvda6vs8iijnie8M
modified: 1\8\stats
modified: 6\stats
modified: 5\0\stats
modified: c\5\stats
modified: a\b\31k9ftt5bd8h03nsm0mr91dogv1m3lmM
created: 4\b\9ft8grc05s9o6f4tu8mpkejvseh5m22M
created: 8\4\443g69k5q8gptcnrdk8lqednu41vi9qR
created: b\c\57mqi6so7ns1sk102e7h34iah6dnla0M
modified: c\9\stats
created: 2\d\fc7ls3cm3ske9fa9tcp76a0k4v3eim6M
modified: c\e\stats
modified: 3\4\bbebrjl3ni5poth3slmphisvtr5g9n0M
modified: 9\1\stats
modified: 4\f\638jgb7fi07ui7hi1gmrhqdrrqtb5h0M
modified: 8\e\stats
modified: 0\4\stats
modified: 6\6\98jgnqus6scg620bhkp6na4ajs4899cM
modified: e\2\stats
modified: 1\b\stats
modified: b\7\stats
modified: 2\1\stats
modified: 6\4\stats
created: 4\f\31tsek59o70odrhlh7ohq8daeuv9bueM
modified: 0\c\stats
modified: 7\8\stats
modified: 8\0\stats
modified: 5\9\stats
created: b\0\5dqugc3leg6418ae2aaqe5rc8o2pnc0M
modified: c\3\stats
created: e\6\679k3dkq5sjkpa5jt7bqdq2ev4rsm88M
created: c\9\ebhs3ufkkek9tufgue2u9rflfg3h96sM
modified: a\e\stats
modified: 7\a\stats
modified: 6\1\stats
created: 9\b\b0lh2vkaqolam6rnh3hjs0u3u606t8sM
modified: 9\3\stats
created: a\1\08bt0opa7a1685m814fh3820pmrii2aM
modified: c\a\stats
created: 7\1\517ka0ipp5910fhdgl5913ksr55eldiM
modified: 3\b\88p3nlq2v2e8is8rvp40ojtf0b4i07aM
modified: 1\2\39l4a1delhgm1j1hh2qd34rgjhsvioqM
modified: 3\4\b8dgd5bit3kdl01nclv62ibo3a862oqM
modified: 5\e\stats
modified: 2\8\97tdj3dkn08uufob8iocb1hbjgpl5jaM
modified: f\9\stats
modified: 8\b\stats
modified: 9\0\3cqbbkq09lrkhdh1207hh36tg068jakM
modified: b\d\stats
created: 5\6\5dfuph8hi4tk6qpdm1rau0klld1j3jaR
modified: c\a\ccp0f9dk7sqsgnvjvmpem194df6htcgM
modified: e\0\34jrrcof0otve974iskco2esv35p32iM
modified: f\7\stats
created: 7\1\a0slm1nqrpauc0esdm7p66h98v6harcM
modified: 4\2\stats
modified: 2\b\stats
modified: 8\3\stats
modified: 8\stats
created: 2\7\b60nef80c96i1pemcno3l8h053be5g2M
created: 9\e\3bl0o879d1oph94r0fu03ehjjp0e7ouM
created: 3\8\a9kdmqn7ds5ndspog5sh4tfue51njd0R
modified: 5\2\stats
modified: c\0\stats
modified: d\e\056hgei3e0gkvens2tj3i6fmca0ac7gM
modified: b\3\08f7flkh4re1iqdlag7jq9pqkpto7auM
created: 3\1\2aqpqhvgubv0d5iv7ql951uj0eu4j0uM
modified: 7\1\stats
modified: a\b\stats
modified: 9\5\stats
created: 0\0\078ago9t5bcp38084hs47anl609020gM
created: 7\c\7c1aonrde4fdu4fi2fulac0roogtnq4M
modified: 8\2\stats
modified: 3\0\stats
modified: c\8\fch8th9q17l5n0ib0k6m2q07r0jpm3cM
modified: d\stats
modified: 6\f\386hrq3kn7s0prmis08uf5t43h2ul56M
created: 1\5\81qau3jq17d77etdhoj1mjhcma59rt8M
modified: f\1\stats
modified: 0\3\stats
modified: 3\6\stats
modified: a\9\stats
created: 1\2\b8j0613sdvhv668uhvq7sqc4iphpuvoM
modified: 3\d\stats
modified: 3\1\stats
modified: a\2\6f2jrofajr3kbr92id3a2ofa0ibkri4M
modified: 1\9\bb2v1cktsmjoo88p2hj00k25u6ohgbgM
modified: 3\6\8asoic0ivbp9lgd8qovh95s6m2mu3j4M
created: e\d\83v62vno5cc0hdqctv6rd6a1o4hdu00M
modified: 9\b\stats
created: a\b\0fvli1cm1v7ftqlsg16uj604vs2diggM
created: 0\f\886hv2a4d7qdfpf9ks5f977r695sqrsR
created: 9\0\680j3baf8pk966ldndrnstk6ls44e1gM
modified: 0\b\stats
modified: f\e\stats
created: c\2\6e4asac5sff95hhidlaglckufvj4te8M
modified: 9\1\12hpe4vlhlu5pn751im60pme2lr5ijsM
created: a\8\32lvmv9c2lh8k8m3fc8p1sdt1aqn122R
modified: 6\c\stats
modified: 8\4\stats
modified: 5\b\stats
modified: 6\0\stats
modified: 9\e\9f8nkdtusf5otj5c1hlrsus19a6tmagM
modified: c\8\stats
modified: f\2\stats
modified: 7\d\stats
modified: 0\9\be2su8a9vst936e521v755btfgc5rqgM
modified: 4\a\stats
created: 9\7\2eln3ietfc7hq0ug27f5hgcclescg26R
modified: b\6\stats
modified: b\0\stats
created: 7\0\4e6au48lqc3uij4bf95po486d9fb5piM
created: 5\5\1du0qqmt1igdujsmf00kfbs3anigluoM
modified: 9\e\d9u4ih8e8lh52hioh2gbqc64v028f6uM
modified: 0\9\stats
modified: 5\6\28sragskiku3vd9ljlno7ooo6u5e3a0M
created: c\7\44mtjspgq6mnns6gv0337eq89107nh0R
modified: 4\f\stats
modified: e\f\stats
modified: 2\2\stats
modified: 9\4\stats
modified: 0\6\stats
modified: 3\c\stats
modified: 7\1\0ep457to58j7ddtgs7hq12eqk2udffkM
created: 7\d\5b8ulvgfh6ha146q5knfipsbrgflpk2M
created: b\7\e038qo6dlrppieu5o5nus1s95qduup0R
modified: 6\d\stats
modified: c\6\60bb4boptdo3m37ksjvdtpg3jkrseruM
modified: 8\5\stats
modified: b\c\stats
created: e\3\ef45kkk4sqca328bp27a1c40dogq0s2M
modified: a\f\749g64nc4iiugkud5bnne4545u90cf0M
modified: 1\1\stats
modified: f\8\3820fcbiv4iv6kjfmmbjf776e9np0vsM
modified: 1\a\stats
modified: b\3\stats
created: 5\3\ec67ig78rkj137i3lu5q1k2bn59hjdgR
created: d\0\dbs7t5ce5av8erce8ja4vj55fej011sM
modified: f\e\aaehr107dd3n4vbepq4hprddsi8emdaM
modified: 1\2\stats
modified: 7\6\stats
modified: 4\e\stats
created: 3\8\afvuntmn27j8sigr5scjnq0pc01e6a6R
created: 1\f\c5h5skp42tdap2dp6aje886a0lq2278M
modified: 7\f\dd965jlkatii6t21b3c9kdl60a6kr6mM
modified: 4\9\stats
modified: e\5\stats
modified: 6\5\77fju8ss1p73p3p5tlln8th96rel1hsM
modified: 8\9\stats
ccache cache size is 1255Mb.
Uploading cache ccache...