SHA for cache folders (/tmp/ccache_dir) is 'b85c65f6e361a3465b681c06bf3f0b0385218f720b02e1a0142fd383ffd78df4'
Cache ccache has changed!
List of changes for cache folders (/tmp/ccache_dir):
modified: f/2/stats
created: 2/2/c3h8tjgltnl6795u7qjhgcoh2ksd7i8R
modified: 3/3/stats
created: 5/2/ba2f3bqa0hv95tc9va9pm8ob377ns8eR
modified: 7/d/0eqgjf0m7m38dk18lsscsa31uueruh4M
modified: 1/b/stats
modified: 4/0/stats
modified: a/9/4cphovkbjnl917p18j8mkhkjnqf6cc8M
modified: 2/b/f4msogi8o2cjmoqb70t28jrtb1mkkp2M
modified: 3/0/71d8srb9imqve5pne38dku9ftg8a6i8M
modified: 3/4/stats
modified: a/3/399ekd7hi7af6k3jpfuc4p4f8554dqsM
modified: a/8/1fr649i5vau3eo0drbnhno94ilpa3hoR
modified: f/2/92kv22j4pcer40jpla86jeisiqngi20R
modified: 2/4/4458vmkkse838aq29jgu1t7cudrv7eoM
created: 4/a/55tmn5aokcnqt2lpnh8hi2l67hjmss0R
modified: 1/4/39lc11mrfkns6kq632e9amded11t9t8M
modified: 1/7/1d0bhg4hok1airvo8114boaa2nie4toM
modified: 1/9/stats
modified: 1/d/66fagqtqn5q8nft5p3m8qf8t6mjto34M
modified: 2/e/91lor2kp5f2hjlm6umt1lmfb9ripjpaM
modified: 3/4/8fuj6qlh9f7gl4l67tt6u3n5k957c06R
created: 6/7/eft96g3r94f8pffhq69tub8t8m01gcsR
modified: 8/1/b11g0s0m2q8nvls9aje7eqmt4ebltg6M
created: c/5/bfmfh6kett1ni2de4l6608dl4pk1hb4R
modified: b/8/eb805itn3gkas219ugumb66bvkc8dtkR
modified: f/4/79mfqmf64uqnul17sbhik5ig0drm8euM
modified: 0/5/e9pqct5lrqoj4h79vfoqqf9v2o5qeg6M
modified: 7/4/e3o8fljvm53ug34nc5e5e54r0iml1m8M
created: a/5/44lrtkd8580r6jbm2vomdrph0di81aaR
modified: b/6/stats
modified: e/1/748q06e055tf481j83999f50pedhetoM
created: 1/3/4c2ueb1jn7o2u1v4lq6cflh3id9qtoqR
modified: 2/1/stats
created: 5/f/20ut9qru30i8ogkadojad74usn052r0R
modified: 7/6/stats
modified: a/0/36sdg7pcrudjosuj3u6gv0ecm64dd0sM
created: 0/6/14e1itsplcitq55656bbke6fkvbcseeR
modified: 0/9/48qhe6vs2iumdrg2fn46lcug0cirid4M
modified: d/2/stats
modified: 4/8/84s7vb4cll564te38uhutulcrf25lu8M
modified: 9/0/59o0852opvmvs88k6886gfbebu74mt6R
created: d/4/f2bq9rev0jncgp15k6u09mmcvg0hqkaR
modified: 3/1/57uhm9ea357fel8k44nqhcoijbige96M
modified: 5/5/39jdmjpsia3k1o5a09aahltc4cooc0eM
modified: a/5/10neu82nso3rcv0lcmc6iqp1v6mil4cR
modified: d/1/stats
modified: 1/8/e0ub06hp0udb87nn5kkmldcc789db4mM
modified: 2/5/e76boc4evmdole5924rd6shabgjli0iM
created: 9/5/979s0mb3be4gbb0f085t6603s34i1fuR
modified: c/a/691ntn7ciemt5bqnrjongmun4kuepceM
modified: 1/stats
modified: 7/8/19fgjh4o606of474sj6au53qmpo6fpeR
modified: 8/1/ffnbnkgi3meiacvag4ktdaatugenh5mM
created: f/1/884j0rbil1cvlbmgl03ab34dj708a0eM
modified: 1/5/stats
modified: 2/e/stats
modified: 5/d/e2deh0u5k866qdm7jqirrqpmcraon4uM
modified: b/5/9c5m0njakb523b4o156354980pqbnk4R
created: f/9/5a9e8scnaetjq8107i3cedsk235nmfaR
modified: 2/2/a0h1opqie0c4qp8f62o2iabp7jvnl2kM
modified: 5/9/stats
created: 6/b/95vqqif945paak9jqb4sl007h1r4up6R
created: 6/e/1csoc7561pmlgjq7oq0ueqcju6gbmqcR
modified: 9/d/8ec39a12ca4obgvbq7stib94r6ivpq8M
modified: b/5/272hfv9s57nne63fb9pc6756clou93kM
created: 1/a/06cpn3ikqjg4o8l4sdiulmrqdh7nmigR
created: 1/b/abf7agvurt77bm8fcootjcchso3ehjeR
modified: 9/9/stats
modified: b/1/d7ssdta0h17t7kvcqrqjutbjtl4e9dkM
created: 2/3/cakpqifm3bt8ed5u994fl7lboj2dmbiR
modified: 4/2/04av0rla2lbggcrers3tv2j2dds3bskR
created: 5/a/1e5ev8fr5554qmt4n5v6sgea1bcbl20R
modified: 9/0/905icl6o697h0v95jj7t64abjmce64gM
created: 0/1/cba8neb0a891m7lr4ljcrqpo6h6cab2R
created: 1/7/72shs3f32pmgkkmntmub285neqcndgkR
created: 3/4/c8ousg8vf30pd5urdtclo8epaskcs0aR
created: c/f/deqif09rmuv0tob83hdfqm4b9g7emt4M
modified: 1/1/5cqv5iladsihcvrrvvd0pop1ogaavhiM
modified: 1/4/70nhcjghdmjk8ln5vjshvk8bhk3l3o2M
modified: 7/b/1c4dk3h6qni28t9farabagc7do86muaR
created: 8/7/3cblqsgojvd2vim97idnq4mf6du501aM
modified: a/4/stats
created: c/3/e4i0gkcu0nclhc6fnutc42ig15ghqbcM
modified: d/c/76fr1bd77og4d1honvskks4be9hvlumM
created: 1/6/987db38manbk0gtajuajuki7gsv72p6R
modified: 1/f/f65ootbem531mnmf8hj56psv8mlab2cM
created: 3/1/a9he8tevmme7p1ls7oqmor37cupclksR
created: 3/a/8blgcbt0f62rpjl332bqsotgaqdeau2M
modified: 4/b/861s4kdtbfr56s21sdau4o58rloo8reM
modified: 8/d/4a7reopbo2h32i7vg5h1fun6b05untuM
modified: a/f/stats
modified: c/9/a25o3plaafhkhfcagtg8cspq9pd1dfsM
modified: e/6/stats
modified: f/2/28qtjusgg1tgs3p2ruk3uttp34auef0R
created: b/4/a5uh5q33lda1kc8h00l9mlvls3j2uuuR
created: 1/4/c35eegtqaqao6fu3984aud39clvkmb8R
modified: 3/3/64nsvr9ljolva6np3u697ki47jtoarmR
created: 6/1/94eruqa29blnpjsnq4oe2kf7kt73t36R
modified: a/d/a715e2nefsbne220jr5pe2anm6knuesM
modified: d/f/72qqumn6jeeag3qtmuon49jr420hoseM
modified: e/c/c41h715k3no26fpr6agnk0b7i91tj8eM
modified: 4/2/f6v26e80mso7ps4p4gl91666a4j7i5qM
modified: 7/9/a0je6mr9dkvjjiqnf4eidpnpplndbimM
modified: a/7/e8aaok1hfr0hs97lv1101aj00fsnh5qM
created: c/d/0be4tt2ceaa9hdo5r6kgrvhk8n39k6gR
modified: 0/1/d0ep595phks9i8re38c5bo535mjgqt0M
modified: 0/5/stats
created: 0/c/4cho2t9n40l0mbfcn4sgk19m4r7n7t0R
created: 2/5/8cuoqp93qnu66bn7n7rbs6phqlfbla6R
created: 7/c/608prhp63mn1u6de26hocvkrrmb4gl6R
created: e/c/9c5atufjl4bn6hfnr3op0farmlivk2eR
modified: 1/e/082vj164ga1rlq9i4sq28fs2q0fg9qeM
modified: d/6/74gnd0m4ouir7a8kamilmf7epsb4hjqR
modified: e/6/d638qlfl9navq4i4lpo7nqgjph9so16M
modified: e/9/stats
modified: 2/c/04a3tobd8di1qk8c14fsbral88q3negM
modified: 6/1/stats
created: 7/a/4at68jj37bc2i94ak9t3dk1ca9r7mdmR
modified: 1/5/a57p1jmsjrh1871chqji204oi4le0vaM
modified: 6/3/stats
modified: 8/0/d7kqf9nb81ok6q8lnfk3t5srcmi68agR
created: f/9/48rdvtrskvgbnbmoj56dehqloe55pdiR
modified: 2/6/8cos0h95c041gv2mh8kj4imrbh3qcooM
modified: 7/e/stats
modified: b/4/f9qgn3gm8vrm0r0639tsbnhd8bqs7vkM
created: e/4/81ccos5bkh5uppvogmj7409nih63io2R
modified: 2/5/stats
modified: 7/9/e8j9u08g71uh2m5nenfsojam6epj1vcM
modified: b/4/stats
created: 0/e/8803qjhfkqa046doeknqpab6odebihqR
modified: 2/f/973ufi0ua56qa5hmmb8s89f33esnh5cR
modified: 7/0/7cv8e9e3ldj8uudsflgj2tkum18rlkiM
created: 7/4/64nlvh9igpuqrhrnm1m70ssk4phjsd2R
modified: 7/f/45cpju3j4fsdb5c74nlq0iuvmumoldkM
modified: 7/1/d33gbh7fb5ud0ofmdatmois6eqrppvaM
created: 8/d/3akj5r24ek0n60guh8mltshbu314t0eR
created: 9/8/b9vgq58tkn689r7gsmigdj8gr0mtvm6R
modified: e/0/stats
created: 0/a/8cmadmj7cc23tn4ritj95idgco38340R
modified: 1/c/stats
created: 8/e/0e5998nc49bf75dnv8lr89qng4sflsqR
modified: e/5/stats
created: 0/8/c1p74k80dqpd4ge30be0vh4g1kcbuvaR
modified: 7/a/stats
created: c/7/c4s2in29c13ulg68ten4rrc311eihbcR
modified: f/e/stats
created: 0/1/dfujiishbkdb2ct5s4tmimpjbvs1332R
created: 1/a/d313lm7riei3mf2tlqdkvpf62c3ov1iR
modified: 6/8/stats
modified: 7/7/8eqe516aegvjdoi77cmjai49dmdg7hkM
modified: 7/b/stats
modified: a/e/stats
created: 6/4/9ah1ocsaanruaas6db22tci46pnsh26R
modified: 6/e/95ioh8etq40lqus19ak8g0lcellr20gM
modified: 7/8/87egph8jt24tk04peitjmmr4h9n248eR
modified: b/0/15qvbd5rimtao4gkdqks7ae4i0kc7mqM
created: 7/b/f2t22a8me62bfsngglp5qj03ofvtel4R
modified: 7/d/stats
created: 8/b/99ohofhjpp4bd0da16uli4ib7c5j316R
created: b/e/26c0ko3ogpuus7jomil4u2vs9ivuljgR
created: 2/6/5fdalaqmh5n0fciu5sag4rld03s7c0mR
modified: 3/7/stats
modified: 8/5/d7n3mqakgl9fgu0q24sin30t510ql04M
modified: 9/0/0fe0urqq9311b78o4utp34fp459h1h2M
modified: b/d/stats
modified: 1/1/678m3btbjh0nh39q96qnen5m5s2trkmM
created: 3/8/a7e8kic2p6s34d0a1pa06v6ki3h45qcM
modified: b/2/16ak8etibf32ehd3loihgger5eaa79oM
modified: d/6/5cco93oaqapjsa09d6mmb4cm47frg6qR
modified: c/a/725vb8mvh1ekkpmlb4m12dbdtq6leciR
created: 0/6/80l88c7er8u1ce7f2r7fdulsq6qtqb2R
modified: 0/c/stats
modified: 3/1/2b80epk7e7gg0i0ks4uegocptl9pcm6R
modified: b/9/e9se7omnsr5ad6u2e9qaqc0lgg05f6sM
modified: b/8/9bpm9ibjqg5f6n9lsdkie87kq9tvsioM
modified: f/3/stats
created: 2/8/cdlv8qinf3v4cek6gilq39qubhv8bl8R
created: 4/a/82i5skc0dhdq4qb02rg5q2opivm0mj6R
modified: 7/c/c19koqcianeneeicjml8im5o3lptnm0R
modified: b/0/stats
modified: a/d/d1u2t9lupq5tdfr4t3gtp5mnjb2hidsR
modified: b/5/797ikqjoj5kct5jo6fejb94ed0cdlu2M
modified: b/c/dfk27psn6qft48bg7qerhh33fi0rjumM
modified: 2/1/8depau7r535kvgkdqt56a0tfn1v66f2M
modified: 6/e/stats
modified: d/d/576q0nr5a3fcnrbdf943u2n1gp3ooj8M
modified: e/f/819mkst3hqfrkiag9dlsf8eca7hjissM
modified: b/b/46p7nkkmsdgcp53akh28q5nvpr555keR
modified: 3/3/72efn8jn7a3q11j4366gc1ek3g4cj7mR
modified: 4/2/1ccbr5ut4l890aaeek7ncv7rjceqmsoM
created: 4/9/8fbhq42lpo4ufhdvsdpndg2ogsuavm2R
modified: 5/1/stats
modified: 5/b/68gmqkae161753o28aqvdamkijtt3heR
modified: a/9/e3frf7o57lq26pm224l50lnrit2i4i0M
modified: f/9/f5chp24v985un81big587l2qe10jm64R
modified: f/b/stats
created: 3/9/deq63afajqs06fsk6nm9k9lpu8i8u3eM
modified: b/2/9emdntj582erps5g7sokdq4pvbo9cuaM
modified: 0/b/stats
modified: c/1/stats
modified: d/6/10ufddhfjjui88ep8h9upuicbhr339kM
modified: e/0/fd5ia0a160ublq1s0i6ntuphh2cno1mR
created: 0/8/15hkq6jg52j2qokm1lih767vg6uv9isR
modified: 4/8/delcogrv0vev59m67kjggi8q6o9dskgR
modified: 6/d/stats
modified: 6/stats
modified: b/1/01v8ev1cae144bm4b1fnhq1qgt1c7l6M
modified: c/b/stats
modified: 9/a/03p6oh2a69trc38sf261l1h7hc33rvaM
modified: a/3/10olhrp7847daf3pp1u2e4a3ll68issM
modified: c/0/90b5igh2krli6qt8btb5pektp6uk7lqM
modified: f/c/stats
modified: d/2/04l28lrhnnd6j7j4v3bt3nc27i89bgaR
created: 1/7/2e4g8886jlnkgm1ehgkq6c3aq7s05c4R
modified: 2/c/cahcqckl879bldjurts3agtkfl4ck62M
modified: 4/4/stats
modified: c/b/deiqcm94l2m8g2coael1lv2rq3s5mvmM
created: 9/1/8b3erv2a8g2lbk02tkjmbvuv5iv6t8oR
created: 5/4/15ogu3je0kml5ou2tiigeri7266c2m2R
modified: 5/e/stats
created: 7/3/c61jfgot8e9qvchktlmqrausnu5dgguR
modified: 8/d/6fdejm9hk7jkdf0dq90i4692og5g5v4M
modified: 9/c/stats
modified: a/b/stats
created: f/3/cfgekt0hq9kfsjm0agnaju7ilfvj4g4R
modified: 2/6/a7futq45kfpvnfalbp02l8aq406faqoR
created: 5/5/72cjso8a1kj86fodm8m5os6e71shua2R
created: 7/e/faqs249hrvee3ujd2q95cbkn37gt4mgR
modified: 9/3/stats
created: c/f/83t9t4r14a82556flpo7no7jok9jsl0R
modified: 0/1/2f219ho3264c72ijj6fn191oepposp4M
modified: 4/5/72b9fttdjcrv2k6on4pf0d49807rj4kR
modified: 6/3/5ffpg3lup8ca28qpvbdm52qn1bpan9uM
modified: 7/c/stats
modified: 8/a/stats
modified: a/8/ab5gi4jebq0a8ft688n2df3js8cq7jgR
modified: c/6/d7hvi2d6sgte0f17aoaqusq729nit68M
modified: 1/e/stats
modified: 7/2/a2u5v484b070p29l222matk2td0l65qM
created: 7/e/388le15b9am8lfhis8tvc6v6ak4etheR
modified: 8/5/b2hiql3l84060a0749ac26ids6j5s2kM
modified: 8/c/e57b5vp4m7r6n6oceuecj2jmthl377eM
modified: a/5/stats
modified: d/3/c5ecgmvi9nph8rqa44hque50qgh1t7gM
created: 0/2/bfp2rfp0mqo9as0po7u10apramrijmeR
modified: d/3/stats
modified: f/d/e3hsto35nagppr6ra7cj2926gf6658iM
modified: e/7/stats
modified: 3/f/stats
modified: 7/9/9em54dmm40522grsgf5lh9jg8js3i9cM
created: c/6/4e18d2o7mkh1rtjt06t1ftese05qmpoM
modified: 7/2/78ke8k5jjh9dncfj2e0kaj7213frpbgR
modified: a/9/stats
modified: b/4/93ercdbu5ka67i5n65afksus62sk5baM
modified: d/e/c2jurdip0fqp1in4alcc6vv0i9ap17oM
modified: 4/0/1cifi8ifr412qec531l9tp481dmnssqM
created: 4/8/43spre9bnc78tr1nor79igvd2rcrdvoR
modified: c/6/stats
modified: d/1/5e8k7ml2tf93rldbhqq1ngpeovcvbfoM
created: 0/8/69gfq7he2d1dtr91mc1ffecm05qepb4R
modified: 1/4/5acvremhjjqo9bslouksrpk3524dqraM
created: 5/f/f3ivt78srpdqf2rorbssqjimta3b1m2R
created: 7/a/c0vp9a9aqls25i405m39pe5si1dodiaR
modified: b/8/stats
modified: d/6/91cmreuu8d4u5j3p2dhv69thhmprem6R
modified: e/e/431g25oo8b9g9tofcl37is08su9sm2qM
modified: a/9/f28u7c7j7meo1ptum5nqjamol01s04gM
created: e/1/00scdvnbkh2urjj15thaqhc452dqnkiR
modified: 7/0/stats
created: 1/1/07kd3hpb6ssse98226kcup2md1agieiR
modified: 1/1/stats
modified: 1/4/stats
modified: 3/8/stats
modified: 5/7/stats
created: 5/f/6bvtqq858ltoagfq73lns6hrbha94qsR
created: 9/e/fe1vef50jmeicjomo3jccuf40l6l8csR
created: b/f/81ogaqtvo0ngm0b6qv2jol5kqqkf4jkR
modified: e/c/stats
modified: 2/0/bdoldg7g8hjpmth1s9hk5g2nf4fgdceM
created: d/f/d16u4h7uu4fph0ngon14bnccdaa22c6R
modified: 1/0/7bgurmo71ht8ooaoqc1plp7jq5djhn4M
modified: 2/2/stats
modified: 3/0/stats
created: 6/3/79ef9and0amg96fnu6lc696dprun906R
modified: 6/4/c9604qb82mq9sl8qstom9gkb99i4uskM
created: 5/1/73j642873vcc4gci4r4j2p8qnrpo9s4R
modified: 6/5/b72ejo7vh9t3v757p2llq4tmmh4063cM
modified: 8/0/stats
modified: a/1/stats
modified: e/0/b1kckab9pe7v5pemhovlg7f9hvurevaR
created: f/c/afmclaem9g70g70d450eovg4lohjb3qR
modified: 6/6/8dvc5eslko7idj3prto7c5ufribui0iM
modified: a/0/82eu2e99cnunidlsdur95c73tbsio4oR
modified: 1/c/9d3s5v3infu40j0k4086u843p91cqqsM
modified: 7/5/99sonl69ea0gcnid8pklo0qffv2s1gmR
modified: a/c/da03c2oikrcngfhrgprbi0qq6np2ss0M
modified: e/8/d17be0ehuf2drfpu9oq36sfueijs8l8M
modified: 3/1/934m9e761m1hia0lp0qm1cm349qn4v6R
modified: 6/2/stats
modified: d/1/e72vkmcg110fopia3nkbjs39n6fppkkM
modified: 5/b/stats
modified: 6/a/stats
modified: 8/2/7c9lhkcpoo5shvrm0sjqcro8gpkq89iM
modified: 9/0/stats
modified: 9/1/c2nk2le10aa0hu2l0ib43vhap21q3jsM
modified: c/7/stats
created: e/a/51qn64emgfiqkjor1v27f1ueuv2l6j2R
modified: c/0/b6sfkkmsn76gh4c06nicsgilr4e3ruuR
modified: 2/2/925ftos898b6qd01o2kfl81anojj0euM
modified: 5/d/stats
modified: 6/8/ce2huckdip8dc8mo8vopmld1ei55tl0M
created: 7/1/84ssc5um74vng4vmn1ji8e13jthatr4R
modified: 7/stats
modified: 9/b/stats
modified: a/a/00mq6p1np9u6psigl4mic3tmpi1d2hkM
modified: f/e/74sdtokngfpin5gtgeh4hsfiih2m0gsM
created: d/4/db25ki7vc9ilr6mraotblcs20bvgpb4R
modified: 8/3/02ei6q8puo1oovgtgunh9idncdei8caM
modified: a/9/0d5mp81k5qs3asv4iaorh4g170o2mhcM
modified: c/0/eb6gbphg45ie6d8b60bjunf9od32eh6M
modified: c/3/3542inp393ev8om148q7g262s1s9gtaR
created: e/6/1dbapr4492op81d3igoc50j9l8pemg0R
modified: f/4/31e00kifgvquhs34hg27iv5efh4t4b4M
created: 9/9/89k5dgluvii57kdpbdi2j700trlr1kiR
created: 3/0/c4tj77tsjik6clelmr279n2qkssaeogR
modified: 3/b/e5agdoom0fhcjon2oe45alqqu1lqqp8M
created: 4/c/9drbvjurqce6u626tsgc098kdmbgtsaR
created: 9/0/7ftguc3fmdp7i8q95v2qoadlibpdqgqR
modified: b/2/stats
modified: e/0/c844s21s9aoge7s732r1u7icc3cg8vgR
created: d/a/56skmhl600acr9g8en202kigr0lnp3iR
modified: 2/9/f96ft9ap79gpu4qv9imii4hj6qt8ricM
modified: 3/d/d1psp6eaedlr576r4c6orlemi80n9bkM
modified: 4/e/dcaqntnrl5qldvh9evn3h8pgvism84kM
modified: b/f/stats
modified: 6/5/6e1jtjctrmvqvmthljhq2o9c9g3ghn8M
modified: 9/7/b3ecuj7d8mpdei2v4ubfbfuoee6agumM
created: f/c/2cjn409m6mvj0i0dh4vmnuhq5m385tmM
modified: 2/0/b653fs63iqtppritn447f85h4pcufgmR
created: 5/b/ea38ftuugeciklupik349dkg8ei0s1oR
modified: 9/f/stats
modified: c/6/6avfgbr9o84gesk8g3p74ta1lrfvk84M
modified: f/4/a6tnok822l4c29h3dlqvqsj6lnr355gM
created: 3/4/67h5u3jdj7k71l34v8etv8u8u2ekn1oR
modified: 5/0/stats
modified: c/2/79b3753lvitisgr74j5vi0acprlcor0R
modified: 2/6/8afo23ga26pf7n8gqtpp2ntvl02ujc6R
created: 2/c/27totp8kpb09c3d8dd14n0pn98odf1mR
modified: 4/2/stats
created: 4/a/b67pcs4h8m8elp36lc2hqgljejts28kR
modified: b/a/f0ilg20i4agmjt0hmh52ta94128vogaM
created: f/3/acmnhr71meklu36subrncfenuc4oli8M
modified: 2/3/eaq7me1gh9ni7je0ogkn9qr5j5bi1vkM
modified: 4/a/4f5efmdoa2548he3pe3p9afejiif6a2M
modified: a/2/stats
modified: b/a/4e19h98es05o5utrmj4gkm86vnp0pdaM
created: e/1/5ej94op32l036t5r0btja5fi7vlsq0uR
modified: f/9/stats
created: 3/0/1c4pmcuf8oneocpnq0mhs4q7skqjmleR
created: 6/6/e0haq49j55og5sakojs2megilaml8hgR
modified: a/1/74o3sguuptlats57k7e6jc9i4m2rftqM
modified: 1/4/55sj7hoa6q6q66puavbbh7kv99dsttuR
created: 7/e/4072uq51qpm1or21l2j081fl9lj62b6R
modified: c/c/9disvo330qvspijh9o7v4kq9bgprt22M
modified: d/2/eaiggobgnelr7fq9kc2933se5v1nurqM
modified: b/9/stats
modified: b/b/0a2do78csgqtuavp8or59fjhu0n7b94M
modified: d/c/stats
created: f/6/ddjftb9taofor0604bru3d5fdrefe3kR
modified: 1/0/4ff0ge9omkc6do0sl5mpsshs1ih9lleM
modified: 2/0/e1g6kiupn9g87n4gkl0rpo151ceo9qmM
created: 2/6/1eptq7rob7lb2ulgm3g75fk87sfbphkR
modified: 2/f/99or91vr4ijmvn6k6ui8ueqqnhhra5iR
modified: d/4/stats
modified: e/d/stats
modified: 2/7/620obekmjuphj0u0n9chgj6t71j8n9oR
created: 5/7/a1e0htgnpb7lh1pvr0hf7nc9sea34o6R
modified: 7/4/stats
modified: 9/4/3bcrd50lo49949uuk1u3t5rdipqfgi8M
modified: 9/a/stats
modified: a/7/c0bfbbkcarrbm2t3i2epgcsrqlddrt0R
modified: 2/0/stats
modified: 4/1/57ervb9409m59u7f3car205om54cs50M
modified: 5/d/far9fbkt4ke4ff7lls1gff2vjnkvuu2M
modified: b/2/412o7l631p02c4gv4sk1hk9a1eep04cR
modified: b/7/c6jn717q063dcgp1676c3jni6g9ttf6M
created: c/c/81cn48dmjmi5s56qq7ee8q6ejs9cmkuM
modified: 3/6/stats
modified: 4/0/1dp71nic6cq5gsp4qm1g3k29otcfhleM
modified: d/3/09v5c1r26cb1t3ofiomooifm9co119uR
modified: a/2/a8n91u2iuk2cpt3smgg9b22khe5ooncR
modified: 1/3/b5b88s7kg6qjl8chblop2kh9q4dv6scR
modified: 2/3/4a259v0treu21qgm110135g5ulss3p4M
created: 5/b/49r6lhmg828g31httsbj18ngchgucv6R
modified: 5/e/c64jm3j4rk920l0lskh3ufu2i1pjegeR
modified: 6/4/76nuhc8pk0blh8fvjabjlmltb90k648R
modified: a/3/8cm41o7q7ektujeqq0avov3pjfkfurcM
created: c/a/0f81a8egf87bkt6pb1shs1garmuhvioM
modified: c/d/stats
modified: e/0/7emllc0e7atjq28mjv1pdfu1s2kl99oR
created: 3/e/b674i3qsnet66dqhnaouc6760a7dv5uR
modified: 4/a/stats
modified: 1/c/e2d0iioh9rva61dfetmahck3bt7f2biR
created: 1/e/bbdu2ud982vja9jhqik74ij0677gjgcR
modified: 5/8/bekmeid75sitbkkmemhuac9n0tk2otuM
modified: d/e/stats
created: 1/0/51hm8j4n46m01keunsteq3rt8upjr7iR
created: 2/1/17fpfcih7hanbtkfumhffaga9mghs82R
modified: 0/6/stats
modified: 0/e/b3jupgi3k68cgbsd4eciclkibn97id6M
modified: 7/9/3drl8qmtudqlisq59210fn9ptlup1jqR
created: c/0/36p2c84bqebdcf35iv2iaauqucrs4vsR
modified: e/8/stats
modified: 3/3/9f3n8kggrfh3b3a7r7sg4jegikbvri0M
created: 4/d/cfocav41tqor0fpo1rd25k6l2tjkrb8R
modified: 5/9/8ckb2g8tqjmcgpe5s1a1u4kmirvj450M
created: 7/b/61r22ptnm0fkukb7paernhpeiun0ctuR
modified: 8/f/stats
created: c/f/9b2do4pefnehumff3kfhut8fnh0dqsuM
modified: f/2/bd089gvdmuic2qf58rcfede1180pe08M
modified: 1/1/16ms3c27ok183ll0srmihkffrmkbq98M
modified: 2/b/4e66vt28u7hb772i07stu9sqqbcjjq2M
modified: 5/4/4bkt4m15771fe759ui1sa88k3eg98osM
modified: c/5/8cpfoiqp32nt7o1nei674110pkv9f1qM
created: e/0/aei0pitu9867fhnetma2bvbq4d4314iR
modified: f/1/stats
modified: d/9/stats
created: 2/5/aeo8mn6n7up388662lv86nanidctuogR
modified: 8/0/c4aknstqpmfjn3bc7d7idh9v6bdgs30M
modified: a/9/f7pfk8klubunv29qjk9vc3oqp6dns18M
modified: d/5/9bkfl1lnv6ognecl4vsg52gdjm8m222M
modified: e/a/stats
modified: 0/e/stats
modified: 0/f/stats
created: a/0/7ctkkcp40eatl2c2kup6jsff6nm7nsiR
modified: f/a/20lhjoi60cbhosvvsdrbi2butvq31vmM
modified: c/4/9d6pbajdijug5035b5qamksohoe1ru2R
modified: 2/9/ff9av98mpkvg7usf1pfk3blgd6jucj0M
created: 4/1/0a0dcmb3dq75649v5kilmdok2rt1oa8R
modified: 6/7/stats
modified: 7/1/dechtc5r4ohlnnuq2sktfcbj8mt8nsaM
modified: 7/b/54d69cbtvu22k20fgs361jf766c38ioM
created: 3/4/e6k1e0srr6f0phms2dv58ko9786nlhiR
created: 8/a/ac6l62ut5qi6538eh9irqhi38l6fgh8R
created: f/0/9frtgc6casmpd3oa22vg71u8cpkf6b0R
modified: c/5/stats
modified: 1/2/stats
created: 4/4/57vpvf52qhfu6mq6kijvds70uhs81c0R
modified: 4/6/5eq62rj2n1mdkan8sa2d1epm79qbecaM
modified: 5/9/4ap5mlduivqpfj4au3nj71v31m38534R
modified: 6/4/stats
modified: a/c/31smeg3uht8r31mannb9t9a1vru8p2iR
created: d/e/e2s4fgb1ildllpjg5f4gfpsgk1cdrj4R
created: e/d/01gm3j3o2vcil6sr1hdhd8t4fr6kroaR
created: 9/b/easpo0glqba6v7cfa5rmtskuj6fuav0R
created: c/0/4a6ina2ug2ub5jlkpg6i8i80c3mpdqeM
modified: c/3/580clkg6j0id2urnd8583gopb86dfp0M
created: c/b/6bhpha9ddej5rvrg8s6agvh9uh0pahoR
modified: 2/8/69mlebsm536sc1k1q10im49l3l4lp2mM
modified: b/3/stats
modified: 2/3/stats
modified: 8/3/stats
modified: 8/7/d6nnahkife3oej34q1ubd5rlthkabasM
modified: 2/7/adfemk5ftg91hqbo6r15qq76k46f89aR
modified: 4/4/e29tf35qk9odraet65592paskiukermM
modified: 5/b/629dea1dhnol14qsjhag9pie59habm4R
created: f/c/2c13t8199u8pfpjg88a0q8i1lri7u8gR
modified: 3/4/c818p6st2sqjccaa5ooa9esb93j4duuR
modified: 5/8/b55q567453c3p8lfv64h0eihpiv39p0M
created: 7/2/eanrt0dlhe8j7oartvbh3rp4l5ob0nmR
modified: d/6/47j8ad638u6407ooepc1l5s4t0b98diM
created: f/2/b1pbbj6679l4n0kam133tcb23r8p2tkM
modified: f/6/73lo9d0m8ikne9ofdfncarl0h1q1lbgM
modified: a/7/76j7mjvajldalc38bl4vh537jo855r4M
modified: a/7/stats
modified: d/0/b3qjljika59qikm54ffo5r7um2sgde4R
modified: 0/f/5522nbfev6h3asfrfumqacj9tjkrp9kM
modified: e/5/d25j2d4rd3eds4q9iqqeh6uosrc57esR
modified: 1/0/6f1o9kb8273fpkc47bgb8ptn9jvnlriM
modified: 1/a/99lb7hiu66u7slmuubhdhu9jo1kvmjmM
created: 4/6/18jrcjrh4nl6en2sauca0amq2kh996qR
modified: 5/6/1a08g2sc1pqfs8kqbbjjbb19rue85ekR
created: f/8/092pahm3ojhn6ukciaatremj9mleveaR
modified: 0/2/stats
modified: 2/8/b2kfnt7li30mofcbbr1lifv0mvn0s9gR
created: c/1/ee01fv42nmgvahuebnl6lu4c9vr2er8M
modified: e/0/81bffrcopms8nbe8936f76cq2guam9mR
created: f/4/5bi2g82bod6b4m7plmfi0ubordumgsiR
modified: 1/5/4evdsofb1413cplsr0h96n3hrgq261iM
created: c/d/d2qvj19cjpveb7mn8l9kk86afavibbgR
created: f/3/caie75svrutlof3elfq8tu4n1qgq0igR
modified: d/6/466v5tibvfariktjrd7ptojh6dnug0sR
modified: 1/8/99hm6v6cofso0v3qmjcl2sbsp6ojjjqR
modified: 5/2/3api3ci8r8r8hstvq7i7r98pev0bataM
modified: 6/1/7775sea1iukfnr6guf95lrna185khk8M
modified: 8/f/14h7m7kh2g1n36b1i8am9mgnkpla8l8M
modified: b/5/01f7ja19q4n86r0ds8od5gfofu046caM
created: 0/0/3eooqe97kabjjibltjvr4h69f6jc51aR
modified: 0/3/stats
created: 1/d/c0b8mojlr01urvmhi8kbp639o5dn02kR
modified: 2/b/stats
modified: 2/f/355uu426iudrksrvsaetdgs4mmr1oncM
modified: 4/b/d5nmlk8p7p936ukqkp0gau66c0l5vluM
modified: e/6/01l2q65a6i52ok8ong11r845ousa10cM
modified: 1/e/4db8m308pk4e0qnu81gr9cug0qdv8m4R
modified: 8/2/b63so5sgafj8d1u0hnfdbtg3cvvol7qM
modified: a/1/f8tqrqdork8006etkibpclea7giuj98M
modified: a/6/241fode9uhk0bs2dfhk91davj88gn56M
modified: b/6/328kn6egmtu2fumlrv0hi955h207leeR
created: 9/e/65hkee3e3guvnsa581gikk5koro9nd8R
modified: a/6/5ffel212ir2i47q0mhpona1mvqelnceM
modified: c/stats
modified: e/b/stats
modified: 5/6/stats
modified: 7/8/94afv482qlr07aesla800mh751nugcuM
created: e/f/2daiqhkhu6nbqlb1t18v7n04gs0klfaR
modified: a/6/9cbb4b4mj94u5odq5q31ihtidr2ldnkM
modified: 5/3/stats
modified: 9/c/462f36j48ldkposmj1t3ilf317fvlk2M
modified: a/0/stats
modified: b/9/bc5pti8gmakgccjldnbvu1d1lov3nk0M
modified: 4/8/07takhjpbn11hm3ui3o2b0i94p9uciaM
modified: 5/0/b0p55on9f7510keqotcvolka3u3m776R
modified: a/0/49s6cggug82lutujpjrsajg6o1qqkr8M
modified: a/6/9a4olqbdk32305t3o6jrbma33tbt3lsM
modified: a/a/7dlqdqlkk88o81bhtr90c1sbq14proiM
modified: a/e/fbgdoptt7rdd64i3tuv6dujcerjjsbeM
modified: b/b/stats
modified: b/e/29f1hhjoq674j0i3si7sh78lnk503ikM
modified: f/5/stats
modified: 4/6/stats
modified: b/0/84bcekf538dqbsvq32664vg693b6edeM
modified: b/3/f7d5psjbdfnq95opoqvc6f4p3gbo5mqR
modified: d/5/50qald4iku716rb5u6eqacb78205h6eM
modified: 0/e/575m3co7t0cri27m9bdkut1he64tsqiM
created: 4/4/13j6jv9n2dbnjb7n8o6fhf4ans4nhdqR
modified: 9/4/stats
modified: c/d/c3sa11p13sbr31f10sdpmn1n2k7bgkcR
modified: f/0/stats
modified: d/a/2cq7h7htcc5aiuj47062qae3im1m4mmM
created: 2/5/903infao8olqd79l3lbm97amftgjdh2R
modified: 5/7/ec8emi7ljdvcqam7c5d716o21gbvc3sM
created: 8/5/9ac0ona7bsqceg3i7qctvf8r30q9vc8M
created: a/4/9evusdojbog1rrgqafvmug6r343id04R
created: c/6/5e4usklhdi25vpo9i3evn1un4um72h6R
modified: 1/a/stats
modified: b/a/stats
modified: c/c/stats
modified: e/4/stats
modified: 8/7/stats
created: 0/a/a9r110lbqh48bo8d4u2bfl4356p5850R
modified: 4/4/6fcimgppcaqavdoa6sipfgokobj7tgoM
modified: 6/8/61uies6dc05hnhllhmjdrq1hlkrt1kgM
modified: 7/7/stats
modified: c/5/50a10qmm0punct8c8c0vbr561qbhlqkM
modified: c/a/belr3tre2rd2vuek3logivph6bnlkruR
created: d/5/4ccd400usut090n6se1u4lpq6891sioR
modified: e/b/eacjo5b64igugnjqhi9tl9amuia8hiuM
modified: e/e/cc130v8vateoke6hb7p0ealml3lk3hiM
modified: b/8/cc3asgpirhmjrj0d70rar9pbkk8i2faM
modified: 0/8/stats
created: 1/4/03e79vtd8ma0iuv0um73t2dsam48bqaR
created: 4/0/03l79mnq3upnmp123p5im4o3iufbka8R
modified: 7/c/bf13pn2me013v89ncc2uems2bc39fvmR
modified: 8/d/stats
created: a/5/b109rms4mrnkfoagga7qmt2muiup98cR
modified: b/d/baj8mo9tjvfqm7jkt5jsod0h8okhtgiM
modified: f/1/59aa1at7iaknnmaa2brns26gvqb8l02R
modified: 2/0/ac1hhkmt27mr82dnltrcq4nscq40uqoR
modified: 0/stats
modified: 1/7/stats
created: 2/4/43qgi88ttrprh3dm4j1p44lerca7k4qR
modified: 4/8/aa8mvgko3d627hpgc8seo2o8t6c09m2M
modified: c/5/7cfqdkfn6r2f32c9savqtn0i01v1e38M
modified: 0/6/e46ptlh57guapbattms8d55n4asdspgR
modified: 1/2/adfl8o3g3dlpq9ehukhrt584c9l2k8mR
modified: 2/3/b19h3britlnk50uspecclqilgi21msgR
modified: 7/2/stats
modified: 8/1/stats
modified: a/1/427gsuej4n8t8jp4pfo0ne9ue98e5amR
modified: b/e/stats
created: d/1/469gd2nandip1ps1sjq513su9s8vvcaR
modified: d/d/212olp6oos86ietjej0dspfift1p8qmM
modified: 4/2/61bmli5vk72ufrpiah8255hndtg0vaaM
modified: 4/4/adgmls5c9mkupli8novh9av3tjduv60M
modified: 4/7/e0185gqn74ga3cbptjiadlb7ckmfkgiM
modified: 6/0/bfibrt5at70k8ul9o9aa4v1mmqk92c0M
modified: a/stats
modified: b/5/8eupc3gaeb7q3s5belm3isqoujk4frkR
modified: 1/3/aarjtkh89g7g2ncnc9fg419c3k06g44R
modified: 3/c/stats
modified: 5/3/78ia8838pna6gqrp3bk427f2o31sdskM
modified: 9/a/4afepb2hk3fe064p2ccip84d3f9ge02M
modified: d/3/cc3cua1bktd4abd71un9vqv887de4qgM
modified: d/f/85niv0umecl0rmbf2n1am3rlen62q44M
modified: a/5/c93bs2tqpjrdt4ma0qhbm9svf2r84nqR
modified: 0/1/b9auukm1nk61r2ku10anooamrl93h98R
modified: 0/6/b8bmq8qss5gb92cimmt5p73nuepmvgkM
created: 8/9/47gid2ego6nlgf4vk8jr5r34pc55d7eR
modified: d/8/deagcttjj3g8flsbpmb86d597l6uom8R
modified: 0/e/0es2mkvo6151kfdnuvb2tfkc8rfncq2M
modified: 3/stats
modified: 5/5/80dgvbdsbpuij2g0tn2akcgj57orcv6M
modified: 9/d/aeg76qnqo665gkr5nl120rnvbitdlqeM
modified: a/2/99ioqe18s1nu6cm55oo115fg47n059qM
modified: b/7/7d8k9gokqpnravaiaijeg1dqso9f4ckR
created: d/9/e2lrdpl9lfgf6u3upb8g3357k08u4qmR
modified: 0/9/59vakre93i80vhmiof9f5s2n8emtpdmM
modified: a/e/cad5tlqrg227nboteoucnjhmdnh5692M
modified: e/2/b8dldpgie7skvn2lj4tq73aoig0556uR
created: f/d/ef46jlepvp4lopr1jbpkqmfti8kbi8gM
modified: e/b/f1m40ng21mpuf38dgtnondbo1uk068eM
created: 1/9/e81pagqj08q1gemu1rr3djlf2uk3mesR
created: 3/c/46s4k3tjlroenuq3b9706ttp092823iR
modified: 9/7/stats
created: d/8/1617vkvd55n8m2953mbdvhvjrk9s248R
created: f/d/027bk22i6anrhbqrcca02leieemi8jsR
modified: 4/c/stats
modified: a/7/815hvslngfsi7ialhpbkhri90dit2luM
created: f/e/fcdic7cvvu280n1p6lrcgkbisnl942cR
modified: 9/8/stats
modified: f/d/c5o8pnl5c9ocn3ifnndl4ds4clicm3oM
modified: 5/2/stats
modified: a/8/stats
modified: c/8/786qkb9726g24ln946606b6ptl59km0M
modified: e/4/53unqi9h3j3c0g5tedhj8f8qe5liaa8R
modified: f/0/fdm8f1k994omd1tq1iochqchp3lkqguR
modified: 1/3/013goq9thod68p4cp487hjct7kc75ssM
modified: 1/9/42q4u4rg4bphkqorjdp5971vlek6tn0M
modified: 2/8/stats
created: 2/b/14s9t7q9mi2rbql923q9k29lr4bpn2oR
created: 2/e/25pbc21jfpvjkatnhgatno1u75atilsR
modified: 7/6/bf70jopha9th91r1769qtei9m1u16f2M
created: 1/7/f5o7okndsooajuo7teb5ivc7piebg0oR
modified: 9/1/stats
modified: d/7/3f3l5q0cfl31q4p6ni9j0r1jkpvc6p0M
created: b/c/0503r5sdckshj4i6b3ihm79h4fv0lh8R
created: 3/0/66vin19lrtgkpbknnjndobe5ehqdg8qR
modified: 4/d/stats
modified: c/2/stats
modified: e/f/7bodgc2fplq43efpj2c7oirvbgkojauM
modified: 6/c/31i2ihumth82846ia6c2k41m8if6areM
modified: 8/9/stats
modified: 8/e/stats
modified: a/4/105t9676v11sa2hc7os0j67bnjurimcM
modified: 8/c/stats
modified: 1/b/8d7l3pshc0q5soie39dobe3ihe0t2pkM
modified: 1/b/e02vorrvibdghd2jc56j5kvrc8udvdcM
modified: 2/3/be7a9v6ss4n1kil2at25vfku41r2hjaR
modified: 5/d/7ctovv6rrgqa5090a25fgo7c7m3k8fqM
modified: 8/8/stats
modified: 3/9/2eg116q7jb39jsl0i3jlt7716ghk3csR
modified: 9/c/e5rp23fop8jvm68nhftk87p2ao844fiM
modified: b/3/e133k5m42f5ebjp1sasqam5gbbd58pgR
created: b/9/2cmurnjtrmh0r3ujl6s207e09v03nm2R
created: e/3/86o1enbq23s5vv6fp8ogjiuresrt2b0R
modified: f/5/ffckq9ih2he5nks2k8kq5uij91kg49iR
modified: b/9/92f3o5nj40licbdqotme9e8vat46vvkR
modified: 1/6/stats
modified: 2/d/dbgc1kbh80bgof07h00q8m1gaoi2vg0M
modified: 3/6/e0bkvmic38mtierlfncla5vuhv7604eR
modified: 4/2/2df0vpujbqeamiao4q202qcrikfomasM
created: 7/3/fbpvgvp5ftcp2s3so4i6gid2f9qcajaR
created: a/f/fdb2lt3l1jdl61dms0vi72pka4t15feR
modified: 2/6/0edapvnoldsg01ih784e234lkv1nsgiM
modified: b/stats
created: 1/6/09gedfvd0rgjpn5flgrcdd692qlvnp4R
modified: d/8/cffp5irjuji14tcsa9gr0tj8g4pvreoM
modified: 0/2/8evf45l9pho8bh9pd7ahn5t85srn9h4M
modified: 4/f/e52rc6ta3kv0dtq6471p0tqqt2u99s2M
modified: d/f/92s8k3ejo99rs3513gdo3i5du8mk5tgR
modified: 0/5/a60tuduo7dg4uijsf1tlihvta09upjiM
modified: a/1/a3n7289l4e2pupg99qmqtpk4usookt4M
created: d/c/88vq042q8to7v1r3lb91j3rblde213gR
modified: e/4/d0q3p31k91v62gvpv6fnr3raibvnmeuR
created: 0/c/583jsko96j89vfkvlnbsduqcj3gp0taR
modified: b/4/abg2sb388flp5ut231j4ugkv3pkiafsM
modified: f/3/3de5q7ffhp6j1f2q2krdobvijq4f6okR
modified: f/4/stats
created: 2/0/3a2rjjloqe0rm27jfjij9h39f370eaaR
modified: 6/9/6d70989c2tr0cb0t2hdkeod3aj1btkqM
modified: c/f/stats
modified: 5/8/stats
modified: 8/5/cfqp3ssr72gbie9r785rjsr2j1dqifcM
modified: a/3/0foefvjfpgm88i6pnrags92q3a09l84M
created: 9/b/b6g9bke4p3bqfeisfns0g6rq4rfbvdiR
modified: 0/b/601nudejhhp59u3580t5end0jcdrfnoM
modified: 4/6/c8o93m990751kcml00nr1rm7fib1uheM
created: 9/0/446vojescpju4gsmslar9r6vahu3p8uR
created: a/3/cd8lj2p3me3gf7kc1hrugp02ksvh7nuR
modified: c/8/stats
modified: d/a/db45bivuk7bjsi849ahp3o55mhahptqR
created: f/b/17vjb5nr1s0011gmui60fhd4pvsafnuM
modified: 1/0/stats
modified: 8/b/stats
modified: 0/f/f7fq58vqead2gu5n0kf6giap5b3c2t2M
modified: 8/2/05mooemnbks21k8s5a4180s5piajdd4M
created: f/8/27af9g5onqs8vkehjtdgf5g01q6nehiR
modified: 3/2/c9uk21g9i255b07k6h4d2lp8uhl2ibaM
modified: a/d/32ehbtl8vjgadaiu07fdl17os555c0eR
modified: d/0/9f7bevmddt7n5mp4hjep5m8uml7r89aM
modified: 0/a/56m48ruhs6ua64vo81u7eav1s4b86q2M
modified: 9/6/stats
created: f/1/813qp2o3a5aim9ad83ohkv442flhieoM
modified: e/5/b43jbu9lj7bn8v97me16uodtca67mmcR
modified: 0/8/cdj23pegjtt6sqeqt2adb69vcadm1e6M
created: 3/1/912lt4adof0shefi7rqju934j5e7lceR
modified: 4/7/stats
modified: b/5/stats
modified: c/0/stats
modified: f/stats
modified: 0/9/stats
modified: 4/f/stats
modified: 7/4/56brccdp58p0n71jki52nd9qr6g5blqM
modified: 8/c/11m0a3td6jhcrncu6ia7s8l54c65p0qM
created: b/2/0025f96f499mgbqe5fc3bnfrhu2fq26R
created: 0/0/e1gnej7icci4nl32kfu0m87j8m7fqfkR
modified: d/0/stats
created: e/e/b6g94o0ca3qkc9q83v49krsrshsbdjiR
modified: f/0/221fth27rrv633pa3rghnomi7objmk6M
modified: 2/8/58s69mul5ta59v0uabv2sjskesnmee0R
created: 6/2/840qrtsvm6a27758cl85q7tl11ep466R
modified: 6/c/ffjgmj05ogbtgp8qnvrvnoql7qvb6vmM
modified: b/1/fbrf00mslsgnd5ca6hs4ugfmhakmj44M
created: 0/f/1f9hvniqjs57njcpsp3dp4mofg5pscoR
modified: 6/8/f8i2dlrga2jsho1tm06h9ef8vgi7sdoM
modified: 8/4/stats
created: a/8/aekc7li7ej8520kj1jva6r7okcrvt6cR
modified: b/7/stats
modified: f/8/stats
modified: 5/8/8cg6pl5133486qll2t22enpkq2kka66R
created: 1/b/aa5fkoh8u8s8q8bn6u796qji7j19dtuR
modified: b/9/1esk1tvhqsg3hicmf0vv1n7km5i0sfiM
modified: f/d/stats
modified: 0/6/37vuv1ddc1h77rp5ja3qg9e56aor932R
created: 7/6/94f3rbdn08d18tr218hhr73sfk9nqgcR
modified: a/4/0ab667g3d66u9hoe5d35m0gd4qtfj88M
modified: c/3/stats
modified: c/9/c54oq3b71f60ob53gh8k9es55a8vg7kM
modified: d/1/08rtnodf8v9s0dmuek968l3mbat1jk4M
modified: e/f/stats
created: 0/2/11867tq6oi19s1nn3jq5hkl2l7tlftgR
modified: 3/2/2bb8pe08t3gafinect1giocl7hhbksqR
modified: 9/5/stats
created: c/e/f6k80l0vm000p9kv06te35ur21qofvuR
created: e/8/9cp3qtfvme37uragdkfnj52v0s6s0b0R
modified: d/0/45rb1qolus1tog3e137rtofbg22rm5mR
created: 0/5/ffq4igg41thdn02hgkp7sjrnhskbdt2R
modified: 2/0/33252qtv0a2mb7knbsud8bdfob3li4gR
created: 3/4/c2nfc509cvib6i0pebdojaq9efvq42eR
modified: 0/b/f0i8vup5sc7a0v32jvtln2gmqs2aakuR
modified: 5/5/stats
modified: d/0/28fce997gt76q4h0l08sd6s429d6rdgM
modified: 1/4/1e0u5ttuiq0rps13u1c8b8h6902n8coM
created: 1/e/60i4r4csm84s9rg693le66bs8hr2jdgR
modified: 6/d/21ea7kkt4pid83kvd1cv4obtg2sdu90M
modified: 7/9/a8jv0p028bl2vgol86j7lekoe10lgiqR
modified: b/c/stats
modified: e/2/61llk1m4jgqc5caubhv17lc1t7t7lgmR
modified: 1/8/d0q8umbl6k9uf274ol77si5llvivjncM
created: 2/2/4919o9e62aakik2s4hr75lvcr2qpl8aR
modified: 2/f/88fti8o3fl22tbu5icvig9i9iso85h2M
modified: 4/1/stats
created: 9/e/7eg5k80s3sqhq5c172tb7acfjug2t3oR
created: a/b/4al3iooir8srbopcost7m44a9eif086R
created: 3/e/2aqol3q1vb9fi4gqlu2dusm6da7jrd2R
created: c/3/476fvd5289g2glhnjn8glh1pvscjpb6R
modified: 0/0/stats
modified: 5/2/cf4mumadh9i0mco35ptfbk43ns4g49mR
modified: a/3/5a84b0pl4buven21l6he2koudjglnnmM
modified: f/7/30f7i8231p3tqidr8qejlat9snt49a2M
modified: 8/5/d89nc7p17a5drrrfm6b401l64o7vb9iM
modified: 4/5/6ckq6i01l5ip6c1akl4buof8getabd0M
created: 7/d/11lrthsto4od24j87amn9g6bkhjt826R
modified: a/1/8650grspoe419i1br3ua2boijcsh174R
modified: a/6/43he6s43i5413mehsbgeuskreakg49oM
modified: d/7/ccao5v75uvk3rg2ft0hs2encbsvaq5aM
modified: 4/1/838n4c5ronvuuhgtqom53at1ao45kv4M
modified: b/b/bfmtsgnndnasg09g4i0d2rohrbq79s2M
modified: d/5/stats
modified: d/8/b8in6pgo9qu12hqqv24q66fv1dah7jcR
modified: 3/1/stats
created: 5/f/56o5ac7el3beb4l8o23vd6k9lod02quR
modified: 7/a/c1r3r6rrnc0rsprflmrugki9jaend30M
created: b/0/7227mqvrccpim2lagvl8i92gnbc1lfgR
modified: e/a/b9qkrbljgbkh5hv4e24vpav4ad89jucM
modified: 1/4/5bo9iupqcqn2lsu02s3l5o2v58fqr02M
created: d/2/26h5hql2lqhgsr2c414vga975249n12R
created: 0/8/c8ltir45vkgsvhpe0n6q08c09vsc0cqR
created: 3/2/0d1qi8gfik4hdg83js99mgikb14314kR
modified: 4/0/04vhfnjg9ptmb9d6kjsblee91tm08ugM
modified: 4/0/7atjsskej5a5jjlp5t75j3s5c714us0R
modified: 6/8/9d5t4pkmr61r04qt61c1kb9vv07nlcuM
modified: d/a/bbcr3gmmg69tkhrh04kflkvomosq71aM
modified: d/e/00flrdb4028p89fmg5jl14ppk297bk0M
modified: 2/stats
modified: 7/1/stats
modified: 9/0/070skmmrtlppno0jgf0psifvld51ipqM
modified: b/4/0fvcfvaftafr09hfk2r9o5na760k2mmM
modified: d/a/stats
modified: 1/d/stats
modified: 7/f/stats
created: a/b/65m64ld2b1c8gta31og62ra89lfbo1iR
modified: 1/3/ed1veej14p3kvtnphgif7o78gqpl44gM
modified: 2/4/stats
modified: c/c/59lmi54ea7ch5erbcvbksnnqhqgm6oqM
created: d/f/9f0443dev7hv4m9rqlm638j58mncbm6R
modified: e/0/fcptj2eg6p9df29a0b8pk6mhoa7u6ssM
modified: 6/a/10pm09b1isg17s66inobtu39j5fr2qmR
modified: 7/8/stats
created: 7/d/3e4os2nlc7avjlg9gvuf8oordlgdqguR
modified: b/1/d6mducdj9dfanilsq26fhmr3do2ccrqM
modified: f/8/11smkmlseulmu0rlqe3cplf19mg07b2M
created: 2/9/d409ougif64tbtu2a5pif28mviot5baM
created: 4/c/f0v0n7e236jetraahcbee3n54ho9v7cR
modified: b/4/60l427slu9oegsudop7s5sfheums64gM
created: e/3/1bgup2h4eg34v5vu1c38un9997bgb34R
created: 0/7/1adoi60rsm87sbhb7efqhl6bb3uu4fuR
modified: 5/a/stats
created: 5/f/72voe36p4oir7k57deirjocrsj5k0niR
created: 6/3/a5k5867uuf4fos753b0g207i7u14pjsR
modified: 7/4/3abloeaq8u2c87udskgi9mdgfsr1sggR
modified: c/5/246ej96b0bt9ghh3r10jlqbbdotvv88M
created: d/2/dc774kbpmcn3oj97q1k00ft4akbn34uR
modified: e/b/77qheo3lm3c969k7frr59hgjre2o59mM
modified: f/8/0365d86iq334siu8slgueq04eer9pquR
modified: 2/b/1a5gbtqcnj4p08h43ggk0160k5difdgM
modified: 5/7/3anurcqcsjgf8j0t4sa3k708bb6j6tsM
created: 6/8/0cskjid4ce95ooso7054n8u75q5dpm8R
modified: a/6/58atpl7aguts9u88dblvhbndl3b2elsM
modified: a/d/19mchs0h31rl0luvppm5bfm8oadhkniR
modified: f/8/9cqvsbruk2a7ftqtdbdg9de616lbg9cR
modified: a/3/stats
modified: 2/8/eacqdrdp0qpacm3anpsv148krgt801kR
created: 5/0/76atvmarnhq2ee35p6jufdiss062pvcR
modified: 7/0/cem34vp7sv8f8scbqlt6q63tm1qig12M
modified: a/1/ab0i0sm55pj1822lendcevjet63766iM
created: a/1/f1237ui23odar5so562l038lq5n6g52R
created: e/7/7eapp2sglcp98sn61u6b0k2ntli6js2R
modified: 1/8/stats
modified: 2/c/stats
modified: 3/d/stats
modified: 7/1/2bbpe2ijhhov9jbtblsnlgheh3nond6M
modified: 9/0/d19n1226s2fj984e63teu8hrgsat8q8R
modified: c/a/1dptn8hk5j12m849gtul9tg4lsotdtoR
modified: 4/2/c1du1n7n05h2i5kj6jkl8eonciecc92R
modified: 6/1/92a3fdne6kkhunf59sl7ibe4n4kcl3eR
created: e/0/ce4jld4u1e3neo0fnal1p9ptb882akkR
created: e/2/61492jonee21bqkrccep2u35j7nsiqkM
modified: f/8/3bgjo3fm7m9bjc6jokaj9kah88ciqscR
modified: f/f/2e6lehkng0718lvfgqutu5gt1o1bb4cM
modified: 8/c/f2cpv2sl7hcbn1n9vgkgkafsuo89bfkM
created: 3/4/22h971ifebiihbttb59u2ur1ennoud0R
modified: 3/9/stats
created: 6/3/263njg341gq5r6fbia8lnpfbm211436R
modified: 7/a/88mkrpaev4oakeegt7evn453sgbg826M
modified: b/8/141tb1ecrm6sgijdhkof7n85rt8b0qeM
modified: b/4/23fm6c0dgrg1l0o1jpdvar0voore406M
modified: 0/4/stats
modified: 2/0/4dnog8kj5i3mgbihv6q5k0f9q1rbbkuR
created: 3/1/582iiepha2uhkeplt6fpf5jdl6nd0agR
modified: 5/a/f9uqlk029cqar1tnlv01ftceol3r0psR
modified: 6/8/a944tnkhtl9rrpo1vbrlkrf95mc8tu8M
modified: 6/f/stats
modified: d/d/d8iuim85ujnjokb6e9ebr6fpg49055gM
modified: d/d/e09cl3irfkmelk284g1tmvob42hniiaR
created: e/3/49t4t6m3tdqibcqs1617t0u7q4ov836R
modified: 4/e/d3ouf55fvet8m4ukavmq5jk3fipkuroM
created: 6/6/96jufhaonjcqeo34cvmlc4qk86tuhhsR
created: f/7/a23h5hl12ou3es2mm5hjuj9qbojpis4R
modified: 0/c/42nqubdnqucoda5t7l1rk2emoh0ier8M
modified: 9/5/2430qun8voj62lq8psaefc3olc43dieM
modified: b/2/5dc0p5sb7ah6l2mt1q8aa6q5daobh56M
modified: c/9/79l39ihh03l63benj2umt15f2atrb2qM
modified: e/stats
created: 0/a/a2api63q9af5bsambh4gv20hccgajkqR
modified: c/4/bcl85t88ud5c93j93f9hfs5hn0l974sM
modified: f/1/3673rkmppplb7ajuubuphj8u9595b6mR
modified: 0/a/stats
modified: 7/a/94locpecqb8vcidq5n1vhacrfkfvlvuM
modified: 8/b/23pv2vo1ql8lmv46tjeg7j7ngs458bkM
modified: 9/a/3bm354g4of0s4ogsdlsn25b2b27oq3gM
modified: d/stats
created: e/8/7c1msour9iu2893smvl0kpm9disfrjsR
modified: 4/e/21bvcq8np2kou06m9e00tqfkpk5fqcqM
modified: 6/f/5cja7j02k19atinavvkk8pf9a7mstqgM
created: a/9/87po37q0sksgct85pb99l0b70imd0jaR
modified: b/7/fe23uhvv7fdgqp41aqjfd2qovvcpmfeM
created: c/b/3en7l0ueijuamm768kqrbmhbv2pd47cR
modified: e/6/cbvsgg7vjko866s8mjn4mg9nmif2652M
created: 8/d/f3m5173sn5scfl28795l8qolpdvn3giR
created: d/9/b049vhqakj4kpscsm8kv439cmmsj79kR
modified: f/a/stats
modified: 4/3/stats
modified: d/d/stats
created: e/9/5dlfomqe52o20vaadri51s6nhfn5tmqR
modified: f/0/b0g6qivkqsnct891flkmpulkctep6d2R
created: d/e/d6ceh34a6cp06o68c6h44aoqvjq1v8uR
created: 1/d/22ff9ji7deeknvr3l8jtcqc324vspl4R
created: 2/0/782ttt4ls6npdikkatp7u41va2rik0gR
modified: 6/5/stats
modified: b/3/6d38sqh9v59mvmamcpeomp1ckgsskieM
modified: 9/d/stats
modified: 2/3/9d9f3ep4l6jngcmmv92bv8pptgjqki2R
modified: 2/7/stats
modified: 4/8/97mdd19h7q82n50q6e5upcejtngtt6gM
created: 6/1/acppdt7kkh9fn479ljove0cl2sng338R
created: 7/c/20toend6s8oasjr9k51ch2at8i0pgskR
created: b/b/3cgo5kaqm38fve476ng8hts6n3rritkR
modified: c/4/fajep0sm9r82ums6uvkkpanh2m90g4cM
modified: d/f/stats
modified: e/7/4fobt8p6fvr8h5fms4ur03gg67jddqgM
modified: 5/4/stats
modified: 7/4/831ue0d6q2talqptom9td78b2h11ulmM
created: 9/9/0c0sidqm77m40cb4q7m88r00vj8jclqR
modified: b/4/44d0gt4bf7iee2c309jebmbvf286v6kM
modified: b/6/a2qmou27u7erii0i97o2bg52cng6apeR
created: 1/d/a7ju6pdl81iiinpa1jesiohgc9iimrcR
modified: 4/9/c7osgp76rrnf13ilgl0ebou0s12ba3kR
modified: 9/2/stats
modified: 7/4/d1mrp1jvib6mc07os6q7ivpbtkl2ljiM
modified: 8/0/12mhcobu2se8ia028jmqulh583p90h0R
modified: 8/3/fb8pnqes5nj89sbc96i2djlhesj2icqM
modified: 9/1/74eq118ihfdh3tj7hsjs0qeqj64m6kaM
modified: f/4/25gntdd0tgqh5j84o2ccfe2inat2jt2M
created: 3/8/20gak4h794s7veqtug4v42lp27b3qu6R
modified: 5/8/94evfal47urhoq59m51apcccq9acju6M
modified: 7/7/6e8vn6k2sr8aa43o96uf66mb027lnekR
modified: 0/d/stats
modified: 4/a/136k1c9cvn4qprmamuvfs6h3fc7utjkM
modified: c/1/a7v3cp2qrr4n56vr79s55t9smn6b0ggR
modified: f/5/a5dfsee3cioh7e0grsa24i2mp3k8o98M
created: f/7/b1mrhnc3fag8drooin5u9221k0u6k7aR
created: c/8/17dqofh9se534k71it57vg6lr4vvn40R
modified: 2/d/e871n47oja2dl9fo32qivpi2d5unkjkR
modified: 4/8/1aaej92kgv4qtdtb7fgr3qflott9us4M
modified: 7/0/29l11gjv3hooa6fva2l8s6ngqq71scaM
created: a/9/48709bc1t2rh70if7ic6l92juvcttp4R
modified: c/a/7a4iim0adjqt1uo9iaat7ui2jvd2qacR
created: e/6/5dih7t1k77tt25361qg2mkccb1ll4smR
modified: 3/2/stats
created: 3/4/9e5lgoerf2ngaq4i6uk2ch7fvq9qn48R
created: c/b/c7kr7283iphum55ptm1c2cs366epopeM
created: f/3/34odceuef7hn1f298q4np1i3qdd0tjaR
modified: f/7/stats
created: f/8/5ephqqou2f1rng7oird04hed6pf057cM
modified: f/0/de7i2tun9lb9vj4ag2883099ndngs22R
created: 9/b/eegg8tqhec39492mrvrulfr6c4d916sR
created: c/a/cfm8n91l179g9sisekbbtm4jai1rvloR
modified: 2/7/50o6cggk9lek7b0pevs6fig2jpcs35mM
created: 3/f/aee7trv8f2j8agi7brd9vb4thshmn2mR
modified: 4/e/stats
modified: 8/2/stats
modified: 2/0/d1fvtbc3spi66cs3elfk6vlrdicl7luR
created: 3/4/cf3uv5bihnh12tck6svf3svdiv032g2R
modified: 3/9/07jc9d9pol8c2n6id7mesbj95hf9bl2M
created: 5/9/164oue78mrhhlar20s800ododd90q80R
modified: 6/9/9efktvo340ea4g9i9pt6fuqcqjvd44qM
modified: 6/a/c7npe7s9cv723hj5t472ehgfisr3inaR
modified: 7/5/36km2i3m58rccu9i6u9lbgqspo8v95gM
created: 8/a/abd59uri1ad4geig921igb0b32hp73sR
modified: d/f/94algf093s1uijro8nudtt2jdadm1cgR
modified: 0/e/c8j67ig4bvgb7649quvktkbfdu9sh8gM
modified: 3/6/94ro6l3t64ddho8lk3nk5n4ssim9d6aM
created: a/e/642aj08fp3lri308c5ink3feu9040s2R
modified: c/4/stats
modified: d/a/fbatcf6r4br1p8h47c0ko611u4qlce6M
modified: f/2/5fod27c1efmm7l4356l708p033ui8b8M
modified: 1/0/4bam6bp519mgvpk7sjcr6ts70pe4taeR
created: 2/f/8a3g49jjjq64s7pkhv8im3c7qqk1urkR
modified: 4/b/e0f1q2auergtb59khh9qa83286od5msR
created: b/0/4dokh7j9vqdlt310qcltnla4i1u1puqR
modified: b/1/stats
modified: d/7/stats
modified: 3/2/14qbie6rmr1d2c4ukhe5vfhj5mgj2j2R
modified: 5/stats
modified: c/a/stats
modified: d/b/ddek5j4f5qgt007jvntl74u8bg6l0nqM
modified: 1/2/a53gaemh2rcke8g8unus9magd7kt9b8R
modified: 1/b/a6motcni9n7q09st8t1b2b7brfkefpaM
created: d/8/bcmq2q9v4km6uopqnfqq7aifal88710R
modified: f/8/b7sq9l1odes6ll00rasjo865l0iqvbeM
modified: 1/2/b7ghkstdnv631iiv88ds9vgei2ktqcsM
modified: f/1/17elu5le20uhc5t54hn3spqditqp8u0M
modified: 0/7/stats
modified: 1/b/39u2rk911bt7c1ssc3bs7tubjsj90h2M
modified: 3/5/benc1ugi9rq3laccsjmhvd1osji7proM
modified: 4/7/41h7tq3eut2ln0d24tipl7j8g2c2brmM
modified: 5/c/stats
modified: 5/f/stats
created: b/7/16f2e69ffaihc7spmpu9kfvp00qqbpsR
modified: d/8/cbma784vhf45ps1n4h9m3rlo44jufngM
modified: 2/a/stats
modified: 7/3/stats
modified: 9/3/49s4l30boi4eu6nvgd3stkr2p1r2obsR
modified: a/e/c7urj44juqa96vloo0b71p2tthanirkM
created: c/3/f201jq402nq8mlq4jtbosgulmumn9gqM
modified: d/9/64fj1dgkca8fkq4i8svcqvrra423cpmM
modified: a/a/stats
modified: e/e/stats
created: 7/8/e0jfipfs4b5bcaipmuro6pa5mfk2tomR
modified: d/c/dervlkhipsniu94lklhlc17r12kupkeM
modified: e/1/33esr69me2u64u76m4h7nke4pbfhb78M
modified: f/f/stats
modified: 3/5/stats
modified: 3/e/stats
created: 8/7/beo5kpc39s21jioug6403rus42vkp54R
created: 9/5/6alo9gkmsnepdq3ndv7grdi1dc93n1mR
modified: a/4/43oer659d8q4fvp6btum51j0cgl1q32M
modified: a/d/stats
modified: e/e/9d1mrlbi73cf6c6jtvq3q47sthg2a5kM
modified: 0/0/65mg4qad9ua39fnpmipjk7cntn0c12sR
modified: 3/5/87iv5scmoqlpc369r364ihm8bp2sov0M
modified: 7/5/a559aulh6ntv2uflgfksegmb7vaotl8M
modified: 9/4/230bpql5ptdtj4ao0h6t5eoko461dt0M
modified: c/b/de6nj4bnfslet9naaig81lpnj7i208aM
modified: d/4/5fbf1qhb408g2htpr5jlsng4mtm23teM
created: 0/1/4f0c088d3e0ldgbb42cl3svl6tnhlimR
created: 5/2/6fiu8str2mi0shuqclk53223bd9rbk8R
modified: 6/f/84u2klstu4mhumc7gga9580n2a87b3eM
created: b/a/caa22h2kt9pnd4usjonbbco3bidnvvcR
modified: 1/3/stats
modified: 4/b/stats
modified: a/8/1bt8219d2v18v7gpvjqmcuogn9av9i4R
modified: c/e/stats
modified: 0/b/f0ksg7nm4nlkaua9nruf36eoga26q8sM
modified: 8/5/stats
modified: c/d/c5mp4cq0euurjts1d60afa0nj5v6lboM
modified: d/b/stats
modified: 1/6/71bgfu30qhsm3atviit2ili4csi3evuM
modified: 1/f/93e7tsi3jbversump0uvkjh1se57ei0M
modified: e/1/stats
modified: 2/1/1e77m7126pd5vhocfc7j6aeuvdsv7baM
modified: 3/a/stats
modified: 8/6/stats
modified: c/9/stats
created: f/9/2ckvulm8sk6r475bglpbl3ekkjiu020R
modified: 0/1/stats
modified: 1/c/e1c8cksmsiiubja1g95r8cbdg8c85p6M
modified: 4/4/f14s8r937ir485ndk4adbo8h39jqlciR
modified: 8/stats
created: a/6/a8supb717lg2oi17t7ps5etbv9t9hbqR
modified: b/9/f4opk94kbjvqfgjd5ssqotlvdruoneuM
created: f/8/d8m7indbug85vbak55579gbs3gu9hmiM
modified: 0/1/45o7cpfs4oq5s08b2r9gtin41fae9j8M
modified: 1/f/stats
modified: 3/4/99v6hl0h98dgeh8lo3pqslemvj3ds2mM
modified: 7/f/23spdcb2nfjjuv1mdkt29m07uvcbadqR
modified: 4/stats
modified: 6/6/stats
modified: e/5/5d6j1u11u82gbl7im964ianvc4cht1sM
modified: 4/3/166lp5mej7nua80o43p9u54jil6p588M
modified: d/0/f10db29iv9dl2tldmuqlub315q5ggd4M
modified: d/e/bal2n9rbasfhr7s4gpdq8s867clgofiM
created: 3/e/81cluk23h39ir8vcg78l34p33jib0iiR
modified: 4/b/95da3aajrr564j6agc13j0ejrm17fpuM
modified: 7/d/ae69cm7c57fc15aphcqng3ev4p6e626M
modified: a/0/191rqbg38j4mef9elhlhqctuu24l3laR
modified: a/8/83vbh4dub0ml7qg3oo2f11b22h8d7egR
created: 2/2/bfm5isj8qsp9vbk67e6dij0anccc5q0R
created: 2/9/dbohrl9sa32v26merd9i3n52p5qt41oR
modified: 9/2/433on72g9gebnsodpl5h2icah13b29mM
modified: e/b/569elfg881v6ocva77ahi48codt4r0uM
modified: 0/3/acka9ji8u8rn5gtmjml4su6llo02arcM
created: 3/7/19h66mm1dectrh5qli5s2ieq9cu2bkoR
created: 4/b/92l2h2p1p5equ1sr63andfe4gdrrg7mR
modified: 6/b/stats
modified: 8/1/cdjb9iit3kfcprufo7r4mqjb3gcadt4M
modified: 9/1/b9nt9v5654vl1hqao43279v9qunjvv4M
modified: a/6/stats
modified: e/6/9744a0pa961g7loqor41vvijcrsolpuM
created: 0/8/36jt7rtm9ljdm7upvnujlad94283dr8R
modified: 4/5/stats
created: 6/3/162nhg51p8dp30lq3ss5tvh2vd8vmsaR
created: 8/b/89f82fn276g5gr98kjs3bflq3le3fm6R
modified: a/0/fad5d6800svr1o2u4co0sphuhd69acuM
modified: b/2/f63sihf7fg9v29r24j3etpknu40mtcsM
modified: 0/8/c6bl3l5to1fjp9varf47epakp052bnkM
modified: 2/1/7ct0fp8c4jfjkmi7kr18sj00496ra9cM
modified: 2/b/01hegf1c0t3igl7kkckl041phet1o4mM
created: 4/b/b234vkch9nivlrrs3oe46a5gl613v8mR
modified: d/a/4a1jms4c9e3d0kaprldnjrsec7ihtuoM
modified: 2/4/d3gcfmbk7spfubja21kkdpts90j043qM
modified: 2/9/ecm2988evf1iu17cd3930t46aiahpdsM
created: d/d/fc7ntlu3pbqgqt37vcu9ssns5rnt032R
modified: a/f/5ffcp9lt9rqk0fo1buqs629di5rmfmeM
modified: d/b/33ler6c9il0eb7sunc0l62js6eilal2R
modified: e/2/stats
created: 0/5/fdbhk9c6je768cg4afqlopdng71l82mR
modified: 2/1/eb7jttvj67f721u1on52dugsqnhuv2cM
modified: 2/d/097ogb120mlal9hqkrbb9h9fvvpj5toR
modified: 2/f/04gc4i2gj0kekejeh5jfjnndkp0ogt2M
created: c/2/c2qgp93uddjnmktlku311153486s1kcR
created: f/b/95cf9loqlqs5683jtfq4biid9500kc0R
modified: 4/8/stats
modified: 5/e/514677ruhmhaq0hk4bdgtnappdo1p3iM
modified: 7/5/stats
modified: a/c/stats
created: c/f/9c0jvu1dn755fo7uu0onlm47soth7loR
created: d/2/c1mnskrdclgvfd6vjrp7cr4ro4u1jk6R
modified: d/8/stats
modified: 4/f/cf50r5he8cknkq4lnutg3301rddracmM
modified: 5/e/893o4124mkd72mvg6rfeffvkiaptp02M
modified: f/6/stats
modified: 2/d/stats
modified: 8/e/47t9a3r8nejpj2k8rq4rheqj78uds80M
modified: a/f/5c6mbbt66l3on6anee8l3eftrqgs0miM
modified: d/1/f0s71opc2j6hark7vu7m1c340d2ssncR
modified: 2/6/dc9j9aj6fplc3vjh5sf7np2r4kfc0duR
modified: 2/9/stats
modified: 3/7/8cplomfntabb2ir1ppdp61hd12cq3j2M
modified: a/0/d67gpi69lpsjf5oalpso3v5427h70e6R
modified: b/f/7899f4ov3eckag1gh4qhmpmll52he6cM
modified: 2/6/stats
modified: 3/8/a3ds0226toodq38km0cstofesgia0bcM
created: 4/0/8a6l05fjrme7lbaebjhupgge809o5o2R
modified: 6/9/stats
modified: b/1/b7ld0i5706bnvpfvi53mcur0olbsarkM
created: e/8/5buta8niejkecrobugrq2frq7t8hcaeM
created: f/e/b2af2odjsb83ved593t3p1kcvid56nsR
modified: 5/3/b5dl40de0oid4hflqi1g3m5qkhn21vkR
modified: 6/c/stats
modified: 9/2/b2453p6um2q82jd1uicc2qc5185ictsR
modified: a/6/b2ss6ibia2ps2pbonv570lc7p21djsgM
created: a/a/4f5i01kfhk1qf0ldgluvmqkrc8cofu8R
modified: b/d/bfnnd2cc5b7otcpk0vqp3s2e2dnu7veM
created: c/7/452ncod9vnppoahiegacogtoh15q7q6R
modified: 1/5/2794i55icg6u55cb8uk0187v38thagqM
modified: 4/9/stats
created: 5/3/9c2evllftu78jn4j1nf1m5muff63456R
created: e/5/c516it47kfsral39ucfa23u32i5pua2R
created: 1/3/3cd1i9ks2d3vkfivi0q61ja3gfflnvgR
modified: 3/b/stats
created: 4/4/d2gutesaib88rvd7afn169e6b7g9mluR
modified: 6/c/ffauphsgokeg70k715dd168q4nfqqp0M
modified: d/6/stats
modified: 1/4/82h6jkhi3acl0m64fgj1bcimqojj7deR
modified: 5/8/cetc1glc3d752aem0h76bel6f2h43jqM
modified: 6/0/stats
modified: 7/9/stats
created: 7/d/53109d0abrfigp985is83tprrf7mpvsR
created: a/8/626c49aoo8q6jeo33jom3mdb6vqr83oR
modified: d/3/93qqs7kki8bnbjm2hrhjsiajs9cjtb8M
modified: d/6/e9g0nhtpe28qphv207qm2qor67runreM
created: e/d/fbmtr83fopkscu7vmclejthr7bhc0amR
modified: f/0/53li5d45das6o31v5ru6k0dlq16ibbaM
modified: e/3/stats
modified: 2/f/stats
created: 5/4/30hn8fratqkel4fdfnviasd86knthlcR
modified: 5/d/74sgvrp9ehkakhh28abb1p61cnjqtpiM
modified: 8/7/c98d1v688o6qmekvfpoful2gehi2la8M
created: 0/c/feh7t9c5tonvo1mc83bc77009jt5dt8R
modified: 7/e/89ibm1opsdbhdfhhlpgci30tileb7noM
modified: 9/0/7c1i48jth5tjqq2bnm30bgo1ce9js2eM
modified: 9/e/stats
modified: 1/0/23tokgjbjj49gtsskhc0aab7d1bldrsM
modified: 2/a/a5j80g4ihv91k4l7p88j4tjop8c0rhoR
modified: e/0/65g2ddn4hjf1n0b7vu1efl9chfg4npsM
created: 9/3/56c6m4hsdqqkl2rk711ilktdisosddqR
created: 4/c/8cthe85q2scal9k12je5brf9u9ogd5oR
created: 4/f/0b2ftj1n1prvseeovo6end3qmtdem30R
created: 8/a/ac78fdoa0k5fjsv7kpul4l4e6f36hnmR
modified: 9/stats
modified: c/f/c7h23474s57e09sm0p5g1hjhmv68uagM
modified: d/e/9asp0d4qq5hfmbbn8f1oi2eih5d83fiM
deleted: 8/8/979hptce1qen1dl4jh4nc8mqfc95decR
deleted: d/3/f76uvod994i7d07h45t9f1kvilmuc62R
deleted: 9/4/dficd60erkrmiatu049hjcd27e5ff62R
deleted: 2/6/7dh2d7nuud76oc8kgbuqo6p01lfo1qoR
deleted: 5/b/e3tthgmpph823lr3jq0eo0o85h1opl4R
deleted: 1/4/cdji5s09ihdjag0cgjc7d84rro1lrj6R
deleted: 4/e/3b73luh5bs32cdmksmbssf7n8204u2uR
deleted: a/e/31364t03nagl08bdodlgo344bq70ugoR
deleted: d/8/f5hifckc3qfat3v6l7qojgnbma9bo2gM
deleted: 8/3/0bj1o6qbe7cb6408723pi51fuajueh8R
deleted: 0/6/f77rg3eenfiai60nbarvne4vfnrq40qR
deleted: 3/b/e71mmsp9chqc2ftekm1pf1ooq52t1biR
deleted: 6/9/damamkg84aq6pfpia0c5v63cmg0gsk2R
deleted: 7/9/2drccddg088j7lmlortm2r5k7fqcpocR
deleted: a/d/9dv0eenlf588qqn1h3t8tutravnvdtgR
deleted: 7/4/df0p0smnvj9beugh4kdqcv9qt7e9b42R
deleted: c/4/a5abpkvdvj13dhdmdr485s5jriaisbgR
deleted: d/1/92bf14ebjuhk028agp34e90sjbi9hvkR
deleted: a/c/04e2qu45lcnshj8k6mplp01c3ae3b4oR
deleted: a/9/8aap9g0c20n57inl2s1klf03qsuhoaeR
deleted: a/c/078d4ig4ahik32d701bsqqc3bprubmaR
deleted: f/0/41qogj0cp88rgh2hfpfmmd1hd98rh4eR
deleted: f/3/e0bhsqntaclh0c9ctsn4i844mmoinr4R
deleted: d/a/6e1dngi536bq8b0jlr05td3k1to8oqoM
deleted: f/1/5ag4197iaequ0tlu9bsql1scavtrg7sR
deleted: 0/8/62se8fbups3mcfaurovdlutelhvlfloR
deleted: 7/d/ad99remt3r1tub1bqaauq6v0p4mj71kM
deleted: c/2/9esecd9k1sv9fhshiortd2senchfto0R
deleted: 0/9/faub7eui09dmboc9f0guss70juq2b9qR
deleted: 3/7/d2da1418ts62s6fmua850omacrfl9egR
deleted: f/6/88ujs79m0q2722223skpg5lcb4dtf6sR
deleted: e/b/f7cktnot3unj468jn4bk60did0f0utuR
deleted: 3/9/af8i2is35d6l3hsgtl4h1lqd13mnn0kR
deleted: e/c/51c0qmkj8k642kq3cjoi3km0uisuu5oR
deleted: 0/1/abfkp2nqmkjkaq573vgjl2ge54metciR
deleted: f/8/73q9v1i0s0n2g1c28blgthoccomige0R
deleted: d/9/4c3cefk9d6gngb0vucvq8pbnt69h9o2M
deleted: 3/9/c5moj750q9ttomtf5jkihimdm2ucc1cR
deleted: 7/c/dc22j7usm2pgt0aq3ss7auhrv6m15ksR
deleted: c/1/590lnfmnidb6k91thk20k5bspodkg2uR
deleted: 4/a/2f1p9uu31ga3el8b8qdgkid7vdcdrouR
deleted: 5/d/87v6ogi3estsm00otiqcg6bsfoich20R
deleted: 6/5/d230qulq2r7e17nga171i6rd70quvbqR
deleted: 4/2/f2183snmko8b935ha5oa7bq4ve53uuoR
deleted: e/5/77ilj8hesb8ip2eokm73gsl538enp7iR
deleted: 5/4/72u8eral2r4r998mvreacg1g28g6s7mR
deleted: 3/0/784b6k08pl8pjrm6p55ot0uicspm3quR
deleted: 5/1/eaodlttbgviknnnavs6mtrimq8nf230M
deleted: 0/8/9fp71cqtuojifa9r1qomkpeuu2f53gmR
deleted: 7/c/93ink1at4rnj6t967e5hu03e3kcv30oR
deleted: f/d/e2th4d9u15q108ufi2407dahhi90vm4R
deleted: 5/4/1ehjo6b13drdeidtiqr2t0aq3cdt4osM
deleted: 5/e/30rj8g0mrtv3vrbm9sd5bh5mmn8igieR
deleted: c/f/7e11jn2lp04odcufcfnkmh2985es2m4R
deleted: b/1/ad0mj7i70snh4ru1s2sehq8679rsllcR
deleted: 1/8/bbjnksidiu9s8kjnunljsois2tsg3kkR
deleted: 0/6/13lmtq2k0uoc8vh7orrs5ptaroau912R
deleted: c/8/9cjgvkj8l3otkp6erc5s5pg62sv5micR
deleted: a/8/8ev538i2tp57jki962o1tkeuugpiqfkR
deleted: 9/0/545fsngj0ulli3mnk665fafk7a0vms2R
deleted: 7/5/24jtklcbo8mjakkagpb1q97cstt864mR
deleted: a/9/c0ol8cu9ho9ku8sa307plplhm5c9f3kM
deleted: 5/1/15njafjli72lj38s7jbaeuspomtivqeM
deleted: 8/4/3b9gnj8vaoa4do57r1a5cjan1t4hhvcR
deleted: d/0/888gpjsr8ra6o42r6kv80fipl8vbveuR
deleted: f/a/0e7imuf64pml49sscs8jrmcmbono7keR
deleted: 5/9/6cdkg9e7enrv6abn9fvmi498i73fedsR
deleted: d/d/38q164iv0g2cbb4t09ausp884np67oiR
deleted: b/7/51ik0mkd9ufamarq88703o09133q3buR
deleted: 8/b/a4rm6n22ki1o4bkln3gmoate7vjvnhqR
deleted: 5/8/7e6daia3s2dr89719vaekvrle6eeq4sM
deleted: 1/1/7e118vgbfro6g60jbt27sl0cblacudiR
deleted: 3/4/17sde0jpntpvbcl343gg6a8u9lp07m8R
deleted: 7/f/c7bucukmnfi3n8oo07anl5bckqnvk7gR
deleted: 1/e/3dnn3nmbm96j2dg0qkphc8khdl0bu8gM
deleted: e/b/631u6foq9pvfoe0lcmpvs71mau8ju62R
deleted: 5/5/fc5v1b5t9u41fqrlgdui5ndfp1c75rmR
deleted: 0/0/b8nobui9fcg7eeajblo7nokbbgjqn04R
deleted: 5/a/e2478bdav4hpcbsibtldp5r056e5g0uR
deleted: e/6/davbh3007n9p6tgs6hf4j5mn4n8cbrmR
deleted: 2/1/eek0l8hq5omobke80ju6lmod46f3n86R
deleted: 0/8/d0sr6qgqjcl3g01teeq78sq758p95neR
deleted: 7/4/8e9pfq1oa559mogb3so5klv1fplsv5oR
deleted: 6/6/00s306nijo508bd43t3hg9u2u74utaqR
deleted: d/6/90l031fefic0rcfarvleli657seve9eM
deleted: 2/1/8628qeecf4eomfec8l086ejlujo1bb6R
deleted: 5/8/db682m1u7d7j8n980tkbiv7njplo9bgM
deleted: 7/1/bfl618lim81i4lu6c06d7c35kg1flbsR
deleted: c/f/bcu6ce3nkskhkf11thltlnof2ntu6b4R
deleted: 5/7/feufm00m40oreaptd2jlf443a0tmekaM
deleted: d/d/61607bi31lrcsl305vioueqakbdnqq8M
deleted: f/4/96eanpt14680feenhbre80a8ut5tkucR
deleted: d/d/64sshgqlcme91ndi8vi0vd8e1ab284qR
deleted: a/e/35i8e5ut25cio3s1ce7p7ph7v4cu5kkR
deleted: 2/f/a8mps8eda645qehrf9lmne2loil0vt2R
deleted: e/c/d994t12bdcnesvgfild29nmabokjl5gR
deleted: 5/a/9fh3hl2qo493smcjm3c2rugr1fjrqt2R
deleted: 6/6/35dj6bb754l89gr11n447e9feu3krv6R
deleted: d/0/83gkltqd6cohh354l2j3peskrt6om2sR
deleted: e/7/eafgjcm8ku703rkeupv158lsuunsmrcR
deleted: c/c/c90e2utmblspathgcc2cd5i01g02650R
deleted: 8/1/78eiboablcjarpsj5hntq66smdh8vr0R
deleted: b/2/34gih49mr3r9av299fk5iohlkvhlmfkR
deleted: d/3/a1tm7nu0u4c24gsv66dcrpv78s50fquM
deleted: 1/c/42f0s75leqmccf2cvu19hjm47vbd7jcR
deleted: f/7/eep1vkh51q7qom8p256tefmt1644ta8R
deleted: b/4/10rjnpl9ueg4kp7rjkmvo8lq5hl00kgR
deleted: 2/6/27kdc9q37ehkb32gtkcu32kb1l26go8R
deleted: a/e/4a72h470jovf33m9g8ulelso1sem99cR
deleted: 2/2/4239gg1tbvq61bdfej25oaonva7ufpcR
deleted: a/2/f7fbio3rhli76542jbuasef7tt1ocuoR
deleted: 5/e/838vk1l16ok72sj1idpo3o4j01bmussM
deleted: 6/a/8aa4g90iv426ujg5etqtpj3rntmvnqiR
deleted: d/f/4ajbvvlf7n0g3mb4afqqqm9i9qctdh4R
deleted: a/e/06uc7mvefmevo2dt54oec78k342g5b0R
deleted: a/b/a414ecdde2mtfoim5sg9q4h1066jn2iR
deleted: 3/b/91rsl4sq8d0f5g4e105dj400bhsr6icR
deleted: 3/6/5745mlde30vpvl8q04933ee8a2mh4v0R
deleted: 7/b/41i7nks38ht26k79l6um0e7otmli9eaR
deleted: b/d/8egqedg4f24i2vnive3bjm5ht7k1p90R
deleted: 1/2/baj4hbtdcfl4h0v066i73lnnalk1gliR
deleted: d/c/051vo67fsrld34f5noppm2aqsqli938R
deleted: d/0/71ne78pbkic58j92u0gnh1qrjfm02hsR
deleted: d/7/637c7r0fma3ubhtl2tuadidaoreet14R
deleted: d/b/28btknkkp9uo0r1ubnd12p9s14dkof4R
deleted: d/9/796tc45s95l29sdfodg097nvl30gqk2M
deleted: 1/f/3dhngo998po2ok6u76scakbr0m8sf2sR
deleted: 4/e/12bv7cakf5sphp2n3fq6uoeu2u0khmiR
deleted: 5/1/6cnuchqcirdu80mp18qotn37iim50q6M
deleted: 5/4/0218qohsuub7i9pckkilq0qf8le1shiR
deleted: 3/b/7b32rb1ub7c3ep4sqni5g072k6f71feR
deleted: a/d/d8ivn142uin15tu9m05r8rguahmt54oR
deleted: 5/f/16s0a396h56nqqpjb04ln70oqc1tla6R
deleted: d/d/b7lbtldhklm9kphls463sgfa57rm9fcM
deleted: 7/e/c8vu1qp6clh8ijkh9usol9i2358hi7eR
deleted: 9/7/41u84auqbjoi3teco3l402770c3cp12R
deleted: f/7/82iilnbiq2rplvu7sgt4iabdug2fnbeR
deleted: c/5/1cci61f8nkeadf1lahi1pkgl2e8hje4R
deleted: 9/3/33frjp1ijr3hlk1l3d63b7nrej88378R
deleted: 5/c/83afn2g5s7ddc268o4hpo6dpsma2q7oR
deleted: 5/e/82v4knh8s4r3lip89k2fmml0vd0fofiR
deleted: 2/6/8515adj23b9c337v1ek0b29m4kgbnpoR
deleted: 5/6/e13qdkuip367f70pr50h2vlif9jcnnkR
deleted: a/a/60ufl4ekh3gcc1s1uf8r6oarirevj9qR
deleted: 5/b/b1cik1d96fobrtg5kn3e7k26sb6g0p4R
deleted: d/7/82t8k5pmtaidr6b7t8najr448pknrkcR
deleted: 3/9/4f5ddavj7s7uoak2u0uqidvi68mstp6R
deleted: a/f/919b4ims2vha0n6qouu2kkio729i51eR
deleted: 3/b/c6kd8ua5h02d70ttsd70u31ckqtmf84R
deleted: 5/6/a2ov4i5lkk8qn966n59n69mt5enfuumR
deleted: a/1/22q6a2v556nc4kv2f82pgcl1pla9etqR
deleted: 0/9/abs1bq25c1o3ueef5tf1c58i216s792R
deleted: 5/0/6e2j6kigoeikoik5e0874t712tq6ploM
deleted: d/d/3e8imnb397fvsu33b803qst1813l3noR
deleted: 3/5/32hhpup0p6k5keb2pclb4qn44k9h5asR
deleted: b/e/923rmjl0f0t129rhqvpbdm8rnra98seR
deleted: 0/4/8c5adm1ci85ukovn1129dc1k0m03aksR
deleted: b/6/1crcrb802q7ubqri090u9rptidhha0qR
deleted: d/f/46c7be86rt9kci38qlee7452v5dfn1qM
deleted: d/f/e3gfhui3hg1qj2ltkme1p7g61sgdnh4M
deleted: e/e/38m7d86n341tmojarukkm3b340qhp5cR
deleted: 1/0/bc7qnv4d6n282e2sn81d0teihjnm1hiR
deleted: 5/f/8a63l55n0n34h4njdah5l46kpp0dfb8R
deleted: 4/5/8539vs3fv1k4p3iv66604kri62fe576R
deleted: 7/b/7ee2oaloj9805a1l5t35odirp5du7i4R
deleted: 3/2/9djqvdt31kmko3cd2bso8uutmpq8d06R
deleted: f/8/b2lspbk25sg26qr6nllahoaootgf27aR
deleted: 5/5/b5m6u2c35dpn4mbgdnr3uk43075ubquM
deleted: a/5/775m9r09jt12h26ei532ngk7iklnehmR
deleted: 5/c/15n07blc0pv886o80r45kngiv7481kiR
deleted: 1/4/b4ihe4r9848364p5ghb88u68q1vghv8R
deleted: d/a/2841j5nobep81m801lue1bglh1m67q2R
deleted: f/1/57f1fd3gk3gtl9ll9ihan7f583063kqR
deleted: a/e/e63c3s897luvqp6of65fdqommerhc1mR
deleted: e/8/13d7fboi614cis46sdaf6j7jdbrg5guR
deleted: d/1/bd7asokpm5e7slbe25qgpvvtcbrufpmR
deleted: 4/3/17oijf25h5kjhckb61gdkrm7gbrmiv4R
deleted: 5/0/2dgklnr9ppu5gf7ak14rheian9vprksR
deleted: 1/9/72lqm6covpopp9ngqq06r5d6f26dut0M
deleted: 1/b/dff04l3a2karmoc3rsajafac26uk8reR
deleted: e/4/fdpa0s13bvhiauhdvjg3e4eq1dk93guR
deleted: 4/4/1b3gka7a0pah2or0r44ifeg53uttvciR
deleted: 5/c/7f0ti3ijfji0ihlrfkr2fpjfnd5t94sM
deleted: 5/e/54jtsqifusfskerob108tl0a71msgk4R
deleted: 5/7/f43t6hijj21lqp9nq6rivhds58s3vn0R
deleted: 3/b/2985do7184qrs828rra1ip6b4lmfdmuR
deleted: f/6/4bbr75afl4aclkrkoghbmi6t4oksa9aR
deleted: 5/0/dc4o51bu68bfkha70au1492mvekq498R
deleted: d/0/9efhebjkmmjdhbah554retjcehjjdnkR
deleted: 5/9/14ihs3oe310eqie9ucika0qnbrothk0R
deleted: c/5/ffg4kakpb9u7bqgmihmdof8vqkh1dhiR
deleted: 8/c/00f93551jv0vfglk4t8kp2sqj64afiiR
deleted: b/c/4797nsbja99gfo3g25vf7nf4hf0gi5oR
deleted: 5/4/d62kkog59b1ee9dmcrun9mqv7809kvkM
deleted: e/d/c80mquh107algnq3mohmck3cdc1282cR
deleted: 7/a/eapguh9inljgp8bp7qrtd0rcb13spauR
deleted: d/b/0cjvdk5pp7cd209ur1nu2klfhkdurfeM
deleted: 1/d/60g0ivpkpmdgse942brc880bqc86akqR
deleted: b/4/08bue0dm7stflsf3s382kt41ln0lhd2R
deleted: 5/0/e08hg8h9d9a6ludirfmumt592039mrkR
deleted: 7/8/3cb2k6mreev0n59vsvue0mir3esusekR
deleted: d/7/5flelq8cfjjdm292apqsdcf2aht7pjmR
deleted: 5/5/72hdj8j3f7qhh7qvhjb2rvpch7hmc6kM
deleted: 0/3/46j6pfpc22qi4gb84v4i7gvo9t0edd0R
deleted: c/6/98eno44hq76i969srthcb0rfh8b652qR
deleted: 3/8/ca1tga7km04tnsmrgqbei5qddkbg1k0R
deleted: 1/d/37rv5oofaiv93aie068ntd5a9ejbktsR
deleted: 4/8/cbf63ko648u06so1024v7i24goojleqR
deleted: e/2/f15dpabo1nvjuqsmtmst413sjiqlluiR
deleted: d/1/3dbo0ogk9a83kgdsb4en7rggpf6ip26M
deleted: 1/5/eflt0pp55ag0g9ll3nmht5go3k4lb72R
deleted: d/6/7en3h191v1sk6eluah20r064ier7cnuM
deleted: 8/1/de9aimug2s9n5nnplkjv9osffqecs8mR
deleted: e/4/687p2ptgu6f005v7j5brg5kvipplm7cR
deleted: 6/6/15i62gii88p3elthbagc4ee3401220oR
deleted: d/0/05aac02a6s6e2hcsqquaan31fu1eraoR
deleted: e/1/b4q9v10qm6pm49uri9n89jgrcdbkiu6R
deleted: 0/1/4fciisriv46qk5gu9prdnefg24pin7kR
deleted: 5/d/df5tq3k6aeesorebkqg0dhr5atkpihgR
deleted: 6/6/3b0r4jj259atvhn8kmpl4b5j1m5uc4sR
deleted: 8/2/e5ts5g6bsqu4629jr51k5rp78j1n6jmR
deleted: 3/3/2c5f2k70upl0m4nv7t98h38du1cncroR
deleted: 7/2/27rv053jfm5kr2rp62qslhvfefrs7uiR
deleted: c/d/a1f7bvd23dvd5p57u5uml5ksekj86euR
deleted: 5/b/dfpo4o267u92shojq3b38kpdih1ku36M
deleted: 1/f/bcjorfc005cjhthfmb921fvo3302mumR
deleted: 5/5/37dq45rdokd045jem4pfubdusfp9na4M
deleted: 2/0/4f4jupappuk5v5dnamfrjhok554ttu8R
deleted: 2/f/83jdbphpu8jmctptn9aq4rrf6tro7l0R
deleted: 5/3/e84i3mjjsmim699j43abigoadt7nc4gM
deleted: d/5/93j276rnu542lrohh61tb7f5omr6cciM
deleted: e/6/b4janoqi061cj6d4di7b4jkt1aevk60R
deleted: 0/d/c8g6hvnk0s4mrviet14q33taa7r9jpqR
deleted: 1/3/c30fvku7dovdhvnv4537f0krnhf2qfiR
deleted: 5/8/4f3r39uujasmt6i4e1ftgoi6s1m6t0gM
deleted: e/0/e4e6l64160uik2b8sia3v8qeaqaachuR
deleted: 7/5/8ent8f162a8q3lm3khnga3ma50fgjuaR
deleted: 9/2/3fl00mojf6bs67a2uf903cru8qprnbqR
deleted: f/8/3f2r0eknpuubjoufdoe1iurgho818a8R
deleted: a/3/aemvgg715fgcbo59vl2281cbm3vj0tkR
deleted: a/2/dcnc5bc6m0d3reduqblqfk0p8lh53hcR
deleted: d/4/337rgovo6tj8ks0q3t7c1uhn2p2832iR
deleted: d/3/92018k7ftdv5covbnt62qqscooee7l4M
deleted: 5/2/afp1jfgcvighjgc7ibc0b13d086a7b8R
deleted: 5/7/9297gid9tqvnq56tvpb9nea3nmel6veM
deleted: 4/d/3dl6vieesdbn5klklbc162gpth2qmn2R
deleted: f/7/a3lc03b6s1v9aah9l8mooikj3qmbb6oR
deleted: 1/0/859aiktguaoui53pcbsii6oj0b8m6sqR
deleted: 2/9/c9lpfk280vh73buja65npt90qbb1q4qR
deleted: 0/f/69sgdmls91atnhp4pepsn8aeedc3jd8R
deleted: f/3/a1k6obfitjj0l8gg1qgccsvvcf4f41aR
deleted: 4/a/beq9lqc1bsftl9uihn41u8p1foc16d0R
deleted: e/0/58oebpig5nltfjfno4fecm0trcocmigR
deleted: a/0/d2t41n67l8q791h78dhlhr5ptnnhd2cR
deleted: 5/e/78dpo93frl6rhrjduo556flkiruopt2R
deleted: 8/6/46469458igkale4h9ec02ihsdgous6iR
deleted: a/8/74rolbt7hfvsoqqnpn3c3etibsjqnkqR
deleted: 7/3/491gah098jhjrq7u74m320chuedrnpoR
deleted: b/a/3177v9gv0u62mgqikn8ao8hrdm42seeR
deleted: a/9/8bqe1evqnitieptem1qijtm299e4504R
deleted: 6/9/a809ne5sj0u134etg6r9vr7dllo7nhkR
deleted: f/9/d5hlb2o94srd31k7c0sfta5k4mdgpo0R
deleted: 7/4/f03h2dsj8nbnlkqshf335pggc3odhgmR
deleted: 5/1/fcoqhtfn7l8pjprrke65fte0ee5jnvmR
deleted: 4/7/6cjounga7inqtnelebom0p78afbekd2R
deleted: c/e/cfmlv5lctej3aogdcsi67b9rgpcf6m8R
deleted: 1/f/fcev2pa7ll3i758fp0osi0ji8hq9ni8R
deleted: 5/b/7a7ifbjcf19n5umfc7jjbfi6ephbbuaR
deleted: b/2/d1vdim99n9qk8tb8ijgpj58rlqjcj2gR
deleted: 4/b/e6h4a432i4peko6je7p99glmnb5tivcR
deleted: b/e/9frc2inaih1gfm0c21iutdqpp2gfroeR
deleted: 2/3/90jpuf5ms1m4lbrld9ca322p6mt1d9cR
deleted: 5/5/e634es6jul47j6foupak7ujksba24tuM
deleted: e/2/7eguot2nrrkmtg85d29jf7gdp9ue41cR
deleted: d/5/afebgi0f1lqlk1k7sp1tsp5mq7p1tloR
deleted: 5/3/26htl77kr2d87qcs2al23r664eiipnqR
deleted: e/9/36jqmmrepum9595d4ipep37fia1u34sR
deleted: 5/f/31kbk8mu3ug81p1h1g8122h7oagu95eM
deleted: 5/0/58eeb0a3v48k0vcun44mvdu5ui1lv12R
deleted: a/c/6ae8dtfu32406svvvfkbri85su6fhfkR
deleted: d/6/c420v339gsn2borpgrieenb2ponm2tiR
deleted: d/1/91ernqjf026ihe9c44mav1j6a8vj0ccM
deleted: 5/c/60q5scgs2eaa068l9srqvrj6q1e6uj0M
deleted: 8/c/7ei44fupufqh6aku5cboe5ojetum3liR
deleted: d/f/f0m04velemjlqgm1vldon2k0e4r4i0mM
deleted: e/0/9arl0b9qmvj8kn4amvpnq3am42bjp3aR
deleted: 5/8/a9tmqhtu99fosskjuca95g1d2o9ae0qM
deleted: b/7/3dm1di6228igaeslj1v0v50bi1lioaaR
deleted: 3/4/f082tdj7ijkmf3fauvunblo9g09sr3aR
deleted: 7/8/b3p1nkij7gao95ondql9ci4sus860fsR
deleted: 5/f/89sdel1a568650gdjsjkt41ga4erq3sR
deleted: f/7/7edu7o7s7ld64mjls0voq0rpc9no1jeR
deleted: 0/1/d7nldoajlun7sjgrpuqoh62qnmcc1voR
deleted: 2/b/0dvfq0ut28u8m18v93vjlpcp6j1tpkaR
deleted: 8/2/0anrfo150l9uo5frn3dql9rr6me74o0R
deleted: f/b/edr987863869ir0g6hfu6jv6olmo734R
deleted: 5/7/72909759i1dhmf0eug7omatfnvk4h14R
deleted: 6/1/258k34nod3rk0q17rpo0o19d6e3rdkeR
deleted: 5/7/7fjhh37f8flqg640k1mik3nmejecmd0R
deleted: 7/5/98b19dqdrahaq0bs335ec865k1sprt4M
deleted: c/2/5al7f37ldg5dehmrkd51rhnjuas3vaiR
deleted: e/1/84fdav1fial8v6nspuav6vt0nsq5h70R
deleted: b/5/b4ac2rq4pnhserqdsieulu84ing7a56R
deleted: a/e/6a8ejuf85m0jj8hrp6564dvbuv5isbgM
deleted: 8/2/b2bgtl223ej6tbqdakdhmacnjfm93v8R
deleted: d/9/95fdp35mtm8oj4q6q29pt5m901gv0vmM
deleted: e/3/599hcqcqvim3rburjvqf79smc6mlrisR
deleted: 1/2/deelpmjbufpu8b3mab9novl19ebs5emR
deleted: 5/6/206cb604k49p1c35o9dnju16h79obhkM
deleted: 1/d/a5qb2tfm03e3lljdbub9ajla6acuhcmR
deleted: a/d/71tf1sjgecjc81s27mt9g51tdi7pc46R
deleted: f/5/01oqoj9tlrbemntsl81kq531t6sptv2R
deleted: c/0/8aaad1hie8367k8va1l9p1go2n2ocg2R
deleted: e/d/43jbourrjqf8u7cpmslmo4002c353q2R
deleted: 5/1/85uofkc3dh75ft6fjkf9a1gbevif60iM
deleted: e/2/c1hoc4lc21h00evp040qu2g06l7p8n6R
deleted: c/6/0e5bvkf1tkjpbv7pvhb8m8ekqriul7qR
deleted: 4/6/6av8g9snuas8qoc5e3o6d91b5546ohaR
deleted: f/1/cdb4q80i33mla8sl6sar528okmu8eruR
deleted: 1/6/b2ni51u0d51829rmq345nt735dcr8ikR
deleted: 5/8/a7fprnbrtjh9nq5jbdgk1sn2gmn4gaqM
deleted: 1/e/554pfvlm78qfo5jb0cu216d8votpdm4R
deleted: 0/5/70j8am2l0suga5vo9iihuvctj90omhsR
deleted: b/6/aad8i1fk9rk1jusjjijiln4ma9p4s62R
deleted: c/3/af1anaj7jsrinvh49e1hpo5o4seoddoR
deleted: b/7/dbrue5eo6s2tj116m558afmk018np4cR
deleted: f/5/60c38k8d0bkegjc1pgsbtb04ciai5eoR
deleted: 5/c/dbuj94ml3rmu0o8t7fkganbm0v6vqtgM
deleted: e/b/b0cmqf5svn3s256j4nqn8f3fmkvfhasR
deleted: 2/9/631fsj6b9kvbs0khl84p1vpiq21rcfeR
deleted: 2/8/cd9966if5c9n9oa52f8914fbc2dinlmR
deleted: 8/0/4fr5vgpfglbrp2hi0u120usfbd10qg0R
deleted: 6/2/3061qakf5qpgkkt0ajl07gfup1adm96R
deleted: 0/6/ccui8au2g80a3iajrfjit13l9g4srm2R
deleted: b/8/af9cm5t6ejgucem56c40nc0311bjj08R
deleted: 1/8/ef6ar50051fi5alal8fcd3iro35lvfgR
deleted: 1/d/0dj8gupn4ngkdj2sukg0kmrrpquhebqR
deleted: e/8/25g1dnjqgbal2cong0hqco2fsbkcphsR
deleted: 5/2/b5atvp7jhb3eagbjhs6cvln3t9u9ua4M
deleted: 5/6/e3lfgdgkr7vetphreaa59hl8251uoh0R
deleted: 2/0/5cqhbo3guh0j2jhot2a8nsd3jh6hrpcR
deleted: 8/0/63b921gmhemei6ef1i3r66kc80svp16R
deleted: 7/0/32iiihbbp2m3pvdansivis1i9lprlrcR
deleted: d/e/23d2j1f3plo315ajv7m19gvl0jt3lhgR
deleted: 9/1/12c2c87e1qb0fjn0906u8hopk565tosR
deleted: 1/f/01d6enrk4k44utcfni7uqlnt70vvn1cM
deleted: 4/c/0bv5l0u64ulpmafp67pn4a1ue2ek2giR
deleted: a/c/45t577njir1046nt6jjfde4hehhjfbkR
deleted: 9/0/78kispmqcgblcp1oohfnvuamo6uefikR
ccache cache size is 166Mb.
Uploading cache ccache...