SHA for cache folders (/tmp/ccache_dir) is '3c9c16be35f879c8274695e2f6b82782d6185f058e54ff5bf88dcb025f25d80d'
Cache ccache has changed!
List of changes for cache folders (/tmp/ccache_dir):
modified: 3/stats
modified: 7/stats
modified: f/stats
modified: d/stats
modified: e/stats
modified: 0/stats
modified: 5/stats
modified: 8/stats
modified: a/stats
modified: b/stats
modified: 1/stats
modified: 2/stats
modified: 4/stats
modified: 6/stats
modified: 9/stats
modified: c/stats
ccache cache size is 705 bytes.
Uploading cache ccache...