SHA for cache folders (/tmp/ccache_dir) is 'edbde2517db138e04031e57a8d36892e861fbb1e543046dc9038e8056e24a54b'
Cache ccache has changed!
List of changes for cache folders (/tmp/ccache_dir):
modified: 9/d/stats
modified: 0/3/52r30gm6sn7g6opp3mgu7hrpao03714M
modified: 5/8/07cph4mkqigurpu2p966p6mii3fc1c4M
modified: f/1/c0hkue2fp8g564fujr4mf800qrrivp0R
modified: 7/5/3ebeuqhdjbvn5daes2atgjkftgaqeb0M
modified: 7/6/54hfqqq7egbvls51bf43kf8i398kfbiR
modified: b/0/stats
modified: a/6/stats
modified: f/d/stats
modified: 7/stats
modified: a/3/stats
modified: 9/e/stats
modified: b/b/stats
modified: 5/9/339osu2nmfts1vc5m4qlktjib6ng578R
modified: 2/f/stats
modified: 8/f/f7gdvqem5vju1g007i07535km6rlpv0M
modified: 6/3/24nml9bil5ub24af4a36086o6c2b28aR
modified: 7/4/b8t5imdss2dpl278oe728slv3gn7hcmM
modified: f/8/stats
created: 3/b/68d833ge4sgair1t628ub5rlketivq6R
modified: a/9/stats
modified: 7/6/5arfmk2pje29qc3nhkgi58mvrq7p8hoM
modified: 0/3/a38ektr4l5aa1758lssh14mho3jekqmM
modified: 9/1/bbvb6vkvb581t4jj7jttob0cb9534jcM
created: 0/2/fcmsju2ufdhks995fjhg92fga0r46luM
modified: 1/3/stats
modified: 6/6/stats
modified: f/2/c3mopjpsrinjecbfrae6bh782lc0rh0R
modified: 4/b/stats
modified: 0/2/88dr44f8875uorn8io1686brvj601pgM
modified: 6/0/stats
modified: 5/6/stats
created: c/1/f7928i0g87l2if25jdlrilk62278r2uR
modified: d/8/stats
modified: 1/b/stats
modified: 3/e/2cahqalp1fhonssbi23p3c8rsm3ne64M
modified: 0/0/3bhttvfhh3v7uc6u4r0b73q9ra06bheR
modified: f/b/stats
modified: 9/3/stats
modified: c/4/stats
modified: 7/7/22bogc33vukic8uksu09enb3071as4qM
modified: 7/d/acvcncusks3la1haa6se2d2vuphmd5iR
modified: 2/1/stats
modified: 5/6/5ft5r8ubqf9jjjd65q2to657avi23eoR
modified: 0/1/0bn6ghr188pvfphmssq3qh8hph397peR
modified: 7/3/fd5i15n3is0jce1bkik8q5vnqq43pg8M
created: f/b/82opomsagq6j26fpo8n751jdqja3j0eR
modified: 3/d/stats
modified: 0/2/c53o513kv0qfu7r6lppnv9kcibt56keM
modified: f/2/0e2rmoou92h14ko7gpmhb6t9q7sdmbsR
modified: 0/6/stats
modified: 8/0/98tvjupka6c2750lcp24dsqmli9utl6R
modified: a/a/stats
modified: 1/stats
modified: 3/4/stats
modified: 9/5/stats
modified: 8/6/a1tisfdusi58jr9bi8k829uohr4osbeR
created: f/5/bfmk2a6r9cj94ri1ih9iid0hfisb28kR
modified: 2/6/52oq4pigp6hueb3obhh09u9gsb8bd2aM
modified: 6/a/2auiracbt0g6lfsa1ursju3lofchd1cM
created: c/5/d0pcp4vf1ppanpi3l1vkr84nr4k3ja4R
modified: 5/b/e050g6so6jrtrr3tvq0hdvncit69cceR
modified: 8/7/dfj2dn00t47ii41kll7ckkem96becsaM
modified: 5/4/stats
modified: 6/5/5fa6od48hqihap2iguto8tq18jg01fiR
modified: 1/8/stats
modified: d/5/stats
created: 0/4/60u6lrprj8eio8ct5hvldllf3ljaqv0R
modified: 4/9/stats
modified: 7/e/stats
modified: 2/6/stats
modified: 4/4/stats
created: 6/e/509cq6hm0gmm6nf3l8lj8th9ri1l6qaR
modified: d/3/stats
modified: 9/7/ddtug3j6snj4mcbnktttsd6tpv7uk2uR
modified: e/e/b0t2jom8ivkscjri99u8am80jbhdiaiM
modified: f/1/2723h086fkllj559hbtm7echpgjlm20M
modified: c/5/6da6jidmq098un309sve5sh0p2vhq8cM
modified: 5/b/d5srhr00i6g1nsddso9ru4hoevqelmsM
modified: 5/1/1aoi0di2gmjp6qg8hkdbdkidgm21j5iM
modified: 8/c/stats
created: e/9/01sl5n841bboefr3odnvgbluohliqiiR
modified: 6/e/f109ckjfn24ptkera77u7ae2v5v1h8aR
modified: b/2/stats
created: b/3/56m6q5eqlip8ps6b6ou5651c2o543uiR
modified: d/1/stats
modified: a/e/stats
modified: 0/0/e7mp14c973mnk755cenjtk8orgj9ujkR
modified: 5/1/stats
modified: 8/6/26j9usrvq1048qv45tp5at1o02phulmR
modified: e/6/stats
modified: e/0/stats
modified: 3/c/stats
modified: 5/b/stats
modified: 9/0/79toeqrasiu7916b4i45q3qn8as4t3cM
modified: b/1/stats
modified: 5/3/stats
modified: b/9/stats
modified: 5/3/9f4csosrgs6n1tu2m54rqc44g58tgreR
modified: f/e/7272laa0lfrr3sflml1kiho3li7cde2R
modified: 1/9/stats
modified: 1/4/ca909m264gq1f2lpgho04m1r0u0hvioM
modified: f/4/stats
modified: a/c/stats
modified: 6/5/a6g40i2om5aq4qjmc2dev8mjk02m6c2M
modified: 7/c/stats
modified: f/a/67i8udcfov0hgaecl47i9iu6jlrbb00R
modified: c/0/stats
modified: 0/6/09fjfrg2n3hpk4td0rcr2jfojf9bsu8M
modified: 0/8/95gbgei1q7irejm2bc963628u13731cM
modified: 8/2/can26c951thuc448a87om6pin5qgqscM
modified: b/a/8elhsaiibgq6ec478ki8l05hebf56eiM
modified: c/3/92a4sa6r6tsgu4rgdsv25fi249qig1iR
modified: 9/0/f9n0eeu49795n6cuqh9hgq1rj7rbf3uM
modified: 2/7/d8c0t5s699ht7s13r7kscmvq024920sM
created: 3/e/67rv4j5b85go1hv5umbinh292v823seR
modified: 6/2/stats
modified: 7/b/stats
modified: 3/3/stats
modified: d/4/stats
modified: 6/f/stats
modified: 8/8/0chekb7mnqlfm9fmk1qfs7vnl7r6ls0R
created: 0/c/c0nf0bf180ktevb3s8f6rm2al0gcuu0R
modified: 0/5/stats
modified: e/9/stats
modified: 5/c/stats
modified: f/1/stats
modified: 8/7/deerqrsca1d6pm00rgvdksa4rknl2cqM
modified: 0/e/0128n23o8pokqe5so7akhkse969895qM
created: 8/5/351dmfatu66o79uuk3ccrlh5v5063s4R
modified: b/stats
modified: 5/a/stats
modified: 9/2/8d5haftnk0af3pfehuoduko8aeeah94R
modified: 7/3/19j2uhin79e0rjochuijt8rilo9prlcM
modified: f/c/stats
modified: c/a/stats
modified: 0/0/07i91eldpfo7clg2vja87md8o966kumM
modified: 7/b/1e0gd9d9lueb01823hnl9b0j2318hreM
modified: c/3/34pe0a3mp430s0lhinmb1b8sq915tseM
modified: 0/2/stats
created: 0/b/15ddsibbf0k43dgbgtqqqn9rc2r0t06R
modified: 8/f/stats
modified: c/2/stats
modified: a/b/stats
created: 0/3/87cl0noc95kmmob43shlbu4amgmcce0R
modified: 1/6/stats
modified: a/2/stats
modified: a/d/655dliaregcug9tuuhj4bqesik5sbtuM
modified: 7/7/cdurkjjnuspibckhk5g416h2iirs2sgR
modified: 0/0/stats
modified: 2/b/stats
modified: 7/7/stats
modified: 6/5/stats
modified: d/9/stats
modified: 7/4/stats
modified: e/2/stats
modified: 8/2/e2tg1ckp2b1vr2g91p50e7gtfk1841qR
modified: 5/7/62d5pb2d4408v55kqj4tda0a5fnnm1mR
modified: 6/5/0esb42vsu6akve5re7tfq3kqi0gjfaiR
modified: 8/4/7eange8vve8hkjg9t756muil40ccgvoR
modified: 9/2/7erettt3ks417ebs7epue5rinrf9h1qR
modified: f/7/41m26tcpou4qt90cgmf48kk1gn3dqd8M
modified: 5/0/e350r3cajk3esthu1vjg7lsg47pf3h2R
modified: 6/2/45v0hrei7ph4huqck3359cvp7ua39tsM
modified: d/stats
modified: b/a/stats
modified: 4/0/stats
modified: c/b/stats
modified: 7/b/4800csishai3138nhnvudom1e3dnta4M
modified: 7/6/d94cmcq4snv84p63n7820i9s4kvtd0iM
modified: 9/2/68o6i3d09mmi8ht7pq7tg3qhu16jhq6R
modified: 5/f/1d1mqg4h9t2j7807crkmqder4qh6vmqR
modified: a/5/b70r86dvdn1i06c23h7f5q4v86aalsgM
modified: a/8/stats
modified: c/e/stats
modified: 0/2/b7jc5iimiajad9d5k4nc0ancnv0fa8eR
modified: e/c/stats
modified: 8/3/487ahnrq88dcbbijhsb57rgcto3qci2R
created: 0/b/49r4e1cirvbroemiaug16nttgdltn10M
modified: 9/a/35dm6r9p8oauvqui2sq4dfh0ccmhjc4R
modified: 6/3/79br1ja2hrbc6avsp0dqoicqpcenbucR
modified: 2/9/stats
modified: f/7/stats
modified: 8/4/b93r5vfug543g4so1plv70s9f66gonqR
modified: 0/4/2buv3ur5d8uja0sbv6l5vlapdcvr9ckR
modified: 6/2/9bh1egpd7tqi25vc5o4kjmesdl585jsR
modified: 1/4/stats
modified: 4/5/stats
modified: 0/3/606ug70dnk5mavi4496ta404p6j4i42M
modified: 0/c/stats
modified: 4/7/stats
modified: 5/0/stats
created: 7/9/142qm99ff8m4477ckjgpjmeuubv1sv0R
modified: 2/8/stats
modified: 6/3/8775ag33neue9qvs8fka9khd3a9c55iR
modified: 8/a/541tv47rbjv118k03beip3c4a81ovpmR
modified: 7/6/6aoihv8j2r8g1edanrqa658ve1l2t7cM
modified: 6/3/d1i4qq54ibh9h0k1k1jjqpr35un4c5cM
modified: 3/0/stats
modified: 0/stats
modified: 6/3/70rtk4bd7csbrhpmh5lbn32nsrmc0r2R
modified: 8/4/e9ghis2seehtohq3h1llmgh42lo0e1sM
modified: 7/5/4c9pvodnoe00k3utoplabbinr82jfcsR
modified: f/d/2bgm47mkh1vvl2o43f3ljpsv3ana2t2R
modified: 2/4/stats
modified: 6/4/75m0s3rddnurtv413gr5db2jeq2vh8uM
modified: 9/7/08qf0oj6mk3fofocvjubktiatlgbrf8M
modified: f/3/46mbs57viilbeu4q0thm8sbcvpjdolqR
modified: 5/1/e98ks0r9n1ngbuf9fge6k2fj5ronjdkM
modified: 7/1/1b8ov5ubotnf3a69vk9blfn8buqi1u8R
modified: 9/8/stats
modified: 0/3/b67l23v9d14gn9o31vkochlun2tqo8gR
modified: 3/e/stats
modified: e/f/stats
modified: f/c/f1a3r40a83rgl6sjkihlm0jnvl0npqgM
modified: a/f/stats
modified: 0/f/stats
modified: 9/f/stats
modified: 5/2/dej63geb66b9pqa0n67faqmooi2n40uM
modified: d/8/20aehba27t71l966h9ju6kmgmu9haveM
modified: 6/c/1425ql52mocd6qfks5il55fi61hilliM
modified: 8/5/448ug8v8g1e9tjtdh4c146opu35vh8gM
modified: 4/8/stats
modified: 6/e/stats
modified: 4/c/stats
modified: 5/1/10riokrqm4mkstu3k37src1q6mhh7qcR
modified: 5/6/acdhtusknvc2l6v8ms4npk8qqf92gfsM
modified: 7/2/70l2bqdrm39qifgrr0crc4quvh581g6M
modified: 6/2/2b30c9v0kesd8dd6m1njgil82v60k94M
modified: 4/6/stats
modified: 9/2/2d3l7htsauk8v7e2h9cghugmlbrr2h4R
modified: 1/5/stats
modified: 5/8/c1e6ut6rt3hepa7h53k8stb21gtc7emR
created: 5/c/f17o4v02hld6i47qfmtsqkv7aqinmogR
modified: f/8/94l3oqhuk1i4gcd4dmi1h0786u92ei2M
modified: f/stats
modified: 1/3/abdd1nthtvjatiic3o9sf8fot52giboM
modified: 4/2/stats
modified: 5/4/4d78dkm8t3v4lbcua465ptpg57fmo5uM
modified: f/4/f0ssumt2k59gcrns339dheuv61kemqiR
modified: 1/1/stats
modified: 8/d/660d00ok5tr4n9937e082rj5dfaud4iM
modified: f/2/stats
modified: f/3/stats
modified: 9/e/81rauiunjp635ksovp12giffcr0asboM
modified: 9/stats
modified: f/3/4c4nlgo7cglm41di3jt4bo1lalc2j3gM
modified: 8/7/32eug9o21qak6a2v0gdfmo81cs80tlqR
modified: 0/5/9b6lv8sdtgi0t5vbkoar73q0nri73rcM
modified: 6/5/daop55dqcva5gtves8laprotlqh1kduM
created: 0/1/e4t56v8nepa6k8ooio3v92j6d8fbgi8M
modified: 7/d/16f0pgb37kk2uf7e5mbsql0nvb8u5v2R
modified: 8/1/5fhfh7keqe01hp09q5bgdm2suecjo1cM
modified: 5/3/f4t86ehepc46g4dp863pein4ksl035gR
modified: 7/0/stats
modified: 2/2/stats
modified: f/1/49t1ogukil1khhg6s802is00e0dh2bmR
modified: 6/1/stats
modified: c/0/2d35uc9fi5pocvd9kft69p4rtek48ssR
modified: 0/4/stats
modified: 5/0/79ap6vsmqqup4aee8temr13m675qg18M
modified: 4/3/stats
modified: 4/f/stats
modified: 8/e/stats
modified: 6/1/71e3pi9fpcanc20vpi33ss1js57mruaR
modified: 3/1/stats
modified: 6/4/stats
modified: 6/7/1a4652d66ghopdnhubab27ds5fvp95eM
modified: c/1/stats
modified: 9/d/e3kjvsv908ml139psj0k88nsutt98peM
modified: a/5/stats
modified: e/b/stats
modified: 0/8/25qf6js75f1b32h88fvkojd17epqnu8R
modified: 0/f/76tdk4t6qgqrm22h0188m1s066f2a52R
modified: 6/1/8esv1ofknpcn33cih4jvrc6r0m6fgmsR
modified: 8/4/stats
modified: 5/c/59fs9qgd7qotqpdeerjgd8klgc0sbiqR
modified: e/8/stats
modified: 8/e/0em8or6aqp1dpk7bkaivql2nmkohfh4M
modified: 9/c/stats
modified: 9/8/ccu4i07kcom3q7s2ffvtgujdglaogekR
modified: 6/b/ceagbst5dn9fjq0vcfup749h6i2hpi4M
created: 2/1/152mfo0fnfeejl2hsh38s14feuup2g6R
modified: 8/c/939os7lj70c2et95ccgs9jk0f61vig2R
modified: a/7/stats
modified: 0/a/stats
modified: 0/2/a2jqfrmskd51i3n08sib4lg07g9fckoM
modified: 5/2/stats
modified: 7/5/f3vfecljgr4pu0qi6rnpq117e9jinieR
modified: 8/a/stats
modified: e/a/stats
modified: 3/a/stats
created: 6/6/c4vrffiotcpontm7q4epidtofu8rt5uR
modified: 6/d/6402iohb8a3933c3rfenfugje227g18M
modified: d/3/bc3d3be3csr439eudr20m73j5209cm8M
modified: 8/c/98ltii6bakfn85bc8ddujsp4n4tas52R
modified: 9/0/5eskrqicd8ple2ijbtaln7ajqgaapniR
modified: 9/6/e9qj1cupn0sc9s0s37jaqh5c9g7r9neM
modified: 7/3/3ac1ocltg9a8crkt1kord9beoh7bgk0M
modified: 7/a/edkj957noted5o3sqk5q322f26i8ln0M
modified: f/8/a7pn23cbksobdi90tcmgm3gqi12iv6cM
modified: c/4/62d3cthd07sq5h8ca0s2o8glkl18864R
modified: 8/4/5aqmi7gjca9a2dm20quo3h5hsgo6kqaM
modified: 9/d/4almguhkdo8be3mtsdf62j2q224id7uR
modified: d/2/stats
modified: 8/b/78n5pgcoe7ohnm19qjrjs665ml627tsR
modified: 0/b/34bkc5jlspvh0bqa67o425mqraigumoR
modified: 5/a/8d89ji45tg7umfa6h9fs804ir383p1iR
modified: f/0/stats
modified: 0/2/20pkrkltv4cbett36q8hl1o1v8tv8l4R
modified: 3/9/stats
modified: f/0/2f4lbutm991nba5aipm279jkgo65fu0M
modified: 8/b/stats
modified: f/e/stats
modified: 5/8/stats
modified: 9/e/83ob76t5lq2qoj4po1dvm156mbivpnqM
modified: f/b/b85bavca7s3j5f0qcc7kopkvqpgm0acR
modified: 7/5/5e4s6butrtk5jl1hn05dm55537ggvomM
modified: 4/a/stats
modified: 6/1/4bv01pkilphh2orfom7p7eluks37ru8M
modified: 8/c/502ab4k00n2srkhah0p5br90rcull0qR
modified: 6/a/stats
modified: 9/2/bf1bncda0fpfnc0ru4c53pt81dl4r7eM
modified: 3/6/stats
modified: e/5/stats
modified: 9/4/2f5jo26iv6phmujakt917681tp9hchoM
modified: f/5/b2mip1liutpe6jk118lli32uc2iqnaoR
modified: 7/a/stats
modified: 8/7/48ovc790h1euu1enleov0ea3hijofl8M
modified: d/a/stats
modified: 0/b/stats
modified: b/3/stats
modified: c/7/stats
modified: 5/6/d48nk8vdh23q78o0pfmankeke2b330qM
modified: 8/b/28b2bo0ibvj1lrbrgvenet2dmi9gl1uR
modified: 8/1/stats
modified: 7/2/stats
modified: 7/8/stats
modified: 5/7/stats
modified: e/stats
modified: 7/2/bd8kag9jmgfaica22evbl3ceitd7s2aR
modified: b/d/47tpujkqa8d5pkalpmgvo4c9jo2950iM
modified: 0/3/stats
modified: 1/7/stats
created: 3/9/c8jkm8hfolsnbojsmrt60rklauqe5g2M
modified: 6/6/36b8cc2g63j912ddtd4mc02tc2gnp7cR
modified: 8/2/stats
modified: f/2/a8gdnqs04j1orvfkm6ejv6jbahffb2oM
modified: 9/5/08ao29iq3tlljsuun3ghl94c6md8n22R
modified: 0/f/46vlfbilqe11akfsllrc9a3b7jmescoR
modified: 5/9/stats
modified: f/1/360h4jb2glupjehqmhacdp9ke0og1lgM
modified: f/5/49p12vbjrhd74rl8eapr49to6io0j0eM
modified: 9/1/bd65vtj79ihirr6fv2aa6k42acv7t3mM
created: 0/7/d97ohcmc0fa7t2265ti9ft9hvcm0jlgR
modified: 5/stats
modified: 6/9/stats
modified: e/7/stats
created: f/1/a23ir8inqgl099pkh3avqen9gb74q2iR
modified: c/6/stats
modified: 6/d/93rpebf262qec0plsqo675su3gaglf6R
modified: 9/7/stats
modified: 2/7/stats
modified: 5/5/51t7afmb1vud55jaqr774rkpflfgtacR
modified: 7/d/stats
modified: 8/7/3a90ciua4rh09uaj0d658mbudspl01qR
modified: b/c/stats
modified: 1/e/stats
modified: f/3/0bb2elcks6pl2f0920ha4mgqjt64trgR
modified: 3/stats
modified: 8/9/94rlvkgtn2i1ko8i2am0lb111f6prf8R
modified: 9/e/17sq1hm81mgq17mj5agl0jq006jbjtkR
modified: 6/7/stats
modified: 9/1/stats
modified: 9/f/4fh5pq8kpilk6vg2r8ojb62u83paasiR
modified: 4/b/72mol70gpnm74ac446p6egguv931fkmM
modified: 1/e/fda149f3kpk9tcbts1evmoqifitf8v2M
modified: 2/5/stats
modified: 5/3/f17liuegpn82ajtjfcdquh03jeanr2oM
modified: 7/f/stats
modified: b/d/stats
modified: 1/f/stats
modified: 7/0/703vgke3b2gi59m0f52cq7usu2seq60M
modified: 8/4/60e7mehmg99irgc1g57u9l0dntrm9coR
modified: 7/0/ecq1945keirefvkh9esn1fj1b8ed800M
modified: a/0/stats
modified: 6/1/66s0ba2hb4nmids7bpjhud9loaq1uhsM
modified: 0/7/19ling70ri37sqsmpnkqke2mq4tk6tmM
modified: 0/a/b4eofnh9jgl9bd47vb01c2dbuq7ppmeR
modified: f/2/bf64p2hu52ao0b692039g6sckh5oolcR
modified: f/6/stats
modified: 9/2/7190948om4el3ahtht04rv1hop0hfdsR
modified: d/f/stats
modified: 0/9/11he912sftta0jk9j935k81ce787mt2M
modified: 2/4/816ejjl6js3pcbvtr5crjcomhecgh1oM
modified: 9/c/15a9ilq2rj68r7ronadkjnq2n4s5mdmM
modified: 3/5/stats
modified: 9/5/83ah1g9tij1tufr9un2jhoq71561sfaM
modified: 0/1/c891qdib77h06kgkraloro79a82a0l0M
modified: 6/0/71njvesfqhvjh6jnhgtuosdnateeq30R
modified: 5/c/9ce6d6d11ct260e7nd1f2glfan30av6R
modified: f/a/stats
modified: 8/6/cd6bm12ga9pg363qcdgt4qen3i2uv9aM
modified: d/6/bdcquuph5bpbt7j0fnl23m2s62cl5esM
modified: d/d/stats
modified: c/4/aal558tuf7hc7iiaqpgha8hca2e9q38M
modified: 0/0/6acc0ivceffit761r1v9u2uk1kig8naR
modified: 7/7/9b62fo1b55os5ef0noj42ssqiqen1bsM
modified: a/2/a42ugm4omp2mtrmntmk4f02kbrddpaqM
modified: 7/4/21mrq593m387q14scb6gri16gvrkuaaR
created: 0/4/89ajrcdsc261g4h468jefr8p8c9fqk4R
modified: c/3/stats
created: f/a/310g4gp6pahvmddqgsnbinf1p0ie8euR
modified: 7/3/56qvri10h8kpebeidgb38f8vdtn4ehcM
modified: 0/9/stats
modified: f/1/a542g033ukhhjkrtq1pthrveibq9e2kM
modified: 7/6/711hl27qg02mm9u6bn8jhc5c4b44n3iM
modified: b/c/884548isdv1d7il1j9d2eqedq1ovjfkM
modified: 1/2/f8j5sbafk62sfof6oief3k0h7j0a5oeM
created: 3/d/33a5t6o6uoi437kuiuuknnc600gi5a8R
modified: 6/stats
modified: f/6/8bpmo0c10qqd4c5jh3mnta88j7ve8rgM
modified: 6/a/90k00ql3cqfeqb8lto0aj9qtf4q9timR
modified: 8/1/a113c92c3pkfjdr7jlqll5qj8hl9j60R
modified: a/1/stats
modified: 7/1/stats
modified: 8/2/32575iaksspv4snijgubri3lk6458heM
modified: 6/3/c29665779o142n62gl0pr9ii8hg0uacM
modified: 7/6/aa3hobtvnsr26j5s3gg37imn8o90no8M
created: 2/5/a93judnvsc5u5b2m5e0p85rcmueej00M
modified: 2/c/stats
modified: 7/4/5ct5v0es1ri151jncjo1rfm09fm6dnsM
modified: 9/b/stats
created: 0/f/176pdodab7u3d145fknj0giv4c20uo6R
modified: 7/4/6c3cv33o6uif3q8tl6fn0pj1qg9abtaR
modified: 9/0/49paje5mid3pp72s3806gsj5mrmmg9cR
modified: c/8/stats
modified: f/1/f9tbgb6t34imqsokih9fbnt4vag863mM
modified: 9/0/dbtfhjnu867le870ts5rg887gv3mn30R
modified: 4/stats
modified: b/4/stats
modified: 9/4/stats
modified: 9/d/80inhmv2marj9r7c2tjjhse2ekf535cR
modified: f/0/dbj4256u1rueacbl9lgm9ksck9mdc88R
modified: 6/6/febamnnmrbup8hokbv97pubbbrkdihgM
modified: 8/4/8enpm53usl3hma6akt0688qfjnqqffuM
modified: 7/3/stats
modified: 9/9/stats
modified: 4/1/stats
modified: 7/d/58r9cb3l90idk6vrbki91l6cr7ullr8R
modified: 8/0/stats
modified: 8/8/stats
modified: f/3/b4j826b1l5jqtbpk5saqlu1kpgdpee8R
modified: 0/e/36oj8p88o4df9l2ltn0ltk5bg5j01peR
modified: 8/3/stats
modified: 9/8/15s4qilv6rid9nvb85bhgk4udskhncaR
modified: 9/d/e24g7vlb60ru9kddsd3sgmg8bvmiobqM
modified: 5/d/a7oa6opq7blhe81168c5tesanec4gkaR
modified: 5/c/e1vkkg8fhv1qr53ci068fs40a5n3l5iM
modified: 7/3/1fbh36nh4brftmp3uehjt8sa4c3si2aM
modified: b/f/stats
modified: 9/2/stats
modified: 8/9/stats
modified: b/7/stats
modified: 1/d/1curh72h3drb1pb2cbp1abscpt96n34M
modified: 8/5/stats
modified: b/8/stats
modified: 8/0/2flpahuphl8u7pu7j82lduj7fdl3tteM
modified: 5/b/1fqr23fbimhicusa67qmpgs00jcoh7oR
created: e/0/dcqc84qt0ld5e529lqkn43hfi3ekq64R
modified: 5/a/6evlto04ftji948n10c5k1tnrbe10b8M
modified: 8/a/e49g70qetkg33vt92qodeqsvrjm24omM
modified: 0/5/e65tuim2rot50gvih1gdfbp127kh7s0R
modified: 5/a/87clk4ohu00a1i4dmlg4h1vtlsem2aaR
modified: 9/5/526m5qpfnqpfra4q207ond1mv6ol5biR
modified: e/1/stats
modified: 6/8/stats
modified: 6/a/8b0evaj1baka4fcrt5nhomdek9bk2s4M
modified: 7/9/stats
modified: 6/2/b47n6oja0h3jqjo6lcdg4l160b4n0oqR
modified: 8/3/a6linkpcqcfplpqlsatob7rk9n9uhgsM
modified: 9/d/72n4fblgjao92bg8icg4c3fcl9nrdpaM
modified: f/1/3847l2cl3mvf9q73k39i8ckuui1ake0R
modified: e/d/stats
modified: 2/stats
modified: 5/3/8epfl5grro151oee4lh4i82h95fsmraR
modified: 7/2/a8g6cscpgtit0kor391sapb9pd2hg5sR
modified: b/6/stats
modified: 5/a/6ao570qtiksc0pt8fqvdfhemalqpmtcR
modified: c/1/90827ndb65c4d9fgkd18l8ean59jtusM
modified: 2/3/7cupee0soqqorevnssfrkeqju326opaM
modified: 7/5/91u2psv02ncuutm96hnf9bbv1rps8t0R
modified: 8/4/4ecktev2a40lmg4orruppetgf12i5vuM
modified: 9/7/2e38h6kndgsc9eh4mn25og222empo1gM
modified: 1/0/stats
modified: 2/d/stats
modified: 1/d/stats
modified: 5/7/72tucjj91i5m4cjcvdk3ge2hmk87p4eM
created: a/e/6dp53fldhf7qrv48e4ppdaam3iop5r6R
modified: 7/5/6fjveauui2288clj29o0gq3ohvuoeqcR
modified: 3/f/stats
modified: 6/2/2912r0qi4pjs2bdn06s8tetqvq6hb9aR
modified: d/b/stats
modified: 3/5/2ap6aukadv3h83eerm3q4i79244j2s8M
modified: f/1/707i9avcmaeg2nkpgr89e38kpg9g08uM
modified: 8/0/36cra9utqeilrj4446281mmoupja67cR
modified: 9/a/stats
modified: c/c/stats
modified: c/9/68kvgipmogognh30ae9hot1h91jf0r6M
modified: 5/b/4fp4ir6bu8mm77olksf59bgd12usebgR
modified: 6/5/dd7dkv8mcb8tnmmfu667di5bfg2gho6M
modified: c/9/819lvid81s877d9egq0qkimr3jln2j4M
modified: 5/6/58j1q039bdan9smnmftl3uhp0t6smeeM
modified: 0/a/edo4danif1aq3ots6rut12itl1fnbpqM
modified: f/d/74fpcrcse5g89qej3u5qohd8o3ic1e6M
modified: 0/d/stats
modified: 8/3/22ui6gjcoqrntdhh00to5kbq639hg4eM
modified: c/stats
modified: 6/d/stats
modified: f/b/cbdr2if5hd1cvfl83eskt8e7v4fhu1mM
modified: f/f/stats
modified: 4/e/stats
modified: 3/8/stats
modified: a/d/stats
modified: c/4/b8305kgn5i8hvlffdck9cti926hcpo0R
modified: 2/0/stats
modified: 9/6/c5o0l4lstbba1dasj842s3g5c06gicsR
modified: c/f/stats
modified: 8/1/62smmnsho9d0ql6d9k1in2s0j83cks6R
modified: d/0/stats
modified: 6/b/stats
modified: 8/9/1dauc871se6tstdh83bvn5h9svpb6bsM
modified: 6/3/b284gpprfre4p99gkam5o17blbqi1hkR
modified: b/5/stats
modified: 9/0/stats
modified: 6/1/6djs63thr7pcg4hhpov4c2pfh2hlu8aM
modified: 7/5/stats
modified: 9/1/6663nsocq6898bc6hi9qisciqbqdugcM
modified: f/7/dd6chtjl2pelc23rholoaaa3d95rf06R
modified: 5/5/b9hn591oknplom6ou1us3ct3oeqek1iM
modified: 5/5/stats
modified: 0/1/stats
modified: d/6/stats
modified: f/9/stats
modified: d/c/stats
modified: f/2/0d8e6t4l2oo9l3mmbkibl4p7gbbp1tkM
modified: 6/a/1cq3ekviql8f011o37p0rlit83s755cM
modified: b/e/stats
modified: 9/6/stats
modified: 8/6/stats
modified: c/d/stats
modified: 9/4/7683rq8vb2dogrqvhmv7nvsrm71qsluM
modified: c/9/stats
modified: 3/7/stats
modified: 0/e/stats
modified: 2/e/stats
modified: b/2/8bqak8c39mqf33heqh1mhdsor5m0v2qM
modified: 8/5/5f4n0lk4l6ftgt0cnhvv7dpibc639t6R
modified: 1/a/stats
modified: 6/c/6708vc2ab5ai5oiik4uiros96ggrcrcM
modified: e/3/stats
modified: 6/6/20c9bu4lcpb4c4g0ohmae5lajp5tajqM
modified: 7/5/ffsqlahe0qlpn8qhi4bttd6853bhd22R
modified: d/7/stats
modified: c/5/stats
modified: 2/3/stats
modified: 2/4/d63vt34nmf6a5ju8dskref32e7v8oliM
modified: f/4/f13ok5544auhg4fuarbdnlsjob40q34R
modified: a/4/0c7i87ff8qcerssg7mieulgfureh2r6M
modified: e/4/stats
modified: 4/d/stats
modified: 0/b/67famrvc09ele2hnn1hdpca0chdtd3aM
modified: 6/c/stats
modified: 0/3/f8gb3b34umstuspvkkaf5icddfug2loR
modified: c/2/37ebjs246fnt0p12eo5bba3spjb6f5qM
modified: 6/d/66n4p5296o72i737pevsvtvsrabrl9eR
modified: 7/6/stats
modified: 8/5/2em076p6l41mp5ata5ui5hghm6sh2taR
modified: 5/d/1dhet4uidhqjbqjaqq0rd2jng15k8ccM
modified: 8/d/stats
modified: 8/e/7abltvso86it5chd7ubdmcqv1n8knh6M
modified: f/5/stats
modified: d/e/stats
modified: 6/e/2fhu4h1mrn2jinr9qldijjm6mikoipeR
modified: 5/d/stats
created: e/4/f9cr05quaoh76a7m43gb9oj30ftp534M
modified: 3/b/stats
modified: e/e/stats
modified: 0/c/313ped8tqd1ge9omh5o109vk7pur8l6M
modified: 3/2/stats
modified: 5/f/stats
modified: a/stats
modified: c/4/360c2i52cramgo4fd761tq84a880k22M
modified: 0/4/b1ner6qdknlo9octbk8tc2bgbb84pd6M
modified: 4/b/58kdke75k8j6rnelfeuhsud5jalpf7qM
modified: 6/3/stats
modified: e/c/ab5dkvrjhm8eoa0l3svf08cdacveb6sM
modified: 2/a/stats
modified: 5/3/5b76teri8l2m2h1gcpcm9332kbibh5oR
modified: f/1/7fg0n9lrjooi6e00jujujtd603annnsM
modified: 8/7/stats
modified: 9/2/14oojvikubd3d9auuevhlhmpgst82fiM
modified: 6/0/99p9jidhr1v7i8fklhudtt400bdcfq0M
modified: 0/8/stats
modified: f/5/42ejbc4um2obfeq5loipo3eu6nf0it6R
modified: 1/c/stats
created: f/a/5d85b5tcduurtrrmnqldbiaj1l95pskM
modified: 0/0/8climovsr24kkqlb7f02ttdgn6010m6R
modified: 0/7/stats
modified: 1/2/stats
modified: f/6/38mqhe8ca6nvopsc6d8j6sa3pv19ho2R
modified: 0/6/a2itt0al471a0784i55cpla7bo8mek6M
modified: f/9/8ccqoc0uu6u8ef9011oj5qf97c1vjlkM
modified: 5/e/stats
modified: 6/7/3b2fe0rb2t3dqmos2ndg18dvh4o4qq8M
modified: a/4/stats
modified: 6/3/1ctu6f1pug1a1k99no2vp0crhnk50r6R
modified: 8/stats
modified: 6/2/68haqk1dhmk697fi2e1dbfdj74ugt1eM
modified: 9/9/faedges9bccdhsa32nud9uqm12ap2muR
modified: f/0/09pi5t4qm0jet9fg970p393sb7qg9ooM
modified: e/0/b4m5qvq4ae140nnfli0j6gdhffp1uraM
modified: 6/3/f469l7frct89c1g3u74qcuchr6dousqM
modified: 7/3/b7i2700d15c4q07d3m68qpesi0u07vgM
deleted: 8/e/ae185q22qmcp8t1lt5vpvrv9v0qgklaR
deleted: 9/8/fcn2b41b131r7vrks1cusbqj9lif21uM
deleted: 0/7/a78cup9km5jicc705u6394gqdfspcf2R
deleted: 5/5/bbgt2328uaflu4nomhmn6jqkd0n6ieuM
deleted: 5/4/48icu8gc933apuk5kdisl8avcs2ogc4M
deleted: 8/d/9a03ah4acb8ire65r4juqushnmto15cR
deleted: 6/a/547osur7943ubic10e5u0svnuc6hqdcR
deleted: 7/6/a1dsaouk64u5n3tomem4f7jdpuv6iccR
deleted: 7/e/a3rfnsstmgn12i9ht4psj77do4h20tqR
deleted: 7/9/2adauc0lieq5hi0mp6me1di17icsn9oR
deleted: 6/a/33n5393m8vr3op384163subl88tm9fsR
deleted: 5/b/48fhb8t66017bia5b5fb71ca531dpemM
deleted: 8/f/c3bu9n0gr4tvb94jg2gp4cnlo67vn8oR
deleted: 7/7/14g5nf694pud1eev28uvlrehj263a7oR
deleted: 5/0/1aorfeoos794mmhr7dsje87g5ugn2kiR
deleted: 5/8/35d0v9uiileildnvlo3leseedluptpcM
deleted: 7/f/9avgn88jdr0pfm0kg6b7iji419gnpeqR
deleted: 8/c/86hpflb3d1jbv05ns5lc6j0t0083lgkR
deleted: 5/5/35si87ktkap6ndq32obgg16khviacqkR
deleted: 5/f/da6mq26d7upa4lqv4q2r9q1ub9jmi40R
deleted: 9/3/e9709btn4de4r3c626v3ju1dobn01k8R
deleted: 6/d/24lmpm3g756tm9q2j1gdpb675lt6hbqR
deleted: 5/5/b8nou4eaqj9gl6j3gq836bqb384rp8oR
deleted: 8/b/6429bk4lmp049u4051b0297da2tmoh2R
deleted: 6/b/63d7o60b9hi02bjnr2hh65dhtmmkmquM
deleted: 8/d/914c7k235b8n7f7196opkbalva4ikmsR
deleted: 8/d/daka82cqrbv5vv4uo1p4kjombe28j04R
deleted: 7/f/0f5805ke1chcdihfqeh9cpjrhficj58M
deleted: 5/9/9clbn6ei2l28k9vctd1ojb7t5v7vfjeR
deleted: 7/f/65kctsiokp124uoj9nm4ernoe9mgnvaR
deleted: 7/b/42clulrmq90l8d65vvico1oqg8p5p44R
deleted: 8/f/0fuft4qjrv1kfpj0bviuuh1vuf52q9aR
deleted: 7/3/f8a1d4uaharg2jk2r8prgbavc5sq04iR
deleted: 6/e/057sm2s1unouaosnr3cee8paa0og3k2R
deleted: 7/4/bfa4kgfggtt8lpr978i7a0tq5sglukaM
deleted: 7/e/49r72h8e24d9f8dmtf5rhjog5t402auM
deleted: f/7/fd6oqes52ln3po05kqvpl0nlm7r30l8R
deleted: 8/f/b7en1inpjd2es0r25otr7d48bbnl57sR
deleted: 6/c/576a2jmjhvoh0f4mfg98hmau6rc6q0aR
deleted: 7/f/f156ecb4ghtv9si70rqm2rpdih74fhaR
deleted: 7/f/42o4fcc4bgitikuaps5cpa01r54ak9eR
deleted: 5/e/f1tj29d2link4ccpfq3ik15vff1k4imR
deleted: 7/e/a37229plp1remp3q4qblrhf7aice8muR
deleted: 8/f/d12cveb37ivnpqibnfilpmvdf696sumR
deleted: 5/1/dcmdlcns50pc803ceflmago3vhhjko6R
deleted: 8/e/50vig6pakf2b3s3lpj0tu4st5vs60kiR
deleted: 5/5/3fss0e102u5ajhgk113tvgno1p4q65sM
deleted: 7/3/283hthchau6mhv9aaek9u3indtb78d2R
deleted: c/3/bec5f34g7j6cl00cgp029h7296a04lkR
deleted: 6/e/bd0bo9j43qm2tj72b2dh2nop8bnl30iR
deleted: 6/d/e8sqsq28qjmm1nnfjk1pvel1a59jlr0R
deleted: 9/0/d3f6knt2hudplei6i3sp6u8cg03b872R
deleted: 6/a/a93tsuu114ce4bm9vuoqa6sjttjqviqR
deleted: 5/d/8a9seboilhhs53mij9vagotl1333s9aM
deleted: 5/e/3044n0ijj2jn676cf1b1mmqh40enjrqM
deleted: 9/9/c8ldhqim8hs9un5blm9vo0v6fv92q6cM
deleted: 7/2/6cbmoo4r5pa9r839d3honqpacl3l9b0R
deleted: 7/e/d23099t7ah8q7f41pe9n3ksutmb6gdiR
deleted: f/5/98es5t61vr83g5rb1gcb13688r28lluR
deleted: 5/2/337g5mik3i9bh7kudbm55eiflda269qR
deleted: 7/d/b0n8aoo1126q9dlp2bvovqrs2hjgm86R
deleted: 5/b/54sb9da13ds3149oe955beol6joqj9cR
deleted: 9/5/d2hrp1bmnpmdsbtjdva2aa47afq33b0M
deleted: 6/a/85f552s2qpqf8ra9smp0je7s1bd199gR
deleted: 6/b/01i1m0gmbu8cnjmbqmloumks3c2o7a8R
deleted: 5/f/c7uthch7ce150gm0ng0lo90kh4mk43oR
deleted: 8/6/f1f9e4q0ug7gv0k2l0cguup91ksr3sqM
deleted: 7/f/1dlhnf8arnt5n54m1t3ch0dekokkqkiR
ccache cache size is 166Mb.
Uploading cache ccache...