SHA for cache folders (/tmp/ccache_dir) is '1f4155bffae176cbe3b3255889734bbee2ac20ea64254e437bc07a99d7c8ee18'
Cache ccache has changed!
List of changes for cache folders (/tmp/ccache_dir):
modified: a/stats
modified: c/stats
modified: 0/stats
modified: 1/stats
modified: 4/stats
modified: 6/stats
modified: 9/stats
modified: 8/stats
modified: b/stats
modified: d/stats
modified: 2/stats
modified: 3/stats
modified: 5/stats
modified: 7/stats
modified: e/stats
modified: f/stats
ccache cache size is 693 bytes.
Uploading cache ccache...