SHA for cache folders (/tmp/ccache_dir) is '0262b501eeb7435db72f8f27eb4cbd2e067a7366ce7812ac0aaffac7e23c9e76'
Cache ccache has changed!
List of changes for cache folders (/tmp/ccache_dir):
created: a/c/e167a0a269cfacc34bd006006cf9a9-2972.manifest
modified: f/e/f1075cdd8e6b2f42096d492dd9fd0e-73679.manifest
modified: 3/b/ba59f80393f8343822e3fa338d3d5b-31716.manifest
created: 6/9/a7d939fd2a94e718cf75c14cc30902-4503483.o
created: 6/f/47888d3c836644d036976536a610a9-3304034.o
created: 8/b/5f53208f7a0bc787ecdf4813ff3bcc-5371046.o
created: c/9/57cbb7e46c02fe686bc0059d67db57-10346.manifest
modified: d/c/0a7e9d438001fc6a460061aa34c318-3541.manifest
created: f/2/a31ab24607c1a6d11ead598a5c616c-5038098.o
modified: 5/stats
created: d/2/98b9707ae9c3565d12cfc6d4e4d9c9-2995397.o
modified: 0/3/1536e4dd795b3130687e7213367b55-7930.manifest
modified: 3/1/973bfc226b6a88a7d9fe0fea86d510-13798.manifest
modified: d/4/839235ee70a8ab44501d7f23cba209-5928.manifest
created: f/8/a4c486b42a56c6acddfbf880adfe6d-2169.manifest
modified: b/4/602a7698ec8244532c423136db1999-3512.manifest
modified: d/9/48b610a4a1632003a1dcb4db87e6fc-16068.manifest
modified: 9/4/f3cf913c021bbf47ec57f829e128a3-3786.manifest
created: a/c/ba27398b62f58438db212750ee1518-5010941.o
modified: b/6/a34cdb234414f4c1f912542083ad0f-7826.manifest
created: f/d/24c71daf58f67a0ffb0d3af71ae628-3034916.o
created: f/f/937eb3bb7f4221dd384c67238dbd2b-2568352.o
created: 1/8/92f072a09acd8fd81a823b12e50c8d-4906810.o
modified: 2/8/0ce6f7f8f3a65558ceb994b6d729b4-6228.manifest
created: 3/4/865f419bbb7a235ba3ea004ee03a97-4645439.o
modified: 9/2/0719c9cc7bcc954b6d1099d12e6c6d-4770.manifest
created: a/e/5fcdaa56c9883fd8f0f78907e1daa5-3353856.o
created: 1/0/820864b744bda43dc762fe9a0359c0-3987206.o
modified: 8/8/973074db173cfaa59d747ab1018aae-40944.manifest
modified: 0/8/3ecb34791c88f43a86fefa52806c3f-9046.manifest
created: 3/0/850c7a68213abd5a5f88bbe2e0685d-5001676.o
created: a/e/4f3afc86932b81478006f17c2f011b-3286388.o
modified: c/f/164fd5f5acdce173876e94cac48b4b-10275.manifest
created: 3/7/5ef36671058cee3c6c5e17fda6c7c4-3975503.o
modified: 8/6/da0504a4f94b3b10cb2c49bbc6a910-3311.manifest
modified: 8/d/94a284575f7117e4645fe99c73f63a-2199.manifest
modified: 9/3/a2a18a3e89501e7288dc34717eb042-3860.manifest
created: 3/3/d6e7b6e5dd31b88ce6805fea024826-3112219.o
modified: 7/4/5806160426936ff34960be6def3ef1-20002.manifest
created: 3/d/41c206ded27022d1ba37e4a38a1a27-4124584.o
modified: 1/3/0a39a4dd8fb5cc7268ea4b5a5254ab-4780.manifest
created: 1/1/649a59d0b2c915f7f279538b6e8bcd-4573719.o
modified: d/c/9f7ae72735787e57a663ece2cd4adc-3737.manifest
modified: 1/d/b124d4c03dea37b6e72fd04b2242fa-36343.manifest
created: 0/1/7ac048ae1f64f4eb2864b20d3ebf88-3255123.o
modified: 0/c/9c0c075251c3e71c3ec514e9a38529-24452.manifest
modified: e/b/e2986a6db7d3f6a5a45e5f768f8553-10473.manifest
created: 0/5/67a6077fda6a80b8d4725b0327325b-4420621.o
modified: 2/b/ad29288f90d0b61b4f04c203f066e3-2900.manifest
created: 5/f/9e36640bc63c68889be0516294627c-3251563.o
modified: 9/1/8fa1b3342a40b2641a5bf36bb235a9-8686.manifest
created: 0/e/39c08aec808007d04c2e9c5fcee83e-4023851.o
created: 4/a/a40273c30e8aebe75d6985321e31d4-4578604.o
modified: 8/e/2e8f9712d15002e70a469d511884d6-1912.manifest
created: e/5/af96386760ccad9130e1d5c34c8e97-3059450.o
modified: 1/a/3fb0662a631bae1727c244b32772e5-2437.manifest
created: 5/4/787308341f6f427a87e0de997fb5d7-5079269.o
modified: 9/8/9d987434cf5107713938cac6ea004a-3471.manifest
created: f/f/431c4c4fbffb408ea911773c2a9862-2144345.o
modified: 2/2/fd182ff97cfbba85002cf63b20bd72-8225.manifest
created: a/e/b7b82f03ffb2d02b322e403a05fb47-8043.manifest
modified: 9/0/cb09acf55c2ce62557b098412f564d-3410.manifest
created: c/2/3fe29cf96d5e098082f8fe62d40d5f-3928.manifest
modified: f/1/15e0a8dc9d09f877a935ee78be5487-3449526.o
created: 1/c/f85dbd216c8de15970d04f0d3c9337-3137097.o
modified: 3/5/1128d5cfb174764aff8ddae13fac59-6686.manifest
modified: 4/b/c899cdda81783f968f96f80873283a-3387255.o
modified: 7/4/c3813f95953fa11f6b0a82fd75ab74-16539.manifest
modified: 9/0/59492b7ae5de0da221cd4b38f6794b-2566652.o
modified: e/d/3eec37262b267337ebc1cd293cacf6-9146.manifest
modified: 1/5/57356e3196e34d025e3848274bdc23-12164.manifest
modified: f/8/8cf16b77c2406bf37530a79705800a-3486.manifest
modified: 6/d/6b2ebcfa9a4dba624359c2bc9a7d3a-50667.manifest
modified: 9/0/ebc8cf4ca3c245db8adc7a0e8f0da3-34553.manifest
modified: a/1/e11121a23e7b0ec7c53429a51a6b3c-22043.manifest
modified: e/b/87ae6315c1273dfd6c7aba4d7f59c2-2460.manifest
modified: 1/stats
modified: 3/1/fd7779ced88858b9912e608bddd14c-2609.manifest
modified: 6/4/58f6cf746000c5bed55951264571c4-3142.manifest
modified: 8/1/537dde2bca033bb634f34e0c589fc8-9684.manifest
modified: b/4/3f3db8aacc688cade88564ba34b401-3628979.o
modified: c/8/b8f18385ccc3e6d297de37ef6406df-18911.manifest
created: 0/e/5d6777459e5945b072f14ad36c4bcb-4684030.o
created: 7/4/daf9bf354756ea20115872108fbac2-3043108.o
created: b/1/353a2757eb60a87a1689c4df18033e-2254.manifest
created: 0/e/b19674842e8f8c2a7331b36d3b364b-5050346.o
created: 1/6/424d873205eab3d487d805a7ee88c2-4512988.o
modified: 1/9/644908a7402a5c8a67e4d61ce182c1-14972.manifest
modified: 8/6/4517e0b54176e928022ffa86e4785d-17084.manifest
modified: 0/b/101b745a5c0258a61334e29beebdc8-3409.manifest
created: 3/a/ea27e83e8662a6fd4af6abbb25cdeb-5036554.o
modified: 2/2/93117ca20b8db9bc9711adf7528792-4538.manifest
modified: 7/a/e5eb00dd790599790bc33bae02de69-7018.manifest
modified: 9/8/0f7f7f0b8694d0ade89c86c50b4383-8411.manifest
modified: 7/c/af779d75950837d3333c09413ea931-15059.manifest
modified: a/f/fdd742eeec0bb7d0b35c3e361e38ea-4579.manifest
created: b/6/f79e81912ae738e40ce7bebcb61f27-3979197.o
created: c/5/9df1030135386bcc8beb49064c9559-43522.o
created: 3/2/97203bc2060e640622d7f048d5148f-4022340.o
created: 2/4/8a673a959dd42c9875b42eded99af8-4532659.o
modified: a/0/89624965589ee5829b0832af9c6c50-11965.manifest
created: f/8/0dec82978017bf30fd24888ce17573-7098.manifest
created: 0/0/25220cc4b4d624269aab0ae524b079-2088212.o
created: 6/b/0bc7730cca266d72bbc4840efa5a1d-4642914.o
modified: 6/c/94cf5866c57a592d318959f89ffc06-4814.manifest
modified: 8/4/7a8e8111dc3ee6be2adb9ff11e5837-2098.manifest
modified: e/f/b6bca7b35a4106add635096bec7aba-5036.manifest
created: 1/d/c364439b58814ae16dd2aa0f14d6d3-5022921.o
modified: 3/stats
modified: 5/d/3cdf80d18a426b92e11d6b8d66f202-2168.manifest
modified: b/stats
modified: 3/d/37d99bc3581e1f30c842bb8902195a-3281.manifest
modified: e/e/0ea2c125d1938c47b1ed22c1d02e81-28049.manifest
created: e/0/30579916dc0ef06d8476ff70331f1a-4549825.o
modified: 1/5/181bdba4efd17ffc92e10eec05af79-2529.manifest
created: 2/8/ca30329abbe011455c66d90167a12c-5697521.o
modified: 3/4/5e11a5b883da22fecdf4e5b49bb95b-10947.manifest
created: 6/d/4d5fc7d9d897e6286d2257456ef1ea-5294734.o
created: 8/3/9eadd6cf2cae0249039c62aee4a44f-4095267.o
modified: 9/2/f840ab46ec5b2972c35fe13245deb3-6624.manifest
modified: b/b/dc28ac18d94278602734ddb0e536e2-4192.manifest
modified: d/stats
modified: e/9/dafbb381636cab062e8b6e8755082c-3810.manifest
created: 0/b/1d1dab1489b32d0dba3523dac549b4-4200059.o
created: 9/1/094ad7d53dce23a4378209135009f1-4953445.o
modified: a/0/2f55bd4c362ee86755e9061b1df2c9-2561911.o
created: a/b/27b4097a01a127c3485764fea1325a-3356675.o
created: 2/6/6ff61dd27a4c58fd218007882600fd-4525912.o
modified: 7/e/b6b648578bd14b9fb942f1ad722328-3466595.o
modified: 8/3/4d75843da17d3e39a6dd8ac8a8dc90-7264.manifest
modified: d/a/064391ac0661568639b9e8004e9a28-2444.manifest
created: 3/5/b643b03709f0c60be6c2eac9c10844-5074275.o
modified: 4/0/f10a95b39fa7898ad0ee439b4a5600-3448102.o
modified: e/1/9f84b2f980faff5a82445a92adf040-7304.manifest
modified: 1/9/32794ec7d2a036adc0681da610878f-3292.manifest
created: 4/6/660aa051617ffced0741d5aa6ad9fb-4021173.o
created: 5/2/08d5f073baad081f64346957357698-5035660.o
created: f/9/2ed12eb9715405ebe1b8ec9cf589c5-4997108.o
created: 5/8/95710d3e787f8a3a57c89ef00d9ded-1893.manifest
created: d/4/c8aee309b54e1a4324396c6be3ff6e-4875071.o
created: e/5/cd6e837094a78d70bbc5d41257ea69-2967.manifest
modified: 3/b/1f89d207000e6ed5fbea1683a1f243-9152.manifest
modified: 5/7/46775c5d409a6fc193374437fa7052-52719.manifest
created: b/9/721e660da2c5b963adc1f4f2c82b33-8401.manifest
created: e/5/a48b13b87f58f365bb66e7abd9a045-3959993.o
modified: 0/9/c77ce4e4b0d783c31d4f84431dd594-2518.manifest
modified: 0/f/b0195f6b8b26ae7f1f7c9da7df2f10-4763.manifest
created: 4/f/309b1ac4dff717f8f061647b355876-3086648.o
created: a/c/c54480619c6ffa01f4a4db6c0e9d8b-4988615.o
created: a/c/cfac5f6ab468005e358aed56d5f917-3983085.o
created: 7/0/6c79e460b478fb5487e68f9844aef8-3934254.o
modified: a/3/b9b7a4965086bbd2a489679f937d91-3455.manifest
modified: 0/8/e5a19028b52f33e8a782dfeee0c3af-33686.manifest
modified: 2/9/bfe8a27c4601bb4423d2213e83624d-3305.manifest
modified: 5/5/2985e0b0394c4f632decb593f7342e-2864.manifest
created: a/6/f718bef4ee686065a3f0954fc3b8c1-4469137.o
created: 0/e/6e48ec6840f5d345707915a58b566b-3344240.o
created: b/f/7f977ffcc5f480606b935cb53879bf-3924287.o
created: e/b/87404583a0397a577af0f7fefddab0-3968458.o
modified: 2/8/fcb3fb40785755e3d15aae34e509a0-20424.manifest
created: 9/b/a0fcc3451bb36ed1283b32787957d0-5572007.o
created: 1/a/caa3ad1e1216632f6308f9cc78bafd-3307359.o
modified: d/4/8c9075c79e20ab6101dc4520747171-7021.manifest
modified: 1/3/384843e8a2903e7872015a882a709c-8339.manifest
modified: a/stats
created: b/6/5ff5c06b9fd8953411f02d50f59c3b-2182953.o
modified: 3/e/dff94dc7937807ee65c0a596c4c1ab-2448.manifest
created: 4/1/b4899cfbde7136ec1f79e15b7bae4e-3290484.o
modified: 4/a/eed2720a0add112cf3d399188ce7f3-20341.manifest
modified: a/5/34ec1f2c62e4a9e6b5d72c1a580dc3-6345.manifest
modified: a/9/c900ae6402e96d0732ea97ed4ed5d9-5284.manifest
modified: 4/3/cf27fdb02d2284a94a820e0068937a-35155.manifest
modified: 4/5/42d10659c0faba97bd96db2c9c254a-4224.manifest
modified: 5/b/5a9f04f1bfe0a2206271496a45a5c8-2319.manifest
modified: 8/5/21a8e141579368ac8ddc04a7576769-2560556.o
modified: b/5/87ff06731376cf4c73ad62cf7f9eaa-2016.manifest
modified: d/c/f6441f19844629842958ac68966d70-7712.manifest
modified: f/f/15c452f05a83945aa668001daeaaae-38725.manifest
modified: 0/8/8f46a7120f7c2e4b3e604647df8b3b-4778.manifest
modified: 3/0/71e74d7ee43b4fa9ca88f56940d92d-3114.manifest
modified: 8/c/6159f5bfe30b0b0a7bfc244f06a55b-4000.manifest
modified: 9/2/765347944bf253a4a84763909c161a-7930.manifest
modified: 1/1/a0d36408427c538b59ad6de1c58628-16813.manifest
created: 3/7/e50f6b6db0946098eb34679a842075-4055193.o
modified: 0/d/3639574343ff3c76bbcd119931dae4-4328.manifest
modified: 1/e/a03229ee47253a422b11be14a8d6c2-2901.manifest
created: 8/2/a981ff13792feb1398ce60cb481ada-3947043.o
modified: 9/d/db2b90944a400440ecd99fec8b691a-2973.manifest
created: c/d/f46ad54f367f0a2945a071d683906e-2343.manifest
created: f/d/2b4bf98004f31b48211c492c6f9343-2858609.o
modified: 0/1/7d69f4108a26227e8f651b224f334b-5673.manifest
modified: 4/7/983b192d66ec6735ef8df082e2d425-3483.manifest
modified: 5/d/967570b934d5cf31e0b876fdbaee29-3184.manifest
created: b/8/d136fef4a99765643f8420c5f6521f-4168390.o
modified: d/9/10001e4078a5baf4435c084231c897-3415.manifest
created: e/d/a1f79344d0de303129f6dd761ed25f-4998572.o
modified: 3/e/ec25a0d46f741a5dcfb77d0c6da2ba-10837.manifest
modified: a/3/8addff9dfa8ef0503e9c91749ffd11-34212.manifest
created: b/9/19f6e63304c0d197297b8287f657f2-2144362.o
modified: d/6/ef12108b6cea991a3afa6ab1a41374-4370.manifest
modified: 2/1/ebbf58d2beee387ec2f9cf167da6cd-2738257.o
created: 2/a/27220dbda1248a9c810e58c5ddd1cf-7189569.o
modified: 8/7/ecd2208e22ffcd76c718844c0bfcfa-6109.manifest
modified: d/5/abfb85423ff4dceca9aa1ac4dc4299-7284.manifest
modified: d/c/c6e3af8ef7082028dc684eb3b07413-16236.manifest
created: f/2/c846ce3a2e7edf33ecbf3d21c63627-4005787.o
modified: 3/4/0d1e953d8445b1006152d89a31d5c9-4512.manifest
modified: 4/8/eea72970730a98a478ab45bb823ecd-13061.manifest
created: 7/3/e117342d50bf83dc7f4aa766085006-3301534.o
modified: 9/7/f854d7ea04d13e12f04416f44a7e74-14274.manifest
modified: b/7/d91669df27cb0ad5a9594d75b0ee82-17447.manifest
modified: 5/a/4d93adb3ea1dba5a66a1a05b942935-6604.manifest
created: 8/f/9defbc71cc61a30e34e362bcf77d48-5024189.o
modified: b/5/5059cf714db4fcfcd8a81dd4d95784-6402.manifest
modified: e/e/e889a5e499b23c5873e33deffc6015-12912.manifest
modified: 3/1/9fb4c30a7a5cba37e4756c15909c34-7556.manifest
created: c/7/889643e7310b515aa7f4c0b4a72db3-3070882.o
created: d/5/6b7f58c90198d468c069d2a74c78cf-4030190.o
created: d/6/78aff60e0ced4f758dd71176b74caf-5071588.o
created: d/b/3156efb7824288e3935b029486fd58-5308830.o
modified: e/8/c17d43ebbf66b5544a0e27298ee2bc-6561.manifest
modified: 2/e/81dd543ad806416c7e4358d1521a94-3187.manifest
created: 8/0/2c72afbee9e3f2349c854d3e098427-4546872.o
modified: 1/5/0534fedabaa30a53e50753016587f1-4151.manifest
modified: 1/4/6489d4ad6700f3301fbcd957ff1da6-2438.manifest
created: c/6/8b0360c26c0597a1d6a961bb9412c5-5025882.o
modified: f/0/770fc4d9822007347dd68a939e75aa-2164.manifest
created: c/3/5fca6f1341d25cbe4df632c0d8f1dc-3948874.o
modified: 4/f/c04c2fd1dc105a6a0c8a63040ba5e1-2351.manifest
created: a/8/65fc20cf9075e27c6e14e88db59089-2828.manifest
modified: e/0/0e55f8902f049d444d2eb48964c7bb-14151.manifest
created: e/5/257ea31508dd8c281d9dd04a534c72-11526.manifest
modified: 5/4/956573c1d5d3bc2989ddfc81e5dfd2-3304.manifest
modified: 7/6/1fc09cc00713c2298699cf00463c7a-12492.manifest
created: b/d/bbf4e2d4ed2e60769c9e238c3f367c-9131.manifest
created: d/f/6e29bbb05d1253b1b868463866adf2-3966946.o
modified: 1/4/c6795a5bebe40d676dc77fe26e1033-10740.manifest
created: 2/5/4ffe693698735ca3ffb352b13825c3-5195996.o
modified: 5/7/5edd9b8085dad0ae7e1e30b8d1ffa6-2171.manifest
created: 0/6/5ec61aec901428c9aeeaf6acb16c02-3202857.o
created: 3/6/e4fdbc5636989627e3504c6edf342f-4070816.o
modified: 4/9/7aa4f472a8b6a0ffd6f1a83665c8ad-15978.manifest
modified: 5/e/3d5f4d6f09ec93cac24fb042deab32-3099.manifest
modified: 9/0/751f80e85e2feed54a7a5f1f860af6-1762.manifest
created: d/f/acb7781e6478448d21919e1c77a313-3999838.o
created: 0/b/fa7887307119978201496661abf9f3-2824.manifest
modified: c/5/97aa31e91005640085cf5ccad3d8cf-5845.manifest
created: c/a/c9769f905a6b09c1054e4c5722118b-4071635.o
modified: e/7/0cd5fd5e919a24a2704b28b6e2718f-2342.manifest
created: 3/8/7b03091a5a8eaee2adf2a961675904-3955263.o
modified: 3/b/966454fdc235ddb553023fe494df2e-24012.manifest
modified: 1/5/dcf82565bad5a0f498e14b5b4addcf-6511.manifest
modified: 3/0/f233aaac51e250c97c4a653a628015-1727.manifest
modified: 6/1/077b7a51d782f24e3d3afbbf881302-16208.manifest
modified: a/c/7266922202f212c4b009aaaad66cd3-2699.manifest
created: c/3/e6d777a402cd26e821b7de2b4b9650-7055.manifest
created: c/4/cc16da486b7d488e71a1443dde0fa5-4176221.o
created: c/c/2efb2862650138166ff928e6fdc0f8-2566492.o
modified: 9/2/6122e3cdf0e7ead9da5d4e51cec2c1-6271.manifest
modified: 9/3/de300efc77361e4279afad7698edbd-3260.manifest
created: 9/b/655fb6c144c1c0ac59e2c1122568cc-4042521.o
created: c/d/52532d4ca8755fa14eca68271c89f5-29228.manifest
created: 7/9/f25df2f8eebaf9fd13e0b671a3051b-5169117.o
modified: 8/c/e2a258d6cc92f3e02487b5fe2ccebe-2500.manifest
modified: a/d/4bff63453909720ab2b887e1265e84-2655.manifest
created: e/7/8fdd7ec9ef7ff2f41f7594bad9eb19-3974992.o
modified: 4/7/2b1b020da04cddf326b96d4a9235ef-24613.manifest
modified: 6/3/407bc7aecb3125136561b6c694502e-3517.manifest
modified: 9/stats
modified: a/4/2598312c1574b10e3aa10339972e33-16050.manifest
modified: 3/8/dd2a14b554af234cd556dc09ea5e82-89058.manifest
created: b/3/945c14b23fff485ae92565ce3f6e38-2586125.o
modified: b/7/84833eca43af76d15fba2c8bfc42dd-2484.manifest
created: e/c/0c33171cf9c271d226f60c081566ea-4177031.o
modified: 9/5/1d4a810dbcd16368cd41cb8b44e488-4838.manifest
created: b/b/283ed98235c67bba30f3884c13cc6d-9854.manifest
modified: 1/e/e01105a4a65d0a2ea380318861106a-2900037.o
created: 7/2/8ccea088e87ee34010f0afa5e1ef00-3930863.o
created: b/f/5eaded0e1ba0b1e78a5056c8e6933b-5244.manifest
modified: e/2/841b99514c38f8fc132f12e1c58e12-2993872.o
created: f/2/864e5e6a39fdcca1e901f9a4618528-4174907.o
created: 2/e/70b05c062f171681ecb8d858b7f238-3299276.o
modified: 5/8/446c376ab75a9899fb8539cd1a810c-2805.manifest
modified: b/3/f6e13eaaffc14d1e3a41e5f9a69175-1720448.o
modified: 1/2/ffd42b6a38adb2e3ea8301fdc7443a-8797.manifest
modified: 4/1/0de9f184f477e8a75f56dc343420b5-45299.manifest
created: 5/d/c3d7a84530d44a6402345874015f80-3304722.o
created: 6/2/7121bbb97116854d44b4baf76fba01-3938659.o
modified: 6/9/b6f79268b5d90e9544134d42e1178d-9540.manifest
modified: 9/c/e502166c5b553bc7db7b16e4c75273-12388.manifest
modified: d/8/c0cdd9d0301596f46322a4efbf0fb1-10031.manifest
modified: 1/8/708c117f65c978aa8b507a721824a3-17064.manifest
created: 2/8/b960c9e86a24ee1de1edab5319426f-3301405.o
created: c/0/79b90e2489a1b228f39ea739e84d39-3455346.o
modified: b/b/815b276e504650cf08e4c6a76e7830-14256.manifest
created: e/5/bf796483e539f2b4535dbcf9b7b6c7-9508.manifest
created: 0/c/c856c7dda52fcaba45b774fbe72edc-1888458.o
created: 4/b/2fbcd6e73ccbe8d5e33d44d4e08525-5070503.o
created: 4/d/229d49abb03f10f7d00f259bc8377a-3108189.o
created: 9/3/05369072885292eea6093aa41c51c3-4646359.o
modified: 0/0/e16cc2bfbb5052d2e0edbabaf141ca-17516.manifest
created: 4/3/ac38816837a3a49e8ac8b50059b22d-2920216.o
modified: 7/1/34f46bdc9ad2fad95d98fd45fccfa3-6433.manifest
created: b/2/b84cea504756bab3a75335b26ff03e-3004679.o
modified: 8/b/6d12e896e76745ff9f3b3d0111c267-16264.manifest
modified: 9/8/d18219d4426564194a8b5b9af13fc3-4268.manifest
modified: e/a/49c4f458955a2b82fa21129fc99cfa-6368.manifest
created: 0/b/8871c4e84c2174f10804d6c9f57fc6-4544966.o
modified: 7/b/c667422a62df3811d67aa45e919189-7672.manifest
modified: 9/4/4daf02381596007cb2d26e9970cbaa-7279.manifest
created: c/9/714622beaba7f5f4bb95793ff524e1-14244.manifest
created: 5/6/d5bf9d958b29a7f059e835e98f7939-2645.manifest
modified: 9/5/fdb8a03a8925623b414e5501babd01-49284.manifest
created: 6/d/a8926d35f5cf01834f3bf2f25c043f-5079038.o
modified: b/1/adf3d2655eb70e2c5e0e5bbe2ab423-3113.manifest
created: c/c/63ad7d796587f41ccca5370b50786d-3080892.o
modified: e/a/7ca1fd24fc92c875e78bb4bac38db0-24799.manifest
modified: 7/8/cb6de7e1e7f544009ffe95cf1fee09-3022156.o
modified: 9/6/b0121abdbaee4f84f226b34a425cdc-11427.manifest
modified: e/2/0de83033e65c00dfa832f45dfd8cf8-14549.manifest
modified: e/4/826bb51c84c86d7ff9391abb7d96be-6958.manifest
created: f/8/3d836de37cb5d65ae26c59194764d3-4518493.o
created: f/6/ef78466321ce1084cfcff6e7a75b81-5945959.o
created: 2/4/3364f91d8ca6bab6e9e749d8fc6654-4174893.o
created: 3/5/0a04085e92d39a5e5ae0c077f445f2-5108975.o
modified: 8/e/881d6a7b3b2172c71ac37204d0cebc-38961.manifest
created: c/d/c8fe344e4ac70ffeaa945afcd2077e-3160752.o
modified: e/1/354b364c21e4c512130845d9865481-11938.manifest
modified: 4/9/76284353c42f498a2ce239e511ff0d-2672.manifest
modified: f/5/3b4e73efdaed14f1272aad3b9ca253-3052.manifest
created: f/8/4e1450f17158811161d8ea6018b456-3201368.o
modified: 3/2/be3cf7d7d0b8c681755dd79dea85f3-12965.manifest
modified: 8/3/316b00c9506d92528a6e7d7900ae3f-14534.manifest
created: a/f/d9b23d638ef25a921128cedbba0722-3364354.o
modified: 2/8/d9492a53712329f131e64032e471c6-3126.manifest
modified: 8/9/0041a896d7b8d56bf41265147af65a-32375.manifest
modified: a/c/5f3f441e3347ce144a6c7cfbb86919-3458.manifest
modified: e/e/c898aab0c5c30185669bf7c0ff2873-3262.manifest
modified: 2/3/cff0a2aba0fc6c2c86280ac0f32a8c-7901.manifest
modified: 6/2/0c95ffc184e1f399e5ae035ef6892f-2946.manifest
created: 2/7/45a251c3c8db3eb4ca93ca9de5d46d-47240.manifest
created: 2/7/c66c8f0febce617a5458963327200e-3954617.o
modified: a/5/51591debf61372e415b4781010986f-2281.manifest
modified: e/5/7a23da58ad60c8e3034aaf1e8745f0-2003.manifest
created: 0/8/97b14256de13b8ae71d9a5ad22a6d9-4104891.o
modified: b/6/cbfb4be12b5562842f947f62cd22a2-3014.manifest
modified: d/8/ba3fe768bb2c5bd6993dca540e3440-14192.manifest
created: e/c/d36e23908b006c183ddbc96d5d5c46-4508870.o
created: 2/8/afb8240458c2245e4998704c97fdf2-4657072.o
modified: a/c/efc3599fe41bbf5bb0b2ee6a1e376b-7973.manifest
modified: f/3/3acaa274902f45410ee3e10abb3985-3612.manifest
created: f/6/58d3dd670dfa20f53ef0a5f22c79d6-3360536.o
modified: e/b/95817b8788cbd413182f168d75b80f-2711.manifest
created: 0/1/90fb4f6b65888ccb1d7953480fa9ee-3070968.o
modified: 4/a/aebe19251721aa8538c11c709ceab6-4826.manifest
modified: d/d/780566e923d1db0d159b656a2a1f90-13599.manifest
created: 2/7/6bef97f23734715fde3153f78ba3fa-5116742.o
modified: 9/9/bef71711828f32b9018af4da334611-4271.manifest
created: 3/2/a07c03fde10d36ef64a026d2d84686-4479635.o
modified: 3/4/41210d4c1b3de93005e0ada55affb1-8653.manifest
modified: 8/stats
created: b/b/f7d9877c5ce1545c09e3a699a27df6-3017101.o
created: b/7/448935246dd1097e20969d9b1a7d58-7617.manifest
modified: c/a/54a641929e6446487772ed6207ffd7-13798.manifest
modified: e/3/de51499a2fd1c706f7dc46e79619b3-5072.manifest
modified: 0/e/64fc059cead088ed21f6d26e926e82-5607.manifest
created: 7/f/61ea03812af3c773a2d14b86014bbe-5011520.o
created: b/e/c084a694e4df4d8f91fa4c314c6fd3-4042740.o
modified: 6/9/a95be8d2f5972ed62b8f1ec334b633-5972.manifest
created: b/5/18d72d18eb9a11c461221c36e8ae0c-4075477.o
modified: d/a/ac09a06a5abe1e6747c23c203992b1-102639.manifest
modified: 4/stats
created: 9/4/8cd8013e4ef30031109cbac914e870-4758467.o
modified: 2/4/6693a8e46108794d42b925b6f5e4b0-3133.manifest
modified: 0/stats
modified: 6/c/407617dcb347e777a5e6340a633c46-21202.manifest
created: c/3/2ab05afd4e6cb5d598a1503b74cbca-4482179.o
created: c/3/623fbe77209cfa0b992e8eea9ae6c3-2455.manifest
created: 0/0/50ac2681c69a2bd355654986fd4216-5071147.o
created: 2/0/0cf105e363edd4bc0b5c4add6e6fb8-2861836.o
created: a/4/902b999bbe6949da0136f5f862ae16-3243.manifest
created: b/0/a454f32745b4ab06458ac6626a82b0-11655.manifest
modified: 4/f/b80dcf6b50228cf7589628a057967a-3896.manifest
modified: 8/d/a6aff340e6054b1443a5ecb94514ea-3599.manifest
created: 9/c/7c5f83dc8a21be6c48c34ad8d96d34-4564846.o
created: 9/d/df64c46fdeb05e24ebb46f1880df7d-4560289.o
modified: b/7/c827b6ceeb9c7bd9d7987a7959a778-8087.manifest
modified: e/stats
modified: 5/0/f7a4034fb133aae59d167247ee74ca-9465.manifest
modified: 8/4/92e224a691ec66b91f93e0da01eb39-2762.manifest
created: c/3/a90182f90b90ded87778369a068ddc-2145.manifest
modified: 6/8/ee5cf465192a4164c0e31e5342ad86-7112.manifest
modified: d/0/e1c12acbd29a8cfee6786ce537cfac-29354.manifest
modified: d/3/7d80003981b07cfe0c3ad23620b3de-3327.manifest
modified: 8/8/e7fb5d9883a9cd267ca2f4adaa47e5-24624.manifest
created: a/8/4b9de1a16a67a42828ea3bef9853eb-81054.manifest
modified: d/d/1cfebb8b3081a6775bf6d99a916fae-3185.manifest
created: d/7/23f6f49d1fe39d0ef018bda89e2d98-4268498.o
created: 8/5/8a3ab3148899f74b0a4522c725bbcf-4190201.o
modified: 3/1/8cc540f6988a90a813fbdfb489f863-19016.manifest
created: a/d/78e313e4b1d425d49f0d7940e028c9-4257438.o
created: b/6/62fcf70469e94ea1354f1ffb2133e2-104550.manifest
modified: d/1/270cef61c3dca0a28d2ac982439888-6184.manifest
created: 3/c/d086264c8dda29e40207a3a359c7f9-3993057.o
created: 6/4/08d817a7c9153ae56e2e93e038fc93-4561160.o
modified: 6/e/391b78cb33997c34c70d11f195c14e-2761.manifest
modified: 8/f/305bdeed1b04658c34bcfb24a892de-6250.manifest
modified: 0/4/f4384bd58eebc0756c353ff6e8f085-2709.manifest
modified: 4/d/4007145421cc922bc88653121736d2-3411.manifest
modified: 8/8/fa51f80e29c35ac4d62737e59aa823-22352.manifest
modified: c/7/e493bc766afa5959c571ce6b9c59b4-2726.manifest
created: 4/0/e08d0f15972c7b086bcae16a1334c3-5039807.o
modified: 8/5/e6976fd06d2d5a9165f14fc5710d88-2403.manifest
created: a/0/b4d4733176c58fd061f4f02bf9e48b-14526.manifest
created: 2/c/29bd9f2d222a0db67d4f068f99f227-4059865.o
modified: 8/5/d9e4112e59930fbcdb2714d8812da0-2951927.o
modified: 0/9/fcfaf3ba876fcaceb218c0ce045754-2814.manifest
modified: 5/b/a054088347a540241693d5f04eccb9-3167.manifest
modified: b/a/c33c08ef4887f639587d07ff632519-15924.manifest
created: b/b/13cb26adb9cc87534b36ab4e613601-3754.manifest
modified: d/0/628c172093d20bfe1cfc98cdb209fc-3894.manifest
modified: f/6/7c1266b88805b770e806ebcd64dea0-45081.manifest
modified: e/c/d6228587eb4cb34af9fcfa834e1739-5938.manifest
created: 8/0/63c5fac775e0d35dc62837bdf63716-3325942.o
created: b/0/a7bdc77b29e17291df1fbc99e73eed-5446461.o
created: c/5/a6571e70a34a29fb7db47ed2676a39-2215.manifest
modified: c/c/c310695bd7b9bfe6053b6be2fc0ea3-4120.manifest
created: 4/2/0ac0b468310e3af8e11595bb94b3b0-5898489.o
created: 5/2/15456a723a7f3ee64e39815b163417-5130767.o
modified: 6/b/c0ed7b16e6d56ed95e91eb9f50c0cf-3842.manifest
created: 8/9/4a3f7afd96ef5e8f48106ee1ff78e6-3261774.o
created: b/b/15eb123f4a18f9a970091abc1e5b61-4997616.o
modified: 6/4/af1835c25762ec6c7278dc730de149-5890.manifest
modified: 8/5/0f9ce494b0ad5b7b0e814bf1a9a5b0-35083.manifest
modified: c/1/85d99b856c75058c9ca4b89675672b-107515.manifest
modified: 0/3/d0853540e83d70854bd305879c96f1-4677.manifest
modified: b/0/9b6f4f2dd0999e88067a325667cfa8-3437.manifest
created: 0/0/be58a5383bcc10e67afe1d39042693-3308186.o
modified: 2/7/2ff9f1f260be5912bedf2691bac240-4216.manifest
created: c/5/cf66f925c14bb4c0e4ab1f867bfc1e-7042.manifest
modified: f/b/4585934981e93b15c60487f99ab030-17840.manifest
created: 4/0/34ecda6f1357e6063241873c82adee-3041864.o
modified: 8/a/0def26aae29bcdeb8b7a6f40fe7334-4169.manifest
created: b/4/96804e0b9d4dca13c88f90c01eb190-3932220.o
created: c/1/725f621120ec3a84a97f404af0dd93-5284318.o
modified: d/a/fa33b4e57393e50c33bd2881c9de99-2961.manifest
modified: 1/9/13ce888f86936a07351d2df8ca538e-9142.manifest
created: a/7/b2a176142b4023bb2fc27115f460f5-125701.manifest
created: a/8/75a7bfc89debeabef768bda7cc9fd2-1866793.o
modified: 9/c/b6d84f334956ee4822eae5d5ec763d-34102.manifest
created: b/b/a578b3d1f5c06629878e58c585e1b6-4508447.o
created: d/3/c35d1260094187c6dc1f20c789e47b-3962838.o
modified: e/7/bd9c7c418c8dcf093c956ff2478307-4378.manifest
created: 1/2/4051f9748fb26186cb60b99a3215d3-4542446.o
modified: 4/3/e27ca1afca4657c179294178f51c0f-8992.manifest
modified: 4/e/8fdd5f6d88df1ad95f204c1f98db0d-14906.manifest
created: 6/d/0666e1d8dc3c4baba1044a63486615-4323339.o
created: 1/e/fc184abb675ba22bbaecb7e99adbfc-3355442.o
modified: 6/7/0f684d7cf962be92bca9e6e65d27cd-8031.manifest
created: b/8/c90b9f6d1a18dc016d16b042127f48-4161534.o
modified: f/c/06143bd6ed5d234b303960f4889d11-3736.manifest
modified: 8/c/007b5b88b71794eaed9049da31e97b-3607.manifest
modified: c/1/6de52aa914c4bc36b9c5095704f611-12886.manifest
created: a/b/b48c0bb83849bf3c49ab4cb56a180d-2338739.o
modified: 0/9/68425ead09b9defefcebd7d6f6f534-2490.manifest
modified: 6/a/721b965ba932043a1117e2c1410afd-11791.manifest
modified: d/c/c45e7faeeb335ba36bfa6106cd2997-6471.manifest
created: 0/d/0ca23c4f2419a3fe1d055e327755c9-3951.manifest
modified: 1/0/8aaf2a0b6bb06afd60296ac2ebad23-11566.manifest
modified: 4/2/ec3723841969299530c1db20fcdded-3368788.o
modified: 8/a/5d838ab2d57d4260f2898c42e6dd62-11847.manifest
modified: 9/c/6dc6f0db175ef07aa5aced3381b40a-1876.manifest
created: b/d/e170164aab0d2e7e2a195b6619c461-5096455.o
modified: 1/e/dbcab6d907956cc2ccb0cb714fc70d-3414.manifest
created: 1/1/a4dba5918a74d1969327e8d28502cb-5018721.o
created: a/8/e5eaf695495ece54789884e6277930-3139478.o
created: c/e/7c1d108f8992e61cc58ea9fb62cb54-2829304.o
created: 0/c/be1328f85bd9f3cc97587f3bd8af91-5074611.o
modified: 1/5/02c1148693470ce7f0f87b3f426dd7-3317.manifest
created: 5/8/c0b982f77c6cc40b3c7dac7d467ade-6061.manifest
created: 7/b/05e45e47da68f366774c87a16c8e97-3945424.o
modified: 1/e/2e7990ef92644e514299841983e8d8-6140.manifest
created: c/b/377a1d138a3c8da84a9545810bb013-2440539.o
created: 4/a/766ed03720dac697854679c361e382-3952517.o
modified: c/f/29b7fbd432274f1d6e79039a13e8ef-9244.manifest
modified: 0/c/93c1687e9a13bd13585dfefe71d083-4120.manifest
modified: b/3/edf87b7d85500381b30e7e487f21f2-3392633.o
created: c/9/d796ac39bfcfbaf56ca66861bef610-3968365.o
modified: 0/8/77270bfa2bddfdb7f07f40665fc171-4548.manifest
modified: 1/2/312e1b39dddb3d62f6b97c06d6727d-18999.manifest
created: a/d/2229618e59aeeb6eed567346467d94-5093.manifest
created: b/d/f2100fe6b07553bfd7b5063b1bd320-21251.manifest
created: c/c/9fcee3389bcf53216f7d966526d69f-3182.manifest
modified: 0/a/c96dbd39cb2b3618bae225db61504d-4397.manifest
modified: 3/1/909eca502b2fb5c70716a6b52646dc-4531.manifest
modified: 4/e/c0ab34d8b243130a6bde637e35200f-5064.manifest
modified: 5/f/f8171a0f1288af438909cd4b39f351-5102.manifest
created: b/a/317383022c8d7c58bdd7919ee00aa7-3353969.o
modified: 1/6/4b96183017a757c9fad7e9081f3b5c-5913.manifest
modified: 2/1/4f4bb2b416b21bb6cf5553d5e53695-3841338.o
created: 4/7/a7dc12c81c003c0fc60e1e2d7d2abf-3349971.o
modified: 1/4/7e4c2573b3d78819deb5b1853f3907-7028.manifest
created: 4/8/b254b7b4c9e01ce7a2ce1c2db9333a-5058022.o
modified: 5/6/55859ca266806a63f4e20469dc3a23-45810.manifest
modified: 7/a/edbf8a6361c6344a50613cd6919339-5516.manifest
modified: c/stats
created: 1/a/07cd99d85e7d98a202646c89083f62-3090026.o
created: 2/7/bc721b86afe42127d263495eeeec53-5019.manifest
created: c/1/3ef422d25a7a4f6783362d9c77c92e-43471.o
created: 4/8/8dd1e558f7f3467460777a4b27efe9-5923284.o
created: a/7/143d386e1e2854ac264003d56ac0a9-4164856.o
modified: e/0/19b6808c9bf1e902220b13879c3967-3182.manifest
created: e/6/c04da6ed37a66374124865babeb257-3051637.o
created: f/a/89167c2a3940dac52adec28d4a3709-3046327.o
modified: f/stats
modified: 1/e/900b9e3c59ec5ea4099d3db551094a-13586.manifest
modified: 2/c/1508a68039256e8f235edb699f406f-4975.manifest
created: 9/3/14035c487627adbdd685ac024ebfdb-4692783.o
created: f/b/e0ab31696e6a8ed01894211d265904-1669448.o
created: b/1/fdc13e1e48133ccdb19f27606bcfab-35548.manifest
modified: e/c/df1f384d5fb9175e76d1cbc129fbd6-95446.manifest
modified: 0/0/e068a0a8721a278d3b3e3ab1af3b1b-18752.manifest
modified: 5/8/febfc14672da366eb38f50260bfd3c-27397.manifest
created: d/a/aa9cc02286f3c8dddea08d9896975e-4586368.o
modified: 9/6/83d2287657828d67bdea297962cdad-2182.manifest
modified: a/6/68545f99ab8c57d6d7395e06e81a75-1862841.o
modified: 7/7/aea75a4deccc49a859f462b7346c66-3124.manifest
modified: 7/7/d677a35b4555919455da4995b15e3e-2960891.o
modified: 8/f/1b8577476e93db462efaaf0d2fa21d-3950.manifest
created: a/7/18a248538e5949336b13f85997bd26-1570470.o
modified: 7/stats
modified: d/8/19f8e41ad597497a77a9130384805c-4238.manifest
modified: 8/d/06e8ef03409607e85c8be31b79b3a9-16264.manifest
created: 9/5/68d86168b315bafb7b3d68a4fc0ed0-5110074.o
modified: a/6/33b48f8feeab84d7e01edd7ff73818-3670.manifest
modified: f/0/b2261c17e5763c52ee2b56c4a3bbd8-8462.manifest
modified: 4/0/55ffb5364f385315d873d3942910a9-2636.manifest
modified: 9/4/ef5aae9c72ff67e0ee552b1ade5aba-50447.manifest
created: d/6/31095d5c0b0ee52e57c2caad9897ea-4047342.o
modified: 2/stats
created: b/3/b84ab3654143177473833f57f07f7e-89081.manifest
modified: d/7/05e73d7c627ebf1893ac93156e94f5-42045.manifest
modified: d/e/bb1644f54a2b36b432912d3fbb3aca-8061.manifest
created: f/f/e073e6245508130320b7fa35fca957-3029353.o
modified: c/d/f98a6b6f14f79cc41c12d343d603bb-5355.manifest
created: 8/c/a5c6e53800026ec7aeb8855a431de2-1868133.o
created: 8/f/8aea9252ddf93283c88ffcce35ac93-4554218.o
modified: 2/5/0fa331b33b07acb6e07112d95c73bc-4460.manifest
modified: 2/d/983dcd2f8ac032a44e53fbc4204beb-28644.manifest
created: 6/b/6e254f6724005438e960b8d7d2265f-4280608.o
modified: c/b/acd37459e1ad8f3cd8e41e689733c7-4573.manifest
modified: 1/0/a6eadc5b9a4455444ca040c679edbd-14249.manifest
created: 8/a/0ea0d8d99736a89763aa2ea8c87dce-2683995.o
modified: b/5/c876f5f68b2f1357d74f15423a5b96-49030.manifest
modified: f/b/54f88fa0f3d261e780752f0a6760c0-8223.manifest
modified: 1/5/4b60c8599d7402d0b820d6793c6003-6604.manifest
created: 3/c/cdf130ec96ee096b937fa0184370fd-5048931.o
modified: d/0/827164f49c0f56e3fd8776c351b746-3659.manifest
created: f/4/de7f33e7143f2195ebafc410cf28f2-28170.manifest
modified: 1/b/6006ad1c3f9206a2d566115719d996-6471.manifest
modified: 1/d/f04497ee3756850e16d12399e35036-8111.manifest
created: d/b/fc883d882a838eb2b7f8a730e2ada2-4081699.o
created: 1/7/392f5b4a19063c9462471ff0679e90-4895280.o
modified: 4/a/e5d0cdd659affd549ccb64bdb8201b-4406.manifest
modified: 7/3/7a5e9850c07d1397865647b02ee9cb-4448.manifest
modified: e/1/bf61a9db32621a46b73312eb8814d1-4001.manifest
modified: 3/b/087364955f5cabe4b82a4cb238c68b-4944.manifest
modified: 9/8/aa504eb03e4ca13a653e30e7519a4c-11115.manifest
created: 9/f/44cc5c04d2e2d188457e718e18b98a-4495932.o
modified: d/e/701fa6767802e99e2923958b73f928-8615.manifest
modified: f/d/3c8a023003609bcef492df476f0cb5-11707.manifest
modified: b/c/65ad6adce7a8e8da124ecfcf83df89-20619.manifest
modified: 5/d/116f342861e78307e7f8752183c543-20024.manifest
created: 7/7/a738e3a7580edd678d6fa22730f34f-4700007.o
modified: c/f/179b9cc3f2b0fdaf14961a8b35cd47-33488.manifest
created: e/4/cfcae1e7dd0d74b82d4937fcff68af-2571830.o
modified: 8/1/3e3d698ff41f072a44f58fa6bbbbc0-12427.manifest
modified: 9/1/c9e78b142d203891b8420538ad8c06-48434.manifest
modified: b/8/9f0a73c2fbed1e421e4b9964b20c0f-3812.manifest
modified: 9/b/3fd35e837ce34995dd007eeea43417-14965.manifest
modified: d/b/08c27e71893e5448ff5c54622b561d-2449.manifest
created: 0/f/890b395ad7274ffe0b3fe9df5eae16-5036186.o
created: 7/9/a486275d1d24f55745c69f5556a72a-3972875.o
created: a/e/6422ad63200ec95c52c5d73bf1aa47-2159456.o
created: 6/a/0b888d1f5406b9eae64bd855eaa78d-2789088.o
created: 8/a/f5cfa7085f1df3723510afbcf90ef1-5313529.o
modified: 9/4/994b13917bc59bdc7f9e0af98b59ef-3470.manifest
modified: 1/8/be7048b226437e72bdfc5377fcd5f1-2246.manifest
modified: 4/3/6b34e2a367593f2dc73f0bcf7d71a2-3800.manifest
created: 6/9/450a2bb31aed632f71cdac5efed8df-5254058.o
modified: e/9/f6044579a5dd63a249117ab2a270a7-5915.manifest
modified: e/f/42772ee5e62a110563b4f96495c07b-4757.manifest
modified: 2/6/af7a917f712968e6a921ddfea8fba2-87109.manifest
modified: d/1/dc82e408aeb29ba1cdcb16b9b3fdc5-3377.manifest
modified: 8/e/f36d8585450b941cb9c8c64cc4c784-10436.manifest
created: b/c/af0c3e6b1eb5e6f61c2f743da5727c-4074030.o
created: c/b/29a3616ad39c39fb5abef912e6ac83-4551440.o
created: e/b/7e0f5ffc5d57655db6ed6cec32eca3-5010167.o
modified: 0/c/713af865bc23afb47c14b89033ecec-39941.manifest
created: 5/4/520d4de8734723743e55ab3b1749f6-3132602.o
created: 5/9/5b3cc9b26bda98643079e6dbd17c83-5586006.o
modified: a/e/980d3bd7a9fab2277caabf51a3e4e7-2857.manifest
created: 3/a/b97bc9a9c0e4899a39c874a4d387e6-4039911.o
created: a/f/210de935cfe01ec23739e40b6fbb82-3302178.o
created: c/5/ca87644ab599042d3877d41d985307-3182.manifest
modified: 4/e/2787ba0110d611664008c0d1a2bfe8-12128.manifest
modified: 5/3/6055f8582e892374eb00e102930d33-12821.manifest
created: c/f/707abfee0f5776a3dcf86246014b3b-1927396.o
created: 6/1/22a80ea768f7835a0e1d1551fa4120-4062698.o
modified: b/e/5e1df6377e6c49638d42083da166b0-8291.manifest
created: 2/f/c58d3d386ebba95477c541a7fc8de0-1556668.o
created: 6/1/18cc3d46accfb7c4440d7183490f3d-4072210.o
modified: a/1/6224724109a17eec6ded8582d47a4c-16499.manifest
created: b/f/b11f59c8315c10b62fb818a055844f-4617639.o
modified: 8/f/16ba28ea290f81cff5deea452b78f8-5021.manifest
modified: d/4/b3a7da785a16601c330b307f547beb-5903.manifest
modified: d/9/35f1e849da3f2434033e0aa58e8cbe-4000.manifest
created: 5/2/cf8099bc9d04db874624b4d012c7e0-5284053.o
modified: 0/f/5e273dc685ceefc2d13bfc021a7c9e-2556900.o
created: 5/7/42be72d78fa9bf72371dd21c942847-5038915.o
modified: 9/9/5a55d6f01a454177604477efd2b558-10650.manifest
modified: 5/3/cddb06ea23c1e4feec25f847bd5d81-8493.manifest
created: 5/8/8b709ef6039d31593998599bbb6b35-1886047.o
modified: 6/d/8a1da971cb1a1c8460209f88ce0a53-3015.manifest
modified: 4/3/45234cbaaa7f63f6b830072ad61c11-7005.manifest
created: 8/1/11076f48b94e2cf6802449b67f2bd9-4484923.o
created: c/7/7555086d3d5bdd914bc9e412333eb3-4752741.o
modified: f/0/998f1b50398a434ff58ca4efa5c552-2284.manifest
created: c/9/472314db0ac95e415b241c62cb95e5-2606935.o
modified: c/d/d0ede3f088f40cd29ff8fd8bbae819-5906.manifest
modified: d/d/fdb525fd7eddb3445ae60efde141a3-3802.manifest
created: 4/7/f382f7e5319a4c1d87efa9ba8948d0-4488240.o
modified: d/c/f45716cd4e03a1ca22dd6b80c207da-11193.manifest
created: 5/d/451be71ad917492c108fba82823975-3966080.o
created: b/e/6c33f6c9008b213c336388d1a331eb-3037408.o
modified: 3/d/0608a8ba99a82c92bbf9a8522c79c2-45434.manifest
created: 5/3/969c4545b3db8d603c973a91ddf4cf-3323017.o
modified: 9/9/86db39b32c84575afc68ea0760fca3-3375970.o
modified: e/4/cfc3d878266f09f0a62af2bf5eb603-3724.manifest
created: 0/c/c4c58ddde3fb70984b49bd555842a0-5018106.o
modified: 5/a/4587c34b646c09681e3a70e53294da-2235.manifest
created: 6/f/c8016fb7569b7b45213029c92c67b1-4564084.o
created: a/6/4ecdb003f4fef70f9742ad741c5d05-3019.manifest
created: f/e/0b2727fa4d3f22ef42a19e490d8898-3388050.o
modified: 8/e/5a743fcac77416911dc0c41c018d25-57518.manifest
created: e/2/95434ed3fd6804947a4c28f005546f-3959996.o
created: 0/8/c7ff17fc9188bf8e0b93165a486ca1-3988.manifest
modified: 7/e/04a79ff4b0902eaf0b96b829708bc1-6415.manifest
modified: 9/d/b966a147fecd1fc01e85f1c11f129f-3207.manifest
modified: c/6/2a632258e4699fd6f0cae82f1c823e-13476.manifest
modified: f/2/6d955a58031f2f3c9a7eee15bf3e08-5032888.o
created: 9/9/053d99b04d9cee246831da1da0a2ec-5167214.o
modified: d/c/980fb79138b447d6078bb5f8571b3b-5656.manifest
modified: e/3/807b5ceb97a1dba1e5bc2a1e771f5c-50703.manifest
created: 4/4/b9f41fdcfef275ae7ebcb6b0d7ba1a-1820285.o
created: 9/8/2013a5ff7d24122ea82702a80401c5-3302095.o
modified: 9/8/827eb0a5904c32b05e9e2d93118636-3261.manifest
modified: d/b/5f7e2e384e55b83d965278831be1ea-5652.manifest
created: 1/f/cb78c2bdd0a5dc5ae122367f1e4711-4482589.o
modified: 4/7/8a59656c5b76ee910c0a6ad65682fa-9846.manifest
modified: 2/0/c0ca9e0308a871a722e905cd7952fd-2886.manifest
created: 5/b/f5d9cb3790e5312dbaa48ffe93ebe1-7598.manifest
modified: 9/6/9a108fa58c8d4d639a527e3c1d9075-1739.manifest
created: 7/1/ea36cb829a63163debd24ea8b0aa1a-4578633.o
modified: 0/6/bf6692077a3a852f50684d90ac7a14-4266.manifest
modified: 7/e/a19063f9bb1bfeca59ad999c26f55c-26467.manifest
created: 0/4/227630bb7882d70a519678aabc7175-7030.manifest
modified: 1/6/1badb0add4aae5eb2afef8de5e901a-8209.manifest
modified: 3/4/932ce13da4c1dbed33723fc6c04817-4881.manifest
created: 0/5/9ba9396c16feb08b717035e3d661fc-3007640.o
created: 0/6/70bbad563a18ef1bdbb0d1fa941832-4901342.o
created: 2/b/6b564356903b56b68b84e32de87c84-3931255.o
modified: 7/2/b81e89956e9dd954a9086946f2a1d0-3242.manifest
created: b/6/72192f95c06a1bdc1e133fbafb23a7-20899.manifest
created: 1/c/3585ffe9557ed86dfd0878de8394de-4712704.o
created: 7/2/77e21d73718686dd94755440d36b56-4555902.o
created: 1/4/cc87ef2bed55e2c91e857792b4611b-5264616.o
created: 9/a/03dc218283dbdfd4a4fd6be2a02806-4613103.o
created: a/c/1531640c2d14ace600c70b37461f10-2180260.o
modified: e/9/d596cb9d8afb16b0ed9ea6fdeb0517-46752.manifest
modified: f/3/79c597c0a8955e0341581f9b9e8f67-5854.manifest
created: c/a/773a413b1d346be3807b72acd7eeb9-2459313.o
created: d/0/dfcd7fe104395b5943ff67ac06d344-3366405.o
modified: d/3/018699ba9609614ed710ca240775a6-13435.manifest
created: c/4/4ae3ba7bf09c0e349b67e047fc33ff-17775.manifest
modified: e/c/15fae12e01a44b39a2d74fe31c9be1-4472.manifest
created: 8/3/57bd576a41215c606ee14e1c991c2a-3256779.o
modified: a/0/90dcdf3ad307cf52d9598bd9d268b9-4403.manifest
created: f/c/322bad35ea6356834ea6ecf2242220-4401332.o
created: 5/9/8cf922d0daade343af00824f67c1f1-6128613.o
modified: 6/stats
created: d/b/cd20193badd506a3869835adab1758-4548297.o
modified: f/5/ed5b1cce66b82706da59dc709b4fcd-4034.manifest
deleted: 9/b/1921a5e03996941e4104e7a6cc0bc0-60183.manifest
deleted: a/a/d0726896009e834011dd65895bfb3c-3932220.o
deleted: 9/6/d0cad26536d444e1787200d2b68679-7500.manifest
deleted: 3/3/79bec228cbc12915a121d2c4943b00-3349971.o
deleted: 5/f/88a3a7cf1dce2f7d3e31257ce6ae7e-5313529.o
deleted: 6/6/7369a66f535e50014bf50c713f7ab7-5700.manifest
deleted: 9/1/a6321cfca279080a1d3820635795cf-4551437.o
deleted: f/9/a8a754ef2ba420081015520687d616-4081699.o
deleted: 2/e/057307ab4bce8dfe20529598fe3fb7-2568352.o
deleted: a/2/073904015d52442053f03848d1ca88-5284053.o
deleted: 1/6/b47838078a746d2f38c26dde61d71a-3298519.o
deleted: 2/3/187a1b67a94e1cc747673754f7b87f-5079035.o
deleted: 6/d/0e90b2be5aa54ba5e07a28df83a106-2097511.o
deleted: 9/0/b81ef3a186251982842741cd0be31c-6428.manifest
deleted: a/c/6234ff36126b2c80706cc15e37efa7-4875071.o
deleted: 0/4/00b0cf190ffa3404097e43ac7a0d09-3046327.o
deleted: 6/1/ecd51bb284c1a294c0c2d3a62289a5-31784.manifest
deleted: 9/d/63ac6d263b670484c9c660b34db305-4560274.o
deleted: 8/5/d13a9e9cd37cc5d775ffa4b9620c89-4482164.o
deleted: 5/c/50b3b11c84018c1f7919d150b311d6-4023851.o
deleted: c/2/5dd0d1bb15bc93ce3522fc688dce86-7189569.o
deleted: 9/3/d2da6c3255875504c4ec6c58f015ef-6431.manifest
deleted: d/1/a02db0b1849199b630b4fb56400700-4190201.o
deleted: 5/8/1827a22d08bf9a7eb3e64c541980fb-3955263.o
deleted: 3/0/c2af54a669d8de1cbd7820a7ec4db7-2519401.o
deleted: c/9/d221bc32ef714de4aabb31a864e451-4508444.o
deleted: 0/8/8db694ca2bfe1c9d8cf8201e72e004-4070815.o
deleted: e/1/2d75a6739c78d3a7db382a5917a31f-4062698.o
deleted: 8/f/ed6f723cae06c3303d672f3b8a31d3-7631.manifest
deleted: 6/6/3227dce5ac1b9398c65c733a7b556c-70980.o
deleted: d/4/a407c601b92d12ea96339790ff2eb1-11913.manifest
deleted: 5/0/d6fa172a3170b1d0fe876d740d4e13-3304034.o
deleted: 6/4/8010bd8bfb77e58ff3625d7fcd24dc-5524.manifest
deleted: d/3/5444453471ab5e9565806d5ec20fb7-2683995.o
deleted: 0/c/c5a96c588835c1b92b9b18fe92c9a6-3261774.o
deleted: 9/3/56ec87fc8e3689b6430977e76bab2e-4495917.o
deleted: 4/9/2f952a775c407f2e77c052a12eb2b9-5074608.o
deleted: 3/9/f49cd585a7cc2900fcea34e67cd87b-4895280.o
deleted: d/f/b37717882f201499e70eb712756c4b-3355419.o
deleted: 0/3/65c9a77e8ed82f970675f6a45cd7b2-4998557.o
deleted: 9/b/7efe9afdf206d5df73b4c3bfcdaa40-4901342.o
deleted: 6/5/831bebef95a8a26e17c28113c11028-2910590.o
deleted: 3/b/730d66d95fd4de671424255d0213b3-4482215.o
deleted: 2/6/6f1bef9f930257a108b3da61fc1d99-4542443.o
deleted: 8/1/d7e9c9b4875ebe1b41539efa47285f-5010167.o
deleted: 1/5/05f4813c8905677abb60839affb27a-4042725.o
deleted: 7/e/34d256664dc90056a416ff260835ed-3975503.o
deleted: d/c/7a4fcc0611a0c95abe7756cb64eb6c-5038912.o
deleted: f/7/849df73badc4dc11736a070a235d82-4657057.o
deleted: 6/9/fa4b9fcc55c3c201f3fd313185f2cd-2789088.o
deleted: 6/2/0aa7b9ec1fa4f97c4a4c6caec70a35-4074029.o
deleted: 0/b/587c7a33fc67af57e99d5cc5e64f8f-4200059.o
deleted: f/0/faccaa6af8864b01451c1ab8d7bae8-4488225.o
deleted: 0/9/bf53236f3088c99ee65391bb7befb7-4095267.o
deleted: c/7/0b0eb9a425977a5acc23b3d72ec0f1-5116742.o
deleted: 6/2/5267ba7857e8844cebd9dec0608221-105283.manifest
deleted: 6/c/5fe36730eb01579fb541fe7c9abe95-3714.manifest
deleted: 3/2/36aa2387d40a6720b9a10b1a3e3a18-4420621.o
deleted: a/e/e19f64c9b30d1b65ea7736078b696e-5264616.o
deleted: 7/b/a197a35e7b3542398fc3b385a16aa3-3302176.o
deleted: 0/2/3549a9fa74f17241e42ffd008fc754-4479620.o
deleted: 2/f/8a443d9d3a470f5d1d894a4f6ab1a5-4257437.o
deleted: 6/6/1657be831046bcb10f6497f9102984-2024.manifest
deleted: 2/4/94d6f4577417b72c796bf7b905e067-3301534.o
deleted: 6/9/92fd3eb431edf9adab14d1efa0ff31-5154.manifest
deleted: 0/8/e11aa77015ac678fecd63e96da45d7-4072210.o
deleted: 9/e/8e13ef25ad41917be19a1bf21ed4c5-4950727.o
deleted: 6/9/5dfce8346024fcc928b88e3952f7ee-3831.manifest
deleted: 1/4/45aa52e822c810a8b4af5d830d876e-256860.manifest
deleted: a/9/735863e9e9251643aeb906cf2b3971-4164856.o
deleted: e/5/762199231cea3bee00d80ba9cbe8b2-3966080.o
deleted: 9/9/2a22064a65dd6cb73dc846bef4274e-4617675.o
deleted: 1/6/521bbb05266238321eb9600c6fda1e-3054395.o
deleted: 1/d/d9138b0f0774213d63b6d7f061405c-30327.manifest
deleted: 3/6/fc8e6789f695a13eb4efcd3585f920-102368.manifest
deleted: 4/e/e487e78d98ba49f16ace7d5ac312b4-3353853.o
deleted: d/5/d07e57182ffed36a8350bd45fbfa44-3034916.o
deleted: b/8/686ab38ed83d5a41ba2f6e0d18b4b9-6128595.o
deleted: 3/4/4e667dbd6a94fd5f78b9cf9f6e7435-3364354.o
deleted: 2/6/844de2c44622a0c5406f9862564bc3-3968458.o
deleted: d/b/88a4cb1c8db93425afd815fdc65d84-3090026.o
deleted: 1/4/2876503a8adbe295ece6b69b12436c-3029353.o
deleted: 8/a/f20edd7bce5c220bba6b156b9de225-5010926.o
deleted: 8/d/3c08739f39d84d95fa53220330d490-3037407.o
deleted: 2/8/a47c5f9571276e7ce3db8a7f60e821-4174907.o
deleted: 9/3/007d62e0ce8aeb8edd3076154a24b1-4021172.o
deleted: 9/e/907ffef8dbd229e8112a2203cb72f8-3103859.o
deleted: a/b/ca28c736f674df915e857c35926f32-5070488.o
deleted: 3/8/da264b8ef340b21cec289a00138e5d-2370570.o
deleted: 0/7/55a784a801594c44a301695ed2a459-4548282.o
deleted: 3/e/572da4fc5cd846a6f550c5ed10dfa5-6128646.o
deleted: 5/f/0eaf8674e027e1cc5c2f5e4ccc3240-3968365.o
deleted: 6/d/30475492a91ad70844231c8556f944-3952517.o
deleted: 2/5/55f9a29ca6f004702a708c781bce23-3924287.o
deleted: 1/3/2e7c5d919c5cb7a4d85ba72e624fb5-13294.manifest
deleted: 6/3/d273e0063b1a1da8b448b63d6a3521-37595.manifest
deleted: 8/2/63f1ed124f093efdfbdaacef4552e9-4554203.o
deleted: 3/e/e2487870e25b8d554cdda6b0455de6-4047342.o
deleted: 7/5/de3e0b2fd0d208f4b6a468ff652662-4692780.o
deleted: 1/1/5d43c4a53d0bda22a3eb76ffaef86f-3013375.o
deleted: 0/8/e4db14a17eb8dc63cd69cf79671e81-5036186.o
deleted: d/e/4b2695c3c86ec30b0f59d76439c987-4578669.o
deleted: e/0/4a58fef239999034208d0c8ea3546c-2920216.o
deleted: 6/4/b387b82239a57c9fcc82a2e49621bf-21199.manifest
deleted: 7/a/4252f186ef109831ca7181746b90bb-4646333.o
deleted: 0/0/8fe44513bbec70b2d38012a1b5f380-3966946.o
deleted: d/4/cf693371865f12d3c86ae8cdd36d1e-4522221.o
deleted: 6/d/7d3b93f56df636963e01248fc90281-9117.manifest
deleted: c/a/982e7e8e2921a24763701340c29ea8-3256779.o
deleted: 3/6/6e864698050708287e6be42fda3334-1660062.o
deleted: d/9/12f31e60dde174800e2c55a1abe064-3139477.o
deleted: b/b/493614e6e8d4d913f1cdac7911dca5-4176221.o
deleted: f/c/030ad1d68b004368e889deabaaa98a-5308830.o
deleted: 2/c/be8cab96fda7210a75f8ba33ea8dbd-5945941.o
deleted: 3/3/58423249f3aa650aa594395d1503f5-31443.manifest
deleted: 6/3/f53574b9f8c7f750eb5b06e61b99f6-5898489.o
deleted: 9/b/d4793727294e537510d49cb56fc72d-5018106.o
deleted: 9/c/0338dfafe7881a15208fcaed9c182b-4578651.o
deleted: 3/d/6f2b3954eab4f836737decf2dc6b4c-4280608.o
deleted: 6/6/4b83da8aace4e1bfb0874f06c2e6cd-2472790.o
deleted: 6/6/ccc0973fcd5ed4f820bf1044256ed7-5001724.o
deleted: 1/7/4590b46684b689b2b1b71105a5be70-3299276.o
deleted: 2/7/0bb87af8f402f0a18bcf15b32c1389-3366403.o
deleted: 7/9/dc9594e69c60cc2d7ead26bcaef473-3304719.o
deleted: f/8/53a70efab34b9b13a75e35add3baa3-3057950.o
deleted: 6/3/aa84fff700197aae529f9c6196bccb-3151683.o
deleted: 6/5/9a5612ca608e8f0a190583ee5d1973-4401332.o
deleted: 9/7/7e5cb773c33ad7f730ded35b82afcf-3202701.o
deleted: 9/b/9d902dfb13ff1d97b91528654c0a39-3132601.o
deleted: 0/e/dcf8aaf79a52cab2f36d41b29d63ac-3954617.o
deleted: c/4/b3e2d5076758ed34ab95030f970af4-6029940.o
deleted: 3/e/01ef0498e249f74dc4f1cd04b6ed89-2180258.o
deleted: 0/e/9edc9be38d2e70228feed1ee44b666-3051637.o
deleted: 1/6/d89f991deb25e08870b506435b7ec1-4101.manifest
deleted: b/5/7aa8398406d87dd7f4eb72a56cb459-4161516.o
deleted: d/2/3c70d1e80056c3444e049dd9637f14-3070968.o
deleted: 3/9/802db9a1becf2d7ae504005533d621-1868133.o
deleted: c/3/4dbeaa9cd1ff8ec7b92cffb577f6ab-4564831.o
deleted: 9/5/3eadb23774eedb1c05007cbb49fda2-5922861.o
deleted: 5/7/9af45f1c5fdf982d77a512f85673e3-5167211.o
deleted: 7/3/7807d8a3a433deefd2553becc571c5-4059865.o
deleted: 6/6/8b766a459e892b600af901295f6ad9-3337878.o
deleted: 6/6/942dbc1dc4c6a7479b2e220e61a124-2143702.o
deleted: 3/d/a5d8d87fa24bc0888b5ec737fb395b-4518478.o
deleted: 3/d/ea0e343bc79dc75944acf56d1c35b5-4268549.o
deleted: 6/0/60972c3f78602a941b1435d6e21ca8-1992.manifest
deleted: 1/d/858be3dc6b5edcb25da204487e5f9f-3930863.o
deleted: 6/c/725a79657c5f875d8f3896b4c79ffe-95959.manifest
deleted: 5/c/87cb90ff86a001162f307ced72a9af-3962838.o
deleted: 6/b/a2a5c8fba1dc149cf4756ee4fdf266-4071635.o
deleted: 6/1/8c2ef355a83e5fc0bbe79594591e73-4645424.o
deleted: 1/f/37d69d21029f78d4da3c639bd3365a-4573755.o
deleted: d/3/ce12df73eb9c8f2ab60b3a2db0725a-5772128.o
deleted: 6/2/981e08cee8a25b4c4da5753035970c-1295310.o
deleted: c/7/d888d1d5406ed744a00546eb2aa2a1-4953445.o
deleted: 2/8/95a315b412cc61bcdae4812f26b65a-4906810.o
deleted: 3/e/44fb4035600615d0d6255d0a4957c6-4268498.o
deleted: 8/e/9a4e3249927aca041bed3cdfd55c6b-4961.manifest
deleted: 0/5/4ad5e7a16c9135fa90f4272a8753c3-3972875.o
deleted: a/d/e7ba6953ddd3b84cd1ae2e6b504cff-3255123.o
deleted: 8/5/4b9c5be2e4100c20b9a55ab4e3c23d-2731152.o
deleted: d/5/b8b683704c4fc9b3f813a80c04084c-5572007.o
deleted: 4/b/85333b9aca85066274e3b7295ae774-5096455.o
deleted: f/a/be0d9283c04ec08f33241cf5efe6c1-4055192.o
deleted: 0/8/345015c2549870ccd7fd9be3c99b9f-4573704.o
deleted: f/c/04d117657627405c8059a78eb92183-5697521.o
deleted: 4/d/eb5f3b74519e9ec6b21681e8563568-3388048.o
deleted: 6/4/68d2382d709571dad2f4ab2729e005-90751.manifest
deleted: c/3/086b4ee7bfacc5d2bf55946fd980e3-4124584.o
deleted: 6/9/d266c2b15c809c2062d85749cc5e42-1396125.o
deleted: 6/e/a8c93b3d413cc4e9d56c3157a98a35-3007640.o
deleted: 8/f/580249514b0072ff9d49da45f268de-4484959.o
deleted: 6/4/b4ee30b5e430d13bc1973de1dec63c-1849887.o
deleted: f/b/80d56db01f97ad87433200d9f72444-4039911.o
deleted: 9/7/612d24bab57738c329776392170d64-3979197.o
deleted: 5/3/bb4b8f2ae2afa5e1670d4861583f64-5923269.o
deleted: 6/6/5bb5ca4190a4945657c228d08dd3e6-7423.manifest
deleted: 3/b/80550df17c1255640f008856b2a976-2335236.o
deleted: 7/1/8656988939ac9c320483c6fd94927d-3974992.o
deleted: c/1/52f80ce10a628f08b54801ed7b49c9-4561145.o
deleted: 1/b/5eab428400be326b8dbf1778c01087-2184114.o
deleted: 4/2/0fd4dbe71bdfdd0ed0da7beaba7674-1866738.o
deleted: 3/f/b7ec0535f10bf6a95042c979cab989-4478576.o
deleted: b/a/a24307803ec49279fe2d32517c4abb-1767.manifest
deleted: 9/0/a3a27246011d6551a247617e3a771e-37349.manifest
deleted: 9/c/bb2565f637a57025172ddb026971a6-12437.manifest
deleted: 1/2/f7dbfbc123f51097048f132a24561d-3931255.o
deleted: 8/d/f7eb778b40cd93a29b122d8697ed51-5022921.o
deleted: 9/d/5b99dd5d637e80e554539948bec868-16470.manifest
deleted: 6/4/e9a766ae4c30a29cd79ecab3004a42-2643688.o
deleted: 0/8/04c4b8a594a5cd757240f1b6188518-3945424.o
deleted: 0/d/5d7ef6e6215ea9c040cf01e479acf7-3041864.o
deleted: f/c/1343491cbf26646862dbea01ed2cad-5050343.o
deleted: 5/3/47980eba4a32987b998e7b8351798e-4512973.o
deleted: 8/8/51175e9722b9d86b0dea4f2e4b918c-3947043.o
deleted: 5/c/b631c1beb1695ab92f759fdbc279ae-3308298.o
deleted: 7/6/12ed460875e041e0a6992579afae99-5130763.o
deleted: 6/1/958434e7649ae7b7c1ae4e25210e40-3353966.o
deleted: 8/c/04d373034c8fff2b2df9145c195eaa-3043108.o
deleted: b/1/c9c36d9235dfba97c4de198c8ced00-3983085.o
deleted: 1/8/107327a42c2e2882a09b4d9b80929d-3344240.o
deleted: c/9/82d85e23c0caad690b74c21a1cf316-5011517.o
deleted: 7/d/51e0af3f1d7685712a9e7b190ca936-5039807.o
deleted: 6/c/50263e389283789fc8b61ebc4ac56f-5108960.o
deleted: 5/b/d0f5288a09173ae42e003ad5d8c893-2566492.o
deleted: 1/f/9b3a5fb8e1cb8ff3b16857e9917b4e-4514337.o
deleted: 9/a/1684b5f600f7fb6ee4dc623c257861-2112.manifest
deleted: 8/6/b392b92720d19ad0a0ecfee54088a1-5079269.o
deleted: a/7/70bc128f361a9d1b2f6df6a3b96e4a-4555887.o
deleted: 4/b/7b30a21d83ffd3ae541ca39c6083da-4030190.o
deleted: f/3/13d2ce70597c76ddc30ff35bb3662a-4005787.o
deleted: 0/6/b1203dd5cfd8c3c8aa780fdcdc438b-5038083.o
deleted: 0/7/fa75996ac1b193821793513a38f39b-3301382.o
deleted: 9/d/8564cf89843838d7b0291f104a053e-5677.manifest
deleted: 4/7/3cf80467100601e77d38287f3c103d-5058019.o
deleted: 7/3/8cc18ad0a6b91b64157cdbf2e0d129-19924.manifest
deleted: 7/d/aef4ccee56a27182c1f675f564cb6a-3356673.o
deleted: a/3/29b737b70226b5fd78bc84219b2308-3108188.o
deleted: d/1/2eecd34a67846f0d98a9a0bf73ad06-4544963.o
deleted: a/e/2a2c30fd87427112e01b923eac7539-4564081.o
deleted: 2/c/e83b33ee3f85dfb9e7c8bb5c302b74-4613077.o
deleted: 9/e/19f552c78aac4929218cf42ff0878d-4177030.o
deleted: 1/e/61ff3540902593ab3045de30905f0d-4586353.o
deleted: 3/9/ebcbe3a0ae18d25452780d8a2e2c3a-3307359.o
deleted: 9/f/e32968af95556620ee474881751f28-4168390.o
deleted: e/0/c290b109a442e916c7b5308e62e8a4-3112218.o
deleted: 1/9/b1ccf7b29769fc156c2e0b68a742e4-2954625.o
deleted: e/2/0c1a0c904a21958551a1789928282a-5284303.o
deleted: 0/c/46d8e1e3d6800832d3fbbb939f8031-5371046.o
deleted: b/a/010808eda2166f3820a9c5a7bd17ee-5071588.o
deleted: 2/4/5fa654afb7d3a1a0c72ce2539205a6-4104891.o
deleted: 9/a/5a8ef77e85a904a6e5a342bfb1af7b-4564882.o
deleted: 0/f/0ad28dc5671cdc3c3b0dabddb7f039-5254039.o
deleted: 1/2/0f570151bbd50b8d4aba2830de913d-6026.manifest
deleted: 9/6/1e83f2d1e7a8ae03f3a41ba23964f4-2159439.o
deleted: a/3/df8dab57b890fc8bd156cdcdeee75b-4684027.o
deleted: 8/a/cd888a2b7030d86b47fc63e71dd452-2738117.o
deleted: f/d/a5dd61aa01169c64e972a2bdc57c81-4578600.o
deleted: e/0/1248734e22e81862391daee3890e98-3987206.o
deleted: 6/b/1e9c41a50d2ef14cb5bc986a21ff4a-3113327.o
deleted: 4/0/c9a9c9a7f23817bf37457296ac7eb6-5071131.o
deleted: 1/7/eba25dd78a872692987b91f9cdaaa4-5018721.o
deleted: 2/6/bd04a14e9d6e7e290426bfc65d6917-5024174.o
deleted: d/b/8a5f54f6637e7455eb33dd9e3d59d3-5046975.o
deleted: e/7/4039e804fa555fc3d2d7c2c9c98729-3290483.o
deleted: 3/c/0f96144228132a5e02c69ad34e94fb-18337.manifest
deleted: 0/4/887c04be1664ebcd69fcdae7818f8c-3959993.o
deleted: c/d/2205556d77d36c2bdd8a618fac9669-4544245.o
deleted: 7/0/bbe737ee6c1f291e88c44a54dd4355-3999838.o
deleted: 6/a/6865710b05421f7c9f71c81666c3fa-4551488.o
deleted: 1/9/f83766da96062f49c5aace90cb4a9f-5195996.o
deleted: 6/a/8bcd5871d2ea31db3315937fb6e9e1-15571.manifest
deleted: b/8/188b5d9656fa4e69c78f0cef5360f4-5025867.o
deleted: 8/c/7a14d407dfd1d4386049650dd3d8e5-5074271.o
deleted: 6/d/5ca993832824f01fef414add80a58a-3247517.o
deleted: 2/e/21415334c0f05033cf0de40ebf926a-4997108.o
deleted: 4/7/1dbce6943892f4bd10bce55abde9b8-4758452.o
deleted: 8/1/f630529ccc77323ce8ffa04bfe78fc-4541380.o
deleted: 6/1/b9771d8c4ed2cb8db8d836d49091f1-11887.manifest
deleted: b/d/c3ca778e6c7cb2838ee2329e216344-5446461.o
deleted: 9/3/883acb36eaedc4774c531694433ce4-3251563.o
deleted: 6/f/d7c0a578cc3bc1317d50b765c36941-2405447.o
deleted: 6/6/4bacba418bbb1e5310cbb6832432ff-3037272.o
deleted: d/b/c29284e1deaae5143e8bbfb4185b86-3059450.o
deleted: c/c/02f23bd8ccf6b46765ebdef3720ecd-5586003.o
deleted: 9/e/e0fcdec0140c6543e95da6ae030a48-2668.manifest
deleted: e/6/315ec64b673728e789c79f439bc517-5169117.o
deleted: f/3/f6596f45b252ef1ad1fc5b10457329-1820284.o
deleted: 1/7/e6c5f63a4d762ffe212d46a6c0395b-4525909.o
deleted: 8/e/96e2be188ebebcb15ce48c744c07b1-3302092.o
deleted: 9/d/64a557e541cd3da700718c4cc06d00-1868133.o
deleted: f/c/1f02e4bb157002f1b7e9814c7a00f6-3323017.o
deleted: 4/b/ff395737ba5bbc7c44d8841730a87e-5001673.o
deleted: 6/b/25145807a2544d0933e99e2409e9f6-2605.manifest
deleted: 8/e/c87d1e45a98575547d796282a92c89-4514388.o
deleted: b/2/b97aa5f3f8bba9842ea5c0dd98fc81-4642899.o
deleted: 0/a/2905438024e2185764fd06d5e8b2a3-3201368.o
deleted: 8/0/42409395607015de47fe103ef748df-4042521.o
deleted: 8/c/b997ad1f83cf4a631c7feb3c39eede-4541431.o
deleted: b/6/69c589341059c97376d8b10627ff20-3948874.o
deleted: 1/f/782d3ce744ec750cb4046b55dd7c85-7613.manifest
deleted: 5/e/818927a6f426567604f8d611f0e975-4712704.o
deleted: 3/d/bb5d7cbd72d33325914f0dc0c72532-2950.manifest
deleted: a/7/6f651c9ce5e44edbc979fa1382bde8-4578618.o
deleted: 3/9/c96b2c6969209cddced0d60480d0e3-3993057.o
deleted: d/a/4eaae4d1127fe7343f0e2553925a29-5294734.o
deleted: 2/8/58bfe61f7db765acee8bef7a0ce37a-4503468.o
deleted: 4/4/75d7685ebcda5d530b791130a069c9-4543346.o
deleted: 9/5/318360c297588e4c7ec64b6313a123-4454.manifest
deleted: 9/5/5236c435359c03bc2b52591e7d451f-3959996.o
ccache cache size is 201Mb.
Uploading cache ccache...