SHA for cache folders (C:\Users\ContainerAdministrator\AppData\Local\ccache) is 'ca52cb7e1250b3602675f9eb3cf085a3cc24ded8e1be8b15a7f28f58fe71dff8'
Cache ccache has changed!
List of changes for cache folders (C:\Users\ContainerAdministrator\AppData\Local\ccache):
modified: 6\8\stats
modified: 1\7\stats
modified: 2\e\stats
modified: d\b\stats
modified: 9\0\stats
modified: 4\e\stats
modified: 2\1\stats
modified: 5\f\stats
modified: c\9\stats
modified: d\0\stats
modified: f\5\stats
modified: 8\3\stats
modified: f\1\stats
modified: 0\2\stats
modified: b\9\stats
modified: c\f\stats
modified: f\3\stats
modified: 8\c\stats
modified: e\3\stats
modified: 5\a\stats
modified: b\5\stats
modified: f\stats
modified: 0\d\stats
modified: 7\e\stats
modified: 6\4\stats
modified: 9\stats
modified: 7\0\stats
modified: 6\2\stats
modified: 6\stats
modified: e\b\stats
modified: d\3\stats
modified: a\0\stats
modified: a\6\stats
modified: b\7\stats
modified: f\c\stats
modified: 0\b\stats
modified: 1\c\stats
modified: b\d\stats
modified: a\stats
modified: 4\0\stats
modified: 1\b\stats
modified: 2\9\stats
modified: d\4\stats
modified: c\a\stats
modified: 0\c\stats
modified: 5\4\stats
modified: e\7\stats
modified: 6\f\stats
modified: 3\9\stats
modified: 3\stats
modified: e\f\stats
modified: b\4\stats
modified: 1\9\stats
modified: 4\2\stats
modified: d\stats
modified: 7\3\stats
modified: 4\8\stats
modified: d\f\stats
modified: 6\d\stats
modified: b\2\b22er0b3q1sqvvf8e7h5od1tbr9dhiaM
modified: e\6\stats
modified: 2\3\stats
modified: 8\9\stats
modified: f\4\stats
modified: b\2\stats
modified: 9\8\stats
modified: 2\d\stats
modified: 4\9\stats
modified: 6\1\stats
modified: d\e\stats
modified: 8\5\stats
modified: 0\4\stats
modified: b\c\stats
modified: d\5\stats
modified: a\3\stats
modified: d\2\stats
modified: 6\7\stats
modified: 6\b\stats
modified: 7\9\stats
modified: 1\f\stats
modified: 7\6\stats
modified: 0\6\stats
modified: 0\e\stats
modified: b\8\stats
modified: 1\6\stats
modified: 2\7\stats
modified: 2\f\stats
modified: 0\8\stats
modified: 6\9\stats
modified: e\d\stats
modified: 1\4\stats
modified: 6\0\stats
modified: b\1\stats
modified: e\stats
modified: 5\6\stats
modified: 3\e\stats
modified: d\8\stats
modified: 9\2\stats
modified: 1\2\stats
modified: 9\a\stats
modified: a\b\stats
modified: d\d\stats
modified: 3\3\stats
modified: f\8\stats
modified: d\1\stats
modified: 3\c\stats
modified: b\f\stats
modified: f\a\stats
modified: e\0\stats
modified: 0\9\stats
modified: a\5\stats
modified: 3\7\stats
modified: 5\9\stats
modified: 8\b\stats
modified: b\3\45h0b07gm1ufdbqjpmt3p31nffqkru0M
modified: 7\7\stats
modified: 8\2\stats
modified: b\3\stats
modified: f\7\stats
modified: d\7\stats
modified: 3\0\stats
modified: 2\c\stats
modified: c\1\stats
modified: c\stats
modified: 7\5\stats
modified: 9\f\stats
modified: 8\6\stats
modified: 1\stats
modified: 5\d\stats
modified: 5\2\stats
modified: 9\5\stats
modified: 3\2\stats
modified: 7\f\stats
modified: 4\4\stats
modified: a\8\stats
modified: 5\1\stats
modified: 8\f\stats
modified: c\b\stats
modified: 9\c\stats
modified: 4\stats
modified: a\f\stats
modified: 0\5\stats
modified: 4\6\stats
modified: f\d\stats
modified: 4\7\stats
modified: 9\4\stats
modified: 0\7\stats
modified: 2\0\stats
modified: 6\a\stats
modified: 0\1\stats
modified: 4\f\stats
modified: 8\a\stats
modified: 7\8\stats
modified: 8\d\stats
modified: 2\6\stats
modified: 5\7\stats
modified: e\1\stats
modified: 8\4\stats
modified: 9\e\stats
modified: 9\3\stats
modified: e\4\stats
modified: 0\a\stats
modified: f\9\stats
modified: e\c\stats
modified: 7\2\stats
modified: 7\4\stats
modified: 2\a\stats
modified: c\5\stats
modified: 3\d\stats
modified: 4\d\stats
modified: 7\c\stats
modified: 5\8\stats
modified: c\2\stats
modified: d\c\stats
modified: f\2\stats
modified: 9\1\stats
modified: a\c\stats
modified: c\4\stats
modified: e\a\stats
modified: 1\3\stats
modified: a\9\stats
modified: 3\8\stats
modified: b\a\stats
modified: 1\5\stats
modified: 8\stats
modified: e\e\stats
modified: f\6\stats
modified: 4\3\stats
modified: 9\d\stats
modified: 1\a\stats
modified: 8\1\stats
modified: b\0\stats
modified: 5\0\stats
modified: c\8\stats
modified: 3\1\stats
modified: 5\3\stats
modified: 6\c\stats
modified: 1\0\stats
modified: 3\b\stats
modified: 4\b\stats
modified: 3\a\stats
modified: e\2\stats
modified: a\7\stats
modified: 9\7\stats
modified: 2\8\stats
modified: 4\5\stats
modified: c\3\stats
modified: 9\6\stats
created: b\8\c141viosns5un8qqg59pdq9625u47loR
created: 2\e\75bv8t7cfjv8g8qg29224snmnun7jq2M
modified: b\6\stats
modified: 8\e\stats
modified: 1\1\stats
modified: 2\2\stats
modified: 2\5\stats
modified: 8\8\stats
modified: 6\5\stats
modified: 3\f\stats
modified: b\stats
modified: e\9\stats
modified: 5\5\stats
modified: 0\f\stats
modified: 8\7\stats
modified: f\e\stats
modified: 2\stats
modified: 3\6\stats
modified: d\6\stats
modified: 7\b\stats
modified: d\9\stats
modified: 4\1\stats
modified: 4\c\stats
modified: d\a\stats
modified: f\b\stats
modified: 1\e\stats
modified: a\1\stats
modified: a\e\stats
modified: e\5\stats
modified: 0\0\stats
modified: e\8\stats
modified: f\0\stats
modified: 0\stats
modified: 4\a\stats
modified: f\f\stats
modified: c\7\stats
modified: 6\e\stats
modified: 8\0\stats
modified: c\0\stats
modified: 1\8\stats
modified: c\c\stats
modified: b\b\stats
modified: a\a\stats
modified: 3\4\stats
modified: 9\b\stats
modified: 2\4\stats
modified: 0\3\stats
modified: 7\a\stats
modified: 3\5\stats
modified: 6\6\stats
modified: a\4\stats
modified: a\2\stats
modified: c\e\stats
modified: 5\c\stats
modified: 1\d\stats
modified: 5\stats
modified: 5\b\stats
modified: 7\stats
modified: c\6\stats
modified: a\d\stats
modified: 2\b\stats
modified: b\e\stats
modified: 6\3\stats
modified: c\d\stats
modified: 7\d\stats
modified: 5\e\stats
modified: 9\9\stats
modified: 7\1\stats
deleted: b\1\a17s2kokf0n2incublr4d1h121l5806R
deleted: b\1\131a3njeqrk3rs244mebr36jhe8r3vcR
deleted: b\1\492cn7fh4ttgjv04mi6cohevhstntjgR
deleted: b\1\a4vpfajq1u7576ao01tahmqg0tk3ri8R
deleted: b\1\4436rpdacnbpsk88luu4d32q41lue4mR
deleted: b\2\d8gbi1i3omeahnpj6sajk2vh0sg97euR
deleted: b\0\1108nu3urs67e5qt5ugekhv0fkhu8emR
deleted: b\0\7f6ts45jonoabr2jfn7inlqobhqv75oR
deleted: b\2\be417h5mds6ni2u0t2bq7dm9dbmffhoR
deleted: b\3\bdtil5a5lc4dqr041searbj61giv50eR
deleted: b\0\59fm03ihe1k9g60iq3u3pdh2h8aapnuR
deleted: b\0\a1tda2h2sn0anmdn718jt44bjd6ghrsR
deleted: b\2\d2lbo142277e7cpdmfvrd07cdbkfjssR
deleted: b\1\e6aog4fm466jeh4ksr7cl48jk3bb9t4R
ccache cache size is 169Mb.
Uploading cache ccache...