SHA for cache folders (/tmp/ccache_dir) is 'aeff53c32250e3f5066f2509496c8319d76b54a0c353e3d6cf9b40d4e9b0de7b'
Cache ccache has changed!
List of changes for cache folders (/tmp/ccache_dir):
modified: 0/1/1abatja6fumma5n765q006ogo5m7imeR
modified: 9/1/stats
modified: 0/8/stats
modified: 0/b/20j8ka0e0tdn6um3u19es15j19ao84mR
modified: 2/0/stats
modified: 7/1/stats
modified: c/9/stats
modified: 0/3/e1gdcf6bv7p502r6ol2aqlvjek9lj14M
modified: 0/3/ec0k1ur1rsdf7k0dkd4lac1o0d7cmq2M
modified: a/9/stats
modified: b/5/stats
modified: b/e/stats
modified: c/a/stats
modified: e/1/0857chvquvngvrbstt7h88fdgrvogsuR
created: 1/5/fcj8j98d8tfs8bch3oda36b86r7irpaM
modified: d/1/6frvqlv9eeacav3nl5000el0ifpfa8gM
modified: e/9/stats
modified: 0/9/8c9enbll3p7sgmmqao5h53nhhq4iiegM
modified: a/7/stats
modified: d/3/d7giibn4338o2v1itn3od798qhihdjqM
modified: 3/1/stats
modified: e/0/7a6vrnago9a8ounhrt6h9rngbjrm2bqM
modified: f/5/stats
modified: 1/e/stats
modified: 9/7/stats
modified: 9/a/c65nc87evcmli7settldiv5dh5ul4uoR
modified: 1/8/stats
modified: a/f/stats
modified: 7/f/7d51epje2mduoa4ue656h0un7p5q26mR
modified: d/1/7fhkbtcug16h439a87m00o4fg7q2cl8R
modified: 6/b/stats
modified: d/4/stats
modified: e/6/0bl39nojboru56bpmskhu4clidkg422M
modified: 0/a/54imsq69ko5kcim1ku1ri6qpmocugs4R
modified: 0/c/stats
modified: 7/3/45lrv0rod90ktnt3ip6nulvtqtg1i0mR
modified: 8/3/stats
modified: b/7/cfn0dki72u5l0doshdsp9lpevfofpmgM
modified: 0/f/stats
modified: 2/1/stats
modified: 6/4/stats
modified: 7/0/stats
modified: 7/3/b7mo3an2i4ua43seoue059q9fcj0d38M
modified: b/a/stats
modified: c/e/stats
modified: d/b/stats
modified: 8/4/stats
modified: 9/5/e1sp7k7gbmk2uns9i45hgkevgr44ei8M
modified: f/e/7ba72t57kd9j6b6cptcagtghqsupvoeM
modified: b/6/stats
modified: d/0/5570f9jpkbi8vf5647iajn85qpm8qfqM
modified: 9/4/be97ulbtp0okhfca3ulvbtef5f71mf8M
modified: e/9/f0h3m1al1lr45p5iuc1jsfo2g6fpqbmR
modified: 2/4/2cckvfrvfv438k3frc9pa19nnta4iosR
modified: 5/e/stats
modified: 1/b/stats
modified: 7/3/1aff978s5mrbcqb36cjkffk1t1mul6sR
modified: 8/1/stats
modified: b/0/07b6330pbs87kc651i182q222dk3260M
modified: b/6/7614jf2vufc0dado3fv7tnus9q715koR
modified: 2/b/stats
modified: 2/f/d0b8j2kesm71735l2dlnv7pl0k83iumR
modified: b/3/54eu2affkgqm3p7oeu86qmc2gt3l1cuM
modified: d/1/stats
modified: 0/1/85b4m8fqpit9n8a8bp49o5gr6tpr7kuM
modified: 0/c/31k7s0phv5eod9t4j2foanrn772ckkaM
modified: a/1/stats
modified: 7/7/64kus01pn4ehbujiohqthgokbgdn5rsR
modified: 9/0/04fad0hr9vgvs2k2siokg5kjt5qpd44R
modified: 9/7/fara95tob5jv9njmdesjkrnnpuio8loM
modified: a/3/stats
modified: e/d/29njp1r8tpil2tdd4m7g1v2cv5or3scR
modified: 7/e/9cb73hesa79ba4tcvgb2p0dceggl7kuR
modified: 9/d/stats
modified: 5/9/stats
modified: 2/3/stats
modified: 7/7/stats
modified: e/8/stats
modified: 2/3/a0v3g1mnvl3kul77quuuvdnfvcvedosR
modified: b/7/stats
modified: e/1/37n3n14v8glifcf3vc9diija17i4v22M
modified: 3/4/stats
modified: 9/4/84qjh72e5857m4cmarf33g7b87th3cgR
modified: a/e/stats
modified: 2/7/3di5pg3im48gpbt2egf5jihgrl94fdgM
modified: 4/c/stats
modified: 7/1/c6vooki7950hfkaomckfkr3qiijjg3oM
modified: e/6/feq8suvviptrttt4fsq42papaj98lpsM
modified: 7/9/fasmic9u81crd1bm125uv4bjl942avaR
modified: d/5/stats
modified: 9/5/stats
modified: 0/0/3e1i2p70ihm8apgcterbooqb82d9qhsR
modified: 4/0/stats
modified: 8/a/stats
modified: a/5/stats
modified: b/9/stats
modified: 2/e/73cv3mfproodj46saeaopm3hj5mafsuM
modified: 3/b/stats
modified: 4/stats
modified: 7/b/7855qsps6a7cecndcfqmnfjuk45pccqM
modified: 9/2/e0evoflueiap1oa0s1bo51csva8vg4kR
modified: d/7/stats
modified: 0/1/29m3v72ie8crtpr4rbrj0k2o2imvj1mR
modified: 5/d/stats
modified: 7/b/b33956a1vus4a59r1l79vjt3rp8utpmM
modified: 9/2/03co5303nfl5nrul0s0719uts90ho5oR
modified: d/0/e87rklqku8msatoh6ra3ep4f1g93m2eM
modified: 0/c/25nq2lft3goeilfqtfkc90mkqgcti32R
modified: 5/6/stats
modified: 7/3/eduddmi37onnpkiulbqvbc6ecg9u360R
modified: b/0/c1anc388klrqloln3sia2l97pmj8scgM
modified: 0/a/72am0id6jlegtdarnkugltaj42g1900M
created: e/0/dc7cogegmhdr125h3f35ruafj08oho4M
modified: f/stats
modified: 0/d/0dpqta7k1fhegvq8f5u5687rkeu6qaqM
modified: 2/5/stats
modified: 7/1/783ik5a64e14eae49hh69g25nptvfncR
modified: 0/2/d0ikj7f18g2po54p0qf6gmk7u8aafoeR
modified: 0/9/stats
modified: d/8/65cochd8j1np2opot60a1opl8hkg9ogR
modified: 0/d/stats
modified: 7/4/2aodr1slv48ujj676lpi3qm072qgqoeR
modified: 9/1/91b86b291nv6p7pcm1p0fcj5dc3ntduM
modified: 9/6/2di7ihmgi5ol83q1q3a9ufh8hd06rbiM
modified: e/d/8ckpthaub2r1l5l4tb54da6mph9lktiM
modified: e/a/1f1jib9hlg7aup3g30233djj08vrjnaR
modified: 0/5/7blc8761u9tue6dd20ql9k22ugj90icM
modified: 4/d/stats
modified: f/7/stats
modified: 7/9/49meo6kcd3ua98fdhos4joqgnhbe7oaR
modified: e/stats
modified: c/5/stats
modified: d/0/f27nmva34ug490ilnu429vkcsnhe7muM
modified: 9/a/f7ufn7ek814tml90jviio4ga4e9ubloM
modified: e/e/c6tjlp1juk17utc3c79a72irttm9iniR
modified: c/c/stats
modified: c/3/stats
modified: 0/3/48uqru73hf5usscu0q1pj69v0md7f3iR
modified: 3/5/stats
modified: 3/stats
modified: f/1/stats
modified: 0/0/a0kpfssu1omcqngr1v6uetlh2d9tn5mM
modified: 0/1/dcofg2q2jisnqobt0bm0gqhijjtt0cuR
modified: 0/f/a7uffg53ccikou0umamebepbchfo2vqM
modified: 2/a/075f7kbnglardlt779dte42ldm1hh38R
modified: b/a/fa0232ngmsm82o24cmkvffbu2hfba66R
modified: d/4/c5aa403dih4165lbstmioc8ptvkbpacR
modified: e/3/79jk6lo5p1imbppgiq84a0uslu42oocM
modified: e/5/81fu5ng8eh1fs4d2svpuk8le05d4qg8R
modified: 2/7/a35bv8br5hnr8t5sksr7iugtkk4jtk8R
modified: 9/0/a5hbeemjo4p71cpsuav8ufu0g5t1i5gM
modified: 3/8/stats
modified: 4/7/stats
modified: 7/6/54ncple2g362hdtu0p66met0atug65oM
modified: c/6/stats
modified: f/d/stats
modified: 7/4/d7l27f30ta7vr95iifhqfijjukufeq6R
modified: 9/b/148si114obg5tsluc8pt6poq64reqoaR
modified: e/9/bcnb9lo2fsh2v09qfjukkt1pv56lttiM
modified: 2/2/805s1jkv6bm6696k6cufm6k4rj9kmvaM
modified: 4/b/stats
modified: 9/3/b88g29otmevmgemtosn3534hvfd30fqR
modified: d/c/64osvm6og9qkl03bt7kq75hjftnnrdgR
modified: 0/3/6e543jpshv9uaisvvua286qqraitguiM
modified: 7/5/cb8r6g30jpiqe87ti9maoit5olcivagR
modified: 7/b/2d0d738ejojmfr7tqo2t016fd8locfgM
modified: 9/2/abucvm31nft4rm9ear3grhe238vckf6R
modified: 6/8/stats
modified: a/6/stats
modified: b/d/af0poibid5j2t205i12bbnplmu0ag6gM
modified: e/e/e26f2k792h5f6mfb0c7i9thsgjahu98R
modified: 0/4/84sjep4p04evek5iqep7j5jv6kp6tasR
modified: 9/8/stats
modified: b/3/31dsv9og647l7g8n19k88g33mbfs38qR
modified: 7/4/7b763b2kdg38li29og53r0nco6q69bcR
modified: e/0/stats
modified: e/b/1alj9p7gijqp1pe7o2p4akvaeng2tukR
created: 1/8/a7nejn3nupv2u9huvgafknh8dcfjk3gR
modified: 2/5/56d8lticsho0n4tp1d0mmi5qut1f6k0R
modified: d/e/69top41bk9saal34i5ujrd4mjd30osiR
modified: 4/5/stats
modified: 0/f/b7mua3iktisige17b854f4rumcnmmi0R
modified: 6/c/stats
modified: 9/2/85at3s97no9gcmqgad9bo8rdaatmub8M
created: e/6/64hnn2puu03qs52ahn71bv3phch285gM
modified: 9/5/f07ghbicnfior3hap4c2652qqh6b3mmR
modified: b/8/e128cl0j5d42cldc48c3dsatqe9m96iR
modified: 9/9/18hhalng1vusl7njnjs6nj6u3tn2sjcR
created: e/a/f6lmjcsgrm4lnjg986897s2a0mlv988M
modified: 1/5/stats
modified: b/0/7csicvjfvo01uihml5obi600kgi9hliR
modified: e/3/0f4dh14s5voore28ucsj1c14vq01aaoM
modified: 1/2/stats
modified: 2/a/5bh74nq1nac83jri9fvsaq2148vdg3gR
modified: 3/0/stats
modified: 2/e/463odk2i0p7h8rj7qfq11o0t1b0dd38R
modified: 3/6/stats
modified: c/8/stats
modified: 5/0/stats
modified: 8/f/stats
modified: d/1/5f8ab51one6l97mlch9i4e816u8om6iR
modified: e/8/dci3nm66pu58h82f310t4f092ph7k48M
modified: 0/stats
modified: 2/9/stats
modified: 7/e/stats
modified: c/0/stats
modified: 2/2/5392f27p7jliri71re2t901q37b4ncqR
modified: 2/b/a6gc7hbmja85vu7lt0jsr0k31u20dlaR
modified: 7/5/9363uimv7hd8hqmvavr5eke92b23p2kM
modified: 9/b/stats
modified: 9/9/8d4nntu7ohobjge4lt00eught0lj3nuR
modified: e/d/stats
modified: 7/7/a2b8j9tpoh90uk91a26do77oei3io36M
modified: 9/0/1a6nodkd89p7aseim6nlihbh7nt2u02R
modified: e/b/06tjsi10uiqd4vqggdbhdlfrrt867dmM
modified: 0/7/stats
modified: a/d/stats
modified: b/0/b4ol94tqqfcqenfq870v6fb2pagkd86M
modified: d/0/8boq1f1rpusp3nupenmfcsaig8v0mikM
modified: 2/7/5cbdpdabcuer1p3gb07kv10q5vpkhsmR
modified: c/b/stats
modified: d/e/stats
modified: 7/1/34rv0k07sobfffd12up812gmeg50o06R
modified: 9/e/e7u53gl6r2kho8renca5maj188s4rliM
modified: 4/f/stats
modified: 5/a/stats
modified: 9/4/stats
modified: 0/7/5fa2hknhl9j42vkj3enimga90h3o3faM
modified: 2/2/ceandgrd8vj28sveeqiled47f49pvdmR
modified: d/0/b348kfhamu1gmggs0uct4pek2bbq8kuM
modified: 6/d/stats
modified: 8/7/stats
modified: 9/1/97qshkr1r6injicrdmre4rtdv7pr1oqR
modified: e/4/b642tbud1tkordiuhkd43543q0oihugM
modified: 3/c/stats
modified: 5/5/stats
modified: b/4/04eclk6umdu1nb451ma4a0dcf8aunlgM
modified: e/0/01jr2l7ha3lu3a60dh6dnvo8a6ach38R
modified: e/a/a1df62f4dl7malfrjg8diq04klt7k7kR
modified: 7/b/stats
modified: d/0/stats
modified: 0/3/stats
modified: 8/c/stats
modified: 3/a/stats
modified: a/2/stats
modified: 9/9/410vus0cm48qip7ced63sdidla8ouusR
modified: 9/9/49ccef3bofqt4f0vu5vlfmjrs4q879uM
created: e/d/3d8uukfk7aaatj54mvj8kh6720oikh8R
modified: 9/2/df7ovopoafk4hflhe6a2gvemtjel8c0M
modified: b/2/stats
modified: b/e/4124i0glq5avevm6efn4vfcglb4qadmM
modified: 7/b/aatbjuia6j2a2nopp8b7uureaqrjaieR
modified: 9/4/4c71cblri3fvonei5q7ebae76vkooaeR
modified: b/4/b1sh1mfhtadnh4q3nmq0tn196n91d5sR
modified: d/c/stats
modified: e/1/10q26jg34pq7cpbpoivbql8mt2dg0rmR
modified: 7/4/a0c3teuprdhonvq7m1jnm80irqee8cgM
modified: 7/6/6cq340ihscc6lm62fih2q31uemmbg6kR
modified: e/a/stats
modified: 2/7/stats
modified: 5/c/stats
modified: 7/3/stats
modified: c/d/stats
modified: f/6/stats
modified: 0/4/92i2p7urvdtv00sn8qde9t9b8528bmkM
modified: 1/7/stats
modified: 7/b/bfs6v65iosiu6avhpolj58lbhpr8lrqR
modified: 7/e/8aoeg10mt0mj72dja6b5sslcg3amkdqM
modified: 7/e/fd6vhjjdl3gc8rcgn26sfsj26qjbkm0M
modified: 9/e/stats
modified: b/7/c9f6h0ddclijl7puv6qf1290b5024k4R
modified: 8/e/stats
modified: b/d/8dksok8djhainl1hbv6jjbve1io0bbsR
modified: 7/1/d8p3bcqfolh2evbm9c1ordg6arrquccM
modified: 8/6/stats
modified: 9/6/b5s89ilhmglkhi0fi63udbvsqovh8teR
modified: 7/d/stats
modified: 9/6/stats
modified: e/2/stats
modified: e/8/cfisa65gck71nror40baoojqbkllguiR
modified: 6/stats
modified: 2/4/stats
modified: 6/1/stats
modified: 0/e/stats
modified: c/f/stats
modified: 2/a/stats
modified: b/1/stats
modified: b/a/dblf3kjqjheb0mfqij2gdhbsr3r04asR
modified: 7/6/004pdn0mbvnnjk3eqpvnd6s91824nvgM
modified: d/1/60mfai39p8uqukn2k80mn8p9bdfoev8R
modified: 9/0/stats
modified: 7/2/stats
modified: e/4/c7h704qojuhjhif1d63h4a53hlcb540R
modified: e/a/559156c922fpjgggrcd931gum2b5k6mR
modified: 4/1/stats
modified: 2/6/84dhacsgbfdoj5kbirqu58lalt2jleqR
modified: 7/4/9deq270betvc6kjdcqhgk9i0o5hic1oR
modified: d/d/stats
modified: 7/d/20ucf8hha2asd10fik83mnp334164i8M
modified: 7/e/db4bc3ddpbljeolqbmt9m4j6d8t05qeM
modified: 9/e/966krga3ug3ap26kg6f2oeppu4ch2r0M
modified: d/1/cdbmtfdsub28piah636hcqtrjc3r0ouR
modified: 0/0/stats
modified: 7/f/stats
modified: 7/1/bd78rgp2280ohgpn4dsbrean9s3h960M
modified: 0/1/4f2r0alfl8sng07o43mssqjev5f5gpgR
modified: 0/2/bb3e69m195vv3j3qncddqp0ua5e15c0M
modified: e/0/1a109h47kmeipi4acf2k3l3sa3aokg8R
modified: 3/9/stats
modified: 7/9/4fh0abr8hqf4k4qprufmaaep7kell80M
modified: 7/f/0fsk72k4fm655rhma4fru4mql6rp0nmM
modified: b/9/b5d4dmgia0fjk3nbgnrjfftj3j5okv0M
modified: e/1/08goj4uq9cfe4q14241umgl70ncbjamM
created: 2/5/a4prn8g4ccdqkt0uf74m17hksu8brkqR
modified: 8/9/stats
modified: 7/b/30soolb47qmi9dk41c64kg3i8slje8qR
modified: e/e/cdveemrioe5m90ouht9b7thn7ql36h8R
modified: 7/8/68j5vbekaa288u8v7smrh4grbgti5t8R
modified: 9/c/stats
modified: f/3/stats
modified: 1/a/stats
modified: b/7/e0e5vgpc4bq17bgh569lbeq8aq7a730R
modified: b/b/stats
modified: d/a/stats
modified: 0/6/56kiv3dgjuvol5hltl2vfa19liv0fucR
modified: 2/0/52fpf4qnd20i4sg91qdivaia0oe75m2M
modified: 6/5/stats
modified: 4/4/stats
modified: 9/f/stats
modified: b/3/dd5495vvlls7le7mqgh2hi6iqm8ch1oR
modified: 1/f/stats
modified: 6/6/stats
modified: 7/7/c5b9n4ro0t8u9voejdh7moqam0lp6i8R
modified: 9/9/9ee0iql3di67f90rik932lh8sjo3eo6R
modified: a/8/stats
created: e/9/fbfm2m8m9md80ofeqqeco9a1siqqd0cR
modified: d/8/stats
modified: e/1/e74d4ai4ugic7qpc5tgginkolq88202R
modified: 2/1/11k8333123l3fgdhtjgog2c2lq5714gR
modified: 7/6/04sc29ujpkv4sfjouhegabsdkb2tdngR
modified: d/2/50u0jjktqls83nme3vo2a0r6f3c4vskM
modified: d/stats
modified: 7/3/7f0pe8g7bqu9dofe4pug0ndp0an81dmM
modified: 8/8/stats
modified: 1/3/stats
modified: 9/9/stats
modified: 2/2/60710ktggmqaaqvgos0bg6h6orc0kriR
modified: 0/1/stats
modified: 2/f/stats
modified: b/6/e11hqvpteah44ju030i4mpf2rog0t4mM
modified: 7/f/ea09dd0tph9834950e1gpqhnssqbkdoR
modified: b/3/stats
modified: 1/c/stats
modified: e/c/d3ibs4ge4tdk4261lcp1ngbs1r1ein2R
modified: f/9/stats
modified: c/2/stats
created: 1/b/fcr2hocnsp06mpqb9uc4q9djjckmvjoM
modified: e/9/be509pdppc370qiofii600jdto5m288M
modified: 2/2/4cul92764hnijj262lg72umcqj7ldduM
modified: 4/9/stats
modified: 7/2/8a7n0r4bpdvnpo2s5vuj3b57s7710r6M
modified: 7/5/3elaoojodtr1reempku8e12avg28cscM
modified: 9/e/854h02utrr6mgfsehsqfpsctoc2aaqiR
modified: b/1/7fk23br69gngap8jlsunupjrgrghci8R
modified: e/2/bb7kffe4bl0oirpigv41hg0kdv1g2l0R
modified: 7/6/8b6cj5h2qben4h078dt49f07gcl0m6kR
modified: 9/0/04pl0553r71saehku5sghn1ok0apjdkM
modified: 9/a/64dt26ip54nrfnlgeg76ppf4e6nqltoR
modified: b/0/328qem956apk8lfv5mhmqqr9pht3b5uM
modified: 7/b/64h2bmbqkhdohmlb7bdt7rqqfmqer7cM
modified: 8/2/stats
modified: 9/f/d26dh6pb7u8b8ahijhdnob916nvqmqiM
modified: d/0/1ccc03k5jsrtsssvsveo64qt5pd14l2M
modified: e/a/021m71u7he8hghakomvh9i44st8ri2kM
modified: e/f/stats
modified: 0/1/24qcv73la34638gj6360f7ecvu71mnoM
modified: 3/e/stats
modified: a/4/stats
modified: e/0/8dune6g3537cjtl2tb0ore0bg4rtdr2M
modified: 2/1/e688l59qvlavmk3ihjnnc77hapeda12M
modified: 9/3/b61ghrtrcsk3lul0l39k2cuu05sa35gM
modified: 6/7/stats
modified: 7/5/48jg77ulhnb8mrm6301ukcgmcrejnt6M
modified: 8/d/stats
modified: 0/5/38jd628jt5bon7jgomdi0e74hvla090M
modified: f/b/stats
modified: 1/9/stats
modified: 9/3/stats
modified: f/c/stats
modified: 9/9/70o4rc92cmmdmiqu1rdknc9daih3lckR
modified: e/4/3ak9m4oon6t9r41necp0aket7u293k4R
modified: e/b/52bu7vtgveo6h4t2gnt48dkinqbght6M
modified: 5/b/stats
modified: d/0/92e92lllf4aik3dn8kbc3ckufk1jg14M
modified: d/1/04taj6kcc21stl9ma7aa1anv3h5nascM
modified: d/e/a5n84142qd0qfeuu1oc9ue820c12o1oR
modified: 4/3/stats
created: e/d/944vnfkpfh7gegcin7hoefdtd77vvc2R
created: 5/b/7e4teiomkjp9e8n99vp10dd06mr1cciM
modified: 1/d/stats
modified: 9/0/a1muaq5ffhso346ui8acrlle8eenqaqR
modified: 0/4/stats
modified: 1/6/stats
modified: 6/f/stats
modified: e/7/195thsktjig32ouu5n42c64l1lmdtloR
modified: 1/stats
modified: 4/2/stats
modified: 7/7/2dlu4ob63j4nmhvu4a735fr8amo7h3eR
modified: 1/0/stats
modified: 3/2/stats
modified: 7/1/c7qtbc90p7p9i41l39c049qedbtb45mR
modified: 0/4/7d4l7d52ofhssm5rdiko7e94fgmcu42R
modified: 2/2/90vac374vu8ifkrj3iodcagilu626kuM
modified: 2/d/38hlht60e5m87lu5f24q8qutpjt31koM
modified: 9/stats
modified: 3/7/stats
modified: 4/8/stats
modified: e/1/stats
modified: 7/d/5fsmqar3io3vvngj5hd95ui11t1jajaM
modified: 2/c/stats
modified: 2/d/cbgmfdnfu9s0bvvpivurjmjpucrsj1sM
modified: 5/7/stats
modified: b/7/69ojumv2qs4v8ci0anfqkug2oksmsjqM
modified: e/0/e2ivja8oo2l3ag60g27tc1bqhio2il6M
modified: 2/b/674i7p2ho46213iqkaga0597rk5fcaqM
modified: 7/8/stats
modified: e/7/stats
modified: 7/a/b4255583gvis7vpa14nn8h4ttfbo3duR
modified: c/stats
modified: e/4/stats
created: e/6/036pe2e09rn5qebf15dhmjsfg88hefgR
modified: 2/4/98hnieqkqic0eopmstjnnu7t0vld6iiR
modified: 0/a/stats
modified: 7/7/4ccdm0em6gv7frb7tnjk67o8mntjdogR
modified: 9/3/8b5193d24es9p00lsc3h6i59d7ae0niM
modified: b/f/stats
modified: d/7/66mlq63b498p7ig0rmp14ucun6srl24M
modified: 0/7/704tdjgnhnn2e12hkcvp8fsl4cb88ccR
modified: 9/2/d8s702vufr5ipvmhc1paiq3kc0dbjreR
modified: d/0/6b1jiikos3bpbq7inhaqbcsef0672s4M
modified: f/e/stats
modified: d/6/2bslkn0l4617edgk2j0e6g7846p9fmaR
modified: e/2/9b3t2s7u4g6ho524p0v65bopnn1dss8M
modified: 7/2/d15k90gmmna7qma19v2l292f95f8cikR
modified: b/7/1396hq4ovs8qpgt41nensbg7fskl3oiR
modified: 2/4/ebq8rtqmdhd2o2bcrtra916e0h18d4kM
modified: 4/6/stats
modified: c/7/stats
modified: d/2/741ntp4vh9oehujt8muqm263eq3bqiaR
modified: e/2/bcrtpgsi65v7o4bo05udfueu3vepsk6R
modified: e/4/caej0e4vgvaggu6gahpkl9infkvpktaM
modified: 5/stats
modified: d/2/stats
modified: d/6/5acf9pp812s8ghvjjjrvogg90l6rgteR
created: e/9/98k0sg76a7ekhg0g7f8jnp2kqmdit0gR
modified: d/2/67gfh4q303h8ve8hl11hbae6ts5n2ogR
modified: e/4/adk4rajlgol95o48iaoqvfhp61rkn80M
modified: 5/2/stats
modified: 0/9/a8nhaa7eo5o70kadc1mlt470qkt516qM
modified: 7/3/5360j89fkk23gq8tt6kg50hoab9gl8gM
modified: d/3/stats
created: f/a/5762mmiuu4dottnu6fj40vo2e030tmcR
modified: 4/e/stats
modified: 7/5/stats
modified: 9/5/b30or71e3e5lvk3adkkf3iif2acdbcmM
created: e/1/26lcqpj8i6q7lj9uucuggbj7ua60o8eM
modified: 0/1/73cul1jcj4j1evfaqtdo4rjm8dabaecM
modified: 0/6/0387akjrsltrqng7o79prqibjp54rkeM
modified: 7/f/dd0m5f929fe348p0m2m1v8tjivk2j78R
modified: 9/c/a44qpt3hqt3vt9mcg0ekilhkeuah7qmM
modified: d/6/stats
modified: 7/a/70kksdt3c34h3f8aoo3g9p96riqs73cM
modified: a/b/stats
modified: e/0/da9fpjlhu88mjodetaka48dq632d2mmM
modified: e/c/stats
modified: e/f/2f6d2qgbrkv0119m89ib444q7efr5j6M
modified: 0/1/9bjajl2nv4kt9s0pku5ogim84rkc818M
modified: d/9/stats
modified: 0/e/efg404v5mmv31ug8qgs934655svqi72M
modified: 2/0/84manl1g0hjn2f1ffim3j87hhjsq0tcM
modified: 2/b/11fahcu6p4bdvgnddbk5vhk7ehcbo6oR
modified: e/5/stats
modified: e/6/32pos6spugkjep07uvn7g6jjv9tip18R
modified: 6/2/stats
modified: 7/stats
modified: a/a/stats
modified: b/3/f8rvmftglrf3grafb7e8dngg90r3pomM
modified: d/0/794mq4dloml7m17n0fs515795lbd2iuM
modified: 0/6/stats
modified: 1/4/stats
modified: 7/f/bd1pihi2tc5eejo9e0gb451l3lu5vh4M
modified: 8/stats
modified: 2/7/ffj338154htuteiuu10hr2uloo6fi2qR
modified: 2/8/stats
modified: e/3/stats
modified: 0/b/stats
modified: d/f/stats
created: e/3/0cf5gh2jjgemhpjcc5ifv2ok8ak5duoR
modified: e/3/d8iu643vmr968sc15f5e1fvb7se18eqM
modified: e/c/58le7d950oe50s0t15nffkmq1q8rd7qM
modified: f/f/stats
modified: e/6/ce3brcdbhojj6rcpen4ou0fsvrk23ccR
modified: 2/stats
modified: 7/a/efrqs4jf7nf8lskdp1e2jrod81p8rgcR
modified: 2/2/stats
modified: 7/8/87ci5hqg7c3975rek4ufijk1guiqluuM
modified: e/2/18dtp5vjpojensiuodth21bqrvdjlp4R
modified: 8/5/stats
modified: 0/7/3dsvpffm2tudfdgma81mfsfa71h0q5mM
modified: 4/a/stats
modified: 5/f/stats
modified: 8/0/stats
modified: 7/f/e09rn1kjld4g85peckssk8e4vpbvagkM
modified: b/d/stats
modified: e/7/0ai23uuoc57lvkgk18491997jkd34l8M
modified: e/e/stats
modified: 6/3/stats
modified: 9/c/40kiviig0m0eerh14ftgtr5hjug9mt4R
modified: d/1/ccvh60utkhsoq46e3c38shi4seitfg4R
created: e/c/6b040s0dkb0nrghm34j40upuvmdhvncR
modified: 9/5/66t5id32jbm824cvn9us4q1moc3mthmM
modified: b/8/stats
modified: b/e/cf35ta4g80rd8ffvascs54db38tnua0M
modified: 2/d/stats
modified: 6/0/stats
modified: 7/4/stats
modified: f/a/stats
modified: 3/f/stats
modified: 7/6/stats
modified: 5/1/stats
modified: 6/a/stats
modified: 7/3/79cf5d7qg2msj75ttfgbapg3uhonprqM
modified: 9/2/a6flsj6irgpigerdgpk7lmn0ugbni70R
modified: b/4/stats
modified: e/6/f8af2e0see8f6i99v3jam64tu1q08vaM
modified: f/0/stats
modified: 5/3/stats
modified: 7/c/stats
modified: 2/e/stats
modified: 7/9/stats
modified: c/1/stats
modified: 6/e/stats
modified: c/4/stats
modified: d/9/243gqje88624m1t38c3sbatfehl4kbaM
created: e/9/c9cei6m442kbbiub3i0ns18j1u4mc7aM
modified: 0/9/79h79bqj1lr2t84r8gnjbb2miopvc3kM
modified: 7/6/87t84n8rtngvtqmtt78imvke38i2th6M
created: e/d/5cjbl7ugv13i8ogf6ftkcjcfqcsgc7uM
modified: 3/3/stats
modified: e/4/58q3umg3ri7lgti2r29133h2k5peh00R
modified: a/0/stats
modified: b/6/63oq447lgpaicmdtagdadcdvvlsbr1iM
modified: 0/e/f1eqnqu5i1gp4sob6lb4g5mhvlr8h0uR
modified: b/f/fbvf34ad8am511781pbfi725t6vpa1aR
modified: e/7/bfuhg9hhn6uoas9m54q85gim6a8po1cM
modified: d/0/4ea9i9qv8s0u039ehova9hi45rj6aokM
modified: a/c/stats
modified: e/b/stats
modified: 0/4/b8kmlph57ijj37tlcalei78m2torsdoM
modified: 7/b/ffa6l641bb52rh7dt7qk1e5bkf8974iR
created: 1/4/2e0j71i8pkhfn6fc3mu0gtjch8i4omgR
modified: 5/8/stats
modified: 7/e/00nt2j4529hl81bp0g8iko96eihp1c8M
modified: 9/8/6a0o3ndumcf6rnk460esj9flmu6l9c8M
modified: a/stats
modified: e/7/d77gf0l3t0e22936imotsv89irea7reM
modified: 3/d/stats
modified: f/8/stats
modified: b/7/5b213n16d4ia3fur6bmjn0bq8fl05jiR
modified: b/c/stats
modified: 7/6/6c6nan18igobveq10i2oikmtmu8vesuR
modified: 9/2/stats
modified: 9/9/47mo1ge8mmobvd637k36udqokjgk1v0M
modified: d/5/9aq4pftoptgba4cspiv72joumok740gR
modified: e/6/stats
modified: 5/4/stats
modified: 9/a/stats
modified: 0/2/stats
created: 9/8/b2vc1o5r0atj0qlo1qv2stv6c9alv6sR
modified: d/6/4dqtp3p0cdlbhdai8fdfmdjcvjj19aaM
modified: 6/9/stats
modified: 9/2/e0kitvgoqu504qn7n7rcutk3sbeup3gM
modified: 7/d/0atd8l1a7ubeb1b7a1cuml8b583r8q2R
modified: e/1/38kgujgarmgdqcirmc1v9lumgtbkdmuM
modified: 2/d/8143frt3chi20u98i7qi8u2kgnpqni4R
modified: d/1/2aik2ulom8p01hb18fqo8bjr0vk0kl2M
modified: f/2/stats
modified: b/8/aff600qie0c797eka7pcji3si8sj1ggM
modified: e/7/eb8b6hkvf5hc82n0tc3ptlt5h3jospsR
modified: 0/5/stats
modified: d/1/a7bmmqg34ltchceeporoh0b1gtn4el6M
modified: 0/2/82egiccqo90shb16fe481fui080a79eM
modified: 7/a/stats
modified: b/0/stats
modified: b/stats
modified: e/c/296ocd171ghiu1j5js70jrn410juef2R
modified: f/4/stats
modified: 1/1/stats
modified: 8/b/stats
modified: d/0/e8khbbs1ieot0oii0tjsb45r4l6saraR
modified: 0/2/83dbd0v97e2q5ejq5eg6efle5mcf24kM
modified: 2/6/stats
modified: 9/9/8b2pqka6hlfpm09o36ifhc8pe138goeM
modified: 9/4/b100o7oqgbu62885559v6jcqu6n7apcR
modified: b/1/d6lrpds4k1ch08af4biv1h9evdb9emsM
deleted: 9/e/001nf58g2r6s1vkobtge27gbmah92riM
deleted: 9/e/14g60u3jktl3ivt3j5ffq440d4cafi4M
deleted: 9/e/defnolcs826997ta77u7qle6c7rqc20M
deleted: 7/f/9c48rvcbtic6shi0tmjlqddons25r5oR
deleted: 0/6/d1pqqicr3v1bt8clou6dvi4819020b6M
deleted: 9/9/b89mt39vp5c1ifsg9v6n5bjsijsts6kR
deleted: 0/5/d9uqe01ti0h1sfue06ttgu5cabbgf06R
deleted: 9/a/06e8pjrdc5m8camjk3hc7f7tto08bdaM
deleted: 0/9/1ba0iifp6l4mp5v98njib341i91844cM
deleted: 9/d/ffep4ctb0sfgnhmpvhqdfkhs9jk389iM
deleted: 9/b/e4qfbrouhemh5olm4vcfa18afd1aq5mM
deleted: 0/5/29lc2bkuueonap791t4fkqck7fk6sncR
deleted: 9/9/0dn338250hu4qupb1htpfttri55vb28R
deleted: d/2/423d5t44eglgi9698rd9ttomuic8jgeM
deleted: 9/d/68vss03lquf621mcu2h2eqqleoaclfgR
deleted: e/7/a10prhr71b0n3qskaif2da29uk13tq8M
deleted: 7/0/a5ossbsekbojq8bkdenj8k0ejia5fbmM
deleted: 9/5/ea7olg13p0tpmpiqsif9746d4emqjekR
deleted: d/7/e1b8r59q6n10catelimjj75ufi57kjqM
deleted: d/f/15s81cl9n0u7b8r5luje4ueqbhstbqiM
deleted: 9/4/da4vn45ghravcv345j5nvjoldhgi4qaM
deleted: 9/1/d48nujnmlar2hsrebfb4tq0q7b4bg6mR
deleted: 9/5/2986nqr8c1i36tr68lat30hbkv39r2qR
deleted: 9/6/4eed61unfcq6k96cq6bnroltvj6gciiM
deleted: 0/3/e67sg94ee9qrme02uuua5oum7rqiqkqM
deleted: 7/1/62stpla5pjk892hufo7n9fpviqjnr7qR
deleted: 2/a/ea1d3ibedo4ncglqv4e67vae56s2i1oM
deleted: d/2/45jigg0nftibq6bq9paegorr6j783r0M
deleted: 7/8/43bieis9s3eodg5su46n67gc0o86pfaM
deleted: 2/d/10tase6pfguav6qkeg7fv1tviscp28iR
deleted: 9/7/8dhp98mjobt7udo6cd8fkm3cl2oouaaR
deleted: 9/8/8dnpa7nlfh2h0f60ujemmdf733oi57gR
deleted: d/c/685pl5pd8qmm08ohlef2arpd6q84lssR
deleted: 9/4/36ifaulndbv973bslpupmc9e5d49upsM
deleted: 7/a/d3tujvh770q0mi5j5lj0919al4inkjqM
deleted: 9/e/a99ju35q1qn8c427gj078r22oh3kj6aR
deleted: 0/4/f3tathjcm62jjk8b9qrqsct8q64dvcoM
deleted: 9/3/bdmt4jdg3p7ij10rse38q3r7a9rdplmR
deleted: 9/7/c10t04m1tmp0tl9advh4an7m7fuar7sR
deleted: b/d/64vqjvm6kfli6vloftdt4p24p4jd68kR
ccache cache size is 258Mb.
Uploading cache ccache...