SHA for cache folders (/tmp/ccache_dir) is '3377883f35d9b2e72b54e76458dd986e57cbbc2f453b519e0f4e62a27efa58ee'
Cache ccache has changed!
List of changes for cache folders (/tmp/ccache_dir):
modified: 1/8/154t49mnsu7fjuvgghfl4dhd021jmg2M
modified: 1/c/stats
modified: a/3/stats
modified: 3/3/stats
modified: c/6/d5ikn4ad6s4f9ro9c3hr6jeh51klvr6R
modified: 0/0/f4v3q6770u5mnq9vhunkpcblcvpkp3gM
modified: 5/f/stats
modified: e/f/stats
modified: 4/5/stats
modified: 6/1/stats
modified: 7/3/254oivrhhj432nbif7jcqk7j2m9a4q0R
modified: f/e/stats
modified: 1/f/07075fuqgmje0m33amqqa7mfofnc7gqR
modified: 4/d/stats
created: 8/e/2b0io1c6iev9u3hj38d6552vgcpclf6R
modified: b/c/stats
modified: 6/c/stats
modified: c/5/51a59gmp3iq11ejgs4kdoj1bqk90tj4R
modified: f/2/5a2vtc1uh6638j191p7f37be1nacgqgM
modified: 0/4/1ehev4vmbhcknjdifp1ccfeg58e50noM
created: 0/8/78pvj0f4tg92h8ce6adflmchu9dol3aR
modified: 1/6/84no0lgv0hraubekh0qhqule2e097oiM
modified: 4/c/2fbnoprpghtpt286l7h9imtu83jdgimM
modified: 5/stats
modified: 7/f/stats
created: 5/5/08gbc6489q8kggetpq5r5oq589sotvqR
modified: 6/9/d1imbli5gaqeefnsikt3rtp4ahadg9eM
modified: c/0/stats
modified: 0/7/stats
modified: 5/d/stats
modified: 6/a/f256caesofgigrsitdf09jqad7cnbt6R
modified: 7/3/f94cu8qotkgeoraa8hv5r4qe9kflk0uR
modified: 9/9/stats
modified: 4/9/59g7ki4085vbs6gbh77kv0nmd3rr7biM
modified: 9/4/stats
modified: a/c/5bms8gundd78sjv5akgt85ktcovpbccM
modified: d/7/stats
modified: f/2/2ddssrt8iidu2fhj44n887pj1oltpgeR
modified: 5/5/5ahobdf28jqntqn8qjjhtf7cmuqlpsiM
modified: 1/f/stats
modified: 6/7/a5cb051t7p0tfddno89tg5l9918gpc4M
created: d/a/ebqmi22j6mt7rkrkn2qubeve0v4aq7sR
created: d/f/cc3qnl6c8codqv7sh83ir9cv0pb9g60R
modified: d/a/2cn6qrr3c93ch4d561dgcci6qb78sukM
created: 3/2/43a5cei8gs36g9vg33jma9kgbbtaeqsR
modified: 5/e/stats
created: 8/f/eeoo5k5vv7unru9hdh83ld6pq75pdbgR
modified: a/a/stats
modified: 1/b/feof7bi6geidkbi4m9fbadoqfmpkpkuM
modified: 4/2/1afk45vlir2bbkd9qf6nttt8pbj6f52M
modified: 4/b/stats
modified: 9/1/stats
modified: c/6/a8b88phbg6ke38dkbregtkusn5suf0oM
modified: 3/7/stats
modified: c/7/d5k3il74sa2l19kc2hs2n0k4ioap9n4R
modified: 5/0/a5hnfkub5tekbvugknotebkba3v5dl2R
modified: a/3/90o348k4hqrtp1m4eibljkrc40dmno6M
modified: 3/5/77f7bo5u3ajnmrknif0th84beiff1maM
created: a/5/86u3jj9ptt9rvmb284oeu8409k66rv8R
modified: d/6/2ea37b87dqua47n4m257g3g7jb9f4rkM
created: 2/9/5177eo58ts2n08pp05fjmmf7es0nr8kR
modified: 5/0/11djdejv4tp6stf5kosdmohrp4icbf0R
modified: 9/a/stats
created: b/c/8b4oattr4q1rrvsc7pg82u4jmrb0bigR
modified: e/a/62dt6jc18931h9ntpuh5481atpfguskM
modified: 6/0/9atahm2ve3bd9lbl2mq215h96ei3qriR
modified: a/4/stats
modified: f/8/stats
created: 2/3/48qrjud0dlgogas02puoh6ih4mq0o7uR
modified: 7/stats
created: 9/3/737739gebp5q8ifdducm5i8qb9q35lgR
modified: 7/1/413714meglo1c8bus4hmqt5a5s1ov2sM
modified: e/8/stats
created: 2/1/1anq1f0lrrb919vatmjdutk831gdj9oR
modified: 4/3/6ahgt8cfpmmq4gr4hjejenrh5h3qpq8R
modified: 4/3/6cumas0n3m6cgc0qe4d4lm73j5fp29eM
created: 4/7/beh1afmor4p31qqhqfjcosphgej3cmmR
modified: 4/8/stats
modified: 6/7/5fbg0kr15nlplpilj27pl642sspc6jmR
created: 8/1/4daadmg91ql5p9r37bgpcelmb5b3tkqR
modified: b/3/39tdogao34vedn40fvfdtcfqc5ec6oaM
modified: e/1/stats
modified: 9/5/7cgj6e1q2mh3uil5ac1fm8krk3hd9jsM
modified: 9/5/stats
created: 1/b/8ech7dggf9t223etujn8a3od58l4880R
modified: 3/c/stats
modified: a/2/stats
modified: c/f/stats
modified: 4/3/e7t3nrefvpsbk1481euj5cgbfbsnk8uR
modified: 2/a/stats
modified: 6/4/stats
modified: 8/5/stats
modified: c/8/358aqa96cb4upkt9f76vbktgp4u0sp4R
modified: e/2/93b69s3onsevr1an3lsr201t432i8isR
modified: 0/3/stats
modified: 4/4/65hjivqsblrc8dvqshush4fbu3ljid2R
modified: 5/2/38pj11a3upps912o8k75akm2h7ch3ikR
modified: 5/3/stats
modified: 5/d/00gl4qp4rn8p0af1igue3j8lpn86b9mR
modified: 6/9/stats
modified: 7/1/stats
modified: b/6/7d03nsrc95e3ocbflfp5feur1di0ahcR
modified: f/2/8emn5jbcuorto2bs0ghn5cq5pq0kmi0R
created: 4/0/4106dfhpuahrm5jbmqktqjo0ekjbkk8R
modified: 1/6/stats
modified: 3/f/ea226h6pqrghafhpqnhhfruj3b5foksM
created: 5/a/9f5ha5c5htq2nl3susc7cdldlh6hq5sR
created: 6/c/7fm5ia9q24gbt1vi7jts54gupl3n7h0R
modified: 8/a/e0g8lb3m4qt07taj25vm6ftaf7uhd0cM
modified: d/8/b4k6sqgqqveebmhrgs3ucf4gv89jbbcM
modified: 8/7/29cflbrrkhhr5ib1i798ddmv6675e3cM
modified: d/a/stats
modified: 6/1/aeqlb18kvdv41jss2m5vjf6gauubjkmR
modified: 6/f/cf2glnev6qvlqovg80u5qoth1rcaa3cM
modified: c/7/stats
created: 4/5/32jpb1ennvtk8vav5sq0uirut6a44geR
modified: 7/d/e5cujun1bft9mhulm15h652i5q003tqM
modified: 7/e/stats
created: d/a/6ak5tlltvbhhcl2sg6tkgjo0g41nbp0R
modified: 5/a/stats
modified: b/c/69j9as6u3gilq5jum4k2md2nvb7tkmcM
modified: 3/stats
modified: a/8/3a108i14s8v7hab9p6h5g9n5rdpdop2M
modified: 5/8/stats
created: 6/4/54dbbi9vkpfnljpg7j0obd6bsejq5h2R
modified: a/a/dcjk6kc7i7dl37puvq7u6uvc650i1osM
modified: 1/2/169vmj2nicng7qt2e8tqso29gateso6M
modified: a/9/4843fcrc5f6g4cdo0a44ivkt71dsl9eM
created: b/2/34hp0jvnlqt9657mecgip7u7ftm1bquR
modified: 8/7/stats
modified: 6/b/stats
modified: 4/1/49kb6eeqjbsqmbikvg4deodsvibnm3kR
modified: d/3/stats
modified: 2/3/stats
modified: 8/9/c8stk2vlskqq8klbp0pekn53q37363sM
modified: e/9/stats
created: a/1/22vdtsqi295gfm6t1552qqnrmp6veb8R
modified: b/b/stats
modified: 1/3/deipcmq86vrir6o8jmaaiihadd6spscM
modified: 2/6/05sj43knvfbkhq9efupp9550vo33gfsM
modified: 4/6/deenv5phd162j1v442o3l9ufucuq8t2R
modified: 6/2/stats
created: 6/c/15827u3a3l3pem6csk8mqt14p359e7uR
modified: b/stats
modified: c/c/stats
modified: e/0/stats
modified: c/3/stats
modified: c/a/4en4gb02thhte6s27f51bvhvuu6vhi4M
created: 8/d/98b7sa1qohhvvnvqukjl0lljugg1asuR
modified: f/6/stats
modified: 6/1/73b95sfjt8145dv2d1lu973cl3khf7cR
modified: a/e/stats
created: c/2/6cb9es7gg0lvds4jfrnahstulat5drqR
modified: e/6/stats
created: 1/b/b12pkmci4osdjupug02bgh06nlqjm7qM
modified: 8/e/stats
modified: c/7/aaask0oc2l3ukoiprn95vgfvkd2ooo0R
modified: d/c/stats
modified: 0/a/stats
modified: 2/8/8cuhvnh6nd7q6967os5rik095otom50M
modified: 3/5/stats
modified: 4/e/8547k7k35i8c39atsvh6j95up9n5a50R
created: b/9/9fmdmu150dqhnk5ep4rmmb9b1ortia6R
modified: b/3/332fgadc48ok1jf8brs3065o4s493goM
modified: c/1/stats
modified: 2/6/stats
modified: e/7/stats
modified: f/5/stats
created: 6/4/8cc1picr7bou2ff0tosg1acjofursq2R
modified: 9/f/stats
modified: b/4/12911ucesq5thvo3ccp8v38kvgsbmuoM
created: b/5/d06dte5jjr9e43fssg923ua50uvik0aR
modified: 0/2/stats
modified: 0/4/stats
modified: 5/3/devk7trgd818cb3qcs9028usruvt0d0R
created: 9/a/dar13o0iop21crd1bie4kn4q0q6esbaR
modified: a/0/stats
created: a/f/0a34l4qdjolpkh1o1343av09patc75aR
modified: b/5/6f101a9l74om64qmcaekr2kak8pnaiiR
created: f/1/062e9ihhnjavc3g12655sig2ulsbd1uR
modified: 0/6/stats
created: 6/6/c2vrha0gqd5orq2j7p694kg4ko54gs6R
modified: 6/d/a10rd1kreirvnnnko325ke6c8ba351qM
modified: f/3/stats
modified: a/b/9ff73sqmc0rhn00vkjfh5j0kvfmfdfoM
modified: b/c/a16joj0531uob14llhe2i1lsmop3vaeR
modified: 6/f/stats
modified: 9/2/4993c9dcvh5dhhnquba3c9p8uami6g6M
modified: 7/f/1ffghum6034dr0pvph83r6e2sug7v54M
modified: f/9/stats
modified: 1/6/76h1i19iodgra1m2llun2s7tnomp6r8M
modified: d/0/stats
modified: 1/4/adbo53j4uvgs7ku8jd6a9cma2ld9i9mR
modified: 4/2/stats
modified: 6/8/stats
created: 7/a/9ekeui9rdl8btn31lj6t7t9mvrhce4eR
created: 9/d/12pt8hgkp928g168rqia3le0ke8b2luR
modified: b/5/6f2cjsvn3n7vc60tp6hg5j7gv6nl3lcM
modified: 3/4/stats
created: 4/b/08g5iq69p9nbhbncuecefidsfdocnfkR
modified: b/1/9fq7709ur5ml0j1i1hpjkqc9eits8hgM
modified: c/5/stats
created: f/0/b92950bskn1pjl0ufcjgmlf6fpeiqfaR
modified: 1/e/stats
modified: 7/5/stats
modified: f/2/stats
modified: 6/4/9ad81ut6k5oh6t5j0dolqf8qh0jpuvkM
modified: c/3/1bdp9c24aks7nohc0s73ib3npbrg3raR
modified: d/e/stats
modified: 4/f/stats
created: 7/3/c2a2fhih571eaauf95cecou0tuoksg6R
modified: b/d/stats
modified: 2/e/stats
modified: 5/a/72lt7n3mqqvg0ohif68j9va09dtvsiuR
modified: f/2/a391lklpv08qj492lurqmg7ga7g7qiqM
modified: 5/2/8139d8sj724nfqo65un0avpmtc9nmmcR
modified: 0/f/stats
modified: 1/8/stats
modified: 1/d/stats
modified: 2/9/stats
modified: e/2/stats
modified: 0/5/e2mmj0p8go4gand7610adtvg1da2c2qM
modified: f/1/ee44jdk1mv3v7opq1vo5bho3kiapluuM
modified: 0/b/stats
modified: 5/3/69ebliuevj8a6217kmrg07g0ca06fe8R
modified: 3/0/3di717jmhhc6rcsf1qvp2qu1rejvj44M
modified: a/3/e2boe3naf2d6mv8nc5r3rga3ju9q54kM
modified: c/9/stats
created: 6/d/02hk4ehnvpob7s2u5mpbe37b6d264r6R
modified: b/2/stats
modified: b/6/4avtg7molgbgdpu86h3udch8ct1r6i6M
modified: 0/b/cc99937oua3f1rt2mg9b8pbkhn3qdaeM
modified: 0/0/stats
modified: 7/1/13rlkm8e8svggmj2o8qf7l8g9s7d820M
modified: 7/5/8e49457512ccqcviknjtmuq6vi73u3qM
modified: a/5/04desnuk6ec0o4ue24a4rrgjjos7f64R
modified: 1/9/00r7l2ufbbvurvgt7ih7rfgid2f01csM
modified: 7/3/stats
created: b/b/c6a8340iq7d7gri7p1c9e7kagbhubv2R
created: e/2/a9abdrq43gomr52g5bp8abasqj0sb8aR
modified: e/1/c2qdo0pofpnl53hfenrmjv9ppb20b22M
modified: 4/0/stats
created: b/7/13u5n64ufgflq3ro8b1jm20tlp37v78M
modified: e/e/stats
modified: f/d/60ut6u72ouvur4sc1v30oibkd1v9btgM
created: e/a/becgaeutusat023hpragjoe8vphjq26R
created: 1/a/55mnpus5s1hb7rbm4r6a3sveguro4k2R
modified: 7/b/stats
modified: 2/6/9au9okc5l10ugnmp290edljshig6fl4M
modified: d/2/stats
created: 1/2/2d6qg02v2kgesgm5d0u4tcr6nqhtq0uR
created: 5/5/0frjt5obqpg48hfk8rldvsnjvoks6m0R
created: 6/d/d720ch3pem6irk3t18gr6t1qrmbj4r2R
modified: c/2/b5qibr4740iapg9h1iv8osgfvimu086R
created: 1/a/a4ns5m4oo4tnmje77obdrl0ibcadqc0R
modified: 8/9/stats
created: 5/5/19b7sf8tbu5tqnqj35ehnetlpnp53aoR
modified: 8/0/4foq4429q1ovhkoailtjnqilgfettrmR
created: c/8/35ov89tluad6pkuiu32g77rn4hmiaoeR
modified: f/0/stats
modified: 6/e/stats
created: a/2/3bhe26iohm7096fl92tom5nsia5aqcaR
modified: 8/6/stats
modified: 5/0/eevjikitib0uulbtf0s09s86qre9ni6M
modified: 5/7/stats
modified: 9/8/stats
modified: c/6/stats
modified: f/1/0c6h4jm35imska6aluh2q4n29l5d586M
modified: 6/7/stats
modified: 7/3/65gln6tq8ef4gd71vl4dgl71k3gfq06M
created: 2/e/2coiag1rvf44nv9v0ha4h3uufb6bngmR
created: 7/4/e68vu8f7s3cqse8ua62lerjio038nruR
modified: 5/1/7ellcogfj2bcbbvo12ovg3o124fdh1qR
created: b/0/8evp0641l35dcp5b45f2laugbkid87uM
modified: b/8/stats
created: c/4/7db8lhahv29h47bqjkqqj7odalmg1auR
modified: 5/6/a0m7cu8okq4gjvn5ajct4u063f2kou8M
modified: a/6/stats
modified: 4/9/stats
modified: d/5/100sjv3k1dtput53fnhla5v7bg81ocuM
modified: d/6/stats
modified: 0/2/eevktm9d124g4o01fhjvj6tes8ldsu0M
modified: 1/3/stats
modified: 6/7/a31s4s3jsk25k3g98hmg3t5fk26p0roM
modified: a/7/stats
modified: 1/e/17557bjj9qem98mag1v0o72k1t811p6R
created: 4/9/71kq7geipm68inn90omndiemvgpeinuR
modified: 5/0/71063qh2pmuto8qe764hbe9kvuvdklmM
modified: a/5/dckpi3hsjipu4u4oqn0sl49m24decu4M
modified: d/5/stats
modified: d/d/cb5ldgsne4itmvjifrjc5gev05nr5uiM
modified: f/d/stats
modified: 4/1/stats
modified: 5/4/8c02u53fcb6ch9rfsgstragjcp6b2dgM
created: a/c/89cjmiv5a5qpcd9suru8iup4p8rptuiR
modified: b/f/stats
modified: c/1/a380o7keu0bdovgnosp0tq9t442p8rkM
created: 0/7/33n3n1thp710bbto55hqh1a2osm60ueR
created: 1/c/fb6800lgaetkkba074ur5f5pe1bpmhqR
modified: 4/1/f63l11kap0vk8f4bm1h159f87fbn0huM
modified: 6/0/d5rdhv8ao697kej8bhtbctjikq6tsc6M
modified: 7/2/f0hkke9kuufaq9qvr11q9utv6unv6hsM
modified: 9/3/stats
modified: b/3/1d8kkk9p04gihdu43a6llu29cjs2meaR
modified: 7/2/33fljr3q6jq10vib47js6cebbveur38M
modified: 9/c/stats
modified: d/8/stats
modified: e/b/stats
created: 1/8/3666n3m31soghbbi8v8eqlfo351md2iR
modified: 3/8/stats
modified: 7/5/3drvce1973brt62q0of7qhlcva7ukmgM
modified: f/0/ab2sffmv9rsmrlpg841joi4o3pjng90R
modified: 0/d/stats
modified: 0/0/43l8etbue88nggb2k3f4kuj7vmed6ciM
modified: 9/0/feso5sovv6hv2tkn1uovgbv25p4e3ouM
modified: c/3/c8qknbh8a3qjjvnmlmjosnsdteeo6qsM
created: 5/3/b2skirrv6keg3anka0bpu934so82g3gR
modified: c/4/stats
created: b/1/285ghid2v0n1qj36sfatt60o5l7f6egR
modified: b/4/a7doc8452tos9uhovo28247dl2tiu8eM
modified: d/b/stats
modified: 2/2/stats
modified: 6/5/stats
created: 7/7/4aggv4aomheam5608stkvttcpapu77oR
modified: 2/0/stats
modified: b/a/stats
modified: 2/5/stats
modified: 7/4/stats
modified: d/1/stats
modified: 7/9/stats
modified: 8/b/stats
modified: a/0/32odpbtl9m0op0hs3m3u8n63i5dt2sgM
modified: a/8/f5av2n966c8decrpht6deq1fa90g1o8M
modified: c/d/stats
modified: c/stats
created: 0/d/c3k12pt0od67r5vetj022mqni7n8uc6R
created: a/2/0aq8r0445heno4klc14b4seftmdcbdoR
modified: c/4/77f70bcbo42dmdvgmgiogtj650kqdu0M
created: d/7/fdc3d3ea5nt09tkv5hva8p7o40d519sR
modified: 2/d/stats
modified: 3/8/66a67qlutm77pc7g0ps6vb7s9h3td9eM
modified: 7/c/stats
modified: a/2/85ak22u613g2v9faflpol8slg6ij1h6M
modified: b/7/stats
modified: c/e/04ol9rbcej0csb8ugnur73hcj4r06s4M
modified: 8/4/stats
modified: f/b/stats
modified: 0/1/stats
modified: 6/4/3eef81ct5geeat76ee4dentm8qhr3csM
modified: 7/7/31omulr5vuvhgp61t2o5q40i213q6s0M
created: 0/a/d87t6gqhhi74qm3qm285na07aar2mpsR
modified: 4/3/f05haknt548flvjjgdsdrvl414v0112R
modified: 6/4/a4ovie48436n11k92dmmk621p4l0huiR
modified: 8/d/stats
modified: b/5/9fju0bhd63abmffb1bjfg7ignl2vh7cM
modified: 6/1/eetbo81avt79jsfai4n42gi7fe2qv22R
created: 6/4/c0fk126lc61b00sl30akr0qhroi1a9oR
modified: 8/2/stats
modified: 8/7/35j4qpbj0jau2mp29hnichmfo6b6j9sM
created: 9/f/62pi2lcsqsljot892v688m0p67gc98iR
modified: 2/7/stats
modified: a/5/stats
modified: 4/c/stats
modified: e/5/stats
modified: a/1/stats
created: 5/7/fbg4fdrrg9vj1ucm5nco61277g5m56gR
modified: 8/a/stats
modified: a/0/8a563s14t5ud7qdut3q71h4bs1f6ereM
created: b/e/bbr5nd9c8tn7u198n5cib5t8gdcq59aR
modified: 4/2/09082g9sg9lkgq59ajfkdve9ue8oivkM
modified: e/stats
modified: e/3/stats
modified: b/1/8evn64chbs17m8grh8metq5grjaloboM
modified: 0/2/d36a8l55c4f3g9vbg99rvhpa3oovhs2R
modified: 4/6/stats
modified: e/c/46pp3duoie69og6gjl1afq5vapji28mM
modified: 2/1/stats
modified: 7/a/67mbjfvjvetrrgnquciu6enusf96famM
modified: 8/a/5a2k7evit2hv4isu0d6aal6bcq3kjluM
modified: a/0/bdjlo04p9pq232lklab9u3ii8kaqraiR
modified: 3/f/stats
modified: 5/9/stats
modified: 3/5/4boc7ppkurn1534dci9ciue1rt730t8M
modified: 5/0/stats
modified: 6/3/8a88eg54fthv8btsltpkfcalms89auoM
modified: 6/8/bdnk45njabf8ojsr8i5d7j9tt4qfmmqM
created: 8/7/1e096fp4tkmr2c9t059nasa1tpe0feqR
modified: a/f/stats
modified: 2/7/73mf7iver133mjs9bct83nn72rqsujoM
created: a/b/9cq1tlb5srne2a33gef8lntcqj393ccR
modified: 2/0/eb7p63lfdbujida2494g23rumr62basM
created: 5/3/a4km3u8j5nhri9p0peu6pm7sudpd0ocR
modified: 7/7/cbni2cshtol1agqoaju9gnq52afkfbaR
modified: a/f/022m273b11q6qramciq2fa6n6por9fqM
modified: 5/2/stats
modified: a/4/7bkukhi3tm236km4heqacm8oauak4h2R
modified: b/0/stats
modified: 7/9/a8qdu8l9i26q1nkdknse073k5ggbg4gM
created: 9/2/e6npb3ktuai7irlhhmgghhsfesdb7eqR
modified: f/f/stats
created: 6/5/0d3ssb59m31o3njb9f1hb96vbggige0R
modified: b/4/stats
modified: a/b/stats
modified: b/0/7845rkri8d05drbup413s6veogg7dgiM
modified: d/9/stats
modified: 3/6/stats
modified: b/7/0cgtpflr14o3hc49eeik89a9anrco7uR
created: 5/6/77uuus452des5r6lujs7gpfh1sigao2R
modified: 5/3/91dop55mv8rs61hfrcf5enru204auk8M
modified: 5/5/cagknvojqhdjqovjkju1i2l53ht04egM
modified: 8/stats
modified: c/8/stats
modified: 1/5/3f3ojnt1ktiecuth2qejpgqi5bdohamM
modified: 5/7/c3eedvefqjqpsukljgjul97utmhhe9gR
modified: 0/b/5bekc281t4irorieec00usm57qdomneR
modified: 1/5/c26fhfh5min7o4i1hdne8derd6jd4skM
modified: 4/6/9a9hlhhnmc4qc0taq023hoj42gp1hc8R
modified: 5/6/stats
modified: 6/8/3d93teat78a20agkpg2er9lc0f47dqiR
modified: 7/2/stats
modified: f/stats
modified: 5/e/44rrkca03fc8441n4o8kif3bebdabgoM
modified: a/c/stats
modified: a/5/63anr4572dc7damefbmc4hr10b24oe8M
modified: a/d/stats
modified: b/8/499i63g12ttjv2uabibvpqa6hairf92M
modified: c/a/stats
modified: 0/9/stats
modified: 0/stats
modified: 2/d/12unibi7p3magqhgvmdf471h0p8p87sM
created: a/9/d4fb4sikvceicai1vvn2hgc2g32i4i0R
modified: b/6/stats
modified: 5/2/9bog2ghmhjo38qt1u51q7257ja2ktfmM
modified: 6/0/stats
created: f/3/29m5t1jn7qkhfsavqbar8bd7vqfnnuoR
modified: 3/d/stats
modified: 3/b/stats
modified: 3/f/0cplbbldt45pnd2lm2ma89g7nn59bciM
created: 7/6/5e4ao8t32gs498t5m8hf61g7o57inviR
modified: e/a/stats
modified: 1/9/stats
created: 2/f/35unk70l1a9m4valec5l5rpvolsr1gaR
modified: 3/e/stats
modified: a/5/ca2r8l3o3dbh3islqs23rrl1mij5utmR
modified: 1/7/stats
created: 3/4/bb2cbl9ig17v23aeoj66o8s14a0krhuR
modified: 3/6/e7ob47qmh9oqfu6p1f7cetspa2da5haM
created: 2/a/f1ec6e1k4al5u98l19np1k8kcum6umeM
modified: 4/stats
modified: a/8/stats
created: 6/b/8dqpitce17vun6fqs36eis6935ilhtuR
created: 8/7/03e26shl606u1fod7qk8hqdjd0qar72R
modified: 9/stats
modified: b/b/3632i0opd2efl45i0kk4s3rs8pn8d9sR
modified: 1/5/47mt5moe50t8ul0qtq0upscu0u2ga4aR
modified: 6/a/stats
created: a/1/75ki6r08fvv7ap1se6q2p846621dl4qR
created: 3/c/f6f96u5tjhn619uuhm8qvb5o3g1tvgaR
modified: 8/f/stats
modified: 1/b/stats
modified: 4/2/26ick8jun67gvk4o6h7cvr694l2ma1eM
created: c/c/e0uf2nqirioruf21n2fi4ios85r3128R
modified: 9/e/stats
modified: b/6/c3nqgodkdg3d2jipsem7pgdl8m954iqM
created: 9/f/10js5iru1qkc728f9qltp9hjj3mb8bqR
modified: 1/5/stats
modified: 1/e/0a8lhgvi6e1uplgd3hr1bigbhak7jfmM
modified: b/1/stats
modified: 0/8/0c6lndns566scpi0f8ks7qa63pv7fl8R
modified: 0/8/stats
modified: 7/5/726a61ct3mjo59jdkhgvkk39f4ah6v8M
modified: 9/0/fecp19eqmr87up3tggleqhvghqunbh8M
modified: 9/0/stats
modified: a/0/571jk9ue2jva1366hocfhpn9npcavjkM
modified: 6/3/2220n88m8uqoa1qb17mu2d2es6b08r8M
modified: 6/d/stats
modified: 9/7/stats
modified: c/b/stats
modified: 2/8/8dfmatbvlnrl5s2l7ktvi3dtni0ovm8M
created: a/1/894hu6h1f28cq5dsea41p5vnif6j2fiR
created: 2/b/fdcoc5a8h113asuvka60oslp5k8lcaoR
modified: d/stats
modified: f/7/stats
modified: 6/stats
modified: 7/6/stats
modified: b/1/babsmgu2saa32lskkqiv5n5ls4vi9hiR
modified: f/1/stats
modified: 8/d/4993onosqfpd2l8skmt8q8t037kk4csM
created: b/0/2apkc0a8cgv6k70apklv88jlcc86avoR
modified: 1/1/22j121imu4n26n078ocb5mmhki8djaeR
modified: 2/f/stats
created: a/4/910n3rf42rff46vk8if82sb2314bb4uR
modified: 0/5/stats
created: 6/f/64kgah468mleu16c56q76q6ovp8s8s8R
modified: f/2/03d52tnc4aks4cjkoarmem66lmecmo4R
modified: a/stats
modified: b/9/stats
created: 2/b/c1omjugvvddtjr90q82jlv9o6aseqgsR
created: 5/5/8472oqq9auej9arr61j1ojac9lbn852R
created: 7/9/1d49jnta7v5p63g6d0nouclvbjk6eqiR
modified: 1/f/b7ekqhpsnkbjtmujj3srs6hv0cck118R
modified: 5/2/dahf6t5vgmm7nfru5phfv8uj2oa3pauM
modified: d/1/ef7qprpoutfgduq5dds99ihp7ftff3gM
created: 7/9/442721iqoffi3pj3chn66hf4h7brjecR
modified: 0/f/d5jkmcagk7l05u2nmcdd21hv7vb8khkM
modified: 2/4/stats
modified: 0/c/stats
modified: b/7/816ma5n6agonlud1qn5g6ajvviup608M
modified: 4/7/stats
modified: b/a/06455f52ges1jqhimuj8rgq21imh8c2M
modified: 7/7/stats
modified: 1/0/stats
modified: 2/c/49hntsdu66ip20ghcd9ud41aumccmjcM
modified: b/2/a1tcdkjrlod2adt5mln8jc9aapadjkmM
created: b/f/fbg6ehvplda9utqor5sqg54n6tog0ssR
modified: 1/8/7ehlgn5dkgfpte1mk38j1g5t18ebfeeR
modified: 5/b/stats
modified: f/c/964j3p3mb0v9jia2enjkn8cc89c0iqoM
created: 5/6/cf5h240t848m7152mejaib23eh5c6kaR
modified: 7/8/stats
modified: d/f/stats
modified: 1/a/stats
modified: 5/3/a1roj1jo3e4a19s1h1spp9g11gmua9uM
modified: c/e/stats
modified: 4/4/stats
created: e/1/0e2jsngj82fsm7e2eokcpmg0letqjneR
modified: 3/7/c1c6anhq8bdpgkccc5rmhubkrnqdd54M
created: 8/9/9frnlnktiqse6436h26askcvb2b4vkeR
modified: d/0/9acmues77p4b42hidle0db5jmbgnud2M
modified: b/b/a30hifqoctgkf2gqdavct7g4lqlrdg8R
created: e/6/84v7gck5871f9mj6n01goste8rc50esR
modified: 0/e/3cijqo5h6f6eb33e7fqpg21d774009eM
created: 6/8/960etnbu45tkr7knacnbk1ebiob086kR
modified: 7/2/2btn1fqt4olvo4n8drldosdira4u3puR
modified: c/8/c4rn763ov3ijjhc1pumklgb0jkjg55cM
modified: f/4/stats
modified: 8/0/stats
created: b/e/7ciaa0niadof5rkuci0dhse5sj9vrkeR
modified: b/f/38jcqr032g82l3m4c7ao2b6dboa538gM
modified: 2/6/066g932d392ubihh3fionvtkt2fo90uM
modified: 4/9/a60c1gn947p0fvm4p2f2s1pj2sn8j8iM
modified: 5/9/0f599g57rcfon30rlcql2i072rssb40M
modified: b/e/stats
modified: 1/4/stats
created: 1/8/a323dsprb5c761kivh0hnra3m64tuh6R
modified: 3/0/stats
modified: b/3/stats
modified: 0/e/stats
modified: 1/4/180qb51cjgb3e82ruias448od30fib8M
modified: 3/1/stats
modified: 4/a/stats
modified: e/1/00diugqqqifgfimmovor88fj6o5sr2kM
modified: e/d/stats
modified: 4/e/stats
modified: 6/1/650573assqrl98eg904pmol2fvtrckmR
modified: 8/3/stats
modified: 4/5/a8hu98aj6beaikqhrra3dkpc8h9o1biM
modified: 8/8/stats
modified: e/b/8cl654gm8stt1irvvusqr5nda74upv2M
modified: 3/a/60o99kdh5jmmcoas2ue82l83fcd5mo4M
created: 4/b/70dnlk7oieese0kukr6mp88al9jsnjaR
created: 4/f/7f4npd5gpru9o0v6nhai5r9fgoq0q9eR
modified: 6/1/b36iarqimvd767medfivdmbsepnmd4mM
modified: 9/b/stats
modified: 6/6/stats
modified: 5/1/stats
modified: 1/5/4fkcdpc3d4tuo9rdjhsm4ojor7mh4dsM
created: 1/9/fdisb7f9b72spfc9p2dg2hd4ths6v82R
modified: 4/3/73mros1gsthak75o817obbjtbc8mi5uM
modified: 8/c/stats
modified: 9/2/stats
modified: 1/0/63pmmui8i2rd8bdum1uupgi2m1igjhcR
modified: b/f/14km8oe7ptqmsed8a5pi7ti03opqjqqM
created: 1/8/0cjf1rvqmijcip6a01b2v3r0aqpooboR
modified: 1/d/5dta4k0f1ltcftcjsqi4dpo1533metsM
created: 7/1/b03mkmhe3mkuvins33gkla1tedu0okeR
modified: 9/d/stats
modified: 0/b/83ab2o7hmehu4nlu8debch5d73d911cM
created: 1/9/65cegnktovkq54m394b3ugb4s2nfr40R
modified: 0/2/46num8lpk7971qqtvapsn8u7bb6gq6gM
modified: 2/4/acfoufb38hfmapkmdcp71fsesr43fbmM
modified: d/4/stats
modified: 3/2/72m9tt5h1ir84cmhihpvpoq7j4vbjsaM
modified: 4/1/a2lsnbaaahfh959tmtf69630n843fu4M
created: 5/8/36047gsvm75tt3jotthb9gdiu37lgo0R
modified: 8/e/6bf29pli9f3fckvmsfamn23qg956nl8M
modified: 1/1/stats
modified: f/0/471macvbr0k155qiil68et3mf18lrs8M
modified: b/e/20n1es7336a5k63rah95h17lad6862qM
modified: 3/2/stats
modified: 3/9/stats
created: 5/0/51rpc1qkvgmqs3rosu402kflj9fr84mR
modified: 7/d/stats
modified: f/c/stats
modified: 2/c/stats
modified: 3/a/stats
modified: 1/0/aah08n611g74jkcokrts6n8talkrcj4M
modified: 2/d/114b9hc0pd6svnefr5pf8n0pt9f59csM
modified: e/c/stats
created: 0/a/82n2gg1m6ba6c0354f8i2hjvtbo7840R
modified: 2/stats
modified: 5/9/a0khjk8cq65lbvlj9msu4t4gftsoeh0M
modified: 5/b/56g8l2oif98hkskcejciopu6jca1r2gR
modified: 8/5/10h77qec6pn3jc6bg2cih7ffgt7td72M
modified: a/0/4d7h55lghahclgivudkmpio3h47n8ggR
modified: a/9/stats
created: d/0/faphp1tb30n0venme0ksppdh4p8llk2R
modified: d/d/stats
modified: 4/a/d4vjf043cfta7l8b0821f32ngopegceM
modified: 6/2/8d9nvlcckkml5m2fhd08pn469kf75q4M
modified: 7/0/stats
modified: c/3/edu7d001h8ae985om7kskcresastgvsM
created: 5/2/288kctltk68mpll5bbti77vdlpk39h8R
modified: b/5/stats
modified: e/4/stats
modified: b/2/8bu920q91g5vs72ptqju6nl83kh1606M
modified: 0/3/e057905h00q9m8phc96spenp2p1nthuM
modified: 5/5/stats
modified: 6/3/stats
modified: f/2/aa06n3qu46uvitja3mvkdqm7s2u9h5eM
modified: b/c/da08lfe1uspmhu0duj3aa3rnjrbrnuiR
modified: f/a/stats
modified: 1/2/stats
created: 4/2/6blckp9t3o5cva8k0t61f0e3ucc9274R
modified: 4/3/stats
modified: 5/4/stats
modified: 5/8/fcl8khtg7h241uk3isld86tuh08caqiM
created: d/f/2823e9mq1471fj7l6v9njijig1ivs7qR
modified: 7/4/6di96t9p4d39m1diunkk1ef1s8a75l6M
created: c/d/1f08msh3n27u63errs3k18knisqo1c0R
modified: 5/c/stats
modified: 9/6/stats
modified: a/4/15uu0gldmok7c933kcv0kmoanhrp8esM
modified: 0/1/11pbm4trl788f6fvqptihrb5bhmav4uM
created: 0/a/607qmh9kf4qjd76f8hu57ron528v2eeR
created: a/4/4ehcgttjngk4o8qh1fgh3s3k32gv2o6R
modified: c/2/stats
modified: 1/1/333q7gn5avr28js3u5pmdt1a485dhvcM
created: 5/3/f07un5dfgt3c4qmqj9vigdj5cbvt1h8R
created: d/f/e6c9v34kho9m742dt4rh8v6lh00trhaR
modified: 1/5/3cufot6fc4brmlafb6kfb3sonmho7ggR
modified: 1/stats
modified: 2/c/e4gslqu903ubstpcof5d2hlmhlh1ca6M
modified: 7/a/stats
modified: 8/1/stats
modified: b/5/f9milhpv2v3jvb02bmjbdjmc9ha279sM
modified: d/3/10fll0dbjmm68074sn9c6d36722ns3iM
created: e/1/74erqcdumnj09i7km78pibiabr1ls72R
modified: 2/8/stats
modified: b/0/81qen5ca87p8614m6qkp7ufv855oq5sR
modified: 2/3/74bqpbc6t80539fa64e09lf0ikgoh3kM
modified: 5/3/720dm91u2r5s14ck8lc5r0oj1l9idasM
modified: 6/5/c7vfq0rhaf8brtqr3gcocp8k3dpsvfmR
modified: 7/3/bc6ufr2ru977aervhsol16lm5qpb6u8R
modified: 2/b/stats
created: a/8/190g1t0a7qmvro0rs2f154rfuu718aoR
created: 1/8/11fl7j16tfupitosqv9pv8jrdi5uvcqR
modified: b/a/b9gvrl15etqglh31qvuem85a50bae30M
deleted: 4/d/ea8frhf18hosqm7odvd5trots66mv0oR
deleted: c/1/4fijb8ofkdaaqhmrmgfibm8h2jcrsbeR
deleted: b/b/17u2pm9qu6ek344s9hj90bq5m41oiosR
deleted: 1/b/134dvq8ug33q5oioqt4t06pf7ill5n2R
deleted: 6/2/422k55vnlaifcd6c51a5qo7ptsc8rcgR
deleted: b/d/97bgdvshrccl014h35qd8ocabbjbp5oR
deleted: a/7/e4h0ka5fiulgb2kf476aq25hrfe4ftiR
deleted: f/7/d8t8i2vud1jrqmtqdo77hsog31f52paR
deleted: b/8/c2b8b0qn9cq45k5ieftv0k14a3cdoiqR
deleted: 1/3/eae3mqti7broqvi9j529rqn3ks85qt8R
deleted: 1/b/d6s66o10fnro996015tb55s5a9h460cR
deleted: 6/d/9dat4vla4qufa8l25jvefe4m7o6n526R
deleted: f/2/fd3o7spbvcnobhjjt9bqejb1rfoj454R
deleted: 1/7/426dtoo36n2nkuuqmj85obton992tlsR
deleted: 6/c/db4t5nppvsqfd5706eeqgkms25crt8kR
deleted: a/6/eet6oodjguc24pj85fm6f6j1tsd79koR
deleted: a/2/55l8hke78i0va0sc03f3cip9gi20t98R
deleted: b/d/5cmbe4c14jtcnkp2v55670b5jnl67k8R
deleted: a/7/3bedplff0qf7m5d9h32ffjmbc049n6eR
deleted: f/3/910gfid70992m1bes5cpcdildtv9f1cR
deleted: 4/d/48emdi4rgma6uiv4cc3qp72fjlapmgmM
deleted: 4/e/0cibi39fv0jheq0lk456lofggq11k5eR
deleted: 4/e/2ec92al60spqogmjvhja3rv84arupeiR
deleted: 1/b/b26m4f2cl8dm3p26k9qckcnmkv37o2sR
deleted: 6/8/28g6pq141ttgnu88usn2quk1a6mb0eiR
deleted: b/f/b7par7t51r6ns7v316fmfgn63aq9kesR
deleted: f/3/adgklkupp35s2sbjn7t4s8sfs3negfkR
deleted: 6/d/53sfmm2s38p22h8dh32nit9r5u1fag2R
deleted: f/3/bevk7avjbfjoinjq1laohm904e0d5o8R
deleted: 6/c/c9nibh5qgn87nmb9jf8l0rm0t2kvf28R
deleted: 5/c/43v67ccp3n8jqnub441vh0rgtinlbdgR
deleted: f/b/b8cj3neu6pepf40a4ho7vnj66b85c96R
deleted: c/5/73p6qsj08656cs86accqkf48q9e42amR
deleted: 5/6/92m7eebigdas6msdsq216gmcc9vrt56R
deleted: 4/2/2a29kmtuthd5dbp38ms5o921hqr0igkR
deleted: a/6/ae9f9rg7ttceh7v3tdgu3ffvin6884qR
deleted: a/7/cfhbo8gnhgk6k43p2ar90arb4s5mi0aR
deleted: 8/4/2be646ufgqrvq62s805fi6icriatiaqR
deleted: 6/d/4f661tdh9seejr7fc40kmbsqrfidbomR
deleted: 0/0/b896ukq00f0o5tmngt0q95s2330uagkR
deleted: c/9/f5mjivqab74n0tiib25kijt2nemj28mR
deleted: f/4/5cnhp4dn5ammku8qb75154gg1qgvt96R
deleted: 8/4/2cggmq5a7efri0kvjmhf33oo5snt6toR
deleted: a/6/28uak6tdhoeki4kb6i1t8c1h2djrfrcR
deleted: a/6/fae8696sprag88q6t98c3k3svu36tmaR
deleted: b/4/3f2g6g03r40e9r19nt3mfhfmadqf3isR
deleted: f/1/09keshh783s03nn23ag3dkk62gv8lp4R
deleted: 7/4/cdknt58ugc2u1dmsau29mb2vepiuemqR
deleted: 8/1/e4mtr7lkpfkuv406kkh556tuc9gf4j4R
deleted: 6/3/d6bvc13sjtr1sd3i769qpps4trv6f7iR
deleted: 1/d/8bfi3aflchc6ht06bcqsmcqq6c13v2gM
deleted: 6/3/fbdbcagccmi3sk039t2j0af2jam56laR
deleted: 6/d/4c48aenpdp6fek53dvajcep047ani3qR
deleted: b/a/a6pkithv6fo1kbec4l1h9i6ijdll9foR
deleted: e/2/41tonkjoonbcm70lrkt39m1kgmbn93kR
deleted: 1/8/42ef1r72l7vhm4ltvf76gnir517fvu8M
deleted: f/6/84pika0otkbcbavrrr1rch7m9va889cR
deleted: 5/c/63l4q0mup4hseu1868ht8k9k8pj6vp6R
deleted: b/e/71f37cvkv6l61mgsu04gvuarq9cnpecR
deleted: 1/6/18ihj0jq76mnr39ooqiu29ui0ho2558R
deleted: f/1/65jgbql89l5f5csc1tu4ehhqte6561iR
deleted: 0/4/cebcqdosgd7l9juitjlk1j84fndki8aR
deleted: 5/5/14saoi98t617d62vejui29n9akdchboR
deleted: 7/2/eevv286kqfaug8slgv6lt1qf94k54mqR
deleted: c/8/8fpdtg2kpr2morc1gb1eu0q489i8m8kR
deleted: 7/1/2c428a1p7pu7us3u40mvrkd32dfh4jgR
deleted: 7/2/0c3q5fu0ubgkjatf7v3fvjj1ld32hssR
deleted: 9/1/39kk212nc913ds6q77k7a5oqiah830eR
deleted: 0/9/7b87euiimf9hql3d045mg7gggvthfsoR
deleted: f/3/b2lcfgjduv25tbkc62p7gamtfnm6t0gR
deleted: 7/7/ab1aocn3pe4hqhudn45do1amdaqlthiR
deleted: 4/5/4464n7ftidh5nk81gtpcfjn8dureg3cR
deleted: 4/5/ba58imfvdkqlnbi8i2k8ar8clbes656R
deleted: 6/6/ed0cnm8b27fjp8pluh2kg4loq5i79s4R
deleted: b/a/d59b68uujf2p22feltdmvbum1qnjkv8R
deleted: 1/f/f7m62bmk1vrmedlcl6nvhuof2ggdvq0R
deleted: e/2/c09hl4ncg4ofe2hc41jlikah5pmqgtiR
deleted: 4/d/25bjamb1vhn3khcs2t9797sv4a6rau0R
deleted: 1/5/b4ivg3rb2d84jqkhrbkg1kg3ofoqogsR
deleted: 5/7/5cmigvhgmd3de9rnatbhqt86kjttnjeR
deleted: 4/c/73lneu5lt37s8a0pijdc7enkmsuskc0R
deleted: 6/d/a73a6i1nsn3gltl3jauamagg4m0n6eoR
deleted: 7/7/6c4dq8r1jc8bsi2as29obl1qs3jjni6R
deleted: 4/5/05k9oaa0scicv0ov6hgs2n5i534ncqkR
deleted: b/e/38jbscq8b7ldov29l34ahkcmnld9ncoR
deleted: 5/9/61pisvg77n19j97rci05def83vlekhoR
deleted: 1/3/84sepfkletda9vk6u0caobssbtc20t8R
deleted: b/5/931jsfbe0cmbt3dtvhri9tdseviupaaR
deleted: 0/a/8djmf3ff3dnnhoetumk5343sei0jqjmR
deleted: b/0/7bbid7tpj26iuj8opb6r99v4uum9dj0R
deleted: a/2/8a8pgvbhgfru8nrusa3fr5v2244fj36M
deleted: 4/5/a2ico7m0uehf4khf6mclcavluldvl9mR
deleted: 1/f/c134sk26r9kbgebpcfnh62jd0h0rk9iR
deleted: 9/0/54uel8tohtpgppmeujgv8eem6i5h9ugR
deleted: f/4/145h1tdb594klga0ksc0eaeu9punrm0R
deleted: 6/c/6c1m2oums0cjg083otslu324l24s8bmR
deleted: f/6/d3r0dmjuv4k3n2qvu9g5uv10lalarg8R
deleted: b/e/9509ait8ttiv0eh9oi27tsgk5mmc4tkR
deleted: b/b/eeug5saitl51o2hm2c95i0c42321t02R
deleted: c/7/eaunsrbog3d3o71mfo4s80688is8tacR
deleted: 0/6/5com8d3a463ic2jgv9dtq0rssrnihu4R
deleted: 6/d/29igtkj6uhve8jcpus7v9u19ctgvsqkR
deleted: f/4/3cktc2oa3blds542t8ekm5fap24cc2sR
deleted: 5/c/80jicchrmhhp4molrr2qim4654n0cf2R
deleted: f/3/3eiv5id9r0qeh8d03vviuinlto452boR
deleted: 1/3/173dgk6ush7au95minpl3n7h8hofv88R
deleted: 0/9/89ikpuv156uo5cit35uped93bjvikfgR
deleted: a/7/0dv7umg5bq2uhrelhsq7tp894dv2iu2R
deleted: 1/a/54fpsapaab62nq0v96akbq55viap4l8R
deleted: 4/0/1487eb629ei8tfbgncol8ucm7nd2qeqR
deleted: 5/a/648he4dpoh76ag4rcg7l7iu34v5b438R
deleted: b/d/a63r5fvttsphamflf06tj77j5d47baaR
deleted: 5/8/98rlt4gcko2nl7lbbvu75l3p6ipmqq4R
deleted: 7/6/5001hccjkpsml0tgdhuso8923thl0u8R
deleted: 8/6/b9idp56o2m3h1tbqu717qb04rfefp98R
deleted: a/6/27a5stug03mc1m0vh4l84f26tis9lpuR
deleted: b/2/68g5j97jruf6ro4bo9aqb8rt63nv7o8R
deleted: f/3/9afl04ui3gt2sgoho9l9t5jgse7fvmcR
deleted: e/2/cfpoc8d4mjo432dpfnkp327i241f50qR
deleted: 1/8/a8jlf2aemiuo58oo3hiebd71kp89kisR
deleted: 6/1/21rnlca7qo46uarsi0meolh1ikianj6R
deleted: 5/6/7flk2ges20q780mjaim71fdkoblpbb4R
deleted: e/1/c47klpumfe0mb8opsg79v7gp2spj0ngR
deleted: 6/7/b0vsmmcdu0i50o6m12ucoihfl9fqijqR
deleted: e/1/aaar8fbsanb5avdqnkiq5q7vh4u0dmkR
deleted: b/0/9dnqtol4mnajuc2ambetv7mjjkodcbgR
deleted: a/7/395jl7qrs5fhvp3jjmib4o3n3ll4ep0R
deleted: 6/d/39sj6f5d64uam6rh52nfpv0epe74ploR
deleted: 5/5/c5igar4v33547rsjdk0v5q0m4p4ltqcR
deleted: 7/4/26lqama4gbniq8v0naqacmj03bj5druR
deleted: b/5/00odm984t08s4ef4tmuo6f3qbohlvraR
deleted: 0/5/9fcs0a6f3edvuak16kbj831okautr28R
deleted: a/7/30naqpl9gglph4krdpbji7r0kg1fg40R
deleted: a/8/02vvritfibqhna1371cclsg6n9d7q8eR
deleted: c/6/c0sh2p5efda8fh1hj3e17a6fga5nl0uR
deleted: 4/e/48dhj8uah8m2fev5ikkkep1s151gj46R
deleted: 4/4/7421fboa5jukivnfqm6e7o9mfbqh5pcR
deleted: b/7/ecdlujkpsj0fhhn1l7p48v6r9nn02tqR
ccache cache size is 165Mb.
Uploading cache ccache...