SHA for cache folders (/tmp/ccache_dir) is 'f8996f336e39b0ff0d640316d6731bb0f9a2358010b72c5ad45a9133fa96c4b2'
Cache ccache has changed!
List of changes for cache folders (/tmp/ccache_dir):
modified: 0/stats
created: 4/1/70672a23a12a7f4c48ed0f6922b40d-6129052.o
created: e/9/3bba9cfef93286f96e16b02843b031-1777992.o
created: c/5/d02a29bfd7a6cb3e086128cb6e3840-5137601.o
created: c/9/8f877aa4cec6df4619e37b5fbb7ce2-1785115.o
created: e/a/dac6f2c23ea434c18f501df0e4962b-6327.manifest
modified: 8/e/4541edccac191bf7ccb0a7e65f28a8-9934.manifest
modified: b/f/a6d85736fc9d23393f1f2e3994554f-7282.manifest
modified: 8/6/86d0414391545249eea5026e109008-14222.manifest
modified: 8/e/521389ccb5f84f9f3326f6b896b0c0-49170.manifest
created: 3/3/5a690a2d88ba32d27a77aa8662e12d-2150.manifest
modified: 1/f/831c34d6e307e2a19932f42fdafc54-41931.manifest
modified: 8/0/ffcb30f53bc0f853d670f7d6a91be6-5143.manifest
created: 7/b/1f547a23f64b7da6312c4d128c2a80-5340389.o
modified: 7/c/87581fdd4862996f0a7f7244b24f2f-86995.manifest
modified: 8/f/e71aef44f6dad0cf1ebd4cf8a0c86d-3601.manifest
modified: b/7/7bd1e18cd5121970218f2951fb5585-2408.manifest
created: e/b/63470b0d4abf63b360b86b935e9199-618834.o
modified: b/a/fbc2593bb9cf3c8a0377b6a37352d3-247796.manifest
created: c/0/6e1922cf439ba04767a0cdecabfb79-4006.manifest
created: e/9/cf973c8ebca784d0178e960c0b0756-1388.o
modified: f/e/ebc0b040b0c6a780fd63c2a65f5a94-3332.manifest
created: c/e/6e54ac84129b1c880d372d4428f73b-11637.manifest
modified: 5/a/cfd806cd7169385c2e67631da79826-3432.manifest
modified: 0/c/86c849c921cfc7715d51360e23dafb-3297.manifest
modified: 4/stats
created: e/a/b128486344bca92d4921fa72776d47-5914.manifest
modified: 7/stats
created: e/b/bd07ff15fdc6a46369f25f26ff556f-3238.manifest
modified: f/a/1cbb060204369a0a5f43268a33959f-7560.manifest
created: 3/f/b09b9f86d0c857f593894d79a18d1f-2508962.o
created: c/d/482132702c015e1d1dce7c98479df9-2438529.o
modified: 8/stats
modified: 3/a/b0d9470edbae5505ce70a0ac8a1ed8-3552.manifest
created: 3/9/f06158661e0fb93931ad5556661a9c-3151812.o
modified: 3/c/c3aeda964a96bedf93c198cd3b742b-7412.manifest
modified: 3/7/ff129b6237a9d366456ddaff0c4ffd-3825.manifest
created: 3/3/db679e3e6bdc31e7e2d7f6d6c0957a-5190366.o
created: c/f/446086141dc2f775e0fb081ae7afc6-5580.manifest
modified: 8/d/455bf22290998b058f862a554c5db1-1860.manifest
modified: b/e/aaa1817fbf2587f93a35783b9da01b-2739.manifest
created: 3/7/ddd7580496c0b917d1536ca43fb529-2225058.o
modified: 3/d/b972160d55b6744004ff0a20ee14c1-3381.manifest
modified: 8/7/98c0ca9f148ae00d0f396ea362a6ba-5502.manifest
modified: f/stats
modified: a/stats
modified: f/d/c928c6859ad39919c9a1f321b6a4d9-33323.manifest
modified: 5/f/57de4a3603050f78f78a3d688fe39d-4948.manifest
created: c/6/f04cda7c7fb38460380c25d008bddb-2790666.o
created: 9/f/90eb577bcdc28dc572bd0894df32c7-38618.manifest
created: c/b/f522fbf346190b58376b3c99b610b6-9846.manifest
modified: 7/c/3d2ea6e4741f98de194cfb3167cc59-8071.manifest
modified: b/6/6187f16e6b81e29b916448b877d764-3904.manifest
modified: 2/e/b263e8ae33339d9ad1fd53d12965a6-16150.manifest
created: e/4/f5dbedc18173f48a8b331ab3ee00f9-9792.manifest
modified: f/f/709ccfd86781b29874f04f73c6e0c0-2445.manifest
modified: c/stats
created: c/9/36ea5781d45d7a8f269e6e250995cc-3747480.o
modified: 5/b/09114a06e74aecced8cee2a4be53b3-5225.manifest
modified: 8/f/e326c8cfe62904c8ef8921020d63e8-3890.manifest
modified: 8/d/19f25ea12c9844c5ba4a6cf2b4e4e8-27849.manifest
created: c/3/9abc6bf4d04547eed4042844a25567-5110540.o
modified: d/stats
modified: e/stats
modified: 7/7/a7aeddf9275df6502b4f33d1526122-3213.manifest
created: b/c/994803fc4d22e513dd54fe6df53aea-51273.manifest
modified: 3/f/f883adb3887dd98c48e28e881bd9cb-2745.manifest
modified: 3/f/9ebf4dc1c530c97c24faa530a530ce-3356.manifest
modified: 3/stats
modified: b/b/dd0fd80d3ba3736b95dd77701bd83f-5853.manifest
modified: b/stats
modified: 2/stats
modified: 3/c/cf59efc739ce254130c1f360836b56-9732.manifest
modified: 3/a/1ef016ef52ce346559a4687e880f78-13474.manifest
created: e/f/a617685c9fccfd44ce6244ff0c8751-2796.manifest
created: e/e/a60cf4205ffe44f5f1df401d0b2742-6684.manifest
created: e/6/f633b94d8efd15e81e0841fe1b4902-933254.o
modified: 3/c/43658dfc6b8aa88e79d63fbe21c0e8-1805.manifest
created: e/0/3e6b891e6d8db46a15c63aeb069ca8-7755.manifest
created: e/3/fca1d30e5fcde2d25ea9ac2a32222d-1620679.o
created: e/a/fca1f59adf3c27a5441b3275db7a4a-43931.manifest
modified: 5/f/555e22023d2d6faaa1aa1b19af1b46-2175.manifest
modified: b/5/d5ed7731c509d0a2f95594509ad6d4-1830.manifest
modified: b/9/3e7bdc6318b33788f5830d99e753f8-19828.manifest
modified: b/f/f819e4730c09e662494aa7ba39f8f9-7442.manifest
modified: a/f/dfd5dff503620eeba7e008cca3862c-23539.manifest
modified: 1/stats
created: 9/c/895e328a6c568a50bb867238618532-5131894.o
created: e/7/8d76ba42d7edfdc124de3395045deb-2945746.o
modified: 3/d/02d252932b92c220485d5bb4d88860-2529.manifest
modified: b/c/2fcd678b317cc7638949f45724ac28-2386.manifest
modified: 5/f/d9153869858cda1f7d7608d7fe5d67-13500.manifest
created: 3/2/b283e19dcda8057edc9c23a9d408dd-19040.manifest
created: c/e/c3b796c68222244161f7a4b1b26e1e-9028.manifest
modified: 5/f/3698f1ff8be90a4909206398c6e898-2769.manifest
modified: 9/stats
modified: 5/stats
created: e/2/5fb9fe7dc0a2a3f541bc85777564c6-1832792.o
modified: b/5/dddbb85c58a4d6cc64a2e29e85c5ad-3703.manifest
modified: 5/9/8596cef55704559670070bc7e3c831-3093.manifest
created: c/c/d8d36d1b562fee0b45363d2f4d84a7-69806.o
created: e/9/6f2cbf96e976e3f1154950cdc1d28c-1878.manifest
created: 9/2/0f4674b3dc5ae8ab375837c88e0df7-116737.manifest
created: 3/3/dcd4eb39d70bacdcfbf16b3afd886e-2452104.o
modified: b/d/1126d39aaa4bf1c9b57275b62b42bf-4837.manifest
modified: 8/7/6d66f00c678780c1435f1ce349c75e-14097.manifest
modified: 2/b/bedc2b97b382990c0fb7b2a45b5bcc-16150.manifest
created: 3/c/e4ddd5da60339d3f7a0a755c065bb5-10837.manifest
created: c/f/1c9f80819cf5f3c8b6ca1a164e594d-1345321.o
modified: 5/b/cdaca574c9d76ab91155709c5d2aca-36229.manifest
created: c/1/879839b82b5fdf4e1b65d8dca332e0-10362.manifest
created: 3/3/b4e7d2a246d974ca9cc5da1949dbe0-2732.manifest
created: 7/6/6c871bb5f62450482cc1528a88d2ec-6925624.o
created: c/b/d685b1c98891cec05a3e8f9b27e4f2-20444.manifest
modified: 6/stats
modified: e/f/b67dcce529f9d74290abae70287178-10161.manifest
modified: 2/b/4cfc6578d0cb82ae40d8ef22e6dc98-6966.manifest
modified: 3/8/e48642f9af159e1ba9ce31e6b96032-2789.manifest
created: e/a/7d1dc9ac519a44fb556516a8ecdd5e-1577529.o
deleted: 8/7/81e0a20c8b30ea831adddf00dd55b4-116737.manifest
deleted: 6/f/974122948de34fb836cadec14b9648-5254669.o
deleted: 0/a/ebbc6034e0d92bd464239df8e38acc-11677.manifest
deleted: c/9/55dcb23d8fcac718ea11a03f28d1f7-6129052.o
deleted: 6/3/b71e1bdbb537f7ad6c175455540782-5146956.o
deleted: 4/a/671b052f0d0dd6aa80f7d83c0946e8-5325810.o
deleted: 1/a/e7ce743abc7d22439365420c7ac04d-49801.manifest
deleted: d/7/d079540ff7c6b2ebfb33fe683d9329-7970.manifest
deleted: 6/7/353e5628effd1e974ce98bd5a1c354-7170.manifest
deleted: b/8/8b4f0d5e4f54166ad5d09a531f4cef-1832303.o
deleted: 6/0/ca67753925cd5877dbfa8fcd16bfbf-39827.manifest
ccache cache size is 169Mb.
Uploading cache ccache...