SHA for cache folders (/tmp/ccache_dir) is 'e20f0574c4190ec872a9096845a38f379e7876f291cfd8f5cd261cc4a93c7846'
Cache ccache has changed!
List of changes for cache folders (/tmp/ccache_dir):
modified: 8/8/stats
modified: 2/5/c4c8gdlartcb0qt3o0b72lsrr01eptmR
modified: 2/c/stats
modified: 5/5/5ahobdf28jqntqn8qjjhtf7cmuqlpsiM
modified: a/e/stats
created: 1/4/a5jo0fcrnv33q28homfbp3crtkajaneR
modified: 2/5/46m43895oj74eenb6i5vqj85u5pk47cM
modified: 9/6/stats
modified: 9/a/b199p6v4it1fg1f0k1c404hj8p4405gM
modified: a/1/stats
modified: e/c/stats
modified: 1/4/1eu1acb9pvu93c7p2u1f2pool60l5g8R
modified: 6/0/7agelmtmktvhf83gv89mgjrb5ilprq2R
created: b/7/f6lmg4voq2du93auk9abcqbg38u64u6R
modified: 2/1/66dupd22gf498jjs3o3a6u959ros5kqM
modified: 8/d/4993onosqfpd2l8skmt8q8t037kk4csM
modified: 7/d/stats
created: d/4/a0rfokhbu16o6c366miljc24e7eola8R
modified: e/b/8cl654gm8stt1irvvusqr5nda74upv2M
modified: f/0/stats
modified: 1/5/4fkcdpc3d4tuo9rdjhsm4ojor7mh4dsM
modified: 1/4/stats
modified: 0/d/stats
modified: 8/a/stats
modified: e/e/stats
created: 3/3/f5g2hjlj2303bcopl33ncj6m4584s2qR
modified: e/1/c2qdo0pofpnl53hfenrmjv9ppb20b22M
created: 3/b/d17gbi6a5rh0q95iqdkp5v011539rogR
modified: 7/stats
modified: 8/1/stats
modified: e/6/13huvmebm07j8k9oabkqrs8hne4mlmcM
modified: 2/5/stats
created: 8/0/99i4osbu8okgls5fkb1ajevhvojhesmR
modified: 9/3/faqlja5lsp51kl90fo4mta0i0emc7ocM
modified: b/5/6f2cjsvn3n7vc60tp6hg5j7gv6nl3lcM
created: 7/3/adpeegmm9j47css3aj7j6kmmdopje5aR
modified: 4/stats
modified: e/1/00diugqqqifgfimmovor88fj6o5sr2kM
modified: e/7/stats
modified: d/6/a24omcuoe0gd1stleijiscb2750f3taM
modified: e/d/stats
modified: 1/5/3f3ojnt1ktiecuth2qejpgqi5bdohamM
modified: 2/4/stats
modified: 7/1/stats
modified: a/8/3a108i14s8v7hab9p6h5g9n5rdpdop2M
modified: b/4/stats
modified: 3/5/77f7bo5u3ajnmrknif0th84beiff1maM
modified: 5/f/stats
modified: 8/a/82qg6h8bkujj9kva98alvq0f1qrj04gM
modified: c/8/stats
modified: 3/7/02em19h2m8gqvs8j01i1v2ov66ienmeM
modified: 5/5/cagknvojqhdjqovjkju1i2l53ht04egM
modified: b/d/stats
modified: e/0/ab323oo6g4tgbd721fcj4jtgnu1qhtqR
modified: 0/1/stats
created: 6/5/4cr4pkucqtcb9dk7q0b6e7av1s579o6R
modified: 8/c/stats
created: 9/d/e5og9kntu6iqv574hf0qqul3mg3rr8eR
modified: c/6/stats
modified: d/b/stats
created: e/c/e0dd1bocful2an5blpb6h31fmrb3apuR
modified: 4/5/stats
modified: 9/5/aa8mslet0s3nkmmf31ca0d2f2fev2bmM
created: b/a/b413petf9uv2qjgltrm8ont467j2t8oR
modified: e/f/stats
created: 4/7/1btri9r87fkkb626oe6tp57v2k2nlksR
created: 3/0/34ugpi3rs1btiqi1ag0fla4s1up9r5qR
modified: 9/4/094lh6ehc2toeubp2ctuev5fbl4rv8sM
modified: 9/4/stats
modified: 9/d/1ehv66v1lopsitojpi9d33dbtkpivqgM
modified: a/b/2ft4k201t8nb22klvqshq8vbnandfu2M
modified: a/f/stats
modified: 0/8/8f9qr9iuevf6hknod062c84n9dqmjk6M
created: b/2/41jkub54kfmtsvr41tqsaa0bh9r6mbiR
created: 2/f/5dqnqv4f54snc4m8rd2epbl9p30vl72R
modified: 6/7/stats
modified: 7/1/4cjbnhbkrio9665kr4hl12jnglblr3qM
created: 2/8/0eu34iiqcttqup2g7b2qam34i58q8c4R
modified: 3/7/stats
modified: 1/c/f65eqq3t3df37h9pfdp6mgi7d55na4iM
modified: 1/4/180qb51cjgb3e82ruias448od30fib8M
modified: 1/stats
created: 2/0/4d2ncd28sq5pgm4tllmjsdqpmvs3ikaR
created: a/f/ccl7admq6j13s8ohtqenn2kq53b7uleR
modified: 8/5/cdhjams6vo3oh6e90un41djksfecrceR
created: 6/5/332193brmf1f71st3jqbg5cepel3stmR
modified: 1/c/fflcnfakgnunpnu4naujco40f6o57jcM
modified: 2/9/stats
modified: 2/c/74l0o80ok6pr1km8u9kuqn7iq06abe8M
modified: 3/3/bde23u0ftt1uet191rotv38auqv2heiM
created: 5/7/a8eehvr1c7f823cpgh8c2sjfekhqc70R
modified: 0/a/stats
modified: 9/6/a5hfbtb5t0phmd3tunobe8vjrj06bvcM
modified: 7/7/7cdqjh53i8tsvvheftgc9gutc4df37kM
modified: f/4/stats
modified: e/4/stats
modified: b/8/499i63g12ttjv2uabibvpqa6hairf92M
modified: e/6/stats
modified: e/9/33lt31p5lhbotqa4mr5eab1nemcnksqM
modified: f/2/5a2vtc1uh6638j191p7f37be1nacgqgM
modified: 8/1/19ih36hol94ep4uc8pjmsa31pdt9ldsR
modified: f/2/stats
modified: 7/b/stats
modified: 2/6/05sj43knvfbkhq9efupp9550vo33gfsM
modified: 5/b/22tf8d1do39s6os4cn1t8c3tiekq684M
modified: 6/a/stats
created: 9/1/7dsv2mj1kebbi2s511r0r1gv0f1d3gaR
created: e/6/81659qaonah28fqf08l9nlgb158bukgR
created: 2/0/685gde5m469p50vsr2jhb6iaeqkvpvuR
modified: f/7/stats
modified: 8/7/stats
modified: 9/5/bfmttgvqbe3dv2g7rp3e8epqqqggivaM
modified: b/stats
modified: 7/0/b8hjmpktn0pf9698on1hqc7r8qntr7sM
modified: 9/0/fecp19eqmr87up3tggleqhvghqunbh8M
created: 4/7/36o8k04btgarnr1hnoogateae0busj4R
modified: 3/c/df598pf0amn4dndj8jcee68ctaojvoiM
modified: 7/c/19fh1klf80eq10lvenmq2eo61gfhoreM
modified: 8/b/stats
modified: 1/2/b5bi3r1678m8dm72vk5krg1obkrs1skM
modified: 1/4/7fsla1sv1cq9t2psidf52bko8btok9uR
modified: 3/c/a1ijklpjcun38jljfi3t1kciuiom1vaM
modified: 4/2/stats
modified: 9/0/feso5sovv6hv2tkn1uovgbv25p4e3ouM
modified: b/0/stats
created: 5/8/6f2u09bnimvp6vtvss5n09h9kf3o6o6R
created: 6/f/06b6euon0bvf98msb2sma07e6kmjhreR
modified: 9/7/stats
modified: a/d/stats
modified: c/b/stats
modified: b/0/c0hk9ijuh4v7p2jc0ob36sdeec0gcv2M
created: f/6/e777pf6lci1vbvlfdpg3ee1p9i6dl30R
modified: 1/8/107ai7ctirahe3b5ct1vkkunluauh0gR
modified: 2/d/114b9hc0pd6svnefr5pf8n0pt9f59csM
modified: 5/3/91dop55mv8rs61hfrcf5enru204auk8M
modified: 4/9/558lg5j5uqga92f3ju3sccpvtjjjgb8M
modified: 4/d/stats
modified: c/7/51inums8kd7lcg07r6vlo1gvki6mlnoM
modified: 0/8/659s1bicvl5grml5qr0c7v3gib66h0mR
modified: 2/2/e2iqvl2e37an0b0vm2on8gj0fk7kb6qM
modified: 8/5/stats
created: 9/3/577tn0lj7lbh9do24d02goq5i828vtuR
created: a/7/a1fteag2cg69563497pa6o5sm6aipkuR
created: 1/2/81mdl7bckdt6ft98hbhd72suug3lh1oR
modified: 2/8/0896h73n3tmug04tc2u4sn0t7r7piviM
modified: 3/stats
modified: 8/7/19rbm1tl4csqlnth0u98miaqem24q3aM
modified: 1/0/aah08n611g74jkcokrts6n8talkrcj4M
modified: 6/4/stats
created: 0/9/b5ftgh48drovfg6nlk7ail0epmqinj2R
modified: 6/9/d1imbli5gaqeefnsikt3rtp4ahadg9eM
created: 8/d/85528ct73r52ifoloj74f0358v31r74R
modified: d/d/cb5ldgsne4itmvjifrjc5gev05nr5uiM
modified: 4/3/73mros1gsthak75o817obbjtbc8mi5uM
modified: 7/5/stats
modified: 5/9/stats
modified: 1/d/8bfi3aflchc6ht06bcqsmcqq6c13v2gM
modified: 1/e/stats
modified: 0/6/39hda7v2nfrsk9i4am3gp0pjfn22mj4R
modified: 3/0/8bro2vfp79ilpab7cd557nv28675eqkM
created: 3/a/49v6ofk10iuvkchb8nbfb5nb7lpvd9iR
modified: 0/8/stats
created: 9/a/1frsdra82j0r23loqnpqs0h7s6v827uR
modified: a/3/90o348k4hqrtp1m4eibljkrc40dmno6M
modified: 6/2/fd9fl4n4h7vcmod2f9qs9j4udfp0lt8R
modified: b/3/afqjq7j2986gru6regujcpfbij6ne8qM
modified: 4/b/stats
created: 8/d/44jhgghic80jfedlvvgkp1g9na7ik66R
modified: 9/8/stats
created: a/3/16tqlihrqn4ggp5nm8d9th3e0c5n47aR
modified: 4/a/stats
created: a/c/d354bsp76dersgabsj2417hg1pnrujsR
modified: b/1/7cp7mcdkn7n8mouhmoq1pca23j5q68qR
modified: 9/4/0d73b8oi46adekl85vo2kbp2dpma5k4M
modified: 7/a/67mbjfvjvetrrgnquciu6enusf96famM
modified: 8/9/c8stk2vlskqq8klbp0pekn53q37363sM
modified: b/7/stats
created: 8/5/actbfcjdme1pkvql0bvldqdu0klhqaeR
modified: 8/8/34q7eb4p6rm29d17e9ip508ukskju5oR
modified: 1/9/stats
created: 2/9/bfjbfrjdu7mg199jenulgcjn9dckirkR
modified: 3/4/c2sg2rhpd7ejkug8oan4vg61br9j7r8M
modified: 6/0/stats
modified: a/a/7d7q3d7tr2k9o34n9hl0lgrq86r4luoM
created: 0/c/d5l2eh38kv6c6ahler66gshli9ie2usR
modified: 5/d/b0c0mdh67ulbl7m3c0bctndbi5ahf0mM
modified: 9/a/stats
modified: b/2/stats
modified: 1/6/84no0lgv0hraubekh0qhqule2e097oiM
modified: 7/2/stats
modified: c/c/stats
modified: 0/2/stats
modified: 6/2/stats
modified: 6/c/f4p6656ntv68dqdpeoao95mp5g5ali0M
modified: 8/d/a8hqsucug9kngr670u3l3rok7mu1tpsR
created: e/c/59sq26u22di8281qthm967i0qf9k3duR
created: 1/1/2b02027v60v6nchmoqmsbedrqsfagmiR
modified: d/c/a2c54scig1kll9j2a0gff6q92c3noioM
modified: 3/e/8743r7i4g502okk9rq19mltktq4mn8uM
modified: 4/2/09082g9sg9lkgq59ajfkdve9ue8oivkM
modified: 7/c/stats
modified: 9/2/33tg7undqjnir0k2s2rh6qstrajgup4M
modified: 5/stats
modified: e/2/stats
modified: 3/a/stats
modified: 6/7/d7gc1nsj6fdrvtflbcogpes68lale0sM
created: a/d/f16n3bdt11rpp0vbgor4eg9k55lqmfgM
modified: d/0/9acmues77p4b42hidle0db5jmbgnud2M
modified: d/0/stats
modified: d/5/aarh4u1djv21mje8d5lg2ik9r8krpdaR
created: 5/6/4beqja86i1gp4p88r1vel320ksqe9t2R
modified: 6/d/stats
modified: 1/6/stats
modified: 0/d/9b85bunp658vopqhhtnd28dak8an06mM
modified: 3/5/stats
modified: 9/5/20ingf4eeqouigts208ms8a5802ucjkR
modified: e/3/stats
created: 0/7/ea6a00sth5t37a6v05uu1uiqi9t0gaiR
created: 2/2/b9rhqppr9do3belgatnkm0ckm4l4es8R
modified: 9/8/efqrhust079jm0cf7d2rin7k1ukiovsR
created: f/c/12pua5pbt9aqnl30ut4sth3ijfqg1tgR
modified: 3/d/stats
modified: 2/b/stats
created: 4/8/e2ed17jqhd0idcjqs2sdbs7pfav89quR
created: 6/e/1530ik0rdrub766fshltom1ku2d85qoR
modified: 7/f/stats
modified: 2/0/bdk52ic88nisebb28c04ish0jdjblqqM
created: b/c/bd72gpe30k1h3u5lqt3s0bfda517t7oR
modified: 4/a/7592vpja61dejmv3vu2v7t4gkt3erfqM
modified: 9/3/29bfedrtbsbhtot5ivet193pk3a0de8R
modified: a/7/stats
modified: b/7/816ma5n6agonlud1qn5g6ajvviup608M
modified: d/5/stats
created: 2/e/b1htoumf8goab6o2h409seuvgml418uR
created: e/0/39d0vl45o1rlstqg1p6ugkimd69e3qqR
modified: 0/5/dbdev4kjbfcndrkk8uv7jjig0pe1gpsR
modified: e/2/1ed9uv02ivqc8gjmh8b51vusea9surmR
created: d/2/41bssuidnjo5bh5ddn3b5teisp9cahuR
modified: 0/5/stats
modified: d/8/stats
modified: 0/2/8e70upndfa3ja26nse5e0osq8vju6ssM
modified: b/c/stats
created: e/d/15nmig6u2j8qnddniscjkaetgcpg2o2R
modified: 3/2/stats
modified: e/8/f3r311r8vmjbevaf3858q2jlj7njjo0M
created: 7/e/0dsjcdt836nuulflvolje00kupk9tpkR
created: 1/b/e40imldik5ij8tluq0e7i1jhkrsnv14R
modified: 5/4/8c02u53fcb6ch9rfsgstragjcp6b2dgM
created: 5/9/66fg5l4n9cs9btmvkq39fvpkhu7858oR
modified: 9/1/6eibcs1i64ufg50fua4enh0csgequ0uR
modified: 9/9/a9tojtof3fknr6vjopedsgl3kiokj46M
modified: b/0/7845rkri8d05drbup413s6veogg7dgiM
modified: c/stats
created: 3/c/2egjj857md4e8frcd44n2b0kkb9aon0R
modified: 4/8/790goia2p5k6nsp5emaq3ada9d04fs4M
modified: 5/d/stats
modified: 6/1/stats
modified: 7/3/254oivrhhj432nbif7jcqk7j2m9a4q0R
modified: 3/b/stats
modified: d/e/stats
created: e/b/cbjdb7sg4ta6i4ts61dpl1t6rnqkqjgR
modified: 0/d/5712idi91r9v1j42fsdpon8fut4mbm6M
modified: 2/7/stats
modified: 5/2/9bog2ghmhjo38qt1u51q7257ja2ktfmM
created: 8/7/55oia2q53vglqqj23l9caqgrctaoq04R
created: 1/0/2cis2ep6v08gc4of2jpu5kekajgvahaR
modified: 0/b/stats
modified: 2/9/1900ol4sc9006isgs0kstp3ln7vn0ccR
created: 5/b/a5dte7351mk3g2dnour1s5benqg82kmR
modified: 5/b/stats
modified: d/1/stats
created: f/c/e9ooqtdhitfg5eelu34dmabh2n12u9oR
modified: 1/c/stats
modified: 9/5/stats
created: 0/1/c1d3efsh34nishjr4g7gc14qcjkhg9uR
modified: 4/b/6cejbdhhaqu4nfcmnkk83256gsu7g5mM
modified: 8/7/9b7gp4oh0prhp8mr1j1vdvnb2p2ev8uM
modified: 7/1/e51gervo3utfdhqeauf4lq67gjamvskM
modified: 7/3/stats
modified: 9/8/e0s32p0lauk6j1lh41lphun0m8jheniM
modified: 8/5/abbu1squ6dtaakagt73mjkpkcdkjc8qM
modified: c/1/6929bbtokm5v1c8qlnqubevhka8qqeeR
created: 4/0/fbg9puvqpjeeq8nnkb41l7o4vk82ib0R
modified: b/6/4avtg7molgbgdpu86h3udch8ct1r6i6M
modified: c/c/3fh9qua7htcech14u4qqgcvsvb1sqv6M
created: c/d/88uottgd2uo03g1dslf7slghlfjihbuR
modified: d/6/a9hg67qa9gq46aaaclaglq0i1aem67iM
modified: 0/2/eevktm9d124g4o01fhjvj6tes8ldsu0M
created: f/b/a6l90dhhh0qbde6ctsd4t7llsln7vnuR
modified: a/9/stats
created: 6/1/46cjnu5quvprqs7v5tdaao1a2ougfskR
modified: 2/a/stats
created: 5/c/34tu58uasnng9tfpkertd68b26ml30qR
modified: 7/a/6dino7053mjboti2c3394jcg628d3d4M
modified: 9/e/stats
modified: d/a/stats
modified: e/e/63kd8qvvp1lmo0ag3dvq3c0b7md5ttiM
modified: 8/2/stats
modified: d/0/4ar9l1i4lf4nial7bea3f5973jntdmgM
modified: e/0/d95cbh8clcbp21965t7a2tab3e6t6raR
created: 5/e/34rppm5g420l5h5dkesee59a84jceu8R
modified: a/0/571jk9ue2jva1366hocfhpn9npcavjkM
modified: a/4/b6l1kncpe1gu8e0a207ndlnvgm82h7aR
modified: 4/8/stats
created: 4/4/24uclvuggjs6ncct9aloooq1vhogim8R
modified: a/8/42rrktms18kj1ptj7hih0i9ba8n3abkM
modified: d/2/f8vr3e499ca0fn195bf9pmi9e85reieR
modified: c/f/stats
created: d/a/c3h30ress94egefvie19hp49g1gudtkR
modified: 2/c/e4gslqu903ubstpcof5d2hlmhlh1ca6M
created: 3/1/eangtbc2dtp6hi8t4jtq7g6kcrdengcR
modified: 5/3/0di0vek338ha7hm6m5basbckae2oafaR
modified: 6/8/stats
modified: 8/d/stats
modified: d/c/stats
modified: 0/8/efj0520fmsk85gqtbgob3g188qlqoh4M
modified: 3/9/stats
modified: 4/4/stats
modified: 8/1/d8sjl424pmf1avcko90dnq4mtufa8dgM
modified: c/7/stats
modified: b/e/stats
modified: 0/stats
created: 6/4/da7od7o0n37k10n6atcfv992tlkv1iqR
modified: 7/a/stats
modified: 6/2/8d9nvlcckkml5m2fhd08pn469kf75q4M
modified: 7/5/726a61ct3mjo59jdkhgvkk39f4ah6v8M
created: 9/0/e5ntilea495lcn4n99etc3phe5ic6hmR
created: b/c/2eno1k20lgv5ov0cbkvb5ngnmr2bpfoR
modified: 9/f/stats
created: d/1/19ipjj3a4o0bdd80s8csjjm3mn2fm7oR
modified: 6/3/ddm8ap2n85j3hulr4tvvagds7lnmcs6R
created: 9/1/5722psm16cmqp68gti2pmvnk809vh40R
created: 2/2/19qf60ns8porcb6pjfk9n17qltogsmuR
modified: 3/1/stats
modified: 2/stats
modified: 5/a/stats
created: e/2/b6j6ekrmko409sb9mm032aado9bt93kR
modified: e/9/6dgbtkpl05h4g2amm5vcg4m0bdnvomiM
created: e/b/5a174ep0lk7gvmjcnb1ult48phu5bmmR
modified: 3/4/stats
modified: 3/f/b6bslujcpt2tqlhla04j775lv1t825uM
modified: 4/e/stats
modified: f/8/stats
modified: 4/1/a2lsnbaaahfh959tmtf69630n843fu4M
modified: 6/8/bdnk45njabf8ojsr8i5d7j9tt4qfmmqM
modified: f/7/36rka3u2ga8hjdm3sk3gr9iptbf6recM
modified: 4/0/b8vd1v1gq29vd5mb66me7htmcm3cej2M
created: 6/0/d4m148pmab0l4cu6ou8f2cbm0l7jvc4R
modified: a/1/60164p8lt6urg0kcve1s86i17i4oqmgM
modified: a/5/d12ukbkk4urhrp2oi8gi9e7rfq06unuM
modified: c/3/edu7d001h8ae985om7kskcresastgvsM
created: d/9/cets45obvfdan1rfqhaj1gr95kib6jsR
modified: 3/6/e7ob47qmh9oqfu6p1f7cetspa2da5haM
modified: 5/d/01ljuahgr5lrdnie2c5ce01leal07rgM
modified: 8/f/stats
modified: d/8/a6arht7e4gsjcsl3v2vrnbnsa25hpo6M
created: 1/b/3fijjslv8t4tgrst47usdv2kta8degoR
created: b/c/7540mciajaflo985mfpn2j3vfsiemkqR
modified: 2/e/stats
modified: 5/8/c8qf0qspi0qsujra2ebj1jg3aoqmpiiR
modified: 7/6/stats
created: a/b/90a3snaohuv3cfktosr7q209fmpe126R
modified: c/2/stats
created: 3/1/f5k3mqdolnb6883sleekrla53hqmrtoR
created: 1/6/67erldc324bpabuni5pf8as4rhi8oouR
created: 5/8/e8vev0mc54hh13ja4bj19mspu84knauR
modified: b/2/a1tcdkjrlod2adt5mln8jc9aapadjkmM
modified: 5/8/e4teklsk7ugmdmndne6fho317alqel2M
modified: 4/6/stats
created: 8/6/074mfc129qjrqa57fcv2261ft8l1o6iR
modified: 7/0/stats
modified: 9/9/stats
created: a/5/df6ij4iepc7mfp33j36r9sjnhm0pbn8R
modified: b/4/12911ucesq5thvo3ccp8v38kvgsbmuoM
modified: d/2/69m8gqufcb0opm0n0dtqb50jo1h34meM
modified: 1/8/stats
modified: e/8/stats
modified: 4/f/03moeq0aus3ubr6qibq9e36f642av8iM
modified: 5/5/stats
modified: 5/b/0f9lcii6tk837bol56jmf21bjdt5bpsR
created: d/b/cd9loil9mlqm06nmn8pn1k4i2916ru0R
modified: d/e/54gpvafq1tso0e6q47l18e7gqbm0kduM
created: 2/c/ce7ljg5dutu67dhqisc42uqb7l2s1aaR
created: 2/4/4fuf16p01uuk1s39e6m1860j8utf9muR
created: 2/c/94o0ij3tj2def7usrndp7nij2jenq5mR
created: d/f/57jlkf4k2rd20bl74tj2nvmuldd435cR
modified: 6/7/771kjpqotjtk4g1k1g58uih379e484uR
modified: c/a/stats
modified: 6/3/stats
modified: 6/f/stats
modified: 7/a/3a81qvu0n4ob6m4b4agple27f934mf6M
created: 8/6/fa4ib7i48fu8ttrvji0f5n38v5v13oiR
modified: 9/e/3bbrs4qd06gp259rda83omft1qnp6beM
modified: a/a/stats
modified: 1/3/stats
modified: 7/a/abakrun8jqlt3d14spkcia503s808ooM
created: 9/9/3b43bl4e6mgk3g34o3iv2hiioba9c8sR
modified: 2/9/c9t62gqm7qvbjmhob83p3uvt2tev30cM
modified: 3/e/e28tro31hjalj63u8gj7lg7jpkrfn9cM
modified: 4/1/stats
modified: e/3/5d9uu84u9sspg7970727f7ruo4ebe0eM
modified: e/6/5crg47ghr3sv8k3haau864bud3no4c2M
modified: e/9/8c56bvnbkvknm58efofi7ckfkeolt80M
modified: 0/c/ebi2v1fctho54m6l1pov29q8hus5mfuM
created: e/a/1bvem7ue5u7rv03tvno9guhcgi03998R
modified: 8/9/stats
modified: 5/6/a0m7cu8okq4gjvn5ajct4u063f2kou8M
modified: 9/2/eb9ft14v3m36bb1r2v83crb7dgjg5cmM
modified: 9/a/e7qros1m2ltpm62lpaf8nq27ctbuqrsM
modified: a/4/stats
modified: b/9/stats
modified: d/6/stats
modified: 3/e/stats
created: 1/f/6dq4pelrnbcrnk969vgsamhbdj5efvmR
modified: 2/0/stats
modified: 5/e/stats
created: a/0/81ulhgb5k3lk50h49rpih39l87bn8v0R
created: 1/d/5b70fqpjln523nf9s51jjelqtj3134kR
modified: 1/b/stats
modified: 9/c/28h5vpjoc59dj7ujc6h8cdhsq71ljoeR
modified: f/a/stats
modified: b/a/06455f52ges1jqhimuj8rgq21imh8c2M
created: c/a/36bsh77egl3pm6pi9l4u9ap2lmq9gbiR
modified: 9/8/5214p6kt34v4u0gba3vahs1dioq0es4R
modified: 3/c/stats
modified: 9/e/3fra5odu3vt4kn4qaaddjec2g16ipjgM
modified: d/1/ef7qprpoutfgduq5dds99ihp7ftff3gM
modified: 0/3/bd004o5f27jh6jogvkn4m0a4vrlo28iR
modified: 3/5/52put8i53sv3n9f0okgjojtrdgges7sM
modified: 3/8/stats
modified: 4/9/stats
modified: 5/c/stats
modified: 8/b/cbivptaups31q5o0q5dh2optkmbamqcM
created: 0/0/13338qgfutbutn42ktjruvt4h00v6h0R
modified: 7/e/4fesc3ina9o4nihgidmeqgfc9fke6beM
modified: f/3/stats
modified: 2/3/stats
modified: 4/9/98v0npit7ltbl076ta4t9hl7uuumkogM
modified: a/0/32odpbtl9m0op0hs3m3u8n63i5dt2sgM
created: a/0/4d60tc3e0e98vs3ntkmf64spptrh2m6R
created: 0/a/ffdorom8o2cr8tqduinrvvq2bpqoknqR
modified: 0/f/d5jkmcagk7l05u2nmcdd21hv7vb8khkM
created: c/e/c114ivu8s0vtfds4jc78inm6r1fgk6mR
created: d/0/d7p5sd1paj3gsbig5d1sjbrh99jhpm8R
modified: 5/0/eevjikitib0uulbtf0s09s86qre9ni6M
modified: 9/1/stats
modified: d/9/e0riqcv0bq0dr50tgh0viao2s5i8naaM
modified: 1/1/stats
modified: 9/3/stats
created: 1/8/e992bmfif96j37s0v0u97t7uptar1ssR
modified: e/a/d29nt5hcqennmllbke4k3j2juu2j05aM
modified: 0/8/c5oakbgq8mjm11ksd7pjhffv60bp7rsM
modified: 5/0/stats
modified: 0/4/stats
created: 4/c/27bhs50jelf6b14sqm9253lflo7vf08R
created: a/5/8c9b8vsj93bbrqbfnu4c16pe3pgraruR
modified: 0/f/stats
created: 3/4/b3nlmbgneitng51hcs3opgk375onuj8R
modified: 4/c/stats
modified: 6/9/stats
modified: 6/a/97jnofoinqhsi9ud56qe4bm1k64jbu0R
modified: a/1/31racisqppe5974u5ocl6di1p9risn4R
created: c/d/c0610m5cp7bkb5c4l433p6f7faiklnuR
created: a/f/57nqlk3hik1oqjc9jsgamtjjm0ajpd6R
modified: d/4/stats
modified: 0/a/bff46ch3g8bafimm7tied35vnrgtdbaR
modified: 5/7/stats
created: 2/a/d6nvk4vljbtdu9a9j5pnmh5odvha9uqR
modified: 5/4/c9oarr7i7eeddfdt52cgh2gav56h87cR
created: 7/2/adpubl6at7c8b8pdo0c98k83c48vcesR
modified: 8/e/6bf29pli9f3fckvmsfamn23qg956nl8M
created: 0/b/e0kl8l6cj87o3bd6hjrros1tjvs18mkR
modified: 9/4/0c72e4ib663vlb16c33mu7dgmvs277uR
modified: 5/4/stats
modified: b/1/stats
created: 1/b/418rlanlgsb88bvksj1u57840f09igkR
modified: 2/8/stats
modified: e/0/stats
modified: 0/0/f4v3q6770u5mnq9vhunkpcblcvpkp3gM
modified: d/2/0658grrd06jclq4et1rtf8erde9fve8R
modified: 7/4/stats
created: 4/6/12c3mk7hbhg5ng1tj4cl6thhcuv99e8R
modified: 6/5/stats
modified: 7/7/stats
modified: b/6/03g62eo2030ad6218uodiuodol4pcaoM
created: d/e/e3d6tkbb0oj8ab48ff8dqc4blo52ookR
created: 7/7/d6vvg3pnc739j78t9mqpolho1aiuaskR
modified: a/2/85ak22u613g2v9faflpol8slg6ij1h6M
modified: a/b/58rv140n6v7muq41ce2u85i7sm318k8M
modified: d/0/c8l0k68b48kma66hl8fup11563l97fmM
modified: 2/3/9a0fv4sbag0ohk3304e28mj83jk3v3iR
created: 8/0/9du5l2ag4foqnilpe4g7a2qfblu9pkkR
modified: 4/3/stats
modified: 1/7/stats
modified: f/c/stats
modified: 0/0/stats
modified: 8/9/13jseppffq5pdr0qjiglofds4fg66coM
modified: b/5/stats
created: e/c/1114e05g17l77vuqf5c34bl9dh15b2aR
modified: 2/5/b3o5n6mdsc4ifv92tcsu2boe0chnupqM
modified: 0/9/stats
modified: 6/3/2220n88m8uqoa1qb17mu2d2es6b08r8M
modified: f/9/01ek20bl5pidm0b61iaf8sk6aoihk5qM
created: e/9/f88lrdk2fn92lhf07tkjvse52esq58eR
modified: e/a/stats
modified: 3/9/5bieqgd9sdjfoq50r7a80vh5adm29ncM
modified: 4/7/stats
modified: 0/0/bfkiv9iiuq0pj8bf7drfi394h8hoch4M
created: 6/6/1bp3gf9ike5umu5hvprqtrd1nrkbpgiR
modified: a/6/edj3nm61eq8jv54g5k017nm1krvd4ugR
modified: 1/5/72pvb89m1t0nrj8u1lk9rion5k04bhgM
modified: 8/0/stats
modified: e/2/58488jvt4drj4gbj4b6e430m8tdab20M
modified: 0/5/e2mmj0p8go4gand7610adtvg1da2c2qM
modified: 6/1/650573assqrl98eg904pmol2fvtrckmR
modified: a/d/fam5kosbjfdpfn0ontr07rtcp9jobusM
modified: 1/5/stats
modified: d/9/stats
modified: 0/e/stats
modified: 8/5/51buc77m35mdhvjcq49i85474rgjhi0R
modified: 1/8/b31dvkodtq49ss52tapc7e28vo2n26iM
modified: 7/2/33fljr3q6jq10vib47js6cebbveur38M
modified: b/8/stats
modified: c/3/stats
modified: e/3/22uq09hrq8lils3r4ck87tvdqrmq7i6M
modified: 2/6/9au9okc5l10ugnmp290edljshig6fl4M
modified: c/a/43hgkb4ukhf07b6e57m34n0ajvkc2kgM
modified: 5/a/72lt7n3mqqvg0ohif68j9va09dtvsiuR
modified: 3/0/stats
modified: 9/d/32h8cuqiia16rj7rtt23omifdpto4a2M
modified: c/9/stats
modified: 2/d/stats
modified: 5/8/stats
created: 6/8/36i7peh62v8616b7r46qr32lebgqhmeR
modified: a/stats
modified: c/d/stats
modified: 0/1/11pbm4trl788f6fvqptihrb5bhmav4uM
modified: a/1/35310cijcgvpmhgbc2k7a7j21va0qmaM
modified: 2/c/49hntsdu66ip20ghcd9ud41aumccmjcM
created: 8/5/b0iotf0641g6bva43k7k5te179g9p60M
modified: a/8/f5av2n966c8decrpht6deq1fa90g1o8M
modified: d/d/stats
created: 0/f/fbvld6rhcjschu95qlr78ajp54v8v6iR
modified: 7/1/413714meglo1c8bus4hmqt5a5s1ov2sM
created: 0/d/c1iq2iat55u320a1js8saapcr5krmeaR
modified: f/f/41vp3311k8j71ieifbaodet8j43629mM
modified: 1/2/169vmj2nicng7qt2e8tqso29gateso6M
modified: 9/c/b4u9uf0jl7c5onga4dac91p55fh5pcgR
modified: 9/stats
modified: 1/5/afvd1gr646jolpr5d2uig899e7h9nvaM
modified: a/0/stats
created: 5/0/c922k30krbta9upkh0emhan4cgth8ooR
created: c/4/9as8kfn2g3cl0gfp0nblh0892ocb2b4R
created: 2/4/a0ea1731g2599aqhe8d8uufltiuhvmsR
modified: 5/2/stats
created: 8/e/05ts1fd0m3a9fmdcthvhodniink8fokR
created: 9/8/89t1pqni39s2k3kabbf1cu9hvdqenqkR
modified: 2/1/stats
modified: 6/6/stats
created: f/6/aaiiu0d1qfrio30fmg8irdq11ge4438R
created: 0/5/12ok49adelbd5aq2mghldm27s3nb3u2R
modified: 1/1/5a0popp80nfq9mo9h9kmc71rf0kipraM
modified: 6/b/stats
modified: 8/0/1bfug0bk0s3sas75jnga74nvii7v4ioR
modified: 8/7/35j4qpbj0jau2mp29hnichmfo6b6j9sM
modified: a/f/05kf9ta6in45hghohd01qiicbh5orieM
modified: 0/4/1ehev4vmbhcknjdifp1ccfeg58e50noM
created: f/1/8c8gnv08867omp83kch7tel4iqen3u8R
modified: 1/3/deipcmq86vrir6o8jmaaiihadd6spscM
modified: 5/3/stats
created: 6/1/31a517vs223bdpb3uk7nuuhr1dkfdk4R
modified: 7/9/d9n8f74odu6ktkcvcukuaku62hs0tloM
modified: b/6/stats
created: 3/1/07ehma7ljd18vkgpjs2v4kv1oqc7lmoR
modified: 5/1/stats
modified: 9/f/3508vl3ql04527gdeb3c6ea8u974hcaM
modified: c/e/stats
modified: d/3/stats
modified: 0/2/ef3c4js1i1ljvmdmdo70pdndd5beln6R
modified: 1/5/c26fhfh5min7o4i1hdne8derd6jd4skM
modified: 9/f/5245bikfthopapb5gmteo65fkp86htsM
modified: b/3/stats
modified: d/7/33b8uteupgc9ve8ri88qoeijgtd9jq4M
modified: 2/6/d06ht0uun2nm7ikp66utvc01i2fnd04R
modified: 3/d/f3l4qpppt2k3t54kmnff5fbsncduso4M
modified: 5/e/baon05kjkstbbh7ii8kivnnu2nqh1e0M
modified: 1/2/stats
created: 5/d/30u1v1cgjhnlklgqa4pck1pj0es6ookR
modified: 6/c/stats
created: f/f/05lkd6b9c3mjgkqklvlaf4vf31dk8fkR
modified: 1/f/stats
modified: 5/7/88jsqhhkd6dbbjlmpqj41q4kdobmum2R
modified: 6/c/e8v8i4k90pv3suec8dh3chlarei0jmqM
modified: a/2/stats
modified: c/5/stats
modified: 6/3/2f3dhcgri8qjq3vl1q3tlehn18crfheR
created: 4/8/4diemsq1gnh8fqm3hmugi53gs3j3ubcR
modified: 6/e/stats
modified: 8/4/stats
modified: 9/0/stats
modified: d/9/33qs42dqfu94atgqupc6rihd83aj87uM
created: e/f/a8cgoqqvtd05c5lveq0d2cdk721upnsR
created: 4/6/94a815ornfbg7mmikg3rk4p4e5mthfkR
modified: b/4/34lvcgj25clc3mfdpptpo896n492qo8R
modified: 1/3/012gga64qppoldjsiiv3borlk5ma5isM
modified: 2/2/stats
created: c/5/ebq2j127pdh4db88p8u5ujcd4kkhttiR
modified: e/stats
modified: 4/e/748hv7jnuk1g5himc1tmo28iphkifckM
modified: 2/4/d57sko102u7t6ej8j73m5hun5r62rp2R
created: 4/1/175oovcjl8utanpjhfnfdceodnudkjgR
modified: 1/a/stats
created: 6/1/9atg6mro56q1ggb6jlda6v8ngru5k50R
modified: 9/c/81f0osf2l1j987o0p7208tahcgd44nuM
modified: b/b/stats
created: a/8/4bgshhqo11a8uevacamfelidplrq32aR
modified: 4/0/stats
modified: 8/e/stats
modified: 9/7/b6mdjbdcao5uousih8h58udsnoa3h8uR
modified: 9/c/stats
modified: a/5/stats
modified: a/c/5b4gsdve9p9uomfmu9o0r2cpc4vkb0sM
modified: c/a/b0vh99hrsmq0f2kj2mpr3ukhvsqgqa4M
created: 7/9/56si9j3fphvvo5s52a0u8jkt2l1fc00R
modified: 7/e/stats
modified: 9/d/stats
modified: b/7/02cn2t3pep4a4nk1ul46jg9p9gqci04M
modified: c/0/stats
modified: d/9/6eqg56smcotl9j44vct3p16g2bancb8M
created: 2/1/a2v61kdg9jrmccusk24udci2pb27edaR
modified: e/a/62dt6jc18931h9ntpuh5481atpfguskM
created: 4/a/b9ll5kqeiluvc5a0843s2s0cdcp11h0R
modified: 2/7/4fbhl6089c5immboc49jngm0iet0uq8M
modified: 8/6/stats
modified: d/7/stats
created: e/b/faio0vnruo82dh05b68j355figt2g76M
modified: f/6/stats
modified: 0/3/stats
modified: 6/1/b36iarqimvd767medfivdmbsepnmd4mM
modified: 8/5/4504roo8l6s0brebht6sp7q6fj9m2gqM
modified: c/4/stats
created: 8/a/814h5bodvuc6s2vpp6ghfcg0sbk8j3cR
created: b/f/70c6551cbfbbioov489mt974bpn65dqR
modified: d/8/1e80t2tnkupg4uka1pmrichl4bc1sc4M
created: 9/1/c421cus1akv520a0mvn79276768dbniR
modified: e/b/stats
modified: 2/3/ealco9fqf10um4nrcqbkhqqoa8uq58uM
modified: 4/1/f63l11kap0vk8f4bm1h159f87fbn0huM
modified: a/6/stats
modified: 8/b/a9p892i6v2olhcs80bbgesvi9cbh6riR
modified: f/b/stats
modified: 0/6/stats
modified: 6/7/b9mmf7i3gb94a2hokos90sjeokml3tiM
created: 7/8/cf6n3nmino8j6fo5u1bqa5ouu6cv3qcR
modified: f/5/stats
modified: 7/c/e3409vljpgrqve1pg3hf8htj56v573kM
modified: 0/9/f760v73clcprle84eh0a9momp5tf5gaM
modified: 7/8/5ahqlgnkeihdlrlq2b5701pp6epmdniR
modified: 3/3/stats
modified: f/4/67pminkq3e453gs5b1u6k9cdesd3j1qM
modified: 0/7/stats
modified: 2/7/57jaj0jhjmrc5f2lori9pn15fjh8gc8R
created: b/e/f6jrrv6ehvf3n7tdpuhh20j4scn1j28R
modified: d/2/stats
modified: 3/7/6558l4kptj5mclj0rtc8mg15u1ogascM
modified: a/c/5bms8gundd78sjv5akgt85ktcovpbccM
modified: 5/9/a0khjk8cq65lbvlj9msu4t4gftsoeh0M
created: c/9/f969emaqestf2j33s6viafl2c162fm0R
modified: 1/9/00r7l2ufbbvurvgt7ih7rfgid2f01csM
modified: 7/9/stats
created: 9/8/b6pd2m7hjk3pe816r8hhdstonj6u0v6R
modified: b/4/a7doc8452tos9uhovo28247dl2tiu8eM
modified: c/1/ffd36s60t9b4e6gl1tlg3gforvn326sR
modified: d/5/100sjv3k1dtput53fnhla5v7bg81ocuM
created: 1/a/db7i555gqbb1sj6vruf1bhpe9q2flk6R
modified: 4/f/stats
modified: 8/2/3844tfm0nv2r5rp1epssj01bid6fo3uR
modified: 9/d/ffj0no2kqgqrcpilak7j3cadi56i1h6R
modified: b/a/b9gvrl15etqglh31qvuem85a50bae30M
modified: 8/d/5216rh25euakkbmt55ghe7lkqiq8rvmR
created: 2/7/8109hbir11d1gb9vgul5i69b4vfrd9gR
created: 5/2/ffqlosdg06lmvgef02bjiropc2mdd9aR
modified: 5/3/720dm91u2r5s14ck8lc5r0oj1l9idasM
modified: 7/1/13rlkm8e8svggmj2o8qf7l8g9s7d820M
created: d/f/21bpc9ii643pa2b938l45f24nbvd70iR
modified: e/1/stats
modified: f/e/stats
modified: 3/6/stats
modified: 1/a/5am9kflpenpe83l628domsb404budimM
modified: 1/d/stats
modified: 2/6/stats
modified: 8/3/stats
modified: f/stats
modified: 0/c/stats
created: 1/9/135vhnd9rp9qf9vspt285gqh93u6og4R
modified: 7/5/3drvce1973brt62q0of7qhlcva7ukmgM
modified: d/f/stats
modified: 0/6/ad9m2hvidoemph9t9nc32q884325s1mR
modified: 3/8/2074b8hj8rt3hargpc6vet78d3eogc4M
created: 9/6/b8o81l74gojtn77r2e8ti5gek8prg24R
modified: b/f/stats
modified: f/f/stats
modified: 1/b/1fu164j0r6feph6nfoa30f1a4avg4daR
modified: 5/8/fcl8khtg7h241uk3isld86tuh08caqiM
created: f/d/b49baaf7kptcjdj2evjjl1v0tvfvamqR
modified: 5/6/stats
created: 2/3/fd5ouv0m8r8qp62s420k7k1ssj7altaR
modified: 6/stats
modified: a/6/fb6df5ich105mqu7hs8no14hldttdfmR
modified: 1/0/stats
modified: 7/0/66rm8c468or077n0rempkbjqkoct6ecM
modified: b/a/stats
modified: e/5/stats
modified: 2/3/8ffjvpe9i00fnakrndck7m81thb6bh8M
modified: 2/f/stats
created: 4/5/9en975pap0qcv1757a92jck67niuc92R
modified: a/4/15uu0gldmok7c933kcv0kmoanhrp8esM
created: b/3/086vstr051dh5dlsfdb12k84akudk80R
modified: 8/0/4foq4429q1ovhkoailtjnqilgfettrmR
modified: d/5/22if94ms57ond17spal8fbc471le26sM
created: 0/d/40kbqk721nsovejhf4ffbmb7bca40qsR
modified: a/b/stats
modified: d/5/6bou9djer8lm18cj5h2hd00bun2a8n4M
modified: f/1/stats
modified: c/a/664qgv7vp6dqiaqeucvs0nj5cod0o6kR
modified: e/5/cc8b0j02c6m6hu6q05vq2c0smn3f6f4M
modified: 9/f/49rl0af430vqsqo088ujfedme0amsr8M
modified: d/stats
modified: e/9/stats
modified: f/5/e5kge9tr5nds2gdr0g96nti3kerepmcM
created: f/e/d74u5119edr7jrk6aaj1c5f4bdil5mqR
modified: 4/c/1der7ne1588e9ioanq80r0d7lucc1j8M
modified: b/5/f9milhpv2v3jvb02bmjbdjmc9ha279sM
modified: f/9/stats
modified: 9/2/stats
modified: 1/5/90cdfpeaqtrkl9ogkd6u40qjbufb020R
modified: 4/f/d4hunsk1b3tue768pker4dajiangjj8M
created: 1/8/fbqfh6l5m3d3fk18tqad6n81jghbv0oR
created: 3/0/91r81abq9co0fgmmbh6915mt22fdmguR
created: 5/f/db8u57qtt765dhnmvk7c4n0e790h2ooR
modified: 7/b/558mhsq05r9crdapdrd192r5gcfua4oM
modified: a/3/stats
modified: 9/b/stats
modified: a/8/stats
created: b/9/f9jkbhtjhera0at57v5di7urqruofagR
modified: c/3/c8qknbh8a3qjjvnmlmjosnsdteeo6qsM
modified: 7/8/stats
modified: c/d/694jo050jot638tldrv3cap1d5j3cj8M
created: 6/d/a3omb3ek09qbil356p1etih59r46ldgR
modified: 7/4/6di96t9p4d39m1diunkk1ef1s8a75l6M
modified: 3/f/stats
modified: 6/b/7fcoul0dp639tb2htheevud7lgsbs28M
modified: a/9/56hbpk1ujirm8g6j5aol2f48cgs5gu6M
modified: a/c/stats
modified: 5/a/a73r1laeqilnh0dgqsemtvf6n871choM
modified: f/9/e596ccopekqqa3jvbukah41v4ngo38qM
modified: 3/2/95ftguvkcfc47051k2i8da9hbr3di92M
modified: 8/stats
created: 1/f/bd531tj1q040ai1a6vd5tnamatjsi2oR
modified: 1/9/09b8vklhdhabns3c630ho8b1l9on8b0M
modified: 6/4/f987fsov2o6o7mk7f1tgtehin3423p0R
created: 3/a/a089up9nloncqjje8ba24ufp15mr2q4R
modified: c/1/stats
modified: f/d/stats
created: 9/6/b1a8am1ooko7lco3jle6g9ga5gie0r4R
deleted: 1/8/76ovtpvvi78qkfrdsad3ueen51vr782R
deleted: 6/b/6a2r8lpsi0rp6eg9th8ctcqhg8qao1eR
deleted: d/2/e86qgr9ps8l0rtlm43l8ufmndhbkm6oR
deleted: 9/d/f38qft0ioet0hecgkeeritlt8ojh5rsR
deleted: 7/5/15rk1c2l2f8p0v49qu8m9opj4t7dim6R
deleted: 1/2/4e0ahm85ovm1i1q830djoo1nmb9oqgcR
deleted: b/9/d662bs8sp0l5tdak6p0ukau9jjt3b06R
deleted: 1/b/eetbpb0g9069gsgobvvuto5j965up70R
deleted: 9/b/5esdhpusp0inff56ee9itjq8ouo00rgR
deleted: 1/8/23umiagojpptekpguhcrpe8pgmergsmR
deleted: 0/3/1d5l5ofa5eitp8pf69lfcht7080evfgR
deleted: c/3/27nt8gbv2pq1nq4ue1onfs3fg49rngiR
deleted: a/6/66srsqhhjj7de8874dp3f9p5jrpinf6R
deleted: 5/2/ee5iodt0f8e271aee36h6mkd0cese42R
deleted: e/7/ad70rrln3r6r7plnc02pcb1dp1p3j7uR
deleted: b/7/5cm1o4o78pupu4224sa8mk3l769dm6gR
deleted: 6/b/2bl8hl5kbggsro7kl7igc1l1jivd1f2R
deleted: e/9/10vl1quunlnhol0hphl91v974t1ssb0R
deleted: 3/7/84b9tga2tcdjmlgv5f0h8n6rqa37bn6R
deleted: 7/9/08atrvobqfuav353qtv91cum8tm0tnsR
deleted: b/b/341igd9to89k3natluoo5df3n8o74ciR
deleted: d/1/29fjbfo8n70im45i6m02eajpf4d3mjkR
deleted: 9/a/a8nd4rlh8uhl9qavr947sfnepcjodq2R
deleted: 9/e/5ecq63th715bkqgkin44thplvnug9vuR
deleted: 6/8/5emcv9nuuem1bfgjjcrql931a012mvcR
deleted: 8/8/9bemjsq9u7ir09lpppse4ub3feq3omqR
deleted: 3/5/c8g6tk0iolgpi6885fsrmj2ssl9odvuR
deleted: e/3/f02qnufq4lunvv5tllnfc9kdm2mja94R
deleted: 1/d/17mkmmm38ftdi6mgg67q4s9fndco8ceR
deleted: 8/0/753fjd25iahiuhmrqg3l871bv76iqhkR
deleted: a/7/a08ds8g15sjf932bboguqb6fb583e5aR
deleted: 8/3/c80ie9ubqs2h6j8uhlp3vlc72ln4dmiR
deleted: a/2/d40t6b7pmf0tm31ictah713a3quedp4R
deleted: 6/b/22m46a7ao8bb6m2la5f2k4rpm7acpkgR
deleted: 9/7/b1qcb7fieonbjfgb6c867tp32kg5a9gR
deleted: 1/d/011fl46fhd2q4emehafbmvgn5plee8oR
deleted: 6/6/99ou4pdv96353i0m8qv9v2smu560p3kR
deleted: 3/3/facce3d9aksk9i8rqrt3mpr01394nk8R
deleted: 5/8/fajmsvhdeut5bi4jjus0526g85vjjeeR
deleted: 9/b/f89a81mnc9a8mbbtcbjt03npjb3oh0gR
deleted: 9/f/bfhg1k6q98n8nmus972n4l8m9qq2l5gR
deleted: 7/7/ceihbv823vlu5j9o41m18f903o7dgkkR
deleted: d/0/6avbhi44g1jdtmg5uui2ora53hq0mj8R
deleted: 1/6/5fv80k5sr65b7uqh5fb23depd8a5pq0R
deleted: 2/a/3buhlhp0ieqtd7qqs0adh3dg0t3qm12R
deleted: 1/9/0ch1htiji65q6tgdshasbo4qk0bdq2uR
deleted: b/c/b0gphinkgud28dm5nhrujjfl1ei5146R
deleted: 8/1/54a57mc2lgo8rn1hgfh8i2sa3cu3h8mR
deleted: b/a/11g4o8jcb7sg9cod03griuk36plgnaqR
deleted: 0/9/a73g0cgdq63vh19rchoar0kabtdcsceR
deleted: 3/8/6e2e9jdb49sgj5tdcv58fcpqlpn30acR
deleted: 1/d/bd78bikuvcup58psdcsbfrpnu3s5a6qR
deleted: 8/c/d9i13d4k00c8m6rcdq4qd711jcmf9nkR
deleted: 1/b/dd0qpo1b7t51sqtcj3fjaaqjolkjs4oR
deleted: 0/8/63sln4mf0ejjpk5uc1og51d5lkv6ikiR
deleted: 1/2/a8oin2eshqilh47k9ltesep7rd1ddb8R
deleted: 1/a/a2se9alom8t6s8ipds5kpc8hvlptmseR
deleted: 8/a/e5bkasma0uhkqd9ghiijq5hi4bt2scgR
deleted: a/1/e4gauvnv2qa5o40p99idr0tet7a3blcR
deleted: 6/8/d5cb13iq5dcfl4a0l38quh0vdo0c108R
deleted: 0/0/eeh7dpj6g8laq6g0gulohon3fteaipaR
deleted: 3/7/c8uvipimad894dh1fsitmj29pkdk4bgR
deleted: c/1/10cigevrraj17rl0n1c62oi20scmos6R
deleted: a/9/50il9ed8bbjqjdchjtm380q79cfn3oiR
deleted: 1/a/9eul989v61dtqaolflmgehfr7kr8ltgR
deleted: 8/7/72mb28jkq0kv7uvqo9a2hkrqoliutqoR
deleted: 1/b/288bkcl05f7tsd5v5sls1bmijvdo3e8R
deleted: a/8/b7mpjgo3tb6tk0gu44scj6seduld1s8R
deleted: d/7/b1td6j7a3imk9h6pua3unhh4je45n00R
deleted: a/1/94si5dspvtjpih3ne7op1delhmqm7ciR
deleted: 1/4/2c5ukehai95pdq6nml7o1mb744c4ljuR
deleted: c/4/12c0l3k3c7afl0m68mrv8vsofr2k316R
deleted: e/0/df2j63e94m5siqi87ribokush42bdeqR
deleted: 5/2/1eh3hnt01v89co25dvcd5pn8kbcu732R
deleted: e/8/ff9cg3f9s8rcds6kb4tnh2imkkacpeeR
deleted: 9/9/6eabdg37mb69o4g1kt4n2ea1rqf966sR
deleted: 8/a/97b21hepshuajbduuvef307n973fii4R
deleted: c/a/833d29eg7ng2r7u824lna1tuhspelauR
deleted: 8/4/20vd852lltbrgk5tcs3pcag8phjg48kR
deleted: 2/c/49cl6ptecdjiet27fkd506dbd6m0bcsR
deleted: 7/2/975nq5ht31bl7jc7s66sqa28h6nbaggR
deleted: d/4/8bvtqcimlvboid9le1vnt386thgb7soR
deleted: 1/a/23cuu96v1ppkm1rmjg666kilmp4gvdaR
deleted: 7/7/8curekfcvc9d8gs82ojptrsifalmun6R
deleted: e/6/3bdihqt89bin6ekn7m0atnrd2sb53dgR
deleted: 1/5/9d27rhs9v85ibflr6le9okudibf3jcmR
deleted: 1/a/74rdjd6gfpjnf8c9moonlei2sctg8vgR
deleted: 9/c/0er6kvnhab9enoa0sdka4ial3proh7oR
deleted: 1/b/96dsqvtn0d0ahjkv4dc18o8irppbmpmR
deleted: d/5/a4nom5mnft43us2bsob4phhas08fmaiR
deleted: 3/5/31nln5vkkgr198r6qbbk7p38ff4j6u6R
deleted: 5/0/896ph4uvrt8ng474rb359vua7s6m84iR
deleted: 5/4/bfsekr0m7s4imbnsqoqba2k26disp2aR
deleted: a/8/ef8jm7ln7nqhbag2rstftgmkfrudhvqR
deleted: 6/a/7cnabbu8ait5olclh391vir859gpurkR
deleted: a/6/e4sjv4jqejjtmvlvkg0d3lc0179qdtoR
deleted: 0/3/8afi5tfn65m7dudisvk3tren2v3vvg6R
deleted: 3/2/0bl37l23e3pbcncnoma4h2mkdbcgmt0R
deleted: 6/3/d05h58mavvgl0mqklndm6dq46aprh7sM
deleted: b/2/9cqo9dvm81t2cav3lclluqveiieukpuM
deleted: 2/7/55518v5f3uesfieh0g3a9el4o7f57soR
deleted: 9/8/224o8e2o9atj49kkdpgqhneb0mbljk8R
deleted: 9/3/d36j47eog37k9te7pgcqoqleuhqejkgR
deleted: 6/0/abjpn8h6st34bv4r2v71h6bn0709pagR
deleted: c/6/4aeu65c409l3vbiiukmrrr9hnvqhs06R
deleted: 2/a/68k6refuulb5i385614fphh03jj45goR
deleted: c/a/abpkfkhvln3qhp5fv9e37jfc4emgegkR
deleted: 6/6/63frp30iirjb7sbch0lq08sf2ka0fouR
deleted: 0/0/fdamiq95064g1ak8q0hd97sjrbsldmmR
deleted: e/8/5ej371bpkgqfsa0ng0q0spkbccirdk2R
deleted: 0/9/6e2ooj9nlae4ostnnp4bdeqnb7m1vr2R
deleted: 1/2/821tuf4kcjfs08e3vgatg0o3a9q4fduR
deleted: 3/3/3ems4nf906119f61j0e52vv8t0o8juaR
deleted: 2/0/2cbcdkm9s8j1eegv3b7l5lj6e2n3boeR
deleted: 2/d/e4c7l42pqisqr3rra347puvc9a98t0uR
deleted: 9/f/dbg3rqnivfit6fgrekfgbfordg20btuR
deleted: 7/2/36hl2majngsmrcpo7rn52ven3vo89fsR
deleted: 9/c/8binnlenbnh9f51mg6rhk58gojem0juR
deleted: 9/7/b6pvsm7iv0bh52ucj1gtlel7or8qraiR
deleted: 1/3/9fjg2qsdaauif14rpg2k5v8hbol5viqR
deleted: e/3/35bl4lbq30lf1s0r7vnhdk4v3sqo704R
deleted: 1/5/e0t8auj2dnb2devbvnap250gb48t32sR
deleted: b/0/2e2flr8b3r3jv74e0roqkqjcpdg5t6sR
deleted: a/9/06k47aqah8395vq20unvrufcu6a57scR
deleted: b/1/6d18l8s2s8k5ibfv73o6sgb7q9909o0R
deleted: e/2/d69cf8eibhmfnb3b732a8v2f32tn1pkR
deleted: 0/a/f2f9bofabhtp5mp21evap5o9sjlplveR
deleted: 3/2/48pp6jhb77dcktq3h5hgj5h8todnno8R
deleted: b/9/35kv83dpmal7742nv9pnt0h11bvalpuR
deleted: 6/b/88df6n9mo8nsq414cuqs851oqbjhmmgR
deleted: b/9/5b4pr94b0m862du8k9uct9i9t295elqR
deleted: 2/2/74ftbacl697vmpboguichrrlp393vdqR
deleted: 8/c/8c6isct1l0go7a13sm3qtmaj62ano36R
deleted: a/7/26qfmpum9s1aqf0bur9mbhbqep0m63kR
deleted: e/1/34pbnk9tud76shth2rr2vgmmbq593deR
deleted: 6/8/b7s0slgge1remckc8u8mbm146pghgu4R
deleted: 8/c/576f3a404dmdgb2sltprlpoe3i8v1gqR
deleted: e/4/8ecndlmgi6ejb1q3qsmbktq6ha9flaoR
deleted: b/6/bevfnmekkv7scfv79cqv9i2f4t9flhmR
deleted: b/8/f73l67b1bmgu0niko6jc02qhiegr4g8R
deleted: 8/b/10a95esomf3rh1nfc9t3egac3lq2910R
deleted: b/3/d9uqaa3nd95bk7oeoinnbcur6rcp1muR
deleted: a/0/1catragen4cpn6su7ite97vi4bq8afaR
deleted: 9/e/f355kpmru58b7m6efduv9f09ils71buR
deleted: 5/8/326q53d2f4j8lshscj2affg7cvgb85mR
deleted: 6/5/8cgpg1vgknnamme6m306l69s3g6h49eR
deleted: 0/6/2cc58s1mi4v4r3753q7frc5rv2gj73qR
deleted: 9/3/20voqi18nvla9nl28p04a4l2esdnd0iR
deleted: a/9/4843fcrc5f6g4cdo0a44ivkt71dsl9eM
deleted: 7/5/aba5t2boki20frh4oe8m987h4hni9geR
deleted: c/6/027nkor5r8o6bqj4395qluncl06u8cuR
deleted: 1/c/8bkf5u3uojjeoimao4usbutim6r6joqR
deleted: 8/c/fb0aamqp325i460dlhk28c6heeih22mR
deleted: 8/a/81sjfmeekql9aketq9c3k73f0u86d26R
deleted: b/7/c098gktios160alabi33nnmsul2a8iuR
deleted: c/8/d6uqd9mm9rapv2johjot1ad46j3b03kR
deleted: 1/9/95hr8la9at7vh7clmnmqcsl3ohibgicR
deleted: e/3/557lmm9o9alhpvcs70qnlm1oj1ojltoR
deleted: 5/7/cc90ndn842pqovc6370o0bdk2sdg812R
deleted: 8/d/6ega6hthoil7es2nhungoa7m20iabkuR
deleted: 8/1/893epi6ihfjahf8ot4fg2v29uti1k5uR
deleted: d/6/125lvijh6rj8a9svd0eip0e35b8j8daR
deleted: b/c/daii48hstbcdsgkfkrhhvbe17rod7lsR
deleted: 8/b/42hpriq3lalq3bl8fvjo48ibbk0j73mR
deleted: 1/b/6chnl84ob2gtk208n4bh3nfar5ab0peR
deleted: 9/4/dc3pvlgjcjag2pgvmob3fbc3mpnmfukR
deleted: c/9/d07elt9s3eulk1t9epucho2gpn30o0iR
deleted: 9/b/76409bsc6ccdpelvpc25kvia62cja8qR
deleted: 9/8/0fi4o0bedme7l3vn8c0kvtekh7athekR
deleted: b/0/c2t912nvf1h2im36cr1td3l53d8s8vkR
deleted: 9/b/b0kjheq3dd6t608o9mch8cie5i2fb6mR
deleted: 8/a/ado117dtbrl5t4d687c4caekm8ar4v8R
deleted: b/c/f1jl28kn8o3lfenm61m2drkdi4kkbngR
deleted: c/0/878qmu64v83q4rkkmi6plskuutoa160R
deleted: a/7/80l30qrd0836f1jpffn2nqnvol4h34iM
deleted: b/b/f266d9g9t68j6f0sd9h7qrf8jggds4uR
deleted: b/8/79u5v3hj9h2v1c591frtpvmccf5v26oR
deleted: 6/8/c6gd458qs10nc2nqgku5tugg9u37k9gR
ccache cache size is 162Mb.
Uploading cache ccache...