SHA for cache folders (/tmp/ccache_dir) is 'e0fbebd51a944962a3312e8f8aada3511bbd0dd5d7f451f2e3ec2f3db4dfc315'
Cache ccache has changed!
List of changes for cache folders (/tmp/ccache_dir):
modified: 9/stats
modified: 8/stats
modified: a/stats
modified: d/stats
modified: 7/stats
modified: 3/stats
modified: 5/stats
created: d/a/cc792f80c51ef858328dd8adce2224-1455763.o
modified: e/stats
modified: 5/6/c93deaac4c37f3d2802df637f928a3-4997.manifest
modified: f/stats
modified: c/stats
modified: 4/stats
modified: 1/stats
modified: b/stats
modified: 2/stats
modified: 6/stats
modified: 0/stats
ccache cache size is 177Mb.
Uploading cache ccache...