SHA for cache folders (/tmp/ccache_dir) is 'dc9e5d98fccda23e8babac4b67204a6891091d5d01944eb3089fb70d3656f46c'
Cache ccache has changed!
List of changes for cache folders (/tmp/ccache_dir):
created: b/7/99382c06cd5b4100cd7104b47a5fa3-4853591.o
modified: 7/4/99160947d15c6e9118230a531dc6d8-13294.manifest
created: 0/b/605cacdd82dbbdc35654a6bf29ae24-4727980.o
created: 6/7/b28dee94e99c78c3d9f1b59e6ce1c8-4784523.o
created: 1/5/32266e903c54547a04a8d8bd17798b-1605.manifest
modified: 4/2/60c71832626cdf137b24d6921c058a-2370.manifest
created: a/3/7c152aadcbeb4570c7b0fe6a5fa45e-2909901.o
created: 2/4/997f5f78773f9943a1549273ea476a-4257.manifest
modified: 9/e/635776305566353432b9b924429f59-6922.manifest
created: 8/1/a4bfbcf0b1b24572ecafe9175c0fa0-7031.manifest
modified: e/7/ba8dfaf116a9cb63795f77352100d8-2730.manifest
modified: 4/f/b8fea3d6847240e96aa92889355e7f-46668.manifest
modified: 8/5/8b6d4817fe8c863cc02260796a4cd3-7455.manifest
modified: a/b/2df1e4631f3a67931a3bff89b756e6-2955.manifest
modified: d/6/9a10eebc3c3cb72884d7227cf594ac-5478.manifest
modified: 7/9/3a8d5b31d5057232ef8f4657d62ca2-22238.manifest
modified: b/5/090d99ba9bdb47ec69eec91b16a422-26872.manifest
modified: 7/d/be9db54454f62d86de58d59c7ad0d3-7035.manifest
modified: 1/0/31c89d4b6a2f20cd50b9ee1dbfe1c7-1795.manifest
modified: 1/4/9e6e9c27faedb9e8623de129d429b6-33669.manifest
modified: 6/a/2815f14a9d075bf6ec6ac82456a177-5635.manifest
modified: c/e/5724e809c2e0ff3f427a38e88dcaac-7961.manifest
modified: 2/b/9ccc9fd5b0dd9469c5a58c36567509-2769.manifest
created: 4/a/71234e631513218b4fef684f33a2a6-2322387.o
created: c/f/2426f82ef75489f77727249d1197ca-4882889.o
created: 1/f/ee1768cc8c028af514992cbdd1b160-4724580.o
modified: 6/0/bc705c0cde854730e3d8ac4d59ebbf-2608.manifest
modified: 6/7/aa12dadd5c2b8c6f75a30306357b7c-7521.manifest
modified: 7/7/8cdfdbc7d2f218e050dd83456a9b4c-4313.manifest
created: 2/0/625833bff88bb695617f578a3aacfb-4327204.o
modified: 5/c/bc73405b73f0b5e79c8aa4d0f58605-15877.manifest
modified: 7/3/1962d62fa0696da682b2e4adf5cdda-2890.manifest
modified: 2/9/34900503b487559f1090dd4ab0ca7a-5825.manifest
modified: e/5/69178be5ac0a024e3a17cf2bc47977-5054.manifest
modified: 5/4/3fdc6c4a9bba3d707fef2ba3667f31-17741.manifest
modified: 5/7/b3479e8da28f58a2cdb9680055156a-2009.manifest
created: d/b/409832cc8484475249248292fda5ac-4715861.o
modified: d/c/8fe83fd0068e04e64dfcaecbe6a7ca-4939.manifest
modified: 3/a/b6277fe50f0f477a90f63d9ee186b3-12385.manifest
modified: b/8/2391fda1b00dfbeb09aa6491a50e95-13061.manifest
modified: 3/b/a59cc7cb2d33f14fa0d8634f5da8d6-11635.manifest
modified: 9/9/a2f919131a5bfe673382567858dc65-6079.manifest
modified: d/3/687be3a0aa07be3cc6ad42e733480c-12331.manifest
created: 8/f/57e47897dc90f3ef99cc6317fc039d-3168317.o
modified: 2/8/9931af73ee3699e5830eb5a71a6da9-114693.manifest
modified: c/6/05399be5c8f0a65acde46a21655569-41490.manifest
created: c/8/beea2ede43c32855bd805d35ef5992-49462.manifest
modified: 8/3/2b5208073dbc64e059207a1b1623a1-8268.manifest
modified: c/1/a12d368e05f3a30e0ec6ef9625fc4d-19816.manifest
created: e/a/20189d9a4f67c52f6d33971e4c80e6-3996.manifest
created: 8/9/22c4a5e7b0644c87205f326c230a2c-3350.manifest
modified: 6/6/62902260d759e04ec21b98b7b20172-9912.manifest
modified: e/1/c896c4c3f777b77e85b1a26beeab60-10996.manifest
created: 0/5/76aae84a101bf75b67703c7b14b364-2677.manifest
modified: 6/5/6383976ef290a4b3b494e7194b75c5-1974.manifest
modified: 9/b/8cfcf73fa26d0d1c9d617b4ed2da10-3141.manifest
modified: 6/5/65f17953891ebf16c772f9246ed4f7-6752.manifest
modified: d/1/cecf342baaccb8fb1f0d685a890ab7-6913.manifest
modified: b/2/a016d83bd7bd4f5c83c38ce91fa78c-3512.manifest
created: 3/a/e94d3abe9d97b74d4017a8ee0a995a-4329771.o
modified: d/d/889b7e92c7b2edcc2f507b71522285-8614.manifest
created: 4/a/52e17989453c62136475ac08d73c07-16837.manifest
created: 6/8/b3a82e7691ea1adec2511ebe07e64c-4526173.o
created: 8/4/431d8931d22daf69bbd5545fccd982-4903.manifest
modified: e/6/47868294bdedbfb2688d129d89fc9f-25217.manifest
created: 2/9/a7d7bf151db57bd99b1de5dd6d9bce-6472.manifest
created: c/2/3737e677caac8dd38aa2fc57bfdac6-5789149.o
modified: 6/d/e6d551f2d3f9325605c0fbfe1e2640-12296.manifest
modified: 7/a/07ff89d1f306e6bcfb91ff579e02d0-15974.manifest
modified: a/f/8c1b5f69e142a702126ab7e1dd0b90-1740.manifest
created: f/1/b6e3978fa2c77f7d9036c152c65f40-36316.manifest
created: 0/4/f21a3832fad44b6e28f3939dd9725f-4428516.o
modified: b/8/92db294cdc9281831ad2d6c83fcb30-7684.manifest
modified: 4/0/be42636b4447162197ee3e778a5070-6551.manifest
modified: b/b/4b8528ad582f150d6231bdc4a3366d-2647.manifest
modified: 5/4/c0a9568df22ae766c5832fbfad2f99-7772.manifest
modified: 6/8/e24bcc6d320a8d6d661825c240e4f1-15711.manifest
created: e/6/a28103f53437dafa7b65a2b581bb17-2982093.o
modified: 4/2/bc8a9617a12b22afab47a65515d537-15010.manifest
modified: 2/2/c57e24c4c576412ade0d7afe8017a7-6020.manifest
modified: 5/4/8eecb5ef8ae7e1d0e542a63e3a1322-3096.manifest
modified: 7/d/16eacd00f08595b4fd352ff4b3b23d-4730.manifest
created: a/4/8db9f999805fcfead413c8288cbe7f-4837276.o
modified: 2/3/a5bda346778dcc00870310a311f0b5-9311.manifest
created: c/9/7f1509e0fa5901c817cb586741967e-4730378.o
modified: 7/7/2201d78132e587f4e51d96efbbb02b-1475.manifest
created: 7/5/42cc8f67b282f72dbbf2f5354d46e1-4376330.o
created: a/2/da3dc50f4b194ce410985809b0641f-4333671.o
created: 1/3/dc84b8b1add4837485dbfb65af318d-3997702.o
modified: 0/b/01d2f62981edd6940d686c2b6f740b-81108.manifest
modified: 6/1/63162f49a6c293f74f1ca7c4891512-4936.manifest
modified: b/4/2c1543b20b6b9976b05cb5f579c77c-3341.manifest
modified: 5/5/a7d831d7fe0b7aaadbff3614df3258-2474.manifest
modified: 5/3/4c370a2a096288a814721dbce1feac-2611.manifest
modified: a/7/9dd94e5cd591182af6e9fd0a547c98-3881.manifest
modified: 8/b/5b6e628ec7e7cc2dbee5a63b97bda4-2779.manifest
modified: b/1/18a7f2b96aa9bf7fbe5787bd1167e0-10656.manifest
created: 2/e/f7eb1f3cd4f06e8e9c9943604f2bf4-4759510.o
created: 9/6/a720ec558db39115354e79cfe51367-4324259.o
modified: 9/d/86bfbe32e215c331f83301ddcf1b88-13172.manifest
created: d/1/552fd83dbceb112b971cddcc67e613-2239351.o
created: 7/6/d76947346aa4bfe1e083896ca07bb6-4325207.o
created: e/9/04838020e95bcd6381b187e93b941e-4383932.o
created: 5/7/bc916cd242b1cf62e506b672ed6b1d-11796.manifest
modified: b/8/9ed176e36041b595afed6bb35f1dfb-6274.manifest
created: 5/8/40ab2566c6609982835267ad23825e-6322649.o
created: 9/b/c9eb3364f4bacb5e8869f973f403b6-3260603.o
modified: 0/d/39dcb9ab4ff07d5934817096c31587-5373.manifest
created: 9/d/8faad6d5490cb9b8e26c7cfdf78c80-4376754.o
modified: 0/3/b831fa7cb5987b051919d29941bf6d-2004.manifest
created: 8/7/f80a5f736e40328e169a510a841d24-49517.manifest
created: 0/1/425d65ae89b7ad27a84a1b8b408ea1-6647849.o
modified: 6/6/308a49280592a23e0a569da7b261af-4521.manifest
modified: 0/8/5b2ec5b4974c502ca1f1775ec81813-5080.manifest
modified: c/f/c583c03b22ed5e308303689d4753c0-7917.manifest
created: 8/5/74b351f2808eb091df6ade1d835ee5-4341150.o
created: 2/4/c8826c3f3694508ad7b091b085cd4a-249851.manifest
created: 9/e/91b05ae8cd60671f0b08835e4300cb-4327344.o
created: 0/3/c8a774950569344e77fc1cf268ad30-2324801.o
modified: b/f/69feab2822d66ef2bb14af62a6fda4-30678.manifest
created: 0/c/0d0ffeaabae841a8c37a06c5b46cd2-4325703.o
created: 6/4/84e00696f096a43bad5879a6cec115-4890443.o
modified: e/d/b426a7b10706b277410ca0004fe775-2574.manifest
modified: d/7/56c2135a374ecf885ba77f9ca36e84-6047.manifest
created: 1/c/a4c297043825c494e5641dab97079d-4988814.o
modified: 5/e/b047026e4a66e43809cadcae15ddc0-4438.manifest
created: 1/5/e829fb03e3002a8dbb8385df547c03-10037.manifest
modified: 4/d/6478d230213b144358ee4130879d8d-18545.manifest
created: 8/8/1cdd2f1d7eff4b695090f355b33f95-2472175.o
modified: 0/0/02c78c82e4bd9689186e34c19366fb-3317.manifest
created: 1/2/04f9acf8e34aec2e2f7b298330116c-4925093.o
modified: 6/1/dff134d585a70c0a2533793edec295-2884.manifest
modified: 5/7/7638e206ca0e3bdae177207877b9a4-38900.manifest
modified: 4/3/58a3ed62ec027691d06eea55019d38-11659.manifest
created: 6/8/c181984083ef81f79add758d09937b-6984817.o
created: f/8/68e1a2818096200241a9e5bd570876-4417914.o
modified: 3/3/17b5318f3dd9e36652c5ad987c5044-3967.manifest
modified: 5/6/b3482ed47158d5790027495002cdee-5932.manifest
created: a/7/de722d41c7ef3b6f303672753b13f1-4355809.o
modified: 3/6/5dffbea201dad919ea5bb9293a30ed-11408.manifest
modified: 8/f/64742a869135bd1264aedf0dec1854-17932.manifest
modified: d/7/a51f868fba7f6675418b4a91ab2716-32963.manifest
created: e/5/b5c43c2e8c00369558af997114bf8a-4755.manifest
created: e/e/05bdbdee0188b79294949a66251182-4454296.o
created: 0/6/9fbe4e832bf4cae65d7c59bb59bb6d-4705530.o
created: 1/d/f9400667b39fe46ef2a828ca80077d-4444750.o
modified: 5/0/defc429aa18b8f6db39ba0cced2049-30782.manifest
created: d/4/4477168cc8e7c64a9a204f11432ef9-4328508.o
created: 1/6/61884c33cd9bfc04bf79100e3fc87b-4286476.o
modified: 4/4/a4289aa9fa9974e809c83074932945-5897.manifest
modified: 4/b/72dcec0cc56921c9b038c37a1a29fe-12592.manifest
modified: 3/5/8f2b8f1e0e6d425c8bc1700410b3cc-3244.manifest
modified: 5/7/2a4a9ab302f2e18686d317790a3331-8320.manifest
created: 8/9/b0b2589f74127b33f7f5a654c4a4f4-3137140.o
modified: 9/a/09933c9989be843108c50dd761d9e5-34432.manifest
modified: 0/2/2b41eb676c05b881aac2271a3b446f-14886.manifest
created: 9/1/4cb69ebfb51cbcaeb5cdd974a24755-2760958.o
modified: a/d/b1ee51acb89fd772acf11f40d8976f-11266.manifest
created: 6/9/0eb9bd4fcfd33517f2f4adde5c8ea0-2673779.o
created: 8/c/d63fd2c0b56cc432b383cdc6bc83f7-4389594.o
created: c/3/446df2e683597965eb6644aff89d97-2877323.o
created: 5/a/06e24483ea4231ad230810ddd940b8-4381.manifest
modified: 0/6/616654e418e0ab8483d4256f40f39b-3595.manifest
modified: 5/1/49da31f14e1d03043e17a41270b5e1-12722.manifest
modified: 7/stats
created: c/7/66355880b18e6d7db5535eaa4e3282-4327217.o
modified: 0/0/558a2e4e8fb7e2ff27d7b7afde5ca5-2095.manifest
created: e/4/54420fedd421dcb396dd0aba00d2a4-4917614.o
modified: 7/4/98b93ddbd73ab36b1a2b028d99ad7a-26944.manifest
modified: a/stats
created: 6/e/f455cfc36e567eb6aad2f43d887190-44113.manifest
modified: 9/5/524e7c3580a81e4271f1c7f431611e-1662.manifest
created: 2/5/cb7d64c3956bf912ec2af0216ca211-4325160.o
created: 3/2/e2cbcba05ea5c2556d0bf2d924e8ef-4830185.o
created: d/2/3a92e4c4b6c148c37faec376198994-4384158.o
created: 6/5/e78f6b32be4e634cdce793bd42bdc6-4867330.o
created: 0/8/8cdb1284e42d205f5a8bb6c1d8f853-4486414.o
created: 0/f/0d27cd8b1dccb2b382ca0d7dbf09ae-4371359.o
created: 3/3/d18c50dad27b578b3b4b9b894bef6d-3197564.o
created: 7/b/9f48742cf44214bb3455e076c9cb84-2857932.o
modified: 6/3/1e2e7a1ce8a104b536035cd6267edb-3275.manifest
modified: e/5/7f63ee48e60f0761b25d49bfa1dda2-3055.manifest
created: 9/b/dd6b5c292d2cd938b050352fa74ba0-4853360.o
created: c/8/4a649cf5d0e6749a0d1c347bd5e64a-4719583.o
modified: d/9/a6b6463048e31cf227ffbb29f7b733-31089.manifest
modified: d/0/c0daf342151cc053c9ecbb36e748d5-8934.manifest
created: 8/f/cd1a41ded5d4f70e10531a79b0e4be-4892259.o
created: 5/1/f7e7a3b82158b1e1ebe76ca23376e8-4836646.o
modified: b/0/a6229c2304b8d7ccbb4173b63f9d14-18363.manifest
created: 0/9/1196493505d6e4822f25595a20de30-4712254.o
created: 7/3/c339eec08fae649106e5a98a2301de-4326074.o
created: 4/f/27e5753e8e8c313066937839e2f26f-2877355.o
modified: 6/3/ae570df2435b4c02af0932376323d3-5615.manifest
modified: 6/5/ea38e70dd24242d198b00c0af4d6dc-3277.manifest
modified: 7/3/539e9ec3f0bb3b58c0b3c9973001a0-5200.manifest
created: 4/2/c006d9dabed6f6287fc62e06ded269-4847176.o
modified: 8/6/8412503899a4c3f050d264fb73eb5d-6836.manifest
created: 2/4/ed2fdb95640eddfd5e0f4cc2e996dd-14637.manifest
created: 7/b/20355547c9c8423e5208a1be25afaa-4513445.o
modified: e/f/668151cecdab74facfc52d8a87d695-2339.manifest
created: e/0/72e1c0d8a7d46d96d7d137de0fdeae-4329658.o
created: a/a/daaf38cfefdaf586710f787da9c450-2321664.o
modified: a/c/99de68b424d095eaf9d51db29e0180-3713.manifest
modified: 4/1/cbeb0e4459e192736c3052e808f07d-8609.manifest
created: f/9/55c3bc682d8f49f08d85b6720f40f7-4358958.o
modified: b/1/5f49fdde9bd141eebd6065a20d2f32-1444.manifest
modified: 8/5/d1e4f7957632d569dd7d1288d01963-1646.manifest
modified: a/7/d1682d5f604709012373fae6885463-19899.manifest
modified: c/f/4e9b996056f555dcdc7a74ddf786b2-2732.manifest
created: a/4/c6ce23baee6b6bb954402c97856c95-4412877.o
modified: 8/a/247cc0e2bd4a32d8e845273786a91f-6485.manifest
created: 9/c/c1323582efd974ac72c71a0c7066d5-4324564.o
created: e/b/fa003e741f8a28af939036ab76a853-2501118.o
modified: 9/a/9dc26eb12e000fc88a4853aeaaaeb4-4363.manifest
modified: f/2/5aeaf64b0c088b841456ed74f4ddf3-106996.manifest
created: 1/8/8a1a894d7693a05164456440a29f82-4342328.o
created: 4/a/b3fdb490f8d578eace9caadb74589c-4793536.o
created: 8/5/24ed7d015672b55aec1f3c315720c9-2742294.o
modified: 9/2/ab34c10f9a2f31fea7586defbd4784-5255.manifest
created: 1/c/d3fcefde719f4c2c42edcd14a72426-4331338.o
created: 8/1/804e9b1a5fe95e8dc57d3a4082b4c8-4333458.o
modified: c/6/b56b9928d0e94db59be48452e6108d-4152.manifest
created: 2/8/cd295bdab580248c4d0233dbd7d035-4707171.o
created: 4/3/32524d2c5f43e9919e62fc7d0ebd86-4922781.o
created: f/8/02874a5401aad3f6a22e5cc542baf3-26889.manifest
created: 8/c/b6fed567526e30a738ba73ef93fd8c-88954.manifest
created: 1/8/4d8f619c36b97484a6df5f2c4e62da-2729708.o
created: 7/1/6a9d838be1fa37c0899036f52d10e7-4816410.o
created: 2/6/7e795ab259e74e76ee81e9e61cc310-3826.manifest
created: b/9/884bbb9cb798917389a2f73d52ce1f-4346507.o
created: 1/6/0fc3a5046f0d821ba861a1919d8573-3055673.o
created: d/2/51e946bd9c38093380cd3b6c85e3f2-4368394.o
modified: 2/6/7232a718b1b5813a1a7d5ecfa8b98b-31861.manifest
modified: f/0/d32eee48bdd63438c0f242d1e5125f-4749.manifest
modified: 0/8/4ba4f05b95c4e45d6c5aa270b92b1b-4694.manifest
modified: 6/stats
modified: a/c/604ab69cc20423cdf487ca231ff080-6063.manifest
modified: 3/8/d10aa4e14dcdfeffe92cee6bf3795a-115470.manifest
modified: 5/4/8bbe13f916f4c68a595f8f7e85e054-5401.manifest
created: 8/1/e577e79c5fa7ac9ca874764e12c99c-4240129.o
created: 8/7/977985e1d036bcb1f1b57a4381b5a1-4699190.o
created: 9/4/6e863586234a36ce1817cef447d956-4741712.o
created: 4/0/a6c3bc95293325db33aff671af7187-2816967.o
modified: 0/d/fde96586b487e32b77b4c5bef6bd2c-4577.manifest
modified: 1/e/1dd31d1bd8ededf1221cfcf9207761-30923.manifest
created: e/2/7b9400d652c184245e3517f6bc48dc-248836.manifest
created: b/8/7ca1c3e3ae6c9f4806acec81e0303e-4383083.o
modified: 5/6/ec039d17c9f8adec9240db4115f5ca-3031.manifest
created: 7/d/0779947440141d8f0830bb8c5c01df-2508906.o
modified: a/7/15c560bca1f5b333453f9f70bf997e-3188.manifest
modified: 7/4/ff676c1db631efaad643690203b6a7-3743.manifest
created: 9/a/2e92173738dc43b8182b5acf1aef84-4385772.o
modified: 7/9/040618165b174e4138aef5b23a5921-15525.manifest
modified: 7/6/8fb34587cabf8ba8b9e6f548759435-9028.manifest
modified: b/2/935fc932a8327da3587404144f12bc-5358.manifest
modified: 4/b/a18ff5224e55b75ee2f9aee082563f-2564.manifest
created: 8/8/bf859f4fbf7106bea4243c0d7be9e2-1645.manifest
created: e/5/b598d30974805399ff88b21e7a5966-4324749.o
modified: 7/e/5fb7045870b18544a193d5eeb8dc77-5289.manifest
created: d/e/d2244315d8d9a63b1d66b5f658eed8-4355427.o
modified: f/f/51447d5774e0f74cb630200205a296-3107.manifest
modified: 6/3/5e20f91db5871c85c1567c430486d2-17095.manifest
modified: 6/4/cda53a56b7343e30794e1d7363a3ca-3326.manifest
modified: d/2/224a4d77aa2bd446d44700cd333a50-7630.manifest
modified: a/f/3492758e53dc437640d2853e7e0ece-1552.manifest
created: 2/f/745af213762f6eecdecd7e5995f428-4728710.o
created: e/d/17ac2921304746dcdec392f7ed6533-4728493.o
modified: 8/3/b4d14a9b07bbea339998be2cda74a2-7277.manifest
modified: 9/2/3d125cfd3106837e739b6d32b67378-3223.manifest
created: 9/b/bd6001100b6bbc4b37838f2ce8db79-4495788.o
modified: 6/7/8cc2168eddddb94be98b18e3b00938-2947.manifest
modified: d/7/efc49ac820dd3d6622114eb6976594-5755.manifest
created: b/c/2aa658e99b32e4d7347ce8f0415e44-4457185.o
created: f/b/7ac8d0119c639261fb5665618af661-2766157.o
created: 6/0/71be64d379f663123d891b6adba885-4261439.o
created: d/2/dab94e22a469f8ec173ad6bec40b39-4384386.o
modified: 3/d/7b0bae0cdb069b9f8403fed41b5359-6888.manifest
modified: 6/e/ee5ac086330c6c50d964564ff4dd76-2448.manifest
modified: b/7/70fdf22886f95be5ce23b4acffd613-4974.manifest
created: d/5/a14d55f233f7d1c06dc60055c5e53a-6093691.o
modified: 3/a/d8448b05c9bcee901a0e76ee9691ed-4539.manifest
created: a/c/5a21b7cbce13cbc846697dec56b2ad-4417968.o
modified: b/7/103d9bf2ef083555ffe213c6eb7942-7556.manifest
created: 4/b/4c11e2fb8d5a47e110291026ddede1-4801854.o
created: 1/a/5febbfdeb5871db918a58bab067762-6356985.o
modified: 7/0/5fd284f3d348721b77abed4cd530bc-7085.manifest
created: 0/e/aa3153304bcf2c70bc40ca32dfdc29-4325648.o
modified: a/1/5b1c8b08011b86e8698852a0e510ef-8373.manifest
created: 1/b/69188765bd2690955aab43316d3009-52219.manifest
modified: d/3/f9c1f811379e59b1dcfd094f7ad93f-2717.manifest
modified: 5/stats
modified: a/7/3b96c55f9e610b8e00ff1744a71dba-13175.manifest
created: 2/5/4a4a741237806ffedc7c085e2bd6fe-2500057.o
modified: 7/e/0400bd1bfccd18d4df19af45f62545-8005.manifest
modified: 9/0/c571cb10c5f49b250b3b3954d94b4c-8402.manifest
created: a/4/fc9ff499f0812fbe485e464814c866-4383567.o
created: 0/7/df8f0f5103bab75b68e2b52fcaf8bf-4371392.o
created: e/5/bdde4d0b87ef6ac735d2a7f866c9ac-4324334.o
modified: f/1/99cc6b4d21f6bb0fbce7a7ba9d6c41-5400.manifest
created: 9/d/c726e68f4a5d74f140c904c72aafc9-6314860.o
modified: b/9/3c292c372f6050e4d15d29a62b861c-2682.manifest
created: 3/7/8e12e38ee7d7d34ec605e1d5407c64-3145744.o
modified: f/e/072907456eee5f8fe27b68c6e382d2-8565.manifest
created: 8/6/6cbe0b6325fcbc0857700275995e81-4369921.o
modified: 5/3/5125e8e6252490c13017726bec8588-15731.manifest
created: 2/8/4a6f65343ac0a7b1f44a8861bb45c2-13809.manifest
created: 4/6/903a388a938c4214e0b535725e2ca7-4902130.o
modified: 6/a/d829892ba82d7e052eced1912226d2-7301.manifest
modified: c/stats
created: 8/9/11c75d8eee8fba8ac22a468980c74e-4377751.o
created: f/4/1bbdd2e9c267b0cd0d76687bb88bfa-4328649.o
created: 7/e/ea3aa1b125515558060b363c6a3ec4-6015918.o
modified: 3/b/e6981bb8414bdf5532b14e219ba635-10111.manifest
created: 0/a/626c12d0453846605a6d4fb1f9c17b-1510.manifest
modified: 2/0/33046f5a2ced6d6233a02f3b9e0584-2785.manifest
modified: 4/e/a4eec17605115571cf24777a2f12c2-33792.manifest
modified: e/5/f6f1764a2a25868290698d19cb3f3b-2961.manifest
created: a/4/af0f2aa268a198169d915c177fe2b6-4840476.o
created: c/8/8e40e601523a3457773d2999bb1906-4323425.o
modified: 3/1/24dd271e8c298757a8bb909a2a262e-15453.manifest
modified: b/4/23b15dbd08f4e38a870f04df16c8a2-4332.manifest
created: f/9/d2cbe0b7aa3636f0f9ad8999239bb7-4352628.o
modified: f/6/fed33753ec356df6a69a104ce977db-2296.manifest
created: 4/1/d2519cebdddd732d0f26d38c2d4249-2540684.o
modified: 4/b/f8b8c8f8d69da53380818e5b8c02d4-50137.manifest
created: d/4/70a3d8f2969f3034b0f0088519e78f-4362668.o
modified: 9/2/418667f8ab564248476dc7ae35c726-4048.manifest
created: 9/8/a3b5c4bff63bf2792c22ac58a18c00-4953194.o
created: a/a/4c2067be9faaf7b52984218ab187f1-4384398.o
created: e/7/f0576cb1f33487d8e123a463dbf401-1780944.o
created: a/a/687c8c47cebfc7f3b1531154a4484e-4755133.o
modified: 0/a/0c92be65b94ef6bd3f19aea9ba2d21-39416.manifest
modified: 4/5/3b997ac54e90cf492fe151aba6ff08-8374.manifest
created: 4/9/2befb08efb83cb59dbd4e1041c8193-4351795.o
modified: 9/3/fa8f8dd2f3c15ae3530456267a05ca-3227.manifest
created: e/1/8f54d52372f173aa1e0af43ab213a9-4836511.o
modified: 1/8/33afeaed828899d64c65ab4c18f461-3805.manifest
created: a/8/e3e8647bf606c4937fbb14db3fd1b1-4704421.o
modified: c/d/8ac7ef5801a3ecf573732b6c0812b0-3272.manifest
modified: 9/f/b3922faa93a92e459d048875eda571-2490.manifest
modified: 6/9/68f1cf58173b8531aca3675f798427-1975.manifest
created: a/0/3359e9f91034963ab9917934888fe3-4324675.o
modified: 7/3/51c765ec91bb8326543b7f8e68891e-5358.manifest
modified: e/f/79bd8512bceb9297316596bfd33121-13578.manifest
modified: f/stats
modified: 7/d/033ee11b4e2f51300f16fe6d8b01ca-70737.manifest
modified: d/f/71939a931aed9492e3112e9191bc68-6503.manifest
modified: f/4/ad5f48c7c5e81a4d7c92bb5e9db122-2660.manifest
modified: d/f/6a11a2e06001cf0d7926260677a4b6-10312.manifest
created: 2/b/477e40d63f3d26169528062f9ac781-4822367.o
created: f/8/c1df6dd8ef566116c08a3ffc9b5f35-4837000.o
modified: 0/8/38544f013701281d3b9d684ec69c47-10703.manifest
modified: 9/b/c93b216af16d2a0668fc309968f7e5-11182.manifest
created: 9/d/f555f9d4262e3dfb12542aa2df62f1-4358323.o
created: 0/5/e2e0566b7051fa05b3814ad9710477-4380311.o
modified: 7/5/c7b57542e11a97cc53f9456e3efe6e-5306.manifest
modified: 8/c/a894a56c45359837ce6fb5913612c7-19410.manifest
modified: 4/2/c7469cbfc9631a4c725693755115b4-36165.manifest
created: e/2/9abeeb912531403658e02b66a1b652-2598.manifest
created: c/0/368984408967eac71a79427469daa6-4328931.o
created: 5/b/0de6a10f802386bec43cb71fbacecc-4590310.o
created: 6/1/ce50e28b29a3892151549b9e2c915f-4879061.o
modified: d/c/fa8f6baf7b8d923bedad2dce46efdd-4539.manifest
created: 3/c/7ce95d665a4864d57c174a4b37e15d-3997690.o
modified: b/5/cc6c3e3cfb1f5e68f8651e77959d2a-8386.manifest
created: d/5/fe9d4d7194cb6c4caec4d36fbb485a-5380221.o
created: e/9/94efe7f715cba585f5a6d1b5ccd7dd-2418.manifest
modified: 2/7/9ea1c6c8550af07307dec0631dcab7-2194.manifest
created: 2/c/a57e6b7cdcce313865e8239c36f2f7-5659394.o
created: 1/5/2f1b9af16d1c06da2d6cf6fe82514f-28745.manifest
modified: b/7/21c9cd6f34cc10f984f833556b50be-8719.manifest
modified: c/d/192898d9fabe071c403ab39babe9b4-15865.manifest
modified: f/5/9eebd71eed70ae1f00ff5b4981ca9a-14490.manifest
modified: 6/1/64e45895c4606f4fd0f1438dd55d0d-5391.manifest
modified: c/5/c3ae2f46ad5e02b660e6d191bca5a2-2527.manifest
created: 1/9/0632f1d7d27a61b30dfa7781e27d1c-2780141.o
created: 5/d/39963685a4c472315ec9da55a86a43-4443797.o
created: 5/e/05271433fcfc11a21f9fa26e18e57a-5271713.o
created: 9/4/ec69a97ea53718b5691cbe9f80bdb8-2928808.o
created: 3/2/0b1e4579fb4413ccb7811c22147495-4265400.o
modified: b/f/cc58d8d34d9c0a58bff44f2a090942-4226.manifest
created: b/e/e1e8f1e4c5237e3d5e9fc5351da134-4327032.o
modified: 2/e/2faf5d633daebfd41dd53e5ea604c7-7405.manifest
created: d/2/775e38a79bba69ab8dae598a4b4e9f-4727661.o
modified: 0/c/6360ac5804e6690c4788d9f3b65418-4360.manifest
modified: c/d/949c814116e00cfdbce1df120c2741-1817.manifest
created: b/4/ce0bc4e12acf895cef7cd92d3f89b3-4496361.o
created: 1/8/db2266da79e65d85abba46ca0c6c71-1692.manifest
created: e/6/8e8c441e400f4a89babdda685b9c34-39130.manifest
created: 8/1/1af8e462352d677ed18425dbca44e0-2207.manifest
modified: 0/1/5a077632b9af06c11caf479ec04044-3375.manifest
modified: 0/8/b8511f48173f25c3dade917b4f7437-6869.manifest
created: b/a/e28762b7856bb20562557fabf807a2-4326048.o
modified: c/4/95d52ed8cee2cbf9f512ab2f24350a-6689.manifest
created: d/7/9aac2836434bb18de162f9027bcd9c-14026.manifest
created: f/b/24282d1161ec06d2ab47101409af9f-4283.manifest
modified: 3/7/9f1e7a292cab318bce53a1c01ea4f1-2947.manifest
modified: 6/a/c3b361c467aa60a8c49b0e38dd1118-20516.manifest
modified: 0/8/13d8476cef3ac38f9f2bc13214390f-2280.manifest
created: 5/e/438d2a90a7b666a07af0d4aa6089b0-4740196.o
modified: f/a/f5907f11f08073879ca237d1a53b8c-2852.manifest
created: 2/0/e87f0dc1a618e10b15f122716cd13c-2819304.o
created: 3/9/ed8bc63bad5fcf5702798e18f016b3-4831954.o
modified: 4/f/6094171946e991c3f49a9fb0be4e9c-8567.manifest
created: 8/a/ab0aebd0ae3976a43e4472f7498117-4519.manifest
modified: 5/0/39f18a9489e56aff2265e7d5430920-1644.manifest
modified: 6/8/257d79338e6a2a131109f50bf9a126-30868.manifest
created: 6/3/cea70fa749d598b88623c51ac0e427-2760970.o
created: c/c/74ef30281fd3d9cfd6049b8905a386-4380683.o
created: e/0/f1b93314d8dac34e99302c8095b276-4716.manifest
modified: 9/7/13db3e5745413cdefca2daf527bbed-2748.manifest
created: b/3/14256975704e7a9702539d3087d190-4740495.o
modified: 1/9/ce874034ad62b4d758dc49964c737e-46075.manifest
created: 9/4/ff1b7a66d4d2ceea3cc719f022d2c9-4697603.o
modified: 0/8/bc0274a29bfa6e310a9f6f5ae54467-2824.manifest
modified: 9/stats
created: f/c/302ff45e9dfb843119c1167f6dda9c-4772069.o
modified: b/9/b7d9ed92bf48513f2b7f89a8659e1c-2060.manifest
created: d/0/835e34c1b4f949fb8cf97e56e8c617-4867492.o
created: 8/4/e812937fb9134b9c6bec52afd8149e-3055685.o
modified: 0/5/1000cc9a1e93d2caf451533f9a474a-7843.manifest
created: a/8/661f9c93747f6da63d8ff6c52f4f66-4719855.o
created: b/1/6b9bda858eec2ce1354b9f33d4a53b-6098190.o
created: 3/8/d002e98d5b4ba1b3fc21928496cb45-4392366.o
created: d/d/922e4c60f844c1726b15e496f7a9cd-4916819.o
modified: 0/stats
created: 2/b/fb17876e71e65f728c16ed75ff069f-4761494.o
modified: 6/d/2fc84364d8c658980dfff434810f15-1741.manifest
modified: c/3/f2dc5ba381eb3bab9d35a7fd348b27-2522.manifest
modified: 2/a/b9c36b093210a18852c1efe33151d9-3451.manifest
modified: b/f/800b92442dfd375e3b9b59cd6393e7-2599.manifest
created: f/d/29bb05215a15e37582d86b5d8b23a7-6413.manifest
created: 9/9/d8c4cd9822c53e7057d2918997e2ef-4704531.o
created: c/3/c8b31a97bf7621b42f73c2ff549860-3181320.o
created: 9/8/655de7f4b1fd48aa0fcdd1d8dbfbf8-4739328.o
modified: f/f/e1d53dfa8c7fec116da55e0c2dad28-2886.manifest
modified: 7/4/02751d5f83e821592678aff2fc9b0e-2461.manifest
created: e/1/673bcf5323ea9c70d5f53b82b7e410-18069.manifest
created: 9/4/5324db515cfdd61dc058b02dccecbd-6647817.o
modified: a/4/bc26e032d23bdb78891445d1dabdb7-13295.manifest
modified: 6/4/d7602fbfd3ae78f2b5b6bd06b06a24-13864.manifest
created: 0/3/5a5a295c8a8780c210108577005373-1565.manifest
created: c/2/b377743ce5e571dde1bf06b5b0775d-4732139.o
modified: 3/0/12d7579606385ed220158f50121646-31186.manifest
modified: 2/f/cfd6a914379a8646427e1e08f901d5-19694.manifest
modified: 6/2/39e73951739e6406430275886fb5cd-48759.manifest
modified: b/2/04476105be7047a9809cee9273784e-15908.manifest
modified: 4/9/fd136f446b8f11cf48e117d26d5e0a-3687.manifest
created: e/7/3ca811d6ee89414d61765052938571-4590298.o
modified: 3/8/1d962c10f642598c4d50df5c80d635-4200.manifest
modified: d/5/2e0c59c1d3d0f04276fe2620c0eaa5-4826.manifest
modified: 6/4/f44bed96619fb0cb6800de5c5137b9-1767.manifest
modified: 8/stats
modified: e/3/8c66bc47b4dd69bb55881e222a78de-32662.manifest
modified: 2/7/cacb8fda6cd29c813d0f32ba873408-11408.manifest
created: 8/0/8908b13242f0a8e54b95f0e182358e-2976.manifest
modified: d/5/2b25f6cec1448bcf3d88adb4c3a59b-80764.manifest
modified: 0/1/963e4f25860e86fe0525f273f0a273-3546.manifest
created: f/9/5d02fe38bfec226eda539e6c0846c8-4324176.o
created: b/b/8a2b83043bcda7d9d4d0279be3992a-4323563.o
created: f/8/cb44b87996a4b4c2299f0dc98fb1d9-2501745.o
created: 8/e/2aad4046b7c28cd9f478fbdc8b6879-2239.manifest
modified: a/7/e96a66db3e9712aad887c8857e4c9e-19612.manifest
modified: d/5/dadef1b5a4ba3e68ad41fc40979654-60920.manifest
modified: 0/6/96c1a240226acdbe9bb9f5074a04a4-5330.manifest
modified: b/2/e8843a24fb883d9be855794b12f86e-2992.manifest
modified: f/8/b389ab587af426027c3b81b944978a-6495.manifest
created: 8/5/25f47a6703f1c95efd6979c98447ad-6977.manifest
modified: 2/6/36df1ab0bac0cf19f69d530179d6fe-7541.manifest
modified: e/b/697d0bb6f11d8b6cb24c4a94ba35df-11778.manifest
created: 0/2/732132ea4493dbe5feaaa22e9969d2-14401.manifest
modified: 7/b/a3a8f04367804e72f74c77f110026a-9200.manifest
created: 2/d/b5cdc29946dde9c1917e8dbfd8e2d9-3199681.o
created: a/5/e3d033cfe1aec4f4fccce10e0f6cd0-4326596.o
modified: 2/0/7d31b226843d9da7b3ed4ffc3f0501-1794.manifest
modified: b/d/74d5bc1b24235e68b560dd8cfc3133-3548.manifest
created: 0/0/3d92d41b03a50735ca96c88836537a-3500.manifest
created: 8/3/887b7491930a82e309b93071884d2a-3087237.o
modified: c/b/6dbe1d69ac0d8b492624042bcbc896-2662.manifest
modified: 2/e/b3cd2ee616e9b2a60cbef28be4fb2d-14582.manifest
modified: 6/e/aeb53857da346e1e582e9e20095d5a-11303.manifest
modified: 0/6/9a74339c5eaefaecc0ad77d12cb386-5963.manifest
modified: 0/8/c0357f410ab83061a31d7b8c70c065-5206.manifest
modified: b/4/5c3a0cb45fed6d713fd94063a35c4c-18467.manifest
created: d/0/65c3f3a310e0452a4d551b7e34c081-4361060.o
created: 6/d/f04ef74d2ec740e98ece05607cc8e7-3000741.o
modified: 0/e/20d1494749a7124f83d2e9879e0e3a-3626.manifest
modified: 6/a/9094c224cd69a2352fe0440b9fb97e-6083.manifest
created: f/6/94f6babb2b4c93cf2136da9734758e-17649.manifest
modified: 5/b/fa941e0c501f23e68000c832b42a90-19473.manifest
modified: 0/e/acc72c25b608a271010c797ab0ea8a-10507.manifest
modified: 9/b/3f35a3dbc711a7b30c28336334ac12-5255.manifest
created: 0/9/161821b4f45f3995ad1ed1411a2473-50496.manifest
modified: b/4/bdf1596e3dd78f70e8d95a36fd11c6-3212.manifest
created: f/c/4544ab03a68579f0846c1a2ed17b11-5097.manifest
modified: 1/a/f8969d4bf20e2b487a5b6d214d6698-9448.manifest
modified: 6/9/9856e73ed3ecb787d1ab8938438eeb-32876.manifest
created: c/f/9ae4e9f8b454b4ac727e05fb6dadde-4342913.o
created: 2/a/772e4b9150cd10f03de35499517d3e-11785.manifest
created: b/6/41c6c05e211629c91d6b1e4217e4cf-2497573.o
created: 9/c/501d193e5634bff4d56ff1714962d4-4349493.o
modified: 1/1/378983d85eca92ae45c58720a7a60f-7660.manifest
modified: f/5/7dd20d54c0d4dc1329decab3779e89-9381.manifest
modified: 3/9/4b9a02f45e35c1444f0ffd83fafba5-57604.manifest
modified: 7/a/b0583ee29bcc6c7836c71ea9e53900-4238.manifest
created: d/7/36735ef9161ae4e49f6402fbe68444-4339616.o
modified: 3/3/eef8bb1c29c47a6748dc5aa8573a02-3919.manifest
modified: d/a/a483831113c8699aeb78661fca2c2f-6238.manifest
created: 2/2/1a44ec58ceb7f7d085654399aac7a1-12976.manifest
created: b/9/0aa547ea5de3cdccbedfc110cc8f1b-4324531.o
modified: 6/c/fe184e34f0ef59b81e369960a4afd2-47647.manifest
created: 1/3/45d5477dd19fc447f5212524ddc296-4444242.o
created: 8/f/7d8a34e043c89ffb40416f248620f7-106515.manifest
created: 7/6/821c45e065f2b68f2098b2c5d7ba7a-4836075.o
modified: d/7/cfa49c04a84d48a9fecbb817c3cc6d-6762.manifest
created: c/d/27a69e51514f65a97a8da78d4a941d-4324989.o
created: e/2/76513bf71d966fe6ffa03eb55684a0-3271.manifest
created: 0/7/c9a0937f3912380b5395a28db4ce50-4719276.o
created: a/c/d335f3191f6aa6716fff15ba3011e4-4388191.o
created: 3/7/42d5ec96b29f6235f1b22835638088-4326093.o
created: 2/a/318e158723eb651139bb4c6cfed58a-1935126.o
created: 2/b/f961bbfde3957abca581bc4f68d7b0-4741939.o
modified: 7/5/d54edf70d7ca5b8290e6ba6a2cddf8-10630.manifest
modified: d/1/d5a1b84e820c5e354714b9eca34c6e-5846.manifest
modified: d/8/83cfe7cf4c67b725b7c2a9ea5a0a92-6404.manifest
modified: 0/0/01c252fb29ab2807d564bba989edeb-7394.manifest
modified: d/e/eb8c67af992a6e78f0ed530a5f6a33-2376.manifest
modified: 5/a/cdbda5eadf566f3f2bb105ba7e51c7-11413.manifest
created: 6/3/af4460b2484f277234a6eb91c02470-4802897.o
created: 8/5/e77de8eb3aeab34d54fcc07d08c0dd-3661.manifest
modified: 3/stats
modified: a/0/910000b7d715e7b610541fe30ed70c-2332.manifest
created: 0/2/dc40ef5839829420f7a1936c72567e-4330474.o
created: 0/8/83ff04d58232400580c1282deb5bed-5378.manifest
created: a/d/7c29760493d084b363258910f162c7-4383429.o
created: 0/2/53b062f5c21af88016b5db42f7360d-5014747.o
created: 7/6/faa0de9c66b29adc29b43f23807beb-1935114.o
modified: 9/0/94ca4769531427cce419d098e80c5c-15366.manifest
modified: 7/1/ed7e68258cb20459e90c7e31c2a5f3-11015.manifest
modified: e/f/398761fc4839ee23df8e991099dbaa-1965.manifest
modified: 9/3/dd11260c802f991794892876f1d568-2116.manifest
modified: 5/5/fc458daa1709b3067a8e0e9ba66eec-24470.manifest
created: d/a/1acf046e7ce67941e568085907e6ad-4914569.o
created: 9/2/3903a1dd0637804d5ab3c4a39e4d9a-4578071.o
created: 7/9/1e13743d2a9b4178a758a34370fd1d-24338.manifest
modified: 5/7/fd5618d7f5bb8dd0fa68684bddbd27-7937.manifest
created: 7/6/8ec76d8fd5e9cc906436746f4ef61e-4326215.o
created: 2/a/04b8d7cfccafc327257ab1faf781f9-2321696.o
created: 2/c/ffe9de308a45ce3698c0e23e234f4d-4323255.o
created: 3/7/e5170972d0d234ca79e156759e2948-4325332.o
created: f/9/8a7c7bb22eedb5d69b8ca1896bbaa4-4355821.o
created: 8/4/cf660b7068e09baa2620d277fdac47-2152.manifest
modified: 0/9/b60b9341719827348931c384a16b4c-4763.manifest
modified: e/stats
modified: 6/4/1b2cd685489cfde103c7277eabac76-5276.manifest
created: f/c/4e75a87958568c037a4229441b60f1-4788769.o
created: 0/4/0814d364c070280c9bf8b211c9a28e-4836914.o
modified: d/5/028d7efc8bb06310ae00ca897278a4-1993.manifest
modified: b/c/e608ea40331960bdce51d91276cb00-7882.manifest
created: 6/9/1c2a4050ea4852d9f8c1e9e7115926-2500025.o
modified: b/6/745af928f2dab22ca1974405f79770-7400.manifest
modified: 8/d/c7c75cdc1d0ed67ea6b793fd0feeee-15612.manifest
created: a/f/54b222ac88648e0f6f2dd913d1984a-2501713.o
created: a/7/62e82898a10047957de5f076f275bc-4521539.o
created: 9/b/16d66395ff208b907f67bb76951171-2959712.o
modified: e/5/446fd0ff5d9c916b5a8c68910982de-6800.manifest
modified: 1/9/8353c787629a4bd8746e35064143cd-2130.manifest
created: a/7/9d996a0e30c7bb7c0497ec050d7186-4855896.o
created: a/c/d3a0c86893506250d5ce0c70db08b1-4324230.o
modified: 1/9/b438cd030cefc87dba8c0e48ad3e9b-2364.manifest
created: 6/1/91e1da7c3094d7d1232bd2dedf9c39-4340939.o
modified: 1/d/731204df2c2618f2de7758a4735dc8-3407.manifest
modified: 7/a/02b30cb5272ec5614b9a67ec66c9ee-45650.manifest
modified: 6/c/22ea96bf937f1674dec294a75b10bc-11902.manifest
modified: a/6/3e8cb836f24fdc15f2623e9d28a594-63418.manifest
modified: a/2/46c02c3685c1987303734cc0fa3a96-9143.manifest
modified: 8/b/e747a5cc15935160444c74a84b57bb-15683.manifest
created: f/c/41d7bc03cc38c90c251f468a9e51c2-14899.manifest
modified: 4/1/156cf78ab5394d324f84302cfadf70-9571.manifest
modified: 0/5/3e0408085be08f1b0a34b85fdb8620-7376.manifest
created: 5/a/d3ac02ee5fe03b85a4ac31f78f3bb7-3099991.o
created: e/a/342efe85372f64288ce5a31a886c90-4896630.o
modified: 6/e/4f302f7119395aa7620db5839a668d-1425.manifest
modified: 3/9/bf598feaa764c99f39a90f47a259a7-6790.manifest
created: f/c/1ef81292abbb2b7b2bf656013a4599-4346032.o
modified: 9/8/3689cb299d346967033481ff70cb92-3850.manifest
created: 4/1/2f08408bd807547485526e4211f9ce-2766169.o
created: 5/e/c0060bdc506cfdd5181d7fc04b1f24-4971243.o
modified: d/0/9cbc6ace4b0022124085306619557a-3145.manifest
created: 1/3/fd396711275efa4223d1106be07275-4428799.o
created: 3/2/0e787497a4ce7242e3523f0b7ff8be-4452989.o
created: e/8/d8f97d7b99d6be284a78a99269ee21-7722884.o
created: 1/c/12d94837d1e2d7ff59b8da16d01fd4-18308.manifest
modified: 7/0/30e4b3736f3b2c00f1a645c2f8f64a-3476.manifest
modified: 5/6/2a990d4a6a400a79f1bda10b9621d7-9467.manifest
created: c/8/5f68e9a24c739b1147710e2b4e9cf4-7004057.o
created: b/3/4e2a090efa90bd6c8ecd2fb96d412d-4423379.o
created: 1/5/a01b01cb7b4305a205f38201bff94d-11708.manifest
created: 8/b/a809fd3fc9da5c98cb7ebbba46870f-4327614.o
modified: a/9/98640c2050ced1b02a03f015fdc71b-4785.manifest
modified: 1/6/913afe10e96067fa3273867bfdb9ed-4086.manifest
modified: 7/5/8b1402687b6ed36534672db9161953-14207.manifest
created: 0/6/fde43163f3ceea07dc431cacaa5a3f-18533.manifest
modified: a/4/2456606b5c1c214e282a455cb063f1-39185.manifest
modified: e/c/edc0408109a9649e5c5da0155eb4be-3287.manifest
created: 1/5/bef1a4ed65276e00fe8ab937d666d1-2090.manifest
modified: 2/9/de92a5166ef7dec56375d1436ed455-2926.manifest
modified: 9/b/234abca8ee4a15f5a320cf980b829a-15918.manifest
modified: a/6/3d9ffd5905e6183d0999207e644d32-2004.manifest
created: e/1/ee273aab1a784704b5d9ba29f63fc0-11211.manifest
created: f/0/347e504f29cc67b7bd12d9015274b7-12095.manifest
modified: 9/9/5703af457e2de08d0c1dcd0b6d289b-20853.manifest
created: f/b/bc12f14cca0e5be0c65be695aaad87-2277.manifest
modified: 0/e/3bbc23e74fc09d9d63400bbf415cba-2714.manifest
created: 5/1/e8fe339647a2fae555b7fd6eeaad87-27544.manifest
created: 6/d/e6e880b95e17d925e5a06da243d6b3-4733477.o
modified: 3/6/bcd0faba996108d93a9cd6605a0bc0-33339.manifest
modified: 5/9/a5a869066b74ddf166be03f9f25ea2-1759.manifest
created: d/a/6d001b7b3a865ab4b4854ee164103d-4798371.o
modified: 7/d/11fbaf34440e001cdc8ace796ce8ab-62682.manifest
modified: 5/e/3dfdf37ea9a0e30dc9293c8e55b295-2617.manifest
created: 5/3/2e507dddde04c8ea000f4565db995d-4351569.o
created: e/a/3135961ed812bec889a13120285034-4358335.o
modified: a/3/a681584b6b568aa5612e6b8feb7edd-5194.manifest
modified: d/7/50da530f4a3d16a462e58b14b3326a-2743.manifest
created: 1/b/1cf38ac65811db1eb0c1eaaff2ba14-7779.manifest
modified: a/5/cbe6a677f951f1d196e051e3907175-6077.manifest
modified: 9/3/0a327cbbed9fcb0630f49d08d9af8f-7482.manifest
modified: 7/2/22f9e44ffe12dbfd9c66d37445f7b3-5061.manifest
created: 5/3/b39881ef0874abccac7a6dcfae5d23-5070935.o
modified: 9/e/8c06e800d43c60d89b151ef7c8bc5e-2441.manifest
created: 4/9/ac5d437388d9a33e4a4f57f833cc46-4845310.o
modified: 5/0/55815f186de996810854f697a723b4-1728.manifest
modified: a/e/aea40d4f57f85f6b7101997bb6ac0d-8206.manifest
created: 9/a/6a72e5b037f1fafaa22f09a8030b25-4265388.o
modified: 2/4/62c696d32f655b7af0806264d54be7-13488.manifest
created: 9/1/3d7de049e2a3587b7544a79bce6ff3-4388938.o
created: c/e/630d3ed5b62414204378b2b3bba8a1-4464412.o
modified: 3/3/7397ba15595bdb04b924ecf2962e68-2912.manifest
created: 0/5/8497f576a3d1144ffb2cb6777ae301-2919.manifest
modified: 9/f/48a4e6b3900ce0db046c69d22f5886-9469.manifest
created: 3/d/efaa16ed35dd8185362a7d6ee95a74-6197982.o
modified: e/5/94d99ba28e7e4e50c9e4e72e13b95d-5137.manifest
modified: 3/3/b191c584743d87ad5b24cacc94e427-23781.manifest
modified: e/6/378ddbfa21c92c133b2c7e34e0a1b5-4261.manifest
created: a/f/62de7d2889a7a1962fc50acf6ab3b7-4326171.o
created: c/6/6bb030ed9392c6e0132eb5122ce494-7543.manifest
created: f/f/e5522ace58bcca0339553253272992-3157291.o
created: 5/1/b0785a9f02caf2c3a659d0bb91753e-2747069.o
created: b/5/6d2ab96ec8e10264ad57a088223845-4389909.o
created: c/5/db0b57001de7f72d39944735c83590-4473123.o
created: b/f/b5a2ee5962edaccf1fb15fd4c9a704-6569653.o
created: f/8/279d0b418c7f7f0f49faaf32c526b5-4923.manifest
created: 6/0/d36c7ed886aca507e02e1539821716-4397607.o
modified: 6/2/11a09ff9155d4f297e3b4e65d13233-1907.manifest
modified: a/0/7b8a208c9cb3962f4f7624cca9982b-12277.manifest
created: 2/9/6779e7a1a0a160bd13ee72aa8fd942-1826.manifest
modified: 6/f/ed6470d5aaa406755094c6fdd39234-2889.manifest
modified: b/9/50c6864d32622f9814da4dc0793ead-4006.manifest
modified: 0/5/06eb60c99d6ee1407015a6d617ca24-6766.manifest
created: 9/0/c9a9d8f1bcecb09f3e884e563f440c-3730421.o
modified: a/2/1ee09358202c5af685034742b22526-13543.manifest
created: b/3/2cf7e58badad7c3ee6ce3af058f2e7-4370172.o
modified: d/a/2174da41bbc6a42ab5a7e7bbe4a66b-2111.manifest
created: 2/5/5f2b5374724661ebc4ce72bf590cc5-11279.manifest
modified: 9/d/ef05191df8ff57465b7d06f2173c65-6279.manifest
created: 6/e/894f9c775913d33b3e36fc0dc8f626-4366173.o
created: d/8/0657163903fe6e29308d10d1c9ca7e-4853649.o
created: c/3/2c30f68902925c8b51da00660292f2-5290.manifest
created: c/7/a6ce0fe50ba585f56d646fae7079eb-4384686.o
modified: 5/3/e0e3bafa773da58ad6de10e0919bf7-32044.manifest
modified: 6/2/227f6e2b3ba5da31ee2eaa8e1fe1e3-2974.manifest
created: 6/d/0c7598552fdc47e6d052447c677c99-6143555.o
created: e/3/e39226dc1d117a5b9944a8b566a15c-2674614.o
created: b/9/636bb39e026bfe84f391155486b8ff-5106787.o
created: f/4/4ad4c9aca4e61dc3948593f29a2ae5-4456.manifest
created: 2/8/42e26a7a8c23c0d5c3256e69879988-4712233.o
modified: 8/3/60fed5847ff97af219973dabc8efb1-19175.manifest
created: 8/d/31c15dd54a02d0777622e67043e331-10705.manifest
modified: c/1/9033bd8c6ad7a55ac1a094b7cdd7a3-3644.manifest
modified: 5/6/ea28378f9e771919fd9229ff872b1d-2218.manifest
created: a/4/39e5f2ab5d4b9a63aaa791d6cfdeb3-4372715.o
created: 1/a/e09c2fbc57e05b79c64c6d44d307cf-43694.manifest
modified: c/c/4e91144fde53b0ed216335f7c054d5-4013.manifest
modified: f/1/dc9640d423ead49230326497c622b5-3610.manifest
modified: a/7/f40c443a9b787932961e6749f529b1-7267.manifest
created: b/e/c50ead27b736be9a667fbd619413e4-4909030.o
modified: 9/c/51d0a2b0e4ed2f50d7b9f4ea3d06f4-2461.manifest
created: 8/f/eb37ae1f3b4156d548c6794d231962-4133197.o
modified: e/1/81442487ad204d697875f7c04591ff-8202.manifest
modified: d/c/5c419669bcc6a347d18beaf4160738-5182.manifest
created: 1/0/0e21b50bda244aeecdda3f691fd771-1604.manifest
created: b/a/f976ec096c6794fc75d513dc72438e-4905730.o
created: 1/8/2a751cfddc2685f2ae4f0a3dc5b8b0-13976.manifest
modified: 4/6/d3dd8775c0e27a2468d6e7233bf4d0-5872.manifest
modified: b/7/eb9792bb1e453a11486d45de746755-5703.manifest
created: d/f/215190d90f51be4cba8ffa400e8666-4385590.o
modified: 1/8/85e0fc35e60c7e7d7c333aa8a6c15f-5805.manifest
modified: 7/d/a30a26675ccac19a623b298883fbba-2756.manifest
modified: a/9/a3b7a2eb970e65a58926dd68a29662-13161.manifest
created: f/c/ce1aea83532e90ff8f3c386bc14b55-3229.manifest
modified: 8/d/3ff07b8bf8c4789de3edd8d18f0225-6315.manifest
modified: 9/b/575eabac54106c31941352966c5394-5552.manifest
modified: a/8/3fae90b42aa22bea19163d314c1a09-3366.manifest
created: b/d/43d3c304bad26ccd28154f33c90ea1-2996889.o
created: 0/7/7c81e42d81abfd8047d03fc28bec06-4868652.o
modified: 6/b/339c71fb93ab9fc810b718317146b7-2945.manifest
modified: 5/5/521db635ff843fd6e78e78c871c470-4209.manifest
modified: 5/a/a751555f6d52b7f7bd105c99be0ac9-1516.manifest
modified: 3/1/6f333b9c0140eefac99e194681f388-6500.manifest
modified: 6/d/7c477da3cc588003e82c69f76e916f-8521.manifest
created: 7/f/7818456d3585a77cfe6ebe6d900b8c-3501173.o
created: 3/a/901f5156de46f890c53cd18fff6e6e-4286488.o
modified: 0/c/98d90b9c409d14b79f1bad6fbb7dc3-38282.manifest
modified: c/8/dbe2b30b72ed49f16a8b127ec5ce7b-13164.manifest
modified: a/d/a6845e28b6304fb5969ca2f8623f61-1447.manifest
modified: c/6/0996c519ac9dfbbc4ba7d65152c41d-1878.manifest
modified: 0/0/48fcf9cb46e8cbe74672d4e7b8a7ad-10305.manifest
created: d/9/8203434e849fc6f3b57bfa5208ac2a-2857944.o
modified: d/stats
created: 3/5/568cef55ed2254db50087058cf8e7c-4354801.o
created: 5/6/ed49b6f69eb4b98de01d146bd01b39-249728.manifest
created: d/d/24495fba248ea79486a81c4c66f67c-4332928.o
created: 9/3/3a063932f02581f1ab7d1e56a569f9-2994258.o
created: 0/7/d9b399742f019b04d6100e16d66583-4324515.o
modified: 7/4/9c7c510f1fec29915df319412272ae-3317.manifest
created: a/4/b84097669605c4340de946318cf5d0-4745007.o
modified: 8/a/271d51e423d36a8ed8243352f26b50-2375.manifest
created: 3/4/88033f4f4307f0507928c68661bafe-2547223.o
created: 4/4/1876786e954ff8b0fcf84e7f0d3f10-4380082.o
modified: 4/3/7d480f1db8fd64eab512e7eb4c9658-6376.manifest
modified: c/2/4366a7548756994b10b1be47ec47fb-5435.manifest
modified: 3/9/eeef5e6bca84a730816664a6a9c4b4-2885.manifest
created: e/e/63b5cd50a8ae43dd0bc6c4faca33c8-4360328.o
created: 0/6/55326747bd06a3d37efa767d6a4531-5156.manifest
created: 1/f/c7354348aed11165169614dd9f6812-1403.manifest
modified: f/1/b41ae6b3583cb585965626ed4af015-3187.manifest
created: b/6/6b3e869f28418aa25d8de55565035c-4471394.o
created: 1/6/8b69436cf1add5cf846c3ac7713cb6-43990.manifest
created: c/0/d4e7724dcad3eec3373ba77787e53a-2817072.o
modified: 1/e/956a15cf631c15b12425963151a0a1-5031.manifest
created: e/b/74b1b94e9fb9e46a315d7b31fe0012-2719519.o
created: f/8/ca085c6004c9ed0a950791c1610e5e-4324444.o
modified: a/0/38af7f172a813f9532bca110e14c2c-3930.manifest
created: 6/9/1bbd554118b9d3cb36f6e1ce669d3a-50619.manifest
created: c/7/20a3dae22f8f412d8576b84486303a-6555.manifest
modified: 9/5/3cabb1edd9328734f808ea8034aa36-3609.manifest
created: a/9/eeb4d2ed8cad95510b2b919a340ae8-4328576.o
modified: 7/8/ee3c0c32943eace63ba1e2c632ca27-20742.manifest
modified: 9/c/4e86329f86e2ed89fcdef21b99515a-5162.manifest
modified: 1/d/7d80a65514e0f4eda640b58070f6fe-14172.manifest
modified: 4/4/0d8bdd3e96cef0c4cdd4654fd7ca58-8467.manifest
modified: 3/d/ddcbdc51d0e5923ce6744542d486b6-5941.manifest
modified: e/c/8dd88fab9afdcdc83ab1b663123087-6759.manifest
modified: 0/c/430f69ca20a6e7b7ef31ef2fd06643-10044.manifest
created: b/6/911825078f34a741c62f052d62084a-2521.manifest
created: a/a/ec2e1dd8683c2544560682534d2187-2661034.o
created: 1/0/2ab194982cbfcb59833433fc9a2968-1780912.o
modified: 3/d/e1f5566276e91e029fe67b2554a039-28094.manifest
created: a/9/7046cd557b0dd7abac3754bcfb47ef-4485861.o
created: 3/4/c0799536edfd1c0c13ccf9bb34abe6-2498210.o
created: 0/7/efd717c6f745514a6c4094c8782a36-6417.manifest
created: 3/5/2d48368ae9760d7193b724dbf3dc7f-2812559.o
modified: 6/b/22fb78f0d15dfe107df56b13eb694e-5603.manifest
created: 3/5/de770b33295f4f597a2f5e6e3d591d-4330182.o
modified: 3/9/77de046bd3fa8fb009ba8b7992cc63-10499.manifest
created: 6/f/1ac3bc58081a292f5128a9306397b7-4704097.o
modified: e/7/ed21b190d8b8f450c39e485c3e2525-1944.manifest
created: 4/9/44534ec21da1f7341f6559aee7f3a0-4243322.o
created: 9/9/6f4fab314737cabdd42c2bb5943be6-2239339.o
created: 1/8/057de5c6d77bb2c094807a590fc9ad-3043347.o
created: 2/e/437230f4652403d1e991de0335e2c1-5122774.o
created: 4/5/09227291e0f225441f481e28b044cb-3137068.o
modified: 0/a/67b183b5ff16097e38a882260b33ba-17243.manifest
created: a/3/68814c5958941cad42ba726287c475-2297.manifest
modified: e/7/27d5bbede5f9178c147e66f5b3c5c3-5381.manifest
created: e/c/19c7a6eec00ef93b08485c08d0cb2a-2793612.o
created: 7/6/9c2ff96d4e46e26419ec619ed9094a-5010933.o
modified: f/7/f3e9bc661d7c43244bfaea7b3e4feb-94921.manifest
created: 2/a/671019925711c472b323a5d14062f5-5706367.o
created: 1/a/e1bf75ea44583451d18e6771fd0503-5099245.o
created: b/8/0d5249d8726b41178bddb0a12f7e3a-4325693.o
created: 6/8/a6dae209e884053f64063a2bbae148-4322943.o
created: 7/5/b6bec65b90af93ad7b5f0cf8690463-4768096.o
created: 0/4/1f0f65c885b3e526795b80514bfb48-6467.manifest
created: 4/4/7ab80ac7e537ea4fb2257903f702eb-2892.manifest
created: 1/5/5cdddd7ac3cbedd62797fc794e5a6c-4324159.o
modified: e/4/1803539918fefea48d58b09cc230d9-15525.manifest
modified: 1/4/e4ac80e0a7cb22cd7ba050e521f4b1-25833.manifest
created: c/6/319edb4cfddc9343f6550a2da5eae7-2118.manifest
modified: 5/6/d7336bb28469f29d73e58206ea8001-17527.manifest
created: 1/6/d5f9656bed6188fa016ddb0b1e6f22-32641.manifest
created: 3/6/6b5a05cb3b29a15597a0a792f72959-2905299.o
modified: 3/e/fd6d91f51e58d7d80a5be4cd340bed-16265.manifest
created: d/c/f5a885b08c0a44ead856887ccf0bb5-3162501.o
modified: f/c/91cf5bde1adcceae09b4291fe22c4a-4247.manifest
created: c/4/c773b38a8208398b45f4a6546987f9-5565686.o
created: d/e/43df39df74749c52ce87f479c44e9b-2498242.o
modified: 1/stats
created: c/d/f1fcc784177b6ff3dfc1acf68bc1fe-2499415.o
created: 1/d/fbad00941ddc607d03b471cbf31264-4376509.o
modified: b/9/bd2a9baf66b464ddd4d93dd6ab7d77-14440.manifest
modified: b/stats
modified: 6/b/249f4e24f74502e0a42bf487fcdc1f-2971.manifest
modified: a/2/0f944df6723569d021fce99e31fd9d-1929.manifest
created: e/2/5f265a46a203afa25670552ee9b1a0-4408711.o
modified: 2/0/e17cc424ad744586ced021fff103de-5213.manifest
created: 0/0/e9cc04b44f0e88a67656561e5f3796-4409028.o
modified: 4/stats
modified: 7/c/6efa90b7d49743c71689f1bfb7a061-7323.manifest
created: b/3/0e2a8f67779dd26f1eb47cd790a183-5268008.o
created: 1/1/1aca60acd36f354625e7cf1c0a6964-2958979.o
modified: 2/stats
modified: 1/f/71fff3b3168f252e3089e548a42898-18035.manifest
modified: d/8/ed48a373dcfedb36e7e26a882fe81c-6258.manifest
modified: 9/9/8154cd3df2227cf744d142441bc448-5963.manifest
created: b/a/09bbac5f17e1189f1920076b1a8333-4739696.o
modified: 6/0/7f8b60a51483bc066b6e06e91fcb63-7658.manifest
created: 7/1/46a0a6d3c036a933a1a162a3caba28-6495325.o
modified: 8/a/1143c0c66442c84e4e22a25b727d62-2236.manifest
modified: a/0/7ce88d2285d5c0caa7d0574b3cf11b-3658.manifest
modified: c/0/b3c6d8e5d472eb8255433526b86158-3692.manifest
modified: 8/e/649b68320f77d7244882eceee9fbdd-11983.manifest
created: 1/1/3c25e0d14aafd30832cc75824f9341-2189.manifest
created: f/5/d9ab115e45a09ac862e8c81742ae3d-2362.manifest
created: 5/f/121d44235b426ad2327ca13da68a7e-4746884.o
modified: 7/2/7c04a6576f1326f65df2b2152fcb92-2039.manifest
modified: 7/7/9ca0cf6cfb80f097088208161554e3-9130.manifest
modified: 8/a/2b90a40191704724c6593c796073e2-9941.manifest
created: 5/2/8c3ab1d5864d99265a445d2ae35bc4-2934017.o
modified: f/4/ce53e37dfe530465b42785f91c5fd4-6099.manifest
modified: b/6/0d62a4734a6f97cf1edcb8f65f5516-30108.manifest
created: 3/9/cf216458c5258f2354d6c5f945ba0d-2547211.o
created: d/3/17890d6d57db51d418c85a942a7e95-3468.manifest
created: 5/8/93332b16961a2e8a4b7030ba03451d-4324449.o
modified: 2/3/d7e65ed040e1ae0e1650fe64217516-113288.manifest
modified: 7/3/a2ca13f94b4c659737bec720cce0f6-9330.manifest
modified: 8/e/83bdca4ea09755b0a382f4e1eccdbb-1427.manifest
deleted: 9/6/98cfa9f6fffd536f90b2a85d13aa57-15769.manifest
deleted: 7/8/909dfa843e54b669c13ac57fa447c1-3265.manifest
deleted: 3/2/127680b98e9ad9103991b2d6fcf850-3136726.o
deleted: 9/1/d0df2097cb0f6a92ef579ffdb7e600-2876843.o
deleted: 5/6/d3cfe1e0cb1fb008ae441176dd184a-4341955.o
deleted: 5/4/8e0fa783ef65692a964c7cdb1f0345-4427248.o
deleted: 6/1/678c39f0f236475b6e797ec05d8f5d-4726215.o
deleted: 6/2/629adfb42a4155ab30b4dfdc7393fb-44216.manifest
deleted: 4/5/2d4180d0a3594bf2f252abb705cbcd-1471.manifest
deleted: 4/8/e05612d3c667a5d1bd32c111e5d279-2673365.o
deleted: 3/8/1068cd364a3adbf45c2bd65c3cf978-4732011.o
deleted: 6/1/01cf42f6e909b58689cc20ca13f0a0-2321750.o
deleted: 3/5/9496e18ea5d4d84c3ea740a0648935-7839.manifest
deleted: a/c/a85f2858d645c1da4c39fe808e2ee6-4352521.o
deleted: d/7/b13356649368206f77a0f8bd9398af-4727042.o
deleted: 4/a/e3854b031e22bfc8d8d1880615c1df-2479.manifest
deleted: 9/3/68b4fbc79f66762d11ea9773af6a69-1554.manifest
deleted: b/8/9e208560ede9ca549b35538bd59424-4835201.o
deleted: 5/b/2b4736841c25e0457c8b705cef679a-4386743.o
deleted: 5/8/f310c5191e22ef76f9ba0a1bbbba5e-4323491.o
deleted: a/5/04b5a34dd1a95938aa7ff192f92006-3232.manifest
deleted: b/8/931f32db6981198aef63088dbde014-3727592.o
deleted: b/0/42e523ae27fd5e7fd5b9f9e9e54370-19732.manifest
deleted: 4/a/a0c683554c73afde4cf7c90ae7e8a0-5510.manifest
deleted: 6/6/77eacdcd279653aba7fa0499f942cc-5788390.o
deleted: b/5/edb8ee1974418161c73c0c0fa0f82b-15749.manifest
deleted: 3/b/bf1e06d7293104cea9fa88f231c0a0-4322577.o
deleted: 6/0/d0db23cf4e10a09710c73323af2fce-4725635.o
deleted: 4/7/64af0d307af000a545a9a9f7650339-12188.manifest
deleted: 6/0/c52204966894f186fd880142fbe541-2409462.o
deleted: d/4/8f140208981b89f42cf7f20da017b8-4375306.o
deleted: 3/7/abc296959cbd8e464aead38c14a4d1-2806810.o
deleted: d/5/b76606082ed774e8b44b7ed5bf7d8f-4835515.o
deleted: 7/9/67ccd72335a8c06eacd368f76a5a5c-2817.manifest
deleted: b/8/38a6f5a91b9d0934bcf3d9e327723f-4323272.o
deleted: 3/c/07e3eb58b83f86adba476d19a21753-4322444.o
deleted: 9/2/c1f705edf09c7959cb2c69ff56c7bf-4703979.o
deleted: a/b/e8359c64ffa144b706a46b2e06e3ac-4462989.o
deleted: b/b/20a5566409a041325c75b352afc510-4340145.o
deleted: a/0/ff872b1141c1681fb0e6b1b5b45ffd-3055259.o
deleted: 7/9/e20604c83642acebbb5eb3c266ad5c-5118.manifest
deleted: 4/0/2269c37f13a0f3e0813bb08f183f26-3445.manifest
deleted: 9/1/04aab6267183038d26658226887036-3949.manifest
deleted: 3/b/d665188994a2694574430487868758-4443078.o
deleted: 3/c/18aba88ab91bb07afa172e6b0987a6-2731554.o
deleted: a/b/a495d0e5b691f024cbb43fc133685b-6646439.o
deleted: d/d/0ce60f34924bee9448bdc1c34ca7d1-4335001.o
deleted: d/d/2065346003f9758a5a48c75822b9e5-4354923.o
deleted: 3/0/9f2eedd62836dd098777f81c28561f-2266354.o
deleted: 7/8/74845c9407e1faf7de8e6d7500d2c8-11317.manifest
deleted: d/4/b3e1ca3af236e8b0c6831dbe0d15b2-5835.manifest
deleted: 4/c/6ad77aa06bb710eed1b016b2b3e016-4334443.o
deleted: a/b/5876bf7d07a9b186af320f851def29-4577304.o
deleted: 3/c/5f5b34e02dee2ac51ac74aedc893fe-4372712.o
deleted: 4/9/7bae1cdba9b76c85791eff79820393-5453.manifest
deleted: 7/7/907607273a716f640eaf85e8627a06-4263967.o
deleted: 3/a/2421b12c3456debb2a937a753d5106-2936.manifest
deleted: a/7/f98558231abf3ba1b9e1d18db9e6c6-4382049.o
deleted: d/4/c88ab5a0c32201d637bc80fb351f2a-3355095.o
deleted: 3/c/27dcb2bd985ec17dff084a4d6efa3d-4323505.o
deleted: a/5/09baed6cd2379c79d718741cd020f6-3145330.o
deleted: 3/5/e2d0bed230acde02496437943a9cab-36091.manifest
deleted: 4/2/1c4ef2243fe41dbb7340ddae86fdd5-4783031.o
deleted: 4/a/0ef3c855605b3b464c53c0c5b17dde-4855137.o
deleted: 4/6/869e688059587ee2179b3148a21141-2274.manifest
deleted: 6/9/536d32a6e902bb1fca14068fe182b4-4452345.o
deleted: 6/9/909ab9e846d1777f84093a7987b7f3-4758064.o
deleted: d/0/4ba7ebdb3ceab20826e468db50a3fe-7430.manifest
deleted: b/4/685df41b5d684a5303d3f1973c46dc-9238.manifest
deleted: 3/c/4853acf52a04aa7987c004b6180dad-5562944.o
deleted: b/1/37a4ea37a07238051786eb9cb312fe-2857420.o
deleted: 7/1/e6a78758511af797f74f5e5fafcc66-3370750.o
deleted: 3/0/fb65f88e57c07061d86fd06e15cb82-4702975.o
deleted: 6/b/8fe8a1abf433d29b176ed4e5946667-3167903.o
deleted: 9/6/bef43e9c6e2ece52627fcc9138035d-20780.manifest
deleted: 9/5/f07628827009367dee3cf4db6b3c74-4376256.o
deleted: 3/1/647ef877a517e883fea102769c2b55-9997.manifest
deleted: 7/5/20d20a7461763545d4bb5f0d6c3ca4-3180906.o
deleted: a/c/482448854a56d8c5b7d200709d4b8e-2909389.o
deleted: 6/0/8e5c6ddb38ee75df5387cedf33f59a-4738250.o
deleted: 3/c/1e4b98632212de36caa5e51d2d04af-4321435.o
deleted: b/7/a323f47698d0f26bb810e5a76df87c-4369154.o
deleted: 5/7/978f8af5df9c58696cf2c089a524f3-4726555.o
deleted: 4/c/48f1bd3b23004cb3104293b9c5baa4-4325732.o
deleted: d/d/1011ac1cda048c61a800406726c7af-4092760.o
deleted: 4/c/7d83768ade1daca4613bbdd3dea556-4354506.o
deleted: d/9/012ae3aa214e40a1748b60ea4f2c3e-4923667.o
deleted: d/c/ebbb778b3471341933fa1be9efe26f-2734372.o
deleted: 9/6/e80216301f5892a2b95ba037a81c85-4391342.o
deleted: 4/b/6c8e31ff71612f5e2414e96c5fd0fe-4427993.o
deleted: b/0/9c387ab7f6fdd2293a77e1ced9c55e-1779.manifest
deleted: 4/4/d695ab1134d0863a7051de5ad88994-7594.manifest
deleted: b/8/b72d5f93ab9bd9716a2159effdc23c-33377.manifest
deleted: 7/a/bdfdd532f6e0e98009b15dcb5106ff-4814965.o
deleted: 4/c/60ddf8e53137cf8a596065e2bcc3e6-2499643.o
deleted: 4/0/18dd4da49d79674adba3f6d3141889-1524.manifest
deleted: b/1/3b5d857bcd689ba1950e366107c974-10353.manifest
deleted: d/c/dbeab22593684c1c7d98bc9941ea34-4323038.o
deleted: 3/9/8e4a24243062936f67cd077f461761-2996475.o
deleted: 4/a/5e3b3a4511465ee6f061ace6f6c211-5379734.o
deleted: b/2/5f15b2ec59e9f9e7275b4ae671af81-4328653.o
deleted: 4/c/7a6a2e29d5078c524f6d6d3ab5fa18-4401994.o
deleted: 6/3/9230ac4490deaa9496df3c1d28b49b-4369465.o
deleted: b/1/d9682d1f1a193a8850d8e6ac245dac-4719279.o
deleted: b/2/1be883d2eb7f85fa888b7d2b5f1285-30146.manifest
deleted: 4/2/ab98fe9fd07d808abcabd2a1ba72c0-13438.manifest
deleted: a/7/75c52859c37bcb56b14da7ab43b3c3-9015.manifest
deleted: b/2/e5defa20fe131e7c31816a5999331d-2042.manifest
deleted: 4/c/899cf56b758d195eccc0223a1dfbf7-2434238.o
deleted: a/7/3143762bfdd6304c4f91a2c0d2b439-1995.manifest
deleted: a/9/ca8afb2da2b877ea6a3fab3fe34bd8-2986015.o
deleted: 5/6/079df7c2f965eb6a4a9a0cddc12dcf-4331970.o
deleted: b/3/918f204b220f0176458d2e9019b6b6-4388483.o
deleted: 5/b/ed006e0d86512b6ff844c2df8f1b04-4341370.o
deleted: 4/c/89c7a689b6eafe24993a2347f95c45-7975.manifest
deleted: a/1/b686113a07650a881aac9a31939579-17704.manifest
deleted: 9/c/bf262889fa32461cf0413f794895dc-4324358.o
deleted: d/5/f93268227fa0e228568007cc236237-4845722.o
deleted: a/2/3eb11a295405dc567e4229ae4be540-8543.manifest
deleted: 4/2/1c3f8776ba35933c98cad24a3ff358-7361.manifest
deleted: 4/3/42a67baf1672f4f25934b35199a49c-3087291.o
deleted: 7/3/8c9edff70d031a29d6c3a5bdbd86f0-2794.manifest
deleted: b/9/38dbfefa4791af223e5c6422d46b58-2500606.o
deleted: 4/3/bf1b91210b7c76a520d9a992154647-5473.manifest
deleted: 5/9/23aaae125ccc08b8ceb6c8f7369961-6568198.o
deleted: b/9/5b7b06688d1c7d7131c3a0dc1e0833-2239397.o
deleted: 3/c/684320b618abef342d32967f5801b5-4329480.o
deleted: 4/0/ac116fb2b43ef7d2a4da39eeaa6d16-2934071.o
deleted: d/d/07d45c5926705d3dbb26235ce3ef6c-2747741.o
deleted: 3/a/9e47201b9f31b28b18d2a0f1b0354c-1780944.o
deleted: 6/a/f0b570d43abace5ecf5398092caf8b-4350764.o
deleted: 6/c/290e0f0a646413534144216ba879eb-2322734.o
deleted: b/6/a8de01c338eb5b70402cfcb63d3ece-10011.manifest
deleted: 4/a/d979d8c9dbd0b6815f61eec80561f2-3225.manifest
deleted: 6/3/23786a1ba65da0f27dc783af8a78bb-11088.manifest
deleted: 4/c/30728421dd756e13c7aa82a9e8aced-4873756.o
deleted: 6/7/c4c4d96b652b7da5b871c6ce51f204-13315.manifest
deleted: a/7/346fbdd438d738d3e5abbe45655a35-2036.manifest
deleted: 3/c/3531bfe002cdf04a8d6fd2ee534227-2809700.o
deleted: 7/8/49cb00f0bf22568b6ae922d2bb1e16-4942488.o
deleted: 6/c/2f55a0e7f392752058c7b655490ad1-4835112.o
deleted: 7/3/b4b035501f92c000598de38fbce423-50635.manifest
deleted: d/1/f745067800afa89259dc19bf1f1002-2765743.o
deleted: 6/c/51e7d9801662a220fe14cb154e7e32-2874162.o
deleted: d/d/1c49d2e48c2db77fd15cf87db1292a-4382013.o
deleted: d/a/beee7a2b498a0b365cdf2cc2e75240-4407580.o
deleted: 4/3/e7b6923ef3c4b0b833d73741a29321-2077.manifest
deleted: b/b/693ee1f8f020bfe37c0d7bc75fb580-1678.manifest
deleted: 4/c/431ad63a81dcff9258613ecdf70274-4403712.o
deleted: b/7/55e1fd6eddb0227c27e34f58ca3c3e-2761076.o
deleted: b/9/4df58ac6bab73156703ffec3ced8fc-2321769.o
deleted: d/d/0c05372732a1f17528a233322938f7-5084429.o
deleted: b/5/f57afef833c79116da53b5615985e2-5297.manifest
deleted: 3/5/b8eb3d907b5ccd7fb095be5a5619df-4590577.o
deleted: 4/2/127eb6df75e95b6a0ecf1c102fbf03-10666.manifest
deleted: 4/b/7557ecaa84fddb50ecabe5cd54f30a-4387028.o
deleted: b/5/f5b4c9cd25227b3ab3084377c5c11d-2770.manifest
deleted: 4/6/ffe18f4c44dd78353b73970ffa21db-1429.manifest
deleted: a/3/eab2db68197bd09d31784889ab4a6e-6996.manifest
deleted: b/a/aead6ef586fb061d4423af3e3595bd-4738297.o
deleted: 6/5/de434ca6c107a62c1655bc23084e8e-2760544.o
deleted: 4/1/a75e62dfaea18c461e7ca5b78d4f7d-4427831.o
deleted: b/7/4a45fbf6193fd124c082d0da211eae-13199.manifest
deleted: b/a/685e1cbf99b3671c8beed4ffd31298-5787807.o
deleted: 6/b/b90df17aa29ce21bdcc828d34f5de2-1711.manifest
deleted: 9/a/18d52d4aa320388d9c836c0c2b5781-3226.manifest
deleted: 9/c/c0dd2379cb3d0a5f7c3e6c6f2daacb-4697717.o
deleted: 6/9/22dae6181eee5b0b9be2a8b0f23f60-48646.manifest
deleted: b/a/0ab20e66f98c22257ce37c082ada0b-14549.manifest
deleted: b/a/1dda95a9d98d957b42d0225c0fc32a-4190.manifest
deleted: 4/c/49dbbcfbdd89ae0ff3aa5a09004b38-2322069.o
deleted: 4/c/6d3dc288a5133f29df6e54f05ddcc9-4725059.o
deleted: 5/9/3729f87215b5e0ff959560fc5e228c-4384184.o
deleted: a/9/1fbebea0d376eb0ddf24e78638b245-3260189.o
deleted: 7/3/bc6c81d90f12f6b36f61d6e80a83b6-4348726.o
deleted: a/4/18b4764728f1ac2a2e256c93ff80c8-4324745.o
deleted: b/6/94f709e48ab7107cb64660d68daf33-2993844.o
deleted: 3/6/1b5c4e4ebc5faa845dab49b07f579e-4324031.o
deleted: 3/c/39ae5b5e98d77acf5a661bb2d0249d-4338896.o
deleted: 4/b/16532c9dad512ec510e6df91b4e9f6-1721.manifest
deleted: 4/9/6606364b184d91a411da9b8e77e556-4760049.o
deleted: 4/9/e49cd962c8d384b957afd63d4d8460-11206.manifest
deleted: a/1/28d1b64da61cb4d950e776ec099cbb-4383631.o
deleted: 3/c/4e61df36c7f40ebf67ed703fe6f49d-1500998.o
deleted: b/9/8182e67df228cf89e47a3be413e56e-2381.manifest
deleted: 3/b/4d00624dc7f4e614ebc7d4701eef83-4767682.o
deleted: 4/b/756085d79edb575aa9454bf7aaa976-4890184.o
deleted: b/4/a3fdb6619f00fe47f7af750833d6e2-13974.manifest
deleted: 6/b/c66ec1148c568cae57da7129ea3143-4696157.o
deleted: 6/0/2005c360db3007e78c1a84ecb85f69-3996769.o
deleted: 6/1/92bb630645870afe5c36bcda52bd00-4511874.o
deleted: 3/4/24c4e3b08e51f7df4ac1391927e957-4354660.o
deleted: 6/4/e5d53e73e99c6fbb0f64b3821005ba-4325135.o
deleted: 9/0/455415ada0f9f91b3a514c14303d7c-4732.manifest
deleted: 3/1/afd9e00bfb694802f5c07611e8345c-4485023.o
deleted: 3/c/493059097b769fe338fb3b53b0d5fc-4331267.o
deleted: d/4/c0917085d3a426d64761c7d70ac8e4-4710817.o
deleted: 7/2/b6dde63557f1cc4eebfd65008c3798-4241859.o
deleted: 3/c/3380bae59dce459dabd9334b7d8dc0-5372848.o
deleted: 4/a/d1efe52434863e46fb5fa24cf93d1e-4924250.o
deleted: d/b/a80711cbb8a49b6a0681f3286b97ee-4370042.o
deleted: b/4/6bffc3a0b9aa2356e28bcbed5a2489-2189237.o
deleted: 3/c/6c14c24a4b93e53264cbaea7fcd3d1-1780890.o
deleted: 5/8/ac056d12f34c53f57b68295509a374-4696204.o
deleted: 6/4/f993b3ac6c2adc8c735cd10fe576d2-2816553.o
deleted: 6/8/34aaf0915456a915b7781913c4b440-2766178.o
deleted: 7/2/00ad593439e084f4940c729bf3bf51-6355635.o
deleted: 9/c/b593d919aea5287f6cfa268b1eda25-4710770.o
deleted: b/b/d795f7ed20a3e862d99901ee047350-10573.manifest
deleted: d/0/ff991c1d2eab4a513a239a2e73a59b-4396235.o
deleted: 4/c/8421c96cfac6932e2635f7aa18c11b-4415268.o
deleted: 9/2/f7d499c23367c172c11abb6855c17e-4327550.o
deleted: 9/3/57a65a16b6d5b3253646d78cf1e732-3996808.o
deleted: 3/1/6a9cc70450a506c91c9e3ddb3bf833-4828693.o
deleted: 6/3/82494fd1a3191782d6a8c9d7b82e3d-4702752.o
deleted: 6/9/489341fef7c0e44d065e5c3aa09837-4130916.o
deleted: 7/1/7891e77046bea876afd3d684708aef-5970.manifest
deleted: 3/4/7101f2eafeba0f8e24adb8e9c800be-4323744.o
deleted: 3/c/4643dfc374b2015bbc66294f11e00b-4378838.o
deleted: 3/5/89468691cb6b43093a106a71c5b3e7-4417162.o
deleted: 6/a/a19166e26ba80e1d1bc02173353ef3-1502047.o
deleted: b/5/7ffd5024480f463725e544b86b4ed1-4462917.o
deleted: 6/6/7dfa44e7cbbf62d6e2f40028fc477b-248902.manifest
deleted: 4/9/0b53f55ba77123b6932fa4658397b0-4247.manifest
deleted: 3/c/39696a75ea44f3c7cb5eee13917875-2605876.o
deleted: 6/9/6d2a6c3717f8fee91a652ab77e9223-4350535.o
deleted: 9/6/17f61f7391e88107cf0cad8a2e9837-2719105.o
deleted: d/2/832f9997458a5f29b1ff39563232e5-4326259.o
deleted: 3/c/1a7ce7c206dee7ad03c42ecb96a98a-5008180.o
deleted: 4/c/5b6b2102532a47368807d3d612496f-2702491.o
deleted: 4/c/62530db550da73a79dc6259a6f115c-4372814.o
deleted: a/0/6480b2afb0de01e806c30559154035-3145232.o
deleted: 4/c/67a139c109a5cd590331a4dfd1f426-3169214.o
deleted: 4/c/873eee8ffe293683483d04a9a5ad6d-2751666.o
deleted: 7/8/96506731db6083cce4af828f3e4d22-1780944.o
deleted: a/8/6273bf2df5d4959c4c6874b6ef1a95-13709.manifest
deleted: b/1/6c594c603819ff223b25d13733a5e5-1611.manifest
deleted: 9/7/0e8fe6316fd989935339bfe1f861be-2499611.o
deleted: 9/8/93b3ffec3ea75d2a76ea4beebd97b9-1467.manifest
deleted: 6/5/03fdd83f4c7dc189d22325ad83f69f-7721485.o
deleted: 4/b/df2f88f73f2ef5c3ac85cc7e08a7ba-2992300.o
deleted: b/3/c66b5b91eb328a7b1b373992d60f0b-2698.manifest
deleted: 7/3/68978f8311512395401879c9eee70d-4851862.o
deleted: b/8/c6acd8a91b3c049ff86da28b69bd0c-1780944.o
deleted: d/6/f6126edb4c30d4f9a0d73b5b5d7031-7000.manifest
deleted: a/c/a539454c6b51884a4907d5913d7586-2408114.o
deleted: d/a/37225a1a468cff051939956dcd3b5e-2596.manifest
deleted: 4/c/61e9f0e08a9c0a94f501fdc29634c8-4453159.o
deleted: 7/4/04b61a9a2fc54fd3106342fd30f064-8043.manifest
deleted: d/6/14f446fcdd839bda5dd079a8535829-4738831.o
deleted: b/0/ef36f0cb47a85f792d06c785a43669-9609.manifest
deleted: d/d/0cb16dac98e830c226adb50e49518f-4715003.o
deleted: 3/c/69fb0a1215f912b717df989be337ce-3126716.o
deleted: 5/3/6a60db54944a75396326d7e41daedb-6321204.o
deleted: 4/0/8ab3dc2e8a0292939fb828059f1007-4383852.o
deleted: 6/3/4064ac089666574abf6e45905fe884-4740540.o
deleted: 7/6/2b5e3dbddc622bcbc6e87c78244c79-4327503.o
deleted: 4/5/67dca8a0f7c63281f8d4095c061036-1449.manifest
deleted: 6/a/53f3d07b60c4c311df53e9fbf586ad-4844487.o
deleted: b/1/09e74cafe7d8b869d010bcaa7b0219-4005.manifest
deleted: d/d/1088feb1271acf87e548ae82b4b02f-331.o
deleted: 9/9/55518dfdfa5fd2b2e67948ba09b61e-4324374.o
deleted: 6/7/c03474d0654ae23b1342c48d03b0f6-1433203.o
deleted: a/4/c28f60f34e2d3d23faba8274adf6c3-1835.manifest
deleted: 5/8/c8784c8c1014cdabd67c609daa4313-4787318.o
deleted: 9/b/837430b420e1c4bf96bf38e19c77ec-2984.manifest
deleted: 3/a/f7644d151bb7940527c16fc518c183-7724.manifest
deleted: 9/1/8f5c31b38a98e90ccfc6bd9ba07d9c-5652.manifest
deleted: 9/c/c9ef82f37f8daeedb45e9022d93cd0-2096818.o
deleted: 9/9/fb220ef3acd75fbf3a510586851b61-2270.manifest
deleted: d/a/c2175fab7136596ff27c907e863e1a-2360.manifest
deleted: 3/6/30456fa2a3df31ad990b3c068a9328-2850.manifest
deleted: 7/1/238f9410e0c4db8cf7158a84633192-1507.manifest
deleted: d/c/0d3d16440a87f6cb999e6fee33e151-4739096.o
deleted: d/d/1a1279d9ff5e81f0c231491b3aed0a-2002705.o
deleted: 9/4/1bf22733b0acf14c40a8bc6276ce45-49985.manifest
deleted: 4/8/96f640f7fab5b99192c499451a38a5-2128.manifest
deleted: d/d/051ef9a6921c4167f17ddf64770047-4318615.o
deleted: 3/c/2791b2ebf350bb43852bfa77709725-2698178.o
deleted: b/a/d6723244cfa87670141705f9c66134-6096698.o
deleted: 3/c/07b15234097932fe16e3424d2b33eb-4405147.o
deleted: 3/b/367c31714abbb8469ad8f3c4cfad3c-4469521.o
deleted: 4/9/169c5c1bdb536ad9db0680a67b4490-4345502.o
deleted: 7/5/848795acc65d5774efe643c1d0756b-9181.manifest
deleted: b/6/bf11ac2d2863e3d47d2cc4abc1907a-4299.manifest
deleted: d/c/fe0bcc1c307e3bb48da259de002c67-4719316.o
deleted: b/b/2156e8f089b70389f4ad1ca02aa929-9419.manifest
deleted: d/9/dd08cb0d545c96a44f9da172316d69-13881.manifest
deleted: 3/a/87e830353245f708aee6b63cfbaa89-1780912.o
deleted: a/5/639d2d0a5ade815d9d3b89c721358b-4895184.o
deleted: 6/1/48a4b560167bd5f9aa700dc7a63266-4484462.o
deleted: 9/c/d21c06a3b171fda9ceba46fbea37aa-11150.manifest
deleted: 7/1/686e8e33675d6fdd79936f8783fb8e-31127.manifest
deleted: 7/9/0e74ff74164ecdb2501b0c1b784f88-4443661.o
deleted: 6/9/2b706f4f73fb85f4926534efaaa87e-2793666.o
deleted: 4/4/892427d80553ff306ec91c841194a1-5447.manifest
deleted: d/8/c93196d9535f0477501962755633f8-4718.manifest
deleted: 5/5/5b09184ea65ee706496b85c6911824-5657995.o
deleted: a/5/618e5ce12bdcfc110ab2e03920a563-5010110.o
deleted: 4/8/76dfbbb59a6825e4b7b0091205f6d0-2546797.o
deleted: 3/9/50a93c1eb1c9ac8fe95d2b4e602808-3016759.o
deleted: d/4/11369c7027a25519c2c4ac7983acba-4703132.o
deleted: d/5/ab9de84c799e6e3588556e00033242-2295048.o
deleted: d/d/0db88882bd400fa3b8691ae20f8f18-4362642.o
deleted: a/5/e571eb96e83e3eebcc57d0bc8baef8-2816560.o
deleted: a/2/8f27e3b669141a8810abe6d30237cf-6493937.o
deleted: b/0/b868d8a489f63d7ca9436a0d771364-1671.manifest
deleted: 4/c/30633451c6d6a5fe9d9a84edc7fcd4-4872636.o
deleted: 7/8/b746f1edec39782de6ef8a2ff5403d-2232.manifest
deleted: b/0/fbdf8ebccb2681068393af67f26c80-6451.manifest
deleted: 6/b/2cc5c4af43d6d6373f0946aadaaa29-3747.manifest
deleted: 7/2/22339807a840afd4dd11b6a454b75d-4495640.o
deleted: b/0/a409a0a40a0d04dc4cf95cd2817554-2922.manifest
deleted: 3/a/038797dcd7a7d17d36cf1afbebeb29-4285195.o
deleted: 4/5/56bf688845f6fc1e853d724a78c652-1780912.o
deleted: a/1/56629ccbcfe7cc0e55b324585b5089-4264002.o
deleted: 9/c/c28797b31aa27117dffa331324396c-4348726.o
deleted: 6/3/83c7c20130bfb6c8a43babd11cbe97-4865939.o
deleted: 9/0/93ea718a209010c624909dc8918960-1797.manifest
deleted: 7/1/340d86ed29ec900ed6491f2e6747d9-4328747.o
deleted: b/1/f691887d31780e9ec7e45b40aea88f-2768.manifest
deleted: 7/8/b3eef7c4b5186cda8d01c2c9437ccd-4324202.o
deleted: d/5/6d8c3662b470cef6e3125fd386657e-2807.manifest
deleted: 3/7/cf9a406a0d6355e39bc6a87c5e454c-3099577.o
deleted: 3/c/6e74797bbba18dcb536adda2a643ce-113326.manifest
deleted: 3/c/5cc6cc04ce686f70ea5e2b7edd7b32-3723841.o
deleted: 4/c/82c8bde7402ee1cc4b7a5f1e59d6aa-2855350.o
deleted: 6/0/12fb25f7ef0b1c1838ca1dd79e2c7b-6568151.o
deleted: d/1/37c93132a9cf9eabe2c18a5fd24db0-4382808.o
deleted: 9/c/42b5e5d487743d801ddc1a311fc28d-2528.manifest
deleted: a/8/7179bfaf1e4418ca1ef5f529178c31-2765645.o
deleted: 3/c/263c5dd3dbb1e7b0f01838d949823c-4083063.o
deleted: d/1/c856b39c1791034ca6cbf8306362d4-4323606.o
deleted: 9/1/ce9c276ead532ea7cd78fd00ea155d-4330333.o
deleted: 3/b/0fafbc6cf21950ca16a223494b7d35-4327691.o
deleted: 9/0/7d31341406d45d53f07e1ad765a8e9-38320.manifest
deleted: d/d/169042df836580b216e8216ef3e054-4495560.o
deleted: 9/6/40f9034f5e896e725887c114aceeb5-15946.manifest
deleted: b/9/831f691c759c69bfeb88f65dfc8968-4753734.o
deleted: 7/3/6eca28a7740ac396ac279d04e7ea4a-6313358.o
deleted: 9/6/694e9025cdcaa2dfdc12e683c71fd1-1709.manifest
deleted: b/4/cd59ab28af6c4fd28a707c0cd299fa-3286.manifest
deleted: 4/8/7d44f1007f8100ac8cee79c8442170-4329224.o
deleted: 4/c/339d385b7316698dabbbefba1c9e70-2816455.o
deleted: a/9/9bae9946a1fefb24c4c4ee0c9fc6b8-4726508.o
deleted: 3/b/f95fe9b28dce82a8c52c7aa8d7f07d-5024.manifest
deleted: 3/c/13f353c74abbc62b18c7e277ab8531-4889825.o
deleted: 3/c/64eac76b591a777cad3420870e3ad2-281244.o
deleted: 6/6/537201d31500a30d59a7216ec0a9f5-4089176.o
deleted: b/3/8bb2a92a1b0e072629624df5b920f9-7722.manifest
deleted: b/8/a586377d0daee44fbae273b293257a-9053.manifest
deleted: 4/8/304fd506fd4c1a683353e9a382a5a7-46113.manifest
deleted: 4/9/3aec6aedb8e4b15aabb3e65541f65d-4323670.o
deleted: d/c/ec2763749f797f36e0d127ab7bc5bf-9031.manifest
deleted: b/1/5439c787c3b32cd1010b382eb6019e-1794.manifest
deleted: 6/a/be370bc4dad48593d37b7bd5abbde7-4326184.o
deleted: b/3/cfd46276701e346506617a908e151f-11027.manifest
deleted: 3/5/160efeb2bc7bb86747e75b9fd9692b-2830692.o
deleted: a/3/8d22856f7ce8b8b9c4f3640462e6e0-3174.manifest
deleted: b/5/1f6557c32365a79cdea11f95d4577f-2806798.o
deleted: b/7/fdf6d98f5db64649d02536cf642259-48605.manifest
deleted: b/3/052c51f9c47679a83a93350a2ce964-18107.manifest
deleted: 6/0/a17ec05206e36fefdadd0b34cb6c45-2747123.o
deleted: 6/7/f35abe48a7de022c49fc563b5c6b05-4743561.o
deleted: 9/6/765926235bd60a86d126291c711dac-3938601.o
deleted: 9/a/bba0f0f61577b4b5823d728589a552-12021.manifest
deleted: a/6/50b8f4f5eb0b27d23d087a8e95d247-2959766.o
deleted: 7/8/3e8bfc6b500b518935ceac7d628ba9-4370009.o
deleted: 3/c/522e21bc915ff1a8b4c38a679fdb3e-2871833.o
deleted: 5/a/09e193a74348de1f0571f7d84e8514-4728933.o
deleted: 7/5/e9dafcce6acf8085f14fef872084b2-2741782.o
deleted: 4/5/981b6242333ed162fe0ce0cfdb7bec-2026.manifest
deleted: 9/0/c503baf6a164721efe4a7b78e76ed0-18346.manifest
deleted: b/6/1c98a56cdae82dd76f37e461da385b-11446.manifest
deleted: 3/c/0836563f4614cab5195efcd033370d-1780890.o
deleted: 3/3/cf3b4bcfcda3a0cfb64f62d18d8f5c-4351861.o
deleted: 7/1/0580bc797ced2a9180b7a58f2f8ec8-4916829.o
deleted: 4/b/11491a4cfc038e91562614142106a1-14693.manifest
deleted: 4/4/914aa284873fff0db3ac0180395809-5874.manifest
deleted: 5/3/b6b5a5dc75a145670e9cb78bc9c719-6196632.o
deleted: a/6/40b975ac409081159c4f15bbed74d5-4737835.o
deleted: b/6/b23e555c11f7c42387893a9d114af0-5804.manifest
deleted: d/0/a88b061332cdf3e1941297c11ad0ba-4800455.o
deleted: 9/a/c18f20021b6c5ff09ef7e05bc86d7b-4703085.o
deleted: d/c/d907ec3c717cfe8ec73e3b691cf53f-4737882.o
deleted: 9/a/c4a34c8e5b98df6a599e2cf27a0ec5-18127.manifest
deleted: 4/c/7a0a3e2ba83251e3e20c9202517b91-4366575.o
deleted: 5/7/ad9486c55337fedd60c4c7656e234e-6142205.o
deleted: 4/0/6f8f99318f032293c720ede1dc4733-9609.manifest
deleted: 9/c/3e39c528690060cd6437e980ba37b3-4324327.o
deleted: 6/3/03b195778db7de716ed1a6a608f511-4357556.o
deleted: b/7/19441bf16d4dcfcad6606f5693bb70-4345027.o
deleted: d/d/27b185198188ac3e3b30c99ea085f9-5322.manifest
deleted: 7/1/3ab71b9628cbe7d7b9b5e6114e6d51-4881444.o
deleted: 9/9/c6624480ee11ccca4b1d0539491a13-2760556.o
deleted: 4/b/ef48ec07c291dbf0265393efb186ea-4796232.o
deleted: 9/1/e38c92af4ce88435aefd75289f6e6b-2928394.o
deleted: 3/7/7eb2978d7d3993f95f6597c1fe766e-3087193.o
deleted: 9/4/da12577b296d4e58e53bbb78b83614-13099.manifest
deleted: d/a/8a3dd254c4eddc25b5509aa672d9c5-4407361.o
deleted: b/1/840bbfe6c35e28981a720dc9a1ce97-2923.manifest
deleted: d/c/dbc7ea775df7fcc7bb9b5481180cfc-6926.manifest
deleted: a/c/aa17064dd8fb37062626868635011e-6566417.o
deleted: b/b/d9efa878117cb1839bdaa7a3554efb-4745485.o
deleted: 4/5/d3fe9976c52ee945a9efb61565cbfe-4718006.o
deleted: 3/b/056f5808e42398e23e42d03c753d87-3156877.o
deleted: 3/9/e6f20ccbbbf81d94c5549ea93c0190-4388512.o
deleted: 4/0/56f5fc884c68a8374b85235aaf5354-10694.manifest
deleted: a/1/604b85cb5a02b1b549971d5ee2e28d-2857432.o
deleted: 4/b/b43eaa9123924d7936819249286197-6009.manifest
deleted: 9/4/f078f052e0285dc6a07776362e9567-2497730.o
deleted: 9/2/4cf46ce644e8f79706b0c8cf397e56-2546711.o
deleted: b/4/56b1d0ad07ed4d3508464b178d4e06-4698678.o
deleted: 7/4/4167b4fa288839e28c3bd12970dea8-8412.manifest
deleted: 3/c/2c1461021a9c3abe9a88a9157efc19-4785841.o
deleted: 3/0/628ba39864be2143e996de1f5dbf37-12681.manifest
deleted: 4/6/7cd5bfa7e717e482dd291e10e58128-14620.manifest
deleted: b/7/7f90aecba249bb95985cf6e910e750-4406.manifest
deleted: 7/8/586e366fa21031a8c939e4315a2bb1-2950.manifest
deleted: a/2/a3c97d50e0ca259cac9c1fb8678666-1786.manifest
deleted: 4/a/0140f4fb131e63278d9810015e32f2-5485.manifest
deleted: 3/b/0e44925b55b55b679f332d61bb49da-4443030.o
deleted: 9/6/47ee89dedc62355bea269d16afb92e-2554.manifest
deleted: 3/c/28703a2bd764de479e00d73881902e-3097823.o
deleted: 9/5/fae67805af9fc37d451aa728dfbc6e-1935168.o
deleted: 4/b/3cb27468811dc7f29dda83e0206b34-6142788.o
deleted: 6/b/0e1e1daac19b33f88c4a9d130d0f96-6533.manifest
deleted: 7/1/c7ac7e386f5fc46752dc53d2b1e3a5-10628.manifest
deleted: 9/0/efcc2dd4e54da02ac5a01c267bc72a-6296.manifest
deleted: 7/a/628f1e55388397e933e84fd5e11dad-33370.manifest
deleted: 9/1/8cca7f91ac874470f652bb180ee129-2779629.o
deleted: d/b/349fe3f216d28925d4b8dff1e203ac-4770670.o
deleted: 9/6/094f879ac4276d09873e0065b5fc87-3781.manifest
deleted: 5/5/e6155d19cad3964b49eb847f2971bb-4589994.o
deleted: 9/6/76f8001a203959ccf8a60574d293b4-4387547.o
deleted: b/9/42bf4964d53a82f2d8dfa75e996ef4-4485606.o
deleted: 3/b/9919783740e0b7b0e2345499d4f064-5105944.o
deleted: 4/7/a18a881ec667a4df0f4c7e47146063-11065.manifest
deleted: b/4/8446196a6aa0845160ae15576bdbf5-1458.manifest
deleted: a/5/f438e69f539b3167e2904e918dd331-4325090.o
deleted: 9/5/478bb769d94d4093d01992177a67e8-6960.manifest
deleted: 6/0/8432f74fa5f14bdc80725747a8ab2f-4322420.o
deleted: 4/c/69006ce80cdae39f20790427a3f377-2876820.o
deleted: 6/b/4f93d2b6bb181ff0fdecf2efd5b62c-4328810.o
deleted: a/6/7b86c5d89fb5b5ad7a368b6a3500bb-4358883.o
deleted: 7/5/22da77aa4292c22730ca14408d2e26-4322250.o
deleted: 7/5/39d5fadaf4135df6092e0c8f33d1e1-3136628.o
deleted: 9/c/cd45aff579f4ec9d4b2976aa91083f-4855496.o
deleted: b/0/8b95bbead5022e9d5f6f0d57bb42f1-36882.manifest
deleted: 4/6/024c62b6e2378c2bfeb6b5565760bb-7817.manifest
deleted: d/c/ea44a613273c5f633e9f41dd59f28c-4325367.o
deleted: a/4/e3324ac67348fa63f9892af7066d2a-5563903.o
deleted: b/2/390ac24c199b359587a15992c3550b-4012.manifest
deleted: a/8/d5c68ac2e23c7578c4febf96a9cfe6-1374.manifest
deleted: 4/2/a42a5afc9211ffd9230e529ee0c84f-3372.manifest
deleted: 4/c/629aa548b2c17ad7b1985156626d19-9226.manifest
deleted: a/6/47c71bd3450042de95e45c534502b0-5098440.o
deleted: 7/9/6842748dbdfc8286f383b18be210ad-2074.manifest
deleted: d/d/2081b600e6e52b8e48997301505d28-4317758.o
deleted: 4/0/6ab8689b73c6998dc875a28099dafa-5516.manifest
deleted: 5/b/d68501219a230093d37a0a20900e61-4710834.o
deleted: 7/5/00b769a33ab33c8ba9b53c98674e90-4738.manifest
deleted: 9/2/07f82752b2d22134fcc51802822c17-48622.manifest
deleted: 3/c/1159ce25b744b6f1aadb8bfa6c0966-2809329.o
deleted: 4/7/f81dca93fa9ad53a90d9c0d31fcb55-4635981.o
deleted: 9/5/de9a5435dc4a478dca4b3c4566dc27-3648.manifest
deleted: b/3/36c4a1f4ba600bd7ea042b1683978e-5971.manifest
deleted: 3/c/0d6d7f6460794818fd866fc207a2f0-4460716.o
deleted: 9/3/ec0a5465f3c2e0fc43a9a895087dbe-50597.manifest
deleted: 3/c/57f5a553f517513e4cd77dbf8ed5b5-4737106.o
deleted: 4/8/a9265d5a6074bcd4eee878e2031bfb-4737.manifest
deleted: 4/a/3501fcbe4a7985708f420f2c2d9000-4370625.o
deleted: d/a/f0458f6dc81740dd90fcfec592bbd6-2472229.o
deleted: 9/3/048314198bfccb2479a4f2cc26559e-2050.manifest
deleted: a/c/4506adf0f2aa354ff2a6628c4d54ed-9948.manifest
deleted: 6/0/a1d48107905ed4a3a623e95b7ec571-10441.manifest
deleted: 6/7/6151f4388c476180a2e42dd302f533-4323559.o
deleted: 4/c/6dcefc6c2bbfe781fae0b360826660-1498761.o
deleted: 9/2/f76ad59e44cfd3801bf952e8ac277c-4726262.o
deleted: a/7/fd40d6abf021f5a35934c3cce52316-4710787.o
deleted: 4/8/62a7f2be4f5c635a0cac33d4436193-4951748.o
deleted: 9/a/931c895e0fa738f397ad571e2e47f3-15404.manifest
deleted: 5/4/cdd7dc5adbd386c7c68e42cdd7e347-106456.manifest
deleted: b/8/794e3a56c4a23e8cd16307f58be24f-4977.manifest
deleted: 7/3/4d3ad0c13820644de745313c869bb3-5928.manifest
deleted: 3/0/69bf880577df1973f6c9581d8e866e-4699.manifest
deleted: 7/5/19ed55ab0a535a819c02b31c99d989-2499.manifest
deleted: b/8/9a4e23c4943c98dce4348b05806852-5570.manifest
deleted: 6/a/654176a8f31917b23a1b4b1e9f9885-6727.manifest
deleted: 4/b/e3b178d48df5a663e2e35e51678d12-4452188.o
deleted: a/3/1abc6cf5d9d29f695a2d1f5db2af91-43186.manifest
deleted: 9/8/86bd3726953aef751483c71262401d-4577.manifest
deleted: 9/9/53dd37ebba996739cb99fff181ed92-4830555.o
deleted: 4/a/bd2c64f6d490198fa7855d6422bc0f-4357608.o
deleted: d/3/255664cae10f92a26c2c82fbf45de9-1673.manifest
deleted: d/7/02cfe3fb7fa52e697e4abed5f7972d-250774.manifest
deleted: 5/6/baf5a9c3db0addf904a2d24a001041-4703022.o
deleted: 9/6/eaa8166c8f9900978f77f44ff3c31b-1759.manifest
deleted: 7/a/1a049447dc156db661c0d614e3ad73-7826.manifest
deleted: 4/c/0767705460d842062bdd1c557b00de-4241812.o
deleted: 6/b/080cf67c72a27506e83b79570fac14-7055.manifest
deleted: d/d/03292f5a97ef7caf1e960e4d24625a-4379.manifest
deleted: 3/3/58d4ec509cbe44602b528ea673a7b2-4383036.o
deleted: 3/b/dd5428465b8d3c4bfee19e68b3e520-4443591.o
deleted: 9/c/d9a47c5016acc1c6643f5059d335f9-17905.manifest
deleted: 3/0/08da9853bfa6df422c1ba30cd0bc6f-6741.manifest
deleted: 5/3/ab99282a63f46b71fd330329aa6a3a-4264014.o
deleted: 7/5/d01c36ef6647bb00dd82980dbbe823-4327186.o
deleted: 9/5/37c8e0e99f3ad84536a2e9409b09d9-1780912.o
deleted: 9/3/59cc33945073a9eab262936e36cb89-2754195.o
deleted: a/c/5c1cabce5c3ef8bde296fbae5859ce-4758064.o
deleted: d/3/fd17b41fe006cde12dd39acb0d7828-20702.manifest
deleted: 3/c/676988b2252b41cd5653a6efc895a9-4429297.o
deleted: 5/4/d3d1e7332dead0d67e4693c063e04d-13936.manifest
deleted: 9/6/29b6486410a333d7c4fa40d4bb5dc7-15048.manifest
deleted: b/6/81e52375d4f8ef4f7652cb1cf67cc2-4411853.o
deleted: d/5/90e5b864a30695edbf7bf546974a3f-4511291.o
deleted: 5/a/6611146d8bc295efb829f043c7ae4d-4717832.o
deleted: 4/c/0dd4c6ac88213c59e97708e75e9eee-4852223.o
deleted: 7/a/1621f9fa8cbb5ab934f5a92d0380d4-2993.manifest
deleted: 7/4/28cd315a9f4c7fa89765fb019d0613-1612.manifest
deleted: 7/6/6dcaf92e0c761e0c73903c30dcb5a7-5704921.o
deleted: 9/4/8517997a479aa9ea4a7a47032ee83f-1610273.o
deleted: a/5/f6883ee82c923c7d85ffa62f5a555f-4652088.o
deleted: 6/9/2223d45681a30faf2bbd1dff44dde9-6469.manifest
deleted: 3/6/43fdcfdbc4b691bd1d17f2511d96b2-2904787.o
deleted: b/0/6d9db9e706459f24ec2d00bd509cba-4263955.o
deleted: 9/c/a6006a30ab27c653e2debde0fd303c-4835154.o
deleted: 4/8/822a1854858a260931fdc1f12bae1c-4351118.o
deleted: b/b/2f38f3d7742a0db2a04f51a8cda4fe-11697.manifest
deleted: 9/0/6e09cae2b77b38c2ccbb5a74e94564-2400.manifest
deleted: b/8/1bcfb503f740272fa0233916eaf885-3093.manifest
deleted: 7/0/ebfd6ada770d19de9c009a0e0765cc-11304.manifest
deleted: 3/5/ccfda88254713d04aa0d85e73fac40-4354034.o
deleted: 7/6/7312afe69ab72bd90f20307d4f0c02-1547.manifest
deleted: a/b/6bf2d31748168bcf281e56427ce989-4889060.o
deleted: 6/b/5d533c896f8bab386e7992498c0778-26927.manifest
deleted: d/5/79cc388ac974bcecb7e12a876754b3-4325116.o
deleted: 7/1/81288111ffaab8f4497821d5457af5-2781.manifest
deleted: 4/c/744b6d407013c781fb94eba84defe6-4322073.o
deleted: 4/c/65f68dce04868d3b38488031aca737-4323923.o
deleted: b/2/ad087762efd9fdc94405f28bb2bcf7-24088.manifest
deleted: 4/c/64485b58520e295623c048e3040932-4241018.o
deleted: a/8/088dc2e059cfcd4b220e2cd6598767-4323717.o
deleted: b/7/751c271f5d52836306ed6676e4b754-5673.manifest
deleted: 6/9/16fef1ee47846162b3f1cf55a1cd0e-8631.manifest
deleted: 7/a/0af645429cba8fbf29ff0ab00e6ec0-4830508.o
deleted: 5/4/1282c078c0e834f56fb26575d34ef4-2818890.o
deleted: 3/0/eb76de8e28a09f9d7d279bf8f737fb-1699.manifest
deleted: 6/c/666670f7dcfa27b957d4c865995db3-3055985.o
deleted: b/4/1ba02c215047a0f3ac205747fd56b3-5267594.o
deleted: a/a/41eeb6beea072a5528fc5ae87bc838-2981679.o
deleted: 4/c/43845b9e35316cea419d1ae47f0fdd-4885580.o
deleted: 4/8/408f3da5319d32cc459497f88181f8-4096159.o
deleted: 5/6/f3b59064e141f321b29df5f78feb82-23804.manifest
deleted: 6/8/1f3100ccdca118e2f5b878ab12fb6b-2324855.o
deleted: 7/4/fea24ce75c5dd7f89a5453bfcba0c5-7127.manifest
deleted: 3/c/6041eca7781e2e51905e9e313810f2-4324672.o
deleted: 7/2/5ce6c2f164027af1b14f31a9a7ac2d-9505.manifest
deleted: b/4/076b2960d297a0b8e48852f7e4be8a-5890.manifest
deleted: 5/b/fb19cba466379e0fa89569f350e2b2-4835468.o
deleted: 9/0/c3622434d8e31d6f2a7b63ec9b6267-2627.manifest
deleted: 9/0/acd17d031af454575168ce34445773-4915368.o
deleted: a/3/3459d9947280e014cc2cd8a3f62e5d-4378863.o
deleted: 4/0/3459312af756b2fa517a0b9f8609e3-7093.manifest
ccache cache size is 163Mb.
Uploading cache ccache...