SHA for cache folders (/tmp/ccache_dir) is 'a415ef8d0858be697718d13e896f62e7e8deb62d83861cd1d436bce9583a15e6'
Cache ccache has changed!
List of changes for cache folders (/tmp/ccache_dir):
created: 0/e/385728abd0ea0634237015c4fc0f13-4642741.o
created: a/7/1938dc74691caf51c252fcb98e2385-5768.manifest
created: 0/2/4592d929e73541ae238179b3e0cffd-3189.manifest
created: 5/d/60470a2c18ccce54da5e849a463958-9833.manifest
created: 4/a/46f13f29abd6511e567644d7d67a53-6032.manifest
created: 7/9/e64b9846071be29d78ff2f429f75e1-3471.manifest
created: 9/b/1755af4c7d4e8992281c6af3b2ac99-1848164.o
created: 3/2/cd95324859fa29e5febeeb4cd9e079-4773051.o
created: 4/d/ca9f350722c9310b14fcfb592f35d2-2899863.o
created: d/2/c7ad3c43259dd541431d01d8f3e189-7593.manifest
created: d/f/04e82290b9cf40bcc6d77ecbff3ae4-2831298.o
created: 6/8/ec626d9bb8f3d1ffcc3d109be6cd08-5961.manifest
created: 0/8/000c2552e74d03cf6e94c75c937faf-272724.o
created: 6/b/69be924222b4ae8070dffbd69e8462-5574.manifest
created: d/1/b45819193f51f9ff7995aac1d4b750-8886.manifest
created: 3/9/24aa563a33c2bd4f950bbcb4c364c9-13768.manifest
created: 5/c/70a9bab6fd96c8e2f2a28cde4b3159-2843639.o
created: a/f/232f3335c6eae8d7b66759f8ff99e7-4848199.o
created: 0/2/f59cfaedbd2361227d8d9a2ef3bf82-22637.manifest
modified: 9/stats
created: a/7/8e9f705e2ecd19267a744b1cedae3c-2131058.o
created: d/d/7b38eb253f6f0b891aa0fb2ae6c7d8-19011.manifest
created: b/9/5798b00c6e9fa1537182736ac41a5b-291096.o
created: 7/b/0528e95a46de8d582fb28811192dd5-2897006.o
created: 4/d/69d075570f67165eaf6ca422ed2539-6969.manifest
created: b/e/5ac0863baadc95a8691a3e5612c1a0-1338917.o
created: 8/f/585c3bf90266a4dd417c06c3d94396-17716388.manifest
created: c/a/c92653c3ddbd05bad854ec3a6be1e5-2050109.o
created: f/0/a29bd48d4fc365a0a347c92549c713-1927.manifest
created: 6/6/54dcae02f5d90ec34bdee5197e3793-5504.manifest
created: e/e/8a3dc5c802926ef69d8a2b25678d61-4163612.o
created: 6/8/56d06c0b1d4bd6b6df0e12522313e4-3088189.o
created: 4/d/eeb2437756a5ecd54a6758fe1053ae-5520.manifest
created: 5/7/4fc17cd6a25f73003db556e32e8ebc-2988540.o
created: b/0/4ea6404ca8098e79120dd3567d74ab-1950.manifest
created: 0/2/502d773599ea06a9b4cf9fac6ba844-80546.manifest
created: d/f/20c303dc433ab0cb756fbeee27ef28-13736.manifest
created: 4/d/51ea49f1052dce1c940439751fcda7-5452.manifest
created: 0/2/e2082d5a0fa65df2dafa3d33ff568b-123554.manifest
created: 7/7/23a6740c8c3669bbacca854866f5e1-1337917.o
created: a/d/80a658eff3cf4ab74bc02753ccf575-7819.manifest
created: 6/1/793c215a6fefe513747ffd40c94a06-7715.manifest
created: a/4/99eca4100e69c848b125c2b1410b3e-3983.manifest
created: 8/a/1de1c3f6db8d5063cf0401b9f00e1b-4788092.o
created: 1/8/af6949125255264685213ccefc4a03-4732296.o
created: 8/3/5779dea726d35c4df794ad5792d213-4603171.o
created: 8/4/f1fa98ed1f0e47740118e0c62ff07a-3006139.o
created: b/e/33b7474ece717172e0ea9e1b67c2c3-2829724.o
created: 8/2/f427c1148f4ff4ae286d889d9704b7-22209.manifest
created: b/d/12e5572c58128cfe1479495af99477-19418.manifest
created: a/4/39e3e44950b21c1ac1c837670a5426-10968.manifest
created: d/9/e4617089f07945adc5e316ec43e3bc-58283.manifest
created: 5/4/56f5a8fe7130185ef7170dca3f7550-2676.manifest
created: b/0/338db9787f3dfc701ef18f4d5c2860-4917.manifest
created: 4/8/c2d87cd353baa7ade4b7f170081299-4670.manifest
created: 8/8/caac80ce4e9ffd3c9ca19870a7f80f-2191621.o
created: f/2/a214ecde2151196a28b6c23a2c2e26-29733.manifest
created: b/6/ed7a267e5a65023146e800dd3f7b3b-4532976.o
created: c/c/20b2d8b5f8a0027ae7390bb6fa3239-2372207.o
created: 7/1/bcb5a15d31acd2b561d2e6d3135481-6582448.o
modified: a/stats
created: 4/2/26e73dfa46302e5fbe5282990f0337-4467640.o
created: 9/e/836c888b1025e37793cfca147e672f-6736.manifest
created: c/2/bb0a025588aa0ccd65c5f85afb6129-3732.manifest
created: 3/0/7bd6977f028409c78ba0d95bfb29af-1487.manifest
created: 3/4/d5f697ef33c44f9e89cf6c489079b8-2056647.o
created: 1/5/97b2fdb36bdaa2fd5fabd7e11ce996-6174301.o
created: 1/8/53bcc7c92a214495f5382adcceb098-2001496.o
created: 0/d/eb0b3476fa90e11aa0f0cd3a04685f-2836492.o
created: 6/1/f9c25a2111288273ce9d236c226d17-5124853.o
created: b/e/286bd73f49e1a7986ef4919bde523d-27541.manifest
created: e/1/406f55f3dc9ac6098333b170997ccd-2273588.o
created: f/2/8f3c97008b1789102e0a6abe23b729-168923.manifest
created: 9/4/0e398649cbd7e2dd4d1b912f55c970-5372.manifest
created: 9/f/f996c2c1e89e876714a8df0610872c-1835214.o
created: a/8/cc175cce97d43c2fcadf88e72b21d3-36629.manifest
created: 7/5/d42ee5b332ac8b48df7e084d369750-1855.manifest
created: b/a/12cb0565999f606fff670201aeec54-3831691.o
created: 8/2/ba48b17766585065584afe3c4f2119-2902459.o
created: 1/d/7d6b853145e6848fd2c532731ec34a-7209.manifest
modified: 7/stats
created: 9/f/15f2246a2826f45681eabf25e16672-9101.manifest
created: 9/f/7887342b17fe0f32db43cefa7893c3-1939689.o
created: 4/3/6f8fff60cb1e647e90296eb83b2d00-5023558.o
created: 7/2/82b7700dbe81d54a230cb9c6cde177-2898943.o
created: 0/9/aa772ef2ea10efa27c5f6d3df31c85-3160714.o
created: 1/e/b64c3833d5366d908208c79df48d15-5384.manifest
created: c/5/f1fea08f23a48e6862494bcf5c69c9-6722125.o
created: 1/9/fc3112d7a565ce4a31ef9acc0b0e0b-2763674.o
created: 9/c/c8907e41d46a78ab720b9cdbd31d7d-3506367.o
created: c/3/8da3414e690d3cc0853256baf06cbb-306076.o
created: a/b/5bdd358584f1afa1b331648f95fdf2-10008.manifest
created: f/2/8cfe4faa9feb9bf8d8273ad020b037-2999611.o
created: 0/3/1c7bb7bd1c4485ef1511d5dca6c236-11381.manifest
created: 3/6/cbc2b4ec5951c482196f67e844616a-2907.manifest
created: d/9/3b974c564c14354989707f4987011a-39985.manifest
created: 7/a/1ecd0b3ba3a6c95c9a876717668e7f-4528618.o
created: 5/d/58ec53a17576e57cdeb9b2cb43d5ea-304893.o
created: 0/e/d0d634f12f02a045d72c03471da513-3321.manifest
created: 3/e/354d1dc696dc8af10d5c0c4ed945b1-2991.manifest
created: a/4/4ed663347dceca6d647c5fa37bedd4-1333470.o
created: d/9/5a8edfa4a9d079e5781f09ecd13902-2874.manifest
created: 1/8/fafcbe359f037aad91830b19c9a5ec-15964.manifest
created: b/5/d31e91a29f76e0a0cdec5e58a45c97-105209.o
created: 6/f/d2a37e9bcdd1c29af4effe2351e615-5070496.o
created: 2/7/5ae86f0384bf389eb17b353cc6bca3-2951754.o
created: 3/e/4729e69971444aff46a08149418be3-3948.manifest
created: 5/3/fa38fcd77b14902a66d085532e4084-7153642.o
created: 6/3/6b0c8a024717806d8d53415156c1bf-2817838.o
created: 0/b/466f720930989fa07b6224142ffe0a-11100.manifest
created: 8/7/7990319bd62f91fe415e0bcc22a673-1499.manifest
created: c/1/128fb4183937d3adc45ec3a481a8ea-3950165.o
created: 1/a/0ddfee753e9e4652caf6788b71d1d8-2765000.o
created: 4/d/40ede12d584e977d85312be2814ff0-2056140.o
created: 1/8/a37272a8ec05610c8e3dce73868fd3-3099808.o
created: 3/d/bcf4aafccbbdb3655d74782c25f6a9-2899966.o
created: 9/7/6b90b9cf8a31bd1d722357e6668358-10512.manifest
created: d/7/c9e94dae9ca218105361a20fe0b5ae-4032945.o
created: c/a/1ddce3e9d7b7905111fc1348c0c83a-34045.manifest
created: d/d/95941aed0e90bf44a7f89487233a5b-1346933.o
created: 3/c/552c80e5ff6ff6c782b42c5597e050-2898637.o
created: 5/8/74814deb95cdf0c43d9760e36cd569-5579723.o
created: d/1/d0a79790de6c2732eb5ffe65e55c22-5650.manifest
created: d/1/d1a57f0787756331a80d39d7a7aa5f-5185512.o
created: 7/5/098f7874a274c6b73bd115bfc20ce7-2971812.o
created: 0/f/9caba780b72ed29f768d088b864e4a-2417399.o
created: 3/8/fc4496bb2ec3a900691aa5b32100cb-8429.manifest
modified: 3/stats
created: 1/6/ddbf2748027318b7a1fbc081b19bc8-5026077.o
created: 9/a/7dd9c8c48654b8dc1f4bd8596b614d-16757.manifest
created: e/b/90b3ad986d32690f6ca70fb5aa845a-3728154.o
created: c/6/f8524bed96949ce4f22dd95ff2d1ad-6986501.o
created: f/b/74173216de5b99f64f37523b122726-4736600.o
created: 4/a/23e36fb63a6cf867081af6a2b1f8e8-6135.manifest
created: 8/a/5fbdbf248010d0c9adf1481b6551d8-1575.manifest
created: 2/5/20c3ad11ad729ea231033b46ee5c2d-1740.manifest
created: 8/1/2d70c32211fbb830588bd29a715644-13674.manifest
created: e/f/6a8f46c71aaa37dca81efbcde58695-3008617.o
created: 2/4/734dd69f8fc3b2f9931543148efe73-1335356.o
created: 2/e/9814f6b57a8fba65e605f8be5c89eb-3350477.o
created: b/b/415a6d2389be4035e640a4ac6a989a-5268.manifest
created: 9/b/9c2caa8e96a18ab89e6250b318c276-4718784.o
created: a/c/c11d9bc4bd7d628bcb48bdd141a091-2749207.o
created: d/2/6c9c77d6e131861d64b725dc91511d-4563593.o
created: b/9/f1b33ca44793a463cdd9792e3dc55a-1839738.o
created: 2/4/8c08220578fe744b3acdcd1c70f929-1661739.o
created: 7/5/e9c5895b0ed501a2f18e42662fc21f-95121.manifest
created: 5/8/bdcdc70f6fe176fc4c24a3c7f3d228-10810.manifest
created: b/c/3fb068b9783583f0d23805b9586ef1-17704740.o
created: 8/6/39895a41a30340ad4a78f2b5f29dbb-1834768.o
created: 1/6/5f4bfdd4fc00023294fbeaa78218b0-9944.manifest
created: b/5/93e5639a19e4648849fccc97d9221f-2632169.o
created: 1/b/2d26b316a5ba92aca32191c66bdeba-4342519.o
created: 2/e/75d534fb12d652e6fc65657f43f70f-2679861.o
created: 3/b/a370b290b1249f6ac11fa7cbe25801-4480710.o
created: 5/d/10b5e7d33d85c1d93d350b045d9405-4493336.o
created: d/8/26471034a7d7e9ceee50de3baab39f-2927014.o
created: 2/8/ec56f3d6c8dab7a0930774ae8ae184-13024.manifest
created: 7/3/002623d662df20096f00f10d3c92b5-6510.manifest
created: c/0/c8cb1c166a61388312c5d7fd9543d0-2765741.o
created: c/2/6c7e0ade979dd7877a11dc0ae0f9f9-1610982.o
created: 4/b/edfe89beeddbeacb7baf1017c945ba-3272051.o
created: f/f/22832e81fa0b58080dea2a183795c6-3137139.o
created: 4/6/613a794c79f767f684d30192ce1e43-1546929.o
modified: 8/stats
created: 6/d/07eb58e24dd992fbffbe186a044c0a-5024502.o
created: 3/3/e7b6e5ac5f99b8f73e6c9045534f5a-2902239.o
created: f/d/e7f37f006d18363af563cf8474d9e7-6310329.o
created: 1/a/b318e6070417d2d61b35aef7753cbd-1402972.o
created: 2/6/b1958cee4103b2321c6dfea34ff6bc-11984.manifest
created: c/e/862bdd71bf9862346d51886125376f-325159.o
created: 5/1/47718f3a830709d8c450b0e73278e1-3179155.o
created: e/7/a614c76c0edad8519f338879a3969b-1916043.o
created: 7/b/61d2cb0ec3cbe59fd2c7e38c362636-3119692.o
created: b/9/6de2977f6d99ca078f51907294e9db-1369669.o
created: b/b/3cacd6399ef732a44cac4a39925213-3494899.o
created: 4/c/e3cdc11f2888ca6eb1525fc62cbf34-412.o
created: c/6/08393c4674a936f9b9a02595cabd8f-5765.manifest
created: 7/7/1fcdedf5733b798c82017320f43f6b-88569.manifest
created: 7/9/9454f9bc94257aba84bf617e7e5515-21844.manifest
created: b/d/9898acadc5a009e8efb1cebd84a603-4957372.o
modified: 4/stats
created: 6/5/f2358c29298d3dfad48a128c2e4b55-2943927.o
created: c/f/04e4e1d62bd0143aee36a24a349d67-3588.manifest
created: f/7/9a06967da32710f43a947a46a068e1-6884.manifest
created: 5/d/0a3f5cf8b98da5ed8a56e4491660c5-29819.manifest
created: 7/5/7323d2984a323151328bd845b4c65f-2896730.o
created: 9/1/62e8fbcfcab2ecd73b68a5425c8868-4953300.o
created: b/2/1671e9a42dc92fe4fc47120e05c2a4-4180727.o
created: b/b/445d4ba2c88ba1f4c99e51267d3ec1-12342.manifest
created: 2/2/1fca7c84142695234a297f9f1ae16c-4709.manifest
created: f/3/ff46e49b14d1f921918b43eb3085d3-3279190.o
created: 3/0/6042e2e27a275013afd51a296c498b-4150.manifest
created: c/c/a18a8913648f97f65448fcb1eca695-11239.manifest
created: f/9/94d83c8a07609fdb161b47b4b96a3a-2213776.o
created: 8/0/37eb6b893cf603258cd39ff1bd395b-1522595.o
created: a/5/689c8b3d5da9ee4ae2c3790885f6a6-1607869.o
created: b/6/6650dc17ba4c7a1d0a1638bd42010a-4303072.o
created: 4/2/7067661c76946317306149714ba6ab-5733308.o
created: 5/8/30ad462c9f65582cfdf1b07a7be548-1592142.o
created: e/9/cb28814632b585e86f56615e7df39e-4696854.o
created: c/6/da777a0a768315e2d87d50f9bc7ca8-17327.manifest
created: 8/6/9c7b30c5b54ebb297446577906221f-281533.manifest
created: 7/a/38b4e679477dff26fd652e6b1eb5d1-1729.manifest
created: f/a/67e9f05f913542179251302e6bc0a8-4900225.o
created: 6/9/f7f930893559aee679ba79cab4f3ba-2574353.o
created: 2/f/2a1a25dfd43071733690c47b53107a-1758374.o
created: e/e/81f75fc0cdd14e636b5d902b804987-1336806.o
created: 9/4/b0da5523adfd196dfb0a6336ecf6fa-18438.manifest
created: 5/6/0745267f750801316c101f58fc1f6d-1900337.o
created: 0/a/9dd331fa46fb63c898fe1f0fc46f9e-6852633.o
created: 1/c/a046b5ef72974984e72e07dc2c00fc-11359.manifest
created: 6/c/bf2c713bf33acd60ec8ffb75b77e38-20125.manifest
created: c/d/63001e2c2244c99c9e52969ff1c302-44570.manifest
created: 9/0/cb725cd61edc6ccbcb36790173ba73-2700241.o
created: 9/e/ce853bf2aa2601c97de50cf0079974-2100932.o
created: a/0/53aba2699ceaab68e4aff946eb1fc6-3131620.o
created: 6/4/688da89f8ab69a9166726a196285cf-2846485.o
created: 8/6/fa837e72e9992e6c1bfde681b5d0ab-4126470.o
created: 2/b/5b0a5c1a1ec06f290d4369c02320bc-1341009.o
created: 6/b/13b3023ea03b6e06080c8118fa5bb4-8171.manifest
created: e/d/859a5aa244954edff4513063b16497-46734.manifest
created: 0/9/6b0e24cc65d4070343e6056fe06187-4986778.o
created: 8/e/5572d2dde6dc00ab7a23d17d1d5265-3021811.o
created: 2/d/c37897548e9e82039aac4dd61ab7aa-3130896.o
created: 3/b/3dd7b35ff34224e8e158d8a1e011c4-2397650.o
created: 7/5/aa1a81e8cabc7299f85f00f50b345d-3506541.o
created: b/4/df3694d5dc4864c366660a1ac42fa2-2018175.o
created: f/9/d484ef8ffde936b14d736a9ea9ead5-9800.manifest
created: b/3/fef48d5eb68b7c78a6f705a0fbfecd-2662640.o
created: 6/e/5f11594ddc238772580a8be329a3c0-104046.manifest
created: c/a/7d3e6449d162d2472e89b266bc2e8b-2297810.o
created: 9/e/47127016885e803810d6bb483dcde9-4931379.o
created: 3/9/b1a44280040a6598a53624f4df6a64-6621.manifest
created: 8/7/983b1223d86c7b9c735f8a7c4ebb62-14026.manifest
created: 9/9/41de7e59e2d911a07702d1988b9446-18040.manifest
created: f/6/40a34fac5d697ab519adf03353c264-37087.manifest
created: e/3/7eff9943c4c4c46d9ae8f7cd043ea4-2797302.o
created: e/6/380698af726ba3b195896dc63fb0db-5860.manifest
created: f/2/2ef4b5dcdd97f7dc9a7c98c8266bb8-5544.manifest
created: 3/0/1bf30f0968918c4765274edbfcb81e-7552487.o
created: 4/1/0ea5d5b0967642d14c89df76caf099-30935.manifest
created: b/d/deff0f7f5e2b29840401197340fcd3-3683.manifest
modified: b/stats
modified: 6/stats
created: 4/0/9f9c077e2a26b51aac57ca04a9831b-2907312.o
created: 3/0/f4cdca45d5c265dbe3445756e76ecd-1803689.o
created: 6/e/aad0ff52c27ee81f26a1ca68844571-2451078.o
created: 2/3/1660de8f85db2e430a0bcab8159909-6913.manifest
created: c/4/5725a6e213108375da82322a72b469-49579.manifest
created: 6/f/f5a31f59b84367a7fc8402e4fff981-2290937.o
created: 2/9/e9c9de429b0c0fc1f6a5ecbc52bec1-2771016.o
created: 6/7/0aa140356edcdc00593709d68f864b-6855.manifest
created: 3/f/fdbcaf58652aed9b73d57d2ad39a47-3228027.o
created: 3/7/4904d8cedc583ab90e6f6f428a4e43-9541.manifest
created: 2/2/d6dfdf89603c107bfb1c797141c6e4-2055679.o
created: 8/5/ba05fe0c5270a1dbf82c99d8c4a226-7905.manifest
created: e/a/74f64bccdf6f699873687cfcb9aa99-1527065.o
created: 7/5/28235cbf0cb57af9d6b17f977f15d3-4517427.o
created: 8/2/2101e08b55a068f577b14766801022-3609.manifest
created: 4/5/30d5088aefd94775cd852e9cd29838-4756701.o
created: b/5/49afddce35cc8786854604477da186-1834.manifest
created: 8/d/3ac088186e0de570f8166a1191ff2f-21030.manifest
created: f/d/8eb309afe04e289e3ead4f3963d7bb-4742728.o
created: c/2/6f86672e7e791e19db8371834c71b2-2992729.o
created: 0/3/06986ffb167dc47fa618b5fdc80cf1-6338.manifest
created: d/3/5267269fff2d76c460e9a65790959b-9841.manifest
created: 5/d/876ab7946e3f39cdeafdad51a749bf-6751.manifest
created: b/d/e45288cecc525ec63905fddc36e6da-4886374.o
created: 1/1/fcf9a76ee0e3cfb21123f4308e245a-10624.manifest
created: a/3/0dd37a644fbd0ef82ea1cc38549dff-20743.manifest
created: e/9/8086f8ecf8f8ff49228bd63d0e02bf-1656.manifest
created: 2/4/ca911c59982070a5106fb4a5558d2a-4670259.o
created: c/f/ab4620b92f98caae97d7dec295b89c-5692.manifest
created: f/8/6389e0b19ae9754e9be98e05da9dfd-2693444.o
created: 3/8/15feae8cf3dd1dbf9ebe4d0176d302-4876.manifest
created: 9/c/9fa8595d717fa8b339b39614b4e962-1557993.o
created: b/d/edef10d7bf51f0b87484a1f557f409-3232643.o
modified: 1/stats
created: 8/1/fba2f46c9fcb3051c1dbf56e1ef062-1395186.o
created: 7/9/493bdb7eef144ef0ac1672626f1aa1-25913.manifest
created: 7/3/9443dacbff921bc2cfc168cdc13223-5012529.o
created: 8/f/297703ef8d1ea1340f537a5fa752ea-1936980.o
created: d/b/58987aaff97babd4c1724d399ad322-3198.manifest
created: 1/f/05b7df3557b74457c5e50a9391f27d-1393887.o
created: 5/8/d57cc4bad8606b9440aa4db8be9619-1414759.o
created: 6/0/e792dd35ded06021ff8567ddbf7896-5719.manifest
created: 7/d/198406e0171cc395f1bb5bddcd4707-2341.manifest
created: 9/a/143b279f0cdc33c0d949de8074f66b-309809.o
modified: f/stats
created: 4/e/06215bf939962a8e90d84457ec9bae-4125875.o
created: 4/e/3f2c8c67538a07f965982ee5cdbfc4-3025571.o
created: 9/4/44e6f634df0fd6565ad038b6728962-13449.manifest
created: a/8/9424679ffa1b35ed67e420cf934d49-8607.manifest
created: 6/e/4555a8eb9193ae7586ea864b91be16-3089570.o
created: 0/b/af5f32dd32662a0afdadebc78069a2-5127.manifest
created: c/a/a113392c7c7c9442b6059764ef9145-20223.manifest
created: a/5/f8b5804da42cfc0f091ca4f77ed112-3031.manifest
created: 1/7/366b19b22e6ccad93c3b61cfff9329-1835.manifest
created: b/9/ab934152f7fcf172307a5ab51ba9bc-1654.manifest
created: 5/2/2d03adb622b9bfd9cb241ee76f79a0-11074.manifest
created: c/d/26afd0bce0cfc4b5d12070d06a5952-3951.manifest
created: f/e/2a9f4edeff2af68168cf0cd0f1d5e5-2606735.o
created: 0/2/c491d216e10b4b0b5cff995c1f44c2-1495.manifest
created: 2/d/56c5f4544ed0ef79e404ebb9cbe2c9-1587795.o
created: 1/3/afee259f02636a07b749d3c2675fbf-6707608.o
created: c/9/c6c0a398cc21ea25e2d6e74b7bc096-4539767.o
created: d/1/e97affde82fac272503ed5bb95462a-4192.manifest
created: 3/9/7892966578690cfd8869ea90c1353c-4511.manifest
created: 7/d/3a0a36496caba098234e12ab8b06e5-5068843.o
created: 9/9/ed8cf50637b8870c3c3824c24070b7-1582702.o
created: 0/6/28622830f0523ba10cd448ceca59a2-2008.manifest
created: b/7/7ca9ddfaa95ed37bf4e8dd76055188-36843.manifest
created: 0/5/04ab83b5e3b1fa16166a9296d103e7-8514.manifest
created: a/e/1ad6e0af5cb4091ae699d961d3b163-5707.manifest
created: 3/1/661ef461da638b682829c658472d4d-16259.manifest
created: 3/b/6c7b909a49839cd15dad296c5adc4c-4893182.o
created: 0/e/0592cfdb99822e3c349dd73368b4a2-3614.manifest
created: 7/3/35155818d2acaa8e304ed7f0a1c384-7598.manifest
created: 9/3/26fb04bd2b0fdb9250e6976fc98669-5061865.o
created: f/d/877d71da2692e476cfb4e3b7bea39f-10876.manifest
created: 5/c/09271a702dae59548ebfa4ad9eb6d4-4907.manifest
created: 1/5/62025a905170b034b3bd4b54ab4e2e-5026651.o
created: e/6/007fb1d87afcac539cb028460a9206-5039105.o
created: 1/c/6f8028284a9b674c137c84a8c54da8-5082032.o
created: 0/e/a0054348f744f9d8ba26dcf20d555c-3079639.o
created: 5/f/3ebd1d0fb14bfa9e229e285731d960-2511.manifest
created: 8/7/578677c73a80b4bb571ba6fbfdbfbf-3124943.o
created: 3/5/19ef838e80798d2f01e5f164934af7-8935.manifest
created: 5/3/bbf6cc50942517ebcd5593c2e70c3f-1394983.o
created: d/f/c2001b909874cb0307e4ea784c5832-5001168.o
created: 3/a/d7b3cee931d37b7f56a442484757e2-33468.manifest
created: 9/7/b9ef0e1539436aca8076ad32f77ab6-3320.manifest
created: f/b/8a5e3f53c5c178673a9f160d6dbc69-1983030.o
created: 0/a/d0dfe2c8d288ae01820b6e7e133a68-3225.manifest
created: 5/a/d78c0d652c0b0fe46b86e1da2bdfa0-6764.manifest
created: 8/7/e7167eaced3e69f933a733ceb7e50d-2783.manifest
created: d/f/7c4a9f96dcfe9c90412de95e6c8734-3266382.o
created: 3/7/94acef6b434e244c66efaafd473384-3943.manifest
created: 2/3/13c463d371d742152f3432757b3fe7-4253066.o
created: 2/a/853053f9c22fd49548c34c365da4f6-43312.manifest
created: 9/0/70de8bf7fad05a09223506f1520ddd-3037266.o
created: c/e/8c4125800a81fba478a839c3ce3a9b-2120622.o
created: 1/f/cdeb62fde09d95cb39f048532a197b-5052623.o
created: a/4/c319d00a0189f72a26a1f8479fc8bd-4119004.o
created: 2/c/4bc88bc166daa26bf8abdfb598647f-2782139.o
created: 6/8/9c4815ff8a14d06da465870a91defd-2491511.o
created: 4/5/90aafdaaa53358d9417d56ba4e24ac-31229.manifest
created: 0/5/31e81c5736e7982d703e074d3d29a7-27657.manifest
created: 7/7/954c77b95982894e1b7b7af9dca8cd-3337988.o
created: 5/b/c4d4e824dfd6c7b0dc67d68422cbc1-1661.manifest
created: 5/2/d8ee01e18ae9162645919bb7641c8f-2009585.o
created: a/b/8fcb86203e48c1402b3d50c6efb0c6-13501.manifest
created: 3/7/a02b0f817b742fb77a11ea6683ab74-4558304.o
created: 5/6/a15b0284ccfc91e05bb1f338ef17aa-1395012.o
created: c/b/3388f68fd985353747b4fffc31b67d-28251.manifest
created: 9/8/46fce1d8f36bd187351e67fada5f2b-9438.manifest
created: a/5/ef418d3494967300ae8dec5c1c1a0a-1896205.o
created: 8/b/33370d254cbb4df6a8571919f85e7e-4452864.o
created: 4/5/e233f5f8262ed73f29ba7ca9e7579e-3361205.o
created: e/2/0dfc8521303ac719dd4eb843c393f7-45316.manifest
created: e/6/e75405cb13dca328e3e12ee0548d94-2119490.o
created: 3/4/15a30763585fab34b1000e07b86652-9171.manifest
created: 2/8/3661b4e03c7c80d14380e315f45b1b-6593339.o
created: d/3/ae64bc2813e8f87130a1c4b8adacb3-7555.manifest
created: 6/7/aee77657e2b2dc1912b1877a05d910-18140.manifest
created: 7/4/ddfa1dabd80c2b57c985b3a2334f04-3504.manifest
created: 8/1/9d1fc2151e8870cc0a7a05c35607e9-47563.manifest
created: 2/0/5bfe202fcb0e514ccdb5fc8f9a8354-1335509.o
created: a/d/73a4ea662e38b4f1a18d00e2e63a53-2189.manifest
created: 8/2/edbfdf073ac272ce7d1ad8935adf73-3895.manifest
created: 3/2/a26727924a55eb7bd13e52fd56f668-4069.manifest
created: 0/d/83b28412b1ded7467a1ad1689f7f2c-56355.manifest
created: 7/b/a4194d81aa9a9f6b3040f0a6c28f8a-1715.manifest
created: e/a/fe5d45977a3da9584e90f8035ba1d3-9360.manifest
created: 6/5/4696867abc08cc63c06bc70619e8d3-2337384.o
modified: 2/stats
created: 3/9/a807145f532bffb85186377074f3e6-10235.manifest
created: 9/e/a6d387f7bd06fcef3eabccdc8fbc66-1484.manifest
created: 5/a/e4f22e30baa37b8a2b05b955467579-6590.manifest
created: 8/7/fd2a90089352a1a5a015555e1c856d-5056979.o
created: a/f/02d224b7214d24387d983394cfc3de-11740.manifest
created: 6/5/493ad559563b57f160d97f233d02d7-4254921.o
created: a/f/348aff0cc496e87ec326be7f9d1ef3-2094539.o
created: 6/9/f120ab84464630644544b372571bfe-3147.manifest
created: 4/a/8e86d882034ffd7d7b2f66f0a0eb84-2797513.o
created: f/d/6277fbd6df3b8e64f01de58f0af189-5346.manifest
created: 2/4/b10a739e8a6176dba20817bb0ac393-5127596.o
created: e/0/fc17858d04b6f46710064c3a7f3648-5011701.o
created: c/f/e6cf0a20dc8f6ec6fed44ae58e67ba-1612775.o
created: 4/3/4e4baff5d574c398271a3a612393bf-2869859.o
created: 9/1/dc895494be7f448836863d8111225f-2526841.o
created: b/f/52ec7985d496585281a8ae41fdd7dc-3305.manifest
created: 3/1/6eee6cc6c896966a4d43f03b8e9cae-13146.manifest
created: 8/4/d837d4a8d9ed2a22bc9a4282037895-2299648.o
created: 8/f/5d772ed9c7f0f4ef98d1b6b7204902-49967.manifest
created: d/f/78800358caaa15df0e17a05c1e9ba0-8899.manifest
created: e/0/b7e0e28b5dd475e95c97fe2a9246eb-1600958.o
created: a/b/6c1f0457816b25ef1895c126d6a769-1832.manifest
created: 6/1/c298c1eed4dc925d125743d5e4a8ed-3090392.o
created: 7/3/59f99d67aaccd71ede174cea6a0805-11139.manifest
created: 6/3/0d198eedf481f875f9e0dffcff9ed6-8178.manifest
created: 8/3/170a3b2cc2959d122d73c472556145-4428.manifest
created: c/1/d46a66f0ff049a7d68a41999f43901-4549.manifest
created: 8/e/e5f6d0fca5cd82695dbc468312fb91-7401.manifest
created: a/e/8043d2ef35f2ef2f0de8ef17789bb1-2822059.o
created: f/e/e2323d5756d2dc5cb668bd4205b246-14037.manifest
created: 3/a/6a9afe035a13c204d32b03df90f2ff-1334447.o
created: 6/a/b5b0b118553b2ba465e58204a6ff51-17269.manifest
created: 8/4/e01fd7c2f25f6c021e00bb3d392701-1399.manifest
created: d/6/76db0d012260374c0e6092e649b721-6944.manifest
created: e/9/442cd7b814478123b4c9d7b5bb64a9-18254.manifest
created: d/7/cc5a9796ba95e81f825de8098f2912-30788.manifest
created: c/8/d4faceb94171f58a6bfdbb936d1eab-4268.manifest
created: b/b/9244a670cc5b3507f79152b72aa3fe-4801077.o
created: 6/0/918597520b448fcf4513811f4f4849-2445.manifest
created: d/4/248c5125bf4af8daeb0a03c96a57cf-8143.manifest
created: 0/4/f13828d9aa544a47b1a86892e1b2a2-1874.manifest
created: 1/5/e8d8c5dc767346f37eae7d3d44e712-10299.manifest
created: 8/b/8b434842aa7e64a586342a8e1e8b05-37225.manifest
created: 6/d/455a30a9c20031af2f3e25f138cabc-52190.manifest
created: a/0/226f4367eba2f48d45c5340fbf515f-2841214.o
created: c/5/6ad4eaf1e97dbb0dcb0fe941e8b3c0-1644703.o
created: 4/9/eda2ea927a1943f48a912530a5730e-5973.manifest
modified: 0/stats
created: 7/1/5386f1623e7b23e512a4106b07c70e-6912.manifest
created: a/9/67b2c258c10001ddfa95bd51745ce5-2686251.o
created: d/d/6b8de9ba0bf741ff3a7af584e990a0-4550009.o
created: 4/3/cbd6ca4d707fc872919c58e7ba22b9-4725304.o
created: 3/8/a036b689f11758021ce2ade85f0199-23597.manifest
created: 7/a/1d945b4c4f65c060083e9ac1a94c9c-1818049.o
created: 8/e/2cd9e485157a983949bfddaeb6f7ea-7105.manifest
created: a/e/f4d13172ecd1d1a939c8f1388ff8cc-19214.manifest
created: 0/f/eb184ba8650adbf20c0b38d7c6bca5-23963.manifest
created: 1/e/fb33d2691b0d8312b1b46a24429ea2-13653.manifest
created: 8/e/e1d5bdd9824a79fa5674698d8cc7dc-9420.manifest
created: a/8/ca06a2fb527d2667c0197977858e94-1435.manifest
created: b/2/d5e7df574fb4f1d2cc97a14a750658-8662.manifest
created: 9/1/70e30568f209f1dd95011345857205-10051.manifest
created: 3/d/bd14ada6907d4d4394742292f1bfc2-5099013.o
created: 8/7/a711e656cc79d1a38dc9dcbf969726-3367700.o
created: 5/7/90c3e77ee15f74536df63617d396e3-24584.manifest
created: 8/a/14d49bee09423bb2ddd51e26b61484-6917.manifest
created: a/f/5de172dce3904b53a3213246c7395e-1922.manifest
created: 4/7/546d2f99fad7d1f9321714c67acb57-290888.o
created: 9/9/1537d01cc0c50b0b26692192b2eec7-3305710.o
created: f/2/0cc9afacb1f3667e8722547c717134-2376826.o
created: a/f/34a0941545322ec0cd7562ed045d7a-2473485.o
created: 7/1/0a4238f23b659a7d8693f444388305-1334129.o
created: 2/7/0f185366d473d20b33d2cbe519d965-1579674.o
created: e/9/b2313ba482700d5205e1e841bfb943-16421.manifest
created: 2/8/5a33215eea22366b455cbdbdf55286-5446.manifest
created: 3/e/ce210ec2e5d1a7a3bfaefb2d912e8c-7200387.o
created: 4/6/872d1a863294e7499f4fc6133d844b-1773396.o
created: 5/8/f29ce5d34293f786315c72297c61bb-6752.manifest
created: 2/a/4114253c3eb00159ec9a42791cec39-4763781.o
created: 7/b/fef4bfc61e85dd5e690371d6234793-1994412.o
created: 0/a/ed75fb32842e49020df79d7952ddcf-1144029.o
created: 2/e/f3264111284be2d6b5f0381437330c-4531713.o
created: 3/0/51320f0f7eb6a89b01f892d79614c8-47401.manifest
created: a/b/987b4cccc833bf4ef939b7bca936eb-2656.manifest
created: 3/d/fd91bc327fcfaa5cf81700397a29c9-4687.manifest
created: a/7/0001f5e8eb66540ae0c181fbdd3fd5-6967.manifest
created: 6/f/3369564f203974cf01de06df956b95-256030.manifest
created: 0/5/71e696f588b635637ebff8ae10ef8c-5692723.o
created: 1/0/7b6ba244268ae8c16e4e8283a2a508-3251365.o
created: 1/8/b208b547b0a3af0021cdd6d1350dd1-3088632.o
created: 5/0/aacc2038196ae0457e109341014755-9656.manifest
created: a/8/9cabdc5b7629406f02b2381af9f78b-756807.o
created: 3/6/c27d84b5bdcd451cd0f81167a57c1d-5934.manifest
created: 5/c/4b4b59556b3a68e2ffa0003a71c049-5564090.o
created: a/8/09e81a8002002aea26d198c6d4e6c1-304874.o
created: c/3/2711c73affed62cc630f710e1dd78d-102666.manifest
created: 0/a/d94f0385a380ebac93a5ffe21933d0-2898065.o
created: 5/1/eead70a75905a59c4e1c9b84423d9c-3020039.o
created: 1/d/04166f9fbd33a4d11b15dab453b978-11853.manifest
created: 1/1/3cdd9a69b828c09411efc117636bf4-5326437.o
created: 7/1/24bc7a20150b98be434d2d1682bf22-3475747.o
created: b/2/56507ca6cea2ca67838d630262b9c7-2022288.o
created: 0/c/2eb7548df6315674e0d8c67cfd27f6-3255546.o
created: 3/0/16dc119ca9ed381dcda87d9cf909a1-6104884.o
created: 5/f/360810f4905cda3b777513ca3ced99-31723.manifest
created: 4/1/437b3070185d1196970005462edd2e-2459.manifest
created: c/3/dc2afb4fcbcdfff4511e251d879052-28607.manifest
created: e/9/9630344c4b63e09ce284cf464d4d6e-9824.manifest
created: a/d/b12f34fbbc8ae4912af0736f031d45-13471.manifest
created: 3/1/aca90b7c42c1df53b69638b513e45c-8719.manifest
created: f/1/8aa5bdc2da235cb2c507695403cba4-12110.manifest
created: 2/6/81fa039db509fdaee5a16d8e412236-1963472.o
created: e/c/d89fd0e1bcbcbb6d34e1d281c18005-1540419.o
created: 0/4/09718d06c377b5650593a14e6e3a94-2694456.o
created: 8/8/571be36085b1dc94a74ba71c77f0ef-3506117.o
created: 3/f/be6858be1bb023d76f119174ab0840-35042.manifest
created: 1/8/e72c58a54eb16ca9f73d3ec61c484f-6330.manifest
created: 7/9/87d2fc594fd4afa31460cacd2b5169-13163.manifest
created: a/7/88936b38be9208675ef07c81d2c456-1623.manifest
created: 8/e/ce75641482075480c7d1b43d81d783-8558.manifest
created: e/c/6df12b4ad23c6a3bae17d9a963a2a9-3439.manifest
created: 5/a/afa07cd98548606e24fda0950a70d4-6850.manifest
created: 0/e/e7a3f16f7e9ebfa6cb5d7435cfcd68-3995174.o
created: 6/2/23575742fdace6f32ea22324043129-11420.manifest
created: c/2/d2cde4af8e4956d633b2afcec01ef8-38453.manifest
created: 2/b/3d5ff49e0213c5ddd587c23c6633bb-14738.manifest
created: 8/a/efbed82d817fa462601d5abeeff40d-6549.manifest
modified: e/stats
created: 8/e/f7e7c339e6448f677f9edc910a391c-1590930.o
created: 3/a/ac8e707c02f694208f3bbadd03b85e-1766.manifest
created: a/d/d7e1e41294fa7fdf5289794f567fef-4642.manifest
created: c/9/3b8e2f7f6ca69910ae7974e3350c24-3099227.o
created: c/4/0c36a39767db4651de4303f3766d39-3506475.o
created: a/2/355f4fca115dc315227c5659d19e66-3001402.o
created: f/1/22ebd80ed54a77f418e3bff963f7eb-18493.manifest
created: f/b/bf398b3612734710286212f669e8b1-2905546.o
created: 1/7/41dbf17e384ad2e3f564e0c47b94df-2322.manifest
created: 6/a/d6653c39bde6b4beb2107eb5a157d4-12947.manifest
created: f/8/529da9fd116eb5214e5d1766aefee3-2041730.o
created: 9/3/53deae9115276e123ec5bf481f27be-4760.manifest
created: 4/a/a6559ddf9b966d28c4b44ca0b78bac-18439.manifest
created: 4/a/434cfd227d2593c6421c86d5f6b0e4-6445.manifest
created: 9/d/3543101e5e491b9bd8cbc8e6f0e4c6-10685.manifest
created: 0/a/973a5ce9edef9449dfb3ee6530ec1b-28115.manifest
created: 8/5/d660a8153ea4628dde831f3f571f92-3277271.o
created: 2/d/4d181261fbd04aebd911a49a8f554b-11668.manifest
created: 2/a/68e80264eb8271d8692ba3d1e2b72a-4207393.o
created: f/3/107f9434f1b5b2ac23e792fa51caf7-6045.manifest
created: e/a/9a4d8cdf4c09bfe2ff9d9b2e0af1f9-3076394.o
created: 8/8/6fa67ebe20a8890163a6a215765d41-104777.manifest
created: 5/f/76aaf17dab8920fa9dcf21648fb4b5-2530292.o
created: 9/e/381a50986cca4670e0711ba1c7e534-1281.manifest
created: 2/8/197ac01ce54553cf7ea999cf02c7dc-1582.manifest
created: 8/c/fa842ff799d8a8afd7c110f36b112a-4034.manifest
created: 6/6/4ad62cb93638577ba0af0a2306ae95-1407.manifest
created: b/c/f4e3f606dcd9d5ca3487cd4f3c68b2-2158314.o
created: 7/5/26135161e6156169cd84c1185eb779-7554.manifest
created: 4/7/8706aadc68e7d9bb4e6fa68d388655-1544.manifest
created: 9/a/e3e28f51c0f574a780e5dd60bf9cd8-43576.manifest
created: 9/b/7fe8e0328d40d7fb3e629990168530-7717.manifest
created: 8/d/7528cc642b2532e93a3e7f376a30ae-2112132.o
created: 3/b/3a5b2311337ce10d9fb4f3570dd7ac-1879931.o
created: 5/d/87dae246c94cbbc6ede5c1e01b845a-16378.manifest
created: 0/d/c1c1123b69a79581cc8331c38e3cab-4671919.o
created: 7/1/b5b4c46b651a3e59e81c1d066acbf2-2538227.o
created: 6/5/c7c684715341005b9db9e2d7ce9544-4464407.o
created: 3/9/e5f96fe4a67226aa1608be43d3b913-24472.manifest
created: 7/e/5798c09c55e09fe0d8a42b49046fdf-5555.manifest
created: 3/8/5fbc6f779957cac7ea65e454169272-4849179.o
created: b/f/c143a590c4de806cf1e6d3ceb26e83-2798950.o
created: c/8/3fe3b3ce7e1d932696c24098389308-5212338.o
created: d/4/e281bc2a5d93b946b903ee182250f1-2988388.o
created: b/3/5507932725651349b5f8f11d194d1f-1341671.o
created: 0/7/9c6e61885d4afae6e12f1689b7b228-2495248.o
created: 2/d/cfcddace87b5e66a8a9af8f17e8a9b-2102584.o
created: b/4/0082f68b490958de841f08ae06fcf9-48968.manifest
created: 5/3/4d25c93dbbdd36d41ef4c2f3e3a2f2-1283.o
created: a/3/b5db3f2ff21d7c1281054723b1b222-4451355.o
created: 6/c/5b3118083895230098826471398c8f-5177525.o
created: 5/3/2801b2f985f0a9ad3bb159012a0a62-7348.manifest
created: 7/f/ba02343227b9da0228d5962084fc81-3756.manifest
created: e/b/6bcbc28740d5577c3af90987672cb4-33195.manifest
created: 2/a/d87fab8b220acdf5edae612c2f5e24-2213.manifest
created: 4/5/622c951680cf13500b684806256da7-3132478.o
created: d/0/99a3714294bb2091b53d26298b7156-2945.manifest
created: 7/b/d00a2f24813e1f6c094b6c514346dd-1792179.o
created: a/6/3bd4d54b1d32f75fb5d56e1df52761-1371666.o
created: 4/0/045a98b0cce58f5094265382ec322d-2326872.o
created: 9/9/7f49be7a7b60a41f09d238261c2a70-4986520.o
created: 3/2/d621afa57e21978aa6d54ad209899e-4074543.o
created: a/7/0b5e135f41964e567d5c83897896d0-5026412.o
created: 9/5/814c85c671e2ab0620102c3b33bb76-3136277.o
created: 8/c/5afa195f6a19493b666a6ecccca852-3651.manifest
created: b/a/16a231fc7c458e2d88bbc6ed825883-101558.manifest
created: 5/a/4e1d28f3537516738f06046717e247-6359.manifest
created: 9/9/9a0210827c7c24b42bcedae98769be-4791779.o
created: 9/b/8c805197f29d75b051223727693976-3768202.o
created: 8/d/8f96404ac0346f8e0107d7093f4601-7780.manifest
created: 1/e/cb4f73c1e5438624d143114a99a83e-5574.manifest
created: a/6/844970f0ba1c313595639f271bc283-3858996.o
created: 0/6/7b89916edbb4841f65b1186ed6a3e4-10425.manifest
created: 8/0/418b1cbb1924bb207caafcb28cd697-3039373.o
created: c/4/891e10764a7b8789bec35832281fdf-3055657.o
created: 1/2/f342a2c43274d583dfdf228de72dd5-6318.manifest
created: 1/9/59e1e7a9b2196de1c2d2d2ef0f87ae-5593.manifest
created: e/9/a2d73945177f4128bea17324ac7bda-6915.manifest
created: d/5/ed4fd5106134c50ce960df13c49f02-15082.manifest
created: 1/3/8a6d5c889619309230d69a8bb9cd92-11176.manifest
created: 3/2/6a0b860ee354d80ce62b1b3462bc8f-4571269.o
created: c/7/e0bfdea01c8c1abd1f80ff994cf03b-5180315.o
created: 8/3/beb7749474a932d78a8460e3a70675-11407.manifest
created: 6/a/e3800c0aff26ad17299c8c59f5efb5-2530528.o
created: 4/6/1a7c8ced2f0564eef5f4ceb5e40958-7013.manifest
created: d/3/277b5068c3c02e148d741b5c28ef5a-5226.manifest
created: 9/6/fbf98318e03a0fcc33ad37f96bfafe-6438.manifest
created: 5/4/f6406b87c5f7136c6daa4161040033-14483.manifest
created: 6/4/c4d8c3e9e3da3f124805449a86d8b9-3092206.o
created: 5/b/f5286565fbcdabc675af41f1dc76bd-6840435.o
created: a/7/ecea5268ce6cea8391edb9967ab60c-12052.manifest
created: 4/d/600f196606fda87e0f6891e00c3189-3432957.o
created: c/9/54fae51a3279803fd0e5946affb5d9-39145.manifest
created: 2/0/12e0528dd3e0f5ec6b18f89197b769-2732.manifest
created: 3/9/a6cbddca78342e47aecdf14cd7ec47-2189.manifest
created: 5/8/7241e31acd4eb199326fd7ed2e02d5-1402.manifest
created: 4/b/5aee5719feb617c2d6d2a7c49dcd3b-7893.manifest
created: 6/3/a0d4054614b0dd3b675d47ac6925cc-5096.manifest
created: e/2/0d431442e6dc76bb3c176233d28873-4631309.o
created: 1/b/d63fc995583ae63a3266415dcac622-7248.manifest
created: 2/b/bc0fbbbec579ebd4a81447c5d1f9f9-3846599.o
created: c/c/4c111c17c151cb2439080077a4c075-1396.manifest
created: d/8/686cdcb31cb809f549951e0c4cdd3b-3022672.o
created: 3/9/ed13f0b123c06fba4e53f2157f9846-2929597.o
created: 7/4/aa04ad35a505e632d1b640e758cb1e-3134082.o
created: b/a/87c186cb8f7c028446ff53c2207f82-4425500.o
created: c/c/6e9262f4ac7365b3c5bc2baf934a47-18303.manifest
created: f/1/272c4b49619cb9dfe64e28ce87a287-16325.manifest
created: 0/0/a218f3b14615d85a95e2b098ad5b19-5047267.o
created: e/5/6fe8fd2234692394dce6efbfa10d8a-4505977.o
created: f/e/363225e0dfb8823a0286d18cd3d109-6254.manifest
created: 2/6/1a4d4d8d16db0cb54472f026866675-5159071.o
created: 3/8/13903fbd9377fba520589208ba1aa0-2915194.o
created: 7/e/d82f71bb0a8a15ddc890d1b73a8904-3304806.o
created: 7/2/d03c5509c0b3adb366d94aa9247023-9001.manifest
created: 9/b/e822d767db423008b834ac2d780fbd-10604.manifest
created: 4/7/fa7cbd413c1f0bc4940d5c4071f97e-5714.manifest
created: a/8/771f4764ed7405da504ddfa56c07f0-2399.manifest
created: 3/7/e8581e4d714a03f120298edc2d47e9-21202.manifest
created: e/9/0b4cebc25e9430cc58c00106d2fd1f-6626971.o
created: 3/f/fa6416c165f111813f434cfe8af31e-5755.manifest
created: 1/9/7d292d7003cfc388db738ff572fcce-3609.manifest
created: 9/a/40cfab5f24c9aad76288cc77e3da6f-6522.manifest
created: 0/e/5a104f6703e5119b254e95b39ac6a3-6576.manifest
created: b/d/dfcbe62b7fc5c9f1d05d3e42eebea6-2909258.o
created: e/4/f1def184bfaa218f8a5b59730fcf0c-6889.manifest
created: 2/0/f40f3a82e4fcb92f85366baac864e4-3018241.o
created: 0/2/6152c84c5ca16c66fa9ec8caae03c1-3307205.o
created: 0/6/085aa8848dfbead187a0c21539605f-7224.manifest
created: e/4/695da7e7f98b7f8e49fee156f58d96-4648213.o
created: e/8/0acce15fbf2b82c125fbbd3b456f19-1401733.o
created: 3/e/6acc3ef54b262283976b498fb7a73f-4438.manifest
created: 9/8/98eac7200a29f2193e7ce18d04e44c-35835.manifest
created: 3/3/d81f1f6e4e59af48f1c5f5d2482526-11963.manifest
created: 7/c/82405251452aa5c5a662b8e69a47ef-9485.manifest
created: 1/a/dcea48070e0ca8c169fec8c7b4d679-4483.manifest
created: 6/3/c9380f7b17549e63340c7159224932-11679.manifest
created: a/4/1fc8ed405fa0692b9086220eb2234e-7349.manifest
created: 2/0/e3311f51c06b08ede3d07ddc349c19-1486.manifest
created: 4/6/3030c76dc3873c300d515c4ef1b464-1594501.o
created: 6/5/3e05624762a5c3f5617d5ae6a2b646-6690.manifest
created: 6/6/fa96e7304e7beba0c393043163e5e0-2091464.o
created: 1/2/8832aed3b2514d309f18f9f6b3d440-3138323.o
created: e/1/9855f8a98fbc669421d0956e6db963-3047194.o
created: d/e/c4d8d187ed4bfbfffd7112d0d26019-1782283.o
created: 0/0/f8b85997365b9133a991c501aba685-3078.manifest
created: 7/d/cc2015a386277392289954f64b1c56-4823299.o
created: 9/7/bd27f7ce0c3ffb81defb68d17913ed-4713.manifest
created: b/5/28d05e2e9518ddd4ca4ca797a28b20-4493367.o
created: 1/f/28c90f2ccf330d8911caff416b2572-2280.manifest
created: 3/c/ba0cd8bcb4fd6d1c824cb71d0cbfa9-4208.manifest
created: b/5/3788a7faeb5a8b802978d1d11dc581-15038.manifest
created: c/e/cd569743e9c7f82e35d927c30e36ce-1841.manifest
created: b/4/3a0063044f1ee227798ecb2adf7a20-1599612.o
created: f/2/6cb5625bea52aef385754f09cf15bb-2934.manifest
created: 4/3/006a38630a4831a525d6fa5a4badbe-4499128.o
created: 7/7/6140e28782768f9f2b7cabe1c0805e-9348.manifest
created: d/0/69f52ff42d138908e85606575a02d4-48703.manifest
created: e/2/8eb6ef4dd063bff232e280dfddc01e-7697.manifest
created: 8/7/d1c58c582691ac1d76bad4f33e1e94-6278482.o
created: d/0/d86152bc7b772ee89e68e95e1c53aa-5909.manifest
created: 9/c/3108792ed8d1b5b88e853120254083-3882.manifest
created: 2/d/39db0ebd400a29362bab1e261ab1f4-2527013.o
created: 7/0/cc10b3d43539839c09f651adbcfa13-4745.manifest
created: 3/0/93e42af527942aec8e9970efc187b0-3400778.o
created: a/8/948f6df69fd92b5737d7b90b45a5c6-1942.manifest
created: 0/b/e520659a09780371897ac8eb91c3b6-4987879.o
created: 1/6/570829e30baf6a06fd1cfbc4997cf0-66110.manifest
created: a/f/610a6cfd34ccd4b2fd48cffa45a7f9-3299994.o
created: 3/8/fadfe5a8e346ef09da995472e1bf43-5721.manifest
created: a/1/b9258e9f4ac9d2263ac905b35732c9-13292.manifest
created: e/f/bfae1b1044e30a86672340d007a59f-2896048.o
created: 2/a/342ec148b2999245454324d17f0fd2-1603191.o
created: 1/0/407c226f1fc849fe884805db0518db-2466.manifest
created: c/b/6dc98fa2afe1a01dce1222d9f1ce01-11149.manifest
created: d/6/b21075693834543bc1295af42a45c8-87174.manifest
created: 7/9/d8d9869fa7d6cdc7c5533ca09f5a63-7193.manifest
created: a/f/fb6a9e37e72a2b36ff565cf7bd319d-2537497.o
created: e/2/98bcdbbd767422c35ee19448d3f1d1-1334755.o
created: 7/4/4e5238fd0c03fcf83c56c1cc7f2be5-1435.manifest
created: 3/8/3883021ea5e4e82ebd89a96bd66813-3179334.o
created: f/9/0541894a965631ae84998fc1bdfe3c-6590.manifest
created: d/b/c6cebc98c8bdf6e2d1a7e0c3847269-4892941.o
created: 0/b/ed70ed81ee30c191220754f42044b7-7716541.o
created: 9/7/ba452fa0dd8c72f813aed9fba4848a-8253.manifest
created: 3/f/1e0b90ce08aa9a4b75f921f021b65e-5157954.o
created: 8/2/80a81e1a6bbafdccf3f77175155b29-5025019.o
created: 3/d/b35151d0b48c81ec8cc9d3b17e1636-9931.manifest
created: 6/b/ba47f30c1fea96cf5ccc1f3928389a-3039.manifest
created: b/b/d3bee227fa94b2feb9696d6c57fbf0-2551546.o
modified: d/stats
created: 0/d/471eb695782af12cc115a5d34a0be0-3085636.o
created: 1/c/7781a28cbe94d8c1add50e5818a006-4492.manifest
created: 7/d/48b05ac6d9d1bb7c73c724eb83f942-3961.manifest
created: 0/8/181dd40d39b01beaa0b861ad2595e6-8034.manifest
created: d/2/f12f0ba8919a85a1680a4cf945606b-2975.manifest
created: 1/f/30591a3effd8bda8c8581f9ff27094-49918.manifest
created: c/a/c2ad84ff165d966a9c49386693a653-6555617.o
created: e/8/f2bf0009fc64d9c3e4cdb644889724-5085678.o
created: 6/7/8919c3ec14e5246246a9613ed1113f-2984693.o
created: c/8/5dd973e195c6151f1decb4f9f877dd-5188.manifest
created: 5/8/495e81f3db4327eace1d3beb666096-4455.manifest
created: 4/5/8b0daf380fe4935aa9407c1599a956-3015111.o
created: 8/9/c140ae31c7da7465b703f069461ec1-7907.manifest
created: a/f/cac7187178ba396ec52d4997a1ef06-2969934.o
modified: 5/stats
created: 3/8/60fdd832b65d404ac0a83798b7cbcd-2990498.o
created: 4/5/4c453c25c399033970cdec89cdff10-4820859.o
created: 6/6/967b0bfb25c79595ce4e7f8e904efa-3116554.o
created: f/6/eb3a3ce794c07b17196af32348208e-3109743.o
created: 3/b/9a9f69f684e5a0d87d1b04d834a924-9492.manifest
created: 9/0/63861d86c0521eeff41aff46c1790c-17959.manifest
created: 6/9/3778111dd7e79489e5d4285028bbb8-11528.manifest
created: c/c/0eab39317f35207a0a745ea73a0553-1376664.o
created: b/f/c663d8dd0ed6db3b7d70fb2cc56acb-4264.manifest
created: d/b/53b99ed6e5e9542004090aca515091-3030453.o
created: e/0/2a66544d95402e50b77d8e6915a49a-3127047.o
created: 3/c/002471b047e35035b9825734dad8af-3072092.o
created: 8/c/ca747196de80624fdda73443edd259-79851.o
created: a/1/fe7ee0fd7368a3d701eddd8dcb57ae-18552.manifest
created: 2/f/9a6290984abee553ad5e1017d32024-5942.manifest
created: c/c/cd42bf194883847eb20a98b2c5f2e9-1294862.o
created: c/c/6e69d1be7522e7b66ad83a8ddc609e-12380.manifest
created: 1/5/f85ecef5599b7dd601de084e6612eb-5348.manifest
created: 1/2/ff55eb887a77a00223feec602fde16-2628178.o
created: 4/f/aeea8b8e44be820cc7d0e20eb3b31c-7810.manifest
created: b/f/ec9f6a02a4640ed4f7cc744336858e-2459054.o
created: 2/a/e0514867149a2879369465049c64e0-1398219.o
created: 2/b/d40053eb3ee93b310b934b7fddd898-13300.manifest
created: a/8/7bb781c22c3c124a8cd66681714f72-3165402.o
created: a/c/ead6c51119d2299a2fdf1dd5e0e721-3203.manifest
created: a/5/01864026c884c8efd3812c48349eb8-2031227.o
created: 7/7/16e285e77cb5be97fc06a7a2de8630-3113344.o
created: f/c/96a0452e0c85fc0e07929f53d6910d-3185463.o
created: 0/a/3fec317edbd8596854e1872a57c492-4503820.o
created: 1/e/1a5fff1fae8a72addc885370b98b84-13824.manifest
created: 9/9/6c4c4afcf212817fbe37dda782c207-3257.manifest
created: a/f/4a6f52163f69fbe5d88df8437774ab-5726.manifest
created: 0/4/a6e84e1705e50a0f9139b497c0922e-6536.manifest
created: a/6/da1328e7353a941885abbc969aad69-6869.manifest
created: 1/2/72124fae28fb24dd9c72be2a5f95a4-28916.manifest
created: a/f/400de754ba3eba706e2f70b31e8133-2576727.o
created: 9/5/441a0e8ffce927af2da2660363c5a2-10421.manifest
created: 3/0/35bb388b3a70445465af279550eea2-8997.manifest
created: 3/e/b0c031f7082ce434d265f1f46f7bf3-3127907.o
created: c/2/acc5f5e757423cc9614a20bb2e770c-1808897.o
created: e/9/5d31eedf61c5401c6a272541e8719c-3318619.o
created: f/3/6fd2dc0e8de6f36ff0d50feaa2fd8c-4920645.o
created: 6/9/60e232abae9abe313d3086e8982bf7-2528057.o
created: 0/5/431d676ac61ed7aa29e4e4a8eb78c3-1015939.o
created: 7/f/20c909f0dd511d8f8bb076244be6ed-3026021.o
created: 9/2/befc55a42f6056fd181656eec8f59f-4703445.o
created: d/5/80aeb07778042df55266936d8e9742-14457.manifest
created: c/b/bafa986741f05167f56fc0e2316f1e-12790.manifest
created: 0/a/9bdf1c841424d54d50a38263705180-4514369.o
created: 2/9/56789b6b02773c4f5b386f37e572f7-3403235.o
created: d/1/0ba4d8bd1095f5f4de11b31a9ddea0-7111.manifest
created: a/0/8686ec89be474765c754c32c0fa44b-6022249.o
created: b/3/4cf0f5b3076ece5f3e6648a9a60363-12786.manifest
created: c/2/d4c0251fc8bdee5b7fa10bf990ae9f-2581068.o
created: e/3/014a6b9dc7f33f948e71cb2f3a3227-31276.manifest
created: 3/d/0dd4f464425a17fc2ecbfff1260766-23937.manifest
created: 1/6/565f1ff1e9e5ebf3c1608e6b395a0b-2896559.o
created: a/2/a3bcdce5e53c733f6d06ce04bc1082-9078.manifest
created: d/c/e4abb776b5f706c189cb57e04977e1-7603.manifest
created: 7/b/fbfb79756914980a182a6254186d7e-2453.manifest
created: 6/2/fd309e045a733590b544cf2708ae5b-2773876.o
created: 3/a/2f36c2492ccec5456b63072ee9fddf-2004.manifest
created: 7/e/d80ce4bceaee35c004d51e19c84b89-14361.manifest
created: 5/9/4a0a0cf3a025dee1b921e5f245ebc9-12254.manifest
created: f/9/ed11e4beec12366a8a50559d490c4a-16486.manifest
created: 2/3/419429def1bca325221d6facf9c5b7-2878388.o
created: d/d/16f3ed33ef9dce92273de033e31a04-24854.manifest
created: b/1/8fd1cf9b9c871a1c638ec32015305d-2996678.o
created: b/f/0f408e7fd4b557f68730091c7f19b3-6682616.o
created: d/b/5b08af3ab2e203578d238e77dfdae3-302657.o
created: 3/2/22061829a481fce864e80107040194-2921508.o
created: c/8/04dcc09e8f5f42b7d382b1aa46b4e9-3994063.o
created: 5/1/a005f75c0e0ad1bf3e8cfe43cc1b78-1527562.o
created: a/1/cf2898694542bb837f7699baf04609-7548.manifest
created: e/c/09c524c5c975318635efeb588a1e47-1601533.o
created: f/e/8a20cdd3085c5625273a8fede5d0cb-5789.manifest
created: 4/0/95df233188dc864576eb6f9a86ff10-2855435.manifest
created: 7/9/5e7ddebb61c495d1d4b1a6df8d058c-3185901.o
created: a/1/46f26a3b35f297b7d618f84c5742a2-2771532.o
created: b/8/65fcf2205380b72a6526c08039b069-6773.manifest
created: 2/4/1f8a986874247f2127576f628db5ed-16033.manifest
created: 6/a/56ad941019c365cdd91b50fc904a60-4497738.o
created: c/3/7e379164ee30bc1a2b088292fd74c4-2900420.o
created: 4/6/ce3b1d636b153a85d47250e5d1c5fb-17829.manifest
created: b/3/ac58bd52d14c41f3a07cb0ee36cb1d-1352825.o
created: e/5/d1ba169ce540eb5234bd33ebea89ec-33635.manifest
created: e/1/f6efd6dafa1d41451e77e61bc1c445-14712.manifest
created: 8/c/94d063c38e0bdafdb4c8c245237bce-4568.manifest
created: 0/1/3f4679a537a23ce38af3b491463277-263380.o
created: 2/7/348944976c5ca977e132cb9e453021-4767049.o
created: 3/4/749f333b2467750c4ab6c85b27e829-1534224.o
created: e/5/def54e465d976328266dd20190634b-3815985.o
created: f/e/4367ae15ce939b568bb3ab40f863d9-20824.manifest
created: 2/a/17d9c1f930232706680588a7cee608-1976.manifest
created: 5/3/0965dd44a14645eda527c49e58652a-1581113.o
created: a/9/530be57030ca883da41c79015cac25-2718776.o
created: 7/4/76015c54ac084a2b8a5980e5f7e1f8-1497.manifest
created: 8/d/c958f9eb82b06dfff99cc06383314e-18123.manifest
created: 2/1/176d06ccafcc6e5484646696b21ee4-3494.manifest
created: a/5/100aba5839ea60b6aa1306edce44ce-15063.manifest
created: 0/1/2bbb0693fed817166a75fb3b67f2e4-5920.manifest
created: 8/d/cfe8c602d2dc498d2fa8879b44ff0f-1944158.o
created: a/3/bbb91cdf43b3ae51f995da7acfa208-3174520.o
created: c/6/3175a45815573d4f1af51a00812f6d-2693221.o
created: f/f/0865c3f56a21d4604b1d5c19234d5e-4470565.o
created: 2/6/f352769a2cbaee13a223eb66242877-4598816.o
created: 5/d/b4c2cad64b0f510a5b213aa1dce71d-4464262.o
created: f/8/55b0cdb662c2cf37299263849176bb-298542.o
created: d/2/706a4a26470bd498c61dc2ae7597aa-2840.manifest
created: 6/e/01a6c281bbe2b2597d71e3bf298e7c-6839817.o
created: 6/f/cded39a1eb278a24e660c0b5ace430-2100.manifest
created: c/1/96b7d291825e0efdeb847d44544708-12335.manifest
modified: c/stats
created: a/a/e9ee864950cc7fd9aeb88a46f725fd-9025.manifest
created: 4/1/1bd90a28cf3874f650c19f78637b5e-2904786.o
deleted: 4/a/c61192705b5314ef24356348a93205-4671919.o
deleted: 2/0/436ee5747109bc1cccd52f884df2b0-5055032.o
deleted: 9/5/6ad9a762a94ae867c95c5f9657d2fd-2782139.o
deleted: 3/8/e87a0b250ac1dd7c529fa6a0593e96-1544.manifest
deleted: 3/d/0d73b6f98a5ca83bb1b6afe0ba1d4f-4951353.o
deleted: 3/e/48a7ff55c6564a8ae00ba32eff8708-4849181.o
deleted: 8/2/0fc4c91c3272f5dc0daa2f16e471b7-2009585.o
deleted: e/d/6f7b028676bdb3917bb8377393f2f2-2091464.o
deleted: b/a/8be35167d60914697e69841e250438-4667790.o
deleted: e/3/f47950854a2d6b6024c914efb5c25a-2900420.o
deleted: 4/5/8da93ab80c475b817eeb3fa94b726f-38453.manifest
deleted: 8/b/57c93002afa3f96cfc25995fc911a3-3160714.o
deleted: 9/4/ded59934509b9c38ce8960cdc5e7a4-31276.manifest
deleted: 3/9/871584f436da18cbc088adbc9546eb-14361.manifest
deleted: d/d/176b0aca59496644f7fa3136de7b67-2783.manifest
deleted: 1/0/f946c084d4345fb937033cd25b265e-4455.manifest
deleted: 3/6/5d9a1f5028b85d9e1bc74a8cfcccf8-2773876.o
deleted: 0/0/b7fb57bce641ceec78d9aaa17143f7-10604.manifest
deleted: e/c/b0840c86a8e6ddf2af0b5ae4b4b0a7-4150.manifest
deleted: 0/f/06f438abf083fb99346afaa8a93214-16421.manifest
deleted: 7/7/983e8c4aeef2b584f7b787582f115d-3030453.o
deleted: 4/1/d3319dc891b74617e1b07ea894b390-2988388.o
deleted: 0/3/7f748e77cbc0d0f0b8474b417ec35b-4178258.o
deleted: c/1/ef5bd0944141f2fb0f3efda9284862-7548.manifest
deleted: 2/1/18284f1ce7d6d494e2fb177beb3aff-2749207.o
deleted: d/d/590f29f853951642c02caed864e67a-6590872.o
deleted: 7/2/3f71af9bc554aae8089a0bb2f44ddc-27657.manifest
deleted: 1/f/7b21fc54ef0967b435f415bf66b42d-4934564.o
deleted: e/5/d36b8e88c382cf70ff7dcdbef97b56-2273588.o
deleted: b/f/bf6ebde45148f60fc0c40903f33e96-2576727.o
deleted: b/7/767d3264c7ff9b16e4c88c3816077b-6838488.o
deleted: b/f/d199b9eed8efb3a23cc1b2f1a90c29-4977764.o
deleted: 2/3/0e5625404d4be3d732dc0759359c76-6625024.o
deleted: 3/0/0a97aeae08bd619a7345cfc1c20158-3232643.o
deleted: 8/7/359314e109da37058492375e2e973c-1834.manifest
deleted: d/d/3ddfe62df08d31fa98f8973071ec03-6621.manifest
deleted: 1/8/0bdac0a18126112dad5ac7aa9853e7-3815985.o
deleted: 9/6/775713d4bd283b869f7f562c3cc312-3001402.o
deleted: 0/f/a2f3e67a0e2fc7162a60e425c425ae-6751.manifest
deleted: 0/e/7cd7f95b09d8d3f69db57fe5b1d8a1-1874.manifest
deleted: b/f/327e69bb469b7c5cc0a6933ca7ca5f-3020039.o
deleted: 4/4/0150045f6d0515a817725718b6b470-2530528.o
deleted: 4/a/04b1dc81a040cebdc09af203db9b78-1352825.o
deleted: 8/1/9dc6ca13809fd7fe9a9168dcc4c85e-5045320.o
deleted: d/7/ac0d9bdd03edb3154658c22100a376-6944.manifest
deleted: 3/d/c3b90be9158d479b51d9ac9ac396c6-43576.manifest
deleted: d/c/a79e56af2dd7f8d8f2d41cf1e3063a-2628178.o
deleted: b/f/d4020dafb5e31d4996930c4137be5d-9360.manifest
deleted: 0/f/7badadd2074347e1b3d9557753361c-5650.manifest
deleted: d/c/7ae3467e9e596b4d33dc96d95bd889-6032.manifest
deleted: 7/0/6e54b3f70aa40dd2f2699055311868-2022288.o
deleted: 2/6/b09713b5beb6253e402bda0c9407d4-4450395.o
deleted: 7/b/513e566a702ce523aedc909ac24ee1-7105.manifest
deleted: 8/3/418dc26b8589f7f3a8080b04c24637-44570.manifest
deleted: d/3/0fdc6ca6d20ecc6a1b44e3047022b6-8899.manifest
deleted: 9/4/64c084e5b35e08801752c7413bfb6d-5226.manifest
deleted: e/5/715162d95af370d5c3cd30508abf7f-2831298.o
deleted: 4/1/f346cca078a49fb62ac780c06bc9b9-7554.manifest
deleted: 0/b/8c675be45a6f2402f1e782344cf729-1834.manifest
deleted: 2/0/8b5c85237054e105922554717433a0-5574.manifest
deleted: 8/9/95553faf5b620f7496fb8d846874fc-2579121.o
deleted: 7/5/6127606d36745a05523d04b0e45872-3768202.o
deleted: 3/8/6fe6edb9229b2a4efc454463a542d8-9078.manifest
deleted: 4/3/123d3e476ba14b37b8cb154a5503ab-10299.manifest
deleted: e/b/092bb4c60fe4b47c3a838875db2701-14026.manifest
deleted: d/c/c3ea83c7337b443654eb04f5980e44-9171.manifest
deleted: 0/d/0ca62b4d73452e2bd1c0eed5a6e971-11668.manifest
deleted: 7/6/9c78f523044d66f944accb898e6959-12052.manifest
deleted: 0/e/b394176ae7c3a72f883bc82e22c118-11149.manifest
deleted: 9/5/d30ed4dc1dd494c2b1b8df553baa9d-2056647.o
deleted: d/c/51298cea9e7a2190c6f5f978a57c93-8171.manifest
deleted: 0/9/e0398b1f3fd609f5e36befe09998df-3008617.o
deleted: b/f/c0987f3157e8180ececa14cd870f78-5668976.o
deleted: 4/2/ea6ed5ff9ffca1b49e3bfa73842281-4492.manifest
deleted: 8/b/bbacfecf5fd623b60a7314273e851e-2495248.o
deleted: 0/0/bfaccb92eab9810e75a8c097592d1e-4734131.o
deleted: c/3/fbbae3a76be33a221e53ae8915a47f-2572406.o
deleted: 4/6/75edf960a0952ff84ebf539f307cb9-4670.manifest
deleted: 7/7/50f2bc26c08e3e62d7a689cf36d571-3018241.o
deleted: 2/3/da5aefb2c143ec443ca6c428746132-11963.manifest
deleted: 3/9/8c6d1941747cfc7de5a1fa7ff2227e-2131058.o
deleted: 0/b/a2df87fc982e2bce27354a7c3cdb2e-2158314.o
deleted: 3/d/a45ef4f5c2056df1ac37531f05b9ee-3109743.o
deleted: b/f/a202a2b1d79388f7bb100ff2061866-15063.manifest
deleted: 1/f/35b8ab41f90347cfb8ec1861ab7805-3432957.o
deleted: 2/7/4af29c95dfc627d9c9a9af11637db5-3506367.o
deleted: b/0/68ec82348fbd4acfaf0ffc0a3d2188-1495.manifest
deleted: 7/7/883b2e1ed02be275da3966641fa95b-4192.manifest
deleted: 4/8/336b19ad2723d1240c4abd9eb8219a-3951.manifest
deleted: e/1/4c33d056c7ca37759c31024a953d73-14457.manifest
deleted: 3/7/5487b117c0904ecba3d1ce6db4514d-2898065.o
deleted: 3/d/a3901c9bd92ed87038a469bc0b1832-3022672.o
deleted: 8/2/87b874239c1a6fe865de184a6fa800-14738.manifest
deleted: 0/c/d107622469881bc6175937e83b8ca2-2969865.o
deleted: b/f/d2507706f3e4b72426b417ceed9efc-5860.manifest
deleted: d/c/4aeaca51e204bec2820dac80cd1dc8-1715.manifest
deleted: d/2/85ae6eeb7963d3ae8f95b15b2390ab-9841.manifest
deleted: 0/d/c97f264256e726c6c9b0bb2f5d7b9e-9800.manifest
deleted: 4/8/ad8e9380fd9c991644236c632e3b77-6855.manifest
deleted: b/f/d078aa6a6810d12a5d91d27e2e5514-1540419.o
deleted: e/a/7968ea9dfd81e602019d55206d41d2-9360.manifest
deleted: 3/0/68a58b86cfc1060d617feafa237dc6-1942.manifest
deleted: c/4/d2a172cbefd03aabaefdfc62903bf6-7349.manifest
deleted: b/f/8a8316e05c78f3464ca2ab4951442c-19214.manifest
deleted: 4/8/42ccd6118a5cc4f79bfc5376128387-1841.manifest
deleted: b/f/c3a25849b8dbc617936b5de4f733e8-3234587.o
deleted: b/f/b7ed60f210ad3f2beb58bb340c7397-15964.manifest
deleted: d/7/2a088f163784167b24245d70876270-12380.manifest
deleted: b/e/1b8e32313c9a0b4504c0acc4d92138-6884.manifest
deleted: 0/c/dbf5258c97c42203c70a11e7e452fa-25913.manifest
deleted: b/e/cce4956f36dad043c709818eb105dc-3124945.o
deleted: b/4/494c9e2c5d9b1a2085e6586986c2bd-3020039.o
deleted: 3/b/678a3128862948691f942c43ca2892-5577254.o
deleted: b/f/c3bc49b7fa9e13d0fc59e8d14b13a7-11668.manifest
deleted: d/9/b3ee1ae404731c5de4d17ba9074ecb-34045.manifest
deleted: 0/d/ab94a861343a032faba5ac2c89deab-5520.manifest
deleted: e/a/841e3100d197589899a749017bf1b2-7224.manifest
deleted: 3/b/ad39f23bc23434298c535ea0575b2d-34045.manifest
deleted: 4/6/e37ed047bafd7f9b4ca19ac701c9c4-1939689.o
deleted: b/f/bc2af74feebd5b6816462bae26bde5-6672371.o
deleted: d/1/f8c5dd25a2db5c25991a1feb621d36-23963.manifest
deleted: e/c/94591b61e03b1153c3428bb4972410-11420.manifest
deleted: 3/5/86e4aa7e23e3ac6ca7f850e41cd01d-4756701.o
deleted: e/4/c7430c95d1037f026273d8426f0922-5707.manifest
deleted: 4/4/2b912bea1b323020ab8087c19ea7ea-1834768.o
deleted: c/0/22c9c364b7a4e97c2beb4245c3001a-1376664.o
deleted: e/d/dd52e0cb583af89a1fc98f2d73f23c-2765000.o
deleted: 4/1/716778eea0fc82dd2768e10389b270-2896559.o
deleted: 3/e/460adb183122f19372430b44df88b8-43576.manifest
deleted: 7/9/8dae9881acedca333a1f7234d6f55a-12342.manifest
deleted: b/d/a53ca4777e6b4700f4482628c0aeb9-2119490.o
deleted: b/f/d505317001b2c22a24aed1659b8ef4-8899.manifest
deleted: e/d/c74cea7fbf762f35fb7d1324df1d72-2999611.o
deleted: b/1/f6a9cef477eba8c98b8fdb8f02ee4b-19214.manifest
deleted: 4/6/26164cbd1d5fa55617e2c5330bd7dc-2822059.o
deleted: 7/5/0e294c69dfbe843a70b4c7111a6192-3037426.o
deleted: 8/8/53c815453a7458b3cb4acd6353d864-3995174.o
deleted: 0/b/ead7bbf059e4de452a2633fb71aa04-1369669.o
deleted: e/7/54c2f91375ba166cf6641e0345943d-11853.manifest
deleted: 2/2/e4210cb36d56e73de25f8ba0e8ea79-1334755.o
deleted: e/0/da6495605e70c89694b14fa9c520c3-3035319.o
deleted: b/1/2e20e491b7731605b2c7f332692a73-12790.manifest
deleted: 8/7/a8bdaef46efa29319b127d3bd2ec20-1623.manifest
deleted: 9/6/f9c185d95256a8b8952a2a74e9d527-12380.manifest
deleted: c/4/f3a372b0aac099762458dde97c2366-3951.manifest
deleted: 8/7/a0eb91f27f277c916c1358e651a943-2951754.o
deleted: d/c/8845daa950e603dbfdc0e5d9e388de-16757.manifest
deleted: b/f/c0b743f3e01ad4af964e4c9b7b9f3a-5001381.o
deleted: b/2/f7ca713146bc92c2017d95630af6eb-12254.manifest
deleted: 9/7/08c8891121c5feaa5a48db7bf5a46b-2797513.o
deleted: c/3/74658eb0698859b03584191ef0cbc0-298542.o
deleted: 4/8/110e5e2b81ebc8a399ea0221ee27d4-6522.manifest
deleted: 4/0/757915866cf7ba58da53b387251a55-1590930.o
deleted: 3/d/dc74e2b9018252b2603b3a44ddc89d-5789.manifest
deleted: b/f/d3553b666b3ee94cecb694b3c8d259-3023766.o
deleted: 9/4/c10fbf4657790c432dad209c6051e2-2213.manifest
deleted: b/f/a6bda2d6d48916a801a86409b52940-4917.manifest
deleted: 1/4/9f62b0707ee576447daa9c6dce7626-7193.manifest
deleted: b/f/c9eb269869f1fd8a2fa92aa435bf23-11239.manifest
deleted: e/d/f85fd7cc2ea460ae62a79f5cb786e9-6912.manifest
deleted: 0/d/f8ebc14667c1dfc83ffd11fc29e98a-3113346.o
deleted: 1/5/e347b17d9f883b8d00cbff052b8561-3506475.o
deleted: b/f/5ab44289aefb3a730480464148feda-3609.manifest
deleted: b/f/d0c3fb7f207ccb35bebddd29ee6e13-1376664.o
deleted: b/b/a9724b338197f416801a25e4984051-1435.manifest
deleted: e/3/a78886f9a1723b970734d76ac3639f-4640272.o
deleted: b/f/8994cf11d73cbd4c3f14f36abf6c50-14738.manifest
deleted: e/9/b0ec6d31fd38f7389d7bdd337c00b7-6590870.o
deleted: 0/c/d5adc6483b83fc08bdc1c6c2ae6a7b-3138325.o
deleted: 1/f/5eae1ff5790c6d926df31cca36cc10-7349.manifest
deleted: 3/8/ee4e630b41cd97f819a92f955a0a83-1402972.o
deleted: 7/1/bef6e7845c5db435a5f6758626816a-3099227.o
deleted: c/0/e7e6279ecc60902f79be18c9ed59db-1396.manifest
deleted: 2/6/c25de67638e4ba3534df989e490658-1582702.o
deleted: 4/7/2e9ce07ca7bcbbe77e316c888cfb7c-27541.manifest
deleted: 3/6/5625a7970807a5efb57502e31703df-10235.manifest
deleted: b/f/c35e4339189f54e7ec2d982b7f5973-277068.manifest
deleted: 4/0/95a8255a13000002275dc21b854476-4846252.o
deleted: 0/4/827eaf7df730c5f56ac38a8f902326-4745.manifest
deleted: c/1/775d9d3edd292a19e7350398d52bd3-2896730.o
deleted: 3/e/02bf3863f72ed0a53e7bbd29d9c4ce-2763674.o
deleted: 1/f/753ea3682c76ec1da1f92839f6ed4c-2495308.o
deleted: b/f/cf5e72fee96be45482c865a638f7f6-6045.manifest
deleted: 3/d/c8041c9419b8c13c01d729fe62c40f-3857049.o
deleted: 3/d/de863030a72c66f3ffd62146ad9b61-3299994.o
deleted: 4/a/4dfc06d0d1ebd9df53e43fe5d3ed91-2700241.o
deleted: b/f/ceae256044b6608cf0623cf63148b7-2986048.o
deleted: d/0/44c4f5b6ee627d7b50acca8cc4e933-36629.manifest
deleted: 3/e/428c7a8c0ed28c0934993f9dce3d1f-4468098.o
deleted: 3/e/2f0131ad998f4832b7354accdacabd-1346933.o
deleted: b/f/a35517da4b8b62d49c67bb22c307f8-1341009.o
deleted: b/f/129a5f35b7e5226b55a1d2c0e5b7bc-2189.manifest
deleted: 0/b/99e2c7ec09e2ec0c001ef810b500f1-3831691.o
deleted: 3/7/3fc8db04f0fc4f2332efd1ef814d4b-4801077.o
deleted: e/1/a31a5ebe6aa7536236089a15291137-2897006.o
deleted: 7/6/1de8297ee1763d1da9d528b16bafd0-2783.manifest
deleted: 0/b/c6cf1e5143a21d02d56e392e6a29f3-2732.manifest
deleted: e/6/3febdd8ec7c1bc57f782a7c6c1ee4b-7819.manifest
deleted: 8/1/701f90f9a34d00f3dada68e3f46ef2-2694456.o
deleted: d/c/e4d35b7cbc25802f79e45bb58cb667-7209.manifest
deleted: 0/a/f0f23aa4c50197a9164cef2b20064b-3022672.o
deleted: b/e/9742c0a8759be3cb5cb6fe84482445-5024130.o
deleted: 7/2/7ce34d5ea52d4e9701d848b2b0778d-5719.manifest
deleted: 7/9/9c1bfdfdf2a4a1a8342a0e1cb15529-46734.manifest
deleted: b/f/d6f70c65d404b0c270c8eae15e3eaf-2989005.o
deleted: 8/a/c947b073d51c1eb27c0835afd3a6ca-7555.manifest
deleted: 9/4/cbcd93fd4da152085d291dfbcd0b9d-1294862.o
deleted: 0/7/d09c85a5ab41e669896c64a1fd0fe9-4568.manifest
deleted: 8/0/2be7a3bc799575c19648ccc0f45559-5127.manifest
deleted: 1/2/41308e18cf776e451cd52ed69119bd-6720178.o
deleted: 0/3/f178d84454746abde40802cca347bf-2551546.o
deleted: d/5/28545d6be5d50da0055a7c0acec02d-2902459.o
deleted: 1/f/57dddac69d48ae3feb61743345993b-43576.manifest
deleted: 0/1/2437fa00125e686506a7e272c8f8fd-4264.manifest
deleted: e/e/2b92c9a025ed6ae847e4a54cf65bd2-281588.manifest
deleted: b/f/96f0f05d0496bdeee4c50e218e1bda-1834768.o
deleted: 4/5/531baa4bf8daf1c07d702aaea0409b-3303763.o
deleted: 1/9/1c3c8b33d50d350625bb1f1656b5f5-1656.manifest
deleted: e/a/cd96c0d15353e6d206ae21bba21add-1527065.o
deleted: 3/b/d3bbb86e68a6eb47a9f6b5668af880-13292.manifest
deleted: 8/1/c47b0f7298190f5f2913043597f172-4763781.o
deleted: 0/f/8963606742fc40b7bf951d7f933505-306076.o
deleted: 7/4/7e5e6e0526ef57839ec521ffef2eb1-11740.manifest
deleted: b/f/c44f4eac6cb1f38992577ea7a961df-4920792.o
deleted: 0/a/b84f5e43db78445253a18317af5c73-2297810.o
deleted: b/f/c3cf81d79a74948025a2321d072ee3-36843.manifest
deleted: b/f/c83d5e274579d05dea89331fae260f-1575.manifest
deleted: 3/c/63eb79763bfad6f5c00b83f1593420-4767051.o
deleted: d/2/6c23293ddf4d17db51c31a67a33b26-10051.manifest
deleted: 4/7/1246f6de72dee14861727e4b1963b1-5860.manifest
deleted: b/9/5cdc79241471b00f68bd0cabcddbae-3055657.o
deleted: d/d/4e81bf0f19ddf19c70bdcfe47c2b81-4917.manifest
deleted: 0/c/0f6373ea5c9273b837433d007f8514-1803689.o
deleted: b/f/c8a6170cda2a8ddaf052df72d40f1f-9171.manifest
deleted: 4/7/57c5f5bfbdc1215ab5d72597ee7b8e-4628840.o
deleted: b/3/daf3dcc1903bb5bd06c5a1b42acfc3-4501351.o
deleted: c/5/260309b2bfde4572c2d0daebff73f6-3109743.o
deleted: b/f/c496c8acf2da9c61fff0e31b841cf2-2902239.o
deleted: 3/8/12375f7affb501ca3534bdc6f61916-5024465.o
deleted: 7/9/87a43cb00d0ac419ef3bd28b12caf2-2869859.o
deleted: d/d/3f7e7457c0f256e4397f842c97d12a-34045.manifest
deleted: 0/c/7ab8aff9c661a30c2cb23be85d8c1a-2453.manifest
deleted: 3/e/42bd7ab91608676d33b71901bb5362-3132478.o
deleted: d/c/9359a93e3441749791a4322daa3cb2-4451355.o
deleted: d/8/c0fc6e8103fc3262d5dd5c148d8017-3165402.o
deleted: d/b/c823b3ee589351c77ffcd121dc5605-1601533.o
deleted: c/1/c6b01f1b0c68ad751620876e8ea5df-1487.manifest
deleted: d/7/c1a849b82d20366a8d5bbeb0533dd4-17269.manifest
deleted: 0/3/6437add911cc03fa0fcb6385fc3c59-4125875.o
deleted: 8/9/560b68d0f91338f7b0a7eb7bdddcfa-2341.manifest
deleted: e/d/5febf6a66429b20c41ef1c560e2ebb-3365753.o
deleted: 2/2/a1761bf9a663f265ef2e63697836a8-16378.manifest
deleted: 1/5/b01893cd90d1779bca967a93d2b324-48703.manifest
deleted: b/f/c7b49dcee93e1a96c8a7ae11a292b5-1352825.o
deleted: 0/0/aae067d5bfd8f2719f15c3e0e46065-11528.manifest
deleted: 3/a/8ed209eb6d4b23db13e99d8cc532e9-6850.manifest
deleted: 2/5/79ecb0a9a0e4d7cf3355c60c2178f7-2878388.o
deleted: 3/b/8a2c7681cda63d72bedaab4613df16-25913.manifest
deleted: 4/9/dfe9641d368c77d20f415743018769-2693444.o
deleted: 1/6/ab9e9b416ef3f544c0d61758647313-52190.manifest
deleted: 9/7/361d5fcd2a0fa84f1061288c126395-6850688.o
deleted: 3/2/4df8afbfe9d689a3e6c067cad0a463-2934.manifest
deleted: e/1/0476bb0ceb0b0e97affd93cdf22bf1-3147.manifest
deleted: 3/d/b39a3a8a329f5b1634001b34e658d7-1927.manifest
deleted: 4/7/3a81d5ba8501eb1157233347b1c53c-6510.manifest
deleted: 0/c/fd8d7f4c3c7ae552e61c0f74084c4a-4773051.o
deleted: 3/0/a4a3e8f1c83a5b371113842474116c-13449.manifest
deleted: e/a/4e28fff62c116fb18b1149f76934cd-4642.manifest
deleted: b/6/e5d720a1112332959f0d3484f33689-3506117.o
deleted: 3/e/05dfd746c2582e21f156c4b61edd2a-4756703.o
deleted: 4/8/baa26da742758ed58dc80d5b570fbc-2943927.o
deleted: 4/6/8a0afe03381550f9c05be244f71f5b-4537298.o
deleted: b/6/6fc916ef48c6a5c111516904a27ce5-3305.manifest
deleted: 0/6/63737fcb3d831efcfd1639c49ca6a9-1644703.o
deleted: e/d/50df879f05a467cdc7bcd7012c29cc-1803689.o
deleted: c/3/6d1d186fe198cf58ed15b0f7d64e3f-4760.manifest
deleted: d/d/190d019aea80a65149eeb4beba0220-6837872.o
deleted: 8/7/01ea77cd4e284733bab0ca40d340b7-8997.manifest
deleted: b/8/3a015c5fde898cbfe80d26932b914f-6984554.o
deleted: 1/5/8df96701bc0cda179bf4b2babdd43f-4490867.o
deleted: 8/5/1ac08e17074342051443f18832cff8-1369669.o
deleted: e/4/cd51224fd424f18bf5c6501170da32-2326872.o
deleted: 0/d/f6b01bd48f59140e053861b974bd3d-4561126.o
deleted: c/3/775e04175ce9e8771ded2903cd2969-5009754.o
deleted: b/f/d352388ddf22939b5241855d7802cd-1976.manifest
deleted: 0/8/c8ac7460e1d487504ac7885a6e8bf9-7697.manifest
deleted: 3/c/ff7eabd62612849726ecfe33e7ed70-1936980.o
deleted: 0/a/d1fc8695a9067340e0e5779c365a9d-3198.manifest
deleted: 0/d/ef3d2de8244a975e98bf717aa9ce4e-6984554.o
deleted: 2/2/1a59e78272ae4b0e99a9ec0e1b1872-7603.manifest
deleted: 7/0/8838f50f9b7f68571ea1e7790b1738-1338917.o
deleted: 3/1/10d20f308c2ef1a7a19090e98002d2-4917.manifest
deleted: 9/7/51bb581d30e389fd0c4496e1214e05-3124943.o
deleted: c/4/bacc40f07edd32308c3e8c66f30b60-2929597.o
deleted: 2/5/64a23bfaa90a6b9b1393479cb93ad8-6912.manifest
deleted: 0/f/79b3a89bcb9476bc780220165f3e90-3961.manifest
deleted: b/c/b85129842f93ca9837cf10e2fc46a4-6913.manifest
deleted: b/f/d2de55a35a421c4c2fc04a2f7cdb4d-1469.manifest
deleted: 3/7/8fa837fb07e6b1d8dc4780327a621f-3019864.o
deleted: 2/1/83ddfc60105b4fe8afe18726e36c14-4890713.o
deleted: b/f/ae7812998690cd5e3f059b6404a6c6-1839738.o
deleted: 0/e/05d21ec645c4e6be4bf3e88f8b1687-2112132.o
deleted: 1/3/89d21d87b76c999c36ca6ac8081703-6576.manifest
deleted: 8/2/9be80f9d20174724efdbf35ab61e45-3006139.o
deleted: b/2/ce3f0b09d6167f0824658947c8c04e-5920.manifest
deleted: 4/8/89890f1c7af31ddacc7a5a277849c8-5125649.o
deleted: 8/0/1cd973eacdf6f6fd4d4624a7812eca-8034.manifest
deleted: 9/2/4e94400f8ce3d70b377cf5b593299f-13146.manifest
deleted: d/d/5975df4d35df84c4291a0badc142b1-5188.manifest
deleted: 0/8/999be8358d38cef60f54f30ec86e7c-2576727.o
deleted: d/d/47897249887a778215b84c4493adc4-18040.manifest
deleted: 3/e/40491550c26ba0d05b1072bd517f84-306076.o
deleted: 1/f/4815dad4b8b207c5e81fc587f048f0-29733.manifest
deleted: 1/0/d3107f55396c77648768be6dd7b633-18123.manifest
deleted: 4/8/e02ab43161c0249d038421c02748cb-31723.manifest
deleted: 9/7/bd696b4f6556c455bb03a71a065c5a-3303763.o
deleted: b/f/cfced145b18d8e72b29d7c15c409dc-2376826.o
deleted: 1/3/c3f0f75f6f93ac7434fe5a249165e9-6318.manifest
deleted: 9/4/6c30c8236db5bafd34f1a5cb86aad9-256030.manifest
deleted: 1/d/6f5df94e71b787c7d5eecc51c0d693-5692.manifest
deleted: 8/0/c9d1693dd183b9b48dfa47d3024565-290888.o
deleted: c/1/1745e71bd2e51f98b087169c738e15-2909258.o
deleted: e/3/c643948a8c915254b92d0cac3c7a5c-6045.manifest
deleted: 0/e/6ff5b4fa8520a36e05de667d9cabd2-3185901.o
deleted: b/2/806b01d62925d971d0a656aaf64aba-4985932.o
deleted: 4/1/a52b75e82b295a21c99b1fc9f434f0-4478241.o
deleted: 0/8/c9930ee2c8ead747fa56a8878e62cb-2999611.o
deleted: 1/5/45c43ed72ce70851fadf693481637f-5544.manifest
deleted: b/4/2680fbcb013d7563c92c4f3d0f3573-11074.manifest
deleted: c/4/3126fc2b81322d2733699fc8481bb7-8514.manifest
deleted: 2/4/c96bb70168f46260e9e0b14c404d73-2299648.o
deleted: 2/4/361b6011cf6118696aa3f1488fe057-5577254.o
deleted: 1/f/767d3dbcf7df98af41f67d70ffadcf-6829544.o
deleted: b/f/c8f3f62dd17cf94e10a20e933c8a8e-7598.manifest
deleted: b/f/bd3fc1e9af57eaed46aa3ed59d48e4-6984555.o
deleted: 4/4/44bbd8d90eb89970efd6bf57680f36-2632169.o
deleted: c/5/8064b6c4d47413bde26d4c728471ea-5050676.o
deleted: d/4/c6976d12ab35e0019ed50582f490c8-16259.manifest
deleted: 0/d/107962732e11c600e1558c72e9f325-1281.manifest
deleted: 4/1/78d14a3356faa440d0c2f8db6cb2bc-1335356.o
deleted: 9/1/d268de03ce6114d7e8698c3e53ab33-5346.manifest
deleted: e/e/2c10e151b33547313a7c168de5c3e5-3179995.o
deleted: 0/e/b7c40837a9ff1707c777ba8df88ef5-3815985.o
deleted: d/d/3457d8b85399479d3bf0bb39f0d257-4501351.o
deleted: 0/d/b9d7112d57494488c25b9c2fbdedd0-291096.o
deleted: 0/f/2f904e1d60c39b14828905b9e72356-3321.manifest
deleted: 4/7/1ac40c028f32565cc5fc2c265f603c-4818912.o
deleted: 7/9/48600d93614d42584304b4e3127858-13653.manifest
deleted: 8/5/808bed44fe434ed87e0a62e3a5e7e4-2899863.o
deleted: 2/4/5b1f877b6c3051f1f34762d313f303-3251365.o
deleted: 7/2/13b3d22b56d49f76c64ffe60ef5b38-2189.manifest
deleted: 0/c/09bc062cc74165fe83673d056552fa-1942.manifest
deleted: d/7/f781e747967f8600cc318ea47b854a-22637.manifest
deleted: 3/d/f299cb67e102c153139efa05bac064-9438.manifest
deleted: 3/0/7fb7fb75e7d2d8f6e02389e5c20ea9-1879931.o
deleted: b/4/9dcdae9f4ecb0086f01c13e15e1f37-18303.manifest
deleted: 1/3/adde689c422be69f831bd82a6f6903-4422797.o
deleted: 3/e/041f676c6c7c32768ed283cde2ce97-16757.manifest
deleted: 4/7/d4f0d1f81a8d6b9339fb3b5f7b134e-13674.manifest
deleted: 3/1/6aa15572d42b0e31d6453310bfc192-16033.manifest
deleted: 4/8/351908c219cdb3634dfa45c6d33e77-8171.manifest
deleted: 1/f/557635523833da60545335c9c7b29c-3732.manifest
deleted: b/9/a5a91bfe971635dd03848bcb785668-1334447.o
deleted: b/f/c168589bb5eea1e515dbf930550dfa-10425.manifest
deleted: c/0/0f597614b97ea184714332659a4dd1-4907.manifest
deleted: 0/8/7f72aa93838e04b6163aadb3f6b79f-16325.manifest
deleted: 9/6/865ce0e76a40b313f8171f86c66bf8-2925067.o
deleted: 0/3/2353768e96247ef71ce62bb3a446bd-1900337.o
deleted: 1/0/392aaf8a63a8742970c077e50755fb-1803689.o
deleted: d/d/160c356fa18d2e8387a3b8c023f780-16757.manifest
deleted: b/a/af3218d2750e59d4b9c0635acb9b81-17327.manifest
deleted: e/a/2932fa26d134cc65bc6c10516a5e42-4876.manifest
deleted: b/f/ba4b88106772a103b7d723715e3e99-3683.manifest
deleted: 9/6/916da299c56ebdcc03fd2283569104-37225.manifest
deleted: b/f/cc616b5942a1421d5d2fdec2253d09-3305180.o
deleted: 3/d/a547d40afaef21d2e051781694082a-3609.manifest
deleted: b/3/d54c2a41416a1f1b75cae77f9fc088-1407.manifest
deleted: 1/f/094996350acf6b5b02a3da18210b1a-3844654.o
deleted: 3/e/2fa7f7f9ec79d4906c7a0488bfd9b1-6787504.o
deleted: 3/d/6654f1afe8426e68d31cb84f1e5792-3844654.o
deleted: d/c/f6afda0dbf852b5a0a49465d1ce3bc-304893.o
deleted: 0/a/720b417e4e40e0359da41d114c2c94-1983030.o
deleted: 3/1/22a47f21af5141c5dd8cea07df4a6f-6254.manifest
deleted: 0/c/60692519dc68e76a4b1c8ab5ff536f-15063.manifest
deleted: 7/8/df27d8760e026e5eafc6fff2f9f55e-1729.manifest
deleted: e/5/f7369d8bd658e56e1e0458f7fa65ea-1963472.o
deleted: 2/2/8d6434791209d6841898a010f3c19f-3302859.o
deleted: 3/d/9b71985257725c12e946f6b67810ac-1497.manifest
deleted: 8/7/6cc8b21c52ec83b44d455e5e9739f0-2986593.o
deleted: 3/d/f2101e1c42f0898f857bad0821e342-5023074.o
deleted: d/c/545df685c2ec6d65c743e6f1a6d9c4-1495.manifest
deleted: b/f/c0d2778a9033805a0b5a0ddd1446d2-15964.manifest
deleted: 2/4/6c9bd9ccbe0dd9071257d23009c948-2798950.o
deleted: 4/8/b2fe10400abddc3425de4a04fef6a2-3614.manifest
deleted: 0/e/155eb1de3c9ac1e136fbb1eabccb48-2841214.o
deleted: b/a/26e25537129f8ee964470cf20af748-2100.manifest
deleted: 0/2/881b2adc909cd3966033f2220e4921-7907.manifest
deleted: 1/f/594bae716401fe3d1dbd81047f7780-4069.manifest
deleted: d/0/792e628c7673976ae4567ca626cb8c-11668.manifest
deleted: 4/8/88a6110fffa6f4f60db83f77430a5e-3307205.o
deleted: b/f/cebcd38fe3008b3529291d2d715378-1832.manifest
deleted: e/2/63f79067b61b503ce222040dde66b1-4514958.o
deleted: 4/8/e1ee1266f63111d99a50884c458a5d-2700241.o
deleted: 8/3/73c8df0e6b527776db599e482cc7cd-4074543.o
deleted: d/b/ab441670e7c7f079451bc4b38a48b6-6445.manifest
deleted: 9/6/3dd13513c8672269325af877348e53-3039.manifest
deleted: c/5/50fb4e118fe81d9ea352094c47a9c8-2372207.o
deleted: e/e/07271dfee8c2d8080b18e5bcd60227-7819.manifest
deleted: 0/1/828c310c5e5746f6a9480231d0622d-3119692.o
deleted: 1/4/79a5c3bd4fb773fe5955b75d788c36-3950165.o
deleted: 4/2/988f404f5c47b6f694d46bb74c4dbe-10512.manifest
deleted: e/4/331fa434818de5f1fb3645f1580291-6969.manifest
deleted: d/d/7794a9ec679e776ebc92f721e9e906-4549.manifest
deleted: 4/3/f31270efd58d04411a9e030345eb2b-1396.manifest
deleted: e/d/65a832978dc935e6a1f0f9e3949f54-15082.manifest
deleted: 3/e/0a20036c0eef8821bb4b5b8dfeb22a-11359.manifest
deleted: 0/8/8bcbe3048342626ffc08be372bfa3e-9438.manifest
deleted: c/1/bdd4be6d449b0300f6ad43b0e732dd-3022672.o
deleted: d/d/310367aac9f02ec7557bb1bf328e13-9438.manifest
deleted: 4/6/4ad396bb98cc765f5857fb214d37ec-4628840.o
deleted: b/f/d346acd2179c734610e7c4536ef952-49403.manifest
deleted: b/1/eef01a744c51a00d97503da943d5f0-2102584.o
deleted: b/f/99be8dec3fa06ada4261c8552c540c-1395012.o
deleted: b/c/5ce54014a230bc5905a9a58ef242fb-6135.manifest
deleted: 4/6/bd17ae5bef16712e97ee941c57bf98-2945.manifest
deleted: b/5/1d5b04f1b6301e1892cc52d7a28e02-2055679.o
deleted: e/d/88497aca7974c14f095e5d34628508-5318187.o
deleted: 3/e/42515ab269fb120f7cf1d075f42786-1879931.o
deleted: 3/d/a89a3488deb80df19c0a9fcc7fe13b-2489564.o
deleted: b/2/ef98d47ca5b17032246694801dfef2-8253.manifest
deleted: 8/9/8c17cb24d560bb5ab1c1602dc3584f-18552.manifest
deleted: e/d/23dd20652e1037543dff5a836bffbc-2120622.o
deleted: 0/0/641e9d2e8c6d44cded6626f71dd443-4596347.o
deleted: 4/4/b35520ee8432a7b41def7ca5bae592-5755.manifest
deleted: 4/6/0a98a9c48c2b10a54003c9d3552fc0-9833.manifest
deleted: 2/0/e6b854bde1db9f6304f207296594c0-4530507.o
deleted: 7/1/08e26776d37d0f63b636936632d0e9-5561621.o
deleted: 8/9/36f7d1ee93a82a1fca58517adc753f-6837870.o
deleted: 8/a/a30f6a1e55651100ff420f630f8c5b-11420.manifest
deleted: b/7/66a536bc35970feda821e3bd76e591-7401.manifest
deleted: 0/d/de264ae901d39e16930eb69412f3f1-3401288.o
deleted: d/8/599a7e007c8056a3dbaf361f2427fd-5096.manifest
deleted: 0/7/5fb233516b206d8d2ed52a77e1bb24-2732.manifest
deleted: b/b/d9e4bf037c1d67025a59ad4b788c4a-2679861.o
deleted: 8/2/33f2d883cd5a0456fc2905036a85c4-2855435.manifest
deleted: d/1/ee9d6e4fe6c3261f9c0b96bcaad479-11679.manifest
deleted: d/d/913623cd08fe2ee8971ddca1001c23-5066898.o
deleted: b/c/fea7ca4ff9e73b98ae9c21a80b1ca3-13768.manifest
deleted: 0/5/e8dac0b042f5ab59edb3665486390c-8662.manifest
deleted: 3/9/69a8cb0908e0d0aa0d5a375c8ddb00-4301125.o
deleted: 7/0/8c7806fa71fb72773e12e8efb5baed-1334129.o
deleted: 1/f/7a2f94383bb55f2a7ac1df8dad3089-4719488.o
deleted: 7/5/b9c6c5bb5a990ff8b8d34aae3118af-104777.manifest
deleted: 1/f/7a80ec515073930b0a65f0d25106d4-1352825.o
deleted: 2/2/f35a69f0b6d1425f8f12eef3bd6cec-1376664.o
deleted: 9/3/85d3828abd3151df62312630e420dc-4208.manifest
deleted: 1/d/935d7717342f862154b82257be36f4-3361205.o
deleted: b/f/b8d02b61388fbad975f8aec112cb31-5188.manifest
deleted: 1/9/df10fcabe027d1df922f036b7ab719-4703445.o
deleted: d/c/64ec12276fe05faa4c142f56752b3e-4547540.o
deleted: 8/8/62b4521b03c06947de03807c354e96-9171.manifest
deleted: b/2/0f0981e9f11af66c77b2c40de4444e-4671919.o
deleted: 1/0/8a83db25f9c7b917b6edd37c44206d-1766.manifest
deleted: c/2/b3cb5512572bccd97aadc10292b292-4568.manifest
deleted: c/2/c63ba8147b01f229cda24d884d1630-2189.manifest
deleted: b/f/c0d079d1b0099892d2ebe8391caba1-52190.manifest
deleted: d/c/6cc0a3eab9d9b0f7791daec852caa8-12335.manifest
deleted: 0/c/5b5387e4d95d32ad002d5e3ef51ff7-6438.manifest
deleted: 3/5/f84254c2c9a11bc10299cffeab8a07-1758374.o
deleted: d/6/e2363995f3d0b2c0e7b7dc7758903a-3114607.o
deleted: 4/0/8151b8054601a05cc675ea0e7a6760-1841.manifest
deleted: b/f/c8150a67f880cce17cf2b7769aede3-2822059.o
deleted: 1/f/321d1f7c2ea6e38065dbaf61096a72-2530292.o
deleted: 9/1/4b2cb35bb0be205f09f6cc8c61a8ab-4929432.o
deleted: 3/d/f6a777591285e8b8514d0e9fe1ce8a-1527065.o
deleted: b/f/aec03f95e7ec1140a9a94a446f9416-30935.manifest
deleted: d/7/01c1ff56b9b16d6a118176197d21fc-2846485.o
deleted: 0/d/cc5b9ea1f75cf13d5bf551a0aab0c7-3983.manifest
deleted: 3/e/3b0f2062cda26cd50911c10ebbbe46-3401290.o
deleted: b/f/cc9d6af276be4e3e0b4f58655dc0f1-5555.manifest
deleted: 3/c/d09ffd0e8d0315ee4a2b24858a4f86-1976.manifest
deleted: d/2/ac6220aff5f2db7394ef103c98db0d-4568800.o
deleted: 3/8/eb6b8e6f6de91134f1a6bdcc49b3c0-2990782.o
deleted: 4/8/8650b93a20a466c5ebb8e99e03a59d-2004.manifest
deleted: 4/9/78bb64eff1194b0ad50dc402b29d4e-1612775.o
deleted: 3/e/251dec2a65bf5046a31b55ddfd49f2-1402.manifest
deleted: 9/5/c7ddf35050bbb9ffc424f2f3206a91-6869.manifest
deleted: 1/3/c332af7d620d193de109cf07b38038-2874.manifest
deleted: b/f/c4344636754d90d5811f56ca74e44f-2418477.o
deleted: 3/8/c46ca3eb6b410196cca52351c7b8e6-4694385.o
deleted: b/f/c67dfb3a7eeeaceab0b902cd591cc0-289949.o
deleted: b/f/d2dcf20d8fa03ff78277dd2201b717-1592142.o
deleted: e/3/db53497e810805172ffb3dc4d42451-1922.manifest
deleted: 8/2/2f5ac3059e1d7cdee45639601d7836-1782283.o
deleted: 4/9/3714d755b0c984a3531f4a7b0cb274-43312.manifest
deleted: 1/2/65782bd54ba02a3639ebcf2e7ff844-4740259.o
deleted: 3/2/fa48c9cf09c905c1661894f85b58d6-1939689.o
deleted: 8/b/4202da0ecacfdb2f2147d43414eda3-5021611.o
deleted: 0/4/b9be501967109cf8b8a1a63984f0ee-2898943.o
deleted: 3/4/3c428e7b857414f18bc36b7b1d984e-4732296.o
deleted: 1/a/0295214b91b3a4f99d246c2d6e6f08-58283.manifest
deleted: 4/4/2d4137b852ab2a537f40d5bc9c7aec-4561124.o
deleted: d/d/6d8e04293d31c9d5cae0541cbb8eb0-3185463.o
deleted: b/f/d17e082a4411e347fa34c1b117fa21-37133.manifest
deleted: 8/6/dbede28d4d2379db11faf149985774-2094539.o
deleted: b/c/c277d3eca5212b6130d7aea5767b0c-1335509.o
deleted: 0/9/9b9572e7a31088b0a42333e5593ad9-3277243.o
deleted: e/d/bbd0d6b7f7907a228a1827c4a38160-6438.manifest
deleted: e/b/b8aa41208cb81946821b91befbeb4c-2041730.o
deleted: b/f/99a9ff286c6f6285adf067c5a9b322-6254.manifest
deleted: b/f/c9cc7f5db38c0c506c820d6214bac3-4591443.o
deleted: d/9/6736d35b43222d0491dae9a79b49f0-4984831.o
deleted: c/1/215a8be0f4d5cc5a2fce643b24b0ef-6330.manifest
deleted: 0/b/a546b44f50fefa6465333da4005d8f-4884429.o
deleted: c/4/50999404a09e1ef72ce47bf80fc1d2-6555617.o
deleted: b/f/bc2b2a10e6c7d3e12d1bdacee2a411-12924.manifest
deleted: c/0/4c6ba53c74a55bb2db9b6efad31fae-1540419.o
deleted: 7/7/c727a33dcfefdd42f189cd182e7352-5324490.o
deleted: c/4/dacdc6078142ec2b6998f9136bda25-5045320.o
deleted: 0/1/4f48d615291c05b86992667c6d19d0-4252452.o
deleted: 0/1/6ccb2a8c6e077f283949cc1360e63b-298542.o
deleted: 1/2/e83a4c0a85322a44b975ec4ed37174-5083731.o
deleted: e/d/58cd041c7d48bf934465ebd8c98dd5-11740.manifest
deleted: 1/1/46f2365d42472af9766804602007f3-6338.manifest
deleted: e/c/39fe72ed0dd0e9f1320dba02fabb4b-1337917.o
deleted: b/f/c056eeed267e4d7749a425718c5e06-2023074.o
deleted: d/c/f0252f945f4374bbb71a3d2e20974c-43312.manifest
deleted: d/c/f24e4ce5c9438e1f88165f650f7516-30788.manifest
deleted: b/f/cae7be7ad5ceb6daf33e6c31123de3-4268.manifest
deleted: 1/3/fe68ca2f84eeb13944e81c44de0f06-10425.manifest
deleted: 8/0/4379ceeddae80a0ec0a2a158b2c12f-47401.manifest
deleted: 0/e/bd119c6e3f35b5b877c56b1aa45a84-12254.manifest
deleted: 7/7/2d6d74cc53f64e9e8696380e557a70-1486.manifest
deleted: 3/a/cccce76abe198fdc416ee062eddd29-87174.manifest
deleted: d/d/0da6984ee92130a2a00411925a4e77-6917.manifest
deleted: 2/7/e47b82512c861b080a879c02a4721c-4526149.o
deleted: 7/0/7d1d18a371f817feb97f25e58394f6-2091464.o
deleted: 0/1/2a7e308c44a89a760b1c9e119c4d3c-2572406.o
deleted: 3/e/1d4bf28bd2ca40c4fc6802c34ad921-6764.manifest
deleted: 1/f/3f4c7b73ac12b3f80af434c720470a-34045.manifest
deleted: b/8/449f2a8537dcd06b9aff4e34cd3394-13471.manifest
deleted: 0/c/e67aa6dfb7b646b58d6550087483a4-4917.manifest
deleted: 8/3/360c047a3cdf1904924853a1ed8a07-13736.manifest
deleted: d/c/41685154ad5aadaf9ea27346435a08-1487.manifest
deleted: 7/8/aa771cdf8bb556406a5bf212d518f9-5690254.o
deleted: 3/d/f68181b0e12efb16935861c51f994d-4671921.o
deleted: 3/a/88b9af8745995447d7ee758bc59bee-3320.manifest
deleted: 9/6/8eee3421580117f98d3fa03906a3aa-5022555.o
deleted: 1/d/2f8597de0d80592a59d360cba3783b-9824.manifest
deleted: 4/9/eaa9783990435e9af56832ec0376a1-6579979.o
deleted: 0/b/cedf38a3a7b3ea5ae573a657016a11-3401290.o
deleted: c/3/52ffabd64d1069902ff8591e75dc46-27541.manifest
deleted: 4/4/73b7e96a0c6224fb3f1f94782008b1-2056140.o
deleted: 3/d/690926a813d79b0e3220dec7e69795-7554.manifest
deleted: 9/7/105da6db4216e0f2bce79f35fdf6a8-13736.manifest
deleted: 1/0/f83a1dd9e6bd39ac7813aa67bd0e7a-18439.manifest
deleted: 3/b/0b284ddb2abfa876a71a134d134531-17959.manifest
deleted: 3/b/95d0c992209962a9e572646be73448-3588.manifest
deleted: 7/7/ef26520ce16a28315c4bb6d7cfe366-3614.manifest
deleted: 8/1/01262bd91d11c0bbfbb86b24f01ffa-8178.manifest
deleted: d/a/b82c9c6eeb2dc15e1b055e96d6c443-7810.manifest
deleted: b/f/c7c108414f95919f8ff8095f2ac0b6-2158788.o
deleted: b/f/c95d3a91e96e972fd352522ec93784-325159.o
deleted: 4/6/328bce83657fd253ee7373077bb0f9-3127047.o
deleted: 8/7/ef6e14a86f9851ed8175fd4fd2c734-1393887.o
deleted: e/4/49deb883956a098dea6e7f5ec81078-3189.manifest
deleted: c/3/1417159d128886fdfdb09291626843-2904786.o
deleted: 4/7/b4613a1800a7f40b56bd6e2202dac6-4725304.o
deleted: 9/3/6dce52fa6b358d30a03b17755c8cbd-6751.manifest
deleted: b/b/fa09ea0e36aa39fdc92d75bea3a5bc-14483.manifest
deleted: 0/0/c7ff4351b2eaf7c6995557a405fdf4-4483.manifest
deleted: 0/f/603334304cd162e7655feac64415aa-4264.manifest
deleted: 4/a/2444eb504f461fd31e8683467a1fca-3255546.o
deleted: 3/d/f300a28c079f851e329e7dce4e67c1-2686251.o
deleted: 3/8/ec0cb637b2ed63cf3ad2b6f1d41eb0-1401733.o
deleted: b/b/5664e069f55b4ce96e99fef5fa4446-4718784.o
deleted: c/1/566de02c28068ffe6cec8e01f731e5-80546.manifest
deleted: 7/8/b3519abc59fb011dfbcf8ab3dbd69a-2191621.o
deleted: 3/3/0527a676313b1afc600015809ee647-3728154.o
deleted: 9/5/45b7bdd1f8b3297b5a899cccd1f761-4438.manifest
deleted: b/f/cf288c5d93a91caa7bd82249e3691b-1015939.o
deleted: d/c/bb00dc0fc6038ac23b3bb95f3d58d2-5097068.o
deleted: b/8/4c1dfa96c7ee2f64407a3dc9e90825-3943.manifest
deleted: 4/5/768b7c28dee10cfa59dd927a48643e-14457.manifest
deleted: 8/b/c7768b947c354d3c7aae18156d2450-4884427.o
deleted: 3/7/cf34fdb177438edde626aa05ecb1de-1497.manifest
deleted: 7/6/eb67bc9c91f60f2f92401ffa8b6331-2397650.o
deleted: 0/d/ac967ba2e12c8d1a78ab3620203446-4125877.o
deleted: b/f/c0c464a9cffe2d4c9f19bc7145e0c7-290888.o
deleted: 0/d/0eb1ba3be73054a7f4ba6e55d2df0e-3895.manifest
deleted: e/9/7356a1a88850bc11d79878a9aff2fe-2337384.o
deleted: 1/f/07dc6bc6324bb87dc7ecbf5551f222-263380.o
deleted: 4/7/01b1d61b94dc2cb3cfc120de88ab49-3651.manifest
deleted: 0/0/8b603fd3a8ae9f00b0d52897f45ebe-2112132.o
deleted: d/3/5e50e67b63d7689898d301e4e77c54-2322.manifest
deleted: d/d/348444c1ee66d7acec912d089b9654-2765741.o
deleted: 1/9/786df606f1ece5a1ef04bee38dfd39-2771532.o
deleted: 1/f/7b570f75c21833ffdc815c38242d53-2765741.o
deleted: c/0/23b58ba4dfd00971b91b3c547cf145-3085636.o
deleted: 9/4/85ff6d0cbd47b6acd64614567de4fd-1835214.o
deleted: d/0/426faca1d0f3f5a030f051eb38066d-7348.manifest
deleted: 7/2/c70354e2810822cfb7a1de64fa5c87-4461938.o
deleted: b/a/07b215aeaf41fa5272deba75090d98-1522595.o
deleted: 9/4/b317ea9f2d567b2e64fd74ecaf926a-3365753.o
deleted: c/0/ce9022e01f113b3d0fe39f407660e9-18040.manifest
deleted: 1/e/b70581463b75c6f2576b5deb6e3b23-1792179.o
deleted: b/f/c73c1c7eed23fc1cd6bcd6122e3280-2833803.o
deleted: b/f/ce134d763f00cbfc6656c8db3c51c1-3994814.o
deleted: e/d/0e1bae00a067b7c07fc8bb6208b2b6-2473485.o
deleted: 9/6/4d977b2c1a8c8932c6620f92cb1c2f-5183565.o
deleted: c/1/7bf7fda737b0d555238aee87bbbca3-3131620.o
deleted: d/d/239443219359dfc40b79326ad46a1c-39145.manifest
deleted: 3/7/b71d0e45a8c18461bba5d616fdbb8f-1936980.o
deleted: 1/f/11cf4c9bc8a2f3be1b538411df63d7-28607.manifest
deleted: 8/5/2847873ffeb02076fd2a8409d0cd84-3047194.o
deleted: d/0/b9c00a6024a9343db84287bc293b84-3264435.o
deleted: b/f/c741dda33ac9188e46d9a3da419ec4-13906.manifest
deleted: e/d/babd2cc723bf7e23d33575b2aa4dd0-6850686.o
deleted: b/f/babbfc3d74fdaf220ea3fb9de0c6f0-11853.manifest
deleted: 4/6/06c6c1c1029476a3c49ce158098f0a-6254.manifest
deleted: b/8/f060155f9f9ecf5b2b7e80cb1d6045-3127047.o
deleted: 8/b/92dc3022801e5649540d07574ac688-4687.manifest
deleted: b/f/b0750e9a4c23715d874ee68ab3221b-1346933.o
deleted: b/f/c081e7bdbff5f2e2acbefffd5ec9e9-2900394.o
deleted: b/f/46528b21c78e5f0ceec92b1914905d-3138323.o
deleted: b/f/cac97909e02b5ac1f4c2458d214011-2213834.o
deleted: e/d/ed093543630f50c4b633e15e3b296b-303549.o
deleted: 8/3/d74901d1f50a49bb59f2eae4fe1f3c-4340572.o
deleted: 0/f/6b6f716ccaed0d432578e7dce84c74-11176.manifest
deleted: 3/7/5b11768ecbe1547e2167c255a34167-2765000.o
deleted: 0/f/aa363fed22ac90818c7e0deb352d20-3255546.o
deleted: e/c/fb734b6f63d4003c18c6621cf2696b-5268.manifest
deleted: e/d/ab4fe3fe63e8b093433ef3cd257c5b-3321.manifest
deleted: e/1/4591c449c88a60be3c49c407558d71-2031227.o
deleted: d/2/db527ba4957d56ee9988a3a559b58d-3494.manifest
deleted: 0/d/82bd512db6c347cb3695431c25846b-1336806.o
deleted: 4/0/786cfd164975909aa8a8f3fc8090c0-1015939.o
deleted: 0/b/d8bb06d21ee46164d5bea40699e017-1916043.o
deleted: c/2/6fbef70d774c011027481a0b206366-1371666.o
deleted: 3/d/500069357c0875675d4c3b7e6090bc-1656.manifest
deleted: b/a/18ca16248d3b9ac91a0831658fc667-4920645.o
deleted: 3/d/ffb456c605b9088074c6dcfa167dfd-6045.manifest
deleted: 9/7/97b7d6a6f811a6e8cb08aaa6ce428d-3320.manifest
deleted: e/d/9c59138ee25780b9f1334b0a2f7f77-263380.o
deleted: 0/f/2295b33f57dc38ad7d86255d10d488-2897006.o
deleted: 3/4/c8051aae51405fd5011fa5f81cfa29-2632169.o
deleted: d/d/03db16a32f42a871e0653e5931bd48-3203.manifest
deleted: 3/e/09dab7a597614bbdb2b7c49f45bb54-4511.manifest
deleted: b/f/cd3e7265e30b29117b496d1be14f95-4713.manifest
deleted: 0/e/5f0faa42b960cb963b4320e35c16e5-4890996.o
deleted: 1/f/58984190b4b55f6316aa0add2bab7e-6445.manifest
deleted: e/7/8db5cb35cf5bcb137f12757b5e42ab-13163.manifest
deleted: 8/6/dc4900c045ecb8c0be10d7e6310505-10876.manifest
deleted: c/0/5ece1f32e29114d1f9b4996f117f82-2530292.o
deleted: 1/7/39e5247c1099b7061be325843ed7f6-14712.manifest
deleted: 1/f/7959f72c316fe0655cff67eb4e3f4b-1782343.o
deleted: 0/5/2040a48674e031fad2beaf84e12e34-6549.manifest
deleted: 7/7/eed3d62bdf3ede91ed3bb7c652fb88-272724.o
deleted: 1/f/7d532f1f4b72efc3e46d987fc1c62b-5156009.o
deleted: b/f/d6efa0174c08efe70993bf32cecd58-1544.manifest
deleted: b/8/08b82f2322b31668044974356cb965-2907.manifest
deleted: 3/b/fc2b36f35f81d6585895cec22e0aea-6590872.o
deleted: d/7/db21fab1a864660798523f8e5ccb14-28115.manifest
deleted: b/d/1f15671c48c70d70a7b6ea70117522-3132478.o
deleted: 8/6/3cbeea946493ad11c3a97d67f6e9c9-5059918.o
deleted: b/d/4586729ecb297939a5df89d572ab55-6690.manifest
deleted: 0/f/0bdaf6b6586f3ad0b10436422966ce-7548.manifest
deleted: b/f/af14d75f17db5df65ab36ac6c7bbb7-5055032.o
deleted: 1/f/118b7cbeff0884195ab8472bd1a989-2899863.o
deleted: 1/8/b3f2bd2d725bc5068d54703a201000-3255546.o
deleted: 7/8/d9ee62cedd777d7bf7a96838c7896d-5452.manifest
deleted: 9/7/29b7c0e928726ea2e932a5c316f036-3439.manifest
deleted: c/1/6568ee7def4da357b310614afee6fe-6736.manifest
deleted: d/d/01f577222396bd48f07fe49d516f19-2991.manifest
deleted: e/c/6adf0cc32c2b5aa274c81f402c58f8-4791779.o
deleted: c/4/ea9461761eca371001b9c1c3aec0d2-4818912.o
deleted: 0/d/1a045113c725f3bdb36c02ca110209-4483.manifest
deleted: d/2/1c0320a15f8e42ac510a778f65977c-2056140.o
deleted: c/4/2efdc04502e1cda48915d80d881b73-27657.manifest
deleted: d/a/61e8e44e432dc8ce5cb464fcf5afd8-45316.manifest
deleted: 7/2/6102b33984ec327408ab25579d029f-16757.manifest
deleted: 1/1/6f98ab941d854a7ca9fd13e27fbc76-9656.manifest
deleted: 7/a/122ac0b0a6f092350a68226cd8c6dd-49579.manifest
deleted: b/f/4dab5102f29f7aba55e08d64d33608-4984573.o
deleted: b/f/c8c1b49f6c7862b22a0111acebdaca-14361.manifest
deleted: b/c/e360f16f58987db85d77343135b328-23937.manifest
deleted: 4/6/4deac73e0e654e12cce8309c9908bb-3305.manifest
deleted: 0/4/267e2ccf1fb4c85747a07b00d7d03b-7714072.o
deleted: 1/8/1d2f0ac3890b88daacbbbaa7438981-18438.manifest
deleted: d/d/92555c535de35756c0a66bb2c6bc2c-2843639.o
deleted: 4/1/7cec647a5ff5366737769763e50603-5934.manifest
deleted: c/2/63570a1211507d77bafed3e2a11870-3185463.o
deleted: b/a/aabd82f97e0405845afac9ca587992-13674.manifest
deleted: c/4/36628f7b12b11e75d4ff5f1f01504e-4648213.o
deleted: e/d/b4e7de447db178d1973d0799b53a19-6764.manifest
deleted: 0/e/2edca657a84200cf040d11fc8cd781-2131058.o
deleted: 1/6/cc6868b7605273573ae68e01b71158-3185463.o
deleted: 9/7/6b5a2291bb59ea3d63e634dd8a3b50-3475747.o
deleted: d/a/10a9c860aaa8a6266c548cc77e1a27-3756.manifest
deleted: e/8/0c5e3c0cf04437b76a190c8296d3ee-66110.manifest
deleted: e/e/25e677a737b9d6c25cdcb151da49b3-4253066.o
deleted: 0/e/4212abc1ec90101bcdec5a98c83593-17829.manifest
deleted: 0/e/deac7337b2d4d18fabaadd6d02deb0-1661.manifest
deleted: 9/6/1c78ac94c58c0a73096d77ac5cce81-4849179.o
deleted: b/f/d1c2ea00717498b443453631c06c8b-7193.manifest
deleted: 8/8/ef0629f7bfa919b4cc1e1b80858d95-1594501.o
deleted: 3/2/e380b2ff9ae37e6178e73cd364c9ed-5066896.o
deleted: e/d/809b72fa7d1aa19f0866b143e9295d-2094539.o
deleted: 1/f/65c05d8ed3ff2e9dc4b967a35cd24d-2041730.o
deleted: 1/c/12f279426ac2aad8332cce5a46a0ac-2399.manifest
deleted: 2/2/7b66206e99a4c78915c9e9c2fcd1cf-5010582.o
deleted: d/c/92d18d6464e0c32e9d39635ac3cd9f-18254.manifest
deleted: b/f/ba7b9c9635726982660abcadea2465-17829.manifest
deleted: 0/0/a4f1375084b932a1d95162d1cb07bf-3135192.o
deleted: 4/7/9dd266bd6ca4a85daaf20a7bf5dc2d-2538227.o
deleted: 3/e/4b157e1eed24d5b462e1452ebe9bc6-4955427.o
deleted: 9/7/1b59795f6cf692feafe59255796d57-11359.manifest
deleted: 3/b/79c695c4d311f85c424ce4510ea134-3135192.o
deleted: b/4/c76bcc5184a2a1cb4818e31c709475-3432957.o
deleted: d/c/6247229d70b74b7482fe8d536c4cba-4725306.o
deleted: 4/3/68b659ed8f3ad61f5695d164edc53c-4032945.o
deleted: 3/8/7bad0fe03b83801486ecaac8a43e28-9800.manifest
deleted: 8/0/ba7dc28690bc255ac8dd3017a258c0-39985.manifest
deleted: 0/0/e1603713ef4cb79e89d8c6fcbe16f6-4268.manifest
deleted: 0/c/1b13e4096358e77a70180e1e941405-2899966.o
deleted: b/1/d8fc95d2889b6ac2b2a87c00f2927b-4709.manifest
deleted: c/1/bb7e8d20e92ed2c02239e0ae8ceddf-2694456.o
deleted: 1/f/733e86313f06fb45c13a38a77ad10e-4150.manifest
deleted: 4/0/3fb4991ab1613a5bfda731dc9f5ad4-3506541.o
deleted: 4/a/add6953ade1d32ba73715ec968baaa-6438.manifest
deleted: b/7/bccbd1c30853bf5ac2ba67785b8305-3983.manifest
deleted: d/8/f082fa132f50960f9a41a0cd1c2640-2526841.o
deleted: e/d/cfa0ba971e77905a0f3c5bb5badf95-305077.o
deleted: 7/5/ce2338aeae6d6355270b11ea0ebc2e-2765741.o
deleted: 0/f/6e5d25d30aae001af03b0bd477c4bf-2100932.o
deleted: 0/e/16a9f33d2b879bfaf1513dad818822-1527065.o
deleted: 2/7/06c32bd87a5e5ffdcff895d4e0e94d-5023072.o
deleted: b/f/9d8777becc970adb6fcd9fd0528504-1601533.o
deleted: 4/5/7f3cda5559c175cb2185bc5061205e-3127907.o
deleted: 0/f/a990a55797202f9152ea6b6a72c19b-6045.manifest
deleted: 3/3/19ac64e34c9077345070f686946241-325159.o
deleted: 4/2/fcd49f588fcaa127d1cbb3ad6c8928-2841214.o
deleted: 1/3/484d5ad75ee5f621b19bc20fa05588-1487.manifest
deleted: c/0/3161578ce80f4eb0ffed87882a02b8-4823299.o
deleted: 4/3/f6404bef5421a3c731a56374e899ed-14026.manifest
deleted: b/3/ae254395d7117950f972ad2059e528-1414759.o
deleted: 3/1/1f137ff4025a259f236634cbf9f1d6-6171832.o
deleted: b/4/0d8fc8c9ddd37cbb5baf1bdd8affb3-6917.manifest
deleted: e/9/3a4de249e057dfa3f759ee229e2b34-7780.manifest
deleted: b/3/140c445359a2f412a18f921189f88b-2907312.o
deleted: 1/a/195db76e4a9fb129f16e774242557b-6276013.o
deleted: d/a/6a55cbd05a3b47643c8c7a7f703c16-4496659.o
deleted: 3/0/1e10d207f72e708f96a9fb357a1531-4468096.o
deleted: 0/b/fd4a1c2f7cefb496901b5d26569b98-2765741.o
deleted: b/d/8a5af7a01997bf1c938ed7974d7009-1654.manifest
deleted: 0/b/a8b34968caa2e213d80994ee060391-1944158.o
deleted: 4/a/1fddf54eda7738a194a18ec2a309a7-9944.manifest
deleted: 3/a/e00b38fc1ef6ceab40a3764edda332-4713.manifest
deleted: 9/0/a4a7eb074ea5914d079e5def8488c8-5097066.o
deleted: 0/b/daf096aa175a9ac08c038c2ef8b386-2290937.o
deleted: 7/5/fd72e44cb21193767bf04827e4f7f3-10685.manifest
deleted: c/0/ae21249c38f66c659f18e34b2d59ad-13501.manifest
deleted: 0/e/1724c95540e0d0f7dc9483d568d9d2-2376826.o
deleted: 9/7/173939fd7757ed462b70c26db1ac99-2771016.o
deleted: 4/2/b95523f55a5ee286f754da12658226-3609.manifest
deleted: 1/f/35c70f9c2548f73fe717bffb16b8af-3471.manifest
deleted: e/9/d1df6382a8bc3364aceff1b1d0dc2a-2445.manifest
deleted: c/5/334e586c0f5a91995a1520556524e1-2899863.o
deleted: e/b/cdb1c2cfdb80cad8cc93b863ff40e7-2102584.o
deleted: 0/f/597b74b16c16661a771592563dd715-10604.manifest
deleted: 1/f/75c30d14bb3d66aeb472055c56fa4e-21844.manifest
deleted: 7/9/ad036c7b715ed708db431f61d927de-2693221.o
deleted: c/1/83727202741619e8a168500b3ce3f8-1590930.o
deleted: 0/e/e16ef0abdb46c910c905248a598030-3134082.o
deleted: b/f/d3d74251b8b5b4851b1c266d97b0a2-6247.manifest
deleted: 0/5/ad84367e8a0bc6276af244d0e1b5cc-18493.manifest
deleted: 3/0/33d420a7359869132cab7d21f757f7-7013.manifest
deleted: b/f/a15097e153d96969cb4deff7e1d6a3-4253068.o
deleted: 4/8/0c0c9a1a8b0542f9c26c18fd7dd187-3124943.o
deleted: d/0/fe4aac2e6f817a37d8b7278dce1e2c-3683.manifest
ccache cache size is 162Mb.
Uploading cache ccache...