SHA for cache folders (/tmp/ccache_dir) is 'abdbc048e7024960e8cd44808e5262dbc7485cdf9ef250fea90f4f89383b6695'
Cache ccache has changed!
List of changes for cache folders (/tmp/ccache_dir):
modified: d/4/stats
modified: a/7/stats
modified: 0/stats
modified: 2/2/stats
modified: 6/9/stats
modified: 2/0/stats
modified: b/a/stats
modified: d/1/stats
created: b/6/f7rjs3976jos6al09ttqlu72btnqd4gR
modified: d/6/stats
modified: f/5/stats
modified: 8/2/stats
modified: 3/2/stats
modified: a/8/stats
modified: c/b/stats
modified: 7/4/stats
modified: b/0/stats
modified: 4/f/stats
modified: 4/0/stats
modified: d/0/stats
modified: 0/1/stats
modified: b/b/stats
modified: 9/8/stats
created: d/b/3bbs2neopptr4lk6uj5imrupo69p442R
modified: 6/2/stats
modified: 2/f/stats
modified: 2/3/stats
modified: b/3/stats
created: 6/b/b2hcfp830eeckjbfns1hk8hga3ftuq2R
modified: 1/b/stats
modified: b/2/1b39pqnjsu2ifblufrt3at9b6agpspmM
modified: 0/c/stats
modified: d/e/stats
modified: 8/d/stats
modified: f/2/stats
modified: 4/a/stats
modified: 0/f/stats
modified: 6/7/stats
modified: e/1/stats
modified: 6/4/stats
modified: 5/stats
modified: 4/c/stats
modified: 8/7/stats
created: f/2/e70sdbtfe955hc68r255rapp56i9ghaM
created: 5/d/7f99sn0nd1p7m0sidnkopsipf1epa6aR
modified: 7/8/stats
modified: 6/0/stats
modified: 3/c/stats
modified: 2/a/stats
modified: 5/b/stats
modified: 5/c/stats
modified: 1/1/stats
modified: 8/4/stats
modified: 1/6/stats
modified: 4/8/stats
modified: 3/7/stats
modified: 5/9/stats
modified: c/8/stats
modified: d/a/stats
modified: 6/c/stats
modified: 4/4/stats
modified: 0/7/stats
modified: a/stats
modified: 8/f/stats
modified: 7/1/stats
modified: 3/9/stats
modified: 7/0/stats
modified: 4/3/stats
modified: 0/5/stats
modified: b/7/stats
modified: a/f/stats
modified: c/3/stats
modified: d/3/stats
modified: e/7/stats
modified: a/2/stats
modified: 8/3/stats
modified: 1/d/stats
modified: 1/4/stats
modified: 7/5/stats
created: 1/0/9dj4ul90fba1v7kt0tfn1cosmjmjrouR
modified: b/c/stats
modified: e/3/stats
modified: c/c/stats
modified: 8/1/stats
modified: 4/2/stats
modified: 6/a/stats
modified: 7/6/stats
modified: 2/5/stats
modified: 7/3/stats
modified: 3/0/stats
modified: e/0/stats
modified: 0/9/stats
modified: c/f/stats
modified: 3/a/stats
modified: d/d/stats
modified: 6/6/stats
modified: f/0/stats
modified: e/c/stats
modified: f/8/stats
modified: b/stats
modified: 8/6/stats
modified: 5/f/stats
modified: f/b/stats
modified: 0/a/stats
created: c/8/d2mic89te3bpcb0qf1uq36fksodetusR
modified: 3/d/stats
modified: c/6/stats
modified: b/9/stats
modified: 0/b/stats
modified: 8/e/stats
modified: 1/0/stats
modified: 7/a/stats
modified: 7/9/stats
modified: 4/7/stats
modified: 9/c/stats
modified: 0/6/stats
modified: 5/8/stats
modified: 0/3/stats
created: 1/3/ce333iir7jtgqp2ghprun1da9qg7j9iR
modified: f/f/stats
modified: f/4/stats
created: 2/c/d9ia5vpvvkfjd8pg3f6jkds0r5eqggaM
modified: 7/stats
modified: b/d/stats
modified: 8/8/stats
modified: a/1/stats
modified: 2/7/stats
modified: 3/4/11cs83vvv13h0e4krcv04m0tk5vr0tsM
modified: a/d/stats
modified: c/a/stats
modified: 7/9/baa39bsk0vfkls9mh2sr74pp6pmkdf2M
modified: 4/6/stats
modified: 9/f/stats
modified: f/7/stats
modified: 5/4/stats
modified: 5/2/stats
modified: 1/5/stats
modified: 5/a/stats
modified: a/4/stats
modified: e/4/stats
modified: d/b/stats
modified: 9/b/stats
modified: a/3/stats
modified: 8/0/stats
modified: f/a/stats
modified: 2/stats
modified: a/6/stats
modified: d/5/stats
modified: b/1/stats
modified: e/4/70j23iks89bump5jf6t050jvjvpbt4gM
modified: 9/stats
modified: c/7/stats
modified: 7/b/stats
modified: a/0/stats
modified: e/stats
modified: 2/b/stats
modified: b/e/stats
modified: 9/e/stats
modified: 9/6/stats
modified: 3/b/stats
modified: 5/0/stats
modified: b/f/stats
modified: e/8/stats
modified: b/5/stats
modified: 8/c/stats
modified: 8/9/stats
modified: 6/f/stats
modified: c/4/stats
modified: d/8/stats
created: 0/b/38asoemds16tal5n9a3uplh86jvucseR
modified: 4/1/stats
modified: b/4/stats
modified: 2/d/stats
modified: 1/f/stats
modified: d/2/stats
modified: 8/5/stats
modified: 1/3/stats
modified: 2/8/stats
created: 8/7/5ddq76shqruhlttib4q61avaguhki82R
modified: 4/stats
modified: 3/stats
modified: 9/7/stats
modified: 7/e/stats
modified: c/stats
modified: 6/8/stats
modified: 1/e/stats
modified: 7/d/stats
modified: 4/9/stats
modified: 8/e/54thhdlbb4mnt6fq5r1qi19fua0mi7uM
modified: 7/c/stats
modified: 9/9/stats
modified: c/5/stats
modified: 0/2/stats
modified: 8/b/stats
created: 7/f/73birpr3vbuaibi7nmhu8i31jevhhfqM
modified: a/b/stats
modified: 1/2/stats
modified: f/9/stats
modified: 9/d/stats
modified: 0/8/stats
modified: b/6/stats
modified: 4/b/stats
modified: 6/d/stats
modified: 0/e/stats
modified: 3/4/stats
modified: 2/6/stats
modified: f/c/stats
modified: 0/0/stats
modified: 5/5/stats
modified: c/e/stats
modified: 9/a/stats
modified: e/6/stats
modified: 2/9/stats
modified: c/2/stats
modified: 3/8/stats
modified: 6/3/stats
created: f/5/67k3orld813fo66bnefomegnvqs6a44R
modified: 3/1/stats
modified: e/b/stats
modified: 6/e/stats
modified: 2/7/4fdcn21foac92ceglrigorb8fqet424M
modified: a/9/stats
modified: 6/stats
modified: 7/2/stats
modified: c/0/stats
modified: 2/e/stats
modified: e/d/stats
modified: 1/a/stats
created: d/e/8d226qvtctqqq4nilg61sm8jutsla70M
modified: e/f/stats
modified: a/5/stats
modified: 3/e/stats
modified: 3/6/stats
modified: 1/9/stats
modified: 5/6/stats
modified: 4/d/stats
modified: 6/5/stats
modified: f/stats
created: 2/8/efab1fop81ucia1qihb24j9j9ab1msoR
modified: 7/f/stats
modified: e/2/stats
modified: b/2/stats
modified: f/d/stats
modified: 2/4/stats
modified: 1/c/stats
modified: 9/1/stats
modified: 9/0/stats
modified: 5/e/stats
modified: 4/5/stats
modified: f/e/stats
modified: 3/f/stats
modified: 5/7/stats
modified: a/c/stats
modified: a/a/stats
modified: 5/1/stats
modified: 1/8/stats
modified: 3/3/stats
modified: c/1/stats
modified: d/9/stats
modified: e/5/stats
modified: 6/b/stats
modified: 3/5/stats
created: 5/d/79651ifgscj8l134vov5l759prpg7fmM
modified: c/9/stats
modified: a/e/stats
modified: f/1/stats
modified: 4/e/stats
modified: 2/c/stats
modified: e/a/stats
modified: d/7/stats
modified: f/3/stats
modified: 9/3/stats
modified: 2/1/stats
modified: 5/3/stats
modified: 9/5/stats
modified: d/f/stats
modified: e/e/stats
modified: d/c/stats
modified: 9/4/stats
modified: 5/d/stats
modified: 6/1/stats
modified: f/6/stats
modified: b/8/stats
modified: 7/7/stats
modified: 1/7/stats
modified: 0/4/stats
modified: 1/stats
modified: e/9/stats
modified: 8/a/stats
modified: c/d/stats
modified: 8/stats
modified: 9/2/stats
modified: 0/d/stats
modified: d/stats
ccache cache size is 173Mb.
Uploading cache ccache...