SHA for cache folders (/tmp/ccache_dir) is '3e7b7a16a010e562398c30553fccc1fa35651c6d42f7cffb4fa5f48899ffe1c7'
Cache ccache has changed!
List of changes for cache folders (/tmp/ccache_dir):
created: 1/0/e71d29e40564b5cd62d70cfc701da0-6775144.o
created: 8/2/0cf83646c86f6149bd49ebaac1c369-31502.manifest
created: 9/6/5b912dabd5b5b6c650ae47a7c387cb-4840225.o
modified: a/9/dcce50eef35a215d70b81e58016c82-2388.manifest
modified: 1/d/21fca20a45c8b4b483e19b68329fc3-2335.manifest
modified: 4/e/add0dcb0802117452c1a235b76c2de-12132.manifest
created: 2/9/b484a57b09fab73f25bb0254e58310-4742239.o
created: 5/0/c6bda15eb29285bbdada1eb79089bb-9980.manifest
created: 7/2/f127b93b7ff3d5647216375925d2c0-4910841.o
created: e/e/4ba22c26772721447ef5428587b67f-4674186.o
created: 8/e/4541edccac191bf7ccb0a7e65f28a8-9934.manifest
modified: 8/stats
created: 2/a/866fbbffc56f11756d60365f0468fb-5367490.o
modified: 5/e/5cb98625d3bb584493e2079f482f1f-13552.manifest
created: 6/8/34ea4a15a9a03a744ad71891b6523f-6987048.o
created: e/3/6bed5eb0eec6fcaa473d40154d17bd-6541920.o
modified: 3/c/43658dfc6b8aa88e79d63fbe21c0e8-1805.manifest
created: 8/9/ae63f6522d6f6d432e2cb65b28b1c9-6988049.o
modified: 9/2/86b53cb6e809fce25867a259e52a4c-10952.manifest
modified: 2/c/6cf86bf54cd11d845a9c5a0c17f3fb-24499.manifest
created: 8/0/ffcb30f53bc0f853d670f7d6a91be6-5143.manifest
modified: 5/3/3297743e41f4fa73153fedaa3d4294-24213.manifest
modified: 1/c/a31efac3771d765e0eeb9e822a93c5-2014.manifest
modified: 4/0/975d32eb6e6378e4ad7654c7d79f21-4745.manifest
modified: 8/1/e0fddfeffbd3cd452f91b080d57964-2987.manifest
created: 9/0/0c67fa318dc728fc7960807720b94e-2707.manifest
created: 9/5/788b26c52e996d58914b4ad10853f5-2788505.o
created: e/0/862641b43700c53b3194048e57abb0-4746445.o
modified: 1/7/f230d38e35635529ac6aa1ae68d44c-13301.manifest
created: 1/b/c05956880753175d8b2dbabe689fdd-4778381.o
modified: 8/5/55603fdeeab8250faca9a0f7006efb-3265.manifest
created: 4/a/aa23510ccb4ce928e66c785ff18990-4726769.o
modified: 7/9/a84dfe95e7ce5e0e43c6765174ca9f-9534.manifest
modified: a/3/a857f835bc2aa10e93d7388b06c4f0-3021.manifest
modified: 0/2/6d6ed6ee8f7a4114a76973917e3c2c-5771.manifest
created: a/4/2434f263ef9fd4e3cc72fb7755d67a-4446578.o
created: 0/0/a34698612db47b3e2ffe0636687701-3941.manifest
created: 1/8/5ff2c43e165b61748adfbdf7b0bdfb-5666782.o
created: e/2/74c5734ac75472dc3dac08174855a4-4729540.o
modified: 3/f/9ebf4dc1c530c97c24faa530a530ce-3356.manifest
created: 7/f/8269b1ee6145d82c6129266e451b37-6480047.o
modified: c/5/3edac1d172caec1a6aba6353e68b26-17840.manifest
modified: 3/a/1ef016ef52ce346559a4687e880f78-13474.manifest
modified: 8/2/4e2ce96049e8f3de59b3c98da0e039-5174.manifest
modified: 8/6/10fa0b9c6c8a52a1163b63e9b41b5f-47383.manifest
modified: 1/9/ec5e20afe25e2503b04b5a9d9049a1-39543.manifest
created: 6/0/0088292f071d76e937c234d05f2d6e-4724684.o
created: b/1/46a68ff49f92b24634eb7ff244c3e7-6871128.o
modified: b/f/f819e4730c09e662494aa7ba39f8f9-7442.manifest
modified: d/3/40ff6b978577d8bd5f5fd364cba1d1-57995.manifest
modified: 1/a/05c6145054e94c8e6dc53aaee99acd-14902.manifest
modified: 5/5/a0c6d6328cf63e0637a13105b37bae-14851.manifest
created: 6/5/1adbb3402b4fddf52430d029dc4445-5222038.o
created: e/e/1206bd7c4fad7d2693905370127422-4784335.o
created: 2/c/7a65218441fb4e26ae08881e076f7e-5232205.o
modified: 7/2/47023eabd20e919aad53d07c4dd40a-3297.manifest
created: 9/a/42d83e84864f3887d3bbea7c3afa9b-4115911.o
created: 1/5/8b6c465d6966ee12681d9c185ff0f6-4725381.o
created: 6/b/4af3cad4fd02672eeda8301328090a-4742205.o
created: 9/0/9800f4152e4fa8e115f887fc8fb9e8-5928.manifest
created: 5/d/f1548d2e952092f5168ffb7288cd91-695690.o
created: 9/9/7dc982778f0002821cca457b8919dd-3578898.o
modified: 0/9/cd87a2717d3bef1373c704ae922049-2485.manifest
created: 8/b/dd3aabea9a4e2b275284410d9bd94e-4725983.o
created: 8/d/251cf06dd9b8f67b3e88c6a0fe307c-6872883.o
created: 8/c/34d2c11c53216acdf16984ef4bce9d-5963.manifest
modified: a/d/8612ec4bd76077ac5f24c19ae9f885-12902.manifest
created: b/5/6ba421b7a68d7dc9e0a940fc6f0235-4733358.o
modified: 1/d/d216de8aa994195f7344927c8cf7c5-1787.manifest
created: 0/a/69784943a5408bc10c48748ad6b80e-5775289.o
modified: 2/stats
created: 9/7/eb5b93bbd175576b2239f4196e8d3f-1650094.o
modified: 1/7/28fc409fab6ca1f1f8d62c9c430fbb-8372.manifest
created: 8/c/e96a136ba6d017715464fd860585f2-28478.manifest
created: a/5/2e180ff693a953577729d5b08e81c0-5312448.o
created: b/c/343c4704d8d055c25950f17eed3dd7-4725312.o
modified: 9/3/3509636cc379025655097f19dee22d-11826.manifest
modified: 4/c/d0503a2daea8285bdf7a3208154bef-2779.manifest
created: 6/4/6227f92bf262c87ddfab7ea7879f96-4742197.o
created: 8/0/32f3acb71666b750680ab62c91dd2b-3403.manifest
created: 5/c/d6c9bc3c11c4f449cb182f1b43b905-10410.manifest
modified: 2/9/b80034d07a6d206937a42995f05b44-4141.manifest
created: 3/6/21d9df4f59abe9403257c3ec199875-4777647.o
created: 6/b/340ca8974f4589a9d8c96fdc6f2a8a-12357.manifest
modified: f/6/701e435d9020476ae4ae93300c902c-8903.manifest
created: f/7/fedd36eea3f94fa421634872d0cdbf-4746811.o
modified: 1/stats
created: 3/c/3ba5fd5008722e5144db4f32170321-113769.manifest
modified: b/b/03ba075995c939efae3fff11d4c73c-6651.manifest
created: 3/8/1507401fa4f0cc756d1b5e2c17b244-4795015.o
modified: 6/3/def0dc464abba480be5ea3faa0d02b-8539.manifest
modified: 9/e/ef7d1f345a2799874cd5353f8c411c-14916.manifest
created: d/3/80e9839c027a5284d5ddbe3b87e6fd-4848421.o
created: f/5/23c84264ef6b5c0261577709481155-5310732.o
modified: 7/f/f38491b0f6160d4ebd8a97c607c9db-29611.manifest
modified: e/f/78fe3729a017b931633209a5253b94-3554.manifest
created: 4/0/2229077a997d81514175a183154b86-3152993.o
created: 8/d/88450b6377ee07f29c57105ec678a2-5113.manifest
modified: a/2/18d20b379f265b50049fedd8183beb-4638.manifest
modified: e/3/3865be136cc4876decd982a5c13760-3030.manifest
created: b/2/8ca40d0ec0771aad3818b097be42d5-4763982.o
modified: 1/e/7e0fdbbb23b0314bd7796f340e5fc0-28485.manifest
created: 3/4/8c5442e7e9d4c31db3df14fbb0047a-3079618.o
created: 8/4/b90c3642facc5ca3f48aaffdacbaaf-37062.manifest
modified: 1/1/77b6d1469c890d17288eada26dce77-5337.manifest
modified: 1/a/3e1eca17648b6ac6568b4fb84e6b8e-11731.manifest
modified: 4/3/381d18feee02f70bed9b17540dbf3c-5593.manifest
created: 5/2/e33d3381c9b039a1a5ef381f1b00ad-4729731.o
created: 3/7/6f1c84b655876822e38720c8490956-4730.manifest
modified: 3/9/ec9fb52495247b7e95423988ac06ce-3389.manifest
modified: b/e/49db69c4ee502acc8844884f5617a2-3770.manifest
modified: a/b/9f429e601afefe95d91b2615e9944c-17898.manifest
modified: 1/a/dc2be99b047c31d15412717c2f84e7-2853.manifest
created: 3/1/b5a9f6f53e03024ee3b6ffcabd276d-5131892.o
created: 8/f/92fc6f317c1a7e5895a5ed261a827f-4706.manifest
modified: b/3/74399b79e4dd5e9f5079761037e3dc-11407.manifest
modified: 9/0/fee67a153facc9fce7848f1af208ea-4263.manifest
created: 5/e/75070ca3ebf45e97d26f1887477f75-5231746.o
created: 8/e/521389ccb5f84f9f3326f6b896b0c0-49170.manifest
created: 2/a/8ed6339aed15a62b8916f3af6cacae-4726184.o
modified: 6/5/de867b12ebf1036a92795286d71b35-3337.manifest
created: 0/0/037685fd4f6b5b9035af985760775b-2908294.o
created: 7/0/25bdb620e6cafc8bcea57300611fb1-4724485.o
modified: f/4/066f2349804694b26b11d34e6f96e5-6285.manifest
modified: 3/f/736348e255fb83a85535d3838f1cf3-22457.manifest
modified: 5/f/4770a1ad9028d97cc2edaeff1b12ae-3161.manifest
modified: d/d/84e0fa86b034302d6e3045fd94f9dd-3688.manifest
created: 8/9/1d5e3b72022b85adb483512f3e21f3-2086470.o
created: 0/c/e2c40c6e156fe307dd0642fd60beab-4746497.o
created: 5/a/1174e22693fd4ddb4a5e7ed5066632-4825389.o
created: a/2/ec7c1325b9b2fb2c31f64a688d3d46-6855838.o
modified: c/4/e147f7972445a3b85106d3e6e4c365-9325.manifest
created: 3/2/5737f6dc6ae4470c626e1ffd2803a6-5143191.o
created: 5/4/e51b7b82a0f65ca0da17f705c308d5-6175.manifest
modified: c/0/6db78b678d016edc63528b293b7a51-14335.manifest
modified: 1/e/da1209d44da45ce71458afa7f79466-3558.manifest
modified: c/stats
modified: 1/1/0fff62fa278f79974d81d08b71cddb-2291.manifest
modified: e/f/c6f853468895073baad0e58ab07b9a-2172.manifest
created: 5/9/8596cef55704559670070bc7e3c831-3093.manifest
modified: 8/c/84ae37e0d68e08c1aeff808cbcbb3e-7895.manifest
created: 6/2/79917115758abe01bc8fa965b6879d-4725569.o
created: 8/0/ff11910cd48916524d2b1677a99856-6898.manifest
created: 9/e/2e457ba90d11f30d48a51f6fbebbc5-4795960.o
created: 0/5/8fa5c206f09d6f61c4c09ed422a3de-7409.manifest
created: 1/6/121daf5765c0b61325991286c0b34b-4884800.o
created: 8/d/91d583aad32a934f8bf63e4a2661d2-4725685.o
modified: b/7/351d90a734eb11b2b5114698ff532d-18889.manifest
created: 5/c/ca9a6cac160eaf8820bb594740d58f-7117.manifest
created: 5/f/d9153869858cda1f7d7608d7fe5d67-13500.manifest
created: a/d/5b589eaa5f8dd61a5b62ec87ab75af-4728410.o
created: 4/2/6ff72401dbdc74f694ce5c44a22923-4726846.o
created: e/8/367bb217b4911118d395bc0a87f3bb-4728292.o
created: 0/9/077b969b6fab7161b326a3f72a112e-4727195.o
modified: 5/9/7643ad9c71e89a4773dbbdf82592da-2071.manifest
created: 9/1/86870ae0b826ce4bc0f60c9c39d234-4723997.o
created: 4/b/b1ed4148f781237d1bc517d49334d3-4901384.o
created: b/4/51b54d8a44b193a32dc99d67b410da-5782055.o
created: 8/0/403ecca38cd8bd80358a0722a64302-6510.manifest
created: 9/4/0132d0018bde6af129a4ee41849012-3466.manifest
created: 6/b/fd5cb67d7ec1da7f108d92c6cf5767-7437677.o
modified: c/7/917ad72bf378d392ea846367c3d579-9719.manifest
created: c/3/fa69f26d1fc4c257a751c414ed4065-6076299.o
modified: 3/d/75f792b7cc7e9f74fa40a467a713b9-50272.manifest
modified: a/5/40b2452ca67740eacd163dba8d419a-8097.manifest
created: 9/0/e3d219638ed33b13e524cc89182fe5-3022083.o
created: 0/e/a8f7cc2cd291cb43079051cda62e0e-4742903.o
created: 9/0/43f42f1eae3583385f2b717b506c32-1577528.o
created: e/e/42c64257dc2b3cad1e402c07155941-6998715.o
created: 0/5/2c9f96241e6cedd3fa762e23a97df1-4725697.o
created: 3/b/6d1b8d99ed14cdb59cd081b1f3a83b-14451.manifest
created: 5/9/711da9ff261e0da720699cb359c2bf-1763835.o
created: 8/0/4e1fa44c0ce53ca6541b29f595d63f-4778370.o
modified: 8/0/d206e434183aa96a7cd5eab8f5e0ae-10299.manifest
created: e/0/105b05d2941d516fe5e83bf283fa5e-4846402.o
created: 5/a/3418880f97977b5024e392e2bd5b03-4757615.o
modified: b/2/3e7ccc8ae0a4743aab6b2a429ba96b-12790.manifest
modified: 2/c/4efe94abe087b7982fa8d57a3db370-20227.manifest
created: 5/3/8d78b1c24c8e0f0a0d3863446d77ce-5481.manifest
created: 3/8/e6c414e2032e5e8375bc94813ca233-5314122.o
created: 9/0/0b17cffbb857f49780ca0381bcd9cb-33750.manifest
modified: c/8/2768bf702fc1de778dc3fb661df893-13327.manifest
modified: d/2/abfbb41c79793e0c0bce4778e28adf-3192.manifest
modified: 1/3/27f3140a5b1ee5e4f77fa879cdbd0f-3597.manifest
created: 1/6/943125a9cba99c80acde25359152e2-5410481.o
modified: 3/f/f883adb3887dd98c48e28e881bd9cb-2745.manifest
created: 0/0/78390a4e9eb7a83fa0099d01c272c3-2731568.o
created: 6/9/875de317194b671cd0cb54b49ea8c6-4727404.o
created: 3/7/efdef09ae2e26903cd182596402df9-4726223.o
created: 5/5/8c587cf3deb255b4fa03db037c3a38-1862522.o
created: a/4/ce15d289ce798919beb90ec754e33e-5301424.o
modified: 4/d/94e02975df06092ce93681befc40a1-7278.manifest
created: 9/f/8aaeab0499b648ec4f8b40ef5aa356-13125.manifest
created: 9/a/5d83048310079da3f92708a4f718c1-6704001.o
created: 8/1/c7871fd36cd11150941a733aa24616-11118.manifest
created: 8/b/69281250cfe59177cf0c5569518e90-49962.o
modified: d/c/991285cc6ccc25988dcbc5c76ae457-4306.manifest
created: 8/b/1542a5fb5a2d86c24184ac2ca492d1-8256.manifest
modified: 9/0/c1295de888259e25de46674c9828eb-4952.manifest
modified: a/stats
created: 0/0/172ab8c29a636036e6bb24676c6daf-4772457.o
modified: 0/e/235b6d4aba0ee44cbb97aeba5cadd7-5593.manifest
created: 9/6/ad04f15ad5663d7b6639c52e79d300-6026.manifest
created: 5/c/9007f6af0382bb7f2d6ee705be8162-1784219.o
created: a/c/0bd261595db8548377425e018fd0e6-4725973.o
modified: 1/6/2c46c0d9db4ec1389df0b13dd02392-6747.manifest
created: e/c/99da4686b5e55825cbf4158b94882a-7905254.o
created: 8/e/14096e76c3b5ad5ddc47d154708e89-5261.manifest
modified: 3/d/4a89ff5574d07c73d18dda0c91bb50-4343.manifest
created: 9/0/99d295fb60e0bfe0f48634ead968fb-3746596.o
modified: 0/d/7bf10c1f1abfac7bf0d65d636ea422-3623.manifest
created: 0/e/ef82f78e4a0e6928f9d759112956d0-4141026.o
modified: 8/9/a99df458993977e8c94785cfe97fca-8677.manifest
modified: 1/a/31511799e734eb256f6592db1b3c83-1750.manifest
modified: 6/a/7bc03d323da9d2d2da28c72defac6c-15864.manifest
modified: 0/a/41ca4c6344f397988d9d7d95b24319-8302.manifest
created: 5/a/cfd806cd7169385c2e67631da79826-3432.manifest
modified: c/c/6aabd61f5d4e40e15de0347050e7a2-11477.manifest
created: 9/2/ee6a65fb3414ce1122e165036c078a-5700.manifest
modified: c/c/75d010a1cff60af6dbff4df02b002d-6334.manifest
modified: 4/f/4a01073055c0618d5b16fbc5da4112-20085.manifest
created: 5/e/05aced4843bf82659d3a8161976dee-3817354.o
created: 8/5/4ad8c6596b0aa19cfbc323ba618456-7066.manifest
created: b/9/42e0dbc6e44923706c5ab757b5e2a1-4842265.o
modified: e/4/19d6d101709faa157f7817e36dcb84-3468.manifest
modified: 2/f/e4d9ba779fcf27df0ee855592f0982-3698.manifest
created: 5/9/1a2f8af434d8abff7d6dbd911661ab-1793.manifest
modified: 7/8/cf953a088564f31612cf29b7fd4ee4-13379.manifest
modified: 2/e/c846bd92ab8c1cacfbd7ad6bd55971-4426.manifest
created: 3/c/cc1da9353f76247d09ac2d460a300f-4740809.o
modified: a/b/898a1408ee16bf96fc23553ecdd2f5-3374.manifest
created: d/a/0a40f72842b891deb864cd3d45a9db-4725022.o
created: c/b/4919d859dcb196e2034f7e17db28c9-4734303.o
modified: 4/d/54dc4fb38ecf90c043e4e245a7d84b-3073.manifest
created: 5/1/8935b794308347409d3f1b24aa1c17-2465416.o
modified: 6/0/99b877e55cb42b05f6f9bfa2c92e5f-2861.manifest
created: c/0/6e1922cf439ba04767a0cdecabfb79-4006.manifest
created: 5/f/bb22ceffcab55fefc9d571abee8afe-4698571.o
created: 9/4/59e9704fd3132b7cd2ee3d7c1d709e-4731424.o
created: 8/9/37e971713c93ae11d28c23a621cdff-4725093.o
modified: d/2/6dffaeda84cf99ec6b50db17943444-23501.manifest
created: c/3/b14d02d5a0dc05b9196b01934dde7e-4674132.o
modified: 1/0/53c8d43f38842752eba0ff07747804-4419.manifest
created: 4/b/c1552a8eb3dc8e57924b2121efff72-4726715.o
created: 9/e/b70dd84892c3e98e91d34391cc3810-4039.manifest
modified: b/a/2d3849e5be48b360fd30be8359526b-2384.manifest
modified: 1/1/3bf8ea991fae9ad7e4591b2640f61b-6216.manifest
created: 5/7/c79b455652d289edc4adbb3ddefae8-1589715.o
created: a/3/3f1df22f08549747926a4437b91d47-3373.manifest
modified: a/f/abbd4de5e3b07db7da1fed62665248-5851.manifest
created: e/0/125814266d39a25c44d3741d655f91-5017346.o
created: 5/1/8a607c1b2d653c2f6b710af0a49e29-4716550.o
created: 5/7/d0b78569357310cbb84f80510bcf92-4169157.o
modified: 6/6/e50130b30897d82e10676f13abd41f-7912.manifest
created: 8/7/f9640494a6fd6e36bbde5e630fca93-5144777.o
created: 8/e/89fdd53abde0334e6d1f44e59ae94c-249567.manifest
created: 8/2/20d492f9b7e39409a0c69b388c5682-31597.manifest
modified: e/5/4a90c1c509297cf0a964ba59eee14f-2417.manifest
modified: 5/1/802d7c016d166586236b960eed2d3d-2543.manifest
modified: 6/stats
created: 0/c/49ef1e1ecfc39be32490bb14828f92-4784325.o
created: 9/8/a1719ae6629d1a7a5e7430e533cc0b-5164637.o
modified: d/d/ac45561a8dbb1052d42f9a41f7380e-8956.manifest
modified: 6/5/a7e40c66dc55c845b0239f2022ada9-16387.manifest
modified: 7/8/88dc2958f33516ecac98e514c953c8-4754.manifest
created: b/0/a5b24627523ca3a9441a0924446aa8-7391120.o
created: 3/a/eb601b3d4e46e5d3182d7fde12ff2b-6964.manifest
created: 0/6/9a950fa36b8537a1b1a3f942ed3935-3959.manifest
created: 8/3/bfaa205c2d21f302f30218093df6a2-2689024.o
created: 7/d/a7831be53c6e6f9e3627c2b479569b-4727286.o
created: 9/7/3ebb6344b6858c2e0ca2879c5755be-6386.manifest
modified: a/b/b0d3c03f4594206a03f84362a59ce5-16096.manifest
created: 2/7/fb5a69d04af7d4de3e72fec85388c5-4765787.o
created: 3/a/22b833628f17b4ef8bccff7604e10b-37071.manifest
created: 5/8/3ed910256c6a534a9a49d5cc9040a7-6075.manifest
modified: 3/d/02d252932b92c220485d5bb4d88860-2529.manifest
modified: 4/4/32878ad29bcbcabb99594153ebb0dc-63073.manifest
modified: 4/7/becac7eb2fc7bae696b5fdf96ff7a5-9741.manifest
modified: 5/c/7fc28bb74e688f4e6b4f41b3c52196-16833.manifest
modified: 4/7/6b35c34c1cd613a142dfe40e62caff-6116.manifest
created: 6/0/879ad8db1edc946f5b7dfd34107bd7-6692869.o
modified: 2/e/3d4b2203ad1608cdd89a23707899fc-3820.manifest
created: 9/b/8dbf0d9ff62b1698d82b8bc32fe60d-5248820.o
created: 9/1/887720fd7da8dddb82a5333ae5eda9-4725509.o
modified: a/8/928596358fcaaaab19bc0fc97a7744-4036.manifest
modified: 1/c/f9e2247d6e9a091c85843d38eae97b-15312.manifest
modified: 9/e/8c23be05afa746ae02ea2755f50999-7714.manifest
created: 8/d/455bf22290998b058f862a554c5db1-1860.manifest
created: 3/f/2661f121b74f2caa27b1870b9866d9-1832282.o
modified: 8/5/fd3eefa2b87a20816719f7d9a5ed65-2977.manifest
modified: 3/8/181a7e2ab29bf2fce5ac92885ee038-7476.manifest
modified: c/a/33c9271242ce816453ab2d06a0bb1d-7787.manifest
modified: 2/d/5d97b0e056ae58850b7b26360c0124-2132.manifest
modified: d/stats
modified: b/6/e105f396ffa18f0c23f54be4c71a7e-13133.manifest
created: a/b/8d5f847e410c380e51ab5d3f8c7bad-4724372.o
created: 3/2/20b3d00fff2954093542598006af4a-4806169.o
created: 8/2/72d300559fee261a3f801dbd1df84b-8599.manifest
modified: 9/9/f3bb620d4e6f9e6932d031abc33f75-5983.manifest
created: a/3/56ebed705b0d283887c307b9228b03-3978345.o
created: 1/0/bce07f06b9e39ba0cdfdd4768d6f15-4769517.o
modified: 6/4/fed3aeafd8306302a810676ff7bbba-7471.manifest
modified: c/c/fefc556921db433648cd7a1813d22d-3610.manifest
modified: 1/8/54d96e9939c10013ed208e61e606d0-18394.manifest
modified: 6/6/75a472a2419dd41890c2e055569d72-8350.manifest
created: 3/8/e1a554c923276af5219b1fc1755287-4773835.o
modified: 5/stats
created: 8/2/82f9eec91171d9568fa8ee51397ea7-2383.manifest
modified: c/5/26246c18b18899841fdb346cab6840-6460.manifest
modified: 0/8/63cdb6634061cc3d91341908132d94-10718.manifest
modified: 3/7/ba80f5593ddea741e94312b05ea547-4118.manifest
created: 8/2/6b5945f85c6a29eb8a91092d2b59d4-5116306.o
created: 8/6/86d0414391545249eea5026e109008-14222.manifest
modified: 9/c/bd763cdd33c4eb32c299360b725717-14585.manifest
created: e/8/939580b569c1d614ef96deaa37c1c2-4019247.o
created: 4/5/0d7a4af591f79b8b8dbc5a3cc40218-4701409.o
created: 6/b/d6e5f08e3e4b4cabb0b2abc3873507-4727684.o
created: b/d/5f5346bd49c6eb90b4b91c83b7e8e6-5212080.o
modified: 9/7/9fe232076b76cd294a3370512ee257-2903.manifest
created: 5/0/933419a4c076886710dd9b9083d17a-4074.manifest
modified: 6/8/680f61c4b468f3cd0748fad2f8daa1-31601.manifest
created: 7/b/d746e01088d4fea87f5043d9962fa2-4806701.o
modified: 5/9/02fda7dadae992fce5d43b6eba9809-17544.manifest
created: 9/2/ca41c4b09f37473f976b2fddef9d80-5161166.o
created: 4/a/c9b351967f2a2b0b9e354a32940033-4660887.o
created: f/5/70f3e2c4f2ad0771d8f3ed97e75456-4767243.o
modified: 6/e/942613c9353cec875baeb389d6ce19-1965.manifest
modified: 8/5/c09ca9c7b8cc279cd6a931b435bba3-12798.manifest
created: 8/7/602c591d7f8e2b0d2ec5122a3db951-36731.manifest
modified: 1/1/d841213dd45c54b01d67a954dbfad7-3826.manifest
modified: 2/d/75ed6cf395d519e5ffe666a499d1dd-95332.manifest
modified: 6/d/e93dccc8891f8d77dec731fdf129ba-2788.manifest
modified: 2/b/addb5792dc21c19ca732df14715f6c-6791.manifest
created: 5/3/2e87ed9933a43708a470c535ca3d5b-2418.manifest
created: 0/7/85781a76cd00a633dc868c9eb2f930-4812947.o
modified: 2/f/27d48b1ff194fd5f49e6bedff0484b-3325.manifest
created: 8/a/bde1876d95e6a947db64e0dea1ea5e-5197505.o
created: 5/8/cef9a031f9ea57751353f12a5f040d-11114.manifest
created: 3/3/5a690a2d88ba32d27a77aa8662e12d-2150.manifest
modified: 1/7/5735c3934a9bc6e8ddb251ec708428-48056.manifest
modified: 4/4/acd5865664ea0b38f75292d040ef3b-3730.manifest
created: 5/7/43d667a9cc39f9cae5789ab7853779-4590693.o
created: 8/2/cf3d70b5735e5c1ba65d3b3411626a-7642.manifest
created: 8/d/7b212d2f16f97ad3678ba423d45009-2738364.o
modified: a/0/9a0a27c017172f96342304c478453e-14903.manifest
created: a/d/8e8823787112f78bd28ddbd347bec8-4734695.o
modified: 1/3/e3c1c25ee86fbb83b885fcbbf7a8fa-4815.manifest
modified: 1/c/da5082756206d518b5816c6cd446fb-1884.manifest
modified: 5/f/57de4a3603050f78f78a3d688fe39d-4948.manifest
created: 3/c/e711e61de42fe8486056fe7cbea484-16327.manifest
modified: d/d/29c722fb9347afbb367286e5cc47b4-11493.manifest
modified: 2/0/f02ca1307b61da5195225e3cb6ab21-3690.manifest
created: 4/0/d5b1c8d2f30afb35742de66153d817-3939806.o
modified: a/2/5db58f70a6d39dbe2794d57a6a4cc2-4126.manifest
created: 1/a/234f9c9662e07dc1f71b119b1dbbb8-4729629.o
modified: f/b/09e7b9079c8b10f781fe3eaf18c59f-6196.manifest
created: 6/c/eee1e541ccd9abd37b862e66646245-4772551.o
created: a/4/6b4b447233b1804085dc6f29927b2a-4726988.o
created: 9/c/ad8b0e955e3c1a22c984ed083e452e-7734.manifest
created: d/8/030b54a9e5c78a9f2e31d112e1f047-4775841.o
modified: 3/7/ff129b6237a9d366456ddaff0c4ffd-3825.manifest
created: 8/6/16ab39bd37bb8cc6d47a2018a8e4f0-4759532.o
modified: 7/2/feb159c5fafd5cc9efd76cf570e6c8-6376.manifest
created: b/7/c40aef7e6e181a12a46d3acef423ac-7743915.o
modified: 6/b/4b5a9652c48e628bf05b668f727586-19586.manifest
modified: 7/stats
created: a/b/8be684055eb4e632c6910817aa351e-5382335.o
modified: 1/d/621651e4e52a69553bca4777102ff4-6806.manifest
created: 7/3/0cf861ffbe0a692d199ee93f9dd072-4614371.o
created: 3/e/74b86bba7f002df5205ebb707448c3-2918527.o
created: c/6/d4237d9e1b151a3063a645a6d52f59-4759147.o
modified: 9/8/f88f5658445f2ebc727e36791a47a6-3302.manifest
created: f/2/ad1ef0e5889ea2b31bc1b9f2a4124d-4951054.o
created: 0/b/0dd786abd298fbf18e0b8593858d5d-4843620.o
modified: 2/2/f3f998e5e990f7c706bd4d38e13a2f-3636.manifest
modified: 2/8/d45fd7da8cff66e8918daa92c04bc7-2645.manifest
created: 0/e/d5ca29d9556508d2f7d9e5c735b6fa-4725438.o
modified: 7/3/446cbcfe98eb7ac47d20619a8ca79f-17940.manifest
created: 8/b/42371e5cd2478c8ced17ae53d49725-4575871.o
created: 8/5/9908500b391a7dc348819fa47365e9-5155732.o
created: 8/c/34a2d2e97c4fa55dcc669990681238-43003.o
modified: 1/f/f7fbe63d5dd2acc16b91a5752bcf7d-11047.manifest
created: 4/c/ebf7db4f54dfd87fe0de1a1f6caaa1-3028686.o
created: 7/0/3f510790de5a7f0b75c9de633b2844-4708941.o
modified: 6/5/7d543b56fbdabe60e1653cbc963924-20003.manifest
modified: 9/9/ea8658f86a95e3fdae1876dc97098f-3889.manifest
created: 0/2/952ccbdbc0bdad832de8c5b01397f5-4108904.o
modified: 0/stats
created: 7/e/a0743129f88d22592b2a40e38d2543-6576637.o
created: d/f/f24c397adb378535dc173c6f54d7fc-3021623.o
created: 9/a/f1c641f22d03982e59bcbbe93b41b8-1849.manifest
modified: 5/c/bf04c82f979ecc5a65d41d3ccb3e85-10334.manifest
created: 6/1/1a65c4a930cfeba09764911d5a95e1-4730607.o
created: 8/c/1118f845578e8ef48cc9ffbd7cf910-2417320.o
modified: 4/6/08459f8e5a4490ee4ed7e9442a0398-12050.manifest
created: 5/e/5f634847bafba23983f1ed68063026-4731003.o
modified: b/3/3748a2abf4533d5bb969bc078deccc-3298.manifest
modified: 8/e/8e1346e6028635836f9101bb7af519-2524.manifest
created: a/3/6f0b8d39fe432859cd4f7ce40b3586-3155699.o
modified: c/d/457f7823f4d0562527666bdad4db57-5846.manifest
created: f/5/377a2f7a5e47f4e1b711e5675e513a-4715207.o
modified: 1/3/23db859426ff0522aaa13f66c54ca1-4218.manifest
modified: 1/5/1f761664f7ee0f3186c4039c8b3825-32272.manifest
created: 8/5/f1195ef087e256ac4f1617d8034c5d-2556225.o
created: 9/3/42cc5c194d143433ae711a1e05d274-6802074.o
modified: b/stats
modified: 1/e/600bc36ba9607a3a20c2db3be1c972-8308.manifest
created: e/b/d0edeacedaae11d74f2b41f81520a5-4850335.o
created: 0/1/3c83b41284bb1760e772d767566908-8956.manifest
modified: 4/7/db6f4ad8d31a390912af30c7064294-8613.manifest
created: 9/a/7ee231fac7c9c19368c31edc370a15-4731359.o
modified: a/c/bd704d26c18a548aba6f3ddbdd243e-10878.manifest
created: 9/8/d29b37cf6971fa88bda9a92526bde0-10298.manifest
created: f/1/95f9011a4981e6185641d2d24f4bb3-4859370.o
modified: 5/5/a7f7d12a4788155f132a9c6c3e90b3-3009.manifest
modified: 6/7/353e5628effd1e974ce98bd5a1c354-7170.manifest
modified: 9/c/2606dc71164d74c2fdb58deee9cc08-2607.manifest
created: 9/c/e92681f5463f12855e02a68248f88e-4725337.o
created: 0/8/32089e1cfd00cc0050ea30ff4eac01-933719.o
created: 3/2/fdefa81c909f20a14e195c7ef0c12e-5180577.o
modified: 6/7/09f5086116dfef4eac3e198bd6a012-41901.manifest
created: 7/c/9a3cd21286dad7aef57a86caa2b3db-4670499.o
modified: 1/8/7f756058190fef37886b8ed5cf99b1-9525.manifest
modified: 4/stats
created: 8/b/80863061dc7a14f410b2df88cf3496-1607794.o
created: 2/5/3a8c2b0e72f77292f61df109c1a7a4-4877296.o
created: 7/2/bd8a6df13cf612cec760676af99150-4771830.o
modified: 4/d/5a50350cbda2151cd27ead7d9c185f-3779.manifest
created: 7/6/02b26857b547834f1076908de53d87-4732303.o
created: f/0/5d5644a41c7d377c2c56ce6905bcbf-4880151.o
modified: 1/e/1995d03a118de6b535ef0c0526ed05-8813.manifest
modified: 5/d/2cd3f4e708f3a886fdf556fde5263f-3169.manifest
modified: f/9/2a220427ae69974dd7a9b8f3392820-16642.manifest
created: 9/4/2db2a3e52563ef84a395228cba85bf-4735074.o
created: 3/0/5e04c951914ba3d25f44ddbf4b0b4d-4727130.o
created: 9/f/9d8170b7ea73965a55f08b451c7740-5173071.o
created: 2/f/ebac08dd619a0a5af65090ff275109-4729822.o
created: 4/4/993759e3e204acde88f7a03afeef7a-4646974.o
modified: 5/b/d982da9cb646d3353ac0f658906b49-8978.manifest
created: 7/c/dfd005451ab08d2dc372bff1b2dfc6-4728515.o
modified: 4/7/bb2da6473d9760ae389d5d0374498d-28129.manifest
created: 8/a/4091fe7b7563f2c45464eb13e603cc-6348712.o
created: 6/4/f86733583f498e5b34b3a1112df5af-4942719.o
modified: 9/4/1ae97c63ad688e66184497827749d6-4156.manifest
modified: f/e/53eb2c62fa46a02f3ef08e5991487a-3657.manifest
created: 8/6/c9180e5f6c47be41e0db3e59bb4cb4-4787016.o
created: 8/e/a5accb6eff7b2e661b43498bbeeca3-1937.manifest
modified: c/4/b8a84e6752e25f1616366f0d17c3d6-2693.manifest
created: c/5/3972c2f7cca2a80316691e2d77fd10-4833572.o
created: b/8/35795f125954dcc06d37f38d29b0ad-4773662.o
modified: d/a/4489d184ea0867135373528fed21b5-3125.manifest
modified: e/stats
created: 0/3/c82f21e714e033f41fd12edf47c783-3476669.o
modified: 2/7/adf2f0390cd92e3b521f912fc3f1ec-6916.manifest
created: 8/f/e71aef44f6dad0cf1ebd4cf8a0c86d-3601.manifest
modified: 1/5/5f639f5597cab8c8e369b4f524d17e-18005.manifest
modified: 5/4/7f24d3e6e3d3ba8fa808be3c1e4a46-13531.manifest
modified: 6/a/1ffd9df9e0c0200103612139189839-3073.manifest
created: 2/7/9c89eb81678b6b7db3baeb4a44f67f-4753315.o
created: 8/8/d5e4c8bad24d5afb8c0bbe10454eb9-4833511.o
modified: 4/7/a0a2b9f059695c1f115bcfeddd5c5f-3356.manifest
modified: 4/e/934213c596d3923faad023dcec160c-4651.manifest
created: 8/4/434ba027be78b39dfcaf9d2ab5416d-6288.manifest
created: 0/5/d9823951af9c4bbedcb0805545ba4c-19819.manifest
created: 5/c/a6dfbf81a16da843c9af3bc16735e9-21151.manifest
created: 8/1/aa3957b062b4713076510d8e5234a1-639618.o
modified: 6/8/8b850e57f17396fddf22972da9e24d-4283.manifest
created: 8/9/6fa743148664f27422a1edc369d34c-2730797.o
modified: 1/c/6adc2fef54ca761c0d8d3da41f9091-11817.manifest
created: 2/e/5f400efe2a54a232fe7f492b16a2fa-5233286.o
modified: 6/f/e52e39b7b3d4fa2703fc51de7ff969-2529.manifest
modified: 9/stats
modified: f/8/b43742d0bb888b833aa447f341b324-2406.manifest
created: c/c/615f66f30f55ba8eaaa1156cfc3def-4875633.o
created: d/d/c8bc1064a731961f120d614d2635b6-7665695.o
created: 8/d/7439f389d0b16311b588779ac759d6-698145.o
modified: f/4/be2149e391e5c6deb2ecd834346696-3303.manifest
modified: 1/6/a0d1095d0ee60d42916d46935d4ee9-7658.manifest
modified: 2/f/a54972afe6e98b740c3abd9918a8b8-3925.manifest
modified: e/2/9a0656e18f92542803e3dd56264bbe-8764.manifest
modified: d/8/e6dfca2db673a64c8ce86c87aa958e-7155.manifest
modified: 1/0/91f770fe5a67fc74a4cb538aa5dd80-5452.manifest
modified: 9/c/3fae8785ba2cfe7a50e43866197d55-2752.manifest
modified: 1/f/8a0ea0e6ac99c246cf9b18f1370824-39311.manifest
modified: 6/4/25c3d2d865a0451c15f9e7eecc786e-12709.manifest
created: 8/0/481fb97dc30ccbdc74d9db3b815041-4743488.o
created: 0/0/0710a69ef55a574c2cae200b55ea21-4743955.o
modified: 3/a/b0d9470edbae5505ce70a0ac8a1ed8-3552.manifest
created: 8/9/9b3272f2443dc55a48ba4d772867ef-6874036.o
created: f/e/ae7abaa3b76da3b43e14e9ca1d518d-4787467.o
modified: 1/c/0046c0df9baed27c445fe2b4594c03-14726.manifest
created: e/c/6ab0645803f22c89620f032d602863-4782085.o
modified: 1/d/cd09c79a51ed80d68cd9194288759e-2940.manifest
modified: 2/1/15b074ea377051aeb851a5a4e29fd3-4071.manifest
modified: 3/6/54e11a37ec8dd625435067f8bb9e74-49034.manifest
created: 4/c/72641fa4b8362b0846b99c11121068-4774522.o
modified: a/e/61e3a5ef766b684ebbcd2aa12cfc1e-33053.manifest
modified: d/0/8c5365ffab71b46ab19c15fa3fabba-5239.manifest
created: d/b/dac5ba849f1b4a330921a2803cc6a0-6472443.o
modified: 4/6/06d85c0f95bf0edd8b5acbc862d23f-3138.manifest
created: 5/9/2fd4ba7a734ce8544ea99b1f1ac3a8-2052.manifest
modified: b/c/b30d526d00b8308f043deb009dbe2e-4378.manifest
modified: 7/5/fe4f3d522a7eadad016ea14d1724ab-3130.manifest
modified: 7/8/b26d2cf91d0561f76a6f2bc4e4e212-4057.manifest
created: 7/b/f02d7440d475f26ee544e14d27bf24-3127778.o
created: b/1/5cd9d8297af0e51a3b530231ac12bf-26015.manifest
modified: b/a/de2004f3314577af3d254eabff9d19-11593.manifest
modified: 0/3/48edc54926fa044b13f90afc166d47-2207.manifest
created: 8/b/d2f3dd0b1b256f4e8dc382202d167e-5159193.o
created: 8/3/8c8333972ca29f61b06a18d3de162c-2645878.o
modified: 1/e/87643c0bada30896d0941f0ecb8a2f-4022.manifest
created: 2/8/dec72814f9f4f6825a5c5f3df05277-4765665.o
modified: 3/stats
created: 5/4/39a4f01a42509ebc227be89e0f9f98-4765819.o
created: 9/f/def1b270fbf8e35ea4f2c9887adb2a-3940417.o
created: b/9/874711dc3509dc145a311b4c33dd02-4705615.o
created: c/2/35c447a2644614ee3160a706346cdd-5104625.o
created: e/2/36628f4a377f78c1e6680f43c3cd5a-4728329.o
created: 0/1/cd8c9dd9eaf04e88e33c8b0dc381b1-14995.manifest
created: 8/7/98c0ca9f148ae00d0f396ea362a6ba-5502.manifest
modified: 9/3/0c1dc4aa0deaec3a6ee7d446d52025-10113.manifest
modified: e/a/4d274e19cc792702c28f13d3413ee4-3145.manifest
created: f/d/26d6c8116aaeec3707b5680d313f44-4980387.o
created: 0/7/0d643009b6fd455a497bffbe3a0ae2-2470.manifest
created: 0/7/0dfb06024006bdc2bf85de09e13d9b-3095066.o
created: 0/d/8e05a6bc45f1b22dcc5ef0abc5790e-4725253.o
modified: f/stats
modified: 3/c/366e2f45e071e464c09927dbf007b9-16256.manifest
created: 9/8/67fbb20d5f138c24ba44e04a39a533-5113300.o
modified: 6/d/1a29532ba16dffee5416f4f0046a4a-33374.manifest
modified: 1/a/e990d6c526831226078d606882612a-11313.manifest
created: 5/7/d1f0a34696844a877b94dc8c4691d1-2188401.o
created: 5/a/276b63a00f16a87dfacc02e82a73ef-89043.manifest
created: 7/0/4683ae0c9b647f9260c51837adb3bf-4727189.o
created: 8/9/bf8b7e8258a59b90eea54207ed40b6-661758.o
modified: 3/7/eec018c13238745f4a42ae239838f3-31069.manifest
modified: 5/9/47c0c06be2e4ad19de92edf4d1d056-2490.manifest
modified: b/e/f52d8a30624978e763c766e0f8468f-5176.manifest
modified: e/7/96e9c622e468d162588ed55a6d05ab-2649.manifest
deleted: d/1/5cfecb16693c189474b650a87c6d11-4726456.o
deleted: e/9/5f59f28489925b1a2bf65c2bedcb77-7211.manifest
deleted: 8/9/afd1acb6042ae0325b84287264eff5-4763890.o
deleted: 2/e/8879976557a8c2bc63bff8b513f1df-2686425.o
deleted: 5/9/8018888e659862ea8f4987dc343e93-3021385.o
deleted: b/e/b845c6ecc72df719c43e387be471c2-6775052.o
deleted: f/1/7eebdbe398b6234a3a06f39b348b80-4708849.o
deleted: f/a/3728534862df6cf8164049c95df4af-4633177.o
deleted: 5/9/20aac2adf7d1d7c5d2b78ca0c342b8-6703909.o
deleted: 4/0/f448d650b4807176821df62d6aaba3-4728097.o
deleted: d/9/51c5927c78b0e69b0cada2f46ded8f-4746498.o
deleted: a/5/51756ef9c80175069cdbc6c64a78bc-4787154.o
deleted: 2/3/f4edda960a66299c038a35e94570dd-1833.manifest
deleted: e/7/8c2f3726442197e3696d65422f3ab7-19884.manifest
deleted: e/c/7640a291bb650b2aaa6d37e2a30ddf-4734761.o
deleted: 6/0/8f010ba0116b132acee6e37fb998c5-4724172.o
deleted: b/d/142cf934229293355d32262844ca19-7809.manifest
deleted: 1/8/2faf24036dd5a0a3de79898e82ef90-4848329.o
deleted: 5/f/3698f1ff8be90a4909206398c6e898-2769.manifest
deleted: 1/d/31d031a27196c4a1f0a4141ce07bcb-3997.manifest
deleted: d/2/c8695a48adb0d4a7d51b804b8afe46-4674094.o
deleted: 0/2/cd4960d1b73199bf132259ee36a293-4769204.o
deleted: 1/6/b1c9a3f6ad0ac48094cc5a17508e7f-4795647.o
deleted: 4/d/1a96b18abfb02d091b6ee1eebe36f3-2393823.o
deleted: 4/6/bca57f80646ec7a49097acab7e2d33-4725670.o
deleted: 1/8/2912326f5b1b589c3987d7f47244c3-5466651.o
deleted: 6/9/b3afd4c19c4d47afbe2e3f25a2bd05-4614279.o
deleted: a/0/24dec907d4d2e2f8be6dc1d6255a64-7665603.o
deleted: 1/4/e9817b90cf04fd4a360600e7d4aab1-4660795.o
deleted: a/3/ee0404e18e7eeadc22e961ab7caf95-4784012.o
deleted: d/e/381f1a50696dbee2dd115bd507709b-2226553.o
deleted: f/3/2e5be5a8e0361f7303273de31ca2d9-5127.manifest
deleted: d/c/2df91700180509497e6b051b837337-4731990.o
deleted: c/d/3b5b750f9c9ab8eebdb14467f78cbe-4725384.o
deleted: 3/e/ea9f13ed36a0f1e3a03d9aca973ae2-4731111.o
deleted: 1/8/f5dfb98a8c165d40c1c6d3910c1fdf-3997.manifest
deleted: 4/e/26fd5e3ab0b371df3403de287bb5a0-2664.manifest
deleted: 2/6/efca4e8da7c9169eca40891ad03b7c-33375.manifest
deleted: 1/c/fa5e903bb6219f77b9ee718b835979-6281.manifest
deleted: 2/8/2f450b5b77db1586025e0924268a54-5180485.o
deleted: a/4/87c9f76ab75fc8bc91a2f99a536f00-4108812.o
deleted: 9/9/89113362334432bc29bebd46e79644-6871036.o
deleted: e/0/114aa282a10afcb3e6da472db2d33d-4725196.o
deleted: a/5/b1f5223c9e6c4fa2d1d340add8b7eb-4741884.o
deleted: 2/8/219558294e7e9da3a7dc6e5ed06d5f-37127.manifest
deleted: 2/b/7c8f938867ee078444bc9b3ea5a45a-4725068.o
deleted: c/e/bef0910185866215d166185e46901d-5314030.o
deleted: f/6/062a6881eec2c3671de317125127da-3939714.o
deleted: 5/b/ea067b135a83506027c6a43c86001b-4758834.o
deleted: 4/7/9b5cafccf5751fdae88fb6f02e0d7f-4727091.o
deleted: 0/d/4cd3089238ea831b68a110038b9eed-4846089.o
deleted: c/1/dff8a24d441e920641b53e2b25beb6-4701317.o
deleted: 9/6/57a340fe4792c4ecd4be57bbb0c31c-2538823.o
deleted: 1/0/ad1edcea66be463f32f91b06e1fdb9-4766930.o
deleted: 2/9/726dc7f865c6fe0d08e159520f5f0f-3860.manifest
deleted: 2/7/efb8fbd9041887c8096735576bee1c-21178.manifest
deleted: d/e/d1b0e69e1f56d254b4b1bbd50939a3-4877204.o
deleted: 9/f/07a185044b707e52a94c9a919361ae-4773349.o
deleted: 2/a/e114030770ba1b0d2d2eee9603e80a-3152901.o
deleted: 3/1/29efc2b0a09e604057eac8411c55a5-4698479.o
deleted: 2/b/f3614415837d95e603d38d71467540-7437585.o
deleted: c/0/6da7115458384b6d7cf84c0fb0c033-2686.manifest
deleted: f/a/f960227ccae5163a9356a0c65e548b-5781742.o
deleted: b/5/722ab7cf43bea7c339cc5d40d2ecdf-4765506.o
deleted: 2/2/45b5e500ce0651b69828df1d0401cb-2550495.o
deleted: e/a/b8b8eb654cd41d663e987505da1d83-4742147.o
deleted: a/6/ad38433dc3204454af54313a78c065-4726533.o
deleted: 1/e/c52969b5a8575d5f98de9e1e81b156-2747.manifest
deleted: c/1/576e0cd742ca0849cc9b9d0025e563-6987957.o
deleted: f/2/e7f6fb317e0e3be16ac3cfceada54f-16122.manifest
deleted: 4/6/953ee0986b2532872effa8e8f1ca72-4781772.o
deleted: b/0/b8e0049f7c7ec30ebb6b1595337a85-3148645.o
deleted: b/4/40a2bcfb8e637021d970b8cf7b91ff-3557.manifest
deleted: 3/6/ed93c209c653291652f7bbac2ee6a3-4765474.o
deleted: 5/1/975fdfc265007add3dd6b0b9941978-4733266.o
deleted: 0/5/a62e8c053aead35c2f448844baebb5-6472351.o
deleted: 1/a/8732c0a63a29b8ad827da865bc0897-33011.manifest
deleted: 5/6/b35bea087101093505ff4589110a8b-4723684.o
deleted: f/0/60dc95f5a1e1a69f0730e22dc5ce9c-5125773.o
deleted: f/4/d58e6d29a43207c9c5f12bd18b0ccf-4405.manifest
deleted: 3/8/dae84dd976a193aae893cc1fb2c52d-4446486.o
deleted: 4/5/08984fbf26762479f489d3bf9862d0-4670407.o
deleted: d/a/b4cb85970cd1c6b99e66b9706ef1e8-7743823.o
deleted: c/7/ebb6d9ea8f00ff5770626c4753bf12-4726876.o
deleted: 6/b/2c57432dec392cffd28de224b37c2b-4650204.o
deleted: 7/e/bfb2c5072968f4ef284e758c73cfc3-4725024.o
deleted: d/e/e6e281d40bf0744361a851be704f57-6348620.o
deleted: e/2/401df7b9256aa45f5f056416657c98-6490.manifest
deleted: e/8/3aa08092e171bf124d6fc80004fd8e-2087.manifest
deleted: 7/f/53f3b5d97622442dd9d17b50320ffa-4910528.o
deleted: c/c/0cdcea6a578b73db9c44696e5e8bc0-6479955.o
deleted: 2/f/0549eb19438c22a7c71b1985374781-5671141.o
deleted: c/0/caa3b14124754387377fe1246b3a17-5410389.o
deleted: 1/d/121cfe87c06e8e23181ae093d89aa0-4609.manifest
deleted: 5/6/79a828b73fbfcc981a8b59e1d4ee72-4794923.o
deleted: 4/5/f7368d87c253977e4f752d9931412c-4724780.o
deleted: a/5/3eae989821e11267aaf7286f6e582a-4729316.o
deleted: 5/8/67e7b7f539095472c271a3cc32c6ab-4726973.o
deleted: 8/8/f88cf2b2f45ef042bc064c0c35d427-4843307.o
deleted: b/5/93673c9b4622e98ccb792b67335fb4-4765352.o
deleted: 6/5/a9bceaec98914ddb7c2df7ca4dc7de-6576545.o
deleted: 5/3/17940519dd5a90f8c55635392e7e85-4725372.o
deleted: 5/3/995153456b8790ab17a34e898bca81-4825076.o
deleted: b/7/8684cca95cc0c21764a87b48b6e0db-2203.manifest
deleted: 2/e/f1a4e9e5ed8bae6746f49b544c38ac-4115819.o
deleted: 1/d/1f0241742660c7aedc0de721faa1d0-5528.manifest
deleted: 9/1/9cab5a0eb35a6a3cf91588c6ec436b-4942627.o
deleted: 8/4/4bb35704ce3804a15b58dc1b151bbf-6998623.o
deleted: c/e/09e31ab7fa3245f669468428eef630-4725125.o
deleted: b/b/15cc062e4b64d25874202e08a3b393-4724059.o
deleted: a/d/1717e0a2fb0333a5efdc843c6f3020-2353631.o
deleted: b/8/cb90f3244c731e83003784c8fed4cd-18954.manifest
deleted: 6/6/54b271aa2e0fe99350cf79fb5d20ea-4775528.o
deleted: 6/4/7b36c9f9a0745526e8b844b12ef21e-3079526.o
deleted: f/6/92526aa76dc36343fe9d6693ec4551-4772238.o
deleted: 4/e/53c09d239c47eb9bb176a81de4fc34-2600.manifest
deleted: 3/7/fd64ab88ed0d9c5229a6e1f6e5b204-4875320.o
deleted: f/f/18a1a8db0272dd91dd22a86fdb29a4-4733990.o
deleted: 2/7/3468c032594a6e7792c792447201ef-4039.manifest
deleted: f/c/86ffc010cc2ef6563b9fb55a73f23b-5017254.o
deleted: a/5/75ebb78ba0a645cd8e86d036111663-4812634.o
deleted: 0/7/85f6f4e6928321715785893c745820-4727371.o
deleted: 2/4/36cceeb5a80198f5e4c1c5642b12c5-67568.o
deleted: c/9/315591f290232194904ec11d35cc50-4729509.o
deleted: e/2/818c49ee5369a0e2a84c5cea027b25-6580.manifest
deleted: 4/7/76f3c77f3ff8a8dc5daa59d65814cf-2683953.o
deleted: 5/2/84a6ef1b2d480ceb016f6b869275cf-3028594.o
deleted: 2/5/0bf3f08978ddf9927cd3c0d4a1f219-9018.manifest
deleted: 2/0/d2fb49b0e9dfc7432e5444161cf206-3587.manifest
deleted: 5/3/ae01942795f720bfa907fb68563d5d-4724371.o
deleted: 7/b/4118178ee4954633967e891edb87e5-5166302.o
deleted: e/9/67b71d1b61e541addd1c30836e208f-5811.manifest
deleted: 1/8/6e810d39188b04b88509776812857f-5658.manifest
deleted: 1/a/fc6cf28ada8d7cbeea7ba70ff1fc39-1832282.o
deleted: b/2/c77602400863b84df42e30483283a9-4730690.o
deleted: 2/5/eef771ede352a60d8c8d4095b7e893-2831.manifest
deleted: 7/3/8dcaef58f6a171d86f511e2c804f3c-4980295.o
deleted: 1/e/b5fe5f00b97570e1a69925f491c2dc-3818.manifest
deleted: 2/6/585f7c92cb470c5647835f7b830fd0-5493786.o
deleted: 3/5/97a1ccbbfe21058de25258074589aa-4727979.o
deleted: 9/b/22cc8d180176061e19d1c4d0b753b5-4743175.o
deleted: b/8/f51cd0ea191f3d803bd5e160da2ac8-18341.manifest
deleted: 4/1/fc7eafc45fbcd9935bd997a4d5ddf8-3940325.o
deleted: 6/f/3a27cf600d9933bebf95c088df2cb1-17291.manifest
deleted: e/7/e45741c4183f334a80221df044f9dc-6986956.o
deleted: e/e/198f338faebf8002b4ef651a44303a-5947608.o
deleted: 7/f/ade5da15ed64a1a3515cc0bcaaa60f-6692777.o
deleted: 0/7/6b57e846a2f6f5c066c47e038b4293-4726402.o
deleted: a/0/8e662323ddb764955bb4fae47c45d7-4724709.o
deleted: 0/6/a23c4c8d6704e12793b0eb5770a318-4746353.o
deleted: 1/a/08d1c1969e4170e2844d10f2012959-3426.manifest
deleted: 1/f/d49a300c2b4ef73ca9aa230af7e870-5094860.o
deleted: b/6/5b86b42a4a48c5530f5624d5ee7f1b-4726675.o
deleted: 8/9/93c0544bf80be9ffc0a18bbeb49584-4752624.o
deleted: d/7/289b62c4751598957546b6fbb2f000-2209037.o
deleted: 1/8/af8a7e49f67977c486132a2ff81146-1832282.o
deleted: 1/9/b1d7fe37a242a75f1118b13a7aa3fa-2403.manifest
deleted: e/2/6d9e451839a5d5cdf06e9ee18125aa-5666469.o
deleted: e/7/866317dfd264c314b63af82a2281a1-4716458.o
deleted: 7/d/d3b06d1ff0faeaf657525a3edb7bef-4748541.o
deleted: 2/7/78b58567b1fb24ef2cef799e741913-2106186.o
deleted: 8/b/661a1475e4c901881298285218002e-6855746.o
deleted: 9/2/60a07eb538150480b86ca4b8f96f2e-4724999.o
deleted: 6/d/31cf3b8fa674416685b346ea045186-4731046.o
deleted: 5/6/f0c3ed8d45c4e945457f8540a1d472-5680160.o
deleted: 6/9/cd8b84ebfd09ab12e27a1d9531d1ce-4773522.o
deleted: c/0/8f11a93ab8ec8a92f6f3b6e2ff39d3-4778068.o
deleted: 2/9/42522b3dc38494a566245aca27b80f-5622.manifest
deleted: 6/8/aad41bd508ef3c71a054b4ff111237-4726817.o
deleted: 1/5/fc07baa7ea466c45da31350c871a22-5310640.o
deleted: 9/c/644a35cc21580bab797f2de3620ad0-1836.manifest
deleted: b/0/01bbc0567471b2fc838fccde4c8bbc-2226660.o
deleted: 0/a/86e4425724801b38799bef4d7bbd14-4840133.o
deleted: d/a/a1f82dd5a69900ff177d75ce9b4a58-4728016.o
deleted: e/e/31692148594bbe4f5d489a8e0aab3d-5251915.o
deleted: 9/7/dceead0e6e65c1f7d57615d6618097-4019155.o
deleted: 7/4/34b5ad83a2d268654b7e8a08190159-3364.manifest
deleted: 2/1/bc24bc4395ca0854e40b925322503b-11785.manifest
deleted: 3/c/994d3aaf18466c6e05212636c52cea-4833259.o
deleted: 5/3/6c73a1235fc8a140012de78db6bd4a-6904.manifest
deleted: 9/9/b8452dcf4b5364e96d9a20277d8b9b-2316.manifest
deleted: a/1/20c0d5f3e9c39847c9a6be44cb20b9-25626.manifest
deleted: c/a/7ef39514c6f8f2c62ca428233d1967-4715115.o
deleted: 8/6/df9b263fe769df6ac16fd6a66423c6-4859057.o
deleted: b/1/c87c086ae9e7d949a39461316cf533-4777334.o
deleted: 9/b/09dad44324b5f468aefd63634ea283-7905162.o
deleted: 6/4/ca3db1ed058110101d76432eaeae5b-2886898.o
deleted: 6/f/105ee24763f526da3bf15820b43cb8-4784243.o
deleted: e/1/dfb48784abc33aaafdbac34b2f5a20-6105.manifest
deleted: 9/6/442bde4c92fbac54bb80fae031ce2a-4729448.o
deleted: b/0/a91b6562ccddfb281b51f7fc4db5d5-4582.manifest
deleted: 2/a/8b378aeece9ad99089437c25b88c81-5678679.o
deleted: e/6/bd0045a824ac4bcebe330765a0d999-6564077.o
deleted: 1/3/2467f1c882d16467480786c5e13c20-2740170.o
deleted: 2/f/269c092c813b7aef8445cae57ab87d-4140934.o
deleted: b/3/10321db069d46e6c342bece3c2233a-4741892.o
deleted: 1/8/a29d32430bd0c1ab478e3c2f483ff3-9196.manifest
deleted: c/4/9a8fb18c449defb47da375cc9b84d9-4630105.o
deleted: a/e/cae7b35ba3c93e9584b9ab37ba75a9-4773902.o
deleted: e/c/1cecb8666559f590b6c76a4b40d0ac-4725910.o
deleted: f/2/d54b61967622e2ab815f28b694c0e8-4729418.o
deleted: 1/f/d409948ba993fbdae65c57690e58dc-4725871.o
deleted: b/9/5d5e45ff325caf42de049ce485e6f6-2176.manifest
deleted: 0/a/8d84c7609a65f5f29bbf8db63f822b-4774209.o
deleted: 8/8/01219de24acbd5618eaff0bfe2232f-6801982.o
deleted: 8/0/5b626562887a6b9ff8fa8765c7cca5-4850243.o
deleted: d/0/8622cff1efa22815704af9b050bc3d-4841952.o
deleted: 9/7/9ce279868e11089a5506ef979278ac-4292.manifest
deleted: b/7/2c2a215a251069f2f69f4de14d2972-7391028.o
deleted: b/0/eacabedd85acd06b3e871549a7dde1-3817262.o
deleted: 9/3/22526fd5a3fff1c9a32b1308ca12bc-5233194.o
deleted: c/b/6cead08af7af188cf209f0c5873775-4590601.o
deleted: b/1/e2d4a64ab099213f609740c22f63da-4725256.o
deleted: b/3/c6610ed37a7507c0320bfd72246015-3122941.o
deleted: 4/d/14b607a7922b02da887762f0977d9b-4728202.o
deleted: 6/2/3b24a29db7ab83cb0c972d727d7826-4833198.o
deleted: 2/4/04e9e52b8e796d34aaa9432e29b373-3155607.o
deleted: b/6/6187f16e6b81e29b916448b877d764-3904.manifest
deleted: 2/a/ac88cb4c3b94f5f439ec35cd4835f6-1829905.o
deleted: a/9/de924895fd1fb6652d7e0ad5619acd-4730294.o
deleted: e/c/20af996b1571dc889fcf2b6a94c0f9-2609.manifest
deleted: b/1/6ae65d267662a717c8772c166b9de6-32457.manifest
deleted: e/2/49a3e709738badb618ca10cc2235c5-33287.manifest
deleted: 4/b/e5ff7217a18d5a47d5ed2c6aa85866-4772201.o
deleted: a/4/063bef64bbc2167a30144f9225ecdc-4950962.o
deleted: 2/7/62133feec2d4049a5f3b5f54c53d71-2543.manifest
deleted: 5/f/d41a5db0e06a6220687de3e5fbe34b-4726882.o
deleted: e/6/05699c370df6a7ea0f8e80074626fa-6724.manifest
deleted: 3/d/b1d10fa723f95a5441e201b3e5dc2f-3127686.o
deleted: 0/3/3e96ff4527a36285445fd53e05e654-5125110.o
deleted: 9/c/1d53991b27cc7badb21c082ee0d077-6541828.o
deleted: b/4/a642d80c4b13a62baab16bf1f4b16f-2591376.o
deleted: 4/3/94e334158e04cd3b69d7d29f98de6c-4646882.o
deleted: 4/6/313179d197b6fe819c7a548e9c3c17-4734382.o
deleted: 6/0/d9a810d79eb41be6f5831898f4dd8f-6872791.o
deleted: 0/e/ab93e3d7ca39faeba375f5056b6836-4724940.o
deleted: 8/b/e591fd99e7b13359f9631dfb3e244a-4740496.o
deleted: 0/8/13d96789179cab8602a6fc1f005417-4674040.o
deleted: f/f/709ccfd86781b29874f04f73c6e0c0-2445.manifest
deleted: 2/2/09552420a07709b691365b1d14734e-15066.manifest
deleted: 9/c/1c03696b5ceffe9e52095711bae02b-2126.manifest
deleted: 1/8/0a97f77125f9cb117f7b253970d254-6873944.o
deleted: 3/d/b254f23bd809f1187946e1011e8a6f-4901146.o
deleted: 7/3/ceab4bd8a0b962d5978e1021a4f923-5147370.o
deleted: 5/8/4b8856079359c829193dbe4363e78a-3978253.o
deleted: 1/0/999b8c90498b1569f5a4796f3e1383-4771517.o
deleted: e/2/12c7a59a3d001e6237f44f94f386e5-5367252.o
deleted: 5/d/e91d5e486a701f7bf64e9d5367fa8d-4742590.o
deleted: 1/9/324c3b8e7feea495176d34262bffa7-4731076.o
deleted: 0/8/b2b4678f3e2f39b39ab62ca6514d77-4880059.o
deleted: 9/0/c1b25f048177c770f2f50325c0e194-4705523.o
deleted: d/8/7721edfcf3a5cd4daee4c754f19e3f-4725660.o
deleted: 2/c/ba011e23f02efc84aaafc9dfe7ef13-4786703.o
deleted: e/5/1d8e261bd3e3cd2004d1d60c50364b-5232113.o
deleted: 0/0/939c96b2a61c949735f5b6599fc4ce-1832282.o
deleted: 8/f/e94501d26c897bc5f5274aac0c2553-5131800.o
ccache cache size is 170Mb.
Uploading cache ccache...