SHA for cache folders (/tmp/ccache_dir) is '06ff10cc81498a8985beb5380f15eede6561973db6b0e52ea724e2461f5095c8'
Cache ccache has changed!
List of changes for cache folders (/tmp/ccache_dir):
modified: 1/4/4dc15e46a1a7e838301980f4d5c096-2081.manifest
modified: b/9/08a52f954d99e6cf449b86501039fe-3408.manifest
modified: c/1/277054682c1a53b59b61547d7b8039-2927.manifest
modified: 5/d/c5e25f1f952cb275e73d42cfa565b1-4581.manifest
modified: d/f/cd4c841b05c0d5a8cb10e9a991f3ff-11345.manifest
created: 9/5/70075630c165f9b4ae7978dc0e99ce-4375170.o
modified: 6/2/c83f2a582a403ed755b3ba4ce671b9-2412.manifest
created: 8/1/62db87341839ae2cc6891c867ccbba-2938316.o
created: a/e/abc0b9132a3fc01f77c95ca1455924-2961012.o
modified: 0/5/e2da4f759d15cb81d8a5a53d45e951-5242.manifest
modified: 4/a/628acceb7346fdba4b0566d8e96577-3319.manifest
modified: d/6/3f201daabc3592049dc2559d1b4d23-5009.manifest
modified: 3/3/127123bd6627d6dfd9f00bdb110c5e-2932.manifest
created: 7/8/e026bb7a4ed1c0c1911e25171320f6-4330110.o
created: 2/8/188358740f13e8b598778dd257f84c-2610334.o
modified: 2/b/2a4975ac81370311d5693fcaa7c8d1-21037.manifest
modified: 1/d/07c60daaa8d8895b8a379cf821aa33-26914.manifest
modified: d/d/ce3bedce040a2889f93d9eb5587c70-4963.manifest
created: 3/d/a237a3a0808e283c0cf08d6ecb70b4-4387892.o
modified: 5/7/21e8909bc431683002b024dd32d527-2928.manifest
created: 0/9/d16322439a239439eafa09f83c0e77-4328384.o
modified: c/e/0de56065c0744d77c91220d8b5bb95-4945.manifest
created: 2/6/c967baa9b28e51cbcca1a457ae06b0-4327378.o
created: 3/d/5e8881a26e426bc61fd5b8d0cc19d7-4798524.o
modified: 8/8/d49f8bf6cead81ba93e3c14741b488-5957.manifest
created: 5/5/93d8139753381656ea802121bacc60-4727464.o
modified: 9/4/e9ad3caa4d2f3d89c042fc7b4bb2bf-10354.manifest
created: 1/2/026d7611215e6316ca7e80193d6a31-5953.manifest
modified: c/1/ac4faecd9a66ceff5359020afc489e-7672.manifest
modified: 3/0/1ed7546ddb16757b549f563146aa9f-2719.manifest
created: a/e/8914c6bf58766f4177e0be188fbe9b-5793389.o
modified: 4/a/74f45e29ad40cc5fd5e3086961868b-6089.manifest
created: 9/5/31c97a18ad1914e7834ba1b988b206-2807314.o
created: 0/f/a2373cbe8edcec1de85efdf2ce1327-4328274.o
created: 8/d/29e8ab89e0dd5e3cf6618be9f6d665-4805558.o
created: c/1/30de52cb36e7f184c7bf3b1dedb1b2-4389904.o
modified: b/2/a3fb715d617304a251bde64ced15d7-6600.manifest
created: 2/8/815b8af7ca0ed57330d3fa7562552b-4376754.o
modified: 4/9/c458f1a64c7c281198f994cc74e857-39227.manifest
modified: 2/e/8317e4ddaa24e95361e3919d70c5e2-3785.manifest
modified: 4/4/0db4899346db00282123a84344200d-18587.manifest
modified: 0/5/87424edff0921b185ff7409de88117-2406.manifest
modified: b/9/61fa4b3b6506e44ac5689e418dd1d3-32708.manifest
modified: 2/c/03695a76ddbfde9ece5ad04f60df23-2278.manifest
created: c/8/6ea84b153ab6f46732d9b584fe1e5e-2499716.o
modified: 4/6/4b833b73d6ae731d242420e79ebdea-5847.manifest
modified: 5/f/53cd1c7e5ee2ec4a6e7727fe1d86b5-4805.manifest
created: c/5/1e5a41bb99946c63b52d3fe7679639-4857372.o
created: b/7/0da7baaa37f02b7a5d328a1fb546f7-4327599.o
created: c/9/11862e0697548bb7cef9212b003e83-3089672.o
modified: f/stats
modified: 8/7/ecc6b94722a477711d4ba89fa8588a-9391.manifest
modified: f/9/45e923d6f80dfa65f19c4aa5de1785-9268.manifest
created: 0/9/7a048bef5824246504f9d1645f6aa3-4773570.o
created: f/9/db97ad1d691432e80e2062ff02ceea-2766992.o
created: 5/3/5135af41b841f7e9d14eedf7687820-4334529.o
created: 6/d/9faa305f0a52f819537a89c7a2bcbf-4722452.o
modified: c/5/7c7f48edf39d740d45ab8da4837bc3-6398.manifest
created: 2/1/b72b17c2b0051df501980b97ebc258-4328345.o
created: 1/4/7d4b335b783a4fb0114ca0d4db600d-4327461.o
modified: 0/4/22144699bf12f566f55acd9b42de9b-2987.manifest
created: 4/5/afdf7be51801813871ce042c006967-4500312.o
modified: a/3/7ad44b2829d096343f970e02285bed-4268.manifest
created: 2/4/0e1327a17b6174f302cf8853eeb283-4457002.o
modified: e/f/e2dd1ceb6c8c2e0194725fbca6d137-12723.manifest
modified: 4/5/a9536ecfc0c54a7011d4ec82566e28-15724.manifest
created: f/a/47bde4ab93480e5427e7b2f28d6e74-2884320.o
created: 0/b/1210c4d9823d00eeea7d2a35a89d01-4715409.o
modified: 3/7/c07d1f556f5690f0c8ebc65c6e1f14-2926.manifest
modified: 6/3/34d3473482f87ec83b4a43ad3b9522-5096.manifest
created: 7/4/21775f5b04bc74d28348a26a1f6ea4-2372545.o
modified: 3/e/7a426bf0ff8c9cb479860bcc448dfb-7077.manifest
modified: 9/3/37916000a8c75e0882843f7edab986-13103.manifest
modified: 3/5/268da416889a099d48cbfcde755b0a-16482.manifest
modified: d/4/b30dcf5c15f3ec2c1e721384a0f30d-2532.manifest
modified: d/6/35c0710eb276456dd19244f6f8aef6-18523.manifest
modified: 1/b/a252fa5c2d86c23c6a1ea3f71e489e-3317.manifest
modified: 5/b/c6d4ecff6c99dd12e2084f22ab3977-1949.manifest
created: c/6/99c782e77e7ef68cb265f97918e8cb-2494401.o
modified: 9/5/ccfad5252aa5f23a46e6063be6bb4b-1688.manifest
created: e/e/4a8780661bd8116b3db87a6ec4a354-2778406.o
created: 1/e/7c2f4c9f3a6a60b0cd600f712e38d9-6648798.o
modified: d/3/4ab111eb2879af0c797c592cb50a6e-11905.manifest
modified: b/d/3c55ed816cdba9c890780030a71cd2-7726.manifest
modified: 9/d/5b059c48945d25abdcc3575a96542c-3417.manifest
created: f/2/510278f87ae7cc6a161b1056d5039d-4366428.o
created: 2/f/614bdaf022b3e2528d2e403e2ed5bd-2879432.o
modified: f/c/6719a806e04f773e41d093dc0ae389-15495.manifest
modified: 6/2/b31d982bb9d5743c243fdaa6d53b62-2338.manifest
modified: 2/5/0c930819bbb6b8db086ee6b7fd66dc-30898.manifest
created: 8/c/96775e63e8bdd9b537db97cc83c051-2414802.o
modified: b/d/0494176a6f33d4a0ffec66700fcdf3-5423.manifest
modified: 5/1/758bd87a8052096f354c1bb6391fbd-16016.manifest
created: a/b/332ca97c4c779b4f7865cc87d45d1a-2678833.o
modified: 6/f/577bc45ff9db4b5d1b5220c27d5659-15725.manifest
modified: 8/8/cb8885d24ce7e81b2d8dec4720ceaa-2480.manifest
created: d/b/a309a046aa4e8a114d0e4f08011f96-3998957.o
modified: 6/2/78668f3dd1efb2ccde8e2a5431934d-7490.manifest
modified: 1/e/722c2e97a57c08cc953e04f77f27b7-13203.manifest
created: b/f/058a1b533c82d91bab629124926c5b-4589439.o
modified: 1/3/eec3ff0a0b71c6acda2f1a14c624ad-47023.manifest
created: 7/d/7fff1b098adcfff899fcf14fbbc7fa-4905398.o
modified: 0/c/4cc2bbb25243c35451317001695ae8-2689.manifest
modified: 8/2/e7de719b25c1d0aa746becc01365f0-87419.manifest
created: f/d/1c39f8f16ce227182de0fe444dd69d-4323715.o
created: 4/a/116005009c3a4c468985c77077c71e-3265608.o
created: 2/9/82355a609837c2b6b7b50a7e901c20-2239735.o
modified: 2/7/cdc9c06d5cf5f10f7817fc17ff9b21-34338.manifest
modified: 3/5/ccb68a717481a5b0f6a69e5acf9bb9-2641.manifest
modified: 8/8/7122d830f01d9c62ea196adeab20cc-4448.manifest
created: 3/9/48b8a02a440ab704f0038ab0d10636-4731644.o
created: 1/d/1ac1883a0919be52218d056465c1cb-4328711.o
modified: 6/0/bf8cc2d2d8a13fe3f372e19a3079da-8244.manifest
modified: 4/4/c4d7c3c73b966a34666449acb1d5df-14553.manifest
created: 5/9/c3baf2f0b08205d53b736ff57281e9-4268975.o
created: 6/f/dc3c5afdb475f24bf81b276f6f09b8-3502249.o
created: b/3/c25091c08e0fe0e8e2169aeb3ffcba-4475444.o
created: 1/d/ce2b812f3541221592b8ee9d81701d-2787873.o
created: 8/d/06b96e79bc53cb6e21293d78058717-2731505.o
created: c/7/e76910284fc5843d50c53ba212c704-2602387.o
modified: 4/f/53b72c8ce9545168d5d7a38cdc9bc4-5442.manifest
modified: 5/5/678195af2e3d4b63358a5191c4b9f2-13949.manifest
modified: 9/d/ef05191df8ff57465b7d06f2173c65-6279.manifest
modified: b/5/523f7ad2adc4f73b5e63a56fcda662-3590.manifest
created: 4/4/f5346b0dd9b236ada1feff22d1444c-5075608.o
modified: 1/e/f598022f4fbcd57f31a95bdc6ec61f-19515.manifest
modified: 3/9/7247095706a730311ddd76cfb5361e-17145.manifest
created: 1/b/1bf1d2cc175edba526df79bec14a22-4461252.o
modified: 7/a/f83104e767f76cb3554debfc126680-9369.manifest
created: a/4/3a536911e213977088711fc1afe642-4382186.o
created: a/5/867b61c973926cf81c94f91ccee9cd-2720837.o
modified: 1/c/a36be2ed6e4dd9b44d68231600f416-2490.manifest
modified: 8/b/33705c088bf52e89bde5062b016f30-5348.manifest
created: f/8/9f2a685cbca484ec80407d659a3f91-4340310.o
modified: d/f/ce393d4f5dc1b51fc9709586a96b79-1434.manifest
created: b/c/aeea4090ad5e839bee2ff6cae85f45-4397424.o
created: 1/0/052cd61a3e33f84372f6f587f2013c-2323074.o
created: 4/2/73c72f86e1448b609ea564b80c92ab-4353165.o
modified: 3/7/80d60c1c0eb499dfd82e7e65d4cca4-6401.manifest
created: 2/6/c29415969887b24510b66c2c285147-4337577.o
modified: 5/6/31a17718938d75a0ea331fa787d06c-35773.manifest
created: 9/5/a8ac9a56672e9186d8f5eb623bd2f5-4328432.o
modified: a/c/0a6e60c170652338e282461226a277-2017.manifest
created: d/7/af16da927f3975076286c9e63925e3-2998174.o
modified: 7/4/43a2a8b2982af49523ad19a8f6c185-10078.manifest
modified: f/f/927da2e2dbe495912637a824de27d5-5577.manifest
modified: 0/3/73d8277e8eb85d4776e588cece7e69-19858.manifest
modified: 3/6/97fa91265e110068bda134fe68e30f-17774.manifest
modified: b/1/4626aaf9db92fb119467fea0e46bd0-102925.manifest
modified: 6/d/131ea6d9246a279798250fca4cde50-2158.manifest
modified: 3/6/c5f93dd6d5c6362d2368ae27be17eb-13827.manifest
created: 9/b/a9c84031c1f81203ae84d770c1ed4a-4097990.o
modified: b/b/8396bf9cfbaff9c1ad59261a472344-1804.manifest
created: 0/6/df85ddf68309513d51409526f819a3-3397801.o
modified: 6/3/ceb6237d04d88a8559166f5682470f-15781.manifest
modified: 8/stats
modified: f/4/96089ccfb367d08ef91457230bec95-6955.manifest
modified: 1/a/6a6695d7497039f02804ed6955c888-13627.manifest
created: 9/c/b4faeb2468387592ac85f918b2f71b-5111670.o
created: a/2/48306f35de664f63fbad665c261a57-2922667.o
modified: c/b/07e9c42974d2c9527b5f31c1aea957-9954.manifest
created: 0/2/042d1b8b9eb08c2809c830f2f2227a-4700779.o
modified: 4/8/b885e395f972fd2f95bc199e9eb59a-4581.manifest
created: c/d/0a07449a61662a5bf1b0baebcbb8d9-4162960.o
created: f/0/6b8069394e9d444ad7acaf9277408d-4350537.o
modified: f/4/383ea4eb1a3a00fe7450c47ef88d4c-3158.manifest
modified: 6/e/68667081d285db6d04d28e150e6271-50179.manifest
created: 2/1/23e83686ca8a541c8e80df8f91d213-2818558.o
created: c/8/7ff8e25b36669cbafa336bae492122-2430389.o
modified: f/1/5c24749d6b63c86b78b4ad5f9a14bc-33005.manifest
created: 9/8/bc553f890cd34d1144df998c68f4ff-4268987.o
created: b/d/ef1384a926327b81bf4c928b1c5980-4334282.o
modified: 9/6/78e02925d7d70d9900ef8ef50b7c18-6591.manifest
modified: c/4/f09f6a98f1fbbda3f5c5872f225050-15950.manifest
created: 8/9/7da57bc240cf6d45a608a41ec6222a-4459267.o
created: 4/2/9889c891ba070411ec0b9ac93d9467-5567881.o
modified: 1/4/90a507d5b9f93700ef5587e8f90c56-3961.manifest
modified: d/7/5eae86bc4dc42ed8841c8a3ff86756-12319.manifest
created: 1/1/866d2b5c162057b0775012ad43af03-4329920.o
created: d/c/dec787bb928594fdc5f39eabf8244e-4355339.o
created: 2/2/c9b4d9c6b0e5a1ce6e95daeadcb136-2439934.o
modified: a/d/d16f3fc586f87e810933c31016153b-3972.manifest
created: 3/4/66f819cdf3f9daab6e22b651d349e9-2820009.o
created: 0/b/776090c910cdc46870e4c9d08f6168-2831805.o
modified: a/6/ed425b4d103c7ba59a97e4765e255f-12380.manifest
created: 2/1/88adc716dfca81e01960bbeb48ebae-2548092.o
created: 7/e/559162f1de6fce6a53b8a69c5408e5-4455583.o
modified: 9/6/0845c7159eb0cf42f115388bef5f02-3518.manifest
created: 0/6/763b106d373f119adae0939e3b8e90-24503.manifest
created: e/0/dc877f9c27bed0e7934729e4d1323b-4842927.o
created: 6/f/256c82901e5bd65566d984446dea7a-2421630.o
modified: f/3/9ab8c7e496d7ba8c6dbc96217eef9e-7229.manifest
modified: f/a/b2f25c80f1e047696bc9fc5a102bab-2365.manifest
created: 7/5/765aa110a041ecb2377e3678ab633d-2230339.o
created: e/c/755d53a7aa67dec518e00c29228093-4864811.o
modified: e/c/d952f7ea84d7b922b4882df09cac7b-3411.manifest
modified: 7/6/2624cd90e54bff9a07fa1c0783bc5f-1859.manifest
modified: 9/f/48a4e6b3900ce0db046c69d22f5886-9469.manifest
created: d/3/e2e26f328532339539702f5d8c5e51-4758938.o
created: e/6/60d25c84e7ccb5d992b0e2bbfcd01c-4489149.o
created: 0/f/ed2b03ee12ab15e76630db6fd8cf40-4330282.o
created: 4/f/79d9ffd7f02c4733c542b17f872209-2239767.o
modified: a/5/e2304456315c7c44b3f79a12a5d75b-15907.manifest
created: 3/c/e28161cffcb6bcb061d0d020bdec38-4835637.o
created: 9/b/985b04e2c4343a9ce2ad4a9bc0a7f3-2500339.o
modified: 1/1/ff09a3baf81b2eeab5045dfd29a8af-2664.manifest
modified: 2/5/54ada05cb4d4b095cc53fbf893f1f6-3806.manifest
created: d/3/f736fb858934a64a2d53818754bc49-4414353.o
modified: 4/7/5bad659c665919a6333fa94fce83f2-3013.manifest
created: d/f/3dd01f2b30f05e0f160fbbf0fd9bcd-4362523.o
created: 0/f/c66b18a3d3741cc59e84e83e99475a-4708706.o
modified: 6/b/eec38e0092fa4e9393e3aeb19661e5-2702.manifest
created: 1/a/4bb182e2d9ddd1b38ec8eefb03e5db-4748199.o
created: 2/3/0c7db901897f05cbc770cc0db3acd7-4327287.o
modified: 2/stats
modified: 5/0/b17ec54d03367fe21fa000ced73175-3519.manifest
created: 7/4/ab6fc26ff07f3630fb2639ede22288-6648766.o
modified: 5/6/3a71298c93a2c9aa4fd69831685de5-32948.manifest
modified: a/0/a10e968d35f57e6a0c8cadbb596688-10852.manifest
modified: e/0/719257e05626d3ee34c316edcbec9d-15895.manifest
created: e/6/2118d53764b40440a4e57ce9fd99f4-4387162.o
created: 1/b/bbe62e6c9b757b577ea2333b570990-4373479.o
modified: a/5/083e1533a3c679508c60089870b68e-25871.manifest
modified: b/a/3f60bce1be096e808ca2c96cedc484-2279.manifest
modified: f/7/e4e4d5144c96b0184dea48a87d6425-1920.manifest
created: f/b/bfa716ec5589a7404fb456d679f477-3596831.o
created: 6/6/a94067a5eeae72000ae213e40796fe-2965452.o
created: c/8/e8782a76a4004c4819f667f90bea59-4332695.o
created: 2/1/c5ad6bc730cb0bc3bb7eba600643ac-2264752.o
created: d/4/fb9db771556ff3524605b842c97480-2763128.o
created: f/8/f73014d63df268d88051ba2b719011-4328485.o
created: 5/e/203fbe6c9da11e9eef222358f26c5b-4205.manifest
modified: a/stats
modified: d/6/044ab666a7df594a5b60dcfe245c4b-2153.manifest
created: 5/8/212378a146301c37fb3db0039014db-4390510.o
created: 4/5/fd162a11e9b9ddf14656885657ee71-2879352.o
modified: 7/stats
modified: 5/0/9a1a6895689826fcd2b49c7221c93e-2051.manifest
modified: 9/3/7b009a5aa870f35183bb95b0953a9b-1489.manifest
created: b/c/397cf95dfd5b8baa718fb11802dd37-2984101.o
modified: c/f/97ea547edb88ee1673fdfa48c7239d-3359.manifest
created: d/d/713e466f9e004e19790dea2a25fead-6167207.o
modified: a/d/8207a56077a2675bba367f9e8735a3-8563.manifest
modified: e/5/080d0f5487f263e946dfa09c31e423-4736.manifest
modified: e/8/c03d413cb9d361530ef3d5a88e51f8-4280.manifest
created: d/d/9f009d66869aec0d682f0606d34622-4331240.o
created: 8/f/221feee57c014073e9fae7552efbcb-2408108.o
created: c/b/46bab5b634fc1d6ba0b3aa5ec45a02-3002169.o
modified: e/9/e28319f07fb31a20dbad7378e2fcea-6731.manifest
created: a/c/da8aa9a4903ab66ac5cff91dcefc1e-4900333.o
modified: 1/3/9c168dd452d9306cabe4fbefef36e3-8609.manifest
modified: 7/c/0d0f6d37350d3fdb45976abcaea52d-45415.manifest
created: 6/8/fe4c6d8c39b56fd4705ab12dbaafb9-2746967.o
created: 5/3/3ea7c00370182b2a22ec5a8a31bfe0-2860304.o
modified: 7/b/a727ffe78bde3b682053aea2699b79-116158.manifest
modified: a/4/0834a536bf2a198abc4c22ceff7957-2790.manifest
modified: 4/0/2021ad59149b8620463bdf0a16462c-5236.manifest
modified: 4/1/73fb465b8c1ae8f819a044f0326c1f-11482.manifest
created: b/3/16554b9603dc1784e5e7cbd4030d8b-2491878.o
created: d/c/ca233dd1a0598ab98cc649e64c60c5-4894356.o
modified: 1/5/4cb9092aae9dc4c86f809ea4844d75-12137.manifest
modified: 5/b/d62d45b9e237b9a3d8f0a3cccfec0b-8659.manifest
created: 5/9/962e893b51e589a7b8873ae95cdc73-6320390.o
created: d/e/758cac1a79947cfd41d457e81b51d7-3138753.o
modified: a/9/1430eb101c0c25b95b6913cf2bdb1f-8495.manifest
created: d/5/b934ec4d7f47735a08f557c2fb7bd8-4337747.o
created: 5/8/b667b56ebb32af8ad5f8fc3fccbcfd-4358999.o
modified: f/c/b9f83c8d69b983dff9505b81039af0-28136.manifest
created: 1/4/95efa67e585a5b10c0febbb82fefe4-1780965.o
modified: f/b/3fc9e5aede92e7bcda03aaa9fc59ff-3138.manifest
created: e/a/9880d29191a7262a80f17414e1a220-2104791.o
created: 7/6/d0b6fd9c1a21bc278da1a0afa5077b-2818620.o
modified: 2/b/6935d2b66d9b8611d89e4399d7ec1f-2596.manifest
created: c/8/6aec3e28cfe934bb0bf5d0ff32f229-4389348.o
created: f/7/51a7f3f2695543fb6468ed976e22d4-4422749.o
created: 0/4/8c5709088dee7ca1e86a0fe665dcb9-4411140.o
created: a/2/84b26438b71dd1fa7578d172d40670-1947871.o
modified: c/6/8d92c0bdde99b322d4a6cf97668099-60973.manifest
modified: 4/b/e8b913ba2bad2c31ebd5d9edec2d99-9185.manifest
created: 2/a/e886b6e873d47cb6115fa01bb70587-5385706.o
modified: f/9/c0d1872588a0ece644d2eabb2dcb2f-11455.manifest
created: 1/a/10447187ba91250399310091523ae1-6102260.o
modified: 4/8/8207aeb24b2501ce254bf1fa17fa09-2137.manifest
modified: 7/0/fbc9df4e6c50e81c3d0671813cb668-2960.manifest
created: 9/9/0d0d06d131d112fa5b71d6e4183415-4915592.o
created: 2/6/8f35c34996394083bba5c6c340744b-6098574.o
modified: 9/d/d76b90ac96bbb33da66bc892c67684-2046.manifest
modified: 8/b/a9e2f5529dc8d210eac072fa858d13-2402.manifest
modified: 8/3/6f4156c3805582dd0ff35636fb5232-2989.manifest
created: 9/1/7bfd01628ed969dc20e49823c932d0-4707597.o
modified: 1/f/d6c6c9662e8f50066deeeb06004106-4791.manifest
created: f/b/6c67a4539a8a64f7d4e23d78e46b4e-4330207.o
modified: 5/6/784a2cfc86bbb2f5a0c617b932e2d7-3729.manifest
created: e/7/e321f8b54581d11c634b2f5505f531-4849036.o
created: 8/d/fd628019677e99463243231c155998-4394706.o
modified: 0/9/abf8e12774ba29ce717577ec844c6a-4868.manifest
created: 3/9/4fc874af6a2636ef5598b085c1c82a-2807481.o
created: e/0/f2751868f1a25f5d88f489142eaba9-4715407.o
created: 9/c/11d60b22b9065265581dfc04add508-3044806.o
modified: 9/e/3ccd84a1e204ef81841f802f8acb99-4055.manifest
created: 2/1/7cb07537f3bcd94a22fa8f468f77c7-4329196.o
modified: 2/1/f05d9d55c183f146b1bb0c1585a99a-15753.manifest
created: 7/6/bfc9f584c355fab59833db9ffe8ee6-3138872.o
modified: d/a/424f65cfc8fee971e3aa438e028f8d-1842.manifest
modified: 8/3/b218aa1890b55e50bb303d12e244a2-11701.manifest
modified: 2/3/b7958437020efe9db40144ba48abde-2322.manifest
created: 6/5/a0a0fbb2dacdfa640a5cc9e240eb5a-4330632.o
created: 7/e/72b70329c6c5d328ff27eae44e9593-2380135.o
modified: b/3/f7bff70be5b334a76901e9dc799676-5318.manifest
created: 0/8/aac85f775dfc62339b39e0ce1748e7-4744888.o
modified: d/a/0d029633934779940f786436f62f1a-5914.manifest
created: 8/f/1962d698c17d1cba8a83483c19dd4f-4387649.o
created: 6/c/8c9547ef8326c2b3ea5bf9ce57ae02-4801661.o
modified: e/0/695dc8779d6a1cb20d438de4e6c23b-19654.manifest
modified: a/2/b4fd09bf32cb844aeec94ae38b76b9-4470.manifest
modified: 6/6/7146d520e63a24881fe89e32790078-30157.manifest
modified: 2/5/5bcf49e1e68c67705acd69cdbb5d87-34150.manifest
modified: 9/7/8845bbaea612f3fbc4ae3a69b2e965-8509.manifest
modified: 4/4/dda9a2b75179c6316b3ba734a326c2-1759.manifest
created: 7/2/9101b762df6ebb4cf59f221ae33a4d-2807326.o
created: f/0/e0c4de6a1711447f33f960758c2e59-2500307.o
created: 5/6/7afc13814ee4df4d14c0aeba34c78a-4417648.o
created: 8/3/3dee75f4f3085179aff5c47cbd8569-4388193.o
created: c/8/7789e1c350ee5eccd97ed4daeb6443-4624395.o
created: 2/9/55b8f938accec4b21c50c65b3e6565-2907676.o
created: b/7/a8c97b41f0c9ff5b0a6b7ff1a24a73-4722750.o
modified: 4/b/678e71c96c235782ce6740e46a4429-5000.manifest
modified: f/c/e466923d04140247ddb145df9351f7-39172.manifest
created: f/5/77f0b26bc4d6568c44dbd4fe5f7809-4844318.o
modified: 2/3/e8d75d1817a185dc8582444595247c-12928.manifest
created: 7/7/0f3ad5ad5618c6258d743953e6900e-4332544.o
created: b/3/6b2165d459e4aed6161f41c3b8bbd0-4833671.o
modified: 5/b/bb3910e27a7671c3b6662679aa679b-18509.manifest
created: c/5/fa5ee027d732d310d97ee85c1ff994-5662555.o
created: 9/3/97c50601692eefec4317e7adacfb42-4834691.o
modified: 5/7/8f25b96f57c621ff968a369f924180-2118.manifest
created: 3/5/8367dc95ee935fa63a6071947e7d0a-4931850.o
created: 9/3/a5bff5bf08a576ca47bb04a3032a48-4328567.o
modified: 2/5/6097869f0bf1a56db0fa909d879012-1681.manifest
created: 6/e/7de267da77acbf533603346948cf36-2148098.o
created: f/0/dd19b489d32cf7a644381b9c8059c6-4871276.o
modified: 6/1/7fad85910ae43421c8375564691d48-1720.manifest
created: 5/0/8444abd86c76337c7eca8d6b154f82-4578670.o
created: 9/7/c74e66223fbf9bdf9ce534e84a1ade-4749179.o
created: a/8/b87f689a2121071cc28398da51add2-4450434.o
modified: 5/6/e394d4bfab7303b325341556a0156c-6527.manifest
created: 6/f/387a22f10fc0acfa5fdb6356520a9c-4744016.o
created: c/2/8872a74c9142fe319812165f6eda56-3026884.o
created: 6/c/c867286baee7c832aacb15c4f87899-4328576.o
modified: 4/1/fba7b80812f5c00c500a467678829c-6446.manifest
created: 2/b/4fc02ea5baa7257002cb7805db54ba-4402834.o
modified: 8/2/65487fb6e7ae2d158886d33ba2526d-9764.manifest
modified: f/6/bd52a9c584075952285115b3261941-2792.manifest
modified: 5/a/542fdf480185116c6a6c9010ad92f1-10548.manifest
created: d/1/4b5f6c949acac6fd3e2ecd8ff7a43f-4380654.o
modified: b/4/998838eb4a3e36ed55da811b53bda5-7889.manifest
created: d/4/c75a9da4ab3e316338c7f823f7b1b6-4839830.o
modified: 0/0/7be9bd6d973b8fbf88cc0d8b46ba60-11339.manifest
created: a/9/6b561e00b960dcb834334b1a22948a-7882.manifest
modified: e/d/9da3ae8146a851f6bd64eb22c759b6-6911.manifest
created: 7/0/74d07a0f51af2328bdefe81222d9d2-4369884.o
created: 7/e/886a70ca7bcc6104b40afa7b38311b-4824148.o
modified: 8/2/45f125fc5f4dfa7997b57b99b2787d-3097.manifest
created: 5/1/820ee6914b7a4fda157719066e5281-4979617.o
created: 7/1/e31375bb06e9b51d0a2fc8210c5f4e-4735822.o
created: d/0/6d40b890d6038315eecc5ebf4707a6-4346392.o
modified: 8/e/8d40da8bbba80d92d64c1b28a679b8-2374.manifest
created: d/f/74db7c3e823e4395ce561f96d3c006-4327935.o
modified: e/3/38c446f11765859381427b133507e8-107025.manifest
created: 6/5/21fcbc400d1bfd6b7bd94c8742d1f3-2148110.o
modified: 2/d/f0c3174c5cf4765ea4d1fb14c3c891-2659.manifest
created: 0/f/d3828c7e8be5dcffd29c1adef39098-4091007.o
created: 2/e/d7c8e28f0a370a9b5a057651145320-2417082.o
created: 6/d/951ec6a9cb7e53f3ae022861d507a6-4797320.o
modified: b/e/6d8f16829399c8d639da5666ec4795-4355.manifest
modified: e/9/5f7b2642953fffa801a686260dd26f-7447.manifest
modified: c/8/e2591fc7106e83fc19acb789bee348-3923.manifest
modified: 0/b/07e2d7148884e1e5e82adf3428a58e-7418.manifest
created: c/1/c29b96e2bb57e68842647884e68075-4896605.o
modified: 8/d/46317f5931ec4c44091934e2834633-10257.manifest
modified: 6/e/3fc07aac979ccdc89e0fda998313f9-6455.manifest
modified: 6/a/b5ca4215f8cfcd15a8641f4311886b-48801.manifest
modified: c/e/ada3ea56fe1e404c60ed524699d33c-1836.manifest
modified: 2/5/5a2bd2d9325feaaa6c55da7a6784ea-11783.manifest
created: 5/1/7e0cc279da1f5473e37c1bb8d5b659-4328947.o
modified: 2/a/3f048a9a1dee09252911eeca4a7d28-9353.manifest
created: d/0/e1cd7337c4e96097430faa7b51ab50-2502027.o
modified: 2/f/0ce243eba556b07301e7fbff65aa63-4827.manifest
created: 4/0/ef35180302dc2f571344e871915494-2097656.o
modified: 0/2/7582ad5cbf3cef35c0d5e1d0454d0f-13343.manifest
modified: 0/f/bd69d078227d3e286b5323ba53ce08-11266.manifest
created: 3/a/8234eb35bc0836d4fcb834c8e2efb1-4388181.o
modified: 4/3/5a032b076801e59b1f96f3906ac3e5-2653.manifest
modified: 8/8/39d493ba37ab8143e8261c37ea769a-4405.manifest
modified: c/5/dbd6ddcc2cdec8f18b926344819fe3-9070.manifest
created: 1/f/fe2ed5496a3872d8870d8aba21b51c-4448533.o
modified: e/b/286080b15d3f6a878472ee28d68239-38249.manifest
modified: 0/4/bfb773a0659df8177c666c62322d6d-49485.manifest
created: 0/7/1dc1de7e0014f7ae1b832a2024de14-261398.manifest
created: 0/b/a2a8b88764fb1e3c42869054cf39cd-2930243.o
modified: 6/4/8b2e51267395243090e4b42c0c92bb-8889.manifest
modified: d/d/0b21cebccf83fd9b0ccf385d6295ae-2894.manifest
created: 5/1/319270bd98fca0f40fe20d2b734f76-4401433.o
created: b/5/26bcef69366b6ef2a89b8c08420a2b-2422610.o
modified: f/3/9e0fe7434cde013da6cc3d0b2e3133-3637.manifest
modified: b/d/69f6066c7d2e96da3e1453e3c55ccf-13220.manifest
modified: 5/d/5fac096d1a9052081e46680ccae85b-5400.manifest
created: 7/0/238efe3f2a8b10cd58aeb530fa09c6-4993800.o
modified: 8/6/ccf3381ab9b904f5640308fc85e7be-15854.manifest
modified: 1/c/3e6c709b775d0e35f4a53c43bd0e78-7155.manifest
created: 2/9/dc199e2907d71d18f2d0b243f12708-4327923.o
modified: 7/c/7e34ffc7237baf694a6280bc79052e-3322.manifest
created: e/c/7afc62930fba8e14e36274a0b36426-4362535.o
created: 3/7/e5185307121bf8300a2c26ae93df42-4332888.o
created: b/7/89395d73d22c60fe82c73a4e337e83-3035174.o
created: 4/a/75d66a96d94585b45046b3098d81ca-4710337.o
modified: 2/a/09a11067874fcd9ec387af757e1de4-7343.manifest
modified: 5/stats
created: 4/4/ad49fb01eaf2a1a74506ed0ad36106-2241727.o
created: 4/d/b62bb31075a14fbceef14621b1e9ad-6574446.o
created: 6/8/a7ab2a7c056da1e28a255292e92fdf-2509192.o
modified: 8/9/15708a48dd48c21158fd6b5ad278ac-7269.manifest
modified: f/f/45391156982fa24ab9b31a55cdc051-13728.manifest
created: 9/d/ce51ac4d00b8a4aa7837101b9d855f-2662105.o
modified: b/3/125d2725005bad3ad112970af96743-5103.manifest
modified: 7/c/954fc3a1cfebc73b164cfb1fb54710-11321.manifest
modified: 4/9/d0f04aca430fd8284d2a143da208a1-16307.manifest
modified: c/1/b407a88df6d800bfa4b35854447428-4128.manifest
created: 8/4/370056b262d54531e8b72c8da0a820-4887414.o
modified: 1/f/e557bb61832f3c559c07de17afe192-6105.manifest
created: 0/d/6c32b6c5db68c21528efbac2efdc55-3018276.o
created: 7/7/5b0e99681bfad9f22904098b7f52da-2860292.o
created: 2/c/43b9adbdc0c2df40df5e66c138ad63-2501995.o
modified: 4/stats
created: d/9/33270677b439dfddfe7935fded4045-4520937.o
created: d/3/35c70896794bc5173cbd882eea280a-4728263.o
modified: 4/1/485217d23d1993a59014226b2b64f7-57660.manifest
modified: 5/7/fcf21de65119de20187ffb7945bd71-31228.manifest
created: e/b/e5b241635d924426da9ea45d3698bd-2600469.o
created: a/f/8a619e7071082ec57e084ff66920cf-2355559.o
modified: f/c/066f4b7bb7446f10f28210cc5236c4-6121.manifest
modified: 1/7/de50f9960e9f23843819323a1b9470-7032.manifest
created: f/f/0c51ad547136da49162826def20ed9-4818100.o
created: 0/5/921f308bdd5ccd34b1ac849c4c28c6-4328295.o
created: 8/5/1a201cceeb4ff53673f73bd7f200ef-4878249.o
created: 9/0/a7a66d4ec731119a5b2ddcc2f5378a-4329447.o
created: 0/e/85ae3e4de04bcd35b8f908ba62d240-4324510.o
modified: e/0/a65ea3fc3d42096a931f018dc7efdb-5169.manifest
modified: 1/5/7b16c7a1fdeb646dc5967be17f7371-5672.manifest
modified: 3/3/13edbdf014f7713ea2d4b299b57195-11130.manifest
created: b/f/8109eb4f01f2c4572d0be67ce6fd89-2911357.o
created: 8/4/300474f5f68457b456c40043b2c449-4917209.o
modified: d/8/bb3b0c2342c2fae5abdf9175266461-4760.manifest
modified: 9/stats
modified: 0/stats
created: f/4/99a2bcee2d51cfcfaec91322813738-4346977.o
modified: d/c/61f783ecc647e0ea582928ee639fd4-3537.manifest
modified: 2/0/f552bad30619f5ea022e09ab664469-1954.manifest
modified: 3/3/27bd68c75439dad42f7394e1610931-12951.manifest
modified: 1/f/592256820c5e6defd1ceed71bd4e20-7127.manifest
created: 6/7/e3b3fa64eb7c4be734b592383e3cc2-3199068.o
created: 7/8/26a8952be74becb708e8b3c8477e3b-2417094.o
modified: 9/9/be66a1824c67a28c7caaf84244ef2d-19461.manifest
modified: b/0/783708947ef80b86118c554f12884f-6125.manifest
modified: 5/6/260605e3837753de64dcc0d7f85ad3-2102.manifest
modified: 8/d/6e7493ddb510452975b3258a97ca3b-2827.manifest
modified: c/stats
created: b/3/75f729dffb49675d2125f282b0f5ec-2815190.o
created: 3/b/19e38f42e6f5bb4feaeeda8714285e-4540412.o
created: b/1/8ae94930851aaf414401fd418aa1ca-4730950.o
modified: a/4/a1ea4a54feef00e151e7918310ff2b-3187.manifest
created: 4/8/4cb9fc9c848effaa93517e0b3721ad-2712208.o
created: 2/4/aa6d77214957f52d2821b0216a9959-2923635.o
modified: f/7/eaa856f69bb74e40db9b20b6337274-2297.manifest
created: 9/1/1cca3316ff4d102d3a2577df0b4a7f-3035162.o
modified: 5/1/c925c58ae4b6b5e0463c4299f18312-7373.manifest
modified: e/f/70fa7b5263bb94cb909b34d0cc7311-6801.manifest
modified: 2/3/ce296dc53ce2e8a9c6740904e635d5-245066.manifest
created: b/8/41a5c29691fcacd9a6fa1fb2371a8b-3730671.o
created: 3/4/c22a0803c58b43e0ec58f1b9fc2b19-2414790.o
modified: b/e/c0ae89a5759746d7c2b2e294116e31-46636.manifest
created: c/3/28f03d360638098de26d6007d137bd-4731177.o
modified: 0/5/9d2684d26ba2ef4e6835eeaee26467-4981.manifest
created: 1/b/8db90d84e8eb1a84719376b692ffff-2767024.o
created: 2/d/d293c9d972e2d2bd563af80e363ac1-4840766.o
modified: 4/7/61e8564962ce22ea2a9845df6826b4-2616.manifest
created: 6/4/03f975cf6699def78a83a7a290e36b-3161374.o
modified: 4/c/ea348503eb30671ad69e3fb1e8e877-94963.manifest
modified: 3/stats
modified: 4/8/0b30f784c25f088c6c72dc05ed674c-4320.manifest
created: 2/0/a510f5227a68bd1eeedd26bd6541a0-5275827.o
modified: 7/e/7a603e35f579f7a1790c6b0c771e8f-30953.manifest
created: 2/c/b184401eeeafd4ec719b4658c328a3-2439902.o
created: c/e/988e811893328990575b00d2b29055-2996552.o
modified: 4/0/1862a51ea3d9c2275741f63b1cb6da-12338.manifest
modified: 1/stats
created: c/e/f472b76151cdf9e0b0532db7324a1f-6499872.o
modified: f/7/949d660c986e32fe94cefff5d44fbb-2811.manifest
modified: 4/9/5e98bef584d8956eb6ad9921b4f071-12192.manifest
modified: b/8/9e51603810531f42d0158d6e2dcef6-2046.manifest
created: 7/9/c7440a4560cb09a79f375497da1021-6201311.o
modified: 5/a/8efe78481a1aef2aed53cc25b91069-11224.manifest
modified: e/c/51dd3f6f898cf516e248b3e34b3956-19941.manifest
created: f/9/910e0ac7c0e444237e279144be06ef-4554007.o
modified: f/d/56d0fff51a9341c37732190123db5c-31946.manifest
modified: 4/1/db030ce88be773d82dc62ccb56f3a9-4048.manifest
created: c/6/06e08e2203bc7e0d10d8e43ffaae96-4398842.o
modified: 9/f/11ce4642a636a6ed97a3913aa1f39c-7782.manifest
modified: 0/3/38e24cf85ae895ee0a3ab239e910f8-1772.manifest
modified: 1/6/17fb344d93d277c9994ef322c963c5-5284.manifest
modified: 5/2/797c47babc1e4d3c0daf9f3378e282-4116.manifest
modified: 8/9/8d026a0c5e12b2ca7044be25a40559-2381.manifest
created: a/2/1cde2aea8f02799b4b682fb39a887e-2189717.o
created: 5/7/86096beef71c4f7d27549b6024edf7-4384602.o
created: 5/d/b11fd2b59d5a504953ce630d74833d-2896130.o
created: 2/7/1185db03c1238c0008712b3a61bae3-4246507.o
created: b/c/c1df917d5e0b639a347f47e17fa047-2359809.o
modified: c/1/3594c1d7daa5d229d900abf1e43725-7436.manifest
created: e/7/84fe69f6df208cf97438c5dd1b79e7-4333694.o
created: f/1/844e812afecb934ad41fa207d13818-7726639.o
created: 6/c/f8dae48baa1349722279fdb9c36434-3902755.o
created: 7/b/e7ccc2ff0e9fa87affc2906b23c1ee-4637810.o
created: 1/a/4da88476d7c27bb1aa5e2d729f2a2c-6326745.o
modified: 3/5/ec571a99eab35ada40cb45c3fecbae-8428.manifest
created: b/1/a2cee9210d67318a030483fb312b6e-5018649.o
modified: d/d/45defc4a20c6f1c5487b76ffb8cced-5952.manifest
created: e/1/fbebd24d6ef53ea4605296a0f5eaae-3138944.o
modified: e/9/d28a0db341d34b5efba151f9eb6094-5291.manifest
created: 1/1/b36b00d839d1a24f66310a65a70070-4742851.o
modified: 7/d/96e5d6f11018b6999864b2fec90425-24555.manifest
modified: 6/a/c3b361c467aa60a8c49b0e38dd1118-20516.manifest
modified: c/1/14b42e905e1cd03a57b9ae7b9e1c8f-4772.manifest
modified: 3/8/973f79f25ca90eab4e9193e6a27f5c-11677.manifest
modified: e/0/88a4cba9110ccd59b0342d70c118f8-2630.manifest
created: 3/6/98451dbb56a892fbb5f8849ae09925-4857123.o
created: a/3/6dfdc8053d34e2344824d5f07ade7c-7007545.o
modified: 0/8/9ee5fd0cf0efd7907c1e0aea1b2c8e-95187.manifest
modified: 4/c/53e484da99774c35a35104cc848ef5-2132.manifest
modified: c/e/39e8c3fb32a397c8199fa847c1c621-15567.manifest
created: 4/4/838d85d6027c63faff8bcf6ca1ea0f-4344695.o
modified: 3/f/b6742306cb05618c54cdf42b7f9bdd-7702.manifest
created: 4/8/7f64d2e3370d5fa17c929afe6e9241-4331253.o
modified: 0/5/82c845012c769f40b6e13aba43577e-4251.manifest
created: 8/a/ae6e8a56979ba4b692d2af0651efcb-4384425.o
modified: 5/a/c11c3180658c5462e77eb1ec763410-4035.manifest
created: c/f/6e0c2e3a6d0d6cfd103a7a711b5645-2879464.o
modified: 0/9/9a1e7eb7b3aa652a82044eaa243b66-6911.manifest
created: b/3/a9776971416600ac3053911f08de1c-4806580.o
created: 1/b/4a63a539db73f9429fa0625bdd1f0f-2763116.o
modified: d/9/d9ebbcaf6240f111c242a76749dca3-2997.manifest
modified: 2/4/dac3b10743260e1853230666836ae5-4498.manifest
created: 4/c/cd288828f89b40dbcbaafb56fde81c-4350518.o
created: b/b/8152b36cdd4301bb04519265ec3c04-4492579.o
modified: 3/8/2a374b6c7fa88e06f99f4448ad23f2-10698.manifest
modified: f/8/c53d4be4bd6166c18f4db181ece9b6-5122.manifest
modified: 8/4/4b6d0a5cbc8ed5a498f8a0e071ee94-10153.manifest
modified: a/6/82e6d76b2c2fde96146f5a0ad11388-3254.manifest
modified: d/4/33efd1a669558e705d1b5627a6f871-5179.manifest
created: 3/9/15bb271ced8ac0d272910fa2472597-1904669.o
modified: 6/5/e873cd9259d2c7ccd5b3a7984091f7-11069.manifest
modified: 6/c/67e1ec8a963cc788a00ec9f41504f6-51395.manifest
modified: 7/9/7ee2a172ce3fdece966b976527ebcd-3755.manifest
modified: 0/f/27f2d78988343de0458719e1df26ad-8191.manifest
created: 5/9/da0cabd77d34bdcfd69848e21eb22a-4482420.o
modified: e/9/951b3fcc28b652f99074c1996d968f-44095.manifest
created: 3/e/f00fdeabc722e08888cb3e57ed1561-2548080.o
modified: b/9/479efdffefe6b57dc9dd56bbfaaee9-5867.manifest
created: d/6/c91e32ff560767c4c96bb64c562fbc-5713382.o
modified: 7/a/5ac1ea385599625fa3f0ed4c50bc5a-2606.manifest
modified: a/1/3402921c6e187dd7d7a1754690c755-3652.manifest
modified: b/c/e2a0a7301e46b41bd93449200f2ac0-6357.manifest
created: d/0/074dce681de0f8080e1540c731da06-2779331.o
modified: d/stats
created: b/5/61f9316815f4afc7e510bba3a90ee5-4326989.o
created: 7/3/1255d7d01a987b5407dcc2e59b9c9a-4764365.o
modified: e/1/7941b42f93a135c86d504a49e904b8-34027.manifest
created: 2/7/96864f1a001e2bc855ed9938580c0f-4548507.o
modified: b/b/7f179bc81fc614fff526411d0cf48b-32093.manifest
modified: 4/0/1580a6b523451c307b32368d8d97a0-12427.manifest
created: 8/0/c1c028e9f9b2dc5dfc626cdbbad007-4343337.o
modified: c/5/205f3a0dc61ed2007ba1d0f18c7ff9-15408.manifest
created: 4/f/ce9315c3a7f2c1e6b8850c172a064f-4394281.o
created: 0/2/10597384d9b40cd0cedd2814b372f7-4788954.o
created: 3/3/372a99a410b1fb17eeb3b72b6bbf50-4920582.o
created: 2/1/3fa3dd307f425b0b9d4de5819cef4a-2712176.o
modified: 3/7/fc3b708c2708ef9473a86774fd40e3-19145.manifest
created: 7/7/2b1d6952a4d07262357d71d214c57b-101348.manifest
created: 9/a/15bc4f79e00af3d9977b7548ae30d4-5125373.o
created: 0/f/467fd16d09a35e8a015c7f6a2656cb-2768851.o
modified: 0/f/4e95b93736d82e3421ffabf05dea71-2866.manifest
created: 4/0/d38301246f264a372f01ddba47695d-2884332.o
created: b/6/d3b26a61f216fa6996f8af8cafac2e-3679262.o
modified: 7/d/4a9e92fdea9d7729bed9a3cbdb5cdf-1754.manifest
created: a/1/1fd03c1301b1c651f5e22db3cd2ec0-1947903.o
modified: 3/f/fdd7081de51b8b6b7640ce66de9ce3-5829.manifest
modified: 0/d/7570ae59e03fac772d0de0a266ee4b-11450.manifest
created: c/b/4670259f2a5f651880edf3b3eea9da-4743372.o
modified: d/0/71a551a6b400935fc57d9878451685-3097.manifest
created: a/5/ab802feea2331f8033d8882cf50f96-2596114.o
modified: c/c/bdcfd7b820839740556bc6ea032389-6119.manifest
created: 5/9/5e3d584562d5ff5f228a1904274f1f-4315150.o
created: 2/5/5fd0b624b04a1dfbfebfcf9e4bd8ba-4871073.o
modified: 2/a/1acf9fa3004ca67e80a1cee3deccfa-10975.manifest
modified: 8/7/57dbd828c2ffc8f509942cb3696ee3-8003.manifest
created: 4/7/a2b4790b8c67fee5e9157195764967-14346.manifest
created: d/d/294d754021045b5c55089aa3cf504a-2343515.o
created: 8/3/5f57ec796347be1cfc41087ca487d3-2915533.o
modified: 3/c/d7f03219a4e85496a0b05c8509bb08-3868.manifest
modified: a/c/d78d0ab152b703c12e4b334bfce345-2650.manifest
modified: 3/e/347ecb2fa5112b17e8ee50332a0b74-14011.manifest
created: 7/3/e0a68445f7eb194b003c14101732be-4762700.o
created: 1/b/5dc7076b29e5ba2f85f9413dd03648-2607803.o
created: e/a/f3a49868b5c77aba737e2c9186f868-3902680.o
created: 8/8/7c3f897e560e59851dffc2aaf2e88f-2437812.o
created: a/5/cc37e97b2e16b64db932bc487445b3-4152914.o
created: 4/5/26d132d8d9239f95027a770495f523-4719012.o
created: f/6/91dea2e8ae245510159202f825c02f-4335374.o
modified: 5/a/24bbf3a08b22a32a9b3cb6d452aed7-6418.manifest
created: 3/e/e32e4949519bf54d45c1bcab96cb37-4742686.o
modified: 8/0/940016d121ca03751603d152e61a3d-6832.manifest
modified: 3/7/ef265ed197adc64e38f390a2a04d38-7637.manifest
created: 7/6/1d8906b181826c58bab022e2fd0dc5-6020214.o
modified: 2/5/477ddc64c0cdb605aab45370751bb6-3435.manifest
modified: b/5/fdf711a507a1f8fa3742f486cdf70b-6545.manifest
created: a/8/97278c4966072c4e3206a199796bb8-4330094.o
created: 0/9/6dd2b3434109bf48368f51b0ee104f-4380442.o
created: 8/4/55205ff3cae9f01801a037675ad55f-2408120.o
created: b/2/d1f6cf4ae5d181b4578a6de4bd8bb4-4395469.o
created: 2/4/d442604c82326f60da640d4a476b57-4839799.o
modified: 2/3/acc0b4941ce413459f4087b8bd6cca-1965.manifest
created: 5/a/11e15eeed13eee7345503b60c7e1c1-2927160.o
modified: 9/0/28ba1fa6bd67f15e6e894ef7a73241-2319.manifest
created: a/8/db98644156e3b0c26e926b4359ab8a-4331082.o
created: d/d/2726e0092fa4206821719a847089eb-4334413.o
created: 8/1/2731676321c1832e3167a632ffca58-4369888.o
created: 6/a/aa42fc7d19bcba49abaf181325742c-4265223.o
modified: c/d/60f9923f20b437cabfc19ec5b9f8ce-8976.manifest
created: d/c/c263d916ec07d4235e235154def696-4364837.o
created: b/d/5a959c9b168edd2ac7fddd413079fa-4927152.o
created: 4/2/da56ef7af5d214931230201af6c203-5275523.o
created: 1/c/a7f7531d1e62840aa4d7f44d4a3c9f-2364386.o
modified: d/7/d0e690dd5b3fdf05edd9ea51558845-3003.manifest
created: 2/8/bb7d162137f8ab01f972012d72c5c8-4329044.o
created: 3/2/c50058950e560c889352e9e98ce6ff-4589451.o
modified: e/stats
modified: c/1/5add37a894316ee28664af57cddc09-4619.manifest
modified: e/d/f2a8a74413ffcd2a56faccecdcb1fe-8607.manifest
modified: b/f/a329c51b56265bb6549011ce14ee63-2078.manifest
created: c/8/be329558e1ab8c46d88aa126e64f60-2940283.o
modified: f/0/d35506bed63320d561b3995a403909-5433.manifest
created: 7/9/a10a00f0b47e728d4eeaca994d6773-4329739.o
created: 5/8/c37e85b339a35bb0f8e10aaf2fbe03-4431180.o
created: 9/c/2af7e315ab80b0993360d542123a07-4387215.o
created: 0/4/52fac1472a35d24483348ca538657c-2768863.o
created: d/1/f0ad28dccf2227701594fd0c29b366-2491866.o
modified: 3/1/70ead6e628cb3c8a0d1ac3e56d05ff-2821.manifest
created: d/d/058be9b3681df9a59ec0b268fbb5ea-4949141.o
modified: c/6/5fadc5c6c5d966513d7472b75d2d55-9201.manifest
modified: 9/1/7c58ff92d6d2be3a5986614bbc98d4-4194.manifest
created: 9/3/a34d032dfe6ac1b3e89ebc3006ef14-4328600.o
modified: 9/1/da7828a9ab0e91d3a6c340a7da4968-6804.manifest
created: f/9/f604654e732da8e86ec10542bc7230-2411044.o
modified: 8/e/4163b20c0d823e0876952d0b69cf7f-5808.manifest
created: e/e/2ea22d8608ea9442bffbd799d3bc0c-4151471.o
modified: f/b/225b49239c1eaa05209637a6d727cc-7959.manifest
modified: a/f/ad58ee3cdd84ecea7de0852b165c34-4090.manifest
created: 6/e/0867e7bf9ca22ce86cc529c0421d61-2993737.o
modified: 9/d/378ce3590bf2afe1b5d57663b20d76-14482.manifest
created: 8/0/4c953fc7c87a05b98e9bd32219b3dd-4654900.o
modified: 9/3/a5a59a6fdfab457af66083ecf4b6fd-2774.manifest
created: 8/3/765cd79154edd9e28f656740b69410-4333314.o
created: 3/2/7e8a360f276510ad3e978397ab648b-17693.manifest
modified: d/4/4161e8966cbf0cbb404c1d8c946abc-24383.manifest
modified: 3/e/ab8d3b34435b58e2c4d245b804d875-5657.manifest
modified: d/b/7b1b6c73fdbf44b3980f5c50f80427-7760.manifest
created: 3/d/caec0ef936b2d483d38bf615d3deda-3166498.o
created: 8/d/340fe70da9aac35a49ef676708b58e-4707707.o
modified: c/e/b0d892251fac899936d6f2c2dc2ea7-41562.manifest
created: e/7/52eb190193c7bd35baa68d1770ec32-4750327.o
created: 2/0/8adef39ee9d10e1a43b4420517b3ca-4591200.o
modified: c/5/86727f269b7ce52bacfb71cfdb809c-7583.manifest
created: 3/f/73899ab3c1bdc3b3c37acf5be40608-4723904.o
created: 4/6/a287484dd2f30e7d4a3e2896865271-4332967.o
modified: 6/7/17c1fc27541e406242cbb5cc9fb4dc-2126.manifest
modified: d/c/071719acfb53e4cb6944c818b67398-6537.manifest
created: e/8/e4d90a3b0cd0fcde982b461bbe05ac-1780933.o
modified: 8/a/be0f77cccccc5fffb3d17c51c12996-7700.manifest
modified: 3/4/8accd113b13e18de2dc8d2a799e633-5574.manifest
modified: b/b/7a5f3200edea6325276b569fab0195-2798.manifest
modified: 2/3/0b732021da4ff8523602fa327370c0-8310.manifest
modified: 6/9/e4e48a2e9d92a267e2f5b1954bd03d-1955.manifest
modified: 1/a/4d4ddf238053f898c90707c829b58e-24500.manifest
modified: 3/2/62872819372e8c6555bb6b8514ba01-20633.manifest
created: 5/9/984831f21b682c18bc7f5f814b1ba4-4737701.o
created: 2/7/381a92005d84e7d26856ac880f99b2-2241418.o
modified: 2/f/348354c7cafb25df2fac102df59a1d-8415.manifest
modified: e/6/61e35cc2add77b42f014cb25d51c42-2968.manifest
modified: 2/7/0742dbe9d40be7635547ec7a3686b0-4295.manifest
modified: c/3/ffaa84848d7fcd01da00a7033a272e-2242.manifest
modified: c/2/cc815be89b0dc500c7f9ce2c1d3887-5489.manifest
created: c/b/7d4ad268426a58c90f8e8b127cfc61-2756036.o
created: 0/6/fc53d93238309b754f245cf20070ee-4392886.o
modified: 0/9/dd4059b87461317a66cacfbf025fb0-36886.manifest
modified: a/f/dfe71230dd9856e025667e47d05ce1-3991.manifest
modified: e/1/f8f687c7848fa96998e22760784d4d-3686.manifest
created: 3/c/304404058fbb83c30e8ce64e24c5fe-4723562.o
modified: 4/6/e9f61126da1a53c8a969aac176e559-1801.manifest
created: a/7/ad2e3114e7ae42d0c2079595836f00-4134980.o
created: f/5/fec24c768271889d78221ab6bb6b59-4428647.o
created: 5/9/b4b5224ca3a9acf17986fe67c3fad6-2674082.o
modified: 7/3/096740c5f696ae8b2642afda025f0f-2759.manifest
modified: 4/a/2ddb5436f0e2c42ce704218bf65cce-13206.manifest
modified: 5/6/30d30163f7822d5fb8f7a7d100188c-30831.manifest
modified: c/4/522fe1af8515d54253b6135904eefd-7191.manifest
created: 4/0/5d25beb46791ea21a00137c06e0e82-2744220.o
modified: 4/a/87ab798b10ac647e87bb70f3753a1e-4289.manifest
created: 9/f/0612dc2b1b95911a0c297a775f40c0-14401.manifest
modified: c/2/11479f818bbf4cce0a0eeae723d254-3014.manifest
created: c/f/92ac5261a3662fce903ae4f3d5f9a7-4820961.o
created: d/2/b33d2a0484068de0e19dc06258a81c-4731870.o
created: 0/c/79ebd6eb48b8a742b35953e8185095-4454778.o
modified: 3/5/8b2680b74088b36d31a29acfe29909-3493.manifest
created: 6/9/38397c96a2ba24bbbdebb884a1cb1f-3981792.o
created: 0/f/0606f59b068f9ba58813786baf7217-4422589.o
modified: a/a/e629c4a371f9ac34a949a1958212e4-49430.manifest
modified: 5/6/1d17809beada79b29b72e5ef058d25-7563.manifest
modified: 4/1/af577077b03eeef1f8b0ec187c1eb2-3329.manifest
created: a/c/ab2d7819a2fc22da0335930cdd88a8-4291795.o
modified: 1/c/9648ec71a832a33130be9cb1f727fa-1971.manifest
modified: d/7/b6d2799fce320c5ddaef711b5a76db-9983.manifest
modified: 7/5/2e1fc9322bdac917c84a135a68492b-2569.manifest
modified: f/0/43c00d5202df5bdbd72002d8cd392c-8430.manifest
created: 0/a/a966b6706d12b6a5244186d0bd66a4-4392784.o
modified: c/5/a4b0b862273566d08e287adeb65565-5337.manifest
modified: f/6/23d1fef3f1d4b8c20c65f187a26083-3734.manifest
modified: 5/3/8c166c6ee89c2dd2ef8355351866b3-4038.manifest
modified: 8/6/3274b5c204283c83ad6fd36c23e539-14391.manifest
created: 3/d/b71d6df92a930a0e2bd6e88768caad-4745115.o
modified: 8/7/bec0dbeb41c9c425301b9bc6e339d9-11038.manifest
created: 5/d/4a12610002ade1c50e4e1c77997728-4885906.o
modified: 0/d/da7a3030e361542ee8cebd5e95c311-2640.manifest
created: c/c/e0ade66139a022946cdf9a565e4937-4917628.o
created: d/a/354f828a4562c6b2ad573fb8849b7a-2782154.o
created: 1/e/0eb4f5f3f68a01a3f5dc94c0e47b37-3791561.o
modified: 6/1/47efc769bede0db87ab3ca17ba0c09-8656.manifest
created: 0/0/aff18e3c1d2e415a598ecf0e561885-4291783.o
modified: b/b/f826220fbd8134b71cc8ee0a4a4267-10140.manifest
created: c/e/cabe4fded85caf1a899d0ebfafaa76-4329729.o
modified: 2/f/bf2111644d85c575debe5e6eced506-3034.manifest
created: 9/b/4e8446a8c7132cef16470341ff491a-3293229.o
modified: a/7/df3ac4f4030c804ff464c1eeb94410-25482.manifest
modified: e/5/e9e48bb6c6215e14e7bd4a54c6b0ac-46241.manifest
modified: e/2/4506b10e78755f317db103fe9e2e02-5520.manifest
created: 9/5/1f64e326945f86f58f6cd0d43f44a2-4326684.o
modified: 1/9/b6387b138e917719f2dbebd4dcb9a9-43972.manifest
created: 5/9/e0c2b3b0af143ad9cdc98891351cfe-2430357.o
created: a/c/47c554e2b5d47b92b12f3234ac0b29-4328478.o
modified: 3/5/ed9d9471b64ff5695b62b1597871dd-16220.manifest
modified: c/b/1c08e0742947967bfc94e00fbd271c-38324.manifest
modified: e/0/1a73f4dd35718eec792d52dde3a494-6542.manifest
created: 8/6/b3a7d1b06370710e46888d9be124b7-4380916.o
created: 6/1/a6899767c9d5dc1d36535ed5e9db1e-5102811.o
created: 0/1/a5c5199fb4fd6be8cac99a575ea2b8-2498525.o
modified: e/5/a7f74dc4857e8dfa77ff51a4a47871-2931.manifest
modified: 5/4/23f817a7e5acd86b128f91792a5603-80311.manifest
created: e/8/911d612b6fa57ca0d1faef19d2ccd2-3941393.o
created: c/f/dcbf50d30aa13ec6e3e0222b56661e-3085007.o
modified: 6/b/cf0507967cf27e92a31accab56c1e2-39458.manifest
modified: b/3/6c5c587bf6741ddbb0d1d9b4773d56-2172.manifest
modified: 7/a/4145e850e3539905d9af3b649d97f8-6300.manifest
modified: 5/e/3ea2a22d237a4c354867b747ae7322-3116.manifest
modified: 1/a/a2191335e2a39ba5bd2af879539980-3068.manifest
modified: d/7/b8664fccb87fe8f923a0716b4edd02-33100.manifest
modified: 7/0/5daa7ac8fae447fdd6721190c446e9-23830.manifest
modified: 7/1/38e484117e5e7322177e9a06a3b524-2954.manifest
modified: b/8/62b35a9ceedd34d4e9aa0afeb84f53-12001.manifest
created: e/0/a48112065d40390590143b39809bcd-4864448.o
created: a/c/bb5c57c0c687d23a3b5ba4a7e27d8a-4381843.o
modified: 6/1/8ed09e1d02c8b2b0244f386168d01b-64859.manifest
created: 0/0/290885a72f4ceaaf783490c88f73c4-4700617.o
created: 3/d/e05808cb9d2f0acd4b529dc4a17732-3201641.o
created: b/7/65e95be5812cdb3e81070ee2ec6c22-2541817.o
created: f/8/edb03c7d76fe4f2ecfc2c680125f81-7006806.o
created: 8/d/4d367cc9688537060d3b9f3edd605e-4328212.o
created: 7/4/f68bef2c5ed1aaf68b33e798a1ad38-4345200.o
modified: 1/5/55777fa5f753d2feeafeafdf4d6d35-14986.manifest
created: 8/2/605d951866e86219aa46145d876cca-3172398.o
modified: 2/b/4b114e65876ce69fade6e96f7f1b15-30694.manifest
modified: 5/6/a411e83c5bec71b3251a190a305917-3845.manifest
modified: b/d/f7581d4e83ebf46254e4c9d0f93418-3525.manifest
modified: c/4/a343548a00f3e6a5507e7e48644b26-5745.manifest
modified: e/a/7d4b70c3ec1b43eaa14b418eb043a6-13956.manifest
created: 6/6/68aeec2e455fdeffcaf779a2180973-2831773.o
created: 5/3/cba80f29d4b59864f2c852d882c0ec-2999596.o
modified: 3/a/3aae04b3f906c8bb5a6e58c43337f1-1877.manifest
modified: 3/8/a229cd32aaf89a14f9aa081fffc73b-3554.manifest
created: 8/8/9e2585fae6cbeeead37d3e9346dc28-2879746.o
created: 5/2/42abc5f5967c6e1089110e4dc83dda-2497856.o
created: 8/9/a2315b7fed0d238490e6d9ea0aca55-4330129.o
created: c/c/fa6c02dfa26b1ec058879a369da830-3729179.o
modified: b/f/62e6f320bef64ef9ab8530c7f92ee8-4325.manifest
modified: d/2/1314652f9fc388d8c110c76db66787-5248.manifest
modified: d/8/584ce854f1acfbaf056222d2905d1f-9423.manifest
modified: c/6/c050fb6717ad9dba64c126ae4be816-9329.manifest
modified: 9/a/ae50d5b77a0d5469a91e70f5f43891-6141.manifest
created: 0/c/787910ed9f8e213f50137ac2b78a7d-4387325.o
modified: 0/6/8f5dd4ec85cbb92394227fa1be074b-34586.manifest
modified: b/stats
modified: e/c/f9d034c7eedd28f2a870d7b2d37942-11308.manifest
created: 0/0/7a5fa744848fd4fec186adfa8d70dc-4602380.o
modified: 2/e/606a5d24af5c13a58e498e225be67f-2772.manifest
modified: 8/e/3aa0ac70a49a12c39bbe8c8387ae3e-11253.manifest
created: a/6/7109c314d685a4b3e933b208bb5fbf-2962457.o
modified: 1/a/e752f950f21263acb62d8cbf3630e4-1445.manifest
modified: f/d/72e64ca99f94e0be9e2e4db740db3f-244943.manifest
modified: 7/9/b9be79277d165d34cf6a7f8b06fe0a-5221.manifest
modified: e/f/f40bfb666db2d3f8b5f12745f69331-8651.manifest
modified: 9/1/0aee3281777f15a72f21537fe08970-5415.manifest
modified: 0/f/5ea421616f0e7219c6a544ea5d5689-7365.manifest
created: 7/c/93f8a289323e1224eba8f265a1d892-4923319.o
modified: 6/stats
modified: 6/e/59ac983fb541b5b06b95a391a1c2ed-8681.manifest
created: 3/c/68aedf9d1345cb251e1fe5c4b2c0a5-8937.manifest
modified: 0/e/f75755c2d43091765b9088b8034fa1-16546.manifest
created: f/3/f28589581e4c95a98ade7fec312e14-6435236.o
modified: 5/e/770eedb6ac8b8951c55059982f0a3a-7598.manifest
modified: 8/b/d5829fec1d1bc093e61e2bad13f9d9-3229.manifest
created: a/9/9f9b2c9b8a50bb629a9ac3161ddd25-2411032.o
modified: b/0/88bcd303790110b1ce268060444746-7979.manifest
created: 1/a/6acc2fa16af2f09ab73cbe53ac4436-2189749.o
modified: 1/c/3b19c9d5661a46e27a06b68d4c3c9d-1783.manifest
created: 9/5/a609217f2259c8d266da7b2108f50e-4331380.o
created: 0/1/b2b0a8d2c28eed600aea986b76fe3f-2746979.o
created: f/2/0d9e42638b093012d4467bd3ce9a10-2498493.o
created: 0/3/678a2ad6756c88af3dabc008b61e40-4958005.o
created: 4/6/507b7f8ba0fe7f88780f64447a496f-4374175.o
modified: f/3/f87118485df5658adc9304bc092cb7-2418.manifest
modified: d/e/52baba4ad62ffa150729f2a8a74075-11192.manifest
modified: 9/9/97b1fbe362f78800510a37f68eac54-11944.manifest
created: 7/1/64125e35d4677af32976e334a2c96f-4243305.o
created: 7/9/13cea42b7b992f2771df1c4c0af4b6-4352706.o
modified: b/9/c3cbfbce5d9288be384b57c962884a-1491.manifest
created: 3/9/7c6db3e24649492b111277a5807b66-4359011.o
created: 7/c/c966d107f49a4e1287b7a0f47cc6dd-4705788.o
modified: e/d/c5b127ba8c1933984d8e218ab8c73e-2417.manifest
created: 3/6/d0f5deb2aa949cec0951d8d285bb8a-4775245.o
modified: f/4/45dc158574ff1f232b0527fa78043e-3849.manifest
modified: 5/b/ea1b0097106c1e54b80fb8931f9d47-5484.manifest
modified: f/c/0041ac77bff07dc6286cc7a9b6d21f-7250.manifest
modified: a/c/9c7ac7e2d32aad6298075795cef42e-113657.manifest
created: 8/f/b461887eb6a534b16ed092688d7c6e-5014659.o
modified: 9/5/387b431ad7fb6054f4192a092e86da-8804.manifest
modified: b/e/cbcb28d363d5831fc93b123f897794-43355.manifest
created: 2/f/e63568997051009f8d2059af79bb74-3944987.o
created: b/5/3f071127984320d51259dcec16166b-4385288.o
modified: b/e/c267f3499b172939a298e309395997-51518.manifest
modified: 4/c/8b769402c60c7dd634e91456d070ce-2035.manifest
modified: d/b/f8f92415a1ac29c592b1611edfc17c-3700.manifest
created: 8/6/50b32c2e2cd3c8ab9f81b81c493726-4734045.o
created: a/c/7371c8368653df8d0c05c079adb893-4840486.o
created: d/5/972fd34f0acbd68c0b88ebedd1a7bc-3101768.o
modified: 3/1/faf93743af42bedfd4675f2c39864c-2756.manifest
created: d/5/48af26043a344a5377bcad53603337-4394621.o
created: 4/0/29b3e7e2613ec803966bd1483639e2-4489037.o
created: 3/2/a0651e214e5d8bd0fb6fa6d53c1839-4859061.o
modified: 8/f/636376331da94b67b944b530180079-8464.manifest
created: d/8/7bf66548ab9a7588830042b90faf8e-2877977.o
modified: 0/d/c53ee16ded2a02fce1a58894d8ea7f-3230.manifest
modified: 6/0/00123e421544f835af34510b342bc8-2704.manifest
modified: 9/c/3a7ca9e9fb41599ada7b738cae8106-14553.manifest
modified: 3/e/bc5b6fe0fc2bba12d746cb8427b478-3588.manifest
modified: 5/7/9ba02307f3ae9b9f6634b118b4f30b-5601.manifest
deleted: 4/4/6debb6e2d0e18ab15b5a74f7be7623-1780965.o
deleted: 3/d/b1aca810268b1b1220ae830c3330a8-4411059.o
deleted: c/c/6f6c44f57bb34aeb686df1dd9e51bd-14695.manifest
deleted: 5/a/7f432312386ff31f1f974bd55dd36b-4887333.o
deleted: 0/3/065b0a07f925669afc4de47c3d2db4-1571.manifest
deleted: 4/3/e088760af9739b30752aa9fecfaa3f-5793308.o
deleted: 3/0/69bf880577df1973f6c9581d8e866e-4699.manifest
deleted: c/7/4cf3f9425ca10c0c643f1d72681813-5016.manifest
deleted: c/c/ece5ca4e07f11650c8267545df9d74-4390429.o
deleted: 0/b/dcbd28d58a9114e33b234197ff7b1e-9490.manifest
deleted: c/e/4996dca36b9c8ec1806908a86a1f86-4386357.o
deleted: c/e/0f63f159fd7ee9abbfc3ac90a65aa9-3981749.o
deleted: d/5/96622b1950e4f332237005267a68da-4097947.o
deleted: 7/a/be489988dc2bfd65820c31aeb34530-4931769.o
deleted: d/2/d4a2312593369cf9f4e951f72b1e8e-7006616.o
deleted: 3/a/2421b12c3456debb2a937a753d5106-2936.manifest
deleted: 5/0/041f15042341727824cd0fbbd4688c-4488084.o
deleted: 5/2/b1b36a0f99edefcf2ecf29c5cc465d-4327010.o
deleted: c/3/5f99c681a244e2faee90d6f4e5a474-14249.manifest
deleted: c/e/442001f2cc4b7a690baadd1f9d928e-4326204.o
deleted: 7/4/bd71a0110c1f2b40c8b1df031c24d6-2962422.o
deleted: 4/5/3658dab0de24025fae0f658456ecfe-2426.manifest
deleted: c/c/5080bf84759dcfe8f565a9f1beaef5-2807310.o
deleted: c/9/77fd97bf51326d690bca7319b446d9-2749684.o
deleted: 3/7/14f0932ea5bbbab59a741fc256802e-6459.manifest
deleted: c/e/26d98e7b246765fded3eb71beee534-3944983.o
deleted: d/8/cef75d723cf74dc088325baacca1ff-2430385.o
deleted: 4/7/c1603ea53cd768d37bb91dc87969a5-4392703.o
deleted: 0/e/1895a3c6497da9b66a9aba567c2e84-4405239.o
deleted: 0/d/6540ace1f2b575c208a403ac9dad96-2884286.o
deleted: 5/6/afd7caa4080bd170db99cd7e7b3376-4839757.o
deleted: 3/2/f79c2af9000fb56a2cf533f5e0cdd0-4328341.o
deleted: 0/a/00b36de41b18d1b0105b17c0dbb102-4324138.o
deleted: 7/5/8e56f15ec3c0445bddc06f47abd232-2962460.o
deleted: 5/8/5784da2a1fd8537f9fdb251e1b76cf-4490911.o
deleted: 5/4/123b1ba828992469f1e904325db538-4900291.o
deleted: 4/9/165249b3b2d79de258560d4af86451-2960987.o
deleted: c/9/68469d39175ca8fb3eee8f22c7ef8a-35644.manifest
deleted: 5/5/602baeb88f9c79e32b732e32979927-2831731.o
deleted: d/1/bb0cb64c947ef196467613739ac335-4390142.o
deleted: 7/3/09b4ef2ac0bb72e6507e950ca66ac5-4957963.o
deleted: 3/4/28a8af71b05f6781440bd8c1f78a68-4840405.o
deleted: 5/9/8f48b86aa2d7c60dbbd86bfd95066a-3524.manifest
deleted: 0/6/f3fb9173f67e5329172e0998c8dd06-8248.manifest
deleted: 5/7/ac0df63c4469d0f576e75345fa53f6-4835595.o
deleted: 0/d/0b5aebb548807604dbda2f892241ef-4637767.o
deleted: 7/2/8e96bbd20cad9c9896d21d355fd89c-5565520.o
deleted: 4/0/92a26ca365a2ba82c9fd3892b3853a-4389267.o
deleted: 0/d/fbb7c3901ba455ad122fa61a655514-2908673.o
deleted: c/6/6bb030ed9392c6e0132eb5122ce494-7543.manifest
deleted: 3/7/2b02118dabf7f5d967bb6852a64732-4358918.o
deleted: 5/5/798f55a47e2bba1c2f8961ba4c54e2-4328557.o
deleted: 4/3/8c5d705dee27a84980a2101251421b-2787834.o
deleted: 0/d/d2f2b2905d0aae21229d4712b2a523-4717324.o
deleted: 4/4/9e463092f8d190b40ddafe0d1f4307-1496.manifest
deleted: 5/6/ea28378f9e771919fd9229ff872b1d-2218.manifest
deleted: 4/4/4ec30c919acebf43bafbf003064749-2596072.o
deleted: 5/6/06ab79cc5645fe254cdc87e3ac81dc-4548431.o
deleted: 5/7/bc916cd242b1cf62e506b672ed6b1d-11796.manifest
deleted: 5/a/06e24483ea4231ad230810ddd940b8-4381.manifest
deleted: c/2/3d5914535cb655966759c9f43dba32-3271.manifest
deleted: 3/4/cf911c183bd409ea4ecb991127ae27-80180.manifest
deleted: 0/c/e9f65e305da8ae6a0d9d0b397c9c25-2007.manifest
deleted: d/c/c639e61e8521588882f0a2d4aa35ba-15567.manifest
deleted: 5/8/591ac76f6bceaad19446ef2a0dc874-2019.manifest
deleted: 0/e/1350c2f304540c112d3ff71fe9fb99-4381325.o
deleted: 3/4/0535e9292cb976119a66f41ce27064-2501953.o
deleted: c/b/498bfea739fd7516e542fed9e1a9dc-4589071.o
deleted: 4/8/75f961c2a80ab46b936366aae66f12-4707555.o
deleted: c/6/c78876ed8ed21552392497571298ea-4410751.o
deleted: 3/1/2a79aaa29a9e66f9522dda3ec778af-4455502.o
deleted: 7/a/868bbd26a7d67d08df8a0a895c322c-5713340.o
deleted: c/a/a79426cc6e4dcd9a80f8cda78412e2-4450062.o
deleted: 7/7/9ca0cf6cfb80f097088208161554e3-9130.manifest
deleted: 0/c/367fd83993750dee8ac8c0a3a6b51e-2500293.o
deleted: 0/c/f98089b094fba68c5eb16d2acf9080-4398799.o
deleted: 0/d/379fab3f0d76530184ee82fdbdd8f0-2494397.o
deleted: 5/2/be23c1c4d3f4bc23225c40bf018776-7006725.o
deleted: 7/3/f558a31ee4bde06928cc36f682ced9-4246465.o
deleted: d/4/a0eb181b9c4b699f5be53631acd7be-2766982.o
deleted: 7/7/e3f4bafea5efe92e5779f443cbad5c-4589825.o
deleted: d/5/b321cdec7487b5b4aaf5cc5ddbfccc-3138863.o
deleted: 0/4/b0c5861676df90ce765964801cbea5-5656.manifest
deleted: 7/9/3a8d5b31d5057232ef8f4657d62ca2-22238.manifest
deleted: 4/8/ed8e9fc531dc2dce91253f635654ba-2411701.o
deleted: 3/0/08da9853bfa6df422c1ba30cd0bc6f-6741.manifest
deleted: 4/6/8a70998269dd87bcc0dda23474c9fc-1780933.o
deleted: 7/9/7ec298f83534b7ffb24e845fae0b91-1547.manifest
deleted: 3/5/bbfcbf289814a4f89d8c4718cf2fc1-14271.manifest
deleted: 5/2/82d6e71fbe27b962051033f49052ff-10747.manifest
deleted: c/e/38e620ce88dc5e365d9ec6ec6d3c99-2420399.o
deleted: 3/d/e508a9d0228166a6e47c5890100318-4722482.o
deleted: 7/4/28cd315a9f4c7fa89765fb019d0613-1612.manifest
deleted: 3/c/0f16108e432428dccb681b155a55d5-2092.manifest
deleted: 7/1/c8a26106fda6708c3fce2c716ab700-4414272.o
deleted: 0/2/55adab4b37a510b7c1b89689aea6a9-4700536.o
deleted: d/c/c8254e945f55f71dc467b01e78a7a4-2809202.o
deleted: d/a/532abb9b44e4043e7a828fc73d1585-4268933.o
deleted: 0/e/0491524460a6879420b266e7229b8b-3900436.o
deleted: 3/d/e709e3bb3c40ca5d51ee2e78d467de-5774152.o
deleted: 3/0/eb76de8e28a09f9d7d279bf8f737fb-1699.manifest
deleted: c/b/2d177d91cfa04947214298375a5306-4328169.o
deleted: 3/8/79b851ccaa02c6f6b81a60f29e5e30-2940249.o
deleted: c/7/20a3dae22f8f412d8576b84486303a-6555.manifest
deleted: d/5/bdaa1fec610136b5be44e3991f9530-2500265.o
deleted: 0/a/59e9be39a0eb03bc71290613f84f0e-1780933.o
deleted: d/4/728a8965c53bd7278fc0c721c4c630-4842885.o
deleted: 0/e/3ac587bd58b6ea44f8218be47f1781-2235966.o
deleted: 3/5/e2d0bed230acde02496437943a9cab-36091.manifest
deleted: 0/5/99a54c8a302e3a3c08c256fc7548ff-5384620.o
deleted: c/4/70a994250e846a029d915be39ccd3c-2962453.o
deleted: 4/7/ed92259010202e029c001369d09d2d-4430753.o
deleted: 3/0/9ea15f78972a9540841375d73f419c-4460884.o
deleted: 3/8/e84f530958375d95a93b711abc8f2b-7821.manifest
deleted: 0/c/232f3970f28b6250983d844b8f8e72-4921257.o
deleted: 0/e/00528eb80f6a56e370d7e83c416d53-4787524.o
deleted: 5/0/2fedfa803e18151749da0c0f09399a-4329404.o
deleted: c/a/314a7fad9c1358cce01aef3b6aac97-3026799.o
deleted: d/8/6d6069c5852fa9a8e27b9f32585e9b-6102179.o
deleted: 3/c/9d2d0d47df6fda41c2c94da76d57c5-93420.manifest
deleted: 0/e/16409aee8a259e8f854c8acc383928-4411685.o
deleted: c/1/5793da6b0891b2794640f83d346206-3998953.o
deleted: d/5/511991118ff76fb1be63fd8125392e-5495.manifest
deleted: d/b/3ddafb91411d19d52107501edb9194-3201560.o
deleted: 3/d/7f8c64eee5e8d48504ebd03cbaefd6-6020168.o
deleted: 4/1/9cf01dc12de498012b338a9a970a21-4268945.o
deleted: d/c/777d7bff2f038586e904770cef7b84-2421626.o
deleted: c/7/dc2e93ba6462c3f4ead9d8ac520884-4328436.o
deleted: 0/3/9ce020e6c6e25e9711895378c345a1-2922628.o
deleted: 4/7/f549acd8cb81d67a2d8da30c344870-4862947.o
deleted: 5/3/1e9e697d74b3c1e184072e6c6c8b9d-2712166.o
deleted: 0/0/46a2305a455fdb5e949db22d03b4e1-4857042.o
deleted: d/8/92bd4c66260dafc966adf121010357-4730908.o
deleted: 0/d/9a6e244209b4479adc8c5768c7ec30-2430353.o
deleted: c/e/24988bffef0f967d3969d99abd1529-32386.manifest
deleted: 3/d/865d3802988af8184f2d81524ed045-4394642.o
deleted: 4/9/68bdb250ee62fc1404d09e6898a240-4797278.o
deleted: d/c/6d35f3ca89b2a672ab3be864745e4e-4331039.o
deleted: c/7/0a6c1eecd352f879b1dbcd70d11b9b-3596827.o
deleted: 0/6/7571760135141e9134b2dcace82c06-4480.manifest
deleted: 0/8/f8ed611906aaac73fa922f7a13c1d8-15914.manifest
deleted: c/a/28a51731e401b45f9e5a7a6c2c4dd1-3089591.o
deleted: 3/8/219e7c236e9e9fac506b0268f691b2-4748157.o
deleted: 0/d/c326f8ddff930c2f5664002d4b8ec0-4455591.o
deleted: 7/2/25f5035a70de288a71436e67943aa5-4331197.o
deleted: 3/5/921f4bddacf8f9bee21a2a66191258-4715367.o
deleted: 5/1/06690b28ceb00c2e873a47d34856b1-4327854.o
deleted: 4/1/adb2867a3d9d7d00d157130db66b92-6964.manifest
deleted: 3/a/50f57b65dcd5505a89a6eb5bb2ca30-5566266.o
deleted: 4/4/b9911c843927cf87f3df92f1851b28-6574332.o
deleted: 7/1/7fe49e55d34272f3cd93b41304ed73-5014291.o
deleted: d/c/b1f7196340a90589f153a1a698ebd4-4353084.o
deleted: 5/1/99fd8e28edb45cdfeaa686f6733b58-4329686.o
deleted: c/e/397a9aa3f4abe380f1a347f4fdbfb1-2498314.o
deleted: c/8/bf567cdf38837433fa329ff7f21857-4577643.o
deleted: 5/5/d9cd1b4f474db735c2366d5e10f9db-4717963.o
deleted: 3/9/f1f41c7ee4c72c5204ab6496698775-4858693.o
deleted: 0/c/637fb390eed819ad557d32025afdd4-3089587.o
deleted: c/0/8033aa521f1d32528785d09fa3586b-4728221.o
deleted: 4/6/b9c1b49be59fc4fb4ecb1a55b9151c-4857291.o
deleted: c/e/3f8332fd0b9d5769b7382975295553-5948.manifest
deleted: 0/e/0503b6dc773bedba6a0d843c08b1af-4926298.o
deleted: 3/8/351ca289fcabfcef340abb18b510e9-27478.manifest
deleted: 7/2/ce2ba3e55dc99a08a9d06d4aad5bbe-2610330.o
deleted: d/7/7105a5060476473e5171fe11fc7eee-2879648.o
deleted: c/9/75f67c3b7e26aece4949b6ceced3dc-2607795.o
deleted: d/3/489d02a6b6aeaf1680363a0c23b4b9-2448.manifest
deleted: 5/5/6169f16b66f0544216118c6762168c-7007464.o
deleted: c/9/4216475c53a4744fa09ce87bc323c1-1780933.o
deleted: 7/3/977030e78ad9f71f3e2974ee86f517-4923238.o
deleted: c/d/83fa9261df1c1ae02872a5a6c89b31-4397386.o
deleted: d/1/55c7d9d786108ac0e0d19616b57e0a-7006595.o
deleted: c/e/5724e809c2e0ff3f427a38e88dcaac-7961.manifest
deleted: 7/8/a05e6d2688152e4bd98c23c7bc986d-2422606.o
deleted: 3/d/9a8483ce9ecb59cb1d50e273798002-4862943.o
deleted: 4/0/c476e3fa817265dafac603e521b631-4540011.o
deleted: 4/4/914aa284873fff0db3ac0180395809-5874.manifest
deleted: 5/5/220f9db2d94c356c6adfb30393a048-4553964.o
deleted: c/1/192b7cdcb72d2bc6cbe58aad75d2e7-4840664.o
deleted: 0/e/332fea1168bb9cc5082cd5edd7d6d5-6193272.o
deleted: c/3/afdad449fdac3f5cb9072e11eb9bf5-4332652.o
deleted: c/a/57a49aea6b8a3178699f64d7088c56-4330239.o
deleted: c/a/801f96e82f8e7c2624f7a805277655-2479441.o
deleted: 0/c/557802bc0bec778170abfca0a58a64-4773485.o
deleted: c/2/a934526538de3330248e64df645d1a-4878168.o
deleted: d/6/fb9c431518ce6e32645df129bf7969-7042.manifest
deleted: 7/3/41599bde6ece5dad30ffd22a1f1043-4700737.o
deleted: 0/4/1f0f65c885b3e526795b80514bfb48-6467.manifest
deleted: 5/4/5dd044a30fa98c30efd612be1d721f-4358930.o
deleted: 0/d/fb828e2409e8860311408d30122a51-2965376.o
deleted: 0/e/20d1494749a7124f83d2e9879e0e3a-3626.manifest
deleted: 0/4/bc6d217d85ded465f16dac91ddb452-4369803.o
deleted: 7/a/3f05b886ce741e966a14f35c7ac18f-4354312.o
deleted: 0/6/ed86911fe19e53dced9ef12db43b58-2812.manifest
deleted: d/1/9dba99f5ddad332a8337a44b97fbac-2879686.o
deleted: 0/e/362cc072ce17c2782d7d7025c6cde7-4327607.o
deleted: 0/d/6179b0fbb516856e606c392a997475-4820876.o
deleted: 3/d/ddcbdc51d0e5923ce6744542d486b6-5941.manifest
deleted: 0/b/c76cca0aca66ed68e1700a40fc5b46-4387134.o
deleted: 7/5/d3f6cb627398c9b8ce231b6d9a79b9-2763086.o
deleted: d/0/aae304b382ed96535316b7939dd9de-2818516.o
deleted: 4/6/62ea07aec42b126c2a8b0213aa2fa6-4350420.o
deleted: c/8/9d1e47832cbf9c508b74eb8380c378-4394663.o
deleted: c/e/3f1fecab1da04f5814f88ef62745a9-1657389.o
deleted: 4/7/58fb70ad43247a1bebe59053360bc7-4358631.o
deleted: 3/6/5907ca143652ee83eba1b8a84296dd-4848668.o
deleted: 3/7/7020dadc5cc82062b2adc410058776-6434171.o
deleted: 3/d/4ce8d6d6902f354a5df4c2e865e7be-2422602.o
deleted: 3/4/b87eb0d5c7a0f1a836031507ff73af-7726597.o
deleted: c/4/78772318a21fa38dab78eacc9653b8-4397381.o
deleted: 7/2/777d19e76f956b4f6dfbd70dc53e75-4334370.o
deleted: 4/2/d6d8da1bcdc6d311f804dd5858270b-4839749.o
deleted: 0/e/258b8be6e20a2b3e21cd265fcab6ae-6043.manifest
deleted: 5/7/b2d05f9ffef42bf78a2030f31250a8-2372541.o
deleted: 7/6/9fca484f13dedbeddee89866241360-4801619.o
deleted: 3/5/7f92f78aa1e89144af6d292a37a8f7-4352797.o
deleted: d/4/aae0b573f70014033294719f1ef3fa-4369520.o
deleted: 5/1/914ba9602aed0cba6cc48384eac79d-2782005.o
deleted: 5/9/c7a5fc7d5b179da3a350f8997c88bf-4978276.o
deleted: 0/7/cdc8fedaab8963675ca7537ddf1c47-4392805.o
deleted: 0/6/55326747bd06a3d37efa767d6a4531-5156.manifest
deleted: 3/4/083d8e35ab80be938eed7403f89861-4448165.o
deleted: 5/6/2a990d4a6a400a79f1bda10b9621d7-9467.manifest
deleted: c/9/4f2f6b1788c909ebe78eed2772050c-14741.manifest
deleted: 4/7/a28fc09c48d15a9fe39b0f8658919a-4324142.o
deleted: d/8/2493b565e5edd02a37342a4f104222-4430791.o
deleted: 3/0/f537716d3d574e6528d01db0869ff1-4372932.o
deleted: 5/5/a7d831d7fe0b7aaadbff3614df3258-2474.manifest
deleted: 3/6/edcd82538944f4a01b5d96da2caef6-2631.manifest
deleted: 4/6/09d0d442f234ba7553ca85259d146d-4928984.o
deleted: d/0/8b26afdc305103c98c7a1e6a5dc6aa-4328904.o
deleted: 3/d/e1f5566276e91e029fe67b2554a039-28094.manifest
deleted: c/a/25cb79f9543988df4200dc46f483a2-2564.manifest
deleted: 3/6/30456fa2a3df31ad990b3c068a9328-2850.manifest
deleted: 0/e/03cc8664137adf8ea40e10fdb2e69a-4370168.o
deleted: 0/5/1b05aa7ea332461d7c700c9135bf83-4328302.o
deleted: d/2/bb0fa7d87654d05f9bbf63602c3837-2355555.o
deleted: 0/b/a09d57adffd782327949d896559f96-4350475.o
deleted: 3/4/2aebafce08542ec681d05c1db5d5ee-4327567.o
deleted: 0/a/05cba2fa219d95fd728f3f772ac18a-2408104.o
deleted: 0/c/9f08f415e8025df532aedc1a877186-2965930.o
deleted: c/0/cecb5bcf3c7839c4cf837a305366ee-4344652.o
deleted: c/0/0c0989400c6f328d9596ec5c6d96d9-5274458.o
deleted: 0/6/4c115df9de5282046a74958d09996b-12833.manifest
deleted: 0/2/42cfa87e99bc9b9d1c90e4eef21a7d-2896049.o
deleted: 3/d/e0099c4477736611d3d0118b0931f5-4371603.o
deleted: 0/e/38d5c901f10491a890c4cc3efd469c-4735093.o
deleted: 0/5/12cf9bbe9db7af35f5ad67dd20f5dc-4499949.o
deleted: 0/b/ff7e905d8693507b634d76e4f74df9-7006097.o
deleted: d/5/177c67e33eb1dcff89dd531ec36046-4326603.o
deleted: c/4/aece825a71631245ccbbcbf7502e3a-2712134.o
deleted: 0/e/0e0f7d324087a56978e564a57d6352-2991000.o
deleted: 0/6/7d69e00a063d983bff030d5228531f-1780933.o
deleted: c/3/2468beb342a1cd8ce8381becb37023-4723802.o
deleted: 3/d/91b6126adad6b81c2cf3d410648ce8-5274425.o
deleted: c/0/64d7f4f7661970e10699aaca12c20c-4705745.o
deleted: 3/6/b0f8e4e1348ca13c87340431c35d9b-2230297.o
deleted: 4/2/b8a77d10e2b7e8d6b146463c5c4385-6514.manifest
deleted: 5/1/f69288630981c1c4967bde9a1ad61d-9613.manifest
deleted: 3/d/8a7ee3e453f99fea84b55bb8a965fd-4362167.o
deleted: 0/e/3b388c75f552b35fd131ca39116e50-4590863.o
deleted: 0/1/a222e89d9138f826aa8233c24957d3-1486.manifest
deleted: 5/0/c0032c7e9b0454b7776c8c6916c856-2439860.o
deleted: c/8/0ea1c8f0b914b4c39969bd6a9a66fd-9521.manifest
deleted: 5/4/0233e9bfc9f7352ea7097e39ac157b-4871234.o
deleted: 5/7/de04a2896c54f849525d3caaffd542-4417605.o
deleted: 3/c/125517158afc87d91ef01fb1b9ac5e-3201565.o
deleted: d/7/9aac2836434bb18de162f9027bcd9c-14026.manifest
deleted: d/0/4ba7ebdb3ceab20826e468db50a3fe-7430.manifest
deleted: 5/8/febe41f1a348cd62a41b2a324bd45a-4428545.o
deleted: 3/d/da6790f398b6eba03b8eaf27c268d8-2791874.o
deleted: c/e/4ad6e8065ab2b52a71b7fe5e227a1b-4414878.o
deleted: 5/2/f19af9db8f0a0e2405926443ca72c2-5384295.o
deleted: c/3/65591270eeab4d9921995631982a66-2998569.o
deleted: 0/b/b5c9679bbc908fb996bbdd62dad9ac-4393909.o
deleted: d/4/ac16f9e0e9d2001ce9ecb0c69f4c75-2264748.o
deleted: d/4/8499c1a483efa82155c329e6469212-4328252.o
deleted: 0/0/3d92d41b03a50735ca96c88836537a-3500.manifest
deleted: c/1/bc9a558ccf8966c4ca59fdd0bb4fc1-1763.manifest
deleted: d/6/8efc72272d9bbacb7056e1922e512b-4993719.o
deleted: 3/d/e10140ee17925be1088e46a13fbd78-4352524.o
deleted: 0/d/e8177db351265fb4d7f79e4a2d8f30-2681853.o
deleted: 7/a/842edb299a34c6684200062eaf11c6-10328.manifest
deleted: 0/8/751580dac922a8ff40a6d0739681ef-4382105.o
deleted: 7/2/73c5e0e838718a96d04c092feb28d0-2807322.o
deleted: 4/0/6f8f99318f032293c720ede1dc4733-9609.manifest
deleted: d/0/e6c874296169b6f96b9b043f2a4ef9-2414798.o
deleted: 4/5/049455aecdfb1201be515d921a6d64-11285.manifest
deleted: d/3/fd17b41fe006cde12dd39acb0d7828-20702.manifest
deleted: 0/a/d932657ac6146a9ea33969fa16811a-4328524.o
deleted: 3/1/029f2092123515a5c303a0acb6cc5b-5372.manifest
deleted: c/1/9d61adf3fd1503eb8bcf7ce5fbe9f3-5956.manifest
deleted: d/d/982ca3b6e4936603a9af437b5fba42-5274463.o
deleted: 0/4/bf6bf375deef497ed9094b5d97db79-1947867.o
deleted: c/e/4bf63af55c79babe87cae1ed9ec838-1780922.o
deleted: 3/c/51f4203d5564573a38962e3cfbcf7f-1780965.o
deleted: 5/3/cd6c952962165325847de208894dc7-4375089.o
deleted: 4/0/952bf91b5e1e808d36b34bdf2ff7ed-4715365.o
deleted: d/a/0e26b38d0c93cb8191d0f8829601d5-5566245.o
deleted: 0/e/28e9bedbecbe8cf53b541626f8f1f6-4436321.o
deleted: 3/a/ed4155be1b52c8f71bfe64bdb8cb6c-4519868.o
deleted: 3/c/e33a5d6fc1fd4b08ea91ac1bf2c3c5-3201523.o
deleted: d/9/455aae9743a55e2981e30f0c5445a2-5400.manifest
deleted: c/9/9370da33cb7c8aadcb57014c4f0648-1780965.o
deleted: 4/1/3365a3611942857c667c2bee22f581-4381762.o
deleted: 3/1/6f205f3d787daadfba738d9b47e2d4-1780933.o
deleted: 7/1/0c502e82f1cff53e6de74eb43d8b1f-4421524.o
deleted: 0/d/a336bc797ba14ef127e568f5c2da5c-4388976.o
deleted: 3/5/bd2a1abe2b29acfb35aada4588f999-2768821.o
deleted: 0/a/67b183b5ff16097e38a882260b33ba-17243.manifest
deleted: 0/a/7b7d772bf64945c17f205e3e6942d7-2160.manifest
deleted: c/e/3fcf1ef92a9883bbeb401bf75a887e-4740409.o
deleted: 4/3/f214829c5b33a73133511c3a6994ef-4387825.o
deleted: 4/9/bdbd0abe1dae3ed5fb8deae2738cda-2825442.o
deleted: c/1/4fde67d6650f9af4ab17d602db6a80-6061.manifest
deleted: 4/2/650c7e38923b94446a81fbf7f7f515-6326664.o
deleted: 5/0/75002ccf9135091840f2a9b0386562-18428.manifest
deleted: d/9/b9e0197b21455a1546356dbbfdb764-4893993.o
deleted: c/9/57b1be95090d4d49c227b652d89c9f-20119.manifest
deleted: 0/a/c92345787fa704bb75a385fc6792a2-4487776.o
deleted: c/5/734f7c111d08fb208561783ba1c1ad-2731463.o
deleted: 0/e/17ac5e1307f99fd5845f53b561ee9b-4147554.o
deleted: 7/7/ca10c5cf10cb4b94e65aace427abdd-4330051.o
deleted: 4/2/5b24c7f4db44852cf250c06a92aea3-2763074.o
deleted: 5/2/d3c94d544aa0b0eac7fa84047823ab-7006308.o
deleted: c/b/7e4c5ab1e5db1565fb9aad4b60202e-5750.manifest
deleted: 0/7/64f759c72c44ad9d83adad747283d5-1647.manifest
deleted: c/9/89fc1e434bafcf1b2618bdc06e6dc1-4428566.o
deleted: 3/d/d76211d9c40de49b99a129d0c82d2f-4385143.o
deleted: 3/5/9496e18ea5d4d84c3ea740a0648935-7839.manifest
deleted: 3/9/2558f67dfd5adf69526731a2f2b366-47695.manifest
deleted: d/2/8701e3443e14ac40f3e3908cab1265-4806538.o
deleted: d/5/42e3887607058a21570ee57970485c-4877881.o
deleted: d/a/4f8d497805fe6f06f9c0a7b16231fd-4590112.o
deleted: 5/9/d276a3ad7cff64ccd08cf4d6ed81aa-1780933.o
deleted: 0/2/a846b714344d8bed426d620ad3918b-2359805.o
deleted: 4/4/e3cb5d355b47abb8bb5a5555c0dc26-3651.manifest
deleted: 0/a/55791b7a2a56c4b497b9a24cca54c0-2884290.o
deleted: c/e/373a6195c5d8119b05b83b647a3b82-5094444.o
deleted: 4/0/18dd4da49d79674adba3f6d3141889-1524.manifest
deleted: 0/8/a6c7558c9e3cdab9956669e4abfddc-4387281.o
deleted: 4/1/77d08686a612201a46a01f4669e1c6-4745073.o
deleted: 0/8/c22922a217ac858da3a59f66357d80-4915511.o
deleted: 0/5/c4cf90bf2e7b47c7178b5f7737fd26-4744846.o
deleted: d/a/3bd5ceaf9a9b67a7a01ee7498b86bc-1517.manifest
deleted: 0/a/ca661b8d876606996962078dbbfc97-2998093.o
deleted: 0/b/a46bc0513fe722cd4f3ee79ef43ef5-4331210.o
deleted: d/6/6a0f799754370098a67d59ae3c4104-3172296.o
deleted: 3/2/1708b4fc804ae3fbec8187e23ccaea-6648724.o
deleted: 5/5/70c0c44d9adb808ad2574274e3e476-4949098.o
deleted: 7/9/aa2c1282748780b328e17f88a9d545-3359.manifest
deleted: c/6/f520c741346edcc4925be129ab6e0d-1780965.o
deleted: 3/d/b22a3a961ca184ae5ce47363018bbe-2923611.o
deleted: c/c/09970af4d5a48cf1bfbe70ddeaea58-3596695.o
deleted: 0/e/2f5c437f9d37326885dfd86877b6f6-4262645.o
deleted: 7/5/a9124b70d43e830c266c0feae63bb0-4411038.o
deleted: 5/2/fc1833a8628c307dcca1540dd1dc53-5014578.o
deleted: c/9/cb413d1b07e96ba5d6875ac0b6c184-4624352.o
deleted: 5/1/7c63e6d79c51ffdbbf8d308fc5f5d6-1780965.o
deleted: c/1/25f8fc459caf7ad26a5b46168e85cf-3679223.o
deleted: c/5/b7a4c9630909745e7aa9dd9b1a46a8-4380361.o
deleted: d/0/2cb71a3c89e6ad0bbc3e45d45c93bf-4385207.o
deleted: 4/9/63516f977ff7fb571a263561158c61-3198987.o
deleted: 5/4/8bbe13f916f4c68a595f8f7e85e054-5401.manifest
deleted: 0/8/af973374a5b7d2ca73232d011f46c7-2815109.o
deleted: 0/d/ce91d9f5389a9d1cd91ff12961697c-2940198.o
deleted: 7/a/c52a978d51bcd091d0aef5b592f132-4589358.o
deleted: c/c/28edd6f4f586967854056171d43863-4328529.o
deleted: 0/6/fde43163f3ceea07dc431cacaa5a3f-18533.manifest
deleted: d/6/b15f08c153131278341e23a8f33062-4750285.o
deleted: c/a/585dcff814095dc93ee2fadb3d4ebc-4387081.o
deleted: 3/5/9d56af836f655a8e240b6e5fd1e91f-2189545.o
deleted: 7/2/2d00acef1f58c251d77cb08d404f8f-1927.manifest
deleted: 0/b/a8a82e3c98535106c3a2430147c248-24130.manifest
deleted: 4/4/34abccb1ec4e2461a1679a33770c74-3502245.o
deleted: 7/3/4f407d12729b303692e2b8de368788-4323347.o
deleted: c/6/52025b1e473368a34531f90217fd56-2148056.o
deleted: 3/d/d4489ec3eb16e01227964f580f96ef-2854647.o
deleted: c/d/ba74c88791066f02074a50789b66d8-2860246.o
deleted: 7/3/bd6a33f3e6a31ec472d5e5686a70a9-4388100.o
deleted: 7/3/022d40cfedda251a9fb7ecfb92a311-2241414.o
deleted: 3/1/452782ad8f72673c607404c7556f2f-2439892.o
deleted: 0/1/d2156155f6c35500cb7dc512372546-4731135.o
deleted: 3/b/f95fe9b28dce82a8c52c7aa8d7f07d-5024.manifest
deleted: 0/e/0d4d413e5ba1fff2f7041ac14cdfe0-6473.manifest
deleted: 7/a/02b30cb5272ec5614b9a67ec66c9ee-45650.manifest
deleted: 4/4/e3a56adfa7f01a856699dd4f80fa1b-14304.manifest
deleted: c/1/c0736a705027dc140a7a6be52d44e4-4369807.o
ccache cache size is 168Mb.
Uploading cache ccache...