SHA for cache folders (/tmp/ccache_dir) is '20f1ee3ff68fc6e086d3eeb0e4fcbc2419761ebea991ee6ead9314c7c5f8e703'
Cache ccache has changed!
List of changes for cache folders (/tmp/ccache_dir):
modified: 5/stats
modified: 0/stats
modified: 8/stats
modified: 2/stats
modified: 7/stats
modified: a/stats
modified: b/stats
modified: e/stats
modified: d/stats
created: 8/b/1c6dc3628c30424fa1c79b7088732d-37006.manifest
modified: f/stats
created: 4/2/63b0c2a1b30ad308acaba6a71f85d3-1455763.o
modified: 4/stats
modified: c/stats
modified: 9/stats
modified: 1/stats
modified: 6/stats
created: 9/0/5063bd9311148a1e0eb712068c7715-4156958.o
modified: 3/stats
ccache cache size is 169Mb.
Uploading cache ccache...