SHA for cache folders (/tmp/ccache_dir) is 'aa781ea6e1316a4236aee8589c3af840dee2afb4c50426679e84b24f49ec0ef1'
Cache ccache has changed!
List of changes for cache folders (/tmp/ccache_dir):
modified: 1/9/7e1683e23843f2e47584b21f7ba789-9952.manifest
modified: 0/2/fb0472add7d3050865d8e2f6868908-13675.manifest
modified: 7/stats
modified: c/0/c85b9bc646ec0999f2705ef63eb257-5753719.o
modified: 8/2/fb794b5143af6ff0ee56f8b9815bbf-2822.manifest
modified: d/3/c7aac89665458bfbba48b8c885f1dc-4964225.o
modified: b/0/1d2750629137dc055262767bff574f-2967.manifest
modified: 3/7/bedc0dc4ba0fc2be91ffb99f86d04a-4855950.o
modified: 9/a/077566092d56d6b72e40c9beb29716-4444522.o
modified: c/stats
modified: c/2/9d517a852725a9840149d1c9e02dda-5083018.o
modified: 3/5/fbc3448eed7c7ee9fc0a2040ae8967-4838844.o
modified: 0/f/1e79601068eb46b5102d4bbe6140f4-14406.manifest
modified: 8/8/59a257c4c15b572986b8485dc53ae2-25896.manifest
modified: b/0/20f17bf767324e1a39bf2057276cdd-44618.manifest
modified: 9/3/268d6e9907cce24fa1eac69cbeaf7f-4942380.o
modified: e/6/1a84d16d7858689a52a5f9d7e213fd-6525.manifest
modified: 3/stats
modified: d/stats
modified: 0/d/921380aaeb3f1470a995c2db2a8215-19700.manifest
created: 4/a/f0dc9e4618b5f6929d7d9d3abb6084-6755015.o
modified: 6/4/0d53cf5d0a7db8d01f0c6f7e542f3e-4418267.o
modified: d/1/ec367f287fa3dd30b7aeb7e41aeb9e-4851869.o
modified: 3/0/be2f535e2920981afe4ed8a890483a-2867125.o
modified: d/3/3b99981284e04c28f5813df5fe6c58-4823470.o
modified: 5/c/ea201911fc393c1b5a8cd8d5043614-3666.manifest
modified: 0/3/0af6ff625aad0ed2d280a68df4e71d-5799.manifest
modified: b/9/ae8fc4ec7d60dd5b98a741fabcb7c6-4115.manifest
modified: f/3/b94cc4263c1aa8e977746b10956cda-2931.manifest
modified: 5/0/d747c067681e4d781276d599b76408-3242.manifest
modified: 5/1/222cc06dfb26450de9cabf1f68b534-1917.manifest
modified: 3/4/baf8ae27d1fc53e38ec2132249a8ff-4935999.o
modified: 2/b/c70f65f597e7284eead1ff5bfdba38-4965387.o
modified: 6/3/7895e69f866fbd8a0cbdb85523ee35-4912464.o
modified: 0/stats
modified: 9/e/cbb16ce68dd561b6c04f314d180a36-15241.manifest
modified: 2/e/07cc40cd1e82968b462bd1035ce044-4535206.o
modified: 5/f/1ad651ab46353740e860d6449fd00e-7848.manifest
modified: 0/5/e16b3ed6d7f9810667ea41399ab13e-37241.manifest
modified: 7/3/c275a55a991a76627bc32661ddf0a7-3066650.o
modified: 1/f/b1b9218c190ac1a8e6543fc3bbd399-5707.manifest
created: b/2/a9bade8270f7c14f9d6561abd67be7-5679602.o
created: a/1/078393fc8228c62ee680a352b65e41-2855934.o
modified: 3/d/3a23734b0ec891b66be5df70c7e67d-3091175.o
modified: 4/1/231613f6f15ce2192161c7eae6a458-4852871.o
modified: 5/0/bcf451d94114c96749723d653c554b-1979.manifest
modified: f/2/7dd65e17c88f40a574a0b817413f27-32569.manifest
modified: 7/4/ade176b8675e71979871ae7683d81d-4496120.o
modified: 0/6/440881a3779a08e5cd578be3cfe94b-37577.manifest
modified: 5/c/da8b9b1beea855d7886e444d17870f-33375.manifest
modified: 0/8/56f8936df72e2c42b8c399691a2483-8209.manifest
modified: 0/a/8020ef34074e0964f1caabf8de7a29-12910.manifest
modified: 6/5/c105d5ef6f828dde6355fc3e45ec03-4458072.o
modified: 4/a/27a3adb7cbd47780cf25a38fb2698c-5818555.o
modified: 1/f/cb3360e31fdfa2dd4e263690fa803a-4001.manifest
modified: 5/3/d2b3c2d637c47f189f26295898e99b-5691.manifest
modified: e/9/7813e96b8ef310ac004ef3b4487f4c-4443555.o
modified: c/d/52532d4ca8755fa14eca68271c89f5-29228.manifest
modified: 8/4/4b364d5760add15e1630043e02ca16-48152.manifest
modified: 1/d/170d44e5a6045a3b9969b86580db0f-2110.manifest
modified: 5/8/0aa95c435e75f2e6e0e2a99f22da20-15411.manifest
modified: 6/5/bde650f91ba70dc7aaa6359fdbc045-3580.manifest
modified: 7/f/f932f6b888959a5c57575fd1345751-5182107.o
modified: 8/d/9619eef4a2305644d2018381a85973-3410.manifest
modified: 4/b/524a30560cdfa8e47f86930b595a2f-4857635.o
modified: 3/1/7dab0e5388219c7963692ac7db3de4-4504606.o
modified: 0/e/aa9866d6409d678d8938bc3883b5dc-14697.manifest
modified: 8/0/2191e514655db5e6263676001114cc-6572.manifest
modified: 7/7/d828104da773cf85f64ea5767eea13-3443933.o
modified: 8/5/4dc34bacd4cfd59e748e7b12f14369-5448.manifest
created: 6/1/406b198700ca52fcf54fac0ebf5e5e-138874.manifest
modified: f/0/f8b145465ec99290c9b13d7d743ba5-22738.manifest
created: 6/f/b8482f5cb7f262d6d5c47a607e28d9-22127.manifest
modified: 7/8/4535868dda588b230ab214622319d5-4838284.o
modified: 0/4/bec52ec4785a37e91d61c70bd5de5d-10948.manifest
modified: 1/4/6cff8f0e2c90e118a1d3989be15da3-5209114.o
modified: f/a/e8ff14085076298bd332271f2e53b9-6762.manifest
modified: 7/3/0a9172bac4088b5307c25feb5425ae-5014909.o
modified: f/9/644419223041afe038c4f3e915b0f5-11521.manifest
modified: c/3/c75c13534136fac3b33a91253b02c5-2909765.o
modified: 4/6/b0aeef247b147e34deab25df538880-11668.manifest
created: d/5/9ee85410c5578dbc760f8036bbaf2c-3187.manifest
modified: c/4/9adbbd954e562e1e0944b7eac04706-3370609.o
modified: 3/2/4e1bd14926b603660154ec1e345410-4480649.o
modified: 6/6/3d56c58c6b348024cd891314519951-3842.manifest
modified: b/c/1f98d6b9d7cbd478cc6b45df8be82b-2821.manifest
modified: e/8/c17d43ebbf66b5544a0e27298ee2bc-6561.manifest
modified: 1/stats
modified: 3/f/600edb26512f474470ceda0968631e-3411.manifest
modified: b/5/2439da264e7c71ce89729960c20e3e-5677.manifest
modified: 0/2/2836747f9f61d2480dc7527897126b-11135.manifest
modified: 1/c/bc0e86eea77bf604db5d8bfeeb7a5c-16137.manifest
modified: 6/f/6b1528254c30363a66d95ebe9dd061-3580.manifest
modified: 5/e/c3788de0a72962c41a8c8ff4474be2-3444.manifest
modified: f/stats
modified: 0/c/21f0fe2fcb099b5b73612338703033-20424.manifest
modified: 2/b/07fa89acad34f013455f7e9a547dfe-4440091.o
modified: 3/b/478fd591d5fbade2e34a1f53a352f4-1908.manifest
modified: e/0/6ce540fb35f62e1ab33b9b500c34c8-4956220.o
modified: 3/6/f26012b5848a2df4e396f0ec83068f-17008.manifest
modified: 8/1/5b8b87a6ae4977227274d201007da1-46600.manifest
modified: e/3/00fc5058d897665d3c6205fb525f94-4399391.o
modified: b/c/168ccd9f70e10d235f187125941633-3022.manifest
modified: 2/3/f8dd12117ecda5a852058afcb73eaa-4948640.o
modified: a/5/2f7d1d086c5faa38618722e8ce4471-2857.manifest
modified: 3/2/87ee4b60a438bc62cb3a47286b9253-4883507.o
modified: d/6/29ed7f82a5de138251408a8937b223-5036276.o
modified: 8/2/311c33258877e1a590b38704923297-19445.manifest
modified: 2/c/f28d2e4772cad4707c964846fea497-4588805.o
modified: b/stats
modified: f/e/e2a853419d41d8e4e37c87c24a984b-2265.manifest
modified: 1/a/f534e1ee2d587bdb9b94257e4316bf-7018.manifest
created: 5/7/98d9fc1cf2bcb1a694021763e6f052-115117.manifest
modified: f/d/3218dc170a2d3ada988707a8e30964-13823.manifest
modified: 1/2/22159ac71b845ae71cb88033804ca4-4519717.o
modified: 7/f/3dcb59fb42ac24352bd2b863276938-2198.manifest
modified: 4/1/2dbe08a530a009c86b8ba9ad0a11de-4842571.o
modified: 1/3/a9543514af858dff9dc8c3e9da1d88-4439139.o
modified: 6/f/ef7a12acab05ccf74398116cd17378-3517.manifest
modified: b/a/30f0e52e7a8331d7dbfef6d8a7e15f-7447.manifest
modified: 7/f/60aace88593885e5107f86c0e4f0e7-5900377.o
modified: c/8/ef6b3ef9efbdb8e5101dd78271b116-8043.manifest
modified: 8/0/5992309255864b9bff063c8ea226ea-7325.manifest
modified: d/d/713594dd6d02b5442099681cd1c426-16236.manifest
modified: 8/stats
created: a/f/273b9953c5c31e7da017ceb1a8db63-4473169.o
modified: e/6/abfc07b5e7fed6abc0184c55258e53-5925.manifest
modified: 0/3/44d02685dd9fae2c3281846f62625c-3452.manifest
modified: 6/e/920163f0e922e71b6e44a3fca07eeb-16402.manifest
modified: 6/e/956d02e907170778b0dbdbc261bfb2-2886.manifest
created: 0/f/4fb7f12ddeed5916170c2707442fd3-24806.manifest
modified: 6/8/a65e669f3d57a9e543fd59de653a65-47179.manifest
modified: f/e/cfc097b8f924b404d2c580e2f98d2f-14732.manifest
modified: d/3/f036cfb0e0072da2c67fe713356fae-4839197.o
modified: a/stats
modified: c/5/1245ee57e114f3866a9a676035d86f-3352540.o
modified: 9/5/37b6e92ffa18d0b3705343df0b6761-4808017.o
modified: 0/0/ad61eb6a692b1a242be275b70b91db-12227.manifest
modified: 6/6/c60c80a5ea737ff4d49ac6e769aa06-20341.manifest
created: 1/3/db8c1e9206e5f76a76e0f77b3721a3-4624976.o
modified: 1/d/69214b7e32633a1681e085cb7bc12d-2520.manifest
modified: f/f/774e6b63635ef3270040cbc6062eda-2864.manifest
modified: b/b/6fc45b7997926c065f843b5a588042-2719.manifest
modified: f/c/fd0e3a11de86c80dbdca900c5fe74a-3409.manifest
modified: 4/6/fda920cac1207e6da6ccd1633e5d3e-5072035.o
modified: a/6/487342f42131bb00abeb1b6509e5e3-2966.manifest
modified: f/e/51134cbfa657d4505767073abed597-3438.manifest
modified: 2/d/8fea7e768adcebf90b574be4eb1bec-2912210.o
modified: d/8/0b7bb9c54e68457be3ad6c24992d31-5001770.o
created: a/b/35421e920c89c635c2a7a5fcf03293-12836.manifest
modified: e/3/8ac1dcd51c6ffe3cbfa437d0e31295-4827935.o
modified: 5/stats
modified: a/e/c4b07afd24b00320c714e0cf978435-4838.manifest
modified: 0/c/4060d6337a72fdec58c7c8067c0f5e-12303.manifest
modified: 6/5/c1fda47212a771ddd5e67b0b0054db-2171.manifest
modified: 6/8/34387f36ce083126db721cbb7058a1-4844.manifest
modified: 0/0/a68ade91a49c56d6fe4e3689a91c0e-3772.manifest
modified: 6/1/6719fb2b7c7ae61ba8fcca65df5e7e-3387657.o
modified: 6/f/630d36cec957040e93ef149a6e5773-8185.manifest
modified: 0/b/693b2dd693e69bd77e115b758d46f8-3769.manifest
created: 6/f/520c827c539b6f4cac56a18df94886-1667332.o
modified: 4/stats
modified: 5/2/94918ebccedd6c5c7f6c16d7cc0656-6488.manifest
created: a/3/4855c89dc9d83b2e2d539771aafb34-106986.manifest
modified: 9/0/e1c071239eab30ae486a12d77bce20-4913266.o
modified: 9/3/2d87d49ec9d5f95edf442e31dd6ad9-6006617.o
modified: 4/a/b54faa5e81276b55595ad517b2e881-4815886.o
modified: 8/a/e0c00eb46a397acee94d1aa0976698-2655.manifest
modified: 8/8/d14ed443209128a6931e1933a5d332-38807.manifest
modified: d/6/105eb5f785af0ca2062453ecc01930-4948788.o
modified: 0/e/7a398b4800c2d6b776ec79151ea200-3437.manifest
modified: b/a/0ccab1f5ecf0d99abff33bdcd6c3a2-2581.manifest
modified: 4/a/0aef4a943bc635c34168986d9ccb0f-3737.manifest
modified: 6/c/407617dcb347e777a5e6340a633c46-21202.manifest
modified: 9/0/87a34fb083432bf8b533b472be21ed-4829845.o
modified: b/f/79891007eac34820a2f398e0350499-2246.manifest
modified: 8/4/566df61b5354cb21cf3a28f681358e-63901.manifest
modified: 2/a/5efb19105e47861bc6831e920f5147-4994151.o
modified: 5/4/53403636f0e287046dea655c33dffd-2077.manifest
modified: 9/7/49bb36724c1fe08d7fcd21340a39e4-4870948.o
modified: d/f/f19e50fc27a8bd002bcf098f0ee092-4504894.o
modified: 2/e/e3fd3c5152f3b37ba8e075ce96ad25-3327.manifest
modified: d/f/8a2bf8b74527cde94b19034264cdc6-18012.manifest
modified: a/e/d4188ff6e1a45d3d30a025d8c80778-2875.manifest
modified: b/3/15131b0cf31cc1006038b31f715c4d-3026.manifest
modified: e/2/a295e32f41ed9817d876f2bbfa087a-4831362.o
modified: a/0/5d887d1ef70652394c62f9f9dfb94c-7298.manifest
modified: 4/b/7b42cc9242d406689dfc3f356bc0c2-4520713.o
modified: 8/c/007b5b88b71794eaed9049da31e97b-3607.manifest
modified: f/3/0390e64803cf49cc2e4fb14d79bcd0-5199.manifest
modified: 9/stats
modified: 0/9/7f1c4cea266aee3ee48f8c801177b8-5850.manifest
modified: b/9/55cf43089e37630c3d41d854e81334-3304.manifest
modified: f/6/103a851e4e00256ca91b7938714c3a-51555.manifest
modified: 3/e/bec6b8945acfac2bd7961f54ae75ea-4438915.o
modified: 5/5/d22e6a1de46f8629c690bf09d746c3-3802.manifest
modified: c/4/52c90a2ab2acdf567bc98d6dde1a66-5915.manifest
modified: 2/stats
modified: 2/5/a608d4dc8e6f962712283b8e2c2a2c-7835406.o
modified: 5/3/77021ddbe9de55681810a2c81245ab-2518.manifest
modified: 0/a/dd67dee39e824aebb8046b7e4b8250-4857.manifest
modified: 1/a/6170b0fdfff51d23320e925846a951-7930.manifest
modified: 6/1/011a0d83422159adbfe39aabcfd381-5013497.o
modified: 9/5/426b221efd345c0042bd6cf9a97922-18972.manifest
modified: 6/d/b9d2bdcea7dc62c39b95d8eb1cc230-4646390.o
modified: 7/6/7cfe7d1de0af407689a99a27e45303-5028823.o
modified: 8/b/73b226c40109b521c0d0716d9b227a-31711.manifest
modified: b/2/5c6a8f74a00521cc7d0946f3141da2-7257.manifest
modified: c/7/62b461236eb735b25e89f2d46f0ade-16790.manifest
modified: e/a/ecb662a52e4393bc52bebbfb8ba187-4500455.o
modified: 9/9/c9f67a55ded7bfb16f04b8ae584336-14136.manifest
modified: 5/9/33921f3bf1363180084b4760ab640b-4406.manifest
modified: e/b/e2986a6db7d3f6a5a45e5f768f8553-10473.manifest
created: d/7/5c185a68e9312dcc7f2d1ebfe7f33f-3370571.o
modified: a/8/4ff036beea2365b1d981bb9d0c0390-10537.manifest
modified: 7/a/c455c198ad423ac54792f2a7758c96-4947537.o
modified: 6/stats
created: e/6/789827ea6c8c858ada34f50caf2403-49843.manifest
modified: a/4/b922d6ee87b90aeb5bafb608ad9503-2509.manifest
modified: e/stats
modified: 1/f/73ae14326bf978f89f9b9a5b631277-18833.manifest
modified: 5/7/46775c5d409a6fc193374437fa7052-52719.manifest
created: d/f/8f083b28e195450a0eef9da9ab3ca6-5016724.o
modified: 7/f/f02ce2fb278ff20e6e6fd65b0c48fe-4872017.o
modified: c/6/2a632258e4699fd6f0cae82f1c823e-13476.manifest
modified: 9/8/19fcfaa0593118664e089907cb7abc-4947746.o
modified: 9/e/311e7609b7c050bbf1938d8b137fd0-5255.manifest
modified: 8/a/6f40f4f324637c82d36cd56e5d4c5a-2438.manifest
modified: f/c/9348c340f38500e42e98f93c1a8163-17726.manifest
modified: 3/d/05d67f505389e2769e2b15b6a7f961-6368.manifest
modified: 0/0/997c9a5ee756716178fb1b9c9b196e-9684.manifest
modified: 4/4/267c9f4197c3ee27938d34f8a8a5f8-4814618.o
modified: 8/7/6857b349548d995f7345215243fe32-6095.manifest
modified: a/1/45564023ed6a5cc2e82cc833082c63-8713.manifest
modified: 5/8/128760e77f837cb577bf15f5467959-5102.manifest
modified: d/b/900b72e47628c8cb892a2903a0816c-4564627.o
modified: 1/a/8da7f7d79ecd39bb5fba81c2ca8c60-33146.manifest
modified: a/e/68c55258bfad7cc744527e9624a100-61445.manifest
modified: 8/f/305bdeed1b04658c34bcfb24a892de-6250.manifest
modified: a/a/1ecdf0c5cf5343a650fe730231e056-2609.manifest
modified: c/4/6fd5447782cda9fc7e6f67a7e7a772-7413.manifest
modified: 7/9/c732a064a2aac3413e7871f6f227d4-4927449.o
modified: 5/2/c24a819cb652ae31515e714471b2ff-5898.manifest
modified: f/7/d4458c73fa0c7b72c191617e3f3c58-2900.manifest
modified: b/a/bad1ca764d20287041777f67c41e64-44194.manifest
modified: 4/0/905b00999b659d68bfcd838e373566-4852208.o
modified: e/7/fa2f37934af3f1d72e2bf909a83109-7076.manifest
created: c/c/f16a2b2debf3f72026c90a0b8f8b6c-1868103.o
modified: 1/3/cb31287634a61f298c1d8e058809b7-3461409.o
deleted: e/f/a8cd61ebd0dca0158cdddcccd37c1f-4979705.o
deleted: 1/e/680e3062096b264289072213040e6c-3096104.o
deleted: 2/f/0b696d06be254800acef7a2fe1c7c3-1457752.o
deleted: 4/a/14690b4a004fb246d6f82689152d11-1941488.o
deleted: 4/a/320a6d99c919efe11e24c29ff29731-3963170.o
deleted: c/b/dc47ac40fe2eb3968069bf9c0f6346-2495456.o
deleted: 4/0/568fd68958abc9288ca487108089fe-2943.manifest
deleted: c/6/b38784f0dfe605d9e7bc87162f42d8-33895.manifest
deleted: 2/7/4997867b377ae94c7163b162938c1e-1416909.o
deleted: 2/a/e83ce67e931cf940317386e1ae789e-1512345.o
deleted: 2/5/a25c1210ce9236a4a8b94029d7934a-21353.manifest
deleted: 4/b/59fb1a7250a39d4c46c7d88a97e4bd-7231.manifest
deleted: 2/4/776a75a254328740add1fc1b7e7a81-4625040.o
deleted: e/0/a3b605adfe3d5e96e56d8573e9f312-1868103.o
deleted: 2/e/281495fed89deb08212744ff8a2d85-3560.manifest
deleted: 4/f/15e2b526d1e45b81dfa2e2f60fde40-2643.manifest
deleted: c/9/e9f2ce4bf887a35e245ac40880a742-7335.manifest
deleted: 2/b/1590fdedf34e3d1261fa2df2a5bba1-359133.o
deleted: 2/e/88f48deff409fe1277375b45788118-5777663.o
deleted: 4/6/fc9e5b3f8dc34516906a996f2f196e-4995161.o
deleted: 4/8/6d02431f18b3ba56cd6e47f97bdaef-2103032.o
deleted: 4/1/4da0c4f845c18648eb5cc3fa455621-10522.manifest
deleted: 2/f/311c4b7c772e5b8b4419fcab490179-1520101.o
deleted: 1/7/b4386deacfa73f923b877f3ae9754a-3162017.o
deleted: 6/b/52f536ae3367956f3b70408e74f376-24843.manifest
deleted: 4/3/bae458174746559d31f1c3e14f596f-3022080.o
deleted: 1/4/fcdb6152a557d7a365d6d050fa80a5-2505912.o
deleted: 4/b/cb73ac48875ebbe53707e14278820f-4921663.o
deleted: 6/8/860c77803fabf8cd80324132a973b4-49987.manifest
deleted: 4/9/fd429beed0fed8341e66ebe72c1abf-4186.manifest
deleted: 1/9/3e5a182eac636b8cef3849a5a8f29d-7632.manifest
deleted: 1/f/075b3025b7a53e43fafdb82d64e447-4837435.o
deleted: e/0/f00790ee4f8955d72930becee4aeb1-2511989.o
ccache cache size is 204Mb.
Uploading cache ccache...