SHA for cache folders (C:\Users\ContainerAdministrator\AppData\Local\ccache) is 'a6426279e1efdb7860bef28838392cd128d205c9993e4a4610d64cd9b2d1debb'
Cache ccache has changed!
List of changes for cache folders (C:\Users\ContainerAdministrator\AppData\Local\ccache):
modified: 2\f\stats
created: 7\4\e5fm965qf19053pemembc3r9d3ihfq2R
modified: c\a\stats
created: 9\f\478gnvtj1gbhg8b5rb4n6jd7kl4fom6M
created: 3\3\41pbb7etotptes9jfrdv26a36pk4m8sR
modified: 5\4\19g900aj0sq6kmc5a5roqvqdjaiq6msM
created: a\2\336bf5cvbn568el16ciu2q7adlimg8kM
created: c\6\b4nhnhmlj19djvi7kpr2ha5j75h9q7cR
created: 6\d\aefg81pahcmjfa42q8co81cok7nrjg2R
modified: a\3\8fe0i6siop08kcd332okumpme0bnpqiR
modified: 5\1\stats
modified: d\2\stats
modified: 2\0\stats
modified: 1\6\stats
modified: 2\c\11qik1l9n6japopusn30i3rthd85f0uM
modified: 6\6\2f5ai7794a5h1jb5knn8v695a761b3aM
created: b\d\b7cv9fpv3s4h2eke5vpr3g0ls09jc44R
created: 1\5\de8bk7305bma01neu37mjr1gg5thdduR
modified: 4\b\stats
created: 6\1\f439jps2oq96otm5b64d58kjsi19lcgR
modified: 7\0\0c12d154epor6ddt7rqj41419d1q52sM
modified: 0\b\stats
created: a\e\e5cjo73hjtfrtjudgsgdgm29oir6ap6R
modified: b\2\stats
modified: 9\stats
created: 5\1\d0172k9o6smg7f7fg015hjgfgnc8pkiR
modified: 5\7\4bfnd14or11ifghjb80cu7isgbv9d92M
modified: b\e\b8ilckrufcb3441i9g9b174bu6burpcM
modified: d\3\52gcv1uual28j9da2nuj6pl4etngkgcM
created: 8\f\36pifsjmvrl56s95gn5tfcir3b656fgR
created: f\b\a9001bcrjk0rbt3v443cj0khvtiviq2R
created: 0\6\a5j4agmdard7bnc584bs1v7d3lklrs4R
created: 5\1\068k1nubnb7r8a3ae56bppjpcruq87sR
created: 5\a\4bhb5eobcm79cpllqkhmjtagdhj3ebaR
modified: e\6\21mq92dtbcva6suob9gqcr50jbj96kiM
modified: b\8\6dbs4ons0qh5lumrvjp1ncin5ccuq6kM
created: d\3\ea57brdrqimvlf9jvuve6qgsg5n575mR
modified: d\d\b6toomo44mfcanmslblff8ur6k1batiM
modified: 5\e\stats
modified: e\b\stats
modified: 3\f\stats
modified: 1\stats
modified: 6\9\stats
modified: f\8\stats
created: 7\5\674r7t3ue8ctk26hkfa4qj9onqeqbqaR
modified: b\9\stats
created: f\7\7fopdj0gk2huvhp3l4ncriqj1qh0p8sM
created: a\1\04h0nddt5ggtv2npjj3fau82524jktcR
created: 0\2\4e9dqt6mhqevcltd2dopq8fglq80fkqM
modified: 3\stats
created: c\f\3esip22uuj4sieed90cp7niefahupbaR
created: 1\2\21nei4jlfuedkil52m5ghcd58n2fbq8M
modified: 3\8\132a3sedf9k5kr9iblu5eo8danvco46M
created: 7\7\b55rftuf6pvk0seodctdj48r91lvjf0R
modified: 7\e\stats
modified: 8\f\stats
modified: f\5\stats
created: d\1\5f930sj2svq6qbqf5hce2tibkjjt652M
modified: b\6\6b6jfkbf2l0tdfss5b8hfh4j2dedehsM
modified: b\6\6fjkdsu26vbcn3p155gtatlakj7h33cM
modified: 3\9\0a3uen84ivrao7lcu2op9dlf5n7sq04R
created: 7\c\2a1o37s5aqpac7im7ldss8lb50ulckcR
modified: 1\f\stats
created: 8\c\6044gsj574o9fo18e68qcqsgehev5mgR
modified: 3\3\stats
modified: f\4\stats
modified: 7\1\stats
modified: 7\a\d81mldt0rplmllm3uthrh9hencqvhskM
modified: a\6\stats
created: 6\8\5ahc8493fid2h3nh4j6ujluq7gd4kumM
created: 8\5\76evvea7p7bj10kdvlop90ja59bcjksR
modified: c\5\c3k6mt547h71oie0t9q4lvksj3sd4seM
modified: 4\5\stats
modified: e\8\stats
modified: 6\8\stats
modified: 9\b\stats
modified: a\4\stats
created: d\4\00s7jv7qt9gr1ag58hq5s4e1iv9eoqsR
modified: 8\8\stats
created: 4\f\ffsj623j3hoafuumnekd6f6321u9j16R
modified: 7\6\6ap3cf5g71rrugsmg793onqn0p03p9aM
created: f\f\986p0utd0jt9il3867dl3ko1re03iuqR
modified: 6\a\48dhlcco4bsrv7bgog4odkdteep6np2M
created: 4\3\ff3ap60jkqn5nn1nb4lq1e4dd3rtoumR
modified: d\3\809rq9epmibc0c40qkrk5b95v1bed80M
modified: d\8\1aahanfiu347i90pg2dptr306utvc48M
created: 2\4\01fmrgndookbphei7j54eock7sgu5u6R
modified: f\f\28qvob82432qc7e50nsqk67b2ebgm9cM
modified: 3\9\stats
created: 8\a\3b2e1htvkkpj1dlsa2qgnacdq8kdee8M
created: a\d\ef6lcqmbpodn3a5n68ncc37t3c4jvjcM
modified: 9\2\stats
modified: c\5\f154ttadaf0257ln9h7rr40ha0m39ggM
created: 7\b\2c25rm7vsi93q43nr1ucs4e8rj4eunmM
modified: 4\e\stats
created: 9\4\73malfl67ofjjsalbjm5ljhi52t33luR
modified: c\0\2fntshnqe9jp22tgvov6mvj2g3rnl0cM
modified: e\6\stats
modified: 2\stats
modified: 2\8\9fl7nepq4submg0ahfm8n37kctq0r04M
created: 5\c\1d0dudcmqqkun6e8pgppn18b44ct1bsR
created: 9\e\da9sqq8shkfh2g64l5lgqfuuadm485mR
created: 0\e\9emkq3do082afte8udflonhr7o1btqoM
modified: 5\6\81fv7ibmd642nma12fmp0c3fem497ekM
modified: d\d\stats
modified: e\d\stats
created: f\9\5bkl7hjq1i3g2j2k6tt40mn4168n894R
modified: 2\1\stats
created: 4\9\9bkfave7bl9uv2o5d4le83jos8o294mM
modified: 7\0\stats
modified: d\4\a3gcnmbkr0o0eijlc5n1815t0ga6b3cM
modified: 7\b\stats
created: 2\f\ec562hllnlq4ggagq3ats1kad2r8s7cM
modified: 7\c\stats
created: 2\8\8fb8t462cuauej3kpnfvjcmd3gi15mqR
modified: 8\2\stats
created: d\a\dcsj0toutbd5o8kunbplmcttuvibieqR
created: f\d\dfokgiprc56cqja4usbhmofmsp3dge2R
created: 5\4\3f4k728jq8pinuh8tcg95folr7ure9iM
modified: 5\7\478d3l52lsv1mm6t8kt05fnutcdjis6M
created: 9\c\19g8ht257tmh0c64rlkftg5kh0sou6iR
modified: 1\5\3a8k9j0ri2do11sbfgnc16p031vkepeR
modified: 6\6\stats
modified: 6\7\fa6lovfr19amds5icsed9572kfqvngeM
modified: a\8\26frdn6npsb9d18ots6jt3lors69fq8M
modified: e\2\stats
modified: 6\b\stats
created: b\8\6e9c08hl1jrljv1n9jdiofkdth0qal6R
modified: d\6\stats
modified: e\f\9f4mfmt1bhfckcufo0le1eknujmg1b2M
modified: 1\6\9393b7s5kbmugv4snglnvghif618brmM
modified: 8\3\stats
created: 9\d\91pegv3dof9l5olmef2jb27253q9h6sR
created: c\8\14l80vbchbdq7is7hd8q0p3noafu9gaR
created: d\4\103mfe2p4g2rkvvrbqea3h5blg4tbcmR
created: 4\2\09l1hj0bnmjs5moe70qk4mjsl3lj9ruM
modified: 4\a\stats
modified: 6\7\c9a5qdv444tgakv0kt63s5e09f68994M
modified: d\8\stats
modified: 1\4\stats
created: 6\3\437ro0sa423o3oojm9e7tqms9f75vd2R
modified: f\2\stats
created: 5\c\35g4h59dhead5tk9im9j76vmgk8sojqM
created: 7\5\19uidil3j5duhhs1abp2qv6bds8re2uM
created: b\9\124vksc74ukn8nhea02a0qnq99qn094R
modified: 8\7\a410ukdo1humj02r6grto0v5jqq459gM
modified: 8\a\8ehfs8feivuv3bea720j20bqkcevtniM
modified: 9\a\stats
created: 1\0\fcbrs8aipgi5vk2u3slcej76ncpmfkeM
modified: 9\f\stats
created: a\f\a6d57es66ee9o2341gf5j5k8k921o5cR
created: 4\5\009ksfaaejoodhqpmnacqe3qpp3qh6qM
created: c\7\1e7uq3b0l8olir2u4ug7hcerou9b39sM
modified: 3\d\stats
modified: c\4\stats
created: 3\b\cbls1cvesav9idbai8j0fpo6l66hd8kR
modified: 8\c\stats
modified: a\3\9e35uptrcu5d4s0gsrtqc1d76fql0suM
created: e\4\30hbc4cljs1qo7sdaddjf47lii29bjcR
modified: 4\6\52cfe73fe7ba8n0sqc563sutocuri7mM
modified: 6\5\stats
modified: 3\c\stats
modified: 4\d\stats
modified: a\8\stats
modified: 0\9\stats
modified: e\4\3954jusq6dvhhuef266jaeflrjhfg4mM
created: b\d\8195mb6vbcegv3qbtccsdl6g5mu5ph0R
modified: 5\stats
created: 8\1\c7t3ansuvif8nc89eaqtlo137o5gc6eM
modified: a\a\stats
modified: b\9\4793oj6ha71clkoeqd0fsd5339kh590M
created: b\4\30b7mc934222h16is8ctn7kjhog19sgR
modified: d\e\8901n1q2fej8acsh9n0b3hsluqj4g76M
modified: 5\7\84t18bes3vhni7sb275r05dr0avma4eM
created: b\c\f8iu9v5vsu25pavel7egfchlrajcs9iR
created: f\0\74prr1hm3rdhatfoomj2lb9ica76e8eR
modified: 2\c\stats
modified: 6\7\dbh7jpmoko1smo36ojr6ghoucodiuacM
created: 8\9\21par59uim1bnnfhohap2mkb91lg1rsR
modified: 9\a\a94hpt2dju2o24ddq1o3emocs1vbp4mM
created: 3\c\9fnd6mi3hntrslv9gbb5ha5oek9blb4R
modified: c\e\stats
modified: 6\2\stats
modified: a\6\fes6au0qv6ddppp9fgj2eron24hu8qaM
created: b\e\8dlmhokio1n3d252h0t9jvi28oeu3t0R
modified: 0\d\stats
created: 8\e\fbtqqnepp3blko51peq0cgbcotvpqd6M
created: e\d\2dr3h5h64cs9jcp38vbq6i5bick9tpeM
modified: 0\a\2dg32pshbv8gttcaedoeaeff6b1o3omM
created: a\a\149d562cgnm2432mrhkqfga3teo62oaR
modified: b\0\7bdrkrracgu32sl961c2khti2tttq2kM
modified: c\7\stats
created: d\b\2a8ha8037fjoom8c30c2flqehm3maq4R
created: e\b\9amk6sn8fhuppl5bom5vcei9mpjp742R
modified: 4\2\stats
created: c\0\72nq2lu6s1i1bm78r61itltgprjq5quM
created: 0\e\7bpk5tj2k82ppanl050fb5li4jggtquM
modified: 3\e\stats
modified: 5\6\stats
created: 7\f\aedg5ctt2c796edko3pvmj28udjgmvmR
modified: f\d\stats
created: 1\5\825qlbnqemqoon0lv9bvoamlbkto6giR
modified: 5\7\stats
created: a\c\2735l9rp2g6jrj5a2uas9lhlf4ji0qaM
modified: f\0\stats
modified: 4\stats
modified: b\8\20jeh3c71dmlnp8e7t5vrngant2gg6mM
modified: e\a\stats
modified: 4\e\d7aoh8cbarsqj917p11pfni58betb6eM
modified: 9\d\63moc7u9tiu2easrk40iduup37v9gngM
modified: d\6\a11dvqs4rm0h5d7r2vkdv43bashtge2M
modified: f\f\b6f9pr03ih4lu4chhfc1rnreigs6od6M
modified: d\stats
modified: a\9\stats
modified: 3\4\stats
modified: 6\c\5acuod7hhjiupnd93bu4ktaic5motduM
modified: 7\3\ceghj20qnpblek0ges1deto832kdlogM
modified: 9\e\stats
created: e\9\a8bckoptnk75flj1744mj55rd1tun10M
modified: f\b\stats
created: 4\3\9eanljbb80v7b4r5kcsbf4at5o7to3sR
modified: 2\5\stats
created: 9\c\67gcahssbt77nqqbnmiicggi01k3eoaM
modified: a\c\stats
modified: 6\8\bbppu02oqfmk2deelfs7094euad534uM
modified: e\c\1a6b4okc936dj97pg6g4sdq45omdmjqM
modified: 1\1\stats
created: 3\e\c98s33qnjfm56er3530sd2k88jouac2R
modified: b\a\stats
created: d\b\269krqa26rkkcdh1gnb30oih5vc966aM
modified: 6\d\86rpqbpb0dltiu695n3in22vt2gfbvgM
created: a\3\3fu500jgh8qhttdvj01vbgv8ht72j1mR
modified: 5\f\stats
created: d\8\b9ogrfjfnuhbp2au7prhu7ph4ml7ck4R
modified: 1\2\0bkg09s7ciufh6o5jl6p27844f2n4o0M
created: 4\8\efragvdqij7khknrpjknohvqao8favkM
modified: 7\2\61b15fd8ob8chvh7doo57pc4dsq371aM
created: c\7\a5c44p8aonmlofmf1038li86ek43itaR
modified: 3\b\5cttvjcqop27lishpjpb8ntri0pna9oM
modified: a\1\stats
modified: 8\stats
modified: d\1\19d69p83p2bl9l4pjnfk7phpsp2dsjeM
modified: d\d\a0d67e1r8ge10m7lidk5uce3a9v5rvcM
created: e\1\fdk5er4k5lbms3dqv79srcii6mpf7diM
modified: e\5\stats
modified: f\6\stats
created: 7\7\00tvt3p6aura9a0ilpbiemfsa7gm7keR
created: a\7\35ud9na79q9g8d3airc9recrfcvshegR
created: 2\b\03o7sgfe2201j8ocucsb5dgdd2c6j7qM
modified: 5\2\27i3l97erdkm2hoa82o2kmpc73bdifqM
modified: 2\7\stats
modified: 0\stats
modified: 3\6\dbhfl8757t6ame01n9jtdg1mb87gb1iM
created: 1\c\cbihtvg4chc868kqif4rbvpdc7k8fn4M
modified: 7\stats
created: 8\a\768tqho2agol4celkitmf32bf4dk9csM
modified: b\stats
created: 4\f\6f7qqijp06d8blna44p1dmtg32mhdcgR
modified: 4\f\1ahok12ohq2ipgacol2nae80cqt6vnuM
created: 5\7\c3r0nhgpqe4uatmtn9iug0n7bnsnvocR
modified: 9\a\965kf303tibgn2fe65cc9cjqf55ob02M
modified: 1\0\stats
modified: 8\b\stats
modified: 5\c\stats
created: 0\9\ccm49he5vuum9mmctitero9gtil9tj4R
modified: e\c\stats
modified: 7\8\stats
created: 9\f\282apgruh84s1j66mo5luqoe89u8nksR
created: c\a\41r2psivhq7ln59foo3sog3ptf34gfgR
created: c\c\d8bqmej42khmfk07dev9di8clkaogr6R
modified: 0\c\0c1im45foqfdtseorrck44jttai2vqcM
created: 2\e\6benof9leilofk9b1j27s5j31b5hdaqM
created: 3\4\7flaq63ntltmss4p1dgene2kk3gtbs8R
modified: 3\a\99n20dqptd4glqsgsbgq13bjt6mqsr0M
modified: 5\d\0fls5p98g5de0q8rj6s29vrgl4s1qa6M
modified: 8\7\stats
created: a\5\demet5ik4q60fqjfucqvvb4e0lf1j3uM
modified: a\b\stats
modified: 8\1\04l9qbughif88ehm938iuinte9kmjdcM
created: 3\7\eag3edfqq3al8vgpr9evpci7o0sihucR
modified: 4\3\df9tsr0kv0eapf9pbnff0tets3r7qjsM
created: 8\5\1eiil1af9k0j6mkcds150hojqdkp7coM
modified: a\3\stats
modified: f\a\82jrgu16hmg4vhklfb4alpr5s6t5vkqM
modified: 2\e\stats
modified: c\2\c74pub5tg51c2ba41mrp1lbi7346dleM
modified: 2\6\stats
created: a\e\f8bdbnjr7v28hcdbn04bp82dus3q6skR
created: 5\5\7e0v5fq62nm317qqpa42p7tbj9664p4M
modified: c\8\stats
modified: 4\f\stats
created: 6\c\67s3q6l0hrh96b0943tlj8l06tlra8qR
created: 9\9\d5ii5vu4bqmue3nlauule8o6mlgo4sgM
modified: e\1\stats
created: 2\f\707d8di8rvu2qntm4k0s79p54aj1i0aR
modified: b\3\stats
modified: b\f\stats
created: 0\9\d51eur2g0fplvlsgqf9nucs9gib6518M
modified: 9\3\stats
modified: c\c\ceaekn99l2ce32tm9qoulunip9cvcreM
created: 2\3\e1hqod96aofu4fguidjqck34udh3cccR
created: e\c\93472lahcfc889fhlv9620eol8m51t2M
modified: 8\a\stats
modified: 9\0\stats
created: 8\c\5eli5ts54cut110ut4p2pf7cmeqm3neM
modified: b\6\stats
modified: 2\8\stats
created: 3\3\f89f2r4b68lpdnaa0l511mkt4u79kusM
modified: 5\9\stats
modified: 7\9\stats
created: 9\f\f2hj8o30glpp830h7ufk1hlvu3bfokgR
modified: 1\3\stats
modified: a\4\33qrekl25bncscanonvi9qbg20isl2gR
modified: 4\4\stats
modified: 5\f\b5t8s1bsjhbgsekptcolulq7rpgtgduM
modified: 6\0\7fm52f49faigsmtedcadjrsd8vkbb8cM
created: a\c\e1sumeu8m3t6m02hq44buhgmatgqk52R
created: e\1\30jjhreadlgf5n83s9kgsjdkqm8qh8qR
modified: d\a\ffctrlc028ma9of91k5romserrpg00iR
modified: 0\9\12u2430k7dtsakrriqdo5rk5v42vreoM
modified: a\0\stats
modified: c\c\stats
created: d\c\eajg1n0gtjck8fuj1mchkmfiacdtco6M
modified: 4\7\stats
created: 5\9\516s0269kb296n4o5jf3rqqtkr12e9eR
modified: 3\9\a6j56v63ieco7k3gur6tu9btso6ven6M
modified: 4\8\stats
modified: 9\d\19a1528392hsgipfjho3atfnh4b6um6M
modified: a\2\stats
created: d\8\f6cthjrs9qa4sas6hje4pa29rchgq58R
modified: 1\a\stats
modified: f\9\stats
created: a\4\fb4hp7eals78iqk8h3f5dnfiqerd8boR
modified: c\6\stats
created: e\8\52nipd5085fp7harj4bkjtjlemdb1imM
created: 2\7\c56sf9gnsnjfdn8mutc7vhji3n7a8e6R
created: 1\e\9259tms4ajdgqi5sc1neqisvppegf0cM
modified: 1\d\stats
modified: 8\5\stats
created: f\7\c1o2ne6tfs0bq51lg862n7v0cq9l0n6M
modified: 0\4\stats
created: d\4\9ep6qppvcdq9o34f0eemflk23rnatqaM
modified: f\3\3b8g67q0m73n76vt55bfd72tue3h8k2M
created: 0\4\a1iue3tubn2v8iuarjcrf67fu4l8hpsR
modified: d\7\0fgobbuovufd8vsu0lkgrve2ba1or7mM
created: d\b\ceeme6e0593b2a6bnu7ekpjss29bp0eM
modified: 6\f\397fgko5c9qip3lq9eahhqe4dudjkt8M
created: a\a\dbotbuakfmjeljibf3ensmskb9td9q2R
modified: e\stats
created: 7\f\b2vg7h4ohbeft55viu3cv7ptkcbjh5uR
created: c\c\11nq57j7siojoli8hqre11iepqv0qasR
modified: 6\a\2689g08ndhi2o351nu4t3vtgf31g8vkM
modified: a\d\stats
modified: e\f\stats
modified: 4\0\stats
modified: b\4\bcq1hh5coejq7oa15p9l0il84gj3sj0R
created: e\6\20cfqbvn7snp77jnitdpq4k9em961l4R
modified: e\7\a6eg36ddco7p45hdgefmcmv7e1f6h60M
modified: 6\4\336lj0mcnvb282smpnecesjcn4mm1sqM
modified: 3\1\0448petfae409vjmu4bath9gljarps6M
modified: 8\9\11gmgo0rlu5dcsg7l90fboqc2cg72ncM
modified: a\e\stats
created: 2\2\9bftt2mfeeqmuftal8teg5mn2gv2pk2M
created: 0\c\92hor64l77def3ql8r7fuqj3b1v3duuR
modified: 6\0\stats
modified: 0\0\11fg1pi95mqp87crtnqn9oq0hupc8i2M
created: 1\b\0a757ahkmu02ov6j2eiod8tauq2gv52R
created: 6\e\4brb7q0anjhj9u8gqob6e6p832cc8p0R
modified: 7\7\stats
modified: c\1\stats
modified: 0\1\stats
modified: f\e\stats
modified: 3\6\stats
created: 7\7\10itpb5ph8s5a3cq6cojk2op0l3fhk8R
modified: 6\4\ab4sc628g208mre7r0k0uqbr7qrghomM
created: 6\b\5fp8r24sikno41eqsr38l6m6uvb152uR
modified: a\d\312vu3bkgjd4dtltsfue5e7i34u7p6iM
created: d\1\48q3i893i62pjjm06baanugkispq31aR
created: b\3\d3t0gnvuuperkl4utjtmetm07pnnuvkR
modified: d\9\stats
modified: 3\e\0a3vrehefag0t68hs5maaigu8go9qfeM
modified: f\1\stats
modified: 5\3\stats
created: c\7\c4blu68tms549reif86o8tnut0ddookR
modified: 4\1\stats
modified: a\4\fd4tmkjbc7evgi7ndj4hjjd8fv6q0l6M
created: 0\a\bfif1phgoi0pquis7ee9gjgjog710m0R
created: 6\0\4bp3lkfceng6bngi6jdlhu9q6nur4geR
created: 7\4\bfnmp4mpo8gre2itcfsk7gjplaj6hgaR
created: e\1\57vp7318e3e708oddsc006rmafq7n3gM
modified: f\5\70j2pbnv538d8cfqs2gmbick9k4mikeM
modified: f\a\stats
created: 4\2\e4gij37985nosb0h25912v5mj7v5fpeM
modified: 3\3\e8b8pm276l3vud1hgk9ndq9g6c3c27iM
modified: 6\4\9eh4ikuqa6t4297ouue6hjg0rtr21aoR
created: 6\d\bd0t14gk7sourm4aec9tbalg7l4ivukM
modified: 7\2\dea6jl545754t2shp9pa41salji57miM
modified: 8\d\stats
modified: 6\3\stats
modified: 6\a\stats
created: 1\a\72gurvgmplganerkm4c0d7imdijveheR
created: 8\6\a0j1mmo9pj77c72iqjt464mc051f8gkR
modified: 3\e\381o7p3qioj565iml66h78qsukgg910M
modified: c\0\stats
created: 3\f\6fa3ehcmjn1vgvbgj63hrn8oucoi6t2R
created: 5\d\09liphcp7uih68p934jfmoqrid50fb6M
modified: d\0\88oq680gripslmattgt304q51fbuifgM
modified: 7\4\bastb5d92kneobk47gotss2378g8r82M
created: a\1\98jqpttltut82kk665cltdvt7hq9v5kM
modified: d\3\stats
modified: d\c\stats
modified: 3\5\stats
created: 1\f\93orqke1i90mh9jplb2gtv3hg08uia6R
modified: b\7\stats
created: d\f\28qitjjkqvis11asscq5290v8o47tssR
modified: 9\7\stats
modified: f\c\stats
modified: 8\9\stats
created: 3\5\804s0hgsl2omdd133qbe443ig13khhmR
created: 3\5\a50vb4nlh2vqo8d1hjf6ic3e5ml5324R
created: 4\c\1eae4gkc9nla15ut92m98a4e91hl4iqR
modified: 5\e\cbhnam3l8rfurl1tjvtp1jq59fip5teM
created: 7\7\acjhkupc99e6jkn9oqqev5mb8a0o35iR
modified: 9\8\stats
modified: a\8\34bgcdifgr3lv7v50i8ss7jr75pakkuM
modified: d\e\stats
created: 2\a\49tc759is0vd7ajrkcoup5enql0jjpcR
modified: 8\6\stats
modified: 1\6\26qknl2slagcg4nrd9s69q427fubsemR
modified: 5\7\02kultqap0e0pvqpfv27gm10k4f27doR
created: 0\d\3f87t77pueqhh5nlog04vtp45n440aiM
created: f\8\1ebc6g8ijbdt5ms0g95clupo03in7ouM
modified: 4\6\stats
modified: 5\5\stats
created: 6\2\6872092imlddfke9rfcq63nmq8brmh6R
created: 7\9\780oluinhi8g4j3hcta899aa4ts4a8oR
created: 9\c\e7n5pq59l2i7a9p3ggfqck50nekhsdcR
modified: b\4\stats
modified: 0\7\stats
created: f\e\8ch3cvr0o28qseudrsm4hk1oiv3hb2gM
created: a\5\1eukuogg1josg6htbumlphmd8eeailqR
modified: f\6\666fjdfjflc4okaj50r6a1m7madsmkgM
created: f\b\6e7m1di5kdi2v17h2oihjbr4njvp44gM
created: f\d\635t04gtpral9v0eoh94l90o9ch4mfmM
modified: 0\b\7d34rjeaqp8f112e86eo3u519rme1uaM
modified: 2\9\stats
created: 4\6\a2alqld312bavs0ver457vck7vn2bseR
created: a\2\ben3e3gshmhitnh7otg5hjvbapn89huR
created: e\8\75ob9239tubft52odg5hkrvpp8alm0iR
created: 4\5\b42mh87a046lk7j41k0uv6ajicinee4R
modified: e\7\0bm1feg1n25quqdiumdfqpk1doi4q3cM
modified: 4\3\stats
modified: e\3\stats
created: 3\1\1am2j63slf1jhg5ri5cg1ur0v2rpslmR
modified: 7\2\stats
created: 8\e\f10nqvjmf9a0tku8rdut0vsb4ahrgt0M
modified: 9\5\b5i2mulfodaf923ikhiffjm4g08c94sM
modified: 2\6\d04a6m7s5t8gtvf0pskrdee969bn53qM
modified: 2\2\stats
modified: 6\f\stats
modified: 9\4\8eg1o5ml4c6eavbv2c3q529bebmcjaiM
modified: 0\b\8453g0ncpkricu4d8dcumh5uhgmhujuM
modified: c\2\stats
modified: c\3\stats
modified: d\1\stats
created: 7\f\fedsf1c4rqctat45ab53d9qflp7gjr0M
modified: 4\c\b2mcmvqeic5ecqtekg96bjcuvu8ap6uM
modified: 2\3\stats
modified: 5\b\1769sj5a9k8obfju34bgogn38188q90M
modified: 9\a\87tmlqp9gdoquasdaor7fvpagteu4dsM
modified: 7\3\stats
modified: b\3\760n99batgtd4sssusjca96f165pkdsM
created: c\e\8cq467157a5s10s1kjeufe52u60kpncM
modified: e\4\stats
created: b\c\70s9hnpee4lu93shi3jg49h9qhrdir2R
created: f\e\ccova6032rh6nh87gi37let003h1tkmM
modified: 8\a\b46gsvoi2i4ciseemot7a365l51ic1cM
created: b\7\793juaqrcq7hp2pmsnantfkjftuq9joR
modified: 1\b\stats
modified: 9\2\babir6oivkg25pqehufudt9nq5ee766M
modified: b\8\stats
modified: 4\9\stats
modified: 3\1\stats
modified: 9\9\stats
created: 6\3\abe82ue9hggp7gnjai4up6nr3b328haM
modified: 9\1\stats
modified: b\b\stats
created: 5\3\70ffspjjslrimtugro3f8s8rm4c3onqM
modified: 6\stats
modified: c\b\fbm5n5obvqk0pu1h21ofdpb8n7oicloM
created: 1\5\83919ns6baep6ghh35sce574f2o378uM
modified: 6\3\50j0m7n0u8rk0gs185gg3f1ivf5ld52M
modified: 0\5\stats
created: 8\b\ea2502jiogjck1kqb6k24s2cgmfg78uM
created: a\7\99r1pvkc1k5fmcfrqu2h83r525s0it4R
created: b\d\9eigm7crgp68hlhceblc3pl0dhneju6R
modified: 6\a\fden2sjcfnhehev5hm6qod7k3hnqijkR
modified: 8\0\stats
created: 8\f\b879bf44lopt56qu4van0sp62g1s3ecR
modified: b\5\stats
created: c\4\ceo146lslljhjutsuumd6pohvo28vb8M
created: 7\6\a780k9sh7f5fju3tapq79gnmmdtcod0R
modified: 1\b\ber30sp1iconhcvn93cfoh0a933ed6eM
modified: b\0\stats
created: c\1\721vu8hjcm7cbcjgqlh5207o1vkvsoeM
modified: d\0\stats
modified: d\2\a8vj2parajgsrl45tfv7lvijpoi5h32M
modified: f\stats
created: 4\9\906ac6qnocj8ur04bcr5flc3p7g1736R
created: c\b\fe3hpic2e3gbej9lrm9g7agkkkov0cmR
modified: c\stats
created: f\6\21rjlii1p1c4f04gvub6773a1jac59eR
modified: 3\8\stats
modified: c\5\03qvfnoeb3mb1nca2glmnvbrma7k5fsM
modified: e\0\stats
created: 1\2\71jg1jdamalo8t4c6sgkq42vgnv11ksR
modified: 0\3\stats
modified: 1\7\stats
created: 2\9\90ml85n43evrmpsatu71lt3ou9n0quaR
modified: 2\d\stats
modified: 8\3\77ekghbgbmd5ch4eo7t0sh7koahfhtkM
created: 0\8\9dkaqjdho90463ea2bhmpna17kk512cM
modified: 7\5\stats
created: 8\1\81n0kv4s9s4io0g71ao317n1jjg5g04R
modified: a\f\39ut8amal9hvp6feuai1glhllt38lq2M
modified: c\5\stats
modified: 4\8\76hs5mji0lfps1fnkq7cca2qftl40saM
modified: 0\c\stats
created: d\9\8dso443pqib6c85iobb9gu471k8bcmcR
modified: 7\f\stats
modified: 1\2\stats
created: 5\e\dfn5pmr85urrp5ph4mtlihpurqtih2oM
modified: 6\c\stats
created: f\c\73038k457tb3nf5e08qnqcko6japqbkM
modified: 5\b\6ehf68vphujnqha11qsapm8122r76roM
created: b\7\ddss52u66sm1g740e4t7q3st57742ugM
modified: e\7\stats
modified: 4\0\09n517c040llh1uld0ak3cv5h6pf6j4M
created: 1\2\1a1i7pl03454578jfsp82vu3um70bbuR
modified: a\stats
modified: c\b\stats
modified: d\4\stats
created: 0\1\a0tmr032mjf2fu7r200ilv8vdm0r64qR
created: 9\7\0al69rnpcdmebuddh16n7qt628qb8hcR
modified: c\f\stats
modified: f\7\stats
modified: 9\d\stats
modified: 9\4\stats
created: c\7\384pm3cbqqn390hn4q5han4sjn76u5oR
modified: c\9\stats
modified: 9\6\stats
modified: 0\6\stats
modified: 3\0\stats
modified: 5\4\stats
created: 7\f\2768v3a9f3ue93jd6igp5o3orlo8hgsR
created: a\2\1di3135a468t3cfho1m9ai3c9c8dcp0M
modified: e\9\stats
modified: 7\6\1ehcvrj270g4h365jifub6ncvm7gqhaM
created: 8\e\c8h6p8vsik4j7j741d9je274r2bs47gR
modified: a\f\stats
created: d\8\e4h2sjuk6rhrefauirhltupfhi8o1tmM
created: e\a\788v9ga9aspeme363djciqe7pmrcjf2M
modified: 1\c\stats
created: 6\8\a4sk04ga23u50op28eoqjmotgdttut2M
modified: 9\d\5cmqnfpkjgj7jsjnenlae78lgfddr78M
modified: 5\a\stats
created: 8\0\d1s9sr0h6nepdlkstgibpi4a2hse70qM
created: 8\7\f1kotitlo96kon6o4blrihoa6uhu73cM
created: f\a\e24fhs6i587n247ps7t0b2kmusrjf2iM
modified: 1\5\stats
modified: 0\a\stats
modified: 3\b\stats
modified: a\5\stats
modified: 7\d\stats
modified: 9\3\a7as0hlaoa1d1h5dn4dqhbfb1e5p0pmM
created: a\f\13g314aa5m2734sl56k42dabo2i9uikR
modified: 3\7\stats
created: f\9\22044f69ab3p0bdnlmjt729fd2ilkomM
modified: d\b\fatke62os3nn1iq45nqnajilvmaq9qgM
created: 1\4\a388fj0vq803j5cei7crg3fu9nld0luR
created: d\3\3fi72kbu1um48v0sucsl9o1gndtb2r2M
created: e\d\7cvged4b55ta25ogriq6ks12g4a4rkgM
modified: 5\0\stats
modified: 5\b\stats
created: b\c\3b9medi6i4h7lnq8eojtoqceda939icR
created: 1\2\1ad0lma37c48k91rfrsnpf8h2ft59r8M
modified: f\e\d7cmg1tasi1fkcb0221c4bbo9rvvq5uM
modified: 3\2\stats
modified: 8\5\b5oa5m5u0eiv6554bhvbb50b4dlr9a8M
created: 9\9\56odalv76cmmfqid46mh0rg90did0fsM
modified: 1\8\1btr58qnr9a622r80hjjgnck89d13e4R
modified: 4\c\8elvdnes22fo99f3vp6tjh3cl3tp8v6M
modified: 6\4\stats
modified: 8\4\01cu2ha061a1lah06l3bjug0pasljkgM
created: 9\8\9e14is43d7of2425idahie62cude7gcM
created: d\4\71tkackhhek3a3b5e3pk8sbscgucg08R
modified: f\3\stats
modified: 9\c\stats
modified: 2\c\53acn4p7guen6d8fmfk17e31d8stbb8M
modified: 5\2\stats
created: 9\6\0e1bobkfad3bht2r6t0fogl8sgag2i6R
modified: d\b\stats
modified: 2\4\stats
modified: 7\2\e53pt2jocrcvk0vc2ghh49020qfamfuR
modified: 8\4\stats
modified: 3\a\stats
created: d\f\118kesmafljb637h44sft16mlsgsg2eR
modified: 0\f\stats
created: 4\1\57mq98sigo89bfue50g3uunp557vlhuR
modified: 4\c\stats
created: 6\2\28fskr1eth0l9itm29kn90r776og63gR
created: 8\b\fdo8vr2gicvq0uualanhft549rr5fp0R
created: d\c\f0qhkbajrtu8ouv2v9eqs5f1u20pr1sR
created: 4\1\30dfho1dubsqje9kqnmhoo7okjh7c0qR
modified: a\4\689p3sgpocidn9sb9okusm2c68vq1coM
modified: 9\2\f4g827euqah9qs6hbq3jdlp0esdj7d8M
modified: b\c\stats
modified: d\0\39namveucsoi7vm55v0joraq91kbk7gM
created: e\d\86qcgff0cflka5h6jhut8ha5uh50bt2M
created: 2\2\ccj356r4gd4ioufsh86iea8520kb7paR
created: 7\7\f2ffemt08fgmq2e3ckp5jgrqa1gdt30M
modified: 0\2\stats
modified: 6\b\086bcobcurj5f9f5hv9gjr228rhgrciM
modified: b\d\stats
created: f\1\f71rgt48438vd5c138385apjgq1k0acR
modified: b\1\stats
modified: d\5\stats
modified: 7\4\stats
modified: 7\6\stats
created: 5\7\b2dkibf0rl3t0t1rk1ofkrie9jotrr2R
modified: b\2\9cm9s72r77gd6b818ckvoi6r7lak98iM
modified: e\e\stats
modified: 1\9\stats
modified: c\6\1c1gl7g9rqtmtb6qiulinjaeo65ifosR
modified: f\0\79k3gfk9slhtjg730alqe6ttja98va2R
created: 2\4\edvakq51ni7k7bbl3edaj7ld3q6v8smM
modified: a\7\stats
created: d\4\5f8mtq3bpamc2pb1fe073vh7pd9kvf8R
modified: e\c\2c7o1tcgcs7nn3s2ctn545vin752ovqM
modified: 6\1\stats
created: 3\c\b95gsba8sccoeros597hrdrukhiimgsR
created: 3\f\43dfpe7mjfm38428n5qcgq5srhovnvkR
modified: b\a\26jv6c7ha87qpna0tch9tesovm64praM
modified: 8\c\5a4kkj2nbeb5odvce9h8ktf4jkmg5u6M
modified: d\a\stats
created: a\b\151epro8c6ihmn9mqj8vc2tbr09qrl0R
modified: d\7\stats
modified: 9\5\stats
modified: 0\8\stats
created: 8\5\37qbsobug8gbl186r79bdklpmdb35iqM
modified: 1\e\stats
modified: 6\7\stats
modified: 8\e\stats
modified: 1\1\7b44l6705qlhllmmvo0oj4c3ebdgq5sR
modified: f\f\stats
modified: 2\a\stats
created: 7\e\946gokhlt28o77fsit2peoj242t5mjoR
created: d\2\40d75lm3tjj4r29i29mc1vbff3cds0iR
modified: 6\5\667m83i8annjnp6e59vh758k8jifot2M
created: 7\0\037au4ra0lghnsgejnq55uv6jb9jpg4M
modified: 7\a\stats
modified: d\0\fet9nl4cnhat4eq7oai1ehkfjuu78h8R
created: 6\c\6cp83p3rij8hhr6l6v9diou8g1698f4M
created: c\2\50kleqa2f35h3j6nlv95ariqoavslp2R
created: 3\d\383e6bei9c8888g6lbskeq9a5ignu8qR
modified: 5\8\stats
modified: 5\d\stats
modified: 6\e\stats
modified: 0\0\stats
modified: 6\d\stats
created: 3\6\9bemga1bbeu0fjoemutbrjt9b7od7t0R
created: 4\a\6ej72uqcnq4h7tqnltnlj72bagnfgjgR
created: 8\9\d3duujr7g61q9l8cbl249mjr4igccv8R
modified: 1\8\stats
created: 9\3\86sk2rj3fl3i7bjffalem50olinqf8iR
modified: c\d\stats
created: d\3\99fvdbrvo3je0pnuthift9auenmqh4cR
created: 1\b\6fnvosnqaq5opk0hm22iks6fesek67oR
created: 8\a\d8k0g1vg8m4ffln83mp7837lbt6gdk2R
created: 9\1\048dn71p19g8jgi1kom4las1rh6cadgM
modified: 8\1\stats
modified: 1\c\14r5pln17hgh3l4hvfqa5qf1rfblhqaM
modified: 8\2\abpsklumrteggqqnuekvt2vmfajlvugR
modified: b\3\2bv4qous42a6h2m6ghtir0ouibhh7haM
modified: b\e\stats
modified: d\f\stats
created: 1\c\25fhfagujde4544j6qvpsjhdqhdqi8uR
created: f\9\53mrglefgui6f65kldh2e38irgo44jmR
created: 1\0\5aqvbge4l0opqtkkhobsrrdtrlurhbqM
modified: 2\b\stats
created: 0\2\c8bipqtjuev92uftingsenp3hgesg4uR
created: c\f\5cdkbt2ph9b42co8eshn9jric83e096R
created: 1\d\176rsh1rtd6i094rfa9gt5rf3n70makM
modified: 7\9\87md4fiaeot9binp9l30js8ulsg0nu4M
modified: 0\e\stats
deleted: 7\6\bfiuaqead9g2g3hpo0or3c1glc4l7a6R
deleted: 9\c\8b0eicghaevqtlhqk0hv7gc4ijcs5i2M
deleted: 9\8\94g8ckjj2g27p6iu5velgh60kbctoukM
deleted: 1\a\42uhtv0sv83a6g0fcb6h7bb58cn64lmR
deleted: b\4\48rslca8kuv9e5jt2gp6vh3eich8b3qM
deleted: 4\a\c2eakr33l2mhnio161kjbo0cjv61rj6M
deleted: 6\2\50ppfhdgitgr4ej5f2cp7itd5jmedjuM
deleted: 4\d\2c4kb521of9ruk207eafnjcfn2tra26R
deleted: 6\0\c1g0deghmh41a4gohne803e85k83hrsM
deleted: b\4\26rgqkott1a9pq310sidluffprkqig6R
deleted: 4\7\5cgd13cu3qnrpg9ig9svi3irq67oi2cR
deleted: 4\3\5aav4lqvg7cnnjgcpi07ejpq9a770fkR
deleted: 5\5\45e2qkt7bar8ldcjslbtqhtnv2okpouR
deleted: a\4\be1moga2vd4q7idfn404uku96gbbfh0M
deleted: 1\6\d39peaf8u01jglkmh7fn8sv870q4iloR
deleted: 3\6\4d05g7nl8i7q25hccqdgdmqj4hvcpa8R
deleted: 1\4\5c2kjtv7ijeq2329mggcq4q6ju5b6n8M
deleted: 1\8\a50u4lo29c60l3go5c546ak4a2r5e2uR
deleted: d\b\d1btv6brkavnomnh0ca4kuft2hau510R
deleted: b\3\d847jo5dslrcgkrdd0mrq8dht2ta704R
deleted: 1\5\e75t1le8dbhnf9uccjloo4goel898u6R
deleted: 4\6\06uilb5l5hpo23qlmb67hoi9fv7f71oM
deleted: b\0\7cb5cvgbaev1a96jaoe4gfmgpnncnueM
deleted: c\4\131b4mmoknud13tbpsnjngbp4vru3geM
deleted: 4\8\bfh2ii1ovs8f70c0pen7pr7t9co4p9aM
deleted: c\5\7f20aougsdl84qhlboh9f64cq4pbtv8M
deleted: 3\8\b5mv9fi9pbpn5ti17mkstaadgrl3fksM
deleted: 1\4\22iqqbdd0btd2odc2l5skl3moj74vu0R
deleted: 1\6\b35v7ebpfqgubi2qime8dhk4ph3o11iM
deleted: 4\6\ff37bgdtotmnt0h568nul349a86eq02M
deleted: f\5\9a5190ccvdvj40a6n6im2tvsh8vf6icR
deleted: c\8\18n0pfu540s1sud31k99kp4dcvt9bcgM
deleted: 4\c\94cdol4keeuiol42a57gu89ocluaur6M
deleted: 6\1\94ofn6ohd8n9283o1vlo4nhsfvhn6h4R
deleted: 6\b\a11vj91usb3cp7l7ctkmfpq1ktisr7mR
deleted: f\7\6e3r547rd22of7mgf9scum2ek0aatl0R
deleted: 6\4\19osvnfk9pkilv8le73q36gtv2532teM
deleted: 8\4\733t71jtpgtklhdcu1tq73k30r5fm7uM
deleted: d\8\00slmetnunlcf9gsqggkkob7rk76a8aR
deleted: 6\5\7epmn1qpu98n49imdb72mj16l5vsbs0R
deleted: f\4\7b6tufdegb1s57jrk6kodokahujqr3cM
deleted: 6\b\1884ucf6o6n9avi101la3lds75aqvh2M
deleted: 0\7\1djuase6c44fmh3p4r39jurev1sbfu2R
deleted: 7\a\412tpj4ojo214006ssq7jjul7ats652R
deleted: 8\4\02phoo70miv1utfkffpp0v0tbsf1d4eM
deleted: b\0\689mhjdge5cuvdoa2srl0jjjvtgodb4R
deleted: f\3\fb8e7utvj07m8hacri7p055jmdnd9ceR
deleted: 5\8\8ebt9e1fdodkra7710i2qf7sr19r0liR
deleted: b\0\e4b9megfo7gbu3n87n7pbj32ceum9vmM
deleted: 6\8\9fh7m5ausanvq6lvhpn1e7rk37js90aM
deleted: 6\9\3cdo54vpgs95l4cg9esf18mtdt8k99cM
deleted: 6\6\c43de6o16srr2h9sh9lbauh40l885g4R
deleted: 6\d\5dvvdks2knkeh44sph59skp6t9ks9pgM
deleted: d\c\6c8sd6hi5o0peif512124t0igat97eiM
deleted: 1\6\96ht5mf0mjfp8agsvip4gbak23an5rkM
deleted: 4\b\17tv9hble122t157s4uq817aj08iqcaR
deleted: 4\9\8dk7c1ibfo5su9kf5l9qu31loronc06R
deleted: 8\b\4e8b9dhdhnp87u0g0rpgfvv476u1m44R
deleted: 1\8\52k4s7usnlnmsdkmugc9m6h1hddiii8M
deleted: b\2\ca68ih5emp3i5de1o60aj0jckis1fa4R
deleted: c\3\5db2707ciqhou7id0bh4jl4vsepup5aR
deleted: 4\a\42ggio4hkmc6eeeks62s1k66e86mk6sR
deleted: 7\5\860d8istov59uhfml887apveeeil94aR
deleted: 8\9\b75e3a2vtcc61g5e1go2mntjacfrcqeR
deleted: 6\b\9dhq3lmfiqp9711oablg4ens682ioduR
deleted: 9\8\37ho5113ce35lafbt2d59ekg5o5bg1mR
deleted: 6\3\8899sotprcpus4d7v4meou5ido2e3esM
deleted: 1\b\f3k0rpca594jj4p3u7gtn9f6nckpiq4M
deleted: 4\a\932gc9h2ponks37t3gi5r4nmvm3v03uR
deleted: d\c\d9l7ljg0md0fba8bk0b8blf0i75ugb6M
deleted: 8\8\depag1nbq79qdgbdcr74e63nl9n1luaR
deleted: b\9\76mv0hc5t4u2f2m9q9ag56kiko7pc42R
deleted: 4\d\633n6q9nj09459tte0q4jm58mmcpmr6R
deleted: 8\9\42ltu8ee68gbe43fv96ppm60j3srrd2M
deleted: b\2\b22er0b3q1sqvvf8e7h5od1tbr9dhiaM
deleted: 7\4\e8egl78av1e1i4dig0vvie6vmi7gml4R
deleted: 0\7\c7noe7heh00e6kk5lb1rp50p5nueg0sM
deleted: 0\0\39ulau8u7tvfjkou5or7ssq2vt7uf5eM
deleted: d\4\12re12gfq5uglr0c80goqagn3lbgdg2R
deleted: 8\9\f03b1ivtdkrv7bbe3l2bmhvtv14r4raM
deleted: f\3\e27bnv4afgjgi9m0tvrr9eb2kv39ojkR
deleted: 4\a\df0vs57939kcn1romclso72r9cgg06kR
deleted: 9\c\c8tns52invnm3aovhlf24sapglq0pdkM
deleted: a\2\66u8sbgglho7i97kmh8om671rt2oi12R
deleted: 3\4\42j7lhf6tj84h9h5fm906k8to7klrpgR
deleted: 9\c\9322d5c2s2c0guiq5fk7krlbm82gs9cR
deleted: d\5\78pltjq86445jefc4566l5devn866vmR
deleted: 0\2\486f3dt5dvogvuu51scmr4d3ibm0h9aR
deleted: 1\9\4558bgh7m5p7e87gsgcvenhjnc3v560R
deleted: f\5\22rma3kd4oueg3m6ckudsurkcbqhor6R
deleted: 0\7\7emne5da6hddktbnn62lj29a8ser3h2R
deleted: 1\1\a5d9s45tjohepr3sgfp073guhddfar0M
deleted: 8\a\ce26feu92rhpvn7fgsi35ikfbj547lqR
deleted: b\2\0d28nk2gqi4g4vruirk758v9dm0m3h4R
deleted: 1\7\9eveo66to60o94dieiu439qcgg4of0qR
deleted: 1\7\d58avb1aa7ftv09e7nk24egf0nqs4maM
deleted: 9\3\dasovfmv1jkfmmgi1pivipgg2fkudsaR
deleted: 9\c\89lg3na96dublqso7p3hre7dfnns79mM
deleted: 1\1\d6e1d8ulft1h3n6er0iqeoskod1itkiR
deleted: 4\7\96v17q00mo40kk5oos5eigndaauegoeR
deleted: 4\d\37gj70hb0vbgtn4hs5ihsh19m3ebchiR
deleted: 7\8\26h3vjinfuuujfvucde11piqtd4ib7gM
deleted: 6\0\23ncdci502g6u4tk6g24rat2eu7ok1cR
deleted: 6\5\668iradkdsde41hdth0h72lp4qa3npgR
deleted: c\9\71nvlfflr0ovuihst8ssvlqdbb6kb10R
deleted: 1\9\c5fmqtkj7iqkluk9oaf85ek6c175vt2R
deleted: 7\0\dc37n3vpaodoj07qclncjdt1r53poc6M
deleted: 1\8\b3fbphtqln5601k7308k65nvtrs27uuM
deleted: 3\5\cfngbgtjfe9bdb2q2orb1g487tnh7cuM
deleted: 4\e\31oophl9lfipji94dp01qv040gj5f96R
deleted: f\2\71gsur7ek8m1q3j5np81fh674kc8o0gR
deleted: 0\0\35oqjbrlr120405gc65bhv89ma5c34qM
deleted: b\9\cdub796hirva97ialkmj66mse4okg20R
deleted: 5\7\0f8uvognjlna696u8jn5embl1en8phiR
deleted: 5\8\c93rblatr1q2cf2q5nv6ai5q1jtamg4M
deleted: 6\c\6akvi18sk7ov4a18cabpgac94a3mg5gR
deleted: 7\7\53lmeiir0p8ttaf4p5amfbeuhugokocR
deleted: b\3\1bp610lvs2r3qh2q48kjl2vib6c5qj2R
deleted: f\6\46t52tqekjq7ceqr7bjfb8oop0j1vq2R
deleted: 6\a\bfb0kj1pfp8c5ojc4l21n159qv277l0R
deleted: 6\0\9e1u1biqdqamd246ln4kb530va0jcl4M
deleted: 8\6\52ftnpc8kr27mbkrcp65814o2bb4am4R
deleted: 8\6\d0mt09t1fucn9l55mrqgv4ltpicq7dkM
deleted: f\1\85e1rkegsevasrid45mv4klorq2l6usM
deleted: 6\7\97nj8b6k69b1c75jocpnkke8q2k3j2aM
deleted: 6\d\495h08gc4oi0f96mld4c1f03ccof95sM
deleted: 0\0\745ormtk8j54her2rtlvs00vepnbaa2R
deleted: f\4\758hspt512b1qijglmiukrnnhmtb66iR
deleted: 4\4\e5h7f4emgebe6qlq4h7r33f3d7vq9bsM
deleted: 7\3\aaldhkt9unngov9fddre0ct42iolv6eR
deleted: 6\d\17gn4b9ducmkfl86rlv9jd8mghr9ri8R
deleted: 3\8\13moaec4frf7v388o1f5ldvo51baq1cM
deleted: d\a\fco3r5e6ggl9hlpvntok6tb5msnjbhsR
deleted: 6\6\a26jqn7gea35pdbkfqk0rdri1tip3p4M
deleted: 0\1\86hi05fsvclatq74cbqu7bkovuffjckM
deleted: 5\c\eelai0nhrj0aqpgv198g1vgrp9vfvleM
deleted: a\0\26eshq9q7oi6jkfeu3idtgqbiqsq18mM
deleted: 8\8\423r2qhuuvj09qq7ns0588h8neuhje6M
deleted: b\0\c4nnecm9bghg0nk5j4ga0tankiv75nmM
deleted: f\3\70d642fpvlpa7m3496hef72c98sbknqM
deleted: b\2\2egf3eeu8kdju1mrvp1j4jkep4veeaqM
deleted: c\b\80m8k1j7eljd4rd95pi9eb56jcfql2sR
deleted: 1\7\8cdt46bvegcmjd2gv94suaaf01g2kq2M
deleted: 6\c\51t61l0nsotg6mnjk1gs7jmoul7lvhiR
deleted: 4\b\061uukpa91h0cq0ga9u8mvkvdl4ufseM
deleted: 7\8\bfql39omtccg9as1qiem2mpg8g7ljleM
deleted: 6\c\b6anmffbom03dnbd2c1ls7obp1h05piR
deleted: 4\2\53t0iq2d56qh82cpn2d7nqijh33mo50R
deleted: 3\4\c2gci7okju8v89mthln0rrd7elsvq14M
deleted: a\5\63doa89hlc7lc7tdtkfc6f06n0it5g4M
deleted: 5\d\14lgrrbkji3udm4is4rcpn2qu57j6riR
deleted: d\d\c3j9lb1mb7695p38kis03nsui5pudc4R
deleted: b\7\bd26uevi7grj1e65vt5ve3j9713461gM
deleted: 5\b\026n3t0fntclsqrsp9e8bu3pnqr7g02R
deleted: a\5\b02ob8341cu86u5pknf6n4c91c58p84R
deleted: b\7\6016elt679ahtkg3clt0qfn944cl1rkM
deleted: 0\3\af4st82jv2kmpca83b93vvfntcccpqqM
deleted: 4\7\27dvgm01i6rn7gkqumbsrh04llf4r4iM
deleted: 5\8\dbt1u3bhcnba7jvv5dnlmjo9539d7b2M
deleted: b\6\c11t18s30m17bhd52m8a25p5qa7jpbsR
deleted: 6\3\815lcfa8onpc79n1jcrku687fojc17gR
deleted: f\2\e6rb4277seqksnprav29vcifqb0ilpkR
deleted: 4\3\bc8sc5j50m7isaab55o3p4nftln3nhgR
deleted: a\3\efpja30iitva6vaft0dn7vorsdhsvfgR
deleted: 6\4\38qqjdtiqfa7rdunq1fmnv03ar324imM
deleted: 8\7\b61b1v36hutmg7udju53rrk05jv7rmaR
deleted: 1\9\fembfhc83diljlpk35raggn8r9sods6R
deleted: 3\5\7elhbrkm53e4re0hvsvqrfrp7hlktduR
deleted: 4\d\11sjh4dqe6rcqrhfqgchk91797jlpsaR
deleted: 7\b\ef871u4ijesvjr5f45l521p3023217qM
deleted: a\0\41u5sr4d8u21cn1bg6nbsorv2lk4s32M
deleted: 1\5\35vn9c1sd8tv2660a4j2l86f8gn8vdsM
deleted: 8\6\08prpb7nea2g0jg8iso9in5trdnqrnoM
deleted: 4\a\cdvb1umo2la5rdnnjs463g5u3lkhem4R
deleted: 5\6\ef39i7ro9j45qni5qtkudrsltpbrrtcR
deleted: 1\8\32jttufcrk3i9da6g0sqq890fogt2o8R
deleted: 4\a\7ebhdgvlv4g4nn7ieb4rj9n4tca8e6iR
deleted: c\d\3984ge7cjr6flthgrji1n9mgphdf768R
deleted: b\5\180r1vno1sqbe5j6ibmg7flb63v6drcM
deleted: 9\5\2d6duknjr1nsfi6l836a9paviaqadg4M
deleted: 6\d\17t7ponjpgjkapcb1ig79efip42lipqR
deleted: f\0\49mse58lgcrnr99e85tp0tpmemjegt2M
deleted: 0\8\1efsh5s4rm3ulh5akskdqa0he8mf70iR
deleted: 5\7\06ab48a1ck60fd2hp2jc6iaf7g5n80cR
deleted: 8\b\872fc1uamp30hc0o8cf3lbiask1cmcgM
deleted: 4\9\92vu6u882udoicf8lc4akj0ct2eeilcM
deleted: 3\4\37c6d5onfjcprh0v6505hses4auoepoM
deleted: 8\9\949c8bjbp0qekqatkeslm89ievcgbmiM
deleted: 4\2\ea13gqja0cv1f77ctllguasp8s9qdqqR
deleted: 6\2\13i6b7ebt0sob53mhlntjdcfs1n4k2aM
deleted: 8\d\6012ltieo5hiqotdkmc53v9jbd7ea6qR
deleted: 8\5\7bo5na5sd0ol8pcstmcv4l3eb0fucn6R
deleted: 5\1\07ftq5m7p126qaupulsqa652qqsd248R
deleted: a\5\e1obfipi2gpqdoaqjvvm598caq8n1f0M
deleted: a\6\24nmhpt8061g5kj6k40gl8m054gfel0R
deleted: f\6\bcrihce83qcvutvf7jq6k6c9rkpjb18R
deleted: 5\d\358chk782vlnv7nb8hef49r7udsqi06R
deleted: 8\8\1as9ih823lirkana47a6p25cn34595cM
deleted: 0\5\da4rdtomaovnadqitv4hhioh6r5udhsR
deleted: 4\d\208n23rjdcf4qp7sq4c7u1vb129qq9qR
deleted: 9\0\65e75q1nq00b3m4mfu2mgobglqgp2l4R
deleted: a\0\3ebg4fo9n8o4ugh5hmfto0f0s9ca94qM
deleted: d\a\33qcikmpheev2l2dnsvdukclf6bng4qM
deleted: f\3\6eapu7lk09hstibdnq8icdeudlj1dhoM
deleted: 7\7\c49dh313kt6ftkcmuagr4pkv44ucddeR
deleted: 6\b\5fdpnq4de1nq29j5fp3ml9urc2h1hbcM
deleted: 0\6\4fmhf8h9oi1e26mcv5cs8mfqcut0pnoR
deleted: 6\0\19i7ho1f1b0h05sevi6ptcsn6fghsooR
deleted: a\2\19qu20its6irld3tmrqu3at5mg2bgtmM
deleted: b\0\c7nlhl4olftrh80b4md4nkh9hoqjot6M
deleted: b\0\8cf46o0fj3u51div3rgg2ktr0k8ai6sM
deleted: a\3\8dh2kh1deiouvo4k6tdl5ud9uv9n46kR
deleted: b\0\d0sf2puq5qvis82tg7qo2u6kvtdirq2R
deleted: 4\9\f50rcvnrtnfegb6t2d8eej4f1pu2d2qR
deleted: 8\a\2e9cc5o2qipn6no5emqf00kvrvhdf32R
deleted: d\c\0b3fblqd06ij68rrl101mvefarvfhr0M
deleted: 1\0\a9iqcv861g8togjviseh204l1ujk3fsR
deleted: f\0\43vdrbvlnudm4hd8ha5tki9nuhv9nskM
deleted: d\a\f66ac9u2ovk9qqv77bte0asnkd5mmhaR
deleted: d\c\849vb7mptsbt1qdj6d4s6in241ctrrcM
deleted: 6\c\58u8ucsvvr5s72v1m99g6c9llefqgtiM
deleted: 8\5\90fpnmk4ve8rpcqsr30ecv3q8ldj5h0R
deleted: 8\b\f8qc7pntjmhq13koinut7okqmoli3skR
deleted: b\3\3e52uv4754rcs809mft9959675bbvr8R
deleted: 6\7\d8hq3bm7kamk3rlcgq3447sb6vqdrakR
deleted: b\4\2302k04mgcms11mjmkje4sq2d5o0cpeR
deleted: 1\a\9etl7nj658rrsfbgs2sp81a6d2jca1mM
deleted: 0\8\4au00d75ajkv2o42tf20kjrom9f976iR
deleted: f\5\96rj7p8k5d1args70h59dmk7d2q121kR
deleted: 4\4\abckt589e1cbv8ofm31ij4597qlgobaM
deleted: 9\8\7ah7p0mt44gm2n8et48s1vrpf4l2bvcR
deleted: 0\3\a9fj551c4aun08e4t0ikkrebags4kecM
deleted: b\2\8bktjeievu7mu3gquh7k6ofp33tjg9sR
deleted: b\8\fdr7086ncuaco94tedelcg1d0862scaM
deleted: c\8\e1gmj07fa0lkpj2e78jajt9qo7seb5uM
deleted: d\1\662pf6v8vgiddgu3q86270gu2v3fhdaR
deleted: 5\1\14s6bm9fmctqe9c64corhpf8e2ghor4R
deleted: 0\1\e0nusal016u4qea88top3li2qam2cuaR
deleted: a\2\2c2u1o4k95hermo0208gvc912lss292M
deleted: 6\0\e2kq5iekfigmf7stfhjk98066co2kaiM
deleted: 7\4\acrvsv2vvg7g4s6fcquqsbnucv8lp9uR
deleted: 5\9\84ktjal7j1dpb721h6jit0atbkc8h0uM
deleted: 5\c\42nfthio74n5n7fljo3n4377t3i1k3sM
deleted: 6\a\3f6e9iju90edj3eb9nmu2jkrkvqhob4M
deleted: 9\3\e8n54ki2pa1ip6jopcivl8vkthg39soM
deleted: 7\9\a0m7o3ve3anol0p7ss5vfjfoetha0sqM
deleted: 4\d\e3i7igobo5kso2td35f2j7p7suj3q8aR
deleted: d\d\76gs5a36f0k2g5114vho03jo2tj948oR
deleted: 8\4\daicsk98j27g3fcsnom0l2md9ooelqeR
deleted: b\0\2e04fs9toifc16j1432itegpmuv54uaR
deleted: 6\2\1e6gb9nkjkt64umgdp6hmr8iiqarqtsR
deleted: 6\c\f435l917gnlcbetcavm5f1thm9p1g0oM
deleted: 7\b\adrdpd0mab58cqnb89j82jn9v2pj2soR
deleted: a\3\93eh99cduq222132c3i5ev2n8d9jrkkR
deleted: a\4\62nlu16o80gkr94ec3pdthmdjjshpbcR
deleted: a\2\005q01hjgcbek89vur8p7he7nd2qpj4R
deleted: 1\9\35v0im87081f72ud33bl5he55rjo1niR
deleted: 5\d\13h9pckls25ifer5h2lbfbp54epod94R
deleted: 3\0\64ff4ntg4erp1rr05v15obuf75ogso8R
deleted: 4\e\421l2n61s0osp139t9e4glsi5pbhst8R
deleted: f\3\f2b9h6gfqnuk2dk8rrniaioni5m69n8M
deleted: 7\6\687l3e6ch705iqs1ddsccgobh00b27gM
deleted: c\7\81pmfd6netvl8a8t5gslrks1mm39pbqR
deleted: 4\5\7bljqbp57gftav27tbdfsrgm130vcscM
deleted: b\6\47coj45if39bchb7vs1h788ie6prcdeM
deleted: 8\c\88dkh0e3380mb2adt96f1ob9j2k54scR
deleted: 7\1\f2spigf6tch9irtji40u2mtku3njemoR
deleted: 6\6\a6gb2i16g66fettdpu1q8d5pkt0995eM
deleted: 8\4\5d9ng9koo74cupie1v97e41cdqtf9viM
deleted: 9\6\e8kq2bclf2r49eoplef8pus8j9flvogR
deleted: 6\d\092pmtu9o3l6t7d5vtjpocrqes379emM
deleted: a\2\d7g754ql2t5p0ndss053j9sqg7i2hg0M
deleted: b\3\dduqgi5o8u5hp8anstbtsl8ulu9b10eR
deleted: 6\8\dale6t2kbu75k09l97olgatp8632i0uM
deleted: 9\a\81434edbmu1bq5ot4oou5ri1elga1sgR
deleted: 1\2\e3179epa3rjaaf621cm69gp7aeol6diR
deleted: 8\9\fbiijhq010gf6gk84b38d6r954vip0qR
deleted: 0\8\c59f0l6ngousqvdf8j9krm3oi9v2h0mR
deleted: 7\8\29i2cra4n30ip3qioqstsumki75fl7oM
deleted: 4\d\22ks9b8818uv7n2r3cm42ubo094vqn0R
deleted: 4\d\cfut4mvrm4d14rpn26n293nj7rd5144R
deleted: f\1\897j755tdar03she6qblsrn978g9n92M
deleted: f\4\b38564iemfo82sfkcvpe6j28tjdhv8eR
deleted: 4\5\08dpkhvf78qqh41fjovmdm265ktif1gM
deleted: 6\5\2c5tadresb6mt8cii5kop20knjujpkcR
deleted: b\6\f1bte5hpfjjmofl7sqon8nrfva5esseR
deleted: 1\1\b6qomv8djh7epsbfu2i84bm2k48m23sM
deleted: 7\8\e2cr97g9c70rj41jq0cg7e6iiir3d8uM
deleted: 3\0\deuruqqg2tgqlg2oqmsp0ojb5c74mcgR
deleted: 4\d\a8idv1d98a4rdrs670sp4timo76ilo0M
deleted: 8\4\f03fc0hmub3f6kqq0hvgql892cgtg4uR
deleted: c\1\14m993v6ut225d81l4jmofggmegnemaR
deleted: 6\9\d51ul1roo5kliqua246pahip7lpmfdkR
deleted: b\8\dbepd8k25qjav1c9pmicefcp9i38ojsR
deleted: 6\1\80ek2hqle4pkkl9dtg31p3k734ifsqoM
deleted: d\b\een0e7jiq7sqsf4vn7ptpgs47pquuioR
deleted: 8\c\c68f8gfm7c4mhkjn7t0tjak58kld8ueM
deleted: 1\1\5blri4hbhd7qedsmrs6ruvo4253apbeM
deleted: 6\1\08edvsu3iqpd4kbap7an19g5cbucjsiM
deleted: 6\8\ebr8kt1etpu2u9kkacdf1500dsl7nluR
deleted: d\d\61hk7lnd1n0g3o10qf70ogm924du7h0R
deleted: 6\b\ac52habpru07j247nb0euvti090ma5qR
deleted: 6\d\520k7rvvt3oqs1576v5kbj7aqiune0cR
deleted: f\1\cfionp29d3hbap94u0s1plhudkkcdsmR
deleted: 6\2\a3bsp5cso7gqnd1sp4og7r72llhuqqcM
deleted: d\2\detkn6othukn8qs7ofopd8knq60dc4uR
deleted: 1\7\aehgdqeb2bpqrk0al848qi6bilnku3gM
deleted: 5\c\ea8h6gm42ighfg0rpovtmhmmm1igha2R
deleted: 6\4\2577rjecguqvirusqq77hv2pa6vglj4M
deleted: 6\7\2a41ksr3cdfrm7fepmqcpe82ho6liiiR
deleted: 3\0\eantfl5cpmrl4odl8kjurq7lfs03spkR
deleted: 0\3\f89q4dvnnuhrh5ad2hfrggocm2p21ucR
deleted: 8\a\62feqg7opq4r0s8pbvkes03q6uap4osM
deleted: f\6\d81eqc18hnm90gqp35kgekqnsi2v716M
deleted: 8\2\3eiatgjv0l6jqqmshiebvbvcmjlhmeaR
deleted: 6\6\6dumf5p30jmp1udbloc831jddraquisM
deleted: c\7\87fkt4lqfjr0p9st2t9k7s8ts3ha4j2R
deleted: 1\4\b19mea6jcv2bu4g8t60aq2pnsth4kriM
deleted: 9\d\4amt7jntrk6j3n2jt3atqnu5ljruk94R
deleted: 0\2\596rtbcud3lgbp60th1qq5elo6arm2mR
deleted: 1\3\490cs843cbgpejh6msv94i2om850l8sR
deleted: f\3\9cuqhnf82g6c555r1at9ue8ogkfg570M
deleted: 9\b\cb390q2e4haehr645jf1dlb90vdtkg2R
deleted: 8\b\9aqaafua3ddngrfgl8otp1kep6vi3sqR
deleted: b\3\45h0b07gm1ufdbqjpmt3p31nffqkru0M
deleted: 6\b\cao5dmj02cl0u6v2v95di0fth1595laM
deleted: b\9\6c2q3t4pplqojopj8k8ipims9tv2f8eR
deleted: 4\6\dek6aog1riepcicetceavn5njqeo94kR
deleted: 3\6\14dmdnnsndg8blu8iibvd173cqea29mR
deleted: 6\4\e60u5sa7flgtcj66k9p0d8erj2lu9igM
deleted: 9\2\7d44qd1e0rl4egb8qejqvg1k66itja2R
deleted: 7\6\7e9c006ea4ku47rqjarrj2nmbu4mck8M
deleted: 8\4\2658f2ji0dts50t7k4nkehnhmoguaegR
deleted: 8\8\7351a9akbftqu10t6444ivouj1j2oc2R
deleted: 5\8\4fvink6su9a5dq9pc8104tk9tumkef4R
deleted: 7\6\f7ni7a89at4vc8tstg1qglcirum6khmR
deleted: 8\9\23e16nnjjmsc500nhb7a3r60t706cd6M
deleted: d\d\f1oqgjf3iq3r12demrif4pc2cu8d650R
deleted: f\1\486gbpui2n5pl833qj5p2j9ugcnbfjmM
deleted: 4\1\0f4ruj1qr5upv33brbhn10287nd8ptiR
deleted: 5\a\04j7g52ds8issv33vulaiderkooek9uM
deleted: 6\b\0b2m0icrefs1b5df5u79r7or8l6makkR
deleted: b\1\1fgis1o6ee8trf04svdl4eqrcmeaj80R
deleted: a\2\27ad8v8l8t8a7ruo4nvijst4dnlhaguM
deleted: 7\8\aa8d9h2lsp8kfhei7oqql9ug7eeljceR
deleted: 3\5\9ftm7mn30gert7hb76m3f8fmeheon2cR
deleted: 6\d\6945uags0sgalq37vcqskdbo39pp442R
deleted: 8\7\b2c2v8nekl8hu5nc2r9v7nhf9j9ii52M
deleted: b\9\48p8k5fjprg6572hl2nlttmfrgpohuoR
deleted: 0\7\01he00oo50gihvgds3h9ktmbfs13mboM
deleted: 4\d\87vog90pugv84s2e2ahgu3756pvao30R
deleted: c\6\d1sv48vkmh64ol9pe66p914hd0v5bb4R
deleted: 8\c\9ds842kk5m3cp0p0g114lnar7hit01uM
deleted: f\7\2bp5f7t40rou8ebb908boj85bi2pcg8M
deleted: 5\c\e05hetduqsr7uuu0t3lk520qbdrgpe2M
deleted: 6\d\41mf3pddk7crpe3b7ck0ukaj9q5c4aiR
deleted: 5\d\556060pp8jsjivk53b2c7fh4g5a6d2qR
deleted: 1\a\dfvipcp40ifgbsc28k50264120955neR
deleted: b\4\a11j1dl7dsl6fdjaohbh42fuk24eio2M
deleted: 0\1\46acjn8jqr4o0d4p8jva2cfico3d7aiR
deleted: 4\a\47pt620ggmngg7r4uqkpubsqem3op3sR
deleted: 9\2\574e9pgm47ci7a13ctmchmefes07gseR
deleted: 1\1\958q13effgqsfkrrejq8h26ukef4qt6R
deleted: 1\4\36gkfgn8chcij4gpbrbkmab73uqkho8R
deleted: 1\0\4ct9i0m0h9o6qtuipoebovs81oeqrn8M
deleted: 4\0\8btidgankqpsrao7oag0gaje7fsf3b4M
deleted: 8\9\ddu6m5cm5l1m920869ntv3fv81prhsoM
deleted: 3\9\54ccd21st1lpn02hn2u7o8b1ogol5kcR
deleted: b\2\22h220482aq95khoovleaq766h78dooM
deleted: 4\5\e5vir6oeolf08csbov1m4t8p9ttvua8R
deleted: 7\3\0bviuogas5n5u4k4u2pqq42jn96fto6R
deleted: 4\a\d9nbtpmr7meg8l0ll90117q214ju658M
deleted: 0\4\963j03j31sso5bhv11u58krsiukjoaaM
deleted: 6\b\9ec6l51hfl9usd1c22nsbnpsm6ovhceR
deleted: 9\c\efdr9ev1ee5cf2j2j1b7lcq1bvarurmM
deleted: 6\3\0fis1kuion74djek92ui68nvlkb3mfeM
deleted: d\b\f9eo3mus34eh5t9dfu0koqnh9l1tg9sR
deleted: 0\3\73du3ihl6b8c052a68e3i3ctisece4gM
ccache cache size is 163Mb.
Uploading cache ccache...