SHA for cache folders (/tmp/ccache_dir) is 'e0165c79dbe0c1e7d831409a9e3511bd38f2385b9ab0564fbdf2374b5d5c669a'
Cache ccache has changed!
List of changes for cache folders (/tmp/ccache_dir):
created: 6/c/898bd76837f245246dddbb3196a479-6150530.o
modified: 6/1/f82e188e8ccb963b24e07b721405bf-16507.manifest
created: 0/9/99cefbcb6d76d5b225023322c3bfc7-4224786.o
modified: 4/0/6c57c9a56e471d6e457617575e899d-10806.manifest
modified: 3/e/32715693ceeb779caa74d2b0ae8bd1-40376.manifest
created: b/9/7e68d02378788a72af4fce9501771b-6784495.o
created: 3/2/980ef5ab695f9628f1fa470dbfd25d-6282528.o
created: a/7/a192ba45703f9dcad1028928ecea9f-4356452.o
created: 5/b/4b0319dd462106849d475cb414e85b-4220598.o
created: 5/2/1c3e6fe6aadd7b638c5321e8bb8ccd-4183861.o
modified: f/e/ad0473a60b5b7c1e430389360abdbc-4136.manifest
modified: b/0/52bcc8e9b51ac4f12b8044936b1c53-2189.manifest
created: a/4/57f83f2a2f8c6813e57bdbffffc72b-5484356.o
modified: 7/c/62502c29a643d904350ae61d032737-12654.manifest
modified: 2/3/3e4b9ff5712c8dba3772e9420e5b71-12232.manifest
modified: 6/f/5bfdba4449caac2b6298dbae51bf2c-14770.manifest
modified: 5/5/25142f3a139d7c067cfcf7b419c05e-2179.manifest
created: 8/5/20800eae5035bd22cecac4f6785de2-7344986.o
created: 1/0/164a8bf003a83a155dda8c0af66d2e-4225699.o
modified: 0/8/f9732d8b1e7a0126d861f9048b6dd3-4143.manifest
modified: f/7/2442477ae5d7ac904acdbbfe373c34-102914.manifest
modified: f/stats
modified: b/stats
modified: f/4/3f4b44887116e262f9686f4cc35123-2260.manifest
modified: 7/5/8548cd645bc54b2ee65d27cfc04d71-17691.manifest
created: 9/d/6ceb16da4a2dd85c711b925f6711bb-7156296.o
created: 1/7/fc10c1c5094d3397c7a358f3640417-29562.manifest
modified: d/2/b35e096e413dabb14f52b1563536c1-4816.manifest
modified: 7/a/fc10a17e6a70041f89b50e6ba60020-28339.manifest
created: 6/4/600798e4d9abf6f42ea18e7ccb2f38-2447890.o
modified: 8/0/2dd32f02d333d1a282fa94908c1772-14093.manifest
modified: 2/b/9ddb6fb30e51c7bc34be4f909eaa76-3346.manifest
modified: f/4/e25a94ec6729e85444d043454c22a5-2729.manifest
modified: 4/3/a189c1b408c9ee5f45ff90ca8ce9cf-10732.manifest
modified: a/d/972b88b4751e2c17a340ff019d874b-4445.manifest
modified: 9/e/c1d9079fd1de34cdf3e925a608ecdc-18946.manifest
modified: 1/b/e5aebb06d87d8f9fc4d996f9e4c218-17820.manifest
modified: 5/f/02647ced74eac06747a134ddff5fa0-24309.manifest
created: 5/e/adb3768998b11217e70a0dbc9cb700-4231092.o
created: 7/4/ad956e0c3543d68bccb987b48e87ea-6014444.o
modified: 6/9/53200e11bfe4ea17c8fb9831ee56a5-3547.manifest
created: f/8/a518f864b221faed84f3f92f466883-4175865.o
modified: c/stats
modified: a/d/e6ebfa579c039fe92b382e41cc313e-31451.manifest
created: a/f/3021c4f9372bae8335ca6633929b20-4262.manifest
modified: 8/a/0ed0b2d3dd0ba7d563bbd803af7cc0-4608.manifest
created: 0/6/343a47a0529ef709fa85dc01d600fd-6140631.o
modified: d/e/ee90866cb46a1fba1fce8333d8ccb1-8426.manifest
created: 4/c/930e48da5d0785da6b58f53cad1913-5712244.o
modified: b/a/328a4552d2ffb39660f4a403823381-95333.manifest
modified: 2/stats
created: 9/3/2d0b45c82c01f02caee262f2ce958c-5275419.o
modified: 6/stats
modified: 4/a/e5a7a667960a89ee6ec60eb1ab38cd-7496.manifest
modified: 6/0/0c6a47b8b18c10ad2c79315616cee7-13181.manifest
modified: 8/stats
modified: 6/c/cf2b373b6475a56e8bd25be185714a-6649.manifest
created: d/2/859fc41e4f74eb014aa0038f23fa32-4263170.o
modified: 4/2/f4d809d3448a5e458a04c137d4137c-6758.manifest
created: a/5/211bd56fbcd6fbc00a27bcb36af676-4206137.o
modified: 5/3/0a44256b3d9835f449f9f3dd5cc188-11695.manifest
created: 9/9/3daa962510fd391e98f204f6781696-4207598.o
modified: c/9/c77e3345d850f469d4ca7665acc64c-9092.manifest
modified: d/stats
created: 0/4/f9157fd6d458c5203f30abf6ca2dd6-43074.manifest
modified: 6/e/e322f22a2e0bc12e3d9cee2c5df51d-4510.manifest
modified: f/a/2439f3683b1d162c9f5df910f6304f-3443.manifest
modified: f/3/aeaf648e9765da975c3162829a95dd-6308.manifest
modified: 3/0/83a627198027b9ca816c843cc2313d-5594.manifest
modified: 5/a/395eb8c709e25b45595f8c1446e418-101779.manifest
modified: d/d/a58269a8ff11940ed76fdd857834ab-58728.manifest
modified: 6/6/2e08b8109380a40d833326dfaf2d65-6645.manifest
created: 1/9/a526ab391452409f24e1fdb1bc9a89-3221600.o
created: d/8/caf82d14efc09b1f053fc3c9f0a82e-4450755.o
modified: c/2/29dd49a3be117e7da77c90c62706af-26207.manifest
created: f/e/966197e29d3185918b07370209d21f-2446480.o
created: e/2/f0f0e3de192625cbef2b2f2f7aa147-6009738.o
modified: 9/c/cd7b060ac39a95b595c4a57adbc19c-4551.manifest
modified: 4/stats
modified: a/8/2daa95d08804e1dbaca98cb55b9fe8-12644.manifest
modified: 8/7/1e78b07f31193b3298358b81eb7558-10689.manifest
modified: d/9/2f0c480bdaf0484a5ff8e6287c1f22-3995.manifest
created: 5/5/6557c97a782d32308abc8a07349467-2476407.o
modified: f/5/a6904f271386f6913543a3091d5762-7872.manifest
created: b/0/151ed7e25e3e1ad394ef30d2831b65-27871.manifest
modified: f/1/58a49c0acaeb1ecb2ac1d152176b52-2018.manifest
created: 9/c/bc07d0ba06a209fd7ab544ac3732bc-5521075.o
modified: 0/stats
modified: 9/1/1f1f1ff0b87759edbd02ee834f297f-3980.manifest
created: 6/a/cbc05196d99bfac873c63050ff9bbf-4380856.o
modified: 4/f/b4cdcd3ad87a13b46ac8206f7bdf37-11167.manifest
created: f/a/62b3ba702d89f2fcc4002a59696226-4551248.o
modified: 3/stats
created: 2/e/53ade20e661a83bf206f8f5b5d2d1a-4465523.o
created: 8/f/bfa38681414863229be600856aeb9d-4278932.o
created: 7/d/5e6fad340c356f3eb89546f9db6a4a-4214628.o
created: 3/b/d4a44cd8a7eee2d25c26e7a3a319ff-10319.manifest
created: 9/4/29d6370207f7647a00b2b9ab131d1b-4479142.o
created: b/1/abacbacecf9acd89f254f01ff27bd8-4454128.o
created: a/5/713fadbc4f96ed3d746684f745bf3b-169693.manifest
modified: f/8/3d34a75bb2f4a7878d07c32eb98fca-3156.manifest
created: 6/7/77916a4774050ae4a962fadfdb73f5-6139163.o
created: 2/5/4e6893dede3ff825f578f1d4375e45-5910278.o
modified: 0/0/d03cb9a0c12d84b0d891a1a267e4ac-4851.manifest
modified: e/f/8edd432ee0c67dea7785a4f5748daa-6189.manifest
modified: 3/a/b702c77f13be28b8dcb99c9b7a2e8c-17855.manifest
created: 5/8/54c655eba44f7fab15ff8647277ca4-1455763.o
modified: f/a/c20e60fa4e6cab8ed723082a93e065-8810.manifest
created: 1/9/25f29c51b8d47fa2c9bff3acdfec06-4283859.o
created: 9/6/ebf0653be08498fa56b5af3e13d761-4267775.o
modified: f/b/47250caf2aef51d58edd8033e52624-4281.manifest
created: d/1/43c5d74f9df920091ebfa81452199c-4183625.o
created: 5/a/e06c6c94dc2168a93bb06a1343ba61-4241124.o
modified: f/6/6513a946722ef1b71481d6ef3d7a13-7568.manifest
modified: 1/b/2723591076d8a8e651e62002f340fa-50512.manifest
modified: 5/stats
created: f/4/3d6cd9ebcef1ac93dcaf58f11c42e4-4205963.o
created: 6/0/71195f4be79d28d361e81bceaffafb-5135563.o
created: a/5/4aa1d78b4030e1f7bff57f5f2fec2f-11750.manifest
modified: f/4/38afd02697e90d05e3c7299f11a50c-6346.manifest
modified: 9/5/8b8352256967252a7be63f287e7ca8-2178.manifest
created: 5/7/953fda526857e37968045d18fb9c11-4567202.o
modified: f/6/8e511caf90b5b856713f18a660d72e-2026.manifest
modified: f/b/e956310babe49014b1c3b3df6f749f-4013.manifest
modified: a/stats
created: b/3/e2df91fae612851173b9dea15ad83b-5460019.o
modified: e/c/1192e3cb72bdebfd23a7c2be02f5b6-58015.manifest
created: 1/9/0c54466ca4c8bb88047248104d22f3-5200836.o
created: c/1/e82bd4c6e6c09a1bfb9348334f91d6-4257540.o
created: 4/5/b57e7f562ce7c56dba17a8023a104e-22467.manifest
created: e/f/693ebf1c5daae2eb0254c7e3314dcd-5997332.o
created: 8/a/d60b268d7194fb967fd4a6bfe9bb26-4504555.o
modified: c/6/85e67d57472c3dd2faabadc69edcfc-9200.manifest
created: 2/c/eb15ddc3adbb5bd14b7b2831b26e48-4260711.o
created: 3/2/37c9733dba30dd994664cc0c87adcd-4686393.o
modified: 7/2/604991876144fc2621f9b7e457f7e7-36083.manifest
created: 0/0/d91a0a815eead368201bfb6bbdb88b-4159738.o
created: 6/c/04514baf0694fdd79e9eac3b14aae2-5191251.o
modified: f/a/8018e9f94e16c5f3e1dc678b208e3a-7330.manifest
modified: e/4/41f36942f3d64c59f8e616e593cf6c-4759.manifest
modified: f/0/3e6189f81acf03c25a1ece66b89db1-5657.manifest
modified: 1/stats
modified: 0/7/241919c64ac1fd0e71f647cf47e620-2688.manifest
modified: c/5/3e7b64457e6e3eb4b69cd3df36f4fc-47295.manifest
modified: 5/d/d8e51aadff77779a39526f55ed4f3e-8534.manifest
modified: 9/7/4e3aef2dafd36d724dfb0558a90819-57259.manifest
modified: 9/stats
modified: 9/e/320fde6f8687e9c45c7b7e7e4cebc8-3341.manifest
modified: 1/c/07746713d44a58b1dd41f452d8540a-33952.manifest
modified: 9/5/e166b46ca6f81dae3563a8bb7944ee-13233.manifest
modified: 7/a/4940d200630666077221574ba877bb-5596.manifest
created: 2/2/3cf6cf373dca8f2b8e29690ffd3be3-4499030.o
created: 2/0/54828afd8b04deb2fbd1b582ba368b-4196938.o
created: 2/6/56c486eb9f2c055c8c36079f9edc58-50685.manifest
modified: 7/stats
modified: 0/e/348a4ea3b8412e97c1065e561e0676-2922.manifest
modified: 0/c/92f8138dc4f7487644e88c44ac1a7a-7258.manifest
modified: 5/e/ec9c4ff0c3985f7e54c685dd7b48f9-14814.manifest
modified: 8/7/193ef00ba75dfc642f2d7f8b0c01b5-37335.manifest
modified: e/stats
modified: f/a/b151515aeb1277f9281eaadafeaaf5-3152.manifest
created: a/e/7c89b5c21e15483391ce290951e681-4219724.o
modified: 8/7/eb9e168fdb50cd4e41451c28f7e65b-13232.manifest
created: 8/a/7e3b82219bffd5a80fdecbc9cf750d-4384787.o
modified: 0/7/c6e8382a30f9ef0ffc95a995047a22-32927.manifest
modified: 2/4/7d49700cbf79e0ea646aa79c7898ff-7851.manifest
modified: 1/f/73a0637bc37839372c64e3e5ac35d5-17575.manifest
deleted: 6/d/0445f8758323bee8706ff4d8bc586f-3414511.o
deleted: f/9/56070145790c00cff25a17dc12d325-4260028.o
deleted: f/6/426a0c2f7f4a9cd4bf2a180563ad48-5139550.o
deleted: 6/a/42e381a803d448ac5ee50c9c05b0d1-4067683.o
deleted: f/b/4363bc944aa0b43f7ac77542d65e73-1975356.o
deleted: 6/5/6d5323d0560ed2fa771ab721e6e7eb-4686061.o
deleted: 6/8/c947ee65cd4b0527f72bce13bfb00d-2508965.o
deleted: 6/c/f6a515cc8133420f366832c3667188-8162.manifest
deleted: 6/8/a3ea4f7c88e758e1dfd69dfe9dbc2f-3640195.o
deleted: 6/d/c3e48dfdc8591bd8b424845146a6fc-4110133.o
deleted: 6/d/dbdb07e97d53502846a13ef77e6bb4-4077926.o
deleted: 6/4/6ffba6b41d1a30a299b26ac48c8ff5-5909946.o
deleted: f/3/d48a37cecbc5fb8ce7a4b838c331c8-4237494.o
deleted: f/d/799110dda5e407c0b0de44138d6796-4005264.o
deleted: 6/d/506b2038a3cca2f640eac779f50555-986183.o
deleted: f/0/38b7b9db13364c22b78b8a3785894e-2688183.o
deleted: 6/c/511c4c69e9f716441991497d4e401f-4558386.o
deleted: f/8/7b9d2b41e1ab6503ddbb316bae0a9f-4089599.o
deleted: 6/d/ce729156fb37c3d0dd4581d3bceade-4062801.o
deleted: 6/2/992949ec5fcf8f1afac5091e07f9d8-4122045.o
deleted: f/4/5c4f7f2c57c349c9cc2fa76787dba4-5997000.o
deleted: f/c/25339efad586322b0167339ed82591-5598.manifest
deleted: f/a/f98c565ed4c3c8ec557ad8af6d94c4-3039.manifest
deleted: 6/c/154552bb4604cb12f2d1ddc699da41-4650418.o
deleted: f/9/5077281ff5c7f94e43b2be4de353ce-3223966.o
deleted: 6/4/059e9b049404757b68cb5c0f0e373b-2439241.o
deleted: f/8/4c4401fc86858ebdf77ac33f9d87de-4267443.o
deleted: 6/0/fd58780587af16c917c2aec1e01980-2446148.o
deleted: f/3/7bc93b05b6bd3adc6fd48c8f324b0d-6140073.o
deleted: 6/3/5ab9c1a5b0be9a35f03b8850bf2e4d-7155964.o
deleted: f/1/a5540b42d5601af36f2097714eef87-4206909.o
deleted: f/5/ff0f6bb5ad7144cc2535ccd1e695ba-4186261.o
deleted: 6/8/1511cf885e0c433d7cf07fada3f9b6-2554675.o
deleted: 6/0/a0bd415cf2eb6e6a3c49439ae6f6ea-4716874.o
deleted: f/0/d6f0987a03b2e2ee8073773b39c2fb-4548531.o
deleted: 6/1/5c1d5129b53ec3e95043799c59dc6a-6014112.o
deleted: f/3/c73d3c7b2fee19155c1af12ac7ea6e-4658106.o
deleted: 6/9/406acc68303a09738a1c521fb56c2a-4108796.o
deleted: f/d/79c8b0033cdfbae8fa9152fed90d1b-100955.manifest
deleted: f/b/7ceb8176bf5d9b2931f49b854dc41b-4056482.o
deleted: 6/d/d950c292d3c669ee71ecd6cb2181e5-4575191.o
deleted: 6/c/5f0cc792d0c7f3de8c083e98de93fb-2401722.o
deleted: f/b/6446b6080b5515f6be6b5311f66cb3-2405520.o
deleted: f/b/afe93453adbafeaf3fdc4e8964fe78-4016594.o
deleted: f/a/dfae980361fd639dfe81dcaacc9646-4118751.o
deleted: f/7/8093b72aaf1ab9b5bf6482936ca066-4093663.o
deleted: f/0/43b462556eef9b7a6f84b6c69f20ca-4150000.o
deleted: 6/d/db5fbbce59fa68f9e57342322c663b-2353671.o
deleted: 6/b/9ecbc44909d22ab52cce4d91d17120-4199879.o
deleted: f/7/9ada92736aef4184dcfe8d25338620-2060818.o
deleted: f/d/688fdf5ea9be81a73b6036264cd423-2646507.o
deleted: 6/d/57812e0108faa9dd9c77d3265cf508-4060718.o
deleted: f/9/1334e8fa5e86477f0d5759b1aa866f-4348733.o
deleted: f/b/c7fe9d1be0cf0787da82e9f1b6b478-2596901.o
deleted: f/7/70c6b78521c540892738f7f8716439-2407893.o
deleted: 6/c/702e9e5fbf502475728385c61f136f-4675581.o
deleted: 6/9/b715b6174b940a3e53a27a4dc758b8-4594959.o
deleted: 6/6/65127efefca18a8f5af225e4d66362-5688742.o
deleted: f/4/163ad81f571c03fa260b6db57c06b9-3552328.o
deleted: f/8/ca98dff07144c88db2c6610f00ee71-4504362.o
deleted: f/6/b4a4380d7890783a1eefb33b3d238c-2445593.o
deleted: f/9/feb8fb67a5393b48baf6b1472d6730-4650322.o
deleted: 6/d/d792d531d95f843367831b5d755a18-5254508.o
deleted: f/a/092e08ec9b8d14c8358ea5fa9cc447-3213024.o
deleted: f/5/d581d7d175cc90d9cc51c1147d7cff-5139500.o
deleted: f/d/54b9e6176a665bdc97e99b37fe21c0-2688256.o
deleted: 6/0/676a3d596a53a919709b3342f135d3-4678646.o
deleted: 6/d/cac7911205a66dd9913247454493ec-4016802.o
deleted: 6/2/dd9d57810e5e24e67399820fb0dcc0-2435860.o
deleted: 6/5/65ad05f6e2aa948b6871f6d1db6df2-4498243.o
deleted: f/c/d0bcbf5fd88ec7eada7bd301057ae3-2294326.o
deleted: 6/d/d5bb0eeb919e37790925afdbb2e1f4-3098127.o
deleted: 6/7/aef8119b97e4813a93caa739702526-4074573.o
deleted: 6/d/c9ef95f8170438763c0b001ac559b1-4420937.o
deleted: 6/d/9d78a12b4f7ddbee0a23beb34a37fb-6162.manifest
deleted: 6/1/f91d50f09795ebc4f597317e87b9bf-3204186.o
deleted: f/9/82d5570e7baa9fa6f99aa2534276d5-2590534.o
deleted: f/9/3893eacdbc1caf56490d9f42728df1-256669.manifest
deleted: 6/d/02284aa9a6cdf10dd315dfd68e2fdd-4079226.o
deleted: 6/c/deb765aa8d86fcccedd965c6aee0ae-20487.manifest
deleted: 6/2/749c480ce2c3c69625251925628162-2062292.o
deleted: f/d/67e0031fd0837d7a5c61da66d1ebe8-4135112.o
deleted: 6/6/4219c77efd1a8522261369347b38c6-4192707.o
deleted: f/4/0c68763c3dbd49e19a4aae83cdf66a-4203194.o
deleted: 6/d/dca65670fc581db32d1aca962573eb-4387863.o
deleted: 6/8/7b87fcb701e1ac9b38c7174002c85e-3373121.o
deleted: 6/d/d446eb189e07652545496ae9892523-4418723.o
deleted: 6/a/744ba12613e22685f4da49b1ceddc6-5190919.o
deleted: 6/d/8b9efd4304dca43255edadc99a69aa-4035258.o
deleted: f/9/80cee4e91846e0ba45be27d22a28cc-3557.manifest
deleted: f/0/fea2763a6f6e635d0f134ca46a5316-1687.manifest
deleted: 6/a/fcd3fa9b6fc1faa15d2017e7d9b02a-2651983.o
deleted: f/d/6bfb249a81d69d4834770fafa51603-4584840.o
deleted: f/d/730c8698e56d9d56e3ec7ccb40f78e-2409769.o
deleted: 6/d/7ab623bd625ca608d66a9910c826ff-4203068.o
ccache cache size is 167Mb.
Uploading cache ccache...