SHA for cache folders (/tmp/ccache_dir) is 'edd233ee0d05ab5f8ea35379becec69c8b16d700c3b3c23e6b271e3724c294e0'
Cache ccache has changed!
List of changes for cache folders (/tmp/ccache_dir):
modified: 0/stats
modified: 9/stats
modified: a/stats
modified: d/stats
modified: 1/stats
modified: 2/stats
modified: 5/stats
modified: 7/stats
modified: 8/stats
modified: b/stats
modified: f/stats
modified: 3/stats
modified: 6/stats
modified: c/stats
modified: 4/stats
modified: e/stats
ccache cache size is 691 bytes.
Uploading cache ccache...