SHA for cache folders (/tmp/ccache_dir) is 'a2702d06a7254166329bad3564904e0fd7164efc4f8c35273904a2895107fac9'
Cache ccache has changed!
List of changes for cache folders (/tmp/ccache_dir):
created: 0/2/cace6e8943c0ec7f89fd0bf2a01188-4399225.o
created: f/5/3d19fa854fed1aadd5b590842988f8-1780933.o
created: 1/4/bd493e34c64ced3755f3c7a25f0253-18450.manifest
modified: 0/stats
created: 4/6/af723d5da1d0313a296bdfe84ea663-4732429.o
modified: 3/stats
modified: 6/stats
modified: d/stats
modified: 8/stats
modified: 4/stats
modified: e/stats
modified: b/stats
modified: 2/f/0ce243eba556b07301e7fbff65aa63-4827.manifest
modified: 5/stats
created: e/7/163c5c428972c74fb9ce05d72fce49-1780965.o
modified: 9/stats
modified: a/stats
created: d/8/ceb8c1ac3b8e274e84450c10f42031-2970.manifest
modified: e/c/afc66ea7a0a21f5546abf872b96cac-4772.manifest
modified: 7/stats
modified: 1/stats
modified: c/stats
modified: f/stats
modified: 2/stats
ccache cache size is 170Mb.
Uploading cache ccache...