SHA for cache folders (C:\Users\ContainerAdministrator\AppData\Local\ccache) is '1c0facc0ac00ded533adb460872d344fdc0c9796358bda0a770851d2560f4454'
Cache ccache has changed!
List of changes for cache folders (C:\Users\ContainerAdministrator\AppData\Local\ccache):
modified: c\5\f154ttadaf0257ln9h7rr40ha0m39ggM
modified: 0\6\82vahvrboo2lb081oqv32cd9e0uimtoM
modified: 4\b\0efdj3etf2n1e5nd1ur52orhbq2b644M
modified: 4\e\d7aoh8cbarsqj917p11pfni58betb6eM
modified: 8\8\stats
modified: 2\b\stats
modified: 4\4\stats
modified: a\b\c3jet5qh4fido1npkf02to84lh6akbmM
modified: 1\8\30m0jeub9j9t7bhp29umi49epk5qefaM
modified: 4\c\8elvdnes22fo99f3vp6tjh3cl3tp8v6M
modified: 7\9\87md4fiaeot9binp9l30js8ulsg0nu4M
modified: 7\4\8363tgn1un6bjlhfctcmg2hkitbigb4M
modified: 1\7\stats
created: a\1\199g174s3p0m6f033bid299slgeoaqoR
modified: 8\1\stats
modified: c\f\stats
modified: a\4\2b0vs51lfnp3jb7mpt0mko24i75p8emM
modified: e\f\aemnegq0l6oe7s97g1qj44de1eja4viM
modified: 0\8\stats
modified: 4\9\stats
modified: 7\6\stats
modified: 0\0\77os1lpv6rm296cmf6ge9le6t9i58n6R
modified: 7\e\stats
modified: 5\c\stats
modified: 6\2\13i6b7ebt0sob53mhlntjdcfs1n4k2aM
modified: 5\0\stats
modified: d\c\0fhgne6losdpk9h6vpd0qvjgm2nhjuoM
modified: f\0\49mse58lgcrnr99e85tp0tpmemjegt2M
modified: 3\1\stats
created: 8\e\5f79u52lkbcivboe91hn3to0teve37uR
modified: a\2\b1cifsl44rctmpm7ghdebu10vl7dc0iM
modified: 1\d\4f8g1tdm2k3b8q9m0m6dd3o7m8ulp8aM
modified: 3\d\0f75kull982ehlit827q0tn91rvekp4M
modified: 1\a\stats
modified: 2\e\stats
modified: e\7\58d3kib0kj3dtq3lsijh319t82ph25uM
modified: 4\2\a7ij52vda4ql8hsqnj6ng12sbego396M
modified: b\0\7bdrkrracgu32sl961c2khti2tttq2kM
modified: 9\a\dc10an0d4hsbmqkf6lc15drmnae98dqM
modified: 3\1\c7vnn7fkcd5u7a7eh1u8tobv7hne04oM
modified: f\7\8b3ebaoafpmc1jigimlqm6n47mj22vaM
modified: f\6\e82bieobe8jcrccpku086pls37st2n8R
modified: 1\3\6bj30o8f6brj2237c5nrs70uf190oloM
modified: f\5\7d7d4eolukbadsq8vo82ljtc8v10ddcM
modified: 0\1\50b2npivmpbqnq5culb8q6tmbocj3isR
modified: 8\b\stats
modified: a\2\stats
modified: 9\2\stats
modified: a\3\stats
modified: c\7\stats
modified: 5\7\2fdrtn8nl6uvt56ijv8e5etfu4ukem8R
modified: 3\6\dbhfl8757t6ame01n9jtdg1mb87gb1iM
modified: 4\b\957vdvrjf87lgdenkem7dubkr6ekkbaM
modified: b\7\bd26uevi7grj1e65vt5ve3j9713461gM
modified: 2\0\0dsimh49241ddh7cjt253cpclq9qb2mM
modified: 4\a\stats
modified: 3\0\stats
modified: f\3\6anv4uvlssu9hm07op4rtobqmj34r5cM
modified: 6\4\stats
modified: 9\d\stats
modified: 0\4\5d6fobnh3mdrefenfu08vub7lh4vec8M
modified: 3\5\stats
modified: 5\6\72du6lde33qhuvli8ktqmme88bg0rjiR
modified: d\3\stats
modified: a\4\689p3sgpocidn9sb9okusm2c68vq1coM
modified: c\f\e9me0ljql2hpkf1bv9tdeq1cp4rd7tuM
modified: d\a\stats
modified: d\c\b6rtaj0rjrfriossrs2o44n68r1tt9gM
modified: 5\9\stats
modified: 5\e\cbhnam3l8rfurl1tjvtp1jq59fip5teM
modified: e\1\stats
modified: 5\a\stats
modified: 1\6\96ht5mf0mjfp8agsvip4gbak23an5rkM
modified: 5\e\stats
modified: f\0\03kuj43lplm8tl2plskskkj5lg6j5quR
modified: 2\8\0b1i60osfu5angf9t9gtuaqijc3v224M
modified: 5\8\c93rblatr1q2cf2q5nv6ai5q1jtamg4M
modified: 6\e\stats
modified: 9\d\b0fs7pnlo8glr9u6uv2dn9k573e6ccqM
modified: 6\7\c9a5qdv444tgakv0kt63s5e09f68994M
modified: 5\2\stats
modified: f\7\12oeu8u2eh4cbm2fse219qa0bp725vsM
modified: 1\c\stats
modified: 1\b\stats
modified: 6\f\d5cp8avjs0jr33o3f9pq0mflgb1joh8M
modified: 1\9\stats
modified: 4\7\stats
modified: f\e\stats
modified: a\7\2b5ecjnjmlfec3ph4c0apf9k62tr6faM
modified: b\7\stats
modified: 1\7\8cdt46bvegcmjd2gv94suaaf01g2kq2M
modified: 4\3\stats
modified: c\e\abe3sjeku3mvl8pegvind57lpg0231eM
modified: f\6\2flrls6agaqov4h6lvkdo48130nolc4R
modified: 5\stats
modified: c\0\stats
modified: 2\1\521qp18if5rojsk0ioulg6ft8knvffgM
modified: f\6\0a77l7q1a92fbjqjur4md8k06pp45kgM
modified: 2\b\70c8rq01t0lfkuaj0te65deeunbsgeuM
modified: 2\stats
modified: 9\3\e8n54ki2pa1ip6jopcivl8vkthg39soM
modified: 6\c\stats
modified: f\a\82jrgu16hmg4vhklfb4alpr5s6t5vkqM
modified: d\6\stats
modified: 5\7\stats
modified: b\d\60vaess8nf691ev0uecbdsf4f4vtn6gM
modified: 3\2\stats
modified: 4\4\b1fhi0v1loe7qtg6hf2l63hf7af66jsM
modified: 7\d\75c52v358ln5slrcdgqhdt8rvulj9laM
modified: e\b\stats
modified: 3\b\14b4hm2t9rpc8b6v4nd4n4g31c7lms6M
modified: b\8\edlqvfuhg105sq1vnr63p8b4n3a06d2M
modified: d\3\52gcv1uual28j9da2nuj6pl4etngkgcM
modified: b\5\stats
modified: 0\a\2cv43a78vlab5nvm7f7ebp5306fulpaM
modified: 1\f\stats
modified: a\8\stats
modified: f\d\stats
modified: 7\b\stats
modified: 9\c\stats
modified: d\7\00ud54bj6qdh8b9668tg517f9fra4imM
modified: 4\1\stats
modified: 7\a\eeduqv5ia1uk94ijmr1pr8nt1eplf6aM
modified: b\3\1b5scog30420cgri3pnk0rglerq9ef8M
modified: a\6\96v67nvloh54mqoep5l2k4m73e41bguM
modified: 8\4\58g58ges8d4lk95jr188clfa0kkm9keM
modified: e\9\stats
modified: 6\7\fa6lovfr19amds5icsed9572kfqvngeM
modified: 2\1\819g5lm5pv18sfn0qo8b122phtvnhimM
modified: 8\7\b2c2v8nekl8hu5nc2r9v7nhf9j9ii52M
modified: a\0\e1bvu1t79t8qkou1klji2tv2alfce96M
modified: 4\2\37dq0rb8i5agh3hd7pqh1qqn8g8rpdiM
modified: 0\9\13qsv28o9e0902lo11i75bj6il42iuiM
modified: 3\8\b5mv9fi9pbpn5ti17mkstaadgrl3fksM
modified: 9\d\5cmqnfpkjgj7jsjnenlae78lgfddr78M
modified: 7\c\stats
modified: 4\5\stats
modified: a\6\stats
modified: 9\a\a94hpt2dju2o24ddq1o3emocs1vbp4mM
modified: a\1\908p2kks3d7dsm9v3e8re3f1p4svoa2M
created: 4\6\c4crl0r2vs0jb9knpvmou4j74ech9oeM
modified: 7\8\stats
created: 8\e\c83h2rop4jkgq6nuavcatmt3mojvi5kM
modified: d\8\aa33f09qifdck07v3osll0fvlfio1bmM
modified: c\2\stats
modified: 3\9\1dpbqhruq7cfrh6dct6a40ua8vuld1qM
modified: 9\3\a7as0hlaoa1d1h5dn4dqhbfb1e5p0pmM
modified: e\3\stats
modified: 6\8\bbppu02oqfmk2deelfs7094euad534uM
modified: 7\0\535m93bk1uqkfcavqsnp3tqq2ogcs1qM
modified: 8\a\stats
modified: 9\0\stats
modified: 9\4\stats
created: 4\0\02raeetqal6r6oifas6t8gia0segj3uR
modified: b\1\stats
modified: 0\9\stats
modified: 0\c\2b24p646frbc5kbqr4uc0ero20hotisM
modified: 0\2\66jdhtbmqh6k51hvr4iovs8mllerhk0R
modified: 6\a\48dhlcco4bsrv7bgog4odkdteep6np2M
modified: 2\8\farfut4bq907o67r8le3vu1plfpbhk6M
modified: 9\9\9adl136749fjtofsv3tn80phsgoe6usM
modified: f\3\7cgbfem73a531gkgnt9uk5l8rrm24q6M
modified: 8\e\stats
modified: b\2\stats
modified: 0\0\11fg1pi95mqp87crtnqn9oq0hupc8i2M
created: 2\c\34cbjjj0mh7rdajdasb4g68v64a76piR
modified: 8\c\6fal9tkr6r6tff8ijgmdd5k3fdlenaoM
modified: 2\c\11qik1l9n6japopusn30i3rthd85f0uM
modified: 8\5\stats
modified: d\b\stats
modified: 2\0\stats
modified: 0\4\a4hhpvf9rtvogpin7nk4a4uriqvo8eaM
modified: 5\7\76574dh58ndbvuf1rt889vk68s39rnoR
modified: 7\a\96qah3j34ef5q67ikv815oq4gl2iensM
modified: 8\3\05v5vcg8hdql5v9dc2fn7g1gr8u8irqM
modified: e\4\stats
modified: 6\6\2f5ai7794a5h1jb5knn8v695a761b3aM
modified: 6\3\stats
modified: 8\7\stats
modified: 5\7\2e3usvu75gnm14lqjbijq5qu1nrplnqM
created: 5\4\9c3sfli1841nfp0qeq7psh84l7g8qo2R
modified: 1\d\stats
modified: d\8\stats
modified: 0\7\15tapkqv39fphru2snsa3lpdmkm8298M
modified: 5\f\f7kvb7akdpnhkao2e0mn0rb295f1jscM
modified: c\e\9d1hvo443rorei879t23s171i416u8iM
modified: 9\c\8b0eicghaevqtlhqk0hv7gc4ijcs5i2M
modified: b\0\stats
modified: c\0\92abvhkr9hdr7b2b0738d4en5bn0qloM
modified: 7\b\00jvbk0pltj5gvqv9k3thkal67mt1b0M
modified: 0\b\stats
modified: 3\8\stats
modified: f\6\666fjdfjflc4okaj50r6a1m7madsmkgM
modified: b\7\dd9a5v6hctfalp691p982s09aet3qiaM
created: f\d\54hk1k9v50cm9dlp2pd0dg7ptuonouqR
modified: 9\8\stats
modified: b\a\25k3v7904hu4nas2gd6qvseqmbkemtcM
modified: 3\7\stats
modified: 1\e\stats
modified: 8\0\stats
modified: 9\6\stats
modified: 7\f\2fc48msua83j9m0va27m8dh833ue666M
modified: a\e\stats
modified: 1\7\55i3akkrjqqgdm161so4meu3aviqb8cM
modified: 5\5\6fqjnil3j6febncugvscktc6cic4e7gR
modified: e\c\stats
modified: 5\b\7cn4fcq6rbq2lrhevl758uf83hhquj2R
modified: f\a\stats
modified: 1\3\stats
modified: 5\d\stats
modified: 3\1\cdegboia1pof3aqs7il7lpt3hfm4tlqM
modified: a\f\stats
modified: 4\e\b90s6t2cn71rp5ucfpj2iqf5t5occ2gM
modified: 9\3\7bai7dfht4u1m6p7mj71v40nmf2b5r2M
modified: a\stats
modified: 0\1\93mk38mgd4ts4shq82hvgu8jv2qua0gM
modified: 0\f\stats
modified: e\6\stats
modified: f\5\dbfs9lkguhgrgisc0nm25306fbaeuu8M
modified: d\f\stats
created: e\5\e69qrp3u9l514qh73net51rgafqd54qR
modified: 6\8\stats
modified: 7\4\stats
modified: 6\f\stats
modified: f\0\stats
modified: 1\stats
modified: 2\3\eervetl8bpg80ukco77cshd797rmgtiM
modified: 2\3\stats
created: 4\2\19qpt503b4cmt26ohnqklrovtctqk08R
modified: 6\1\stats
modified: a\9\stats
modified: 0\0\3bg9nig86qlohk94n5a4n7qduicbe22M
modified: e\7\stats
modified: 8\d\stats
modified: d\stats
modified: 4\0\8dd8k3k31fsrtjfqjkbrdnp24pmr53aM
modified: e\d\stats
modified: 1\d\aabqjhpoqhldake5bf7g2f54a79vr9sM
modified: d\5\stats
modified: 7\0\stats
modified: 1\b\ber30sp1iconhcvn93cfoh0a933ed6eM
modified: 3\8\132a3sedf9k5kr9iblu5eo8danvco46M
created: 7\d\29sblj8c1q53i8aovkdde8gsllinp80M
modified: 0\6\stats
modified: c\9\stats
modified: a\c\stats
modified: 2\f\21po9ngflctiv6994a2g28iafv5hih2M
modified: 6\5\stats
modified: d\1\stats
modified: f\3\stats
modified: c\5\stats
modified: 5\4\19g900aj0sq6kmc5a5roqvqdjaiq6msM
modified: d\d\stats
modified: 7\1\stats
modified: c\7\97bvgnd9ten5hth0ff4ut5adj4vr1dqM
modified: e\6\21mq92dtbcva6suob9gqcr50jbj96kiM
modified: b\e\faqn9bhjs6dna2eijj30hdgo3a8qm28M
modified: e\7\a6eg36ddco7p45hdgefmcmv7e1f6h60M
modified: 3\f\stats
modified: 5\8\1dag8o1f0st9bqt2crrd1p1smpfgpccM
modified: 2\6\d04a6m7s5t8gtvf0pskrdee969bn53qM
modified: 0\b\7d34rjeaqp8f112e86eo3u519rme1uaM
modified: 1\5\87gd1skohsqro9jfbjj9jkhnv2tdtl6M
modified: 2\c\stats
modified: 9\1\stats
modified: 2\2\stats
modified: f\6\stats
modified: 2\5\07olklfihc9l39vp2m9o3jr34fhtq0cM
modified: 5\0\d9hqja742g0769usc1euvfoih8jf57aR
modified: a\0\stats
modified: 5\5\2015260ad1tn0vfds17sdamlll9iak2M
modified: d\c\stats
modified: 0\d\stats
modified: 1\0\4ct9i0m0h9o6qtuipoebovs81oeqrn8M
modified: a\f\0f4ui0p97i8bq9c98v8afr867285cceM
modified: d\d\b6toomo44mfcanmslblff8ur6k1batiM
modified: 8\0\823ur0dr0973vk1kqvn3fdq13kp3elaM
modified: f\7\c4sf98pq29j9t3g0t5gnfetkejkhdv8R
modified: 1\4\stats
modified: 5\4\stats
modified: 0\f\0bhsvhohd27lmsugrpk4uisva5rimucM
created: 1\b\07v0nf2k70o22easfia1isirsi9mdlqM
modified: 7\8\bfql39omtccg9as1qiem2mpg8g7ljleM
modified: 7\f\stats
modified: f\3\c4qgg0e2g30lsf6nbl2no4j867ma6kiM
modified: c\d\stats
modified: 0\2\82qm1vp3tkf690nemd2nmtgkj0k653iR
modified: c\3\stats
modified: c\0\1aoahtl61dr8la48cmtpttqpiskfkn8M
modified: 0\4\7ercqq3c9bs9818b37f8dmaai0hu0vgM
modified: 3\e\5fbcgofrilsl118oi13c3793dcvlqs6M
modified: 7\5\5comp8s23p1psuvv2k5nnu3ddi1fiu6M
modified: c\6\stats
modified: c\stats
modified: 0\5\fe2rhlaf3il2o53oi5i1f1oai9oci5iM
modified: f\f\b4vcl0n8j1pupds142o48m8qsnfb1jaM
modified: 3\c\stats
modified: a\d\stats
modified: b\3\stats
modified: e\3\f85els40jibudmjoh4nuiua7o7jmr5gM
modified: 8\6\d0mt09t1fucn9l55mrqgv4ltpicq7dkM
modified: c\c\stats
modified: c\e\stats
modified: 3\f\81tlde2fkqja7cp6i1v2bkhng31cjv4M
modified: c\b\stats
modified: 0\b\81b2r5anr378juvpa5f3nuc0q9lo3a6M
modified: 9\8\15km9vqoefai363le3he07b9islk1aqM
modified: b\d\06v9jsdvbugjj6cf53k9fqh6lde930eM
modified: 4\c\1798o2dd6h6dvbiv8baljt4ogfus9juM
modified: f\c\stats
modified: 4\3\df9tsr0kv0eapf9pbnff0tets3r7qjsM
modified: 1\6\b35v7ebpfqgubi2qime8dhk4ph3o11iM
modified: 4\d\ebta83vvqtjv870psd1gjp3ka0otsvuM
modified: f\f\stats
modified: 0\5\14ismmp0j62ccahrkniaqk5kqldbt8aR
modified: 4\b\061uukpa91h0cq0ga9u8mvkvdl4ufseM
modified: 2\2\f7d2dcm9nqlre4m0o18devem8v1stneM
modified: 0\0\412fnnhik7j6sg21vp6digc8fgvv9l2R
modified: b\d\stats
modified: f\4\9c1h7h8rr83ngqoo4lt3phlbm428d7gM
modified: f\1\486gbpui2n5pl833qj5p2j9ugcnbfjmM
modified: 0\a\26bgp9drpm1doac3lhph746bfv0mevkM
modified: b\3\760n99batgtd4sssusjca96f165pkdsM
modified: 0\2\aasdicsm8h8ke37pbt6jro7qo27tv16M
modified: 1\2\stats
modified: d\9\stats
modified: 1\6\stats
modified: e\6\5br5ha70vp1i8e93svqpviim820kn9aM
modified: 0\4\cdk4qaqtrl9jrfudjcgtqdmbtdggq0uR
modified: 0\4\stats
modified: e\7\f1ne7knu8079bo386eninjk27aspbqeM
modified: e\f\3b3eaetfdqipsgv01uhi26arbi76um2M
modified: 0\7\stats
modified: 1\8\84q8mq5ssrovjc733qi4tp0allvqeasM
modified: 3\3\c1rlu44flnul6lsju31t8uc509m8fe6M
modified: a\9\0a7dio2pe05md79f23g60a1f3ib1odmM
modified: a\1\stats
created: c\1\45f985g67nk93i1tlgqj1vmtspfebo6R
modified: 5\b\stats
modified: 8\c\stats
modified: 3\0\c1rtafhc52tjm2rgufbnfkoqa6pg6luM
modified: 6\6\a26jqn7gea35pdbkfqk0rdri1tip3p4M
modified: 8\c\0cluc1bao0prhh5pmabr8i3pvj6minsM
modified: c\8\stats
modified: f\3\9cuqhnf82g6c555r1at9ue8ogkfg570M
modified: 8\c\a9dtio7fa7r4qnod89iti1ht7jr80jiM
modified: 4\f\stats
modified: 4\c\stats
modified: 5\a\baf4hb2u9aojhcgmlidi7eeallijfjeM
created: f\5\51cqchmn57k14ammr1f0r6sn13nnk6oR
created: 7\7\67erk49eadbpbopcrl5r8vq27oo2fhsR
modified: a\c\83i7r79vc9ii5e7n8m4sjs5kg0kp4lsM
modified: 6\6\stats
modified: 1\c\a9li4uijqhqra6o5b59sneuu7en17bgM
modified: 4\d\stats
modified: a\4\a3ni9lagaivuc3c7d2iffn65k1akk3aM
modified: d\7\f2bp0v7ar2234rpv85lerimb1mb9i02M
modified: 6\3\8899sotprcpus4d7v4meou5ido2e3esM
created: 7\8\640igsoimnata2kjjv1rla0a7sagupsR
modified: 8\stats
modified: 4\0\stats
modified: f\3\3b8g67q0m73n76vt55bfd72tue3h8k2M
modified: 2\8\9fl7nepq4submg0ahfm8n37kctq0r04M
modified: f\0\f6v0rrer32qpm6f6dgf67r9jge5ktegR
modified: c\8\5af8v9cvp2js9frchr49mforjiojh1eM
modified: 5\9\e3mc7sh7n5pmpd4pkbpskeg8ii1uv56M
modified: e\e\8bct4huvjdjfof0nt7ujc9gs7mvhjjkM
modified: a\2\19qu20its6irld3tmrqu3at5mg2bgtmM
modified: 1\0\stats
modified: 5\a\88ijego0207mvnjorje3djo6ks8or4oM
modified: b\e\8aq1pr3hncpkshvr0dl33uvs8314enkM
modified: 0\5\550leurb3flgb4iaedau0ova04upodaR
modified: 9\5\stats
modified: f\1\stats
modified: 6\b\stats
modified: b\6\stats
modified: 3\3\stats
modified: 5\8\stats
modified: 8\9\stats
modified: 2\5\c222rnafch7b61fev1u8a14s3qdt5qcM
modified: d\7\stats
modified: 4\e\3b14lbaku603t1775fko1er279ei25uM
modified: 7\2\stats
modified: 0\3\stats
modified: 5\6\stats
modified: f\4\stats
modified: 1\5\stats
modified: 9\b\stats
modified: 2\d\stats
modified: 9\b\fdjmpu363phl5f81o4rbu801t9broqiM
modified: c\4\stats
modified: 0\1\2fm6oh08lsi2hdom6c6gjr68boh2vv0M
modified: 2\c\53acn4p7guen6d8fmfk17e31d8stbb8M
modified: 5\c\10a1e1honl3vdkr0fccekmri5isbl9sM
modified: 0\5\stats
modified: 6\0\7fm52f49faigsmtedcadjrsd8vkbb8cM
modified: 5\1\stats
modified: b\d\cbvcjcsvlsd03esslrm4tkhupe64utaM
modified: 3\4\stats
created: 4\4\26sf8749ap7q96n20f753jmsfptstnmR
modified: 2\7\stats
modified: c\8\18n0pfu540s1sud31k99kp4dcvt9bcgM
modified: 7\6\54d0d4kjnfqmq5cfothtvintqrf12g8M
modified: 2\8\f4ou5sj0svf77epehlivue4t3pmboaoM
modified: 0\1\0fu8k85mlv004ofd8ppp4tpc4206p10R
modified: 8\2\0512dqhmqv11uqbodan314oeb8mdd0mM
modified: c\c\8cgutpt66lrfonfsdj112fh6i5jl5o6M
modified: 1\8\49frv09oj1eecuqejus58idf2g0tnp0M
modified: 1\e\56nkmfdht4c1ffil67ul2pce08qieh0M
modified: 7\d\stats
modified: e\a\stats
modified: 2\4\stats
modified: 5\4\f8nkv2ehr9bo84gpgiirgrqgpne6ac6R
modified: d\0\39namveucsoi7vm55v0joraq91kbk7gM
modified: 4\5\8an9ejipcc0jhd0hl6ncnhrupesk8gcM
modified: f\b\stats
modified: 2\8\stats
modified: 6\stats
modified: c\5\c3k6mt547h71oie0t9q4lvksj3sd4seM
modified: 5\f\901kgsn1edm0teepedok1hij9uemaocM
modified: 9\3\stats
modified: c\c\b27vduen7jgrssb60ucklqkt1btf94cM
modified: 4\2\75s5i1r95leat1lu4amifjd8pegnde6M
modified: 8\c\9esplh92s74n8krsi8mp13e0e5dojsmM
modified: c\9\f0qefcdd05ciunpd6iim3tqc2ih3570M
modified: d\a\acf8r0tmpt327ohq75v0crfbnd0bl54M
modified: 6\2\5814ogjtpktmrtkdepat2264kfkf1osM
created: d\9\a7qlm41aj8dce2grpbl9r68ivmumdd8R
modified: 0\6\2eqrabvflea78kaotamavqu12ale4qcM
modified: 7\3\stats
modified: 3\9\stats
modified: 4\3\8a17k8bb32d8qntf69mr92aq5e9larcM
modified: 4\8\stats
modified: b\b\stats
created: 0\6\091lin1h6cf5qjle2vgbttojpkr20g8R
modified: 0\b\c825ebsi9tt5kplpj648818ek7dadlqM
modified: 1\8\stats
modified: 7\5\stats
modified: 8\4\c1cr5ml7kfbcjbre05f6dl3isdllcuuM
modified: 5\a\04j7g52ds8issv33vulaiderkooek9uM
modified: 5\c\218vb7phqgc50054p6v0ph4d9cm1emeR
modified: 0\5\0c01hha62qohch53rrb8apr0apm47ncR
modified: e\5\b4gcqc7ikc2ijbpmu0mhpeckhhs8kpuM
modified: a\f\39ut8amal9hvp6feuai1glhllt38lq2M
modified: 8\7\cb8uia8udsaqems2j7cf8hu2pshpf7kM
modified: 4\e\stats
modified: 6\3\d1rrc84t17tem8equ0lbnfle2nrsl64M
modified: 7\stats
modified: 7\6\1ehcvrj270g4h365jifub6ncvm7gqhaM
modified: 0\2\307ackdnsau8j5176cth5o0q9nmj914M
modified: 2\a\0e34fn3ood130ldok9dt3b27a86uoa6M
modified: 0\5\0b01e0hdimaec133pjmr8ehenskmuiiM
modified: 5\5\stats
modified: a\4\stats
modified: 2\5\stats
modified: 7\0\68fvj6kscsu88k53dc9q09hck0h94iaM
modified: b\0\65oel7gkc91fn14iv5bnoim8s2ptro8M
modified: b\c\stats
modified: 0\1\640m2alhp0ueaivqtvrunh0aphqutjmM
modified: 3\1\0448petfae409vjmu4bath9gljarps6M
modified: 2\6\stats
modified: 3\d\stats
modified: f\6\94dskmc2g3h2fsr0h3gc1egbno14s7sR
modified: 6\7\51el3mfvems1od7rva9n50vgrsrfviuM
modified: 0\2\stats
modified: b\e\271ikc2bi717k5vqceoeogfj3741u6uM
modified: 3\a\stats
modified: 1\f\dc23kgh8nmbkp8l2i4ac1pso1ohiuv0M
modified: f\0\e7lhcrp5kn6fs0d021rq5d574uk3oikR
modified: d\9\c5luin18o8d8vr26m1vekumuk9e135aM
modified: 8\7\a410ukdo1humj02r6grto0v5jqq459gM
modified: f\d\44bomc82eq3rok9rkan1btalpi0a1a4M
modified: 9\3\a1cknf303loofhqf8thg2vhrvltdr1mM
modified: 6\2\stats
modified: 9\f\stats
modified: 6\a\stats
modified: b\0\7dc4icob7ngaaqlnstk5fg82v93h64eM
modified: f\2\f74boqi1taoi9d42t3l4amednfkkiqqM
modified: b\c\283g7jrla9cmn9blmkl8do15qha08vmM
modified: e\6\b17dg14fdasgs57g14j2encingpvk8cM
modified: d\4\c5gdkhvkldjussk9n2e1k73ch2dq42uM
modified: 3\b\6fn15keme4nvnbj9ed9k3atdjg6clq8M
modified: 4\6\stats
modified: a\b\stats
modified: 8\6\stats
modified: d\4\stats
modified: 5\b\e294s29f6d6eb893486pdqvpc4fu9imM
modified: 1\7\aehgdqeb2bpqrk0al848qi6bilnku3gM
modified: f\9\stats
modified: 1\1\stats
modified: 6\3\0ed9a92iu6re1m969atid5qnk79ivbaM
modified: 7\8\26h3vjinfuuujfvucde11piqtd4ib7gM
modified: 1\6\3cs4qnauur20opn4soehqmscdfnmbkmM
modified: 8\0\2ce06simfg6sfkm753ki8esl0ieurlcM
modified: 1\f\25aq5jr48qiljc9i47rbgs82bvo33mkM
modified: c\a\stats
modified: e\stats
modified: 0\9\c74nvbm492k2i03ioq2kqn862umnrsaM
modified: 5\3\stats
modified: 6\1\80ek2hqle4pkkl9dtg31p3k734ifsqoM
created: a\6\bd1usopmtopuehir4q6ttcrr67s5cdqM
created: d\1\64bt58oc6ril3t5e9r91ve5vg71dkboM
modified: 7\7\stats
modified: 3\3\c5nt1jbjhl0149jag9604kptnt96phaM
modified: b\stats
modified: 9\5\b42co7mvr58ubks6b9cargcudhn9avaM
modified: 1\8\50m1rnu0cktdd349m5cghbduirc9ctmM
modified: 1\e\1dnmt4inlhk69obsb7thrvrn561ca2mM
modified: 5\0\e6fpjjuqrdun8rm6br7d5k2lc2h7tvoR
modified: 6\5\e1p9p2mvsd85u5989bisiiqkg9r3e1oM
modified: 5\f\stats
modified: e\f\9f4mfmt1bhfckcufo0le1eknujmg1b2M
modified: f\5\stats
modified: e\6\faut276ugama6gp6u2cd3q4djreh5vuM
modified: 5\7\478d3l52lsv1mm6t8kt05fnutcdjis6M
modified: f\7\stats
modified: 2\a\stats
modified: d\d\50jf5k5b96ts32curelmach4g8esasgM
modified: 2\9\stats
modified: 2\0\a8p8lu600gvuq0glomhq2etlmg2utu6M
modified: d\e\8901n1q2fej8acsh9n0b3hsluqj4g76M
modified: 2\f\stats
modified: 5\8\550j6qh583d25f3kfth1vep9li2fbc6R
modified: 9\9\stats
modified: 3\e\stats
modified: 7\8\29i2cra4n30ip3qioqstsumki75fl7oM
modified: f\0\e5do0e8ft52ij9d8124svl1dbc1d5kiM
modified: 1\d\58drkrcmj5jbemeit762df4gu3etccoM
modified: 3\4\c2gci7okju8v89mthln0rrd7elsvq14M
modified: b\4\stats
modified: 9\stats
modified: 9\7\stats
created: 4\f\4eq13o2hqhddu1dleteu7kbk860t1koM
modified: 8\f\5c7s5lbfuuh3j3qhcpp6moduf41ji8gM
modified: d\2\stats
modified: 4\8\1bae3nddpau6f5es4kafro9960ntrlcM
modified: 4\stats
created: 5\3\4fj00sdr42advelhhkveli572jc6mgiR
modified: 9\e\stats
modified: d\d\6aprilmb29j9n65esj52f568dlqd1kkM
modified: e\2\stats
modified: 0\3\73du3ihl6b8c052a68e3i3ctisece4gM
modified: b\9\stats
modified: f\stats
modified: 0\e\26h6sv01sbq4sppdpteo0gul82e312oM
modified: 5\7\4bfnd14or11ifghjb80cu7isgbv9d92M
modified: 6\9\stats
modified: b\8\stats
created: c\b\b9da98a0ssigipruseq2bvglkg03b60R
modified: 4\b\stats
modified: f\2\stats
modified: 4\f\9elofrg8d87esfhf84584dpim223f9qM
modified: 5\9\84ktjal7j1dpb721h6jit0atbkc8h0uM
modified: e\8\stats
modified: f\3\f2b9h6gfqnuk2dk8rrniaioni5m69n8M
modified: 3\stats
created: 4\1\b2e4upfr13ttiaem953e2v0h7or78tcR
modified: f\8\stats
modified: 1\5\e9qoovadca2e6bthlao0fa42gnsonvoM
modified: e\4\1adtpujdsr72jk5t47b142v07i7iickM
modified: d\8\2bsk2tkmlheu77iqejimavnts8h2thcM
modified: 0\stats
modified: e\5\stats
created: e\6\51oaciqsq45n3oq3pnfqfnbbr81d87gM
modified: a\7\stats
modified: f\5\70j2pbnv538d8cfqs2gmbick9k4mikeM
modified: 4\2\stats
modified: 9\a\stats
modified: b\a\stats
modified: 5\e\58f09enav8gm9b2hfopqhivpcrbbuv6M
modified: 0\1\86hi05fsvclatq74cbqu7bkovuffjckM
modified: 3\b\5cttvjcqop27lishpjpb8ntri0pna9oM
modified: f\b\209b3u028kvaed6s0lr57obg6n8turcM
modified: 8\4\stats
modified: 0\0\c5s3fd71l9e990rhdnusdcma5balthmM
modified: 0\0\stats
modified: 3\8\13moaec4frf7v388o1f5ldvo51baq1cM
modified: 5\9\77n638i0q5dku7umksee46fms8la1g2M
modified: f\4\1cout8r6hkgm81en5eeo5e8t5536m2aR
modified: f\6\1bimtoml5nlhcsgvt05152jas0mdvt4R
modified: 9\a\3cnl37ece54eb3cbeppipa0o4jfehiqM
modified: d\0\stats
modified: 3\6\stats
modified: c\0\2fntshnqe9jp22tgvov6mvj2g3rnl0cM
modified: 3\b\stats
modified: 8\f\stats
modified: 0\c\stats
modified: 1\8\c7rvcrsstd2okh785tb8hp6rtrhor78M
modified: 8\f\a5gblf46qs75qh47emapmsr4s0stu2kM
modified: 2\4\345u3h17lii7ipr0u24uti2j0h0tqouM
modified: 5\2\45h1c5s1rkrickt88vq8p2mfk9r49meR
modified: b\3\2bv4qous42a6h2m6ghtir0ouibhh7haM
modified: 6\0\stats
modified: 6\7\stats
modified: 6\d\stats
modified: a\a\stats
modified: e\0\stats
modified: 9\f\1be5m114hcpahbnrblim0r80ku2rvb8M
modified: 0\3\ecc3s6es7aipvhradjbi25b7cdvlm52R
modified: 3\6\3ed3ni2843a6u8sqaj5apn7uu6apnnmM
modified: 0\e\stats
modified: 2\1\stats
modified: 7\a\stats
modified: 5\7\84t18bes3vhni7sb275r05dr0avma4eM
modified: 9\7\89ml3fu9pk2vihhqul8mfggjosrecdgM
modified: 0\4\bdqill9smji7gfie0p95mjjl42qgb5aR
modified: c\1\stats
modified: e\0\6clssblr9k3r5qq35uf078ts8uejvs2M
modified: e\f\stats
modified: 9\5\233u674bg5olpbagqacfidi10b3a3caM
modified: 0\a\stats
modified: 9\5\2d6duknjr1nsfi6l836a9paviaqadg4M
modified: 7\9\stats
modified: b\f\stats
modified: e\b\79lf9uevd932i88ihq8lfhri34kuijcM
modified: 8\3\stats
modified: f\0\f4rt95np950e65ma668emluso03ntioR
modified: 8\d\06vgrcr2rq76p8it7o09dttm45brpdmM
created: 8\e\3e8keou2msi9q7duagnbeb03ev5b3f0R
modified: e\e\stats
modified: 1\c\14r5pln17hgh3l4hvfqa5qf1rfblhqaM
modified: 0\1\stats
modified: 6\a\9cjcgl2c2ijtnea5vk1mefqd3fi7ps2M
modified: 0\1\a2ud0euhahu24hb65b5rmsa0usi3c1qM
modified: 8\4\5d9ng9koo74cupie1v97e41cdqtf9viM
modified: 5\c\42nfthio74n5n7fljo3n4377t3i1k3sM
modified: 5\0\9c95cfkrkii4t46frgvfrm5hi16p802M
modified: c\a\05mqaoeml1lbjbbhrph82ifq9ur9sv6M
modified: b\e\stats
modified: c\c\ceaekn99l2ce32tm9qoulunip9cvcreM
modified: f\5\524ji5sphphkjkio4qe7jc9fhmmfnn4R
modified: a\5\stats
modified: d\e\stats
modified: 7\1\39vil7pp79i25gein23di3hvn4t8s4uM
modified: 2\1\ce3jdck5cvjlhhm0468rdp6phf0ol2mM
modified: 8\2\stats
modified: 8\4\02phoo70miv1utfkffpp0v0tbsf1d4eM
modified: 4\f\68as402oeutn5rrfgt4m39nktgo2sbmM
created: 4\8\25hi9vgu3di2dvga4qc8rrpjf76iaocM
modified: 7\7\88olhcmterrlv4kdcj029ulvj405hq2M
deleted: 5\9\935gf8hl6mc1k5kokfacs1b8j1p74bkR
deleted: 5\5\9ej9kt83930ctd3gsr7n4palh665ncuR
deleted: 5\1\1amdrlp8lq47fabe7oc7nkhurdb3ob6R
deleted: 5\a\bb4n87lka9lsg51vl79s0q5jbem1j78R
deleted: 5\9\9fjn93e0l7fetqav04libpdki7kja72R
deleted: 0\c\0c1im45foqfdtseorrck44jttai2vqcM
deleted: 0\6\4egquk5oaics253b22ucibo599949ccR
deleted: 0\b\ccnkjretsn5nmvcgnnrm8srjelpjkfqR
deleted: 0\b\96db4b7oq5h404cjhd141keuskl7cmcR
deleted: 0\b\e1mbvtp1f8b74b2j5vmmbtck9f6vgkcR
deleted: 5\9\ccu99cfgdjjfapsqok937nscvarg8k4R
deleted: f\5\9cl2qug1ki1ts7c3j25qqi7rr05pn5qR
deleted: 5\5\ad14kn09ih118lu04jklr7q5f0234qkR
deleted: f\5\9ah96h91917a9gvt94fe1aoka9e92fgR
deleted: 0\b\ecdrt3ku0lqrpo44oetq60mr0qvbtugM
deleted: 0\b\879jqn8qs2qbu9hu17cibtcr6e1ded0R
deleted: 0\b\a78hcoffg50tj13bcv3rnb3q9aao20kM
deleted: 5\c\1etmqsk7i026obf2ctaoi20o2vj5b3aR
deleted: f\5\52vh36ok24multc7ktuf0j8bl7cpj08M
deleted: 5\8\e50fs5tfasq8dj518vl2fr99tl7f6duR
deleted: 0\c\052kv0ops415r7cbd1ia7aod140hipmM
deleted: 0\b\7dsa9igvl53c4kt3hqgqerto0fkhdruR
deleted: 0\c\90h8h9uv8057ap7qudb9dho3cs69a10R
deleted: 0\e\55s9ddk9s8o9lakrii7hecvjc59s626R
deleted: f\7\4a3r15k2ktvgufacoljuus0bhnnfgh8M
deleted: 0\5\5drkmnueumhbpjd2qh5r8jfb81bk48cR
deleted: 5\b\7b4aaane2qjcrknhlgtdl6dg5gbk2amR
ccache cache size is 169Mb.
Uploading cache ccache...