SHA for cache folders (/tmp/ccache_dir) is '7741a502332f69254151194eeab36b8442936fd3a4471509ed6ec4f9a090d5c5'
Cache ccache has changed!
List of changes for cache folders (/tmp/ccache_dir):
modified: e/1/stats
modified: 3/0/stats
modified: 1/9/stats
modified: 4/0/stats
modified: 4/c/stats
modified: 1/3/a2ch1f6bbnu75vre0903dbnntltgkuaM
modified: 5/8/stats
modified: 3/2/stats
modified: 6/7/stats
modified: a/4/d8foh4o3mv0msadki5i9d3e4o2863s2M
modified: a/9/f3j5hq55sia5q694v2apbt95tqr7s44R
modified: 3/7/stats
created: a/a/38e14kiifqcpgf0r2i6heaf7v61rcvoR
modified: 9/5/stats
modified: a/a/23pohlmdltlnlmmldf0qabu0cso3996M
modified: e/3/e17si8jnl0kb3cfbvd6v6gsjsbsgh5gR
modified: 4/2/stats
modified: 9/9/a2b0t071hqjnju0icag728h0eagcv7gR
modified: 7/f/stats
modified: a/3/8fo1hu6lhdkhidtvr8hvgdreo9s9p2gR
modified: b/6/stats
modified: 5/c/stats
modified: 9/0/79toeqrasiu7916b4i45q3qn8as4t3cM
modified: c/4/stats
modified: 5/3/stats
modified: 6/6/stats
modified: f/c/stats
modified: c/e/stats
modified: 9/c/stats
modified: e/b/stats
modified: b/a/stats
modified: e/7/stats
modified: 2/9/stats
modified: e/0/6dne79gndqjnuk7fip73gsdlcmb4jtaM
modified: a/5/34f1ar3h2f3tggp0786bit8m1kpoqlqM
modified: 8/5/stats
modified: d/3/stats
modified: 7/d/stats
modified: e/4/stats
modified: 9/a/80pur0ilfscbfpm8pjovqoso76t9ergR
modified: 1/2/719d1poqk6s0gm1uj5nk28mntulo9t8M
modified: 9/0/23ii49igaq70m746fet1qgu0jmkmqmqR
modified: d/d/stats
modified: 0/6/stats
modified: 6/0/stats
modified: 1/2/4fo8rdci8bng94uss668qpegaugtuveR
modified: e/1/55btu821at1pu5rtgjveui9g894bshuR
modified: e/9/stats
modified: 9/4/922f8ddq18e79otfqtuqjer60469ijkR
modified: a/6/stats
modified: 9/2/4alifhd3nuc5udga40guen0auau6h2gR
modified: a/0/2cm5ifqb1kp0umkt481mmh6oreseq8sM
modified: a/c/8a155t3dqg4qomvn5pas0prfdun606cM
modified: 3/c/stats
modified: 2/6/stats
modified: b/7/stats
modified: 3/8/stats
modified: c/c/stats
modified: 9/6/e9qj1cupn0sc9s0s37jaqh5c9g7r9neM
modified: 4/6/stats
modified: 6/5/stats
modified: e/4/d6k05e3vl9s3kh6v4fnr7t72i3bffraR
modified: a/3/73f2eei94l15lih8aqt5i3i1lbqjslgR
modified: e/5/98pr402o7ijehtq3csr51cghhu75476M
modified: d/8/stats
modified: 8/1/stats
modified: 2/7/stats
modified: 6/stats
modified: e/4/0dtpl2uucocto00bkvq2l86flm1ejtkR
modified: 9/5/83ah1g9tij1tufr9un2jhoq71561sfaM
modified: 1/0/50jta1dba6pfp59qhbl9u00c8q1vvfmM
modified: a/7/a8n5vvjl5kdsc4mkgnfb7jbulofa2ggM
modified: 9/d/4almguhkdo8be3mtsdf62j2q224id7uR
modified: a/3/stats
modified: a/a/f3asmjl6aviu8646lpi6mo6puoek1jaR
modified: c/1/stats
modified: a/d/3ag89et8p94toq0pia0p1dnbf9ppclsM
modified: 9/7/stats
modified: 9/4/7683rq8vb2dogrqvhmv7nvsrm71qsluM
modified: 9/3/80sg9gqo98qmgg9u75svjb43mkei3ccR
modified: 2/4/stats
modified: e/5/stats
modified: d/2/stats
modified: f/5/stats
modified: e/5/0fh8um1bvnksuinf2mk4ki0l6q5mj0cM
modified: 1/4/13cqcuh3mgfdt2efu7vah3mkuhn7tgcM
modified: 8/3/stats
modified: a/9/stats
modified: a/d/655dliaregcug9tuuhj4bqesik5sbtuM
modified: 9/4/3fi1sn9q691m4rniohobnnbk0rhjhe0M
modified: 3/5/stats
modified: 0/f/stats
modified: a/7/stats
modified: b/stats
modified: e/6/3cp1jr8npltkti22fkjnq9fb7kej8moM
modified: 9/9/8e7jlvvjt3sjo2ajf1h0cnuti6h2akmR
modified: 4/1/stats
modified: 9/0/e71f1r1icg4ms1a7ma7mse58n7epltqR
modified: 1/a/stats
created: e/8/1dbdljo1gf0g4m3fbkil4k7u7ho40t2R
modified: 5/5/stats
modified: b/4/stats
modified: b/f/stats
modified: 4/8/stats
modified: 6/d/stats
modified: 9/6/stats
modified: 6/4/stats
created: a/3/466m52oidbgtj73m8hb6l2blobv2mj0R
modified: 9/2/14oojvikubd3d9auuevhlhmpgst82fiM
modified: e/6/fevsobc63blnrn0bjq31d6pakm7t9v4R
created: 9/6/8egfhncr4frvv276dtuksnj9vhlkno4R
modified: e/2/84ji9d3igmfn8vldhcj3r0e0dc9ettgM
modified: f/d/stats
modified: 9/c/15a9ilq2rj68r7ronadkjnq2n4s5mdmM
modified: 4/b/stats
modified: 7/e/stats
modified: a/4/971t12u5jm9hleio6oiai1m6enqjufeR
modified: 6/a/stats
modified: 7/c/stats
modified: 9/4/stats
modified: 3/f/stats
created: a/8/1eirqnr8krodtshslmi937ifkudt4ruR
modified: 9/4/2f5jo26iv6phmujakt917681tp9hchoM
modified: e/d/stats
modified: 5/1/stats
modified: a/stats
modified: a/c/stats
modified: 5/a/stats
created: a/7/11pq2vok9tr05a3vavapg649huid3hkR
modified: f/6/stats
modified: 9/e/83ob76t5lq2qoj4po1dvm156mbivpnqM
created: a/b/39ndma9vq8debjdrprb9uc20rf0fvoqR
modified: b/5/stats
modified: 0/stats
modified: e/3/2dac7rm8hdjr0r31satec6rbhl5bje2M
modified: a/a/66achnhio6bne7a4jcvsk9rj7pqev6eM
modified: a/4/0c7i87ff8qcerssg7mieulgfureh2r6M
modified: a/5/stats
modified: 9/8/stats
created: a/5/17345afnn9prd8h5m6hsk3ps5g0ij02M
modified: a/0/9eb3rv3qvqiv74aajupa2anrl4je4joR
modified: 6/e/stats
modified: 9/8/ccu4i07kcom3q7s2ffvtgujdglaogekR
modified: d/7/stats
modified: 9/c/c6949vk4u71vkotip7l8s3eqminsc9sR
modified: 9/9/30v2mtpri16623aomnm9ji7eb62b17cM
modified: a/8/75eojhhndc7to9v8ldbk314i5dl20lsR
modified: 7/9/stats
created: d/8/f8mg4b4fg5nj68g6qm1j5hisoibfbpgR
modified: c/8/stats
created: a/5/9dm1e8fblnblqj7qjg8ab2fuk2lcrcuR
modified: 9/2/a1iacoodbn8031la43oj1oj56habk6aR
modified: 5/d/stats
modified: c/f/stats
modified: 2/stats
modified: e/3/stats
modified: a/e/79nhalqr9ln98l6ed7ohn1li5qhmdeoM
modified: c/9/68kvgipmogognh30ae9hot1h91jf0r6M
modified: 4/d/stats
modified: b/1/stats
modified: e/7/c78j8pi66qsqrr07jrl8164mjkj8blaR
modified: a/1/stats
modified: a/0/4cquocv4hd1o5a1cg7brh43tdt6mrqsR
modified: 9/8/4fpk1ipqr9h1jr3bkugq4galklcbjdqR
modified: b/2/stats
modified: d/c/stats
modified: a/f/stats
modified: 0/d/stats
modified: 3/3/stats
modified: c/7/stats
modified: 3/1/stats
modified: b/d/stats
modified: b/b/stats
modified: 1/3/abdd1nthtvjatiic3o9sf8fot52giboM
modified: c/2/stats
modified: 0/1/stats
modified: 2/8/stats
modified: 5/e/stats
modified: 9/8/8cqagjg3qhb8bpst5mldloj34tdi5goM
modified: f/7/stats
created: 9/e/43ujkj9k50kaqh49mlrcngfoav4m4fmR
modified: d/0/stats
modified: 3/6/stats
modified: e/e/c2vtkrkq8c60iigonff2f44mn7eilu8R
modified: e/0/5amgmrcj5fm6lj6mj2soel1qq7dledqM
modified: d/f/stats
modified: e/a/db5ldsfaj1j7u469q4evsr969toluioM
modified: 7/6/stats
modified: a/a/ab4veiuo47ld75n49ghnn9uk6jrn0iaR
modified: a/0/stats
modified: 2/f/stats
modified: d/6/stats
modified: 1/3/8e351qbp4j8cm391st5o7dsqg3pm9aoR
modified: 9/2/7erettt3ks417ebs7epue5rinrf9h1qR
modified: 9/b/f2fok9hk5lvfgtcnqha5248th3d1n3kR
modified: 0/e/stats
created: e/e/058krsa1nep0gplg7c5kcadtssf2018R
modified: f/0/stats
modified: 1/0/stats
modified: 3/4/stats
modified: a/2/stats
modified: e/0/81mcken6tfhc9e6q5gtcs3t0airq1u4M
modified: 4/a/stats
created: a/6/17sccavnbjvlrt85r0qkslol1us4i48R
modified: 1/3/stats
modified: 7/stats
modified: d/stats
modified: 1/c/stats
modified: 1/1/7bih6eqt7eqm3845v8q3fdgl96j8kuqR
modified: 8/a/stats
modified: 4/f/stats
modified: e/6/7djo4atvhpqa8b638at8fp0hvr6f692R
modified: e/9/6cnvdoq7d60028njgcqpm8pq0544srkR
modified: 4/5/stats
modified: 4/9/stats
modified: 6/f/stats
modified: 8/6/stats
modified: e/stats
modified: 1/1/stats
modified: 6/b/stats
modified: 8/d/stats
modified: e/a/stats
modified: 8/e/stats
modified: 9/e/81rauiunjp635ksovp12giffcr0asboM
modified: e/a/3dg5gdsbcraabd4aj874a1qmkvd89kaR
modified: 6/2/stats
modified: 9/d/e3kjvsv908ml139psj0k88nsutt98peM
modified: a/b/6csjc57udj8i4ialo4k8mraef8kg044R
modified: c/9/stats
modified: 1/4/felan8vml93v7k05225keplc3klttgcM
created: 9/5/d2hrp1bmnpmdsbtjdva2aa47afq33b0M
modified: e/3/845v9mqle7ikrdg7sf7ongevs222aqeR
modified: 1/1/0blblikg0r1d6c56gtshuarmonhqqrkM
modified: a/9/0ft8i160o1ovikqu1slbq9do86u9h38M
modified: 1/2/3aabio5qqdjkdf8bou3bgt09hodclo8M
modified: 1/stats
modified: 5/0/stats
created: a/e/bc3r4p2h14td21tbne2f9j1tom36b4kR
modified: 8/9/stats
modified: 1/3/45qav19lo4ge27degu9jk89bqqcupi0M
created: a/4/ddq46m3f5585ahcvd4c7b6ntg3kdvo6R
modified: e/0/c9ti77s08ksfbuus4vqhes39b12qta2R
modified: f/2/stats
modified: 2/e/stats
modified: 7/1/stats
modified: b/3/stats
modified: a/e/stats
modified: 9/3/stats
modified: 8/0/stats
modified: e/4/10bt4seb4fh98fkjd00joqacmotgjdgR
modified: e/d/f91kjpatrea54mdfbqvdk3hj05eo66iR
modified: e/0/b4m5qvq4ae140nnfli0j6gdhffp1uraM
modified: 7/2/stats
modified: 1/e/stats
modified: a/1/68kic08oj4i3n4h1im768l855918ipmR
modified: a/4/stats
modified: b/0/stats
modified: 2/3/stats
modified: a/4/2f784nmsluhbeq3ka3i4ssq8mg3gcfaR
modified: f/f/stats
created: a/1/8329ceead16nfjvgcdls0checeqmfjmM
created: a/2/7fj5qmn8ogfn5cbsjkfgs8futvtt6ooM
modified: 6/1/stats
modified: 6/8/stats
modified: 9/0/f9n0eeu49795n6cuqh9hgq1rj7rbf3uM
modified: f/8/stats
modified: e/e/stats
modified: 2/b/stats
modified: 9/e/stats
created: a/2/72vrppuqlcln40hkdrhjvoouvjnjm32M
created: a/2/97rd2jkhdevqp6ee0oenaom7jbr4ddsR
modified: 1/2/6cruuf8gm86t7saeprvkhpeo6hlc6tkM
modified: 3/d/stats
modified: a/9/70htcai4ivfi3i3o85a9c4382k2ggfsR
modified: 2/2/stats
modified: 9/9/stats
modified: a/4/63carnqhedchocq0s2vtt3h42eo71qeM
modified: 9/7/2e38h6kndgsc9eh4mn25og222empo1gM
modified: 1/b/stats
modified: 8/c/stats
modified: 1/d/stats
modified: 9/2/stats
modified: d/5/stats
modified: b/8/stats
modified: a/4/2ffq1itvmosck1k1oak7cca8ofif0ncM
modified: c/6/stats
modified: e/9/02smqsdhh8ato5nm99kkv5rmd7khnjqR
modified: 9/stats
modified: 4/stats
modified: 1/2/c6kckpsqni9s5uv3tmah9076uolefugM
modified: 9/1/762dt1b61e5dpdas46qphk104nqmc64R
modified: 9/1/stats
modified: 4/4/stats
modified: 3/b/stats
modified: a/b/stats
modified: a/d/76v4kt60cj93telnohj03jthatcibvgM
modified: 4/3/stats
created: 1/7/863p6iffpsnnu1iseq1lnvkuu720pcoR
modified: 7/8/stats
modified: 8/8/stats
modified: e/a/fbljtcjdt0uvcvq12oiujj1ju7c3l5kM
modified: e/e/78mcuvu8dev79bqtoe222jhtcu9k2toM
created: 9/8/39fi6k1cdp30g4889m5fmmbv6frmrdkR
modified: 5/4/stats
modified: f/4/stats
modified: e/2/stats
modified: 5/2/stats
modified: 9/1/6663nsocq6898bc6hi9qisciqbqdugcM
modified: 9/8/da9aqpnsog73lfg55bvuog2qiv062luM
modified: a/c/7dufj3avvcqnfflms4viko5n96il1pcR
modified: b/c/stats
modified: f/b/stats
modified: d/e/stats
modified: 9/8/67l6q8e98gv0a4sdfcgoba3s4kppti2R
modified: 6/9/stats
modified: a/c/3229osee5nmka0jh2q8duje8eq0m4asR
modified: 1/8/stats
modified: 9/2/bf1bncda0fpfnc0ru4c53pt81dl4r7eM
modified: c/5/stats
modified: 9/f/stats
modified: f/3/stats
modified: 1/1/88vmaiqfl5og6tc93v98dvq98nkvfaoM
modified: 9/e/15l9iginhjquqc2tgs7ppr5srmr3896R
modified: d/4/stats
modified: 2/5/stats
modified: 4/e/stats
modified: 9/7/33d37pp8o3qn56cqkhne86u0gphr8maR
modified: 2/c/stats
modified: e/e/e24s3filh5pfc5h0vmcb8hgcr5db544M
modified: a/2/1594lk5nd03aij1c1ve5i5vleejh0qcM
modified: 7/4/stats
modified: 0/3/stats
modified: e/9/5eifqtkpv2tof4k6a8fko8jne1fn68gR
modified: d/9/stats
modified: d/1/stats
modified: e/f/stats
modified: 2/0/stats
modified: 9/9/c8ldhqim8hs9un5blm9vo0v6fv92q6cM
modified: 1/4/stats
modified: 5/b/stats
modified: 0/8/stats
modified: 7/0/stats
modified: a/4/b3i5n6oree4g4ftmm9rgcktg1djbom2M
modified: 0/7/stats
modified: a/8/stats
modified: e/5/0e9blhvt6v6jnf7m5j17troima70ph2R
modified: 3/e/stats
created: a/a/49oina3l7h7se5u0dk8j99l6andpgjqR
modified: 9/0/73rl4r2kto12hklbav90jbkae3omf2aR
modified: 8/2/stats
modified: 8/stats
modified: 9/1/bd65vtj79ihirr6fv2aa6k42acv7t3mM
modified: c/a/stats
modified: 2/1/stats
modified: 8/4/stats
modified: a/2/38seoqfoa4df39i97b0hbslo8fb139kR
modified: e/0/stats
modified: 0/a/stats
created: 9/b/25jnaquvbckie8nt9ocrsgo0qjoqhg6R
modified: f/e/stats
modified: 0/4/stats
modified: 5/6/stats
modified: 7/3/stats
modified: 9/0/stats
modified: 0/9/stats
modified: 1/5/stats
created: a/b/91v0jtj9s3l7ur7uq37snebrjuiev96M
modified: 7/7/stats
modified: 1/4/ca909m264gq1f2lpgho04m1r0u0hvioM
modified: 1/2/f8j5sbafk62sfof6oief3k0h7j0a5oeM
modified: c/3/stats
modified: e/4/19q94n6hkf1h3eabogdj4hju7gbd6dcM
modified: 1/f/stats
modified: 2/a/stats
modified: 9/b/stats
modified: a/2/cah2f4jaqgq1qig31m8trmt2tn6mh7gM
modified: 1/3/77b3j1rvtunvfqpu3u41i6i7v9q6650M
modified: c/d/stats
modified: 2/d/stats
modified: 0/2/stats
modified: 1/3/8569bv6ug2c9ma41jan230likj6bureM
modified: 0/0/stats
modified: 7/b/stats
modified: 0/b/stats
modified: 9/6/c5o0l4lstbba1dasj842s3g5c06gicsR
modified: 1/2/stats
modified: a/2/2dh8t9s0rfe79qqlrpsjrpd215g853iR
modified: e/6/ddn8iirh8o5c06qglcem1bmblmnocl6R
modified: 9/a/41f4reve80msenn8o3mk750vjuk0p3qR
modified: b/e/stats
created: e/3/e1fgf8ugd6g9531fsklm5ceakelle54M
modified: a/7/191b2d4f0u3mmp1ntv0nbvqmtqaqgj0M
modified: f/a/stats
modified: a/1/e5vi0i50cunos74cg1ftcu3t90mfbfeM
created: a/f/a872vc8r2tgaisdsqosl27vl7nfhojcM
modified: a/d/731crih4prp010jdviutj3446joqudiM
modified: e/6/stats
created: 9/7/51behjgltknb08noq3dbq9vs0s7tp34M
modified: a/2/a42ugm4omp2mtrmntmk4f02kbrddpaqM
modified: c/0/stats
modified: 6/c/stats
modified: 0/c/stats
modified: 9/0/62d0qdltfog3tn1b39tahosjgf9uhvmR
modified: d/b/stats
modified: 3/a/stats
created: a/9/3ai1m6pqi7m17j6p0tqg02s5u5l98biM
modified: e/3/8974fdvi448besvs8fa5fpeshp47ljcM
modified: 7/a/stats
modified: a/5/b70r86dvdn1i06c23h7f5q4v86aalsgM
modified: d/a/stats
modified: 5/7/stats
modified: 1/1/edpjqq894f1i5k05dn5m32bnvglsp60R
modified: f/1/stats
modified: 1/2/c1oams81ac2d71qkv64tu13ridnkfskM
modified: e/0/64914n5qhc3ffj3upkru092in4kif26R
modified: f/9/stats
modified: a/d/stats
modified: a/e/99uraemebvhae64amtgqqc5cmvbkqn0M
modified: 9/5/08ao29iq3tlljsuun3ghl94c6md8n22R
modified: a/8/578fjb4o85qbs2laeh54vkhisvqugueR
modified: a/d/afhpcdec2mabarf6bvlr3sdsnhotv58R
modified: 7/5/stats
modified: 5/f/stats
modified: a/5/bau9qk1u0vanjj6gft2592d7ls6ovq0R
modified: a/4/d2rr0ph60ui80gb81o4t2l8bqu2vlcsM
modified: 1/6/stats
modified: 3/9/stats
modified: b/9/stats
modified: 9/7/08qf0oj6mk3fofocvjubktiatlgbrf8M
modified: 6/3/stats
modified: 8/f/stats
modified: 3/stats
modified: a/a/stats
modified: e/0/8f33vqtlfja2nr6ruj6197dbkkk0sfcM
modified: 5/9/stats
modified: 9/a/stats
modified: 9/1/15m0ugo916f77o2romh1oj0b361uatsR
modified: 9/a/35dm6r9p8oauvqui2sq4dfh0ccmhjc4R
modified: 8/b/stats
modified: e/8/stats
modified: e/6/ecv6msks8oi6qmb2pq92vi3v8qsg1foR
modified: 4/7/stats
modified: e/6/6c348g8b0fek3ac2s5k9a22hltpi9p0R
modified: e/7/65gd7cnb3hiqartbe2noolav5l1cb94M
modified: 0/5/stats
modified: e/b/eaodpika6sf8cm5kp5ilpq3j3e7fmd0R
created: 9/6/3b0o9n2ik03ipisn5h9fhvlcmk23p5aM
modified: 5/stats
modified: e/1/calf3grrq7ga4ho529ngfj71dnoav8mR
modified: e/c/stats
modified: c/b/stats
modified: 9/d/stats
modified: f/stats
modified: 1/7/stats
modified: c/stats
modified: 9/6/f1bdun515pf481i1drpsjl2aemdihdoR
modified: 8/7/stats
deleted: e/2/27aui2fjqm4c3214d7g8nk8ti681ghiM
deleted: e/a/37ublmrdpom4s3obe10ain3mqmm2l0gR
deleted: 1/1/daio6u2glam90pa8leei7mqkdf8jgteR
deleted: 9/0/d3f6knt2hudplei6i3sp6u8cg03b872R
deleted: 9/5/57hm5dvi8u2414b4hsf7anpkir9m18eR
deleted: e/9/05bmlim97gpo1ub6f76crsmasmajnu4R
deleted: 9/a/87ldepp981chhn0dp8u16eibu0rrogeR
deleted: 9/5/846t5i995gbjp1ivqds2uhmouf5qlaiR
deleted: e/a/c7ajpjsvlu0a99us9c96hn6n95rqiimR
deleted: e/3/c68cnt8obmev5ruapmoilqv52u7s5cgM
deleted: e/c/65m4ilgbdgveh4dahi73aqgb5ios48oR
deleted: e/a/1ca2mmlfh1rkp9he1n2cpsr13ggfpcgM
deleted: a/2/d9s7vui5feru3llsv5f522decanub8aR
deleted: e/8/bcb1bqc49afr8vhpldfcv3ikre930kcR
deleted: e/f/f7ueijcnoj043rhh5qeb3uacipp7b06M
ccache cache size is 177Mb.
Uploading cache ccache...