SHA for cache folders (/tmp/ccache_dir) is '6833b1470860cf7d1e56779dfcea8b8df5c8c09deb1cfdd7bc6a749f195368cf'
Cache ccache has changed!
List of changes for cache folders (/tmp/ccache_dir):
modified: d/stats
modified: a/stats
modified: 7/stats
modified: b/stats
modified: e/stats
modified: f/stats
modified: 4/stats
modified: 6/stats
modified: 2/stats
modified: 3/stats
modified: 5/stats
modified: 8/stats
modified: 9/stats
modified: c/stats
modified: 0/stats
modified: 1/stats
ccache cache size is 704 bytes.
Uploading cache ccache...