SHA for cache folders (/tmp/ccache_dir) is '70ef4ebef69bda9600012d1c8cebf6046e6812fa53270053bf342eb1a87163ed'
Cache ccache has changed!
List of changes for cache folders (/tmp/ccache_dir):
modified: f/7/stats
modified: b/e/stats
modified: f/3/stats
modified: 3/stats
modified: 9/7/stats
modified: e/c/stats
modified: 7/b/stats
modified: 4/3/stats
modified: a/7/stats
modified: 6/b/stats
modified: 1/4/stats
modified: 2/c/4api1oj5iujllf5bkvoakrsset7q5q0M
modified: 4/9/stats
modified: c/c/stats
modified: 5/7/stats
modified: 4/2/289c62u5t3u31hp5mqeu14ikf2s2d6sM
modified: 6/1/stats
modified: f/4/stats
modified: f/e/stats
modified: 9/c/stats
modified: e/a/stats
modified: 0/9/stats
modified: e/7/stats
modified: f/c/stats
modified: 6/a/stats
modified: c/2/stats
modified: 6/c/stats
modified: b/stats
modified: 3/1/stats
modified: 5/0/stats
modified: 0/5/stats
modified: 3/0/stats
modified: 2/f/stats
modified: 3/b/stats
modified: 3/e/stats
modified: e/e/stats
modified: 1/e/stats
modified: d/f/stats
modified: d/1/stats
modified: 8/stats
modified: b/3/stats
modified: a/e/stats
modified: 0/b/stats
modified: a/2/stats
modified: 5/a/stats
modified: 6/9/stats
modified: c/3/stats
modified: 5/stats
modified: d/7/stats
modified: f/1/stats
modified: 4/5/stats
modified: a/a/stats
modified: 4/3/f46ufrn71gjqqlgt5ojhud3j3ri5uecM
modified: b/7/stats
modified: f/2/stats
modified: d/6/stats
modified: c/9/stats
modified: 5/9/stats
modified: 3/3/stats
modified: 7/c/stats
modified: a/c/stats
modified: 0/6/stats
modified: f/stats
modified: a/f/stats
modified: 1/6/stats
modified: 6/2/stats
modified: e/5/stats
modified: 0/4/stats
modified: 6/0/stats
modified: f/5/stats
modified: 9/4/stats
modified: f/f/stats
modified: 2/d/stats
modified: 0/c/stats
modified: b/f/stats
modified: 0/e/stats
modified: 4/2/stats
modified: 4/c/stats
modified: e/d/stats
modified: d/stats
modified: 1/0/stats
modified: d/e/stats
modified: 7/stats
modified: b/5/stats
modified: d/8/stats
modified: 4/d/stats
modified: 9/6/stats
modified: 5/5/stats
modified: e/b/stats
modified: d/b/stats
modified: 2/8/stats
modified: d/c/stats
modified: 1/7/stats
modified: 6/3/stats
modified: 4/e/stats
modified: 4/7/stats
modified: 9/8/stats
modified: a/b/stats
modified: c/5/stats
modified: e/6/stats
modified: e/0/stats
modified: a/0/stats
modified: 9/a/stats
modified: 4/4/7fqlv4s5otio5af4cjdmtl0ct2ilii2M
modified: 4/b/stats
modified: a/3/stats
modified: e/f/stats
modified: 7/6/stats
modified: 5/6/stats
modified: e/3/stats
modified: 7/8/stats
modified: 4/4/stats
modified: e/9/stats
modified: a/6/stats
modified: 6/8/stats
modified: c/1/stats
modified: 1/9/stats
modified: 1/5/stats
modified: 2/2/stats
modified: 2/6/stats
modified: 8/a/stats
modified: 6/f/stats
modified: 4/3/6607amkjgorbt6pos91er4tgvs69rveM
modified: 7/1/stats
modified: a/1/stats
modified: 8/5/stats
modified: 9/5/stats
modified: 1/c/stats
modified: 4/3/d2kk8qmh5ejegedn6t43c5bn0s8cqfmR
modified: d/2/stats
modified: a/8/stats
modified: 0/3/stats
modified: 8/1/stats
modified: c/a/stats
modified: 1/3/stats
modified: 2/c/stats
modified: 9/1/stats
modified: 3/7/stats
modified: b/b/stats
modified: 7/a/stats
modified: 3/d/stats
modified: 4/f/stats
modified: 6/d/stats
modified: 7/7/stats
modified: 5/3/stats
modified: f/8/stats
modified: 3/a/stats
modified: 4/stats
modified: 5/d/stats
modified: 5/4/stats
modified: 2/5/stats
modified: 0/2/stats
modified: a/d/stats
modified: 9/9/stats
modified: 0/stats
modified: 4/2/11pdqpn356rne5i6315es5e0b8dbakuR
modified: 8/c/stats
modified: f/6/stats
modified: 7/0/stats
modified: 4/8/stats
modified: 2/3/stats
modified: 3/9/stats
modified: 8/2/stats
modified: d/3/stats
modified: 6/e/stats
modified: 8/8/stats
modified: 1/f/stats
created: 6/e/de6ci15t4km47okne2p77b9tlcij3k6R
modified: c/0/stats
modified: c/d/stats
modified: b/a/stats
modified: 4/a/stats
modified: 4/4/bb5n66h0sc4922rtu1dind36t9kl9daM
modified: c/e/stats
modified: a/stats
modified: e/2/stats
modified: d/a/stats
modified: 9/stats
modified: 7/f/stats
modified: 0/d/stats
modified: d/d/stats
modified: 6/5/stats
modified: 0/1/stats
modified: 2/e/stats
modified: 3/f/stats
created: 4/0/317lrqlgoe2cnmhmk4i31hgbrp5s3l2R
modified: b/2/stats
modified: 4/1/stats
modified: c/7/stats
modified: 3/c/stats
modified: 9/0/stats
modified: b/6/stats
modified: 3/2/stats
modified: 2/stats
modified: 0/f/stats
modified: 2/7/stats
modified: 2/a/stats
modified: f/a/stats
modified: 9/b/stats
modified: 5/2/stats
modified: 7/9/stats
modified: 9/3/stats
modified: 4/3/7d2jl194of79tbu8u5reqneb8k89emeM
modified: 6/7/stats
modified: 8/6/stats
modified: 0/7/stats
modified: f/0/stats
modified: 5/e/stats
modified: 5/1/stats
modified: 0/8/stats
modified: 1/1/stats
modified: 7/2/stats
modified: 4/6/stats
modified: e/stats
modified: 9/f/stats
modified: 5/f/stats
modified: 8/b/stats
modified: c/stats
modified: 5/8/stats
modified: c/b/stats
modified: c/6/stats
modified: 4/4/2cednoavlkl2t7v6ahhv7kohcdpqjlmR
modified: 6/6/stats
modified: 8/9/stats
modified: 6/4/stats
modified: 7/e/stats
modified: 1/a/stats
modified: 8/3/stats
modified: 2/b/stats
modified: f/b/stats
modified: 1/2/stats
modified: 1/8/stats
modified: 2/0/stats
modified: 4/3/03ion5fd7namphta6vb6up6nf6lbk02M
modified: 7/5/stats
modified: 5/b/stats
modified: 6/stats
modified: 2/9/stats
modified: b/9/stats
modified: 8/d/stats
modified: 8/7/stats
modified: 3/4/stats
created: e/b/f5g8k15msrrg476jottj8tqaiuenupoM
modified: 0/a/stats
modified: 8/e/stats
modified: d/5/stats
modified: d/0/stats
modified: b/d/stats
modified: 8/4/stats
modified: b/4/stats
modified: e/1/stats
modified: 1/b/stats
modified: c/8/stats
modified: f/9/stats
modified: 1/d/stats
modified: 8/0/stats
modified: b/0/stats
modified: a/9/stats
modified: d/9/stats
modified: 3/6/stats
modified: b/c/stats
modified: 7/4/stats
modified: 9/d/stats
modified: 3/8/stats
modified: 4/0/stats
modified: 2/4/stats
modified: 5/c/stats
modified: c/4/stats
modified: d/4/stats
modified: 3/5/stats
modified: 4/6/ba7hj4s39iu5mr725tj32d7g41qh3bcR
modified: 9/e/stats
modified: a/5/stats
modified: e/8/stats
modified: c/f/stats
modified: 2/1/stats
modified: 8/f/stats
modified: 9/2/stats
modified: b/1/stats
modified: 7/d/stats
modified: 0/0/stats
modified: 4/7/1bfckltop4edr9k35nn7ggkpirq15c0R
modified: 1/stats
modified: e/4/stats
modified: a/4/stats
modified: f/d/stats
modified: b/8/stats
modified: 7/3/stats
deleted: 4/6/d0h1mpeg3e3o0nnu3k90rvge5c4hdfuR
deleted: 4/5/e2dl6eb6vlt8l3819m25gf2s99n2agoR
deleted: 4/0/c8i342qc8lajhd169v1r0ldj5rrshcsR
deleted: 4/6/c2vcihk17f0iahb5p3pii8bgrkeunjqR
deleted: 4/6/beafjqss0rruv9ebtb62lp8c1d8clg0R
deleted: 4/7/37st70j9diqal0d26k058jp0mtcbmaaR
deleted: 4/7/0d01qobfqqdho5f5ffls5t4fqhfhdnsR
deleted: 4/2/e2rj8kuij1qphagcqbldnqrgdm80jc8R
deleted: 4/6/98qe7cc9m19adr7dsk83eb5bkqook94R
deleted: 4/6/e517diprvklope9tido248bv9le1uq8R
deleted: 4/2/ceba5vcla4ucqh2u57cqo1f7uuhubtmR
deleted: 4/6/8e0nckn84c1hj8hspunnmgprrbac4kcR
deleted: 4/3/e1gb37rvafogorjj597fpmv8hs111nqR
deleted: 4/7/8d6p3vmiivp5l34jbg1sd77to36d424R
deleted: 4/4/b71n3cjs6s9vf9j5urptueoq33l1a7qR
deleted: 4/1/d44v4mrp2g0sr56dn6q5jbkuqn7d4saR
deleted: 4/2/475ai6bv8iglpoip5ip7itqo270gr1uR
deleted: 4/4/e1es1g140spvcj5lcm1662bgi5df1g6R
ccache cache size is 171Mb.
Uploading cache ccache...