SHA for cache folders (/tmp/ccache_dir) is 'bd63ed67cc1ab03e45143ff2a2221f8dc47cf9d005c8b922a9ec0883c6aa1804'
Cache ccache has changed!
List of changes for cache folders (/tmp/ccache_dir):
modified: 8/e/66utev54us9bdlehe47bk4t5v95jnhuM
modified: d/1/stats
modified: d/7/ccao5v75uvk3rg2ft0hs2encbsvaq5aM
modified: 3/9/07jc9d9pol8c2n6id7mesbj95hf9bl2M
modified: 2/f/355uu426iudrksrvsaetdgs4mmr1oncM
created: 3/2/9bpa6lvmmq702eqhth8mrvlrkloj6boR
created: 4/5/9070fmgem91taers7nth0v0kinqn5t2R
created: 5/7/11rbgs5uvn09hc801eloav89th0qppgR
modified: 7/5/36km2i3m58rccu9i6u9lbgqspo8v95gM
modified: 7/e/stats
modified: 2/d/e871n47oja2dl9fo32qivpi2d5unkjkR
modified: a/f/5ffcp9lt9rqk0fo1buqs629di5rmfmeM
modified: b/0/15qvbd5rimtao4gkdqks7ae4i0kc7mqM
modified: b/4/93ercdbu5ka67i5n65afksus62sk5baM
modified: c/2/79b3753lvitisgr74j5vi0acprlcor0R
modified: f/4/31e00kifgvquhs34hg27iv5efh4t4b4M
created: 3/b/f7fm40nhjg5ig9qrtl1ebmbfp3drctqM
modified: 6/d/f77pohn2f3umuaf0r3gao4l4j945hgeM
created: 7/6/b6b0cf2smkrsps816g0vr2j4fh3dcqmR
modified: 9/2/stats
modified: a/d/19mchs0h31rl0luvppm5bfm8oadhkniR
modified: b/f/stats
modified: e/3/stats
modified: 5/7/72909759i1dhmf0eug7omatfnvk4h14R
modified: 1/c/e2d0iioh9rva61dfetmahck3bt7f2biR
modified: 5/8/bekmeid75sitbkkmemhuac9n0tk2otuM
modified: f/8/9cqvsbruk2a7ftqtdbdg9de616lbg9cR
modified: f/8/stats
modified: 1/4/70nhcjghdmjk8ln5vjshvk8bhk3l3o2M
created: 4/1/1eb5sonit4snie4vhvuuib18rcmfubgR
modified: 6/8/f8i2dlrga2jsho1tm06h9ef8vgi7sdoM
created: 7/f/dbbocqvu14c4a357ctuu6nsh6g1pst2R
created: 9/3/43eu86qddgvbbdnfdi9kalsh37bf9rkR
modified: a/b/stats
modified: 2/6/8cos0h95c041gv2mh8kj4imrbh3qcooM
created: 1/0/4ff0ge9omkc6do0sl5mpsshs1ih9lleM
modified: 1/5/4evdsofb1413cplsr0h96n3hrgq261iM
modified: 2/2/stats
modified: 6/0/8ctl0nreif66idqjfm97oq8osjc7hguM
modified: 6/7/f6bl56t0flrndt0rok9s498p3u6l6a8R
modified: 0/4/stats
modified: f/5/a5dfsee3cioh7e0grsa24i2mp3k8o98M
modified: f/3/stats
modified: c/b/stats
modified: 7/9/stats
created: 9/2/04rq2s4f3k5dipoi4fsd91fqdsfbv88M
created: 9/2/31hfofn4bud4mo7sr0nrb4aiqurnticR
modified: f/1/884j0rbil1cvlbmgl03ab34dj708a0eM
modified: d/3/stats
created: 0/9/79120mdjp1pgml790hgepnloghio65eR
modified: 1/5/stats
modified: 1/8/e0ub06hp0udb87nn5kkmldcc789db4mM
modified: 4/4/stats
modified: 0/5/stats
created: 5/9/41cvoebjqbngn0iv9cv0bn6l4f9fpr6R
created: 9/c/d0hls1hf3hmsacg8erqisqij0d4a8f4R
created: a/0/caa2pu4hk6lmgkfka26e5ggekifevj0M
created: a/9/3a41l5eue5e635d84h8ng1hohj9koauR
created: a/a/9e2qinf7f29pnsrcvp5ppjek43hhlviR
modified: 0/1/86u1k17999pl6ddom4beouoqgkooqccM
created: 3/3/dcc5cca3p5p1dppsg1rgsg5it6hvl42M
created: 0/b/3bkk93u950ddf9lpnghercpk0u946aiR
modified: 2/4/stats
modified: 2/8/stats
created: 3/f/82sogvv49pq53jq4h23nro8lnki7d44R
modified: 6/f/stats
created: 7/0/f2d6kq29iqen99dmi7kvjghqh50tcb0R
modified: 8/7/stats
modified: 9/1/74eq118ihfdh3tj7hsjs0qeqj64m6kaM
modified: 0/4/6c3p085e6cb32aia9h9jvo4g6ve8obuM
created: c/4/797la1j8ejaka5nj7lso1da90k6n2reR
created: c/9/475nc4mvamjmcv6bmrsn48rfl71v56kR
modified: c/e/stats
modified: 9/4/3bcrd50lo49949uuk1u3t5rdipqfgi8M
created: 3/7/dfisgbmitj1ei7terpt1ri81gd02i3mM
created: 5/d/57ruaqkh0jfq803qr7u90ipe99p0jv0R
modified: b/9/f4opk94kbjvqfgjd5ssqotlvdruoneuM
modified: d/5/50qald4iku716rb5u6eqacb78205h6eM
created: e/e/5cbokld8jp759hdrcbj9b7okkefiiomR
modified: 3/3/stats
modified: 1/7/stats
modified: 2/3/b19h3britlnk50uspecclqilgi21msgR
modified: a/d/d1u2t9lupq5tdfr4t3gtp5mnjb2hidsR
created: 1/1/5cqv5iladsihcvrrvvd0pop1ogaavhiM
modified: 2/f/stats
modified: 4/5/6ckq6i01l5ip6c1akl4buof8getabd0M
modified: 4/b/95da3aajrr564j6agc13j0ejrm17fpuM
modified: 5/7/3anurcqcsjgf8j0t4sa3k708bb6j6tsM
modified: 2/3/eaq7me1gh9ni7je0ogkn9qr5j5bi1vkM
modified: 8/d/5e2plfu86hnqc6acpcnafvqp9hondquM
modified: 9/3/99lvdchr74s6v4ie8s4l26foq12p2u2R
modified: d/6/47j8ad638u6407ooepc1l5s4t0b98diM
modified: e/4/stats
created: 4/9/dedi0v32bff7aj3lon4hh6g3sl5b23uR
modified: a/9/f28u7c7j7meo1ptum5nqjamol01s04gM
modified: a/e/d2duc4b9pl8miofear3mi02s5fb1cfsM
modified: b/7/fe23uhvv7fdgqp41aqjfd2qovvcpmfeM
modified: 1/6/3dl81e036pbsm4hdfv5hjhncn1ne2jsM
modified: 1/a/stats
created: 1/c/d01ugrhna1s7glilbtgnrje5smm6gl2R
modified: 6/c/ffjgmj05ogbtgp8qnvrvnoql7qvb6vmM
created: d/a/0eghembcepa11umiblm5md47e7f4r54R
created: f/d/b06bqponih30au1gqjthbhcp1cjq3mgR
created: 2/8/74d1os3kvokj17o6j9s5b9u0dr3q7uqR
modified: 3/4/99v6hl0h98dgeh8lo3pqslemvj3ds2mM
modified: 4/2/c1du1n7n05h2i5kj6jkl8eonciecc92R
modified: c/3/f201jq402nq8mlq4jtbosgulmumn9gqM
created: 1/0/6f1o9kb8273fpkc47bgb8ptn9jvnlriM
modified: e/c/b0ssa1t3nm5v3u5v6uqi55gjrfis6kaM
created: 6/d/fd382porrq1ev8vllfhppd9kqnui9g4R
modified: 7/1/stats
created: 2/7/1afb9ansd7nq2g15g366bp40i4j6g6oR
created: 3/9/497oto0kvkoud27qr65mrv6rnv66nccR
created: 4/c/6egspmr32qh3ih247p6tsk925qhqtleR
created: 5/e/d812uk2qr1313n8pf7gc077r90jtovqR
modified: a/4/105t9676v11sa2hc7os0j67bnjurimcM
created: b/3/30vimo5pb414cm9gejmoikufg93dus0R
modified: d/5/9bkfl1lnv6ognecl4vsg52gdjm8m222M
created: 3/a/c2m1cvq7it6i4a344dd8bahopl1f394R
modified: 4/0/1cifi8ifr412qec531l9tp481dmnssqM
modified: 4/8/1aaej92kgv4qtdtb7fgr3qflott9us4M
created: 4/b/cfp5sj5gi9cfsf5s988mud67aapdvb4R
created: a/e/cdhiq743or3s8m7kt4vd64t7ke07rngR
modified: 0/9/stats
created: b/8/002tb6frl7rhsa0mhdhkusm8kbqnndcR
modified: b/c/stats
modified: d/f/85niv0umecl0rmbf2n1am3rlen62q44M
created: b/7/bahv07kddrp82gji72r56ddscs3rvfcR
created: 9/5/4ajvntocmk6gsi8ebd6j86i8sm2427aR
created: f/b/bf9s87fai55mcnrpfolf6v2m71j9aagR
modified: 9/1/c2nk2le10aa0hu2l0ib43vhap21q3jsM
modified: c/0/stats
modified: 3/stats
modified: 3/4/stats
created: 9/9/ebkopu2veui1ukm95nvtaimheoflroiM
modified: 2/1/b5t9ga5qs3l42o2lnrdk00sjrcf7152M
created: a/9/fc98milg7uvm4sufsmefuv9acklsf58R
modified: e/2/stats
modified: 1/e/stats
modified: 2/f/95usskiqr9oer0ntk7eb39o1b69ks6cM
created: 4/1/06anjghs40qnbuc25vq9mtd7sr4gnm6R
modified: 5/9/stats
created: 7/5/4f0r6rhsj30gjnv7e0uqi18324alsc0R
modified: 9/5/2430qun8voj62lq8psaefc3olc43dieM
created: a/f/a0sfljjsgr1g90hdutdbkgvjgdsjnrsR
modified: d/d/d8iuim85ujnjokb6e9ebr6fpg49055gM
modified: 0/a/2ede7302cb8omdkciic79e452dvcfq4M
created: 4/d/4f22c3okuqm3lm41mps36mr9207gpj4R
modified: 5/7/stats
modified: 8/1/b11g0s0m2q8nvls9aje7eqmt4ebltg6M
created: 9/8/25d2vtvqdj02h2mpngm4h5p76ajcn0mM
modified: b/e/stats
modified: c/a/stats
modified: 4/1/stats
modified: 1/2/stats
created: 1/a/c3b029nkaaagkqmtuhj7qj1nu53dnnoR
created: 3/1/a1bbm16gb33rlj0e5ngckdt8ovo65akR
created: 4/7/8a8lraa1lphd2f49kll60pujvmf6dmmR
modified: 4/stats
modified: 7/c/c19koqcianeneeicjml8im5o3lptnm0R
created: a/9/0d5mp81k5qs3asv4iaorh4g170o2mhcM
modified: b/1/stats
created: d/a/36rm1471e8ehadgbfcb4uqhumj2iub4R
created: f/6/c29ocgrpbd2v3trc7rpic2mdk6fnvgcR
modified: 8/b/stats
created: 1/8/81jv47u1jhj7cvhv5sbvatc0cbilnesM
modified: 3/6/stats
created: 8/b/32acqdr2eu66gvbh8dmkcekv980a5vgR
modified: 9/0/d5u3s6649j4ljcu40f7cp64gtbfssv2M
modified: a/6/43he6s43i5413mehsbgeuskreakg49oM
modified: c/d/stats
modified: d/f/stats
created: 0/0/41ethpnrq8uqmvjrchsiql6r59c9je4R
modified: e/6/cbvsgg7vjko866s8mjn4mg9nmif2652M
modified: 2/0/d1fvtbc3spi66cs3elfk6vlrdicl7luR
created: c/1/f7frilptmei06q5kh2pt3f7v16b0v7sR
modified: e/0/c844s21s9aoge7s732r1u7icc3cg8vgR
created: 8/f/1aue9mt6r3pmsklkd82i8bmdjabhq2oR
created: d/c/7cnk80gp69d3j0ds16r34nr5lav903cR
created: e/6/60qgovv622iecit4l9m57o0d1728vtkR
modified: e/f/stats
created: 7/f/8erj23i3pmcnn1erteobvesvbkbcuomR
modified: 6/3/stats
created: 5/f/fdaaqf6bsrvdc1rh1pt7rj051ftbu9mR
modified: 5/4/93t5e1b3epoqufncm67ajda1nlsbmasR
modified: b/b/stats
modified: d/8/cbma784vhf45ps1n4h9m3rlo44jufngM
modified: e/3/de60m3ihl0m78a3bml86lqq29fnb8skM
modified: e/5/7brbfpsq37aamkqu7o1r2ae0ef5khhuM
created: f/6/87e6fmeoc5teu5940qrqsvmm04koa6iR
modified: 2/7/50o6cggk9lek7b0pevs6fig2jpcs35mM
modified: 4/8/d7n08t8tvesg4t35p82cun16siefbdgM
modified: a/1/74o3sguuptlats57k7e6jc9i4m2rftqM
modified: a/3/stats
modified: c/a/belr3tre2rd2vuek3logivph6bnlkruR
created: 3/9/c7d92vt5k556qv674eq00340nsib2igR
modified: 2/0/e1g6kiupn9g87n4gkl0rpo151ceo9qmM
created: 3/a/38s07l5bo9pvi3dgvsesded8bli5bc6R
modified: 4/0/stats
modified: 7/3/stats
modified: 8/3/5ch8laoph4b06f5ctr7mvi5dor3echeR
created: c/a/ec9f9kul18qtt96o7emcl9vr9a13qg2R
modified: a/c/04l1mjq26p7fbo6acda02dgeaorpt9oR
created: 1/2/bc70k91ssumbtam54vlj0iks2l6fdfaR
modified: 1/d/stats
created: 1/e/082vj164ga1rlq9i4sq28fs2q0fg9qeM
modified: 5/7/feufm00m40oreaptd2jlf443a0tmekaM
modified: 8/e/6bvct0va37eu27ppr08sgbk5d8oru8mM
created: c/f/82444g7deqr5m7i46uajb9kqenpc8qqR
created: 7/d/b6hh6498ekv1shvqcldgcrvc99ss3cqR
created: c/9/b76r5nrjdi892qrnjl6g959k6fc6cemR
modified: 5/c/7f0ti3ijfji0ihlrfkr2fpjfnd5t94sM
modified: 9/7/stats
modified: 9/a/stats
modified: c/9/79l39ihh03l63benj2umt15f2atrb2qM
modified: 1/6/f5unav6q1bvsarf2a74kpon9g2rguieM
modified: 2/c/22nbu3cg3atb6cu2eu635irsehhh17mM
modified: 3/d/stats
created: a/1/6bvluthipge709jq2233dbcns5cmlseR
modified: c/6/6avfgbr9o84gesk8g3p74ta1lrfvk84M
created: e/5/0adrntqhr0ughv84gsvpm6onf7prvi0R
modified: b/a/stats
created: d/1/2a7r7nb0443pjn21qi50kpon0s0nkc6R
modified: 3/c/fbpt52p9t01bhlue0ma14c21nfkdnjeM
created: 2/5/f4oub4of4rkanve9lns3fmff33jj54gM
modified: 6/6/stats
modified: a/4/stats
created: c/e/80atq3inldcndf9au88kde4mhs4m7tiR
modified: e/0/stats
modified: 1/7/61photrr2qfl53t92cfou43j7mmse7kR
created: e/6/d9hfssrajkehc0lc70in951n3unn604R
modified: 3/b/36regcc0mhu3vh2p75vumc85qfjse7qM
modified: 4/4/adgmls5c9mkupli8novh9av3tjduv60M
created: 9/1/228d2evk7rfaad4glool5fdm5in5h28M
modified: a/5/c93bs2tqpjrdt4ma0qhbm9svf2r84nqR
modified: c/stats
created: f/9/c9kr7p2gb8f9csa8banvk3febrer88cR
created: 3/2/27b4gs374usufndf49gjl5l6hafuqkuR
created: b/3/66rofjvce0tn9o22ksqee25406ogdteR
modified: 0/6/1ahjiuccgl6447nokr5ie9taebf1jlsM
modified: 6/8/stats
modified: b/b/bfmtsgnndnasg09g4i0d2rohrbq79s2M
modified: e/a/9981t0pm5dq5u4rjfaofnd00tjtabdmR
modified: 1/4/stats
modified: 0/5/a60tuduo7dg4uijsf1tlihvta09upjiM
created: 2/1/f0vsckikg0e2sf79l0j4jns0himkrp6R
modified: 3/b/40q069ibgio1ltd72rtue8i0nki2nkgM
modified: 6/9/64f9rkhggcl4hk69s0cvv59f30fa8jqM
modified: a/c/da03c2oikrcngfhrgprbi0qq6np2ss0M
modified: b/b/7es4jqjjgjtsc38femdkd5lfq4lrep6M
created: f/a/68obii2h8oflm4ue61i4nvqmmp2p0oiR
modified: 0/8/cdj23pegjtt6sqeqt2adb69vcadm1e6M
created: 1/4/9fjo07k2osoq2r1etm9f6dsi20set2gR
modified: 7/a/c1r3r6rrnc0rsprflmrugki9jaend30M
modified: d/5/stats
modified: e/2/9198bf4g2en8ve7rru9nna0usc1ts44R
modified: 3/a/stats
created: 4/c/0969hmj6qkbtto52hntfappcab05hqkR
created: 6/5/c7kqilhqg6dlokf81f6i0bjibfoc9qmR
created: d/4/4c9dv4j3odsugfu2een307prp94o958R
modified: d/b/stats
modified: e/b/f1m40ng21mpuf38dgtnondbo1uk068eM
modified: f/7/81626fgs8op5b8l463nqkqmkvmfun78R
modified: 2/e/stats
modified: 4/e/dcaqntnrl5qldvh9evn3h8pgvism84kM
modified: c/5/246ej96b0bt9ghh3r10jlqbbdotvv88M
created: 1/8/80io0dfbbtic1n9l6ghofhi6i53q34oR
created: 2/2/3b8ic3an2n6d6gsvqn0ni2kcq9e5r6cR
created: 9/b/47i4sq69dmha6pnb6nn2kffc891cr9mR
modified: b/1/b7ld0i5706bnvpfvi53mcur0olbsarkM
modified: c/1/1dadh5fbtfmrb3skannb3r7h5ksh30aM
created: d/1/76d8iv19nq3oa97uedo8jk35qkk7jb0R
modified: 1/3/stats
modified: 2/1/1e77m7126pd5vhocfc7j6aeuvdsv7baM
created: 0/8/c9q3ftvhthjftcsdm5cnji1vgiknp7mR
modified: 2/5/e76boc4evmdole5924rd6shabgjli0iM
modified: 2/8/69mlebsm536sc1k1q10im49l3l4lp2mM
created: 7/c/62a5vcgdhj502ptkk0s9bg0b55te1gkR
created: 0/4/0fsaar91ja79sqttto30cu2t76jflquR
modified: 9/6/stats
created: c/6/efmglt40mq7ib8nd0fvqo343mu04sqoR
modified: f/1/813qp2o3a5aim9ad83ohkv442flhieoM
modified: f/f/stats
modified: 4/2/61bmli5vk72ufrpiah8255hndtg0vaaM
modified: 0/a/stats
modified: 0/b/stats
modified: 1/3/ed1veej14p3kvtnphgif7o78gqpl44gM
modified: 4/f/stats
modified: 5/8/db682m1u7d7j8n980tkbiv7njplo9bgM
modified: 0/6/37vuv1ddc1h77rp5ja3qg9e56aor932R
modified: e/2/b8dldpgie7skvn2lj4tq73aoig0556uR
created: f/b/126a8b004sfrudvcvjlf2uh6hkmk4g8R
modified: 6/3/60hg1j0mr2lojtkiu22eml5kca6alleR
modified: 9/4/d7itoo768q374a5b30j01n3tsig91dsM
modified: 7/stats
modified: 8/4/stats
modified: 4/8/84s7vb4cll564te38uhutulcrf25lu8M
modified: 8/1/cdjb9iit3kfcprufo7r4mqjb3gcadt4M
created: a/b/b1r344g2mdsir1fcua5ncgimk556vq4R
modified: f/7/a23h5hl12ou3es2mm5hjuj9qbojpis4R
created: 3/7/8cplomfntabb2ir1ppdp61hd12cq3j2M
modified: 7/d/ae69cm7c57fc15aphcqng3ev4p6e626M
created: a/1/a1p3g12r1unpmq58dj6799cmbv5k9cuR
created: e/1/22211i9880o1lo8c5dv2qh9iu20cuheR
created: f/3/f2ac5j4vnclpvleshpklq3tm585g7ggR
modified: 3/f/afaqt0meus1mlnpef30ltmg4hhrsctsR
created: 1/6/76eh529iak7o41ijkjn7sj8ikbvc8scR
created: 2/c/2brd8ll91j5e0s24hkltm373ijqm5t0R
created: 4/8/6bgjfoq9dch2oglgnssf9peolm6fd9eR
modified: a/7/c0bfbbkcarrbm2t3i2epgcsrqlddrt0R
created: 0/e/f7e7g136anf7qrc028cege077veomrmR
created: 5/d/59ifeqn2ckekaj8st36keke95e34t1qR
modified: 0/8/eevdsgg0rlvh7t843rcba5rsmo0j8joM
modified: 8/c/11m0a3td6jhcrncu6ia7s8l54c65p0qM
modified: c/2/506i51mdthtlsaed032ttq3atj028muM
modified: 7/b/54d69cbtvu22k20fgs361jf766c38ioM
modified: 9/8/a194q6s8ipj0u44lop1jfdm2g0t1pb4M
modified: 9/a/03p6oh2a69trc38sf261l1h7hc33rvaM
modified: a/7/stats
created: b/6/58e9kvplvea5841ltrblesofsn7b9v8R
modified: 1/c/stats
modified: f/3/caie75svrutlof3elfq8tu4n1qgq0igR
modified: 2/1/stats
modified: 5/8/b55q567453c3p8lfv64h0eihpiv39p0M
modified: c/d/c5mp4cq0euurjts1d60afa0nj5v6lboM
modified: e/c/stats
modified: 0/4/0cpk0ko1lmk58fgdbmm2h3otkspq33cM
modified: 6/a/10pm09b1isg17s66inobtu39j5fr2qmR
created: 8/3/d6rmbs6dlutjp82gdmbla5esdd38a5qR
modified: 9/e/stats
modified: 9/stats
modified: a/f/stats
modified: c/5/50a10qmm0punct8c8c0vbr561qbhlqkM
created: 6/6/6c4i2hbbj9bu8or1a7k0s7ns3d7smt0R
modified: 5/2/stats
modified: 5/5/e634es6jul47j6foupak7ujksba24tuM
modified: 5/7/9297gid9tqvnq56tvpb9nea3nmel6veM
modified: a/1/af97qtvucg4pfe222n7dm2c63gfecsqM
modified: 2/1/f7rr8bljep094j3lu7v0764egeivbriM
modified: e/1/stats
modified: e/6/3cg0tv8tvqmh2t7257q8f63mis0h3mgM
modified: f/5/a41vlrq6b0duteirmmr8jekirquqovmM
modified: b/c/dfk27psn6qft48bg7qerhh33fi0rjumM
modified: 5/8/stats
modified: 7/a/stats
created: 8/7/42e3gblb7nq9j2h5i86k45ajlglu7fkR
modified: b/1/d7ssdta0h17t7kvcqrqjutbjtl4e9dkM
modified: e/d/stats
modified: 0/f/5522nbfev6h3asfrfumqacj9tjkrp9kM
modified: 5/e/d6pj8rbk3sp1ia88tna6eds5ofr52neM
created: 6/c/f6nt9nh0am571jhe4prjdll4olcp4o6R
created: 7/9/e32su3mjgc7728fqe4bdkn7ktgo58ggR
modified: 8/f/stats
created: 9/5/43omrvpc0bgf23m53v00perqv1totp4R
modified: f/1/717r00l6bvrqr9q5m9gfgjbs6m65acqR
modified: f/f/2e6lehkng0718lvfgqutu5gt1o1bb4cM
modified: 4/b/e0f1q2auergtb59khh9qa83286od5msR
modified: a/0/stats
created: 1/7/ad48rh3vbu9khsdima67bd0ahl3dgvoR
modified: 7/4/d1mrp1jvib6mc07os6q7ivpbtkl2ljiM
modified: b/4/f9qgn3gm8vrm0r0639tsbnhd8bqs7vkM
modified: c/3/stats
created: e/7/20d8vncu8olbfpmohprqkulrlk6k2euR
modified: 7/0/cem34vp7sv8f8scbqlt6q63tm1qig12M
modified: 2/4/d3gcfmbk7spfubja21kkdpts90j043qM
modified: 6/9/36uhc1dnrjgh7068crbi9itvqv86iiiM
modified: c/9/stats
modified: 1/8/stats
created: 2/7/38qil888pjlhgces17k5ko50d1ase1aR
modified: 5/e/stats
created: 6/c/822p7a68qinb87aliae2au3lug3cktcR
created: c/3/1di0rq3uk1buitjvhbvaginln1lqjasR
modified: c/6/stats
modified: 1/b/stats
modified: b/e/29f1hhjoq674j0i3si7sh78lnk503ikM
modified: c/f/9b2do4pefnehumff3kfhut8fnh0dqsuM
created: f/c/1bo0fvj4pio7vb9865n5lmk0e5jcggmR
created: 6/e/32htejueakbqqvqveuha94o7fl6hs60R
created: 8/8/7a2govqrrbv8vcpso5tpj52l8083k76R
modified: 0/8/stats
modified: 9/8/25nr619snhj3dbjq29gmvb0g8ebnfa4R
created: a/0/43b71qqb8kfvoa9oc8c3896j4reclcqR
created: a/6/abtjm9226a4ni0t3a3majr0lr910gpaR
modified: f/4/stats
modified: 5/6/stats
created: 8/c/284ngkofdrdnshq8kfalvstqg6cpj1eR
modified: d/e/stats
modified: 1/3/aarjtkh89g7g2ncnc9fg419c3k06g44R
modified: b/2/16ak8etibf32ehd3loihgger5eaa79oM
modified: f/8/3bgjo3fm7m9bjc6jokaj9kah88ciqscR
modified: f/b/17vjb5nr1s0011gmui60fhd4pvsafnuM
modified: 4/0/7atjsskej5a5jjlp5t75j3s5c714us0R
modified: 7/2/stats
created: b/7/d2atmfj0nskaofc0uv5r7lljaf1604qR
modified: 9/0/d19n1226s2fj984e63teu8hrgsat8q8R
modified: a/0/191rqbg38j4mef9elhlhqctuu24l3laR
created: b/9/388cfqc6ogim12jdmev5mu80940l1k2R
modified: d/a/2cq7h7htcc5aiuj47062qae3im1m4mmM
created: e/3/8022k3j5lm49lhi63r74ceodqkjeiosR
modified: f/d/ef46jlepvp4lopr1jbpkqmfti8kbi8gM
modified: 1/f/stats
created: 4/7/a61mdabgkk6bbqctbifmq3rffvuulhmR
modified: 5/b/629dea1dhnol14qsjhag9pie59habm4R
modified: b/8/cc3asgpirhmjrj0d70rar9pbkk8i2faM
modified: 1/2/b7ghkstdnv631iiv88ds9vgei2ktqcsM
modified: f/4/79mfqmf64uqnul17sbhik5ig0drm8euM
created: d/0/eb7609v93eqqisgc5pht7juha2nk3leR
modified: 4/7/abjqvq0ebg3rnf75eg7l08oq7j1fi1kM
modified: 7/8/94afv482qlr07aesla800mh751nugcuM
modified: d/7/3f3l5q0cfl31q4p6ni9j0r1jkpvc6p0M
modified: e/e/stats
modified: 0/3/acka9ji8u8rn5gtmjml4su6llo02arcM
modified: 3/4/c818p6st2sqjccaa5ooa9esb93j4duuR
modified: 3/6/94ro6l3t64ddho8lk3nk5n4ssim9d6aM
modified: 5/b/stats
modified: 5/5/72hdj8j3f7qhh7qvhjb2rvpch7hmc6kM
modified: e/b/569elfg881v6ocva77ahi48codt4r0uM
created: 1/5/da64phajv3taqqve5c1p44gcpf5a04mR
modified: 2/b/4e66vt28u7hb772i07stu9sqqbcjjq2M
created: 4/7/8ept75rgod50sf6j48gipf226gdknk6R
modified: b/7/13hru91384mhmdn3p876bn5lftjmbi0M
created: e/8/ffbv0gfgbraokj00o1dg4f87q3ihvdgR
modified: 0/6/b8bmq8qss5gb92cimmt5p73nuepmvgkM
modified: e/f/819mkst3hqfrkiag9dlsf8eca7hjissM
modified: 8/a/stats
modified: e/6/68uj5rtimihcgq2khpe6uv63ev3galqR
modified: e/0/69m98drngeqr8hs3bi00o5o1ss1e23gR
created: 1/5/54tr9101612834c3m73luid3e2mgvquR
modified: 7/a/94locpecqb8vcidq5n1vhacrfkfvlvuM
modified: a/stats
modified: d/3/09v5c1r26cb1t3ofiomooifm9co119uR
modified: 0/6/e46ptlh57guapbattms8d55n4asdspgR
modified: 6/5/b72ejo7vh9t3v757p2llq4tmmh4063cM
modified: 8/e/stats
modified: c/5/stats
modified: f/3/acmnhr71meklu36subrncfenuc4oli8M
created: 5/8/656rnjv0icc0l9hivqqh4vef2bdqihuR
modified: 8/8/stats
modified: b/2/f63sihf7fg9v29r24j3etpknu40mtcsM
modified: d/0/e6vq4db6hl40d6hkqtdnfmu8mo1jjmeR
modified: d/a/fbatcf6r4br1p8h47c0ko611u4qlce6M
created: 2/b/a4rqr0e50icm3m4r04s09dcr94fpofaR
created: 1/a/54clrtfsl4vbj39pice71b12uuihs8sR
created: a/6/b2ss6ibia2ps2pbonv570lc7p21djsgM
modified: c/8/d4k55n68ivansfv41hd9kptid7c6l9mR
created: d/9/d2kpj2gqnr4met0uf9p9gdv8k5ti85gR
created: 1/2/b5o5e7k8p72u5674f60f816bgjk8gqiR
modified: 3/0/stats
modified: 6/a/stats
created: 6/e/153370f06md4v5hrnbmknk9k68jnlgsR
modified: 0/e/0es2mkvo6151kfdnuvb2tfkc8rfncq2M
modified: c/4/9d6pbajdijug5035b5qamksohoe1ru2R
modified: e/a/cfb5e4hcpe79utsbqnlci3a5qojns34R
created: f/8/b67jchreqvs9o5i46apkd5qhmjg5s3oR
modified: a/5/stats
modified: 2/0/33252qtv0a2mb7knbsud8bdfob3li4gR
modified: 5/d/stats
modified: 5/stats
modified: 7/7/6e8vn6k2sr8aa43o96uf66mb027lnekR
created: 9/0/3es0ag0plq08omd97pckigdnpba8h5sR
modified: b/d/stats
modified: d/2/stats
modified: 2/9/ecm2988evf1iu17cd3930t46aiahpdsM
modified: 2/d/stats
modified: 3/2/stats
modified: 3/e/stats
modified: 5/9/83m5ud3eejrftrhokekg90sgh30oq7kR
modified: 7/f/stats
modified: 0/5/e9pqct5lrqoj4h79vfoqqf9v2o5qeg6M
modified: 8/d/stats
modified: 9/f/74mh8c18ghdaiqg3cqjuifk708bksriM
modified: c/c/59lmi54ea7ch5erbcvbksnnqhqgm6oqM
created: 8/b/baulukp3mm0h8hbbj7oqqekemaq0ar2R
modified: 9/3/stats
created: 9/c/11d564csttfubr1hau6jru0dbajrqf2R
modified: b/b/0a2do78csgqtuavp8or59fjhu0n7b94M
created: 4/c/1cvisepakc3cjkk0jhof3c5o0c76ikcR
modified: 4/5/72b9fttdjcrv2k6on4pf0d49807rj4kR
modified: 4/7/0392nanvlf1vs1qrhoas9fddd66e1skM
modified: 5/3/b5dl40de0oid4hflqi1g3m5qkhn21vkR
modified: 6/2/stats
modified: a/1/427gsuej4n8t8jp4pfo0ne9ue98e5amR
created: a/9/4cphovkbjnl917p18j8mkhkjnqf6cc8M
modified: 2/7/f0ec3qmqma0rstdh01usg36vkqjm34gM
modified: b/4/44d0gt4bf7iee2c309jebmbvf286v6kM
modified: 3/5/stats
modified: 4/e/d5sm1nek2q3nhc8dl0pf8l5g5b6e6keM
modified: c/c/stats
modified: f/8/11smkmlseulmu0rlqe3cplf19mg07b2M
modified: 0/8/c6bl3l5to1fjp9varf47epakp052bnkM
created: 0/f/7eg9n5abjjnp9ke04jia9f0b4mellmcR
modified: 1/f/f65ootbem531mnmf8hj56psv8mlab2cM
modified: 4/8/stats
modified: 5/8/94evfal47urhoq59m51apcccq9acju6M
modified: 0/1/b9auukm1nk61r2ku10anooamrl93h98R
modified: 2/4/4458vmkkse838aq29jgu1t7cudrv7eoM
modified: 3/5/87iv5scmoqlpc369r364ihm8bp2sov0M
modified: 6/e/95ioh8etq40lqus19ak8g0lcellr20gM
modified: a/0/49s6cggug82lutujpjrsajg6o1qqkr8M
created: 1/f/50mqm62n31teh7lk3sm96irigvaloniR
modified: 3/9/2eg116q7jb39jsl0i3jlt7716ghk3csR
modified: 0/7/5aql741mb5msmeudh0spcglpu7p7mmcM
modified: 1/1/stats
modified: 1/7/73c4o0kdck241f9qkfa92l1nlbgoedaM
created: 1/c/e650ppmrik7lidmv7v50rruk6ic0c9aR
modified: 3/8/8bcags7vmtg091hho3gh66t8rj6c45sR
modified: 3/c/stats
modified: 4/a/4f5efmdoa2548he3pe3p9afejiif6a2M
modified: 0/6/c61kvs1343eiu447005519fbafttg4mM
modified: e/b/79equiv90tqouqecvs65llqmhvv7rcoM
created: 8/3/c60bdfp51od2q39qh9r6mel18ak66loR
modified: 3/b/stats
modified: 6/0/stats
modified: 6/c/ffauphsgokeg70k715dd168q4nfqqp0M
modified: 9/c/a794mfuf69oedvu3bka9dh8ej1g336aR
created: a/9/f837a6kqec9tt5ldskmo2d7n5qlosn0R
modified: f/1/17elu5le20uhc5t54hn3spqditqp8u0M
modified: f/4/a6tnok822l4c29h3dlqvqsj6lnr355gM
created: 5/6/68894nbvps7im8t6alu3cjfghfd0qbeR
created: 8/b/7a75aruv3unh55u4jn4lhbqvie53kuaR
created: b/6/4arecc3rfqnrj58g74mnhn9p01jlbs8R
modified: c/f/stats
modified: f/7/30f7i8231p3tqidr8qejlat9snt49a2M
modified: 0/2/59mg9jgvhsq9310rlf8cj29bqaic92eR
created: 3/5/16qlnte8ifj3oogouon3vsgd1ta9b1iR
created: f/8/afvgshb5v99k8bepp89jsafihdh8n3uR
modified: 5/1/85uofkc3dh75ft6fjkf9a1gbevif60iM
modified: 2/c/04a3tobd8di1qk8c14fsbral88q3negM
modified: 4/7/stats
modified: 9/c/e5rp23fop8jvm68nhftk87p2ao844fiM
modified: 2/f/cc8vlre10li88u58iti18n11f593pr6M
modified: 6/0/0c7m44ufn8bcnks07dafb2orbmh4hreR
modified: 6/1/stats
modified: 2/3/stats
modified: 4/2/stats
modified: a/e/adg5tecfc3atifqi2mqbrbgpm9o5ep8M
modified: c/6/4e18d2o7mkh1rtjt06t1ftese05qmpoM
modified: d/c/stats
created: 6/e/886nn8v4q97ihc6fogb65ggtthihtmuR
created: 6/f/5cja7j02k19atinavvkk8pf9a7mstqgM
modified: 6/f/84u2klstu4mhumc7gga9580n2a87b3eM
modified: 7/8/stats
created: 8/2/83rkr1o0kt6hspqola2ng82qgfifdu4R
created: b/9/66umt0lkk67stl9je3r5ob78hn6355gR
modified: e/2/61llk1m4jgqc5caubhv17lc1t7t7lgmR
created: 1/2/fdtfbo7oso99q96581gq8u1630721c8R
modified: e/5/d25j2d4rd3eds4q9iqqeh6uosrc57esR
created: 1/0/f75aca2nrpduc5veucvl7f3skoeup0uR
modified: 6/9/6d70989c2tr0cb0t2hdkeod3aj1btkqM
modified: b/8/stats
created: f/3/9a3g9qv6mg7n76kdc69dn83hm2d20b4R
modified: 3/a/40u31prkfcuqaouom092rk6qm3372gcR
modified: 6/7/4evuij41gme2f60djvd8huqbkq6lmvqR
created: 6/d/8cs1kvlp2d3b68728hbb55b6s0v47m8R
modified: 0/b/73ssg0kc6vupa1k7c7uccmufr22mtjoR
modified: b/2/9emdntj582erps5g7sokdq4pvbo9cuaM
modified: 6/1/92a3fdne6kkhunf59sl7ibe4n4kcl3eR
modified: 9/0/6819t9oltbl1cnvg8fibp8fb8nlv83iR
modified: 9/f/1bjdgf3onk6ucshtr85kq5qkakrau50M
modified: f/2/stats
modified: 4/a/ae1lsamtj57916fefpq6ibrak9heunuR
modified: 1/7/e6uq2iji66f2uk4m1tpviqpb953hd92M
modified: 9/4/230bpql5ptdtj4ao0h6t5eoko461dt0M
created: a/3/399ekd7hi7af6k3jpfuc4p4f8554dqsM
modified: e/e/cc130v8vateoke6hb7p0ealml3lk3hiM
created: 2/5/6b8u7vmhtu4dr957mg0fde41qns08kuR
created: 3/0/8fur9hhnouv7g33eir2uh25v44m2mbgR
modified: 5/d/far9fbkt4ke4ff7lls1gff2vjnkvuu2M
modified: 6/0/a42rh8ra0gtqir24kbb66o8epha2pviM
created: 7/b/d3mt034v3s2ckvnjrmktcmt8meqtjecR
modified: 8/3/stats
created: 9/1/8dv405c1866eos29jvmr0dcq59pav4qR
created: 1/e/c0m22qr2bm40p6j3j5fo30cfajd741iM
modified: 1/a/99lb7hiu66u7slmuubhdhu9jo1kvmjmM
created: 4/5/19in5t5gorh8ffpf1mdlj3o1j80a1kiR
modified: 7/4/56brccdp58p0n71jki52nd9qr6g5blqM
modified: 9/5/5fpsurvltu2pm9a8v18cvc0kd16426iR
modified: d/d/576q0nr5a3fcnrbdf943u2n1gp3ooj8M
modified: e/b/eacjo5b64igugnjqhi9tl9amuia8hiuM
modified: 0/e/b3jupgi3k68cgbsd4eciclkibn97id6M
modified: 2/c/cahcqckl879bldjurts3agtkfl4ck62M
modified: 4/8/aa8mvgko3d627hpgc8seo2o8t6c09m2M
created: 9/e/c3imehh3c9e20u1ipct97e2rg6lpl36R
modified: e/6/d5iu7hr18dkcvfs74vhu68ncjt7h7qaM
modified: a/3/5a84b0pl4buven21l6he2koudjglnnmM
modified: 0/2/85c5jqjlqj655vr1feihtk35h1nu7gcM
modified: 4/f/e52rc6ta3kv0dtq6471p0tqqt2u99s2M
modified: 6/9/stats
modified: 7/4/stats
modified: b/6/a2qmou27u7erii0i97o2bg52cng6apeR
modified: d/3/cc3cua1bktd4abd71un9vqv887de4qgM
modified: d/d/stats
modified: 2/1/7ct0fp8c4jfjkmi7kr18sj00496ra9cM
created: 4/f/45u5l1vr877rt1ngljpf2r0p25udegiR
modified: 7/e/89ibm1opsdbhdfhhlpgci30tileb7noM
created: 8/9/a21p3gbb5bintvvn57kboju2psontg8R
modified: d/a/4a1jms4c9e3d0kaprldnjrsec7ihtuoM
created: f/8/cctsphajpljha5850hfdgr9vhppipioR
created: 1/0/7bgurmo71ht8ooaoqc1plp7jq5djhn4M
modified: 4/c/7c2f4ofgkautlbugg593i3qnajdqgacM
modified: 4/f/cf50r5he8cknkq4lnutg3301rddracmM
modified: 9/0/7c1i48jth5tjqq2bnm30bgo1ce9js2eM
modified: 9/1/73u984eng2lolmc9pshcq7hs8b24ac4M
modified: a/6/9a4olqbdk32305t3o6jrbma33tbt3lsM
modified: d/6/74gnd0m4ouir7a8kamilmf7epsb4hjqR
created: e/1/2baastknnkvg68fcq4v01v6750l48ouR
modified: 1/2/a53gaemh2rcke8g8unus9magd7kt9b8R
modified: e/a/6c5qb5bs8f0tjubfuavino6fdnc3dv0R
created: 4/8/eb6us4kcmqqrfov9r60alo3la9sb0b0M
modified: 9/0/905icl6o697h0v95jj7t64abjmce64gM
created: a/6/241fode9uhk0bs2dfhk91davj88gn56M
modified: 6/e/1cglugpr3ua8ovdh2u2epc85p942hriR
modified: 7/0/stats
modified: 7/d/stats
created: 9/d/c8l5i8uo1cisqmllcfmheu6t19e455oR
modified: a/c/6ce730m41mo93k2g6s8c3afrvtg6150M
modified: c/3/580clkg6j0id2urnd8583gopb86dfp0M
modified: 3/6/e0bkvmic38mtierlfncla5vuhv7604eR
modified: 3/c/5bcve80k7j2alv05vjss890aig1lrboR
modified: 6/8/a944tnkhtl9rrpo1vbrlkrf95mc8tu8M
modified: a/7/76j7mjvajldalc38bl4vh537jo855r4M
modified: f/a/20lhjoi60cbhosvvsdrbi2butvq31vmM
created: 1/7/167714eovsmmoorroksj1cmamfldm0uR
created: 1/e/1c1uf2m9vvd3t0gn0frv7a4q9b4numuR
modified: 2/9/stats
created: 7/e/eev7gvftfukvo1qapaj0kuncl6fsfl8R
modified: 9/0/0fe0urqq9311b78o4utp34fp459h1h2M
created: b/d/75m4tfkra59be352atakboqd91elsrcR
modified: d/9/stats
modified: 0/3/stats
created: b/3/8f1fmamiiqlg873s76a8j5i3s1j8askR
modified: c/9/a25o3plaafhkhfcagtg8cspq9pd1dfsM
modified: 1/b/e02vorrvibdghd2jc56j5kvrc8udvdcM
modified: 3/7/stats
modified: 3/9/9an5fr5aqb7u0ogqgmt5rrcmrdi5278M
modified: 4/b/861s4kdtbfr56s21sdau4o58rloo8reM
created: 5/4/40k0i69dpk59dgk1dhn6jgnfg6safkqR
created: 8/0/49mqqrgp89hvatb9nlfcnqg7j4be8hkR
modified: 8/8/09mpdp2ovuptll17sce2bv8kphlp20iM
created: 1/c/369drb712ln501t2nhu787vb51gl6iaM
modified: a/9/de57td1cq5oijnioc96p127dd8aruseR
modified: c/a/a5oe0u1vr71fqn0qgdp4omtocnevojsM
created: 0/b/b6ol8ehnb2cfsoh3eq9h0kvppk9dpj0R
created: 1/1/16ms3c27ok183ll0srmihkffrmkbq98M
modified: 5/6/e3lfgdgkr7vetphreaa59hl8251uoh0R
created: a/b/ffjd8e7j7hfokidoboudvhhubtunk1qR
created: 0/7/94o5i1ego60s3p5hthk8o29tvml629oR
created: 2/6/85lvimedpvq2ulr3cvj8ek8n79u9ohgR
created: 3/6/bbgvlivk8d6k8fgpnm0s71geaj2meccR
modified: 4/6/6bjvj5905g8d1trp8kjrm9r71he8krcM
modified: a/7/815hvslngfsi7ialhpbkhri90dit2luM
modified: 0/a/56m48ruhs6ua64vo81u7eav1s4b86q2M
modified: b/8/9bpm9ibjqg5f6n9lsdkie87kq9tvsioM
modified: f/1/3673rkmppplb7ajuubuphj8u9595b6mR
modified: 5/1/eaodlttbgviknnnavs6mtrimq8nf230M
modified: 4/6/5eq62rj2n1mdkan8sa2d1epm79qbecaM
modified: c/2/8enqpk757hlc3tafgd0ngd356j2si7iR
created: 1/2/b0km6c24smmdvqd9a6od9fk8sfstlbqR
created: 2/f/59up3ak3p358ak3poplg77t62j412cqR
modified: 4/3/stats
created: 4/4/f81sqep36eh93f59lme3vsh5kk65s1mR
modified: 8/d/4a7reopbo2h32i7vg5h1fun6b05untuM
modified: 8/stats
modified: 0/e/575m3co7t0cri27m9bdkut1he64tsqiM
created: c/9/20kcfbor4i88c7lo2nifej1a5h0jl8kR
modified: 2/6/stats
modified: 4/0/04vhfnjg9ptmb9d6kjsblee91tm08ugM
modified: 8/e/47t9a3r8nejpj2k8rq4rheqj78uds80M
created: a/9/e3frf7o57lq26pm224l50lnrit2i4i0M
modified: 5/4/4bkt4m15771fe759ui1sa88k3eg98osM
created: 6/1/a1egtjfj1jab7a8l8040lj7qs703hkqR
modified: a/3/10olhrp7847daf3pp1u2e4a3ll68issM
modified: a/e/fbgdoptt7rdd64i3tuv6dujcerjjsbeM
modified: b/f/7899f4ov3eckag1gh4qhmpmll52he6cM
modified: e/6/stats
modified: 2/0/stats
modified: 1/6/stats
modified: 4/7/fdg7qo7sm4op14h9rdisihq4u5uiqhuM
modified: 8/3/fb8pnqes5nj89sbc96i2djlhesj2icqM
modified: e/a/stats
created: f/f/c80acradd2q5404crk4731c4kqb7boqR
modified: 0/0/65mg4qad9ua39fnpmipjk7cntn0c12sR
modified: 4/d/stats
modified: 5/e/838vk1l16ok72sj1idpo3o4j01bmussM
created: 5/e/989vnnf06jflvfvb3umldsrkpak0o8uR
modified: 7/1/d33gbh7fb5ud0ofmdatmois6eqrppvaM
modified: 7/5/a559aulh6ntv2uflgfksegmb7vaotl8M
modified: 2/f/88fti8o3fl22tbu5icvig9i9iso85h2M
modified: 8/1/bc6ri7gmousr9p0hgdk6up9shb7htoaM
modified: a/8/stats
created: e/4/85nd3b0ju3vp7sh8bcim86lfm93k7l6R
modified: 3/9/stats
modified: 6/0/18rhadb5jii8i8m0hc77oafl4r9skhuM
modified: 6/c/stats
modified: 6/d/stats
modified: 9/3/49s4l30boi4eu6nvgd3stkr2p1r2obsR
created: f/8/ecup4svomtktp3tdbl8ftre7ue437teR
modified: 1/0/23tokgjbjj49gtsskhc0aab7d1bldrsM
created: 8/b/adkqudvkmkf3hcdkv369nci5mpv28i0R
modified: 8/d/6fdejm9hk7jkdf0dq90i4692og5g5v4M
modified: a/d/32ehbtl8vjgadaiu07fdl17os555c0eR
modified: a/f/5c6mbbt66l3on6anee8l3eftrqgs0miM
modified: c/e/c0el0s06hi8knphvlb55srhp29glk6oM
modified: a/2/stats
modified: a/a/7dlqdqlkk88o81bhtr90c1sbq14proiM
modified: b/5/797ikqjoj5kct5jo6fejb94ed0cdlu2M
modified: b/c/f4kmkcbueeojbs12q97nuuruh6vsm3oM
modified: e/1/748q06e055tf481j83999f50pedhetoM
created: 3/d/1dqr7gfl9d8939nm837prujh516t8o6R
modified: 0/9/59vakre93i80vhmiof9f5s2n8emtpdmM
modified: 4/d/32594q7ntqn1kg7rd2r6o582a6acse2M
modified: 7/2/78ke8k5jjh9dncfj2e0kaj7213frpbgR
modified: 9/7/abnlekh5gm97vr1qfc0unrip9r8nebmM
modified: 0/1/stats
modified: a/c/stats
modified: d/e/00flrdb4028p89fmg5jl14ppk297bk0M
modified: 7/5/stats
created: 3/1/f1pv1enq6uer78ae5dvaariqpggl2emR
modified: a/0/d67gpi69lpsjf5oalpso3v5427h70e6R
modified: d/d/7a6ki56d8nb3inn0fv0o644m19ja3daR
created: 1/d/09a5ie0hlkcokkeu2ju0dn7uek0hrssR
modified: 6/5/6e1jtjctrmvqvmthljhq2o9c9g3ghn8M
modified: b/1/d6mducdj9dfanilsq26fhmr3do2ccrqM
created: 4/3/56nijbanvend0p89670r78dcp17dr6iR
modified: 4/f/02ugb7o7o4ruj2keog19l2u3tcv9aigM
modified: 8/b/23pv2vo1ql8lmv46tjeg7j7ngs458bkM
modified: a/d/stats
modified: c/2/stats
created: c/a/5fthjtjt4cqvkh3nflrsm4o1vfnmktoR
modified: 0/f/stats
modified: f/3/12jf7vm0hbaf2u5rl50mq6m3eqkma00R
modified: e/6/d638qlfl9navq4i4lpo7nqgjph9so16M
modified: f/7/32j855g772lim9gvninkmod8n9ekhh0R
modified: a/7/e8aaok1hfr0hs97lv1101aj00fsnh5qM
modified: 3/a/28l8qdckb0kunv3hh2etqivdf9374q8R
modified: 4/e/d3ouf55fvet8m4ukavmq5jk3fipkuroM
created: 7/e/f9kki3tl4cdqhou5mt170i49ll5c7ssR
modified: 9/d/stats
modified: f/9/stats
created: 2/f/73sn7lsoq3vpt2m2rgcq89v3efs6poiR
modified: 3/8/a3ds0226toodq38km0cstofesgia0bcM
created: 3/f/dd1slphvbscoqdqffmdjn85kd3vfp6qR
modified: 8/9/stats
modified: e/5/stats
modified: 2/7/stats
created: 3/5/53urbordpdboh1sgpvft7kggsrg5b70R
modified: 6/d/21ea7kkt4pid83kvd1cv4obtg2sdu90M
created: 9/e/eeagto98mi5so7pftot42oljqalg1cuR
created: 9/f/bfnoj443v15tkvtsl5r56icvo8rhaf2M
modified: a/1/a3n7289l4e2pupg99qmqtpk4usookt4M
created: 0/f/b6s4akoles8einprnc03ohg7aua29l8R
modified: 5/5/80dgvbdsbpuij2g0tn2akcgj57orcv6M
modified: 6/6/8dvc5eslko7idj3prto7c5ufribui0iM
modified: b/d/bfnnd2cc5b7otcpk0vqp3s2e2dnu7veM
modified: d/0/stats
modified: 5/3/e84i3mjjsmim699j43abigoadt7nc4gM
modified: 1/8/d0q8umbl6k9uf274ol77si5llvivjncM
created: 1/f/7a4k7lcdg5ekrcvpkn6jjsi9vt1pmrsR
modified: 5/0/stats
modified: 6/c/31i2ihumth82846ia6c2k41m8if6areM
modified: c/c/9disvo330qvspijh9o7v4kq9bgprt22M
modified: d/3/c5ecgmvi9nph8rqa44hque50qgh1t7gM
modified: 0/0/48otvhkn3ockeinbp2r9fum2v6sugisM
created: a/b/c0sbdtgjmjlt4f8uk7o04okpg5k155oR
created: b/1/cder71l0k8mpa7dm7v2f88b08jk0kgiR
modified: e/1/33esr69me2u64u76m4h7nke4pbfhb78M
modified: f/c/2cjn409m6mvj0i0dh4vmnuhq5m385tmM
created: 6/0/47lf6ucl03ahh5ruftagf702219ecu2R
created: 1/9/6fksmbq42ecr7iq396jda2fd362l9hcR
modified: b/5/stats
modified: 5/5/39jdmjpsia3k1o5a09aahltc4cooc0eM
modified: 7/0/29l11gjv3hooa6fva2l8s6ngqq71scaM
created: 7/e/1bu33nhgncj1q03644hm9b9ar545ejsR
created: 8/8/e9oq2d3gvlbtv1gmr39lvb461tqv2meR
created: 0/8/8cn6fg2ptoc25s5att1jvvmdgq56fp4R
created: d/5/a34f8hrlngdgiq9mljhntju334m6ki0R
modified: e/4/78dtfjg0gcni7vf5ba9h6df6i8forbaR
modified: d/1/e72vkmcg110fopia3nkbjs39n6fppkkM
created: 3/8/d6684o27ff71vkl8d3ud1citkq8s08mM
modified: 3/e/31dtma5kmoj1gose5j53f02ko0orijeM
modified: e/d/23q53tt38mtm92994ueefmd5c7lb624M
modified: 0/c/stats
created: 9/4/a2di5j6vn3ubfds4v4m759htuulo5e4R
modified: b/0/stats
modified: b/stats
created: 0/2/df76ja1oaa6uheg437j90146450qtlmR
created: 9/7/5asdsf4uuo60fo0l75k06ujpk5crpkkR
modified: c/d/c3sa11p13sbr31f10sdpmn1n2k7bgkcR
modified: d/6/e9g0nhtpe28qphv207qm2qor67runreM
modified: 1/5/2794i55icg6u55cb8uk0187v38thagqM
modified: 9/f/stats
modified: 3/2/2bb8pe08t3gafinect1giocl7hhbksqR
modified: 2/7/620obekmjuphj0u0n9chgj6t71j8n9oR
created: 2/e/bc3f4k40rska8hhi5aha57deo6m3rc2R
modified: 5/1/stats
modified: 9/2/71sjcnj51sh91vn04i8rups3de8blhsM
modified: 0/6/9asrpos13j2o2mapbntec9aovd1ve24M
created: 0/f/e4n775u366pg14f2oa4jbhfeq25buneR
modified: 5/8/cetc1glc3d752aem0h76bel6f2h43jqM
created: 0/6/68pkqif5rrbvecmdd6qlgqth6gdmescR
created: 1/4/f7uf5uno7qmchqt2gs9ksv9daud43icM
modified: 5/0/b0p55on9f7510keqotcvolka3u3m776R
modified: 5/8/4f3r39uujasmt6i4e1ftgoi6s1m6t0gM
modified: b/7/7d8k9gokqpnravaiaijeg1dqso9f4ckR
created: 3/2/95igjrf2vnca79uiupvut7oiqdnq5vqR
modified: 4/b/d5nmlk8p7p936ukqkp0gau66c0l5vluM
modified: e/8/stats
created: 2/e/7cie6fr1mfk0pq3vl345r843o5qsc50R
created: 6/b/cb3h3fuj8o4hnoj0iea4hpm8ktc00buR
modified: 9/a/46c4mehbboeuvj0jcql59lq4o26sbkuM
modified: c/b/deiqcm94l2m8g2coael1lv2rq3s5mvmM
modified: 1/6/71bgfu30qhsm3atviit2ili4csi3evuM
created: 8/b/87uov780pq4jsn18alhsi8ukn5j041qR
modified: b/9/stats
created: b/a/f3v1g4vl0fvk2lkb7fmll480k70md34R
modified: f/1/59aa1at7iaknnmaa2brns26gvqb8l02R
modified: f/2/c0rn5ajt9bs9067m1cuhdb5ffds0houM
created: 1/c/424st4h965lt3eq1b6ls9hjmgl08fjiM
modified: 1/4/5acvremhjjqo9bslouksrpk3524dqraM
created: 1/b/f2hhh24k1l6v6l5d0d5ftujdeta6bmsR
created: 2/e/e61af250gd7uj1a88b77n86il228oguR
created: 4/0/e2rul9cu6rsqhfjcd8ogigvvk95th0oR
created: 4/1/ae9kac9lngoro0i2q4mrjk8n6g08qcmR
created: 7/0/6erslqo4bbpb36g98kn8ed2br6kcbjcR
modified: 9/0/63h2pr2nodnhafghqkj5l3vhmmj5r3aM
modified: 1/a/82smsoc4ul58e1kfq66q80u3h2s5kr0M
created: e/d/casp00g47k6v3g7pkl5r9qai2119pfmR
created: 6/c/466qg7asr0c6dssi14n9h1669k69ubgR
modified: f/0/221fth27rrv633pa3rghnomi7objmk6M
created: f/2/1c8vmh56jsacen1g1om263bhub6692oM
created: 3/f/bdsdekb31j8bei7mfbefm470t6d203cR
created: 1/6/afbrg9v4evn3d18k4siscq50hahqc72R
modified: 4/a/stats
modified: 8/4/c2k1hicoltjv86b880o9kl11emk8go4M
modified: b/7/stats
created: e/0/300nb56blu72m6qh286djmrlopp8iscM
modified: 1/3/013goq9thod68p4cp487hjct7kc75ssM
modified: 2/2/925ftos898b6qd01o2kfl81anojj0euM
modified: 2/4/cbm33gmlhatd8t42ikqe4v5vg7pr38qM
modified: 4/6/stats
modified: 5/d/e2deh0u5k866qdm7jqirrqpmcraon4uM
modified: 9/2/433on72g9gebnsodpl5h2icah13b29mM
modified: a/3/8cm41o7q7ektujeqq0avov3pjfkfurcM
modified: e/9/e185cbeees1or3qrvaqlcab3km9omt0M
created: a/f/d06p626jicl3m8ch4lv0lmng4ar1hoqR
modified: 9/5/a14l7se0s8fudalsfvsf4li3rotpmfoM
modified: e/f/7bodgc2fplq43efpj2c7oirvbgkojauM
modified: 4/4/e29tf35qk9odraet65592paskiukermM
created: 1/d/5e9c1diaigpebugbo1rpg7m3l580rheR
modified: 3/1/2b80epk7e7gg0i0ks4uegocptl9pcm6R
modified: 5/9/4ap5mlduivqpfj4au3nj71v31m38534R
created: 6/0/e7hrund17sko4fa00gs6kbbkp6padr4R
created: a/1/ab0i0sm55pj1822lendcevjet63766iM
modified: a/1/stats
modified: b/4/23fm6c0dgrg1l0o1jpdvar0voore406M
modified: c/2/c2qgp93uddjnmktlku311153486s1kcR
modified: e/c/157svvtibjm72f2v8k78bc4v2nr9qgsM
modified: a/9/f7pfk8klubunv29qjk9vc3oqp6dns18M
created: 6/0/ccnt4eebt14goskhogm36j37bs32280R
modified: 9/d/8ec39a12ca4obgvbq7stib94r6ivpq8M
modified: 1/stats
modified: 6/5/stats
created: 3/0/5e3naojgcb4q5krgicjp6qq8p2mf1j4R
created: 3/2/2ec6sair2t4stua9ir1i775pcakn8f4R
created: 4/3/d7ik6eqsa7e7qkrihukce2bo0djop10R
modified: 6/b/stats
created: 7/8/5bstkfmq4bgl36seua8c9q5a4mfov3kR
modified: d/3/93qqs7kki8bnbjm2hrhjsiajs9cjtb8M
modified: 0/e/stats
modified: e/0/b1kckab9pe7v5pemhovlg7f9hvurevaR
created: 3/f/0ao6tc6m03umje916i77j5ibb9g3iiaR
modified: 6/e/stats
modified: 8/c/e57b5vp4m7r6n6oceuecj2jmthl377eM
modified: 9/b/stats
modified: b/3/10hg8v6bhoq4rl9e971bj6cn9ka6dk4M
modified: b/b/46p7nkkmsdgcp53akh28q5nvpr555keR
modified: 1/c/e1c8cksmsiiubja1g95r8cbdg8c85p6M
created: c/f/337ij4l0d6uq99d6j26iu84dt31kl2uR
modified: f/6/stats
modified: c/1/stats
modified: 4/d/6135cv6rk55dguvid9bobtos13635nsM
modified: 8/5/b2hiql3l84060a0749ac26ids6j5s2kM
modified: 0/4/94j99mpk59jqrt9nu79edvao1osoh7oM
created: 8/a/33hhdsvl2jd35g2rpa38o850d0uf2aaR
modified: a/d/84a1t7il7bnaeif4dg9sh0rcpscbjooM
modified: b/1/fbrf00mslsgnd5ca6hs4ugfmhakmj44M
modified: f/d/stats
modified: 4/3/166lp5mej7nua80o43p9u54jil6p588M
created: 8/f/5frt7ring0tl3eplnu2q7iccf05bq5iR
modified: 9/1/b9nt9v5654vl1hqao43279v9qunjvv4M
modified: 6/stats
modified: 5/5/stats
modified: 8/7/d6nnahkife3oej34q1ubd5rlthkabasM
created: a/7/16cik11l0a2nnivhov77hbmfh2g7qaeR
modified: e/7/stats
modified: 4/2/2df0vpujbqeamiao4q202qcrikfomasM
modified: 7/b/stats
modified: 3/4/8fuj6qlh9f7gl4l67tt6u3n5k957c06R
modified: 1/4/55sj7hoa6q6q66puavbbh7kv99dsttuR
modified: 5/3/stats
modified: a/6/21h5jdvc8f3qc4imt4o8t5jp95jk0a0R
modified: c/5/cfhdbjfepvs9aldugsmm002kf3ghrp4M
created: c/a/abj5jq77ji7q71ruaui6heoho9u40r6R
created: 1/4/1e0u5ttuiq0rps13u1c8b8h6902n8coM
modified: 4/2/1ccbr5ut4l890aaeek7ncv7rjceqmsoM
created: 4/f/a3f8ncu3nmbma78miu1p8g7bl88phj6R
created: a/6/9cbb4b4mj94u5odq5q31ihtidr2ldnkM
modified: c/8/stats
modified: e/7/4fobt8p6fvr8h5fms4ur03gg67jddqgM
created: e/c/16f04f142tn6p45rjm11adv2mffff76R
created: 1/4/2d72j3i22lp77kj3e2v0jn7u52itbfqR
modified: c/0/90b5igh2krli6qt8btb5pektp6uk7lqM
modified: f/d/c5o8pnl5c9ocn3ifnndl4ds4clicm3oM
created: 3/b/297ba38vhrop22d90a8a05mjslh0m6uR
created: 1/3/d5lise9tgng5ebp2j3rjb6t1bqcvctaR
modified: 2/b/stats
modified: 3/f/stats
modified: 5/8/a7fprnbrtjh9nq5jbdgk1sn2gmn4gaqM
modified: 6/3/5ffpg3lup8ca28qpvbdm52qn1bpan9uM
modified: 7/2/88sran6di5e9ataib5rsv1qtj4e2uaaR
modified: 0/2/8evf45l9pho8bh9pd7ahn5t85srn9h4M
modified: 1/f/01d6enrk4k44utcfni7uqlnt70vvn1cM
created: 2/9/fdkfstij94fq02vfmqle3tblbt5pudsR
created: b/b/efmatucv81u15p5iel2s4tsr9it0jmeR
modified: d/a/stats
modified: 0/9/48qhe6vs2iumdrg2fn46lcug0cirid4M
created: 5/a/7f1rtqmushq5bl2q4k5lc987d3g047sR
created: 8/d/dasohi7b8srlhg584vl4es1ap4565aiR
modified: a/0/ae1e9ncqqm8tofntdar8rctne44ffsoM
modified: a/0/fad5d6800svr1o2u4co0sphuhd69acuM
modified: a/8/1bt8219d2v18v7gpvjqmcuogn9av9i4R
created: 5/7/e74bd96hj2bvit1qmmih0bas40pkpumR
created: 6/4/c9604qb82mq9sl8qstom9gkb99i4uskM
created: c/9/98cn2ahd4676qra1eubv57aeko7n2i6R
modified: f/5/ffckq9ih2he5nks2k8kq5uij91kg49iR
modified: 0/8/87q7s6rpl56im34p6pjhmkdeq65hkimR
modified: 2/3/be7a9v6ss4n1kil2at25vfku41r2hjaR
modified: 2/b/1a5gbtqcnj4p08h43ggk0160k5difdgM
modified: 2/c/stats
modified: 3/2/14qbie6rmr1d2c4ukhe5vfhj5mgj2j2R
modified: 3/3/9f3n8kggrfh3b3a7r7sg4jegikbvri0M
modified: 8/5/d89nc7p17a5drrrfm6b401l64o7vb9iM
modified: c/4/fajep0sm9r82ums6uvkkpanh2m90g4cM
modified: f/2/5fod27c1efmm7l4356l708p033ui8b8M
modified: b/1/01v8ev1cae144bm4b1fnhq1qgt1c7l6M
modified: 2/2/a0h1opqie0c4qp8f62o2iabp7jvnl2kM
created: 3/d/56hs1vom9tmpa3qglf6eqptf0ccmch2R
created: 3/d/965uuh76faj9ekqbir02tt9bsj1bv3cR
created: 8/7/e3hmgjdls1bolnt46bckk4lnssjl7deR
modified: 9/2/b2453p6um2q82jd1uicc2qc5185ictsR
created: 2/1/00i25stj3mau8hjt32j3ik1uvlee5p2R
created: b/f/4dqu25nq5vf37j3vf4qh2a3tp50nceiR
modified: 2/b/01hegf1c0t3igl7kkckl041phet1o4mM
created: 1/a/b9r3ro9nijfu7k6d2foo1uibuq6njb6R
created: c/d/51vc328vo9tlt22qm1uguomc39oc65qR
created: f/8/eb2e7i8gv2dgt8k6rdo7ugeref7edp2R
modified: 4/7/e0185gqn74ga3cbptjiadlb7ckmfkgiM
created: 1/c/b7cd7k6a16tf2vfm51ic22ddqnlat7eR
modified: 7/7/stats
created: 9/0/4bqnv7cgf55b62hhlr28ind3esdjjo0R
modified: b/4/43u108oek0nuq5668r6h63p7b3suf0qR
created: c/c/e6oclsg95t1nsuchtfta5akt7qp91goR
modified: 1/9/stats
modified: f/f/c758nbgd37pct4u9lh3c1ms07g8goieM
modified: f/6/73lo9d0m8ikne9ofdfncarl0h1q1lbgM
created: 0/4/001amkc1por7fm2qlgsaha087ndk2g0R
created: 4/a/537ldlm2odoh13iluj0glmh9462a37iR
modified: 0/1/45o7cpfs4oq5s08b2r9gtin41fae9j8M
modified: 7/9/9em54dmm40522grsgf5lh9jg8js3i9cM
modified: e/0/fd5ia0a160ublq1s0i6ntuphh2cno1mR
modified: e/4/03dkhnd407qqbi2lra8g4nhv75sadomR
modified: f/7/stats
modified: 0/stats
created: 9/d/f0c03ojqf3668ds39fg3tnunknv34b6R
created: a/c/09mpple7511nloqja8ev29uo0p05cksR
created: 1/f/694adpkige39f1j2fiavjoo6gpnctl0R
modified: 2/6/8afo23ga26pf7n8gqtpp2ntvl02ujc6R
modified: 3/7/14vfm5182daf9h0gtan9t6agfn4jvh6R
modified: 3/d/d6tdk7g1lse1h4g46f1ebs88mliba9oR
modified: 4/5/stats
modified: 9/8/stats
modified: a/9/stats
modified: b/2/stats
created: d/6/bb73lt01t6fd56jqnhnk15mvlvo8kh0R
modified: d/0/f10db29iv9dl2tldmuqlub315q5ggd4M
modified: 2/stats
modified: 2/1/eb7jttvj67f721u1on52dugsqnhuv2cM
modified: 3/0/66m49intsg7j3mdn789ihtm3855selmR
modified: e/a/b9qkrbljgbkh5hv4e24vpav4ad89jucM
created: 0/a/37emh6f365l03960ivdrpsmhjtudbuuM
modified: 3/a/81o1gqusee46ifph984ou3f3bdiaa0kR
created: b/8/5bkqsoddmfljoh4qea310dn8ck0t98sR
created: f/8/efhtf5toj7f8obonn5n23dv9lmaoi0cR
created: 1/8/e43vg9ets18v5gbrmp56jutgij9epueR
modified: 0/7/stats
modified: 1/9/a8bedlnbq1924l1moht2i3kcaajou6gR
modified: 2/e/91lor2kp5f2hjlm6umt1lmfb9ripjpaM
modified: 4/e/21bvcq8np2kou06m9e00tqfkpk5fqcqM
created: 9/5/042ocphrs23i30u96652n0069539gtqR
modified: 9/c/462f36j48ldkposmj1t3ilf317fvlk2M
modified: 0/1/d0ep595phks9i8re38c5bo535mjgqt0M
modified: f/0/stats
modified: c/5/7cfqdkfn6r2f32c9savqtn0i01v1e38M
modified: 5/b/dfpo4o267u92shojq3b38kpdih1ku36M
modified: 8/0/stats
created: b/7/dapm14b33r5q1ki1alh6843ounld5p0R
modified: 4/c/stats
created: 3/9/e40t64m7e6rljea49okaddku8smnt1kR
created: 9/4/819hhad1l1nikii4roih8b3defbli9aR
modified: c/a/691ntn7ciemt5bqnrjongmun4kuepceM
modified: d/6/stats
modified: b/2/5dc0p5sb7ah6l2mt1q8aa6q5daobh56M
modified: f/1/stats
modified: 5/4/stats
created: 4/9/1a7c52rti13jar8tjaphunauv48qjg4R
created: 4/b/957hjiso5dh9pv9b45pukc6alj6igb6R
modified: 5/0/e08hg8h9d9a6ludirfmumt592039mrkR
created: 9/e/fe1vef50jmeicjomo3jccuf40l6l8csR
modified: b/5/01f7ja19q4n86r0ds8od5gfofu046caM
modified: d/stats
modified: 3/9/afi2j189ds446dmgnvuqn5f0crsro4qR
modified: 0/6/stats
modified: d/e/9asp0d4qq5hfmbbn8f1oi2eih5d83fiM
modified: e/d/2dr7efhaoujhoi328gk4p6lkm77iefoM
modified: 0/1/92lve6k70oohifn0pc3gkdkkvctcuqeM
modified: 2/1/8depau7r535kvgkdqt56a0tfn1v66f2M
modified: 6/4/stats
modified: 7/1/dechtc5r4ohlnnuq2sktfcbj8mt8nsaM
created: 9/3/349qp26ue8vj0o5hlrmcrdviv2u5e6mR
created: b/7/a1gvmhcvdibi9aaor65pbge5a34b2okR
created: c/9/e3c018rksag2ad4j21h8ktfh93adpo0R
modified: c/a/7a4iim0adjqt1uo9iaat7ui2jvd2qacR
modified: f/7/237k91862n0ll1qe15bok4j8vpnijrqM
created: 3/6/4dt9s71lo23vkf8hebgfj7iioe0tlj8R
modified: 5/3/78ia8838pna6gqrp3bk427f2o31sdskM
modified: 6/8/61uies6dc05hnhllhmjdrq1hlkrt1kgM
created: 6/9/790iqv353006fbcoerca84g62ajt19cM
created: a/4/c3bon6lvq3q4s6ibrs11737ikskap0gR
modified: c/0/4a6ina2ug2ub5jlkpg6i8i80c3mpdqeM
modified: c/7/stats
created: 4/e/150j2tjc3pr8q899htvirctrmfvsks6R
modified: 2/3/4a259v0treu21qgm110135g5ulss3p4M
modified: 8/c/f2cpv2sl7hcbn1n9vgkgkafsuo89bfkM
modified: c/8/786qkb9726g24ln946606b6ptl59km0M
modified: f/0/53li5d45das6o31v5ru6k0dlq16ibbaM
modified: 5/1/6cnuchqcirdu80mp18qotn37iim50q6M
modified: c/0/eb6gbphg45ie6d8b60bjunf9od32eh6M
modified: c/8/e3hp9969qc4i2pv2j27is5ioloj33bsM
modified: d/7/stats
modified: e/6/01l2q65a6i52ok8ong11r845ousa10cM
modified: 1/2/adfl8o3g3dlpq9ehukhrt584c9l2k8mR
created: a/2/99ioqe18s1nu6cm55oo115fg47n059qM
created: b/1/f8umqstgrq2vh79sokvrppg6mtn8brgR
created: f/2/5bedg583vv4lg8cmgkkbh582u0f6qquR
created: 5/c/cdsqbo897naba92rq83bq2jqup47h64R
modified: d/8/stats
modified: d/b/ddek5j4f5qgt007jvntl74u8bg6l0nqM
created: e/8/30mnfm4b8u2sdtod678d1h2qdno1hdcR
modified: 1/0/4bam6bp519mgvpk7sjcr6ts70pe4taeR
created: 2/5/3d81usbmuaaqpjqmtcd7iihrdvdhctaR
modified: 4/1/838n4c5ronvuuhgtqom53at1ao45kv4M
modified: 5/c/stats
modified: 9/5/stats
modified: a/e/stats
modified: d/9/64fj1dgkca8fkq4i8svcqvrra423cpmM
created: 8/1/21cvfld0us5onj6plpauen14q19v0kkR
modified: 2/0/b653fs63iqtppritn447f85h4pcufgmR
modified: 4/8/delcogrv0vev59m67kjggi8q6o9dskgR
created: 7/9/f2d5j90gpc255g1enogfm824ovnhv46R
modified: 0/6/348qvhh1f5ghjs6tv5pengb0f82kvm2R
modified: 8/5/cfqp3ssr72gbie9r785rjsr2j1dqifcM
created: a/8/62i1vtjg78mj6eak4ov6lqepv9akoqaR
created: d/a/8df4to4cr8rga07a4k46aaofqlv8bbsR
created: 3/d/e1r6s1pca9npkt4hirjfg7glmamt1heR
modified: 7/6/stats
modified: 8/1/892p4olla9p18uohchr7e60jui1tfd6R
modified: a/a/stats
modified: e/9/4563cguf0embqq5p1mvle2e9nc8u7pqM
modified: 5/6/206cb604k49p1c35o9dnju16h79obhkM
created: 6/6/1504ng7o1htpvginls12bpi1ujhtc6qR
modified: a/7/8aovjvpsad2q73i065oegb56m5fs1q4M
modified: 4/2/f6v26e80mso7ps4p4gl91666a4j7i5qM
modified: c/9/c54oq3b71f60ob53gh8k9es55a8vg7kM
modified: c/a/0f81a8egf87bkt6pb1shs1garmuhvioM
modified: d/f/94algf093s1uijro8nudtt2jdadm1cgR
modified: f/c/stats
modified: c/3/e4i0gkcu0nclhc6fnutc42ig15ghqbcM
modified: 8/6/5dppnanhqhncek41mh0k33aopjjhqjaR
created: 9/8/c39bpnj152cu9dbd1omflc022hmgmg4R
modified: f/4/25gntdd0tgqh5j84o2ccfe2inat2jt2M
modified: 1/6/760h0hhcbgvc9kd7tsnr41kh26ft9r2R
modified: e/9/stats
modified: 3/6/4b0eke8r7h7okrfhgl25b9b4om75ugaR
created: 5/3/0bmqukl0ukkqhn129lekn643nbhj5rsR
created: 7/c/d6j1sr622a88jjs6umm9fnameoquau6R
created: f/7/b3irp27ji7i43ntkdcigrogfm50carsR
modified: 4/9/stats
modified: 9/d/aeg76qnqo665gkr5nl120rnvbitdlqeM
created: b/5/3fa3m6fp9d3jbshu54ku8amma8jl9v6R
modified: 5/5/792uo3bnk8kr922i9r7ro1020s6t7a6R
modified: 9/1/fffend1s4r84auf9hu09i1hp5f4upvaR
modified: f/2/b1pbbj6679l4n0kam133tcb23r8p2tkM
modified: 0/8/857k50f2merjtht3df9gfe5ej1gjaoeM
created: 7/7/27l2f2p2emi6qbl5qi6e16gpajsi43eR
modified: 7/c/bf13pn2me013v89ncc2uems2bc39fvmR
modified: 8/a/fd2qj0j3okvb30flknhnq7924vvs14gM
modified: 8/c/4fkl3aqif14290gd7bdj3iv736hk4f8M
created: 9/b/a96os4oeq6ocgjef9pho45b5psv6e0iR
modified: b/0/d2og0s74a43afs4ess378bucugi6qgaM
modified: 5/f/stats
modified: b/9/92f3o5nj40licbdqotme9e8vat46vvkR
modified: 6/7/stats
modified: d/c/76fr1bd77og4d1honvskks4be9hvlumM
created: f/b/ac28lonpd3m2gsdgnlpg5ngqr1js1nmR
modified: 9/0/59o0852opvmvs88k6886gfbebu74mt6R
created: a/a/debudu4eu6vepel706j03vjvn54b4e4R
modified: b/3/stats
modified: b/4/0fvcfvaftafr09hfk2r9o5na760k2mmM
modified: f/8/0365d86iq334siu8slgueq04eer9pquR
modified: 0/6/b85pvj1l7dki2jd51l3nd27ptbn6nseR
modified: 3/1/934m9e761m1hia0lp0qm1cm349qn4v6R
modified: b/7/c6jn717q063dcgp1676c3jni6g9ttf6M
modified: b/a/4e19h98es05o5utrmj4gkm86vnp0pdaM
created: 1/6/104duhmj8jkib1tvjou9hh8d906ge62M
modified: 4/7/41h7tq3eut2ln0d24tipl7j8g2c2brmM
modified: 4/7/654krfeta974jd82et4si2q94i6cjsgM
created: 9/f/edd8egs0pn3q1tu8kngtl3pjed5o7jaR
modified: d/3/fa8s45puvll97gp2e6hsklhoe25prn2R
modified: e/c/3d4v5rn5u0dc2u5557oninq7si51rvqM
created: 1/9/f6fv6v7n69v16tgbn7b9ljvinih6v8mR
created: 1/d/66fagqtqn5q8nft5p3m8qf8t6mjto34M
modified: 7/5/99sonl69ea0gcnid8pklo0qffv2s1gmR
created: a/2/a8n91u2iuk2cpt3smgg9b22khe5ooncR
modified: f/5/stats
modified: 0/c/42nqubdnqucoda5t7l1rk2emoh0ier8M
modified: 4/e/stats
created: 6/c/f2cf692k35smc80hsvav05ajo1i3ntuR
modified: 7/2/a2u5v484b070p29l222matk2td0l65qM
modified: 8/2/05mooemnbks21k8s5a4180s5piajdd4M
modified: 8/5/d7n3mqakgl9fgu0q24sin30t510ql04M
modified: 0/0/stats
created: 9/4/8913qkhui5eavaipvkquhul6t5aqjeiR
modified: 8/6/stats
created: 1/c/c7ijtk21jv7epsqj2sknea6qg05ruaiM
modified: 4/b/stats
created: 7/3/71cf61jfaohd9ktrpgn9bm9k37cbgn4R
created: d/f/01io1k8bh31l147suov9sr5p4f29a60R
modified: f/e/74sdtokngfpin5gtgeh4hsfiih2m0gsM
modified: 0/e/c8j67ig4bvgb7649quvktkbfdu9sh8gM
created: 1/8/c1tbjqta9m82pp2p6cjcuj35rcmqoqqR
modified: c/4/bcl85t88ud5c93j93f9hfs5hn0l974sM
modified: 0/6/68nuf0jh9cem4o2496ge1nciuveaoosM
created: 2/7/3b7olebu1bvv67vsmsnesmo3vu9s3n0R
modified: 5/9/8ckb2g8tqjmcgpe5s1a1u4kmirvj450M
modified: 6/c/c8dvoef0ss8qodr3mhjm4q95q5rvu32M
modified: 7/4/831ue0d6q2talqptom9td78b2h11ulmM
modified: d/4/5fbf1qhb408g2htpr5jlsng4mtm23teM
created: 1/5/a57p1jmsjrh1871chqji204oi4le0vaM
modified: 5/d/74sgvrp9ehkakhh28abb1p61cnjqtpiM
created: 7/b/272opbulr43gtfuimtoq5a3aqms08uiR
modified: 9/a/3bm354g4of0s4ogsdlsn25b2b27oq3gM
modified: a/c/31smeg3uht8r31mannb9t9a1vru8p2iR
modified: c/5/8cpfoiqp32nt7o1nei674110pkv9f1qM
created: e/8/9004l576h539je96to2de84hbn3hs3eR
modified: 4/2/04av0rla2lbggcrers3tv2j2dds3bskR
created: 9/3/a6bu43vuttbhecgji0tc25dj9nd9hl2R
modified: b/4/stats
created: d/b/e0sku8ocs1i5g7ps5r3t5dva7qn5pt4R
modified: 1/1/678m3btbjh0nh39q96qnen5m5s2trkmM
modified: 2/5/stats
created: a/7/5aphcl4n70ndfa0091nsjm432o0slvuR
created: b/1/a66d4qpmmcv69c1bhvm7j2b8lh3bvqgR
modified: d/e/c2jurdip0fqp1in4alcc6vv0i9ap17oM
created: 2/4/402brfl02oh8hpn6i7ne6q7m8uskje8R
created: 3/b/f29qjcf8k8917o85sfah09lko61gkdcR
created: 5/7/51kdhkct432jcnnpekelnfg8ebn5p30R
modified: 8/1/stats
created: b/f/71jfkr6iqh6fnbnmjeukq52r8arf97kR
modified: f/e/stats
modified: 2/a/stats
modified: 3/1/57uhm9ea357fel8k44nqhcoijbige96M
modified: 5/a/stats
modified: b/3/6d38sqh9v59mvmamcpeomp1ckgsskieM
modified: d/a/bbcr3gmmg69tkhrh04kflkvomosq71aM
modified: 1/0/stats
created: 2/7/71jvbfd8t0b6r9nrionrr66burcoe0uR
modified: 3/1/stats
created: 5/9/83e6v5ngig3lqpc4fue1ffitg378c8qR
created: 8/8/5em33i96fna7jerr5beju2iqm3jj8fuR
created: a/4/43oer659d8q4fvp6btum51j0cgl1q32M
created: b/1/4f9iet55scn4r9r33a7r68d9f97ce5sR
modified: 1/b/8d7l3pshc0q5soie39dobe3ihe0t2pkM
created: b/d/1di4acs4vaqc3tc0ldu2unqu2ppeo2oR
modified: c/b/de6nj4bnfslet9naaig81lpnj7i208aM
modified: f/2/bd089gvdmuic2qf58rcfede1180pe08M
modified: f/6/41ari8tle1eiae6nttqedkme2icge7iM
modified: b/4/60l427slu9oegsudop7s5sfheums64gM
modified: a/6/stats
created: e/6/36287ks02tk3do8p6rtds6uhb7plqsqR
modified: 9/9/stats
modified: 6/0/bfibrt5at70k8ul9o9aa4v1mmqk92c0M
created: 5/3/71fh5k3ua3vddp4pl5i9c96nc1fcvjeR
modified: 0/b/601nudejhhp59u3580t5end0jcdrfnoM
modified: 4/8/97mdd19h7q82n50q6e5upcejtngtt6gM
created: 5/2/894sgu43tthhf96kt494pe3j7p3udf6R
created: 8/0/7cab7keibq6licp8oc82u9ptoor0secR
modified: 8/5/stats
modified: e/0/65g2ddn4hjf1n0b7vu1efl9chfg4npsM
modified: f/a/stats
created: 3/7/4btjk7sroviabr20b79u8jmida9s66gM
modified: 8/2/7c9lhkcpoo5shvrm0sjqcro8gpkq89iM
modified: 9/1/stats
created: 1/4/82h6jkhi3acl0m64fgj1bcimqojj7deR
created: 1/8/1c30dmi533dppf7k4ppb0u0kojutng0M
created: 1/c/9d3s5v3infu40j0k4086u843p91cqqsM
created: 2/6/708ceifcs7djs684smsksnhjta7t4uuR
created: 6/f/eamck3cvmi3fnh1shdmmeca9ujr4toaR
modified: b/5/272hfv9s57nne63fb9pc6756clou93kM
modified: 0/1/2f219ho3264c72ijj6fn191oepposp4M
modified: 4/1/57ervb9409m59u7f3car205om54cs50M
created: 6/c/395j366f94svlh1an09aifeiokeokdqR
modified: 9/0/stats
modified: c/3/3542inp393ev8om148q7g262s1s9gtaR
created: d/7/b86s1e1iidvgien1q2tdrrplusujl5qR
modified: f/stats
modified: 3/8/stats
modified: 3/9/dd1csm01g7pd1qr267tn1fur6q9ro9sR
created: 5/3/00lnenf1vs3jgcp6updf3ikgbup89poR
modified: 8/c/stats
modified: 9/4/stats
modified: 9/c/stats
modified: e/5/5d6j1u11u82gbl7im964ianvc4cht1sM
modified: 2/8/b2kfnt7li30mofcbbr1lifv0mvn0s9gR
modified: 5/8/7e6daia3s2dr89719vaekvrle6eeq4sM
modified: 1/4/39lc11mrfkns6kq632e9amded11t9t8M
modified: 3/5/benc1ugi9rq3laccsjmhvd1osji7proM
modified: 8/2/stats
modified: 9/7/20loddtbcvj9luddrsnvr0q015e8uh6M
created: a/3/0foefvjfpgm88i6pnrags92q3a09l84M
modified: a/6/58atpl7aguts9u88dblvhbndl3b2elsM
modified: 0/d/stats
modified: e/4/d0q3p31k91v62gvpv6fnr3raibvnmeuR
modified: b/3/e133k5m42f5ebjp1sasqam5gbbd58pgR
modified: d/f/72qqumn6jeeag3qtmuon49jr420hoseM
created: 1/c/cftod30096jeqr5ad2113moi0tdfmtiR
modified: 3/0/71d8srb9imqve5pne38dku9ftg8a6i8M
modified: 3/d/c3gqn49qckugfe3esfc2ekgebv430lsM
created: 4/7/95aafvi1e8h7aaockmemuctikeffhosR
modified: 5/4/322fqcbr3qm1o2quj75oquepp9524pqR
created: d/1/11rbfgtvoro31vf6sefj7md8bsrp0dgR
modified: 0/2/stats
modified: e/stats
modified: d/4/stats
modified: d/1/f0s71opc2j6hark7vu7m1c340d2ssncR
modified: 7/0/7cv8e9e3ldj8uudsflgj2tkum18rlkiM
modified: 4/8/07takhjpbn11hm3ui3o2b0i94p9uciaM
created: 5/f/31qsug9qn266m2k10vfa9q2cdt4lr4sR
modified: 6/9/9efktvo340ea4g9i9pt6fuqcqjvd44qM
modified: 9/0/070skmmrtlppno0jgf0psifvld51ipqM
modified: b/6/stats
modified: c/4/stats
modified: 2/4/e266m4esv0anj58pc0mvhmmdvrog83mM
modified: e/b/stats
modified: d/e/bal2n9rbasfhr7s4gpdq8s867clgofiM
modified: 7/a/88mkrpaev4oakeegt7evn453sgbg826M
modified: 7/c/stats
created: b/4/bc7bk8g6t1g58p840krov4dj0pkf71oR
created: 7/8/30smropdheu1621kkiab1e9inv8ainmR
modified: 5/7/ec8emi7ljdvcqam7c5d716o21gbvc3sM
created: 6/e/e0ll1mu008s6330gup7c901lnhuvcqgM
modified: 9/b/253hsb9af1fe06m76oejk75rflujnbmM
modified: c/1/ee01fv42nmgvahuebnl6lu4c9vr2er8M
modified: e/b/77qheo3lm3c969k7frr59hgjre2o59mM
created: 0/b/2bojr612fgksk7nocf0mkbbpci5rpvqR
modified: f/b/stats
deleted: e/9/c6od64g7075fn6o8cb8drjvj12ois50R
deleted: b/f/23ll0ks2lkbua21q5f613rona3vqga6R
deleted: 3/4/37ognmrttegdehfj0agl735f3sf8f7sR
deleted: 5/b/23ttc0vhrnt3bcsv1sfv7vrlr3utc96R
deleted: 5/d/601e56hbq2c7h2l5nticop776al94duR
deleted: 3/e/4aa0hfbspl2g27eb4943ti4l0foa5d2R
deleted: e/6/d9o0763gaouivlfkq4ph6dl6deplngiR
deleted: 4/d/10liuq4c4ioldp1eof25fo80q2c9dqeR
deleted: 5/0/75evshgpvpgshkhch9fot343nojc6ruR
deleted: 2/f/30fd1bicef2lma3ud3hrcce1ngd93kcM
deleted: 3/6/36lfkgi86buvndiubls0jjqhsm6hj22R
deleted: 5/d/7ctovv6rrgqa5090a25fgo7c7m3k8fqM
deleted: 5/2/b6v4kih61rhbm1gdg94nv98r415bshcR
deleted: d/a/6e1dngi536bq8b0jlr05td3k1to8oqoM
deleted: 2/b/8dan938n9gm9q3jsphktqb98440136iM
deleted: d/2/eaiggobgnelr7fq9kc2933se5v1nurqM
deleted: 5/7/4336krsc8epl6olv60vtfcm33kbv5kuR
deleted: 2/2/8458lqs0t0b1n9340pfh3a0296hf934R
deleted: b/4/71sjt7k4qhh8eabh6h0vpdfsdv2p4iaR
deleted: d/1/f3alg9n79mq7lnodrg61d0hd2qcjt5cR
deleted: d/7/c020m9g0ltaqfs30ufci31jidon7qs8M
deleted: 0/c/91ksf68fjr0qn4tc26231f97g2d76mkR
deleted: c/3/fb402lcmd8366t1hqub8l4tki8c0uvkR
deleted: e/0/88ash7ojujtq8nrfutt7mfdj1cg1hdkR
deleted: d/4/337rgovo6tj8ks0q3t7c1uhn2p2832iR
deleted: e/4/f43o67lncfc8tk9o6v1d55en3ub4voaR
deleted: 8/3/72tntlkjpm5cv8ks46ldflqrtdamklkR
deleted: b/1/b1pjue9b5e3meo4hforplkllj1ffe46R
deleted: e/a/b0oajuhvk95usf5f49fvr1p62hmojaqR
deleted: b/f/7dfgh880f6417i4vbh7er2rq0nesg44M
deleted: e/0/92ib6dbjmmppcqsudheq87a4av1rsheR
deleted: 2/7/22gvrilkof2qi705jdts5t8lea2l67uR
deleted: 5/6/fbdbs801em35bje3lk6ro54vfn7038mR
deleted: 7/6/7blsml6f8588bpacjkjrh1f1q5u0n00R
deleted: d/8/f6svmt63u69uddg86evcek46m6tvh0sR
deleted: 2/8/f08t3dc0r8fuhpvnkrtes63tj1sbf9mR
deleted: 6/4/d0uho37bjifohocpvvhn70gc0uvlprsR
deleted: 1/4/16d9j2vtaaduqv20o81o3nq7ajsgfgiR
deleted: 7/f/34elmbhhtje9at2vq11t6o5evqfh2l0R
deleted: d/3/a1tm7nu0u4c24gsv66dcrpv78s50fquM
deleted: 2/a/f9iaf656f5mfuef9e92uovemess0j1oR
deleted: 2/9/180gjdkpsmp372lau01ivsp7gb67md8R
deleted: 2/f/08vpchdb57pd8c2nkuaoc3ebahndsdsR
deleted: 9/3/18tu1scpd8lcrcuu510fnqetuujdqcmR
deleted: 9/9/904fh52tvbrh6pod9kljtfivqj1fvpsR
deleted: d/0/04999jgd6nggrg37n56f5kps79q7kukR
deleted: f/e/52g73qdnffmpv7hpoqlsh9chqaevfleR
deleted: b/c/6ekmaarifu9p4r7ae1efo04fap3dqf6R
deleted: 8/4/a17e6p6geknrb726ukg8lab0msieco0R
deleted: 5/9/deoac9n0jr49ar4ggudm1nqgfv82ge2R
deleted: 5/f/a3jbdr5p915ps6b333udiof1s73n0e6R
deleted: f/9/d4kbrfva6ufv1fdjr4pu6ouotpukqluM
deleted: 3/3/eah3rp88k8hkvv6h2j74vuir7h680dsR
deleted: e/3/23gh786mnsjgn9f1vo6p898cgid0l04R
deleted: c/9/43tko8ufuu0q2vcpfb4f0ksieiv3hmcR
deleted: 0/c/c9cocorcm35134dcf6lfcllqpq0d328R
deleted: 6/2/8filu7n274cpmbue3erl10jd1a8udsgR
deleted: d/6/91cmreuu8d4u5j3p2dhv69thhmprem6R
deleted: c/d/2diakfmgkdkvv795ifbgjpv67h0be3aR
deleted: 0/2/46vvp79vnegskv1mppvc79kou93ith0R
deleted: 8/7/97n3k34kr709m183r2itsado46bj5skR
deleted: b/f/77khkq6ooilsav3a659oa3jkp0iof7gR
deleted: 2/b/f4msogi8o2cjmoqb70t28jrtb1mkkp2M
deleted: 2/7/1bqsi682sknp4hmhbu1to6bg6i4ukskR
deleted: 2/e/6ekj9qc92u49m4eol8tderjk03nl3rkR
deleted: 7/5/009en0lb4v4qa06cqcbf8i2j7i4mdbiR
deleted: 4/b/9bcttav783g6lg2i0rl5bcari0n57seR
deleted: 6/5/0c3pmnlfmq2r97u7jl7bapfgb149kigR
deleted: 3/e/2alfkpeugekv6rp0pumhfnhug3t1s0uR
deleted: 6/5/8alfvfih7fsno4mbh37q9lak8ebm220R
deleted: e/e/9d1mrlbi73cf6c6jtvq3q47sthg2a5kM
deleted: f/1/8771grta408592ufs3ub08e6nku6ghmR
deleted: d/1/e2lban90lkh6lrm22tt2huohduio438R
deleted: 3/1/7br9cos5usnpt3eb0vca7jna9oicu96R
deleted: d/8/5bcn9ts1qkid5eeg3vv2d35kjudstqgR
deleted: d/d/3e8imnb397fvsu33b803qst1813l3noR
deleted: 3/6/41epfkmmimmj7n5lb6f9nvvt1549q9kR
deleted: 7/e/e41rm8a1cbevbid8qdr36f5usouo3a2R
deleted: 3/6/30a39isefsm33iaolgqufi8fgu7lr9uR
deleted: e/f/53l719o3g47auhop44hn2hg8jot4enuR
deleted: 2/7/2b61g9dj65c2fntsgbtmnngvv8kasj4R
deleted: 0/8/404isgpaq97i47rb57groi9cq6g0c0oR
deleted: d/1/91ernqjf026ihe9c44mav1j6a8vj0ccM
deleted: d/6/cak32nb86ga8mv3otvbmbndcun537deR
deleted: d/8/60bgsr068qv20jj0f9kl51vhmveiljmM
deleted: 2/9/48gm7sjkiu9v71hf4q5lj3furcg14viR
deleted: 6/1/a8rtrkoi89fd9q9r82u745qg6ullljgR
deleted: d/4/08qit61tt8itam4vpe08p59alllb0acR
deleted: d/3/92018k7ftdv5covbnt62qqscooee7l4M
deleted: 2/7/91hjhnkosfblmlu20i5ok904dmp382mR
deleted: 7/6/443r0dfenj911i38c1joubpftjeacv8R
deleted: 5/6/7ertaab6potb8p9nuictgn0rggh4a7cR
deleted: 2/5/7bbnh4gbnpd9c1t9gtmpuee1b9aluhiR
deleted: a/e/e2b6cc8m5sd7uo8n5mshcdj5jaio3imR
deleted: 1/3/9a1uem5c6ldr7tifkm8tav85fcsu6tmR
deleted: d/f/6217eaancmds8cashh5709ht78u2lqgM
deleted: b/c/89trhhdti04sk39qc5vbaih0jido1nqM
deleted: a/6/b49scs4jkogh8ahgr472sj2lv8k7p7uR
deleted: 7/a/df7uagotifiac8p2c8lp31n00vafeueR
deleted: 1/4/03ln8imm8trqtb0ucb564932rsp6pakR
deleted: 8/7/c98d1v688o6qmekvfpoful2gehi2la8M
deleted: 9/a/30e2g72pc5fj9a50eg964q8k12umrsmR
deleted: d/f/96iu0v91hulpfn6njpng64mr7ea21ecR
deleted: 2/a/151vo9jch2iajv90cgq88jiourh22paR
deleted: 1/9/11flhhgc3uv4ug9flvf248l9s8kseduR
deleted: 4/8/8033jecrhm2q7f3ole8827jvj35vd1oR
deleted: d/f/4ajbvvlf7n0g3mb4afqqqm9i9qctdh4R
deleted: a/d/83m6tppjrujo1r1cta93nm19r2idjqeR
deleted: d/0/71ne78pbkic58j92u0gnh1qrjfm02hsR
deleted: c/f/ca2a72jd7072k2ao56jdk5a899ig9laR
deleted: d/9/4c3cefk9d6gngb0vucvq8pbnt69h9o2M
deleted: 2/4/38cmvbq0tfmme028p40ehqnii7i42riR
deleted: e/3/459inu8umiq70krr7qdfosg6ubr6qfaM
deleted: 7/5/49d0rb24uih1ffftqojtv29n8h7s2tgR
deleted: 6/6/74i6faopqu53nc6e2vl358afeodlv36R
deleted: f/4/b4e6q9ranlml8okbsbkdeo44n98hlssR
deleted: 5/a/c6c0567kekiug9o42mvtp122efrjkooR
deleted: e/1/b5ti4db5ov9jivg3453fbg3ag5ih8reR
deleted: 9/6/334tl9j1dnd1u6bjuldcjobgk3kqn0iR
deleted: 1/2/c81vh2msgv9oibt22eam6tqrtsa1hg4R
deleted: 7/5/42olf8lr1efef6slmn0555cvc06dl22R
deleted: c/5/5ea403802iviaqh6luuo2a5pkh6hidaR
deleted: 6/6/67236334s5eu44br0tdavf2f08mign8R
deleted: e/8/869j75d80ke60q3qdubf5uh9pu0v20iR
deleted: f/e/013m7k8v0d7nrboe1hs724e45sr8vpaR
deleted: 7/3/d9p8coqva6dreqllv28u1jb25frn2fuR
deleted: a/d/4c1mmm8au6hanel1ai1la2ndd0km01eR
deleted: 7/5/98b19dqdrahaq0bs335ec865k1sprt4M
deleted: b/d/efus2scukgb9n1ca06bmv5rp18k6nliR
deleted: f/e/495alm7i16fs0tenh2j0h6j03hlpirqR
deleted: d/9/796tc45s95l29sdfodg097nvl30gqk2M
deleted: 0/1/e60dofgnronuv6h0vflurm0rj24pkj6R
deleted: 1/8/99hm6v6cofso0v3qmjcl2sbsp6ojjjqR
deleted: a/7/09uuk7h5fnd9l58j9404evolgc1bu3mR
deleted: c/e/86sc63uj28kc22ueb72e3obtglrhjn0R
deleted: f/c/9cc8bnhf5507mgi5k2n857sgo192emuR
deleted: d/f/e3gfhui3hg1qj2ltkme1p7g61sgdnh4M
deleted: 5/2/3api3ci8r8r8hstvq7i7r98pev0bataM
deleted: f/2/258k43ind9ofh7r7jhiqb2rfqhij82uM
deleted: b/5/87di5gvesc9pevuke7slrd1611ivcjeR
deleted: d/7/23licm7sn7aa9e88dbqk6frbikvdn30R
deleted: d/4/75e29eoduo0h62catg7ovpc6mc0cfm4R
deleted: 9/8/0btnms2f2ss8e5jr2vac5oagt8bc7luR
deleted: d/0/6a75mojefftstj2nuefkdccvqsc3k2oM
deleted: f/6/27rpm4j2av13cue8e8n1c0biokhdp20M
deleted: d/6/5cco93oaqapjsa09d6mmb4cm47frg6qR
deleted: 4/5/491du74ufv9n91nam7qi1jlinslohokR
deleted: 7/1/38mttjka4chpsjrt8aa0qeqn8bfmdtgR
deleted: 3/1/04959mbh1ao0a3h9t3dtdlfdseo24teR
deleted: 5/b/7a0nl6ln6fmrbal09psac3n7flengrcR
deleted: 5/c/623jii04bvc0e80g828natg1qsaslt0R
deleted: 9/6/4amub16ej69h9qntgnukbpq1sj4fb3eR
deleted: d/7/69eoq2e8naa3ttu1p4t7qnphmg2kd3oM
deleted: 5/b/2a5aei9k5srmrh9ge8mrh653n6q7t66R
deleted: 7/2/2fr9g883odbjotslva96rgv2katqmo4R
deleted: 8/2/0bbh20h3l0d5e389na0c97ag58tp11uR
deleted: c/9/7aspng2qcqcdb01fufsst0js1joqgr4R
deleted: 9/6/fd6lbuc7kq9e5430gqjovp2bcvvfbssR
deleted: d/0/28fce997gt76q4h0l08sd6s429d6rdgM
deleted: 9/0/94o1ua4me4u5dt1b54mvkbep4vmj5teR
deleted: a/d/93kh7vr3m319fhb13fns3ejvaevvk0qR
deleted: a/2/79nlj1egrsa5r3uod6e5j1v0q7oj5juR
deleted: 7/e/e788l3gomlag83an9g4or8v0pmh6hu4M
deleted: 2/d/cf5f8045ncp0b5q117b843t1nknqhv4R
deleted: 3/8/67g15g3oa50ukfpj0qh0dusbl662qmuR
deleted: f/b/889a8ur3ff4cjv6lebn5fjmp3b7hi6gR
deleted: 0/c/a1i6lr7d841ncfs3n7j2a7rheqq4hb6R
deleted: e/d/792bfe0b3e73p4toqse8fueu1aog1n0R
deleted: 7/6/3cnqgt2q8ksa88lpd6tna8fui16qp6kR
deleted: 2/5/19bgl9sodkrj3rhq3j5l4nn56pi2f34R
deleted: 3/f/ad6d4t1pud81ligbda2icc13l54u0icR
deleted: f/e/fa8jasfhjv49akcodu3rr8rdg0u9n8iR
deleted: 9/1/a89262pep6m24l3g1ueqi943km85rvaR
deleted: f/5/4f6d1h0hf49n9rqu8tr630t863e57pqR
deleted: 0/a/7el1sdfn22fq8qncllfe94hn2ht5566R
deleted: 4/3/77dffhm8bi7q406tjtkfip0mrb0eokoR
deleted: e/d/fflct75r1d48fie37ukg7kd479l8gimR
deleted: 7/d/f02bui9o1022capr915rtt75ak6pnbuR
deleted: 9/2/18ssg8hei463nb0efkebirv7aaqhsj0R
deleted: d/f/f0m04velemjlqgm1vldon2k0e4r4i0mM
deleted: f/4/5c797chu5nabfh27lrpnt5jgjrt9iksR
deleted: f/9/6enf701frp709io33jaff77poomk9rkR
deleted: 7/b/e4dqv8vftnq3vm8abjr15s6n5mu7132R
deleted: 8/0/4b41q6if18d6loeihgijg53d6ul590uR
deleted: d/d/e1lghlbhku8b7q27r0q4g7q0etb7ebsR
deleted: 1/0/6aas3s460q7d0s85834r2fhhgle337kR
deleted: 2/f/4a1q2oh1v5bv8advd10a76om4fccgccR
deleted: 7/5/96d75fqeagcj66csotns7rtmv074jdeR
deleted: 5/d/51v4rpamp59mn3p88papqudm87kqacuR
deleted: 4/a/438t01agicn49s5bipbgktht89g9388R
deleted: d/6/7en3h191v1sk6eluah20r064ier7cnuM
deleted: 5/5/77ko4em2tt7r7r67mprjsg18u61ukfgR
deleted: 2/a/22dgtgv4oo5446pl4ujpe1fq5rn5sb0R
deleted: 1/0/1euuecd67amnlmo0uuc9ull9m97456aR
deleted: e/0/fcptj2eg6p9df29a0b8pk6mhoa7u6ssM
deleted: f/1/15bgq3nujt41stveqd5880n5on9tt24R
deleted: 2/1/800nambc9fetli45lmnlbk0l6dsmb16R
deleted: 4/c/03k9qqd3qutkef37f0g0gtnehepmsdmR
deleted: 9/5/746jk4spophpq41sg6tcjgp114fofluR
deleted: 1/9/e1c3gk19cidf24k5j3d6cu140bgr2uuR
deleted: 2/9/88hkn6ejbcvf161inlf6k1bc34u5g26R
deleted: 8/c/6frdch8rdlg86un84ol2ad39m3uuqcmR
deleted: a/0/55ums8c9knte21dtraj40uri163hd4uR
deleted: 4/7/43opgr8ada0rjslrgvqvi5vg2lbralkR
deleted: d/a/b3ur3gs7onas8t8dk7jlh7da23ucj2mR
deleted: 7/1/589gq0pj30vd6ec13278vebkgbcijq2R
deleted: b/a/09ke47bpcaqn41q6ta5101i7sa3jmb6R
deleted: 1/4/5d5mg1emh5uqbls4t5619tpitqvt1roR
deleted: b/4/f51vc8uhi13ltlrt4ipbi08gmc2irioR
deleted: b/d/3c5gf3a67lb2pttfj4tcjkrff2mbglaM
deleted: e/1/e1u31ufgaor3vbea1a67418poc3ikimR
deleted: 6/b/620tm1p2qt75lvl3e56b5mvjqv9nr7mR
deleted: e/e/431g25oo8b9g9tofcl37is08su9sm2qM
deleted: 1/3/91f6l5n1tod1m8bktsn7cu2rb0g368iR
deleted: 3/e/a1kebibvk5mngmpi7ojcutdsfg7vc48R
deleted: 7/5/33dike4mkf1nkb3brt427dbkovc1h8iM
deleted: 5/7/dbiji41177gs9hscv0r1milb9fmpgjiR
deleted: e/8/32f3bf5r2ta0f8i80pn36efsb70r8r6M
deleted: 0/7/0frs1po0moioa4jd7bktfa475fl4m62R
deleted: 2/c/3c30hk2uusiu4tf7v5hugnh4cc0up8kR
deleted: 7/0/e4eritlbvhce4qs6o4eteub7vm0vlvmR
deleted: 4/2/97a2m4g0i094difpgjn37q6rh1aebk2R
deleted: b/a/dctbkd3n57njat8gjk0m3c028csb1buR
deleted: d/a/95rsfp375nuhhpprmvao79ufu6pajskR
deleted: b/f/e13ckn6lf3drna5jtl9qsb9klleaju4R
deleted: f/e/3793bdbq603s2felu76i6idnusna6eoR
deleted: a/9/2dcvdnbthicic6c064cs9otdgdrjn9qR
deleted: f/7/6069eke0k6sk8h6rt06mehqotpfe1u6R
deleted: d/5/f6do026l9reaagk9jh9q0ta239oj7i2R
deleted: d/7/82t8k5pmtaidr6b7t8najr448pknrkcR
deleted: 2/0/bdoldg7g8hjpmth1s9hk5g2nf4fgdceM
deleted: 3/5/377sipsrohdvk7u9if1ohrus314jqpgR
deleted: 2/7/14m0rm9t6fcjrpn2i1b1iphd217am9iR
deleted: d/3/407rqg951e8bqt4m14232s7vp78qc9cM
deleted: d/8/178gt05of31jiioin06bq8rojq4t7meR
deleted: f/9/7b05r38frrhmojild1i1jq61st699e8R
deleted: 2/a/952r9ndf02tlm80qvme4ull3m5oc91cR
deleted: 4/a/e2qc15mutgt4via7qpqnns4thv4b0eqR
deleted: f/f/71rnbdhle1ggl24a1qj2ntvrf7vo9uoR
deleted: 9/9/809k99oq7kl48cjpi49p6rhosiaq30qR
deleted: 4/5/7552t6ta4unff1sfsdq2c63f1r10l84M
deleted: e/6/62pouqvom7h3j0tttuequtro6i3vt4iR
deleted: 2/d/cbhpafthm56la2oc3jufao7skihqaveM
deleted: e/0/81bffrcopms8nbe8936f76cq2guam9mR
deleted: e/5/b43jbu9lj7bn8v97me16uodtca67mmcR
deleted: b/8/54rggo22ek10v7sn181lg7eb7kdj7f4R
deleted: b/8/77mr7psg4uup379ul9b2dtggadn6ccuR
deleted: 8/2/d20rv03vv9libnqn18ngsjj51129i3gR
deleted: 1/2/67c5ah81lpgm70mo02fsi89k103bobmR
deleted: 9/3/a26rkjjm7u7j4siaku8igsvkg66uu6cR
deleted: 5/a/b5og4786tg4ev32hdb6gttfcbmsgi6cR
deleted: 7/d/4difad0fhfplpbvh6k84nf1a2l174e6R
deleted: 2/8/ce3h9hadpc3f0j5to30scfjlmc5a8v0R
deleted: 3/6/f3fm3k3rqm7one66l6737er3qum2tamM
deleted: 5/6/ff3055hajstk6fusslv8gl94a7igtjkR
deleted: 1/b/ebuecpk8u4vbs7jepdrt184epkham4sR
deleted: b/9/5dij0qq8bhtfhfgldn8j504n0r9lq2oR
deleted: 2/f/07k4f51flud2frnec0fs1vo2o2jg13gR
deleted: c/e/faf1m8p7toqt7972robgkusql0tiseiR
deleted: c/1/1f5m9cotfr7hpt7hhaq6il4nles6ogaR
deleted: 3/c/f1mj1hb1rhfumsb463rnifp6g7753dmR
deleted: e/b/013gcv6i39ibgi1s1jp9doecpfn691cM
deleted: e/f/0f8e6ele10g8kihl9om1fqslnttt4meR
deleted: 2/f/664ielnqk21ue6f809ms2cr5c2p4pqeR
deleted: d/3/e0qb85cg911pau0fhqcctle3n1hrrpsR
deleted: 6/c/87g53fegieonlllqmdita8s79ersp6oR
deleted: 4/5/bfbb6r3hrlpt7j1ov3mrf1if208kr4gR
deleted: c/8/957g0i02gio7em14h60h81cdj7qmv5iR
deleted: f/e/b9da8ucfhd28i6brs9ibgvvpc300uc4R
deleted: 9/4/63b4t7brlttmq9eaekb9eiahilm5d8iR
deleted: 0/2/564k2bkgd7i1iucvi30sij3r26adj3iR
deleted: b/c/6do5impnuqjocaj895l560l27povvtaR
deleted: 8/5/1ai3dbh40l6d8hgbm770cfnla59i32eR
deleted: d/a/43n9j2sbrdfb1qiqr5jn60tvisv4vjmR
deleted: 2/e/03hm3ne043vl5rl6icqf454v9di6fbeR
deleted: 1/a/can22b95ceo0ol44tdrjt49vbvl9dniR
deleted: 5/b/52g3hi0tqvm5uakrq593pncdfq5keukM
deleted: 8/2/bamj6fvagusiogfvt7k9pc225c2tqdcR
deleted: d/c/dervlkhipsniu94lklhlc17r12kupkeM
deleted: 7/c/ddapbta03e2qnb0udqufga5rjs6pr80R
deleted: 7/1/2bbpe2ijhhov9jbtblsnlgheh3nond6M
deleted: 1/3/b5b88s7kg6qjl8chblop2kh9q4dv6scR
deleted: 2/6/5596k1rvfgq47hcggmjubq538jv5d7qR
deleted: 5/6/83jsi5kbce3t5qb4na9cr47gn77u9e0R
deleted: d/8/f5hifckc3qfat3v6l7qojgnbma9bo2gM
deleted: 5/6/79ucm3uo3tbmmsvqgatnaiq9hjd4vgsR
deleted: 9/9/b2o0opqk1m1er7ir80dd1a2us8iiecoR
deleted: 1/9/e3ni7lbf6gf3imrtq59p6pnkpf4u9nqR
deleted: 2/b/baedbe6n4pp36nvnjht1hce59vlqvo2R
deleted: d/0/9f7bevmddt7n5mp4hjep5m8uml7r89aM
deleted: e/c/400a0ku8v8moljqnejptemsfa9fmseoM
deleted: c/2/abk6mpkt421mc4gvcom7a7gn7bp2js4R
deleted: 0/a/40oqdenkmrh9h9e7pv2srnunj43prboR
deleted: d/1/5e8k7ml2tf93rldbhqq1ngpeovcvbfoM
deleted: 2/e/ff72qcif1r9mpga2ftbv005mve6hthgR
deleted: d/d/cajm6qkor0oefl5h3uarj5jnckdoomoR
deleted: e/1/78fi8vtnejks7j2g2miotnllrr0d1diR
deleted: 5/6/1a08g2sc1pqfs8kqbbjjbb19rue85ekR
deleted: 8/2/03ndd9v1nlupprlr0sif7cp3f3dq612R
deleted: 4/f/72qjr2apfh388cgaa8jdrgvj4ahmubmR
deleted: d/0/b3qjljika59qikm54ffo5r7um2sgde4R
deleted: b/4/5dh9p87lsbssvg73c0hd4kv1524hkuoR
deleted: d/1/08rtnodf8v9s0dmuek968l3mbat1jk4M
deleted: 9/2/1btdctc49l1oqiojpril32ajd3rj6tsR
deleted: c/f/b7o2prg4g4j50ag76i3s227q2jtpka8R
deleted: 7/f/0adt569ud6btc62k8pfh7chichbvnvsR
deleted: 1/9/2braebv57p8vo9hp0r6e5m89nuqfjokR
deleted: 3/9/e8r7v5t0divvmh920co9doma5hnptg8R
deleted: d/8/83ldlksb571daa44u66u5ei3ckpbr7qR
deleted: 9/0/f1v980v196pebpb3o79q5qsdcjp42e2R
deleted: 9/c/49p54n8lubr6poq2e39cvc1r9adun8qR
deleted: 1/4/88kcm1pslupfc799f0i4h5up4va0rr8R
deleted: 8/3/2eoo7a4rf1fujsghe1bjm2vbna6g77uR
deleted: d/6/10ufddhfjjui88ep8h9upuicbhr339kM
deleted: 6/1/665d7a42r88f92eso7gukmobqq1fnr0R
deleted: a/e/18qp30ae0dif4got8hqibideehimibiR
deleted: d/1/3dbo0ogk9a83kgdsb4en7rggpf6ip26M
deleted: 2/c/57aatjsrtos283ap39319g6otc97aemR
deleted: 2/7/6f5jqp7k22estlipdjnk67sjmht4vhmM
deleted: f/c/84mlq738rvqjg8p7475c7pbqbffq62mR
deleted: a/c/e3gqgegideulhod7gbdclasihs9psmmR
deleted: 4/e/0a52joaahc5r15ijkcgsqvtqvbtt8p8R
deleted: f/7/b2i143jdhivirpbr6a0rfhlpc27njmgR
deleted: a/e/cad5tlqrg227nboteoucnjhmdnh5692M
deleted: e/8/fa4cq8he39i1m5r0o4issr56f16udmuR
deleted: 3/5/1b4lh4mmsv8pgq5i1dspsb6sepfdmssR
deleted: 7/5/1fnkq71g56jfok870eccnjft8vitvpaR
deleted: 9/4/e5ed9ol2bd0nmib1193b8j6sg1f95d6R
deleted: a/3/d6iod2qkpslo3ta81hcsa8ss3r14ee6R
deleted: e/1/12uuv5meifcoe00655erunbmd9krstkR
deleted: 2/d/ddid2eu1aqsonr8mof9r4bt31qtk2vaR
deleted: 5/a/b85tfhh4q5frnhl36dprvbjpqn49s66R
deleted: 2/b/56g8i8hfskkrktkj9sjnr7bkqgpans8R
deleted: 0/c/14l3bfuoa7dqq6u1orkugmm1goenteqR
deleted: d/0/6659bvlg181lec9o3t3p3vvv4shjb7oR
deleted: d/8/cffp5irjuji14tcsa9gr0tj8g4pvreoM
deleted: 6/8/d2mfkjptggvbpogu1b847ppromsqqnsR
deleted: 3/6/c5170pu2flh1nglhi8650k0dge2k014R
deleted: 7/0/6discgsvhebsob4eg3hku7oprr1ukcaM
deleted: 4/0/81u7sa1iotdn3lljq1qhtosbkdvppaeR
deleted: 7/f/45cpju3j4fsdb5c74nlq0iuvmumoldkM
deleted: 9/5/53jbrdbdl6kbqc2r4te7hglam69a61qR
deleted: f/e/746ov4bji5ui1j11q9bpl80e6qq560mM
deleted: 1/3/d4ejpfond32ghnqk1dlmqitgceunbfcR
deleted: d/6/90l031fefic0rcfarvleli657seve9eM
deleted: 2/b/7aa073ij786oh9k5k120d35oq27hs26R
deleted: c/8/8dhju0n094lqm01u5crq53arfg8dp9gR
deleted: f/8/73226lp7orilsfd9nn8c8jlqo2609gcR
deleted: e/0/7emllc0e7atjq28mjv1pdfu1s2kl99oR
deleted: 4/d/b7fkc6klefr37ua3vj97sgq23m1e0r6R
deleted: 7/5/622uo2p0jdksrti5c8i2rmlmbsi2ru0M
deleted: 9/5/3a5dkulqt7poth0pai7v0duucktc68iR
deleted: a/7/2fusq12825e6cmu9p8luhfcvsjan898R
deleted: 3/e/2cqdcmk7fvvk700ngurbhbbd7vd3ti2R
deleted: b/d/b7ljv70gfvrg0t7g5l4qjde4rqo3fgoR
deleted: f/8/17b0qfbusq4svsa5jmrv7us65cgpbuaM
deleted: 8/1/7duu34bcelhp5rfscc9ief90gjd4q5kR
deleted: e/b/98gldfvfk5adum0jmecb0ujmfj5flvsR
deleted: 1/4/51dprqbrr2l2f63k2b9k78krlit6esaR
deleted: 6/6/d6f6pqv93hk5rrrprtkfot9htc2ncsuR
deleted: 1/1/d3i4sp45qar2f6boas7tfcjh69alvleR
deleted: a/5/7a63sb4m0b0bi107tscahuet6g5k1fqR
deleted: b/f/ffp79hefbfgvi8ao4rtk4vlrsgtc3ceR
deleted: 7/e/6e9ulal73ee6vvjrm2d1bvpltaivr7gR
deleted: 2/b/457ctpej17vidafv0k62uaucrbor5bsR
deleted: d/5/afebgi0f1lqlk1k7sp1tsp5mq7p1tloR
deleted: 6/7/4cu4hf33s7hmfhke7cidlle6k3i5oviR
deleted: e/0/31t17vbvfjemf74gsh0u7fm3ic4rdf0R
deleted: e/5/bbm6r9iv2rr456bn3eu1qnssdkcf6ouR
deleted: 1/2/3bktjgbfp0e2doob5a9396r5i1kc9pcR
deleted: d/6/d129lamgsqd82t3v21dl6q9tqjtb78mR
deleted: a/0/36sdg7pcrudjosuj3u6gv0ecm64dd0sM
deleted: 2/7/fb1eecult96d9snsvbjmtjv3hd2ovvqM
deleted: b/9/92rpolusn4efu9j554bl6j5a0b6l37uR
deleted: b/a/7cl5tkke4lq2pv8ffnbebn6k9mn1a4gR
deleted: d/b/341kbjpr3vqpstlo3saehiiu0mqbsn2R
deleted: 2/d/52tnnupvkr4pr9m4vrio9a32soe54b6R
deleted: 9/8/bala1fs44gahvnhgf1fs5id12fv2nvsR
deleted: e/4/ffq3tfm790aae6s3d0ail2s1ei6nur4R
deleted: d/b/0cjvdk5pp7cd209ur1nu2klfhkdurfeM
deleted: 0/6/ecr9sq5umcodne4kt5khs4lpt46sjvaR
deleted: e/0/edb72p4on035ol7h5scg6dpd8ttne7kR
deleted: d/0/05aac02a6s6e2hcsqquaan31fu1eraoR
deleted: 4/7/00f4d23vsd6gvib2chnk55jh47f45j0R
deleted: b/5/c63bdrugkisbbsce1ggijbfp85k78h2R
deleted: 2/3/27uh0oehp2agbu2lt94t9tdtn9t340sR
deleted: 0/1/4cjp456rdjh2vvqkq7jkv0bd426lg4uM
deleted: 2/7/aapcg115lagbo9kiicjdosprj9pfh7oR
deleted: e/b/f543mvg4kj7jj10u1i17i77urgbrmgiR
deleted: 9/5/dffaie3ctojo0hnsvs2l0oqvh5mrm9eR
deleted: 7/0/55pot04ffkppuv6cbik7o3epht0bqhoR
deleted: b/b/167rkp1jnmm2jq4ghtu2crt7n1f68osR
deleted: d/f/71v56bg2h6ihso4nk58qr47aoclqpmoR
deleted: f/d/19rediff2iqesfr5iokdp4c7h3m7rtoR
deleted: 2/f/32g0p1o04ls6kuvkc61cnsuk20agtrkR
deleted: 3/7/bcuse8bcsv353aphhidd953rhlqv2v2R
deleted: 7/f/67rg3japmk9pbj1k8kbrajtej0717m0M
deleted: 3/2/7397e6illvtdgi1b9lv9ld499786s76R
deleted: 5/9/fa0nfsibesq1ljlae9c08kpp94blbsuR
deleted: 5/a/77t3m1h7m2j9jqk5bajdovn15k9biomR
deleted: e/4/4477ik1lu78iie7306l8vkvhchld8huR
deleted: 1/7/41qfr4pacgao8ttq6oo7or72e7n4ftkR
deleted: 3/c/fftb30k9tgfjjkcs07b0kggce2ekuk0R
deleted: 9/3/c6mhbs4n32smtdhq9uc3pfqnnahvmr0R
deleted: d/d/b7lbtldhklm9kphls463sgfa57rm9fcM
deleted: 0/3/82s16ulq4pmdgdrbr07gn2eridi5dmqR
deleted: 2/b/5f644lgvrfgnsfrrjj4v30oaal917m8R
deleted: 4/0/b9u9vvve38024ir8se6g13dggdmt9ouR
deleted: 8/4/f1be9j3d553lmnedpmbfshi1u73n3ngR
deleted: 5/a/ce7vns557oqocj9ai6u1jjl35ad8vooR
deleted: d/1/f6lik2m8gjqp4ec6gidrksmkl7r92bgR
deleted: 6/b/a348p7foap2svnukn70ail1afab51c4R
deleted: 5/1/15njafjli72lj38s7jbaeuspomtivqeM
deleted: 1/4/574aejeeuouq6cktdi01favrapclkk4R
deleted: 5/4/2b2p1coeagq0h8oo5hptn31dkhj55e0R
deleted: 6/9/67geo2hvfdj2e3cf17on1ihkh27ve1oR
deleted: e/c/1dm2ebk0hdgp7j0eojbfad18dp0ucbkR
deleted: a/e/adrfr75dfeuclc8ln3p4rjl65uk4c54R
deleted: 7/4/cc3qf186n2c95tn66hc4jcl3oo1r5fuR
deleted: 2/5/351bala5ut3lltkqgsvlsvijogn54nmR
deleted: 3/c/6a55ikjr0innu3pbubuooucrgsrdc4gR
deleted: d/d/da17qti6l62jp3uhqictpno216fi0u0R
deleted: e/1/e9bbakbapbaa5fksv9hbrtlhe6uppuqR
deleted: a/8/d1qlob11v6a9kjjkmbl8klkdivg4ejmR
deleted: f/9/07c5q5fui8dnjl0ja55mg6dcfcb5enmM
deleted: 4/b/e94fjr4trfvqkl8ndvj93gjt4dtjv2uR
deleted: 7/6/1935bcbhipk4fk2bmfb4b86loc6cmn6R
ccache cache size is 166Mb.
Uploading cache ccache...