SHA for cache folders (/tmp/ccache_dir) is '7fd244b937444491b8c52e4a52c53f5a7d81c68450b994623f7095e611d6116a'
Cache ccache has changed!
List of changes for cache folders (/tmp/ccache_dir):
modified: b/stats
modified: e/stats
modified: 3/stats
modified: 4/stats
modified: 2/stats
modified: 8/stats
modified: c/stats
modified: d/stats
modified: f/stats
modified: 7/stats
modified: 9/stats
modified: 5/stats
modified: 6/stats
modified: a/stats
modified: 0/stats
modified: 1/stats
ccache cache size is 694 bytes.
Uploading cache ccache...