SHA for cache folders (/tmp/ccache_dir) is 'f5651683d62e21ae187d2f6b4e31a1870db48edb5e77fe6202e985a01e6002bb'
Cache ccache has changed!
List of changes for cache folders (/tmp/ccache_dir):
modified: 1/0/28d2vlfclsbfaudip0025reggqbr5bcM
modified: 2/c/stats
modified: b/7/18inpa1qkgt5isfrhjhi8pgtdd8lj8cM
modified: 3/e/stats
modified: 1/0/0846toghegbabpqvbjklgledlj0taseM
modified: 5/d/stats
modified: b/0/18ilo6bn6n9m87ve5cgqb95b2g5636mM
modified: 7/3/d70u6a55295glehn5g26hce56a3no4iM
modified: 2/f/stats
modified: 6/4/c6ndtv9iqik7a6o0vocnsvig5fdpvheM
modified: 7/8/81qmpkmv220l3o0m0mga4jk6qo40tu4M
modified: 4/2/stats
modified: 8/d/7e2spsce1k3uugfp6c284g1cv77fk32M
modified: b/4/stats
modified: a/e/fd7db3as5piu3ukqnk98m368lu9stcaM
modified: c/3/stats
created: 7/6/9fccdunf8a35im16d85k82ol1p5qcmcR
modified: 1/8/b58ug4vhiefe3ua64m4ooqvu04rnpr8M
modified: 8/c/01uro6pp2v76rriimugkq6nbhbf6qrmM
modified: a/b/da44t7u3151p5ime43hodh1nrba99goM
modified: f/2/d5mhjk36ibl7hft5dgmv94bedua41buM
modified: d/9/1828jth8sle3kg8krqtp98lnekfhsbeM
modified: 5/8/71bjh1n6drhqq7e1q70tu4lgnjs53u0M
modified: e/d/stats
modified: 7/d/790rnqgbf76agimdqhdkoss9pplt8giM
modified: 2/8/e2anvn6cvc4h1fr8u8n95fgjia377v8M
modified: a/3/69341sd34s2p9c9ms2belqoc8ltb99mM
modified: c/c/stats
modified: 2/stats
modified: 0/b/stats
modified: 3/2/4aqu1r2rc68hp28ptq6b993ma40orokM
modified: b/7/283ojao303tr2i2te25nnha905hb8moM
modified: c/2/35jb6f3sfcld26jtqt0p2a0nut5cqlsM
created: 8/5/12psgqdi5t38trbeuapqpbh8ieecsj8R
created: 7/c/4e2vd3e7lj1ek4rluh97rqh8jqpgnlqR
modified: 2/7/stats
modified: e/2/stats
modified: f/c/3b60hpl0kbhpovjsedj482jccjj7losM
modified: 8/5/08t3e9eavsrs28q56dbp718sm5onb9uM
modified: 3/f/stats
modified: b/a/stats
modified: 6/7/62jblv5unrc3u987tdmaco2p8b33couM
created: 9/9/0800gluqadjkjsqqh7d0uk6gclismn8R
modified: d/e/a9kt3maqqstre1js5bgmovs0ff5bi12M
modified: 8/0/edqjamlvnfla9rkj4n9hc9q7a5r3tdsM
modified: 9/3/89bjd065t8chudrr5gacqu6p24bm3caM
modified: 3/f/a5lg4c2232dme9j1e8arj02m05tc71iM
modified: 3/d/39779uoigdc1qu22b7d5bvevc9tb86gM
modified: a/3/stats
modified: f/3/stats
modified: f/f/stats
modified: 4/d/eb9bonqn0o3u5sh0n6rqmlc695oetmoM
modified: d/7/stats
modified: 1/6/27jtvljb1oouehhv4rakkpckakvbec8M
modified: 8/1/stats
modified: b/a/16si1k4684ls4a0notqcoj84j7d9avgM
modified: 4/2/a1se75niphk64rucs5q97kgos6bmqmqM
modified: 1/d/stats
modified: e/3/f52pe0v8f99evbfc37jev5otmqqu4f2M
modified: f/f/61lqqd497hkerpvn9kibc1qkk030sm2M
modified: 5/c/stats
modified: c/6/ec8tbtf5t2pab38koqerhm4qbprnarsM
modified: 1/9/stats
modified: e/e/stats
modified: d/d/d2ts186q22208e6bd28lhovkci8r8k4M
modified: 5/6/stats
modified: 2/1/e5verht77q7qpp0tc5rksvtkjlp1duoM
modified: 7/8/1c4ito9lnivi5q30hqgal8oknm3hnc6M
modified: e/f/604q6cllta8qe880pq17uth42bq6r4eM
modified: b/b/4fkna38mtumbgf8fk5lpmc3ccfo4ekuM
modified: 4/d/stats
modified: 6/9/stats
created: 5/0/06tq4p4v16i8chsncnio41rpcujcvj0R
modified: f/2/17oh3v66auijs9h0ra7its14k59pjnqR
modified: 7/7/7598pulh5fmf0itcv0o7j87t02nk4f6M
modified: f/d/18kt9ccsh8lujsops4ghpl6vmtsv2coM
modified: 1/e/stats
modified: 6/7/cfa120vn76eq35hrkpgrim1okm3itd4M
modified: 1/1/2c75rdoe0hd0h2p08d0fla1moga9m3qM
modified: f/c/stats
modified: 2/4/stats
modified: e/stats
modified: e/7/40uanr073ggcar17qb3uf855l7v27n4M
modified: 3/c/4a9he1i0v2hnet0kvq0orhnps28dla2M
modified: 5/4/72tthr8p35oqfsq4figcrfu6ioo38aqM
modified: 6/e/e82csnv734ut1mssben3s3fqqtq7demM
modified: f/1/f3f8qmug6iil1igl7co5ujm7oar5qg0R
modified: 5/7/98nkb9h06te4movsiiu3glh8locmmreM
modified: a/3/f8iopa8jqk73urt3i4kev6g6nq56056R
modified: c/e/7fsujk97f1bml54kfadagqki5faaljcM
created: f/f/238q7f5hc4dof30kr423sktmhgrjebuR
modified: 4/c/c11t6dptfijc96lang02t28711tu5lcM
modified: 3/b/25gesl09ce90a3n911s12surtb5cmjuM
modified: 6/b/5fmolvssnrdd745k2056c3kbe9k108uM
modified: b/a/d9sbtv7qt9bbkop0jbuf8tgg2oggccaM
modified: 3/4/stats
modified: 4/e/stats
modified: 5/b/stats
modified: 8/0/5fe97t9kf32j9g3vkgk43sfa7h5hr6oM
modified: 4/3/stats
modified: 5/8/stats
modified: b/4/dbj3luh50e18u88o2c1tsrhd209amdqM
modified: 2/2/stats
modified: 4/3/c8rq63b9gbb2pl70ec6vt23kgqe6go0M
modified: 9/8/b3nr367aj42a1ck71699bmkpjnjinokM
modified: a/2/stats
modified: 9/a/stats
modified: 7/b/07rc0jd7dcs3fis3ll8q9m1it1dkskuM
modified: 0/0/5crud27fdbldp3jaat14ept8tmifme6M
created: b/b/56qpvg4q6feauqc6r2atj7vtc8qiqteR
modified: 5/9/c4ijpujres89eok9ijr9rp7lli37el0M
modified: 4/e/d9qd5ogamilebla1delo6i0amhgqs6mM
modified: 5/3/9bjkuujfk76b3fqn9158g5287258626M
modified: f/7/2dr2262sq463erhip9ci345mrvjd640M
modified: 4/d/8ffe26q1voi2lf2cs2326bhlkbaofksM
modified: 9/b/6apfetksjubgbke8b8k3ck2e4f2pk6oM
modified: d/4/stats
modified: 4/7/stats
modified: b/a/12rnen983e3tsjcq92vsp1d8gt7sro2M
modified: 4/9/stats
modified: 6/0/stats
modified: 6/5/abjhl4e4qge4pekoq5640nvf32n2ahcM
modified: 3/c/6dnmst3v0e7k1pr7uj1jbtfj3sbcfq8M
modified: 1/3/9bomdnathpfjcb38d5ephfg1qam3oicM
modified: a/8/stats
modified: 2/3/04v93ghktkg2i8vok7apk43pca3p3i6M
modified: 2/5/458lj3ln09gqlv7e4rc9tl31fmv58e6M
modified: c/0/cfu4v3s1md9hqhjtf1vhofuk2ka79kuM
modified: 2/0/stats
modified: f/6/c234am3apathofgqrmvqk5pntmnt4maM
modified: 5/e/a701civk4jnjnggp2emor0tot5e03s0M
modified: 8/6/6arblc8rmndegd38fq0bvro517hp29kM
modified: d/a/0ejjfhp44al21akv6ild3cbt0i06jnuM
created: 7/4/0cd7gspmfiemkm2kb5ic088n51gd654R
modified: b/d/stats
modified: 7/2/6eluvf7u2uc1kgneuqeptlep2s973bsM
modified: f/3/6dgpke8qouqvua57kecb95edsrksm4cM
modified: 6/1/stats
modified: f/8/970qqul5uqri1r3p1qn1edk21hec2eqM
modified: a/9/c8ccakt7c0gi7qv7ohhpd8frnotln86M
created: c/2/c80nkdedigvm13surc5dlii0incqtm8R
created: 0/f/95nkigo1l3v79g0ph6j9cegj4q28e4cR
created: 5/b/c72jg9rpm98uesajj6i7r8396bqakgmR
modified: e/0/57c9b7ae3kclr18lndc16o68n2jil84M
modified: 8/8/00k6jgr5lqfo87bkk4jehl0uu7miutaM
created: 4/5/38fs89ilqut11u7tjck3c4750ps6f6kM
modified: 3/a/stats
modified: 9/b/c756kr83950smgorldtvpammkdk5aieM
modified: 3/0/stats
modified: 6/a/f9dtdnb51cbm361jfk94j7bg9gnil2iM
modified: 0/8/stats
modified: b/1/83ephg506coochs6h3v0aqs6f4mhhs0M
modified: 7/2/26maq6anhq374ff9ucj0m7p6kpo69buM
modified: 8/0/eeauvo5l7dkhsknqgnpt5uahq7fudsoM
modified: 8/9/89t2gd0c79kbs93fsnborg2kqgpgfe0M
modified: 1/3/584fe4qug6g99aohuo9u188rv9hobjeM
modified: d/d/stats
modified: 5/9/f0r7ofdrhlfbjeu8smgvvr3qapne4a6M
modified: 0/2/145kitoi81oa9m1o6s1dirpoch9u3e6M
modified: f/5/624lioa3nbn8njp2auuqa49icalhq3eM
modified: a/4/stats
modified: f/3/d5l2n56j5g31vhrljdbm1eboco298muM
modified: f/6/fd5k0ai7ef9ofqdi5tccut6s154g1r6R
modified: 5/6/e3fj4in7p1jovhgjva39pofbucg4lqsM
modified: 4/a/stats
modified: e/0/stats
modified: 2/1/stats
modified: 2/8/111lbkv57vksvgm8vd9sjgr59t3qg8mM
modified: 2/c/f4b7u9e61l1kn8jiodnk0ogj61n17qqM
modified: 3/f/87m32h261fkapn4vp1pq8kf1aeqp43iM
modified: 7/7/edmftopae8sd89grpqhbpi38one7rj2M
modified: 5/stats
modified: b/f/1b9natg0e3uj4sld2tsrt0vorft81a2M
modified: f/0/8eincp09117odh5k9l30nc40qb4lhbeM
modified: 1/6/stats
modified: 1/4/stats
modified: 2/3/stats
modified: 9/5/e9ph6u27ucv87bv06fmc30v00jpakpcM
modified: 9/e/stats
modified: 4/a/44f6nabn3p2cv22gncu07pfq4dd0pf4M
modified: f/0/c4lhmhburi2tupj954uvfhfeuse0nvkR
modified: c/c/73stm9tsv1fje7u1ia42fj93d890kqkM
modified: a/d/bb7c9h6g396lcovmteb5jgg6vb99gcaM
modified: d/c/09goe4tegb1jf277i4fs8lgm2r7d54mM
modified: c/f/stats
modified: f/2/72hj25mbqh62uo595ltf48ub53h3hf2M
modified: 7/1/stats
modified: 2/a/8ej7gu21f5fu456secq4ju9ogjuuri2M
modified: 6/b/stats
modified: 9/9/stats
modified: 9/f/b41pmlhf93t9lormrql7imvg9ma1ngiM
modified: a/1/8902g4a66g4qjgdeefebj1c0ph9agiaR
modified: 4/6/stats
modified: 3/f/b1to4rc6rql7u7sv0krn7d9f6fl2ggaM
modified: f/7/stats
modified: 6/d/3ej5b2tuvsre14hvqutss7pe1jup9tqM
modified: 2/4/a5s9hisop4c224eqbfp53a8gens1lqgM
modified: 8/6/2bvc4s9juinstbkb8qnfd4k9t9bl84iM
modified: 1/5/d8obatm4ndgsfj45e5n95stl03a6ffqM
modified: 7/8/57evsdli6uvqskgua8pmq2ufbmh5il6M
modified: f/5/fcog8nsirfikkvo0f9bp6ftoj6a49c2R
modified: 1/c/bcskomnb23ufcg7r0vmtr3ps6khvjl8M
modified: 0/b/19u8u5acrvvc2ccv2dh2j1acboikgnuM
modified: 7/b/stats
modified: 1/3/07q60ib1psu99v15u18463d6290p19qM
modified: a/2/0d8u6fu9b0jmdk6qe3d8kghacnnleeaM
modified: 1/2/82jfhuu2hk4mrslm13bja5hv4onunb6M
modified: 6/stats
modified: f/0/stats
modified: 6/d/stats
modified: 2/b/stats
modified: a/a/stats
modified: 1/6/6bk13037d5h59sivv0moih5ssn6b0r4M
modified: 9/c/82bn55cagjt3gptv6e5pij93j5a2r8sM
modified: c/7/08mbdbv5g7g2qgbsb5h6i6fu2o4ubmiM
modified: 2/1/ffh18nct1nv9bgdg6pmuglan6fceg7iM
modified: f/e/stats
modified: c/6/stats
modified: e/0/ccououej80c1vuorgk5rlgs0gf0hj16M
created: c/e/b6a8ikflnf88nis9dljsspm5iqfhf32R
modified: 4/e/88if8teracrvagfk32s33i4f82vsjheM
modified: f/6/stats
modified: 2/0/faut467b1no36iapjpmq2f547phn0c8M
modified: 0/b/afkdog6jhirb971690k5kjfdbohdj9iM
modified: a/4/711552scs9b3o23h7q6ki03aicr4hg8R
modified: 9/c/29ph5ece5ns9bn7u4t2c7et0eqfan9cM
modified: 6/0/89unu6ilbdhc4pp7ikgt5afd65d62ksM
modified: f/7/baumm1f7rmdo34109q6hksfhp6rk5g8R
modified: 5/8/25nvnfst1lajm7aj063gnc5qdjvuemoM
modified: 5/4/cd4134vkm0u1af2j8p8db01lc085qmmM
modified: 0/5/stats
modified: 0/e/44ds8q18jv3pivjt3k9o7asfigtbp0kM
modified: 2/b/6e47p2nvv3ej3l090ecn8r0853gdvmaM
created: d/f/551be66qnteufjjvr86m9qbbbim846kR
modified: 5/e/ee46tebmjofhcdfcn5ec6p0cp7kvm16M
created: b/c/adva0afpko099nv1i2mkhu7u0oa6fd4R
modified: a/7/73g78o8veb395glfi7d67gtn6d2de84M
modified: c/0/stats
modified: 7/9/f1vv2b7h8c4q3t8jc1u67guko13rn0sM
modified: 7/2/stats
modified: c/c/f8npg896kuf4kfsrm7n69765bt17gisM
modified: e/d/d36fflprfnrmiegcrhurb410p4ckriqM
modified: 0/7/52ajbdeptah8dnr9tfhla5aob5b15ioM
created: 4/8/e9ikuvmi8369ec05nu8rbuu7ta91ne6R
modified: 6/e/a2k39l6stkue6hut344biq3evr3k4bcM
created: d/c/db5es97g0v21int9habdfohe1p29o36R
modified: 3/2/a0rj9p09dv7kbjkrvggic722kl889ukM
modified: d/e/ffpaimltliujvmig5l27s9ldjpeum7uM
created: 1/e/40j92mt32h3rnhk2cq3jkri71kuqqdcR
modified: d/5/stats
modified: d/e/d2l9ua8abhu7vo3pda15shl3nt9m7iiM
modified: 3/d/d3pr3itqjv2mrlplmk7oc0f1737umdkM
modified: c/f/625or3qodk1i41gpg5q8scdk6rnkavcM
modified: 6/c/stats
modified: 7/3/stats
modified: 8/8/stats
modified: b/4/d6ulpfoke6n8u9vr0s2fi42lr0us2f6M
modified: d/b/stats
modified: 9/d/stats
modified: b/3/aedkjd6b7n262pn4va4scqlf8hfiookM
modified: f/8/stats
modified: 0/8/6a2f6qiicsrk8b7rtalolhn3tn4rrm4M
modified: f/7/bc6b29273b8tn63vb54vjrp9d7ugl6sM
modified: e/1/68n5lkaaue814gjhc91u89d16tb5gs0M
modified: 1/7/9fe2865bi50vku6337hlvhvt7qttre2M
modified: b/b/97kilcfpa6140ks2g3jomro7ajjgkh4M
modified: 5/d/3balkabn0rm7ge51as6fkbh8dvb323gM
modified: 1/4/aagi2ufr4juan268a347og9taghld56M
modified: c/3/03klesdtrg6nuasdfnbvsmt0rjsrkeaM
created: 0/8/47p7iv8nrh37h8g21bfk74u9n1cdvckR
modified: 4/c/833hi54ate636nud0jdrvufg7qpn2c6M
modified: d/8/b1n44r8akh96onhsdt8sk9cgqc6lka4M
modified: e/6/stats
modified: 6/3/fetlfr3c9q4hcp34mlt321ngcjdk772M
modified: 5/0/4f7ko8nk5qta0urb2flvl43n536jtm4M
created: 4/4/f4k67lr6nfd2m7s8o759cdfm4egnbqaR
modified: f/9/09m4po75vjsuevi8gos4j51310jerr0M
modified: 0/stats
modified: c/2/9125qrmkrg6b8lr9kct3krb2j6s4jlgM
modified: 0/9/23tlqjel3aj1a04t5afit085se3ioreM
modified: 6/a/stats
modified: b/2/b2l2saco6kfsuqoe8rh6s479oc2m6iiM
modified: f/5/ddgp9ltc1m696or687uh86t628t5ikeR
modified: 4/8/9cmaehp8spgm7b8nukuf9939cjfjmf0M
modified: 7/d/stats
modified: b/9/56jsljgm4tdgsmfj40j69l2rghi4e8eM
modified: 2/a/85t4aeeh2jfq00pl6hane9b2i520efmM
modified: d/e/4epl54p6ijg9tndvv1vnkph3bo5gfgqM
modified: 7/b/d1b1vo5u2fj5utvmaqnhqci6650hj08M
modified: 1/1/36mql7o7fcrla1bhtp8hvo9g59ag794M
modified: a/1/992efkb5bekbrevcdqrkkn5rg1qscn8R
modified: f/8/0en8k92gu4l7avct8kk1jl9c30k1594R
modified: 3/b/dco3bocqrlsfds02adnnc9grppi25bkM
modified: b/1/7e3sjnigdbfedieoumul2fnlfam3tsaM
modified: b/7/5ce0gncup0irmn2hmsilhkaq5tkdtj6M
modified: 2/e/stats
modified: f/f/bdcfqvqgj42kjt4hpgk6c1nsmp46j24M
created: 6/f/00d9ss83mqg69tgb12a1fpk8nuvv9vkR
modified: 8/c/f6p26fk4gpu7fqo0qp270jggb9rjcnoM
modified: 9/4/e4asat2879vcep3erqaob3g6scromocM
modified: 1/3/8er5k1pcjbggkmkkvjoomdui4vbji0sM
modified: 7/4/14jpjp13olbvallc3g4a4evp4i7ka6eM
modified: 1/a/fbtd3a4ti9v5vm6bbi5vrl1ibqgfqoiM
modified: 6/2/02p78itjs5hedp99suhgg4d0dhkd1ggM
created: 0/e/8d9q068oai6b2p9inrnho0a1qa2qm2aR
modified: 9/b/stats
modified: 4/c/879r515i80s18gefcv20k5kismnlhh0M
modified: 7/f/ee2as2dv27no4jtq8j8b3ohhu27ievqM
modified: 5/3/52l4t7549s68gu2n30379ch30mk9jqeM
modified: 1/3/stats
modified: d/d/11cl1s0b16go6j0q0010pm6bg67sjhoM
modified: 0/d/stats
modified: 1/6/58beu2pts5sa67dp6agf0mke0b9rc4eM
modified: d/6/993k08m981btmdktvkutl6befg2prnqM
modified: 5/9/stats
modified: 5/d/e82rel21bkgupnaf437cer6fuhbob80M
modified: d/e/stats
created: c/1/7b7s5arlknk1bl8e7v918330ggcl850R
modified: 8/c/stats
modified: d/1/0cj56lp7jmftk0beet0u4hmfq21hiosM
modified: 7/c/19bb4e8o10l8tgrn3dfbhjvpedpidooM
modified: 3/d/a4unpt7dc98jbmi2fan5ri8dhasvoj6M
modified: b/6/a8ce14crvvdlrf3n5tbd6otmjlu5kkqM
created: b/c/a431tc3dvffpg6k4c37lpn6f5pg481qR
modified: 3/f/8e2pkhs5oastu45oot89um211tqt8uuM
modified: 5/2/stats
created: d/0/64p4qpnem91c3qhvptm0oe388tbrilcR
modified: 3/2/71ho5956cadlh4gurcnuri1b5picepuM
modified: a/5/0csp8onvn3vftff0itf4bv19r5mcthaM
modified: a/f/stats
modified: 9/c/stats
modified: f/0/b46gve1rcahk1r40kgl8g0jm9u3r9mqR
modified: f/7/983a73sete0pvl5g6pe6o7p440qrouuM
modified: 9/3/19ktbrnqvseab2nbfkn7qe9361egm4iM
modified: b/1/stats
modified: f/4/stats
modified: e/0/52heauh722gu651ohedq08dtca9ebr6M
modified: 4/b/stats
modified: d/1/967r13fm4lltvjpokpjkcrpuedvr246M
modified: 2/5/85ingrrjpqev5to30622k98sugvv7n6M
modified: 0/5/d0ogva4ptqm791bdbm8fv7r9cp8rjv0M
modified: 5/8/5ed1plusrss5r8ikp1r4ql0qvagbgj6M
modified: f/7/bd7m749h1kfl6fguc11hsesj5q8ajkmR
modified: 3/a/9d5jm5muur9319gku898cd6g953h3c0M
modified: 6/e/stats
created: 3/b/cb74pbuluqfpmfjtpsq6hkbgn2qkhfcR
modified: e/b/89q7hgo3o78ieq366dhucvnntm4a9siM
modified: 6/4/9edga8i63m8b379vmrpj476dotqoppmM
modified: 6/f/e850vus1b4i5enrlormda8s9q8ae13qM
modified: 2/1/b1lc3s67g5tel6i76g6uhbh6sm0ipoaM
modified: 6/a/9c7lr3feg47fjedhu7r7sc6vi3c8u4sM
modified: 5/8/36b25mfiblm46pe6vavilhs46650nfiM
modified: 0/7/159ueb0094ll1hl8pk0nl5ms6827g5gM
modified: 3/2/26bu8iqbho8f4grcheterqeu6qoknlkM
modified: a/c/stats
modified: d/1/06ptdeplkaf5gkt767a0tngiadfifkiM
modified: 3/4/d5ujuhtbgafb2qfmb5dl21hv7bj7ajiM
created: 4/4/9a32hnmcfgiiugo9apgug8nh6h9jt7oR
modified: c/2/20ko7j4p5e4ttthrfqrjbh5gck5f6s0M
modified: 5/f/2950iqmjff0391c45ceqfmo54s6dahqM
modified: b/e/stats
modified: f/1/4ccidr7f0qu0dc0fuq66gj42u3f29t2R
modified: 8/7/stats
modified: e/5/stats
modified: 1/7/stats
modified: 1/b/stats
modified: 3/5/29hrjnljomaaqt4nuqh5n7lbolvrs3eM
modified: a/7/a7eqln87fg9bu5qjd8coostcslc8vtuM
created: 2/b/90bl91o9euadf127npjvgcas5a6qhbuR
modified: b/6/c5b6nc6kmh8bt77b7eqottl6leh682gM
modified: e/8/stats
modified: 3/2/7568hqf632kjghi3hp9hjbcoddiakhuM
modified: a/7/stats
modified: d/f/1ehmr6a95k3pd6ssdg00u1letln4algM
modified: 3/b/stats
modified: 7/c/9eg7cp3feejecqtfgm6ht3384hsl2gmM
modified: 6/5/a3d1pihhgsnofoboqd8167bnptqa5n6M
modified: 3/1/f8baepfarum9bnlucf6ddqm504vl7ugM
modified: d/6/5ceier5akrg1hj5pkv5ds9a2o1l2hsaM
created: a/a/edrbh6rp6e326gfvv86atrctqa0afr4R
modified: 5/0/3d51adptbm3lbqt8sdn5asn10g7eil6M
modified: f/4/5blugdcaqbbnoq8bo7mti2p41i76ibgM
modified: 8/stats
modified: e/a/0erpguduicjfkh7um99csftdjlcfq58M
modified: c/c/c5d8inhdh13npnp61plhta34uls7rumM
modified: 8/2/911m914lqkc27fl9fo1fsorsb1h49t4M
modified: 9/7/stats
modified: f/1/54dfdchugfse2imikoamg2cjl5fpce6R
modified: b/stats
modified: 0/9/stats
modified: c/8/stats
modified: 6/2/stats
modified: 9/c/86n6gbk1oteunk740803v5p8f5ml3bsM
modified: d/6/stats
modified: 7/c/stats
modified: e/4/stats
modified: 0/8/5776onrql6secr33eito8ha0iaecfg8M
created: 7/a/24euqfhqv3a403kr3q54prue4r7ltnmR
modified: b/6/stats
modified: 4/f/stats
modified: 2/c/7dqoap1hs7p11ir9qnrbb6pme06lurkM
modified: 9/f/07u8qktvi4a6j76a9rreru6ijkr29vaM
modified: e/0/a58i2m1ouds8k1q6a3c42bp82sv55v4M
modified: c/e/stats
created: 0/9/fdcd3cdilpf1l1ck1s7fck4ga27ph36R
created: c/7/5ac86ncs7vih9p9pba5d1j8busuauhmR
modified: 0/f/652l3lp1mg74piusa3trde6iqs0tc5oM
modified: c/7/e5jdosh5nn5v9qplu20svdrspiq1q24M
modified: 9/3/stats
modified: 5/4/4322uhsm1elf2ho6ac59jjgb1p6vb4sM
modified: 3/8/c7c2ankmquj5n9fi0d58s2996jajdomM
modified: 6/8/stats
modified: 8/2/stats
modified: a/5/861e10138libl9i0oud1o661nv3tvb8R
modified: 7/e/95dvqo269bo5uvut3oa6sngpr4j2b0aM
modified: b/f/8f8vq2eje4bj8q8dqhfs8dfqq4i1nf0M
modified: e/4/f3h83ncplnctrt55i167k76tvl8c5r4M
modified: f/8/9a9qla6gol5546dg4jkrbmq0502bodiM
modified: 3/d/0fr42s2vo3ad21k8gg06hh3ml76vt1gM
modified: 4/c/stats
modified: 5/7/a3g5b7sjdtcli2es2go5uhius48sn62M
modified: a/5/51dso0gq5c2iebd829tctk4kd967begM
modified: 2/a/21n1qn26snq7191dhcsmv0dbtd24sdsM
modified: 4/4/dbana4uhtu0thks8t473vd6mmr4kjmaM
modified: 4/5/e947i9eqanlslc4lf580dh7v44fflboM
modified: 6/8/563mv2du711u808gdkvhkrnhtqrj70uM
modified: 7/stats
modified: 8/4/stats
modified: e/6/05cpa9smqjg1802891o9s1f285jqd3eM
modified: 3/1/stats
modified: 5/8/33qcplkt1a8ecd95nl9ccm6n0nkujdiM
modified: c/a/stats
modified: c/d/stats
modified: 7/a/stats
modified: 2/2/52tsh77lemve66mva361p3eluo4keeiM
modified: 5/f/8a7sn74h6v0iq8lj9grsaemrdofggp6M
modified: d/8/stats
modified: 3/f/4dbivp2ikg4vp88k54ab5e63p0k12a2M
modified: 9/0/d2mfj2gntqlhhevutlm4krgur16d3rcM
modified: e/a/stats
modified: 1/8/e93bns3997vdvjqqqagcuaqp6m6tnscM
modified: 4/8/e243b6fc74sm5ui1fg3b50a1pneg4t8M
modified: 6/a/594p5jkbq639schu19ar15mluob58eaM
created: d/c/6ekgp8phheafce2u0tqua0j799utoeiR
modified: 2/9/ddtf6h6o6c1uctblaafdr4i29s0dv8uM
modified: d/0/550e48vpc61gji5iv1pgn145v0e8s6uM
modified: 1/a/stats
modified: 9/f/67fifpq47ahvnb78oiehtak3l7iu2d0M
modified: f/3/19kq38kh9cqbdci5ifm7rh6bieqvv18M
modified: 5/e/3f73rj3f812guhnsr7p4tjimuif1r5cM
modified: a/2/a6i49do2um88b69s7u32vjdhscqa72qM
modified: 1/stats
modified: 7/d/4dmvgcr8vt7np0tkpue4i03468hdca6M
created: 4/e/bakuddras1iutnt3o8pqsip1sfinjn2R
modified: 7/c/2a115cr94jvhdvp80lb3cqmp44g2ksgM
modified: 0/7/1256q1bpi5b1h5jao0p6sebh09t0husM
modified: a/4/a8d88es07nd42tlckup7np7vubpjsh8M
modified: 5/0/stats
modified: 1/0/stats
modified: 4/0/stats
created: 6/6/0e2f4ph8n70q532ses1vjn5tvj81f24R
modified: c/7/4fa5b6ng8sdtipjpbir6e3mqsc2vosuM
modified: f/e/570lluhj1t7ud4p22j9d81qddqhh6ecM
created: 5/4/a5v6pa2fpqicg39g5l4h8ki3uch2f4aR
modified: 5/9/c8udhovjm77l7fr7upton5haqiaqsb4M
created: 2/5/8249temb4kqik4qhsgtpho4hukrtbqqR
modified: 4/f/72cm4ijlio1jit2lg7ari257qouocemM
modified: a/5/45rthuhdg683ovilse111s24mt1gp5eM
modified: 3/1/8dbirjk9ht6k71ptuffc5se4rgrptucM
modified: f/stats
modified: f/6/e2qkg1qb2o9f9m3ts4v2ga2g7jiilb2M
modified: e/3/stats
modified: d/c/c7jktm9ns5dbr9rp82586l1eh7fr3jiM
modified: 1/f/f5pso4ttbat3tem1sfp0jj3lbbqntuuM
modified: 0/2/stats
modified: e/4/92kavd9dht8jd4adnp7uqvp6u4h3easM
modified: 0/1/stats
modified: d/6/4fadgkdp1g16lh2t3njp7kt2fvomtiaM
modified: 4/5/stats
created: e/a/d3sng56e5oo5fqblbh7f28lb06p2mqaR
modified: 5/f/2e2frv4m6tbhkn5588arjohskt280lmM
modified: 4/stats
created: 5/c/c37bqg5mnkaqkbq3ahm8h0ktbtp03fiR
modified: 2/f/81cjnndo2urihgppf622fds0fqrskp2M
created: 4/8/2clsvrmbuufl0f9jqijlotj5o7hvbmaR
modified: 3/b/8dgu2lt26k4h8mfr91nmchcpavrh4jgM
modified: c/1/stats
modified: d/stats
modified: a/6/cb62a26f6p4hu5sq5a8ejv5spe8e40mM
modified: 1/6/e97tm0k6ogj3pochdndf3dr00g1r6maM
modified: 5/0/a4l0lmf3jh67usc1had3calaq8o2dp8M
modified: 7/3/9ccl2k0vbhgtnhnrhs2i32f006ktmoaM
modified: 7/b/58rc4j54ddaej613met5cr75vvp6d3kM
modified: b/b/stats
modified: 1/7/33qb47dilfouhalnubvgk17jr58dnuaM
created: b/7/2eenh9nniuhs2hdiuncnr6agopi5vcuR
modified: 3/9/stats
modified: d/7/d8vdo8m51q9dh4mt76u4g0nmadv7o76M
modified: 5/f/edurnqb4vntlm855mn3cq8pqqkap67qM
created: 6/5/d7hroq454deuks4ceun7l03qqrdb9ioR
modified: 8/f/c76du8f7d19r7dbt9n30s7r7300s98gM
modified: 3/c/stats
modified: 4/6/ba6daaluora0m7rh37pvs5r8mi887diM
modified: 3/8/stats
modified: 8/a/60p1mdnf4nvtnc4m1vf9a7tumv8pp86M
modified: c/7/33ufseh2cslhdpqqhgau3s3nuqgq05sM
modified: 0/a/5b5f101gtk0mqo7rf2hjqij46719lgqM
modified: f/d/stats
modified: 6/4/stats
modified: 7/9/bel03i2nnbp37235ms9ktlqlrlu05aaM
modified: 7/c/217ht60kbc1659vh4n4odh6flsuepsaM
created: 8/6/0cljbvv36dgtcdf9dvupntvqj05drv6R
modified: 0/4/50gobpdeqfit7aq0kr7ecmmgtv986psM
modified: 2/d/stats
modified: 9/4/stats
modified: f/7/0dbck4hdmbobfhmeo2ucrl7apbavkggR
modified: a/7/6efiai6la2oo6n9i9mcsqbn29vgkeouM
created: 1/8/f3ansk2i5molb51938neqpkvpnfmgjgR
modified: 7/0/stats
modified: a/9/stats
modified: e/2/87b0rfd7ta6n5ob6d64dnhjlketa5nuM
modified: 9/2/0etplq1v15td0j9r8d8htmrqesk830oM
modified: a/8/08j504v9pf35joa3pqtk3ik6snoq86uM
modified: 6/4/37oiielurn8clqkicqhq9dmkar9l3i2M
modified: 4/8/aamimi3lb8hqm0al0qblrkffml2ftt6M
modified: 5/0/56frl52c7dugl918hb9c787p4emd2isM
modified: a/stats
modified: e/9/stats
modified: f/4/1d8omdt1cfhm0gpqp2e4vcjmbjcrf10R
modified: 9/1/stats
modified: 9/5/836774va2gntolr0rb3lf9a8rpfdfiuM
modified: 0/e/3cocjlka08usi8jth50crted1onk2fuM
modified: 7/8/572orb79qhbacrjcrtv2853b7h95l8iM
modified: a/b/stats
modified: c/a/971cqavsi9mjc3p99f8ami13r7lkjamM
modified: d/d/26gdibl2rf6uem62jlmt5q90696sgkqM
modified: 5/e/stats
modified: 0/4/stats
modified: e/1/stats
modified: f/3/71fivnm20n8k0mv9m26s5afo0i819ngR
modified: 5/9/a0985vus1nhh8vla7n70p1rvl9o9gm0M
modified: b/f/stats
modified: d/1/stats
modified: 0/3/stats
modified: 9/2/stats
modified: a/e/26gkcvmaq6jfcd69uipq6qcf76p13ceM
modified: 1/8/stats
modified: 0/3/66kc6pi1cn62c6feihu8utb3eejp2c4M
modified: f/1/stats
modified: f/6/f3qs0bispthdvlouqslk1en0fv71tniM
modified: e/7/9041muj5cdm1gri1hfbn5ho80puq21eM
modified: 0/5/48uuhh5uvhb9gcq15jj6p3p66epejd0M
modified: 7/a/1dde9cck89kuag498t9isp4qp55d7joM
modified: d/f/7141ev4dv6bru00uloc4reo308evsrmM
modified: d/c/00ro42dsb93u6amk9fi3k42d92ph7fkM
modified: e/1/82a16kj02ad4g2jbk21tmd6vi3bih8kM
created: 1/f/b4bu7ca8oaek78g6tk64ossu2seteceR
modified: d/5/d75ethfjs2bv0h6gmk1rifu7e2osf2mM
modified: e/e/749pqu4beq8ld7kihu48oqbn07ke8s8M
modified: 4/5/8flhl9uihgqde91nrhmb0v6vlhctu3kM
modified: a/d/21ft2rndjpgn6s4dj20bf61feb0n0k0M
modified: f/c/1f3ongp2s7cjqrbn8dr50lpdhu8u2pqM
modified: c/a/51b09ei92s5uutbfi952f6jjdlqt95cM
modified: d/4/b858ap6jn0dosbvq1j07vqamsh3elhsM
modified: 8/6/stats
modified: 3/9/f0ro4ne8h5jpdh23ajd74eiogn9jnf0M
modified: 7/6/b0bc00ekqvqv3igg14p4ne3vrmeojpaM
modified: 7/f/75c8nsasgfilpecapc8bn6grkr8kdmqM
modified: 8/a/27ievrm78s9gak8rq9hpvt41bq3rrvoM
modified: 3/3/stats
modified: 8/3/8341n42or0nvt0843csis7jrav0hgboM
modified: 3/stats
modified: b/7/stats
modified: f/6/4aked1nibsaa9q9u0rkkh3f33qug4heR
modified: 6/b/f09cnpfjgjaqe33pe4j1ctl46toconcM
modified: 9/0/2c7fp3r0kabcgob6u6scmjdrquafvl2M
modified: 0/5/107061je227kc5a3bj1pl0m1goid9j6M
modified: 1/2/stats
created: 6/5/14e02r413ud75hokecok2m7q0feevm6R
modified: f/0/9c8htsqkhlg3rrc4ss2shu5kqij9ftuR
modified: 2/8/54gfj4t06abmhdbnkjhfb03c9l55n60M
created: f/1/342n9t25poihnbns1pif494oh7qem9uR
modified: b/6/a45hhponmlage1gh0ddek6k94tvdfqkM
modified: b/c/stats
modified: c/0/53omj9tkne446ipake00uj4qvlksnpkM
modified: 3/e/a5rioi4fnein2k3bg67nq294astgg36M
modified: 3/4/bc4u39424e0pueo81tv04qhn9mlpg4kM
modified: 1/f/4b923kc9u4gg5j07aicp8ionrof443iM
created: 6/2/648lur5hmm56eu01ias0j5d3rbn8numR
modified: 8/f/stats
modified: a/0/stats
modified: b/6/947g8ktoc5lfvqcvkt191p7hofclc3aM
created: f/7/5ef02rlgmondtf4ijalqldj7mbp7sp0M
modified: 4/8/995mj743vf7rgdp5b48vjfv2etitc80M
modified: 5/a/stats
modified: 5/7/2aodspik85qld3e4gqem746e46soet6M
created: 9/0/bbklepj31ks7akp7dhtr225jo3oqr2oR
modified: 8/5/stats
modified: 8/2/a5ihos2dq4jjsdtj6gc9rkbvssvtmfmM
modified: d/d/d5itqcdmv979r1b03hu1p00ekrk7souM
modified: d/f/15qduhp2u93ppd6rsqdierasah5dspuM
modified: 0/c/edfbasv12r518043fmu7lgj39rrsb0gM
modified: e/c/f9tr1a34eduv7iau6lrjvbc8e4cc2fsM
modified: 2/8/stats
modified: f/7/67urjo67f2pppvtvtoki18ean19b4oeM
modified: c/1/55ue2gdqsgg71qi6cvtqclfpm1qr5h2M
modified: c/a/b12sht5iq4q7qmd390fn84l82117qokM
modified: 1/e/acrsj5t3ds1gjugn14g9uo9kt66npacM
modified: 0/a/stats
modified: 7/e/60d7o0k3ll49vomq93i5oek16ob34eqM
modified: b/0/stats
modified: 8/9/90ffbk7ls4um5s828ujvc1k2iuf65u4M
modified: e/7/stats
modified: 5/4/a9lik0nhm5mk71vkfk9buv8rd8r931cM
modified: 7/a/a35m85dhq2gahqp64c1a3f32l95j5aqM
modified: c/0/6fhvrh038p3si0m2krjv8apro07qbesM
modified: f/7/c0v9melgce1j27d332hkii955rr9ppoM
modified: 9/2/04ehamqcurb1l8u9hmnu27o5490ak36M
modified: 8/8/d993ohgpdalus9krtritgn75676u2vgM
modified: 1/f/stats
modified: 2/6/dbp0d8200e636pcilmgf734ktmfq3lgM
created: 3/3/6c6eq0dhid9b99837f8p7c5351ecaiaR
modified: 7/8/stats
modified: 9/2/95i739lr8hht2671vmfupv27gsdi8ngM
modified: 0/d/c2enukl29jhpko85mnvjt8s9700o5kgM
modified: 7/6/stats
modified: e/e/bfkkumrcejkpfheqg84llce7ls0rbusM
modified: 5/1/stats
modified: f/8/bbv0hroac5dbsj4lav7rrsbv5d0jjbkM
modified: 0/b/7basip5b93bvd09ibsm3g8me71d9sj4M
modified: 2/d/225ne4phk273ka1ash73o44ik0mr9i8M
modified: 0/4/f2prjosjiffj8lp49one18ii3n7km8iM
modified: 2/4/85bq4848eebljlh2mj9cv1o4mgs1ftiM
modified: 3/f/aeq9otkhkrmktt1nohrkj8rcsvlbskqM
modified: 0/c/stats
created: e/f/3fl743jdonucrt5rgm7ugocmcmph4t6R
modified: 1/d/0a9u3m0h71bq9uakako30e7veg58g78M
modified: 7/e/b8q86g8q0sap7d0crupat4127f8r1h2M
modified: 9/4/edmtibigf6r0mskmqvk7la6d8vqndn2M
modified: b/5/stats
modified: a/f/f63qmb5gvo22pte4p0tiaq4isec5sr6M
modified: c/stats
modified: 3/a/f1fnrmbvssc28bg5chma7ccqmjh1frsM
modified: 4/4/0capfp85dt7c45ffm9i43ab8c5jkbsqM
modified: d/8/83fha6qg5h0m6l4ao5d34n27nnriot8M
modified: e/5/0852cupio939clvrouqmckn3ubnnhegM
modified: a/d/stats
modified: b/8/00hlblhb4p0ue533d9jpmot1bsd9nuaM
modified: 0/e/10r44rnnu1uco6qvccrahsttaoafqfsM
modified: 7/1/6bakrlnqimhom1bmoc70bht7bcoj2g0M
modified: b/3/stats
modified: 8/3/5d5nddd2mn2kmtmpd78ot3bhfv2us3iM
modified: 2/9/stats
created: a/5/45gbcqp6ibll0cc9ilse0jd8trhgd9eR
modified: 2/a/95qijngrk18l1ca3l0kq80t2ev36rsaM
modified: b/f/3et8g19bokma5istme7k1u1evnvdrkcM
modified: 2/e/09tu746musnudp4v1qd4559meuq1cokM
modified: d/2/stats
modified: 1/1/stats
modified: 8/0/stats
created: b/5/36j1137oclbg0ko45dsr3bt78373s1gR
modified: 1/4/34us3j8hhfd239fnb311ipq4hnar0ocM
modified: e/c/cdthcq710si675rpssd2kht9no3j9iiM
modified: 8/a/stats
modified: a/8/29lt16o9bro03gvobbbe3522rskp9koM
modified: e/2/05idghsi4ellcbm9bih6nb6qgdflh86M
modified: e/8/2a1eiunq5mp8t2c8h8s547ip2o50q0aM
modified: 1/1/1668drkhsqnhiek5srf0eihrijnlnn4M
modified: 6/5/stats
modified: 2/3/1ep80273s66nvhjjng9cbbo0csfokjiM
modified: e/f/927j4njclp0ilh30srulkair7japhjqM
modified: 1/a/1e7gp2q9v3nl9oacp4o588qlo675l6aM
modified: 4/2/bc26nqpl6ltegb85ij5dg4bbnksn0maM
modified: c/7/stats
modified: e/c/stats
created: 0/3/56d3qoqk4k0k8piprr0oi8ergtrkjliR
modified: 8/9/stats
modified: a/3/7f8uqi36i7bn1tbqkvbg6grikjskmmsM
modified: 9/8/stats
modified: f/a/stats
modified: 3/3/8d8la46hmj38hv50vvjead1n8prg6rkM
modified: 7/0/4bcbrtlhjd8oifps29b8bdme3pr0lvqM
modified: 2/3/025185r7v1gfkr24ndauf1199d81hv0M
modified: c/6/97nj35gosh2h2q18hg94vq7pn143btmM
modified: c/b/6alcqtj93t85fgqkf6umuftug2g4vm8M
modified: 7/f/stats
modified: c/d/d35ql7k7epeor69i57fd3khslk93okqM
created: a/5/40hej7kmimqbl6m5ojln6djf7909q98R
modified: 3/1/369hmf0unk61eos1hhq9ho2jc3pkhbaM
modified: 4/a/b6hiaqcjv1c882abq4png3a0eccbrjiM
modified: 6/9/c9mun6p8cnlml58vmbpvdgs1f903mncM
modified: 7/4/f05mvmgek9r4e8rqc152j9f5aepaickM
created: 6/2/9avhrqa21sefob456t6d4o76ebifjegM
modified: f/5/a2jmlmivvlhgjsiti72kn1ep4jl2t4eR
modified: 5/5/e6ip28ab4sbbbrv46jnvusd4v2t65muM
modified: 6/3/stats
modified: 7/1/d6rmdn34h9pk9pp3prped011nfi0it2M
modified: 8/1/81gd92188f386v3j33cki80kdr37kk0M
modified: f/b/e672qk8jamnjgbb2dcb0fl5gq9o31liM
modified: 9/0/stats
modified: d/b/08eff2h9b83fmsv022po7s393leqvi6M
modified: f/1/b9v6g9hlhmq782t7fdi2kn9oi6u0ra8R
modified: 3/0/fbki9hdpb5jraaau4a7ld2sb6iefcpaM
created: a/c/6dnhqjmf6ohk0lne61jg09r73flsbiaR
modified: e/8/2f0q7t5aamb2dsrhlbnq35ai8poqp7mM
modified: d/3/stats
modified: 7/d/a5baivdkn7b0mf57884su3j0bu0haieM
created: 7/9/3frgb6vsttvsdv0i38v13adjk4lkpo8R
modified: 9/stats
modified: f/3/0086gi1j4fipdibfku4mjoikfa520u4R
modified: 4/8/stats
modified: 6/5/f9v6j58co8r70drbag4f7gih1m8erm0M
modified: 7/5/83d4uip02u98uq7llk6r7h8i9uoejskM
modified: f/e/6dlo5lta5epvvqfn61i1hjeup63sed2M
modified: e/b/stats
created: 2/d/77gkkh8da8e05aq1tn074dm7l4qpa28R
modified: b/8/fcq8cr2v736urdg2vpjfpe5v9igf7fkM
modified: 9/a/8bqn7f181a22p11sejf441vg0s6hnmmM
modified: 8/e/71vhmlbqhp08taliptssme9vtj0rmioM
modified: 0/4/c6m837flm9ui2ten2mcdhortti02qjaM
created: 1/c/b0bu1a7om30lqk2uog9n8v51s7hgf9gR
modified: 1/1/4e138elfavvanqdibas9e9ue3kqqlfmM
modified: 7/4/stats
modified: c/b/stats
modified: 1/3/edcn3refiacn2githn25ninoqljrieaM
modified: 8/5/dev23rsolrr974na1ufo4ttbv8943imM
modified: 7/d/01fmhjaj6nb4unq9gj553nh8pl5g7iuM
modified: 6/f/stats
modified: 3/4/2efmcl3qlpc2huaq16udn7kb4g2523oM
modified: 0/0/stats
modified: 7/0/41kd2cgmvp9q4rbjd1ka1g9mt4ifjeuM
created: f/b/08454ed9qd94fotii70rfe8opons14gR
modified: e/3/3boia8i9vjmptq157c3u49am69nllokM
modified: f/a/56ro61g2h1eu1f667q1n8mi8rchlrrsM
modified: 1/7/2ds3onv6boc6nik6od5a6cdlqh65p1iM
modified: 4/7/5bh39drerhdlk26jdaip1mh0ejmeee0M
modified: c/1/e8bud6thlle1smsp9j3p8bk5ine6dlsM
modified: d/f/stats
modified: 0/9/45ofqsff084ent60512pd31dvse4keeM
modified: f/3/c6bch80s465opf3r9fqbpaj02fqeu8uM
created: 2/d/81hd0vfbhji4sotq30vnju06q3ev7a2R
modified: 1/d/1efs5orci0ne7vb2qre7nqi3p6egsp4M
modified: 7/e/f37s6i7qol228jn20iva20582a7vc0qM
modified: a/f/1euec5ivcukb1776s37bibf5aqar1fcM
modified: 1/b/c6frvd9onm1vmmt9s1id2ngl8uk0540M
modified: 8/b/stats
modified: f/2/stats
modified: 3/7/stats
modified: 6/6/0ai12aivrorm574ff5oru60o5d2hhpqM
created: c/2/144usk3nf52kcegnd61nd2224v168u6R
modified: 5/3/3dstcg9q5471moui1np003t05mbmrlkM
modified: 5/c/f0ql2cg2134f00a382g3kdppcch1sniM
modified: 1/1/ffj7e968tbfasopv4j7d2jl46qge2c4M
modified: 3/c/374rvmotah9i2hsvvqrjr9v3bnit8qiM
modified: 3/2/stats
created: b/2/168oret22mbvrduc31dejb4oiml1bpcR
modified: c/4/stats
modified: 0/f/stats
modified: 7/0/f03t2njm574ajuq3at7m82k8rmtbitkM
modified: a/e/daee8lf1h9b2q7cjv7l3ug2sc59nevgM
modified: b/9/stats
modified: 9/3/fc214fmv94qp5vkg3vaiofqqb5mno02M
modified: e/c/e6la0fnc359pcjgtvkhdmsmqoui2seuM
modified: f/0/a0jdtr1u85ptfm4slikvpb973dksfguM
modified: a/3/90vv98mnu5vhdvi842n4437snii70n4R
modified: c/5/e4uoccprv5s5imsbg9gd1571alucpnqM
modified: b/4/b823o85nncl9ge0gv0eof4a8n7idgaoM
modified: 4/3/38gmj8i9jn3er7qvruj9dsr5blm83b0M
modified: d/e/2b3g3v338mo83alah3vkqlebr9djmq6M
modified: f/6/02j3r4v7nd5otqlefpjindtbifhcrquR
created: 3/d/9bdqug0dtps1j7u3rq9gidgq4vdobjoR
modified: e/5/e0ld1snh0uk4k92k15ddkfnddqq87ucM
modified: e/7/a9fmm4sv3obtiglt2ku2bjga9sqnmdoM
modified: 2/f/c02j8bhuf37g43l9k424tnktvvi8ageM
modified: 7/e/stats
created: a/d/52m1g9q370qmmtj5sr83r0ait1ti1uuR
modified: d/b/5eg3g5nm0lnuh288g4rjvh6m5m828haM
modified: 0/f/edshuabrt0g6dffv7et80cpbfhvjkj4M
modified: 0/e/stats
modified: 7/4/24u7q5s63i8ru3tjva62tja94mou6agM
modified: 4/4/stats
modified: 7/7/stats
modified: 1/9/03ash566hof4krgmfn24qgnjgghnrh8M
modified: 5/4/stats
modified: 9/6/stats
modified: 8/8/d49cqicas7cirv868l7hu3kkf7k5rkeM
modified: a/3/24a6e16biui3fitritsljqimm42b18sR
modified: d/9/bevtfck3lcd88hnam7oakavtdo3k4dcM
modified: 4/9/ce7ksh6tatd1um42ooaimbkc0opbm9qM
modified: 3/6/stats
created: 5/5/0bkhnu4i4bbstplhe5r8bc6k5npejn6R
modified: 4/f/80626o31jfep85qv6gdg7juvg5mc0qgM
created: 2/d/ce1qfootigojqljnt9ve7qpr5tml180R
created: 6/2/a3nqstove8e9d37nee6na7855uu98r0R
modified: d/d/93m1hrivafrbkr2cjcfkmbh30g5icmqM
created: 7/2/b8urr1mdee2qibljhj588p9uq98ocrkM
modified: 9/5/stats
modified: d/0/stats
modified: e/f/4dhq919snsnj555sm1ugbojn55991b0M
modified: 3/0/c6se9d8m2hfg8geou67u87c04btim30M
modified: b/3/a7vpqn0mieq8olmt17vet237vq4ek92M
modified: 2/6/stats
modified: 9/b/978ntmopvsc38de0eund2af58006h8sM
modified: f/5/13798v6ar4cem7a7q23cd9p158imk5gM
modified: 4/c/66ve3bv86k7iui2baflp1vifalnjd12M
created: a/c/28fgoi2rmjre9od794q07aud5v1rcccR
modified: 2/8/8frnpts0ivkfjttsvtm0aa74nqgcdi0M
modified: 3/d/stats
modified: a/1/stats
modified: 3/5/1frphs4nkuhe89q97q0c4pn4beijaugM
modified: 7/d/92iu4gecunob8q8svsku930largeul6M
modified: 1/6/96l82o1kgahmi3i0aoa2gjpmqkds3rqM
modified: 1/c/stats
modified: f/8/ddqh5k5n4ccq8v5nr874me7ui57jricR
created: c/5/1bn7ub39cqa8ivp6if9or3b6u8rvo6qR
modified: 2/9/dde7th6tvbop3ob33jl14h6ktpqq378M
modified: 2/0/2c4fiukmv5og3p9fkuua2rlhb3q98noM
modified: b/2/451d8t7qejjuc7lon561fg62s67bk08M
modified: 2/c/73fp25j8pdphn63qqvtsdcdak8n324oM
modified: a/c/4fo49vm6u7g1coqt2pq24g07kkjkc9uM
modified: f/1/fc3de11qtv92f6mltlqgemd4mp559ncM
modified: c/8/51tp7re5albfvmg7a5ge3ihlkn8dl4uM
modified: 3/3/62saho5hvroku5chqh81j81l8jcmkl0M
modified: 4/f/45188q5ui5tr9in6fg6hiok461d98fmM
modified: a/0/ff0po7thno3i72phhuogq5roh36iioeM
created: 3/a/80q6u0bddn8lkn0laqnqfuomag9momaR
modified: a/5/stats
modified: d/8/44m3f4lac0p7ihnan1aojmn6i09942aM
modified: d/a/stats
modified: 5/5/stats
modified: 1/8/a1v34nc00q3cltc48q9rbeaul8apv42M
modified: c/9/stats
modified: 4/b/146t2264rfahdtcl0cl62jq941m9384M
modified: 9/f/stats
modified: 4/1/stats
modified: b/0/933nhlmnbanmq88k6fmbsae65u2kiboM
modified: 1/e/f0hqt9c7busv7te70je7pe0h17jm8kaM
modified: 1/c/919h3sog7c14saci50mub0b6a21aoimM
modified: 6/0/b44blm5aaufb39tttoedl4d7polo51cM
modified: 8/f/cc8prltaa1dlro4efs829v0n6q95kksM
modified: a/0/dddd0k9jkrqvdlpu9u3ntbh4fuku1gmM
modified: 4/1/51u336sd75sg96dhk613ldd46p2m488M
modified: e/6/6ag97d2cur1p6lfp3nf3u6lfrf2vdfmM
created: e/9/ebvprcmruv1rdfboqjpkocn5oplhe4oM
created: 2/8/f4499hv4in1tsakd83iu8irkfhfpaieR
modified: 5/f/stats
modified: 7/4/cd0ig66lnhs5cg1q7hmhvgrhbrg42h4M
modified: 8/3/stats
modified: a/4/e3dp3309964hj29g9sb287ogtfufo66R
modified: d/9/stats
modified: 9/5/6ees53msp07cecgo11b2mgh1i4vgs0eM
created: a/b/60t2grjtl3u962narlaao5krskrvb0iR
modified: f/b/stats
modified: 0/6/stats
modified: 6/b/8b8pn3nefc97asegu1sr98pohb9rj2qM
modified: 9/1/b77dnkbqopcmksoq7kav0u1hl6v9otqM
modified: 7/a/8ehufkdmtt04l8thhindiqrm3a48q0eM
modified: 8/d/b3vn67p0rl078qmj8ea27jc96sa0ergM
modified: b/5/25c0mfktckog44e7cjmp1st6mv45nvgM
modified: 7/5/stats
modified: e/e/5buvk6u8ju3a7aum4952f8ei8fam1k2M
modified: 4/5/55on8j08s9bjetiogdq1jstfucctf8mM
modified: 0/7/stats
modified: e/7/e3e5cbh5jhankijhmflkcst9q0e301eM
created: e/9/18db1j068049cjslvfn62fgi8ul2p5cR
modified: f/6/849dpbcrfa73jg96sbgbgmvc6higtqoM
modified: 6/1/a5pjnb8bnp2s6koetufjtl446pr0q6uM
modified: f/5/stats
modified: 5/5/a75o2d2b8t4qb5vfssto6u9rn55gsvqM
modified: 2/5/stats
modified: 5/c/e654h6jqs8b8hqs2fhtngcs2t7q9o46M
modified: 6/2/6f8t0662s4vb9uqetpfgo6hge4bqhg0M
modified: 7/2/49sa197i7srrgfu04musgds8mu0t4k6M
modified: d/6/585a2b3rhocuvp0djjar24ehmoqqenuM
modified: 6/3/64ckbmt08e6eu6ml4rcd09f3g3tkq9aM
modified: a/6/25jct88huj4tjm7233puur16maoa9p2M
modified: b/2/stats
modified: 7/9/stats
modified: 8/e/stats
modified: 4/4/23cnunj4au2mi1phod1pl71hn2i3ataM
modified: 3/4/f8tpfj251dm7h3datk7hr63b2s02b74M
modified: f/2/117fin9b04qsdcloi2a5oikucf6ml18R
modified: 2/b/cepn0pkgeoarp7ik345t0l5k6uftp5qM
modified: 9/f/e23eacdrp9ljpnofk5ai806k859oc76M
modified: 1/8/3042935u9dlinsajgp6ub5iebn1hmfoM
modified: 3/7/2bfg701sl4nv6r8u0q0fdiu7j31pq8uM
modified: 8/3/71fv35kog94gimadf2omaujv7ci245oM
modified: 3/1/6ctbld0l4kk6stdm44a446j02rur7c4M
modified: 4/d/e3mttv0pagp3e4cqso1ja62sl4gh3s6M
modified: 6/0/086930atad18g66gpge2a1otbgf68scM
modified: 0/f/04jpggo066g8144tn1oqki2jrf3lu8kM
modified: 2/a/stats
modified: 7/9/a51mdfkksebimhn7i29tq8a7d03rpiiM
modified: 8/d/stats
modified: d/f/04egdnk97m1lfspac9fvdhnicdbjrsiM
modified: 5/9/54opuj32c0v76gc6iuh4q3mthtg1tr6M
modified: 4/b/31010d8sovdmdqrptso2mu6pfd8ddmuM
modified: 8/2/b2m377hu00d5c1jgnd0fjv11cnrvo6uM
modified: a/e/stats
modified: c/5/stats
modified: 5/2/e3qnm5sq4b35325mo9ukbolv64csppkM
modified: 6/6/stats
modified: 5/3/stats
modified: 9/c/d0bjhoo8e06mljg2bbl2csrbro0rec0M
created: a/1/37tfg11t37k9ngni1c6pns9ife1vth6R
modified: 4/e/78sp1iailricsufpchsdhhga2ft391qM
modified: 7/8/9c9gl2s8j09rmfs7rr3a00mbqavqslaM
modified: 8/3/25dhqt1l6qi90v20ki4fgm652os5292M
modified: 8/7/1ffdp3ndi397aqq9tk8auh8a9n6a8geM
modified: 5/7/stats
modified: c/2/stats
modified: f/9/stats
modified: 4/f/c121228lk26jn9ipclcc3939eftnvt8M
modified: 7/3/d786m0t39mpdo31f0gprjlrb7il85d8M
modified: 8/f/b7slp7v3gdbn5geen74iq21acjeht8mM
modified: 0/1/494fqd1d5hdg0120ivf77pqe5ljvcbaM
created: f/3/7eh0nbp1dd9nib9ofueiec25ehno4ngR
modified: f/1/599fj79hq3kjlgq4oeci0t4v6a9t7h0R
modified: d/c/stats
modified: c/2/28liu8t86r2meplgqfpdi7c0lvrd91qM
modified: 1/5/stats
created: 7/1/33590r45rmq5nlj8l9nmr3udl8347soR
modified: 0/d/49fjjupg913gtbpjrp1af560tv5lmgeM
modified: e/f/stats
modified: c/3/07ui2am9h1cfrti2fhknbstrqmtdiqeM
modified: e/3/c6k6cvi6fm9ori65cvj28ef3rv7vljmM
modified: 6/a/62nt08hc5m3p6ftfr86jfll0mulikiaM
created: 7/d/b9suust9ifrt6k2vij4adb72u8ap9teR
modified: 9/c/95pn4o5tdcs8ceeu8thu2pmm5jbk6c2M
modified: d/4/247cts0klhobqc1msioutkcl2o0d14mM
created: 0/a/0632175iovt42ann0sqdiknmpt7v89cR
modified: b/8/17nelrpab4duo9lmo1puo26gd1580h6M
modified: 6/7/stats
modified: 3/2/8fo69urnao9nuu9r0f0s8gvh648120aM
modified: 5/5/datakkkurg7f2n8jf3htjgj0526274qM
created: 2/f/acf0fdfj02n3tg1mu4nfm08sdntgk1uR
created: 6/8/214c6g2s9nhsiu4ijckpqrqnul6s5dqR
modified: 0/1/5dadrssarccldme6s55vl3i6j8embegM
modified: 9/3/d0a3na40belajjse3h6os2eedf4p01oM
modified: a/d/ec89rjodi92mq3nl9dr158jievs2olaM
modified: 3/5/stats
created: a/1/depiljbq40j26t8l7l203gkt3rfqraoR
modified: 1/8/1f3ftc7p2libtjnui86dsvk32o5ukjoM
modified: a/6/stats
modified: a/c/077snitmtivs1knfnotuneadqf8klg6M
modified: 4/6/eff2e4t1osc1jf129eskbi7a20elojsM
modified: 2/d/66n8j5tbpepus0mv7i0fp114kcgmkgoM
modified: d/b/84pcgqm2n1mu5p500mekbu5r9ub9j9oM
created: f/4/e68dbobk2kp97l3lv3mmlr0g6pfmtriR
modified: 7/0/8edf0svcln23su9ag9i42gjjtehavbkM
modified: 8/1/627nl5lctgtnq0jlr60st8as1a0jfj8M
modified: b/8/stats
modified: e/b/48tcmufft0aittg3ssqndk4p99hkfs6M
deleted: a/4/67aeprrt37h9jv9cmvphmt21la39dqgR
deleted: a/1/c6qp5f9odccmq1ejknt3m2jpbgg6v8iR
deleted: f/3/b1f8tgo5823uehp6ep1s6nkibqbs35uR
deleted: f/4/1e8a81ejelicdafeirs56avfum5rrm0R
deleted: f/1/ecm7jjvfrsjb5g5cakffrneiq3c0mkiR
deleted: a/7/53nscpchogm27f4gbn2c1sl6tt8lmoaR
deleted: a/6/71sfscidcab92sk5gk1tootcpj7ofgiR
deleted: f/2/3e28ej2429hp3dkd3ucs5n25lhp82ksR
deleted: f/1/96ai2mpjgfopm5smt7d0bo58nsor77aR
deleted: a/5/bbvdlu3n6gh3n4m0tt1v2heiqcho75oR
deleted: a/6/54dhd9756jrickvo95sbietc4unhrb0R
deleted: f/1/05ckqilhgnptsiui02jr74gu5433pjgR
deleted: a/4/c137evultt59927alphjpqpdc6euf70R
deleted: f/4/c012hvnv1o3fkai91fmdlml6s2dmidgR
deleted: a/3/e5s13cv4s5u019qnafi1mm7m6qrkdugR
deleted: a/2/18s3v3q9lrrvbblp8bcnmach4gj76pkR
deleted: a/3/ce360hnkrfd4499ek52equ5bnnp551mR
deleted: f/6/c75mvfn46lftorsaqajd7065l42si0mR
deleted: a/0/a6kqq8b33r7asm58vjr6ehag0fa74r0R
deleted: f/7/aa47r165dba74auv3crejop1bp5cduaR
deleted: f/6/77kd7g1ncp6tshpabda4ol97gq3c7tcR
deleted: a/6/fer8go5jeh08hsb3b0800ofbieclml0R
deleted: a/3/advl8ffa0fhcgkgc3ucd2c6ae06b0qqR
deleted: a/5/6d7dmgr7hr8b1qlauil11mef2gpc21oR
deleted: f/0/33rr42h56l3lg2e2n64lnjoa3pmcbcaR
deleted: a/5/9ckjolu4u1stqfo4b5kbqf4qd1gts7sR
deleted: f/3/a66jcrpkge76cvvud0cb9vkvkes68hoR
deleted: f/7/506acpja530etvu8d198332kiu62g5oR
deleted: f/4/249ekh0fub1em6u557k7uearhs8l54uR
deleted: f/1/adp0l0krdah009fgdo6f6r3ja522hnqR
deleted: f/1/761sa6jge1doemlpmecscrrb0j5nc90R
deleted: a/0/95duo6gsd6bg1q8870kmdg918hkc0u4R
deleted: a/2/c6pqvptcsd64af2o21en5rcqvg0jj98R
deleted: a/3/1elt38tpurnpj3lhgeluk8h1n1rvghcR
deleted: a/1/807rhevpve7dbuuvu28raklog2n1i0sR
deleted: f/7/9bnjdp3ep7b5lbmtncsstj0m5bc06omR
deleted: f/8/39idr8ssj8b47cjjt6k971mk3vj3gcqR
deleted: a/3/1c9mohqb602ml9q2i6fnfkesb2ca81iR
deleted: a/7/ectu99k46nfrj2s9ajbe7h595e7tpk2R
deleted: a/4/7fd5c6u0da3b48fra4k0g2ndd7fnl80R
deleted: f/7/9981rdthu9ko0sgp2qjejlufj6c51oiM
deleted: f/5/8egglihpps3bbbhvb13njmjle1c14vaR
deleted: f/6/5cmgev8j9ggb003nl8rqtr1hvssk2d8R
deleted: f/0/c49ifpej5cmui7609qk2g4mc4sbvif4R
deleted: a/5/b6qsia8jlae45uncbne664ts4o9aj6iR
deleted: a/3/919g19q5vtivup93cvaps6b3i9j2576R
deleted: f/7/c725utkt0qp7c2q228avdlbq4lnn53qM
deleted: a/7/72rq3h9c54caea0m2i6qn124cuo1qt8R
deleted: f/7/d3bldv7ntt31nhv02n7sjqa6l68uo20R
deleted: a/3/5et4ek9n6f77cc4468d7kj2eeevj4o4R
deleted: a/7/12q1sgcc89g6cja1du0b46j7j75igqmR
deleted: f/4/ecmv306tdmbqlo6r1599pm1ilrc0ba6R
deleted: f/2/99g71vgqp3room22sqbmgtmes5ihu4qR
deleted: a/5/7bhlfttq822860e5s7f29m2iff8d5jqM
deleted: f/0/7amb7itqid556pj8c7dv2sl8nfk1odkR
deleted: a/3/18ij4q6mmtq0nah13b1kppcmnnp51luR
deleted: f/6/8c4jma7al777j458le8gv1d51rfgud8R
deleted: a/4/88dm32koqd2ekk1rrtaku4icbo5qilcR
deleted: a/1/ee5q1uqnd1fard0simml0c9bsuqkpr2R
deleted: f/2/9cb637n32762e3fm0k7nkejpev32vs4R
deleted: a/2/eclj1790m6p76388qnuofor5ertvojaR
deleted: f/0/adennr8bhfk3qbgevb3ftrtu3c7mupkR
deleted: f/3/f6qotlmikm409q6ckmljidn5uasgi3uR
deleted: a/0/a94sqnec397qjf7ifi7v5urd90d16ecR
deleted: f/0/60tevggir2jq2uh74bcta0809l9f14qR
deleted: f/2/2d7pcsqqu1q4kd0mira0it2vbassv6mR
deleted: a/6/01qm6tf852da10efp0uum9cnn63uo5sR
deleted: f/1/020onmq3g7u41ogfvgvp4aacergalpeR
deleted: f/8/085d4l95sepqf802fillgacg1slta4iR
deleted: a/2/99v9n5n3iphi8psmc8im6t3aql10ak6R
deleted: a/6/d675bj39bgv2jgth3o275e2l55h930qR
deleted: f/7/4bjsvsg36d3onnjo550u2tmfk64l5koR
deleted: a/5/bal950mcvkk1gl263eep2dqssb4qoomR
deleted: a/7/70suak5peoq228l19uqjhhp0j8il8igR
deleted: a/5/36uc8i22l5h4ku5igi87t0493m162jiR
deleted: a/0/1fllaoi2hi8351c4rdbpoihqnlne2pkR
deleted: a/5/1dr86gjn31hc62g4e6uc6r7u4ucgr52R
ccache cache size is 173Mb.
Uploading cache ccache...