SHA for cache folders (/tmp/ccache_dir) is '069c8f4da2ebe1c6eebe9f07bcdce768a9d84af1b5d2cf8ac948c639a508819b'
Cache ccache has changed!
List of changes for cache folders (/tmp/ccache_dir):
created: 9/e/80689b1b1f087e5976e8ba6c5ac39f-18466.manifest
created: a/2/712ee2f7ec2ed1c37b5c0025bf5744-1407.manifest
created: b/2/c185824af4bfbc6281c66cb14ab089-5477.manifest
created: f/5/5587dd3a09060399dfee74ef218262-3305.manifest
created: c/3/ac134a648db139e7abff157fcc322c-1841.manifest
created: d/7/2daabd670420bcf92bfe6c8b573d21-52552.manifest
created: 4/c/276ee51f5ddad544fecd465f535f7f-8719.manifest
created: f/b/2d8936d06e493e5f0ef253d47ec464-16439.manifest
created: 2/c/44239c6c27f4386889e1b7daf4f90c-36164.manifest
created: 6/4/4e7aed9da549a415fb8a7359320f3d-43577.manifest
created: 2/f/ba2fb78335f65661c1927d4ac9b568-5372.manifest
created: 7/b/c049a541f4f207ddc8ca9fe095cae2-11407.manifest
created: 9/3/c37bdc745cd5c767880d0c3c7f2b52-2121180.o
created: b/7/e5aca1f9c8c53bf2a32b7162f21a7b-3393675.o
created: e/f/aac69a3b7b82682e13c1c16f0f1a79-1333470.o
created: 1/1/ca4cbc6c3d34bfb42f449bd963aad7-6779832.o
created: 5/5/46bdd3a517da79a31d9f88a5954930-2798653.o
created: 8/8/47e2c91818a7b36d90c141f3f99041-7349.manifest
created: 0/1/b82a0dcf4f65617d8abb521ab90a98-7472783.o
created: 4/2/efe050d4e8a0f5603a4e092916cf5a-2874566.o
created: d/8/bfbf617e80b721f802f764b13963dd-5592492.o
created: 4/0/2ebc50f07d232e1ba517dd53833064-4716954.o
created: 7/1/ff5ed38188f6af71793b41ad5c8937-28607.manifest
created: 8/a/48c2b778576dcd6a91da9aba339cc2-4821469.o
created: f/8/cd83d45fb821c375a8ecd4adfe468f-3078.manifest
created: 0/9/65ae5ff1788d4ec727a96f453dc472-7548.manifest
created: 6/5/b5927fcd33f8ed4b73e59fcfb0361d-2710886.o
created: 8/0/3ad02368b99df339ed0394a84d44cf-4376232.o
created: c/7/ea59d0e58250871d87111dc6e2e242-5094170.o
created: 6/a/a003146d7b74741c7ea902e292af0b-32981.manifest
created: 7/1/6766e6feccded687384f1fe164006a-2838915.o
created: 7/3/e210a81e689524595c18caaf3ef8d3-2967634.o
created: 5/b/d008a39944bda3cfd1256a0296332b-3071795.o
created: 6/2/7255bfd00ebe6349a54e11c285503d-3321.manifest
created: e/3/613bba687ff16fccf63b64178d0f01-2796466.o
created: f/4/86421087fd2cd63a07394c89c197f8-3262384.o
created: 9/4/0b434d2f28c63b634f26c7b128ba1a-14222.manifest
created: c/0/81f1e03acd9627b3ad84a62e6e1132-6855.manifest
created: c/f/cb74ae52363e57bfca02a3a497a8b9-2921211.o
created: 4/d/216e95a199609ea83be17da4a81643-45343.manifest
created: f/d/a90c8ef79359f47a1504959230b4f6-2739220.o
created: 3/d/55d4887ca6ba4910d37625926b3a67-3198.manifest
created: 9/2/63158549d5a7cbe2885bfef2df8398-289949.o
created: 9/3/0b1f17a41f7170bc4e5e572269da85-1835.manifest
created: b/4/852e1713e129ccc6f8f0de99c4ab61-2765444.o
created: b/f/b34c97a11ec42a7cc4052d3f35a742-1590930.o
created: c/4/c86d3d6bb1f69e1baf0f472e201057-17664.manifest
created: 0/0/9598182f0b029fadbc773e0efe22a1-2610118.o
created: 5/0/2e99729ed7130c3392b59bb853a2ad-1900500.o
created: e/7/3c985728ced8e0aee428ee6ac0cc07-33175.manifest
created: a/b/bf6ba3a57d138915f0f80580c84c6d-4431466.o
created: f/3/4fa367613630091e8a4ff628f3ff12-9541.manifest
created: 5/9/71ded7ad5873be4081aaa45c6e94ed-3133867.o
created: 8/9/837c05a40fdd0a62ec1991a8e9575c-2902162.o
created: 3/e/ce649bbbfc7533f5a39df0224a062a-3098639.o
created: 2/f/820053b0aa947ba1adf31bce0b7ca0-6254.manifest
created: b/8/55e73800bb69f5c6f94c28c6836ebe-3185166.o
created: e/d/bef290a937379d5dbac179931cc955-2372032.o
created: 5/5/c6b98e3dd4c3272fd86096ac435d63-303565.o
created: c/e/b23d719bc46eba0d93a4af67b188a9-2091460.o
created: 2/8/161d7bd7d73f67f5c747fe863277f0-3111026.o
created: a/3/863a81be10a9835fba3fb4bb0f2e35-2899566.o
created: 7/8/97b5d17fb7736c960e41df8fcfa9b4-4128.manifest
created: 9/6/ff0b1da673056e4b33a4adebe4bbea-3306908.o
created: f/8/72bce8354d03dd3849c21a1c77e4d2-3039.manifest
created: b/2/0c7fa3e7b7dc4a4aac11fda0b0acdf-34049.manifest
created: f/5/46d07ef513514b7e2b7c1d22d0d35e-100565.manifest
created: 8/3/f7a4dd1e45d350e070120b87101bb6-4432282.o
created: 0/1/b1ff26f7f373a6a7e93c8ca9b8e985-1334755.o
created: 2/5/6a2bb79610a03871ca1ebc2daa9f7c-4966666.o
created: d/3/b42af878a290252a47cea4360c4300-2915464.o
created: b/5/4312b9c10a39765920950f93b861d9-2938424.o
created: 3/d/f7307fc937d31b4a2bab14993ebed2-1533691.o
created: 4/3/78cda90c21d13b5ffb66ac180f926f-47505.manifest
created: c/8/c5f9afabc41ab659d7609949835698-3498.manifest
created: 1/8/7d921f49bdf887a81dfa3168cc4ac3-3474998.o
created: 8/1/b58bf4a054f4fdd6ddba9cc5196d74-15024.manifest
created: e/9/0be5a09b99259a13a5c94c5396e179-2299234.o
created: 3/6/32fd69e88ab4e9fdcfa0a67efb6970-9944.manifest
created: 9/5/40d33dfe2f26e8f7561942128c73f8-4836972.o
created: b/c/5258d5b219f7952e1701fad0a463d3-7810.manifest
created: c/9/6e7ad693d504f687884162cee2a305-4336.manifest
created: 2/9/d14e3b3dd602b5d733f645229f9534-47555.manifest
created: 9/2/aa7cdc6b3e5430aca8604aba755a80-2189.manifest
created: a/d/8b0b4dd745e4ef38368254f706b109-1834.manifest
created: c/0/b4fc25ab09b2e9c5561bcf5b72e08e-1334129.o
created: 7/0/ee01d33ed07ae970c1cc8a28943115-2907347.o
created: 5/5/7a36b385d0e2cb460db7cb32562ce4-9380.manifest
created: 0/6/456b4c38279a894dfd65d9313e4f10-2473225.o
created: 0/8/cd42778e7e29fa6ca6e61d2211b866-254599.manifest
created: c/f/ece63ca459d8b568825218a97c7c98-2745827.o
created: 8/9/a95ac1b08e1b34c3a434ddd45be92e-3098930.o
created: 5/e/80c12b7784f28d3f25d2ed67c6afea-3267823.o
created: c/7/3d7bbe514a2bfdd27d832281c33a69-1818049.o
created: 4/1/995d32375bed20494c77b319b5a155-2491664.o
created: a/6/747a1cc9026b100e3bc78c6a530941-2459707.o
created: 6/2/c4a5e1e515bf8759855680fcaf9f19-4420870.o
created: 8/5/5d25639107081edfc26fc60d780cb3-4429210.o
created: a/0/9faa55d4802aa82ed504db45a484dd-4495449.o
created: e/8/047b7f87811c3e1c8383629e3910cb-6688.manifest
created: d/0/8e3cc54307f17b4c55ebf7b87e7bbc-7193.manifest
created: e/0/4cef61d9e7194a9b134b1ccf515dba-1928.manifest
created: 8/c/9a6e74d98ebc3f84d20d22b9132f68-3079342.o
created: 8/f/46016898c25926918c9d7b2c32363f-2485278.o
created: c/e/8c8be8548334f8bd2838adff6a2423-3133166.o
created: c/4/6e368abcb4dff21554836edcce3f2b-1803689.o
created: 3/5/af137845feb08bacbe52ac3113f25f-19409.manifest
created: c/d/2f4f71a9d16a84baa5be1f5dec7fb2-24007.manifest
created: 6/0/04a2d5654bdd8ca2b45678d0fb3d32-4483.manifest
created: e/2/c1ab4537436dfac18da5cdcd34cdb8-3798840.o
created: 9/c/63559df7a9a34d2d5773964673b1f5-5593.manifest
created: 8/c/dbb4f41ec0551ab231d4a71c070035-22579.manifest
created: 8/7/2c512bef2ab4092dea62ed1463f68c-58131.manifest
created: 8/c/23f057cad20e3247f6e9ece4afb892-4760.manifest
created: 9/f/f27f57c76d57296ca111d6d1f11f4e-11679.manifest
created: d/6/bc1661bdd41ea83f198ea05b97f0fc-3624.manifest
created: c/d/bc5c982dff93772cc110a112be4346-2999985.o
created: f/a/6cf7f3017f86ed1c6a4d96bb533358-6372602.o
created: 0/1/194daa803d945845eea6f464346130-17716388.manifest
created: b/8/6dcfe069e2095142d64f4bbf4a5770-13896.manifest
created: c/5/ec50ae7c44e011299448e8169e9464-3400481.o
created: d/d/d350ede9e2b392334cf9663cfab05a-3506184.o
created: 5/b/d35dc4547ce9815a7ba27d480f4bed-1994733.o
created: 5/d/009e0320113b29aefef3869218f418-2547577.o
created: d/a/91368e97a57f97ccae6543139aa6dc-2829515.o
created: e/b/f9ebcba9c96453f1d9bd98ed4dd47c-4575.manifest
created: b/c/6da8a47011b0f37bd93e65938066dd-4670039.o
created: 4/7/ebd6e58188e4c45123a438ab1e601f-262058.o
created: d/8/d287b49ed48aaa33f73cbe954c0627-3182364.o
created: 8/1/311fdb50315c8991f533d23e317ff1-4929217.o
created: c/c/8e81034918300feee7d77e02453014-1610974.o
created: 8/b/f79ad62b86f70648656afc06f7b182-2341.manifest
modified: 1/stats
created: 0/c/ae66db17ec451a88990cfc5812703e-4918105.o
created: 1/1/e344b49504aee0d4dc6db59def110b-1544.manifest
created: e/0/0a97d6b3eb3689f10fd00ba98fd001-1781835.o
created: 3/e/0a6cdb5f6bee60c2e400afb2345ea4-4765219.o
modified: 7/stats
created: a/f/a0369da0d18b673f4a76142faf4f9c-2603613.o
created: 4/e/efaf1840f6b007e784bc5f137775be-4928427.o
created: 7/2/480fd59509e89817f2e42cd50c4d8c-8514.manifest
created: 8/7/4beb123a07e74b751d434f713aadd7-47646.manifest
created: 0/4/bad8ca4f0f1e9ff95e790ef7ef865e-1486.manifest
created: 1/5/993ccbd507af4adbeb614a6a2d9095-10299.manifest
created: 8/8/d90a7bf1bb8801ff574362664d2d4d-2706514.o
created: e/5/b53a927d56247feba40f9efebb8b52-4646383.o
created: e/9/92b9ad66e1c8a3d47f9488b32b8291-78577.manifest
created: a/9/0573c9c17b5b3875e8c03c25f926e8-2530884.o
created: 5/5/8cf76ecc38cd80053db45a9b3bcf55-4460545.o
modified: 4/stats
created: 2/8/eac4d11ccb9b35b7c2e11a2e2b29b8-8034.manifest
created: b/1/5b8da0bcb23b363a38dd2bb018aab4-4498612.o
created: 6/2/6f2eb4fdf37e5643afe02f40d0ce59-3086379.o
created: 2/3/2045ca29da6c680957d0e2d38b135c-3108684.o
created: 6/5/cb6614807efcf6e75cdf5fca9f22c3-3130762.o
created: a/a/2e0b4cbd2583b3059db09e468a4060-2608725.o
created: c/a/dbf3883aebea321af66490c929d3f9-39145.manifest
created: 7/e/b182adbf69520da7a1d1c9c9b26b80-32121.manifest
created: 8/c/e99db9368a91405a12daf5de1d1a44-18254.manifest
created: 9/0/d4c517d361a9d58b3bc439b765adac-6751.manifest
created: 2/b/2eb64e555cf6326e83ee0a945894d3-44052.manifest
created: 4/d/482e30acc737f33a4df805e36043aa-3088195.o
created: 5/4/ddfea51e3fe1dda49f12a40d566de0-7013.manifest
created: 8/3/befd1506b4dc4b19d8864adcd15818-6917.manifest
created: 4/5/1feea0ee1242550f843573b5309367-5765.manifest
created: e/0/88255fcb9f62100b426c1f23578f5c-4670.manifest
created: 1/b/e120a3aa2b62b3c5dcd10c9a996dfe-23999.manifest
created: 3/8/dad9aefa94e51aa59b1c9aa8a5f111-1466.manifest
created: 7/0/0c01a540c539b4a00b5d5c63fb3ff3-5692.manifest
created: 7/a/2055d5338dc525eea6fe12efbf585a-3364917.o
created: 7/f/5e650254ca63a77233dce582fb4cc5-5452.manifest
created: 0/1/d9f638b7e78da7c7d75249ce3d4e07-2797486.o
created: d/2/282057b4673e383f5f15ae04e7da5c-6903.manifest
created: 4/6/e183fa2e44ecfdc7f52cdcacf48648-3031.manifest
created: 7/c/ae38a5f05727288cbc8fbbd41ed5f4-2399.manifest
created: b/f/995d71e09b7c1473bb45d3aaf7620d-49333.manifest
created: 1/e/4803c4863904a86fb50f6601baf3f9-3412.manifest
created: 2/9/6328253910286e8e3776aaded6cc0f-13539.manifest
created: 7/0/53bf221ed60be5ca17e8349d2578ff-2611.manifest
created: 8/7/134a9501ca410144f321686d5391ba-6032.manifest
created: 1/d/87ec8a71659fb7dcaffd3461bb2826-1916043.o
created: 3/d/904537ff94993e769a046a0743d954-289682.o
created: c/e/72677710eff5b3e73ba7dc24dab9ad-9266.manifest
created: 2/b/e94f44d8efc15c74390b3696ed1e3f-15038.manifest
created: 3/4/1100284fc6d5ece6e6b5e3a93d9a67-5707.manifest
created: 3/f/bc0be5c5cf65a69f441936102cfa89-3122543.o
created: 7/2/1273f6c1721d6595fa759116442906-2728.manifest
created: f/3/402801499ee92cef17038c8fc5efb9-1294862.o
created: f/c/28c0eb4b38266c587a120a4f208574-6500.manifest
created: e/7/79ef4781b333e8d2010b8f7fe032df-3299645.o
created: f/d/babb2c2194ef2a772ecb4ce78d7279-2954073.o
created: 1/c/ffe279b192e10917c32768394016dd-3951.manifest
created: 3/6/1937ff69158a6167642b18302042a8-5156355.o
created: a/2/56f85c768f4a11a5f139019e049998-9824.manifest
created: 3/6/8e4ec1189ea2f5154cf95099341ae7-2679413.o
created: 5/4/79fef03ac40b7c03559ae1e2b6211f-5119226.o
created: d/7/1fc416de93e8a7a7a90130d70bad81-12790.manifest
created: c/f/6583f55a252c151eae2a23faa80dd8-1603191.o
modified: 9/stats
created: d/5/398a12b2356ee2ca21d8a85d7eed42-1592142.o
created: 2/5/57753980dd6577d47925d3c9d2a13d-8430.manifest
created: 3/0/67263ccc52e30a4d2cf6216a47aedd-1654.manifest
created: 1/c/24ef09ba5b0b53ea0d68bc79a2067b-4083623.o
created: 6/e/7df644d3216eebb6d8f6ccb4a4ef1e-4428.manifest
created: f/a/a063e83d9b43b7d7ea5a1ff1135362-3273437.o
created: 6/d/02ae056c1e0e3053f3331fdab4a3aa-31723.manifest
created: d/e/63387f5d4552358bc308fbd7ab1433-86847.manifest
created: 1/d/86e79e46c8ecfd8a630f7e88fe3736-6621.manifest
created: f/3/12dc9058eec1ae64c8d2e0ab1a332b-3089010.o
created: f/e/a9ee0264c20f2e2e122be5d0cdf0e8-2010.manifest
created: e/9/5a9a228606605fd6e90083ca33b043-2729.manifest
created: 0/f/5403cf0565fad5e765d09e912e0042-4955699.o
created: 4/a/89382539210eaab5ae2d541c3d22ef-13163.manifest
created: 9/1/c78bb7b8a7f439bb895142fbc108d4-4084015.o
created: 9/a/f878188102bc665c32f747d2de74ce-6913.manifest
created: 6/8/fd9d4d0bcf1afeba99b369ddf5f0a9-1402582.o
created: 4/9/7a830ce51068732b1482d2ee61baaa-2895280.o
created: d/8/224886659da00ac82107e5bf16efa3-102897.manifest
created: 6/7/ca39d883510565676ce305f49804a9-6510.manifest
created: d/4/b632c96c34652c0f0c07710ad60b6a-3255249.o
created: e/3/28823b8dff479ff9285406fc4fd79e-3814171.o
created: b/7/9f0272e023c942a129c9e71ca013e0-3172118.o
created: 2/b/9d375ed24809098748a2f11356c670-2764703.o
created: 2/7/6dd4e72b809f17cccbf7e062135e64-2289123.o
created: c/b/2cfc41d1b0253e92470238d8c44dc0-6544760.o
created: 9/9/ddefd2e8c9ef057463ce305f3ec3b2-4564415.o
created: b/4/a0b08ad3e6c855caa81cfd0771aab4-2934.manifest
created: a/b/549fa8c33940794672e05c8e38cf1d-2014404.o
created: 0/c/8e1542dac46b7657546619c7356661-28124.manifest
created: 1/b/296111937934a0e3cb49dedf10186c-1338917.o
created: a/4/caf43f0f93ce6e0aa55265f212fc97-30871.manifest
created: 6/8/ed01793db8b0cbad0e1f1e62e58e03-3092241.o
created: 7/d/27f824580878a240a35eb041b6e130-13503.manifest
created: b/f/10bea0b6c284ce5ec1a8430921c6b8-1879931.o
created: 4/d/8c63bd0837a0c94fd9c9b537737028-5860.manifest
created: 7/1/4e35d8aaa13dc44a881741dd6378ad-2898340.o
created: 7/6/552d9da635274f3d70f67d3593b08d-6362835.o
created: 8/2/f27ca18484145019065ef0dea5b1c3-1144203.o
created: a/d/146ac853867e51ad32277015762218-6912.manifest
created: d/0/c169ddecfb66537dfd585bb18b4ee4-4471020.o
created: 1/2/2b2fd0916fc3b206bdf2c88eb53c52-2817541.o
created: 8/f/2ad64841bab5018168050908a601fd-3085250.o
created: e/5/9797e558cdee5a31f10ec3e2c94fe1-4761844.o
created: f/3/3f5d67622dd66553d478b8b4e52cf0-4703284.o
created: 1/d/0928013b4e9072fe3ebe57a17452e6-2899180.o
created: d/3/752f7b946d306ec40d879f1a1a2887-4945246.o
created: b/1/99f0db0b6bc9c73a5777fadc64cddb-6736.manifest
created: f/1/e6a27807ca4e7a022d2bc5b94ef41e-1600958.o
created: 2/e/0e19e14643f685dc1d649bcfe3a68d-4806602.o
created: 7/9/3cb3980d8463bec22608fe6a4b6925-4984725.o
created: f/c/da5399ad16ea5bb546f04791db2b2e-3992167.o
created: b/a/5426564503b0793c690d9a1c208191-13146.manifest
created: c/0/a7be677d501792cf56fd2248ee8236-6147974.o
created: 7/5/b619a7b3934c39b519f85c51707d39-4826264.o
created: 8/8/0eb84e3cfdece9abbc4d2a2cf07e82-4988273.o
created: 9/9/1951ea31a4e48483512906612fad0f-2844093.o
created: 5/2/d3869af21ef8163cef6e3a267a7801-25448.manifest
created: a/6/1c9532a5fb35fa72f889359c7e27e9-13024.manifest
modified: d/stats
created: b/8/f3446418c0647acf4390f3c86fa493-2089.manifest
created: d/8/018fb5b2b8c32486cce79ffa294d4b-1396.manifest
created: 2/9/75ad41b4b709d836f004632e5fd7a2-9171.manifest
created: 3/e/c26a49033c6963d09204a58f992641-6646628.o
created: 7/f/2a3c04583468d2970efaa809e16b6c-2526544.o
created: e/8/e4b85daf28438f809391e56be2b73b-21104.manifest
created: 4/f/cc13317aea5f5cb1ddfdace9b9c780-2131054.o
created: 2/c/eece63bcc36e04dc571f09df880be6-3126750.o
created: f/5/0e698a98e8305f11f7e15fea15268a-2676.manifest
created: a/5/6d38a486fdd8f54940bb0cf4021a06-1579674.o
created: c/0/49d3e6a9533a6d663901f6ffd1bce4-5313089.o
created: 7/f/100cbad807f339e9cdf57aa50e4a65-5973.manifest
created: 4/0/8aea20d5ec233051e62bcb7bb9d69d-2682692.o
created: d/e/7f45c295e91f5a76d5b7e8cc2314cb-8797.manifest
created: e/e/f8174a6b6dc5aea122ef58fbe4600f-3119395.o
created: 7/8/6e5da5617c81b40f7a8b0abff24419-12337.manifest
created: 8/8/d0877084e95c04465b440fd92a51c7-1848164.o
created: e/0/7b996e94068c3a2f23d7aac7f54877-5452.manifest
created: b/a/03219e82d8189d5d032536d7020b96-11650.manifest
created: 4/c/b0d91e174d9679f1109ad719a5a298-6590.manifest
created: 4/a/f8a3a906edc835b35d804aed84d14e-1976.manifest
created: d/1/21bc98b73f41e9d4569b1b6fb65dd8-11381.manifest
created: c/6/44f01957cc019da0d3cd5d27affd53-3232404.o
created: c/a/32fbf73516ff66c334211d12a7e291-2329374.o
created: d/d/056e04d69ef3d35d3b7e08568cacda-5096.manifest
created: 7/6/46a860afac93be7473142ddda507be-2951457.o
created: 8/6/2895f91d6c9867e3b2b587e4ecbf16-5018878.o
created: 3/4/2795064c9b9ed34c0207167a7fdb40-4938601.o
created: 4/0/68921923cbb13e69f643f0ed0169b6-2453.manifest
created: 0/0/5bb52de71f4d5672a7268db718d1fd-5125508.o
created: f/6/1a44fe62b27d818f320cca07dc5eee-13674.manifest
created: 1/2/b7eaeca4ec77737298e8a6e7b71566-2376826.o
created: 5/5/eb85db290310aec92be8b58ccb25c5-1772948.o
created: d/e/8759f9a16356f3ef123a8e91ae37ce-3764082.o
created: e/2/6ec9dc5da3d98e5fc95f7420512cb2-5929.manifest
created: 5/2/b6b8b21ebe4450583647c28729839f-11963.manifest
created: e/5/eda7ea44190b80b7f02864bec3f3d6-1983806.o
created: c/c/ff745cd7d3d729df35f3c49a07f078-2837527.o
created: 2/d/c2fcede943bd987918172b9a12becd-2914555.o
created: 7/9/4cd2a64070b4427e234de13754fe7e-3506118.o
created: f/1/070cf67865c31e101680003ac99728-18346.manifest
created: f/8/44dc638e6a18a3e457adc1e5116c46-12254.manifest
created: b/4/721613992d0e8264d4317465a6698b-11853.manifest
created: 6/d/73711d5e0b721a64febe29168e1416-30130.manifest
created: 5/b/3e8cbd6117e7eb1c8e4a66aa7d224b-1939689.o
created: d/6/fcb05eb07ba7aa2c372fd3e267d61f-7637946.o
created: 0/0/0c9d21db3640ac16e7133c9627866f-4597160.o
modified: 0/stats
created: d/f/13e5b928e726185c8e8252a2d06cb7-3948.manifest
created: 8/9/1dea5ab9ce411b0538fcdb3dbb10df-4905786.o
created: e/9/a8394845437cbb556edb4ed2418b25-7396629.o
created: 8/f/61be1f0136c3dab1d6c51e3f7e36ec-4608971.o
created: a/4/a347a90f71a2ac352861385d59fe06-35832.manifest
created: c/6/7bdd25d1a2196da7aeb8786dd33041-1729.manifest
created: 1/0/d49f10c150cacc5ec839ec58d0a055-1839460.o
created: 8/7/e3c9575ca95f9250457e713edc50eb-4160907.o
created: 9/6/ebc9b10406e1c8c2c93e962d247054-19011.manifest
created: 0/e/9b8ff18466e51d67589f5e3a917b47-6330.manifest
created: 5/4/35b5550af085f74ccd9f0bb7fb3680-1715.manifest
created: 3/7/48f553424f45e3eae39107761264c5-5768.manifest
created: a/9/67b6d96f16f1d21eafeb6c411f427d-7780.manifest
created: 1/1/aafe90cc51c9cec2d2950bd97d466e-10512.manifest
created: 5/8/a5434fcab34e1b08f08f1a71dce527-46757.manifest
created: a/0/08da3e4e878e31de2e858759d5a43c-4866183.o
created: 7/6/8cc0344f8b1ffe14caad9813658ca1-7907.manifest
created: 3/f/84fb8d6b3f75968037b33762f81044-7121445.o
created: 6/5/8abc30d40d3780dd6456ae62f0a038-7348.manifest
created: 2/9/b61b0226065c6fa4b0c9b40ceaadf7-305077.o
created: 5/b/1766a199c2e2851c36cafd8d8f84b4-6751.manifest
created: 8/8/10528f56a096e5d53f06fdceb81b03-6690.manifest
created: 5/1/06b858b181ae0ba2708bb13303568a-5789.manifest
created: 3/c/dc1c2226740089ae0c0962560daf72-9447.manifest
created: a/6/890356b372f5f096b4349e8d16f334-3471.manifest
created: b/9/c9db8596a01561972f228f2d0ba99c-5486382.o
created: 8/a/6e21b83817b1875db49be8b6ad0daa-4845024.o
created: 8/6/b958e89c4b5ddb837e1d9efa389d39-2445.manifest
modified: e/stats
created: 4/4/319789eae6393880e1206295aeb3dc-8935.manifest
created: 3/e/71036f2f843faa3749ff08d3dbf619-2797216.o
created: 7/6/bbf50ed9f65712f2076bc89a22961c-11139.manifest
created: e/d/fccd28ec175fcdc502765d20280807-6889.manifest
created: 5/2/4db0548fd84f755a448ee63515aff6-297187.o
created: 8/5/02fe657304169a6aaa13c74925c1c0-3005428.o
created: 9/d/d1258c709a66fa9bb85e8eec8a1452-1346933.o
created: 3/d/822591b8cc228f1a0323083a605630-3561.manifest
created: b/c/986db04f23af4ba27d102046017fc1-79851.o
created: e/d/99651d5a9352940c9234b4590f9138-6550887.o
created: 2/5/798bccf4834ebe771ca997e84dd696-5023516.o
created: 3/3/cdd7b1c4e32bf90b299fe2f8485b46-8319.manifest
created: a/5/5d5b12617c822964c1dd97ded34d98-14298.manifest
created: 4/4/0f419f2e82a3616fe8b01fb91118bb-4998150.o
created: 8/8/1ca41ca66153e5625d3f2ae272d118-4627226.o
created: 2/8/9e9d2c03c261e9a6c7169982f9c307-2834382.o
created: e/a/0f0b215333dec6c54f86ca3fde715d-6438.manifest
created: b/f/e665ce524bbeda4af1294fa2f4c167-2896709.o
created: 9/4/bd785b2f5a196d7b855c81aebc918e-18127.manifest
created: d/0/5b1e965294249ce761055fd3e1a659-1777.manifest
created: d/4/4f6e09e01033ba4bad03b0dad64319-3089823.o
created: e/0/606c7cfa5b053b48ccdf04ba8d24d6-1897623.o
created: 2/2/0e211774fb43b860f639e1d7b27270-1399.manifest
created: 2/5/5fea1f42e330ccdf6390d332661927-4962176.o
created: 9/f/386f999fac089ecf2f648fd630a7de-3614.manifest
created: 2/2/5f7f68b9ab83a387c4b9599379d014-2213354.o
created: c/f/e84c582a9fd6868415ec70cfa116d2-4243319.o
created: 5/8/35345cf71f664be2c30eb385c45283-6063784.o
created: 2/c/5e357faf7ab7da0a9fa57250ae37e5-2717964.o
created: 8/b/d7bc44fb2f9d259210ade08b43404f-4466504.o
created: b/d/dcdd93732beaa4f5a9a9d272dbb5a3-6621023.o
created: 0/0/0fb1009ee4cac6bde437ce316ab3eb-3131767.o
created: f/a/13c083ef6b6c683e56f643449d22d4-4745.manifest
created: b/b/9b2dc7955c77407c067024bf0ba66d-4965151.o
created: d/1/1f4c2e1f055c52085b657699c308c4-4031049.o
created: 7/2/9402349d7ea2c42cd445dc39ad9da8-1755231.o
created: 3/5/81d809d757ede4fa12d57cacdf2a59-1543930.o
created: 4/d/0d0f38b6dd0a49f90d6b94949a2b7c-1582702.o
created: 4/e/da624b360f6409e5b49df3898722d7-93675.manifest
created: f/7/ecf1c106c26b37b8505dbebaf40d94-6937.manifest
created: 4/2/469ca59efecd47ef8d6d59cd9a79e0-1487.manifest
created: 1/7/aa9bd0d183c1097d1883f7116356a9-38297.manifest
created: 1/e/1642283f0b7e8f6870e4eb5b4392de-13584.manifest
created: 3/1/3f4e4721667a7f60b988ad28d9fed3-5127.manifest
created: b/6/ebe5fba3e8d5e8e78b5f6a42ed6e5e-4029835.o
created: d/d/37b765bf5cc90d83b0d6903cff15ce-2904489.o
created: 0/2/ece103ddd4ef84c432eb4f67279422-4473337.o
created: 2/2/ae665d3a3a4500f9338384beec34a5-3494.manifest
created: 8/9/70971b9a46b67d37e0c61899e086fc-11169.manifest
created: a/9/ee52187c0007863ceddbdd3aac1868-6850.manifest
created: d/9/4c91c82ac8a053eed8020c33576981-8899.manifest
created: 1/6/d7f15acd0758874656d4b6a0cfdd0c-2401660.o
created: 3/5/e7b818e8f40b822ee162e04fc4f3e2-7739.manifest
created: 6/4/52a5282aaf834c06d24be5cf9760c5-9360.manifest
created: 1/4/93521fadd80fe147bdb2dedb8b3d34-2494796.o
created: 2/1/35d15f77b55205764ff7b58a2caa67-4562766.o
created: c/c/b95c842eabace1fedd4fe19fef4136-3302643.o
created: 3/c/cd3bf685cfaa9d42ea88a581b1c04f-5226.manifest
created: 1/e/d61b2cdb2dba3190a6d9a5c12c0911-1575.manifest
created: e/d/d5ef23212f231ae3cbc8439e7de61c-7108814.o
created: 2/f/018873a129ce6a8fb16e3e32917d05-2817385.o
modified: a/stats
created: e/e/28b6569a28768acad5bd8c3e58601d-13923.manifest
created: 0/1/308d6bd9fb669f02666d4a2527a283-2327145.o
created: 3/e/953964f3cde4fafb48da8bb33ecbdd-1283.o
created: 9/1/80730cb88f716c9ee3f1b28fbf1acb-10421.manifest
created: 8/c/80e98fd445c2304e645c469bcb2602-18935.manifest
created: 9/f/610a7b6ea7a9cca7a1e1656fdbc115-1594501.o
created: 0/0/5de657c4e9055535d3ca598c1e2a23-2280.manifest
created: 0/3/ed7a46f59fbbcc73e2f902a9793b93-36771.manifest
created: e/8/a3f21218e3ae12965b66951ec31bfb-4453.manifest
created: e/9/42147726a9993849e7c7ffcb9ca0ac-1766.manifest
created: 1/1/9b2b4bb0ad551e38cf0f4686a9690e-4516252.o
created: a/8/8dfb8c6a3138844573929ed6663030-4511167.o
created: a/9/441f3ccc1cd1ba7ccaa0aa6687cda0-8662.manifest
created: d/a/1d767dd24148b252fcc526840f812f-10588.manifest
created: 5/2/f5916d7ecca09c141ee698e7590f88-2966893.o
created: b/4/73a11efb9e48bc6b5d3bba5ca0e255-13501.manifest
created: c/2/c41e13e66bc52e892d0f7cd8990e0b-24473.manifest
created: 1/b/c70a490d9148e3a96820ca6649fd19-2001607.o
created: 9/1/dd3fb849fd86ade3ca4e4f83a4dfdb-7126.manifest
created: e/6/c91d400a10e40a1742cd9570da98a4-3961.manifest
created: 5/d/4851714b0630225e5b4eb4f44fce69-4455.manifest
created: b/0/fbcc5c5f924c8c6d6e13d60d9a6c10-2661720.o
created: 0/9/aa0d006f71a0e4496451f91807c9a5-4998583.o
created: 6/d/82050e654b642ac2ffc2dbf80d045b-1963472.o
created: 8/9/4d2693d5bba19f85bc6f8fcf8cfe62-1469.manifest
created: 3/c/d0d7a51be4013f6e308b3b03df1d20-4761951.o
created: 4/7/3204922e9564af8a6c51a19e20448c-3160417.o
created: 2/3/165ea7b0277355c5d7f030683b8aee-1612775.o
created: 2/7/2c5d3ead042dde9facb4311a8da0a7-12924.manifest
created: 0/e/57e7d9f2e97c37d799e86be5bd8d3d-1944158.o
created: f/4/58456e93c240c1815ca8cb04292baa-36843.manifest
created: 9/b/fbbf118589d4f48b5db6ea6b0766f5-3299697.o
created: 6/3/40072f4befa8095a7c90e6a830fa14-17704740.o
created: 8/4/a4983821ee41d546af6390e7ebfb96-3332.manifest
created: 9/9/294f62d771466b095ff6b054aadfba-3203.manifest
created: 2/2/ad669e5503a3f68a2e0cfd8a8292b1-2885335.o
created: a/9/83bfded56f90c1e6a481adbb91facc-1335108.o
created: 5/e/41e85af066740af7419611d4b52687-2421.manifest
created: 9/4/2fed12708a056aff5be4c36a2e6b25-2784.manifest
created: e/a/7f4d530cf37dcc3e68f172dbeac3b9-7697.manifest
created: 0/d/c4db4d189a4a561b011a7fdefa4ea1-1352825.o
created: 2/a/69f7a09b27346c7e84b5878c98a44b-7858.manifest
created: a/4/44562fb7ea79c30f8e31ba6180a186-7209.manifest
created: e/5/3c395dd78be43b1b17dbc6194af82b-2191173.o
created: e/8/2b51dea17b70826029a004e504fd4b-4477940.o
created: 7/9/4bb7403fdb389b6d7b29806a5e1d7c-14712.manifest
created: 8/f/02da8df7266ca67cadcaf2e334c0fd-2896433.o
created: 2/a/b859b56247c76ace42821d2fb5370a-1337917.o
created: b/4/c7ab6d7c01a3a67e677bad7a6d4297-5664808.o
created: 4/2/a8403d14db81b9fedee902995b0736-88754.manifest
created: 5/3/3ba3e9fce1d7c1558668f89dd3cb73-13294.manifest
created: a/f/f84a2ed2cbfaae9bfb9be79d3692b4-9570.manifest
created: 4/4/a911bd94653f67c22584ea3cf7dece-5650.manifest
created: 1/f/edaf4caaa280dcfb2e93ba3cfc5f7e-11149.manifest
created: 1/4/2da3b4b727e09f7fa1079430570683-28829.manifest
created: 8/7/c555330b00bd34d9be2b49fb3c2855-244965.manifest
created: 2/8/b35560dd4ab8aa6677efcd177682d2-5574.manifest
created: c/7/f3e7255a41538c96956550dcbabafc-2901942.o
created: e/d/67589d713b29b4ff68c58480637127-6338.manifest
created: 6/e/c8d37c8cedfaef4143071338b69003-4549.manifest
created: 8/4/6cee69015fae4b37b2d46d93694cac-272724.o
created: 3/4/af47d5fa5e97b518099f8046251be6-2770719.o
created: 5/3/74ac99f927216202e109617ef76314-11420.manifest
created: e/6/89e7ec854009465704cae3121a4d0b-6318.manifest
created: b/5/e6a6a1c5bdf973bc5a802aff218b0c-2693335.o
created: a/1/72c265b18b988f1d91130861d2177e-21844.manifest
created: d/3/06ca67437a14c0afa8997dce56fd07-5574.manifest
created: f/7/bc6f142dc559728120a9eefa4b79e9-2771235.o
created: 0/b/3b215e7706cb23078a5d42a42db5ed-12380.manifest
created: 9/6/5db2461a33fea3573c605c2e3179bf-2003.manifest
created: f/8/6279fc2f5a9fb683b80312427a522e-2781842.o
created: 3/4/aa475da4d1455019048c4a5b9a959b-6045.manifest
created: 3/a/5762864a6472127701dd3221389d3c-4493585.o
modified: 6/stats
created: 9/7/42a986626664f81b2d8c161b80fe28-16486.manifest
created: e/4/a68538892f127804bd607d36899f92-13824.manifest
created: a/9/686927bcb1ec828fd73693d9f8c3db-4034.manifest
created: a/d/387a1697b0de8d5f061531f0962892-4789952.o
created: 8/6/b0acd1e9b6c0566025bc6ee5f2b8aa-1808897.o
created: f/d/ab1b241310e8edb2671c4e93fd6218-5487.manifest
created: 3/a/37110187a5e2d25451f51783a2f534-3192728.o
created: 7/b/c72867317a155f4fc90bc1183c44bd-3918.manifest
created: b/d/4436b65f3a10641883d99251b1b706-1398219.o
created: 0/e/826ad2c9014bdd31890cfeadf4655e-3822714.o
created: 7/b/e05cdbe982762574d3252d4bf671e7-3609.manifest
created: e/0/4d0fc94ee273f005b6f2ec47501659-3497.manifest
created: e/9/efbcd94df621a37efb95b2340e8e19-2805009.o
created: 0/e/dc596a4c29472169a6de7e5caf038c-1740.manifest
created: 8/a/25d02a02abf17bcb1b6a32626388ab-6944.manifest
created: 8/2/71b05f5c1a1873a366beb6510eb5f0-6779226.o
created: 8/3/0cea91e4298babd39d52f9603c5350-3732.manifest
created: 8/9/202c13d3a8374cffdebc5dec886f39-6967.manifest
created: a/8/c48c9a1826167fd80fd471988f544f-87766.manifest
created: a/d/a9c099266b8ba1777911f90797faf9-2753989.o
created: 0/9/13a133539f6c0edc5b47f36a181e6b-3135937.o
created: 1/0/a71a29f53e105550023f459f6474df-7598.manifest
created: e/1/8ff920b32c8172ff4a4933335e72f2-3073533.o
created: 5/7/cd0f45246b35cea4e211bc7cee7c8b-11013.manifest
created: 1/7/7919d4321e34e8410f53814bfcfd26-4802044.o
created: 0/0/f621d32e2bf61ef19c580bdc3795fb-65155.manifest
created: 2/b/8860b492493b6e695076e875b6157d-7112.manifest
created: 3/7/62035cb2476a22d4313d3ccab2e40d-8171.manifest
created: 6/d/e0f43f7135541ffd5438fc711c57f3-6359.manifest
created: d/8/9ac70c3f7be5a2e91245300501a0ef-3133371.o
created: e/a/979dfccc7ff6b49a1244fa4813f587-6276694.o
created: 0/b/e7c519f4459285858d1897d668a681-5373.manifest
created: f/4/263e9384e3fedd45cdd94aacf60a6e-8143.manifest
created: 4/3/5b03ae3651d0539ec0c32c87f1e248-2297333.o
created: f/3/cfec64c439f288353f4549ff981496-5719.manifest
created: 2/3/7122bc7e50de2a10f022ee5dffacb8-2821762.o
created: 4/b/5cce134854582ff2636b8002698908-4482560.o
created: 6/9/3af0f69b90fe5e34424d7757636ef7-1395186.o
created: e/7/f171e2f966e41e01348414c40a40eb-11210.manifest
created: c/f/f4da7af87373133c5fb8e3a89015f9-4460299.o
created: 1/7/32ba76f9da2b54ffd8b01685356b6e-2008635.o
created: c/0/d341a53d67c01114e962c650da5140-7787.manifest
created: c/5/c8561fe57499539d6abbe0bd5170dc-6825.manifest
created: e/3/b31fc4ecc0acded03965bf51183d7f-4445433.o
created: e/8/ae573a1debf28ad3c310eb65879b92-9101.manifest
created: 7/8/1cd5ecdee5d3bb6ff3a37b7c84d497-2762963.o
created: d/b/1d74bc5f97f2f291e73872ca67b71f-2290588.o
created: 1/6/0012233b7d804dad01c2509b082edf-1942.manifest
created: 4/5/fc685fa2239596ca0387385c231759-1607869.o
created: 1/f/d2aa49491feab7d1c6adae64468c6c-23787.manifest
created: d/d/95b9abdf60d42022f540dd7d2a3684-11074.manifest
created: e/1/718044b78d6294d02cf68272b601d0-2004.manifest
created: a/5/3f38ede04755074c99d9bc062c98ac-3432660.o
created: a/7/0f0abb100449cc2b26008948b9f677-4251164.o
created: c/3/591ab8df6846c956fc0e35297b1e71-43185.manifest
modified: c/stats
created: 0/7/62f49769b190c2d83f73120662cfb6-4481345.o
created: 5/b/3eb8101ad5f33b7085ee7c0cd3cac2-1336201.o
created: 8/d/6d3a8b58cb54c4be87272e19b93fa4-5041284.o
created: b/0/6a8053cca7d652c58feebed21a01ce-5755.manifest
created: 2/a/b379f0582a8ffc47246ef9ef7060b4-2846091.o
created: 2/6/135b87ddd8d04eff03f70b763d8326-2898646.o
created: 0/8/9a0cec148d2837d082b52150713ff8-10876.manifest
created: 3/b/ab43cbe272440f6be8233b6253973e-6019.manifest
created: e/b/486313f79197a00fca08242a6e4c11-4771240.o
created: 3/3/800181e441026cc13a97c1159618ae-6759669.o
created: 6/9/dee991bec4632ff541e68331673059-13449.manifest
created: a/7/2e3b17637fbc7821c85a3a5578b4c8-12172.manifest
created: 1/4/138d75c08bcd63cd438bdb108398d5-2296344.o
created: 3/6/6283f2b6d11cae5babae92f3f7aef1-3681265.o
created: 8/f/d4d6c77f2c4e674c1e6c5911fb61d9-2431110.o
created: e/5/51df8fcdd7734208249526d0bcbd84-5544.manifest
created: a/0/d89c7bac9f064ecbb50707faebc114-16325.manifest
created: d/9/ab77aa872a1ef21b3f3a5a4cf6a383-4427.manifest
created: f/9/8751c6cf0bab13947e038835c68bc7-2398.manifest
created: f/2/39fa58a2856c5b13b043e8c7ef697e-10932.manifest
created: 7/c/656054b59ea31c7fa908fbac241127-3360908.o
created: 3/d/f39ae7039a4ced48691c0245df6ad8-20994.manifest
created: 9/a/dc13e1567e76065d1fd6d119ec0419-2905249.o
created: f/2/3a712c5cce1b8dc24446506e2249f4-6662252.o
created: 0/0/8f36313a4bffafa6a082e73bfb5225-1947.manifest
created: f/f/5e486fb04ee5432b6ba71dca7ec759-3033869.o
created: b/9/9cd4a788255ee54a764f40f06eb902-2605739.o
created: 4/c/0a3efcb0be65602186dd77eab52627-4405.manifest
created: 6/1/1d8b6bb3236ab9a6cf7f8dc515b984-17306.manifest
created: 3/d/b1184d68f00a1430fa154627a23566-1341671.o
created: 3/3/fe9013694dfe87fdd3aa40f4ba70a0-29733.manifest
created: 8/4/eddaeb48c242b40c3a6882b018dd4d-5726.manifest
created: c/6/38eb151cc1e424d10e4a5b2745346d-1376664.o
created: 9/2/852e9088812037c097f80cdd6569dd-1484.manifest
created: 4/1/5d4153bd4feedfad92f45bebf07543-2056775.o
created: 8/d/b992ef6646cd9963b8c42822d7e412-4654317.o
created: 8/3/d1c8b098778222f33dd94deadb99bb-1341009.o
created: 9/c/ccf9be82b0fbecc4b7d3f55c9491ad-6869.manifest
created: a/8/7bf4ef8812368231fc4dbbfbeaa40e-1601533.o
created: f/b/5082b7067dccbfeb00ffa65e06f449-4713.manifest
created: 4/e/0764f5f42f88672de0f072f061c08d-4709.manifest
created: a/a/b16c2837409e539799fc5cf81c331e-5446.manifest
created: 0/4/2ac49c656f6a877b26a0108f783053-7717.manifest
created: b/d/2f736f32d108c5e615fb34d1907be2-9348.manifest
created: a/6/c3ea8a282f7c58676aa0cea57cf808-2388620.o
created: a/6/48f8053288bd1cb660ceae471ad1ac-7677.manifest
created: a/d/506a00b744ca4b96c2f217238edb60-4397746.o
created: e/b/c517beec8016688c737661f2d24ceb-6245045.o
created: 5/1/2493e62fbc9d488d8fdde97bf9c0a6-6445.manifest
created: 3/5/93374d1d41558129af1078bee79667-113364.manifest
created: 0/b/f2ee52f4e48698a1d1404a9b030d6c-3231266.o
created: b/a/306692f0249d4bb236600196073fc7-3189.manifest
created: 2/3/8f676273ab0474744038117cb5420c-9438.manifest
created: 5/4/5078512bf1b4c14b513b8f44a81e7e-12947.manifest
created: 9/4/b334b1008bcd817206236b6a34232f-4225092.o
created: 4/6/8275c37cae35df75b3bb3a2e20e397-7015.manifest
created: e/1/e73bf512a4096b098051fce462e841-3251068.o
created: e/9/6c25f4cab76809781b215ebe6de4ed-2340833.o
created: d/3/e782dd5d1928caf44d619b926ca7b0-10720.manifest
created: d/5/f0c76f27030badb3949ac8d325c0ab-1402.manifest
created: f/0/2f1d7a98d7fe1a59b965c602c331a8-2018602.o
created: 1/a/dce6c8fd8146c6fe2645d4f0b070e8-3527.manifest
created: 9/4/a5209133f97a4b0c73475a904f7aba-105209.o
created: 2/0/950d76e8c25e0667e2a7d4389264b2-4734504.o
created: 4/b/a433b78cef36d387f05b76e63f20e6-1395012.o
created: 8/f/aa21ef8575c1830bbbf4b611f5abc8-4264.manifest
created: c/4/820453f7ed48aeec0b373c73481cc7-2638913.o
created: e/a/18039a6839c39257caef329b44c706-1834768.o
created: 1/0/a1b8848a99c1b4db4ec9521e99ecf4-4225.manifest
created: 2/f/b0615b6c2e208acf3a2d6f3dd9f365-2309890.o
created: d/5/2e7923c53fb4adde866ffd8791557b-102155.manifest
created: 3/1/75fd7cf00ceae15b3c449e89aef526-20824.manifest
created: d/8/0a611472a2f0f6f2c062e4fcf24f31-48388.manifest
created: 1/2/034be3b2019f1b87a48a86d35581a5-1394983.o
created: 5/5/22ca5a6511e5374917c21586d7e6f2-2527760.o
created: f/6/ecf9b92a95c39018c27becf1188fe5-33385.manifest
created: 3/9/0486eac210faf0ae784d5f8b84c912-4900530.o
created: 5/3/49bb3933c422b179e3bd8190b718a8-9025.manifest
created: 7/e/d433d0412ead86f61220f5cdfa78a8-4694760.o
created: 0/6/c2d1e871c7e2d1b5b2123b226bfb6a-13653.manifest
created: 2/4/d9fddac81603357d4ff9abf3934845-1785.manifest
created: 1/e/5744e1870de87368bba93e652fe276-36629.manifest
created: a/c/2aa4adeedf5acd73d01d7106ad1769-10051.manifest
created: 0/2/72a490a13bd47c9382f4e34e95a36c-17967.manifest
created: e/a/c5bff9ffbd3f9bc934d65915de945a-18480.manifest
created: 5/6/c868579acdeb8ca146f8195a573bb9-7803.manifest
created: a/4/2012402b04ee67bc489ffa409670a7-5002285.o
created: 7/d/15c1b4c098a89df1be61e08e73360b-7555.manifest
created: e/f/817526156662a0a2dcca7ff20a4285-6566388.o
created: 1/6/796932e08c18bdc9cb50c7c729b2fd-3727982.o
created: 0/6/1fd19d8b857b98be4334b5145dff19-2008.manifest
created: 3/8/3273ac6410547e717063ec2b51abb9-2056140.o
created: 8/e/8296cc970f7a83db4ed59f9b54ac03-1599612.o
created: 2/9/2020b0efebefef4e5d7e2912fd5721-1645079.o
created: 5/d/52727267672262b837a136b9e4b206-6432.manifest
created: a/c/c8e40ee6aeb47431849b7cc4968726-1015939.o
created: d/6/abf0577009750819966119c442fb79-2748910.o
created: 5/8/dc3ccaa0567f04237b19959a6791c0-5012703.o
created: 7/e/d89aa853bab584fecbfac4e0681be2-4208.manifest
created: 9/3/4ea4d8a3adef83eba03742d302e3e4-2707003.o
created: 0/b/b93ddd6f994b944574b987c7e43555-2773579.o
created: f/c/bef9a183696f91f6ded7048d8c7f1d-10235.manifest
created: 7/1/71dbc4a478e01a55cb3ca3b45f44df-11528.manifest
created: 9/a/de4c34cbe2a261d7ffb4c39df6c052-323804.o
created: d/b/76fb517f5092982968ae028ea898e1-4072306.o
created: 8/3/88169a43c8b642482ea1acd5210e4e-6576.manifest
created: c/c/660890526c2dadf293b2111a0f8e10-2612635.o
created: 1/e/c8d6b24b84836a90acb5e464b452a6-2866216.o
created: 6/a/53a9af02e6eb065cdec3f938b29b33-1587795.o
created: 8/4/95512a3f1af4ac28b03e74c25cd8b7-5058505.o
created: e/e/8a5afc256dccd2f4ffd58ee3f0bde6-21535.manifest
modified: 8/stats
modified: b/stats
created: 8/7/ae6415ee050de3f202808574c16fbd-3983.manifest
created: b/0/191b2f7a4d87868657dad140e6b7a6-7401.manifest
created: e/7/c730da3de352525bbf1632b1cbd44a-13292.manifest
created: 7/8/8f8523e143d6ef2f3bb083f9103256-1792882.o
created: 4/4/3617680c652b756a6755539bf5b6d8-2050124.o
created: 7/d/60917924244a7b806ae8906a295662-18050.manifest
created: 4/3/bd0bd27c889f1af1d0cbbb4665e557-3892.manifest
created: 3/9/404eae55c38bea0c3e3a392ee95f81-1369657.o
created: 3/3/64713826eec9b19253aed040afca5a-20125.manifest
created: 6/1/c64b4504e938bf0f26fbf9a187ccda-1567.manifest
created: 2/1/89c8a43b54723ff1092dfb5261aa33-6969.manifest
created: c/4/1236a8216792c7da1b9e545c279876-1527065.o
created: c/8/6548d6af043cd53c2bbe0bc33ccf71-2907.manifest
created: 3/e/c622c4f9328ae4793140e6db95c938-3505760.o
created: f/3/7564debf7cdbd72f0d0bb49450afa8-1557993.o
created: 6/b/a2c6dd23a3d05e791d26d943b386a9-18850.manifest
created: 7/0/34f2dd6ad951d2736cd6e1f1627283-2843639.o
created: 2/d/463f90518062be233c056aa03f9f7b-2899669.o
created: 3/d/0e2de42081c197cfb2800a8b8414a9-3020403.o
created: 4/a/65cd69403258f91f97315adc67c6ce-1581113.o
created: 6/a/a6fd88050db1c3b54308066dd7b530-2856251.o
created: c/7/8d8477159eef5e1d8af7f09826c95e-33038.manifest
created: 0/d/af7fab091b17ba6aaf6edcab6beebe-5116556.o
created: 9/4/3f133728f8b228fa0c97ba535c8d76-140647.manifest
created: a/7/7f2f604198fc6f8466c7add42e12c9-1922.manifest
created: 5/2/647a7a8ddea72e0a2ad40945a55e54-3072.manifest
created: 3/9/5b203f6aed1fe199e1888a902b6a6b-8761.manifest
created: 5/7/abba9ccb5e4cd210d324b61926b7b5-5501562.o
created: 6/8/58b378ef453fd67343942cc7f33c88-4081438.o
created: 6/4/124f8daea8c03f6a5d04108d471191-10008.manifest
created: 9/6/4567db043241b2c0ab5589e67515f8-4492.manifest
created: 0/6/eab4e721b3ea65a96b785d1b4f002e-2838438.o
created: 5/d/3c7e8ed8c108b077eac50e3af14217-16421.manifest
created: 6/8/48c872b2db896a42b3817d2caf9eb7-1661.manifest
created: 3/5/17f2745bbdb4d376020e6405a6131b-4798699.o
created: 1/b/921dfb5c9aeffd24f00e61ace1b25c-8205.manifest
created: 2/7/805a2d2fd50793efc8714617e356d1-4192.manifest
created: b/0/b30c6177c12ff1ad8005511010d7a2-1402972.o
created: e/3/3180b101f9c8b81806d76f232c8098-10624.manifest
created: f/9/df0aaadbd013b1e00ddf5a54eea6d8-18501.manifest
created: 8/b/4f5522deb8afb6a49da8dcc8c60630-22209.manifest
created: e/7/f2f10fae4f3b71cacbb4608cdaef69-4786263.o
created: 2/3/04bcedf82e7770ae6e157dbf6622e6-24854.manifest
created: 1/8/193f1abeeedfc842fd0930b128db0d-9078.manifest
created: f/6/e6f72f3ac77ce3369d821676256286-49918.manifest
created: e/0/8c8581a01c1509f3d769ed52414f51-14457.manifest
created: 4/e/804adf8e950b52fb82253f868dd26e-14189.manifest
created: 9/8/024f1301fdc0d55e840051afb00424-3992921.o
created: 3/1/1ceadecf634603b8e20e7444d769af-2167.manifest
modified: 3/stats
modified: 5/stats
created: d/4/a79a03d75b18df83862c234206cf16-3021764.o
created: b/d/ecc6d828ffdba47059d9642ea802c1-5410.manifest
created: 9/6/2f45a88d4b14d1147eee9bdf3a5139-11963.manifest
created: 7/3/63970fb876a5cc776984d7a8a7e143-5721.manifest
created: b/1/ae9fc224b7a626bcf94a1dce4117c9-2783.manifest
created: b/c/262fbb54483ff429434d1b3080e5dd-10425.manifest
created: c/c/74168efecbebe28b01a252f7787558-1372146.o
created: 1/1/ff71e041f1731439412f6f0abf5966-1662370.o
created: f/5/4c64aad45e31e0455818e07a13c443-2606334.o
created: 8/d/84236cabc242fa56434df7ad3389e4-51097.manifest
created: a/a/4a0ca2cef2ca6e5ab63c832bed0b2e-5650.manifest
created: 6/d/55c9aa18eeb13b94a73169b35ddf1c-412.o
created: c/8/5dca4debd9875b39ae2de9f4a008f1-3031739.o
created: 0/b/dd45fb25e34709525ddf71784852a0-6135.manifest
created: 3/a/ad817c254cc216ffe21e78cc78dd37-4529734.o
created: 2/4/5699bb38fe7638c34f1a61c36834e6-12696.manifest
created: 7/2/58903d970d49bb142b1934835efa2a-2449919.o
created: 8/2/c3c658ea0bd4e7d942353707ac7ea1-12110.manifest
created: e/7/9a55ce3036250614f5b41b0ef22dc1-2337377.o
created: 0/c/432236c576be886db2646f65fcc353-2923355.o
created: 9/9/d9b3157514ec870cc011b562834a49-1435.manifest
created: 9/e/e536503e9399722ed176c9b813a209-11832.manifest
created: 5/c/c1b94fc1c6fbe3ab1f95460ccb91b9-2024124.o
created: 8/2/4c55bc267d89267be6fe749663104d-8253.manifest
created: a/b/5d471a7d1d51047f24ed5b36210763-6140164.o
created: 5/4/32ce926f80186cf1ae3208ff9d3456-2031623.o
created: 9/3/8604efe29a370e0f085f6f6d02eee4-52190.manifest
created: 9/b/22f7b7bddaf7f5035f9719625c74a1-14901.manifest
created: 3/0/9c56a351f7b4c2b4eb743be48e22c6-14593.manifest
created: 5/e/d6be1b84cb042cd5220dd1372cb856-309809.o
created: 8/3/a533714be976f2dac54f4d9dcbc249-18544.manifest
created: 9/6/7ae4bd9200d838062d90ea167917fb-4539217.o
created: 7/5/54ad2901080a725c649c7c628e728f-11239.manifest
created: 0/b/7b2bb605e6c757a77e12244b0ab95b-4435865.o
created: 7/5/1e7956303b9c3598a63d70643fb784-2055809.o
created: 2/6/0eb64192334a2692b37f3249aac658-5942.manifest
created: 1/3/4407cd1ae843b4d2be4c81c4cd6f79-303549.o
created: c/f/4ff1c389170d8a5bf1d89f0048fc43-8886.manifest
created: 1/c/76e1bf6b4c939773c508a903facfcc-301327.o
created: 1/a/39766416a4ad72034f62de00a2e6d0-5342.manifest
created: b/9/63c5d95d0763321942ca815948897c-1408.manifest
created: b/6/200880e287dba048837547c319e18b-1540658.o
created: c/1/f89a7ff39a892ce00dcbc5ea2648e7-1393887.o
created: 7/c/8da7691f1e34dbf34416f5e593c5db-18040.manifest
created: e/d/e27f60146c4136a5e82f6c9556a92f-30788.manifest
created: 3/a/939e7357a079d0b59ec27776de6304-2708613.o
created: f/8/8bd7f8e24d168c71b02d6b8926c453-3494602.o
created: b/7/302f4774fe65dde49ce0a9bafc63df-5934.manifest
created: 4/f/60cbaa7a5251bdd0c4b8d513045ec2-1835670.o
created: 1/7/68a8e39a64af5a0d71b6025fa1f0a6-4698364.o
created: 5/6/5fbb69307680f78d905722dbf4b8b0-6791849.o
created: 2/b/fe934b1d7e42869907bc566f245863-3503.manifest
created: 1/9/64ab0be6c9471c73c7e07530be4bef-2855435.manifest
created: 0/0/7366a36964612779ef3d7144a5102d-1522595.o
created: b/b/921614b741aa0b6c82ce472707847e-27559.manifest
created: 6/f/f4caa3a2788927d54de23c7a137447-4715.manifest
created: 9/d/a880b8ee5fe945b98c9dce24e3e887-4918.manifest
created: c/6/f190b459c4eafabd832e1a8c16f58c-3350180.o
created: d/c/2ccf16756e8eeac964c86333017bc4-11668.manifest
created: 5/5/c7c1f6a93abd354d353a190f446881-31165.manifest
created: 6/9/3d6cd3cb82e1b52ca90024054f6a5e-2012806.o
created: 9/b/ae32b83090e5215c0a43ee68233e99-27559.manifest
created: 4/9/4a40e49e6c18ceda0a544af63fba98-4687.manifest
created: 5/0/0fcbe9e3a6a775e2f21db5cb07a228-4730466.o
created: 6/c/019613ba735c35b977b31549eb50c0-7248.manifest
created: d/8/71136fb5140b23a183c2fa54d17620-2459.manifest
created: c/6/1e5cab2f2735f045afc5eeb5b3fee7-2655515.o
created: e/e/4e1098c92be1f23edee954c83ac217-4876.manifest
created: f/5/3cbe93d959b15e3782306ea30014f5-7593.manifest
created: d/2/625d5adb9f63450b537ca79adf3cb5-2862.manifest
created: f/d/5a25bf52892e2ca41da84b282c7a40-3257.manifest
created: 6/f/610827180088cf2c23a9dcbae36783-6358.manifest
created: f/9/7c0f65c8c38b021132ea119aea9008-3506010.o
created: 0/7/2fceddc75d82bf7222475d8269541b-4940329.o
created: 5/c/9a832f6d2b1b4e8edaec00b7f854be-28251.manifest
created: 2/7/0fb6c40702c3911f91a8b6616ca4ce-1582.manifest
created: 0/8/5a9aa3cd3930a3cbff0fd3efcfb993-2576430.o
created: 6/c/ac4f6d63d8400cd33d0683a93eda74-1495.manifest
created: 5/5/9a77749ff37002175504ffbc3fcd21-2135.manifest
created: 7/6/2c557623c14848cc1caec8f7fb7da8-1527562.o
created: 8/a/e4c9fececae1a4328e1fd9bd32916c-4681222.o
created: 2/9/02d99793bb976cfff0b214e9c6231d-9492.manifest
modified: 2/stats
created: 6/3/9e463ca0cafbc0f78e43dc2b1bfdb9-3016366.o
created: c/8/d9027542209d83e81044e514e6427c-3758919.o
created: f/d/b3428ec4e927977cf5d651875e9dda-5268.manifest
created: a/b/c80efd4bae59a9fc9a5e70e771a96d-5002561.o
created: c/a/f929a91d2572c0ccd5e5cfcc7fe7f5-6549.manifest
created: 6/e/e2b9a8602e635129ef9738818d2090-2123691.o
created: 5/4/21eacb1c6f2e70e8ce1d8ea65f0860-4530218.o
created: f/f/5731fceada7bb5e3c1778802395688-762256.o
created: 0/4/b620d280d84cca99c88067ac19cbcf-3609.manifest
created: f/b/eb12468486d566535fb70b361c87ac-1336770.o
created: 5/e/47a43dd831c2d57ce6665105cb8a6b-8608.manifest
created: c/0/c758a27632dba11d9f0cf8e3f63711-4966248.o
modified: f/stats
created: 2/6/145991b532f9cf3d90414e22a86d0d-9656.manifest
created: e/4/06bcf9b0e5fab1b9fe01ecce997b40-2095100.o
created: e/4/4734ae5b976cc601c5d4991c93edb7-9841.manifest
created: e/6/73d2a1982fbe561c7b08caedecdeb3-1414759.o
created: 9/8/ec5efb77094df2173b62e2b290af17-2991.manifest
created: b/b/707f3bda9f93e73a86fcac0f65f93f-4754871.o
created: a/c/a31a423c3cc6104fa70dbba91a2c8a-33799.manifest
created: b/e/9ab0864582e0384e4f2d07249d62e1-2526716.o
created: a/2/e17484541c62af8edabe80833a3e70-4124064.o
created: c/e/86c733a1797c15e5a1615d663471c2-4503151.o
created: 5/5/a3087b5fdd5b46f168516fd6dd4b10-6723.manifest
created: 0/4/4ee9c59a42003fbd42667b5ba95c5c-2022618.o
created: d/2/d20878f33c0efbf344efaf700dddc1-9800.manifest
created: e/f/3d4cc2f59a677e64311c1b4c244438-5412547.o
created: 4/c/aea6df20a3322fce20bf0f0d477292-4907.manifest
created: b/7/280ab3f8ddc06485f76bfe2a32b297-2038834.o
created: 2/8/e951d6bfbeef70527e3d84f2645b37-1335509.o
created: 2/6/d40515ecab00080e94fe029088599a-3937004.o
created: 9/d/ff11a90a2ae1574b3ec5496238a442-16378.manifest
created: c/1/7a1dbbd11e3f6a6356b40dcdbd80c7-2156924.o
created: f/8/1060bb78ae80f31f39bc81bdc20d07-4117190.o
created: 9/6/42a369973250d5557d83c384982d94-4950485.o
created: c/2/fca7311de014d3d3c2816623aee103-15852.manifest
deleted: 0/3/98690645e9c44bb7da91a0942f6ffb-3614.manifest
deleted: 7/6/b06a1f73c249ad3fda1b6ff01995b2-2603613.o
deleted: a/b/86046f41a406d9a4e895074f3769e7-2855435.manifest
deleted: c/3/686640f414a20c4d30bf8a91c6fe68-2991.manifest
deleted: d/f/3485f7e7230e9929459bae3253634c-1335509.o
deleted: 0/1/0a655357046a0d0175fc430b41f6aa-5544.manifest
deleted: 2/6/d33f4dc467c624bc71ce4564b6dd64-13146.manifest
deleted: e/1/155f1d01ebc59ff4591caa3d3172e4-4473337.o
deleted: c/d/d04963ed8b10f1ae818e0b8d94db4a-2895280.o
deleted: 6/7/be8cc37f8cb601a6fe4dad72176fae-2896433.o
deleted: 0/d/aba0556a8baaa8629d204c08168251-1557993.o
deleted: 7/6/0a8439be85994bfe843d5a7d4cda51-3086379.o
deleted: 5/c/b7d51b022fcf400d3ee61e2598e413-4998150.o
deleted: 6/3/24a005f62293cb7eaca4ef8dd403d7-3231266.o
deleted: c/e/bb4dc2fe21b64e2f08de04f65fa52b-4806412.o
deleted: 0/d/e9487fa0012ee3521cb6c49cf81355-46757.manifest
deleted: 0/b/5e7ec794e49950f8e02ddf5ee44314-8608.manifest
deleted: 0/c/8aa0aec583e7bc4d14e69bd1472671-2056140.o
deleted: 8/1/4a3e18e1e0b83a0a5ba867d4d17772-8171.manifest
deleted: d/f/3ffe92e3ec8730fd75fe5bda7818e4-36843.manifest
deleted: 0/e/91a9e48a14ea050169cc96669fff8b-18501.manifest
deleted: 5/4/23eca4e8aad6ca7bc79488d0ca4e6e-3020403.o
deleted: 8/a/7489cff4b4736dc1fe6c867b60a254-19409.manifest
deleted: 6/5/cc95ff3a19670d880e7d5443979237-5929.manifest
deleted: 6/e/a1f892f1c68ecc699ebde67f3cb45d-2547577.o
deleted: 0/b/65eaa5716a72e14e8395b42af1bac9-5934.manifest
deleted: 0/d/5e94e30a37d5c8e629d867d8025496-3133166.o
deleted: c/e/bda68e97714afaf0dfc6fdd30e4d91-3542.manifest
deleted: 8/b/4998bb47fc084d0cf4c209475d1e05-4715.manifest
deleted: e/0/a0df1e82811084aa54ed7e502bcc03-3498.manifest
deleted: 0/b/fd9ab6c89a3d7439d25305b169b139-4250971.o
deleted: 5/7/9a2c2670cee8535ce0f7abed019733-1983806.o
deleted: e/7/ed321e5857f9329afa0916c6370855-2898646.o
deleted: a/3/b6f51ef0d37f9308a86bd9755a882e-23787.manifest
deleted: a/6/0ad2cba6cba1d112d68cc34454a7ef-2753989.o
deleted: d/b/f49b4e5d74ca2bf54263e62f7e74e5-2967634.o
deleted: 0/7/9494c9bd3db548e3ae7e1aebaca415-4564415.o
deleted: 0/c/9b621ad1c5c1f8cfc627806364c603-4984725.o
deleted: e/2/4fffde8197e29709f4e6d358ac51d3-5719.manifest
deleted: 0/9/7293ec5ab41f05736ea3faff9ca675-1848164.o
deleted: 8/7/80555594b7360bf54bd1837778e099-6751.manifest
deleted: 0/b/db11cf3b68470b8eefe06ffc1881e0-22209.manifest
deleted: c/3/9722141d31f7aec988cf937a0062ca-3189.manifest
deleted: d/0/6eccb10af71003aa9821400a2ba45d-9266.manifest
deleted: 5/3/6dc9c9fd3e8f0487241ebcc3c18fec-4950485.o
deleted: c/9/d4b97eee0286fb4dee8cef0604157d-4681222.o
deleted: 5/d/0c78ffc600454e266f80fdb327f2f3-4477940.o
deleted: 6/f/1382f2197c1c15186787127691706d-6254.manifest
deleted: 0/d/83c971ce9c7a37dfff41819d7b3c3b-8608.manifest
deleted: d/0/ec14b8b9286d0f3ff37da12529f653-11239.manifest
deleted: 0/8/0c045ab596faf3f5b45a831dd750bf-4128.manifest
deleted: 0/d/00f00015deeed84d9786a9f09fe092-12924.manifest
deleted: 8/2/4043089e9baec3026c764a3ca51b64-1144203.o
deleted: 8/0/32259dcebdbcf262733c5abb369001-13824.manifest
deleted: c/2/8d25183865c32a0c911001de440af6-7349.manifest
deleted: e/9/2f48f962f12c53d40a2404c8d67cc0-4225.manifest
deleted: 2/6/4cd7ae63f9eb792c13f366f400d65c-2717964.o
deleted: 5/2/20e08d7905370ba9e3e23bf3a1c664-2089.manifest
deleted: c/1/62e5fb52e95448248f8b4bbdab3e42-10720.manifest
deleted: 6/d/5c2e8ca6f6ecbbc61ea406b20029cd-2309890.o
deleted: c/7/0cf27ee61f277d6e2a13774c0383ce-2817541.o
deleted: 6/f/43807d9b63fe16c1f2a4a937e7d28d-6913.manifest
deleted: d/b/4f8fcbe10c521281ceac53605d94ba-1963472.o
deleted: 0/0/e6d091d40ed99776c0a95b0f1f42fe-2710886.o
deleted: a/1/589127cb7e751b12b0e7aa0ea5028d-1402582.o
deleted: d/6/808e60b1f6abf40794ba4e2d4963a6-4681222.o
deleted: d/7/d0029d20f06319e095cb152ecc3894-4445433.o
deleted: d/4/9a27e849844500baf916226b9a2a7f-2123691.o
deleted: c/7/92cce362730896f979ec1cc12a74f0-1487.manifest
deleted: 0/e/244c5b78170126ddcb3bb7aaad8e97-2309890.o
deleted: 7/7/93dadf20b482a9dd7adb98cbea8afc-4998583.o
deleted: 8/8/adf9d6c9890945dc6415a3b9381e5d-4715.manifest
deleted: 7/0/d8dc1e40159106be77dcd637affe44-8886.manifest
deleted: 8/a/fdd40105559c8023e008f0ddb9a087-4806602.o
deleted: 5/b/22a83416775dc96c64a88e7aa27f52-4208.manifest
deleted: c/4/37c541be9c3974d2d98cdd1c6bb8e9-2191173.o
deleted: 5/1/87ac2eb26ae80bf5db275f418a0569-2967634.o
deleted: 5/7/55150dbc53842843fa92c59dfe23c9-24007.manifest
deleted: 0/d/3f595db616977107503ab544b514a1-22579.manifest
deleted: d/a/a3e21da90a1d56e7f2dd0562d9e410-24854.manifest
deleted: 6/9/ce0c62c7f15377627464191ebdf600-3332.manifest
deleted: d/f/46770dd314c560385c6fe019bded69-30883.manifest
deleted: 6/0/4b06286d2a06a8f18ef8bcb2abfbb7-1369657.o
deleted: 8/9/2fb23ddd25cdd00754f7204d351bf3-28829.manifest
deleted: e/6/cd8051898450ef2317b7555320d138-7121445.o
deleted: 2/5/f1426be794ab0031634453b4ded5ab-5125508.o
deleted: 8/4/e11688ca04bde2069af09f09f1c283-297187.o
deleted: 8/6/0490f4edd994b3cc457baf644d3f44-3085250.o
deleted: 5/0/ea1cf34ba2dc5206a8d46fe4ceb755-4251164.o
deleted: 7/7/a1f416a270679376e0ccd438a88893-43577.manifest
deleted: 8/8/6c96d855ad8657348ab6aa88c000cf-12110.manifest
deleted: 6/8/5091eeb93c3abcf0d03f1c15bd1ccc-2608725.o
deleted: a/3/9b5cd06330c29deafd85d8b2632bdf-1582.manifest
deleted: d/b/bbdc813d5c20dc3fd9f242a6de12ae-7015.manifest
deleted: e/5/02c0a47d5df8284f2757cd1f901a51-8430.manifest
deleted: 6/e/2aa93b6d9e886b0eb28589403453a4-4962176.o
deleted: d/2/f780c606f8dfed4b238416dd25c1b3-1803689.o
deleted: 0/d/be0c8bc344ab31e98134d3416be05c-7401.manifest
deleted: d/6/ba0c9d6fd8cc3d2815f8710f480385-4928427.o
deleted: e/3/1d62535e7ea055b114d72ef5ac3f89-2655515.o
deleted: 5/a/19b2f4ace271336b2253858e8d4b7d-1612775.o
deleted: 8/6/466658372eacacee1a35182067a736-4481345.o
deleted: d/f/494ffce2b9845179468e4ddf6af559-5592492.o
deleted: 5/b/acbe36a1135ded8d1b591f8c8956a3-13539.manifest
deleted: 6/8/038299ba2f40f1803a5d2ba5684523-2022618.o
deleted: 8/1/bc6e428b0a58ee1590e038f8ecf50d-6688.manifest
deleted: d/7/705566c8f76dcd2ced9504a8cdfc72-2388620.o
deleted: 2/6/c6d75133d7408c6bccc3f06b049d4c-272724.o
deleted: c/e/ab1b67f94707009b6ad82b9df6f798-2771235.o
deleted: e/2/1b663372be033d7c2ba9e0f0d518d2-4929217.o
deleted: 0/b/1f3065d2b2c8b70a8db54155c1110e-4966476.o
deleted: 6/f/2c8981fbe0484b8099be4b0570e74e-6791659.o
deleted: 7/2/ef81dadc15d17b5173c17f6565cd15-2902162.o
deleted: 0/0/028d17018b8a356c38f8bcaeddf574-4597160.o
deleted: 8/6/c254eac71a7109865057153ebb0d2e-1414759.o
deleted: 8/7/a8a598dd7bfb7231446cde9e60e164-762256.o
deleted: 0/d/ca86cf086acdeb1cf29c716773b593-2901942.o
deleted: 2/0/b7ae6d99260dfc9d7a2055e73f47df-3131767.o
deleted: 6/9/1fa68bc983698a54938f2b43c40254-49918.manifest
deleted: d/c/fbab8dde186b5eaa29a7814af874d8-2999985.o
deleted: c/2/7ee20aee598bf7e215b67183db8be5-9447.manifest
deleted: 6/0/3aa2e0e96eec9f8a3e7c44af4079de-6889.manifest
deleted: 6/2/69f08b2d065b283d9646f083bd0b6f-18466.manifest
deleted: c/e/91b16cd83b1dcf17ce924a2928fc53-2907.manifest
deleted: 5/0/63f9e15b5f07b00c6807960b81a5c2-5268.manifest
deleted: c/e/974985da2ad9251f1fd1f4d43a0c27-4918.manifest
deleted: d/5/c632bdbc7c942d73cb3652301e05e1-6751.manifest
deleted: 0/d/b8185d1f88176d6f8e8e12c7f5d65d-12947.manifest
deleted: d/f/3260bd29161525911988b469ea2f40-6917.manifest
deleted: 0/e/4976b4a41e7266d2dae65035bbac50-11139.manifest
deleted: 0/1/e04872c00c1547ad244e0beaa0c12f-6736.manifest
deleted: 0/5/a0a7ae4ff85f2b0298533039c1f046-19409.manifest
deleted: 2/2/b85bfcb3b4a0584d0f5e5279c3b42a-8319.manifest
deleted: d/f/2b5b16924b813030c38261c9ba3fde-58131.manifest
deleted: d/e/60f372585f2355ae165fff1817930e-2527760.o
deleted: c/7/45788e8d56264696c7c3c51a7ba5cc-6621023.o
deleted: e/6/eea6fbd756de0a7fe901765097565b-5023516.o
deleted: 5/9/5fbcf3fc340e295f214657792d2294-3306908.o
deleted: a/4/81975becd1ad06e2bd4c035cc86ec3-2901942.o
deleted: d/e/b7bd58efaeece72691e8cf2696fc58-12172.manifest
deleted: 5/7/f7b051d9609b46d3cd2743e025c025-4730466.o
deleted: e/9/8d612e46affcd0e0120ab3efb556d6-52190.manifest
deleted: d/2/1888530178b69b856b70a4969347e3-4627268.o
deleted: 6/f/1efc74609e6f2650a2373c303ff335-4116659.o
deleted: c/4/b0cd07aacf74b71f634ccb161a3eca-5002561.o
deleted: d/7/5bc7e1463cefe973c07c3317bac155-303549.o
deleted: 5/8/564f6298b7747f7235b110eb97c6fc-4225092.o
deleted: e/6/7393f335c9436c42cf2eee6f3ce27b-3092241.o
deleted: d/f/044cbae89a469c3dbee3a20fbe26a0-1963472.o
deleted: 0/7/ba013568bf5bcb823cd0ad8b3d2955-11407.manifest
deleted: c/e/b57a82b1988419ffd7b53347941e6a-1839460.o
deleted: 6/0/ed8304e283b376751fec80b068fb37-2856251.o
deleted: c/a/dc9ae1f1b7973c8e1d78ed5f59cd22-2896709.o
deleted: 0/e/71afbe3dd996836e978d1cdddea311-1612775.o
deleted: 8/4/726d5bc409793908443f5327432bb3-9541.manifest
deleted: 5/9/e7937a7c9385788f00271212cbb90a-22209.manifest
deleted: 6/9/f956a623c6e28099a320f61145c214-6063784.o
deleted: 5/2/3460bc5febe9f6ade962a62518d005-2954073.o
deleted: 2/4/f77e2b0b2b233080acdfbabe4a8687-6662252.o
deleted: 7/2/ddce29f686efdc6a6fdd7cb34a2a5d-3321.manifest
deleted: 8/8/c2fdc078f1764d0242bbc8f446a630-2899566.o
deleted: d/a/b534b9d34d335dce87a17af7513003-4703284.o
deleted: d/b/520d3548801f2475853b2069f4144d-3172118.o
deleted: 0/8/1cea080cdf8fb3f1f6ae4cf16d469b-10235.manifest
deleted: c/e/4a0ecfafc352fc2fc545c3605d085a-4928237.o
deleted: 0/e/7947365741c2da25e264c624515f76-2485278.o
deleted: a/5/c0446ff2451a656ce5d62b1bc4ca88-13896.manifest
deleted: e/9/b3683727e21f29b56e4e4b871aeb85-3948.manifest
deleted: 2/4/02d70ec2497c6232bf8d8010533857-33385.manifest
deleted: 6/7/f83c09f8f5799ae2bccdd7d30302e8-32121.manifest
deleted: d/5/2a6f37b7cd50996511e2095552e7f3-2923355.o
deleted: c/0/824819a647e6ffaccbed12c57ccd9a-289682.o
deleted: 8/4/2420c82de89d6d9b38299f347af1d7-2605739.o
deleted: e/7/5f41fc64ffc8cb590890b6f98f7c2e-3302643.o
deleted: 0/c/10f6e8979672a893efd224ca0ea675-2797486.o
deleted: 5/6/1c24b1632bc130b020c7bb022b0522-32981.manifest
deleted: 6/f/52c0bc3cefc6883412bcddf727ce24-6566198.o
deleted: 0/8/8f7ba90dc3bb2c941bb34e7d45fb29-3192728.o
deleted: 2/0/22986fcd68536323fc51ac50b296e5-5023516.o
deleted: 2/2/e7212b9ee8257e96ff5d15c1b6ffc7-1922.manifest
deleted: 6/e/525a90430d1a98d430c86e6a96e50e-38297.manifest
deleted: 6/f/4715f5c5c3771a9164de6ca5c24f4b-5155557.o
deleted: 0/8/d4bac91f67dbcea32b5cffe68b5e55-2707003.o
deleted: 0/b/937854e10513f6b7e1e2b48b214e82-2899180.o
deleted: 2/0/63afa053e3526c805a5f035275ad39-2829515.o
deleted: 0/b/e9d0eeffd444539dc8049a04be2818-11210.manifest
deleted: 0/5/a3617e9f0fd76951b82a33f8f1b7e7-8253.manifest
deleted: 7/7/69c551678b566ac2a53bee5818203f-6621.manifest
deleted: c/6/7a89efb70ef31668bef68ee7bfe762-2297333.o
deleted: 6/f/169e4ad0d63f3190e00aaacf5d9385-2796466.o
deleted: 7/a/0b07ca05d18074e79f6f105a764b47-16486.manifest
deleted: 0/1/e1ead95b5efbecd138053a1f26509f-3005428.o
deleted: 6/0/2cffa91c2c44eefb757a989e996402-3078.manifest
deleted: c/e/868101413ecc6fca1961b4e241a2ae-4192.manifest
deleted: d/3/8fdaeebd5800aa8d04dfeb00921aee-2449919.o
deleted: 6/6/e6b4142d0071794b8fcd2b5366d60b-4905786.o
deleted: d/e/f56e80a6c7c5af0c7b0f39e09eafe2-1395186.o
deleted: 0/5/5a231fbb0fea103579dcf50a004404-2829515.o
deleted: 5/c/d2f3bc86ae2c6ea662623520a65ff8-9800.manifest
deleted: a/7/6ee6e90a74e171a789753101e24eeb-3108684.o
deleted: d/1/b5d67f9639a4e78128e5a5034f4152-3078.manifest
deleted: 8/8/f0c64cf4c6a6ed9088a153c4549dba-5707.manifest
deleted: 0/c/507c8151457c1e35c0db11582c2959-32122.manifest
deleted: 5/1/dcd1b8e819d5647bbc6d02d49bfad0-13163.manifest
deleted: d/5/22d0a6516bb58fac37c2efb79f4603-7555.manifest
deleted: 0/a/c7c7a5385c49a1f4b61f2fa1e10425-2905249.o
deleted: 0/c/440f84eb2267c90178c79aa0b8718b-10425.manifest
deleted: 2/0/d60014764a1616154ddf8e381b51f0-6254.manifest
deleted: 8/a/93bb0412ca9e157803c98c63092d80-2494796.o
deleted: 8/0/b395228bdce80b6c3e1e553cebbbe6-3506118.o
deleted: e/9/900dcd2edc3e16b87f200c4717ed29-412.o
deleted: 2/1/3bad694a2f137e01d9bb5f90bd1bba-4907.manifest
deleted: d/7/288583968103ed75da4fdd1b0f71af-9656.manifest
deleted: a/8/5a2b01af9d1b0c5698a4f7875250a1-1610974.o
deleted: a/9/4333466d9f2b9e6916729ccf71ddba-7348.manifest
deleted: a/b/022d7f8e20f6420a20d35247e0eeff-3364917.o
deleted: d/7/36927f8bb0df5d7f8c55e98c0c0eed-3185166.o
deleted: d/e/f4ee024f4ce08356f63aacf4ea3d37-6869.manifest
deleted: 2/4/659ee95e6e8bbc8f5e9fbeab1b8569-23787.manifest
deleted: 5/3/3a247692be1b1228af7f35123096d1-5973.manifest
deleted: 2/6/afe96c144affc06a3cca7d92912501-4798699.o
deleted: 7/6/5b7d975e7f1986a39ffbc19cd4210a-4072306.o
deleted: 0/c/755f64e53ec90ccd59dc082dfb09ed-2797486.o
deleted: 8/0/a707f97888be795f74db5e1bf75297-28251.manifest
deleted: 2/1/ff208d8f205ccf2fbf4d55fc1150a0-100565.manifest
deleted: 8/a/f0c501c6f5adde018d5a0bf03e404e-16378.manifest
deleted: 8/a/b9b5a55cb3c3bc6addc1b4aa84ccd2-7717.manifest
deleted: 6/4/219a93f9d33fa225f0e54947017d3c-3892.manifest
deleted: 8/7/2e9412a5ec98d639f83f2501048b6e-4627226.o
deleted: c/8/cc1d7f6e3ea15d4e5ea32bdd8bc2c0-6032.manifest
deleted: 0/a/e7d29ff10fa7cb76d7aef2930cfdbf-3474998.o
deleted: 7/5/097c659d9d524a02ec538282039c94-4866183.o
deleted: d/f/0feb2648724f550c3638310631ac82-4540405.o
deleted: 6/d/dc5eae5a55e367de55a19ab2acf9ec-1781835.o
deleted: d/e/9c70191982619283bb1b1d9709ede7-2526716.o
deleted: 5/3/61ef37a67329deea8a3c423e4313f9-14593.manifest
deleted: 6/1/ea10a23ee37a303d0410b094316a8e-4771240.o
deleted: 2/0/222e56b4378e7bf83dd90d5c8d3cab-11963.manifest
deleted: 6/f/1a745cf85dc52eca14babe7a0e67a7-4984535.o
deleted: 0/c/c07083fdde65a2e6041219fedce063-13024.manifest
deleted: c/c/e1df55634ee4b23b6da2ffb7a7d538-3948.manifest
deleted: 7/3/f66c7f0926c74c9c0275d7718f756d-31723.manifest
deleted: d/3/bf830b96fccc62cddfefb7ba336638-2781842.o
deleted: 0/e/3a70cb25b875938253a8b2a0ce07d8-1334129.o
deleted: 6/4/8f4fcef6a1b15182373a71768dc77b-1402.manifest
deleted: 8/7/8f800deb1e8b04624ef909bfbc9e1e-4516252.o
deleted: 2/6/e6b92e168bef27509410a7be5d3f35-36164.manifest
deleted: 0/a/dea5e92f4ce10a8c6075ba6792ccab-43577.manifest
deleted: 0/e/84e434f3a17bc1a9c44dc535bd781e-4429210.o
deleted: 5/d/b2c2ee985b16d373c4a5d5661ebf2c-6967.manifest
deleted: 5/1/d9270f310ae5a38f055884351de275-2611.manifest
deleted: 5/c/2d36b5c52d6e4de2ce9057d15b4b5a-6362835.o
deleted: d/6/71e597f0c440c7febe5a04a192c0ca-1603191.o
deleted: 0/9/bf6590e8862a38e7796dbb3f727835-3111026.o
deleted: a/0/8bf51060102f5f65de5f5a765a88a0-5721.manifest
deleted: d/e/9254699075290131d093b0b0882ff1-3494.manifest
deleted: 0/d/9d6d42b20dc5bf7935036703ef39f8-3350180.o
deleted: 2/4/67a52d8bdbefb22a451355d73755ee-31165.manifest
deleted: 5/d/b3d06cd0d867229e84676688960acc-7637946.o
deleted: 8/2/9be89db9fb5e4fa0662c7bdc5d9699-5446.manifest
deleted: 5/7/e48aa580493a63a1466afccd38515d-7112.manifest
deleted: 8/6/e497a503238bbf9fc1403d269b09d0-3111026.o
deleted: 0/b/c22a789b020324a674caa4ee48be3d-3494.manifest
deleted: c/e/b556875e090a2d28086490dbd0a017-2817385.o
deleted: 6/1/d56f6d0d89ad1d36c26329d33aaf84-2003.manifest
deleted: e/7/2c01843aebf6448275810d77564e2f-2798653.o
deleted: e/2/8d82ace7fea767820dc7e19d10fb2a-3474998.o
deleted: 6/d/d440e1407e65948e2a3c9e5aee31a3-20994.manifest
deleted: 8/3/4303a9768e826dd33c6353f7f3886d-2530884.o
deleted: 0/1/756957cbf0fd274eac468c27e82e85-7780.manifest
deleted: d/b/962e3d5d4e969606ddc709a441919b-3130762.o
deleted: 0/e/2938f05638415aef088760b28a426a-3506184.o
deleted: d/3/cc5218b147f1b213d7d3266334f4f2-2753989.o
deleted: d/5/8e541b06d6bb7c48e0c079b3269a9d-1540658.o
deleted: 0/b/de63ee2958da33472ea39134005fb2-6338.manifest
deleted: c/d/6c2e5ed8c82bfeb911e9150a1357ce-8935.manifest
deleted: 0/e/082d659f2af4855db293bc5f65d17d-2821762.o
deleted: d/3/0bcb4c2671f7195e0eeec937a3fa09-6646628.o
deleted: 7/4/c733421b04fb3dc86a11b0c54c3c5c-2838915.o
deleted: 7/7/e07fc3de8f85b38f92b658ce1a326f-5452.manifest
deleted: 5/4/cd384391df9a0448671e4a9c7b06f0-36843.manifest
deleted: 8/9/5dee5cf6d1d53fc57b1e0f92140216-2817385.o
deleted: c/e/c432d1c3e3687bf63e51694c3536f8-2843639.o
deleted: 0/d/9a22bec88502b3917424f5d5e21cf9-4510977.o
deleted: c/4/63373d3f2a4a7613357e0f2d005061-11853.manifest
deleted: 5/6/6923e849352602a8cf2997114210eb-1395186.o
deleted: 7/6/03efcb7d0f4beede8eae285645b6ab-7013.manifest
deleted: 0/3/f9a60f55bba7b2fd3952849d1fa2a4-35832.manifest
deleted: 0/6/3a3f4720fe270d49b584fcbba1b811-5942.manifest
deleted: 5/7/b00d0260bb2387293cd61af3565f0c-5002285.o
deleted: d/8/d1970763927aa23a522522d9047a58-28124.manifest
deleted: 6/7/b48baa2e4b3c01dcd7d2db1bb46872-3262384.o
deleted: 6/0/2e5f29f0178772d5e1324e7e980667-6438.manifest
deleted: 0/b/701503889a47ac272bcb31cc2abbaf-2576430.o
deleted: d/e/3dbcc4930ea4d656e3f5a59dceeaef-16439.manifest
deleted: 0/b/51c5022259672659b735cf5ed3a0fe-15024.manifest
deleted: 7/2/dc4a32ae3b376b4fecd41d7fb15f10-1777.manifest
deleted: 0/6/699cfcda844f951df57cbede3692a6-21535.manifest
deleted: 6/5/f319b3b7669be65ad6d4a883a4d5df-7472783.o
deleted: 7/7/63aef09350a80fb33bf3153d4ca431-5650.manifest
deleted: 0/2/d7654b5ef69f7f426ef7321aeadd80-4516252.o
deleted: d/4/2135b4741f8ed65379ebd8a41c5f54-31165.manifest
deleted: d/6/4427cc7cf8190fce8ef82c066fa315-4539217.o
deleted: 8/5/5f0ba05292ad04feca5e9abb109c5c-1612775.o
deleted: e/1/7f19cb30fec4088cf87787e79b3272-1527065.o
deleted: 2/3/88eb4bb9a75fdc3e2c1d169c229932-2167.manifest
deleted: 6/9/aba3f31eb6a93ce4ada4713ff0d491-5574.manifest
deleted: 8/4/e77563513c87a6f002af0dfb0ac716-1740.manifest
deleted: d/d/f81911ae8965f0238656a26e8cc2d0-2902162.o
deleted: 0/a/f027aef8e69b8a7d36fb08ef5d5154-5707.manifest
deleted: 6/b/0cd2d937aed62559b56b9025dbe451-18127.manifest
deleted: 2/7/aab43556ca4aeecbad47aa6b39fef3-5592492.o
deleted: 8/b/33174143f8a78080cbd9cba1dabce7-6759669.o
deleted: e/3/d2e6c71d4414689cf1e5a665c8819b-3098639.o
deleted: 2/3/64111efb0fd7fe2df8c3b3bc4817f9-1662370.o
deleted: c/9/81f9338ae48446bd0ebe928a91003e-1661.manifest
deleted: e/9/981bc1d5cdf2d426765ccb7e25ea0d-11832.manifest
deleted: 0/b/b6e52df4e2c0224c6449dc89545bb0-2999985.o
deleted: a/b/96e3e0d259d8382f521eb670a9f4d4-4482560.o
deleted: a/2/bf988c74047c50459dab65bc2e9c5a-2784.manifest
deleted: 0/b/425ea1d6d3eabc064ee6d00e10bb29-14298.manifest
deleted: a/3/15d22a93d89186b913896f49e0fd77-16439.manifest
deleted: d/7/5f4dbea4b3d1c78905cdc00f497fd7-1398219.o
deleted: 6/0/231a3ff179675f5b12b570d87bd22e-3360908.o
deleted: 0/a/c3f77d993c354dbf1fc204db7f7e9e-5934.manifest
deleted: 5/0/9a51e318abd042126bcf02e85dd1e9-5593.manifest
deleted: e/1/eccdc65b534b62a831de313277e5c6-4802044.o
deleted: e/5/e93c51d2009f3166286da025dd37b6-1947.manifest
deleted: 6/2/7020b9fc593bd62f53be4c12e49870-13024.manifest
deleted: 8/2/e2ba27fa702e6e932299be543102e0-3393675.o
deleted: 0/5/eba55c5914f183068c4e158309095b-2762963.o
deleted: 0/7/f7ed00e4a846044bd1b951913b437b-4031049.o
deleted: 0/c/8de9a43be26e91d43e7b9f09ea6d84-2089.manifest
deleted: 0/c/7e20a77b1d88f5796e89075b1b0be3-2526544.o
deleted: 0/c/a66e8a8de1eb07ee970fd377deed3e-5002233.o
deleted: 8/7/2c318596dc92f23eb6bb0ac3addf3c-2473225.o
deleted: 0/9/668824f6affa01d274a01cb335337d-2797216.o
deleted: 2/6/6dc82e9f093c4f0b13483f40ae4331-6254.manifest
deleted: c/e/66111b9a6a29f25101353434540c4d-289949.o
deleted: c/e/b121a27b2d10172fa5a89c18e27b2a-2095070.o
deleted: d/e/d5378346ec95714eb255b3c033d959-6621.manifest
deleted: 0/c/760006142389fabeff7d91f167b557-6937.manifest
deleted: 5/7/b24f7a681abd25edda50294db0df39-2676.manifest
deleted: d/b/728805b1526f5cfc72b67283216610-11679.manifest
deleted: 6/f/2deb94fde3d19449e2fec46851b36b-3494602.o
deleted: 8/7/5a2c0fab95a19947f774ded82aaa57-2012806.o
deleted: d/6/481a957f7a7ce5af43fcbf1b790e04-15852.manifest
deleted: e/9/c63a96467f12a778c846a82f13b750-5094170.o
deleted: 8/9/b16a926f990224bb674756cfdd8436-2966893.o
deleted: 6/5/f04f1a5e42125276d3cdf36b6e27a5-1594501.o
deleted: a/5/cf74ed14440489338bf689f1aea4d6-2329374.o
deleted: 5/7/0956b5d2de862252557d353e2b16b2-3079342.o
deleted: 0/c/9d612733c87f829261e7691f24034e-2606334.o
deleted: 2/1/11143ea11cafc0fa7f190e9e518c00-3108684.o
deleted: a/5/1d2c18211431f9a62e1e5f9ba42a1d-5313089.o
deleted: a/b/1796ef6ff695bd4f74e0344c7fc5d4-2938424.o
deleted: c/b/7c8dd247ee773713cf87056cda3e28-113364.manifest
deleted: c/2/9efd36f6ea5fe0d4039f541450bd64-7401.manifest
deleted: d/0/36f02476480fac397f1929ec3316f1-1772948.o
deleted: d/a/0b200461817adb8a053c1a6fcec049-3089823.o
deleted: 2/3/fa41b6887525208460f5185a0aecb6-7697.manifest
deleted: 6/b/797a13ac70e902c9c5ee47ab9a35e9-3031739.o
deleted: e/6/5ef7054ace3b5835991fd151e8c710-1015939.o
deleted: d/a/ec080c0d33f7e4a33b3f46f1015cdd-3039.manifest
deleted: 0/e/8924006ddf9c1e30c860516e93c9d7-262058.o
deleted: a/0/3a352c7f53cd72dbc38f8213fa4b30-6019.manifest
deleted: 8/0/988a578d334095367c7bb4c4b30ac4-4998583.o
deleted: d/d/b0902e2fde63a61dd91809ba26fdce-13146.manifest
deleted: c/7/78f40537c6e5b163e4e7703538f51f-10588.manifest
deleted: 0/2/4cde0d827d3d55e32361fb8935c52d-4445433.o
deleted: 0/5/9c7d7ff034012a3cdfd1ac40c8fd73-4503151.o
deleted: 5/a/cdaf6bbd57f8db435ab745f2334fc7-2966893.o
deleted: 8/8/d29c6f0a85b55ae14c51d3c149a5dc-2844093.o
deleted: c/9/23fc70606eeb257b51667c2394247d-102155.manifest
deleted: 0/b/e58c4857e073c1e3089763424868fd-2526544.o
deleted: d/d/e953b3fd905cc951b2be3b420caaae-2796466.o
deleted: e/1/b47eaf3724d8a0a2161dabaeb28740-3506010.o
deleted: a/1/d7727ca1650844ebc537d6fcbda8ab-6917.manifest
deleted: d/3/9400905da99e310472b72838f70ae4-1333470.o
deleted: 2/4/e95a160440e25d105c00f76c5cb2bd-3350180.o
deleted: 2/2/add379b1a79853ee47c862e09c33f1-244965.manifest
deleted: d/f/24584014e209c8fd6c478ccfcdf6f9-16378.manifest
deleted: 7/6/82174e3f40944514b444c78e34cb9f-6045.manifest
deleted: 6/0/a0fbacdc0ef2a55b2e1338108ac3ab-9360.manifest
deleted: 7/7/8f902ca6b70bbf6daa472d23889250-3503.manifest
deleted: d/4/fbafbbc481b0881d76435b73621fab-21104.manifest
deleted: 8/c/e3deb81bda793e16786b584055ab78-17704740.o
deleted: 7/8/276f910139c96c79c9952974c9d9b2-8797.manifest
deleted: d/2/0c5933ce8270d6d3cd782c9e8b1fa7-3992921.o
deleted: c/4/077651b975b574443f8b4747123e5d-11528.manifest
deleted: 0/7/1bec48768fad7285f45b605b86066f-2399.manifest
deleted: 2/6/34ae85f0d7cd30c788ab6f995ebcf6-11239.manifest
deleted: d/b/ee7f8a8f6c4408945612fabd49a853-7858.manifest
deleted: d/9/fccfdc09ab0be0f701be5365ba05c9-2838438.o
deleted: 5/3/549a3e60f0d547a84d633ffed9d1fa-4495449.o
deleted: 0/5/98f937563f0a3e43b0cbe3bd28af3d-1976.manifest
deleted: 0/0/6e899c96de5916cbdef251a49fbf2c-28829.manifest
deleted: 0/e/821479082ccd6ea9b4757ba4f95889-5412547.o
deleted: 5/6/96d79eec4f03fb6ce6a2f68f0a63a9-5692.manifest
deleted: 6/7/9451bf5c81f9dceb44e541a953353e-1283.o
deleted: c/5/7e85710c30d15630fe62f6c00fe9ca-1533691.o
deleted: d/f/00844b767c5a8ed840a0bd0a4cac10-4431486.o
deleted: 8/8/b0e43ce684855d8d11bd64c868ad16-1600958.o
deleted: 8/c/7697d7e2748483c08128c1cefc20b6-4806602.o
deleted: d/9/291a3b1c3debfda41c55664be60569-6544760.o
deleted: 6/f/2b67cc63c8012f83aae0f5ee299f3f-49918.manifest
deleted: d/2/5be9d1f10c4e5fa6077cd866a93aee-2459707.o
deleted: a/9/43f8aa64a145243b5ed2f6440e647d-2398.manifest
deleted: 0/6/f892b23b6cc6729a8b1ea1a3f78355-3822714.o
deleted: d/8/f35fc576b6d1020926c0f4cdc55b22-2655515.o
deleted: 0/9/c993312c75fd918d0e3ea37423ec27-11013.manifest
deleted: 8/0/3cf513e50c641128444a3a55474170-3400481.o
deleted: d/6/7607dad789f0a9d5d0528519938cec-4716954.o
deleted: 7/a/421c1028efa35850710c93d660baeb-5664808.o
deleted: d/f/428a629caba7d1cb8a3b71c5e03c1a-8171.manifest
deleted: 0/d/4cc66e958316f0e547139421714b8f-2494796.o
deleted: 5/b/28a2dca9f43648c3559a913a6f3076-44052.manifest
deleted: d/e/edc60955ed6cb59ea1a9c7a591e9cb-11139.manifest
deleted: 8/7/fd666f340500044805975d51ddff61-39145.manifest
deleted: d/5/720d8411a0b3004fd56aa186fd8573-7593.manifest
deleted: 0/b/430ad17ad619a71c516cbe16e86f77-2089.manifest
deleted: 8/2/af056b4c417c4cb856a67e4b9a64f4-13163.manifest
deleted: d/9/22414803865048baf5b4b73c185119-9101.manifest
deleted: d/4/eae51025e2fdec4138513a5e5f97d9-6855.manifest
deleted: 5/9/2d19c29439b3d7867482a5373780ad-3185166.o
deleted: 8/8/baf25d3cec53f36fd2b89bf8a37d50-1372146.o
deleted: 8/8/af138320a42ef33d0ce5609da8ef41-1942.manifest
deleted: a/2/3ca31f766ad5c0212a4ecf7dd7f130-14298.manifest
deleted: a/2/bc21e47fb0697702c595728abed0a3-2693335.o
deleted: 2/4/48d2e08ae714acff9dfa21cbcf54f8-7548.manifest
deleted: d/b/96312151ff52fa1a663beaf399891f-2024124.o
deleted: 0/c/90fde0d0c48bea5e2d8416939a46d6-4083623.o
deleted: a/4/ae4e0732f3556e334defd070dcddee-1522595.o
deleted: c/9/0bdd5aafaa2131e5f1493910fa65b9-5768.manifest
deleted: a/5/3dd150f43f5c316ad2d65a460724e0-2340833.o
deleted: d/f/3e77792dcb9931a0341c6a47c1f968-4519855.o
deleted: 8/8/36d39c22a4788615aae8cd51e60262-7697.manifest
deleted: d/f/372214db718cfffb41dc7a9f594158-45343.manifest
deleted: 7/4/ac2f82f2f17ec80b4fbf98636b3428-1654.manifest
deleted: 0/d/8b31432cd6e1a84a0dda1bbc4958ed-3494.manifest
deleted: c/5/b88e968b8e3272e46330a16f48d33a-1495.manifest
deleted: d/d/47d316eeb820aa0eeced1a0e8f4fdc-11963.manifest
deleted: 5/8/7c99df079d12448542e4914dead1c6-7015.manifest
deleted: d/e/5d69c6158c336ed360d3ec7b943fe9-3267823.o
deleted: 0/e/7668f04499ea2e240880d65f386e31-87766.manifest
deleted: d/e/e82e12b9f2da89ee1deafec1a3b2eb-2156734.o
deleted: 0/e/6e50c88f12680c7e3472a8402ae970-16378.manifest
deleted: d/5/9816795df4b75cc5227a5d5cc2c29f-19011.manifest
deleted: d/d/5978afee330717cf5d7d69154aea06-3016366.o
deleted: 2/3/75287e1fe459ce76f3d8302a2af333-9824.manifest
deleted: 6/f/1ee802de7ccabed9ee50f7036503fa-4208.manifest
deleted: c/a/fd8134ac14b2ace0228a2588e26bd9-1740.manifest
deleted: d/5/bfab9a21927ef28a6a6b90db21a678-6318.manifest
deleted: d/e/dff040bc0f59da17cb15c8eaed1582-3497.manifest
deleted: 7/8/cc5378b76be4f9f589cb76e21b61ae-6500.manifest
deleted: c/e/b50847afc44a1fe5a73480265cfbac-10588.manifest
deleted: d/0/5b364c1e07ef4d5a281919b92e4b1e-2431110.o
deleted: 0/d/115d5ab21eb65cb8e2150871fd11b1-3078.manifest
deleted: d/8/d3f885bd509a31591e31292159663f-5755.manifest
deleted: 0/c/046355830ebeded16529a018495151-1338917.o
deleted: 0/d/498a8f7b33d82f8a16eb28200536ff-6549.manifest
deleted: 6/f/052456ab5277877857733795d7e5bf-6869.manifest
deleted: 6/8/6c24ed1869ce34ba570139fbf848c8-25448.manifest
deleted: 0/a/cb483ebb905ec5ce872dd5419ec63e-2855435.manifest
deleted: a/7/1c16f87841c059df216d21602e97f2-3088195.o
deleted: 0/3/7312ba245b97be54789f149b4a09bc-3814171.o
deleted: 6/6/828562a12c04864372ed06e4e921c8-13292.manifest
deleted: 6/e/00b89e01f01dda7fca9ace92b92d46-3299697.o
deleted: d/e/68c948db778655af97599298efac1a-17967.manifest
deleted: 0/d/24188f5a1f3032040abfd710facd63-2340833.o
deleted: 2/5/568b83e3fd42128cfdd00d4a21e298-6969.manifest
deleted: d/f/12751f519e201bc71d6e899f75f3a5-8935.manifest
deleted: c/9/7763dc60abe8740c15399e7280c3b3-2014404.o
deleted: 5/1/a873d521119abde340d78c2fe6421f-33799.manifest
deleted: 8/6/989803e3690d864854c22f6b93e820-20125.manifest
deleted: 5/2/8437bfd0e14e495f1afa7b40c57dba-9380.manifest
deleted: a/7/e3e9c07908e4d0562cafef1a6cf58b-6855.manifest
deleted: d/c/c4d442996354ddb2dfdc8c2417fa87-2896433.o
deleted: 8/0/3f25a8e59771ac8815255c709c710d-1393887.o
deleted: d/5/79e7a469b898d5d8519eff532330d4-11650.manifest
deleted: 0/b/3c14dae3ca85ee1fececb67083b7f2-9492.manifest
deleted: 6/0/073582cdc0d07a628d722e9b5e62e6-1818049.o
deleted: d/f/21600bf69e57c28508fa69f6902db3-2459.manifest
deleted: d/3/f73cef1a019befd66b5fe0010b5760-4761844.o
deleted: d/e/8445b288f43b0abe09a2f5f6b9e206-7907.manifest
deleted: c/0/5ade281fa6d7aed69c3dfd3f1fa745-9841.manifest
deleted: 8/a/cc5d0e6373940661a74a00eede9179-3614.manifest
deleted: 8/3/fab582703c6ab12e1bfbbe6eb5b915-3198.manifest
deleted: c/e/34a663d3abbfed12e8015b544113d4-5719.manifest
deleted: d/e/eec3e2ec701f63cfad3c871a5ec087-5127.manifest
deleted: e/6/a6a8da905b373c682d31ba2aacc4c3-10299.manifest
deleted: c/0/9f4aa5ff763390e9fa1bf8f1f1e5bd-11169.manifest
deleted: 0/e/6d0285ab39aa87d9dec8665130f63f-4709.manifest
deleted: 5/2/abc53f4538fd556d40da9247eae7ab-4761844.o
deleted: e/4/6df1d0b7debb1009e359cd4a1a6a03-6135.manifest
deleted: e/0/1e50434c43143a915d8554a1361896-2056140.o
deleted: a/7/328e83e7af624908138e1a75eb27a8-58131.manifest
deleted: d/f/12266b541960e98984529a5d9c54f1-3262194.o
deleted: 0/a/c23eb994ece9ed7a62b356ee690087-78577.manifest
deleted: 0/c/8ef6faeb6e92a8e6181085f52c1c57-4564415.o
deleted: 0/d/5febeab6281d8f4bc1770a054230f7-4435439.o
deleted: 2/3/9816bbbd7751adbd3733689ea43d65-32981.manifest
deleted: 8/7/8b47ce12032942442cdddceb71baf5-2862.manifest
deleted: a/5/f5c064da9878057a77cac8f280e0ff-14712.manifest
deleted: 0/d/977ec8507bc04bc47e8e21d5ab15e8-4431276.o
deleted: 6/c/491c6e0f301047629e9ee22b48569c-2372032.o
deleted: c/e/caf03f9fa269b039dd21c4a670dd08-5018688.o
deleted: 7/7/a873a1d5991987ae2d4d4142e3ee70-4694760.o
deleted: 8/6/add83f481dd802871945a0a18f4872-140647.manifest
deleted: d/b/c35555e180dfe1002939126e10e8b7-13584.manifest
deleted: 8/8/77fbf0050dd1e128af5f8a647c510c-15038.manifest
deleted: c/0/3d7e3ba53a448a0a4753705b679c42-12947.manifest
deleted: 6/5/3651803c6d43fda3f54c9dbd01920b-2388620.o
deleted: 6/9/766aa33133978c00d442ab9719f4d7-13449.manifest
deleted: 8/1/dd55f8c994661e06354e03844047d4-2296344.o
deleted: a/4/ea8f491cffd437a67e7b0e8cbbc595-1334755.o
deleted: 7/2/498d62c077065d8dda20d3861d5885-2907347.o
deleted: 0/5/6469fc21785cd226395d300f65159e-7677.manifest
deleted: c/e/795768562185cde15948e85797767d-2838915.o
deleted: a/2/67c0727d2ad96ed1117d320db6d6e6-30788.manifest
deleted: e/2/71fe17e51d1849940efd7a10140b5e-4698364.o
deleted: c/e/c894c76774a1ee0f10bbb3b04ee59f-6967.manifest
deleted: d/d/1c7d53da3849491ad040a56dbdee02-4687.manifest
deleted: 0/7/77360a583e56fee7c8161279e77f79-301327.o
deleted: d/d/aa5eb33c8888b5326b81312eff1aef-2191173.o
deleted: 2/3/02af302c20ec7f4e397838136448b8-3494602.o
deleted: a/4/b2a015bf0cad438c433249c0c8a729-4754871.o
deleted: 0/c/4d63195a863e6de0f51a903b3281f5-2855435.manifest
deleted: 2/1/111df2a870b058575e8d5da96769d8-12337.manifest
deleted: 6/d/80cc60138129861940589928761664-6869.manifest
deleted: 8/8/2a4c3e7adbe0ac165e3328c0e3a0d1-4760.manifest
deleted: d/8/e19abce7d029772fe2a2b3ad0d50d1-4192.manifest
deleted: a/3/5934a304f4577911e129e59ac5dfdb-13653.manifest
deleted: 2/2/b3c8e789cdcf62a76a2506387926d6-1484.manifest
deleted: 0/b/5d6ce7ad919cfefc53fa33de0a90ce-3299455.o
deleted: c/2/5ba4047585781ed1d54f61aedb16b2-4511167.o
deleted: e/4/61e62cf1869e16c5458adafe8c7dc0-1341671.o
deleted: 0/7/94ebd8bb93ece6123101aca765e317-86847.manifest
deleted: 7/1/934e9dd5b3bd9a9a3dd19f0e1422b3-4429210.o
deleted: c/e/451c3ea25ed6f445f1caf354f40b8a-7108814.o
deleted: 5/4/486a27b6bcbddb1e7b58422899de76-2765444.o
deleted: e/5/0c55d99d9e462e26a0f4b3c156c0ac-4928427.o
deleted: 0/b/4c935c542c702c03aee982a0cfbcb2-14457.manifest
deleted: d/6/490a87c823f7891b22c4371c62c806-289949.o
deleted: 8/9/6646e7c6a1502ab966935380cdd3c6-2491664.o
deleted: c/2/1ae3d4d526249fb1620a7d6cb769b6-24854.manifest
deleted: 7/8/0c41a2ec1fe5ae0ef720c490a906f1-6779832.o
deleted: 2/7/51acf1e8e56d432521d879d302eeca-3624.manifest
deleted: d/7/c441fad0a129d69172328e52db779b-4876.manifest
deleted: d/e/a4c474eb6950112707b0f47bb0274e-11239.manifest
deleted: 6/4/0faa1fda3325d5252f8fa10552b349-3119395.o
deleted: c/d/8633233f01a3b01bf3bc3266fe47f9-3306908.o
deleted: 7/9/dbc26dcaadfd2cd9a010f2b001251c-3273437.o
deleted: 6/7/8ba118696ed4534a3f88e4eec877ae-2527760.o
deleted: d/6/5ad442c6af5c5850271e4f1b5fd25b-12947.manifest
deleted: e/7/6d3887160cc75ce700bab9b1cad22f-4493585.o
deleted: a/5/c80c3ce6a75238e82bf9c0f9d9cae8-1543930.o
deleted: 6/c/e70d8783b992b6c6febe89db361cb9-6723.manifest
deleted: 0/0/c384f32ae11bf69b5d12845371e904-4966248.o
deleted: 0/d/b5048fd03b098297e139958f342a7d-1484.manifest
deleted: 2/4/d59c43f09c5abce2c089db109eee38-1543930.o
deleted: 0/c/d94ec98f4bed80083170e800f1df27-2296344.o
deleted: d/3/94adcf9f1c598ac2738761b7b0479e-4192.manifest
deleted: e/1/0a38c9cbd78875f9db7665450ab15e-309809.o
deleted: 0/7/382d07d722caae39aad7eaa7ec295f-1835.manifest
deleted: 0/c/f96a142b3af00212f97fc5f1131b25-4765219.o
deleted: 5/a/84c67e2c7507c683e0146c5eee4615-4786263.o
deleted: d/5/e646a233990717925323b05c90bbd0-2843639.o
deleted: d/8/a31f22dd45ed9617186cd45b95cb40-3299697.o
deleted: d/2/91feba39099155aab17718a2151e03-52190.manifest
deleted: 8/5/3f1c611df3c3d93d99428922ce5ee2-4427.manifest
deleted: c/a/f13a0b3dfae6ead6f4fa027ebcbd8c-6330.manifest
deleted: d/f/2cc31925f590113c5a3721883b8d4b-1527065.o
deleted: 8/9/b17b00018bc61973ba18409fef74db-3182364.o
deleted: 0/7/f70d8e5519a63b5fe4e47c011ad420-2327145.o
deleted: 7/3/697e1b0d3004cac08e67dfa29e3faf-3071795.o
deleted: 0/6/b53d1200fb341a724868a05d2e3e78-6751.manifest
deleted: 5/0/1ab466cbfb99673570a7095d62f4ac-6646628.o
deleted: 7/8/c6273b7ad984cb1bbdf8fc62f09dea-18501.manifest
deleted: 7/3/3a09859561ba71c20c34ac09ae0baf-1942.manifest
deleted: 7/8/f5a77ee0d195b6811a35d670cba545-6358.manifest
deleted: 8/5/3b856f285b8805561908ecfa6540a9-2682692.o
deleted: c/0/bacd2698b99e53ac83cf2b68415d29-22579.manifest
deleted: c/e/8909ae73c765260d1c5b2a08563f7a-5721.manifest
deleted: 0/b/0d03d750011b8ed20eadb6742b43e1-5789.manifest
deleted: 2/6/11df53d508555d2053013de699adb0-2739220.o
deleted: d/5/3ea394475d24e70b836ed80f73e40c-2031623.o
deleted: 8/7/a4e3f30985dc94187598bd8b8207e7-11149.manifest
deleted: e/6/cd8da768fb5d372eb1a81fa845616f-2280.manifest
deleted: 0/b/adcef7a45d8076c409fe7d0bfc3e33-5765.manifest
deleted: 6/5/e93f51d1ba17ed0d6c00330685fda9-2895280.o
deleted: d/a/7c2f6d2618a2d477d34a2f4fe724af-17967.manifest
deleted: 8/3/0b5fcf8ab142135466303ac4ece924-1600958.o
deleted: 0/c/72d857cd5169ec94b379264f36017c-11650.manifest
deleted: a/8/08a37533926df9962aff284a7e871f-4826264.o
deleted: 0/d/105c84eb870b36f547c4316ff9ca51-11210.manifest
deleted: 5/b/f5fbb977b307ff3c4fc7094cc0711f-1334129.o
deleted: 7/0/d47c5473a5483e5fd2b53cf23bbdd6-3505760.o
deleted: d/6/94f0bb92ad0c1f1c88b1611fa3b103-4084015.o
deleted: e/3/c46fd2a6b85e9e11380303427320d8-1755231.o
deleted: 8/6/9ed0577387f520f371f7e7cfe58d09-4453.manifest
deleted: 0/0/7217ff6d9f5c1167a19d3027dfc58b-1603191.o
deleted: 2/2/6be80dff2a2ef521ef61f463816738-6438.manifest
deleted: 6/e/0903ecf70f4e836d92abb8affef48d-1772948.o
deleted: e/3/84ee59ee37f779d807038a453f1e0f-2729.manifest
deleted: c/d/387fc659c56762aff5dd815ab91383-4836972.o
deleted: 0/3/297959a449eb474f45d964e191a2b3-6969.manifest
deleted: 0/c/3006379abf1adff0c88d69a1305bc3-1407.manifest
deleted: 0/e/5e3bc60debe285654e7ad10a54580f-49918.manifest
deleted: 5/1/8aad1bcdf3f36d913dbd2f4f5a416f-14189.manifest
deleted: 5/8/ae3268be28a12d61e81ea476f92d7d-13923.manifest
deleted: c/b/4475671475ca7a816401ee53089ec3-3681265.o
deleted: d/6/fcf480f8d076522fed9f27cc78c443-34049.manifest
deleted: d/8/22b76a7154016a92337b3ee8f1c8c3-5726.manifest
deleted: 5/7/b0d3864a8f5f1a213d0bbee6d0125c-11139.manifest
deleted: 0/d/12aeb62e4a8b196c3678c149ad4f0a-38297.manifest
deleted: 0/b/7a75f8f8b01e78de38c63d0d600c35-5127.manifest
deleted: 0/d/b689a4f8d8eecba7372fc39a2b6d41-10624.manifest
deleted: a/0/394d22acd6c3aa700038144737a7ad-5119226.o
deleted: d/1/89b9818dce9fae3b84bc47b5991146-3798840.o
deleted: d/4/dae9d5987fcd03ddab24ddb22d33b7-2095100.o
deleted: 6/1/05ad9d5e8e18563f9ac4f8d7465c7b-2453.manifest
deleted: d/a/f8326d638a205937f4bc13b192ccbc-2055809.o
deleted: 6/2/a464dd3ab1b00e843f0fe5e6b51725-2459.manifest
deleted: c/d/be6b991467d66e2e6469deb6f45e95-4745.manifest
deleted: 0/b/7933c764fb8b24f2a312f19fa1ba13-4435249.o
deleted: 2/6/54b96d03fe737cc39e56efd94a2215-12790.manifest
deleted: 0/b/663d8580130e8c35c2738b8c37f6d5-262058.o
ccache cache size is 167Mb.
Uploading cache ccache...