SHA for cache folders (/tmp/ccache_dir) is '41c49832711db8bb41c2c1952a6226e00cee0faeb828a460d76e05fc00d1c1b3'
Cache ccache has changed!
List of changes for cache folders (/tmp/ccache_dir):
modified: 3/stats
modified: 5/stats
modified: 6/stats
modified: f/stats
modified: 0/stats
modified: 8/stats
modified: b/stats
modified: 7/stats
modified: 9/stats
modified: d/stats
modified: 1/stats
modified: 2/stats
modified: 4/stats
modified: a/stats
modified: c/stats
modified: e/stats
ccache cache size is 692 bytes.
Uploading cache ccache...