SHA for cache folders (/tmp/ccache_dir) is 'da175b82b3e864c4ddff41ffdc533da08679d9537eb51e1dc26b53e788128c6e'
Cache ccache has changed!
List of changes for cache folders (/tmp/ccache_dir):
modified: 8/5/stats
modified: 5/4/stats
modified: 5/5/abc1plfi9i8bf3kaok8rmvmb9lkuhneM
modified: 9/c/stats
modified: a/d/077ugd4j0k5os2h6v2e1m8ui2a6815uM
modified: f/1/95sl644kmur4g7kkkeg4t5hm701gs3cM
modified: 4/1/2d065aehpuvubq4kuuv7dtc27gfnutoR
created: 2/d/79i1fg6mofpn8uvtgc5n5gsslcijd9aR
modified: 4/7/stats
modified: a/5/stats
modified: b/5/b4dfhvp9ft4ogk7pkqil807qs80mnboM
modified: d/4/stats
created: d/6/9din42vma8g464vclk67eps136cb2bsM
modified: 9/6/9cthgiel3h6dumgv9v2g8si85s4mak0R
modified: 7/8/stats
modified: 1/e/stats
modified: 6/a/stats
modified: a/0/stats
modified: f/stats
modified: 1/8/91gs5rinp1jm7o5tsej7n8t2pebq9amM
modified: 2/d/stats
modified: c/0/0dll3vpacrvlfm5839qo5b0a272slbaM
modified: 0/9/stats
modified: 7/2/c4mnob5jqeat65gt1jduvnrplqs07q0M
modified: 6/1/stats
modified: 3/6/9ej0r847oj7oq1oa93o4u0u64p8psjaM
modified: 3/9/stats
modified: 8/7/56fou6prupp6di5ckcu6npat35t5fpgM
modified: 2/a/abhl950fltq7440ln91vb859nul9nfgM
modified: 5/f/stats
modified: 6/8/e62jmi1fhlrvh47fqs6ephbqll9geo2M
modified: 8/8/stats
modified: 9/d/stats
modified: c/7/0bviduaahc8vci9kmgu6q6cdmounuaaR
created: 4/a/95hk5bdb1bmiocfvboajkd3qr092g8sR
created: 6/f/d5hjcvb4bjmruclm2p15vi9m1k0fq9gR
modified: 9/d/21k61cor6f6ovmefadgllo4polcq7lmR
modified: 4/2/27i78888rfndst972dsh9esmqc6e1tiM
modified: c/0/stats
modified: c/5/cenfic6bquniti07k00m3j30torcqgaR
modified: b/b/dak664nbfioq5i6u6j3jgvrrsdqn8pcM
modified: 1/0/61fes5jt40ddm11bf8tl7bu8cic0f4oM
modified: 6/9/d2hqn7g5hfq0bivnf4dt2ss4jnms6ngM
modified: 0/8/stats
modified: 4/6/stats
modified: 4/8/168vfblbvpn1fac0efqqrvbu343lgg6M
modified: 5/b/2cnjual9lgfuqrdu0p2pvb13if9e8veR
created: 5/f/a254e3p08phpvtt0ubp05iq26f5iokuR
modified: 6/e/stats
modified: 1/a/stats
modified: d/4/40d9tk0v531h103qvc3kh34f0bgiufsM
modified: f/2/cdugf2rp49bs03ccgdn7jbk6ai2vitaR
modified: 0/e/197ps0akgkjbr0qf58t67dln6r7llocM
modified: 4/0/stats
modified: 5/8/0djv28g2ognqal1h0rlql8ugeg8tkdgR
created: d/2/cfuf6r8hnna2liubh1msaj03gtgpdn4R
modified: f/2/aa7afgnt22mn3js0hj3l1ahbc4m9mk8M
created: d/8/977lfqd8d3o1ffurr9tckc20sa9e8b0R
modified: 7/e/stats
created: d/7/c7g5od8j9mghbjdssbg7aq40qsomqj4R
modified: 9/6/stats
modified: 7/0/stats
modified: c/4/9bqtpoq7jfia1gduvcgkqpbbb4tsnc6R
created: 0/7/a2elkvsu0k8681bulvaus4qjqhq94i0M
modified: 8/0/dcisc8ve2h4q65sfjei65lg29gt4ht6M
modified: a/e/141c7mt33uv8or1mto56jegrm5vdtrmM
created: d/7/a7djt2d79mc602h9felq8iifso3a24aR
created: 5/5/388r0bm4h4jv13g0jp6vorv2jrep1ooR
created: 6/2/d93hhf95cb1caguhk5u6da921m4rqg0R
modified: 6/b/26582ok6vpub9aq2de5baik02cg2ou0M
modified: 9/b/9adu8k5ui1e3rtqldnvikkalro46rnkR
modified: e/7/stats
modified: 2/f/stats
modified: 3/3/b5no00aoqp04d1tmq94e86plm3hlfp2R
created: d/f/6f8vn3o7cu9sk9hrm9dvd1upl8u8tpaR
created: e/1/67alnfnqi7b11umr081kb94kkq625s0R
modified: e/8/89s8ia0l3e0fij02qnfecqpss9994e6M
modified: 1/8/stats
modified: 2/4/stats
modified: 1/5/stats
modified: 5/5/c479iflqho3tgec28ir5s8hc8f98tscM
created: 8/b/09r3uje681acte5imm2a36g5k5nqrfoR
modified: 1/d/c1gug0ui7melksp43tkkvblh74cer9oM
modified: 2/1/stats
modified: 0/3/stats
modified: e/8/stats
modified: 0/4/92i2p7urvdtv00sn8qde9t9b8528bmkM
modified: c/5/610sj10pmsh48go1qj8ned6mlp4hfk2M
modified: d/4/9ed1a6phlgbkgn6mmv2dh4r5589033mM
modified: 0/2/82egiccqo90shb16fe481fui080a79eM
modified: 0/1/10s668r958fihkta4co8ljb59hk69iuR
modified: 9/e/966krga3ug3ap26kg6f2oeppu4ch2r0M
modified: 2/c/stats
modified: 5/a/stats
modified: 8/0/05jme2sa24ot5lbrcja1rpnj27brsbkM
modified: f/2/e9a4vb7lktpq1ilmpq4og01fm524rbiM
modified: 4/0/572qadspnsorrqpgrkr2b9k4l54h2j4R
modified: 4/3/6br41th6lm537kbb7u8l458ubcittgeM
modified: 7/3/stats
created: a/f/31ltqfs8uu8l71lavfhk8n4lat27ak8R
modified: 1/9/stats
modified: a/5/06keotds34bf5phrd0m4i39a2reh0seR
modified: f/7/stats
created: 4/9/8224p9pj8mbs7pci8nh5rhqs65oqq52R
modified: 5/7/stats
modified: a/2/stats
modified: c/4/2fmu8omg80n2c77n76eida141jchkluM
modified: d/0/8boq1f1rpusp3nupenmfcsaig8v0mikM
modified: 3/3/2735r3cb8erg9tf986ea23m160d4kq0R
modified: 1/9/4c3ejm3uvmalg7j8c69jrbaq64ub6hgM
modified: 9/3/stats
modified: f/3/e013u25jvh46a94a2vooij4cbfsrchsR
modified: 1/6/8c0j9tnp91d3l6l5vc88fq8l0174g5eM
modified: 1/7/f5ssc35tknd33jt9iisckfk7nteinfiM
created: 7/f/60sus55acbq681140d4it15bgubg63iR
modified: 8/1/473jooqk2u1e89tbvca85tlmrtq80ogM
modified: c/0/1dbe7utdgdobenheco15dsmit27e278M
created: d/2/7f7ma45h8t19blkds498d297po4feguR
modified: d/3/stats
modified: 0/7/d6ntl945c01ha1le0or6ojb107gg99aM
modified: a/5/aaih1gueqjdrhoro2r1bp6vrl9n8pq0R
modified: a/7/a42v1747vvkarvan6fvh0428gbaovq0R
modified: 8/b/stats
created: c/c/efkm46j956jddgti8th90ufsk1hre6uR
modified: 3/0/stats
created: 5/0/0cl37errpr5sagqs62e2b6qkrn00idgM
modified: 7/0/f0vdd33hj7ik9ib75v5habpv2fmcd0oR
modified: 9/c/4dtv977ghh6hq5jmiepc8j076as9omoR
modified: c/6/3fvvhc94mmosuq6fs4eu20r79cmohr6M
modified: 1/6/67tcev7ur6qdknnj07boe9ns5ao6d10M
modified: f/2/6c9dcpbvvqgavhuoiklc2jrmobn7kdgR
modified: 9/e/stats
modified: f/7/d5pf60df63jrg7dvrbncbds5gmhcfauR
modified: 3/7/stats
modified: 1/4/55f4ms5s860njf288htknos74v7f3nmM
modified: 1/e/69k8avfunuvkcum0k4bt99n8dakt6uaR
modified: 6/9/stats
created: 9/1/5ds0b2t91hoeptho8rpm9gdd9btrtuuR
modified: b/b/d42am6sd7ke5j2k4fivt80ng1sgcjkaM
modified: 1/1/51f047t87ni8iltlmqhr6ogqu4kmmduM
modified: f/2/stats
modified: b/3/42bkajn63a6o0a8qpdug7mm1hsid34mR
modified: b/d/315a604fp9evokfbg3e27t9o5ni4hseM
modified: c/f/stats
created: e/a/e67h8dpjqaf09etq3tqmqftm9iaied0R
created: d/1/0cbah3q0o801u77n2ddf49j5je36rjmM
modified: f/3/75q0642gu9i6v24a6v9hf1ale9g0p4aM
modified: 3/7/38dm4athfcqma4aeis8msmvqdk2d26uR
modified: 5/2/stats
modified: 6/1/4ekafagtmmp5db2d96cougrho81b5msM
modified: a/7/stats
modified: 4/5/stats
modified: 5/1/603rp54dptl8unvhnea00vgme54s0ckR
created: f/8/97oo1jahing1k9tdh0lg6gvktfimkk2R
modified: 1/a/9ahqrvsdiq4s9hhvkrj5a91g32m0mkmM
modified: 6/d/stats
created: a/e/5c28agp4vlihqgd4nc1e0033oce7bd4R
modified: c/4/afl6i1nkm70ljtgmdh5epqjtpqhjpbcR
modified: d/f/4748e9rlpmkj4762s952ip9lmntsn8aM
modified: 0/3/6e543jpshv9uaisvvua286qqraitguiM
modified: 1/0/55bs09pi84623gledb22g46kra8jtv0R
created: 9/c/348tp3nj9thi49sjkrsms3icb68e44uR
modified: f/6/982kbd97g80aefacrijesi7ms8d2ncqM
modified: 0/4/stats
modified: f/4/93gco15689j1mkgir91p4rg3glf1sukR
modified: 0/c/stats
modified: 7/6/a74ph3if3aqk6bnf5glaaf37s1oe84kM
created: 0/4/9fg7b229dahgrg8u0ph45g2mvlb5igqR
modified: 1/1/d08na4h84l044cpdtu1ud87upnfbgecR
modified: 2/a/stats
created: 8/3/4bqa11qtbgnhmckpur4ir2buu4sjg5oR
created: a/a/a99c3vr4bf21lt4mscn0cp5t54a6boeR
modified: 0/5/38jd628jt5bon7jgomdi0e74hvla090M
modified: f/8/88ghp8ritb67fks17rhrbgq70oifs8cM
modified: d/3/38rn4m30p9dv9a4fum12upge9jb2ogaM
modified: 0/4/6596j6uva3qfi7o5u3l1ovpbkf7n4riM
modified: 3/0/1btjo13pa7qm0658beerqvsigprfegoR
modified: c/f/efa0b124oph6h6ahc1qq2aifm536584M
modified: d/b/018i0lor4b0gqao7hf13krfbrr3qvd6M
modified: 1/b/1c1bbpnessggfpe5sd02rjii58sq2giR
modified: f/1/1169d6dbkqh90mg5m111peqn3icafhuM
modified: e/5/stats
modified: 8/0/stats
modified: a/f/472pq1iedkb0rb327d72diu0vhqilg6R
modified: e/6/80nnp7ef451qverstg3e2b2qkcon45aM
modified: f/a/829s6u50o6bn0sm82plqfi5sbudji9aM
modified: 9/1/a5m4p96h62h67f4n6rjtaq3ubg65pksR
created: a/8/16e5s9r5c8epgd66n64c05a887n0lnsR
modified: c/3/bami4i5l5pr0o5mecvlf92gf2hsdvp2M
modified: c/4/93u5ddhmasrfmpa5170ppecpeus8j8eM
modified: 4/4/stats
modified: 5/8/b7km6buiokhjodkiuvd19g0hlgfaecmM
modified: 8/2/stats
modified: d/7/stats
modified: 3/2/5aqtejs2ol7pfut7m2nau3c5em355uqR
modified: 7/0/75kq0tmjlfmc3s6sbclhd223rglitqcR
modified: 5/0/17kbrda9jjb7j1eqe0glequd84gi1nuM
modified: 5/0/49flu3ga64efrqqgf1s5ge6iv5o2olaM
created: d/e/deg17eo1d8sj0udshb7g6j7rf89opaaM
modified: 1/4/stats
modified: 2/5/stats
modified: e/stats
modified: 6/3/0dbbjo6s145km2d9cru10dd5n5acs7iR
modified: 7/4/stats
modified: 7/3/a3dlim25rip6jospof9o8j5upadthemR
modified: f/6/4am867bojuusloogtjjfi4cvqclktc4R
modified: 6/b/7bhs6cd386hjdh9r6muajc1aoetlagiM
modified: b/4/8civaoo2i9vkjg440jr5gmjafmmrdqmM
modified: 6/7/e8a6lo1471pq526klq47vr7vi4ehdomM
modified: a/9/8fj6su8have6q2h4tl4vmkmpi7lreusM
modified: 1/7/19f7b8ovhbpjr5nfld9ec383v5bkq4iM
modified: 7/4/a0c3teuprdhonvq7m1jnm80irqee8cgM
modified: a/2/2bdt456h033diofkt87mum78fbi78a4M
modified: a/5/545m402a8pephimqf04c593238un2feM
created: 1/9/87m5kbgfapbf8igm9i3849tlsdo1al8R
modified: d/8/stats
modified: f/7/53khmcrjn6d50rsq00s39mdhafhptvoR
modified: a/f/stats
modified: c/d/stats
modified: d/6/stats
modified: 6/5/bamdfdhvv6418f4jo6ur2tmcrb3hb52M
modified: 8/a/919mgpub61j3pkj51go7o9mgemh46i8M
created: c/d/40hk30ds2to9mhjqnv11e78p6m7bnb4R
modified: 6/c/d5h1nh5nrv11ruhafsflj0r36f6lvn8M
modified: f/f/325snq39gm2aq5u9gabbvu9fo4ell38M
modified: b/3/stats
modified: c/5/stats
modified: f/e/stats
modified: b/f/stats
modified: 6/4/eais5tvmst0nl5ud2dv5tjch0pre778M
modified: 4/1/stats
modified: a/c/stats
modified: 1/0/8d56cmf03khh1o6p0s8v07e61tp3p28M
modified: f/7/e1n9vlbqh5ig7h4rr0i9kdki98rq8koR
created: 5/6/fbm0nc04s1hnmb3dm139vrgqh4908esM
created: a/3/0e14efa811ol2qq3hmeckl55sof0hfaR
modified: b/3/d6rn7a9i72simdh9vrlluutt4fe38k4R
modified: 0/1/2brd11s59umtng4tob3eeooe7lm1leaM
modified: 1/0/7017k104n4cmavk67s61ic1m22qiqbuR
modified: 1/f/stats
modified: 2/8/stats
created: 7/4/41n19qcfqds8vahsedkcvg7ka5rfptmR
modified: 7/6/6df9alggl78q09l584ba0d3163oa43qM
modified: f/6/327bsbh2742f0t3lqm5ihvrackvtn1aM
modified: 4/d/stats
modified: 8/0/42k85905h3vruj6di0ii7u8ru8j3050M
modified: b/7/cfn0dki72u5l0doshdsp9lpevfofpmgM
modified: c/c/22it11i5p3pf5d1dqhro5ta6s2vcbeuR
modified: e/a/stats
modified: 0/7/b9rs4dqe6ms7sil4fa9rid2mnsm3uf2R
modified: 4/b/stats
modified: 7/4/9e1lrvdpggj0vp669vbks85kjpsmrgiR
modified: f/a/c3oppqec2ms64ii90jrh9qj8onttmluR
modified: a/1/2fc74o2cc12o8cc7s99e7tb999pb8o6R
modified: 6/1/1dsearnntnueobjfa26mjmad0nspamkM
modified: 6/7/fcesgoq9vco74fdng9bp51nnbr08oooM
modified: 0/d/51btevapmtfvhhcveo4jt9j2s39v6pmR
modified: 1/3/stats
modified: 1/b/ddb39hbg80duhscoojtmbafuuc8ff0cR
modified: 7/9/stats
modified: 0/6/673gtjlm0osmf11jgjbdfeql7u4upm8R
modified: 8/8/735h096j3k3na5g83o3n4sjst4qhfdeM
modified: d/c/stats
modified: b/5/e4roao55bddapqqh9om7lrfse9bvudmR
modified: f/6/10ne2jnslnt5cdeosgu228bd0jfocrqM
modified: 6/6/stats
modified: 7/4/52mbrq7i9pt26r4t7ihaek36m2psjm6M
modified: d/4/f9jsaoohraqmo7lusgvug26n17p173kM
modified: 4/e/stats
modified: a/f/1c1ens25tu9kc5movn2v86ifeufsdq0M
modified: c/1/stats
created: 1/6/451gguhae0fhmtnqujn0ka0st3jht2kR
modified: 5/stats
created: f/5/06s0l1j42uhs48eh0d7232qlmp9411aR
modified: f/a/stats
created: 0/0/4e17pl80k52h34fb79qkh53pk859g5cR
modified: 3/b/222rhm1eisg5svscoc307teq6d9ss3qM
modified: 7/6/stats
modified: 9/0/stats
modified: c/c/f3b8qujgkirb39h4fls94dit42f1smcR
modified: f/1/42t32k7v9fso2t602aes78en2ihd6i2M
modified: a/3/57ovcv1tcaukncdk28uag1339b1s4o4M
created: b/c/a54ttgm39m1b9u0rc0t9kr0cdrgsosgR
modified: 8/1/5cahrib0n47q8v8vao8kbkj060b86p8M
created: c/5/efd3g90pc0odk5vvpua2jo3coe4v1n0R
modified: 4/9/stats
modified: c/b/61sllbg25smkj8b2v2i9mdbi3hk7160M
modified: f/f/stats
created: a/6/74ji0u20fj9iqelesms6iu2eal2oehiR
modified: b/4/stats
created: d/0/28sg66mah8seplia4a0ab4q1g685npaM
modified: 1/3/92ufbprtmgpmkemlgrvcibm5ujmvin2M
modified: 1/7/cfr01li9oodbe9do7ngja247m1n5826R
modified: 8/6/stats
modified: 8/d/2cmv771l6npuj0luivgbrubflm7re0mM
created: d/0/8dk8i6ea3n5loa8tuj56jsdh48tkfl2R
modified: d/b/stats
modified: 6/3/27ltnusjsbi7ceb92q67a5hqlr2naimR
created: d/f/7fs8ldffjbfas6slv6ulonngfsh6c9oR
modified: 9/0/eemenur2le90dldvhnop6s917bv0ji8M
modified: c/3/c1sbumf15c3c0attu2nt32olhgnq166R
created: d/0/4ea9i9qv8s0u039ehova9hi45rj6aokM
modified: 7/4/e04manv1sfa1qeqqnv537cra8ji334mM
modified: 7/2/efbpvgulm80oe5oige4kbs9unj6em7qR
modified: 7/b/stats
modified: 7/e/8808ph6shllpr61ibg21aqpk23k2b3mM
modified: 8/0/58bvri7ac2jecrnemre26h85vq7prsgM
modified: b/5/97bfoptldv2ph5ih30phhsr2qv1jl5kM
modified: 6/5/2962j63gee1l9dv5jc28a6hpjes6k0cM
modified: 6/c/stats
modified: a/0/10pcf2ch183s2ma5r90km9ng615it8qM
created: 3/7/e16pd62rdt0ddu46n96scv7vc69faqaR
modified: a/3/87g1pca97vehiq9k01mg4j53862u332R
modified: a/stats
created: b/c/d8nrjsv04qjt3pthtepmigk0eib8mm0R
modified: c/c/stats
created: d/8/aci5hd5dbk91ff9dd20n3s32pgj0clkR
created: d/9/fe1nhj7p3qb7nfueqhj8miei8a1qsb0R
modified: 5/0/5bketehml3md9ki2181tivfr5lqjkrqR
modified: 6/7/stats
modified: f/0/f751ljuvvvslnfnlh9johm2cll92resM
modified: 1/1/c313lmpmbootcc2prlut4j44blp1uncM
modified: 8/c/stats
modified: 0/0/a0kpfssu1omcqngr1v6uetlh2d9tn5mM
modified: 1/4/83rhfpq0sc8u1u5cjl03oqa3srttu8gM
modified: a/1/f9bt0b9cit83ppgqqoqp4u7iabaj7aqM
modified: c/4/stats
modified: 0/1/bahm91egtuvrc7rv96g05984n2p5m1gM
modified: 4/stats
modified: 5/0/edup7s0jrihe6l03kk5mp2alldmoa3eR
modified: 8/e/stats
modified: 2/5/13lnv1pasqoc1hra73decfsqqlubovcM
modified: 1/4/d4eqtmmbnui4gt29bl5349uebu8ppb8R
modified: 3/6/50hb1n0sumdhem5irg6phnn0of3hbquM
modified: c/5/c2amlmjtib4898vtuji1vbnrrtbvek0R
modified: 0/4/a3ondlkr6nf8g6ane0b2p74kdmj4ji2R
modified: 3/8/stats
modified: 6/6/2ar8gppoopu0c09eehuddecrnllirhmM
modified: 9/0/179uq6b95fegfg2bct8cd2ijq50hsfeR
modified: 4/f/stats
created: 7/6/df9qj8jiet7go3fgjlng64ialm85cukR
created: 2/b/4a2q19cc6uf5tfgpd8rbrhjph12bltcR
modified: b/e/25r40v23j3kbm44528ad48l93dspn22R
modified: 5/b/stats
modified: 5/3/stats
modified: 9/3/187m52qg4kntqvpou06k3voiq0k0860R
modified: 0/4/82kl9dtbqq7co3pnnpbokj121l8ln8cR
modified: a/c/19f3gd6n5q4oro0ldp3cqm6oi5sihr4M
created: d/2/b2bcmoefrjjnse2lff8rqf9reb21gf0M
modified: 0/4/b8kmlph57ijj37tlcalei78m2torsdoM
modified: 8/3/64nhk42vsgnhi4uk517d2vfi4ub7886M
modified: b/3/9819flnhgr82didfa3jmigv4q2r9ihaM
modified: d/3/12vbpib8onhd46h7i1e827430m1859cM
modified: 5/7/1fgt3uvb3vgb5n0st3p82ngo99lhsosR
modified: 5/0/5frnjrg3spr84krlu0d7spu1bmtfmqeM
created: 0/2/e9mi7sl2s1dpu0ls7p1m5nb14efhu5qR
modified: 6/5/31sk2crb9oeu08gsubtrfh66iarc3gaR
modified: 3/e/stats
modified: 8/a/f3d99mrp2bct30k8cd6k885cgp5hu02R
modified: 8/c/d0rkfbcfp9ji2qd7cobbk4st261e1voM
modified: 9/7/stats
modified: 0/1/stats
modified: 1/d/f1rvrl3uh86tj0pu7fnddp1dtnp0ft0R
modified: 6/0/80m7iph6qcbf7fnf1lkolm351k9og20M
modified: 0/3/ec0k1ur1rsdf7k0dkd4lac1o0d7cmq2M
modified: c/b/stats
modified: 3/b/2dj7amh7ch7tnbckbcctepe572bdvlgM
modified: 5/e/stats
modified: 0/0/stats
modified: 7/c/stats
modified: 0/9/a5gh6oiiqdtcko0p5dk5onvq88b46n6R
modified: 9/2/stats
created: c/0/87m3sv2jqimq3ejckasj2ud2ghjv776R
modified: c/7/66166lgq4ghhrsregapmecgu5adub5eM
modified: e/1/stats
modified: d/1/8crin46ujc31jtlqlvel4qgurfr8p60R
modified: c/a/stats
created: d/0/f27nmva34ug490ilnu429vkcsnhe7muM
modified: 1/0/c969d075um8if4t8kohhqs741l539noM
modified: 5/6/79tcrvrim4des038juu6or9laj7il04R
modified: 6/a/a9e7jhcfvab7vetkd0nn92nfrpqfes8R
modified: d/0/794mq4dloml7m17n0fs515795lbd2iuM
modified: a/3/12aaggjc0rl52j28hv0soa04a6schc6M
modified: e/0/de2tdbvj318ap437a11ftah22111tgoM
modified: f/1/b2oqbd7c5b3lndok4kroa06ce7odtqcR
modified: 9/4/71arrh10njkddme1pm57s5vmh5ilctsR
modified: 6/a/60l11d8e83igk5ccjlv3p5357jp5uokM
modified: 5/9/stats
modified: c/6/stats
modified: c/b/71otdho1bv4nhqjkjrdvdaccg3p0qfsR
modified: d/d/stats
modified: 4/9/d6i4v8aumdc84jqjjva29kcpmti91suM
modified: 1/2/65sm440th1q64nn8nkqmksornpldn48R
modified: 1/7/stats
modified: 0/2/stats
created: d/1/e4ngdnbi9mgfkv27rabma3e6h9f7kg0M
modified: 4/1/35p4bngc06h8j6aatq8bf581p9vil44M
modified: 5/4/91svfhugl6jhh5na51uqsa16j3a5haoR
modified: 9/2/8cv7150aoamg7vf3nfoa35pjg87ho5aM
modified: 9/9/8b2pqka6hlfpm09o36ifhc8pe138goeM
modified: a/0/d109n6gof5qoh52ggcmc645uou5pg4eR
modified: d/6/834i2m863ptvb9jpb4mopp502boijj8M
modified: c/3/448v5jr8pv5i2puj3c1vv499t94mi3uM
modified: 7/0/56t7ofcmgbiidd84a544l2t2arfock6R
modified: 7/0/8d97pg3etguvefevl5dld9ie0ha70mgM
modified: 8/1/48mutai8qamb3kuheljpke1h9ls3cogR
created: d/5/57h7de5rfqc396dr5i5k7amg3qjp1h2R
modified: 6/f/stats
modified: 4/5/e34j2vf7k9iq5dl60468736aqnfgbpmM
modified: 6/6/6bd0u857hrmqsdmt2b32lrqh9csepiaM
modified: a/e/stats
modified: 1/0/stats
created: 2/5/e8qhjtmctinukqnbnqtitqmojdselmoR
modified: 7/2/stats
modified: 9/8/6a0o3ndumcf6rnk460esj9flmu6l9c8M
modified: b/a/stats
modified: 0/0/788punk07uputd8lgti5g862mnl4ofmR
modified: 0/c/33hua5ghjc808msi905a22licortn9oR
modified: a/3/stats
modified: b/stats
created: 5/a/259d4agu01o0aa79pime4h964qutq0qR
modified: 7/3/b7mo3an2i4ua43seoue059q9fcj0d38M
modified: d/4/416n6j68elvo5c8uvjfqhisuaf50qrgR
modified: 1/a/des1917ap3mof9jbneedrg2qpj0so7qR
modified: 8/3/stats
modified: 3/stats
modified: 3/f/stats
modified: 7/1/stats
modified: 6/e/8ccbans4v1vre8eo60nps26qk5eiiosM
modified: c/e/stats
modified: f/5/stats
modified: 3/9/46a6pq9ped2gc3u6mlmasfurb3719goM
modified: 4/0/e22vbpiltltqab8r2sdoncbdrheksj6R
created: 5/f/13p1i0i3vj6d4lblcag3ql8ehl63l1eR
modified: 9/e/edftvdovbla2m94o9djqas9tet51j8kR
created: 4/f/f95umlorsot5vr5la2ethq2sfuf72lcR
created: 8/1/7651i8v3bovq44nlqopv48onqo8s3toR
modified: a/5/d8ghd4sdmsa8tq0250ce8iqiie9cq4oM
modified: d/a/stats
modified: 0/f/stats
modified: 3/6/24lcud3af9ljdf40iqkjopjjers89m2R
modified: 4/0/3eavvbv47d2jbredk1nlp2on4i820c4R
modified: 5/8/stats
modified: 6/4/1cg8timo3e2n9vptahuflos0fb1ctasR
modified: 8/f/stats
modified: 6/d/b1lgb7k5nnttrkpfliaj3q5vkbitdrkR
created: a/6/26shaobacr7ifrlfft6lcctsp5tal0oR
created: a/8/e94n2hb9f0khn6vdj1khgmaic7ptm3sR
modified: 0/b/stats
modified: f/d/stats
created: c/d/6fls0nb968340rd989ro06i85j274oaR
modified: b/6/40t4rluhnihqgo97m2ka6jbhpeqvusoM
modified: 2/d/a97b9hlet0914tslo8rqig1b4rao52oM
modified: 3/6/25duhvkk6s8ekffq0eq3fjm4ls7qn9kM
modified: 6/5/stats
modified: 3/2/stats
modified: b/5/stats
modified: c/3/stats
created: f/5/8174mpr96jk9htmoj1g9892vipgseu8R
created: 1/1/1bap2boj28a5oa1a0f7i8am0tamg6buR
modified: 1/6/stats
modified: 4/a/stats
created: b/a/efk80lnfp0gprh51sdrtofmbmi2nduaR
modified: d/stats
modified: e/d/stats
modified: 0/e/f1eqnqu5i1gp4sob6lb4g5mhvlr8h0uR
created: 5/7/0arufn24ml6fu1nettp5mqp3o1ngh5uR
created: 9/4/f25abbbaokmmcjl4hvi1hna361il3puR
created: d/1/2aik2ulom8p01hb18fqo8bjr0vk0kl2M
created: 1/f/0be3hsgb2u4700n7ulq5mrge5h0ghjgR
modified: 2/stats
modified: 8/1/stats
modified: 1/4/619ssaj39e4onf3euiksj61psn9epr6M
modified: 3/0/15n4s5i37cq3s8q8njev8672jr14k8gR
modified: 3/1/stats
modified: 5/2/b8m8bp9dlvt46rc9k1lcp39g5qieihaM
created: 7/8/86hsj8qg3rdv0i64qtmoukmbf0mltlsR
modified: 7/f/stats
modified: b/7/b6qu8urdanngf96ig560aq5pge5u8haM
modified: 1/1/b812e99085atoquo457656n2ifd9ck2M
modified: 1/f/90hi4umue1g6pqupfcia73fqb3f78duM
modified: 5/1/78fs2rp4psb5i56k0hf5ggg0v5fri40M
created: 5/5/9ejln8u5pgiprcah1l2l02tnnoqdcp4M
modified: 5/a/12a3p6klsevrq03430iq7vtkjm18uboR
modified: 6/c/b4k506rhckr4vl56ee2skiblnfl6ekiM
modified: c/6/12e44vvpcg5hicuqtlhcnsjgd05prl0R
modified: 0/0/ae09kql9uiqd32q2iema4rhq1j7ajdsR
modified: f/5/d7cem7dofe2lkuug4od9k843urg37vmR
modified: 8/2/03k69eonhqpgeg5108f7jp0h4u4t5qcR
modified: 8/3/77rbbkb2int0sqtk22qjq1cnb2ki0sgR
created: 8/4/76n445v6nv23djsu29dvnfimmhp47p6R
modified: c/7/stats
created: 5/e/7fppf52llq450im4md862nolngrrrpgR
modified: 5/2/dc2tvo4p9e18sfi3kqhuuvhlqbm3raaR
modified: 7/stats
modified: 1/1/actd8ff4mphksi1sbb87s35frlk2j3iR
created: 5/f/b685fmil2t1if1g1f9fo5vp4hdcfl38R
modified: b/7/4e5lq1pdv5cbe0jkglsagcmn88sersiM
modified: 0/5/stats
modified: 3/2/027vmsvl776qc4q8s1ahf2o9ovh6nsaM
created: 8/9/b8a6k57jltbprdbiroo1ktba6oji2h0R
modified: 9/5/stats
modified: 0/d/stats
modified: 2/9/stats
modified: 6/b/0cfauh7f3lgg6kik4v7979f4nka6bpqR
created: b/d/ec24231ov13fchmmtlk1g8ee93f0ikkR
modified: e/3/0f4dh14s5voore28ucsj1c14vq01aaoM
modified: f/b/stats
modified: c/5/1bn3kjltabvucfehtgfhk36eap2lmhkR
modified: c/d/9abv1ng4u8n54r4b14e7hbgn3g7n662R
modified: 9/1/stats
modified: e/2/stats
modified: 3/7/4a0hfcrd2tu8i01d0crf3ic73k5aqq0R
modified: d/2/ef4pi1retn9e5j6ti24e9hksllrj0msR
modified: 1/4/5a1o8lbol2ktulnq4kmkdec6929r100M
modified: 7/1/707dcktkiss3h6a1jk9ig6s4ct46t14R
modified: a/4/stats
modified: c/d/fcpeqhu6ipkdf1sh1r6sll1lr8mtqumR
modified: d/5/stats
modified: f/7/d9e4sql68hcathpvv9ehis9ot6loa9kR
modified: f/9/a1n6up161frjdb6acvfe00ru07dohbcM
modified: b/d/af0poibid5j2t205i12bbnplmu0ag6gM
modified: 1/4/a7fsf0gk5hckb69p78n231p8dlhk228R
modified: 4/2/stats
modified: 5/5/stats
modified: 6/c/8bq10312ulb701bcujhi17epqriiqdkM
modified: 8/4/stats
modified: c/0/fccaf49r2mrki6n33hdtj23udvslkc6M
modified: 3/9/60c06mnamps9btmtl4dtkigntle1g64R
modified: 6/b/stats
created: c/a/76ih4q85fd42crj5ots27efv63en91gR
modified: f/4/91a58f1q024hce8fjvqkgrfpovqoqkoM
modified: 2/2/stats
modified: 6/c/64aeh12icvb6n5psdg7spk926qg1dbcM
modified: 9/3/b61ghrtrcsk3lul0l39k2cuu05sa35gM
created: d/3/c1b0tt3g1jhiu8cs7a2pgbafetui47eM
created: d/8/786cuaom9s7rc8vh5set2cdm34rl426R
created: d/e/efl67bqbvi028hv0j4oqkvgb7s9ljuaR
modified: 0/5/7blc8761u9tue6dd20ql9k22ugj90icM
modified: 4/c/stats
modified: 7/2/407mq3dhigkvd5oll40dkbcbuqai8k4M
modified: a/1/stats
modified: 0/0/7ebkemtm056d2fuul28s2fs02m9vue8R
modified: f/3/2frr6a994bv66kvet899s3m85co3514M
created: d/0/9f2vubaq0jbdmh4peq0uer540lj7d7aR
modified: 0/7/stats
modified: 1/2/stats
modified: 6/7/3541h8vu98mirts8s26nj6bhrna4jncM
modified: 0/2/83dbd0v97e2q5ejq5eg6efle5mcf24kM
modified: d/4/a5li1p7oqopcjb7ci9nf705ctqraf1aM
created: d/a/448398c9r6to5ekqe87u8l41fgh9p36M
modified: 3/7/0e7joa3c3b2ge1419e3ntikmkl6suaeM
modified: 9/a/f7ufn7ek814tml90jviio4ga4e9ubloM
modified: c/3/fcu581kefobocvue4t84565b04o8h5mR
created: f/7/182pictb77ie2k9io633uchlpmli2psR
created: 1/b/10jqc15g4l4ibqsaa7quhshbmobo95iR
modified: 2/e/stats
modified: 5/4/fcj74lj8lq60tqjeo0l3po9tl0981hoM
modified: a/8/8b8cgoigedh6okbvpe41mkegc9o1l74M
modified: b/4/6arm1laogos452eksrssu64rsae0j4gM
modified: d/0/stats
modified: 0/4/7akqe2i86l9ede9b1kj99q30rslsqg4R
modified: 0/9/0b6j1hu0kuh9ma8d4fimekg9be0pvqiM
modified: 8/9/stats
modified: a/d/stats
modified: d/4/fa7k8r5sk37tmn21t5bl8c6g74vu0guR
modified: 1/6/1clr8do820q4182sjn8hme6gmqg1kc8M
modified: a/1/c5ulnq4tflg630udqotajc5jvfs2mqgM
modified: b/9/b5d4dmgia0fjk3nbgnrjfftj3j5okv0M
modified: 3/b/stats
modified: 2/9/37j1m6pbi276eru04cdkou5jvglq1rkM
created: 5/7/57se12plburnmolu4htmk162mk2mcv4M
modified: c/3/f1ld7bpn59fi5c30pvc5bdd7coai6vaR
modified: d/3/4fhi3omuln7dvirqso438psg7l6t5eaR
modified: 1/b/stats
modified: 6/c/0c5ulcugtkiaakqci2j0aj6lk1m7svkM
modified: c/4/99psoiep6o8e43cl5ndfecvo6r29o9aR
modified: 6/0/stats
modified: a/a/stats
modified: f/5/b9gvrlhfc3mqcbm61i6id4eg79mtdmcR
modified: 4/2/d7o7c3l9oa1eauiofqesec6djf5p85mR
modified: 0/6/c4btkpm6bka6s5i0e56i6v6381s2186R
modified: 0/e/stats
modified: 5/0/stats
modified: 5/6/0f0bkubq0jfopnpbbprbbmd297r780mM
created: 5/c/e81q5v0q1m8krja69p4u2cdvrbvni6oR
modified: 0/6/52dd7o39so5c3af1g03i7vpkhi3rkuuM
created: 5/0/33khm4rddug4kurgv3upfp6hee7dd8eM
created: 5/f/58e4ibpdkmjmifhainvicsf7og6rcd2R
modified: a/d/76epgcbhr13ei2l210rf6qdvtu8mo34M
created: 3/1/c56p51f1s5rbmlb2aot411anlb9nufeR
modified: f/2/57uba8cp7jhk8b2927opedqdh16046iM
created: 5/a/8btnimf7pgkgcaohdtkbvbao6p81abiR
modified: 9/2/294a5a8uj37aq8lp5fi4aambafficl6R
modified: e/e/d89k41vsifn577q4ffml19rk22idofmM
modified: 2/7/stats
modified: a/c/d6v0o5e0li0gega1rs0l7q971ukmkr2M
modified: f/c/balg5u22smia68bivrsnb4mcoj49llaM
modified: 6/8/f0ul5dg3p67onasccvmdl74eiaf7684M
modified: b/0/stats
modified: 3/0/c2t3oj5kd267moj8h1op74pd2585bsiR
modified: 3/8/57a489s01ju9ch38tgl3q93d0oemfroM
created: a/4/1b5kafg2ti35fraert87o6fi9mv0t3qR
modified: d/1/stats
created: 4/d/8cv4096ion81oe55tip8fs7d2qapsp6R
modified: 7/2/84ijvbiene30biel208852hhirsie30R
modified: c/9/b9hh4i4tmga2e5kcbtb2klhc5hm0t7sR
modified: 9/0/fbpefa250gpl5talo4fc1ngh6msem04R
modified: b/b/bb5ph8btamaqh6vkgpho5efeacejb68M
modified: f/8/68vu512smeeslnnejp4sn2lgruvksdsM
modified: 0/1/24qcv73la34638gj6360f7ecvu71mnoM
modified: 8/7/stats
modified: a/1/33pp0a92bqbr9s31hugsrbg2jba8cbgM
modified: d/2/stats
modified: b/c/stats
modified: c/2/0e6ftkbeu05oo27lq4s6hmesog0dct2M
modified: e/e/stats
modified: 1/7/40pukd890mnfcjic2oa3hg61bkq99g0R
modified: 1/c/stats
modified: 2/e/e7a76cm7pg8b8934neb8onsv09gvg3uM
modified: 3/5/stats
modified: 7/a/stats
modified: b/2/stats
modified: f/3/286dagadkdeo9maaibvksglh5akpdigR
modified: 1/6/167oacm7o85tua9ia79rnqc28n5rdloM
modified: 5/6/8dipu3omne86p5t265n17favrpesf0kM
created: c/c/46djh3uoja80nn367fh6dv1k4qps4b0R
modified: 1/4/25ra9k9htsc9kei4bvgrk9bfja6veo8M
created: d/4/9127r31euoaun7v3hck5aabtkvg05eeR
modified: e/3/stats
modified: f/c/stats
modified: 8/a/stats
modified: d/0/85td5p5n9cdqf3p44duuncufpveke8sM
modified: 5/1/66ng52p5ot349aghhd1mpnfn4imf1f2M
modified: 9/9/649j0g77aoi4ou9ihrmla8e2qac18aiR
created: d/5/6fodhh8umk5iirih0rt6e0575f65iq0M
modified: e/0/stats
modified: f/4/stats
modified: 2/9/8avt1g08pkb74ed5qvvpbg8eh2b4f68M
modified: 3/5/96bfh4d7d7fr7l68u6f9cqk6rcg0bk4M
modified: b/d/stats
modified: c/stats
modified: f/c/2328mr8jksdkab7eirro04d0hjbink0M
modified: 3/6/stats
created: 5/b/69ap8ehss8bcc2rk61rq2h712o7626qR
created: 6/e/184vqe36v4her0d4elv0n0hc0a4ro7oR
modified: 9/0/080n63f9v4rj8icmu777ngou4ahb0lsR
modified: b/f/0f8nghsf0r5i4f143uvgh2s6qc5do9kM
created: d/4/e9o0kk8lpj385bu4hm8uls6m51vrdtqM
modified: f/8/801r0pauf4fl98cket6g8has7e491u2M
created: e/9/fbqfblag9bhfo3s351cbq1lsq0amqciR
modified: 0/e/efg404v5mmv31ug8qgs934655svqi72M
modified: 9/9/stats
modified: a/8/stats
modified: d/f/stats
modified: c/6/23hjtpibtjquaj8gdbt9oc46erjug7oR
modified: 1/c/23h1ofivc5874t1e1lldav81dlafv2kM
modified: 6/a/825odps33qjm8dcvjihc1psdjjk1o80M
modified: 8/c/1eb52f05rdoq7iu1sue9n22r6plk8asM
modified: b/7/69ojumv2qs4v8ci0anfqkug2oksmsjqM
created: d/0/bd1sd3lkrg4d0iibh8ptqgmr1ftnk2sM
modified: 0/a/stats
modified: 1/c/d41p6nn1qc7iqm0e8g0en769rqooi7uR
modified: 7/0/earu2ogb6q5atrh35l1msmf7m1paiukR
created: 9/8/5d1kecrmstmmnlqoa3tl1rotvoec79sR
created: b/8/d9v4n85p02p015nlc5al9vghuu3rmbgR
modified: f/3/be0eejrprq35vongi4r0kieuvklmt9sR
created: 5/6/b7m1opg163lquji5kvq5e042tq4gnl0M
modified: 3/4/stats
modified: 9/stats
modified: e/4/stats
modified: f/0/stats
created: 6/b/90bc7gj5sl1engioj1qgsj8tpahfhd0R
modified: c/9/fdffq1iudt6817p1kh3ai2rnpj2grm6M
modified: d/4/386lq755lv13gfa49o87u3cqna6odliM
modified: 3/c/stats
modified: 2/b/stats
modified: 6/1/e5s0prfonv1cjljm6pjni0j0db8nd08M
modified: 6/2/stats
modified: 9/a/b9qi62e813njidhgphtk47ekjuik154M
created: d/0/4c46q36h9h3a59p87i6400ho4ti5n0oM
modified: f/9/stats
modified: 1/5/54a77s3hcs2odpuetboqmrdjidq19rgM
modified: 9/7/24r4ne6me68giai2np0jci5eh4roijmM
modified: b/6/stats
modified: f/8/stats
modified: 3/4/141ussclirab18mkadhoiob7om85dikM
modified: 7/3/5360j89fkk23gq8tt6kg50hoab9gl8gM
modified: e/b/stats
modified: 5/d/stats
modified: 9/f/stats
modified: d/9/stats
modified: 3/d/stats
modified: b/a/493r95utp6qcqsodcpmh44djo16137eM
modified: 3/4/254ajvob72r9dntn0ha29d45gapoir6M
modified: 1/6/447dlrbitpd6d7c3na9meigq925vl1uM
modified: e/f/stats
modified: a/4/3cdn8u95fm7ja3e8hod34elpfbklr72R
created: a/b/87sdjotkqom4u3kla45gatr4d5hkc72M
modified: 0/6/stats
modified: 5/0/7c02priokpdrl0ovrmmm2vio9brctqmM
modified: 5/f/98ck2hvvg874bhnnrtn1tki2rhb65leM
modified: 9/2/7blluokgc199sejjhct1pf0v0oq44gaM
modified: b/5/5ecnfde82uafvm3n0c81k92gra7jt7mM
modified: 7/b/df8g8bt8q2v3dgun1k7ls3t69bv6uv2M
modified: 7/d/stats
modified: f/3/7etafa7r11jdev2vhn1ouocnc4jkceqR
modified: 9/a/stats
modified: 0/4/0ao3sn8u8tjvkucaf0jn2ltvkgo4nh6M
modified: 0/5/143po61roij5d7boqro04bsbk4iletgM
modified: 5/0/99ah35mhc13krlvb32v26ds1gd9lbiiM
modified: 5/c/stats
modified: 9/c/cctpu2s8pqh3phqc27dd6qlsu4ke75qR
created: f/e/48gljp6of8b5rqhohoucb23ruqldml4R
modified: 1/a/838j385056skloceciqkt73lqtn6b9iM
modified: 3/8/f3mp6ehur91kjhi6qr13dqqsqv8qm9kM
modified: a/3/38slgl28hgii1dqdqkvo1ga16jb46rmR
modified: b/e/stats
modified: e/c/stats
modified: f/3/stats
created: 1/1/23tlt0nlp3mjmprnou72on3n8ig3s2aR
modified: 4/8/stats
modified: 6/3/stats
modified: b/6/63oq447lgpaicmdtagdadcdvvlsbr1iM
modified: 3/d/26vrcnskvut5qlqd8ia1nr0a8v62i70M
modified: 5/f/d8aq5bos0irbf1hj9unqtia2u7bm4nmR
modified: 6/stats
modified: 8/0/351pgsaheh641jfbh4jm8erj9a27h86M
modified: 3/6/efd47oj88kb9npennjmg644mbq3ab5aR
created: c/f/71v15nc50ac301hb74elesli3r3c2ncR
modified: f/2/e5soll6n66ob10kfovan0ijiskbd0vmR
modified: 6/d/2elgtvldn76qgcdmqo3tn09rbdbnvuiM
modified: 7/3/79cf5d7qg2msj75ttfgbapg3uhonprqM
modified: b/1/stats
modified: 8/d/stats
modified: 9/8/stats
modified: a/9/stats
created: f/b/51gq9egekr2al1f13g8ha9sh2u2irm8R
created: 5/1/b5unre6t187uknthd3rl23kgq1ikf42M
modified: 5/6/stats
modified: c/9/stats
modified: 3/9/66bo60sl6uj5pdcafr0esn4eo6po8h4R
modified: 3/3/72lj9gm2a0b851j9bu7ls4hu6htuq5oR
modified: 8/stats
modified: a/4/3866cnad5j0hmd2obqhaqr9k5svqfs2M
created: d/e/8ciosrqorq7omldhf2hh633nht0gvg8M
modified: e/6/stats
modified: 1/d/stats
modified: 9/b/stats
created: d/0/1ccc03k5jsrtsssvsveo64qt5pd14l2M
modified: b/7/stats
modified: a/0/c3q5f8cos4qfhlt003lp3s5rq7s59n4M
created: 3/0/8a039qsn77qqka1sib0eblmv5ike1kmR
modified: 2/3/stats
created: 4/0/0ccmtuq1l2oa3f4teiuic9st4tcvde2R
modified: 5/1/363vu9d55q5b7iedfh96pk6t9gccf42R
created: b/6/c9077s7obpu3td6pubeek79dq064uhuR
modified: d/4/0aqu9sotk1li4hkn8he9vi69t3j3diuR
modified: c/e/847ue0k7vt67g1hf5j2rlkf7el2c72cR
modified: 0/4/12vj88pbm2m55nsou5vl1cb34h9t2gsM
modified: 3/3/stats
modified: 7/1/fdsbosu6i7os80d8carsob1n7u1shniM
modified: 8/0/9b253eh9ajctbh1ihgjfjikpu1ap4gmR
modified: a/7/bel8a7jl9n48ng2ekl1v75as6q9emq4M
modified: b/5/83rs7c3bdeb05q9h9sntiaopdij27e6R
modified: c/2/stats
created: c/4/6d49ur9842kmcg8eedisu73pa2qa2jgR
modified: c/f/3bro08p20j3c4je8chl6u1ucskve7fkR
modified: 9/1/f17bm9ebb1bsgc3f8p6fv000l372qm8R
modified: 1/8/93lptuiju6bpo7476d8oich32cps7rsR
modified: a/3/5bd4b0t52b73g28vie68godfn62qm0eM
modified: f/1/stats
modified: 6/2/10v5t5422md9k1v6343a0mph2dqje40M
modified: 9/3/8b5193d24es9p00lsc3h6i59d7ae0niM
modified: b/9/stats
modified: 3/a/6fnle5bqa2i8eelbsce6v8ocnjetnueR
modified: 6/4/stats
modified: c/5/14qadr3rkr0j3lpvbqpjhpmm5fjldccM
modified: 1/b/a1ka2kkddo9morl8h18pb9fuf5911lsM
modified: c/8/stats
created: 7/a/30r8c2cpd9lgdqgei5199vvjqk5dckqR
modified: 7/7/stats
modified: b/4/13up8uvls25he8vg486n87eo52nhboeM
modified: b/e/4124i0glq5avevm6efn4vfcglb4qadmM
modified: f/c/5f7vut1vdn38ub8aj3mfaoun3a33dm0M
modified: 2/6/stats
modified: 3/1/586vpq4gb10k53lg9hjp5i2u5etoj2cR
modified: a/a/d09jb7mqpgolhgb7rgl0nrt2n3g26d2M
modified: b/6/dffdh71io779ibt3me0grfjj6eklm68R
modified: b/b/stats
modified: b/3/7edgn7aktqq4oiqr10m79lr8fbcjergR
modified: b/3/83mrtt12juo5jprbffg36r18ednc3pcR
modified: f/1/4alkk5hvv3ksq9cdvr90iit19mct7r6R
modified: 7/2/8a7n0r4bpdvnpo2s5vuj3b57s7710r6M
modified: c/0/3b15i0oqpfs9e1ursijaqu0q20j9enkM
modified: c/e/73vqdmr3187phrreuecpb6548gp6714R
modified: d/5/7c4lif0c4lok5q89irf75e6o3i3gbqmR
modified: 1/b/10h4o56mvmh1ls55eqtgd59aktpbmnuR
modified: e/f/ca4g9n2l43aippdp3fe7biup84dgv9sM
modified: 6/8/stats
modified: 7/6/7108ig9jod626phmcm4bd1ib45om3jkM
modified: a/e/60u66bt41d17814v1sovhfbinukai3qR
modified: f/1/3boq84erg52p9irvnkju0826mr0q19iM
modified: f/6/ec3r656tupbtlejq23mh49gbuk4pmcmM
modified: 4/3/stats
modified: a/8/5fnq819h17rur6276kbd4mqahvbj9fqR
modified: c/b/b4uvu5ogiecc2bhetdgn5hjpo1pu8p0R
modified: 0/1/9bjajl2nv4kt9s0pku5ogim84rkc818M
modified: 5/1/stats
modified: 0/4/f8icfh0u705fo6nvsrof21km9jf3j2gR
modified: 3/0/71tggh9rjqtk19tf4o9fgjuudmc4t0kM
modified: 3/a/stats
modified: 7/5/stats
modified: b/8/stats
modified: f/6/stats
modified: 9/4/stats
created: b/4/190em9epd6l7k0flq925nji4s58p57oR
modified: 1/0/32o8c5m0s6l1e92hp58an1mtk8pp73iR
modified: 2/0/stats
modified: 9/3/d0shs1g0vs0fjb23e2ivumtqs1kon4aR
modified: d/e/stats
modified: b/4/5b4t7897dbrqsnp1p9eca2e118glgo2M
modified: 8/2/8em3l08fjth4p3hq757stt3i346ktucR
modified: a/6/stats
modified: f/5/14pvaquv4rblokkjqhniq9hd201n3h6M
modified: 1/0/2aund7jhvov2hgk0vq7sl9322orcrm6R
modified: 0/stats
modified: 1/stats
modified: 2/b/d5vh9v8vmh756chvuahlf48vrs1u44cM
modified: 3/5/48slagapvuaebodjno4vs2k7dnegs34M
modified: 5/e/42q2iu73fqj21fjteu5na6j6sgdaup2M
modified: 5/e/c0ubkb8t3pg3bfurmbkmqif4129b214M
modified: 6/d/9fptqdb28ida16mbt0uphgp776uman4R
created: 0/3/62jcogkbrevf8fsorgkv52uqlu1qfkkR
modified: e/9/stats
modified: 3/3/93b4dns5b67irpdmbua403ioaplbffiM
modified: a/b/stats
modified: c/0/f8122gc28pid5bnt3hs5a4ambkufbfiR
created: 1/9/e2jq6s1r614n4rlrackkml2c8jqnhk4R
modified: 1/1/stats
modified: b/7/3ftjohcb76siuo4ag8hkq7uk6m3h06uR
modified: d/1/f26v8qs7gdo687qut8oppb5csg06blkM
modified: 1/c/9bjoijbkodud95tk2qgpmjmgl46a7vuM
deleted: 8/7/748q29je5okc3e669ve71nidgjpmi7sR
deleted: 0/d/91c4cq767q4fs7nqsrejrffkdioduluR
deleted: b/c/1fb7eeubf2c83dajbnfuo3flunqsuroR
deleted: c/5/6cpn8euq172p6c5irfvn51g42bkdqguR
deleted: b/6/56ojdmhe78bm4hr2ficlu6vsmtfc5siR
deleted: 8/0/b4hn87jqnoc9jsfg3lphf1g0d15gssmM
deleted: 1/9/17rjkp9apjeh3fp2572vblteg904lgcR
deleted: 8/d/8eujkp5g4oub0nnoiqeo5ond8d34th4R
deleted: 3/6/d6pooqta9tomrsbu9664lnevviqpgvkM
deleted: f/8/b72hbrlrq1n46t3vv9l0jldhd24l5moR
deleted: 9/0/a5hbeemjo4p71cpsuav8ufu0g5t1i5gM
deleted: a/0/34fu8uu8aa9tl4jrh2r6ibddqmjonv2M
deleted: b/2/600fi8f382k9co920fp2uve7q86r602R
deleted: 7/9/6fagj1l8644n8tekhdjrc6007hf7nogM
deleted: f/e/b4567n3ut40jj2qbi4q5rqcjt87ubggR
deleted: b/d/1fafiur56skr6uq2mb4lslgabqsimpsM
deleted: 8/3/ecuqhqb6cg7skrfd4e0ima3kcue0t38R
deleted: 9/9/93h9cq451cbnt2c3b8nlcgckg41ehq8M
deleted: f/b/2b2m2gbdl45d8q3jnur4dkusv4t9hgaR
deleted: 0/8/7fqlm0slnfd6rt4dbh3ueihqmqb9u52R
deleted: 3/c/f955mdi9mjt40dkjud3sivqtsgup6cuM
deleted: 1/b/5bsfhvvqhjs5if7q0du9dvtpvnaf14gR
deleted: a/7/d887rba1mc9270qjb4caa4qvdilgqkuM
deleted: 0/6/cap1snspcuqhk0qr83f6p6saumbu6goR
deleted: 8/2/a6etrkg0i02p7mm0poi1fl4s93ugg44M
deleted: 9/e/14g60u3jktl3ivt3j5ffq440d4cafi4M
deleted: 9/7/75qe7415bbe1jeooe8h04evtro1i992R
deleted: b/a/0a0jng9bqoa75oopllasbulm20riv1sM
deleted: 8/2/416fp7pcuc32e155gl3141jkhki6pjcR
deleted: 3/3/2bvdme2olsr00ee5fereob4dkaefn94R
deleted: 6/9/c70suo51uj34obsda20ugvfd4n5qdg4R
deleted: c/6/b44b6kiluaieg1ks773gtqea1hg12huM
deleted: d/5/f0lbin8is89m0cagb6cr39qjh6ksimsR
deleted: 3/0/d601p422kjclpejk7mpl0llvtlu7otgM
deleted: 8/2/a4d26brtnk5i9h1eckstb2tue242514M
deleted: 8/b/3bg099va94hl4pvn5ac0uh7tbodqc8cM
deleted: 3/8/c5r02o4e6mf4sllgu717j0r7ogn53jmM
deleted: 0/0/d2fr86tgoc07gmbl677hm33jelnr2agR
deleted: 7/9/bejjdpqr4gj2v7ll8js3rp7d934opr2R
deleted: f/f/6cltuukjsmq9tqj6peiv26gspqsacsiR
deleted: 0/e/24l7dbqmbe6f2j06mbbahffg0hotd78R
deleted: 8/7/188cf7n0p8i1890m749e76431mn1lg6M
deleted: f/e/4cfbhneffcgfcb52mef5iarbvhbdmhuR
deleted: a/1/b6f1oede7rb9gq9mm33fk2jk2eb7qq8R
deleted: 8/e/6ch16shc2ne8qv7rihs3jsfjuop96hiM
deleted: a/f/96anbtqi9prsiboi0u32ufcft5uvj24R
deleted: 9/4/920c43ntrrur5mkvivrdfh5vglii6voM
deleted: 9/4/36ifaulndbv973bslpupmc9e5d49upsM
deleted: c/a/efgqhi06a2obo1uqnhf45ie2v70li3kM
deleted: 3/7/93166elnmvaoqtlbivblgsunskhnr7cR
deleted: 8/7/2b5c84u4fgsp1fa4b5vm3f1ia0do3scR
deleted: 9/4/8atjshv41bdn4p5c9addh6k39dtvtd4R
deleted: 1/f/e5pq7fo0ahhe4bpvc5bk67buujsc5k8M
deleted: b/d/cdq427e2eab334m45s7eduhtodou9mqR
deleted: 4/3/08oh3ijv2u4qredrqmtuupc38lfkgosR
deleted: 3/6/084jid000f6ihup3l8luer7cq0bp3eqM
deleted: 5/4/90rmqqu9762a1fsleb5upo3vj643t8cR
deleted: 3/3/5cgo35qo411aok7mkpg2ssp1s46tb5mR
deleted: c/f/3cv4ppjn5pm1c2cm71cf49ehuleip3eR
deleted: f/b/a24bsdbpkh034gr7bmigv7t6r4ura7iR
deleted: 9/9/1drcikgchvtdmdind9v148f4nj7l3quR
deleted: 8/9/8cqvgjrh3t51q6g30hikuptrc7bgavcM
deleted: 9/5/11eltchbk1otdgtrm3ofc2ejoee86ieR
deleted: 9/5/5btd8gj4lp0ucttpcegf8q60kb4rlbsM
deleted: b/2/2e49qke57ogri70rrad69vtf5ffnjl2R
deleted: 9/a/06e8pjrdc5m8camjk3hc7f7tto08bdaM
deleted: 9/5/256uu9mdepnr3vcgnl8mtl52m2ffnusR
deleted: c/4/a68s5ql6rm67t0b1rjpfhtag1i0p4igR
deleted: b/b/f3g6f8qh0vnqlgot6di0sqgrbd89u08R
deleted: 6/0/7989ogs653u53u50dsd0m23c4fcgka8R
deleted: 3/9/b0mfga7du66qvu77n50qs208lqlskqgR
deleted: 9/e/a0ocn037nfkf720udbs8giqgajsd1v2R
deleted: f/c/c7qalt7rmt3k5s4s04of45h8lnk2lo0R
deleted: b/b/d0kq03nrtqupqcbahi54ick88unt19iR
deleted: f/f/797fdkv5tkojhpaltn0japc6ag7i7s2R
deleted: f/8/9cboon4mivtfo4soqf0el6c1o17oqu4R
deleted: f/a/a83ua1vdkl814jh7oskg8vp1uor1egqR
deleted: 8/f/c9vtmb41p5ao8coaepj58oje2ven01uM
deleted: 9/d/b5c8egnbgenq754d9ibj10i89neq74cR
deleted: c/b/f78egika5eqm271sqvhhsfvemrsqtriM
deleted: 0/3/cc254i4ti4eie7e0lenk79knfs6rpjiR
deleted: a/8/308fofdeuspe3bqcmokvmpsnslnr9jcR
deleted: c/7/f0nue4dp5rhibmee0891o1lqr77tnk0M
deleted: f/9/265v44n0a4csljdp61nfh47mgm62ojoR
deleted: 8/4/98dqh9i0uts1od3h2n4prqllujh399iR
deleted: 3/2/e19953cm6shvur3rqpe96cbkgs07lvqR
deleted: 7/8/42ii8ivl9951oe7k2qfn8go16utj964R
deleted: 8/e/9bjmm9v8hutlejm0oodmu0t1lkg1stkM
deleted: 1/6/728tgfavou9uq1lbhqmoako4qce0n16R
deleted: 9/c/9bgie6ifip4q5cjkuvsgctbnvtp2oc4M
deleted: 8/0/046vats5vsj7ppdtgi7kfpkulijo9caR
deleted: b/8/617kilcdhpfldcn70slqvia73u1tfr6R
deleted: b/5/2594nfvkjitd38upicmaka4d5alkqlmR
deleted: 9/f/25njt8ucdcvk6k15gb8ued7lauf89d2R
deleted: 3/2/a2j3qcsje9h8ulr8clqlaq64eh8kv5uR
deleted: d/3/1f1rdi32ib2i1fepm96gn7oai7igaoaR
deleted: 9/6/3a9lflf340lfhc977dvbumrdbgq09koR
deleted: b/7/c5cmbokgbs0cgrq6krocjgt2ikbhupgM
deleted: 8/a/e629jpda6t4humj7pngon9gcdtdasr6M
deleted: 9/2/6999iamcbsns6uci97k9roogd75eac6M
deleted: 3/b/d5c2j95hb76gp381rbojdp1dv9hohh2R
deleted: 8/1/18865krh4c99m9opmk4pmenj0bf53f0M
deleted: b/7/948nicauojclsulkb0441qn9g260rb4M
deleted: 9/8/d30jmjff0e1oi8civpu0hh299un452iM
deleted: 1/9/9fve9mgrdfsbpdbv00prurj0b8f2kniR
deleted: c/f/d1f14dmlgmmks1iperqip8fddkpt08iR
deleted: 9/9/dffj18q31al0urju5c28v2mokh6n21eM
deleted: 9/c/603ar19tndbmplav6te81264aj7t0bsM
deleted: 0/8/954un7ue1jtof63gvqd7jiu1g5v4c6cR
deleted: 5/d/efdqmr2qkj25mn7f5j9bu8ofv3mp8uiR
deleted: c/6/4fb4u4cij606vs97k6rgo0rnqus3500R
deleted: 8/7/07o1sf43l17ngffk4aeu2aae73odfo2R
deleted: b/c/5fptlkfo33gs1q55p6ek3852d3v26v8R
deleted: 0/e/c1idd38nek5bi0hdvq4e3m7hmg0jmjgR
deleted: b/0/1f6ohkdcqss7p627a80ortmupnmp9uaR
deleted: c/7/4c948lh3408c2jl93j1ue2v6qitkfs0R
deleted: 1/0/1fah2kdqc8800s9as9ugo5l92k24fagR
deleted: 7/5/13khmblbgcgukl1p1jvm54sl3d5mrloR
deleted: 9/f/d3c8phm72gkpt0kttltf12o4teha378M
deleted: 3/6/b5u0apmo69qt6bf2jv467dm1epnialoM
deleted: 7/8/ac2q6eb5j4aef08ts4vlaeshvh57n7eR
deleted: 9/4/efiacn1d2akn8sj96jv760a3l5vq8amR
deleted: 0/e/caujguaqab5p5ang8snsfcuua60bvm2R
deleted: 1/f/c5s83d65butbh6i2pb6tft4v7tkd4vqR
deleted: b/6/e05e3l9l3phsverujfimpi40fe8c3t4R
deleted: 3/d/a6jhp49nv11muv5c75nvtmpg4iqfv9iR
deleted: 9/b/2a452b9mijec6mlf6uq76494dqib21qM
deleted: a/a/97f2it163gk1vpungp0t41842hu2i5cR
deleted: 9/f/4blb0f1mk5td1umuepr9rfm37ur1nogR
deleted: c/3/dak961n09pvij084cfsi8qs78s0k5n4R
deleted: 9/8/4ep8k7c19ul945q6qe03h7boql8lnuaM
deleted: 6/5/41sgb28afun3so1kr8ifspqv0f2pfp4R
deleted: 8/6/5csq884r07pjrpbic4ohdqm2u724ahsM
deleted: 9/9/13aalp115394i26rjim29qjthii1mc0R
deleted: 9/2/55aj74spgjl12all3qvrvhvjmgfe1e4R
deleted: b/1/8ddsd29itrhn4kvu5brm7qsvaqk6hq2M
deleted: 6/3/6bmkm88hmlqpp80okrmufbi0q730t1iR
deleted: 5/2/1a5bphcmo5sl47ibnn9e7gn5mjcpfaeR
deleted: f/e/dbi5hrkqeb94j57f95ofaqnvpvh462kM
deleted: 7/4/fcsm25oq2hg86cnsu2lpgnm0r4elioiR
deleted: 8/8/cdpur5g1cvvpjomr5ddp7phtft23fakR
deleted: 8/5/501t7oqadk03p4l3lfhg0phgtpntegoR
deleted: c/8/f3ut0i2q60batf4fuo4f8ccnnki6qv0R
deleted: 6/6/3bn32h3fbmg7m5v3k38krjfighjhhtoR
deleted: 9/9/f5k8i6h84g470kmceq1b8vsrpbab7i4M
deleted: b/a/7d4124avgiibmr0sg7ouffohdrproauR
deleted: f/8/dei6b40kq6mo1g1e5t633uef9sbcqggR
deleted: 0/e/d9nqrbgekaoiujmuj75cofau70d7pp4R
deleted: 4/3/2916rjptj5t8vq8g9isqq4pcvsppn32R
deleted: 8/c/8b7iecods5odc6guivb97kilaruellsR
deleted: 3/2/b7u3eh67ogod1t77iin1jo8k156mpqqM
deleted: 8/f/fa9a9atvqo3leco04so65gq7917u7o2R
deleted: c/7/c3mq4muc5c31r3r0p5hpl4rb3qt32mkM
deleted: 9/3/5btfno3bckljqa36neka6ae4khlijgkM
deleted: 9/4/091jik5k4mqtoe4ohmb8usrdp4ck3f4R
deleted: 9/7/feeddvrjp3gno9mt6dou5hifbl3rkf4M
deleted: 9/b/d8mklv4rh1jbr1ra9e4gbpl7mmo5bl6R
deleted: f/5/06cl8f77m7oqehi4dohpvp23asivvu2R
deleted: b/8/23kvfdrcu9iu4ttl3r4gqi85lrt8nl4R
deleted: 9/5/890ae5nl98co9b2434etp8gefsnv3u8M
deleted: 9/e/7fact87a3608lauf5tjubsbk358kfc6M
deleted: c/9/59qom4iq3cj0fusdkbllqml06grjqmcM
deleted: c/6/62jj54em48l395d58a4aj50mn9hb6b8R
deleted: 7/5/f7j8oe5vkm6rkc4sscbvl8rg2hbcsheR
deleted: 3/1/55ibuk2j112p13igrp2a2otp80ksq6qR
deleted: 9/4/5cn4o5u9jnnih443fqei9b7plsiaum0M
deleted: 3/3/75sqqgf00vqhcla37l2rrq2h0p6i2kiM
deleted: 9/9/899rhamshnt0keejbdakn3h1q9s91c4M
deleted: 7/6/c7fhi9uf7j1ie4hcrb9lc8k0753c4vqR
deleted: b/6/ecpe2ijmfkgdllu4h158tnfhaoel1hiM
deleted: 3/f/6bc3raohjp72op27386nf75aohe8f52R
deleted: 3/0/dbp6uqtn26ip32iqe1t49i7eff5sthoM
deleted: a/0/371nt2k14un2r0bui3ekhpom0mv03leR
deleted: 5/d/4dc09f367hg4cjdilr0b2ehe51o7ttsR
deleted: d/0/6bi20j00bkrv6ahndraliq10gda6mgqR
deleted: 8/9/62aj3g59j33mkk3j8brdbnrol6up75iM
deleted: 8/3/bel8roiiiqjijf8v7dkne0m75i5r8hoM
deleted: 3/6/eddlo84bqka99d0qp13i5j1sis6vou2M
deleted: c/6/7bjq3v48ksjqrven4v4s1ipscb6jt24R
ccache cache size is 256Mb.
Uploading cache ccache...