SHA for cache folders (/tmp/ccache_dir) is '09f443c429a12e2bb9c038c8a3b5153491bfdb1e41070159f23b2ed4bcfd4eba'
Cache ccache has changed!
List of changes for cache folders (/tmp/ccache_dir):
created: d/b/1be2p46umac0fdasr727u1da3cqg2neR
modified: 9/9/stats
created: a/5/e4itvjic3ig1p7tflassp6rhdim0sviR
created: 3/9/7f9s8etb8lqknv6mgc8edbvf1bj7p62R
created: 9/3/189dbu8h5tvfvfnv87efbm284qshur4R
modified: 0/7/94q28joc8qqaj18eabfligiqbj29f5iM
modified: 0/a/stats
created: 1/8/87rapqv7qfrr393t2p1phteeun2aa4mM
modified: 8/7/211d0ehc57fud7ie0a7b9tfk1dhlrqmM
created: 1/6/c5qp7qefe783gaesm4e672jtpov4gkqR
modified: 3/0/dcmi4dtav0ru19i82b9de0mtv22clkoM
modified: 1/f/stats
created: 3/9/b975v554al1g7tr6bj07h1kpi5a3a68R
created: a/5/d1de4n5t95aqofgnuv9ee7kqd45b0j4R
created: 4/4/f5omeg7ft3k321i16439cmo2if3bde6R
created: 4/3/54nsdkjqbanag9apdj7ru2kttkldsi4R
modified: 5/a/stats
modified: 6/b/d9p3ss0eudb1kikm56k5cd6uiuohci2M
modified: 8/a/stats
modified: c/2/stats
modified: 3/4/stats
modified: 9/1/46g6378gguqjoblppk83up1mjpms196M
created: 6/8/8ed37e1pbtp7dpi04k963ml6o5tm0loR
created: 9/5/b3c2l4b277h4c6lpupe3dfm562m354uR
modified: 0/d/stats
modified: 1/7/23gh7jaq5k3l2jaoph8jfvqef2sp7luM
created: 7/8/e9gvdvp7uvb6dtimc8pbvopr0hi5kmoR
created: c/0/cb96ljh8qqtnd5kchs1jot2e6ev27siR
modified: 6/a/21eso4ceorh26ofm9qskil780u57nuuM
modified: 7/5/stats
modified: 3/stats
modified: 8/2/stats
modified: 1/e/218v25rq2hn3l5opu5q6qb7vsm08jiuM
created: 9/4/65t6l6i5t4mlh8u931dtqcdbs8jdddcR
created: f/1/5a2fguuvd8hprm8703v0p80ennmmp66R
modified: b/5/stats
created: 6/8/c7h89td68rj6irtusq97nnvlq2d9teeR
created: 1/2/92ldui31l406264nugj783g2926rf5sR
modified: 4/4/68nc7477stjmn08c8ul7kvr7ud9kb2cM
created: e/4/103799plsl7jtvlqh21hgql4o22rpsgM
modified: 9/8/96orh756tomel8ie0bc4n8ah0hqmueqM
modified: 3/5/0b9f4b59jkjtf9luvn17h7vkdiv31qkM
created: f/0/9b7llcl2j9iq3kcea3a260qmbma2te0R
created: 7/8/541nma76a8kp0clsnf90f8cgm4386veR
created: 0/c/bb3fo3im18hi9guc1s7ppc4stcl8usuR
modified: 9/3/stats
modified: 5/f/stats
modified: 1/0/34l8vvgva71aodepdjb62t9v70gpn64M
modified: 1/f/dasd90em9a7eqnl2ufslcac0heb3kgqM
modified: 7/e/8dbp3vp3cktj2621d6l1vad5qi3e8hiM
created: 9/0/ef33hck3k1eknq583skfejnk40nad5sR
created: 7/1/ffv769d1slra2vffr5npdfsce0gin4uR
modified: 7/2/2a0t2cu267l9501aa3mf2rkdhk593ioM
modified: 3/0/stats
modified: 9/d/stats
modified: 2/7/stats
modified: e/9/b7o9snq23hgiecv7bt808dpflbfatueM
modified: 9/f/23tbc9t5mfm2q3rebce0c72m20frnniM
created: c/0/3c5ka25h1jp534tor2f8rqgqim0i3rcR
modified: 0/5/stats
modified: 9/0/9806ulpaifsk843rsfui6q8bouokfkeM
modified: 3/3/ccvo4kn6qpkn0vq646d1rhgpdguik4sM
modified: 9/b/2793ehbbkj9dj17nmqjhvm03p5fcp0uM
modified: b/e/9da7lnion8savf2q9ngvc399djsfnkqM
created: e/d/07vl5bd7ffrojf0uipgmr52p8o04f9cR
modified: 2/f/stats
modified: 4/4/stats
modified: c/e/5833mp16sssc4lguddedc0ul971pumsM
modified: 5/8/18g0eri8idc0o8i4oak80g9k2nhi5omM
modified: 7/1/stats
modified: f/9/stats
created: d/7/00nl6c5407nltenu2t3ojmvr9k5emn2R
modified: 2/8/c52788rfoterjmjkgepf07iqq2d6deiM
created: 8/c/82g1kjaelk8umb5u5gr91mvpd4s02haR
modified: 9/a/stats
created: 7/3/3952lsplg26c0afk866dvebb6c50dc2R
modified: 2/e/29uh8p0gbu03udha27gdc4de3epp8k6M
created: a/f/a2k02qc9vs5pqa6b8jrq42f7p8vfctmR
modified: 1/1/0fpeu83tat77222l4l6h048v5adlk9iM
created: c/2/74an06bj0ps8kcojuq6et1fao56udj2R
modified: e/stats
modified: d/1/f32j1or8scvq4fcb40v9qtqmd11rb9uM
modified: d/c/f35guhma0qbc17epaedh72kr0vm1qq8M
modified: 5/b/9et6dbuacm6lherhoq42k6qeetcf1gcM
modified: a/6/69r3jgvp7bpr6tskh7mj1nganmjrb1oM
modified: 7/9/385okp2fhlcv4nvpq4eujh9uh5kg3u2M
created: c/4/43had8n4rj8dk16gah978k7coq1obqcR
created: 5/3/e4ok0dfh2jgjvb73rojfjab4gb1rsiiR
created: 3/b/8c7di1k6m80fnnrc4qsfgdq1tg2htt4R
modified: 8/a/90s9gju9t3qiio01jahhah1lm84v1pqM
modified: 2/e/acj787218c9a4kg5sjt9js17atqubm2M
modified: 4/e/45slhhf6a1ea9ap73vbg03gp8nkuiisM
modified: e/7/bdt8trk9qsa67mm28ubfbotbq5q1hpoM
modified: e/a/stats
modified: 6/e/7efkj4bbq9uiuei4lbrc6c0jbgrnrp2M
modified: 9/5/79pdn6nc34te6ko79enjsempqrp7qdoM
modified: a/c/3d2djf0t7524dr31ceur8fal9t14d64M
modified: f/7/stats
modified: 9/9/bfv4i5d8h19qk6pfcvqtj8nihm4skr0M
created: d/a/94bavfpbcc5kaq7vtbq1h498b76td5iR
modified: 3/9/6boe95r4noff7b01gbc695svdtobntaM
modified: d/a/3e1k2imqaemmmh6u4q83m7makrs97b8M
modified: b/4/stats
created: 0/9/1ftuufr22p3jjuke2cfvmkl4f98bue4M
created: 6/0/32mv3kfqhahu1d7lnehteej25v7a0osR
modified: a/0/56r6eeovgshga4u71p7hiii317g7r9oM
modified: c/c/feo20p87gqeqh98umoap66fsave9c84M
created: d/5/ffbgv97e6sb0mtj8qmpaedssjfuvgtgR
modified: a/f/71ikqb2r292ggkdh4kl2rgvc8iem1qiM
modified: 9/c/8bh7i1jqu4glq1jv4clgvfhqfocmi1gM
created: 7/8/e7alssn9nfklq1a34mfb0nnh58bj7rmR
modified: 0/7/30tmivq6scuf9f2dur1nn81osrk49dcM
modified: 0/2/ca73jiblnod35t33ckpmf8cenpsu2bkM
created: 9/2/5191eqe3b4knh5535jee7opgrhmn8qeR
created: 6/2/3477aup9bb1a77oa7q4dnm9i2ab10noR
modified: b/c/stats
modified: 2/d/cc3n5k301so9lftrp93ptveg35tfj9aM
modified: a/b/d1didid7ldp4i0nfm5rltsiqjcfka8aM
modified: e/9/66ve00do8667m3erncqagkgfgot2d4sM
created: f/5/19og86tais27pt308clgvsrg3sv0rbkR
modified: 9/f/44kq8aiutikfhf7hovnaj1t1n5f0npeM
created: 6/f/17libfk597iacgbdsbshblogq9642biR
modified: 7/0/3dmkk5idc9lef21rn51c9j6vqeh29ggM
created: 3/8/b8l3nom32sb4j3m6v8kdr2l2ukh5a5aR
modified: f/2/cf4krj1p7h70trshbmsgk1vr39fvom6M
created: e/b/e935o9d5lk9688vddkkd83j2ri5bm5gR
modified: f/stats
created: e/b/07uub2605vo1mnrhso66ldm0p5122miR
modified: 2/8/stats
modified: 5/d/12a5li1gr8cpn17dq6op81vtmljn9smM
modified: 8/7/48fh7ea2i477126sn7otm36tdkp96m4M
created: 8/7/88lpl1enquick586dfca7v3tr09ofpoR
modified: 1/3/stats
modified: 7/2/865epi91lmqa4p5u9k8uq4v26i47vieM
created: b/6/bd83nklfhsnnjshee46qsvp89bksu5oR
modified: 0/9/23stvvu81n31vasq76oho58m9k2pf7sM
modified: 1/6/d9j8boaoffttqgimc6g2f8mfbfe9g86M
modified: a/b/36jcvfs559icj5k74pqprg645pe6ncmM
modified: b/b/d9mclsv420ai8bfu8dvbi6k0bf68te6M
created: 0/5/car806dr1lit40bt0kq14qnlvqaat80R
created: 0/5/025b39pcarcpg4snr9a3ti3bpbpsctaR
modified: 6/0/7b60i19e5v43dckqf6m53s9dokh3ra0M
created: 9/c/ff8gk8fv5epg9s9nc5njsbks7i697dsR
created: b/6/ecah9una2dm53ddv7h1lrcl6552621sR
modified: f/2/5f0hlfgv2clt58j8p5g1lv5l39hn2fcM
created: 2/9/510im1i8d2j3j592honn1ln6589uobeR
created: 7/d/cf75fble5af112e8745pn4rnv6v1ngeR
modified: 7/f/e9fpvddfup3p0o1c59qmumd3rnlhdj6M
modified: 3/a/stats
modified: 4/3/stats
modified: 6/1/62253vvbstplddmsm46a6qpdaih31akM
modified: e/9/c6ekia8gf8l5p3pfkqaanfu4evobcj4M
modified: 8/b/d2eljoqdl521mv4qq37ik4rclsn3iniM
created: c/5/d40r7mvdpq2s7sgaon8djmkd43gd4joR
modified: e/1/dfdlc0bp92qkaq7thtuh6h241i4boa6M
modified: b/6/d7d0jcab4bjvr7o01dqt99lq1du91biM
modified: 4/2/e3au3d7mdo56k08h1885pqgeiml2edaM
modified: e/b/stats
created: 6/2/799b8r464urce5c82iat64ge5rik66oR
modified: 2/b/4detg0ckm5j9j636u9hie3593sh7gokM
modified: 3/3/b1sfn2icsm5kslciuvacukb3j8psi1sM
modified: a/c/54lb7u777gtfbmjflm8e6nggd6uo6huM
created: c/e/bb7c3ba1fo0hj3ma84j7u6q2nue2l8aR
created: 1/c/d3tqrq3kfqenduh0lagvct3j69ftp5iR
created: 4/e/86cl1phjj9bggsce3go6ki2fhni7c2qR
modified: 8/c/eeu26c5st6ekfheadob2p3clbbslpncM
modified: c/b/stats
modified: 2/4/699mgmedba61rlh5la2jan6oqhqer2gM
created: a/5/dbqlqq961btccpfobs7d4lfjbjps1vsR
created: f/6/f22lagj11nhj3vou9i57uict2tnf4g0R
modified: 1/8/87lvbpierd909uk61bvb93k1b34pto8M
modified: 1/8/c05853bk0tbnmnqvn8f4j88fotkkq1gM
modified: c/3/stats
created: 1/2/10m6teu6ck3juk175283e6m3qcjflksR
modified: 3/7/7b6k31btpcfcdr6hsfh6rm5e2jfaloqM
modified: 9/c/stats
modified: 3/0/07lnt1t7eq289vu2koo5csqvutc15aeM
modified: 3/6/f2b3icrjt0cpu7nc6m430jetn3afg18M
created: d/6/e358qtlg8j8k36nnafe10m34i2qlrduR
modified: 0/b/f7fbg7ds7oqn5b0jq6q8cj0l9pil1s0M
created: 1/9/7fg1819599bi8joub3r29uurjg2vbuoR
modified: 8/2/eea9e439t94aptk3fg0nb4odv3piq4gM
created: b/0/b87dlstatjcfqm5opp2pehk2marva0sR
modified: 3/c/ad07ocqtahniofd2himbtu0hqgbintoM
created: 4/a/b19p33oahc8ibl17f7jv7sqa103ji2sR
modified: 1/e/f8893cb4g1hf5otsivbot77706se280M
modified: 3/a/99f76qc0crj388pqvu83dll0g50njd6M
modified: b/7/2dq91g6hdtsvkep6v9iier7qvcm9jjqM
modified: d/f/6d0vod17taiestsrf7m3b8kqnjubedkM
created: e/4/9eee6oluvbhthtbtiblqs7f735gkq0eR
modified: f/5/stats
modified: c/c/acai9uc5cdn06nonrpqefj97sg7ki6aM
modified: d/c/093td7gbbsdldmuma10r8ndvrulgjg2M
created: 0/d/363kti1side8l64jteb0s4c3pfhutmgR
modified: 0/b/63mphdbrhbbaqupobfdio41r9nv33m6M
created: 6/6/fdun9hi4mg6liia0jlurdc1uhr6lijqR
modified: 8/f/4adqlcrf751qmketrttrg16jkmj8ltmM
created: 9/2/36cu3pvll4u58s0i0p798d78vpihcr8R
created: 0/5/b51eluas2tu8u1595b4rko9555pq710R
created: 4/d/81armstopdgmesmc980uukvsciiibnoR
modified: 7/9/stats
modified: 6/e/stats
modified: a/f/stats
created: 2/4/793dodft8g6c7c9pju7qfdapddqt720R
modified: 8/e/stats
created: a/a/f7a9js4le4r6deahlbeq3otm43o1i9mR
modified: 7/5/d2acffhsgefrntl762k17kmdpnsg4voM
created: 2/0/f2hb0o820mqv99iae9r84nndj33t17iR
modified: a/4/0dp5tvvj4url5i1qsls5orr55eop3fuM
modified: 7/e/stats
modified: 0/2/64gn5r0vgn6hjirdups4ufupv62m218M
created: c/8/1dsdjhg6u3uemc2c4433c23ans386rmR
modified: e/e/stats
modified: 5/8/75s4jg5ib0k9n6k9f437avsgaep0cvcM
modified: b/0/b8ht254su5j68k5bo59khbnqdhh9djaM
modified: b/a/stats
modified: 5/3/stats
created: 7/0/29thfnlhlvo3pkkbnl5h37atc9k370sR
created: 0/c/456mdhf49k2vdgq5t92u0p73cadubl0R
created: 9/7/c28ck7574s4i2amdh04vi7bubt1m5maM
modified: 4/c/97g3hg6f3sd7gqutt92idmrretgfp04M
modified: e/0/32bc7armut56v6f979tcp88bkh1ecc8M
modified: a/8/stats
created: a/d/577hi882e5j5vlf7q1j7cd7jnlgplmsR
modified: 8/8/1daru47l8u4igvpngl3p3srd0f6iodmM
created: b/c/8dncda52hgsahumdg1pejl9eflf5jbsR
created: 3/e/2dlt7s9t8l7f5va0hsd1080plqn356sR
created: d/a/6a5j8qklh9i16kus8fgb771ngvn4166R
modified: c/4/stats
modified: a/b/76knu7cpu5lonrqfqgm498ls6ekij40M
modified: 8/e/78bv486k1mpppiv5pndico29qearvqaM
modified: 9/a/a2df70ghfolos8fdm97g29hvq2or3noM
modified: 1/f/23estfv3b03r7au4ieg7ack5iuhqfpmM
modified: f/e/cfv0mi3t8regoe56kko2l5s673bd08eM
modified: 8/2/ed2nmdvv3ff0habhirvhn3qociv67boM
created: c/1/4d3p0cvdglstgj06ettrmnpjid7pm80R
created: f/6/b7es91niiooundfjlltc0ktt74383fuR
modified: 3/0/835v01mp1emfkbp6su97aurjoj1dcf4M
modified: c/6/dev8cemmrqjkpvoupp5hsdkpcif1iqeM
created: 2/2/4e934ain0hikc1q315uak2om2gfkctkR
created: 6/d/869e7uorpvoukkea8uhv0fkduuvoh3sR
modified: 8/6/stats
created: 0/0/e5dqjubf3shmhai2bsga8idua4s8v3uR
created: 3/1/31g4bp1cctjf0dle9bt4rq7uaffliqiR
modified: 1/8/stats
modified: 0/9/9fjuuv3f5adjvvqrk9rp4u3rrvtf3vqM
modified: 0/b/stats
created: 9/f/4evs087u0nhpkuhillihkvdedgvmg30R
modified: c/7/41okne1b4cbu44epmd6lptknt9lp796M
created: 5/4/6apt1f5fn123q4ece0e590gsoc6mh4uR
modified: 5/4/stats
modified: 0/f/12qfos1r0d3a3rt3pqii3k94gsaegi4M
created: 0/7/c0534rlk295j57gdtdmtbqlbg1sf7p6R
modified: 6/3/stats
modified: 6/a/stats
modified: 7/9/dedo6du9unha206dkq15bngpfegi7sgM
created: 2/b/18mr8vh6knkm6bj6pfi72m7gtv41dooR
created: f/2/05mfngks5a3tv9kn2m6mbt9f4r137deR
created: 2/5/9fdr8h6r5e2vobuh0vkt1q2va9j68paR
modified: 7/2/00hloi9ksii07l4nabjg418drru4iroM
modified: 4/6/stats
modified: b/e/stats
modified: e/c/stats
modified: e/8/b673dqqi51nsf41jf7uhp7ck4u7svqaM
modified: 8/3/stats
created: c/3/82btq6maf2rmpji8saharshnv0ml8oaR
created: 7/1/c4bnrrocco1tk53kds461869kmg2r8qR
modified: 5/a/c6dvi4tc0rv1jjbud962746m0vp73haM
modified: 3/b/0erhscloh985lfc7tqa8ig8pj9ahokiM
modified: d/6/50bcnbqegj6i92b3b1cq1j1rhuob4nkM
modified: 0/4/stats
created: 2/0/f1cbdhslsjt7ce5n02uiju1pnvqanhqR
modified: e/4/a4ij6q8hnpi0hb8lambh37abohnv1c8M
modified: 7/d/110pik5fijo2t3f0aqole964ps2jftmM
modified: 8/1/caiq7gacm0m16c0m2v1up4hofjv6t6eM
created: e/6/5f5gr2t3ftb2jluap1a3ipsimuq0faqR
created: 4/3/b0fgpl525r7o3j2f8jic3d7c0nvujmqR
modified: 0/1/stats
created: 7/0/c7bt8atogcloub22rovu6addq8s3sdoR
modified: 3/4/aaltlg0v0nvts0l1ahh6t0nq8jkv3kgM
created: 6/a/1e12eukn5rurbg15vv6vcc8b6qvdjqsR
created: 5/8/bfpbsphgv6ms409ipbk5p497fk27fsaR
modified: 4/c/e9qo8n7ch7b23kdppa2tf4889lm44biM
created: 5/c/2cshntvfbgj1ghbkv6d0dsjoafsemd0R
modified: c/b/7fneu7npf2m22kr4bcu0516eqcpv0qkM
modified: 1/4/9880v4rd7iq01ak5ilq7rknf3ejnbm2M
created: 1/a/5du97jupg92ktot53opsnurh055hf3sR
modified: f/d/stats
modified: 7/7/stats
modified: 8/9/02aq5bsfp08acbbbm6v4ai8effimj26M
created: 7/7/4co9l9pannmiphh2cld87btilp25bmgR
modified: e/3/c2n4aq8vqjlrdkgv6me1lqe3iig34huM
modified: f/4/559oa0r2f8l1tpkovf456ns4bdj3qr8M
created: 5/e/07qlip80pdvr3dnekqh9ev8mtfs7248R
modified: 5/b/stats
modified: 9/f/stats
created: 1/6/60ki4ncn19uocur25r6of9a6hvisa4cR
modified: 4/2/stats
created: 4/c/7e2f5ki2ln1j4dbv7co0vp20kj2nfrgR
created: c/b/f8hgutudp6ck64jtjdhf49gk6eg4cicR
modified: d/a/8aesji9qs2k95scsv4cfr1farn7q5kkM
modified: 7/6/81i36vn96rstkjp8m7piim355b5ptokM
created: 6/3/f5rphlfdljmfdtndrihq9b0impk5k4kR
modified: 6/a/73bdu7ab4uiebbtghk6v1p025ccvboqM
modified: c/7/stats
created: 8/9/a4dm86rdvjcrpm4ftum899721r136tqR
created: 1/f/f2lmm9adsbvhv3i6hc7e0tfcvmdea9aR
modified: 4/d/078kqhadpu74d4n3ckg3dplsju6um06M
modified: 7/4/stats
modified: 2/a/stats
modified: b/2/95f3h7k1pjjp6vkp830vh51nmh2btmmM
modified: 1/4/stats
modified: 9/c/2atsbsvjceog4smusqaitqaf1uit076M
modified: 0/0/0fqvqdvdlo50dmfmfegqjrhvcj3oa9mM
created: e/d/85pvb13u31shf93j987hv3leosvr3uiR
modified: 2/stats
modified: 6/c/stats
modified: c/e/stats
modified: b/0/stats
modified: 3/1/72crmhg2oidnl6np7gjn68n6fphrdveM
created: 2/4/cc7tegabop8cgp3duoslmkpd5fj4p8iR
created: 4/e/480i749fv1e7k3kft9445b6smqs9khcR
modified: 8/b/bdebvhmslp8k7c12lfnklt5uoh2id2aM
modified: 9/4/stats
modified: 5/9/stats
modified: f/f/b0cce6kb6j05r7ur88mvljti94m0g8eM
modified: 6/1/ebpmgfeqn273f8rqbt25eol6qjndn2gM
created: 8/e/12jraq2nuebcpmp8h2sgl0k2lk5h3biR
modified: b/e/bfb96edka9ja18h3ikjlbi3mgmor2feM
modified: a/f/75nnmo02f4i7oeq85nq8aspfphbq4oeM
modified: b/2/stats
modified: 1/f/936c2jdk9rs6luqk1c4es4shi1c1clgM
modified: b/1/stats
created: 6/1/f55ii9sb0cmcijv5nhf28lgsmj05uc8R
modified: 3/1/stats
modified: 7/f/stats
modified: 1/d/stats
created: 9/a/64rkd48rn6q8vs0i29k326hkr7ph1quR
modified: c/f/stats
modified: 7/4/80ipdcqe7d872qnm75uce02hgorsivgM
modified: 1/5/stats
modified: a/8/f5flpkc8e2qbrevsdd51aq58bohc9niM
modified: d/8/stats
created: b/4/c1dsltkkada1oudks4q1oppkon7cikqR
created: 8/9/00lh55i93gk05nj9g0bv84j89robjj4R
modified: 9/4/d2dkq4nqcde3gifiepbt58hlg9o9k7eM
created: 9/8/41ivb2qvdfmsvg5l7ugiofpj4ll9c9eR
modified: 3/3/33vdvfq4a508gt8qfmsndbb4hfjda9sM
modified: 6/f/stats
modified: 6/b/31r6caba7bgo4c5b19t3mqub4517rg0M
created: 3/c/e6c9nie34fou31vphmpoc71oumevqt4R
modified: 4/c/stats
modified: c/1/stats
modified: 5/4/feh2m5fngogemh0r25morgmv32vvvn4M
modified: 7/d/basi1sgho52u8v1gtv3fmm8i3h50knuM
modified: 6/2/f4k9lve8ntp425e74i0bejohkk7qkl4M
modified: e/7/stats
created: 0/c/8e38fesjrqds63vs8oejafdnvo04guqR
created: 4/d/9btpd3ngbkromvbskk359elg3uj237iR
modified: f/2/stats
created: c/9/0erkei04oalpa4bvvtidu2p76rk610qR
modified: b/a/e425e7il195hp2hlm622gi3uht335q2M
created: d/e/9f8sfhhd53c8hhcqb8o135etppbir3gR
created: 8/1/b65l9obukgj8qltqa425fsbqet43v90R
modified: 4/7/a0v4etpf7lua76erkr0lmqkin49mmhaM
modified: 6/5/stats
modified: a/4/491p8emjuo2t28084ufhbjamef9vhv8M
created: c/1/09ns73kfvgqp51v5aaf9u4br5u81k32R
modified: f/0/54foo7m56b2htm7bqk50et1lju6oobmM
created: 5/c/c6i3teb5vplpd3lknhalggl6lsa4haiR
modified: e/8/stats
modified: e/2/stats
created: 0/4/37fmkpn7g7n9nphm96h7qic5jausucqR
created: b/2/d8hrqpp8vca63tggq27me4979gqp0a0R
created: 1/3/74723b8kr5b3tte5i1nlegsm1r72hvqR
modified: a/c/1difc7gsjdjpl7hv3qen09u7or2l0i6M
modified: 1/c/stats
modified: d/3/stats
created: 8/1/c51ri614l3g0ngpeve0e4on5q6smcp8R
modified: 8/2/f49q5262bs6vk2b8quol1aeuf16leq8M
modified: 0/f/e3404s24gai5rjkcm68gmh7tv9mmtmiM
modified: f/1/stats
modified: 9/8/stats
modified: 0/d/b37drc0id7n18sirq3ri0otkcb8s6kiM
created: f/9/48mc1ebtsq9f2ak2pnipsqqqa5haapcR
modified: 0/c/stats
created: 7/1/345s8ho7r1kbul4rgcpqq5b3tlav2uuR
modified: 7/9/5aiu5askch97d51brbehmualgb7anmsM
created: 8/5/90ttmrvp8mrbhpfc9h15slnun8b2egcR
modified: 0/2/stats
created: a/2/4e91gbt8tpqkpmhjmhgpo1s5dkdj8lmR
created: c/7/7drjcl7jlardinqbtsgad48or21k4gsR
modified: 0/0/stats
modified: 0/5/adfq88ahh2np5ca6as1379gt99lceb2M
modified: 8/stats
modified: 3/1/f60rgnfakmo1qnsukd13umm2gaoogl6M
created: 3/8/84dln9o7c0ap285k0qg073nnr43j9hqR
created: 5/5/9302llme1ttsq23fogip5efhljh988mR
modified: 9/7/stats
created: b/e/07t1aq5ao35jgrrhd8dvd07thb7o7dsR
modified: 8/4/2d88lur0u0qrhncbraofuh8krah24c4M
created: a/b/0anbmogutq28knmlieqr0mrbebpsenaR
modified: d/0/stats
created: 0/1/39d50au3meh9r0iencjb0td3vtjg7scR
created: 9/b/37emrps6pg2c4glui0uum5rbjq2i37iR
modified: 8/5/stats
modified: 6/4/996cl2qlmlqj87om40fh1s4logiohekM
modified: 8/d/stats
modified: 3/5/b9ob1le1ovj6oh3ojh66oiv3u8d1jneM
modified: c/8/stats
modified: 4/f/stats
modified: b/4/17pbptgpoti7v8k7ce48sqf67ivi1ccM
created: a/2/d4m6br0ov9b6asd0eekplnetvi25iheR
created: c/8/5a0454p3rks7pdeicp071cg0n9ifsqaR
created: 3/b/00nhjqfi88arm91324pnigsf35ngnjqR
modified: 8/4/stats
modified: f/b/f80fd8s9eumme7cdu9ji7vo9d62nos2M
modified: 6/6/96iv7ocsbi20cn6cqol1nmpm5098hkeM
modified: e/0/stats
modified: 6/3/12l4tda5ka414oe175g46ph4a1qrm0aM
modified: d/d/stats
created: 1/5/c2hr8d5oroj3jb1tlh7gqqslr6mgsogR
modified: 8/9/stats
modified: 2/6/stats
modified: b/a/bbmvlp2vcva4c7h6t7tc953mdhpv59qM
modified: 0/a/accukbt7oa6j2qfibrcdvo67e7rnmg6M
created: 8/6/9cbe6b8pckc3poc2lsp15i53kvvbdrcR
modified: b/b/stats
created: 9/6/2ckbah164ru8oic609ub06al2q2fg3qR
created: d/0/875t5trff6lment5dmnvv1elihsdklqR
modified: 9/1/stats
created: 5/2/9d5ak1v37fmigd6j2du7jpcvvp9n838R
modified: d/a/stats
modified: f/e/stats
modified: e/1/5075gkevbj4v8h6t0irogba98enl02aM
created: 6/5/25jsvurth77ungg950fk139tsgbp884R
created: 3/4/e2180ndosplpotgv420v56c263g2l0sR
modified: 8/f/f4i1nv3h5o3hqqshvg7mnuc7lmaudaeM
modified: c/7/3bbn1pl90mb1n5s91p1odt79seq0olqM
created: 3/d/f8i1ntn4b81mnqogh5stmqr1frk50d2R
created: 8/2/89bna2rt0qm5pnhl7c741ckbkff4kmeR
modified: a/c/57tuv3lcsn6054j909nhom7e3gc20r2M
modified: 6/1/e1r1jppej5objpuvhr19oda73mmhc24M
modified: 0/f/f7qctfo0hbteaiktbld82c0fltb9pe2M
modified: c/3/4eqemqerg9rl2fmsckt3ddeun7trq98M
created: 7/4/4b0a2mflkk49abq9bqhacq5auaotsv4R
modified: 7/8/stats
modified: 3/b/stats
modified: 4/4/49apj95jhc285q15jhfh5gi96hcsbsiM
created: e/0/610ugp9k10apu6unfqt5afv11a0mp5eR
modified: 8/a/cfmu2b0vq53ua1n3pe4ipgv17h71dj0M
modified: 3/d/stats
modified: 9/0/stats
modified: a/c/stats
created: c/3/78h17tdf3teem9h39h7k29ps8oi712cR
modified: 5/7/7304u8poca3lusseiaimr4bdofekchsM
modified: c/4/5efbe99tmcdgdr4elf32rusg1dvbiqkM
modified: d/f/66blrsjdkbt1e3r71n5r025o0pq3kiiM
modified: f/a/ce8e0c6epqfep2se3fn7melrgd62ldcM
modified: a/0/stats
modified: 8/b/93rr6bdvnrgoccch0mbcv55smm7ajfkM
modified: a/7/stats
modified: 7/6/stats
created: b/a/438240sus17bov39nduh3e4st5fh7vmR
modified: 5/6/5becjcdhrs9rbgfjus6boad9ahqo2qkM
created: 5/d/46phmfumv3vourtvi46fqcoq94q1bu2R
modified: 9/3/30r4pfsoiem5o5no4q70jd938gjuinaM
modified: 1/1/516dopb98so0gaj989flc6s37dtkvc2M
modified: 3/6/stats
modified: 5/stats
modified: 1/c/d2d3a5hmibq1a0r97jr237oa6l7l8nsM
modified: f/0/e1krme5pbrd8jb26i8o88116ftceldkM
created: 3/1/4anlihgrsoptj3mlo1kgvlermts69koR
modified: d/7/stats
modified: 5/5/stats
modified: 8/a/42akctvucp50l8i869svt0u49p1f248M
created: 9/b/1c5m5gfo1tviqhukcsj3i1bq6tsl01eR
created: 7/a/d1j3jstnjbh70t3ij21pd64u0bdjciuR
modified: a/4/96kgt4p9j222d40k02gpp9vej1cl2veM
modified: 0/0/00hjs7oj0dca9ulbj5nf7sgi6ev4cdoM
modified: e/1/stats
modified: 9/5/889grhm0bjvhtb82lvdcsc08up6i166M
modified: 4/b/0ckaq7h8sflul094na4lr1fm0a3vo78M
modified: 5/c/stats
modified: 5/a/70hc4g66kv12247a9lo65rvo0hl9vbgM
modified: 4/d/stats
modified: 9/6/stats
created: a/c/7dsk4pqfl90ikl7n2e0tjjf386buc12R
modified: c/c/dbrf54jf521beido6tunkdpgu11htruM
modified: 4/9/30fsm9k47phu1m99vgn44gfhhog777qM
modified: d/6/stats
created: 0/5/40uep61qttaesb186pe3i962iopn7f0R
modified: 6/stats
modified: f/3/stats
modified: 9/stats
modified: d/d/b2gads6galtsti79jkflcfam4v1j6o2M
created: 3/4/90hk9fptramlje4d5f4lb88vv8hqga6R
created: b/b/1840lf4hlkhias0782skecn4jeqfu34R
created: f/b/35bpr3a8llllqpm2uaqgqqo6k926enuR
created: f/9/43lqgm7ot08oppnbur3sl7g6oveph6aR
modified: b/f/stats
created: 9/0/53lh52lelug3e6jpuhg6cni7ltlm7kqR
modified: f/0/stats
modified: 5/8/stats
modified: 1/2/stats
modified: 8/c/stats
created: 7/1/dc371atjlsbd77gkhsl6sbbfp3mk9lcR
modified: 4/f/bbvls4d9bi704fhdu3vmagnuff92mroM
modified: 3/d/9c0cmj7c5o4jtmckh7tp0fl049sqea8M
modified: d/5/stats
created: 9/e/c664fo7t55jmqgg1s4ddmmf6h768ekiR
created: 6/d/f4mfdgtbe82qiiccfs2bh773l906h4kR
modified: b/9/dfn0qmbe5713qqhi2kfok4bsp1qvrjaM
modified: b/3/stats
modified: e/b/2c6q1badl2jlhji5ob08uo794vba8riM
created: 5/7/60jt0s9kbjheocav1h4b85h2i0c25u6R
modified: 3/2/b2cjg7o4biqpkg5e15he38358652nemM
modified: 5/8/4b5esr2m5ahk3l5m7568q0lbtpo6mnqM
modified: 6/a/9a30rorir1939utj7mi5np5954cmtgeM
created: 5/9/9fnjef8p760etdr2vs5j69uh5jlojq2R
modified: 7/a/stats
modified: 2/4/stats
modified: 1/b/stats
modified: 1/2/9bd5siub7qrdq9utf6p8qea3jorpqbsM
modified: c/b/d0cmduieko0aj2jr22mq6oc6e4142hmM
modified: 4/c/7d1eq5clt63rcdtl3q09nf2v0207hq6M
modified: c/e/265vu3r6087jdv2ouif9sjv01aspkj8M
modified: 9/3/71r1umj9iocptamukun6epphm6ugkl2M
modified: 7/d/stats
created: 4/e/7264qf6m0s90lobn3k4lpq21nh7sjasR
modified: 1/2/5bus8b19qsnttfdvca1gqc1ikod3dd8M
created: b/f/0f69crr4c0kuvma29rchj5gr0bqtp9uR
created: e/3/b14o5pskfab61ml18rf0ca6v6k4vjgeR
modified: 3/5/stats
created: a/1/f4q304v8927vttc3f60td3086qcm1t4R
created: 8/2/5ck8co02kfpf5s24qvtt8mjokog8flcR
created: 3/c/388rmkrp6u1071k7aq9e04bj0hpfte2R
created: 4/7/d7b254jh122k2qkq8rhe883tjl0np7iR
created: 1/2/53cnlov8580c35p96q2s29nk21c1go8R
modified: 6/8/stats
modified: 9/f/8dlfg3a1j5qri280pmea18lobnq80auM
created: 6/b/e0f915orctra01a1otamejn0kmsf27eR
modified: c/stats
created: 4/0/0c2lichdmjnbpfnv8nff1q4iqv8g4hiR
created: e/c/002ei1mqipnju9prpel6fu03hppj9jkR
created: 5/d/c5lgk1g8o3494e61l0fm9djt58bqnsaR
created: 2/9/14d1ch9j8qvivqpc7l09rjlvn5pfun2R
created: 7/a/25im3gos5nrnld6hqji7bo2lcp5g4kmR
modified: 9/6/2beg5ktput18vo5a6aemm836omrt0d4M
modified: 2/2/stats
created: 4/d/15ttmknn5u5k723i7eiul4ac6npsi0uR
created: e/d/ea3riscbatnh07v41a1384vsu4qke2cR
modified: 2/4/2deqkr2kj4ik7ejukle559fb45v0q0qM
created: 2/5/17paq44n2tcoa24lc0h01mki4kvv0noR
modified: d/b/stats
modified: c/d/stats
created: b/e/06if21drv32rtl1h7c6iakjmrij39s2R
modified: 0/stats
modified: 5/c/e6tr8o8531prtmdli3jt51pnasrfdvgM
modified: f/4/b2o0pi06b4shj1fkb62t5o540qccb5mM
modified: 0/f/stats
modified: f/b/681gvfa1clt5m8mub7p086os9fsq4o0M
modified: f/a/35v7lmdpiehufjufoscgndlkaol3pmqM
modified: a/6/348k507b0s4o0cvbrj6590nid0fe90oM
modified: f/8/stats
modified: c/f/eb178belvagaseob4u3sek629lliodeM
created: f/1/43bk9lfn0qrkonr38ffm136u7oa8e2qR
modified: f/8/70duhehma2km3jsp1p0ci021nep0690M
created: 3/c/cef7mrj0fpm71gj067mtfihntrj067uR
created: 8/5/ef4pclm24i9ap9v6qv880b8hkt9ngniR
modified: 8/0/c7lc6rb9jlsdb9j9itvp6cobbevir1mM
created: 2/0/84j0oavdpv0ve6kt8d4o6d6esck7hv8R
created: 3/a/88lg3btmrbt96li592tql7oi3uj902iR
modified: 1/a/stats
modified: a/5/1ahmbksi2u36chi96t4fnk47a2cfu1mM
modified: 2/3/stats
created: a/3/77gv98le4uhd2ehmv8ru15gnhnlbgqkR
modified: 5/e/stats
modified: 9/e/stats
created: a/f/994r62mrdo9fs01qi9krjaedha8lpr8R
modified: 1/8/2426cfegbfnjtm170lia56bh4eu04a2M
modified: 5/1/stats
created: 9/b/47v5d80lb1paj9p1va5ntso39n4ig7oR
modified: 6/e/2a5cnojb5vbsq0ckqu3snlhj2dmsn1iM
modified: c/a/551ka24ssvgapa052vgu39llnvu9jd8M
modified: 9/7/83m6fkifj5pgf36kuaflqp1j2sqci2gM
modified: 2/f/79j049i7aomcirbku1jpi5utvm6bsbuM
created: 6/9/e1bprmpcuddutrtm714g540f30k859uR
created: 4/9/aaoscbhp79e1jd9mjno8jf4h10er4icR
created: 0/7/4c6sc8avp33cs5qvc1qd1pn8osir5rqR
created: 9/4/39pge1qseh9j9enpq2v7gt7nkq6blr8R
created: 6/4/d40i4ku8qkfi71s0e7aa6kett8ldakoR
created: d/a/0e2eqj0093hf9u822i006gh1vbp9im0R
modified: 5/d/5fprahh2i1nnita26dnm3n471h43o74M
modified: 3/e/stats
created: a/b/0dh3clp8n58qv2i4d6nc1kc4c39llkmR
modified: 0/8/a5edh08ic1h2gqtl5o10devua9imeh2M
modified: e/9/a95dvm9nabfquu6ncfgs1tpjeq89a08M
modified: 0/f/7dhuplu9shddahgbr7oht3ogrmfq5okM
modified: d/9/stats
modified: 6/e/77hcvh098sedpu6ka07n2odooife2jqM
modified: a/5/stats
modified: b/7/stats
modified: 4/7/stats
modified: 8/b/stats
modified: 8/6/37c54s0mj1k32apojjofod4oj6d73tqM
modified: 8/8/stats
modified: f/1/28kb24ofnfkp9h63k50m27a9001do9kM
created: d/c/beaarbjlk4o9l6hvbc1o3qabn6ifua2R
modified: 5/7/stats
modified: 7/3/stats
created: 0/5/263aoe3auujnmahmk0v4slv170lbmqcR
created: 2/b/990d86a839366bp3j7gf1sbpakf0rtgR
modified: 5/0/cehccubq06hll8g6b4if66meu2cj7poM
created: 1/e/b3ci2ilsl3dhggsp7u797svdfumjc1mR
created: 7/5/41mc2lk9jmmauh6ms1mcaf1ufrba2cqR
created: 1/d/e39mgb1fetr5c5gi7brhd0hq23ujiuiR
created: 6/3/8cuae3r2g1svfbiulpectk46giaipkiR
modified: 8/7/stats
created: 6/0/92ulokcds56hkt5fouoqlj3p3n54romR
created: d/d/bfjvr8qm0l79m828ggrl8qpngdd1ce0R
modified: 4/5/stats
modified: e/b/c7e3vvj938tbin082o5be9e3s6s99skM
modified: e/9/f10avh2gltheg43k64c21opk8iald0aM
modified: e/d/cao747stdo6eutct917vejfnn2ltiqqM
created: 4/5/a8r6gkg53em4n39f8otnbplcaqevvteR
created: 1/8/9eanefcqrvla6q5lopvc1l016ckfra8R
modified: 9/6/35jl9d1kchqhpng3ktg2ifqhr6vqnb2M
modified: e/d/stats
modified: 6/1/stats
modified: e/7/eaovnuggcdujf3gjg0qfebk6stqqnpkM
created: 2/4/655g4lp39h03g3q5enr656jf9acjvauM
created: c/c/4cuu67dacpv5h86j5jh1s569vt4292cR
modified: f/6/e6c631hekapfkkvs64elqkg2i7prtj6M
modified: 3/6/cbjncrn6gfb9oovmkh3vvn39q1oc58iM
created: 2/0/cdu8i85lm0577j95d4odfbdo0i6o7s8R
created: f/9/d7bqagup381tppi3hkarm64un6adpogR
modified: c/a/ddp1bqih9c6apspkjfjq5mg7mhtarniM
created: 6/c/a7vd7cp51boa1re58nnt4q0gu1rvts4R
modified: 8/9/56rde16enfdmjirunvq1j14ko1pe2pcM
created: 7/1/00p6hrlfghlgiikfq7l4vrmtoil4tbuR
created: c/0/4ed9k9lh8k5k3jg03n60ieacg9uu7hcR
created: 4/d/a1nujgokqggfuaq586gu7arjuavng2mR
created: b/a/e81cbsspjqtp11esp4l396oto09ltskR
created: 8/9/738gc92rgauhonek6t613odoiacluagR
created: 0/3/c8ie5lm7aspcl46b478s3prn5tbqsigR
created: 3/0/f4585qsshah125bnp1rlffraek15gk6R
created: d/4/b98fak09diikghid0cci6uvan951t1cR
created: 4/6/b42b1tina275bhu69rikodb8m34toisR
created: 1/8/5eho69807nlherlt0pkurh60411nj2kR
modified: b/5/8751i5mof43vutp6lv6i03n77lqcvhqM
modified: a/6/stats
modified: d/2/stats
created: b/d/65eso9n2ceupj4givqmmtaaauso2bkeR
modified: 5/6/stats
modified: 7/d/64ggkuoicchfsogpcpuf02igobroelaM
modified: 1/7/6erlu8311ek0vgpc37ii7c4hqdf24a6M
modified: 1/b/0ct2mmr44iitvonl28dqlc15cgpeqliM
modified: 6/f/59fqvcab089ft4qp46si4glp08pbe74M
modified: 7/c/stats
modified: a/b/stats
modified: 0/3/stats
modified: 4/stats
created: c/e/bbk4flgqhjrd12qqa7lasjrh86aakqqR
created: 7/8/487c7g5sod7gbsde1iqim2irfhj9804R
modified: 1/9/stats
modified: d/1/stats
modified: a/9/stats
modified: 2/0/78jdbv5kss0srhufhumsb57grrlb952M
created: 3/5/bc7skmcbklfv5pijrrk86bu8j4kks3gR
modified: c/e/cbkrp1i11amq7klq01akvsip2broh1sM
modified: 2/3/d51gj8bk3bjq9a9gqp9h007hhnlsrj2M
created: 1/a/816sqqb2gc6aar32n4kqacn1g7o1etkR
modified: 0/9/stats
created: 2/d/62h6q66saqfej3226kerdesasp674csR
modified: f/7/65cvg1ss5mf71hel09cqa8pc5fj4mb2M
modified: 5/c/9dvjtu0r18ec119mdjh5ocpdndd8ppmM
modified: 2/c/stats
modified: c/b/87prrbrgg2r1lgknchufj4b51tng64kM
created: d/7/bd0bmigfk1eh4iehn7le6k3t40c26n6R
modified: 3/c/stats
modified: 2/1/b25a1ivg2t51fidi0r1msdld70thjpeM
created: 2/8/284lmektsksbkg5r2ivhpefma3bpvtgR
created: a/8/656u7n27cov1svorn4rhogmstk324rsR
created: c/f/canu5crd7cl61ucsqgldem3lfou0igmR
modified: a/4/stats
modified: d/6/cabmgbtd5pp1kkd4lpr9d8qk3qakk6sM
modified: 7/5/c4dgh67nf54d2gp1hg3k8rqtrgth5fqM
created: 9/c/83v93siik7n76nl6k1e9ihlvanq0c4iR
created: e/7/b7m2p0npv2acc2at5vvjhamphf34p8iR
created: 2/d/6bqm8voeplb2me56e0oqabiac3j13b0R
modified: 4/9/stats
created: 1/3/4d47eh4lmv4e8iv4hrfh8t7d7jv83eeR
created: 6/d/cffhl6475eua5aorhfi1sv4jjsu1mfoR
created: c/5/bch1qjvnicp4pbtufspu9uleobn8tf6R
modified: 3/9/stats
modified: e/7/ceucoqb5n6gk139nvv66i5t0m7omj5gM
created: f/6/d1nbnvgtcnr1tcbc73l6isac0kvr7dgR
modified: c/5/stats
created: a/4/e67slfsp8o20m8afl46tbimavnuv4qkR
created: 3/1/b1oodv5locolgqh4946d13bbj47j54cR
modified: 7/stats
modified: 9/5/4ehsqpop0efu6c4buc1qkjf0q1uovq6M
modified: 6/9/stats
modified: 3/d/8bvjgfjus3cc9lqigoj3tucugsdstjuM
modified: 5/9/1dfg50uuaej59jsbhrvn21a7qdtj0qqM
created: f/2/1chvdho9npd7s0g9of7j0717iou1bisR
modified: 0/7/stats
modified: 3/8/stats
modified: 0/d/e2rbfn0jogcup7qnn62voghucbrtuiuM
created: 4/4/3apn2gv7a4187bt4ci66l8fn2mv3loeR
modified: d/9/4bnp057aotg7r2uq53s8asgbf1l3ggmM
modified: 9/2/stats
modified: a/f/860h1gje4v7b4bbk7l6c0q64lp1a35uM
modified: a/e/stats
modified: a/f/cflnsj72c2l97jqq6mlgobf8h9cpms6M
created: 5/9/ddkee7c8v54v83e0fga07f78mfqj014R
created: 9/6/c6if878fnkfn7bigppki9kh891il5jsR
created: d/7/77d4ecobqg981m5nags2nnlaucg50f8R
created: a/7/81hv8l0hsoee1efnaig56qj3rdimdloR
created: 7/4/b87h9tv1lec7s7h7olms6ov60i4pir6R
modified: 6/7/stats
created: c/b/e4tc27k4ds251mr64m2ugv6rn4quabaR
created: b/f/9dcks86u5s3c67bui8ag0mi383bhl3qR
modified: 7/e/06h0ltdjt6akong19vrag9g3vdt1qiuM
modified: a/2/stats
modified: 0/6/9a1c5bnbfc3nmmnnc5nbseq280tod7cM
modified: 6/4/stats
created: f/d/ea9vq4c4almoln5n7qsthgkmqqeq234R
created: 5/0/ae7b5qbn5hmci55k9cokbh2ilaahvvoR
created: f/c/ca5t8796crtbabg46fq11f3uhdu8vjuR
modified: 6/9/afmu17otroqpmavrhabo1fpj5hqime0M
created: a/e/3c4f5vopa0t8au3efefcl22em271tpsR
modified: 2/9/stats
modified: e/8/5820ljcoh6k3teu0csbd0b7fnsaopc2M
created: e/8/5anvd48mtlt2l9uhqlmjprlk51557boR
created: 5/c/ea92vrpdfkt8afk6ofdfmjar7d045usR
modified: a/3/stats
modified: 7/7/b4ffvn944ae4ge3bli1skk8h0481ntqM
created: c/4/7ebpovp0fe7cj5kapgl5ckgobu0k4vgR
modified: 4/0/stats
modified: 2/5/stats
modified: 6/4/68o3qv0ia76fk092pskbkr4a5bqv07uM
created: 8/2/58fv8rna53vo3ebt50a8dovgfvlldpuR
modified: c/4/9027rq8rhm9304s81qnbrfkvvlr21usM
created: e/a/6dssg1prbc63u704ogms1as28eevka0R
modified: 0/6/efq0707ugii9p8mh16kruuvgu8jceicM
modified: 3/b/e77g6b69aljht2dgl41hc1622vpneioM
modified: 6/1/47nngsgn7uphpo6lih4ib4evdmebs56M
modified: 1/a/2f05k8c19se1brsdaolqfdhgo0lf0hkM
modified: f/9/725hjqmjoqq5njjs2aeiqtf5i3vgpeuM
modified: d/6/5d2tsmftarvc1k76ik2hkm334lvnjs0M
modified: d/stats
modified: 5/d/stats
modified: 6/2/stats
modified: 4/e/stats
modified: 3/a/85ae2qumkgoj09smlr2pq0t4v86j0gsM
modified: 8/0/e4ab0amqvatljtm4drtbdjp1r2u4taaM
modified: b/6/bchh22f4rau4r6161fboeh2p3lg2hdcM
created: 8/0/93neo4atscts2h2q19scg2vtsavfe5aR
modified: e/3/stats
created: f/8/7e188q5u0lhcohrqmvhc01tvjee5cqaR
modified: 1/stats
modified: c/0/stats
modified: 1/0/stats
modified: 3/7/stats
modified: 0/8/stats
modified: 2/0/stats
modified: 2/a/4fomcaqrguk0nsjqm8rv4p9edn7esr6M
modified: c/a/stats
created: 8/a/ebudebjc7mv0mvfmquulnc9b1p3hk2oR
created: 9/7/19kp4ppo4bvhl6d6msjtjav5dt997k0R
modified: 8/5/b76cadeodk5tgg6vq89ttn13i95228aM
modified: 7/2/stats
modified: 4/b/f710mu1b2691t2mkmrb7j0v1b93t4n8M
created: 4/d/77qcj49j9fg8pbuvnunsjp7m1j6e15eR
created: 0/6/bbgu42tu6u60fb287gufl4tttqd54jiR
created: 1/2/3dslhuuc3ikhq6gp4dai1ig18nrpkf6R
modified: 8/0/stats
modified: 9/4/8ct4gvl8j30h5aamlihfclbjfi0r2k0M
modified: a/7/817dkoj88ko2pjme6qotag7ti96t31aM
created: a/d/7b1uunt83u9022t5evjno0ddhh4qshmR
modified: e/6/stats
modified: f/b/stats
modified: 2/e/stats
created: c/8/86kiclevlilqb0mq70hiv10be6faot2R
modified: 7/8/138vk85fcgqfhgug0gbmp0tf9io3nsiM
modified: 1/7/stats
modified: f/f/c5qmnbcttrk30dhuklrelqleqka1774M
modified: a/a/stats
modified: 2/8/f6072kqh9v0i15almrhcj3mii7buf8kM
modified: 3/a/dd3ihu1p0p21o3qqnpmr6l96du65e72M
modified: 3/8/270lec2obtddp07j9ad6u1siupi7t1sM
created: 8/c/e79q6t4v7a8effkhf9779fpglorgk86R
created: 3/2/c21a9annrmrqclfm5mrcgi7au556fosR
modified: 7/2/77s6723bga3spcnr47tqdf3fcnilsq2M
modified: a/1/stats
modified: 5/8/d84ni2r1vbug9d6ne567cc9ps7l5r4eM
created: b/9/5a1egt79kiq3uo8ngkgrjsp63njuqbcR
modified: e/5/stats
modified: 8/7/274o0i1mov3d9sqvii687as2tlge4ouM
created: f/e/740e9gpege46o358671v8e2g5pielekR
modified: 0/6/stats
created: e/e/f51vkg2i3gbhvjprehhljdtmr7gom4oR
created: 3/8/1a55en347ggdu1heasnj7d5knashec2R
modified: 1/1/stats
created: 1/c/9co5edlmlam7c4hv88n5ecsqvoqpse8R
created: b/4/6429249rp6s18st680a6sv7u86c09ikR
modified: e/3/26jvr82q6pevffrtctqgjnc0jkjheh8M
modified: 9/b/stats
modified: 6/0/stats
modified: a/f/cfgs800v0n9tv0t15s11qefjtpf23ekM
modified: f/d/85jrv10qgt3sr1gf1967mhl5gpc3eceM
modified: b/6/stats
created: 5/5/dardkp9pacrbjrs3bn409lhl0709ol6R
modified: c/c/6ace6gflfjfptjlr4rgnm8h5i7d5kngM
modified: e/2/1eghhv3e7oa8ge5p3pid62dp6v3alkeM
modified: 7/c/47rb2i1nc4kh87keejbdg08ca9vnq2gM
modified: 3/f/stats
modified: f/c/stats
modified: 1/a/ef51moif8jlne7kp7fkk6ek934ojabaM
modified: 1/3/18g7c7t2s5p60ml8hhok386e4e3tk78M
modified: e/9/40abt3sjjmhp8p632ojrjiuiacaqn6oM
modified: f/6/stats
created: 6/6/c33sbtueiefi9ouh52deiq2b9nsd9q2R
modified: 4/a/stats
modified: 5/0/stats
modified: b/a/1fh0kv2e4uqp9hmia6dvcv6alc6qit8M
created: 6/7/ede8090kqjhtkun65h19r3p4fnlhhekR
created: 0/9/ec8fdeckjsklj2u2qrta1kgcbfk57lkR
modified: 9/5/6585klcpu4i0r6cjthior9ovd16jem2M
modified: a/d/stats
created: 6/7/cbrsn8l15g5kqn5d7v2bjgqdm12gmg2R
modified: 0/e/stats
modified: 4/4/37kg3su0j6bbh2ptpr1mrvp3ec01s8cM
modified: 7/0/4bneetfoaa6opgpcucdpbev92r4r8eiM
modified: 6/5/7509d21akvq8ttagnt5bhpp661rgtdaM
modified: b/8/stats
modified: f/5/3fnggdfngar8tv6ub9iutg2jlpm38tcM
created: 9/2/eao9l9mvecssahl67ev6fi4fvn039j6R
modified: 0/4/7d1a9ousd0v6465e4npvbm3nk4jakj2M
modified: 8/1/stats
created: 5/0/5fkorsboc0lbc2g7avgkge2rse85u22R
created: 9/a/2e76jjstilelc6q2iuaka4udp2f2pucR
created: 7/e/64gt31oi38rhttjlurshjtoqjn7ek2mR
modified: a/c/ebo1u6dghtrgobpb7372fdiud1l0jtmM
modified: d/f/stats
modified: 6/6/stats
created: 9/0/7ad7i327v9fcjsu16pfiv0feinove5sR
modified: 0/0/d6vk7cpteq86ltp16ech2c9revndqkiM
created: 6/3/6dvr120c28casgqopkk6716svqpv8fkR
modified: 3/3/e6ga8l2so45bcujup5agr7jnl9cu19qM
created: 3/f/34n2b0u81baipbkjlng98mf25guf44iR
created: c/8/d43ke82k82lupinlt5o21845s0o9s6qR
created: 8/1/9aokb0eb0bi4qh8lkco33dv8rdu9c0cR
created: 8/5/8admmnl4p57fk835lmkb5jm1sjpq5geR
modified: b/5/7euejjokm9ih83ugh61h4tncmfbfguaM
created: d/4/a94njli1om8gu567nbf274uj907ee7sR
created: 7/b/97iiah7ui4mhd27h222dqvr7i2h8r8gR
created: 1/c/435g677ofquhaeut0almpppt78io8igR
created: 5/b/4btovnvg5ib7k1ii18rki1j3fabha4sR
created: 7/a/3csfbai0kjnh9ms6ko4q9h1dphv8mm4R
modified: 6/d/stats
modified: 8/4/3872sfluabg7i8gvakk67dfs4mn26bcM
modified: d/e/stats
modified: f/a/stats
modified: e/3/86uc3o7lgeb4kk9rajjfa8pasm2suoqM
created: 6/5/1ed6n8dskkgbn3orqji562tbulsp7bsR
created: 6/c/7bap7idfch4b5hvilvuqpgf7ctta7aaR
created: a/d/3b0t67bmjtdsshqbfuh843cei15ko4uR
modified: 1/6/stats
modified: b/7/c0k3ns62v8j5qaup1kcv44dcios1p0kM
created: a/a/bccsrjsporq2opua526gus64uh635j0R
created: 1/a/52418g3f8k6qg5bcprr2l9ja1n33tk8R
modified: 2/1/c09ekbpgv4vl5tt1no29dbmhcgunadsM
created: 5/2/07l96455050nkdeq699g9vn8a8pb1qkR
modified: 7/0/stats
modified: 5/4/580gmh3h97op60nse6ntf70rj95te22M
modified: 4/7/af5nprjvrta4qo9ivolb4bgnkapidboM
created: 9/e/95mcpjb474dabb5hc607m870u5gtb14R
created: e/c/16h0d3atbo3bqj0jscs63e72ht2f70cR
modified: 2/d/stats
created: e/f/87efhb0nnck2v06990q6e45qpvqv0uoR
modified: 9/1/3667k4pmcpo2d60qg4mo0org122uslcM
modified: c/c/d0hjjb19pand1cmuah97fbbm3cirlv8M
created: 9/f/d23tn9til64gu6r627mg6gs5972g3akR
created: 0/1/6c0mbjh59f4qc4fkls19ccuqp5nd74aR
created: a/c/aba38opqbo7gqiujbr0tqq331p3a4vaR
modified: e/f/stats
created: 7/2/30flkgho8mbphac9vqn6ph986msp16sR
created: e/7/e03au9mecc104kel936li4a8vemjlpoR
modified: b/d/stats
modified: b/9/3aujg37qti9793m1padmd8nkr4urg16M
modified: f/b/6bj6b0ifr6trt7qa379j67mrivqiguaM
created: 9/5/fbavopk9sosri4vp9vp84o4l50mrhkqR
modified: c/5/a8m7a0bqbj6j0qcs0ka84qn4h81d90gM
modified: d/1/dcjvfevej56ims5sc8lntdt0dgjjnd2M
created: f/b/9f7uuskk77rluvsmnitbqojo26o2odaR
created: 6/5/ad9kbsmrs2olikjo5q7rq0dddrt56l2R
created: 9/a/07c5ororf54583t3j4brq25cul26ra0R
created: 9/b/4e602nk46lh81ea8cd0d3mktagrl1qqR
modified: f/4/stats
created: 7/0/ebds2r1bpojdprtplubm7t1v5kj2pjmR
modified: c/9/stats
modified: 9/4/774enn80qv04lsk0dt5egmv3mll90iuM
created: f/b/84uc104euk7vsfsidpfotj78slngd9qR
created: 2/7/37nu8bua5o9ss3mh51jegji0o0rqumiR
modified: 8/9/49tgj8isab1a1ims2nuklpdn2aharhkM
modified: 2/b/stats
modified: b/c/08tfs8fs91odfpv6gf4ahqdov96buiaM
modified: 3/1/ddomrird8qvqr2q9ob4gcj45is47ufuM
modified: 4/b/stats
created: b/8/37aef1a6sp6nl1l22kb2k83sai431pgR
modified: 4/1/stats
created: c/1/d3vdvh8u73es54qtq3g9d2gts8gttekR
created: 8/9/91jr90gt1tf40jl1kbfpcvf18kqadsoR
created: 7/5/fbjcs52k99ogktp5ef91apkabhtt2hcR
created: f/0/6a08qdlhgnd74hf0h36pr9ainanvqemR
modified: 0/4/583f7o9lm2r3tn0fkhv48fklqjnhsjsM
modified: f/a/1am6rbib2c2m0g99g3nki2n345mp4omM
modified: 1/e/stats
created: 8/c/4aqd4ujc7d5qvv94q93bcaeb946hf36R
modified: e/4/d2hqnogse82otrtcc1qimlepve8rvrqM
modified: 1/3/85l4t63i2epvdvq5ov906tgppedmfbgM
modified: 0/6/a4kms4b50aoclid0fk20iebgvuiajccM
modified: a/f/b6r44m6hiaevul3etirvu00n9bc6bkoM
modified: 9/3/12f4dvhf93n28buolp0tdf3guaam2mqM
modified: b/stats
modified: 2/1/stats
modified: d/7/e1ter94jkboi8iqbgn23i5lu4buaaf6M
created: 5/f/22jb4fifoojn06c2lakfs1p51us4vvoR
created: 4/d/2dp9qlic2m8dtv814ca9eh4pcukhq6gR
modified: c/6/stats
modified: f/f/stats
created: d/4/81jvgm11iv06rgvp08je9kiqh7fddusR
modified: 7/b/stats
modified: 9/b/3fv9oo29kj2eiupaqn3fu2j33vr06ksM
modified: d/4/stats
modified: d/f/81923g2v3l5lihtbqov6238afgmeh6iM
created: 2/0/14au6nn4n74v72c0thif4ut4sunbud0R
modified: 6/a/1avtrtc5mug3ueerb2iotoeqadni3coM
created: 9/f/f5vadju80p8vmhlfsujmmem7m6njsegR
modified: d/c/stats
created: 5/a/4c41784j0oo41oovdbhi8rh72dd9j3iR
modified: 5/7/fakldde3qb58qqcii39t85dmbtfalh8M
created: d/5/2f7l99ilc8muil3qjvb0apbgjua4fveR
modified: d/b/ebooecepcr13868grb4p5q9eud9id58M
created: 8/7/740esic8sdivf694ri6s0s800nmpn3oR
modified: 3/7/210v666srqa8nt9q5iqlugshi8ast42M
created: 9/a/5eh2st4cnlgg5qqk8gb5n120odck0d8R
created: 3/a/acr8l4dhuqu3lbqntvdqtfutp44okpkR
modified: e/4/stats
created: 3/7/ad0ohlttb58c6f96m4ekgkrkqb4gdqsR
modified: 5/6/22p6o0splj1do6s3u3vca0u9cfeajkmM
modified: c/a/1dinhm1qbcrbeh3071dmbn9gnbnoul4M
modified: c/b/61itm5p1d1ncmm79n7q6097or7djdimM
modified: 6/8/c0rd284j6vo6sbanbo1bp5mjiom5eu0M
created: c/6/36aa71jogau16kj2gcb0kk3kcip2pjoR
created: 9/7/33c0p4ja7hagdnd82tcsddg0fsk69qsR
modified: 7/f/975bqvp774hvf5f769u8lkitqb887gaM
modified: 8/a/728rf1nqde40trn5o9fud9u0vvi35eiM
modified: b/4/357c94vesgjg6g1180eg2p7tqdpa258M
modified: c/5/05l3k0g3lag7nm9mom1usmf418ebtkmM
modified: c/c/stats
created: f/0/68b2a3fhend92ma125huj3l3rlfpr7sR
created: 4/5/2d125bu4i2jjjvflcof5sbdgnqs641kR
created: 5/4/aahrklmefuproj6e1ccd1ejirpt3eggR
modified: 4/7/1bm1t4aem887jll6tl4fgntp8stbu48M
modified: 6/7/24o6lsb0h4dr80mrkjmbptf0hrj50rsM
modified: 5/8/f8gigdv0ot7d1se4qho210ko86jdbsuM
modified: 7/8/677s4mbhk9qnhdk49h5q18sjeo75qusM
modified: b/9/stats
modified: a/stats
created: 6/6/1f6ajqblmgt5e8iamg25aqs1vbnr2ngR
modified: e/9/stats
modified: 7/2/99ld2og86t5n51kjr970j1h15gqk83gM
modified: 0/3/bfbt11bnhe7r37hmuemt5lhmoaut8lqM
modified: 1/f/7br4bdbi3l448qskmd1i9r6iuacctd2M
modified: a/1/4bbpq4vv2l8jilns02ob88qmhonto9qM
modified: 8/f/stats
modified: 3/3/c0i6l85dlh9o5rtcp2sooao365uu1puM
created: b/c/684a1tpg0qol9jqb8fv82eh1ts5sgskR
modified: 4/8/stats
modified: 4/3/7fhbeckrlq443uab9f267o8ro8k3qiqM
modified: e/4/22e6dba8f75dr018b6dif0d3sta74a6M
created: 2/1/56necacb7d4gp2g1preakj33o2s5rviR
created: 5/a/e9t750uhat1son8h7j3n8ia362fuemiR
modified: d/0/bfbgrn1n6kfbie6hh0mnrapvkdrgpfkM
created: f/1/99b4g84opuo5pkak7i93gcpetkn0m5eR
modified: 3/2/stats
created: 2/b/849hpad0kn5qo8bfrlapph4vjr97qisR
created: d/4/07p6pg7uhqfeuri1kafnkst439t1kekR
created: f/9/1ahiv1ahfij05luqffdglmgualrsr4eR
modified: 9/5/stats
created: e/8/1agh6om58pklb7q5o8ub1b830ou8qssR
modified: 6/b/stats
created: 7/6/35h2r9tq4ge7fn5gbuf79668ta0jllkR
modified: 8/c/124qnvu675p2qad7cloveaf8j225p9sM
modified: a/f/c4t96ivfnavmqm8li9drmlq1r29s0ggM
created: a/a/bd0ou3vkhh5m9ic3g78p5eal3u9mnaqR
modified: 5/2/stats
modified: b/0/0c3dl15i7hl569hdkgi1r13egc31v4oM
created: 0/3/1f0p8sgdq46dcdpd7voevhbkdf7ll10R
created: b/8/cb7jo26dliii21rc5ejehb00qie2ndcR
modified: d/3/f13f638je6bjj9tvs8pcpc7t68p6nueM
modified: 3/3/stats
deleted: a/0/b9e3ogn5fvbs1s78921atnskdiu21mgR
deleted: 9/8/1cdp5igvut81nhuj67q4g0j28mrr026R
deleted: 7/2/86p2rdrtg6e41n9j52jmqdu1830nm20R
deleted: 3/7/5d1hskoabiu62ujchaetsdl4fk3fdd0M
deleted: 7/6/eeltsvkndlo4j76g3uv0cianfbr2ehcR
deleted: 9/2/23duffrnpmofqe9o9a782g7n6safpc8R
deleted: 1/4/798847paa2b7ou69a1isb57qa0fd5tmR
deleted: 7/7/0b08s4p2qvkut7q51q0ubttpn1niqrcR
deleted: 6/5/2f19cjfba042g7tob10dpfi2v0blsc4R
deleted: a/0/5dgp6i9v9ocu9sdkrgg1di1oktkkmb8M
deleted: 6/2/c0tfmk1tpp3m244mjo52cd43tkoen4aR
deleted: 7/7/099a4ri8fht6dp021tgn9spduqc1vl8R
deleted: a/d/9daism6pruqmd97aqmfo9dl81dkl260R
deleted: 7/2/de5jaogqg2lkq159a1jr6o0fme0uhieR
deleted: 6/2/5bd2pdri973bn8lgn2kmnc63ea1kofqR
deleted: e/a/4bdiqgmtk91jamhcin0eqn63dce20lkR
deleted: 9/6/2d213tmuh71ll96o4bimhgj0k6ag13uR
deleted: 3/8/83jnirr7ce8c96fc4p22ct16t6p4ff2R
deleted: 3/4/6dhs4c8goidudmuaotg18vuu0urgdjqR
deleted: 6/8/0asafpcuufdphlssgfacq2rbu5hql12R
deleted: 3/5/98crjevunl2gg98fpj4hfitjakdo744R
deleted: 9/5/475tf5ksn4vro81annhiic8kjkqkgj0R
deleted: e/a/eb7r8saep5s4a36m0kt8c2kk0i7ed9qR
deleted: 6/3/21773b5ckgpt0bmbm3vg3nu5isqicq6R
deleted: 7/f/d45hqfrdcfgtt8juvhia9apug12j4agR
deleted: 6/2/6etv42np60he47q01udo85kdg6ir9t6R
deleted: e/8/025d2hq1hkre0897bisr3v93g7vl1r6R
deleted: 9/2/741p6m1l6grmm250hftlgvhnt737teoR
deleted: 3/9/e5i7bonug9ah233ur210p1o66oambm2R
deleted: 9/e/7d2d7ri17eemjhnaq1s4sk6q0cllsjiR
deleted: e/a/5bm87gvprb5rjr0larsq1j735chvu4oR
deleted: 9/f/c4hujpe79hjqh8nc6vnt8o68kqpa1t6R
deleted: a/0/1a68f6llqi6t2chr7ra7f1snp74v3s8R
deleted: 7/a/856bumrih7j2eth0gl158e0qavt4r7kR
deleted: 1/f/971qfdbg986b8ultkcal4tgv7rkveleM
deleted: e/b/6a1ssec464gnmjpeflcco9obqfptdsgR
deleted: 9/8/7c197qn1lrtvcuq1g2no8n921e198niR
deleted: 1/8/cdr39kkbivmq4fvjo3djvpail65e4rmR
deleted: a/e/34nbdqb35m082s6jq8ehsvrvdt0gh2uM
deleted: e/5/f0in6bom4inhs2tnfhcn52tp73e2s0gR
deleted: e/7/dfs34mjjd73ok42jkinpjur9d74lod0R
deleted: 3/a/d17am09c3n7o92ive5or3utm70sshfuR
deleted: e/a/5b173rv8jlvpdpubofr6f2shab7f3dmR
deleted: e/4/0emb0a4h2t59r29hs1j3vu2g08ipqraR
deleted: 1/5/bbmp6s58nsetn2flk2bkvj9n6chc5vmR
deleted: 3/a/ccqafjapobbmbq9iktgk0pl775l0frsR
deleted: 9/3/03uk6pk2c93ft2sv6t8cb49i17rmpt0R
deleted: 1/f/0db721qnstj5ie46oti9207jqrpqhjkM
deleted: a/7/69r8kvtqmcdgc0cjoc0iu5rhhu0nrkiR
deleted: e/8/0b9se6cgebbnj6lch4di2dtfp4el97sR
deleted: 7/7/b96sfpeicm2ij6c8rtkqf03ahj4s9vgR
deleted: 3/9/0dniuao5n9ikong87kso55nb3h9aqsuR
deleted: 9/f/9dalfb6g5dg6kpkf7t030bd2rjob6nkR
deleted: a/0/88702o9o272a2n95d166m5m90ffea3cM
deleted: e/a/8e8fvplpljh3giceljsg2soek1cvtqmR
deleted: 1/5/aapfcrgnc1s5v9jc37fps6j4ak4l0keR
deleted: e/7/c3ksalc77ani0346f97tsi066coev0aR
deleted: 3/8/58ojadgnv687k8m50gjlm4sd13mvkm2R
deleted: 9/2/f6u9ak2ilm1th2mhsmiu2078lr9be1kR
deleted: 6/9/21i1hvd21stl9fpuj0k6mq67v7aub0mR
deleted: 7/6/e71i5o88o63rb31geg15me7dal0190mR
deleted: 1/f/1boda7ng6q1ljv4vbop3ok4umrtsun6R
deleted: a/b/d9irmlq9par6l13s6dekpbgtavgt05iR
deleted: 6/e/60k5159u7553oj9bf47a30pqu4ru6csR
deleted: a/c/4cp0og21rfqo23q21bqih1p39mfp8i4R
deleted: 6/3/011mctuts2f7dr7l5igs477umnlqlcuR
deleted: 3/4/a1p5llntg5hd52kllok3k42fkhve9puR
deleted: 3/4/c0idpe3fooirk5bqv7n385rhvgkaolqR
deleted: 1/3/e4d4h4g7f83vaso4lf8i3b939k7op4uR
deleted: 6/3/3b44iru4ibbu5p5g7iphjjkg4jtu2l0R
deleted: 6/a/3d5vs9k3g67glkr59jg2svpfflinp0oR
deleted: 1/f/29t55h5ecj0hoj0t5aafl4pkppkgbq2R
deleted: 6/3/0ehqrl2mtl340j3ug5cs7f2j6rgvtg6R
deleted: 3/8/6fm8pvma7vv0ddfq5t6fggqud8v4al0R
deleted: 1/5/8b3ktiac3gbou82f21scm0i5iblul4eR
deleted: 1/6/0ah5kcgl4gs28fitkvgj74de0qde8acR
deleted: 3/a/b775retja8012hhsuqvfigk3tqvttcsR
deleted: 7/7/eanicnqhg4gqr4aj47vdv9oe0962d0uR
deleted: 3/a/66iklaesvvdd59bdbc9e3hn9v05pftsR
deleted: 3/8/8ee3pp3got5ou1b6qnba6mogfdfsks4R
deleted: a/0/7dm2cg1dfjd9oo3q8nkqgatfbqa8ehuR
deleted: 3/4/19f4nucrsoss9noiu52supr3ok84cgkR
deleted: 7/7/b9pu7d1vmgdvjt6lmina1kbpd2bbh4iR
deleted: 1/8/3edg93055q01jj2hq6k6tia85ri0u8gR
deleted: 7/3/23bkjvtiqjtie546ufi3oce8d7en5ouR
deleted: 6/e/5dt3b7ma6etd8kvi8utn2oig7a0hsokR
deleted: 3/4/ac91kknpk3iptinhhgoja1rtar85f4sR
deleted: 7/a/c3ml0ssshs98ti10h4b3o1c3s7b4u0cR
deleted: 9/a/3cm5rt7t53kc7t2aa7j9s2g1uka4l2iR
deleted: 3/a/6d8bg3rp20pqg2qb83h2qjelp5hl4n2R
deleted: 3/a/40170pff1mb199vhofrliukhtnhgu60M
deleted: 1/b/39dve507dcqc2n2m1d0sn4hc0eol75qR
deleted: e/9/3a7cf5oduokhfscf4v2lfaqhql1gmaaR
deleted: 1/f/50kmf78col9m1d0fiurpdtpus49osjkR
deleted: e/a/85kuhfog9pebl2p03b14kl2e16tbv28R
deleted: 3/0/02as3l58fh2c2co5av474nnse443a8aR
deleted: 7/b/13tspid5oq99iq59evgrm655k42vo1eR
deleted: a/0/bae42ruqc0hcsdecro13bnn173q42joR
deleted: 7/9/1cru89979h2aflev4bqcmf6lh0ggv12R
deleted: 1/7/93j029r189f85vsmu9ampq0h1qcqtcoR
deleted: a/0/25j34fdcomt6ebqsi91knpkm08b7puoR
deleted: 3/c/a5qelpake51je39dqtm85krfiga4dusR
deleted: a/d/782l61fe8ckn8h55bnbd576g1b21jkmR
deleted: 7/e/a2j3nhrkrl9d1vsqghjg0ocesaf5hvcM
deleted: 1/8/75tdp1s15575d74l7t6jq0v5pvb4ebuR
deleted: a/0/8agsqovagqi95nmqhiqocjv1gfdkqo0M
deleted: 6/a/7ebhr7sl3q7ml3ds5pjktfdvdbc0dbeR
deleted: 9/e/67g5u619l4q9q1saq0m43nevef79008R
deleted: a/c/9dn9tj6idri15qt4f7gojgcjsj0pldgR
deleted: e/9/7e33rj72n13ac07os5j96gp23np6eciM
deleted: 7/e/9cd5ofd90s1k3v7uuo46b28p44d6460R
deleted: a/b/e4q26db82e1a5fc43kt8jjivqrh3nnuR
deleted: 6/7/df606jb8ddkeghill7igru5548c8bg4R
deleted: 3/7/65ed2ob6hqefabhfsumsabcsd9taou8R
deleted: 9/4/a2kgkb51n1cor7qcm76t5trsl6joam8R
deleted: 9/0/064v7chnp0cplt2irivepb7s9tlsdtuR
deleted: e/7/aeqseuirehv3m7hk0j8eueeemn2gulaR
deleted: 9/5/dckd0h83ul72sp6lije9upcf3i74o3qR
deleted: 6/2/64r5nvdhc26g3j173mjt9dos8i907a4R
deleted: 3/b/9e6q553cfm6r0rcfula58laadn5tt46M
deleted: 7/2/aeeamsgkt1djckt4fe0f61m67prbi5kR
deleted: a/0/104gnoovm164h1237fnfq1s1asono24M
deleted: a/c/91ut4dm5gjuuipq488jr2pbsb2irqj4R
deleted: 9/5/4bcfhep3roo680cn33cnhmndjdq42tcM
deleted: 6/2/6e0h3jkl60ndpuo9v3c3sjn14u49h0iR
deleted: 1/4/46ijqp14t4hk8qpjto02gdds8lp8f6cR
deleted: 9/f/beo001gpa54c4v9849v7tua425ie2ooR
deleted: 3/b/d2m59pheb0lqi2rr7g05kloooqscee6R
deleted: e/a/1co7sbo9qhcmehfpmoq23iga88f7mqsR
deleted: a/b/c0ihssgridq12hbkcbhc0j37ejaqapqR
deleted: e/b/b07nmsgh08ab6ind92s4a1iii77o0kmR
deleted: 9/2/07nf0m6j98mq4gansn6dcmumiges54oR
deleted: 9/f/e9tf47v4n8ebijud966muvu12vne2r8R
deleted: 1/f/02h5qq6du03pfcdtlf9vsg0t36a1tseR
deleted: 3/5/b5bs80v0ple8ibq6dnnlpq440kmco4aR
deleted: 9/2/359nkvdua5gt75msplcf44uvm2h16tuR
deleted: 6/e/4bcbugd7b7egoma4bbd8ok1tsupc7fsR
deleted: a/0/1cfvq01c2e9kp9ol5d1nn141as0n3fiR
deleted: a/0/6cgu2i21bdon19vpshllm3q57bp3kviR
deleted: 9/5/7aj3fqgdbvpe7nj6eh57kik1mng4egcR
deleted: e/9/bdmmk1e6psmvnmsa4sb838dlss914aeR
deleted: 9/2/0d9oi9i5l2he5m61rfgif3cdrid1cd6R
deleted: 9/8/b27eflj7o0bpmkotef8ie76jp7npmk6R
deleted: 3/c/26g3a254pmf6kc29aumjbbued0b7taqR
deleted: 3/a/a9fb9oj0ioqf75d3qemuf76kv4b3h0eR
deleted: a/d/86dbcup2iiga88hvc956c4sblos2vheR
deleted: a/0/5224bdo78o5p3220014me1b8n49mn3iR
deleted: e/5/e9gdvtu17aunlbanf7p7mp8lrkmrqj2R
deleted: 9/9/64p3lcro6sv9jinv4tt41fc10o8kul0R
deleted: 9/2/35p8apu3urftaspkfi1v4q19ks00vl8R
deleted: 6/2/604t0s2034mo6vba47a7gifngshpsjiR
deleted: 7/3/a2jms8t9ma5vvrk3ehogvt2c9mc10ouR
deleted: 1/f/059te9ch1t4ra3tm3strv7amhe4lq7gR
deleted: 6/7/37h5r79626ik1oudnou7a68fohtt06cR
deleted: 6/3/22s4db3l49264q98gv3v6ee0tu0gnemR
deleted: 7/9/6df9b5tbn8is19sfh5tmebamrb726nsR
deleted: a/d/85k3oqggtci0f2ls2behsrvh7i3kp2uR
deleted: e/6/02m80ol2cp1k0k4v6doangfhmgvqpnmM
deleted: 1/5/bch6bj664l1reto0j9d3q42hsbs8kfqR
deleted: 7/8/da72licq6ii0agfkqks0t7t20rs1n6kR
deleted: 1/6/86u6tab0vj3herr2ml0r17nfkhn9cviR
deleted: 1/0/02gq7p8egk4a24m186gjlih0chihf7kR
deleted: 3/4/4ccb7nt1h3triro8v68dvn7cu3nam5gR
deleted: 6/5/4e0ssp8g755ia7som9v5mim15rrqn5mR
deleted: 1/a/a513k19nnjn8uvg1msilk76h6s8dveoR
deleted: 7/4/5fppu9dpttrrggbpp31kqrepnm4qo8uR
deleted: a/c/5bq5q6snhnspf3i2ijrnqtl6j0bro0sR
deleted: 9/2/2bqv4rb5j5sejn0i5ltv599q0fk5e7iR
deleted: a/0/21840uq0qdatjgslrg6nnvej4ir7gikR
deleted: 3/a/d8kghablqesobmlc2k6eiuus2uual9kR
deleted: 7/4/ec43pdechsh6q139e3tno67gi5t30nsR
deleted: 7/6/6bm62vbli0fssfrer4jjrha8haqjnooR
deleted: 3/7/afi629aalrr7g8uej1dn67pinrqem1oR
deleted: 3/4/b8eran135rdom7cpudj5dhj8ebbjs5qR
deleted: 9/f/ef9mvk1c9q2o16uji8tl2i6ck29f3giR
deleted: 6/2/60ekkj9q0kob3bt2529eqi4m6rng1f0R
deleted: 6/2/d2lgm6p28u3bfu686kjt9noq852m4j8R
deleted: 6/2/50brk7lea5otd5vmja798do5p85ta9gM
deleted: 6/e/62n2toltriu1p2rd1lv1e647ntv6eq6R
deleted: 6/2/edglmv0tqsl84ogfq0bh28ssu07d8ikR
deleted: 3/7/f5ibs4qrotbt5t4g764i43jbllnhfleR
deleted: 3/a/29u2itg6rco2rhtc3ec6sgj0njlu96gR
deleted: 7/b/54ju3630qds115agdhlkah3tnbm1reuR
deleted: 7/b/2eqm7kti5mc3oc098khr82rb6bmmgh8R
deleted: 9/2/0e5k3vfb0prf2ksi6r3obrpjrb7ds4iM
deleted: 9/f/b0brtsuvls0qf6c7q10uktd91s918nuR
deleted: a/c/41k03e84f72v1qh95lrvrnqankn99m6R
deleted: 9/f/ea8skp5k4v5nan4l9s8p9qgca02atu6R
deleted: 7/4/f37u5f28uogmv0um17mf1gmja1gjkmaR
deleted: 3/b/6ekv63a5seae0cri22649otv5cj1346R
deleted: 7/a/8df7r4i1tmf3ijtdg5qvmmu1lerfhbkR
deleted: 1/5/a6pbadudmoosdcqm8k8na8v10sqcgb2R
deleted: a/0/8e9kujtipn08qv690fiejnbp1bd6uo4R
deleted: 1/7/6b5ibhgvianvcdrmcekav7ktgr1t7jmR
deleted: 6/2/78inuof8thp7ukeib20lgcv26dk89i6M
deleted: 7/b/458p38ecg07ncjvphrc1hh18b4bnno8R
deleted: a/0/8023ld8hh6uo2ctsm7njljae5mv3kuoR
deleted: 1/a/3fa68ffakrbg6qm2i9ek4q3u1ffskcsR
deleted: 3/a/8a7t5j37g7ibl9a5g7rngt1m29akkgkR
deleted: 3/8/170e1mv2vvnkn1unlurs3v1mefh7ggeR
deleted: e/8/4882stkie8sai9kv4pujeknbm8hel9sR
deleted: 3/4/693u5fr0iq76f1ufpuubk7dala0f7m6R
deleted: a/0/3149ivn3k6u1t51dm6emp21iq9tvomkR
deleted: 7/8/caqll3hjkn90qmk4eqacubjdrjpa4vqR
deleted: e/8/0fr074l61km06tjjnd9kveqavcvobe8R
deleted: e/a/dapaoikmc9h07ktfisepfjlgream2egR
deleted: 6/e/6ebmp72vdtqlk6i7espreiisr92eqokR
deleted: 7/9/8fjim2utjka0egnv33vbm6imm5b4m6oR
deleted: 6/6/8dst1p6vs50aa2t2f3uo5kde2p8ti4mR
deleted: 3/b/6ct0fe96b1ue0h3cnhu2dv092chg44eR
deleted: 9/2/b2sco7ef7h66plsd3i95lpcaqqfi0moR
deleted: 9/2/bevgvtg5a6tkdt66nh2j55guah0lak6R
deleted: 3/b/5c6ljvpvk9vvot7e4mcgg069qqjb250R
deleted: 1/f/1b65c3ovhgguq4umnbgftfk9psj5jmeR
deleted: 6/2/bcjfbuapm883ii8bsa268rfh6hqv58aR
deleted: 3/c/07ph7l4lhnkm1akr1octgb4532k1s64R
deleted: a/0/135a0lt9h7r9iqtumf9rluemu4h0v64R
deleted: 7/e/9dq13rm2grbdihiiv623k8591fu71j6M
deleted: a/0/48a8ch1fqvq1pp7smdo5pm0ii70iqj4R
deleted: a/d/087aop7v5javkof753gedcsr4oeg1ckR
deleted: e/4/3bkold4ssdhgp84j3tl89hlhnm6gdk2R
deleted: 6/3/833btotuh6gr0f5mqod4vkrf49g2chkR
deleted: e/7/aaep2pcd6q4cj3qpofjjaf34oe0jen8M
deleted: a/0/37n19pddo44liinooajirsrkv6f8d1sR
deleted: 6/5/dcol5pcpr2r3vggg1fjsoqvej7a8806R
deleted: a/0/7185ptp3ou6vj5lc443fbn43d1p8g0oR
deleted: 1/7/969rlpuoqlfn9anj3abm81blg8lb8uuR
deleted: 3/7/3apt2elleeveu9kgubudoglf2mtcn3kR
deleted: 7/b/46bv6vahv17aa4q7tul14ra65sh9njsR
deleted: 3/b/bclh4u3mi875thjh3ut77kd143fj4foR
deleted: 6/2/9f3tv29ghkq3v3ct0c4ub8tq8urssu4R
deleted: 6/3/7egb98b53vrurn7nsufkdvk9g9um2kqR
deleted: 9/5/02otn856en665n9s47p6p6d2jqgecaaR
deleted: 7/2/ba4vofvnlcjrn3llk0hlbuo3rviqjq6R
deleted: a/0/8cmfvjie11fc64qc05fhligepfi9ff8R
deleted: a/c/37jt5gu1p0htb052ll31pvn2sppohd0R
deleted: 3/9/b476mdqgofs4f9bjq7csth5sgk9rrpaR
deleted: 9/a/5b1og0p0ussl8ie6j01pqsjtkrv3068R
deleted: 3/a/a1c5r4g714g7426dttc55oroucio4esR
deleted: 9/3/10s1lhvhksdbrmoqi4p2c62jipe2qcqR
deleted: e/5/2e664dp82d0lubkrvvv5j2a0tqm4m5oR
deleted: 9/5/b05646g6goko1ero5r2a2el3nlb5u26M
deleted: e/9/8cun9aiuejseje8mcaebdufg146bpbqR
deleted: 9/2/30dp7v4klrrfndnf5g4pj4i99prhqoiR
deleted: 1/f/1akt45l4gt2445as0dnbq6v0alo6l1aR
deleted: 7/3/16m62lmud499l2cjoim693ej7vtdjvsR
deleted: a/0/850d2pfmr58id8lipkhl97f314qco1aR
deleted: 1/f/0ctg0cvia2ts1io6hq0so80t7364f4mR
deleted: 6/e/62elfa107hfumeeoag9qjmvvm09fb7aR
deleted: 7/7/f9vbr78grt7ad05qi6n9dnvmnosn9ucR
deleted: 1/3/9f29kooioe4bg2o8inbh23b6q3hf9ngR
deleted: a/0/22t4u8u1g0j8r602ko6t6ofd7ibkh6eM
deleted: 1/2/bfvkd7l712sd74nrar4lkfdoeafcqmkR
deleted: 6/c/f8ps1ul13ofteucjelmv4k77f2nh28cR
deleted: a/b/dctqvheqo9a2gp2ao3cp3efd529j18eR
deleted: 1/6/44clpio1nr9ats3dfm5t563gq23mvbsR
deleted: 6/3/2bnip92ncdo9ckdjkvk38hr4476ajoaR
deleted: a/0/67rp1u8u88rs8pemt1cdm5oeu8shh9gR
deleted: 6/2/5052m6vg57mj7d1sj3qh8qrvqjii2eoR
deleted: 7/a/0610b9990p66t1sarqek18ngmmar85mR
deleted: 3/7/80ad1qad8udl859krfhb3ls16ps0cdiR
deleted: a/b/d8uu2ninri0ps87h2459ne4l9h4ikeeR
deleted: 6/4/a6ja85k0r37988i9vnroeqqe1m56ngeR
deleted: 1/9/d0bjnc9ckh47uqc3st2s5bot4m7ddpgR
deleted: 6/3/ea9l621sagdiifj56166pctuvf0gd6oR
deleted: 7/3/69ujcp3km08o6sutls68tv8rimh8i2aR
deleted: a/d/86r00cg3iu3j1bjfa3b09elg8733msmR
deleted: 6/4/3d0bc2j392a1q3vintcadtc63g5ro7sR
deleted: a/b/d7gj6ib428oa15hdlar6apkbk4vql82R
deleted: e/5/aee9njfrkc8q8nqs857epj2ffp9v8veR
deleted: a/c/44j1c3d88ftl7ptrmpbmahsh3eas0uiR
deleted: 7/a/76lh1lptvf5if4ebvtknilhos8vnogoR
deleted: 3/4/c61t2eubo3o957jm0b4jkmg60j495c4R
deleted: a/e/80hbgmj54e1gsrcq2d4s1k8mu74k6qiR
deleted: 3/a/33m78ssa544hqnapo8q4kvkac8386reR
deleted: 9/f/c7q77k8n2cfbc69n84slsq7rqp3vm9uR
deleted: 1/f/0afpk90kkc32rrthq5dds0lbpstqvbqR
deleted: 1/2/e8vodd4dh00gmqs43v152c8lfmi0vekR
deleted: 6/e/4at2q1btr3t2umv86n6h44b3mer3uakR
deleted: 7/b/9ffqk6ibmv4o5l63mtf36n8rctqnn1sR
deleted: e/8/dedh6l46j6fsechseg4hkpn1l6vtsjgR
deleted: 6/9/59ssgrmi5krsh13eaf09p9v573s1b9eR
deleted: 6/e/2fm3gtb5pkou49uc3snqn9okhu0a9f2R
deleted: 3/5/7dnd2h24ad86ffiq9qnqelgfp4cq6h8R
deleted: 1/6/9fgpfro5e1li55c6h4p9gh2569kg4emR
deleted: a/d/69nhm0a8o3b6dbfnnbcm81no7n5jvs4R
deleted: 6/2/5dhqdlf73jaalpjchj8uloc0f8hu0eqR
deleted: 1/f/06m0qqdt6fa5efjmgh9kf25vc3g3s08M
deleted: 1/f/a109nsaso6ll6j3q498eailb26a2dqgR
deleted: 6/e/44oks4op705f1t4tri3no3foiv4po4oR
deleted: 9/f/c69f1sv01hfcaj1qljdk8s4dupt7vbuR
deleted: 3/5/6f6g28c9s5l4fm4jk7j93cns2mh2e36R
deleted: a/0/1epj8h0iues5anhuj9vdidnuct5sfkqR
deleted: 9/f/e71jrkjd1i12i6g7a8ps6ipbqhjmtl2R
deleted: 1/f/eb73340ohcfrii594euloijfghd10ggR
deleted: 9/f/b41lcbbl8a6a2juqfa1lvj6tq8q6n7qR
deleted: 9/f/da80c1uncskml09rhlb75hb3sctglq2R
deleted: 7/4/16pfuuomjlhqbkq2lrcrs83s29dfe8oR
deleted: e/8/2dao9vcjcaevlh3f5p7onqat4pv97poR
deleted: 9/f/eb1h7n51bj2t3sm45680bia92ijj420R
deleted: 7/8/9al6g4ke9e42sn3pe8nrrl833m2vdeqR
deleted: 9/7/61rbj7i3fiuk0ah3lca7e1q6vhm19nmR
deleted: 9/2/13va06cgbag6nq5i9d6s94qscc8e35uR
deleted: 6/2/4ceibg6eqiumbllpjhn07866mdum56kR
deleted: 7/9/5a1b1v98sh9o20lc4rka7pm54khtt1iR
deleted: 7/3/8e99ct10vibf3h8bul1nn030hpl252kR
deleted: 6/b/69shil2k2c7bcqp495u783k0eip11rqR
deleted: e/b/ba4hq5qfilpv4i1emua7iubj79a963mR
deleted: 1/f/03uf94aidek8hj35pb7n1rkk4oj0ce8R
deleted: 9/f/98m0o1849i89n4t1fbh32shmficp5vcM
deleted: 6/e/505cl1l48fa7lcknu835t8dg29eu9qsR
deleted: 7/8/47k0ljfc8mtt9l66r4agf3iveph7ti4R
deleted: 3/7/41raraec2pupss8rrubg0praqn2jd66R
deleted: e/9/0c43lrbom9l9vctvma92vsqd9jn31ieR
deleted: 9/f/9fu9p5179bk13pe0ahv0mltfutimjaaR
deleted: a/0/8ccjd29dukslrgq2kgc2n7becuak5eiR
deleted: a/d/a36or57fdqnphc0h4t78ddror2omf94R
deleted: a/0/c5hf3r72do1sq545o534v0sjbrfo4q8R
deleted: a/d/b4uka922ec26q9uprfbre07kctr0nq4M
deleted: 6/4/abnssmp84fohq0p8n4tfi0teqev2qdkR
deleted: 1/f/18brrdh8jh8b9hq6hlu3uv3ueoc0rluR
deleted: 1/f/04jejli518cnb7djjqrio8di5371ea0R
deleted: a/b/a55mhf6ji1eajp9ljk3hpq8pdr980caR
deleted: 1/4/404b7019coduvv7r3chop63mt00vfvgR
deleted: a/0/676dl6qu7hge3dtoe2p2kh8ko3lgra0R
deleted: 3/a/d06kb7dq85asn87s256hefr7h62pmquR
deleted: 6/2/b2oqp706ou0s1imbp8r19fuan7ms8q8R
deleted: e/a/fe0kb24gfm47ol4dsgfpp3m2e7ouf6kR
deleted: a/0/79rel22olakksdka945krrmo6o4sj72R
deleted: 1/f/21bhl0d0a6snhh9eolvd31gbgjv900qR
deleted: e/7/9cbpfi81vj9vl9gissj40ftvhr8s926R
deleted: 3/4/9ak2vvtk4brdu82ci7k2ds47d7lhs0kR
deleted: 6/e/60cpkajl3c8jlkaqve6hv63undajej6R
deleted: e/5/aeshfpq9hcvtlakrsbemb28ivg862meR
deleted: e/0/01fmfpk6ammmu3hl3ng9dg9opuo2m72R
deleted: 9/2/2biidimnprg112ddrnqsjug7vqg2jjsR
deleted: a/0/87vuiha9e3mvmqu7vfod1gjbur0a6n0R
deleted: 7/a/e0j9mm9mfdgkujnkm86vt7hhu414nk0R
deleted: a/0/605itqnvfgo5j7ef586dcjmr4tmnlkiR
deleted: 1/6/94n1ckpa67ddf9i4q819krgalrsn3c2R
deleted: e/5/215mkn8ld3bdudqu278iir2r63h9acgR
deleted: 1/6/47ts5clb1honspsmufqp32eur8jko9oR
deleted: 1/a/acjb9iru9shcairrkdlrima9dbt9af4R
deleted: 1/3/740lljcj09i65boul685ec7ld5382buR
deleted: 3/8/f5obo1k01l3fcpo01qc1t4lifri6lv4R
deleted: 9/6/86f9vihqmsfd3vs3sq5l6e03nbe5bv2R
deleted: 1/4/49c7amcc7f48ab9nmcqkda55et4e5eeR
deleted: 9/9/cadg4nb46pes0oj2t0rsa25hest9stsR
deleted: 1/f/a5s71gqllbu9glcspcn6gl76vo6e05sR
deleted: 9/2/d0l8n9dhrrg0ci9koqfrsatjtp344bqR
deleted: 9/2/2djcdn51hpoi979krrr32vqirqcgqv4R
deleted: 6/a/ed1f6ud780uts2mkmrn10aomg6l8d5eR
deleted: a/0/24au0fla7qbrj6utjb5p5vjd7emt6eoR
deleted: 6/8/509o6e8e0acrm5g8g4tsa6cb43b0q6kR
deleted: a/0/5b4u1stdd5764goecu4pe2uo5ne6td6R
deleted: a/d/44al7hrtfcgo2julkt3vjkndeplb6siM
deleted: e/b/6a7u5ru0gjs50a6iv58u3jc4bal5ag4R
deleted: 9/2/06r5ecufuha3bksqhfbsdp9hnbd64ekM
deleted: 6/2/d4jrfc619fur4si07ekv8spmhru4tssM
deleted: 7/6/15tr9raj7r6eh20gikfl0ndd7vv3lloR
deleted: a/0/1bc94pk5a1d27qgd36cg40cs2pvk11gR
deleted: e/9/61ohqbrt440ppmn5lv3k1h5pha2s3ssR
deleted: 3/5/2cv6lu5eqlcr5btoirhggd856i430aeR
deleted: 6/e/4e4te21ji81ommpf17d84sn8fkcq1p6R
ccache cache size is 166Mb.
Uploading cache ccache...