SHA for cache folders (/tmp/ccache_dir) is '8f41d774f4c375b1d1fc943006dcc834362de2705953c8b17692849160d78f20'
Cache ccache has changed!
List of changes for cache folders (/tmp/ccache_dir):
modified: b/stats
modified: e/stats
modified: 6/stats
modified: 4/stats
modified: d/stats
modified: c/1/14b42e905e1cd03a57b9ae7b9e1c8f-4772.manifest
modified: 1/stats
modified: 0/stats
modified: c/stats
modified: 2/stats
modified: 3/stats
created: 9/4/32cac79328fe4c6eccb3ac04133cdd-7409.manifest
modified: 2/f/0ce243eba556b07301e7fbff65aa63-4827.manifest
modified: 9/stats
modified: a/stats
created: 6/4/bcbe76af3861cd7a6cf7eb5a5080c7-1780933.o
created: 2/4/8ac0d1c68cf7ffd1ca1e60801312f3-1780965.o
modified: 8/stats
modified: 7/stats
created: f/4/2993d449ef8e3f0a09182ffc6ebfcb-4391747.o
modified: f/stats
modified: 5/stats
ccache cache size is 169Mb.
Uploading cache ccache...