
C:\Users\ContainerAdministrator\AppData\Local\Temp\cirrus-ci-build>call src\test_bitcoin.exe -l test_suite 
Running 534 test cases...
Entering test module "Bitcoin Core Test Suite"
C:\Users\ContainerAdministrator\AppData\Local\Temp\cirrus-ci-build\src\test\addrman_tests.cpp(61): Entering test suite "addrman_tests"
C:\Users\ContainerAdministrator\AppData\Local\Temp\cirrus-ci-build\src\test\addrman_tests.cpp(63): Entering test case "addrman_simple"
C:\Users\ContainerAdministrator\AppData\Local\Temp\cirrus-ci-build\src\test\addrman_tests.cpp(63): Leaving test case "addrman_simple"; testing time: 57734us
C:\Users\ContainerAdministrator\AppData\Local\Temp\cirrus-ci-build\src\test\addrman_tests.cpp(107): Entering test case "addrman_ports"
C:\Users\ContainerAdministrator\AppData\Local\Temp\cirrus-ci-build\src\test\addrman_tests.cpp(107): Leaving test case "addrman_ports"; testing time: 15482us
C:\Users\ContainerAdministrator\AppData\Local\Temp\cirrus-ci-build\src\test\addrman_tests.cpp(136): Entering test case "addrman_select"
C:\Users\ContainerAdministrator\AppData\Local\Temp\cirrus-ci-build\src\test\addrman_tests.cpp(136): Leaving test case "addrman_select"; testing time: 23126us
C:\Users\ContainerAdministrator\AppData\Local\Temp\cirrus-ci-build\src\test\addrman_tests.cpp(195): Entering test case "addrman_new_collisions"
C:\Users\ContainerAdministrator\AppData\Local\Temp\cirrus-ci-build\src\test\addrman_tests.cpp(195): Leaving test case "addrman_new_collisions"; testing time: 17542us
C:\Users\ContainerAdministrator\AppData\Local\Temp\cirrus-ci-build\src\test\addrman_tests.cpp(224): Entering test case "addrman_new_multiplicity"
C:\Users\ContainerAdministrator\AppData\Local\Temp\cirrus-ci-build\src\test\addrman_tests.cpp(224): Leaving test case "addrman_new_multiplicity"; testing time: 29013us
C:\Users\ContainerAdministrator\AppData\Local\Temp\cirrus-ci-build\src\test\addrman_tests.cpp(256): Entering test case "addrman_tried_collisions"
C:\Users\ContainerAdministrator\AppData\Local\Temp\cirrus-ci-build\src\test\addrman_tests.cpp(256): Leaving test case "addrman_tried_collisions"; testing time: 26279us
C:\Users\ContainerAdministrator\AppData\Local\Temp\cirrus-ci-build\src\test\addrman_tests.cpp(287): Entering test case "addrman_getaddr"
C:\Users\ContainerAdministrator\AppData\Local\Temp\cirrus-ci-build\src\test\addrman_tests.cpp(287): Leaving test case "addrman_getaddr"; testing time: 870327us
C:\Users\ContainerAdministrator\AppData\Local\Temp\cirrus-ci-build\src\test\addrman_tests.cpp(347): Entering test case "caddrinfo_get_tried_bucket_legacy"
C:\Users\ContainerAdministrator\AppData\Local\Temp\cirrus-ci-build\src\test\addrman_tests.cpp(347): Leaving test case "caddrinfo_get_tried_bucket_legacy"; testing time: 36530us
C:\Users\ContainerAdministrator\AppData\Local\Temp\cirrus-ci-build\src\test\addrman_tests.cpp(398): Entering test case "caddrinfo_get_new_bucket_legacy"
C:\Users\ContainerAdministrator\AppData\Local\Temp\cirrus-ci-build\src\test\addrman_tests.cpp(398): Leaving test case "caddrinfo_get_new_bucket_legacy"; testing time: 83545us
C:\Users\ContainerAdministrator\AppData\Local\Temp\cirrus-ci-build\src\test\addrman_tests.cpp(472): Entering test case "caddrinfo_get_tried_bucket"

Timed out!