SHA for cache folders (/tmp/ccache_dir) is '879cf97a42b248bbd0bdde37e799114e27f0a553a7dc16e4ec130ef29b3cd342'
Cache ccache has changed!
List of changes for cache folders (/tmp/ccache_dir):
created: 3/a/a6456966b08c8c46e414b7159cc680-1995185.o
modified: 6/3/5b034bb3255fedbe796afdc3e3407b-5070399.o
created: 3/f/ed16ffcc49c94b336f431a04ead14f-4566366.o
created: d/e/e11f6a66c746b11da6fcfa282f7410-4465367.o
created: e/a/06c0c8c209245b5b32ac401e5c4861-5054844.o
modified: 8/2/c5a32ad0a8b795a57ae5d18adcdf33-2864.manifest
modified: 9/3/4e67789316ca8afab6692c874eab6d-12886.manifest
modified: a/f/d0466b2ff3c8b901949619e5029c61-4501.manifest
modified: 7/b/f8d7f775fdcf4ea0b6366ffe3541e7-16264.manifest
created: a/c/66577428557cec10942b2321191a7f-5003383.o
created: 6/4/8010bd8bfb77e58ff3625d7fcd24dc-5524.manifest
created: 8/2/d3322caffacd27d4c2e2fec2227b7e-4518543.o
created: b/a/58c8dbf7b9dba15482f130ef845ce2-11610.manifest
modified: f/e/08232abf7a4f0c654891425aff15ce-3255.manifest
modified: 9/2/765347944bf253a4a84763909c161a-7930.manifest
modified: 8/3/4c0a1c066a2d86a417512bf0260455-3025836.o
modified: f/f/adaa3c7fe1531593a9424610c5167d-34275.manifest
created: 1/9/82aea7845b9f0f8239a49a042c9035-4520620.o
modified: 3/d/37d99bc3581e1f30c842bb8902195a-3281.manifest
created: b/3/922887da86c58f4d11b017392dba20-2540737.o
created: 7/8/9ad79a1cc685f45cb366769b7618aa-4461780.o
created: 9/c/7cb2d637a327ecb02e2501ca6aa5d3-5581557.o
modified: a/4/984cd4e48ef887dc29437418d5bd74-5845.manifest
modified: 2/f/18825e46813b73ffc3135e20fedece-3290.manifest
modified: 6/a/f41912345eb0e3d867bbc6f872b0b7-5044.manifest
created: 3/8/da264b8ef340b21cec289a00138e5d-2370570.o
modified: 4/c/afe8fcc372651ae6718d916de78eb3-16050.manifest
modified: 5/b/6f5b21a32e1f1849c4f3b3dcb5e5bf-3092044.o
created: b/b/f71d0ce1def61f07d4cc8ea27dd94f-2225.manifest
created: c/5/32d26a19f326514db48e2f8cf07a98-4521148.o
modified: 1/c/b6f5269cc6587a106b8bc5e16793e5-36574.manifest
created: 2/b/53399ae2a188a4c8e4cdd9dbdcc8ba-4991500.o
modified: 3/c/d9212f968264ea960a362cf61c30d5-3027078.o
created: 3/f/5eb17a80b321e1ea4b3bbebc2aae27-1868124.o
modified: 8/b/6b4b61994689f77d1e482fa6e0fa57-3273.manifest
modified: 9/a/0f6eaaa1c316648061ae694f0e2405-9092.manifest
modified: 1/stats
modified: f/5/5c54ba9fc2389df54ba192cc4984a7-2054.manifest
modified: 8/2/82d621a2d1b50d60f8aceb6fa541d0-20424.manifest
created: e/2/d90b3cc7642880a51527b61e361662-4846695.o
modified: 0/c/93c1687e9a13bd13585dfefe71d083-4120.manifest
modified: 2/e/281495fed89deb08212744ff8a2d85-3560.manifest
created: e/a/49c4f458955a2b82fa21129fc99cfa-6368.manifest
modified: 2/2/23129f7b978650ea49d4ad82216751-5499.manifest
created: 8/9/d2b58eea10337112e7f1b0baf55006-4509429.o
modified: e/c/4cf9e672c19d3b7b21440ea2c07f0a-8615.manifest
created: a/c/3e92aac02b710253bd1df2513888a0-5048402.o
created: b/2/0314eaa5aca67fa5397dd3d303b040-4863265.o
modified: 3/b/2810e08a043a0fcf50127fed02b096-3285774.o
created: 3/c/d17926f5923acb566d00e595ada51c-3091574.o
created: e/3/af46ccc64a597d064e2b0ab72688ca-5009805.o
modified: 7/b/0e811c8302200b76dd8c093a679ba0-31711.manifest
modified: 9/c/779789e7c6d01adb0c7a0ee7987e3d-25291.manifest
created: b/b/81ff5fc1d9dc89f9fca2fec17a0675-2876602.o
modified: 0/c/e49694b7cb3d411574dc22aa54be2a-4192.manifest
created: 1/b/e9adc1c8f02ee6a06b92cb7a192f3e-5739603.o
created: 4/1/ea550a1fca9b009d3d5a585b4172d4-5020062.o
created: a/2/8ee406847b2653dded5fbe8440a1a9-4869242.o
created: b/c/65ad6adce7a8e8da124ecfcf83df89-20619.manifest
modified: c/b/acd37459e1ad8f3cd8e41e689733c7-4573.manifest
modified: 9/f/19848b614ad7642d949f62d7ef4550-2974.manifest
modified: b/7/0e0dfed4b3a9f6015f616cc8ccd5a8-3394081.o
modified: a/d/0ad987f500a92042d9403932d44a96-95323.manifest
created: b/5/87ff06731376cf4c73ad62cf7f9eaa-2016.manifest
modified: 4/f/c04c2fd1dc105a6a0c8a63040ba5e1-2351.manifest
modified: 7/a/e5eb00dd790599790bc33bae02de69-7018.manifest
modified: 8/7/27b147b26e3b8226e8eb3edc5bfe16-3444.manifest
modified: e/a/d852f411e960e938a01570edb01313-7761.manifest
created: 9/c/de7b4d50784c1c5b95f7acf32baf6c-4400147.o
modified: 0/e/a1c86ddbff1e1077a06ba4a0bb15c5-3460.manifest
created: 9/5/dfb73ef9bba012453f9ca4ca3fde66-4847954.o
modified: 9/c/45976777990c8d766ffbecc2b948b6-4579.manifest
modified: a/a/ff1133383c963b161f7691faa64a86-11965.manifest
created: 0/4/4848a6e237e318c282b5561f4e7ce1-6707403.o
modified: 0/d/0ca23c4f2419a3fe1d055e327755c9-3951.manifest
created: f/b/1857248c30635827bd396a3c12590b-5059239.o
modified: a/6/d2b32e0ffc65236b9a9f9bb7859ea7-2428.manifest
created: f/d/433c6729401f38b4cbc9be3ab7ac8c-4982268.o
modified: 4/2/d41c1165cd9fee831e6a969f817808-2980288.o
created: 8/b/ef386b00e386d6aecc823b3547752d-4992075.o
modified: 9/0/cb09acf55c2ce62557b098412f564d-3410.manifest
modified: a/e/ddfcf1b8370863c531db356c01147b-6588.manifest
created: 3/e/dff94dc7937807ee65c0a596c4c1ab-2448.manifest
created: 6/9/aeed8dfc50887af82f5db3f74a922b-4531153.o
modified: 7/d/a9355ae0725c10c1cab7c3e45fc11a-87680.manifest
modified: c/4/29a064d6a141de3cf191ad471a5b74-9846.manifest
created: 9/3/9ad6b7880d559f8b52603457d3494d-4449995.o
modified: 1/5/23d4eef09451c91d92ad24e30cce6f-165642.manifest
created: 3/3/98b9103d8b6947ebaca3d2e36160df-18949.manifest
created: 3/7/5c416f23990cad38f9f5ac2cd15129-48374.manifest
modified: 6/d/00cefe29f20928c6da3acda2ec3823-3187.manifest
modified: 8/a/0c79dd09b9cc342a569d8d9ab00f50-50434.manifest
created: b/e/2f4e56e5e89b4f76663007cfb4872a-5006547.o
modified: a/1/b1250cfc83bffa31b114b47f4a9f83-3596592.o
created: 2/3/987bfdf1cbb94c81672d54f8c6ddec-5027500.o
created: 4/8/35128a3b7955d4776194b5e91d4937-4981218.o
modified: a/6/0c526ffff3fd887c9e9285e1cc612b-2706.manifest
modified: e/4/79981d1c01f8e89abe3237a5742156-7712.manifest
created: 6/c/f952f54eb0066f35155d301bdb9018-3270296.o
modified: b/7/b7989e9ce51c7223a987f57fbb743f-4216.manifest
modified: 8/9/ce98f29848ca4d68380480a6fbd294-45024.manifest
modified: e/5/ac1a292b62755a6c512cfc4a0cbbbb-11828.manifest
modified: 9/2/f840ab46ec5b2972c35fe13245deb3-6624.manifest
modified: 9/5/45458cf08dcc0759faabaed316ce7b-3815.manifest
modified: 6/f/cf24073f83538dc3f5892982c49d4a-1862328.o
modified: 9/stats
created: f/4/59a5c136bec147f7ec4cb6064a6304-5244848.o
created: 6/4/69c2ee6eb70d511cf3ac9a3c127acf-5164115.o
modified: 0/a/d793bc5caedba6f6f2bc683c5ef819-7284.manifest
created: 0/a/3daa939130ebb8a1b05ee8fa4a1b54-4176836.o
created: 2/7/49f9f6b853d3218bd92ef718e076eb-4853957.o
created: 5/8/c70455840ec0516160faeb3ece29dd-4867289.o
modified: a/c/c88b6c21574ae2e23ced6a963f1619-11707.manifest
modified: 4/stats
modified: 9/d/5b99dd5d637e80e554539948bec868-16470.manifest
modified: f/stats
modified: 9/9/ba10ebc3de8974048b70f888c11fa9-30239.manifest
created: d/3/c07e4a2c3f2a859ecea7f1feffc995-4677388.o
created: 6/b/1710925cae477cf3bcd15531f7c5e3-12296.manifest
modified: 7/e/b6b648578bd14b9fb942f1ad722328-3466595.o
modified: 8/8/07184a288e5c310282900a681b422e-14446.manifest
created: f/3/0493eced5a851a6029148bf3b013de-4492588.o
modified: 4/c/069a5bbd1a00b809e1f59d2709768d-10998.manifest
created: 7/3/90f52f799955b52311ead129fd84c2-4625133.o
modified: a/1/c27258eb31837debe542aa8aae9a53-5102.manifest
created: a/4/4a6872f352448fadac3cc314948be7-4585860.o
modified: b/2/2582ff27b3f6ca47c38ed9a637b10e-2977736.o
modified: f/a/8f30617969ac96103caf06b9bfd063-7304.manifest
created: 3/3/928c64a432273d81dcca3bcca41020-3202083.o
created: a/1/1cbdbb584d8de8bc4d5bc57d73b7e0-4493936.o
created: a/0/416a6d9eb484d95a4112429381c0e6-4595538.o
modified: d/4/e0906299cdab50256a3ecd021fe36b-50662.manifest
created: 6/5/7205eee4ab3e057ecfb8334f9066d3-5097997.o
modified: f/5/b35b61a93d43a95d20702a04e3116f-16790.manifest
modified: c/a/7642eb386d013a9062e42b52479be0-12620.manifest
modified: d/5/a99c848a91df12b1e5c962a8c8cb2d-3332344.o
created: 6/6/923b68ffe7174e03c5d9d1375de17d-752530.o
created: 8/6/2c52f5d3b66e2a1e6a4b64c7ca0df1-5147806.o
created: f/4/6672d152d8026bbde60264b4eb921d-123442.manifest
created: 7/7/4f092e915b7913b21c9aa4838043c7-4932715.o
modified: 8/9/e64d913e24c4998cdce5e3912ce0de-3116.manifest
modified: 9/8/035709b2dab364218bff0f1459b6b3-5652.manifest
modified: c/b/fcae6669c65b7aa6a2b7ae75e27de4-3713.manifest
created: 6/c/b404e2c633f33f229b39ae29e56699-2829231.o
created: 6/e/fce502bbcfede77719042c0ba16e0f-4587625.o
modified: a/1/e475621a4fbf7c999c93418a13d649-5784.manifest
modified: 5/a/74b471beedd5452ecd78ecb66ec1f1-5906.manifest
created: b/1/b4a48e280bdaf8122efbe37ad84999-4524185.o
modified: d/b/08c27e71893e5448ff5c54622b561d-2449.manifest
created: 0/d/99ed0f959a01e6366ef1dab26abf83-5031881.o
modified: 4/e/d5e8eefaf858eb35b15c302dae5a1a-3894.manifest
modified: d/c/4827210c649cbbc3698928a6fe0f16-5898.manifest
modified: f/0/0d9ae07e2c4645cac5e528c3713b75-3283914.o
modified: 3/8/b838675005789cd17147248573bf3a-19628.manifest
created: a/0/edbc33f9494be706d7d5e679a2e342-4832301.o
modified: a/8/4ff036beea2365b1d981bb9d0c0390-10537.manifest
created: 2/b/6fcb3fe39d74c494d85b241fe96e29-4972238.o
modified: 2/f/83d34c8a3adb056bba597fe3e3ee92-7672.manifest
created: 3/1/8cc540f6988a90a813fbdfb489f863-19016.manifest
modified: 8/b/22c3ed7b5bd08671c017ff4a6bbc53-6010.manifest
modified: 4/4/64e29abff68a7c7ac0025ae3c7955f-6572.manifest
created: a/c/b3b7cd6f16c87bd94fb977f9415a16-4546674.o
modified: f/2/bc558413521d15b7ea9463e2708295-5967.manifest
created: 8/6/18a5d819d4a31c6169111f8a38e118-4423996.o
modified: 9/d/f0297b7dfb3d34785b28f9512a65d0-4944.manifest
modified: e/c/df1f384d5fb9175e76d1cbc129fbd6-95446.manifest
created: 6/3/04ccaa0405335a1348f9b881007819-9131.manifest
created: 5/2/fbc08f51f9003b6d3e0761c9195840-4589530.o
modified: b/b/e6abae44b23aebf97544d75051fcc5-2950784.o
modified: 1/2/ab1a6f57e3cb37f922228968c12017-3288266.o
modified: 1/b/f305fd9e30a17174fbe37b6d9978f9-2790.manifest
modified: 1/e/2e7990ef92644e514299841983e8d8-6140.manifest
modified: f/0/453cf0c061fd7243b023e42ff57a76-107515.manifest
modified: f/4/f06b0bb6ef872b3f439da5b965ec81-32375.manifest
created: 7/5/a6cb3ba338d043436cce0401d4dfe4-4937487.o
modified: b/8/9f0a73c2fbed1e421e4b9964b20c0f-3812.manifest
modified: a/6/ef0bf9df59f342e87868835f5a7a15-6396.manifest
modified: a/f/d6da148e56ac94bbe7395e05d297c2-3621.manifest
modified: b/c/6cb0a0ed27f01fc861e8ebb9b54380-3287108.o
modified: 5/9/20bb08404fcccae591b9c08cff0a2a-17026.manifest
modified: 6/7/0f684d7cf962be92bca9e6e65d27cd-8031.manifest
created: 3/1/46af9532b6102b6aa804a348c0d1dd-17835.manifest
modified: 8/7/5b4774dec94d2633de4dc476d67aa9-2581.manifest
modified: b/stats
modified: 3/b/966454fdc235ddb553023fe494df2e-24012.manifest
created: 4/a/5f816f0681d54d238f7495c70045bd-3407652.o
modified: 1/e/dbcab6d907956cc2ccb0cb714fc70d-3414.manifest
modified: 9/e/cbb16ce68dd561b6c04f314d180a36-15241.manifest
created: 1/2/50ed747c518f9afaa3d91743716c1b-5052619.o
modified: 6/3/407bc7aecb3125136561b6c694502e-3517.manifest
created: 6/a/0b69379c5c124f4011c652d0ed125d-3054655.o
created: 7/6/a2113d664e770794b2a1d1cdc7de81-5737737.o
created: c/b/fdcbde4d8cfc3726c390be977d1c58-4838895.o
modified: 2/0/61088f72facea02c090cff7d01a9f0-5925.manifest
modified: 6/9/8840125b8c7d6365cd28f8f4a5405f-38725.manifest
modified: 8/8/8947950565f6ff65d2f918dc506abf-8686.manifest
modified: b/1/adf3d2655eb70e2c5e0e5bbe2ab423-3113.manifest
created: d/5/ecf433f038476b7101654f9db7976a-5858439.o
created: 3/3/9424d1983c369863ea2402da31536f-3120642.o
created: 3/9/553f226c0f12a104f181f087dad5ab-4997247.o
modified: 5/7/7c9d4763c1eb5003c50498e6a4c898-8792.manifest
modified: 9/4/994b13917bc59bdc7f9e0af98b59ef-3470.manifest
modified: c/3/6d38d6c5c026b971a6b69cb931503d-5856.manifest
modified: c/4/32115ef4444e2ec04e427059923b83-2482.manifest
modified: 1/9/7e1683e23843f2e47584b21f7ba789-9952.manifest
created: 5/0/52cbf11c5f76933311671b27e6d10d-4877264.o
created: 3/6/634a821051aa7484d5cbb18111e33f-27961.manifest
created: 3/9/3ea34e8c41c01da18f1e75a79b500c-1984598.o
created: 5/d/adf2f255e145cb29b5688d523a27ee-5051699.o
created: 1/0/94d6da8c16b7d8c9fa1c960df2bf99-5470882.o
created: f/f/b888eadd3f4442fef211b5139eb076-4874094.o
modified: 1/6/eed77f6a88e6eca33d054d6253a104-50086.manifest
created: b/8/dee9d0514bf102f596852260694847-4930462.o
modified: 7/c/49809d8e2f825825d75684246d0f58-3288426.o
created: 0/e/67abdc3653e3846d0f56aa7b31df0a-4458308.o
created: 2/f/28b7807af67bf02cb1527003d23896-4505237.o
created: 3/c/52d34319407bb7380d040d9cb677ad-2222.manifest
modified: 3/f/50ae4004aa331aad46392c43367448-26354.manifest
modified: a/d/d8d1a60b2201ccf7c3752f85fbb5f7-3146.manifest
created: a/4/42d6ec3c315a060714e1250ac33aec-4876428.o
created: 2/0/fc9a3156915c17c3f04f34c230626c-4459235.o
created: 4/4/0b57acb8da3597b5e1b8f2a31f17dc-4527708.o
created: f/2/5ffe93e7b59398ef98e9d1634eb2fb-5446801.o
modified: 8/1/3e3d698ff41f072a44f58fa6bbbbc0-12427.manifest
modified: c/stats
created: 6/d/14c302e497d43c993b18f5f4e4ae0d-5234613.o
created: 7/7/74b250f6771a67b7dcb5568425962e-4629320.o
modified: 8/6/1093d97b891f2ababef0099509b225-13206.manifest
created: d/d/c2bf4f59b9a74a034ef4596696b6c0-5019492.o
created: e/2/a75184096fd62a89b716ceadb4f6a9-4523381.o
modified: 0/3/b237efe3e01688345e51c4cb395916-10949.manifest
created: 4/f/0ee6780ea877536779da23b7b06a1d-4850553.o
modified: c/6/2a632258e4699fd6f0cae82f1c823e-13476.manifest
created: 2/f/c02263f194e6649937051c9ab0fb5b-6141931.o
modified: 9/4/f3cf913c021bbf47ec57f829e128a3-3786.manifest
modified: f/b/c0c195073114a8961b36aecd5d2568-3455.manifest
modified: e/d/6b227958ddd0ff32933ecd5a92d812-6103.manifest
modified: 0/0/ad61eb6a692b1a242be275b70b91db-12227.manifest
modified: 1/e/82647746d421fc227646f9cda6ad36-47240.manifest
modified: a/4/dacd3cfd2e7621ae56b5555bd45c99-6511.manifest
modified: 6/2/44b7962ba699399867fa91377cdd07-3009.manifest
modified: e/0/19b6808c9bf1e902220b13879c3967-3182.manifest
modified: c/4/4c53f742c9cd2aac0abe02730f5a81-14627.manifest
modified: e/2/a707d75ca3ca3783777577524b877a-7112.manifest
created: f/f/f5e702a1553d9a2ab23018559dcdea-4628297.o
modified: 3/7/33cb6af6d6d5e08527f8b4aa5bef18-3359234.o
created: a/0/67b48cad7be09f2602d6c977dcd3b2-5011883.o
modified: 4/d/4007145421cc922bc88653121736d2-3411.manifest
created: 3/a/281c89f6fb23d17ac91404b906fa64-45793.manifest
created: b/4/3f3db8aacc688cade88564ba34b401-3628979.o
modified: 1/5/181bdba4efd17ffc92e10eec05af79-2529.manifest
modified: 4/7/6d39cdea7efdb76a4586387dd83f37-5255.manifest
modified: 5/d/2d75ed0cf131fe2c10740a1a3bea14-87109.manifest
modified: 6/a/721b965ba932043a1117e2c1410afd-11791.manifest
created: 1/9/73665372d1993d2f47c1021eb0cf1c-4518200.o
created: 3/3/510e236450168078e85f5347bde9f9-2088229.o
modified: 7/f/bd3c92f1f96bd02a8b01eab3937fd4-33686.manifest
created: b/d/5523a676a653dc17f1531d5e7c0964-5546674.o
modified: c/f/179b9cc3f2b0fdaf14961a8b35cd47-33488.manifest
modified: e/b/87ae6315c1273dfd6c7aba4d7f59c2-2460.manifest
created: 8/9/d34ca2a1ad220dc73feed5a691d585-4529265.o
modified: 9/b/3fd35e837ce34995dd007eeea43417-14965.manifest
modified: b/c/a2959b344fb51fa157964860af608e-2276.manifest
modified: d/d/fdb525fd7eddb3445ae60efde141a3-3802.manifest
modified: 1/3/384843e8a2903e7872015a882a709c-8339.manifest
created: 6/e/d300f61f6023aaff7801aac51c0eab-4882431.o
modified: 9/5/1d4a810dbcd16368cd41cb8b44e488-4838.manifest
created: f/6/e84cdd06c901c60f3a4215dde4c2c8-4967162.o
created: 9/5/c50055f63c0525701f3d0280c2898c-5824056.o
modified: 9/a/8be527ca402e3592e9a19c9e1f6dc9-10740.manifest
modified: f/1/3d1cad66e6fdb9d7c908365653c42f-19998.manifest
created: 6/3/29662b13aa73376f71bfb30a727b3b-226561.o
created: 4/4/f31e195baabaafd37624603de9a416-4862621.o
modified: 6/b/40cbf39b0f0ddc31f0fb8ebc973add-116620.manifest
created: 8/2/c331c141cf0b53e8cbaa34682d2b56-4530201.o
created: a/7/4ed8d1c780a5dce0e2f7e60c1fd808-4839269.o
created: f/f/4366c6e53f1412c1d45a79f458b619-4880354.o
created: 4/6/116b9c40f7ab0f12e9e1cac54efca2-1984581.o
created: 7/9/7791c8c2339e5b5dc204060acc970b-4875660.o
modified: 2/c/17e73924b9beb716238fb4513c78e0-9146.manifest
modified: 8/5/ceb980023d8bd605d4f730305cbfb2-5012438.o
modified: 8/stats
created: 5/3/68fb90a5b828942d607583b0f3e21e-5879669.o
modified: 7/4/cb92b8fa34d9484a4caffa0dd0d0fb-4002.manifest
created: 8/d/c68cd0d0fd65504c53a5a751732347-4972249.o
modified: 1/3/12662cc8bd648c6e10ab927e40dab3-5952.manifest
modified: f/5/97d45784d6c5dfd07a61a6348190ef-24613.manifest
created: 3/6/6e864698050708287e6be42fda3334-1660062.o
modified: c/3/619ff615c8940b09a6a09acba12313-2641.manifest
created: 2/6/30e53ef6d4df9aacf6997d1bb6c72d-4852717.o
modified: 4/3/e27ca1afca4657c179294178f51c0f-8992.manifest
modified: a/e/461793c14994b27b6c3ee567076ab4-14211.manifest
created: 6/8/7188874a3ebe6c8ea333ea4d7f988e-44193.manifest
created: 3/6/6f4e9c2814450b4458877063d27628-2933524.o
created: d/6/1ec473cb3528aecf24c6688b2ae7d2-4972481.o
created: 0/f/867f01ab32f16acb9dfa376249e3b5-4537747.o
created: 8/b/878b8c58b878f5ec298328671a8e29-5752980.o
created: e/5/a4c4e24f8e4e20e45819c6160d52e4-4736108.o
modified: 6/4/58f6cf746000c5bed55951264571c4-3142.manifest
modified: 9/9/68b93e2b367bd9f1e72a1a626267bb-15483.manifest
modified: 9/d/abf20144c19e7e37f489e8abdd3a0c-12128.manifest
modified: d/7/9fe94790af5eb7e67f39f6ee2f63c3-4448.manifest
modified: c/e/6f6d9a9bcd8231b9f5a289387e55cc-103897.manifest
created: d/9/f3a944f84bbac5505d82334ad02ee2-4880164.o
modified: 8/f/ea7f2a5ccffb71f0eeb17f0959c38c-21536.manifest
modified: c/9/e7b69448796f55cafcb84b48f4556a-3350.manifest
modified: c/c/9cb5581bd213db0e6564ab2ac9fa67-2171.manifest
modified: e/e/49987c3b73b2795eac0813f1a56589-39941.manifest
modified: 1/3/0a39a4dd8fb5cc7268ea4b5a5254ab-4780.manifest
created: 3/4/932ce13da4c1dbed33723fc6c04817-4881.manifest
modified: a/a/e06aa9952e18332be2c1f26a770e12-2355.manifest
modified: a/5/34ec1f2c62e4a9e6b5d72c1a580dc3-6345.manifest
modified: a/e/e9aad345f87c0f7d8c83d371f3c16b-3477.manifest
modified: 0/d/a8fc2c549e0662b565c764a3898039-28077.manifest
created: 1/b/94104f9fb5c11558619d4aabbed7fc-4550902.o
modified: 3/stats
modified: 9/8/1bc7d76adba582bd2d33bc6bd6ed5d-3699.manifest
modified: 2/6/b46402b72c06713fef3052aa2c1a4f-6774.manifest
modified: 9/0/bdc9e5abdaa5c78452978aa540de1f-42045.manifest
created: e/b/85b84cf69d4654317d3dcec985717d-5028789.o
created: 5/d/670e833fc5c9fe5b9163c373f4099b-4842268.o
created: 4/a/3d45f39203c96328ca3691ad2dc764-14995.manifest
created: b/8/77fc5605b906a66fa8d8aec3fd522c-1313067.o
created: 2/2/cc1f2a74380cc6a4bbbb1de9172f6b-4891206.o
created: 2/5/69a42c72afc0b5b993c3f49b1d2e35-4523060.o
created: c/7/05c341a510b6b22e5551f632edad65-4922136.o
modified: 3/a/c95da2a45732597a1f6f9419cd41d9-5154.manifest
modified: 1/2/db5b7ec73c93383275438164c129c5-37246.manifest
modified: f/e/399a337410787b1a1928b2819043e5-12492.manifest
created: 0/6/fb788324714ea5c2ba70ba8ce3117b-4501823.o
modified: c/2/2ae9e626ff40abebcf8d12ef07514b-9113.manifest
modified: f/c/ecf39d8941d6c8b26e8682e0ee633d-27397.manifest
modified: a/2/9b328fcff33409e311b5ef793a5020-5011919.o
created: b/5/ad4aeb48488556a7b8a53397293556-4516799.o
created: 0/6/00a32118888aa272a13e4eb5528ef1-4853940.o
created: 9/a/02bc9eadf574a70b167c586cb3ddae-4377747.o
created: 9/c/13421e0f783589c68fe7983ce1f2dc-3171831.o
modified: 3/1/94c86da3ea24b67a302a39069b9d01-3383560.o
created: 4/4/633e79c977088fc13e9b78166e7396-5050811.o
created: 0/0/c0e6e44bb1870dbef477ae2c461f8d-7870081.o
modified: e/1/10e7c7e709467ac218680b1aa1228a-13435.manifest
modified: f/9/ca3bc441f78e7a3969092980ecbb5f-5856.manifest
created: b/0/d6cf746a6e6e62715cb79d3f51bb4b-6463.manifest
created: b/2/b1f56a138c30ef3554e93b7967b6b8-4468054.o
modified: 4/6/b0aeef247b147e34deab25df538880-11668.manifest
created: 3/e/5d7c8e2257dd07346c5e11cf1b6e76-2405086.o
modified: 5/0/70c4c2ce7ababfd954660706faefb3-11427.manifest
created: 8/c/72312e2c413ce65407ac84071485a1-4931588.o
modified: 5/9/9e1fea4f6e4318ed58c6498092a54f-15978.manifest
created: 5/b/44d50183ea1a47b78a7dd49e26d16c-5111437.o
modified: e/4/76c6847491c4e29ce5f63294733a7b-5143244.o
created: e/8/a6077d6761ae96e4b5272b1e897c91-2023849.o
modified: 1/4/7e4c2573b3d78819deb5b1853f3907-7028.manifest
modified: 8/e/6674864e5dda7bd725f7a86368d84f-11749.manifest
modified: c/a/54a641929e6446487772ed6207ffd7-13798.manifest
created: 3/0/27588169013bacb0c8463ad8ade95c-5748384.o
modified: 9/8/6f78f328069c93e202ec125cd64482-8225.manifest
modified: 8/5/5429c2c69be6b02b0a6f05f28bdcd3-26421.manifest
modified: 2/f/4a466a405fe45d96f9f7f262010da0-15054.manifest
modified: c/b/12a16f5d342038ae05b475fa55cb88-13806.manifest
created: e/e/db6f9e7afd912e1e63b991722f8c30-4462192.o
created: 3/6/290beeecbb52c726960d4a179facde-2097494.o
modified: 6/1/fa304eebf36725a56c64aae1ff8196-3479.manifest
created: b/7/539eaf317b2557b819a2797c11208c-1996.manifest
modified: 5/stats
created: 5/3/8b4b3c40a4e05dcd4bd4707bc00ffe-4529674.o
created: d/5/497c390c9a6357a1fbb1b68dbf66b1-4516619.o
modified: f/c/3a4a319a8faa1460eac0753a8b5dad-20341.manifest
created: e/d/85934d8b09dbe4f98f234d812bc97d-5926564.o
modified: 4/3/947d20a77682433d0da4300b365876-4709.manifest
modified: 9/3/a2a18a3e89501e7288dc34717eb042-3860.manifest
modified: 0/stats
created: 6/5/092fb60add8b2cedfe7fdf0afbedad-4976355.o
created: c/a/42ae52e3b57bbf535e1013ace3b67a-4972821.o
created: 1/4/1ca724f484a6424c1a36ebfd1eafc7-4979131.o
modified: 5/3/6055f8582e892374eb00e102930d33-12821.manifest
modified: 9/d/db2b90944a400440ecd99fec8b691a-2973.manifest
modified: c/3/b5a80d8e5df348bcdaccbfd599f2c6-4454.manifest
modified: c/a/b1805fc6fc4c5cb2947b982ec7f7de-5797.manifest
modified: 7/7/aea75a4deccc49a859f462b7346c66-3124.manifest
modified: 7/8/5deebc8201961e7302445ba87532ea-23653.manifest
created: 3/0/2a817072c091b3afc658f09d73b00a-4595315.o
modified: 4/6/7a93654d3893e460684e75b6f25cfe-17516.manifest
modified: 1/d/f6b28634dd985e627510045a4602bc-14549.manifest
modified: b/3/edf87b7d85500381b30e7e487f21f2-3392633.o
modified: 6/f/66873bd44adb0f6423f48421e51292-15891.manifest
created: d/6/7d0e133fdde735a386f56479a52158-5846743.o
modified: 3/8/ee46c5cf032bb8f77ef11a23117989-10275.manifest
created: 6/5/37a15454423f3aa01e59d79c5b3555-4973411.o
modified: 6/f/36ef940aff76a30bc50d5d957cab7a-3355537.o
modified: 4/0/f10a95b39fa7898ad0ee439b4a5600-3448102.o
modified: 6/2/140e3daad94411aab3cebd11383014-14874.manifest
modified: 8/c/007b5b88b71794eaed9049da31e97b-3607.manifest
modified: 8/3/4d75843da17d3e39a6dd8ac8a8dc90-7264.manifest
created: 7/4/f7d5d2d97ca58619238b05c8a60758-4594807.o
modified: 9/0/13a0571037b0e1951e5af4785737c4-5219.manifest
created: 9/0/e9a7d2c7d271acc072bbef7d14a994-4896330.o
created: e/c/c0526f68d4baffce23073eea381b90-4865627.o
modified: 1/7/07a956bce5b2728a091104d39fbf85-24469.manifest
created: 6/a/92661b70702495ce8c64b067e81ebf-4880407.o
modified: 6/stats
created: 3/b/6e815439944dec9a97f61e95270acc-18766.manifest
modified: c/0/6bc00d278fb23ce678d3728223bef2-3307417.o
modified: 4/2/ec3723841969299530c1db20fcdded-3368788.o
created: 6/d/71958bc4bbcd6ed875902ae2680a25-10916.manifest
modified: a/e/1df6ae4c3f52c1b3cbe5603dbf255e-3386084.o
created: 2/6/90b35211699410cf88c8c32dc240f6-5038712.o
modified: c/1/484a5697b1c6eaaee98607286e0cf7-4071.manifest
created: 3/1/6c4f7c4ffec8e1a073c99d08ec1bb2-11230.manifest
modified: e/e/52afa8635bda4688d3abf486b5ed37-2762.manifest
created: 0/5/0c95ce5c492cfc787b47f6dd52e2e3-4598579.o
modified: 3/2/a5e532f6046aafb5e6d8b40db7adb7-3507.manifest
created: 3/6/802c2c03c347176ab743162b73f866-5787484.o
modified: c/2/3fe29cf96d5e098082f8fe62d40d5f-3928.manifest
created: 6/2/45d3d26e00c2e8cd89b919faa7a505-2910517.o
created: b/0/37be5756b9c596cb347811bd9a043c-4989119.o
modified: 0/e/d722666311e948b07e9333b9337169-3047.manifest
modified: 6/c/1e0798065b8e6a45ad047b5056a7d4-3736.manifest
modified: 1/e/791c28712cd8645831a6743764112c-12422.manifest
created: 3/8/150c7f1b6c39a457460cf449ffd626-31355.manifest
created: a/0/c7b530bf4930b4709b59cdab7fbd51-4475544.o
modified: b/e/7c814f385cca31eea03aa5a5b198bc-8087.manifest
created: 3/3/b38083cdf96a320a650f8653134137-7055.manifest
modified: 4/3/5722309572895050828219c5be1b3f-47907.manifest
modified: f/b/54f88fa0f3d261e780752f0a6760c0-8223.manifest
modified: 0/b/101b745a5c0258a61334e29beebdc8-3409.manifest
created: 1/7/9d1570ae47266bbf58d5cfa831c246-4950035.o
created: 3/5/7e998b33708b1cdf4f6d0ba1eccf17-5602.manifest
created: 5/7/a66d2452353366bc9851863cf9f608-4913818.o
created: 6/0/c1e02a3a02c948fa098e3137dd9fcb-4874707.o
modified: d/5/740406db2fa6d0a896a8abca38ea7a-4809.manifest
modified: e/9/7fe5bfbb7290b214df2f05a5ccc706-3089.manifest
modified: 9/f/d47e9be9f4843356d83618bfb0ecb0-4244.manifest
modified: f/f/d6a7f8c08eb554184dc8fe2d4c2c21-13586.manifest
modified: 8/b/95963f6f2d4cb5544683d978f6b97d-9142.manifest
modified: a/stats
modified: c/7/da35b4e94d066ef2947efbb113f2b5-35078.manifest
modified: 9/6/a1b8a66a6080d6eb2ba8c0fda8f58c-12910.manifest
modified: a/f/9f74f49d9f73132891e4fefa051180-16264.manifest
modified: b/5/0796454ef20beeaf91caf323ec8a99-3069968.o
created: b/b/9e91e25837de101fb080c01644ff72-1310085.o
modified: 0/3/1536e4dd795b3130687e7213367b55-7930.manifest
created: 4/b/9ce39fa485ec3afe8d034f1ee42eaa-2643403.o
created: d/0/003d78dd64c98590b1ecd4801c02f1-4516746.o
modified: 0/d/b151264773fad4c75d7d6558b62cc4-50087.manifest
modified: 2/6/f3be40ed1eff398fb4e7ce3ef3a7e4-8493.manifest
created: 2/5/5211b200c647762570212c2005c0e0-4988228.o
modified: 8/4/566df61b5354cb21cf3a28f681358e-63901.manifest
created: 5/5/1d077081f8509f6bb08968c26d5fe3-5207674.o
modified: c/8/2cd9ecb5edef4825f544ef17f3d841-4778.manifest
created: 3/b/7e715f28cde65671f5671629effa26-2342.manifest
modified: 4/1/69d9b54577bf82a2ece5de26ef98d8-4264.manifest
modified: 4/6/2bc8d768fe3c65c490ec0cbafc2215-5883.manifest
created: d/5/ab35ad26e2dd5a72a62542cdd9efc3-4657540.o
modified: d/stats
created: 2/b/91f78676a29e69969aa9fa1de5802a-5806852.o
modified: 7/8/7417697f5c90427324fc203562c4cd-3325244.o
modified: 8/f/181a3ad6d8ce26f2cd27e9b26dbcb6-46752.manifest
created: e/4/2d0061ee94bdecffdda10ef488c3ba-4840234.o
created: a/e/b3eb489596251205ad0f3bce8d668a-5058494.o
created: 6/8/75f87abfff157f8c01d01f9fdf44d3-4863507.o
created: e/b/ccb50213e3b41f185e30944ce71832-5890743.o
created: 8/7/c737b093df8c7bfef126059bed73ae-4526211.o
created: b/a/c390dd95181987dd1d081f6b68d4e6-1268704.o
created: b/3/f6e13eaaffc14d1e3a41e5f9a69175-1720448.o
created: 8/5/61cfc13a60bd360859dda718aa5e40-4523290.o
created: a/a/24c2f5f3eb4fb2528f05bf65a030e6-4558262.o
modified: f/3/0b295cb4879cf29990572ed92e8cba-14274.manifest
modified: a/e/c3dd931557976797553dad1d996fc8-9684.manifest
modified: d/2/b103cfa8871070932503e0272f9460-5482.manifest
modified: 1/e/7ed959b3bcabf17ed0df127c2a3a44-6367.manifest
created: 3/5/c32cf72d4da0a1352c6b23e7f817f2-2724440.o
modified: e/3/b968f1cc3c74e777eb87c75e045a1d-4826.manifest
created: e/8/7b7a0c5bcaeaa980373372589e3c03-2412814.o
created: 3/d/8e89c11ee28e97bfd2b17f98bee302-2472726.o
modified: a/8/65fc20cf9075e27c6e14e88db59089-2828.manifest
modified: 1/a/3fb0662a631bae1727c244b32772e5-2437.manifest
modified: e/stats
modified: 1/7/ee7de3bd7a17b507a3b3bdb3958c1c-12843.manifest
modified: 3/9/812ac6dcacc99b9b551d730345bb0b-3327.manifest
modified: a/9/b10f7ae36d210780b607cfbf745dd6-43281.manifest
created: 3/0/306ae923c0414079d3b5cabdee69e5-4464462.o
created: 6/8/80fe6637f1f624d0b8848590fd1d1d-4525153.o
modified: 5/4/1dc896bc03e2410d0dbb7856cf5f65-16236.manifest
created: 3/3/92b92a25fe72e15410df5ab5e7d5dd-19752.manifest
created: 4/d/46f1f391a0c57e8ad5dcc1ebe9ef2e-4874901.o
created: a/f/53dd257697364b098bc4106d571b8d-4876417.o
modified: 7/b/e7122d4cde9cf67345f92ae5271513-35150.manifest
created: f/4/6567ebcf430193507db84dcd5937cf-5089640.o
modified: 3/4/0d1e953d8445b1006152d89a31d5c9-4512.manifest
created: 9/a/08a0a27b34d45a25840d3c51f7bde2-4997980.o
modified: e/e/4548393891abad61b47daec9449f04-2909.manifest
modified: 7/c/b0b88bbfcc6c2bba49c8ef8467c2a0-3453.manifest
created: 6/d/0e90b2be5aa54ba5e07a28df83a106-2097511.o
created: b/b/79733f8c383ec9aa4e27cb115a1b86-4612262.o
created: b/a/11f44994f07978100cb15647cec571-1917.manifest
created: 8/f/8df53fcc9dd0501d17c0b4de7ff903-4684806.o
created: 7/0/7aeca552a0b9eac96b6cb0a33fb4e8-6095590.o
modified: f/f/020fca7780c823de253e19836b2f69-3471.manifest
modified: f/c/c573ba448da893ffb516135c3f981a-2886.manifest
created: 0/7/0fa56bc7ee2fe594141b4c05056024-4863113.o
modified: 0/9/c77ce4e4b0d783c31d4f84431dd594-2518.manifest
modified: 0/6/f3c76d1029d9c63d414c4071207d04-10837.manifest
created: 3/d/11139b9c6da926fe0a519047dcebb6-5427.manifest
modified: 7/stats
modified: 8/f/166c809575f5fc1206c111cffc6f31-3805.manifest
modified: a/4/2598312c1574b10e3aa10339972e33-16050.manifest
modified: 0/3/d0853540e83d70854bd305879c96f1-4677.manifest
created: 5/c/41bb8b9209e9793aa9f1d9db82367c-4673291.o
created: e/9/4c0a556be39c2ec0afb4baf2b3251f-3108467.o
modified: 1/5/4b60c8599d7402d0b820d6793c6003-6604.manifest
modified: f/1/15e0a8dc9d09f877a935ee78be5487-3449526.o
modified: 1/c/2469affee6dd1893c6916fd1596998-9630.manifest
modified: 3/7/5bc5ec6c06776b2d1841f278e5583d-22043.manifest
modified: 2/3/cff0a2aba0fc6c2c86280ac0f32a8c-7901.manifest
modified: 6/4/675e8386dae300cb15bc13950e685e-5856.manifest
modified: 2/stats
created: a/d/a80627c70241a1fa1971615f1cb014-4536320.o
created: 5/1/62f2f6b4c195e728b82a6dc8725d69-4938048.o
created: b/7/cf6aedfdb6da19367f2f8c2bfe47cb-1753695.o
created: b/0/0acbf713579771fdab9be6177a8148-4859810.o
created: 6/3/ad364474872036164560bd93438066-3043427.o
modified: 8/9/e3dc6ae3729fc81a21ce2cbb1a9c7b-4961.manifest
modified: 8/f/305bdeed1b04658c34bcfb24a892de-6250.manifest
created: c/9/789fcbb9e46600483c10eb6853f2c9-4953649.o
deleted: 2/9/ef73fa6f70493b11a5927529941028-5824057.o
deleted: 4/0/84f7d8a86ec22664e64364432ed7e1-4526212.o
deleted: b/5/3c7e51c2f791280185197acac92907-5164116.o
deleted: 8/6/b471d161ac643c8671a2a3dad86733-5059240.o
deleted: 2/7/65b6f7cde834f9cb4668a8322c747c-4014.manifest
deleted: a/5/837884ce4f17ac9adab91852c79115-4907856.o
deleted: 2/b/478764d17b2d13c148178007cc3c07-4505532.o
deleted: 7/b/21cd4ab20a5888adf28876918b2739-17775.manifest
deleted: 3/4/eedfc1ebd87812424bda6cec4d5ad5-4523291.o
deleted: 7/d/7972dfc0c45f913968dac0ca6d4d09-46133.manifest
deleted: d/c/681199299f415f2b9fd3d1ce48ed10-37158.manifest
deleted: 7/1/b5d318eafc96f67473b40ec4a57bdd-50102.manifest
deleted: 5/b/1bd78096a1e73cfd09e467824d0a7d-4449996.o
deleted: 7/a/dc52ec417e9bdcc6f3224598872e81-5019493.o
deleted: 2/1/7b00a0fb9839f62ba1071372f1d99e-5097998.o
deleted: 5/d/3c74bc96422ddd9b354eeb0133ea2a-4878198.o
deleted: d/c/3a46f0dd46fe43cf6f702536e27065-10021.manifest
deleted: 8/1/bc8d5c61f100d1e3629a524d9ccfe1-5752981.o
deleted: 9/5/6bf307ffcfa2fb996ba7f2e972383e-5054845.o
deleted: d/6/525e9c60edd6060d4df8d8a6271aab-4853941.o
deleted: 1/4/83c2ebe63498cf7355dc486c7c464c-5027501.o
deleted: a/a/4db7f59fb59001fc735cf0e5ff4048-4498102.o
deleted: b/b/f147f6b4b4e4a2545e71f7a4baab35-5748385.o
deleted: a/d/e90bee4f61dd13b44206f4ada2a377-4997981.o
deleted: 9/0/9fdc05d29430aea115f8b1ad25496a-4981219.o
deleted: a/3/7ed858b011b3cb4d74432080885c47-4629321.o
deleted: b/f/0c529d641cee532885ef08a8da6b67-4863266.o
deleted: d/5/7dcff6aa2a58c557b2e43a1321d95f-2342981.o
deleted: 5/7/a38a05c1d9fbe93f70617e90911023-4516620.o
deleted: 6/7/15f046818a43195e60dd4c8b75f9d5-6707404.o
deleted: 6/c/116e2ca67eb6c57ff0fa1e795025e4-4176837.o
deleted: 3/f/e8c6862552135d3fdae7872b49aaf0-4840235.o
deleted: 8/e/24e4149399f635ec5cdeafe31c59ec-4464463.o
deleted: e/f/8c598e93b5fba9c2650568db5e2ca2-4852718.o
deleted: d/3/2fe90bbb55bf692f661df671dd86f0-1868124.o
deleted: 1/5/cbe36d35f90aeb9c108a0eeb2d8a27-4745159.o
deleted: 5/e/17df044e7bd57f45bbe5797cd21369-4598580.o
deleted: 7/4/5cdefe2b10cc6deeac7c39a7006dfa-3027217.o
deleted: e/6/3054be2c49f95fc4d130d2096a3369-4587626.o
deleted: 7/4/ae1a971e3ab907ae68cff3d45559a3-253545.manifest
deleted: e/e/706b4f76e1328d038749856e2ac20b-4838896.o
deleted: 8/4/271fd13d6759fa0ce57abf7d868326-4475545.o
deleted: 2/f/112deebd7cf1db1230ec06e52c5b77-4982269.o
deleted: 5/c/471b5a89be970a34fefd2bcfac90e2-5079325.o
deleted: 7/a/741229f905bd33a0a0f6aad77ca2f2-6900.manifest
deleted: d/c/980fb79138b447d6078bb5f8571b3b-5656.manifest
deleted: 5/8/365d6124ad425ca29f5057900f8037-4636765.o
deleted: 9/5/3e4153d4f42a9056cf74c779780c01-4863114.o
deleted: 2/e/01b0f0412ac883ac743cc1fc318566-5478062.o
deleted: f/6/3228692d00f54f951784e875a60b5e-4953650.o
deleted: 9/6/d2b69e7c0946417ab24fb7d428dc65-5038713.o
deleted: d/6/edf922dfe25488c156ea49204ca9b2-4589531.o
deleted: 7/c/2e0f0f95081b5569e8f91682ce6a11-2578724.o
deleted: b/2/91aa22f3169f519aa91f15744c180d-4976356.o
deleted: 7/a/bd528359e1d696476b280c3bc33aa2-4972250.o
deleted: 6/d/d1c8b6fd9bbcd6b752224ca80dabe1-4462193.o
deleted: b/9/d5837c309178f7b548dba6ae48e10e-4550903.o
deleted: 6/8/4081ecf1096fe17e842354edb0ed33-4459236.o
deleted: d/6/5ac42c2691e959a059803c201ae72c-4403.manifest
deleted: 7/0/cb47cc2ebaef1fa3c670079b57b1cf-4862622.o
deleted: d/3/26870649bb75f0f4a3fa22dac3f4b4-1945.manifest
deleted: e/6/896f977897dbea5821cdbb58e255ac-4628298.o
deleted: 9/2/1c7e3393101195ae719664694c1b07-4505238.o
deleted: 2/3/bac6e487a94b9e720ac5df17de341b-5879670.o
deleted: 7/8/ffbff5603a88a616fe32133de60517-6357.manifest
deleted: e/9/d1bda352da6a2c4f72e40a0006d6e5-4880165.o
deleted: 2/9/bd8a332f68d2bb8395d358d7aef019-4922137.o
deleted: d/7/2d86a46e866e54a50c70dd1932acac-5470883.o
deleted: 6/8/d7cd920d699d23b04148a06658c1dd-4516800.o
deleted: 3/0/a3c311cc42b48b1a2b9df4dc35c823-4677389.o
deleted: 7/b/5c82ce750461e9fadd00ef53cf6a63-1888475.o
deleted: 7/e/38a4ac349593803e719995671e2aeb-4656.manifest
deleted: 2/6/c1e1f3b3079c5d5ac3082db2463304-4937488.o
deleted: 4/8/d91b881e9c1fc87f5c5beaef159b94-5846744.o
deleted: a/8/f0a1627c18c2a74f46b46b6c042485-4585861.o
deleted: 3/1/9a9303783ab71473e01fba5a03bd51-4524186.o
deleted: d/d/76977a696274d4cfe9687e229c9739-11889.manifest
deleted: 7/b/f248e5caa42eade414720557da151b-7367.manifest
deleted: 6/9/36fcc8d854fa8e4ccf1d085387bc6f-5806853.o
deleted: d/a/07603a8cefe7905b02e55e65d80b14-3008680.o
deleted: 2/f/c58d3d386ebba95477c541a7fc8de0-1556668.o
deleted: 7/f/5cf9feedb72aa8f1775844963f5875-3004552.o
deleted: e/3/e7093eddfc5a25b0663550c3c286e9-4832302.o
deleted: f/e/7f9f2ac35e181fe24896b455968193-4461781.o
deleted: 7/d/a729e44f0aaac45862f567bc6fbbbb-3373117.o
deleted: 7/1/773d3050613906b524b04cb1a306e1-2939444.o
deleted: 8/2/aa4bc396faa53d76298d9be2c07c02-5234614.o
deleted: 1/3/1ece154ed529f1a5e219ca2c5564d5-4595316.o
deleted: 0/8/5d2ae04cced89b2d3c324b4cd9a18f-4863508.o
deleted: 9/6/d94a030e57af57eed5172f6fd6f228-4876429.o
deleted: d/b/07411e8381a015a014b9cc0c613ca2-7870082.o
deleted: 7/f/bcf4a3f2fb72c9f3b67f44739d6d66-4523061.o
deleted: 8/a/50e33ba13d7bd35d2f54850dadc4ad-5011884.o
deleted: b/d/7a338add856dad39bf0e568d159ca0-4882432.o
deleted: 2/5/cda358ea0e018f6138cf622600eadb-4558263.o
deleted: 7/2/609e60e504eec941c26f82bb3ccd45-8066.manifest
deleted: 5/9/a3fe46e31a1f792c88902b1577449a-5739604.o
deleted: d/8/f8272a6bed46d24892a427c3aab9a5-49284.manifest
deleted: e/1/1ba7101a0817f54756eeec496077cd-4877265.o
deleted: f/a/d9c95535b00e6465b8d0993b2371e1-1927379.o
deleted: 7/2/2d49ca2f07d966c3d574b0c31c24e6-3186698.o
deleted: b/c/f4f26fc635d67ab0b04ed4047c4ab8-4673292.o
deleted: 2/6/e9e14388ccaa217d4730c05310897c-4913819.o
deleted: 4/8/eb47a790ca67b0a0b0f0e7500bb0cb-4992076.o
deleted: a/f/dabf6b5c3c839c4416427e08d54ac0-5048403.o
deleted: d/4/aea1b1399a0d29cdbd23be5d225900-5171163.o
deleted: 2/3/1586a9ca90423b051527373d928f3c-6152287.o
deleted: d/b/9feb32a762cf035219e8b524eeac97-4468055.o
deleted: d/e/bb1644f54a2b36b432912d3fbb3aca-8061.manifest
deleted: 0/5/9414e39b8286c9961aa34569f79b75-4529266.o
deleted: c/4/056eb08f9c3c040c20c899a6fd8c2e-5171204.o
deleted: a/c/01c97a32ae9acf7154cfcfc947322b-7010.manifest
deleted: e/e/1b296ec748a8e992a71f92cd3544e0-4880408.o
deleted: 2/e/290bfef10a609a12655c82f9cfa4a9-10561.manifest
deleted: d/9/35f1e849da3f2434033e0aa58e8cbe-4000.manifest
deleted: 1/6/18a2e7eeee319e4e58f73dd5dcbd40-6095591.o
deleted: d/3/757bf01bad61ad19d54dfa399f1d81-1925.manifest
deleted: a/5/bc0d1091f7fdf161eeaf40afc49f3b-4989120.o
deleted: 6/2/346d372f0a0c21d285b7b6fbe8ec1b-5555129.o
deleted: 2/4/5f02b03a62ed40bc8871e6d87b0259-4869243.o
deleted: f/d/80fd4eea9e2b916e15b59303da3006-31733.manifest
deleted: f/9/68aa7b8f6c2cc01ce917a482671c7f-4979132.o
deleted: d/a/455152245cdd9b9824ccef127d9c02-2246.manifest
deleted: 7/9/ad2a4e7fc26415254f0d76de2b5a3c-4546675.o
deleted: 8/7/85ae5bd4f51e896f78d1b44b618000-5051700.o
deleted: a/3/1d48ae23c7de1d9d823a1745244f57-3308692.o
deleted: 6/a/a1ee23fb6cff5176c5d85459cc5096-4973412.o
deleted: 5/e/8c0c2a89ea18274b867f1431f29eeb-4566367.o
deleted: a/3/67e08e3176d7c9aa0cf595b9660e93-4875661.o
deleted: e/1/eeff120a2caba0e1f87694af5815af-5031882.o
deleted: 5/c/817c5c3d62970b595f5c1eebe0b0ad-4509430.o
deleted: d/5/68e35e71fee3312530e3e919614eed-1854897.o
deleted: f/5/2653343e81dd97c6fb5039591e6663-2000333.o
deleted: 6/9/dd2e40b46159d056a0479f7bdf29f4-5126188.o
deleted: d/f/04fcee1f9511e172c783512d520845-1516299.o
deleted: d/5/32597f9e330bf296d405bccf05765d-1941400.o
deleted: 9/5/7581c1d4ad509ccc99b4e3199654b1-5879616.o
deleted: 2/1/78d2c603039ca9a4879e15b4849420-3241204.o
deleted: 2/8/f3bb3ac2b5381c6672f8934e74c732-3238.manifest
deleted: e/d/d3a7e6181c58d9456bab9346fc98a9-5581558.o
deleted: c/3/71096ff4d02509a355a341c973efe7-4527709.o
deleted: d/b/ce8cd36490d7913b1b48e1dda035b1-5911.manifest
deleted: 4/a/05d7999041fa4465f943ae524b35df-4853958.o
deleted: d/7/87870a4c4dd93b8c5b8efaea975af9-6415.manifest
deleted: 4/4/a84e08a63254ae4dcb604bf70aa6f2-5050812.o
deleted: 5/b/a6317944040cab1570068010e8b4ab-5020063.o
deleted: f/8/0357e930c9999dbc4802f9eb92437c-4991501.o
deleted: 8/d/58a262fdd25539d28f8024681b344b-4867290.o
deleted: 2/c/b09d7e6a7eb2d113c2e5ec67597126-2993853.o
deleted: d/6/cfc1a4bcab697148282b08be28a55d-9962.manifest
deleted: f/7/1058deeef5145bb250a77d558f4e97-4839270.o
deleted: d/8/eeca3406d158d0ad9b34adbc6908e8-2438.manifest
deleted: d/f/da482f334a9504110248ea98408310-4518544.o
deleted: 1/6/a073fffc21e5b7c9006fdc41ffe070-4950036.o
deleted: 7/3/2ac38e02fd16e27bccf125f07f4423-35548.manifest
deleted: 8/3/deb712245e4d458a8da1b352529a7f-3171832.o
deleted: 4/b/6adfb0cbb19be017b857b036ee4db2-4865628.o
deleted: d/5/a701e406f1f9fa4cffb42e102f9d1e-3436.manifest
deleted: 3/f/35a2c8ec97d32aa6e00a5f7cd3af20-4874708.o
deleted: b/3/1e9c4f5219bfc60b620129f4fa27ef-4891207.o
deleted: d/b/0d5aa7923b4f7098bad1c4826abb32-37303.manifest
deleted: 3/f/8b8b20bd312aed7ec2ec6546867055-4972822.o
deleted: 8/c/dd0fa37f76ec0f4e9880a07cf2a865-5207675.o
deleted: a/b/5a99b51bfe2dd6683c3227ad87d550-6169.manifest
deleted: 0/2/715a8139b0c6b6ab1b16fa6d9e9dd9-5546675.o
deleted: 0/8/0104252f8fe78ea5ff8986b0912003-5926565.o
deleted: 4/9/1b8936b8d3bf8618d1c0cd31c32a0b-5003384.o
deleted: c/0/4dc17674acb3c914e31466b3a9af3d-4537653.o
deleted: d/6/44995176ca283f082741bee2dc35a6-2639174.o
deleted: a/5/830ae1975cfd1fee0075fcb8920cdb-5089641.o
deleted: f/4/c9eaf5593746273081eb9cbdb56215-4880355.o
deleted: f/a/c08d80ec39016b0eefd6fb83c24dcf-4967163.o
deleted: e/2/4ce1380d069a4981917b6454f12497-6141932.o
deleted: 7/8/0fdd3a882a369c8b4c67d0626df50a-4657541.o
deleted: d/b/92dbac0a6ad82dc5e1a4037fe65283-1317602.o
deleted: d/c/25e3e0b50ddf800b0b4f50c2628490-1741545.o
deleted: d/4/b3a7da785a16601c330b307f547beb-5903.manifest
deleted: 5/2/a9f60a8af81600ec9bc51dd468e025-5028790.o
deleted: f/a/684553a1a289819224e85941301b2b-38905.manifest
deleted: f/c/3dddef42563fefd20ed72a3137dc00-4523382.o
deleted: 8/6/3f532797204e5ea7a708c1eb2f07f6-5147807.o
deleted: a/5/a35448d5903f9b9cfbea4dbf67f4ab-3145178.o
deleted: 0/7/fb4f9ab2e48508d69e470cb438b499-4842269.o
deleted: 2/4/402bca2fbca013f067b05613a33a14-4448592.o
deleted: 7/1/56275d6a485c47ac8a678247134c2d-2514.manifest
deleted: 6/a/2733bee9f3a4d95e753b2b1b284795-4874095.o
deleted: 4/8/723f4ceca400217b0a6a40d89a9f26-4523674.o
deleted: 7/b/e6dc444aea5caa5c90bce919ef992d-3834460.o
deleted: 5/3/a8cb16c3b4bcdb9fc04194fee03214-4115.manifest
deleted: 7/9/11e14e6da831793558856621789ed5-4859811.o
deleted: 2/8/3be1ba4364d86b88f9ed405bab65b2-5446802.o
deleted: f/1/9407c3b8c443736d2eff8588f9ff87-4518201.o
deleted: 3/1/0938de930da72c3de3856f74f25c5f-5058495.o
deleted: 7/9/6a4cca71cc1d3af39b13acd3c0b409-3039055.o
deleted: 8/0/ff5e9d80f053f293cf8d47abd8269b-5244849.o
deleted: 8/b/c61bf20c2daff55e3e0f4a62463a93-4930463.o
deleted: d/4/2e10ab6065a6e484ec9aa152bed7c1-1189145.o
deleted: 7/2/7582428b7496cc8c198115bdb23514-33305.manifest
deleted: 7/9/c552c42fe1959363f3a7e5add6bf66-4135.manifest
deleted: a/9/f1265af5b2c1a507e0cc383db0dee5-2496031.o
deleted: 0/3/7a56d7770973aa28deff17d9f25e1e-4846696.o
deleted: 7/6/35ad32cc3cb04110e4856252b60471-15176.manifest
deleted: 9/3/d104eb8f7d9cedba764e207b6c78fb-4988229.o
deleted: 2/d/4150f76c2b6c0cdb01b589dd608165-1908.manifest
deleted: d/4/cbdb5d70a11102a70f9d1cd0012f2c-4972482.o
deleted: 2/4/1cb11c51a829bf07f8ae69937ee877-4521149.o
deleted: f/1/da2497faee9687bb8f9eb1409f96f9-5479480.o
deleted: d/c/c45e7faeeb335ba36bfa6106cd2997-6471.manifest
deleted: d/5/de44f4d761605b8a92444ef04fe29a-2077.manifest
deleted: b/6/a6b5421d6e432535616426bc6e4a0c-4938049.o
deleted: 7/e/7fede26a540f69d8222ac7480b921a-10431.manifest
deleted: b/0/893f4ebc5bccd602c466e4b959899e-4972239.o
deleted: d/7/bc7268ba426aac37789f2409beb91d-101900.manifest
deleted: 6/5/774adc5f78b9b41133336f9ff75b5e-4537748.o
deleted: f/4/9a9c220a549adc0867786530b54ff1-4520621.o
deleted: d/c/f2139042f58a4c96ed8682258ff345-3568.manifest
deleted: 5/8/3c7b0eec3bbd77f9eabb7b09133cd6-4973772.o
deleted: 2/9/209ff738cbff698b4fbe156fad92e8-4931589.o
deleted: e/6/6c9d18ffceeadeecefc14cd0c24641-4612263.o
deleted: e/f/bfa32783a343b9b8abdb5ffce3aa5d-4595539.o
deleted: 3/d/df47e8ca6eebb7fcd54a4404119d84-4465368.o
deleted: 0/2/ca1f20e4adb2dfff3166b32bae3eef-4896331.o
deleted: 3/2/b8e57bdf12125e3cbb21fca7320d02-5858440.o
deleted: d/1/7a97d42d1413278f89d09fb713982c-3030297.o
deleted: 7/c/bc6e22cd4277c1c6320cd1150421ff-14156.manifest
deleted: e/5/9f447a5f2473ba00cd8397229c7d7a-4529675.o
ccache cache size is 206Mb.
Uploading cache ccache...