SHA for cache folders (/tmp/ccache_dir) is '133ed9e24f7e623aac70e0900e237805d692e3d4592df56303b6cf492bb16a85'
Cache ccache has changed!
List of changes for cache folders (/tmp/ccache_dir):
modified: c/c/410uvoqqjr3o6is2if4o4iged8ecjm8R
created: 7/f/45cpju3j4fsdb5c74nlq0iuvmumoldkM
created: 6/8/f8i2dlrga2jsho1tm06h9ef8vgi7sdoM
created: f/9/07c5q5fui8dnjl0ja55mg6dcfcb5enmM
created: 1/7/e6uq2iji66f2uk4m1tpviqpb953hd92M
created: 9/8/b46u7ki6uia55uc3juvlkp8oqnt128aM
created: a/9/0bgrb53ihcjsgj5f12hltts1bn4ds5cM
created: a/9/4cphovkbjnl917p18j8mkhkjnqf6cc8M
created: 5/4/4bkt4m15771fe759ui1sa88k3eg98osM
modified: 0/f/stats
modified: b/4/bb6ormhacu7521kkvkgtun8td2esg30R
modified: 8/9/77tlll2215stnksrpukqegc1c76f5f0R
created: a/0/0d93r7g0lrk8283essb70jiigksrm78M
created: 6/e/28ovcnuo7219qf0lan3i1s1ctuieu56M
modified: e/0/stats
created: e/6/d5iu7hr18dkcvfs74vhu68ncjt7h7qaM
created: e/b/79equiv90tqouqecvs65llqmhvv7rcoM
created: 3/3/8avjpmj8vu9au1e6r6h3d679k8bohloM
modified: 6/2/stats
modified: 7/0/dcsb93f6tnkbk8o7b3i3nlrf4sg5vfkR
modified: 0/1/stats
modified: 5/9/stats
created: a/8/89i4os7gj42lvb3ha0j4lqo7a8957uuM
created: c/3/580clkg6j0id2urnd8583gopb86dfp0M
created: 4/6/6bjvj5905g8d1trp8kjrm9r71he8krcM
created: e/8/8fspo0c51ood2b9do2bdu81t92kkp8aM
created: 4/7/f76kqlj371cdqab9ng46nk3is9p5k3mM
modified: 6/d/stats
modified: a/6/stats
created: e/3/35kikmj4b1j6vor914nnsdieufld684M
modified: 5/b/102niv265aoq09dvrmhamjv7a8k3d98R
created: 6/9/3dn3l5jp8ev3gd7c7bj1vfvv8u487n0M
created: 1/8/1c30dmi533dppf7k4ppb0u0kojutng0M
created: 5/5/80dgvbdsbpuij2g0tn2akcgj57orcv6M
created: f/7/0bmpqmqhejk63mhd9lrm5a3c4vcg0m8M
created: 0/b/81u2qgcfgv9ik14m4a10smejjbqen2gM
created: 3/a/c16813ad22ao5m02fahi16bj5gc44q0M
modified: 5/5/7460cvlm7u5dsisaebigkou6h2er54gR
created: 9/5/2430qun8voj62lq8psaefc3olc43dieM
modified: c/a/054ackngm9nh74r0qfoftqsm96hj2heR
created: b/0/15qvbd5rimtao4gkdqks7ae4i0kc7mqM
modified: c/6/44sj2910bsk58jv0ms402gmfsnk72raR
created: c/9/b99n4ssp2hm0musso9kbhq9l932ebauM
modified: 2/stats
created: 9/4/230bpql5ptdtj4ao0h6t5eoko461dt0M
created: 9/b/5ch7n6vufds0jfcghrshi1ibtcfmj1eM
modified: 6/1/stats
modified: 5/0/stats
created: 9/2/85e1q2cl7k6v0diu00dbs89s18fejpaM
created: 0/1/0fp2prqvft0qs96bsc0t04hg2999to2M
modified: 7/5/811o9usstsev3taatfo1oerelrf72p2R
created: 9/4/cd7o0h5rtghg9efqpg0akfi5qh6gt3gM
created: a/e/6a8ejuf85m0jj8hrp6564dvbuv5isbgM
created: 6/3/03hpb0nl6e4hi4jh2845q0jb9egjsagM
created: b/4/93ercdbu5ka67i5n65afksus62sk5baM
created: b/7/f6mcpacqjissgi6pb3843o3s7ahkrlgM
created: d/c/8ano0e7tju4ivgou01p8o4ddhpqjh70M
created: a/8/3bkmboor6ru99aqcb6rjmhncauc1vc0M
created: c/e/e7gu0vhslod9ba2vev6s79t8llo0l4cM
modified: c/stats
modified: f/e/stats
modified: 2/3/stats
modified: a/b/stats
modified: b/9/7e8jh87qfn64qtrjh6v4h7fv7f0ecdoR
modified: 1/0/stats
created: 3/9/46nll6hve5rqvkk90vkun381ie31l7uM
created: 5/2/1d4t6npktnt98ct43q588unvfsje0s8M
created: a/a/7dlqdqlkk88o81bhtr90c1sbq14proiM
created: 6/0/b7odh0mub72j1vi2g8ie2mtek7kecpcM
created: 6/e/95ioh8etq40lqus19ak8g0lcellr20gM
created: 0/0/48otvhkn3ockeinbp2r9fum2v6sugisM
created: 1/4/6bsa2bmu4r69hi9si5lfubnoi7k14aoM
modified: 4/4/stats
created: f/3/749vjdqpeuoudsbjnn8ari6ig2r9lsqM
created: 6/2/105v1lq290m9r8mv611au438hn7fheiM
modified: b/0/53a041lqfmcbo16dhgrckqf33ilehicR
modified: d/9/stats
created: a/6/58atpl7aguts9u88dblvhbndl3b2elsM
created: f/6/421vcn131lt18qq0htqmn4bti3inslaM
created: 3/3/9f3n8kggrfh3b3a7r7sg4jegikbvri0M
modified: 5/1/b27b9541loi6pt5klrn2528tbajgoaeR
created: b/8/9bpm9ibjqg5f6n9lsdkie87kq9tvsioM
created: c/5/9cgle6h7amgfs0rmi6vctofvaimfu7eM
modified: 1/4/stats
created: 3/0/00j2ok0tt04ha697scsvhi1hsu1ckkiM
created: a/3/399ekd7hi7af6k3jpfuc4p4f8554dqsM
created: 3/1/57uhm9ea357fel8k44nqhcoijbige96M
created: 4/c/42ol02f0bvtf6kf9mq5lh3uu91m1ge2M
created: 7/e/0er6e3comvki70h0u64hqmfeoobuij6M
modified: 9/a/stats
modified: c/4/9d6pbajdijug5035b5qamksohoe1ru2R
created: c/6/6avfgbr9o84gesk8g3p74ta1lrfvk84M
created: e/0/fcptj2eg6p9df29a0b8pk6mhoa7u6ssM
created: b/1/e5d4d27an76ptft7ro5776mch40reaiR
created: d/9/eei87nc7a293uepvao4fkv1594531uiM
modified: e/a/stats
created: 0/6/85gd6u0gb3fpnd0060i3mts0pn1914mM
modified: 5/3/d7l3hk2535fb647rm495dmt56spb3veR
modified: c/b/easjg945j8redhplfjo64hdeve5k14cR
created: 4/7/43nfr6aeh8adrpmmi28njv8cf52plqgM
modified: 7/3/stats
created: 0/2/8evf45l9pho8bh9pd7ahn5t85srn9h4M
modified: 9/0/stats
created: 3/8/f81jq2digg6899vrqqitot46oh6luacM
created: c/a/a5oe0u1vr71fqn0qgdp4omtocnevojsM
modified: d/0/stats
created: f/2/bd089gvdmuic2qf58rcfede1180pe08M
created: 8/4/2aksunn89ekfbgkhvu7vorni8j2k58oM
created: 6/e/15ifseh3091nchk2g7tgvqtijjolcjkM
created: 0/6/3ecf2pbj7i7rsasicdfmsfphr40ohdqM
modified: 7/f/stats
created: b/c/8bh2n9if00iaeqnsd9s1deev6ri2rcsM
modified: 6/4/stats
modified: 7/8/stats
created: e/6/d638qlfl9navq4i4lpo7nqgjph9so16M
modified: 5/b/21t88v7svbeborco2tbl69jfqqbt0g4R
modified: 5/6/stats
modified: b/a/stats
created: b/c/b61bb0ko538mfn40f4sqpa7r00r68p4M
created: 6/8/61uies6dc05hnhllhmjdrq1hlkrt1kgM
modified: 1/6/stats
created: 4/5/d13f5adtujrkbom8l1odbj0q83hj47oR
created: 6/3/06vc7eag9174qdcg8h1acs8pmaepi12M
created: 9/1/b9nt9v5654vl1hqao43279v9qunjvv4M
modified: a/2/stats
modified: 7/6/stats
modified: 0/3/stats
created: e/0/83vnqgsm186u5h3sk8argiidcmdafjiM
modified: 7/1/stats
created: f/b/aaotg38ahv5s86mb8jp5unac1dnirokM
created: 2/4/d3gcfmbk7spfubja21kkdpts90j043qM
created: 2/d/e3a01bi864gp5t1s9ulv4kofj4rasjmM
modified: 4/8/stats
created: 8/1/cdjb9iit3kfcprufo7r4mqjb3gcadt4M
modified: c/a/86a2m4lt6gcd14bctc98lp2hgue43qsR
created: e/c/b9onk4k7ke63gdoojhgi647h98ib5roM
modified: 3/stats
modified: 8/7/ebr5e0avdv87spvrsrtka1ksjrpj5fmR
modified: b/1/a0qd01jji15jtpnfjc5t6qc9t2pe4l6R
created: 5/7/feufm00m40oreaptd2jlf443a0tmekaM
created: f/f/cbomn4v7vgphq7dhjmgf0dednh828qoM
created: e/8/d17be0ehuf2drfpu9oq36sfueijs8l8M
created: 2/6/06brfbi3no7k17ub2ks2m4j1lvbqtguM
created: b/1/a5hircqmjk2irgu1934lf8buv59ofveM
modified: b/8/stats
created: 0/e/b3jupgi3k68cgbsd4eciclkibn97id6M
created: 1/f/09a1dt6vd0dkist2mcsslg2a5cmgd0eM
modified: 2/4/stats
created: 6/e/e0ll1mu008s6330gup7c901lnhuvcqgM
modified: c/3/f201jq402nq8mlq4jtbosgulmumn9gqM
modified: c/8/stats
created: 0/f/3avsspn6qs6mkt7gbuudjs9k2ie42qaM
modified: 4/2/60fepcvqhadhdr9mupkh6sb94eqimqaR
created: 9/2/dct8v7idpp6r81kks9p4p2r04ocfhtcM
created: d/d/131nf75gchme8afb60rsvl84n8sepqgM
created: 0/8/18rjo19q9rrvmh9kgm9u1u3uonupvvkM
created: 7/f/d96lt1gtfsf6hgmmrv1n5508npcbt38M
modified: 6/b/stats
created: b/9/e9se7omnsr5ad6u2e9qaqc0lgg05f6sM
modified: c/a/stats
modified: c/d/72jva50vhj5r23uj1o2gudcjihiqmmkR
created: c/f/e0e00dt0fc1hep79j844138pdkgl6bmR
created: 0/6/4fj63i77smea5nno0lnf9a264tpr0s4M
modified: 2/c/stats
created: 4/e/d5sm1nek2q3nhc8dl0pf8l5g5b6e6keM
modified: 7/0/669vbau91u431d8kvhemuip3dtd1gk6R
modified: 7/4/stats
created: 3/f/bd70iqpk64lui1bdcurur4adlhqieq4M
modified: 4/3/stats
created: b/5/797ikqjoj5kct5jo6fejb94ed0cdlu2M
modified: c/d/stats
created: 1/5/c411gtebijq7hp9tq4r1080l8vcogqgM
created: 5/f/31kbk8mu3ug81p1h1g8122h7oagu95eM
modified: 8/stats
created: 2/c/49eqa0uibqj26k5089reg2fr69i2rjgM
created: 8/a/cbsr8ntmgepkgnptiu9mpvppfs6rl2uR
modified: c/7/b29h1tar5cn2h6pp84d2o2an6euk566R
modified: 1/e/stats
created: 5/7/62ksmrlrb7vuua0s2lhgujadh0jg7riM
modified: 4/7/a488a9874v15blf17fsoc7p24t315tuR
modified: 9/4/stats
created: f/e/88itkt09e8qicpel832e32u1anubnv4M
created: 0/f/31d76pc6rfka6fkvc6c2g3f58fjp3joM
modified: d/8/stats
created: 3/7/35u1d0jjv6tkogseb4dck07jh119i9qM
created: b/9/34838hs5j96m3c41p06mad2kuk80kecM
created: 1/a/076jkad03n7o9ak9lk97bjek8tac1t6M
created: 1/d/2cm81ijd9d2cuj1au3ud7psdq5nfmn8M
created: 5/8/a9tmqhtu99fosskjuca95g1d2o9ae0qM
created: 9/1/c2nk2le10aa0hu2l0ib43vhap21q3jsM
created: c/f/58021ujseoheqhq38vv63clnl6fcbdgM
created: 7/9/9em54dmm40522grsgf5lh9jg8js3i9cM
created: 9/4/3bcrd50lo49949uuk1u3t5rdipqfgi8M
modified: 1/f/stats
created: 2/0/4a142v7725hhb03kddncvq4k6t6ik46M
modified: 2/5/stats
modified: b/8/01d36l63kohnpo0qo9rs2tcu2ngac22R
created: c/b/de6nj4bnfslet9naaig81lpnj7i208aM
created: 9/b/484ov50dphos76ee311p8mcdhsg22qqM
modified: c/8/a61lbebhrle866hdah050sj1rmteeksR
modified: c/3/stats
created: f/2/b1pbbj6679l4n0kam133tcb23r8p2tkM
modified: f/9/stats
created: 7/7/57pioh2el1bqpth09l4g1cc8kel9b1eM
created: d/d/576q0nr5a3fcnrbdf943u2n1gp3ooj8M
created: d/d/d8iuim85ujnjokb6e9ebr6fpg49055gM
modified: 7/9/stats
created: 8/1/bc6ri7gmousr9p0hgdk6up9shb7htoaM
created: 9/3/06gfleo0thlakblgna9c7a9vk5dg2dqM
modified: b/f/stats
modified: f/8/stats
modified: 5/1/eaodlttbgviknnnavs6mtrimq8nf230M
created: 7/1/2dfn8i611l89d9lhvfm6t1qtfs9hvr0M
created: a/6/72qlkrrdp8hagq90moqd31sqo7fg8a4M
created: b/1/73ugcbrdsj11k8sg9l3qlo44cnqnivqM
modified: e/e/stats
modified: 0/a/stats
created: e/5/8dvbevutom9bkh6qvi6kv25ko5v9v9uM
created: c/0/eb6gbphg45ie6d8b60bjunf9od32eh6M
created: d/8/cbma784vhf45ps1n4h9m3rlo44jufngM
modified: d/3/stats
created: 1/e/c0m22qr2bm40p6j3j5fo30cfajd741iM
created: 7/0/cem34vp7sv8f8scbqlt6q63tm1qig12M
modified: c/9/0elk7cad7ic67oucbckp6iuv3qd1iaiR
created: 0/e/34kc0n5vbeug69m0j8k6ftfokdl5nvaM
modified: e/1/stats
modified: 2/6/stats
created: f/2/6a03ouq0ej93pek535060sgh8llcse6M
modified: 4/stats
created: 4/4/75q68i84jherr60sdkuhdudj8bbt75mM
modified: 0/2/stats
modified: 4/1/stats
created: 5/5/72hdj8j3f7qhh7qvhjb2rvpch7hmc6kM
created: 1/d/c5n2l0bsiu8cbe6dbqhaf35o4usjrrkM
created: 9/f/d9n9i70bmhjvno2tu6ve41hsqlbqeriM
created: 1/e/082vj164ga1rlq9i4sq28fs2q0fg9qeM
modified: 2/8/stats
created: 3/4/51t6vrussibehllo034gslpq4mic56qM
created: 3/b/f7fm40nhjg5ig9qrtl1ebmbfp3drctqM
created: 8/1/b11g0s0m2q8nvls9aje7eqmt4ebltg6M
modified: 9/stats
created: a/a/00mq6p1np9u6psigl4mic3tmpi1d2hkM
modified: 4/5/39dld2tmnorl5vjaf00k2n5p7v4kjkoR
created: 5/8/db682m1u7d7j8n980tkbiv7njplo9bgM
created: 3/1/93cifn2mvdr8mgkm0vgfi9e8kkfmf3oM
created: 5/4/fak05jvsh0s2b581pboiqdvpqipdracM
modified: c/6/4e18d2o7mkh1rtjt06t1ftese05qmpoM
modified: 4/9/stats
created: 9/2/daqlf2u2t63l2ln4njs7cifqj20duluM
modified: a/stats
created: d/6/6dva2gr0a6oq70n83etjikld103g8j4M
modified: f/4/stats
created: 2/9/e9ubngl07k45ermqqh55hvcg6nccle8M
modified: c/7/b0pu0hh42nmgkvh58vfl4r6no7g93ooR
created: f/4/f3ri0i2b1q2slthbmsr5ka17oc1nljqM
created: a/d/a715e2nefsbne220jr5pe2anm6knuesM
created: a/f/5c6mbbt66l3on6anee8l3eftrqgs0miM
modified: c/9/stats
modified: 5/7/13tj9lvou67evm35s1u1iogcnpd9aemR
created: 5/f/9ar09skjpnklbng6ivg13jnl9ac088uM
created: a/4/105t9676v11sa2hc7os0j67bnjurimcM
created: 4/a/3daavkg87tup6g19uo44ffsvl6i4t64M
modified: c/f/stats
created: f/8/11smkmlseulmu0rlqe3cplf19mg07b2M
created: 2/b/7766fsmes68s0h65on01b2p0eu2f87mM
modified: 5/c/a6kvcii1g3c1sj6vr3vtjorekg2sacmR
created: 4/7/fdg7qo7sm4op14h9rdisihq4u5uiqhuM
created: d/3/92018k7ftdv5covbnt62qqscooee7l4M
modified: d/f/stats
modified: 0/9/stats
created: 4/a/101rr7epe77i0ohc6o439cgsra3q7foM
created: 7/b/3bpkndb32q5tf9v7nfj2lv27vka09caM
created: 1/a/59ipj7re1e8tcjlsqujhtnsoqlub04qM
created: 7/b/fckfk1i6ur5a3nrvhs2dpecog7ri8eqM
modified: c/4/stats
modified: 1/1/stats
modified: 7/2/stats
created: 2/5/78p1mr4r0vueqssdi9dccdaheekmtkcM
modified: 6/6/stats
created: f/d/ef46jlepvp4lopr1jbpkqmfti8kbi8gM
modified: 1/7/stats
modified: 3/9/stats
created: f/e/74sdtokngfpin5gtgeh4hsfiih2m0gsM
modified: 5/7/stats
modified: d/e/stats
created: a/4/2en6u5mug052dmtm0u38serb7t0b0dgM
created: b/8/cc3asgpirhmjrj0d70rar9pbkk8i2faM
modified: d/2/stats
created: 4/2/1ccbr5ut4l890aaeek7ncv7rjceqmsoM
modified: 5/2/5a3i8h92ds0tdutmvn296r931mqjgqqR
created: e/1/748q06e055tf481j83999f50pedhetoM
modified: 2/0/stats
created: 5/7/3anurcqcsjgf8j0t4sa3k708bb6j6tsM
created: 7/d/78a2sqhlajm3j5osq5dmglko0mg6fnsM
created: d/c/dervlkhipsniu94lklhlc17r12kupkeM
modified: 2/9/stats
created: 7/f/eceofvf57l6cmam3knhei32v3ppb8osM
created: 8/3/02ei6q8puo1oovgtgunh9idncdei8caM
modified: 8/4/stats
created: 8/5/902n6sa1c46gublthan1lm4c24h3ghgM
created: a/9/b175m6dfauoddjmfn3kbdpmv0upkvn0M
created: c/b/87rvp75a9g5dosu6ih2mjhudbj7fm4sM
modified: 5/2/stats
created: a/2/c8j5f6u058ote08nv38tjbg4dik4gp4M
created: a/3/048dpmn007i5ubu7m2367amgps0bo0eM
created: e/8/bcvrtahhblt5jh2moldfm2khlog7it6M
created: 1/c/00ar82a56211mra7099drorq4ptrkfeM
modified: b/0/stats
created: e/d/2dr7efhaoujhoi328gk4p6lkm77iefoM
modified: 9/5/stats
modified: c/2/stats
modified: 3/1/stats
created: 3/e/6b057fernebtvfjfpifvcodqj33hhbiM
created: a/6/9a4olqbdk32305t3o6jrbma33tbt3lsM
created: 4/7/41h7tq3eut2ln0d24tipl7j8g2c2brmM
modified: 5/4/a686i11cg05031ud1gb12m8tk5jmareR
modified: c/1/ee01fv42nmgvahuebnl6lu4c9vr2er8M
created: 1/c/cejisu0c17u818motvfafmsmigsafq0M
created: 3/1/94ifud61co6tacln94m0kl21nm2ttnuM
created: e/a/3apt1s0cu8g96qbnkkg6d6fci3gu64iM
created: f/0/53li5d45das6o31v5ru6k0dlq16ibbaM
created: b/7/c6jn717q063dcgp1676c3jni6g9ttf6M
created: d/a/4a1jms4c9e3d0kaprldnjrsec7ihtuoM
created: 4/6/3eskmkrist16omlvd94bnl5kk1dndacM
modified: 7/d/stats
modified: 9/2/stats
created: f/1/bffoj86qr1um6uk4ou9abnbbgmd4ba2M
modified: f/0/stats
created: 9/3/79uhtt0lb5cr4oslvnju0im4oc9l39gM
created: c/b/7evbk305gluc01n2036ag8n1h7clu4sM
modified: f/f/stats
modified: 3/b/stats
modified: 8/8/93e6sjtvsrh7d7mrdpd855787act840R
modified: a/a/stats
created: 4/c/ebg43jjladup9oa8gu7nl64i3kbmbn0M
created: d/9/81jsle7j9iadke4jjkc8bbe2cgae5s2M
created: f/c/069tc6o84a9k1bjaheepprqug9ei466M
created: 7/6/59mfvjeuc2u8toknjfat1e16r6vavpcM
modified: b/7/stats
modified: f/7/stats
modified: 1/8/stats
created: 5/9/82mb0md7tkll45cdbp6ma4maiomrn80M
created: 6/7/c6uu7p24q5djtfnpbv44k6ccflfqtesM
created: 2/8/28vmfe0m265de36418dcijho8bsq1qkM
modified: a/5/stats
created: 1/8/bd49mndo8liebfgufqahom29ph5hqlaM
created: e/2/1dbf7201bntpb1n1pt8qdd7erjjoflsM
created: 1/1/d9q1stiaanurpcgae8imf1jgre4o79uM
created: e/f/7bodgc2fplq43efpj2c7oirvbgkojauM
modified: 1/d/stats
created: a/b/64od8g7488256klud8qq4b9vhrhv6riM
created: c/4/bcl85t88ud5c93j93f9hfs5hn0l974sM
created: b/b/bfmtsgnndnasg09g4i0d2rohrbq79s2M
created: d/f/72qqumn6jeeag3qtmuon49jr420hoseM
modified: 4/7/stats
created: 2/1/1bsae2u67km0fq57tmon0l67pt5lfk2M
modified: 5/3/b5dl40de0oid4hflqi1g3m5qkhn21vkR
created: 5/b/dfpo4o267u92shojq3b38kpdih1ku36M
created: 6/0/95keqh5mg6qub8safe2i2vlhuuho6f2M
modified: 1/2/stats
created: e/9/9ekdnvpeltpqe6o8dusdahmf55g4a82M
modified: 7/stats
created: e/3/a434f53jr2kk0dd8pv0me65io1dphqsM
modified: d/7/stats
created: a/e/cad5tlqrg227nboteoucnjhmdnh5692M
created: 3/3/45qaskie1inu7p0oj7knu82e3crs0g8M
modified: b/4/b8kcb8ogsrf91ed7hg6mqepb9i0viqiR
modified: e/7/stats
created: 4/e/21bvcq8np2kou06m9e00tqfkpk5fqcqM
created: 6/9/790iqv353006fbcoerca84g62ajt19cM
modified: c/a/fctr82teucui8pkj4cre48dld7clj9cR
created: d/a/97bfcj1pibc0mcludvkh2qv3d9j43raM
created: 2/5/8c8q8amijk1cqkqj93vo0pqe016koe4M
modified: 5/stats
modified: 9/6/stats
modified: f/c/stats
created: 7/9/e8j9u08g71uh2m5nenfsojam6epj1vcM
modified: 0/0/stats
created: 2/1/8depau7r535kvgkdqt56a0tfn1v66f2M
modified: 2/d/stats
created: 1/5/2794i55icg6u55cb8uk0187v38thagqM
created: 4/7/654krfeta974jd82et4si2q94i6cjsgM
modified: 6/8/stats
created: 0/f/5at7kvr9o83c1f736h4f1fs0no08o1eM
created: 9/7/cdd3e0hkdf55fk3dt4ketb3sg17jslcM
created: e/a/b9qkrbljgbkh5hv4e24vpav4ad89jucM
created: 3/b/e5agdoom0fhcjon2oe45alqqu1lqqp8M
created: c/c/dekfvoof34v6ib42ehe8a4ddn81v89gM
created: 2/e/91lor2kp5f2hjlm6umt1lmfb9ripjpaM
created: 8/c/f2cpv2sl7hcbn1n9vgkgkafsuo89bfkM
created: c/7/72m5htpabt0541umdpt2mr19r9svquoM
modified: b/4/stats
modified: b/2/stats
created: 9/a/3bm354g4of0s4ogsdlsn25b2b27oq3gM
modified: c/6/stats
created: 5/c/dbuj94ml3rmu0o8t7fkganbm0v6vqtgM
created: c/8/1852407judlv2iicdehlvhp8l733u06M
created: f/1/8ek6dv4k9bps3hbaqv7uv3etdr4d2icM
created: f/3/82mvt1fsc02a1ho9vvc0vk16nh5dhseM
created: 6/4/c9604qb82mq9sl8qstom9gkb99i4uskM
created: 6/c/31i2ihumth82846ia6c2k41m8if6areM
created: a/4/fcg4iqlqa5masdf7a81vgli430ujmosM
created: 2/3/4a259v0treu21qgm110135g5ulss3p4M
created: b/2/16ak8etibf32ehd3loihgger5eaa79oM
created: 0/4/fbire15rafll29b6keb5o2is4harrmsM
modified: 4/3/86vjuf3v38n73enuah5vs0dia7tlmlkR
created: 0/b/95utj32snraim2obekll2p6rqq1mbo0M
created: 4/f/1aeibsgd8a93bl8b9ns7q3nra4uui5aM
created: d/d/1bui47mp002ot9s3m1d2do3degv2dkaM
created: 6/f/5cja7j02k19atinavvkk8pf9a7mstqgM
modified: 7/0/38varddsbg960ksp3b89ffbarsgv71qR
modified: 8/0/542rer22otakocrst4susvp7b33eou8R
created: 5/e/838vk1l16ok72sj1idpo3o4j01bmussM
modified: 8/f/stats
created: 9/9/2c2spa6ocb0fe25k17ppulgptupkqnsM
created: 7/6/6c0tjl9rsk43pom4uc9hrma1vbnu8pkM
created: d/7/c020m9g0ltaqfs30ufci31jidon7qs8M
modified: 5/0/acneb4g2m6hqkt9q2sps2d5is89cv5kR
created: 5/3/d9e2f6tktpllr1hbestpd7lj0uhtc96M
created: f/7/3399v7q6j6usn4j4dgpcmu5233m50u0M
created: 3/4/99v6hl0h98dgeh8lo3pqslemvj3ds2mM
modified: 5/e/stats
modified: c/c/66hesl6i23460ffti2pkcov6hs2m208R
modified: c/c/81cn48dmjmi5s56qq7ee8q6ejs9cmkuM
created: c/e/c0el0s06hi8knphvlb55srhp29glk6oM
created: 0/6/b8bmq8qss5gb92cimmt5p73nuepmvgkM
modified: 0/d/stats
created: 6/5/b72ejo7vh9t3v757p2llq4tmmh4063cM
modified: 6/f/stats
created: 9/0/0fe0urqq9311b78o4utp34fp459h1h2M
modified: c/f/efiq2mbfsndbhpgt9ho4dc289haam6sR
created: 4/8/d7n08t8tvesg4t35p82cun16siefbdgM
created: 5/b/52g3hi0tqvm5uakrq593pncdfq5keukM
modified: b/c/stats
modified: 2/b/stats
modified: 5/1/stats
modified: 5/3/stats
created: 7/8/81bsl7d6vs3a765susdfvcjqvftuqrmM
modified: 7/5/eamru4vv7m11f2tkjnlhtidnuhquu7aR
modified: c/b/fb0eatvnqquqr10hg1r6d1dlgo5q8n6R
created: e/1/36gkcnbbmf5he4tnb56tegk2pe11tu6M
created: 1/8/fcs7bemb54garfrcm497qbch2fdpek2M
modified: 8/2/stats
modified: a/c/stats
created: d/d/61607bi31lrcsl305vioueqakbdnqq8M
modified: 0/stats
modified: 7/9/d27vtc1olaspgihde02spl2s24np87cR
created: f/9/d4kbrfva6ufv1fdjr4pu6ouotpukqluM
created: 2/f/cc8vlre10li88u58iti18n11f593pr6M
created: f/a/20lhjoi60cbhosvvsdrbi2butvq31vmM
created: f/5/a5dfsee3cioh7e0grsa24i2mp3k8o98M
created: a/5/73qaq3ffsklj3e9omrm5kchqfdk7d4cM
modified: 1/a/stats
created: 5/1/15njafjli72lj38s7jbaeuspomtivqeM
modified: 5/a/68ba1jc2eu5r2levcsu4t3fresg5iceR
created: 4/e/d3ouf55fvet8m4ukavmq5jk3fipkuroM
modified: 5/b/59seahs3m9lf9fkvmoojstl44ejksf6R
created: 9/0/d5u3s6649j4ljcu40f7cp64gtbfssv2M
modified: 8/b/e5e6qms04t6krll2sfisp4t36f60f62R
modified: a/4/stats
modified: 5/5/b5m6u2c35dpn4mbgdnr3uk43075ubquM
modified: 6/e/stats
modified: 5/1/6cnuchqcirdu80mp18qotn37iim50q6M
modified: 7/1/d6j2kv9msdb26umsdhqa109gnpjlgpiR
modified: 8/0/0clu1q25q0njmnj5pno2gdjp774hqveR
modified: f/a/stats
modified: 5/3/fe851aj5r03sah3pce0cgii59lq3l0aR
created: b/c/9frvovu8rku6qqnankekt35grgf67s0M
created: c/7/ac942iqu76f0h76gtdf8peusocpbncsM
created: 1/0/7bgurmo71ht8ooaoqc1plp7jq5djhn4M
created: 4/7/dd1udlsctceu81gnnembqvragshmtukM
created: b/2/90gpkj23e53p7bqkohvppl7rln5v4p2M
modified: 8/a/1a16pm552ri4orb82d63rbn21ltlv06R
created: 5/7/fdgiud66i5a5o78sapuf3skfuqhkh0cM
modified: 3/a/stats
modified: 8/0/1bfn8q7sc1qgtd3tiedo3mjgq3cq1tuR
created: 1/d/66fagqtqn5q8nft5p3m8qf8t6mjto34M
created: 4/e/8dakhs8aeum500rth55o4irk0lnjseoM
created: 9/a/30bp514glomm94qu37i8epp7le1qo88M
created: a/9/50006rdbho44ari6lqtbnv1dhdce1m6M
modified: b/stats
modified: 0/7/stats
created: 0/b/50okvsv3ig46h7vai3njduig0dnn0moM
modified: d/5/stats
created: 4/9/d9217oul3eh96l0t2edndbcf9rb0r0kM
created: 9/d/57akjdg7s8erdafd9rsktss09bj56qoM
created: e/b/569elfg881v6ocva77ahi48codt4r0uM
created: 4/0/d0vnppcq4atiif8uqdpo4jledsi6r0mM
created: 1/c/9d3s5v3infu40j0k4086u843p91cqqsM
created: 0/5/a60tuduo7dg4uijsf1tlihvta09upjiM
modified: 6/0/stats
modified: 9/9/stats
created: d/9/2dsifhmrg5dchmjlrk4gplcj7bcn7rkM
created: 1/4/39lc11mrfkns6kq632e9amded11t9t8M
created: 5/c/e713ju8r1k4qbcv6gdjakk4un8a81csM
modified: b/b/stats
created: d/3/93qqs7kki8bnbjm2hrhjsiajs9cjtb8M
created: 7/9/a0je6mr9dkvjjiqnf4eidpnpplndbimM
modified: b/a/4a30tkdaptdedarhqsplmj4hfnaslaaR
created: 5/c/7f0ti3ijfji0ihlrfkr2fpjfnd5t94sM
created: 7/d/ad99remt3r1tub1bqaauq6v0p4mj71kM
created: 0/8/cdj23pegjtt6sqeqt2adb69vcadm1e6M
modified: 1/stats
modified: 5/a/stats
modified: f/2/stats
modified: b/4/b4n5r010f9k4o3okpa851ur38bcnobiR
created: a/a/b44b45a1j0harrs8v97p7cksjmcte3sM
created: b/4/abg2sb388flp5ut231j4ugkv3pkiafsM
created: 2/b/7agr0ctpfuujq7aqkbi8esdlcntrha8M
modified: 8/5/d8o6h1u3iue96de8v01e99ctl6eedb0R
created: e/5/719dcfcok22s8ck44a3lpu51uqjva70M
created: 2/5/83n8c74l5vt2jrvql2b07r18146oan8M
created: a/c/7dhc1q4d6pimoi417fkeiflqtepemg2M
modified: c/2/79b3753lvitisgr74j5vi0acprlcor0R
created: 7/c/28cn7mf3hlc9qtanva1vncl704v7sjkM
created: 9/2/37kdpj4kj2d8jp92157qm2v1l0ve7h6M
modified: f/stats
created: 9/e/7csu2hsnjqefbr1pkuvukaqg09em3g0M
created: 8/e/ac0bfp03sthc83jd6un3s02g2482k7iM
modified: a/d/stats
created: 5/9/8ckb2g8tqjmcgpe5s1a1u4kmirvj450M
modified: b/6/stats
modified: e/5/stats
created: 4/5/93trubk728gebffq9d7f3m3dgv4d28mM
modified: 2/a/stats
created: 4/c/b1qoodkfkoceuffn3n2oq5tolvqksqqM
created: 8/f/14h7m7kh2g1n36b1i8am9mgnkpla8l8M
modified: d/1/stats
created: d/6/e9g0nhtpe28qphv207qm2qor67runreM
created: 2/b/4e66vt28u7hb772i07stu9sqqbcjjq2M
created: 7/2/beuh9m4cvhkcnu2konkdp2c1d96m9paM
modified: 3/c/stats
modified: 4/0/stats
modified: c/c/stats
created: 0/f/f7fq58vqead2gu5n0kf6giap5b3c2t2M
created: a/0/fad5d6800svr1o2u4co0sphuhd69acuM
created: e/a/22j5tq6eb55984m23k0e40nmtknsaiaM
modified: 3/d/stats
created: 4/6/7erpr8tb5g45h3s5r6bgq68n2e63uhsM
created: 8/3/fb8pnqes5nj89sbc96i2djlhesj2icqM
modified: d/6/stats
created: 0/0/14acb7l9t9o8bt91lf8pttcge34ko9iM
created: 0/6/c12gdbetql4m3g9e9ghshvivujdfv9uM
created: 2/0/4e8rl3ja9br2lc9ccn1qqfa94nuehkoM
created: 3/2/ecal7tgq18hr4seuns517sj60ojh5u0M
created: 1/a/62dfontmtvijhisja8ddft7bqbtkn22M
modified: 4/a/stats
modified: 8/d/stats
created: a/3/8cm41o7q7ektujeqq0avov3pjfkfurcM
created: a/9/9d2aar22c8oe8ll0p83t6gied6cd4s0M
created: 1/0/23tokgjbjj49gtsskhc0aab7d1bldrsM
created: 1/8/83gllnuapb5slp33i6uc1frptousqroM
created: 0/1/44n35g5qv0qkv15t2vblfk9ok56b3guM
modified: 7/e/stats
created: 0/a/2ede7302cb8omdkciic79e452dvcfq4M
modified: 0/b/stats
created: 5/3/26b0v11tldovdj9r0lf3ddhg52j4bmsM
created: d/c/76fr1bd77og4d1honvskks4be9hvlumM
created: 2/d/66aem4hunaqn0c1581ttjekagol57p0M
created: 6/8/88ussp1rqrddhn2u16l3hdhpq3itn5sM
created: 1/5/5crl5c1silplkf7dqrjtdm2e192lj1eM
created: d/4/a7il0m979e8stupbs80h2s3om56q78aM
created: d/5/50qald4iku716rb5u6eqacb78205h6eM
modified: 5/d/stats
created: 6/e/f88749u655rhof8q7gb2s638pgb6k6oM
created: a/1/fach9vu4f0ohno6ep1mip6s3a6ncf2qM
created: b/2/9emdntj582erps5g7sokdq4pvbo9cuaM
created: 2/0/e1g6kiupn9g87n4gkl0rpo151ceo9qmM
created: 7/4/56brccdp58p0n71jki52nd9qr6g5blqM
created: 4/d/a0qv8kvddrjgn1hrnhjtnauphfknqeuM
modified: a/0/stats
modified: 9/e/stats
created: c/2/eerbag1ii75o1a4jf9e3pf7d65v78euM
modified: e/stats
created: 1/a/d7lcfl6ajm08ktk4ad74f3164g66pfuM
created: f/7/876k0ful8crnnfl41j5ar3pe3v0bao8M
created: 3/3/71pk1j5dm2g2tbopm4fg980ud22q47uM
created: d/9/93745djkaa1shpjr2gbg4i54heg3cokM
created: b/2/da6n4d1ibr1tbtfdvpfm292dvdg7742M
modified: 3/0/stats
created: c/5/246ej96b0bt9ghh3r10jlqbbdotvv88M
created: f/3/acmnhr71meklu36subrncfenuc4oli8M
created: 0/8/eevdsgg0rlvh7t843rcba5rsmo0j8joM
created: 0/d/1a3tvhc3trjvp56far99eudnv8me0q4M
created: 2/b/8dan938n9gm9q3jsphktqb98440136iM
created: a/8/1euedhkfd99t9qrbgkh1eirsa7q3snqM
created: a/8/6esl2in3s8sphm5jle478aiti1qc47oM
modified: b/1/c1tbi9h94tgqcggat5bui7igb326i70R
created: b/a/22277dfeut6an3dtciv2c2g1t1ficjoM
modified: 4/c/stats
modified: 5/6/1fjd2m11b3pvu7utm8c5ge0dc1e3v7aR
created: 5/8/bekmeid75sitbkkmemhuac9n0tk2otuM
created: 9/a/f0uitp5vronbb7c8qt0ldl20qoqash4M
modified: 7/7/07qvqrr3pd8mf8rde24fp5dom7c6d5sR
modified: 1/b/stats
created: 7/6/22lgr1g6r4iq48s0dnbhormbeadehgaM
created: a/a/70lpidim7hhenrqk0udccequ6oh5nioM
modified: 1/c/stats
created: 6/1/2arfdk951ul3m59igu8meqmhgn2mmvaM
modified: 8/0/stats
created: 4/2/8d1ll1n5g45qqc0hcsts7qp0r1h5soeM
created: 5/d/7ctovv6rrgqa5090a25fgo7c7m3k8fqM
created: a/1/f8tqrqdork8006etkibpclea7giuj98M
modified: e/b/stats
modified: 8/f/f5s7g40n6or24f6gif3kmmu52lqmrs8R
created: a/1/d85dm3jomfviudn37oh31onauphcd16M
modified: 3/6/stats
modified: 5/4/b2lnas6hf7krvr2vgm4b3tc1d9nnvheR
modified: e/d/stats
modified: c/b/1ej8bkh5od06n7vpd2jeu72vhdbpu3mR
modified: f/3/stats
created: 5/2/b5atvp7jhb3eagbjhs6cvln3t9u9ua4M
created: 7/e/e72ai90lmf40377abrtgnkq5s9vl1uqM
created: 4/8/07takhjpbn11hm3ui3o2b0i94p9uciaM
modified: 5/2/e0gneaqcr0r07qb5421fvohoqvgfibqR
modified: 6/stats
modified: 7/0/7c1694a9sr495r8jf9q73jjpkjc25h0R
modified: 7/2/ecdi04ovei770uhtnkb0f6f6e53q0h4R
created: 0/c/42nqubdnqucoda5t7l1rk2emoh0ier8M
modified: 4/b/f74gp5qa21ko5qiupkmpndcr2fecrnkR
created: e/b/eacjo5b64igugnjqhi9tl9amuia8hiuM
created: 2/7/fb1eecult96d9snsvbjmtjv3hd2ovvqM
modified: d/b/stats
created: 0/0/cb6c8qoheoj42vd25mvkvadjqpnegleM
created: 3/2/498tra46i2r20141gpq1oq5mgvfv4pqM
created: 4/b/95da3aajrr564j6agc13j0ejrm17fpuM
modified: 6/3/stats
modified: 6/7/stats
modified: a/8/stats
created: f/d/3ergqfk5gea9c3iipukjjg73kjbhijcM
created: 8/2/a14qqqf3c7t4kgu7re6fvrqa4ldrtf8M
modified: 8/e/stats
created: 2/9/ff9av98mpkvg7usf1pfk3blgd6jucj0M
modified: 5/d/561h4al26skrcocd4fbibnf2534veesR
modified: 5/5/149ed12bcrem1esebqth1ah9do3v1p2R
created: d/3/c0legm6v4ugv6dv1vghk5a1aj90efieM
created: 1/4/232d9knrp237b0c28geuc26e9vem0tmM
created: 0/6/61a6h6rihshbb5srmp4mskll3a5mjmsM
modified: c/0/90b5igh2krli6qt8btb5pektp6uk7lqM
modified: c/b/73v7vvok9g1dtbnuqodb0vn62sqaso0R
created: c/9/c54oq3b71f60ob53gh8k9es55a8vg7kM
created: b/a/f0ilg20i4agmjt0hmh52ta94128vogaM
modified: c/7/stats
created: 4/7/493ba0pkvmi7ugcnofjebip6tjg0vsoM
created: 4/e/4el132o4e4usfkdkg4bh3gu4dkalh84M
modified: 4/6/f4tsosconcda76vu7ra1nnagr3nerq0R
modified: 6/9/stats
created: 9/0/dc4rea56a9di6dmff69nc1t7r29o0m4M
created: c/a/691ntn7ciemt5bqnrjongmun4kuepceM
modified: 0/e/stats
created: d/e/47n70i6ilfsloeu7glbgqi770k0220mM
created: e/5/533n5isaqdd23apqkfiodku5577ijfqM
created: 1/e/dfultbuk3vent7jmcoeslt9saoopk5sM
created: 5/8/4f3r39uujasmt6i4e1ftgoi6s1m6t0gM
modified: 7/c/stats
modified: b/1/a9asi146m12u24b8lnv0u8sam3181q2R
created: 5/4/18u4uap6nmcl6ct6ipkng41rbfg26l2M
created: f/b/4eo3t4v834hrmeceagnsnpon79g1sqaM
created: b/d/3c5gf3a67lb2pttfj4tcjkrff2mbglaM
created: 3/5/f4vqu2738ajn2fvb3qp6i79otlqiasuM
created: 6/1/2amsfevfs9h8ppakr9tp762ac71vb36M
created: 3/8/790e3g47p0r33riu6e6vifjvnge5g5iM
modified: 9/8/stats
created: d/f/85niv0umecl0rmbf2n1am3rlen62q44M
modified: e/4/stats
created: d/6/90l031fefic0rcfarvleli657seve9eM
modified: d/4/stats
created: e/9/793hcedr43p07mb72nnpjmon6gid808M
created: a/2/9drbt9iso8etmvluls2m0pjoo8dlb3aM
modified: 7/0/stats
created: a/4/d4imnvgdb3svtemu1tl2f1ig18qsgsuM
created: 0/b/601nudejhhp59u3580t5end0jcdrfnoM
modified: 5/c/add11st5f15m33h3duuancjr09i2le8R
created: 9/0/905icl6o697h0v95jj7t64abjmce64gM
modified: 1/3/stats
created: 6/8/9d5t4pkmr61r04qt61c1kb9vv07nlcuM
modified: 7/0/ba7lvs2187f9qatu8b49ffr1rpqmlosR
modified: b/a/2e1hlq590s4ut7d41o2j8n6hr16lne0R
created: 8/c/4fkl3aqif14290gd7bdj3iv736hk4f8M
modified: 5/4/98la3klmt6doop8romhj2hmp9n0i99aR
created: 7/5/a559aulh6ntv2uflgfksegmb7vaotl8M
created: f/d/c5o8pnl5c9ocn3ifnndl4ds4clicm3oM
modified: 3/e/stats
created: 8/e/6bvct0va37eu27ppr08sgbk5d8oru8mM
modified: 5/5/stats
modified: e/6/stats
created: b/c/e9bgs1f63hcl2gc0d5n87mplm2imqsoM
modified: 8/9/stats
modified: b/5/stats
modified: c/3/c6b289dgld3amij6dde8aans9hrgbnmR
created: c/8/e3hp9969qc4i2pv2j27is5ioloj33bsM
created: 2/7/37a71n3r605uh0nakb5n7auo0s02452M
modified: 4/9/2469e7jvnmfh6icck20snu7gkhc5dbkR
created: 9/b/8b43ck9ephtq9vqjfjjgf7mnft4rnluM
created: 6/b/babaei5teakcg7m55o0arc318qvp4fmM
created: 7/2/f9r6smoogadma0lg2hulcribpfjhjquM
modified: 0/8/stats
modified: f/1/stats
modified: 4/6/stats
modified: 5/8/stats
created: 5/9/d5dualcr60vpndb3h39i46llfst4jmsM
modified: f/5/stats
created: 2/9/ecm2988evf1iu17cd3930t46aiahpdsM
created: 4/9/d69blhm644q5kjfbkad4gs64sjak5jmM
modified: 9/1/stats
modified: 6/5/stats
modified: c/e/stats
modified: 8/7/bev81igc7acf72mgjmul1ij05p1c7akR
created: d/6/47j8ad638u6407ooepc1l5s4t0b98diM
created: b/3/c0lq5o9d1pk3aa0609o7qpdigjttetqM
modified: 8/3/e4hbdodkh8r9r949979mbmeor8ob3gcR
modified: a/f/stats
created: 3/7/576cqb2c9ktvfdu6l6sm2i2svq562vmM
created: c/a/batfq6gk9lsfffgm3jqf18i3os7qlpgR
created: 7/7/7bprlll7q8skq2e5li3ia3f9ankfsrkM
modified: b/3/stats
created: d/1/08rtnodf8v9s0dmuek968l3mbat1jk4M
created: d/f/f0m04velemjlqgm1vldon2k0e4r4i0mM
created: 3/c/8f100imqpjaatc3kkc1k1j1cdrfthukM
created: 9/c/e5rp23fop8jvm68nhftk87p2ao844fiM
created: 1/0/31lpq36gdddul4qqn1t0plrmusarc1cM
modified: d/d/stats
created: 1/b/e02vorrvibdghd2jc56j5kvrc8udvdcM
created: 9/a/75ktl0b4kmd07eumdf9kd5r71lvckd6M
modified: 7/0/8bngrpndm5iepegjm8csbja4dg21cfqR
modified: a/e/stats
created: b/1/d6mducdj9dfanilsq26fhmr3do2ccrqM
created: b/7/13hru91384mhmdn3p876bn5lftjmbi0M
modified: 9/7/stats
modified: 9/d/stats
modified: c/f/97gibi5ljo1ieo3iuackfj950rpvrmmR
created: c/c/59lmi54ea7ch5erbcvbksnnqhqgm6oqM
modified: e/9/stats
created: 0/4/6c3p085e6cb32aia9h9jvo4g6ve8obuM
created: 1/6/7726jvt6b6m0mrjfuq8t9kjae8emlrqM
modified: 7/2/96p89e1g3kmglolns3hdih24fqnoo0uR
created: b/4/60l427slu9oegsudop7s5sfheums64gM
created: 4/2/f6v26e80mso7ps4p4gl91666a4j7i5qM
modified: 5/b/stats
created: 3/b/77h9fl381014omo8cg6s533mopl0b1cM
created: 4/8/aa8mvgko3d627hpgc8seo2o8t6c09m2M
created: a/c/e6g0rfpka7nf8j3e3h2kq3sf89l3ulcM
created: f/b/7fij6ctide8n2kvm2jvf2lufpmkjgg2M
created: 7/d/0eqgjf0m7m38dk18lsscsa31uueruh4M
created: 0/4/94j99mpk59jqrt9nu79edvao1osoh7oM
created: b/c/4blvk62d651u6bkms92ec4cdds53gjsM
modified: 5/f/stats
created: 6/f/86fcq4lr3cpf9q17m1n29i50fqsmqo0M
modified: 4/5/stats
modified: 5/8/94evfal47urhoq59m51apcccq9acju6M
modified: b/9/stats
created: 2/b/a5g9nsfk1uj6379eqlu0pq4b2tne4ssM
modified: 2/e/stats
created: 7/8/7226d4nnv7943klrnonkfd1luugg2bqR
modified: 9/3/stats
created: 1/0/4ff0ge9omkc6do0sl5mpsshs1ih9lleM
created: 1/2/276vk2eh64qcl6359297tv5fr3hpndeM
created: 4/0/d7kj3ddtecvt12hp1s38979n6aj2scgM
modified: c/4/b9i0t086vudqgfkr88fpedsi1j96sfmR
created: c/5/7cfqdkfn6r2f32c9savqtn0i01v1e38M
modified: 0/4/stats
modified: 8/9/das1ftp6n73rni9cluc00g7627233vkR
modified: c/8/1ciuc4ppqd3eiejfqm73nj4hedj386iR
created: 9/d/8ec39a12ca4obgvbq7stib94r6ivpq8M
modified: e/3/stats
created: 1/1/16ms3c27ok183ll0srmihkffrmkbq98M
created: 9/e/25odbe97i2ro77acp7efkklap3nqlmiM
created: d/0/f0v040uu1ruu8qnvs09u1ibanlo677uM
modified: 3/2/stats
created: 7/1/04717sloqhfbnas6fc9sfivv66qf542M
modified: 8/1/stats
created: b/c/c3bsvi302tvohkb537boist407sd6agM
created: d/9/796tc45s95l29sdfodg097nvl30gqk2M
created: 1/c/c7ijtk21jv7epsqj2sknea6qg05ruaiM
created: 4/a/4f5efmdoa2548he3pe3p9afejiif6a2M
modified: 5/c/88346rjg9m0jan9044kjmicj7f1muheR
created: 9/3/67vq3njbjo9jo4pmcig9digpdhtpq2eM
created: b/c/dfk27psn6qft48bg7qerhh33fi0rjumM
modified: 7/5/stats
modified: 7/7/stats
created: 0/e/e25um7kh6amj8mck8dpso1503osngo6M
created: 7/d/ae69cm7c57fc15aphcqng3ev4p6e626M
modified: b/e/stats
modified: 2/f/stats
created: b/f/7dfgh880f6417i4vbh7er2rq0nesg44M
modified: f/b/stats
modified: 8/a/2825828ldgseacmhb0reh81ectujv3qR
modified: c/5/31occ1vl2s3kjck9hnr9a1faradjbsqR
modified: 0/c/stats
modified: 8/5/stats
created: d/d/22k2ifsnl3l6u2bppejbelge1usb532M
modified: b/1/stats
modified: d/c/stats
modified: 9/f/stats
created: 4/2/ddira2s7o1ejnlpflvjg58mno0ofje4M
created: 6/d/21ea7kkt4pid83kvd1cv4obtg2sdu90M
modified: f/6/stats
created: f/d/e3hsto35nagppr6ra7cj2926gf6658iM
created: 3/8/7akbns363tqkc0r4qlblels5kvdrideM
created: 8/a/a24mj6khulr9moj6k0dtshgglog4nouR
created: 9/7/b3ecuj7d8mpdei2v4ubfbfuoee6agumM
modified: 5/6/ea39n13vi95d0eanulrs38cacknqq6oR
modified: 8/6/stats
created: 9/1/15nugbee4r9t03jscigcokefvh1hgjiM
modified: c/a/09anup5gkfgcdj87ll0q2eu1o54tc9kR
created: 4/f/a2t4p8vua4v6nggc68ul00vagt6j8a6M
created: 3/c/fbpt52p9t01bhlue0ma14c21nfkdnjeM
modified: 4/3/294vbbpc2pn52nl94qfie9u81tpaqc8R
created: 5/3/ccq2nmieqej17cam75vl908sn723u2gM
modified: 5/c/6blhei9ogh197pb5pg56c2re8vs7f0kR
created: b/2/5dc0p5sb7ah6l2mt1q8aa6q5daobh56M
created: 4/b/861s4kdtbfr56s21sdau4o58rloo8reM
created: e/7/4fobt8p6fvr8h5fms4ur03gg67jddqgM
created: 0/e/0es2mkvo6151kfdnuvb2tfkc8rfncq2M
modified: 4/5/94edgq6gljlru3d0njf3n5br9o9nub8R
modified: 1/5/stats
created: a/f/cc21pkp3o0t0gmh07thc7hqvq9ttud8M
created: 4/4/adgmls5c9mkupli8novh9av3tjduv60M
created: 6/0/bfibrt5at70k8ul9o9aa4v1mmqk92c0M
created: 7/7/74h2e0cbtlg05c138huhqimpo8ee20gM
created: e/e/8e6cseg8ttkncl2sef6u266g8gs8an4M
created: 7/f/4fb2bpcan8svj5iugi4r39992lql3piM
created: 8/c/e57b5vp4m7r6n6oceuecj2jmthl377eM
modified: 4/d/stats
modified: 8/a/stats
modified: 8/c/stats
modified: c/c/550ivtlh267sjeihjqljg1hjlalqsl6R
created: 3/5/87iv5scmoqlpc369r364ihm8bp2sov0M
created: 7/b/201l4ba9bau3c58fs0i4bcbvsq7oc7oM
created: 9/8/0e0oekt81h9crj5jitc8clbr2hvke9uM
modified: 8/6/e2h0nphimq8eokochakm0o499qv6lsgR
created: 8/a/c26ambdhu9k09n9bgr0tg6iacrqu9b8M
created: 6/f/4afdgc44hqshmk9int7p683698627u4M
modified: c/5/stats
created: e/2/61492jonee21bqkrccep2u35j7nsiqkM
created: e/7/6a2pnhs7dji6ctck84m81mf5c811s2oM
created: 0/8/85etdq8u7nltokmtkphdmmtq5lbso0oM
created: 1/3/590fhgrauuqdb7ge3l07k33ipsql9tuM
created: 5/2/99hr85pp5ua2o6bgtcuoqg2m9p7u7bmM
created: 1/8/e0ub06hp0udb87nn5kkmldcc789db4mM
created: 9/4/cf6khtebj7i0p410orrie34i37icr76M
created: 7/d/4dr63skngauivag26nrerja6hj1nl60M
created: f/0/d93npihg227vhoi386gl4hp7jm8qc10M
created: 9/3/54cjvjc3643tf4ie829hftp86rag036M
created: f/8/b7sq9l1odes6ll00rasjo865l0iqvbeM
created: 0/d/edjnr63cat4ss71u67rmsg32q5js73sM
modified: 8/b/stats
created: 5/8/e4kuno8adr1cjpuhncvc253dmvnes54M
created: 0/e/70iskbhtnopme819ac8ff6oacs8sdgmM
created: 4/0/04vhfnjg9ptmb9d6kjsblee91tm08ugM
modified: 4/2/stats
created: 7/6/8bnkfgjdfskti3it660m8d1n8q97kikM
modified: a/9/stats
modified: 3/3/stats
modified: 3/f/stats
created: 5/7/9297gid9tqvnq56tvpb9nea3nmel6veM
modified: 7/2/6dq185vkljb6b6euc2auak4acdbbgi0R
modified: 5/0/76apk454i49iipbc4nvchqtlud54osiR
modified: 5/e/aemv8dr7g7b8fvmbi2g5d319kt32t7qR
modified: 7/b/stats
created: 7/9/e9feb6lho08g7lmsmhj5k6cidvkst9mM
modified: 5/4/stats
modified: c/6/4a4impru7allad4lh1i5ifrne7u64koR
created: 4/1/838n4c5ronvuuhgtqom53at1ao45kv4M
modified: c/0/stats
modified: 8/7/stats
modified: 8/8/stats
created: 9/f/efes6g9hd2ng4k2l605g246cre3ptlqM
created: a/f/130lsj97ee94jricvjfv571lpnce64aM
modified: 7/a/stats
modified: 7/c/14m7nfm8supgc0urccs5bj07g9en6g6R
created: 4/0/f4bdg0jif3h09u9en5iqbtjkdo8q3dqM
modified: d/stats
modified: f/d/stats
modified: 5/8/3apb8sof1ggpi7tqfuvc9hf8vr0b9mkR
created: 9/9/83ei1vr9bicmrvgkju9gghaetuu1pl6M
modified: 9/b/stats
created: 1/2/bclu2gacrlh9vjc5kgsqghhprvqgtomM
created: 4/3/f74lukj9038pqlph2kejm1kgj1rag5kM
created: b/8/141tb1ecrm6sgijdhkof7n85rt8b0qeM
created: a/e/adg5tecfc3atifqi2mqbrbgpm9o5ep8M
modified: e/2/stats
created: 0/8/857k50f2merjtht3df9gfe5ej1gjaoeM
modified: 1/9/stats
modified: 4/b/stats
created: 5/e/d6pj8rbk3sp1ia88tna6eds5ofr52neM
created: b/b/7es4jqjjgjtsc38femdkd5lfq4lrep6M
modified: c/b/stats
created: 0/e/10rmfgpc3n780coq080eo1022mhqlh0M
created: 6/a/4fsvauhn66rj3k2h267to51ghike1umM
modified: e/8/stats
created: 4/4/3750b00e497jad7f8qm4p9p9nnb77sgM
modified: 4/e/stats
modified: a/1/stats
modified: d/a/stats
modified: e/c/stats
created: f/4/12fc82615o01q6evn5oiatblrmr22ikM
created: 3/5/benc1ugi9rq3laccsjmhvd1osji7proM
created: 4/4/48pjv43lr7lscqs5uto67lku5ib8aumM
modified: 5/5/dfkuarqdmmebaihkq4sskf8ir51qj58R
modified: b/d/stats
created: f/8/17b0qfbusq4svsa5jmrv7us65cgpbuaM
created: 2/c/07acm4r5q2acl2okbrnoq64antp9pn2M
modified: a/3/stats
created: 3/e/31dtma5kmoj1gose5j53f02ko0orijeM
created: 1/b/8d7l3pshc0q5soie39dobe3ihe0t2pkM
modified: 4/f/stats
modified: 5/4/c1pfed2sq64r6sur5n3n1b8guc3ajcqR
created: 3/c/93fbfe8c71dv9oeonldkjgrg7q6ga18M
modified: 2/7/stats
created: 3/5/1cnlfnlh5lljqro4hajbeab67k3va32M
modified: 5/2/94pjgrmkjetjls8bosng6btk9b18rquR
modified: 5/9/eahsb3jppqcuhei68r0kajudbmkucs0R
created: 5/7/ec8emi7ljdvcqam7c5d716o21gbvc3sM
modified: b/5/fet3fk5869fjabj0cclsh7hatu9t6ruR
modified: 8/3/stats
modified: 8/8/7ahg472fmcm17id5c6a0j1hmv0agqhcR
created: 1/f/c662g13inqntnutat2e7mmlmutlj0scM
modified: 6/a/stats
modified: c/7/13f92bsb2s7v8384p4b2acbu8rbbdbkR
created: 0/5/224daj0h0npcdt5m690me3d63aa5nvkM
modified: 2/1/stats
modified: 8/b/d531rgbj7nfe25duk3a8tibm1cfru7iR
created: 3/c/b468k8q95596m83d0sq71l8ssdge85aM
created: b/0/84bcekf538dqbsvq32664vg693b6edeM
modified: b/1/echo2eenn2l6se3j4pmmb3s5h316e7gR
created: 3/6/f3fm3k3rqm7one66l6737er3qum2tamM
created: a/8/eep6tp3immofttk12i2inf1e36l2nfmM
created: 7/b/c9t7ci7hpb7jfm4g0mcjvvd4kgmbddqM
created: 9/8/319t82hqi2f0n91rekaph6221msmvhqM
created: a/1/2fuj1uog90ctcah8u7hnv7l2jt9a0tuM
created: b/1/d7ssdta0h17t7kvcqrqjutbjtl4e9dkM
modified: 6/c/stats
created: 8/9/9fiqerilck5top4nqdh90e0dnp988fqM
modified: 0/6/stats
created: d/a/6e1dngi536bq8b0jlr05td3k1to8oqoM
created: 2/9/a43qsjeuhqvc6fvrqi7lrclkr3t5u3eM
modified: 2/2/stats
modified: 3/5/stats
created: 3/d/fare1c9rjlig23o9e3f423426ln08qmM
created: d/e/00flrdb4028p89fmg5jl14ppk297bk0M
modified: c/c/dcvepol6lsu1bfmufsn2ms1rsvl2gacR
created: 1/2/b7ghkstdnv631iiv88ds9vgei2ktqcsM
created: 1/c/05talr6ic945ce1j7711e4c0j36hbqaM
modified: 5/4/1ehjo6b13drdeidtiqr2t0aq3cdt4osM
modified: 5/d/8d5j3eb17isfd40vqer5fof1rutu2dqR
modified: a/7/stats
created: c/c/9disvo330qvspijh9o7v4kq9bgprt22M
created: 5/d/e2deh0u5k866qdm7jqirrqpmcraon4uM
modified: 8/9/f14j51f532c4lsa2k91e194cddmjjruR
created: 5/d/far9fbkt4ke4ff7lls1gff2vjnkvuu2M
created: 6/6/9d9e1hl8tilt7s250svkftn2d9an05gM
modified: 3/4/stats
modified: 3/8/stats
created: d/e/bal2n9rbasfhr7s4gpdq8s867clgofiM
created: 6/3/b4sg39oi083cml53kae0pmd081h5bigM
created: a/4/ceghu248rjcqiegqddoo2vm47001jm0M
created: b/c/42jh268876hmren4stekubvd5brsse6M
created: e/1/33esr69me2u64u76m4h7nke4pbfhb78M
modified: c/a/3d4pje2d7t7fa1mdf32omrveclc30moR
created: e/0/649in0ig47fl7ldh76ptla3nspku098M
created: e/f/819mkst3hqfrkiag9dlsf8eca7hjissM
modified: 0/5/stats
created: 4/f/7fvfau4830qt8v8urbir59c4jn7fqbeM
created: 5/9/444m5aaleq1s5iotegeoi4n05bt24m0M
modified: 7/0/6discgsvhebsob4eg3hku7oprr1ukcaM
created: 1/7/73c4o0kdck241f9qkfa92l1nlbgoedaM
modified: e/f/stats
modified: 9/c/stats
modified: c/1/stats
created: 4/6/5eq62rj2n1mdkan8sa2d1epm79qbecaM
created: 9/0/7c1i48jth5tjqq2bnm30bgo1ce9js2eM
created: c/6/6fb634gum2d9r59qdd6vlitlrrjpfukM
created: 7/7/8eqe516aegvjdoi77cmjai49dmdg7hkM
created: 2/f/f437gbr7f7vse8ptk4frph9s3neog4qM
modified: 5/5/39jdmjpsia3k1o5a09aahltc4cooc0eM
created: f/4/79mfqmf64uqnul17sbhik5ig0drm8euM
created: 2/7/6f5jqp7k22estlipdjnk67sjmht4vhmM
created: 3/7/4btjk7sroviabr20b79u8jmida9s66gM
created: 6/6/484ub49q96jjjcsdfm6o4n04f830ctqM
modified: c/9/e3ru5n7po19kq8k7lbukstd0c4m1gvcR
modified: 3/7/stats
modified: 5/c/stats
deleted: 4/3/0be5tfv9akmdu9i8cbcah9ler0ot0c0M
deleted: 7/3/80lmvg6mlh7he1mo8mstrqbfotf7loaM
deleted: b/d/0ej4t38f21tejrvacvi4p64knt61bs2M
deleted: 4/5/569fdnim5sdu9gn5b59drmvq5ptrub6M
deleted: 7/b/df1cba1ni7cp0d76fntvm6k7ad1kbk2M
deleted: 4/4/36i4f8njej495ml23gp38pn98g40mnaM
deleted: 8/6/a242aafg7ud9h2k8tpgdj9tecuok7goM
deleted: c/5/daidcosdc2p4bggu4sgq0n83laji410M
deleted: 4/4/f0a2ocqhnlanqbu1kupv38bnfjrouboM
deleted: 4/6/0297hhid8plb8julgfm5nl0sa8teqduM
deleted: 8/f/1f07kko6vv7tst4m7ankfr4fasui90kM
deleted: 7/9/0dalds59p7d9i5ovunbn70endnj23kcM
deleted: 5/4/ead4jd74matnhbd6u5ue0jd1at147l8M
deleted: 7/c/6ei7436mif7hp61tolga5jj36bneq0iM
deleted: b/5/ae6n0l30qpao4ru9cn62vsm5nuip7bqM
deleted: 7/d/3fnsaj571t5kvu27dlgn8qoh36shd0aM
deleted: b/2/b4dcd0k9688pojvlog7flesivd30lk2M
deleted: b/7/e7jaqcebt82pou8cbf881lmjp9pfnuuM
deleted: 8/8/03o2ikjtls6cpqj83vujgdlqljon032M
deleted: 5/d/d4fkvctkpvn0d56dqt308s42jur0vi0R
deleted: c/9/608vs7l5t73pa69u2l71dbu9nqouha4M
deleted: 8/a/a546e34d87ipqrp99cc4gqil099ocpaM
deleted: b/0/000isr9704o0ch057fssn5h35d8gcigM
deleted: b/4/21avv85au8s3680b7ihiaa43ksl0v8aM
deleted: 5/c/f4j7utnhs2thfr1ua8i1gqjkngk4bicM
deleted: 7/1/baag7gbqbtlbsoubgd8lk1452lr8vcgM
deleted: 7/4/e1commetrnj90avkv01uotjccafll5iM
deleted: 5/c/5fsb5b5kgf0goo0f32ffn1ksj1o6u3sM
deleted: b/e/3f9kf38nhb1lk01choa8of6crvpnie2M
deleted: 5/1/48opli7illjvn9htq0kr7llgf8bcpkmM
deleted: 8/c/c8jetlqqv8v696d0am2hf1a09drt46eM
deleted: 8/6/12piasqe57u2cmllkgl13vf7pq9mm0kM
deleted: 8/c/fb0b856q1pko7fgsuggelmvjmenjt56M
deleted: 5/a/13p6v4fmo61m3cgdsgol12b0ao73qeiM
deleted: 5/d/e17dr3c9mgbki4mj3usfi9pns9ojkd2M
deleted: 7/e/e27i5rjmpqhiptp6qltc9n4mbsjcrbkM
deleted: b/9/4670uer4fnog7ve7l7gj2u4kkd9c1t8R
deleted: 5/b/92d9v3r8nbkqhedrmasj371drc2rll8M
deleted: 8/a/879t6f5i4dfqhum2jkg3lumekvi63k4M
deleted: 5/d/2e8mtsek29mfo20pmkuki4b41iid5miM
deleted: 8/d/fc38sfc7uoaaintmi48u1b2obem79pcM
deleted: b/4/7eb4u6jdsorjpidnont66dlq4oc62a0M
deleted: 5/f/84p47pm801jmsc30v389i60616b9akqM
deleted: 7/4/e08ltds7jehtiu1q0co5d8b0rbk3bocM
deleted: b/6/4boijg1fj39pcqhc6jei13oveb7og1qM
deleted: c/8/95fber7qcd665a19tlrpq1cahonnlgsM
deleted: 7/d/b5m2tohr0dd8k0ecdi35rgn1q55qevkM
deleted: 4/d/85gp283tmqu1oqjeqge46u8vh2manrsM
deleted: 7/6/48413st6qggbo2buuvc16ovf4hhfeo0M
deleted: b/8/f37mhpo2f41h4bsfr20faq7dc0k3ariM
deleted: 8/8/5apbuocug5ku6j2cvh8f1thairhvk3kM
deleted: 5/b/8881o07t7bc1f7vt3eu4ji5u50a38kkM
deleted: 4/1/0aoh9l2bmfh5mv0ft4pqh4i1f4ds248M
deleted: 5/d/9798ooq9kd4877pksuq7ggvq50ihvcqM
deleted: 8/0/e1c1fbuh58osr1g2dgk7kegsq5g59a4M
deleted: b/6/59id05ch2sa652mlmdvu9l55a2udo4uM
deleted: 7/b/536jk9nr53ac2438atrln939pqgg932M
deleted: c/3/38cm5ftdc7hog99bhjmuko6q6c59lp8M
deleted: 4/c/24rkrta0iigt8fharjiedgebniqnj3gM
deleted: c/0/62oolamhjuag0a3h7dier3nhjffhh24M
deleted: b/5/9bnn7s313dsgempsrttahncd3o091t6M
deleted: b/8/10nji9i8aalh56uncpkjpm9d05gkuloM
deleted: b/9/f0po0psbp0lebajkl3rdinti4kocg5gM
deleted: 7/7/5cdk5vbrspd7veo6h4dh1qb4i33sio2M
deleted: 7/8/0ec7dkuj21uiserrjqpegqshnu1r7lqM
deleted: 4/6/b7bqr37d2e0d0he2mb0f614gl560rceM
deleted: b/7/a9tsh09fllj8cs7do3h916qem20511qM
deleted: b/7/balmdon3m4c0c9gbkku4blbj1e6cokaM
deleted: b/a/e8s1b4j7pnb1ij237b1qq0fu95v2qqoM
deleted: 5/3/317lmjfv7ubs96dbqno1tp8gppojpkqM
deleted: 4/3/3cl41mda1kd6btvt4lccj8ltt4lmep8M
deleted: c/c/77qpnj3g2s0qv49mibr2hqnrml49kosM
deleted: b/4/6dcetkcrfnhgprdh5ufa4lgl8hhrr4mM
deleted: b/7/9ajhm35jr4b259qmokditbrhisvg11iM
deleted: 7/8/6cb69ill7l92jno1eqvbpsakq2usgogM
deleted: b/1/f18kg6mbdeg4rggv251lh1ik7ciqfvaM
deleted: 7/7/5ept4scrl1beff54qvvuj7tko91u694M
deleted: 5/3/b724j6ngso71q3n70dmus6phh8i2q1iM
deleted: 7/9/1bnqmogkk1vckadumb7ng6saddlpg7oM
deleted: 7/9/49hbghul3gks6tqom8v8ddbdijq616uM
deleted: 7/a/57m8u4apsq66h0o3tk3ulph0armptkiM
deleted: 7/8/99h5pfp61ikkg7n7i3h68do9v8k5tjeR
deleted: 7/8/e7t80tphfjrn48h40nqrot81anal5u0M
deleted: 7/c/69pq0m3sln2e2v8u754mjun2b6jm79sM
deleted: 7/a/1e73oc18am5mdh3o0rtpr4ijs2oi6j8M
deleted: 8/0/59o8517u2aok6eucr9j1pauk9imrgm8M
deleted: 5/4/bc71sf7e6qn5f7jfirtk3itn279o57gM
deleted: b/8/60pn9iag4kr5c2dp2pohq1l58427g30M
deleted: 5/5/eevjojth41ctkvfs39rellfdimdffa4M
deleted: 4/4/2eceiesa5s4aelitfi8pa93rmq82llqM
deleted: 4/7/3cl1uibkls2isv47k1tdnk0e1f6d81kM
deleted: 7/1/6ah8sqbte768nljpi6t90m78n4lu49sM
deleted: 7/b/d49qban8ti3f8o17evqkcirliiq4298M
deleted: 8/1/98guo6aicn41l7g7vlna3bgh25dlp58M
deleted: 4/9/3d2oqnib85qq9cd0uicd8ogh0pnss64M
deleted: 8/e/db4tseseaiatvn02puq1gdpipeg7aquM
deleted: 4/3/3dcio69h4i79miovm27tor0fp17orkgM
deleted: 4/2/8a6r3gk260ceqf6gfmnhtg3l9b1226sM
deleted: 5/0/74ji8cfba1vgv5hek0hdi7d1svq9vcuM
deleted: b/8/73muqrp8t2gosmv8d35s96oe8bah12aM
deleted: 5/3/81r6urgptp9lb8doqd98skdfc7e9etmM
deleted: 4/6/2eqm1recet0tm48ru1tmrca13vlkqiiM
deleted: 5/5/9791j0c0q6gg70mbp4su861ace2ogsuM
deleted: 4/1/4cm7q8a69ms3vdnovu9ejdauiusmb7uM
deleted: b/2/efpi8p0qd0gvathrarfdned4peoodsuM
deleted: 7/7/0b0lsuj5p4uj5f8opr5ibst7ud66ugaM
deleted: c/0/80uf76339ut8h1pon3ro63vurp3a04mM
deleted: 5/8/79l38olqud42l04aib7qlmkmreu68qcR
deleted: c/9/e210nnv3ncpu3qb7tdo0jqlr4cu086eM
deleted: c/5/51p2f9la2u90dpjs8hh98l0stc0carqM
deleted: 7/7/cfnl6v5letklbtbqmq1059n232eq9dgM
deleted: b/b/3ag2qk125mbunbumie0dlr03i9afgdmM
deleted: 4/d/10p4q898lovp23p3lg244bn079hteruM
deleted: 5/e/06899pg1la7c3gl5asom1c22j81b7ksM
deleted: 4/1/17rj8oompv35k701vkouh2m1pv3v5riM
deleted: 7/7/b6e0ebp31hc2cj7dn8qpja3fnvs8hr6M
deleted: 4/0/44k7ja0gdngam1ivfd1a7n4bn6cuuv4M
deleted: c/a/67gm500ptvl6a06jq1g9dtvco5r5kmiM
deleted: b/3/98hets777q4k4p0u12h6jcfvmk51t9kM
deleted: 8/d/aat76nvmconebbm33qg98a9c6uum0pcM
deleted: b/8/1c5k15gknku7nimq81s9jghp95nvf0oM
deleted: b/9/bbg1vm7fc1crml5t85bvh9g51ed168eR
deleted: 5/4/fb33nvll6o7u5meghqo3sg2le4blklqM
deleted: b/0/0a2js2a5cqeo7imvs2sdh918pfq5642M
deleted: 5/b/476givl4fcdb2iob1g2hacmfeajksf0M
deleted: c/e/88q9t66b4v3jpnk8uonvi74qd7s2og8M
deleted: 7/f/71he2u6jrki3hjtdf8ojhcncgtgaqfeM
deleted: b/d/84lei15hu896q14c0ppasd4tjqjaeaoM
deleted: c/4/d4hqr5cjc8btctc1pkus2b6265pnl5cM
deleted: 7/f/34prc37bh5sfferv1usmb5uif31q7h2M
deleted: c/f/ddspkbbqk2ola5vaubtlscanha57j4qM
deleted: b/7/432q282q41qjvkeqal5s29qoj3ataimM
deleted: 8/0/67pdpajlo6ho8a0hbcmcmaim4kipo94M
deleted: 5/4/2e89lvmdk84bh9cvup4c7n43c3s4td6M
deleted: 7/2/ff2vmti0uoshpinkack6t8n1vbrn7jgM
deleted: 8/d/4697jhu99c308mhqr7v6lrp0ev7rdiiM
deleted: 4/2/0956920cm7eft35vbm5bun4rqm965q0M
deleted: 5/4/b07njb0mkopj1bsa52b9gq6mnlqfovqM
deleted: b/7/ebl9hmlkk47eouap4nmtvc45r47519qM
deleted: c/5/53ec3psq2ar70h6q6lbsf3t1c5pnke6M
deleted: 4/2/a4st8gb1rftaf3ehva8rlken2h86np4M
deleted: c/2/b6p2rj3364aek4lilbcj8evtr2d83d8M
deleted: 7/c/55cqgjtdddvqjo6rp48gk7esnk9lh26M
deleted: c/6/edojbkgg01p1l1dmoaa4cf2p1ohjeleM
deleted: c/c/bdts0ror85mel38qlgl4reb35elq7tkM
deleted: 7/2/cfg0bkv0mcd0777juabmjload6rg66kM
deleted: b/a/ee9ouk0sekm1hoc7solalgmrb8re0ccM
deleted: 5/4/218075rj7p3se9v18bad1j4i129i94qM
deleted: 7/1/57a5ri0ej8l2dkd4j9ikdgr47hmr0goM
deleted: 5/5/6b68ssqueu873dh4ufegmudu1l0d3oiR
deleted: 8/1/3fniohugs5ekvm73m7p8dci7b71fq2sM
deleted: c/3/26o3tgl3l8l94svslusv8n8re7vla3mM
deleted: 4/4/ea60d5njv5breklff46ehjufsj31ii4M
deleted: c/f/8cjg6r324rt16deqt4bc0goe8jlehdiM
deleted: c/4/42q0mc6rvbrf41mimesia4oi4qev3o6M
deleted: c/4/a3494cp4m1rs11580o6ug329m4otdtcM
deleted: 7/a/1579ek0arphe51t7rmgfbjpuos27c36M
deleted: 4/7/b8eleb9iribnu8ga0a6o8vmr44oip0eM
deleted: 7/c/74djn1sd08v829uk30e4jgt1l3sf9hiM
deleted: 4/2/edp180iifbhtkg7qt7qr8ofksutr87kM
deleted: c/2/b1ndr1ggs29kj57vusv7v09pm7rucl6M
deleted: 8/c/5bhngc2d1j43etg9kkvnivh8e3apdc4M
deleted: b/d/d8f7ua6gqodk76m1lle5knj9s25kbs0M
deleted: 4/d/a1831jrdfd8dudoqejd4fisfcq5ognaM
deleted: c/9/765f582o7ipi3fc9l2m3a2ov99jppfcM
deleted: 4/8/4dnbap7eu88dgjgcnqlleac9srdbee2M
deleted: 4/7/36cruh1e0b7o385d823bl7g02uldj5sM
deleted: 4/1/f71m48bv68ct5gpmljukoup3d31cltuM
deleted: b/6/e0utr8q0j7tfatuv97m1ru5vrlfa9veM
deleted: 5/d/56jlk2hodv4ofm9lnamcgis288lugpaM
deleted: 5/7/9bn7cdc01s4tbfftk8mbat44uq0nqjeM
deleted: 4/8/dfttl2f7fjik3pr4l3h9fr71jltpjs4M
deleted: 5/0/0fo3n9qta801fhjmg7bks8k8tc0the2M
deleted: 7/7/4aqveuvv0pn0pidoql1keinmrmc669gM
deleted: 4/5/14tlp1b0frkufc3hhgn5fl56r79fjeoM
deleted: c/2/dfc7srf019b84vklo5ir330gq8nk7jiM
deleted: 4/3/d0qotd7cenujqfiq6hfar1dijqmec36M
deleted: 7/0/9c1e0pmfdcotvgom693gm8ugh2lk28sM
deleted: b/5/e755223gerqcp04dneift2i0ohu2oqqM
deleted: 4/2/1e95822bmg7h0u7ui2i81dpkvctospaM
deleted: 5/1/77h4lm7i42cl6qjthqq1npufhm7vi4uM
deleted: c/9/28394a5qljs3ojtttfm05ntc8hs2s8mM
deleted: 8/5/13g9a6an2sqqhsj7hc5fo14vncuah1kR
deleted: 8/f/d10nsfau749una5fsr07et9dt96g5ukM
deleted: b/3/e70dcuqkhl7e4h5brnir6n0g0rlaoraM
deleted: 5/7/73ga0tlg72jo91je7ikgjdr6fbidnhuM
ccache cache size is 181Mb.
Uploading cache ccache...