SHA for cache folders (/tmp/ccache_dir) is '641f46b91a276a1a4c129059249c9bd29dfb1b9f5930711ed0b898ab4a90a088'
Cache ccache has changed!
List of changes for cache folders (/tmp/ccache_dir):
modified: 0/stats
modified: 5/stats
modified: 7/stats
modified: 9/stats
modified: e/stats
modified: 2/stats
modified: b/stats
modified: c/stats
modified: d/stats
modified: f/stats
modified: 1/stats
modified: 3/stats
modified: 4/stats
modified: 6/stats
modified: 8/stats
modified: a/stats
ccache cache size is 707 bytes.
Uploading cache ccache...