SHA for cache folders (/tmp/ccache_dir) is 'bbc656ebff72698ef8b70e6915cf9e7c725fa76be74fcf360e9da80117f7e66f'
Cache ccache has changed!
List of changes for cache folders (/tmp/ccache_dir):
created: e/a/43fe1275442b870f5d10aa303b06c9-2241259.o
modified: a/stats
created: c/b/ad3e8780f8fed28c43f1487f30e000-4210481.o
modified: 6/stats
modified: 6/d/fc999d6e0cc825a678a03200f730bd-4997.manifest
modified: f/stats
created: e/6/159a69410635a0aac8784f601834e8-1455761.o
modified: 1/stats
modified: 4/stats
created: 2/f/c9cc6a7989f7a748f055f6c5a4aeb5-12205.manifest
modified: 5/stats
modified: 7/stats
modified: e/stats
modified: 8/stats
modified: d/stats
created: 8/2/b785eca725c1abfc42005d24398bd2-4259987.o
modified: b/stats
modified: 9/stats
modified: c/stats
created: 9/8/ddcc046d322a6e194b0a56c1628f66-122636.manifest
created: 1/0/c27c0f7aab9154bf7a57829cd1109e-14796.manifest
modified: 2/stats
modified: 3/stats
modified: 0/stats
ccache cache size is 168Mb.
Uploading cache ccache...