SHA for cache folders (/tmp/ccache_dir) is '17925a68ec2ae741d945434cd4997232e43f4aa2b02676e4cc0d9e29ee3cb0e7'
Cache ccache has changed!
List of changes for cache folders (/tmp/ccache_dir):
modified: 1/4/c08fh44gqro93iaaujv051svrl787e6R
created: 4/8/22eadfc951gs65ivrvihgahcai4jt9iR
modified: e/4/stats
modified: 6/8/496khs5279ojdnvqvtd74kebn7evim2M
created: d/5/133l977p3uts5jgb4gbif43n7gpopjgR
modified: 7/a/stats
modified: 7/c/stats
modified: 7/3/4emj3jauhggjavs3p0v5jeqk6adjdd0M
created: 9/3/5eu6q5vl22btc50rkrhgvs5qj87fhugM
modified: 9/7/28ehufjp3gm0pars8q5hlgjunup3mhaM
created: d/d/37870vv3k1ona36jtsgmgcs85t93vleR
modified: 6/b/stats
modified: 7/3/aab55torb07hmncsm6hgmm1mjo9pjn8R
modified: d/9/270i7jv4tfb160g12c9sun9pck3099uM
created: e/1/f6oniesci6fki4kej4nij6fosdhiakuM
created: 8/8/a05k6478754b4bbrpib442kmuvqibucR
modified: a/d/992ptmso8oaposahngdobhdbvilcdoqR
created: c/0/01ree2bg1g7t9in45nk0e04nkgsjpd4R
modified: e/5/stats
created: 4/a/bf46n47fvb6sddjcr52cjh0vsclmtc6R
created: 5/4/18ibm1cu5h4qmn9iaaosdafgmfqi9eqR
created: 8/e/846non0rpojlobg91nubcjl7mlnegjaR
created: 9/b/8202fuhbq5frvejg4e8313bqk6oajs4R
modified: 9/6/stats
created: a/3/0dukbr1v0i2btnosjhf9u9r5afpe3u8R
created: 0/a/cdp1o7vbg9pa9s75sjfscnp01m6oqs6R
modified: 0/d/stats
modified: 6/2/7b4sgscti5rcihu1spaq0ecn612icimM
modified: b/f/stats
created: 7/1/38jgnuh65hsbok8478nt83g38cjpddeR
created: e/7/edj8f1qnrig2i17aken7f5ndd12fqh4R
modified: 1/4/9dhphag7m66f4d53i3fvjd73fv1n47sM
modified: 1/c/stats
created: 9/d/2cbfd1c4fsdl2f1f0m7vtocnhn6otm6M
modified: a/c/62qul0fjgon9pcg0nt5u8h775ha4hheR
created: 9/9/06lontkur1pu62tev8m29hvj0adscleR
modified: c/0/144igtraauapobct5u95aipfpe1ipgcM
modified: 5/c/stats
created: 9/b/ef77kc5816hnf6dhcr2kfqjn7sk27moR
created: 1/1/192v9mgg113tdqnv9rvsp97v21j6a2mR
created: 6/2/fdnqvve8pgbm7ao01n1e2au6kujc8jaR
created: d/d/6fp14tq6aqtt9ic9sup9fn7rrahvt4mR
modified: 8/c/stats
modified: 2/5/cb598jm31id97mpptneacuu9oh11u72M
modified: 3/7/19b6b1da0452r8m61uob97a5smtph5cR
created: 9/b/968q5c3fpvsnppjqjqe5rj9r452volkR
modified: 1/4/cfe3rtjeicbkv9uq8pjo1umvlvavhvmM
modified: 6/stats
modified: 1/a/eble72o9vtp4cou0b16485sdvocod20M
modified: 3/5/c5m2dc5ncvs2ao94v3laqudp4qb6cr2R
modified: 5/1/b7o7usfkvmaks8e0l5r0hgh442a6n2aR
modified: 9/4/79vd8n63s8jqa83r0uqj889po2676tqM
modified: d/5/stats
created: d/b/bds6nfkju95aq96i03upf35agr16luqR
modified: f/6/b74utj2bb0se25ir8ldspm6oab49g5eM
created: 0/1/591kk26gfdmp6cmdqbjofgt93estgueR
modified: b/9/d1kjsabf3m3tlf4hdva4o6mp95vrn4kM
created: 4/1/e5upqcmeununc38359u0f2i5olfemegR
modified: b/7/stats
modified: 3/5/aflm41pnlb0o9ch78frfle1bqfs84g8R
created: 6/c/946olsb1p8pbq7tvnofimhf75ptk8d6R
modified: a/e/stats
modified: 1/b/stats
created: c/5/a7vvhg7p0473meh3p7hpbnaacp38njeM
created: c/e/95mi9bb7ttj88nc5vg7od3jlql3nla6R
created: 4/3/11fha99bh3pb4qofukbapcnh2h762rkR
modified: 6/9/stats
created: a/8/38elodmdub1fsjgjpb9fmuuapq3gn58M
created: 1/3/aer7ofbvbu067hfbmvmrfc1i3kb45j4R
modified: f/b/stats
modified: 7/6/9dr3bschth460249pbaeuin3evcmfoeM
modified: b/a/bde2fbi07cafr7gugisppqutdiajrm8M
created: 9/a/c07603c2bp8l7fecegc1b67no9tl7u0R
modified: b/d/stats
modified: c/e/stats
created: 3/a/49se5guidaamjh5p3rekmon7nud1amsR
modified: 6/1/46rl2g3strnd51rgrennplbf6bmnrq2M
created: 6/1/4700j0qr2jm0bu0hdtd67ehh15rcj6qM
modified: 2/c/stats
created: b/5/1evjb8fdujmc3tt0ial9jhr5ikqs6o0M
modified: d/0/stats
modified: e/8/stats
modified: 4/6/b1ehphghq99t2luqpr304pnuqbvj3ukR
modified: 9/8/b9brgjvh28v86mtgs02rubf8fdv4semM
modified: 2/9/d7qn225np40n2g4a02u9j05aqb4kj3eM
modified: 2/c/52a0avv53v4oriq783ppnefqg7cld0qM
modified: a/9/869koa7do9869luho1k6hrl8s8e0rh4M
modified: d/3/stats
created: d/6/9945aj7rengtv6sg6gs4ajk55pkl14oR
modified: a/b/ebcq2qi05m7rjspr2vprbg5ebs09i62M
created: d/8/147fh2qt4nsp8c1alu7bdrhgkrprkquM
modified: 6/8/stats
created: 9/7/50aa92edrjt4q2dmss0gvc8ej1tqm2sR
created: a/6/1a781dcud9ajqo87ui2cnejkeoppf3uR
modified: 2/6/a0hbmga0qe4jsa8b6lo2fgd9qfdp1l4M
created: 2/b/8315uvu2rpv9cq1e4fojrmomi7ai2eaR
modified: 3/8/01gmqmt84rf3nd2dd2arajienerncj8M
created: b/4/d4rk76sc6g7rm5e1kjibn5bnrcpcguoR
created: 3/5/d2o5e59md6skkv2tpjbpc42fq7rem44R
modified: 4/a/b981cu1cassbu7klr94m1c12o1m94f2M
created: b/5/99q51liq0lpd4th2a3qscgstlq9v2dqR
modified: 7/1/stats
created: 8/d/d3koqggk1jba5a1ceekd2mbntvc531gM
modified: 2/7/3ec76j4ma5hsa98ujm8jo26eg5e4j42M
created: 7/6/9cca35bgqj27agstv47hs6tnl71j8tiR
modified: a/d/1ba6vnbn36ibvbfcuqd4q016a0dq080M
created: 5/3/b197oqgohmue0cuiopogdg58uk05rssR
created: 7/3/247t9veq7cnsflbnktcj1m87h6cd3qgR
modified: a/b/stats
created: 9/c/3db06v8ge9ha7elrsg7nj0li5f0faeiM
modified: 9/f/779uaaubedv29l0rodd6sh742qh4868M
modified: a/e/369qr9c68s5tg8cqiorqmb6c08rpfkkM
modified: b/e/stats
created: d/6/7bsibqilg8iod8iaen4qp0vevubpubgR
modified: d/2/2f1455s0matslmgpcptqbbeq5jdq3oeM
created: d/5/f8f7ds9gn33oojv0gjvr7300urvus6uM
modified: e/f/stats
created: 6/7/1f4506fqkfsd6bm45v83e0i8grp8gfsR
created: 8/6/acuc0r4on4q5v2snvodt281vfjv9e1qM
modified: a/a/00bc9far7vs44bpl12r2p4aqn69nvumM
modified: c/5/27dq2v3l51rk8hvkg2blnfgdf231ieaR
modified: 2/5/30ri98m1jbd3gnpl7efr0cv8std0leeM
created: 3/2/f3if6br3ebm97oj60g9lh5f36du59n6R
created: 3/3/66lotacibb1te8hgvh8rng8qudtosmsM
modified: c/4/77a1kct056icjkc5sc568qa3b84qr48R
modified: 1/d/stats
modified: 2/7/b6anddf970pg67tnvi13courseu1qnsM
created: 4/5/8bp1t87vfh4v09pj3me7u3eomkeb53uR
modified: 7/2/1ck9q0ntr6k421eiainp5ehed7413g0R
created: 4/0/3cpmosmm08ttp83r0kunc51ugfrp5qaM
created: d/9/3evj61tb418517g6dml3q3rm7svu18kM
created: e/1/6cf08p0multl4id03ahtinmuvi0ng5oM
created: e/2/8acee27kia46fo9toepu2t70bcspaeeR
modified: 9/9/stats
modified: 3/stats
created: 0/1/e2g3lenvl35juag84aqp5mnrto4p5tqM
modified: 3/2/c609tv7d7ll9o0i7fb1rhtd2v29s2rmM
created: 3/6/70iudvqm2q9vu919t0fnogr0amr6phiR
created: 5/5/93325m3u4l9v0vlr1jr9oha4p9gt65sR
created: d/2/0ag64lgiuqlb67h1f0sbb1bivq5830oM
created: 4/9/b8nli9hb6ur7sjt4v42rj0mnnhj8an8R
modified: 5/4/stats
created: 5/7/e9tmtmika7ga95bd2ei0r3ll9vjgfd4R
created: 3/8/6fektklambk8gd228ugopbrc8j2vdemR
created: c/2/4d6ikr9rh2ck1pasupe8q4nhr20ui7sR
created: d/8/78f94l3gbdcel604o9d400fq60c5sdqR
created: f/1/6cq5evr3mj03ptnamc7p37p97k6ghs2R
modified: 9/5/3f54a3l5d7bm62p4k2urv5vmn7peusuM
created: 9/b/dbime0l1odt2s8sq0tv6la70k6il1o2M
modified: 1/2/ee7fgnfrg97bnf96nh5rp29c00v77bcR
created: 4/0/08ppc2l88pskb6tl0ja6nbpv4e24r20R
modified: c/c/stats
created: d/1/c903mrbetk9lu7j11nufv33bj7bmrmqR
modified: 1/5/e2nmukrtj2ikgp2s57q9cjm92qpmpagM
modified: 2/b/stats
created: 5/e/1eh9nhj0q88itdlmq5pu7o2sckofcl0R
created: 7/3/5e3ma8flikprm367e2naki7ce1gttu8R
created: 2/0/fatdg072qei4fvm45c0dv1gmj4rkfi8R
modified: 7/5/17o59fuesv6d8csginhvfbcsfb0h7b0M
modified: 1/f/stats
modified: 2/f/stats
created: 0/b/18k5r90p89cjljkhnbeat6fls5pdi34R
created: 6/c/7bblm6023nto39cni5418248hj0809cR
created: d/4/b8qm6uaf4e4kbrfdi9mr4t29iggtdq4M
modified: 1/stats
created: 7/9/f7303jhnj9j1qvqpg3bof4hjjvnbskuR
created: a/4/26ta32caa3nma6a8m1gpfqqnnfkrcg6R
created: 2/4/051jpkue6hpd49a2otqlcf67144jl6eR
modified: 4/0/stats
modified: 6/6/stats
created: a/a/4bshg2m33drp715aegm6uqpb446o2pqR
created: d/5/76oe57kgt30j3457m295q6t2lc0ecjoR
modified: b/stats
modified: 5/0/93orpbr65rantcfbtsrmu8mnoq4bhboR
created: b/6/aentsn7iehgp202n18ttenf3q4i8ofqR
created: e/1/60a7enaimrd6to2i4n9e9paes46e7huM
created: 5/0/9bm9s7d98chnkkg7jktn0operbshp98R
created: a/4/437cl08gcdk8oqoeokapnathjoeosu0R
modified: a/c/aakrib964nve0a563s7h076bbk5vqtuR
created: 0/3/2fcoj8hfrtfvbq71o96u9cb5b8r8etqR
modified: 4/d/stats
created: 6/0/417j2epf6igoq3jm9bbujkf02kbpgsmR
modified: 6/5/stats
created: b/7/5f4a5g8c33fqnkgjmko24r4n8jqb27oR
modified: d/8/stats
created: 2/7/cc83vsg3eg52suqu9b4i2bsau1n2pt4R
modified: 9/1/2d1aid98c3emuk1554dpu30es54t7nuM
created: a/a/1et4f8oatf4idarhurt0fhb0thvg4qcR
created: 4/8/ceqhkn8ui6hpjq3u3vjbqodpuh611k2R
modified: a/c/93t0gi87769m84mb9fq74ucj8so78caM
modified: 6/0/stats
modified: 7/b/stats
modified: 0/7/374ir2u68cn2ofk21c01nbsspihccoqM
modified: 2/4/stats
modified: 4/5/8ajmk4ogs328bko8nmbllilefapg30sR
modified: 8/stats
created: b/a/34jkvoljd773rpvafdrfu3h02v3hs10R
modified: 9/3/stats
created: b/b/bcpofksht789847t08hnt02u4ctbdheR
created: c/1/f29rcv1r9j5l40272fb9go1jgp8308qR
created: 0/a/29qauncihei09i7mr2j0thnu5m5o6laR
modified: 2/9/68m54o4d85ng4sn9gt3q7p23okvlsneM
created: a/4/b4a2o514n70327uh3gpipcleif5mfcmR
modified: c/1/94rp1h5l2eghbv87eqvpsnq6bqcgkkkM
created: c/1/fcialaitb0h8gc2ii34puegap14qh5cR
created: 0/a/e0f9pit77n348ogijmgbqcqpgudkj3qM
created: 1/f/69pljb59325eu3p3ca1kovp3kkubuncR
created: a/3/eft2i74kfpbnvgel1vc7c745nv00f78R
modified: f/e/stats
modified: 3/7/stats
modified: 8/4/3fpr2kh1tgk604nhdvvskddh2seqd30M
modified: a/d/b4pfu9i9govtb6c8uahmplqbs1i5je6M
created: 1/8/d320bm1voo5i2d9vva9r8f4813illu2R
modified: a/a/69o1bvidb4s2972oaq92a85prvo4vnaM
modified: e/stats
created: 8/8/65io8qgm32j0c784et7j9l3vi08o896R
created: a/7/77b7n0r2ekq4mv492g51n5mlmrgrfr6R
modified: 1/a/stats
created: 3/0/0fm9nls592akp4i045846l4quj4qks4R
created: 7/9/0a09hp6vn8ml2pl6o1ea91itc5p2djeR
modified: 2/9/stats
modified: 4/9/7ca90gutmrnsm88kkqfjfkd8jh389m4M
modified: 6/4/stats
created: 9/a/5dsogmoqurpuhc9mkni7qvv6loplfsgR
modified: 2/1/427aatmpuk6tt9u30cd41s7r5s5l16kR
modified: 4/2/stats
modified: 9/b/stats
created: a/3/55uhvt1m2tnmi3k457c8vrclkdeq9tmR
created: 6/c/9altj2h5unk5a2iv869bufn9meen3g8R
created: c/7/7d3n6s77p1mv8cofn4d7n0fd6ok2bvcR
created: d/1/a9e9rmuopa9qquoee9cfg40iu0eao1mR
created: 0/0/56jo5elblb30d0umjvk73vomat167mgR
created: 2/2/1domkmfrgj09v0hhglujeg8b88bgj2gM
created: 4/e/019d0ru2s6qfp5mqjdhqdjntotns9s0R
modified: 8/5/stats
modified: a/3/6e6ngramml82j51qhhhaarbd6cs5lb2M
modified: 2/7/stats
modified: 7/3/b5o5kuhstcqvkjnkuig9hem0dcq3v9cM
created: d/a/47564l2qa2s2r837tqpreejafmqqul0R
created: 4/0/9ebe971i0nus24ro259eofs8d5ffrp0M
modified: 5/4/81t6bai91cjedvh9ha7iifc2k3auiiiM
created: 8/3/dalo475grbhfh8djmmn02qllmbl71poR
modified: d/b/stats
modified: f/3/68bfjvhrbg486r98uknjo8tfbjqct1cM
created: 0/4/817f5egfh4c6v5umt52upv1p9qj51liM
created: 2/3/c33ets86e3ik3rmk49cdvdi4r75opucR
created: 3/6/88o5akkmnsrtnus4dseupivsqu925roR
created: 9/2/08dro9cc7gm7mln6iaohq5bg7030nm8R
created: c/4/5evenet9055cml7t9frnu2n0jg714a4M
created: d/0/edhi3qbivbipplion8fegp5l2bgrvoqR
modified: d/c/stats
created: 2/8/335k8qqp7rvert97lhvo2d62ki0qaisM
modified: e/9/stats
created: 0/9/024hgaa69a1seknfsmt5riiu4bkpcbsM
modified: 1/7/517rh847q9rsfv17sedrcs9ppc197qeM
modified: 3/a/07smiut5ovg6305mphndfbq9pkks3j0M
modified: 6/d/stats
created: a/7/e1gsicv32ior995do8i9smpp7dfnjfkR
modified: 0/b/stats
created: e/0/d1e0kftt43nuahjsel30esba5mij3j4R
modified: 8/b/81lnrfs5m3ekhff219tkgelteacrpmmM
created: 8/2/b7uk47hd3m96vck767gafajsnadbmj0M
created: 9/8/cccjgu0fnhphn2138iusghv58usrqbgR
created: c/c/22hj9lhuk3k6bb78r2se06q16p6rdl0R
modified: f/4/80a11qebs1bknm8fhn11ajquogqflnqM
modified: 3/1/stats
modified: 4/7/stats
modified: a/e/a5apr9a7upsuj4df0jco069sgjqk608R
created: 4/f/7cijmt2t8nb4oru2hc7da9qjc5dj16aR
modified: 7/c/3faetenc4ita73ou6c7c7v81hsjc6qeM
modified: a/f/stats
modified: e/9/3b12vjeqeb5pit6jf42r9i7i2h77d6uR
modified: 0/8/stats
modified: f/9/stats
modified: 9/2/66s2rkld0fkh6j51g95ithrdn2b1l1gM
modified: d/1/stats
created: e/3/ffe2deocrackpk9eatf9r7612dm9gaqR
modified: b/2/b70jsulkomtckna1lkqjqv8eohaqtqaM
modified: b/c/71ge1jhvcn89qlralcbdongafforn1aM
modified: 0/5/ef50g9r0p6nsi76398jte74s712so2sM
modified: 9/8/e2hssbd1d05fi1rbam8k7ujjmulcbm4M
modified: a/d/be60cs4su13kgd7kueivjm0go5tgf5qR
created: b/3/6ev944pso0l2hufoohsl9flsjascjp4R
modified: a/2/2dqs2f4s5on5thumhu8hnch26sh0ogqM
created: a/9/e95bvqqgl10miv9f50mpv83aa1gk6qeR
created: d/d/85ms2dc8g5hck2eevg4i25tqd6m9q6mM
created: 1/9/40ttgtcl2l66v1jadh6h1hrc3nq000aR
created: 4/c/d58ub06nrbuo3tnscb9fugftp2d37q6R
modified: 9/6/d0ar7cjajicup90pevv1a0k8cibk3qeM
created: e/2/2bjeernho73ldv61ns8mjbci12bddrcR
modified: e/6/86bi3c83sr5sbshutc3j3mha2ti4oisR
created: 6/c/608pmadqvdpur58h3kcfoqervpr9es6M
created: 7/3/a51l0nn7nijida0kdmicafc0o7vrnsqR
modified: 8/f/2c425ni9selng6p2crr6d6scs6u4m4oM
modified: e/b/stats
modified: 4/1/4ftl074ef7mj3isj2v24m040fq4a218R
created: e/6/dfe6kdbt4tovdhekeh20corpbkceqo8R
created: 3/0/cc041bfuj9a38fgj5uvdgcei4kl95voM
modified: a/8/stats
modified: 0/stats
created: 6/0/bbr7dptjvjr3oqbf0p1l52rtpnek4hoM
created: c/0/571aci6cvif7a5j00je057t6h1lmf7cR
created: 4/9/584up8ob1bg2qp6tl158eko1ut14qe4M
created: b/3/5876slrv80iko10nuasnht608mqlemuR
modified: 2/4/033lhpeb6kjh5imc7fa2jncu0sdunr2M
created: a/9/16md0vqh5m94h1nrkfabbigib39hcn6R
created: 4/7/0ea3qt254892kav7j8gpceu2tb56ociR
modified: f/9/a6o223rfs9sb8relul76rlq0n5ddi0mM
modified: 4/9/e0ouvk7v2a381ivjke6jv1hgjsrk6g4M
created: 8/a/8dec10b0t4gdrc7nn9kfhjl6tujpc8mR
created: c/5/181046u3bfqpv8l1prhf61sd3hphr9uM
created: 4/c/e9rap7mg1nfcqc1bshto3gcfgans29eR
created: 5/0/3cvnn11cl2b2sbi4m0o3vh0l29n6cn8R
modified: 6/5/71kjo5jrqi79s4sig1vc2o0jvta5684M
modified: 6/2/stats
modified: 6/7/e146o9k2uue8e23msak29u076ttk4hqR
modified: 7/1/b5j6261hfae5snifpt6fu7pg0ckkrhiM
created: 8/3/b2f1f8dl1nhg5npsr8csis8b9n2g41aR
created: a/1/6a9u6iu07vs7l94dc6nlq4f4b038hbqR
modified: c/0/f2v9f3rojec4mho23bc8gaqmh624k1cM
modified: 3/4/f2a6bu9a67n0pk5r1124p6k9v9qic7oM
modified: f/2/01kpcdmaoi4l8s10ap7llmj0oa4g9aeM
created: 7/2/51h7deqflrjoa65uemk8v1at7q23au0R
created: a/0/0a3a0iqun3mt5sc1frkpboejoskpp04R
modified: a/b/7dtrndk11u723v78gbnhvtkbeme4vd4M
modified: 4/0/02i1kgbvbs66u30jq3cclg731eigfnaM
created: 4/d/f2m442oqu2oeoe1cglckisggtvge7h0R
created: 7/0/b2u1ef26oj4lnn9f9tkr4m1eesa1lg2R
modified: b/3/b97blka478h50lr0vtfig9to4g2enceM
modified: 4/7/d1d30hmd58ksm8cetgddvnlt7u7rbgiM
created: 9/6/87b3foc74iush25sh0aa1crbf0640d4R
created: d/c/5ebhjc0pur2d3uqekvae5i7b49tkmgmR
modified: 0/6/stats
created: d/5/08tbrtp5in91fr61eatr0ncfgd2ea1mR
modified: 0/3/798o1iamth0vjalautbh3aihhsseqq2M
modified: 1/7/stats
modified: 7/3/fejmchi1k3tbalqfvlrunkdpcbvvo7kM
created: 7/a/5brfekte5vjq12u5gk1jvksn20n4rnoR
created: 8/4/56kn2h91hel7mv01dk1mc5iarbob5tmM
modified: 9/6/ee6brqdm0os1o7i6m0el78g44ctct7gM
created: 1/6/d44u8l5v0g5ad6m4lu941vc01gev9jkR
modified: 1/6/stats
created: 9/1/c78ks7n6u02o98co9hoa7c7dnqjbch4R
modified: 9/5/4dignbroo761p7fpdrel7ibgr03vosgM
modified: c/3/b6jk8n54a3lun31ljknktvgrrdug6fgM
created: c/9/7dvd2idd54hfu3a0380cghodbfsc8kmR
created: 4/9/53ntetlfcd7bqq8u1pekq0agsuqv1csR
modified: 5/1/stats
modified: a/3/80na2uto9md8mng8u29os3m8kimr8i8M
modified: d/4/stats
modified: 9/c/stats
created: b/e/aeneo9gmdpgl8rf3370uv2bf3qpcslmR
created: 3/3/fdvqhvh07p6p9e322l214qs3us6noqcR
modified: c/3/471l981nmoeudnfek87nubj8pk3ujekM
created: c/c/27tks29efhac3t4f43kqeurh6a1oaaqM
created: 2/8/f8es47d2331c4v6i5n5d7gdai86b0fmR
modified: b/8/stats
modified: a/8/712j79sjk8iccq3djlu8kivc5v5dj4sR
modified: a/stats
created: c/d/a8un74sb9m9rq99d5vlhvqtlaqrv6m8R
created: 2/3/41ncuog9mpq2i1vtu7avemvvsgm7pucR
created: 3/5/42c52tso3sdqpnfh30dmkvbe9hvbu48R
created: 2/b/61aqqio0ocif68oop6h0hs9bcn8h9kkR
created: 3/5/f9623o670jdaofo2c02uvcg3iursg1aR
created: 1/e/36ca4kr4j1ojdm9qqs08488s3u5hihaR
created: 5/0/b1qvjqu991tf1vlvteokh934gfgsm5eR
created: a/2/3clih0vrutfgl962m73afg8hq48rneqR
created: 0/5/e7399276fq8juiugmcfgok568n0lfc0M
modified: 2/0/b47umspum8mednr7hvrv5v294osf3h6M
modified: 8/9/stats
modified: c/1/stats
created: c/d/fc9itmp7ku6cmbiv99ra6883ocb6lsuR
created: 0/3/704prk8nv6l0dqe0k8tnrmtvam7jrcmR
created: 0/5/72ug2ucgmttdetre441i1c2o0m4hrjgM
created: 4/1/43l73sjectp0f1sjrkplrrh967mqc0sR
created: d/9/0867vrr4qth40j9as3ph90kujtc99toM
modified: 5/6/8f320ml6450rvqvn03uq53bgm4fc38aR
created: b/0/95ioqtcg7dmqn3ig2q9fu3i3bc2hj24R
created: d/7/06c7gm5gp5cjcsqf7e4fl0uenrt8t3aR
modified: b/4/stats
created: b/9/3fbikqmka83f6740gmh19ifs83l2vh0R
modified: c/3/baihoqbiu5dm50hmb66ftr5o2c185q0M
modified: 0/c/stats
modified: 2/b/6eu5arisml7vdr42m7qc4rh93r44eaaM
modified: 5/4/20q2m8b40mc6v96g90m30mc3hkqmtgcM
modified: 5/6/stats
created: b/1/935vd4c7jnsurv2clcgl1f3ccnpg484R
created: 3/b/8aqt4sg2ubt6fqkvsb70uqbo49jn32sR
modified: 8/7/0crs429vaj5otmannlh3dcdvpdtm5feR
modified: a/5/stats
modified: 4/1/d617265m73nnnib5n1flffgba8b5dlkM
created: b/8/f6hgnc99grd2dqqto8esntuuovt682kM
created: d/8/98tu8uu1m7fjbplciodme51bjcf7eekM
created: 2/4/d8v3adll11bsiq909klcv5lt39k3mpoR
modified: 7/4/f1317607aq9pdd6306griuu6cts7neeR
modified: f/8/80st4m3fpi0vvand61h9b15p75tl662M
modified: 0/6/d55g18m9fb0smeift7ue55dc1mn7lk4M
created: b/2/32vc4nm9v74732j7vu29670bq0ihtdoR
created: b/b/90bpjprvelmaap3qpg0lfd259mr368oR
modified: 8/7/stats
modified: 9/2/4dreu7m4a81co7t3c4nue0gs9k2imr0M
modified: a/6/21bamm4tt0495hpanvi7f9j4jbuoe3uM
created: 9/d/43kaclkedib6fb0n7musdr8dbbj0kmkR
created: 9/5/801ei1rp81s46u7gs0t44bkoeloc9f2R
created: b/6/270a9o5pdsfvrevgbkn3j8okl2ceje4M
modified: 2/a/stats
created: 9/d/54l0c69gcatnjcaks89at02df5p4eigR
modified: c/f/162c07qrgphjdhggneqipid8tu57h6gM
modified: 4/4/stats
created: a/0/41o12oh55qun0rvdsdlf05qkllah90iR
created: d/4/60u1pb8u1f4m6d2c9cmidrc47qnu25kM
modified: 0/6/e8kl6oqqi2cs6qqp5e95q7hi57nc4b6M
created: 5/4/3ak1rt65ecd3fh2kbnh0d07v1qmm318R
created: c/a/7bqmvucqgmnibci8l6uh8q1fr2tn95aR
created: b/c/162dd9jcqv05jht31b0qdet134c3kfiM
modified: 1/0/afivrbp9btg6cm3d5tn8enj20hnumusR
modified: 2/5/stats
modified: 5/6/85ammn1jenb188jkpc3qv1t759jdt96M
created: 5/d/d4guqlul2hfo6cpv912uo0glofp2370R
created: 0/b/5emgmrnj5en10mo73vlbh9d5ur03l9aR
modified: 1/1/87i10cls39d27v1dffjekh3dao5b79mM
modified: c/4/9egr7r2fjetjhsn6rq1d0ul3d2puohuM
created: 3/b/04etoilbt1fdhg7fuat839td7ibd792R
modified: a/2/stats
modified: a/a/497afbujnntk1m1e3vb48gj06mjv2g0R
modified: 9/0/stats
created: c/4/028atc3apgvqjkan91tnjkqsct0g752M
modified: 4/5/29fmqti3ubo1bb0a0m4na7u0klsd0qoM
modified: 4/9/871j2ttlg5igk4brug9a5thcjaggfd4M
modified: e/c/stats
created: d/3/86o1hak4ieckqp3u7otlmcho3evgkn4R
created: d/6/564evjadl6mk1e1jdj0irdu4jauag8gR
created: 2/5/942g932pgmflbu5e3cihdr34s3qp6n2R
created: 3/7/57mmrv97bte64cnfc2f0vjbg85t40vkR
modified: 3/4/stats
created: b/e/0488epdtp653c2dtn8andirantrue2oR
modified: 2/e/stats
modified: 2/5/d5pl5umqd9esns678ui0i75294iup42M
created: 6/1/1b8mjb39ajk7l48lcdiuu7lgl387b8aR
modified: 9/3/f3tch9u3eertkupe297997hjb8noo4iM
modified: 9/7/cee1dkji0cfqq4fenmjjaehtpdngm4sM
created: e/8/aajpj64k80rhr18clede0opubgb7deqR
created: 5/b/23812e4k4kpdtk7h7gcgc1eg60v999cR
modified: a/4/stats
modified: c/5/stats
created: 4/0/c5anf1a9dei1pr812kk3bi290e4ghmkR
modified: 8/b/stats
modified: d/7/stats
created: 4/4/34srhvil3lu7c643i3rjo8q0bo645saR
modified: 8/d/d1b19ndf0c6lpjfa729avvt68butrnmM
modified: c/b/stats
created: 1/6/867g6fq5na94nb48h4qlav16rqmfqbuR
modified: 3/d/stats
modified: 8/7/3b8qqel0m88sbid1an0v2bcp5g5b81mM
modified: b/4/b62jt88s2uo9p7n6bsbkm7u7q4idqi8M
created: d/c/eccp2pi7hgid7mgchp646balfmu0u72R
modified: 9/a/52om587c07f9a7tpihs2r1h8g60vj52M
modified: 0/f/stats
modified: 3/5/a5raeol9k0d8bugnf4q4tq04ipf13iuM
modified: 6/3/stats
created: 9/9/f6bqi45tl6p295d2tsa000e1s1cdisgR
created: d/7/10dcgdl2nrsll8tngrlhl41qm45alk2M
created: e/c/552appffj4uuefc2blsjbi9s24noonoR
created: 0/a/81o7s5iiu98n215nk2fmhc1uqq1bsf4R
modified: 1/3/stats
created: 7/0/39hcb1iv6p2q94j5rh0o4nnuiq2h0l0R
modified: 7/2/stats
created: 8/c/cfu68nquq0kb2n0n101mamlhoufmhp4R
created: 0/b/11kido1l998k4bafa4eqfj265fso99iR
modified: 1/0/stats
modified: 1/4/stats
created: 7/5/ba5bf8mapvijcm18kdf8n2onociv4ciR
created: 7/6/03cu0cn9rgpef0ottlhlkijnlbic716M
created: 8/2/23skfb1354840m965rl49lb7svh75omR
modified: 8/a/stats
created: 8/4/72v8eba52ms0j14ul9nf4ec901gjnogR
created: b/9/24dd3pv4t40flkol214k0prikeiholoR
modified: 0/a/stats
modified: e/7/66c8crhuc8lfvk3i24e813t86fm9u8qM
modified: 7/4/26a5h9476lm6qohh019rhmmlba33fkeM
created: 9/9/68j8d9l065tasj1d3hnjh5gnst9talaM
modified: 4/e/e0j3g6vmnp4hrmj2tcmq08gdafgggl8M
modified: 8/0/50ptnfulm9nboq54kk63ucdvk2eg2uiM
created: 8/0/6fksqqm0nmano9bl6kgphudr5l69hmsR
created: e/2/a3upotesa0449ijl3sapunjl383lg9mR
created: 2/0/2drq8b1pt94hrfn4fcvbaisjlimvcpaR
modified: e/3/a5hb50rkvo674v57t25pstt3kc3fsfiM
created: d/e/d3n7i8v2f8otn02vr29m1b6tofk4jk6M
created: 8/e/0f6lvgt53h0a1bku0dgat2hn47o571eR
modified: b/2/stats
modified: 4/1/stats
modified: 5/d/1421obl2r6rjsujh7rbq5a04oh5vih2M
created: b/5/0583gc89dju0p2ajp57nma6si07m0ggR
created: d/e/cdhuu72chg6t8u4c048k30gs5u0d48mM
created: 3/d/72m6ba36ar3evcjmnpvs2ifg4b4hptsR
created: c/c/46ak6pqbbh6tf1eudhgrcrvgndkpbsmR
modified: 7/5/e858pkkhc9l85i7kg9p9roglm5abrfsM
modified: 1/2/f5q16m6800ou01lcpkcb0i18mku8f9aM
created: a/2/66ggit2fv7icqvbm0arljkg471kjfcaR
modified: c/7/13p94r0ulk7rps35pqbl9kvfkie02l6M
created: d/5/33t8ilfagaf40qac6s1jgcvjujdic06R
modified: 2/1/bbo4g7oke7dpj4gfo3kdufcqkaj4vssM
modified: 2/6/stats
created: 4/5/d9nrva9qqkntj1pdqcaqq6q5ib9qhnuR
created: 8/9/040cn1ka75j5fu8sbmkbpa71kf1tlq0R
modified: b/8/4e9hqlfqtim2sc4d2kvdh6u8usffcbqR
modified: b/9/d054i9tsliea02qk6n0o01vj2k8jef6M
created: b/c/08s8i60mshl9vdq64peo9a7ke7mp96mR
created: e/f/adv8bg042v3t83fch3cmi5uem6g1ne4R
modified: 0/2/90qo8t3tg0b8a5s1vebnfdnse00pfksR
created: 0/a/ffsq43l53018gbi7q1t0q5d6pq4v260M
created: 2/1/0eubsdh4etacvsos78d9q6mg97kim2oR
modified: 2/2/stats
modified: c/2/stats
created: 0/7/27liir524933lgic7443r4sd72gskomR
modified: 1/9/stats
modified: 2/0/stats
modified: d/8/fd2srndv8qauatfrc8iahksum19gq16M
created: 0/7/9fr88iq7q0pqr83p4lkgij9e2jrq596R
created: 2/4/60f7j4n662ua0r55m9j78k28377lhtiR
modified: 5/1/89hnk9mo5vvgjuj7h5stbcmok0bjusmM
modified: 9/d/72g9dms57qnt1gq2o52gr7mhdq3p21uM
created: 2/1/b78a9nspi8i9nl6v0tp0heit47211miR
modified: 6/3/a4amigbmllvln8d2qh2b1osce0jjk1kM
modified: a/d/bf58ln069hb2kbknubuprm5io3iqgmcM
modified: b/1/stats
modified: d/a/stats
modified: 5/0/stats
modified: c/a/stats
created: 3/1/70a4ggun094m25qrskqu843quq3tceaR
created: 8/1/6bj4m1313b286q3lg9aovb8mp5gcosqR
modified: b/c/88ck55l3bs4bka8ldne9p6a1jldi448M
created: 3/9/a6edp8v9vauunvfmscdbc5f3nqu7hiaR
created: 8/d/34ht3e4k2c0prp02anrhbavlqqrmjg0M
modified: d/d/stats
modified: 2/7/cfg0893a39rdfurmtcmvsodp3ile2ouM
created: 6/3/54rp0oi7f0ma7md8hflaun0t80k41i4M
created: 2/7/e2cq79mcpndnr5pjobgk1bebrdmd0jgM
created: 4/7/60ep6hfjfsafu9ck7bk5ocsv8ac3u12R
modified: d/e/fetk0ce9u7tupnafcpe9ai6ekg5l3bmM
created: 3/c/03bm5a2jorhoorsngitiddvfv0bb5liR
modified: d/2/3a4du8hulm92mm916tj31jq9rku1n9cM
modified: 1/2/651g3qou382vgsl68asboriphinjmlaR
modified: 0/9/stats
modified: 4/4/66p2enfoa4ie66umhkrqin3c2nmka84R
created: b/9/5a7rjkcballtgvk4qr6ci32593gebikM
created: c/e/00c8ihlmac8gju3bub7c3imds724qd0R
modified: 3/9/98e7aloto50scsmpm0kdohjhfb9aruoM
modified: 5/9/f69jdvhipa2t0729t7335qlo24sq85oR
created: b/2/0esch6o5vg05pba06mv06k4npsshntgR
created: c/c/9app3b0gqu11667euk2v44m1j3omdpuR
created: d/4/65nhj3bdcobmi1h41adgbh49335ej54R
created: 2/8/b7486hnbucvlaadk343jnu5par20p6gM
created: 9/3/d77d1lbdquuebnpk46597a956lvo4e2M
modified: a/1/stats
created: a/b/34aabno3k1eemanbka3bodk2icns4ieR
created: c/5/58uklbg5ftpek9olole9oibcqa7f45uR
modified: 4/3/stats
modified: 6/1/stats
modified: 1/3/3aok1cg220k2h2vsutfn297st4gd8boM
modified: 7/0/stats
created: 4/2/14ev1a14g0j9bug4ijiaumaqre9ihh2R
modified: 9/0/cbi623qiekv1t83hhvlkhfndivbeq50M
created: 9/9/33urgjkmke5ors6j9gi2j7ijrq4kq2iR
modified: 2/8/e33p0nj7jvv6dm9ppjpvokcdro0eulcR
modified: 7/7/9419jfe172ja8sj7ucl09fp1r22oc3iM
created: c/8/abc3pmcj23m3b6g63hjuvs191g2cissR
created: 5/4/c5obns558olpb1a5g21gotjf54fkdliR
created: 7/4/02mrjrrn3jjsbke38gnroj4nq3u8eq0M
modified: 8/1/stats
created: 8/7/94ivvtv8ktu7v2bk1kk5l2e2h58lvk0M
modified: f/6/stats
created: a/0/05ue299bba1idm7slikq3m62aienj2qR
created: b/f/5dvi0admclik8k14r1p2svlbccvij2mR
modified: 6/e/stats
modified: 3/e/stats
modified: a/2/f4sldsggqvmv5nrq6ein0ks9v40i0riM
created: a/9/51j1ih3c8ds2md67s4pd3mbi1kncglsR
modified: c/0/stats
created: c/4/8fi76dgunlasini02vn93t61divjdjaM
modified: 3/5/23nn9i66ts9m7tstr7l16ofg3ru0n7uR
created: c/3/1abdern2pf6vsj2df6086kk4etr69luM
modified: a/0/6df8rlkmcvotg03mn93ddnkmk7a4nvgM
created: c/1/04hh5v5l06enh1u5vnd7atml1lr0p4iM
created: c/c/f3fgb2bbdinkr1vrvvogelheb2s0fmeR
created: e/2/69s407mugh2nj42pajmujum6bid8ifiR
created: e/0/5cgths95uov10vv2vodn3tis753dsegR
created: 0/0/1bdfif48imssepgm6ujso6rpul1mqhcM
modified: a/e/510soqf7d0h4pnr84peaac1amhdp0uoM
created: d/1/95dmrqhir2bed0183mqpqfe0lab55hqR
created: 7/3/b0usmmbpt06nadrnv225qip9ci4egssR
created: 0/1/e6l2ug0bqajoekgp8temm4spa24uqkqR
created: b/d/a9fnhrijigdhe3hqo7ejqcdgalatu06M
modified: 3/2/stats
created: d/8/e94gbi927ln8ebsfh40mv5ufrdef76qR
modified: f/3/stats
modified: 1/4/a94an17csv1r7kt4msfqt38vtpkf0keM
created: c/d/6atoornfkknkj6podma4g63udpc7532R
created: 2/5/82fhu6c3ki0rpjoee4mt5e5jtvvb0t0M
modified: 5/7/abu0v14069g07qvtmmjmj6japiquvimR
created: 9/6/15sion7ev41se01iei27atnjes9ogq6M
modified: a/2/b9qtjicmm6vv4bjpd8kcqj3rj441h4kM
modified: 4/3/1508qe4gd2oquabdkp2s0dop65mkn0mM
modified: 4/3/e8q815jst4s9nel60c2ukqgpg6vgjkgM
created: 4/a/77aet304j9q6jc91rpuhqvja0atq88qR
modified: 7/4/273rdt224icp6jg0u1f0nsff1u685akR
created: 0/f/1aude0lni4sultfko6h0k7m2nbfhka4R
created: 4/8/5459hq19pegfdjn0e63779on7eboud6R
created: e/2/34luaqat3l66jogp84jj55hoc809kjaR
modified: 3/4/b36lhpg6mf9398uuo934ls2vvlp8tsiM
modified: 5/0/29o3ohs0m2c02o8v9c4tn9gbnql77dgM
modified: 8/3/stats
modified: a/a/stats
modified: 8/0/b4c0me7gvnpaathcgsi92fb0deq1ltiM
modified: b/a/85j2bgdd4buv6cqebl29rknpkgb0iicM
created: e/7/fdb7gb3m9fpmkcfdg4rol6l42cfecu4R
modified: 2/7/3ervj2goqgdh8n8boagq3spoprl48l2M
created: 3/5/6cacgcnpu99m99g4ij8oivnmnti5cosR
modified: a/5/c64qvn3m30i2jt1ku4sgpo20uvir3gqR
created: c/3/e597jaadef09qci7k2pvh3qhdst886aR
created: d/6/1885hslkmjot2a0pnc4q57cv4frl1rmR
modified: 3/5/7cll5h5vgq6n5ndahsg1crcmq4ha4g6R
created: b/1/2an5c6svbge9a0ip3fohlb800uv8m98R
created: c/0/7aogofqc1vrltt60lbghv9eaeque1vcM
created: 5/0/denh8bepi76bt6mh7gc3do9la5nc33mR
modified: 6/2/d9mejsvp4b6fdc0tnknae0umkk569vsM
modified: 0/1/stats
modified: 3/9/stats
modified: 5/3/ffgj2l8ch59e1b7gl8u2sodiaq2q5l6M
created: 7/4/f38cnm6jd01jega40d9chuvdojd8pgiR
created: b/4/21iql2mpc3c4mc89p0r61s9o0igpbs8R
created: c/6/fea416pi6n2ib2b9pv1j195fa0l4a8uR
modified: 1/1/3873r1djjkgavn9fc15k8659qa0brqsR
modified: 7/3/stats
modified: 5/e/stats
created: 6/7/362c5uq54aaoqi1cj2agk8mjr9d0jf4R
created: a/9/9c6903aff80fs81kq84ato4vm0uj9kkR
modified: a/9/ca59m62l292ak29d2jjflntaevc8kv8M
modified: c/f/stats
modified: 1/0/9arsfjbevr6knln04s4i8s5jkq327vuM
modified: 6/1/b1ellondu776ain47eu1sh3l20qvpicM
created: 7/4/36t4tl0dhlntht9md4h484s555sup52R
modified: 8/f/stats
modified: 1/7/729jouh1qrov27o4qkqlec98k8gp21sM
modified: 2/0/1b4hlmuludj9lf4av2sic3rcjddof3qM
created: 3/c/0eclrjmuf34ktko9mdhsmubmv2olol0R
created: 6/3/a1ldtl9iiii8r8cvjpbdluhj45bl1ecR
modified: 7/f/stats
created: a/f/f8l6d8nf0soaa6uvu1djk4k4vhvq92uR
modified: a/b/37tuc6uqlqktgh0pvebmnr1ujn3et9cM
modified: 1/0/0c43uaaece9q1tt4mbhe9aqnnkf5p0aR
created: 3/d/f77n1bd6gu9nps8k9v7eovci8sofs5eR
created: 0/6/30iukehb7fuqk8so4uhbr55d0s65gpoM
created: 3/a/b63i308a2c0dnqnmq773frlael1pqd0R
modified: 4/stats
modified: 6/a/stats
created: 4/6/482sfu0o3leahhgmik20vqao1u3b7puR
created: e/5/59cephs3suukvn00q81u8foqc9lg8t2R
modified: f/2/6aimbitra86ej0tvi2f0rsb259rl3c6M
modified: 4/6/stats
created: 3/4/0466urigbpm5m15n6ufufufangejkrsR
modified: 3/7/eac8g63f5qrb9fgamm5hi185rk8pch4M
modified: 0/2/stats
created: 2/4/56sgaibcqobjfjjim1sv3gtvs7olibaR
modified: e/1/58nrlbnc5op6k9komi7gkrka44058ksR
modified: 0/6/a0h4juagonclvnlv13c93cbuth52mvgM
modified: a/3/stats
modified: 0/7/stats
created: c/2/ce6h6oi9oihrqs5g9al0thhccfhi604M
modified: 8/d/stats
modified: f/5/stats
created: 0/3/06i84dsk4kl1u3ql0tiejl6d5alq1rkR
modified: 1/2/stats
modified: 4/0/ddcnf92nnmaafoc16ftfp96tlenmt44M
modified: b/6/45gs3t55698uqmui73g46uvdls518fmM
created: d/2/1bt9j9vju6hb9jqig3ja1bsco1nblfgM
modified: 1/b/b9inpji9fkukg6dssojo5eom1g4d9s8R
modified: 5/f/stats
created: a/7/0775p08cjujj7pg2tad11dk5tl54djkM
created: d/2/ede9et729clcqmfj1ho54beh0mklmcoM
modified: 6/a/60c6kqs4leoknse0drdqnqrero3fgs8M
modified: 7/e/stats
modified: b/c/1ckan71cadkdvttmkkuc7chekc3pv4aM
created: c/4/10lqfao1i4phget324r8t5om40hakqgR
modified: e/c/4c04kdt9ruafnvq45oghb8diguk81ooM
modified: 8/2/stats
modified: a/9/stats
modified: 6/7/beu7qql6cp9pdo2f1n49djojpbt7ajmR
modified: f/a/stats
modified: 4/9/212ja8t9le6674p68pfqbj7s1bfb2r8M
created: 5/2/24c5i0lu7806kkqklrgr854769ne60sR
created: 4/5/8foeeflqlhc23pamg9s3v43lj2ue6nkM
created: d/c/516mul172i59pan0ke57go2hgl13iriM
created: e/4/e0q35i73tcus0mnaa5fu6iqcipgbo8aR
created: 3/d/2dh5nm244gfjms9eo3rpm0n5rqcls8mR
created: 6/1/0fc59ierttmgs8e00ahmkcs8psgdt5aR
created: 8/9/053v7k2ok4hpknj2bde53666sqk6n4qR
created: 9/7/56c39ahmrhe4ro0vnpea1lso32cnndsR
modified: 9/9/1bq3it5g4s3laug1uqtlsiuvfire59uM
modified: 3/6/e61p5m72jmkk37eh3o0ol3foftsuj3qM
modified: 8/6/stats
created: a/3/2ef6opc2umj7ddc9tqf3j3jtph2smksR
modified: 6/0/4at1juci6cu54qtenh3pkf33d3bhgn2M
modified: 6/8/4dl3kke32q8s34cdeb5jdphe63ihgm0R
created: d/9/0bvvg0jodtniftntdpm50anua9lgog4R
modified: d/f/stats
modified: 2/stats
modified: 5/a/43j9igdnmfqgc64ifb2k3j41te9ngh6M
created: c/0/c6qhtok4v68ob2n5sestbja1kuu3rvuR
modified: 1/b/3cvmoeq3bp49mj49i7orn5t303m52u4R
modified: 4/9/c49u9rvucghrme7vn5bpvqo42dsvt18M
created: 7/3/93i6fd7l981i5gqmhrhbu5cdliq1s52M
created: e/8/ddo01024r2bdkcmccvjkh8a1uhq1pukR
modified: a/d/a7kmehchcfk3qjkkke68u1iuvbj20c4R
created: c/1/c5j676tkbot9u0qsa2r10m99tfsna3oR
modified: e/2/stats
modified: 1/3/34vkl40qrurkfd3an6sge62jbc46koqM
modified: 5/b/stats
created: 8/b/9bqsb7n1a0k366mt8fk6rhq2lta1nucR
modified: 9/4/d8eop9jnphea9o8rd4vkab2g2401qbeM
created: 8/4/6a88vk52dfafnb4j7psp2v9iedph3c4R
created: 3/9/bbhuf0aec3hhg4togp184lhagbhkbh2R
created: c/d/143d8ji0s7mig1dr7200i5autbikfs8R
created: 9/1/92kf18qa8uj3btfjf31l7jlfafp1tloM
created: b/a/31uu3nnhrsp8jlv43o8g3at74d4tiamR
modified: 3/5/stats
modified: 7/8/stats
created: a/2/e3v2st3m401v1afp85ha38nkvlou6soR
created: 3/1/88vm6984hfg483jlra7vlu8m50rlqjoR
modified: 6/a/a2coubjhbdu6fr90kdv1t10probfgloM
created: d/6/5enqvnc0o53gfbs80a0n41bmvi1ea6cR
modified: 5/7/43sdo3b075c08hdpnt30n2s2dcn0a4oM
created: 7/0/d69msjo5jhqaut1vqui4mqtjtoqhpsmR
modified: e/c/571g9bsejhvq3najpjstskd3j0ochqsM
created: d/5/68k3ib316fvl9naq6c9vvodl002rqkeR
modified: a/0/stats
modified: d/e/e2g26um5qfg9pn64fjc43212luii4jqM
modified: 3/2/924qtebdd923brf6bhorul5si1qm7lcM
modified: f/f/stats
modified: 4/a/stats
created: 6/2/14hql42nov5tvs01htt1bl3bctnih4iR
modified: c/f/39bltmd5orc6kq2b4k16ufbfmg33ud0M
created: 1/b/601s5asi3no9svpjuis4ci9n1nmtrm8R
created: 2/2/518q22qg7kijipa8bh0vc6nbdjentt4R
created: 1/1/afl9d92ntraa5aogbif8h3o9rv0g8jkR
modified: 1/3/91vkv2ad2g1oaa6h1fkodnqq2ba2uj8M
created: d/b/c25hb4fetq7akgtt1csl0a8434bth3iM
modified: f/a/4a232os1v8vfkvk8thneb53mg6t4djcM
created: 4/3/b24umosh78nbrst4627vt1l1n36gm0eR
modified: c/6/stats
modified: c/d/80g3741d79onaclpe1ueid7nmrsltscM
modified: 1/0/01rmdlouqol7vmq2cens9ram1qrsj4eM
modified: 2/d/c9dn4oir8hbfs46acr8q6rhs468dfamM
created: 8/c/a3ktk950r1js4jso9s2q7g94nbi3aqmM
created: 9/3/17ueiqhtch21t961nh8kfrmcs5p85kgM
modified: b/3/stats
created: e/3/55cnvdbqcbm9ua8po518fvckvic7034M
modified: 1/4/88uhqshdh40jiqr4oiuaj17i8p93g02M
modified: 5/d/a10rc7btkcspe1cgnmhq4nu78d5p9tkM
created: 6/1/85ck10fu9cj8sqqtr0r3kaq7o6jc8lmR
modified: 8/0/stats
modified: c/c/15ntfmlpekogfo1atco54catfdiq2oiM
modified: 1/4/c1e6c7r8nllblhrjbbe8etk728e6o3uM
created: 6/5/e7b66p14060ljktjh27o8e5pk76cm2uR
modified: 7/4/stats
modified: c/6/37emhfpgm3kpa7j5s4482t6g119uu4mM
modified: 3/6/stats
modified: c/8/d0k24forlbe8fll23h9a5d8lgpi9k4sM
modified: 6/7/stats
created: 7/2/890ou7ull9eg52hpapa0g9ljfev3j0mR
modified: 9/7/stats
modified: 1/c/ee187thdf1pio69k9ote1k3b50tb5deM
modified: 5/d/stats
created: 9/a/cea8qqnln28sj4mnmo4s4vjf58l23eiR
modified: c/5/b0u62gje6v4s09ns5ep1b05g59eflriM
created: 4/e/bcuflcmt966c587l51lapvoiuh7kr3mM
modified: 7/stats
created: d/1/bf5c838onft8mnjb49evpuhs39h8lukR
modified: 6/4/24931k7o4foqkqimov5alifv17pagv6M
created: 9/0/9fo3mdesqjsq03t1clo5tndsa6q7qlkR
modified: e/c/32tmqpbdnp3brnv256jqan9iut2eijgM
modified: 3/0/stats
created: 3/6/5dlgqep52u88437p20vbig0vp129ap2R
created: 6/0/61098vumbepc1mlistq57npe7an6i2uR
modified: f/3/cfpnec4mcrek8nuf2bufijc1736eubuM
created: 3/d/66m1np5q23o0n44crtivf5uv5r9gcncR
created: b/f/c61df4sc0jtohchgk03c8s4jelp2fakR
created: d/8/58i29trvdesqkp8t4gath8j8vqosabmR
modified: 9/d/stats
modified: 7/d/5clcp1hfsv8anrhe55jfoj13qla31jkM
modified: a/0/cadc42dkrmrutue70q34mk8j1mjrj88M
modified: d/stats
modified: 2/d/stats
modified: 3/c/stats
modified: 3/f/stats
created: 8/2/646n3oo447uhshgaotia7bcg348c83qR
modified: e/0/8a0nmg8lhj1ssn98cmdf4e915ppfjg2M
modified: e/3/112dtml8k9i3mqkgkdje0h5qq734uqcM
modified: 1/3/67queg6nh1hkvogiv4h6omjmsus8boqM
created: 2/6/b652mafmmusa1ug1bds09o945hfeb36R
created: 2/b/a51tfrfm7mnl2th16j4h7coc6v6amsmR
created: 4/2/ffsh0a7286ermvr1phqavgkdkv2t1noR
modified: 6/f/stats
modified: 7/6/stats
modified: 4/7/d9q0o58gaccceljup847dicqdqil1lkM
created: a/3/e0bv6u7v94is6itbgejgmfd7a1m08qkM
created: c/7/16o21bdftk3fn3h3ab5dg606ib4prisR
modified: e/a/stats
modified: 1/8/stats
created: c/0/c9p7o7qlso7njdlddtu67u55honu9cuM
created: c/9/03rsn07nc077akqp96v1ia8cfquulq4M
created: d/6/be5a2vb485lk8j0ir7jkbosk8l6rv2kR
modified: 0/2/c2ljtcial27m30kr08g6335cj5nhqvuM
created: 2/1/298t5280s1e6qctrrckfijm4mvnitjgR
created: 2/2/a07v8b6j4lb21ru6ht6oat7bjair4kkR
modified: f/2/stats
created: 5/3/888nno2k9shup5vb4msjiga51j01r80R
modified: 8/3/72gug16okrh4053tm4mmu55ihb48be4M
created: 8/8/5fe18b5n5gvua40jpdukffd1rck394cR
created: c/c/f4n2l5m6r143jp9quvbhg3es6ugb1esR
modified: c/b/bfr3e2l5erfs4b1gbdv68npm69ch0foM
created: 0/1/24lu6m8417iqnba9oubkg5hiplm1rpsR
created: 0/4/e0l3d1r2ggndkfbojpb67nd262ke564R
modified: 0/f/f6sjkkon09j4gdba015m1dv3b77b1bmM
modified: 1/6/47s4c4fvpoqt49b3ult28gkane572a2M
modified: d/9/stats
created: 1/2/0b65kico83iuk0ausfj8mp9cub2e9fkR
modified: 5/9/stats
modified: e/e/89pljda05332ab68o20odok3ltgo1pqM
created: 5/7/85l03bt54gjev0u2r8ig3pppitulg9kR
modified: 1/2/61vej5qmtehq86vh9bm45fvmf4q79uqM
created: 5/2/3adglhr0eo3j4aajjavvv9u4s87k2acR
created: e/4/ddpr7gtu09ihq6ekmnr5tof3hiqhlqiR
modified: 0/0/df8a0suov21ntq71jrhbo04up7vl55sR
created: 2/9/e0nuog2sgs076au8p3k1strctho3dgqR
created: e/3/ednn5u4lntk01lotqi8cbkrs1886kreR
created: c/7/89e54qni6mnjljs2r032uuhg48q03f0R
created: 4/1/105gjm3a5r52jodae3ef3f0tmcgt02gR
created: 5/4/65d448knl7igtev2rdp2hug4s5kkeosM
modified: b/c/c6d4mekga5994m6rqempcgb59cdmcluM
created: d/a/13ou7ag3qj6rs6v0rsvd9aivp0kvv7uR
created: 8/4/a1boqga03m2ne8ncv7didjjo23i3n4gR
modified: a/6/stats
modified: a/a/505oh99igrlt2ldepis9237jahmb1p6M
modified: e/8/3d8mjmktvd1s871kmpld631gfsnro26M
created: 0/3/ef011scu8og37lg75ttvavismduj0saR
created: a/3/daoirndr77iqetho51j02ddqg8odvb0M
modified: a/e/36mcf8lmjr8m95iq9cj6k3bg3knvflcM
modified: e/c/40qr92bbusb9l38ors2b8ctcqrquapeM
created: 1/2/38194hd9edvr9b1o7c5jc96d8p4f156R
modified: 2/3/9fuo4tcntst2lpqsqntr610vnoqt2p4R
created: 0/4/4eeo4vdr17706b9m7d9ndruq4hf3hroR
created: 4/d/12hp6el0ifm1q8vnb82huc5h9li3pqaR
created: a/2/6en91qp8g8uach7cshn5ohctdisro42R
modified: c/c/777uvpvhv1mqu39npmdukhtbtqksknqM
created: 6/0/b68ruvihr38ed47k4h8uh7sh56ciu7sR
modified: 9/a/stats
modified: c/d/stats
created: 0/7/054oma8h6ej2qrkjesmk77dk6uv0vc8R
created: 4/9/19f18j7qopa239jv5e2sp06v7qh9otiM
modified: 4/f/stats
modified: 5/a/stats
created: 9/3/14ta35miclvq419vafvj7o4vt74o9agM
created: c/4/7179anco603fdtghu64657ba71jjb9qR
modified: d/a/9f6pca154du1kercbp8rt0k8sppl1ugM
modified: 0/4/b4pr3e1959711nsgc2qkq86kjpev20sM
modified: 2/3/stats
created: 5/5/2dskcqbbei8pd13qcn9fqi8p4v5sk9kR
modified: 4/2/e51s5bno58so2kthg4f4heg8tdne7g8M
modified: 4/7/34nqt48dl07rp6e9qdrchkol325ndbqM
created: b/7/6br1n88487gut51pc70pv7t08jtfm8oR
created: d/9/aclumeqkgqku5q13nlv16fipf5cg7v0R
created: 0/4/82jjd12g70p4cv2g3h88k948uctj9v6R
created: 7/2/bcjufgu7an7dkbeg1spc59g5m4800giR
modified: a/2/80ipciiitunbclm06lbprvn915g4bvaM
modified: f/0/stats
modified: a/8/1bfmahehc5p6qsqooea3t9u22okrp1gM
created: e/6/educgjp4lcc6u0q3tl35bh6sglk8kq2R
modified: b/2/175lbnuk1braupot2fvjftd8meo5ib4M
created: 1/8/5bj4ra07t176cpaevefnq485hi9rdiiR
modified: 9/6/6al8qjdigeq5lvuigi6kfgm6n8s92aiM
modified: 1/a/bcdtngmgeh4d35rdsnco2b7r8aeod5aM
created: 7/1/4fl6pkfh6d4c44ok9kvo5nlh85adqpgR
created: a/1/cf69dn4j16sj5rlgeo76uovomilk4v2R
modified: a/4/03mu40m54s0t3vdbp5bgs79iqnb4fcaM
created: d/1/c18hmdrus27fvbb1hpr6o4eod5hl782M
created: 2/6/1a5rdt9s9ahetd16kjo7o8ts34s768sM
modified: 5/1/d4151olo2en8krdv9du9j0pc05c9rtaR
modified: c/1/fc10l12vgoqks45iiq2vkcojvb8d3n2M
created: 3/6/c3ao3i1d80k7jolnn00a047tr6nvl7eR
modified: b/2/924dv2gvoud5ao9svb7aduns6o8beicM
modified: 0/e/stats
created: 3/0/561qs1j2rkh99378vmq3p8tlhnqce1mR
modified: 4/e/1c7bukum948aoinpkl2tponmi1hdcbcM
modified: 8/4/41h1ao7556kjaq8kk54rtlpe1ivrnlcM
created: 1/6/c6unfgknefln1mcng7droh4af2k5l2gR
modified: 2/8/stats
modified: 3/5/1d36bqcqggvqvtthitm01ailfjf819qM
created: d/0/97i725dp2g86a9dfmsu98983ugevotuR
modified: d/6/stats
modified: 3/b/stats
created: c/d/808fou100mmugjuep2ecu7jm8p4kn7qR
modified: d/7/a4qnadjgu6k5ogkafkipc068atbcmcaM
created: e/b/22sg36p1c9t7qanc5433rnk9bfn19j6R
modified: f/7/stats
modified: 5/5/6boib8rssh9foaddkp56tvf1de73gdkM
modified: 9/stats
modified: 5/stats
modified: 9/f/stats
modified: c/1/0eo67o0sgk2p07f65g6ofo91b4g9a0gM
created: e/8/f1bgqs34p0qb007li43230u3m9h7lpqM
modified: c/7/stats
created: e/1/de651kbatdg0nq8r1ecf0mqeph9kd6aR
created: 0/3/19auu47sno81pu4dam1f4gcbucafveiR
modified: 9/5/aa4v9cbimlto9in79nq307s00teco62M
created: 7/5/f9q206b1knbmsv969r8vjdei888kqi2R
modified: b/6/stats
modified: b/a/stats
modified: b/b/stats
modified: 5/b/0fgs7l269mtq3cf1piqpbrpd32j7v08R
modified: a/b/a1t6kq2h9k0bhp9knium5flmlcoa1geM
modified: 0/0/stats
modified: 8/4/3dtl6hkdi6u8ql4acqdg6ohsrdufu22M
modified: 4/4/b6utpk0iccvqvh53mushgf3e1s9b4fuM
created: b/a/3e842ckj4fv1pdq82la177nd4tt1aosR
modified: e/1/7ev89nup70erauir08u4snt8gbf4950M
created: 3/9/59gh89ij6o6o40t68ilt48m8v3dkqjcM
modified: 7/9/stats
modified: b/5/stats
modified: f/8/stats
created: 2/d/34dlt78vdgmhebclrgnskveisoroupoR
created: a/2/35e3hstp0nprnfn637r3nr5c8vssc0oR
created: d/9/6719h6u88484knnjh67id5jl6g0v9maM
created: e/a/4715589ad9crrl9bg1qhmka8rrk59auR
modified: 1/5/47gvs72lb9ihv8cr60rdttt0239bb6sM
created: 4/4/56mn2td9iq60i7q57ovu0vj4v1vhameR
modified: a/0/df14ft0t8v3cb3vpaqla24uh5n5aqq2M
created: d/c/3c9ffcv7udrjjhg2338j63ortrqhd4kM
modified: e/6/stats
modified: 4/1/a16di4tlf1b3q7vtvaf9cd9refgqgkaM
modified: c/3/stats
created: 0/7/3dm82dl5ovhbtdhijc1o69ttns2hhroR
created: 4/8/acfsie8369omjb28f0idis2k4m89gl2R
modified: 9/1/01e5un2a2kljfrk161oe5k29dqjv12iM
created: c/d/42l6m1v15tkld7nbldhu2erq5qa33oaM
modified: 1/6/5dj2odpmtqif1ve7l0dlqcj1n42cnesM
created: 3/3/1av57bnejukc1j1qn3mh2ak2kdig1bcM
created: 0/6/3fopr3dcd1k51v9q320rjdagh3dkbveM
modified: 5/6/823hd8jvsjintdb3tfsj6269gcfu6d4R
created: 6/c/1b9ecgfi2dcfn3c6t1oqsok8f4oc5lcR
created: c/c/69uhvegaon328rrug70i5hh74mpk5omR
modified: 0/4/stats
modified: 4/5/stats
created: c/3/7elpf81pivo77nr3212i7fq1evkoj54R
created: 0/b/0dohgs27mkpl1n3nevgktlssauff5quR
created: a/1/e5o7ccpq6rpe05dklv0mti1fsa1675oR
created: 9/3/c9gl740ghbrcrjat5ck2q208rhg43iaR
modified: 2/1/stats
modified: 6/3/01vpu76penq2gicn06kq234s69n37riM
modified: 4/5/fa06qvli9kientmchc4f175jh49srcgM
modified: b/3/dbpopdg1d9e3d6c5i4f8ktc17ccpfq2M
modified: c/d/0ag1i09q0a1akte7ir7orh3vd2gbaciM
modified: 3/8/stats
created: 4/2/a06dp81k0nbj6ipd5sjp7isgg6ksmqcM
modified: 8/6/19c5nedct1ppul81vc30s1t669ulne4M
created: 2/5/9bbvdgnb3ptofutap19rbjvdk7v4jb2R
modified: 3/e/20heikcq5d3d2uikmk9n0p6lq3qqrekM
created: 8/d/19jocecruha8r6gfcppebqdfcffqj20R
modified: 9/1/stats
modified: 5/9/97p6rqb8l4heq8230c67pke1v49ljo6M
modified: 6/c/stats
modified: 5/8/4ecb0n69n3es2kkmp14kd51hu9vt2kuM
modified: 0/8/73l9tvm5vns1jmd0j48dtgin5ck5eegM
created: d/6/6ekl6b1hs4j57e49ho6o58hfk5jgmoeM
created: d/e/f2e0k1r5n398mjom9kv754a8nlt90euR
created: c/0/98c0imgdch42amiad4iv4usd9to4n1aM
modified: f/4/0c0cbfvdrvoavo7cia1hppv7vm77ovgM
modified: 5/7/stats
created: d/1/5fgk0ik2g6suvgf6ejcbn4sokmvbht4R
created: d/2/4b7ti83v86m9cl78o8ht0a96g4e1p34R
modified: d/f/23609mek0n0cr4cam4ghrfrl6fsjtluM
created: 4/7/behd0nrfupa6fcq25v6ffultp7qmplqM
modified: 5/5/stats
created: 5/7/29r6nvtnkrjfs7lrsiepjk0efnoq2oiM
modified: e/e/21lv6nd580cfs4kh653gotc1qa7jehcM
created: 3/a/967jbbf8c7ai4qqm8sn9ieb6nqtokp8R
created: c/1/d85ubq10kuu345dunsr0tqp094eitduR
created: c/e/5bd428k36ra54cvopj7h9vlut91t6haM
created: d/2/15n622anvm566poj0781qidstnav3okR
created: 6/0/d1ura0b13gkmpc06t8guu7g43gi1af0R
created: 9/0/cet4vd7i3ge776sjg934a3lqurvqkaaM
created: 3/4/3cj4a56d541pl8923k18qef86lvl374R
created: 8/6/936vvps433d8igo0cqvafb1q66lfrniR
created: e/5/451jf5lcv690bikf3hu9nfcspuj3vriR
modified: e/3/stats
modified: f/c/stats
created: a/6/c6lsbu6vutsdbn1c05a4uj9v155mocqR
modified: 1/e/stats
created: 9/6/cffp91cn2e3r5ro0d3i691585qsct4qR
created: a/5/dd7ovg77ojvh5rhmtf65305mdggo54sR
created: 5/5/4dgs09aip9aolnn4id8jdhebpj0t03aM
modified: 6/9/3fbagqeslpsgeggnncenal8ki08epocR
modified: f/1/stats
created: 0/1/4fal672vdruanif36b642f3tfqmflp0R
created: 0/3/6efv7c33hs3d3qql4f36qnornr67rn6M
modified: 1/1/stats
modified: 4/c/stats
modified: 8/0/5elsvk65v7bqu4a6fe0pjgg6eqviiqeM
created: 8/2/9a7s3bp070fnu12622amop7vs3bh4mgM
modified: 3/5/93hjc3ns39bn7dkbe32vlenatufmbeiM
created: 7/2/eao5phu627cjnhh28j49ju71542eg2mR
created: c/8/c2laq1j0idk7l74p45fbbo67a1shhk2R
modified: 4/2/51efr4nejtmvmc5j4pbv7fr0cv4pakoM
created: 4/e/a65doto70ec89u0g2tj1sniroi2ivngR
modified: 9/4/stats
modified: a/6/69ge9jmq6stj08i70al46u8dm2e2c2qM
created: 3/2/ffvsdksu45eve8otf11tmjvr3su41i8M
modified: 4/9/stats
created: 8/3/7btcpnjpqv2f6a6ti7kalut44k4vbdcR
created: c/8/e0i23ut1og4i29m5lvqodacue4feehoM
modified: 5/d/cbhlmbdheulo1d5mjngdnvim3hf7fg4M
created: a/7/b00u0j108a71jo06clumce3ac1ki1soM
created: e/1/dbqp0kd40dv8odcdkkjcsdg3hihc5suR
modified: 1/2/deaurfp02kl6qngonm4c0idp3m04oguM
modified: a/5/580f8aldntieqtn59lnffqbjv0jct1qM
created: 0/7/74sl73b2euoib90ehf8q7q459skitdeR
modified: 3/a/stats
modified: 4/4/00h5sd2gkebe2cj40i7v5m383gf86dsM
created: 9/5/9d3ej8n8ciqr5eqtnigqvd5ciq6vhp2R
modified: a/7/stats
created: b/5/c6spje5i23i2mi6mcbmplgdle9dmohcR
created: 9/7/b7iejl705kqhjcv1uo54fdlgk43tpseM
created: 8/6/64bs2oog8nq1m021jo4rur855hmnit0M
created: c/e/13mpr5ltcc3r5b63kum3mqu87gus6heR
modified: e/6/832q1fnn1o6fmshj0lr934unctp5otcR
modified: f/4/stats
created: 0/3/763icohcsuiln1nf25029ofuojlhse8M
modified: 0/3/stats
created: 6/c/0bvdis4epu5513sh1p248832g9v3m0sR
modified: e/7/stats
created: d/9/ee4rmjf7vjl3pqo8p1rqu9bn42r1kkcM
modified: 6/4/4fbj2eo4gcihknmkcnucj19te9netqiM
created: 1/f/efhr8cnmb3rg4i5iuh0num438f8hld0R
created: 4/7/44vf5du7vj7hedp519ujs190lbf70q6R
modified: 5/3/c8esv2nbn2tt6d4jrdu6u12kmrtnqreM
created: 9/7/9crqt7oaqq6o63r0be4oedmiqffv8q0R
modified: 1/4/e94e7q17v85r4eoop21bqgqnbbkthuoM
modified: 5/8/stats
created: 9/a/37imeq1ji3oiuoissp0nc6rht444lseR
created: 4/0/3d5iabuhrh92tqmesogup8m4hl4ehaqR
modified: c/9/stats
created: 1/c/b3i4ks5lead74d6rkoc203sbe6h24q8R
modified: 2/b/58ukias4n8ingvk3d34snslktq3mggoM
modified: 1/0/a9nmpu81od2g8o2m6f85emktuvbl504R
created: 5/0/c55gfcig08n2gfdk0roejvvjun82u7gR
created: a/8/32slihkuf8duh371gl5ufm823elb430M
created: c/3/f7dg71j7ujitgf6v4acdj64af99sjb0M
created: c/7/8cdtarhai9r93fqpauhidkjuqs43to4R
created: 5/3/3erd0ikj1lffjaadm43midlmll9tdt4R
created: c/1/1fibmf3v6325s3400vlimjr8d5spge0R
modified: a/2/bbj6d86m7s97rlotspb1vkgb5h7uoaiM
created: d/6/5btjdk6f5qtgl2i74cc96n8k2vvms46R
created: 1/7/f6fcu8od754dv5au7sme6spp31rmpngR
modified: a/7/d41quvtf2e9f3giikn70hjurvfs6mekM
modified: 3/3/4fdlcn0cs9tkdce8ce7islrmiq5pfpoM
created: 3/5/23v5ggmcefo710h94ut917cf3s03d8cR
created: 3/5/fdbp71r5v5t1orobmdb8po552d0oja6R
created: 6/2/85mv0vf54bsal1lvqvmqoh539lejmneR
modified: e/1/stats
modified: f/f/c9lv0ihtod6roj1j52u571ti3m51ec2M
modified: e/0/e757084g1enbc2tuj72km665de7nhd6M
created: 3/3/fc8s4ih0klude6l0alth36l22tombf0R
created: 0/b/2edajh47guck8vs6i4t1jjb7e2bdnhmR
created: 1/d/59pi6e7fmgo38ig59nr6k15edj2m676R
created: 4/9/28hj2e0s0o7218dqrcsh1cc6b5oigdsR
modified: 8/7/d2akk28efo6baitf60b86ivqsgm949gM
modified: 9/e/stats
modified: 3/8/ed0iaops3v77khk2nscl7gq1jdiae22M
created: 8/8/77pud8anp5pr9eca8fdqji4bst3c6qoR
created: 1/c/049v5rmv8gsrjtj022o4pq7p30tqjukR
created: 2/6/a0dbgd8q2002vp2ockuoj1r0isqlj4aR
created: d/a/47r5mg3j9p0hloqf4mfe9aa9hedahfmR
modified: 3/3/be5milgpaaj4j1rvt7rli8rncvkm3qmM
created: a/6/17cpusomil6lc0qjsnjld7ria9gucsiR
modified: b/c/stats
modified: d/2/stats
created: 3/3/2a0idqhno8gbvvm7mtrsomfn5tbqfemR
created: 4/b/8f98opp440n4ttt6rdirke376m3i5nmR
created: 8/3/fbovb4nv153gm91rpccbno32qpebitaR
created: a/7/31obpegarfmshebn283h7sileo9nsh8R
modified: 1/5/stats
modified: 4/9/e052md4jsjjlhm4s9qlonridm4g3n2sM
created: b/5/06bpgh3c8vgnb6b4hpgn352ai2ajebgM
created: b/d/9d2r1vngh2d1ieet5f2keapv54dkvpsR
modified: 1/2/e3rierspterj8eode3d062p7k9q8nluR
modified: 4/1/feus4t095781t5td5frbt2207or95q6M
created: 9/7/7c06s1c9b73ng1j14hqsghui2ogrq94M
modified: a/5/a2kldtehfuup24rec4ut2nnqi380fomM
modified: 1/3/bbidkdhkg3nm4dofdqsegqbudnb67ueM
modified: 1/5/28u05uj9fh9cptav9cpc6c3bl2dfapsR
modified: 5/3/stats
modified: b/6/3eipsjujq4fpbm1pbvtgcqga2dm5mo6M
modified: e/d/stats
modified: e/e/stats
created: 7/a/e047qso3cbe2ebssi8ql7i80v29gnmeR
created: a/8/992pskbid7i254m4ebke57h8ni4sb50R
created: c/0/06hrotm6u5s47d0km7c7joibpcvpmf0R
created: c/3/a3ovnlvk2ffhhhet8a7irvjodmc0j1gR
modified: c/4/stats
modified: e/0/stats
created: a/7/b8nhvut5ofl3k4te532vn4vbkhkt88mR
created: 9/d/04l605ll1umg9sjtgnanjb54krmcdi4R
created: a/c/9cfho0osegs7i21l956qdgb59rts756R
created: 5/1/0265nk7ls354fqdd3ucoh80h1e3k3qqR
modified: 6/8/e9r6k7facp2jikv0prneiajqdgjnmloM
modified: 8/4/stats
created: 9/4/d9uf58547hoh7g4e2cmgtctett8mj5sR
created: a/1/691n22d13nhocat64kue3tn3bo9foa6R
created: 0/a/42sbv4tb63qv3kioth0c27b7qio47p4R
created: 0/c/1egpsdj8c2m5agvdruprpvo5shju6fgR
created: 3/4/69lohmah17oqu0jef7rcrisouhuu5ruM
modified: 4/e/stats
created: 9/4/f47chlmoacd2qkj6cvpvpg32ehhjkj6R
created: 8/4/77l2rdcus5q2err32r68pfv1r3ok4omR
modified: 9/2/stats
modified: d/7/033gemen0uupgfbshibe02bpc3art2iM
modified: f/8/0d664b5g0tb89eg2k3qgfnufogkgnvcM
modified: 3/3/stats
modified: b/6/11ipsf0j5qg6cm4fh1au6dbaqgo8gsoM
modified: f/stats
created: 2/7/4ev0a23hkbk7rb50qmkj8bfbcr57ulmR
modified: f/d/stats
modified: 3/6/87nlj9a3vvkskghcurs4t864gj2pbo0M
created: 7/5/d8rl6nfgls41totts2kjflg9f0hee86M
created: 2/a/52uppo4abi7lg24qbkvi1n625ejui64R
modified: 4/0/d5u2008odj80i3298ggh4jjq8ok0j2sM
modified: 7/d/stats
created: b/4/51ho25rcvvh330c7savon2ut3f2a7ogM
modified: 6/8/3b4mbphbnadchdpgol958t96o7a59m8R
created: d/b/8eqt2kn01skp18jh3miventr8u2b0piM
modified: 5/2/stats
created: 8/b/873l7g6jkhp0lk0fbp43j3n77dni4vaM
modified: c/8/stats
modified: 3/5/8b2aecl23pidp5hdpdp2vlmaarjiq5iM
created: 8/4/4bm7sfkaba6hmelrdelim9g1vi4qbbcR
modified: a/d/stats
created: c/1/304cooktisjvpmtjrvrrq7plqm1ug26R
created: 4/4/914368pieg1m5vk9b9626gdl3qjqbbcR
created: 5/5/c74351jbhhg276cg3f89pg8v0gfme2qR
created: 7/8/a6mcq07623t0tdoub02m0o6vjphtt26R
modified: 7/9/1fmi1821s2mld16eqktbr3dj3hgpkb0M
created: 3/b/58tiqq80v7ihivbi0h332nb6s7qhi0aR
created: 4/2/dcvuino81q59audio8abrmuegmh1gjsM
modified: 9/0/aeb8v7kh9rg3270dpj6185v8fg18aieM
created: 7/4/42btu0ccpiubcag2jcq1o12jd4naldaR
modified: c/3/10km5p6llsmqj141fj550582ufk5ajeM
created: 2/0/6eocr3e2qhrfunm2rjoc0htmbu8vcfeR
created: d/9/a3omv6o6s9mtkh0qhlp5fgvup3776tcR
created: 4/9/3esgumodcdghn0apftfpeets2ht96fcM
created: 8/c/f70ql4an2hvv1fqqumufjde0jeea2muR
modified: 9/8/stats
created: a/2/e7a406i9tuf18d1ge7uphv9je6qfu8aR
modified: b/0/3b4i4a13h4uh0ctmjpmb77avldpo05gM
modified: d/e/stats
modified: 3/7/c3mgudf0p3el47soe0707fdpqm0l0ueM
modified: 4/1/8313ou3hn3q7a42u9ttlgki0gufmj68M
modified: 7/7/stats
modified: a/c/stats
created: c/6/0dkhqadad8d3rr0v1u69n4eb8o10u8cM
created: 7/f/efv5u413pga2np8lbol1tcckk1ng92gR
created: e/0/31pqcquuq1km0h7e9kufo0om8npfp7eR
created: 4/c/3cim2td5455nsk6ss9baglf85e9aolqM
modified: 5/0/97ikr1ojs8csm8ql70jc88q0s3vc90sM
created: 5/b/38d5v2lp6sctrcva8gqojqko4hnvngmR
modified: e/1/987va0qv4fcijdbbp939crhksbquvjkM
modified: 1/4/fb0rsshl2ma3jp3v0fit54b9t72p0tcR
modified: 4/8/stats
modified: 7/1/f6ulegcoc4nflouaf154mfoq6b4lasgM
modified: 7/2/b21ud9h1ijlttv7j50k3jvn8tfrq40mM
modified: 8/e/stats
created: 9/0/6f0l4tv3m8dc8fufhdcb0eem8e1go7sR
created: 2/a/58v4buglp9r0j27hs1vfopvglggvkpsR
created: a/1/71pvn3frbfjemhv7qr30ltnrotmrd4cR
modified: 4/b/stats
modified: 1/5/6b299ilqk90so6eirdkhaumpl333bhgR
modified: 5/8/f1a796sqf8jab2udio6ioh5lotciip2R
modified: 7/4/5482mdh6n5mhm714acokmuqavf4fvaeM
created: 6/b/07j3kjgscik433hkthke1m6rilv95iiM
modified: b/0/stats
modified: 0/5/stats
modified: 7/0/fdisvugcl075tpc4gakn6e7vgqb8cj8M
created: 9/1/55ni62n8vsscm2knuk2i81vdajgraskR
modified: b/9/stats
created: e/4/6022om5ad9kkt1c45kj2e4nikg5ltucR
created: 5/e/besshiv0iq57osv20ravi642c2ss0r0R
created: 9/9/007jv3umsah8mgio2i9t9lgap4iu0ecR
modified: 5/2/72iljrmkme0t2fadfpcb9thiu0h71u6R
created: 6/8/c6ej66mov5tpnub7is5ma9gq95o343kR
modified: 8/8/stats
created: 9/8/3avd1jqv62jnsrdtkq5b3j446f8eet2M
created: c/8/ecj8n9oqm7gjudtk4i3ukjgrskrsh7uR
modified: 7/5/stats
created: 9/5/5cjbjgqljt6mdcl8b9svhb3gb0b8u20R
modified: f/d/bbfqdqaubhe1112ek64553m43clnvmmM
created: d/1/528qop7v657p9o2uq847ace53vtf3soM
created: 2/2/842akcf47c4n8vdnv6rhk3sh9kakre6R
modified: 9/5/stats
created: b/9/60h56sg3ao1oolq1pj7k3h6anhbus5gR
modified: c/stats
deleted: c/7/33f33i9fnffgu28arp8a6kcj1nv36j2R
deleted: c/9/8c1m3jn3mfhts5ap1i2rpkjv3hkm8pgM
deleted: 0/4/1d8gugk0hm51nqbllhcoeb13896kaqaR
deleted: 5/7/55pape4vtbrv2pblvids1durd2ja6t2R
deleted: 4/8/d771h2bhtv2q4iqc81gl5bg3ph9nt7iR
deleted: a/e/54f3vu3p40bt42f1ehl94j4e8m7o7q8R
deleted: b/8/bf306itljerlribhq6nl0o4o0qtd24qR
deleted: b/b/d6vqc0kdvrj755gmd793gac7ufr89dqR
deleted: a/6/df3jd6mf06r875l11g3675lgu4l978uR
deleted: 0/1/3eoqklotuuaobjd2tnmkbif1cnok4okR
deleted: 4/2/47tfr3h8pvief6bvbd5ccvvjr09flnkR
deleted: 1/0/d4n2bpmml38udjjk9s27vc2r3v5ehoaR
deleted: 2/4/2drj13et8lqgmteene0rvpd93gch5lgR
deleted: c/e/b78prfmdhb4fdqhsgpq7lia00dt77dkR
deleted: 6/6/07c6i670fq1mm8g4vgokcjvfqnc6kr4R
deleted: a/3/3ccu1me4bt9p786f53bufg2lia2gmhaR
deleted: 6/7/6do5cis84ieg1nm18abvv9f5p4gjjakR
deleted: 1/c/0d5a0dd9olgngojccn5h4kdr03n55e2R
deleted: a/a/d1bv5lrkudb44ubaa4bg9ektk5s479gR
deleted: a/f/08mictfdelnbpq82morf2lnofdk8d6uR
deleted: 0/4/c5ih09llu8hsif0nt9342ths11eprb2R
deleted: e/e/c7jvpfk5246ccq7jr6r76brr63shms4R
deleted: 6/2/6ekm258rt0tf8g0bh49gtek1kab4d3iR
deleted: 8/6/0ded4s93iddd4r6n221jjs80hjq1pu0R
deleted: a/9/8c574l5hdeikhgpa2vfisu1sia8l3ekM
deleted: b/1/berc0dstnn49vi8inaamhe4vpltor54R
deleted: d/2/02bnntb09no8u8e51re46m0v18uclu0R
deleted: 6/8/22glut45a28bjknu112rtutemt73rjeM
deleted: e/e/c90t1emhq0pctcvu960k7ur2v2d4bqmR
deleted: 6/5/19df5d4rkca0sfeikqfc6lk7el1d8v2R
deleted: 8/2/9dk5pen7u5oairemfivieg2vj32n5taR
deleted: e/e/72jrd0r6c1orbnipqdrvllq6j5ltqb6R
deleted: a/4/c3bbamf4s2g436npcbf8u9s3a4r6f10R
deleted: c/d/24qj68ensd7t2h3pm0mjp5mci9jphh8R
deleted: c/e/b77q3lprcmghpbmkdu3ikkcn960quosR
deleted: e/e/b1cfm9h7p8b1dcisc45nivi6j7h7g54R
deleted: e/3/bbsjsj6hjbu0b4l2ih01a5uidbf9080R
deleted: c/e/d39n56l6evkr0iqneomn7eokn6o6ceeM
deleted: e/3/65j2uo6kt6bf2jb186ahk1r7r6g05icM
deleted: e/8/e5r0lp7019hurhpgp83ff7d0rbuqtakR
deleted: c/4/dc5d5toef6908gitajg5ghqm5rg2vn8R
deleted: a/6/63nmetvlii2frlflefdfbrpd43atv3oR
deleted: 0/3/23dlh5fbspivulbqakefuoh6t411hekR
deleted: e/8/57pt93qnkvp3i67n7r7of0rckam3m3iR
deleted: 0/5/26lu46fnigi7sicb8lk1cpscg6sqgimR
deleted: a/f/296gkffiss53jmbud2hptnor1lkhvfsR
deleted: 3/6/32111b1r4me3ce5ud6ttovn8m77cfrcR
deleted: 5/5/3ej0leajidpj2hc54aocjh49u0vbinkM
deleted: c/e/ccmlflm33qhhrojdmtd63kgtl1dkupgM
deleted: c/c/70jrppj83rhf4gdml739k1b2ooer3toR
deleted: c/d/410qgmqlv4lq2ovjlft3rqon0cmu8seR
deleted: e/c/c098ie0cnpalqck3bimvabsh5a5ood8M
deleted: a/9/8eb9jdtqaej97qc2d85op9me8slnfasR
deleted: c/e/b3upmsonvc21td1hrj2c5bdnjfirhleR
deleted: 6/2/8e3ah2org5prgmgte34dkt78t9i396sR
deleted: 4/a/35c3486umpnhce8ihno0cqj61nmkt82R
deleted: 0/6/8df450mp7mjgratalkhcnpa7ts0pq34R
deleted: 2/3/586oshlohq867vjodcad6vpdr3vrf4gR
deleted: 6/7/fbd6gbc1s7ba5b3nh1k2lhgbbt0e6kkR
deleted: 4/e/d6f8kkgt06qqbk1qvdlb0gjue1hoeboR
deleted: 3/2/d8deks8oov5m0m29vfrei7nh67pol90R
deleted: a/c/3dev4pgmp0nrv0bvtug36u02f898c1oR
deleted: e/c/cfb3p6do1rik7tk1fvk9ddk6nphrhgaR
deleted: 1/7/33adm2eb5ld48gu9snofa4v015u9s4mR
deleted: 7/4/cecuv6ogefc6c2gavcshkk931ea0i96R
deleted: 1/3/bd1i28k9r6htdsij1roqbemufmf5ag2R
deleted: 2/3/90tt86nmqdn666lep95d4j9o96qgmb8R
deleted: d/0/02ij5uhk6pdv7g3a4odlledv2t54tbaM
deleted: 8/7/c6eugjsklr5gvbbp7asfh1ve4lojmrgR
deleted: 7/3/fe031be5qpsbpvfua7fpbg6u667l73gR
deleted: a/7/18thiqqda0phrb5ke82u60enn5ngjh2R
deleted: a/f/0elbv6vji3jon8o4orq95omj1q1drt8R
deleted: 1/1/a7eust9kf8u2lsuu8u9guechrea2fp8R
deleted: c/2/79vrqbprgt2qhp5rjdhjh366u8j3tn8R
deleted: 2/5/10crima4jhdgmm8p3kl73kvo7r83iguR
deleted: 5/7/54uu9mcdrdg6u965lvpo7cvji5jl746R
deleted: c/2/bael0o6s42gjavun2pobef8drea6ufkR
deleted: 2/4/e9inehg0h9e22kuf7qqch1dd9rfv82kR
deleted: e/d/c2ekm8c62fu24sohqs3l7s7jegh0gn2M
deleted: 3/4/6eonnhijnjicgh8j9erdpteg0suud14R
deleted: c/e/dftbgnvq37vtm1vv98cmhtt3n3i9ej6R
deleted: c/0/10h9m67juoi46fm5tf1ff1bm4ceu6pkM
deleted: 6/0/c1eqgiis8k36j25sbmdevo8pq9fhvh6R
deleted: e/d/6fviceodf6usf36n1bv937pjk26cdocR
deleted: 2/8/a70vn8ncm2qr4bdmmir5p8spt4pkrmkR
deleted: 7/0/b53o6lhlnpfimdri0d88lmc6073eueeR
deleted: 1/5/6esag8pak2mka2thl7hborpb5lulbs8R
deleted: c/e/f54t2gt52be3oufu29bsg8g9135pc7aR
deleted: 4/6/5cn1hvkf1qcdailofm6o5d9dlq3c352R
deleted: e/e/c6814nkjgt4s5ivagm0hleq8a2q0ldaR
deleted: 1/1/4c0g8kecc9ab04201ada67ht9o4u4tgR
deleted: d/0/c2m48bi4i0vid9o8hln35no630cn5dsR
deleted: e/1/28jtlkkgn3h45rhk4orgokl0q4l0ko8R
deleted: 0/2/0cngefih0ksfd5j8u6vdt5b5ktdo0reM
deleted: a/d/1aaav16bo91mogei529lud0k4pgb5ccR
deleted: c/8/1b44r2a24277ko7voprs0aahetkelumR
deleted: 0/5/d2anh7bksilietih470ouhqs5u9e3iaR
deleted: d/2/328mb93l66uom6k7eobrbu345op8k5aM
deleted: 3/9/4aadl44sf1doopos4fbf514i8lq7s56M
deleted: 5/9/41r2ot9v02iifsr854q0r4er1bp4cnkR
deleted: 7/1/ecbemfi232g2kenbij79302l543ofngR
deleted: e/d/8a3bg4b68cg77lalvl1bqk35bnuifbeM
deleted: 5/6/dar1loc9ftkqf4r30s3nbsi51ruejnmR
deleted: 1/9/66dvpbefvt1lch8h4me2q2j8empns8qM
deleted: 4/a/57c558d8e8vje4i1qmr43vt1eieop3cR
deleted: a/1/dbft49341q9l47jtv8r8el5odspvmhsR
deleted: a/c/2cuufp74iq85n0btl4339ngockp24seR
deleted: 4/c/5fr2hvbb337j6j6o5bfitg0oar0c24gR
deleted: e/e/bc1jup3u371tgdf1mnbdlnoc10ktvokR
deleted: 3/4/783acprnue8kjaos6m3tebhrp0rq0i8R
deleted: 4/d/2bjc4hs3oi0e2pdni0lmqdvfd8186giM
deleted: c/d/cfu4mr39iv9krod04s8j607v3bokdqoR
deleted: 3/7/df4t99qm8s3dp8rh9drf6nkqu2dkta8R
deleted: a/8/e2fj3jrr835upto6okmt2hf6er8udmqR
deleted: c/7/34cpb7e5tinvqvba2mgsg3e7bclb6laR
deleted: e/3/1e893243sdp5ediama8m24ln654udegR
deleted: c/8/00etodduloqrmr0nsvk5a5ji116qtegM
deleted: 4/7/2e1kpu59cn9cpqpr03vb8q9f2pi9bc0R
deleted: 3/7/70l22o7na5ug8ur170esv53v6m3i3lmR
deleted: 2/1/49e6rv8k2hia8f4al1a79vquilcpd6sM
deleted: 4/6/cfhqeknlqubq2vd07n015lji35fsjagM
deleted: 7/6/294tk27pnataplbmodisub4niaa0p6qR
deleted: c/5/3f5ksv0dhlmcm0urr7e4lpld1c8vh4eR
deleted: a/4/a5tf3212bo34lhbs9qber5kpjc37ln6R
deleted: e/1/0ffamv8l59ib91khj9iujtf2tbl6p0eM
deleted: 4/e/d83jrrn7sk9m389gpktq99aet25lgbgR
deleted: c/7/efb9sa4c33fvh4qrvfulo63tlnvjk7iM
deleted: b/b/1ahpiu0fd7cu08s4itofq05hne05q1iR
deleted: 4/4/fd3rqe1aho6tbqkm4vetdib99mqn47iR
deleted: 4/9/6craf6rcms50q4b30romjs6bqn93ts0R
deleted: c/0/7cjjcgti30td8ju52h9ge4hgsrf6ca6M
deleted: 2/1/d3i63ieejbvdkng1vdfqmkrn90bc0miR
deleted: c/f/11ve5cvhfeoiumvgp6dqrv948ppt0neR
deleted: 6/8/7eqkitng57gs1ah2m3uuikurn3q729uR
deleted: 6/4/33adauk3nbg80fele6acdf0rpu3326gM
deleted: e/e/b4airc7gc18upjvvpvvlgms5t35c78aR
deleted: 1/5/ea0qsrmljgr9cug4865m6calrjp32n0R
deleted: e/d/a988i6j1p3cqvrs2lcb8fqt23v0ktm2M
deleted: b/6/e998a0ivp29e2oja4fm27g4no4crohiM
deleted: 6/8/be1ekpkucq5rpmf887udeadpa105vkkR
deleted: 8/0/86jg1krqv21utm75hamichqnl99kahiR
deleted: c/8/d0i8tei525f2793vts907pr91a4r2d6R
deleted: 5/2/e0jo3b7nptpan9s39l6b3omqboeij90M
deleted: 3/9/82u0irsiofjg36gh3tussgj856dgi0mR
deleted: 3/a/cct02l2vi0njiftmcm7gvr92npl4re0R
deleted: a/6/0a8mgqkolt77o9sbsh60vg8bnbvp36sM
deleted: c/0/2fslcs8kq5p8h7sdo5pjfqr6r62lll2R
deleted: c/9/51k83jmffvph5902288ggpi5f9tp5kkR
deleted: e/e/99unvhthcl6a31gg96muc78ds17ime8M
deleted: c/c/b80ellqnjgo2efi8a27tlkuukv62kucR
deleted: 1/7/41elqjlpj83pnd5s409ia6mn081ietoR
deleted: 4/5/b2nbubsbcdr74u4kf3at45ho3d28t3qM
deleted: 2/2/33hpvmmo294gdmm5040p6kv8tc6o4tsR
deleted: c/5/1ekg3g7hcdsk1lcpqso4uegpjsddrl6M
deleted: 5/7/7ctmdpst9m5fkl5d3qd5cac6cib64ssR
deleted: 1/1/feclnkb4qlr52hbmu0p61ooml7ngqdiR
deleted: a/e/eam51d2a75o6k6ar9p71g020peim0usR
deleted: e/e/bdo2n1g3u3nsn9thjjdh5lptc2j2g6gR
deleted: 5/1/0bin93tvo2qtih9uhtk1a19obgrfghgR
deleted: 7/7/ddd9l9fhck33eo4lnfovekopa3dcsmkR
deleted: c/e/d374qcpen93e66k17lt09qkpheoj396R
deleted: 1/8/d8bh8v4if8funo0f5ctalk86p8s3jrkR
deleted: e/6/caje5sgnfggnd0uhe1gopps6ae2tqpaR
deleted: c/0/75cle0sp3lplio2v4tla33aah0audqcR
deleted: c/a/acnslafbg0cface9cisn19pnh7lo56oR
deleted: c/7/885ib1i9tjavra5g4vi0dl08ev3iuqaR
deleted: 7/7/f1eds037p88a7jgng8k84j0s1ahblj2R
deleted: b/9/2e75hv085vt5hnb9uotnhf71fi9970sR
deleted: 7/7/4do7s8mu0eo10p9io039a4foj8qa9m8R
deleted: 4/6/765h7puv7tfe4hko38qar9oooffg992R
deleted: a/f/17bt8mgprkt07pplbhimcovcv6525n8R
deleted: e/1/e4o4akomkncpt0nh6d8uopq9a22noruR
deleted: e/6/39mc00ovsuqkhnp8ls3qhv6vf1npatsR
deleted: 7/2/89gpsseuikharab27lp07f8krtr2bakR
deleted: 5/0/4ea2nkpf7qaamq2km6hjpq6r4jp85q2M
deleted: 6/8/b5bdkf7f5r4hr7dmoundu2bl5m7rh5sR
deleted: e/e/dap6mrlif1koj535ia32akh6r3jqg6oR
deleted: 6/1/f498jgk5c4efk031o7iuje4e873fbrqR
deleted: b/0/81ae33nu0fgl8bgt5tk5597c1rugtneR
deleted: e/e/dae6uu2bg6vt6fu6a5nednf1cu26ujgR
deleted: a/e/f98egtgj56mmei1vm6f3vlpb0v1emmkR
deleted: d/2/7dbqsohjcn2umfcpdkh9nhavsbbt934R
deleted: e/d/55gnjrd3fv22j1lu4le1oul3ksekraqR
deleted: a/d/cap2c018l4fl5cmfev9i1g620lveu5sR
deleted: c/f/2em0ngserm27itvu45k55lcejmopbvmR
deleted: 1/6/38h06s77i68sblju0e0unl4hk4radvmR
deleted: 7/1/e0bsvp2ngmei77plmgg7a3pd6t4j886R
deleted: c/e/eatb414kkuqmpo5tles863lh3jjq3aiR
deleted: 4/a/70kmrbc0r4i7f6je5mi44jo45sk23u6R
deleted: a/b/dautfngkfltbqua0doed7cpksnb7o5iR
deleted: 4/9/62f4r60geh9tld38r4tr0set7tmqmquM
deleted: 0/7/e5k8mkg7jjhn9kt65g5ok926404qq8eR
deleted: 4/1/ceedb02k3e3khtqfh9ru9ct9udte26aR
deleted: 3/5/16dkqahggq00vpfrramgs808qfs451cR
deleted: 4/8/c4j3mea3dk5el0urn8fr91bbm4b440qR
deleted: 7/3/746a94c80shs0f6qnr566gcokci0rjsR
deleted: 0/6/4f93kdbt1fkn7f1i6v1bn8o9h4sshf6M
deleted: a/f/0c84je05jvu74mg8fifki60uhiifmtiM
deleted: c/f/234bgc0ikg1ivpa519l5o8hsjle92liR
deleted: 4/6/fd0j21cblrt0rgveiv89cd9n5sp25u4M
deleted: 3/4/a5ccskoq9cdb1ero97sb0407i1fboquM
deleted: 1/b/c0h1d8aio3114ahhni16e5v9n1f47laR
deleted: 3/1/10v99uf95db356849dhtdikaukkg38iR
deleted: 2/2/46ci626653afi1h84n9qqkqkgdr38a8R
deleted: 3/6/cd4goeaephluerqoks08ivkov9n2k06M
deleted: 5/2/f7t0upfkv42mvhdsv33f90ak35435dcM
deleted: b/4/d23jdit684a59dbrum4nsablr11mfj4R
deleted: 0/3/69r3fi3273cfvmk4bm21qvrjj83m1ioR
deleted: 0/5/66tmukj0mdgheju82398vo0pgluavlsR
deleted: e/8/16dlnuhfq9fc8nk3jhihetfjmov2iosR
deleted: b/5/2721u7vepnf06vttps83c15i0o3b1r6R
deleted: e/5/afn80h10fn3nadab02m2m2ljoktndv2R
deleted: 1/2/c4c0jj7r0egkf7q1idm8co14jm64r6eR
deleted: c/9/9cg3kfn6l9l4ul4k4pmb08o5omfugviR
deleted: e/e/cdl5kfglr28elij9en9j3bn8qcn5kroR
deleted: 1/4/7avcvs6v5l3laua8n8mi4jai4rkjagmR
deleted: 2/5/cbiufvhnmfhtaiq5isvcm5cdrt2if2cM
deleted: b/4/6d68sl1l7buijst147dcb2dmer0fpfsR
deleted: b/4/b9mfhlrldslbroqupm1q7chn7vrkoloR
deleted: 1/5/38tarrvsfs418i9rb650oi84vus1eeaR
deleted: 5/2/bbpn2pujqcatv3cuscc93hu4uo27v7uR
deleted: c/e/c85clpesg0m82j1r8oe69tu1al7bjaoR
deleted: c/2/148j7jfi4f8vd109k0a8adlvs0hqeh0R
deleted: 7/0/c5hkp4ng7oik5kpe79j47b5dovjvudoR
deleted: 1/1/74u9986eh93r06r2qt4eatc85crb0b6M
deleted: 2/5/5d1s8iqa1q1458us0m2drn2o3qvq0pqR
deleted: a/f/29bn7hbl0se6n40id5opm90j3odukraM
deleted: a/9/221ds04m1r50ldrsvv25r1ol2986frcR
deleted: a/f/0dfv8ql372gbapj18hk17p71goffatiR
deleted: e/2/9bves7jtdh4lhc4rp1ul3lfmoskikumR
deleted: 5/8/7361ho4vr9nqvrgmk3ev5iauoh9t67aR
deleted: e/e/dcefh7cpstbsf94idavo7nlhnq05k5cR
deleted: 1/6/246h7u0946dnoq8j0oqb61g1203e8o6R
deleted: 5/3/b5vrbtpplj265i0e5gojaqu0fc3noq8R
deleted: e/e/02ktjbc39haggm6qts06pnr24qhsoniR
deleted: 5/1/dcbve2u8r4c75uu990riio8snf3htisR
deleted: 5/2/fau76gijdkbqc6eb8t5n5mdjbb6eoqoM
deleted: c/e/d6upc7vtjjkktk72auonk4a2hbmmqecR
deleted: 3/a/35bojdc597n1kipbejb93fjno71ddiuR
deleted: 6/4/b6vk07qd637i5jem8hg6qo4vkettb4gR
deleted: a/6/99ga1qarrk332pp97c1qda05mnasq3qR
deleted: b/0/57qsb9bp7nvauj32bgvfncal5cn8k5cR
deleted: e/e/e6bgammchi91mccktroq139qt22e680R
deleted: 4/d/36kqlokhr5efst96ka6rv75jaqutf0sR
deleted: 5/7/9ctrd1o09b09k4rtv625j84dmifvugiR
deleted: e/4/21s9shkfpki2ejusp94v3nfgd9n3mk2R
deleted: b/8/deup7sd407abr3g5egmftp7btog8uggR
deleted: 4/a/9f5vuh3cmndj070qf1hrvumr46gqe4gR
deleted: 1/c/27hmsn1gq97pvgk0cuv2rk18h378rc2R
deleted: d/1/a65lc58arsuqtjmkn9dj57s7h45pg22R
deleted: 4/a/cbd2lorlmqlob6qg7qrp88fusalhfmmR
deleted: 1/3/0bdtifq24o3u56a1e3j7oeeq6l8av7mR
deleted: c/a/d8og368ufo4bu4t251v5p1pp6kl88t4M
deleted: 8/7/f7ovft7opl41qpvmhgcaj4osvcp2djiR
deleted: 7/3/c6ail7kn04675dllsgh22ipt55ciie4R
deleted: 5/9/af1mk5dbu2m7t9i3q8ssoreut56te1kR
deleted: c/e/b9kmgv2bp8qgp8493e58ch7tetnk2oaM
deleted: 0/3/43g6uikum7ragnvqt8kjqimu61dbnciR
deleted: 7/5/72ld3fjh9r29c6k8jujgtdl24qdfhumR
deleted: e/5/0a8oqao68m0ablvt44cogckr7ifom1iR
deleted: b/2/23acovonbqhla1der7a1bjle36nj5bmM
deleted: a/4/b124302r8a0jd1im1ej09nrtfjj48suR
deleted: b/8/5ftlcc3dftm27mskcuqf944qbcutmlaR
deleted: c/a/57m8lfneaj4prpo4fi664vognt26ouuR
deleted: 5/a/cau1ms1q1ocli4mli5ied3erpqlts7oM
deleted: b/3/f9bkkq9gtsnecgnsfgmafupm6vtttgiR
deleted: 0/7/f9t0chdsd73h7oqpdu48g8h5q6hl0faM
deleted: a/6/1elc00v7cg1ie4u3p0v9m23e8lsfrdkM
deleted: 6/4/e0598d2q1ar52nedm6ac8kagdm7fdugR
deleted: e/9/8b7idjvvqc2jfj718cdmjgmmsfbu3rmR
deleted: 5/3/a580t25vl6jmvj6tialdl1ne5f44h7kR
deleted: 3/4/dena6n5029rl2rc7urehl9hm6q3eoq6M
deleted: a/9/0div4tssg6002kdiqctcalqejsdgai4R
deleted: a/b/faegqaqq2o1mrsoqlsb4bo0ub72jcpoR
deleted: a/c/210u2don2eta1qkvsnquie62076usviR
deleted: 1/2/ad2dksvt5cus4hogck8d73vkvl6oa7kR
deleted: 1/6/54037tnm1crtrb9indgc1cnn1f253mkR
deleted: c/c/b5nh9i9vue7c1g28ts9vta4hj55g2fsR
deleted: 6/6/8e1tunefe8raeqijqc5i3apdtun7214R
deleted: e/e/8fsospppl5gchnfbiqu85r1gktcpidaR
deleted: 2/9/5d9geddgf0bblv3h179f6d32iiqjlsuM
deleted: 6/4/ed5uhjp0sqgi7uvpes1lc1tpk6hmtpiR
deleted: 8/2/2e5mda2huo7rlp7cbgt9ee8tpbj1lfgM
deleted: 3/7/38udldj5pn1umci731qvvmjvkldabtqR
deleted: b/5/58fbadg0ah4cn9es135mfl44ug42v88R
deleted: 7/4/78cmoa5o413vkos83b0uqtlvbfjjue6R
deleted: a/f/19m76ju49omt5r31ub1ti8tob3m8c8oR
deleted: 2/3/569e695mdk4s99acs62t2qo0cp0lag0R
deleted: 0/1/0b50i5tm6nu7if5uo7uuap3c4fogqaoR
deleted: 7/5/93l5kr2d9sf31bq0rg98kk8vbvd33q6R
deleted: 4/a/89b272en1oj9mt7esm86dgib7ar0i0aR
deleted: 7/0/831ujssci8j1l6sqsapem75u0kh7qgqR
deleted: 4/3/3f9n7n7otrdr8ro4jrqa6cgju8hkklcR
deleted: c/8/7cn4u5ca2on8f1d17pd05sj1r2uvt40R
deleted: 0/4/d4r7cf98ec6i8eedo3o0nhm9m0de0uoR
deleted: 1/9/dfo3ckiiu8ttmmajf9phjsv77gak4nuR
deleted: b/6/5821f61lqb1gkk954fd6vo72bp7b6l4R
deleted: e/e/besknom0kih7s45pbhlu1g7i14h3prsR
deleted: 6/9/0du0gtmmjmom6df4j2lsd40lttfhk6uR
deleted: c/b/fdihccpmgkdj05es8qt6bgmoqldumbmR
deleted: e/e/38e1hg066tdbp88nq6k68sd4j1d61voR
deleted: 6/6/d7n28hnlhtbl01483ovpsq1kobk0i9kR
deleted: 2/9/c8l0k49vi9ajf4fc90fsg3e34o2qhb4R
deleted: 0/1/f3cn141sgo767t6apal58uqmedr924qR
deleted: 5/8/29cgi7osf45hvglmhbf62vnoa1fr7acR
deleted: 1/2/7b0rjjio8k1nv1okh2tjpdgll18n4eiR
deleted: b/b/743uq2n6of8kmns7t23qbcpc6jok3luM
deleted: 2/1/507e4imcnu2n0gqr5i7ed072squ8onmR
deleted: e/d/31vibbnj604cksh3146jrjtj7vpn37iM
deleted: 4/0/c35ksvv42g5v7u0keebntuf85mrv874R
deleted: a/e/d7i266l2msgio9mprjop4em5n6d4f6iR
deleted: 1/7/825aqmm1skeml7msf3t0da5td9d70giR
deleted: 0/2/06g8e7vkvriv1c6nasfaicph43fmtnkR
deleted: 6/9/62oejsq01lkmmarh3gtuh3t5djb4sgiR
deleted: d/3/10aq84lt59n4kfhb873026hmvd68bjuR
deleted: c/e/f0ig8uti4ov6o3ospv8lhpov4tph1q2R
deleted: 1/7/83hek2ickt7t4g97snmj6sfl2jvbfdeR
deleted: e/d/97cjfi58n4kajaoniscs0kah01ps8esM
deleted: e/2/3ao8n8lbr7kl67pvdsubko8tc8i7ljoM
deleted: b/9/4315csh603so09kemqubka48c6qmvqgR
deleted: 7/4/e3i31pdta2h7lf3maf7lpusbbo5ntgcR
deleted: 3/3/a111di13pme6dfnlbvdpn8etskg02rgR
deleted: 1/3/7bu7ptpte6ddotuf1n49kn0pn58eno8R
deleted: 8/3/d57c9j14cq1qreu1238k0anrfbhn9fcR
deleted: e/9/3f5lmkusg7ucdhkhva0jk5g0v6q4lniR
deleted: 5/8/8fhnaejaebv9rjoijf8nqo47r6lv3ecR
deleted: a/e/6cf30qb4phc6eu9medd4m50d5ruaj8mR
deleted: a/8/4ff0mse2adiurkt4gpp9af1md4670lgR
deleted: 8/8/2a9jv5lj2g8kmv4k89522rid1jr7qp6R
deleted: b/3/41al77ahgusvvm9ql9c0i8f9osgrvf0R
deleted: 4/d/7a9a0tf0hhdo7pqfhc0apgefadgkrj8R
deleted: 6/8/30fppn1v4ssfuvonqbmabpp52avateoR
deleted: a/3/ebah8pkcctdnhmvp79v0sjgveoib2ucR
deleted: 2/7/adkci6kngbstbd4016hj9vjhfb5nvtiR
deleted: e/d/cbd2j6riki7t98vhhe8siahb77sm704M
deleted: e/3/5eh4eqj31561q0qci4gg0m7sevjv48gM
deleted: 3/0/c03r2qnd6tskejp4cj8d8ssc33880r8M
deleted: a/1/af045toulkpg08883g8mokfaorbem9aR
deleted: 4/b/afu4i2q5dsb6va8j7i9kg59u44d8cq0M
deleted: c/c/4dgb0bvll7an9ej5gr26lbl0jgcaf5mR
deleted: a/f/009gbgsa5e5m6a06500q9j9enn5ebq6R
deleted: 5/9/223kjaaddoiban841n9blgunqa8tkiuR
deleted: a/e/edq29gvffdi9pdh2v5h8ao7f8f4ceqcM
deleted: 5/0/0aqgii3ebarutobieps2jdis2mj3fr6R
deleted: a/d/c1a5opsi7fl1aiipu0qs48dlbfhs1luR
deleted: e/2/1e5h0p8m6orjrmfoi66q0h7nk56cqi4R
deleted: e/c/d54k3h6hl9hadt929llulcrukd4kasoR
deleted: 4/7/07f45m4vbbopjcq1lh09glf11ajtb00R
deleted: 4/7/fbv0navb3b7iirokkpke6vkr078coh8R
deleted: 4/c/4dqo077pmedf6bnclu4gh7p49nrs7miM
deleted: c/4/7897lpdoq9f80sp4ahg7up866057gsaR
deleted: a/a/bda8l12dier0pl5l5vutib55n3mrrq2M
deleted: b/1/43rjcud19otkl9dt2kgjvj02e7mpa48M
deleted: 2/7/71nlocr7kldokmi0kf0ojea9i4rbngiR
deleted: 8/4/8a6jvv52nr5kaa5mb2r6p98bu6polvkR
deleted: 4/8/5f2k1dimap4q2p91h8nhicait32o3d6R
deleted: b/9/cdfp8do9fpg350pvngpq40efga8v2d0R
deleted: 3/5/0dkr0dmrr2jphkle45163jghj00vcl4R
deleted: a/7/98s9cqvqpql6b12a48ic0568n99hp7gR
deleted: 1/9/83e3bc51srir6kp3oshhd0r2m0qu4foR
deleted: 6/1/5e4n10eevae4l61ddk46clc3jv6g2s4R
deleted: a/4/32hjgqn7aqbov1lgth0qmj90h0tmu2uR
deleted: a/4/bc3npqj1hp5pur8rb163eelg5s2rmgmM
deleted: b/a/160h7pu67ee1acqmqe7p5bh56pa5rsoR
deleted: b/5/8dbui49u473dkl6h2qgbd5i51ib60naR
deleted: 8/1/6a5k45rf164ncihcvh09fvm1og9smmuR
deleted: b/a/b8dvv8237sq9j6ojccp5dciktmu52hmM
deleted: c/6/987913vakvf2ermq2r0otpbf5arbcimR
deleted: e/3/48ljguesbj52vfr6bmgehcgcgt730ueR
deleted: 6/8/78rbiah9to914k1gp7uq4pcvqiibmaiR
deleted: 4/9/34v0jdjkmhtrlf95pqsibtcrlkakk0qR
deleted: c/2/c9ot09iu4lv6l66g3brf04va5qcv3hkR
deleted: c/6/57pj1favk65h4otms4eql1fa0o0va5uR
deleted: 0/2/d3p57lao39uti5b1nhvdbr7fjm8nmb4R
deleted: 2/0/722h6c0l17j5arh22fdvtflfk403simR
deleted: 2/0/326v1gum3ff2jn2oud09lc2a3ipj6uuR
deleted: 8/6/b6g6dvv81rr9k9bfif7h2q3spad9evsR
deleted: 7/4/5crlp3047srhjgsldnl6jou3dduo97cM
deleted: c/b/b8jsl62taooilmlkl3plb1kauf5tf02M
deleted: c/0/e8bmc4tuel6icadpvd4q2u2ous62uj8R
deleted: e/b/4339oe3e1d6h3pssj93ra477p1beequR
deleted: b/7/f14q0e66m6ln1etfi7l5lb2j24ap1kkR
deleted: a/e/f9en24r1qtorhvnkla8q4rgjjf3kejiR
deleted: e/1/d9hmi5v485sn89j4q99mr5h2ropkjv2M
deleted: 2/7/c5kgpvk9mq1oec7ts2ctvhfk5hgjdvaM
deleted: 3/3/46mkgep4elg40v2ehs8qonci0412ho8M
deleted: 4/6/bb42s49cbo4np31r7m4q7mefvtb71i4R
deleted: d/0/fdlvqfc4pf6g7lrg2v5l28tnf3otppmM
deleted: 3/5/0e1d7rnl80ksqlq4jp7khseb5d08mr0R
deleted: b/5/6c2nji41eqmsgt5ufe47sr8ahlsg5cgR
deleted: 1/a/f4irijkcs7raf2kh0d3g08i1pue4j46R
deleted: 4/c/e8r66ru5iaag9qoteih3cfemufpe480R
deleted: 4/0/5451uoclqbq2fgs78g1qr5tj2tkks5iR
deleted: 2/7/d07hmf4r8nrl1519uehkdkntgcccuc6R
deleted: e/5/cebrdfj119f4l735chgjpupb4l9a666R
deleted: 1/2/f6ei4o6gpdvfivhevgrk40nd4ruodl4R
deleted: 7/4/93h242ao250ku66ue7mv6vkm57dehcmR
deleted: e/a/a10jqh71fbqb1q3mm9shh99ad5psocgR
deleted: 5/7/4dlhiqu5l1hqu2o9d1k04mou38e90p0M
deleted: 2/0/47iiv4gmt3c57083fk0s0qguskvplviR
deleted: 5/1/a6jp8b70clr78tovra3448hsr8ptkoiR
deleted: 0/2/75i9dc9otb0trbed8cts5s1bdo28gq6M
deleted: e/e/a9no0k7mt3g7oca92bklea0qbrf3theR
deleted: 0/5/fcmm7svkoepbn0q43h7igm61d3ue1smR
deleted: 5/4/4atl03m7g2am0i983u145f9tudm33oeR
deleted: 3/7/463uo0t04hgm5ikok5v6ht1mo3amqf4R
deleted: 3/9/71olc0nt2b0fp2ias98sq596kut2le6R
deleted: e/0/37oap5745nir2cpbt3b1fierrkjrjquR
deleted: c/b/d3oc0u3jht334pp7jbji86q6eorft2mR
deleted: e/c/deafpqoeatakbrf9mfecdrvfjumg24sR
deleted: d/0/ebbrhd4qlbdbrq8cp5f3r8m3e675qfgR
deleted: e/e/9cqg8lcanrfhcs1c7rm93ttrvqb0tsoR
deleted: 4/a/85p01am2bjv6d66eb5gfgjrgn64kplaR
deleted: c/8/29q0h2qeh9ltdvqa9m8hqsmvmds0u6cR
deleted: 6/0/6557uch4oa0nrun7giqt1qtl127aqvmM
deleted: 0/7/eeh2a6o28vdv0oqono8k2df6ptifu5oR
deleted: 8/7/3evsmron4m053t3q5bj2f4cm3e807icR
deleted: 8/7/183g8hjarrcjge9jcur0etgev3oni90R
deleted: 2/2/bbdh694755lo70uo51bthk355r80ahsR
deleted: c/e/bf899nfn1hns08u121s0vr8pub8ctnsR
deleted: 6/6/73labr41qcunv3n50vlj7gjcgnlqtdsR
deleted: c/a/78kji9g7qrk78eb852tiac3689gthf8R
deleted: e/e/29urc4rejq4cu4ibvtavjlsvr9f00qoR
deleted: 7/1/6b9s1jk0ajakqlh9tik4tr7pe3pldocR
deleted: 5/8/dccmbai22ed2l6khjhpaa2n4s6shfdoM
deleted: 4/8/7bmq4nmo9khernf3gl70kspq9cuqm8mR
deleted: a/d/e1pm3s1snbvilk1hdscnvnjc126d42oR
deleted: 1/9/d34gtvs4j0te78rgbqkif2ogt16jmv2R
deleted: 1/8/cd2jc960sjm5gu6u6ds2u7r0rsagubuR
deleted: a/9/04gc5bhd8d8a6f1711httv686gen4o8M
deleted: a/9/79oha8698o8djgu2p95jdpdbiumcivaR
deleted: e/d/aaebn9totfiinq79lnel5gcjdbulegeR
deleted: 7/4/90t84oqjivr4gv1lrscobibvpmf850aR
deleted: 3/1/902oql68u6kf17rfjlef22i5k51jnraR
deleted: 4/e/a68c97t5f3a454m3ggc6oiptgdf4s8oR
deleted: e/1/426b7ruvi7pji7hr3hd6t8ivq0l77poM
deleted: c/7/09nmv4k00cctj7mthosg5cvj7fg1m20M
deleted: d/0/c8p1fdolgu75lpii3fu2rua32276q8sR
deleted: e/5/afrv9fokkac3l1op704pepc45ribnhkR
deleted: 1/8/abjthtpg0m2k77vasjpaf9v4f2qrrs6R
deleted: b/8/b66k1beo7eog2amfat3soqcujklfljkM
deleted: c/e/dffcfmrupa7l5ei0b9hfjaj65u5qba8R
deleted: 6/5/aar7kqsdb4njcsl713at9qk28m1f9ouR
deleted: 7/7/301jv95fg86089l3mfn5ns9595d3gfgR
deleted: a/a/c3jluqcs3v8r1eomhqs579rqlpmb7tcR
deleted: a/7/66u88a8fsoelt628nrvel69md07s9fkR
deleted: 5/5/2bjjmvcjeq19ncf3k2u52hvk71p5odmR
deleted: b/6/19gfljkobkn323u73f20a84b8tq4i9oR
deleted: b/b/d0ho6e9ot9clma88m03i1bku5asolikR
deleted: 7/3/d0ej9o6uhv7tqicf6mcmc08dl7r536sR
deleted: 8/0/ae5rut3r162nk0k3o5huclhh4iojs1qR
deleted: e/e/90khickia4dp600mngk2hv87oq6mekkR
deleted: 8/0/fbh0ib55p6pte1eqj3um028gjssdr62R
deleted: 4/9/92os29sukkkr0to1l9nc692c8b71k12M
deleted: 4/b/a583s7mst0cgt1o2jiis2edq9kk4h7aR
deleted: 6/4/83hahtgrd8r935tm4rhc2llgmhke1bcM
deleted: a/5/81v5j0m6pet13ldhmjnb0lpldf1vjl4M
deleted: c/4/d34ijdfruk1isrv1k52sltln3ai2ld6R
deleted: e/b/68880nain7iu024fbkarpnpfh4fa5maR
deleted: 2/6/bf8qflcvn3cdrsireft8a5mmlfai4buR
deleted: 6/3/8b56d096guvogdive38i4cf7h4iqb8uR
deleted: 3/5/dai2ptoa7cmqv95eq6mhmjghoepjucsM
deleted: 3/4/70576o6nl4e027ta0fbi6vvdr4kaiuqR
deleted: a/0/e2j62lqrq5pogiggbo00i2n24hgl8kmR
deleted: 4/4/19gmsiv4o92n3kccuqqbhincga2m5vsR
deleted: 6/7/d0r2oe439r1b9nlo647ba6qqc726h7sR
deleted: a/1/64prdpiti0fs03p7em5operk17apieiR
deleted: 1/4/5cbf3rf1ssapgc4carc81s8nt20c826M
deleted: 1/a/cb507jld3mvbv35pin3aeb66124g8ggR
deleted: 6/6/ecge7s5t4rgb39gae052pq8uo9j0g8gR
deleted: 2/9/044rckunjih6khmihb1mua5bq5k5mjuM
deleted: 3/2/df3huuolmjvarslid543tkqgm4ga522R
deleted: 4/2/388gstcsvs7bf06tg5qu3v6h8efs1isM
deleted: 4/7/df5s1vmdi2u110k26q661e64rlbhfpgR
deleted: 4/9/43dqhgh8n1rkl6vh59805ppho2v7o6gR
deleted: a/2/5a07dsshu9ulkjmgaedftlifgbdemgoM
deleted: 4/0/67r6akt8n60mgbgclhdaujdcv63vt3kM
deleted: 7/3/4chcd6mjs1161olhjtossijba4huea8R
deleted: 8/4/df7kg0s8e49u1jitb8senr9ou071082R
deleted: c/1/67kt0citdgeut7bu1bbhhcmft9mf8neR
deleted: e/e/92iqm38ke64v8s3r2igc0phc9j5oblgR
deleted: b/2/1c1b1rkov718ftdi2kt6qhmj1t34fdkM
deleted: 3/0/1bc3um791l4rs1pvdfo549d2914j0e8R
deleted: 4/5/43pukhijpqb4te9t4ous981p2b71oceR
deleted: 8/5/8fltdtsn814f71jd018k2cn93ps79biM
deleted: 4/9/efpij224a2jmjm2g26sap8ongg5uongR
deleted: 7/2/a7g1i6sd9f0vqbda98m95j579b8j01kR
deleted: a/7/78ej2pkb9nqnjdsma5gvugdau7amuceR
deleted: 8/0/377cqr2bh99jre90lmi1pe6tmpf2hl4M
deleted: 4/e/2djkpedm6va2vv5mfjck9om7mpja118M
deleted: a/0/86rqtaomsmsiejoafrjgtl1g5j09ah2R
deleted: 0/8/4bjsv6dfbt3r2n6ba6tlhbo6jdr5hj4M
deleted: 2/8/ebku3achrc4allcp9jibq0gb0jm7q48R
deleted: 6/0/c7hl466hlmqh25mlqn5cbvs8r005cnqM
deleted: a/6/f0eiielsn175n9v47kc5treaiko3i8gR
deleted: c/f/00ett85u0fspc41cnmd42mmo28f878uR
deleted: 2/b/2dib7f1afsptbcqhv3qkegh3bjfk32uR
deleted: 1/7/f3lmfkdkb2bu0dbiv8ojmuodcvf7nhaR
deleted: 1/b/d86thqakuvu9vqjs4ugp4ln2kd00ke6R
deleted: d/1/56kug1asjpu9umk7qo1vfqg5lpj5tdqR
deleted: e/d/661ri24asotqgetv5pps6ug8vcpfooeR
deleted: 1/a/7bu7r0rc0vjb3rp6ip41u1900i6nl2kR
deleted: 1/9/0fnj4hc5478t361mrgkcsp6dhudfcdsR
deleted: e/8/16i67euqpm1vnrrsqe083i3t259qjgiR
deleted: 5/8/5b6ohahhs19teab0e3c3rbs9a5gi8ckR
deleted: c/7/47c08grjqa66krda81bmktdq67r2fjsM
deleted: e/e/5219vkan4cauaro2asr8a6k5m37d17iR
deleted: 1/0/fam4ol0lp6f1gq3nt1renqgl79kkb7cM
deleted: e/e/d2p2mq5bv9qof5m83bjlae97hj071jcR
deleted: d/1/8f04r9v3djkn2dstpitf04q7i0hqbfcM
deleted: 3/9/b1n4sbp1gbkepf0t6ri3ph4ut80slleM
deleted: c/0/22nhl4kp8i9ck8cjqig6empdcpbn1kkR
deleted: c/e/e13k7f7thh6e4gc9gadjvses9ggl8d4R
deleted: 1/8/54d81dq2dksmiaqt7qn007ko5tb40jiR
deleted: 6/8/2brqv1hpmertv2u4r54uttf90mh0qpkR
deleted: a/d/43vtpbl97npqijk5thvha2ciru69tcmR
deleted: 1/a/a7mrcjpdu8rllr0io2asii41tc2okqiR
deleted: a/8/289fkcatkpel12500k0ta4n7eq4ptp8M
deleted: 8/2/e15q4kh89uj9ddplldl758jmu68m2buM
deleted: a/5/f5rv2r663s4k725qasrd1dkhgonn5m0M
deleted: d/3/184osbhqnmed2fna8b3piu8nm8p5ifkM
deleted: 7/7/118t8u4ill061l1u3qrl1jiq73i7v6cR
deleted: 4/6/f6p342kra0c6cvka2j2qmvt683p7l6iM
deleted: 0/3/b1h5jjtagrfrsn4m91u9uj0ur1rt09oR
deleted: 8/5/c2ihtnm32bgr4bvcb9v2rvb222i9kjoR
deleted: 5/3/91g4kj405uk4av23mqvo375pnv7l6d2R
deleted: 4/4/d91e59rsu3keuih9199tghgqme32f5gR
deleted: 8/8/f12v0b0cns5anmidkp076jdf2d5ehcgM
deleted: c/e/bbdt3n829livmb9dunl9i6p32nch3g2R
ccache cache size is 165Mb.
Uploading cache ccache...