SHA for cache folders (/tmp/ccache_dir) is '97216a57a1e4c375ecaca47000c5385a06bc5469a3266e87a6a1384244ea3ace'
Cache ccache has changed!
List of changes for cache folders (/tmp/ccache_dir):
modified: 6/2/stats
modified: a/a/26q46uf1thgqsmqlho3uepgfg19skieM
created: a/1/d0fbuaggiihpp5qhtjbk88kl3mgltu6R
modified: 5/2/8cjlltpkle6sdjhstn95tkakqutk4daM
created: 9/7/1a253hov0edm0snpu1pgdg6pchkeqj4R
created: 3/0/f0jje4uh8i7fgd61kust1imh7j5567kR
created: c/6/29b36c6u4b3mlevbecdtl6iu438hcviR
modified: 2/e/11u9vf8dkiiadk1hb6jhd4ng5gv2v2gM
created: 8/5/0fpn630ogi653l8u1g7cvpcor6cvhpgR
modified: 5/a/05snh30r2iib1ffirkh09bi7j1ah506M
created: 5/d/17v55fng3tvsfgqnsbamsfm62muaai6R
modified: 7/2/8evi50sn3mehdi2edoif262cfkn8mugM
modified: 3/3/03r7smn4ea13aug34o4pk5f8j2vt3foM
created: e/c/34n9qrn0469dn8p19mf07lcsk5vav6mR
modified: 7/8/dau9ifoqg0qm5bdr2umlgci5uvs82q8M
modified: d/2/stats
created: 9/d/84lkd4bdmh01493p1mr7ogn5le2apckR
modified: 3/d/8f0fu88vjnspugkovtfeibol5l6m3goM
modified: e/b/9fm8ccdv5upbdqiql00l0kv3piahm0mM
modified: 4/8/stats
created: 8/c/fa1rdsp4488uqtgfddkme9u7rlrv664R
created: 8/3/5f1bp90tmmkm88t9sof8djrlbdbdpjmR
created: 4/9/35q57iurefs2q3u3mltsh4gie0thg2kR
modified: e/0/aaoqmatj77qn1er8cbr186j6h9cet5iM
modified: 5/4/fd4trceuvi0rohv5knc3uhl77unnp1sM
modified: 4/stats
created: 5/3/5d1063s211p1vtnam8ltsgfmq3vefi2R
created: 2/b/aeu963f5hb0dt8mv82kqbgf59ghrkkiR
created: c/0/d8d5s8qkm6cp443jchr7igk1mn9ibo0R
created: 1/8/5er2ov7udmhgmhefseopi5e0budrd2oR
modified: c/stats
modified: 2/9/42j46bb7esleh87fd7cv08etsghfl72M
modified: d/stats
modified: 7/6/f222b5haqj8r2kvckr1vbqbsksif9d0M
modified: c/9/stats
created: 9/b/ac35eovuj33245sbk2rvugu8tau4h2eR
modified: b/a/stats
modified: 0/6/d83rltb4seoqrrtoc5e38b17380p310M
created: 7/4/29b70rsk48ga0jt8go4svv5fh1ul3gaR
created: 9/2/a10tm9d59rtk11j9gu7m8nb1ionuv1sR
modified: 9/1/d7up4tp86p7vmrrjnj7t0e0le7551dkM
modified: 3/0/f3qi2h7s53g3o68jid6cl8l1mfj3mrsM
modified: 0/3/7cbpv69dhllmd8r5cnounue24dvrt46M
modified: 7/b/fdcmu539kbc7q6t02aua36flp1m5igsM
modified: a/6/23v3u7ks5ukvajb203uhk049s5rrgq2M
created: b/6/cdlti725tq4b3mngtgpdqm0ae8ll4caR
modified: 6/b/63a4kn85qk160jsk8ctajs3tq586bt0M
modified: d/3/c3urne1iu2rnh83l6jbjimej7jlmt8sM
modified: d/6/b6kucrm9cfqjog075g818dqhkjqn97qM
modified: 2/5/69d633fn865vr6rrum6dva53f2n7sgcM
created: b/9/99phigo8gpjhchcuedd8vlbptlfoi5kR
created: 0/e/6dqm20iqsr4b339faqup0fbj15p47jkR
modified: 9/b/stats
modified: a/4/b139rnjcaqdlsorokrnjtlbdl7clguoM
modified: 5/stats
modified: 8/stats
modified: 2/c/5f52cdplh4i0jpvsskepjiureghou3sM
modified: b/e/02qqlgolq8up570t1rajaj1duvo9da0M
created: 8/6/bfabvvjmurd1ns3katlcvg613r7clkkR
modified: 2/f/bdqmdcuqu22bre8qan01he89j6trfjcM
created: f/a/f8piiql8nuo9cf0q2kv4btvj36debaoR
created: b/6/80o3ski2fhgnegkjjvpdf0jaj079usgR
modified: f/b/stats
modified: 0/f/fa7iua48f7aqg10e2qd783kh3b4774sM
modified: b/1/6esrc6fkkbjut3i63168at26lg5au2mM
modified: 6/4/fa631h6plbkdrnnibejfog6ld1jaa2gM
created: 6/c/991drkr7ke4uvqt4mdkd5l4veegot0uR
modified: 3/stats
modified: 1/d/1183vaq038aba0nm3sakn1t1k8qf2tiM
modified: 0/f/stats
modified: 7/1/89cpnk9a142tiochvre7ll3rk88q4okM
modified: 2/9/stats
created: 0/8/3boo264c346nd6dlotkf47r5i7lvrooR
modified: 3/b/2fkrqp8g8dqpheljp7vdbi6sv7c7t2iM
modified: f/a/afhtids3f8qdnsmjbdpt2cji3384h2mM
modified: 6/7/stats
modified: 5/2/25sq9oaias2hrq49c0mm0p1lhpaek72M
modified: 3/6/stats
modified: 7/7/32ib2l717mbln6rc2jmprho9dj553suM
modified: a/8/stats
created: 1/3/e47guainprf025rg6seb643fo1riaioR
created: 5/c/8cb6d58pccgp20aataajc7bnva34ohiR
modified: 8/4/7941mp5jfo96ulh4prcfdpi8udsul5cM
created: 8/7/112ubors1io28mhf6n7k73ifn2qgk5sR
created: 8/7/f017jmptc1rct3oms5010f0je62vm04R
modified: 3/5/b4bsafrttuimnt2uisff51upnm0hpggM
modified: 9/7/stats
created: 6/e/1968f1i9lol3ca4rehsgl6e2av5l9heR
created: 6/1/4alc4pls6o0e6uuk9ln1lisvikjnbpsR
modified: 1/3/32g21vdjg37l32nie46ni4q85h8i7a2M
modified: e/f/stats
modified: 1/4/b4je2ofbem4r49o4p90mnajab3gl58mM
created: 6/c/f7kk6p3qs1a6924f3i1dqkkb8ibsujiR
created: a/9/b1q1ccad2uduog1v9501ch8tnao9vkeR
modified: 0/3/stats
modified: 2/5/bbcskqfn9djpqu5h45b8fmnt52eqkhaM
created: 9/5/1794tbddi2505jn2fvfb9i5v0e8cg5mR
created: 1/9/82vcr03f75v7fgl1ob94cc3vc23tlg8R
modified: 3/4/stats
modified: 8/9/stats
created: c/a/657jkujkop5msdjqsmjpodleech4opeR
created: 2/b/69ik8026d4bh9noksdc03b1susd2ih4R
modified: 2/d/stats
modified: d/4/stats
modified: d/0/stats
modified: d/6/f89p6jokqm47mr9qrf9of7pf8hgim4cM
modified: e/6/stats
created: 1/1/70tqoili9193qhefs6ka04i4htdt83iR
modified: 9/3/stats
modified: d/1/478171t2k2gqtmh45qq7qie94h057tmM
modified: d/a/1derucani5goa9uo5p93ojf7k5ehiioM
modified: 8/1/e4dfernfb0qcr3l2gfg9oqs9e4gvuf4M
modified: d/4/a1digjf0v81066je6blksmpppsc2lasM
modified: 8/e/80qa0u9964bc30jr1r068holl6rs0leM
created: 2/d/69lq023487uiv8r3n8cfthf9mrup1h0R
modified: 7/stats
created: 3/1/6eg713tvgf1pgtgu75jt916oqlepa24R
created: b/f/657ahig9udk2rprgffru41od2gpu28uR
modified: 2/4/76dha9qm88p763jdeivi1bhdubtmog2M
created: f/3/86bmgda64ufkp1o2bbj5thaeshpuv9qR
created: 0/c/4atas7937kqcbhulmmp19ncka0t8d9kR
created: 8/0/24fbguprlp06umk7l9k1h6e7hcaqsfgR
created: a/9/31vfpks94c4cfqftk7s54lliktsnsegR
modified: f/c/stats
created: d/4/6f8gimo5cmish6f04g1obevc7rumobkR
modified: 8/0/b3edeutrftdalfpsm7glfi477fcj1j8M
modified: 6/4/b3sk2a0insfqiao021ot783d3c7l3acM
created: 6/6/9bv91ojrusdetlqrrmh3sfksea7u9s4R
modified: 1/6/stats
modified: 5/f/stats
modified: 7/a/8c2d95jvf4tm2picvfe5jnnphd5o5n8M
created: 7/c/03oau8j80luqcq45tkf8382u0lqudbuR
created: c/e/428ajiu9ltsb0atrevssp168rv0efj2R
modified: 0/a/767uqfj4vtjp3j1cptp1rocp49li7lgM
created: d/4/f1qh91toblu2aqffcd0re8u74c7v5leR
created: 4/a/01o7s2o5il5skd9hvj7mq67smaijoaoR
modified: 7/4/0e9npctqvs3g79r9999otlg0p1s2bk8M
created: a/1/74gq05n4t2mcnt4q90ple5r39p738poR
created: 4/d/fe6ocmo5orogu5kkbu7pn4ammn125lqR
modified: 5/c/babciknh35qe5tuemnaptfaslp27164M
created: 6/c/d4hb2jnqrs897m7nrj6o6jnqerrq47cR
modified: f/b/82cduakru4bmai4mhl6g3f56euplpo4M
modified: c/4/stats
modified: e/1/stats
modified: 4/6/stats
modified: 8/e/7695ejp9qj66jfpvh4o5bkgrp6daqoeM
modified: a/5/cbjp7o3e7toq0k77p2jn0eltu9in5fqM
modified: c/f/stats
created: d/1/370j3jfpr1c56rp837d287ftvvo9almR
modified: 5/9/05mat5s6ot9j2imjcaspvj1dgk2vploM
created: f/d/4ca1ccdlkp9lite9f2th35bq4eb2eisR
modified: a/5/stats
modified: a/stats
modified: 8/3/stats
modified: 8/e/stats
modified: 8/1/9efgg4lmrqvvvdlnde4svj39dukajooM
created: e/4/a1nmlrj6debn6o2ngt424ch349bh1d2R
modified: 2/2/stats
created: 5/5/84b32rgb8lj2rlf3ptjccg77hjd9oq0R
modified: 7/8/stats
modified: 8/6/35l3mnirr2dbpeuf0e68nn14uemdc8eM
modified: 0/8/34s53e4bjdmatkt2sqbhl522knibcsgM
created: e/8/50lhsvggsi8nkeqhr6grg8s0caguknqM
created: 5/3/16hheit2ue7mkjsc3dcor66v5ctfvrcR
modified: d/c/stats
modified: f/7/stats
modified: c/9/11t0lncl6hbe1eo70tt60kvg6dl88j0M
modified: 8/5/stats
created: 0/7/506hoqftjh3igdofc8rcvm4ptl6ol88R
created: 2/4/77vv3ed1h3uu248pqcsute230jb5f0oR
modified: 1/a/b6rnttmfka81imc0uars2sfni5sshf4M
modified: 0/b/56suqljqrjh4nbr18eoikgpu8f7kinqM
modified: 1/6/3flo69e26530r919e44sgc3pi7og0heM
modified: 7/e/bbtg075t9pq8grk0b0bmpjeugi4n4toM
modified: b/f/5ennuhsh7qv3stlt2v903ov348m56u4M
modified: 2/3/stats
modified: 9/a/stats
modified: 9/e/e5pgr9njetli5r95pe5daf80ll7r9uoM
modified: 7/7/stats
created: 8/c/7fej7k7h7opis3ok1o6dnkmrilsgv4aR
modified: b/0/a5cigevj00ja4sg8kmu0i076q27vlagM
modified: f/c/827118df61gndm1vu13kq7usf98jud4M
created: 3/b/6cr0kn9ep97qtnredicju0rec78o9k8R
modified: 6/d/stats
created: b/e/0d3hvg39gmnfjphvgffgf81jjqaln3gM
modified: 1/8/stats
modified: d/9/c55o2hk2d7qo9pt4u9h7iejsoffoseaM
created: d/6/84iq0np0degiui9hrqd59o2c8pi6n6mR
modified: d/5/7am2mun5ct3n6se75s28kg1d0d1sejsM
modified: d/d/stats
modified: 6/2/3eaqnrgp0f5prfipblqmc7akhdcjhnqM
modified: 2/b/stats
modified: a/d/a79pk2agunae1oks19ncv30orlr075iM
modified: a/d/stats
modified: 6/4/stats
created: 6/3/695c4bmk4tbmhv5ursrhqktgt8vnf64R
created: 0/9/b01s6qhi0t8oh036bd4fjmd80eifjvcR
modified: 1/d/c7ln763qkph9l1v4m6p1sr2gdrbblveM
modified: d/4/21cauh554m8dau575i0dals463eejdmM
modified: e/b/03e5tubuo8f9cimcv0vk51ijub5ddigM
modified: a/7/c7lnfraunnk62e7h2lotnu2554n4vn2M
created: 7/e/66o90ftl9s5pi4v2iejmuck1vkjvotoR
created: 4/9/bc6b42htl0ap6mq1hv47otinrlcc6mmR
modified: 3/7/0bl8pnsqvse32n0f3ah085kn02fhgmiM
modified: b/9/stats
modified: f/7/62rmvp1q0oatsofgmi23pafk7bh9thoM
modified: 3/7/stats
modified: 1/1/stats
modified: 3/8/833v2meqageh97n1lb1jjbs516ko6iiM
modified: 2/0/stats
modified: 3/0/c4qjig2883k2a7oo1ren5affahuq34cM
modified: b/6/60tp5pbj0rere05pqh71pi2bf25ojleM
created: 9/6/b2sfglpcel7502ohlsckd5a04e0tst6R
created: 0/9/366f782hgcfo4c278ml4264jc99d8feR
created: 4/9/de4ac23dk020lk64i0sid311vvunmi4R
created: b/a/b2gadlfc26ubdssidd8pgtpm4o7j5i0R
modified: 7/d/stats
modified: 5/2/d7lmf3uqlp7vslj0uiq6dis5ushj7uoM
modified: 8/4/f73611i6hdf8qin2e097l9ogdihh8l0M
created: a/5/55u02uup1mdpdkejnodobevitac3s7qR
modified: 7/c/3fn49s1vbh0ce4mef8e0d60ack1u7m4M
created: 4/0/570olh10ejvn02kkfa9h2f8jqu77qhgR
created: b/0/a5lillavm9mi9i0f5ooqd9ik2cnoiboR
modified: d/3/stats
modified: 7/a/stats
modified: 0/5/8di1i73k214d3g0jcg11r0lbitil7ruM
created: 6/7/7akje6ns79j1m6ut0m3qkhor2u0aqosR
modified: 9/9/bfb98rbgkupa5ud46duupc2miakich6M
modified: f/d/stats
modified: 9/0/1dqftr92cfprsg5heasbteqhm4cbq5mM
created: f/2/4cqbppgs7kahtmjn38hq4dq4hctqalmR
created: 2/e/91i4m8mpeq6t9gmls5875v158hcaocoR
created: 5/d/14kgfl5659th61vgpm4c9s2gq74m8gkR
created: c/f/9b6kbfthrivspsf24k5a7bte4hke1faR
modified: 3/4/faejk6olpj3rtq8o5sp0tv3ibrv5m52M
modified: b/3/705na0i94cp00k4sivnvg6f01nelogmM
modified: 4/0/stats
modified: 8/7/stats
modified: 1/9/stats
modified: 8/4/stats
modified: 0/1/stats
modified: c/6/e6cp26975ek9vn2fr2brinfn3d4usccM
modified: 5/5/stats
modified: b/f/stats
modified: e/8/stats
modified: e/4/c4egfulkcmp71k6c3sjteoq750hrnaeM
modified: e/a/01c7tkqo6gsdhcr3f34u855k0cjhlf0M
modified: 7/5/stats
modified: c/4/d1im0vpsq7d1979vug2d8fn0hqpol14M
modified: 3/5/e0o2g4gb05tdq7ebnn1hsierqneaf2gM
modified: 4/9/stats
modified: 7/3/stats
created: 1/0/f8afrald38k0pq6t8bkdqg5u4ta9oocR
created: e/4/fa28n18t0dnsivr2ishu3dfrg1ge2k6R
modified: 9/b/1eqmb8135ro0741bj3sfipotpj0l3tcM
modified: e/b/3abolckj8f0o7m9r20qrvloktnl76rcM
created: 5/9/dcb1ps9vrbrrrfsnalhlap052cosf74R
modified: d/b/133f9c74r1fat0vudi878s3i61t9pfmM
modified: 7/6/stats
created: 6/6/98ud7d2mo5torqs3dcdlstqe4kfpbn6R
modified: 1/0/1aab9n2nr1ff9j5nsl8oj03024c18ieM
modified: 5/7/a1qgfuruko8o1do6hevfhqkq3elj4iuM
created: 9/f/5cqsvr9mmomkp3ik9reooog9qf7vf4uM
modified: 0/stats
modified: 3/b/stats
created: e/5/39m3p1lkg2jabli68tusegulu1t1ogaR
modified: f/1/bfdpklrpluffgkh9b3ukijn4erddh1sM
modified: 9/c/stats
modified: 0/7/75s4f9gn7a79jtjg84b9vgdm4enohksM
created: d/0/b5if3ev76vdpe1savf6vhkudvkspbpeR
created: 2/a/fb9rmu5i9pgckulnski9ldn3d3qddccR
modified: a/f/7526npmpjbdk4ku9cargsbetaii1cnaM
modified: b/4/33mr28n9uakv1o5clve94s8p0mq8ph6M
modified: 2/a/306j0hlvnmbj6bvb98pr5smc5rhomv0M
modified: e/6/a31gekg5p7kf2hfojk4pesmthfv62i8M
modified: a/9/07p2qa39o6iadcc8udnb6rqqudfn1q6M
created: f/6/438grbauhn9jfni9m9kbdpqmiquefaoM
modified: c/a/1b5etln7vfgaqjf00k5p6ig54vms0g8M
created: 3/c/43fih0b372oudp2a6eq0v86pkka9mh0R
modified: c/5/9anmtnd1t8f2a729eaehql2sgsko4biM
modified: 9/9/e209s84tj5ae4uadv63a4nc0mfgfcnuM
modified: 3/f/stats
created: c/9/44v4bj9d6570ra4jvkh3ufd8ugahlhcR
modified: 5/7/stats
modified: 5/0/stats
modified: 4/3/eaol529dfn87n526pbkaonm0qlsalo8M
created: 6/c/96q82tgdgide5i9vs6bonbknurk3mrsR
created: 7/1/2ec1p3j652fja3jp1ddp7bgu4mk8ieqR
modified: 0/9/stats
modified: f/4/stats
created: 7/c/0cfpepo30okckd9r0imtih95t8c6vl8R
modified: 8/e/7c2ihdjt3e7ovj82egmgtgsbjq8n9h6M
created: f/4/1clan9g0885hqlpp9masqhfmr138pciR
modified: a/7/stats
modified: e/7/57o5d9ng2leiiep365q2mpfefgemociM
created: 2/6/93fr1qjjpg7bkk2tqnrbddjeb1680bsR
created: 7/e/effncvo8l8rij429godd1go2l7pn8i0R
modified: 6/7/32jcn4h0p2vpu0ej1jnt70n69s5tvjcM
modified: 0/b/a9ljba8ml0vsjcm37hhud1c84787gu0M
modified: 5/7/4386efmg8b6vjkfrf2s4d6k0thir1tuM
modified: b/0/a0ec58s7bb9oi5q0qraips5fh0nnt04M
created: 9/6/83s3k12j9f41ra62k4i33i0d6sr2a0qR
created: e/5/7fj82baf0c4e4gepmgmr27hs9e0af7cR
created: f/b/ccds9m01ajrt8jbh7k7ajanunvanml4R
created: 4/a/99tupj5s3l527too2js4d8nmemu6ql0R
modified: 1/6/c7btrui1gk2tli2lgoknauok74eb7k8M
modified: 2/0/79tt0b8j9mbg5q41rqv9ck37pqnjabeM
modified: 9/1/stats
modified: a/b/1d8560e7pckine1bsr2fntk2gd4f8g4M
modified: f/4/94o9b2nr86nsg1ie8jphsvpb4a7oosqM
created: 5/f/06d3kss4scjrrmur9io2qhjifmupnq2R
created: e/9/57gh0nds4qa927sg32t80b0p8qs5m70R
modified: 5/3/stats
modified: 8/2/66s628cgemgr4vf57mtkde8vs8t6n56M
modified: d/4/40hikv8g6ld93vlqcmqk7jraa2tf6ukM
modified: 6/3/aavklg2336l7ulfcbifk3vivh9cb5p0M
modified: 8/1/7e6c79ki8a7ld644b374tua50hd3aq8M
modified: e/e/0citjb6o5i4bklk7oc02tp307id45kaM
modified: f/6/92uqibhfp2i15jl2j4k04f352v6vp78M
created: 0/4/a45qv8kk32aqg7aidpopekeea4pqndqR
modified: 0/e/stats
modified: 7/2/stats
created: 9/3/f5ieqnp83ih2eq9vd16m3c69au0n28oR
created: 2/e/d03q6vo8em007eljq8o9t81c8smitr0R
modified: b/3/stats
created: a/4/4e3ukrib1uedlsm64ojf3e7jd1vpbp0R
created: 7/4/2fjduo95ao4jkr382ic6gfmgb091g3cR
modified: 5/b/a7u7i6kanvtbsaq068jucvn01d863kaM
created: 6/1/79qc29mn94vp6bc0tmljm5bcvf7ugl6R
modified: 1/7/stats
created: 6/0/2d0304kd0jgu2i9hb1vrsjhqd75f5kuR
created: d/7/fccgid12kke6hbtnifj1qe7cvou57u0R
modified: f/a/stats
created: b/a/23kois5q0dcp1ud98p5jcr11s1sil12R
modified: 9/b/599dhgivuthrfoqvk9qntoou9lf9jacM
modified: a/1/stats
modified: b/c/stats
modified: d/b/7aafb308cv378oc6jki4cllmlthpetsM
modified: 7/f/stats
modified: 9/a/c816hhj20ap0pfp5jjomdqb7d62a700M
modified: c/e/stats
modified: e/2/stats
modified: e/9/stats
modified: 6/f/stats
modified: 5/3/eek05ehd18t4tmeinkol4dc71qnatciM
created: 8/3/599c62c9vu6ut2eq74bd8oahrtq4qkcR
created: 3/a/449gjdv8e8mlqmjifa5k57gf0plbommM
modified: c/f/959a8p8ba6spk30dsfvg9u63bg26kouM
modified: e/d/stats
modified: 8/b/stats
modified: 9/c/2a96o6orhjkqhv614sdq73ibgf4s4cmM
created: e/9/80vr8ib7rj3mfk5t2fjvjkoemnm604sR
created: 9/3/53esdu6fue967a22mqf8isg1v5m28c8R
modified: a/7/76dtun3ngvuk2c7fttgln99ml42t63uM
modified: e/c/stats
modified: 4/8/a6rbrfkslmqe5g5fg9ho3mo8m5ojimoM
modified: 6/a/03uhqoneh909uhjl2obshikaapdepfkM
modified: 7/7/30kkuio5i1295qkdaqs1bhts56a0sp8M
modified: 2/c/stats
modified: d/f/stats
modified: 9/f/19ser05t08dh8f900bph4iokm4n4jaqM
created: 9/f/1am93v4c0skt5g6m8534ftkfhd0baccR
created: 0/e/efcu4iemua1agnap9jvppka26ia2obkR
created: 2/0/fd2gvplsv4uidaevf077p5mqbtaa0tkM
modified: 5/2/2dp2afdl9c0b09qufo2pph3j4md92r0M
modified: f/5/8dpiar5i721e1spsm76o8qlt6g92kouM
created: 0/e/52g812f3j21p2qttd9pmmdmpllo4gfsR
created: 4/7/68u9ol8le9vlju9t7eenqmjlfd26driR
modified: 6/7/9cl8lrce4qnnkmmab623c8vql63vj5eM
modified: 0/8/2804kdv66n896j5lng4bpsqbb3t6kssM
created: 9/7/f6kk33v8fda4t5n448j30cnhgtmfo3sR
modified: d/d/2997ha8nuokc0orgaub1ua4e916qpe6M
modified: d/7/0bfk62lffabvt4o33v84evp033mislgM
created: 4/a/35vq14a5tgdo0fapi5luj4jobj9h4b4R
modified: b/stats
created: b/9/ba4tc6grgtp1bo2t5ol8hl8b2dln902R
created: e/5/1f60vn4jv49ftp5sfdhkjld8crurf2cR
modified: 5/3/df3s67iqng4tibfje21b8n52878us82M
modified: b/0/ecl82b5be379bvsb6ght1bocivj53n6M
modified: 5/a/9fi6poasar28i76rj5jss9a8ev0mv22M
modified: a/a/stats
modified: 2/5/stats
created: 0/3/3cgcrb8423agif2k6d5sjm1mak2cn56R
modified: 2/6/stats
created: e/0/40jjq9a9ct2le0ev5icqemr4m6v3vrsR
created: 4/b/da58742m7c09omkpm154tj4d0rk7s5cR
created: 7/6/082qo3142r7mh2cl76ahc7impf392rqR
modified: 7/b/a44sh8at0b39nhsmbqse54iajgere4iM
created: 0/1/bf2k1s6kkv1hv4n3aashduek0nsg3o4R
created: c/1/9e4fkgn2lqt05lv073vheie9067a6fmR
modified: d/d/bap3hbol9t9v4h5tufiokm8uhims40uM
created: 4/8/d9dr899k0068r9m18vmhep7gnekttcuR
created: 6/5/32hsisstuadut9r6thmsn5o2b316gaaR
modified: 7/e/stats
modified: 9/4/66b02i186kbkrhfagevofqupvakkmpsM
modified: 5/8/stats
modified: 6/9/stats
modified: 7/1/stats
created: 3/b/32b88ng44bu77blrvb653h8ei7b0dt8R
modified: c/3/des1s41qct7gkc3ln02n0a73fh4op8gM
modified: 4/b/c0jtlncth8u8uaejqupb61dh5ka3shuM
modified: e/5/e1rami33v66qeb8u1726rsvrlboiu4iM
modified: 2/a/stats
modified: c/a/bevfgmjugjeg3i1mqbg9q8pkcf8og5eM
modified: 0/9/89bgq7eui8orjf0bl370shkhqgfapvcM
modified: 9/8/stats
created: 8/e/475too89jlbiotqpbu0hh96fk3ujn3iR
created: c/4/73b5r19faddnmspcc0al2q4j8ec7tc4R
modified: 0/0/stats
modified: b/c/36naino10u67g48mpool3ktr1enpqt0M
modified: 9/d/a13ecg9a8hja26bcs1hik2sfobnse0oM
modified: d/6/ee430u28mrl7movo09ghq0fra63vu02M
modified: 1/e/stats
modified: e/7/stats
modified: b/1/stats
created: 7/6/97aof2ps72lne1b4i13qqd7k803qho6R
created: 8/6/654v0hvd87cch76v5g918mfvrphdo8iR
modified: 3/f/23rcqphdqqplbukh8u7n2m36b9f4250M
modified: 6/3/stats
created: 7/1/9625lg57t1octokndh8u0h5jmg4nis2R
modified: 9/8/05u39tqj1sj074s6gdeokiie3hcm62kM
modified: b/a/f42bt3l2pi6f4nv5cohhtuodlnrqna0M
modified: 2/4/98uafs32hm6v3kqe8nrfc72k93m7gjcM
created: b/f/e4i1imi6hujs08gcmv9i70mf8qp50nuR
created: 1/e/b0q35l1iqmeqp9apja6ipkqo9tbcgl4R
created: d/5/57hjg581i1dgg18ksk1b1vphcttk7pmR
modified: e/7/b1451e92dbv870s9h79v34fcv95q2neM
created: e/7/97a7urht3rp6j32o1co6a0c70oq2fgsR
created: d/3/c3if69cq557brq3piun2u2er9tpck42R
created: b/4/73ti5dr9jlhi5nvcfum4l9vgv8qhm9aR
modified: d/0/67p213ompuvs3okvlrk54f8gq8bd8ggM
modified: b/4/1crrj767hbafmjm4m48u0shoesh3lhsM
modified: 7/9/stats
created: 3/9/d4j8d883sa7aur5s76pmqo0m0hkcj6uR
modified: f/e/99f4761q1f5nep6cufn1s7jl4tapo98M
created: b/a/62df1n4u0kbdvi77oo3qa8b9hoic9euR
modified: e/stats
created: 3/7/17vqo4g46vq13uoh3s465o507pj45taR
modified: e/b/stats
modified: 7/7/28svgsigeb5uvcri2b2pnadioqeh0v8M
created: 8/a/0ftnqvi77252ckol2ok7er2lgbj7blgR
created: 2/a/1fuohlo9cg6hmklpkii843jm6bmbabuR
modified: 2/6/962ghekasj96dkcms0650rbrpd5getgM
modified: 8/0/stats
created: 0/2/c7mspnertao9t4kaou5e4u522hsdecsR
modified: 6/b/stats
modified: a/c/stats
created: 7/0/946po0n2be8v44n07qp221v9u7gelhaR
modified: 4/8/c7j07bum78jpe5ibpfjn6hahh3pqr3eM
created: 4/8/493mr7d9kv4nguc06i33f9re5rf9rlgR
modified: e/3/stats
modified: c/6/2c5cmnqb5bm89t24js7gtiec63vlrhiM
created: e/2/8e5rsse2d36rdo3hogo4kfenubd7o8sR
modified: f/1/stats
created: 5/5/e0pcklovf1qa9vmb4g7s6kdafdi39qsR
modified: b/1/c9r38tuk1eph14qriildn5rs4uq8eg6M
modified: d/f/abs12kr6dpu0e64jm02fv8ltunrvf40M
created: 6/5/18qjqhmjl4uhm6p1urc15qg7o2i1tr0R
modified: 2/b/99pj3t1hm3idloeucnm4qf28cs8b22uM
modified: 7/f/b22tlddcvugt05er2til1caip86va9aM
modified: 2/6/d75p04vk2e25liskss8uhhec4hne1diM
modified: 4/0/74pi1npc3oambblkpg864ne24rgpf8uM
created: 0/1/00mjpkvtknnt0ihcegvj7on3pvqu3heR
modified: 9/2/stats
modified: c/1/stats
created: 5/a/49kgbe78amka7jda3ttadsd7kq92j4gR
modified: 0/5/stats
created: c/3/21gpq79rsfkclnvjc3t7jo8lk30l2aoR
created: 4/a/f5vqsbesc4ojqosp4v43mm934vh8otaR
created: 4/2/a9rm6p5imnr39l7j4ljv42bi7t186giR
created: a/5/d7g21482pmddvlh7gg4i0tolheil0p8R
modified: 8/9/5a3j0rcp60i9krmam44uo9t71vaa30uM
modified: 6/5/stats
modified: a/0/2bonhdv7gqth1bvsdreevt98pbfdi3qM
modified: 6/7/79t7iusnrdqeuii048a44rkdnd3q2kiM
modified: 8/d/9b3jvtueelkpmvthofob023tml4rddoM
modified: b/4/stats
modified: 0/3/504etufti52pd0bueqreod9p4v22nieM
modified: 9/2/232e9p2eof5jjg2el9mmk98crs4mghsM
modified: 3/9/stats
modified: 7/c/30drbitrquoiqk475rhtmgt76v435gaM
modified: c/6/stats
modified: 2/0/9f1ffp3foo7qca7l1mel7ef3k0jk6tuM
modified: 3/f/0dlbrmbjgpb2meqrtprj4j784qq9rtsM
modified: 3/1/f710qc58h7e9vmjgmhm1etv66cidapkM
modified: 5/7/db32ojb3st8ut2uombarls2fjbdfp7kM
modified: 9/a/315mltggjfns39phehh5bolvup19lecM
created: 2/e/16g77d0ljppnicr2k0jqa3ebddsk52oR
modified: 2/stats
modified: d/a/stats
modified: f/f/ae7ggmnuuul9oe0pif3moi4i64maptsM
created: 7/6/01na11sa5vhh8mcvn15uh1bial6k7ccR
modified: 6/3/70nd0bf85lav0jkb4aid5itmfukb9igM
created: 7/e/93s6jm6dqocog01etk5c9ta5tgl1av8R
created: 7/9/56ka0ulbc6nsfq3b57h28jcrji3k19sR
modified: 9/4/477d78u078h8l6s3gf937esqqgm01kiM
modified: f/2/stats
created: 5/5/2bfluv09n089u3oavcrp0g3ni0iiibaR
modified: 5/7/f6q666r4nt20586a95dch68tgbilolcM
modified: f/4/84211v6oinivpg87qm4sgant0t8m4miM
modified: c/1/02ascv8pbq8vmhsmeb3qe11vhlb7jigM
modified: f/3/stats
created: 2/8/70co21d993ujjhlrs8uu10ic0t9p7qkR
created: 6/5/1e2m773f2l7sns20br01jb4ojb46mi4R
created: 7/d/88nqb6q0qbik6fi8fahl4q7h6fcl556R
modified: a/9/stats
created: 5/a/4035jtsi0kqotmm3di335i1e2027leaR
modified: 4/b/bembtatq1pu119bibdeerud3nijgcccM
created: 5/2/e25bj5q5sja0pdfms8an8tcql7jo40kR
modified: 9/0/8f77qjkketeilo5g72ol7v45an9hip4M
modified: 5/1/31mk8ot5n2pme55b3c1v4lh41qiaivcM
modified: 6/b/c9haje1dij4l81ec6t0m2ioad8nmqd2M
modified: 7/4/stats
modified: 6/stats
created: 7/1/5b7rv8g2frl3cvie7csqjpg01qm6jtgR
modified: 9/2/2a8ngv1vcv8na96j70g8nqk74uu30n6M
modified: 9/b/21hai2c15mtvfhulkqvupn80sg88vdmM
modified: 8/8/stats
modified: b/f/9d914tec11ip4fa4pn1kf2vahmb5muqM
modified: b/6/stats
modified: f/b/0924q7ig2tntblof9bru85r3ishitkkM
created: 0/4/4d299b6h6hadpj9jbtjv3ml0duaqnkoR
created: 4/d/18epsk65qjg771l5dtimi0s4nn4g7caR
modified: e/7/00vegbog0520d8v4t23ov2l7jbm9vh0M
modified: 8/a/b7m4bjigpauu2ocq2e7s38rmneij5naM
modified: a/2/stats
created: f/1/ac7enushn88p71g66o8j6a5id2em43sR
modified: 0/8/stats
modified: 3/0/528jef90b4v8dh1fq57ph38on9ipd56M
created: e/e/44theeiomt2o2q2tiog7dnp57vb8j9iR
created: 4/4/047rutmcqmugjvoopc08t8bb7h9goo4R
created: 6/c/3197i28c9fvp346kssdokcctpu6vsv8R
modified: 0/6/stats
modified: 5/4/stats
modified: 1/c/stats
modified: 2/2/91jpc9edhlaia33thomm24rk1stmu26M
modified: 9/6/stats
modified: d/e/e1thlij9e0875uvf5476dqbnchhvl3cM
created: 6/f/17mh1pnq6ath4hf9nrjkrrhmvfshpv6R
modified: e/f/d2ba0daqgcofsc61adnrt77vk7ljokeM
created: 1/6/0c3oi1amdd9mu3qo8741s8c6a0vnvqoR
created: 7/a/da0v2dmalosb5oe9ntopfa5pldkcjfuR
created: 1/0/8fk10naa8lfvtfa3fh4qtibam311j5mR
created: 5/9/98d3kohf2j4ikbipk0uc2m4lui07tkcR
modified: 3/b/5dquqm821oirlp0ihq5nqv2reg2gabeM
created: 7/d/27lgfigud5kmsfhkdd7o4rk7d5ojnd6R
modified: e/e/6bdvhhpdluss97diecmsa5sh9qu095uM
created: 8/5/f4ukilr4ie243j5nvov951foh5geldaR
modified: f/6/99bel8c91ohbid4sr07b00l6s9ov35aM
created: 1/6/0d79mdf4l7e02mhg7r1bt2t7631gnreR
modified: 5/d/cc2h346tp82kribb1muobpn6c8i2nr2M
created: 6/8/4e9tn52je4o6pscvuekf9ll5su6foaaR
created: f/5/56nkmhfnpialj9pbv5s42is27jdof06R
created: 0/1/82co5256l6t4o3edr6s4l2dns6a945aR
created: a/7/6eniq99ftdnvbrkl9mjui3ioohbalhcR
created: 0/4/f1jf9e2uss3b04ut8atql5qvkf1qrv2R
modified: d/d/cfqnfv34l0e13sovohip0f1d332pmj6M
modified: 8/e/378u6dqvf3hijdv5e33f3n3q13vv1noM
modified: e/5/stats
modified: a/1/d60q1ntmtagn7sigkllbhgh7s69iq2aM
modified: 0/0/ac5djmoi8pj12rasvo1ro2jb5obk9ouM
modified: 4/4/5a99cbi30hu9pba4hemlag2obtor1m6M
created: 9/8/cct61djgah95c937uvn4t4r6hmrkm6sR
modified: 5/b/stats
modified: b/d/stats
modified: 2/9/44hvmll7aevdabcon59dpcs0rg33q66M
modified: d/9/d5egs5p0aqp4gfm1uq6s18btmqk6ck6M
modified: 6/a/d71hfl6ehpc4f6eu82vibmi7omdj22kM
created: 2/a/bc3d3239r2kd7cbds1d92fm86gh0l8aR
created: 4/9/456annkhrebcof92cfbg3f2gkmv5tt8R
modified: 3/6/ad3sdkvguupqsi300jqbh8c6vdejinmM
created: 8/4/3da03t45lo7igbdcjeameeurrifln4gR
created: 2/4/98rjhjh79rqtg888a05k385sk6supj8R
created: 0/9/8cjnt3m8rmqos0680a451rvo2t9d8sgR
modified: 2/7/stats
modified: c/2/stats
created: 7/9/55v6enmc3jimnf569j9q1du0cc371h2R
modified: 4/e/stats
modified: 6/e/stats
created: e/a/7bdph8vvh25c3o2vtufudbpj76degq2R
created: b/6/daqkbqhks1ng473eggb1fksau5vihhqR
created: 3/4/3f2fjiit1808a7f4aqlkic3d0ag8hr8R
modified: a/b/stats
created: 6/3/90the75a71dfdfe3gv2mflt7uvr50ekR
created: 6/3/aargak4qrkrq2a6ut7ge9kf78k8u598R
modified: 9/stats
modified: 4/5/bf2vqbn1s4ai8t4sb64ubcdfj74furmM
modified: 4/9/feavj66nkf4sea3mhhlp6li3114smmiM
modified: c/d/stats
modified: 6/6/stats
created: 6/9/82c7ocpvnsi34e5o48rj1uafdarntviR
created: 2/3/6dijcohhbn29mr73615imkgbu3ab9ooR
modified: 2/8/stats
modified: d/5/stats
modified: 5/1/ff5mksq5h4nkf4ovp6atf9s98n77utsM
modified: f/a/eftmhvbbrf5jp5vpadmp30q5rodhmo6M
created: a/2/842pb4nvkea5f71952bka0j4aq428a0R
modified: e/3/26v32vho3khck4d7s8be2ndl38hrg3gM
created: d/9/8520o3jeo02f9h5c4gt6a9osbq3oupkR
created: 9/d/11bkca32ki3ehrve1388tdfcsqmqbnmR
created: b/d/99ddg3smlr40kp4vejppq7u13r9t952R
modified: 2/6/b715vfl4avmpi72scsk68ugk1tn0k2qM
modified: 8/f/stats
modified: a/f/1dq04h3tt35ptbbvvcu1nbop3651njgM
modified: 1/5/stats
created: 3/5/44bid78q30ddt9r4anfpdgjcfu2a8kmR
modified: c/a/stats
modified: 8/5/806blotvc99gnlapi85ml0ub3k0p1fgM
modified: 3/6/5d837cd87be3s4o2epb4qg5utscoi44M
created: 9/5/6ffn6ke9ca9511010vsjh8pp29jagesR
created: 1/9/0agucf09ao9og712396322vtjlg3450R
created: 5/3/82fdag81j30buvhngar4dse1sf53tpiR
modified: 3/8/f8iond4ureflom3pbjk2e58iqhu179qM
modified: 2/e/ac20kmfurnl792j4aipoq51v2mg9i3sM
created: 6/c/f6441ufdknudc7sngi6o8kqigv8gf2mR
modified: 2/4/fe0irad67i55t58jhmh9002imnv5gdeM
modified: 2/b/07q0ru6c9pf5h88s7u3qdoq9gnj0lbsM
modified: 1/0/stats
modified: 9/8/dfv0j4fpkaf4l3h52h1vs9e7h2frmgqM
created: a/f/a80337u6hucj500q2p0qkpbjdebo3cmR
modified: 5/5/c2t0g931djjk5svfk9u0rvpdredpb32M
modified: c/3/stats
modified: 8/e/384lka6ea58cd8c5h0i37h9s5defjs8M
created: 6/5/df1joals55222h4eshsjp026n3h8sq8R
modified: 7/4/ea8qtrl8243082q2isg936gip0g603eM
modified: 3/8/stats
modified: 3/2/4ftjgd7qup1bopqrjbqhmognae420k6M
created: 2/f/a67gf626babrgpmjah3kvkd8ltf8kc6R
modified: 6/c/810gjbt8peee7mvu6oifisnhct6pvucM
modified: c/8/b52ovn7gsucvhvtcedqhqqh0c628i16M
created: b/8/d0b2u1cmcvtrb7hdvgh7s2aa39l0012R
modified: 4/2/f0jbg03a15v6ja993l3mvd8mrbdn5leM
created: 8/a/acblcdtv3lo35gt8mi0r6fmflh3768uR
modified: a/7/cb6590jcm43omer81ndl49mjp238854M
modified: 2/7/4fetip4vrloalkoukii8g2hehdataboM
modified: d/e/denbovqq1e3bdt4m8gvs24vdfouhb3eM
created: b/3/e7ktd6g54rjd9i9olrrp8c2dt9e1bn4R
modified: 5/2/stats
created: a/7/d931j5kvsf9bn8i0pgobnm82da60pq4R
modified: 2/1/stats
modified: d/6/936oo1f0m8637eco91bmgk4otjfoan4M
modified: 2/4/stats
modified: 3/d/stats
modified: 4/2/stats
created: 6/8/d88lsvau4ige0sqr22sul27scinuluiR
modified: 8/1/stats
created: a/0/7el8rm7soioju73knmqlge7b7brsv0uR
modified: 3/9/b2tt98e33bmoeisua73me2d776su0qcM
modified: 4/8/a8920s9s00ph8d39e6kufuc4smmmer4M
modified: 5/d/72b5trs8398ek5isd4qnh9i2tk5qpuoM
created: b/3/98ae79hkcd7md9290kdaaihumtdu39sR
modified: c/0/b0a3tvvlna3k99389dno4mbpu5c9j44M
modified: 9/e/stats
created: e/0/e39pnia571eqs6t604e37q2e1i28hiuR
created: d/c/d3fouq666u5p3rsitn9ck7f26a8uphcR
created: c/1/e0mljo497eavi354f1tq6kutv8fu3gcR
created: 5/2/03an72eavqrgq31v83thi7kal33qotqR
modified: 2/f/29gm7rtrrr4h8n2d6m5hsj4806aue5cM
modified: f/stats
modified: d/b/40tbc0v4lb5cvik3mehqbhm04daadksM
modified: 5/8/d91qdtmjk11f4pp3mj62ld2qsb9bqbgM
modified: a/0/stats
modified: 4/9/f01if9vo7smnk274k7a389q16ilsgg2M
modified: d/6/1cu64tib6834u8vuo5v0hm6m7nlvqliM
modified: b/5/stats
modified: 1/f/c55t8gjmk3ojslq0evuu6j2mfmb2uecM
modified: 0/7/stats
created: 7/0/2b3cmg93ah98f2hlqqlknuf1ujo83icR
modified: a/1/0a266rcoiom6p63s889kpeoeuq14qrkM
created: 1/f/bamjdphm3up0lr6avamrc6drucm79haR
modified: 7/c/ecjea96p5gk6prsavm8o9gd1ci5qngeM
modified: a/7/be16p4i98opcem4ghq7mm91shou33i2M
created: d/c/c7k40fij039svsjbd5d5rhbvdurvpm2R
modified: 0/7/69bbn1idtdnb1neavh8tkh90dftt89oM
modified: e/a/a2tp7i7njg5brvpq5otghh3ng38d4nkM
created: b/6/fajhcj5qmq9tjn9hrpmp2q6fap3qli0R
created: e/b/c5ctdslbauk6u9d0jc2dllp1h4hu94iR
modified: 8/a/stats
created: 1/9/45hfkcgpp5k70kvr5shjdjto6vmh6s0R
modified: 6/1/80fccfej2hei9sjgeln79o4p1bf8h4uM
modified: 8/d/3ev6haq9773891bs5m6fl0ffnoeb2imM
created: 8/b/5ci14gstrgnbb2p1mcqhvn1n1a52o4uR
modified: 8/5/d7dgple36vkudu2iu461c0v9lfg3guqM
created: 2/d/60sqd5s73q3uo3p2444tgaqo3mvlb2eR
created: e/b/fe9quomounik1lhngueah0snilrqu8gR
modified: 4/c/stats
modified: d/1/stats
created: e/3/81o3ur6abd1rers70s70oge3uo03838R
modified: f/9/stats
modified: 9/d/stats
modified: b/4/89d4ldnidkmtt3g3gj9lb3amggccnmgM
created: 6/a/463oda2qfd5h60df83hlo4t6hk7rc6iR
created: 3/1/93151s1m52uba33ddbn5dr00b7tsk38R
created: 4/8/dcnsp354fsgfp1quise0fqpvbg259ggR
modified: 8/e/91v17q4mr7epa5p2ffpmaonctnqkj02M
modified: 3/3/stats
created: 1/a/f3j782fgaurbbqrnpfsim8cpbgf8fjoR
created: f/7/2a5g3bige8m6soagfn0pcngme77fanmR
modified: c/c/20vaejnbf236kh57i46at59nk4a4s1qM
created: 0/7/1f4na7nhqacam41u0tsg2ude3olvt84R
created: e/4/ddc3ojlroslb0sn8vrdu0l2ikhdj038R
created: 5/e/122e5k061f29237snc8isllf3ia7uu2R
modified: 1/4/stats
created: b/e/b5t6rrbngq8tetk35a4a2acusmqjpgiR
created: 7/8/677ekpc37g9vvida9vh9sgt9em5081kR
modified: 9/9/f4i3v1bgjr5igkigdggs4oltmfjii0iM
modified: 8/b/054fj6bg9qoa1vt1fp4o0nfb7v7to5kM
modified: d/f/74cj8h85ip1n4piel4npidtt8m8qaeuM
modified: 2/2/51iol0q2ru1u9nq4kp6c4uomdpf1lf2M
created: 1/5/52arlan5hk451sm6f5tnmr51h8u8qqqR
created: a/4/61hfcak9tin4mecbivau7nu40jhnlfmR
modified: d/9/stats
modified: e/0/stats
created: d/4/80mqc63nb79b4ecvjgkfbim87vb06emR
modified: f/0/stats
modified: 3/0/stats
modified: e/d/05fvfkebru3m4082030c8da70fhubo0M
modified: b/7/924ujm2cbipofffe2rublki8jpql31iM
created: a/2/1e39j4g50527ig4o6puke4pjp632iv8R
modified: 6/0/stats
created: 0/e/4ec6i3ao070kjtkmfn438e2km1k7o7oR
modified: 6/e/f4fh7bth86b1gb7aql52cs12tdevuo0M
created: c/b/71hlpt1dqoq6t84k7b0e15nd57a6rk2R
modified: d/2/2f6snhova44pcpeop8gq0iurfpob0hoM
modified: 4/d/stats
modified: 5/a/stats
modified: b/0/stats
modified: b/b/stats
modified: c/8/stats
modified: 3/7/06hr6lr6ve3npc4alfc6bogqne8o0g0M
modified: b/8/stats
created: 4/0/16k357bu0itcohqc55lpigrlvbd5mm2R
modified: 3/a/stats
modified: 4/5/stats
modified: 0/d/stats
created: f/f/c28lgoq2k7gc4clql96ct2935fpilguR
created: 5/1/4336k6rf5m93hcqeg0pu89dqqcoogo0R
modified: b/2/stats
modified: 9/7/42t5hdi0uoquke2ms88d6i8jfo94j1mM
modified: a/5/c79dfm3kvjo3iuq9ksabi1gaiggc6m6M
modified: d/4/7dnhsrciqis2170kisocje74vinr8t4M
modified: 8/2/35oapv1o5tncmbk2re4sk92bc87qeakM
created: 5/a/b0n46uh3rckkcjqa918f19eej2d0688R
created: 5/b/95uk5q7l6i8tujdkrtpqfcn50qda8foR
modified: c/1/6590ctsmsip8m090b5gigpvnedj99emM
modified: 8/c/stats
modified: 2/f/stats
modified: 1/e/a6nrh5a4a09voge01em6ui32r683greM
created: 9/f/690ka8q02nnvfrhjg0q712h9paoqd0iR
modified: 0/a/stats
modified: a/3/96i80ji22cge6gjjucci3uqdvkucaciM
modified: 7/6/31h59kvvqie8rf2o0q1fiagphp0nqbqM
created: e/e/9drns255smmbl0233qk0u1rarh5korgR
created: 2/7/8fomiu1p3niku8goqj93sojq955j1smR
created: a/7/884ejbkj8ofj1q9833bdjkh4ucqjqleR
created: 6/f/25al5hridg187f7jb50h8r5g1doj7ucR
created: 9/1/3d1htj08vvpohr0np7q9crjkcl0bt9iR
modified: 9/c/adlglsvgdhi1uqpji1oa87gral3qtkcM
created: f/c/b9qb0igp6bk9galu3kchqbdbjc3n9gkR
created: 8/c/588t90pkpiqrnpc1851tmn5uk58g55gR
created: b/c/d8uo1onhmh1sue196l9dulnl9iph8iaR
modified: 3/e/stats
modified: 6/a/stats
modified: 7/c/stats
created: 9/c/bcvf6b30sr1vklbakd7f65d4pa099ekR
modified: 3/5/stats
modified: 4/c/2fv4vcgroalhml06g4r94am8cck1tnaM
created: b/5/47o6cno38ugf8hfsmnu41f3hhac934kR
created: b/d/4bps4fm8a8m4frt694qf6jik07qppbkR
created: 0/9/2dsgevsirualhetff475abqqhlpg3i4R
modified: a/e/stats
created: 7/b/76lj8meklc46420r41jdk6h3fl01nvqR
created: 4/9/56rgbc60jma4u931v9qii5bqr32b4tsR
modified: 1/a/05me474dkeg0uljdhp86127fses4q4mM
created: 6/0/07dhk7kmdtqoadlh9kjrrh05j0l0c36R
modified: e/b/17l7avob9qkajp66dqbgo2655h2tmpmM
created: f/3/adbborbv4mj2ekprclargutnfu54kpqR
modified: 0/3/41ac93q9j583vdsgh1i0bjn0pbg2vhkM
created: a/7/ddsg09c46gal527u5111g73k2vumn9sR
modified: 9/8/b222p08cilmf2sjshtefltivg95bqukM
created: d/3/08jflvlhh066jkkcqj9b5tif9p5np0aR
created: 3/1/2293peuq6kqrcjgt1pf2kphhf6ev5uuR
modified: 9/7/8c7gcu7f2i8nspj31vh6mq533rrvk1iM
modified: 0/f/c3lvjlfm49e57jbvvvkvurhddus74sqM
modified: 2/3/41hdkbfk16qbo3nu554vu389oqbg2vgM
modified: 3/8/7fhjc8ekjbpdnk1bibpkkple14fg9e6M
created: a/c/f2qloao3nkdrgthgai0janp48h1d8hsR
modified: 3/2/stats
created: c/c/f4i2v97654iu4f9ha06h3dth352m30mR
modified: 0/5/f1rg8p62boe8u4j51cra522i9sb1etqM
created: 1/b/0fvod7o9fclrdjh7u7iqii5dqb4kbi4R
created: 3/5/41p48j75t5fim6pipi9og2kbc09m5l0M
created: 7/d/08se919j087l2samdoj1jphsehttr0iR
modified: d/b/stats
modified: 1/8/42h5ab6il8bvb5gq6020mpsj2edt2vcM
created: 4/6/05li662snntc6gik0b220dmp6snp1gsR
created: 0/c/47t976fkgg860hikpgop83i89s2or3cR
modified: 0/e/687fn586sau0v0ugf0j1i1g31lp4ag8M
created: a/f/24ruj730tq63lq7a9trav55c13cetiaR
modified: d/2/cberifemu36sjuibcdnsgrgi20ipcvcM
modified: 4/6/872eiob328ldar3bitt3kjn3f6o4t84M
modified: 5/d/stats
modified: 8/6/stats
modified: 1/5/fcg26cp19n9rs3qq6rgfqju147br20kM
modified: 3/1/stats
created: 8/c/69022pnaieft34tl8vatgbj3tgoih6kR
created: f/f/24amap0vnt1lk23qeuj56lsv6k68en6R
modified: 7/b/stats
created: 6/8/deh9nr5qqs1v7bnftl8rhglba4nl83iR
modified: 3/b/d3nfjngaj8krudi9d2m6odm2dqfb7tsM
modified: 9/e/aej9gh2ujspr87c9qvii8jej75qirmkM
modified: d/e/stats
modified: 7/8/5dadrcpbqb04v8fv1gk5jrva06cf84iM
modified: f/6/stats
modified: 5/6/fan6tnghup0v5mruq58bt0ksg3r6mpsM
modified: 5/7/b4uen65l8jj4muj5rseupgd55l2st3eM
created: 8/c/10kk997spinceo6q2bp30v3lcda8s1kR
modified: 1/2/stats
created: 5/2/0fnfkg06hvpp4g6ifr1ror2eto7sd62R
created: 8/f/87vjand45ml914rlo0920b68b7em9lkR
modified: 4/f/stats
modified: 7/a/8csbjb6bs7lau8034o2mi6hhg007m9eM
modified: 8/2/stats
modified: d/8/stats
modified: 6/c/38t7k9bue43p4p61jo54h0ggt35gkp0M
created: e/2/9df5qi3ht9ikiqurcps2javnmfbf00cR
modified: 0/b/stats
created: 2/1/26e18onj8djvqe9jiukh8skjitn7kloR
modified: a/7/9de017d6eaj35ca1le6f1mlut3qm8iuM
modified: 9/2/7bpfluv3g0tcjtpcjuve8p9tmgsjeheM
modified: a/3/6223ikl8ba9ak90cqnksjf9oqvvqoosM
modified: a/f/stats
created: b/1/b5gkrdk7lug0raca2sr998f42gsfpesR
modified: 4/7/stats
created: f/e/1afirm1p7jrqfl82u9ppka3g38fvv0uR
created: 5/e/6cvdishp2fntjka1uj640icbk34rec4R
modified: 1/a/stats
modified: f/5/stats
modified: 5/6/stats
modified: 8/d/stats
created: 9/8/d54t49mdj79hrosff4cp7vjl41nd1qkR
created: c/d/17vt31uov4a4t2cre58haiirb1j2geiR
modified: 1/d/stats
modified: e/e/stats
modified: 0/2/stats
modified: 9/f/stats
modified: 4/b/stats
created: 1/f/fdmrl6r6ns2hajcs2v7c6kiqkdjea4aR
modified: e/c/b29c7uqe8691l0scqt9k67ksvc47hg6M
modified: 7/1/92k9jucdsk564it0rtg2ohni9mnkmhkM
modified: d/f/29tp7r06rfr6t43rf997nek6kpc4fneM
modified: f/8/stats
modified: 4/2/15c61tal0k2bg20g4g0lqiau2mh0jviM
modified: a/2/4200gr17uolnhekicvs28i9nqimt0nuM
modified: 7/b/f1hrauiago7tfd4e66rj7gm7q11sk20M
modified: 9/4/stats
modified: 5/c/stats
modified: 1/3/stats
created: d/3/2221fk7issd0n82tsc3osdo4id873gcR
modified: c/2/c68bl50k1mqves7ulinrhvaq4ch08qiM
created: 9/f/a3mnonjs5ntf4dj4nabu44hggkqmh1aR
created: 2/d/ebdlurvf5h5l02p75pb7k0ehb6radocR
created: 2/5/0dt8021o7t5583h4u077993oabhvaa6R
modified: 1/e/56k7nsa2cekhhghgpnajuultigbvlgsM
modified: d/6/stats
modified: 3/0/d9mp7ef4danldm7tpbi64vdcrm1mep0M
created: f/9/f7o0m92dst68n85k6gic01o9etrn0q6R
modified: 5/9/76afuhkupbrivcc4iuk7jdtbb3rpt8aM
modified: 7/0/stats
created: 7/3/d3fpipg514br1d9hl3mjb7aama1qe2eR
modified: b/c/7eghp8evjgca44lrml63hb28j61of52M
modified: d/7/stats
modified: 1/stats
created: 7/d/a9q44ab7vf8hgh0kv3jrlc0ola0ios0R
modified: f/2/01ljjnr5lkobjkra4788otm51gkgnuiM
created: 7/1/50tjpkhu3s4kjlmkt6ilm5hrk5k4q3qR
created: f/e/d0q7e55hgchr750cc8h68ilidpuk7m2R
modified: a/6/stats
modified: f/c/dea8qsugcclf9ndro9k0l9s964l4sbqM
modified: 4/4/1472gpp9ru48nfei1kee557ps8ltrf0M
created: 9/f/5brq6ph80r7410utask8ca519054cauR
created: 2/2/a60j2q43ta1k43jdtkjrbefklv9jlg4R
modified: e/4/stats
created: 3/8/2comp0tsng5t55ehbms8spveob0bf7oR
modified: c/c/stats
modified: 1/a/b35hd3879eb8b0962s4f1uehsia1u82M
modified: b/e/stats
created: 5/3/69sv91jv5esaltit4g6vn4knnrv88f4R
created: 6/1/8371q8jp84m6r3ppukuguk2d09bcp9qR
modified: 8/7/f781nomdifa5k6s3tvh4qr07tr9m02mM
created: 8/8/10n36s1oikpghhqn1ce8mhocs80n86cR
created: 0/f/44cnt7ra3vph61mvcp122q3uprp1h70R
created: 5/9/5bvrpaoeh01hft3s2q1qpmdojovdsb4R
modified: b/c/f6g6j9sljc7o1icnjm31ra28bgrf8deM
created: 1/7/4bmf54fn4e7k5831ok9rr6a1tpmpe70R
created: f/5/43ogfilf47htl04tpn4id6uanuhthtoR
created: 8/8/06916kfrf2kb5v18ji8gamu2jl4usucR
modified: 9/7/1blpiqtgjg3igm3gkdlbb20gf4135gsM
created: a/9/21a6ru1l25p7lt8uj7crdn90pcoecsmR
created: c/1/8219avmi0pani89al0d9crom6mc6bmkR
modified: 0/4/stats
modified: f/e/c8h0sv47cjh0u1g5tq6p2r298piji7uM
modified: 5/9/stats
modified: 6/8/stats
modified: c/7/stats
created: 0/b/ed6151sg0h1h8esab9c0p3b5vvrjcjkR
created: e/8/40rf6vbno6osgrhhbapqor35h0t0pk8R
created: 3/4/0b10v4ied5ubsjmp5ooaub7dbee1kp6R
modified: c/0/stats
created: f/9/ffuknnt0hqa3bn86td0hp9u2gbmd71aR
created: 4/c/b59ansvulrcm9crtn2dc0ovhsie4j1aR
modified: 0/0/a70s0hlrtdch41a1aatddu7asksd11kM
modified: 6/5/bbd3qkdjcb374voa0uthr3s4q7cktnsM
modified: 5/7/e7927hlic6p5ftd44aumlt30fdimg76M
modified: 9/5/stats
created: 5/f/6bvuiumk11hho2mjhv9pkulhb4sftvsR
modified: f/0/1318evciguspd532kjbiemmshqt56uaM
modified: 7/b/30uefvperouvubkob3k3oauof9476riM
modified: 5/9/f1doocbjv0u31ddc0gfkae71u10uf3sM
modified: 9/0/stats
modified: c/5/stats
created: e/b/78bilsdb08b7e91n6c0ab9u56jfmg76R
modified: f/0/2esnt4kb79sv4r1k9ms952va7u9ep42M
created: 0/c/c79li3uvnokqmuejk2rgtc39b4uuraaR
created: 1/6/9b1s4dv7qq4rh305fenotmnphep5ik4R
modified: 1/f/6bu320gbul0our7u315hg880fv49gr2M
modified: 1/a/e9823hmu70kp3o0g90e2tk06loqbposM
modified: f/4/e4p6oqaffsl33mska1lpgov43buc0q0M
modified: 5/1/stats
modified: 5/c/987sgod8d63p3de35tjbvuqe1ifcktaM
created: 9/f/bd50909d6bdl6d1pa48cgb62adnaegiR
created: 0/2/e1hhpso4oc55ue59re8pb54i3444umoR
created: 2/4/6f1orahc1j6tgl836kfrobmko7cc8ccR
modified: 4/1/stats
modified: 7/9/458s8f1qn2kroump2bjb3jmf8tdj96gM
modified: b/0/36rpl8i5v665lklfhpksb642s7lnli2M
created: 4/1/b4hmkvnrvvp0knit6621rb00r3l00ggR
modified: a/3/stats
modified: 7/2/45j8mlkujeh23kfun3m6kqis1a7e00gM
created: 9/9/47g6kbuc41epn3qh09llt5t867nu8g4R
modified: 2/8/fedro051jf6rddcsh3lnrjq0rv34rr6M
modified: 5/e/stats
created: d/7/b502obfs82ifu8175qcr8tdoh5mgjvsR
created: 3/6/6cb0trsj7doj5aaf2onrvos5dbhmbccR
modified: 4/3/03l0vm7t5imntloj6kfdovllbe67sbeM
modified: 2/7/74eio3srp3ps6jb9qf531gkmjicatb2M
created: c/7/e2relfneif4u7ief8ad3doau9ek15hkR
modified: 2/c/b1fffudqd6bq811tjjtd95rdl21945mM
modified: a/0/ef41h16jjlu4quiutu9viveeqs48go2M
modified: a/4/stats
created: 7/9/36cmnlk5mgqesqcigie124nfirs20ieR
modified: 0/c/bbsavju7b4rs3l2dq4vh4eeior3gc7iM
modified: f/0/9bfegec91s03itle77krjbn4bg1hiraM
modified: 6/5/322t52c2j553vhf31t6o5vi0nibhu2aM
modified: 6/1/stats
modified: 4/3/stats
modified: 8/3/10akfcr5bdsjsosjnp62s8482jmfdugM
created: 8/4/1dn3kitp0f4pf558g3eonrhmp3c4m2qR
modified: 8/a/702g3fsblfrlgqhs2f0j84ctr1dl3tsM
modified: a/b/a332c0numtqeqdeeuffbnrb0rgsphu6M
created: 0/e/04bj7dr80mjn8gblpq2jtl0urj41tfuR
modified: 4/5/97bmcp85oo92p2s9jpau2rcgsbslbs8M
created: b/3/4ep2e7nb4kbo7aj8933vav7sgnkh2usR
modified: 1/b/stats
modified: 7/0/2dmcat74ii0jgsgked1ajnjrbuu24kiM
modified: 8/a/dchqbvbr8ds06qa032qertd4ol344nkM
created: f/b/93dn4vgpc4glu7lidtenq77lguaj65qR
modified: 5/0/cdgn8o36a82cob07d788ps0ce696tl8M
modified: f/b/a8i1v3gg2dkra6nhbsmdiil4fejrqhsM
created: 9/9/7ellije8sjlp5kuf1q72qsi2u0mtp9kR
modified: a/3/48o4bk0mtrome98nf7848gquh7m3oncM
created: 1/d/a4ouopnvve3olpibhnr1ja214o8gfocR
modified: 4/4/stats
created: b/b/f6rifhg2peh6bilm2lrfpca6dv6uvvaR
created: 8/3/eea1hgrjlbi6m75naogt7j5n2bl5peoR
modified: f/e/stats
modified: 0/5/aa2pq2ui8rbotm0lkca3eeb849p1g1kM
created: 2/4/88c5pkjra1m363bch2lcbbck19a4n5eR
modified: b/a/9cmsev1qrnv2pco20aqpj0h2277306gM
modified: 6/f/6bv4pgps3ifdn4o2jajmknnnqu9b3s8M
created: 2/a/c4faq53as530dt5922dkfs6i8ap6aeoR
created: 4/5/97jfnffjaur5tk8i5t6u80s3dgrvh0eR
modified: 4/a/stats
created: 5/2/ee76bdro5nbrsqtcgnbtutqughpt1doR
modified: 2/e/stats
modified: f/b/15s6a7cvld97cl5lnci4oj406e2ct54M
created: a/2/e2hkm4ffcj4j9busjg75c108qmki04uR
modified: 6/c/stats
created: 3/a/b7rua573brk0fmh4iq1ph7gda3kn8fcR
modified: 6/a/ad1kjp40enp9mksger63c975qb3m9mcM
modified: 0/7/8et5t8p020ipuov58fbii4d6q9trbkeM
modified: c/b/stats
modified: e/a/stats
modified: 0/c/stats
modified: 4/2/31vu1nveok7gahbbq8cteir4fhka2tiM
modified: b/7/stats
modified: f/e/dfnpsaurja8psh3qpbau6f0he620sbqM
modified: 9/9/stats
created: 0/2/09ap34gn18lceprl2u3apr1i7cr7dvmR
modified: f/f/stats
modified: 6/a/bfoqkfo2eb9t3lha678hcreklav1iamM
modified: e/6/34phqfbev91qloaj2mkrcngomiftposM
modified: 0/c/64f6mnlhogi7j2kinabo1o119sm9pf4M
created: 3/0/33bnh3kc50d4vf0bssakrf1l3bsl86kR
modified: 2/c/2114ivvfq842af003m5hh1lsr8lm72qM
modified: 3/c/stats
modified: 5/3/ce8onjjt2uuegn9hiujaf11149a2fgmM
modified: 7/b/32h07ficdhs9vnukflnbcdn50d0p05sM
created: a/5/eaapr6q5fgvj3ad29s194ll7kpd9vscR
modified: 1/f/stats
modified: 2/1/bd9s6pqg9k5g20osakk9vnhvrlrl97mM
modified: 5/3/dcd88gcl423o04hv0dlis3glo7bahksM
modified: 5/9/afhit9a0boh5m4u7tvf4soqjrpt6jjkM
modified: 3/b/b6m5e14858deiesilp8re3vdqo4roloM
modified: 3/0/aa4o4dt71lsmk1db5jdets3mnljdqfsM
modified: 8/6/6ern8vcjo92rlhkhsvhltcdfr990aauM
modified: 5/3/b3f039rhroacnebp7tvj03i68d1hj58M
created: a/5/72v3ju0r8ive9janq3kolabfcb4qrsuR
modified: 3/b/bbo697att1v4rng2oh9u4ltk9hift0uM
modified: b/b/6cghhvdi2qhcijkrt7ueit5or5ujq0mM
created: 7/1/2f19q4qbcoov553n61mlaatpvkkad5kR
created: a/a/d4bqh2qnqk5joldrgkn8mjuqulll6qgR
modified: b/f/4bgn1nhamqaatv690h0u26sohjt986eM
modified: 8/f/d5r0sjr6r2lgp10rmg85u07j8vknbjkM
modified: d/1/16ck7s6f7vfsgmjsa0dsu0cie83apasM
deleted: d/a/1cqf1bjf0gbmbpig8hihqmmqd55cdv0R
deleted: 2/7/132m08p729fjh5po329ifs229ubrkbcR
deleted: a/f/23uptf8iugq4lnj4r7e01m1sqvjephsR
deleted: 3/9/f3ucikpsro8aemig1vdigmf5tq0ebakR
deleted: 9/b/bfc62l0anmgi7liep2ehbq898dsmt4kR
deleted: a/6/bf252cbuu5ih6pshgiambr7olqo85j2R
deleted: a/f/4bi21v8lnoutgm327d1upvb9bdlb5eqR
deleted: 5/9/1fc9tfaa4dmc301tmnrdgujuidu80tiR
deleted: 3/b/78kud9429nlc6keot9pbg9gfmph2a70R
deleted: 7/c/1a3bpgfev6sptgqttlep8v14hnmer5aM
deleted: d/9/e8cp0ot7bfan1s0lc0mdro6gh53cp74R
deleted: f/2/30g1p669v379qmcp9sorpibfst46sdkR
deleted: 2/e/6eegfues5td5u5rqdc16hmdtf3u7drkR
deleted: 0/5/833tdijgios6df1oc23nn9ld3u8si5iR
deleted: 5/4/97jg4kvbhg5vfarulb2ke4d04bs94e4R
deleted: 7/f/bdcat2vdnp3sp3sqitbfmj84138k1a8R
deleted: 5/3/dclhulv29jvu84ql66jhs24h0iontdcR
deleted: 6/3/8aihupcuctubus2fn16fotc18qov7mqM
deleted: 7/5/c6mfb49bncuh9hcmg0r04hdh4cclho6M
deleted: 7/f/8b2g4kbblg07psiiv7i2e4215r7n8gcR
deleted: 6/b/88q4rmpr2dggule3tsadqdh449psor2R
deleted: 0/c/42nqqbomg1g1oqp8e0vd2m1sh9kkld8R
deleted: 5/6/4elve7a4puveq5le4mqboothrlhda4oM
deleted: 7/7/94b7ft6no6frhef76ifudu5fd1kaj2gR
deleted: f/6/4a5gct7db47cnjd0cjstovjipd8scdiR
deleted: 7/4/02pu8292lm1u6a8fk2s90qs6k8i9oroR
deleted: a/e/730t103shb5do7vmcpbdn87vigk5qmeR
deleted: 9/8/f27i1809s44ptds6da53snn1a0q2qv2R
deleted: f/6/62376018kea51lr9f3ir8nptnrs90e6M
deleted: 0/e/32kcbej20uh2fntmv7fduqns791h8ouR
deleted: f/7/26lu2pt6j1jpdlc5kcrplee7tmidpbgR
deleted: f/1/cbm63qrq2qk714lqha507pbjuj52676R
deleted: a/6/7d0k27a52f2t5be27djgneeubmpgh4aR
deleted: 7/f/889vhaje3bhva4bmvfcuggt27q2uu52R
deleted: d/a/96bmih0memcbnh8mneqnrn0o491ufpuR
deleted: 2/7/5dkdkm0f42aucnbf289467h1273m6coM
deleted: e/7/e4krj8s4fk6l3ogk88el6tbrc473fpiR
deleted: e/8/08d7lj32ol1ughqmmdkuljnamjv0q42R
deleted: 3/e/a1ihhotbnqqblbf6tss24nqs2h8mmlgR
deleted: 0/8/af533ah4lg324qj3j9pv8vfko55dqbqR
deleted: 2/2/befnq17ura5k22iunrr3skregepu192R
deleted: 7/7/dagi5mjqkbcblhlnvhrbhruu9hl3ng8R
deleted: e/6/27g41rslldlhrpimqth7tf4k5b60asmR
deleted: a/e/55jbthumu0fvnvl4japfaq1esujs2voR
deleted: f/3/0f2kg9te6r6ru8n722n396jv1nt8mt6R
deleted: e/b/8ad7sh2cdvmmj54e4becucils11l3g6R
deleted: 2/6/08qmord9g9offmjdhgmhun5ptmafikoR
deleted: 9/e/c5egisqrs9rvmperhecbudvsrmi5g9kR
deleted: a/f/62hp5kakha8o55eic2hgf7p33eu6ileR
deleted: 7/2/447eh4gpnlj8v4ikrcls1963vufi66iR
deleted: 7/c/0euv19pua4ibt18a0ia3904fum4nlpsR
deleted: 2/f/21ivcpal1e6k7o49sjciuj2e3j3cjasM
deleted: 3/6/2aab8plthkgsafa4ks5qe6bb3b17t8kM
deleted: 3/e/bcue57edb6i1rnai95enqflrf3i785aR
deleted: 6/6/f5104de82iovanhr8pe7o54bopohq0cM
deleted: d/a/805s9jss2k35gs7a9eklk86er819j7mR
deleted: e/9/78h048dseb41mpfo2lknmlgjneidtusR
deleted: 7/2/53jh9milnjuqmg2k8erodaf7r2q0hqiM
deleted: 0/e/2bjb43rjurpspuks12ksllga0kgu2piR
deleted: 3/7/2055f4v400p1b6fqeo2dc0hn1frd7hsR
deleted: 3/e/7evpmmm2ckaulg2pd2mcqtgt4q0l244R
deleted: 6/c/f6b5gp4sd7efk72bpdd8bk43blbmkhcR
deleted: d/6/dc8ni4prv6ak1n7t9q570mcqvg3smjmM
deleted: f/3/9frrdttnki3pb2l11f3ujtr6aq9ebpeR
deleted: 7/2/f0rb6c2b0ae6jfaif2eg3rgoq0fcbc8R
deleted: e/6/01alialsnbi6mlroaq6q0sfrneel6hsR
deleted: e/0/00dq342o720lj247hbep97ivaji3dlqR
deleted: 3/a/6b1m0mng1orr0o89efeo8dv884o3qnuR
deleted: e/6/aepn0tpr662kneronpa5gtrsptr0qfiR
deleted: e/a/fcnpi6dfle5ppla4iudravuhulmqls0R
deleted: a/e/a8v948mj5q78s48gvb71qtisb6m2egsR
deleted: 7/0/06r83ba81cdnpt2hjh7suvftpl56050R
deleted: 9/8/c1qli0ici6bfk3000in2jdugkam7lsmR
deleted: d/8/d77anqfuanuc5uf6o47rj6abopqag5oM
deleted: d/9/0avj8839sgp8hrn491br5bvoec4prgmR
deleted: 2/3/804p0gcc7f7sftnp9ranhv056nfcpveR
deleted: 2/9/2fuj535u8kvrnmtp9jlhcb7gsmsqt0oR
deleted: 6/b/eddkijng6i991fc7fm8gk94i6l6gkj8R
deleted: 7/6/29dqrrs1sh9orud4dfd83u8rc9vu1luR
deleted: 3/8/e4nrq4ps8letqou2kvqvudto4ul17sgM
deleted: 5/7/48jgfnjonn955r5ps5pl099p99ecpkqR
deleted: 7/3/d51ob22hdme5jv2koimukb9m396uv7oR
deleted: 7/6/34cgmr1ln5aru6dco0gd6hgbf1qah1gR
deleted: 2/c/barqh66hnnako8d0b16a2h753j4u478R
deleted: 3/9/9efjnk7u8macpie9os7cfblqojg4baaR
deleted: 6/b/05ccs19uejed8mknq6r3jke5sfcgumsR
deleted: 9/c/2cmblsf0mimd77i0159h9hlhp1vqbc8R
deleted: e/9/02d4vcogd80t3264q6ps44itjbj2g9kR
deleted: 7/a/c07f7oackb2luj5kkj3mlktl5k3i09oR
deleted: 7/7/49l2rq13k6el0em19ltvgcg6ub9lstuR
deleted: f/3/d3m2v69m6m30p7d9pu8vuc9qb15vo9eR
deleted: 0/7/adhjdr58s8s1533np1pn3r87a01kb2qR
deleted: 6/b/3arorl1qlgqg34fcp85octub1punu8gR
deleted: 7/6/abaspcun78flbdnk9ap9atsk1jftvm4R
deleted: d/a/d4ifi4v4ismromc3giq7su2dfvgf81uR
deleted: e/a/eeagmd7a7ll2nlfs3l7ubghmvacn1reM
deleted: 2/6/b0eb4um7bk01vjdm78nq7gt3mmm0n72R
deleted: 2/7/b2p5usf5dnjvfhil4dq4qj1c9dv7iaeM
deleted: 3/6/534dbrrf9kit6a3sfb2lsubeocc7n8qR
deleted: a/e/c8orfk3g6vjuv7rno7ufu8cg7q2shioR
deleted: 3/5/7a7d8mfqng4i0ml3slibaj8b2ggc7euR
deleted: a/e/daoht6t1ucdi5c2tdqvn6a5cnurci64R
deleted: d/a/67va6i6ov9fd618t2ikfb0tbfapl9ocR
deleted: e/e/63fh2o5jkc5c1ldqjvnfgga30tjmm7iR
deleted: 6/a/ff120tjga6131ujtojvphe6bb6ljk7mR
deleted: a/2/b4ngki8dir0frejsrlqmr5feg2tmftaR
deleted: e/6/b18al315v521c10c86565nr1fq2bpvoR
deleted: d/7/8a2j939sk8bfsg3pkscmqluke894l2gR
deleted: 2/7/ab3t2pidltnfa8utdp5h43kegbm5iq0R
deleted: 2/8/1e6st1h3tit0lc6lta1fqsbb3igde3cR
deleted: 9/8/13cv8t2samj1j72gs1514r96mjakh48M
deleted: d/8/a7s3a7iqmcrsk8f3g095ch50jpf54fuR
deleted: d/a/467ncbo1j2tvopgk6iesgs3ifpq1d5eR
deleted: 7/4/9165rg1pbk417s2cpu962nd1vg1idq2R
deleted: 9/6/73f60gso3jlfvvleaim9b719s85dfjsR
deleted: f/6/41jblt02qikmcdl3lj87nc2mdtl5p5aR
deleted: 0/5/d1jhdp3ablg7c1tlua3jd2h6jvr7rr8R
deleted: 7/e/c0hqmi9km07gdbbusv5kj7vcnfrju04R
deleted: a/5/93d03eun2s53crspl3mjkfdbg0ot44cR
deleted: 7/3/80fiuc6vg7ppqbrllc9pic8g1rumci4R
deleted: 3/4/aepdeghs0ggukfso4jer7md94ol383eR
deleted: 7/9/b2g7vtedgs2p2bqqk3k5e07ktsg34cqR
deleted: 3/6/e3nchs5s9g4qn40bkueoegg31lpbb6oR
deleted: 2/f/61gsjt902l1bj72rm3ibke479cjb5d0R
deleted: 2/9/0bf34raakch8gbph9p0sih2lpbfps72M
deleted: 3/e/ecbhnqi54qb9jtkg1bsnk29n6gg01qoR
deleted: 9/5/87teegjgdg6958l89hqe50c7fodbgacR
deleted: d/7/58m2unsfhgja1ift4t9i0mh101lptkeR
deleted: f/2/d4p6gnq52gdfa8tlmtieppe2flgkipgR
deleted: a/e/826rrsu52tq0tmgf00bqd85rhr9kqrcR
deleted: 2/e/9dffa3pc4vm4gm2bha2d0oaa2o67io6R
deleted: 3/5/a40rfvuoh2epn4afgj9mdkhq9s3l52qR
deleted: 0/4/14t11gbvb388mtebphnatkdh8mv11paR
deleted: 3/b/21k4pv5iih2q01ssq8ors00sdqd235iR
deleted: 9/7/124es1jh126o2capr8ra4c77ph1sui4R
deleted: e/9/7aki709mr28ugiibf0cdaflga9i7st4R
deleted: 7/3/652he3tvpt9n0sd5reu8rs1o9h5aur2R
deleted: 0/3/c9fu4fr6fnpdigt4nvu2f3uot2gsp0uR
deleted: 5/c/b3p6odfst6umosb72bepgvaam53mfasR
deleted: f/1/b5vnjdchmv11oiftku9eknvl7580avoR
deleted: 6/3/8f9q5foiq63vlv6t04mi9l3cjeb1t6aM
deleted: 3/4/4at7j6tnngf1dg093jnjcvst7cgrtl0M
deleted: 6/e/8a2tvqqtp30q6d7keksefukk5go1k6cM
deleted: 7/2/2f0i3t40ils9qa4k1v3sio7f2u0l18mM
deleted: 7/2/5brs8ikkm5qi39ghahqo77qqn12g3n0R
deleted: f/2/f0v09a4tel086ntmjch28libnr8dtvaR
deleted: 5/a/f9kcfv333ijtoikfe7i3gd8a0mpsqj0R
deleted: 9/e/c8snsoj53bf8kkoi85shjl9p6c39vniR
deleted: 3/5/a6jr3u43omul391pee1k6fr7nucb6h4R
deleted: 3/5/05kp6n1ccflfd4ufiul6csemdkp54rkR
deleted: 9/6/b541mhkrp8nhpu83219r9uouk56qheiR
deleted: 2/4/e16sgj4s77nfaqib5ncmakj8a154ikcM
deleted: 7/8/d5ug594d9ourosbs169s7b6ji463k50R
deleted: 9/9/54c7i11qhpul2iuabnrmb8lehjgs1acR
deleted: a/7/31uepcaa17hla64912ohtg9aenqh4i6M
deleted: f/1/48dlpi06olbbu2kn8bpjraght33focmR
deleted: 5/5/4abht3nai44gdvori39ej84dlk1jfi6R
deleted: f/3/98muvurb874c8486tmeocmirsi0gthqR
deleted: 2/6/c70knns8cl8v8i9e3qohgdtqsjah5f8R
deleted: 3/6/9eoe0dm1jikusjkodn00fed0tp52npmR
deleted: d/5/b6bqd5umj40kss3fda098sl07d3gr98R
deleted: e/6/5fdbkn01p2oh8vgncln8fu4jl1s2434R
deleted: 0/c/e70ljrrjs5m6u48lqk2bg3bg86s4pccR
deleted: 9/7/7ddhrg670spmusm0ou4kuc8hltkal1iR
deleted: 5/7/18du194qdmi325jbfhkt5h60hvkt7jgR
deleted: 0/e/9e803vim6co1o9domlt7ub41dg50jcmR
deleted: 7/6/c102lk1cj1fs2rr5d624uqrtostpr6kR
deleted: e/7/16p7u7fosv4h44haa9h6u6l1mhm0mhsR
deleted: 0/4/249qrdh7osfkjkj0aaad4g35akm0u90M
deleted: 0/a/d4fnuk9t5q87ec89b1hdlhlnh7606b8R
deleted: 5/7/b1mqu5kc627nvdb660bk8jd55j0thgoM
deleted: a/3/5d8j3alfdcpm6bkn2d5mefgkgcj97j8R
deleted: f/1/c5a943groog05pdjrtkh16b9m33902iR
deleted: e/b/e4vg0b6p1c1csatscij46sbff81mj9uR
deleted: 2/6/1f2hqv9eb5scqm7p1etkare0s5rvuaiR
deleted: 5/5/e0ni260avlbcsi2v0bjub3vn6t8qmmgR
deleted: 3/5/ca5i5nu818onvvu6ve1o2k5ukfb2ga2R
deleted: 6/a/868ociebcrlablq8i38csrltdmjsp50R
deleted: a/f/d7at92ee2kpjpdu3ab8bllebpkepmqaR
deleted: e/5/fe4ae31a822j0n17e2c5h61caevadteR
deleted: 2/6/07rl16oqj680eeniqmuatkh4qme4d1cR
deleted: 6/8/e7089rjvhfnmpfraqrb8qb6bb4ssc0uR
deleted: 9/a/a5o5kc4cqbshdd2lugntclea8matsleM
deleted: 0/d/83816h9e7lbnhfvt2bu29reup3k10feM
deleted: a/3/45o4hgjudvrrfhf010884o1oiud0p78R
deleted: 2/5/beqig59brued4cdsoe5o33ehbu77uugM
deleted: 7/8/f36hp9c4gqg6jaqf4ahrh3getc3tbfiR
deleted: a/8/d1b7e3kflans8f75noa5qauqbdkf4omM
deleted: 3/5/24a16910kemo9iumj3jvvu2ir9b2brkM
deleted: 3/8/20ne1f5erpb11othhsuvurap4jnbn3mR
deleted: 6/8/5afhsnq43e33qlvvgacsebvponh0ptaR
deleted: e/a/e9at2enpr55ulkqav8tukb4qn90cn7uR
deleted: 7/d/fadp7uglgco9ofu6qore1g32fdiq6aaR
deleted: e/c/12jt08k1jq4cc3vl6s928v1pjtdndbmR
deleted: a/8/f4jt5o0diddmhdm3tlldoci0as7ii0aR
deleted: a/3/aeil4m83hi4lg89407lj7981ovptqg4R
deleted: 7/b/d6qojammp7juras7e4vlgmc9fkrjv7uR
deleted: 7/a/f1ig0t2tbetvhq1ef57k8th24i6o1nqR
deleted: 3/9/e6av49bl31p3v6io2r8t0nhupn25lqmR
deleted: 0/7/b3i1m65v1o6pi0jb3f2foatjfm7l03mR
deleted: 0/a/23h2mlts1ubttvecjfnitctvmgefgckR
deleted: a/d/4646fnn62ia4ji2tfhnubo5dkl8nuliR
deleted: e/7/a19uc15s5ug9l0lf84m570feg5crhreR
deleted: 9/7/13ad1ioguc215coc1ae0g93ob8qh0qaR
deleted: 0/8/ff4br0b146dqtgts4jke9mn8gu0tlaiR
deleted: 3/a/cd27p1sgdv7u1mvvagr86hgd1p60shkR
deleted: d/b/0b2lenrs39ftfiglg1ipgkpu38mpebcR
deleted: 6/a/128bi44qmhjp8dbqbk92fqk7p3r4bheR
deleted: 9/e/b7gd68occ1f258e7o4vi7eh07sb5vroR
deleted: 0/e/77mcdccmmi3iipbdlm0dvjocvgrotmcR
deleted: 9/b/0e5u7mih3bj9ksa2saqcuahodvks6l4R
deleted: f/3/69kl4gu0ncoqke0i2orhql57o94kcj8R
deleted: d/a/a7k2mh2iu786s476rkvacsnq7qgeuk8R
deleted: a/6/29voffhoibdtdakuuhhe3qsmpdtgp2oR
deleted: 3/9/3dguujmbfarj32r6kpj21heqirqpu82R
deleted: 9/8/880svcjnq3sb1pcsiq70hmd91hf36r6R
deleted: f/2/1fcr2g72f7e3san74bklr6l5gub8im4R
deleted: 2/e/d2d05595mvasgf7ul524slq5sj19rqgR
deleted: d/9/acgehk9goor55ldcl1npp62o751o430R
deleted: a/8/6d026k7l0o3bqqv14po7njnh055i040R
deleted: e/9/5fgtm4lmjuct200v8up075vsrves4icM
deleted: 0/4/4dv2avch4vla6rbar2jrvdtfo328aioR
deleted: a/f/443n11qsi3d1lr1rojmtd6o15pbq212R
deleted: 7/9/2apqnqb3neo49hmg19tpv8pbjjg5o4sR
deleted: e/c/1463158mkmirghjii39r7jjrkcij2c2R
deleted: e/a/26g4c7n6nqe7q9mi8duavh7b4a2bnneR
deleted: e/c/1bieunj9ud1ecj7fhbtc6atendo0716R
deleted: e/a/d03mtlol1feqelknh7utiiqnh969juaR
deleted: 7/e/aecl52hv6jnpuga0ta9imn10tchg2fiR
deleted: d/5/86ibmhr8ias8h3kth651njiinf4k2gkR
deleted: 3/4/257g7fpdlv9mnurd61gckjc9fc90dlsM
deleted: 3/8/47jbnkfavnnukcrki7sn2f9qnmedej8R
deleted: e/9/25dsb8makd7b83ckv1cvo6sokrc8jgiR
deleted: 9/7/06nutu95at5qflpd3bhd56pvnfvc546R
deleted: f/3/42rskjh8a3fdpqjd1hk51b87v6lujriR
deleted: 2/e/8f5uopvqmps1v13iq3fjk0ta8iql05oR
deleted: 3/a/38qk7bttc869qdtpoa6ld9v61jp8ff6R
deleted: f/1/bcgu6d6bg0skj4781aenedtcev03ugmR
deleted: 3/3/fdvfpokggs5aqokqlog9uu974v3hdkeR
deleted: 3/7/fbo47gs3ig5j278uerae94td9s8jk0cM
deleted: 6/c/6ebmmhonjq75cssul71a1fs44a36egmR
deleted: e/b/c0nlvqs5do6uo0vll1sbk4l4pv4l736R
deleted: a/f/36rhhp1innkumo148ufvdldb8mbbicmR
deleted: 3/4/86bf052cfa2i58dkan5t489dh1kjvnqR
deleted: 6/6/b9u3kmg9ik0uvdqg6ch3knvki5cq9v6R
deleted: e/b/271i54ve3mf736n51emgcm03d3lp5f2R
deleted: f/1/ddd20eucqk2uf1nun9ctfeeub4dbc3aR
deleted: d/6/eeqtl89erk9on4ebg95kiabb93um0t0R
deleted: f/6/f9bg5c7lco3ponck7eob8u9t0gf2bvuR
deleted: 0/9/09asrh8me041fe3cf6pvd8c2o6k58paR
deleted: 2/e/ccpca8otur3lm6vv3r0p7dnb3921qpoR
deleted: 2/9/592kf5dnfr8ch83r1sictfvhe6q1848R
deleted: a/8/93dv6gja7bpuatn4357stlq6nj6caf2R
deleted: d/9/e1gk08iedbcm9pv524h8g6dhede266oR
deleted: f/2/9e84apjq8s0j0t07vtl73sts24ksstuR
deleted: 0/c/c9k5i8ov09r7r4u60htnqh287n2m208R
deleted: 7/9/ffcdh2hvh3f2qa4evq08sm694g1pjtcR
deleted: a/e/ecujhfjib1bsi71lokhk5jjqcebmbj8R
deleted: e/6/33gafmhq3knisf7fokgdi7vjnd6cqhmR
deleted: 5/5/1afhd8vkdh8thaqd5k11rflcce6936oM
deleted: 5/a/24dn3glflmfajsrkhou6bok7rm7v6gmR
deleted: 6/6/0dgkl5rvjb7uv9ibgg2t8olitga2ilsR
deleted: 7/f/b3fldju34diorl1h50gjb0hco2rif7iR
deleted: e/9/4dtmm9et2ak5pnbnn0u4g97pu3lspm2R
deleted: e/c/1cd30pcd6g9sv7o6ippkl89nf9jsjrgR
deleted: 0/c/48bq3ctf13q1qlfc2650g5q4dmtnku2M
deleted: e/6/fa38g55vtlp3ohelqlmfto70ekbl0koR
deleted: 2/2/ba9ic1k76k33uaq3krqog84blk38s7iR
deleted: 7/4/7bclcmb6l6npucvvirp28nahf9vrn16R
deleted: 7/f/88166n70vqed5vskeeaf95nd40q7298R
deleted: 5/c/03slo2m37pr5oonalif742akc01l7peR
deleted: 7/a/4a1mv769g81qj8a0rrr07pcs8g7685oR
deleted: 6/c/1bmlq5286q999vfm6m5eo3p0ioeerp6R
deleted: a/e/cf43nerfvgdh99i3kmgt1j2godqqfisR
deleted: 3/9/e3admhfj6mjichcqocnp0cjgsn1uivuM
deleted: 0/d/6acuqt8lbmof5j8rmd7n1cc4ivjm2t2R
deleted: 2/3/a2kebuedv8su4a2t7abm65bst80tclcR
deleted: e/b/c62lbcpcq1uli5v9uv2p9pl9elu6u0gR
deleted: f/1/637rh8hqjh4smq64j2v87k1trq9i4dkR
deleted: 3/e/a07oo79scg79qs26drv480u4lti17ocR
deleted: 9/6/01t7sepk9161iioq2cqbuguhu8cq8hgR
deleted: d/9/59m6hvintnflok5svpdf6hlqp8icj2mR
deleted: f/1/7599bgi2hk0lgp0j952tr9lr6c5rn7cR
deleted: f/2/34ui04g7dsdfjmeeu80hojb46vfue6mR
deleted: e/7/1adkndg5isu1kpotq35fnt4ufc1o7daR
deleted: d/a/33c9qkmrt8d3mtkfhj88n9266fd0sf0R
deleted: d/9/1ajhlbkpnmpqin8a8ra1it0ergea55eR
deleted: 7/f/920l75m7mdpfvj6deebhum74u3fpu8oR
deleted: 5/5/16c8fme1mfkqght952nt0ko2vcte5f0M
deleted: e/a/a3q13p8l9p3a7dtvkjcsrqoib1ed9qsR
deleted: a/3/93uq8ejn94cm5jeihcjlifk84s6nl62R
deleted: f/2/e1ohc5skbq3b5hffbuuk9jduvqdhkruR
deleted: 7/d/0befb0aau1i12anrdtv8j98mfhggkquR
deleted: 9/6/187386bp9qnk4umecpenfrsd2keaan8R
deleted: 0/e/0979jf8qeuikmp79miu9vt8g13qg7mgM
deleted: 3/7/2d6k6ck5tmp9m1425t9mh8qm9cfcuokR
deleted: f/3/abskv54tje0c5d1v72nvibk49vfbkp2R
deleted: d/5/bagq7vpodh7f5ck4jujge6v81bqdovcR
deleted: 2/6/e8ltpr3f6e4nlq2rtndsv5u7ohl8fl2R
deleted: 0/d/7d8d22erfhj3d2m5qujuut5s7q4ig32R
deleted: f/2/0cus0ot5cmkukae0mgrgf00uhovr1i4R
deleted: f/5/fb7db9hohjrslf0ai66smr860eblkosR
deleted: 9/6/3c34ni66uabb6e1pu7kgkol2qu0mn2uR
deleted: 9/f/017toeh7rh8d3cm4j8r1rulq1chisf4R
deleted: d/5/fff6e0fanach7g6ss9vbba48nj53556R
deleted: e/6/c3ff7rkb283hunjr6jnbvd21klb2j52R
deleted: 0/9/a2e9okcveaq1gc13a0ofh8rfcg6m35gR
deleted: f/2/d2m7dqd7o9b42loheagt2v9hl4l50fmR
deleted: 7/3/32u6sgrper3f50qe0fftn5fbesqq2igR
deleted: a/5/457gld81fchfoqh5o7oqnqguh49m556R
deleted: 5/c/9bq1d7b536tr8vko7f23kvanda43dauR
deleted: 6/4/9fp5gor0igh6d75u6p3q4l8evh5njmcR
deleted: a/7/a0kie4g814662jhjhllb7mnqb65bvn8R
deleted: 2/e/bfc47kb53hsn1ii5qn8u11m6bkquofqR
deleted: f/1/6cqedn9083ipndtr0lbp1m707m510i4R
deleted: f/1/e2m0b84n8sngr5aasn677nbvi3pa770R
deleted: 2/f/bf0kvf6k2ta96e1a26hdpkh57j1kk1cR
deleted: 3/6/80b50f6a7uojcrf8p7nulmtfrh79cpcR
deleted: a/f/2ffl5ahu3e9kvut96fdbrmshn9ug0ikR
deleted: f/5/94i8dd6tc8sl8upr3n84d40n763lhqeR
deleted: a/8/9fkb18dcqm1i4dncjq64bs8u240sppeR
deleted: e/b/350i2l25el20rgql9jb6346bu3ng8k2R
deleted: 7/e/1aqdmtalkuuoi35njt314opav3r1gnmR
deleted: 9/b/e2vd6anb5o2ina72gof5ljlim452qomR
deleted: 6/f/5eib6q8ibfu3kqtv29q853goi9fe1p0R
deleted: 9/6/98n1e117bmgval8nek1ktod6kbpk9hqM
deleted: 7/6/9ctfbrlme4iu6b4v4mp4ccq3f42stj6R
deleted: 9/7/ee81sn61avt2n8434puai142h2shphgR
deleted: 7/e/c559a51veaub0n1ksgjgr07hrp6oevuR
deleted: f/1/d69qj6b9dk0frmtpdp693c1356k1b4aR
deleted: 3/b/87bpgoes9bvureci9khsp25dbi86v10R
deleted: a/f/aetgdrhjejltgmmcn3tv129jrqjlvh0R
deleted: d/a/94f6unep0k07sp66f7muf3ffej2cii2R
deleted: 7/e/92nu68dhmiqg3l9qtjbmosvdel5jdr4R
deleted: 2/7/40a0867trbkfn06tqr05gc1da9ddj3cR
deleted: 3/b/369qg6p40gelqj6hrnnajod1vdhmh8cR
deleted: 2/e/7b7hkhcmkntu6hhfblks5520kti32f4R
deleted: d/5/a37a7ut87fe4n24cl85p386kqti77m0R
deleted: 2/9/8b69q6c76fr043a45lnm01t8un73n4gR
deleted: 6/5/9atsneuf9s2h87qti403r8tb4fvld08R
deleted: 5/6/8erds65jl1k36htrt7n01g97uc81p48R
deleted: 9/c/18tt2ge3ll8vrfdhgupd78pcjd7g0o4R
deleted: 3/6/b7q7mpskivf6oe5ci8rvpq1he6h9jb0R
deleted: d/7/24r2dju134spoq6vdh5o6qde7ebpu6oR
deleted: 2/4/71p952leqa0ml52821d32pqrpqdp6o8R
deleted: 3/6/42qu5t8bjncu00v44esldmeikdqqdfsR
deleted: 9/7/e0m7v5rbmsmm50qvd8n29u0gfleiu8iR
deleted: 7/2/501233glah4r1cekfc6f8dfclvtpnnoR
deleted: 5/a/dbpn3tdenqgooqsl4mkvac8dneb48a0R
deleted: 9/8/cd10sjo8hessqrte17ce3sddmkc2skmR
deleted: 9/9/8dgjkoc4cfekb6lnm3imliu928uhg48M
deleted: 2/e/f1hj1fsa7sb3ro3obpm3qklnfct5ldeR
deleted: e/b/89db92eturonkihrlprkljvmjm0m46eR
deleted: 6/a/fadnhb60pp4m3r330islg8ci2814f5iR
deleted: a/f/e1hj0pevc0ls210vh0rqlhn3o92j8e8R
deleted: 5/3/deudo6gj3ebj5i0v0j5ggdjt4k22ig0R
deleted: 2/e/b3nf4oh2amasvo9hp33succe47am630R
deleted: 6/9/70ovvprnivkkvob8su1sqc1h1bbsogcR
deleted: 5/a/19o8lum66uj4bibfl13jcb41dsg0ptoR
deleted: 6/b/28e43k07omac02k71mtde7e6vkvg2lcR
deleted: 9/8/241r7un8c4274l0m1q6d9b4bjgjv35mM
deleted: 5/5/c5gmc6ckv75vbngc2cmtjpvqbhsltuoR
deleted: 7/3/9bnmcp75ra1laorm2p5k2vf9mv1kl1mR
deleted: f/1/b1cdsnq66s7bu4rsi4gbq62apine14mR
deleted: 9/6/3d9u8gjff9jplmfna4jbmehl5021gosR
deleted: f/1/c9a2adtrktc1qphue6moibent0ahk74R
deleted: 2/3/f6jodjuebd6tbkqmh5c2858ge0iku68M
deleted: 9/6/fer1q1emhfsk1vnke5a050aiif1tk74R
deleted: 7/f/975bqvp774hvf5f769u8lkitqb887gaM
deleted: 7/5/c46e10sieuq8naijbi4qvoi0m063vdeR
deleted: 0/4/0cdilo8099mnnahi4f8caja03573teaR
deleted: 7/7/67coiaooo0bim5p2ealc0t7qggaekecM
deleted: 9/e/f99gq5p7c5rrnt7fb3bdjelem9k46reR
deleted: f/6/04hk76fsqtta0i04eb7amo56h8358loR
deleted: 6/9/d9q3j6ok5m1j9uv898kn413hkpv4kueR
deleted: a/e/75568e97t7ogkbu2i0grrq67l1ctre6R
deleted: 2/3/b54t3plbmq1g6r8fkloevjhikk9qbvkR
deleted: e/b/c16tijg24ddcldnaa2bn86eg6rfauv4R
deleted: 9/8/a6su9di5ld6mtrfq9pn6e9i3bvnvp7aR
deleted: a/f/994h0ioghnt80d6p3pi7eftvnb27c0aR
deleted: 7/2/53cj2hud0vknsaut8ofe4202ss46tqgR
deleted: d/6/bfq6v0vojugb1848mveaattvfrea5aoR
deleted: 0/4/05jb6i5v2no8uvnf6342iktm2ekr92iR
deleted: 6/8/catp6bu122lga7icrsrj941rotmitikR
deleted: a/e/9fd8otebd2blsm17sb97222517gpu98R
deleted: 2/3/504n7ttnebm87jj3hp4fu4nb0bale7gR
deleted: d/a/f3llhknquo4ea5u6m6en7ujlgls3n0uR
deleted: d/6/14i60eg806urtoe2ivp4opvos35m6b6R
deleted: a/5/71g5vvr0r3nd72jn4mc8u40u5a6gv94R
deleted: f/7/2b2r9mql4abhcfdpfcvff6iv1ra4rsiM
deleted: 9/e/b65s6ra1ofc1kpgd6v0eg6cmo8mhlvaR
deleted: e/6/b4rht18pk4umkaiti8qrfb4nra3f02mR
deleted: e/8/f2oputs51di0umu3jhmhjsm75603cv0R
deleted: 5/6/d1f267eeg5ld3j7snohd8g9mdsia992R
deleted: d/9/6cir6dmssl8gak7vusqltt08k1seu58R
deleted: 2/e/bc7ff6gse1j2mseciqrdlpmr2d409i6R
deleted: a/5/b99ltg01dbmhuar8vk3rpbs3l2jbu5kR
deleted: f/1/83e1rmr2slnovqnjraldu353rngvu9eR
deleted: f/2/c22eo3jo9q4a617mikc0cjm5286i4k2R
deleted: 6/4/a77lr8l71t45j2kl607be3bf2enft7cR
deleted: f/6/7a4rt3d8598nej9mutt1g8b83thk9rsR
deleted: 9/a/7e59c9r0m3dn3q8oaueeqegc10mi43kR
deleted: 5/3/f6snk3ooggi4uo3hffb1uptpb5sl2j4R
deleted: 7/3/bf065rkfqv78j049304ppdvkitfokaoR
deleted: 2/8/14lm1jcvmlk4jthqlm7ni82q5ebce2mR
deleted: 2/e/cb8bglfnfg5of1h10drg5jm6c4uo510R
deleted: a/2/d1p6oqcdblj7mlshitmjnjggmcm6sbeM
deleted: d/7/cbh67o01ql7g0n4ftdhkqt78dkr6g9uR
deleted: 6/4/8caaotsasos7pv8gf6o2nfjnah9q0agR
deleted: 5/6/09uel770h945tktsimno07b842phjoqR
deleted: 7/b/6dbpkifel4cj267emkngpv53e0b41vuR
deleted: d/7/db36om0sh3jlp68kbnr97mis2ssshtmR
deleted: e/6/3cp1so7803baliops0c58eolgvlfcvkM
deleted: 7/4/a6rrej8a2jb51jo09a8gm32sm6l8sm4R
deleted: e/b/9avamtd0irn44kg9cadqp1mg89gav8uR
deleted: 9/e/e6bj7etghfjp4og2coqdpj0jjfal1dsM
deleted: e/7/955cmp3tso32m1eq4n8dhv38ssedup0R
deleted: 7/a/e6a7l855dc9ijbv1bdp42cqomor3aeuR
deleted: d/9/ec11onqago8gtdoebc2pk14ektv0e7eM
deleted: 2/8/74505h8u96m5jsgu9vq2c5ps8kgv5meR
deleted: 7/3/272qen0b2sq292jgmfvqvsn6925qc6oR
deleted: d/7/59nv0jo65cea0tc3325775a4iapu0imR
deleted: 5/c/a6pd60pibbp3ug43j679d9a1svot23aR
deleted: 7/8/6d67h80kiak25k8jun5bhi9g4kb1pboR
deleted: 6/b/64g59upmjf5km6jb9gc3trtgg37fsnmR
deleted: 7/d/d064utoovjitcnu38lml1ofe8vaqgl8R
deleted: a/f/e3eidp02k9m6b09h38a1v8f6iscp4mkR
deleted: 7/b/ffv2oudlh896fn4ckcakjleto4oqjpiR
deleted: 0/e/90f3cb0lgiiiqn9qfc4iup37p7hbpkqR
deleted: 6/9/a9fmln333u155ivoftkehghh9gacdsgR
deleted: a/f/a3kdo4pda68ar2ehrc9bturjaq8r6meR
deleted: 0/e/6dphde3eg4am5vhi8g2hr6u760pfqmuR
deleted: a/5/1e5gblcb778un1iiidstldl7o9s1c78R
deleted: d/a/3cig1dh9ohmvq3o195aegus527b211sR
deleted: 0/5/a72a7qdak0rcbm6nv2sv6p4grc7h6qcM
deleted: 6/6/a8qqcerbeetr0hjo8280iu1dm7rtr7gR
deleted: e/8/00laibca42q93ifnojsivaed07rt4f0M
deleted: 6/d/aaslpts2lfn2iv88jlhjifokag96i9aR
deleted: 9/5/e2e1pf4e4ne7it06aosrenlggtisgvsM
deleted: 3/6/86b023p89rn2ploadc997araeggu7fkR
deleted: 3/e/3cudq4ninnpvmmi88lmr7r31c2piis4R
deleted: 2/f/5bvfmcf0srrmtkgshgb7tf3ekd1dnbcR
deleted: 3/9/a62ffpaave9ld1lon7305mv90q8i1k6R
deleted: 9/a/2bsbm393465q18cres900impldsvd6oR
deleted: f/2/2327v6fvl0tr7ehlijjdg6t82o63nieR
deleted: d/5/8d6ttkvthtrmnfcn1p1d22gj07ppemaR
deleted: 9/6/c97ms1sapfa3ujv5jumad59cefq0v1iR
deleted: 0/3/e3pk73rg1cadvpnrn724mpufamuhmkgR
deleted: 2/8/cdcql14q7rcn1o8bbtk0r00uksjicskR
deleted: 5/c/a96dbm9notjjqpvd4dpmjotq5bddfugR
deleted: 7/3/b2hbv8md4ohq4j13mjbog9p6afjch6aR
deleted: 2/7/4ap2n95u41kuul5lbl8807e31dfs02kR
deleted: 3/9/52m5fgrbjt9eirbgetkh1kmrth4cjb4R
deleted: 0/5/dfq0m3b9epamp2l89oia43qqtvh79hkR
deleted: 7/2/3fv595d4na3p1m942a3558hkg0j06tuR
deleted: 3/a/6cgj95odd4h7kd6i8uef8ob7ag7hrtsR
deleted: 2/e/91bpi1j7i2bivppa5alkkja0stvmlfgR
deleted: 7/e/4c1sia8642897dlusc4iadg10adee5sR
deleted: 9/7/300bc7cstltqnfhliek7hf8mfj9n5v4R
deleted: f/1/cdjovtnsip4u30n5irpvpvitts3pdpoM
deleted: 9/7/26jv0orvdgl47b6ap1umi7q47f929g4R
deleted: 9/7/f784s7fn9taukbtcuo2tkcgfglb22k8R
deleted: d/5/83o7kiq7hehi2i2d8a454bsvc19chmeR
deleted: 7/6/81js00bg3eebklj0h976ofhj7djqt72R
deleted: 2/8/d2aqm24kfmcddmq6s4d8neab1colld8R
deleted: 3/6/8b2tllvt97e6dvm6f38vuhr5eu05866R
deleted: 3/6/ff61rodicihb5lbvibgehahi6ri9gqiR
deleted: a/4/40rh1ignviovi1vbbnf697eoa2bqqheR
deleted: a/5/0ajb84i0j73h49vqp1lhnt0n6uq7sbcR
deleted: 2/e/6d4tfk1tmjkgdbodf9qa75gc00c7sjuR
deleted: f/1/5bo683hjuht0cgb99oksirsp8ihfrkkR
deleted: a/4/2d0lqvbbl8v41iop1thdnpdsj2dmcuuR
deleted: a/4/4fav9i36uapl2941bhgn5slkh3tnve6R
deleted: 5/5/79m3k8fhhtkk0sc516u1kegt93q3ln6R
deleted: e/b/8br95cu8pe5arlo13f8ln9o30o57qjsR
deleted: f/2/f1quiptq2a4sdht64ntug1ev5ts2ev4R
deleted: e/8/d34fol5mkh309esia4e7frhabc8vtqgM
deleted: 0/3/cf5mdgr2q8g7gcosqgr9hlthlubdk06R
deleted: 9/e/fbaq8vpcieijpvfnpr5el5umb8bj9gcR
deleted: 7/6/32685id5ino975javfqf9f1t6ltenb6R
deleted: f/6/363dd670soe03j6f2t55m96am4hl9naR
deleted: 0/4/8e31cn3qg9cfnglbk23eiqnh5na3tjeR
deleted: d/e/efnstfq19utgua77doun8ame5bnqnmcM
deleted: 6/9/7eve271djtmevups82950qoiqtjrl9kR
deleted: d/8/97o8asc1sn7k0g39hpt8ir0ff3pg94uR
deleted: 5/4/b8bl29j4ad17135t32ao5vprln7sm3sM
deleted: 3/4/11d11hvd0jvoddb1qhrtdp0rr3822hcR
deleted: 2/f/7157k47e2cdntkhh4uv7t4umschjma0R
deleted: 9/a/b1julqg7tjv5ptb5e2mb69ui9updrmmR
deleted: 3/4/0f8unoa2nqurn87hui3aqcfa8f37regR
deleted: a/f/33a6qnss2ggcqmdhaamaba747h2v6n6R
deleted: 9/c/01ka6q68pugqk3ruc1686r0kslp0eheR
deleted: 5/7/de3k20j2fggklhohh1ipmquiqd92e4iM
deleted: f/1/75jpel3t0fijgb41kvdp701hghtjormR
deleted: 2/3/d5c1uo3fpukqgsp17n2hgladme0nnroR
deleted: 2/e/74p0jbva2qj0un0uppb8dajkb38u1dmR
deleted: 0/6/e151u0eebj0nnnc8togfc13bfpm7lbkR
deleted: 2/7/c5c61viv2nt15ufptjlee7u4j4hi0fkR
deleted: 7/f/89a9fvmof49nstat9oim9d7q863qug0R
deleted: e/a/dfn3mkvgikaoqak1qc1ihb8f8b1ovr0M
deleted: f/5/baj8iteqd4420i1nuetneupfkdsafooR
deleted: 0/4/fctn797vmbm35ed8tdk37dutlm5u6qaR
deleted: 7/5/80914v4vqb3q96tohbra9vkg7phhfqiR
deleted: 7/a/bbisqtjfltjltcrut0sorjg0g0o520kR
deleted: d/e/e8icbqrkbs49ooqvd3c1mtesfqbr2egR
deleted: 2/e/6etk5p8j03m0t5s0bblc99ahri97l1aM
deleted: 7/7/82l3cji9u2no650esh7kouho8vidr20R
deleted: 0/d/9a9brbjh7n4jqr8q517g5ag608erh1oR
deleted: 7/6/eamihhm45gbg026evftclqkdbgqsfpqR
deleted: 9/e/f0ajhfftaf199ijlgklcu8tn8p0t9vcR
deleted: 7/e/0cpb3fb61i58c90so9ga5dovpf1nl5aR
deleted: 5/9/62dhmjigavigubcbeg4sr6fimn816d2R
deleted: d/6/6ejpm00qceu86e5brcq90sb0d1nok30R
deleted: e/b/ad8ha2gpbd5ssmo9ekn4idgg40a62biR
deleted: 2/e/83imhlb5qrvj49tck5tapa1u9ec0rugR
deleted: 7/c/e24bgr030jhpflugkhnnqjrnnkrp5q6R
deleted: 9/c/18petpqpkgknopmgubod5rt2rasa5p2R
deleted: 7/4/cbfreps97gu60osm6enlaue6862om4kR
deleted: 6/c/ccfu9pksfs99cl2ohsmee4cc7opmm20R
deleted: d/9/9bbqcndd5thu6i96qp5h0ld5aofu086M
deleted: 0/8/3fimv58ggcis1m5pulsvo9snfi7f78gR
deleted: 2/8/84v82gqcqm15qpcnklhvsk9oenvs4v0R
deleted: 5/4/42ksd9r8dcb4omedgvubsji77jj9ft8R
deleted: 6/8/e7ggr0orvp3bnomrv6fo4muvcubuudiR
deleted: 9/8/f5201894cd5gpqkravvkotrgbh7q1osR
deleted: 9/c/17ursbq25a1jkktffd85kf4fjsc48beR
deleted: 3/a/30pfp5rhfcq6arbt81v759liehfof70R
deleted: a/f/78ho953kcrk5dnvr4rb6fdc2mo86iauR
deleted: 7/2/c6ttklkkkrancbjaecun0urcmags0d0M
deleted: 7/e/58r9s93tfvfug8db0p5q3e9cj7q6fosR
deleted: 9/a/3576nm10obi5ge8p4qn02fri1acciuoR
deleted: 9/8/d9j54gsc9lhuticclfn2te0jdu1dd9eR
deleted: e/9/584msjoncjal1g0jooi0bqi3mleknhoM
deleted: 3/5/79hmgeikh574987q6l6vjuiee6a30peR
deleted: e/6/74tgotapceopgusj7egrmveqbi575l8R
deleted: 5/b/15pghscd85u7bc78vuaduvcvorve6iqR
deleted: 0/5/64eks9dvthqiturgq7l5pg5te5t7l0cM
deleted: f/2/c1ob28urcooe7ucqfi6q7td1dpfrg0iR
deleted: 3/6/2dh77bl4o813a735dfir0v6jr4hljh6R
deleted: 3/6/bdne9pho8bp6e32b0om1a8dto4r4650R
deleted: 5/c/b3i3a5k85mh257cq2vkn624strs8sr8R
deleted: 7/f/a4p7crqbloqtpoesvs13hnpfhkt5t1iR
deleted: a/7/9382c767m37m7219hoj129sqao09cp0R
deleted: d/8/7060v6r4kv9u2dlcaf8s1v64df2q9k0R
deleted: f/1/d1qhgqsiv3f3dpendtq17k1bojttjq2R
deleted: 7/3/1au2joqmmvdtksik5s2h0d03cbdcgksR
deleted: 7/e/c4bi7a7v7q6ag4bpc3q5uotnp52t3h2M
deleted: d/8/0cdkag0shisme4t2kjvkv4mj2r3ie08R
deleted: 6/e/64p1pcu2r6tn66j2av1dmvgd50bk0l8R
deleted: 7/3/4bpbju6vcrb1qjk7764nrpgrmue9r8cM
deleted: e/b/74vq84llu731f5ijcup42ie0t2sm5e6R
deleted: 0/c/b8r4l0qq6abvkbg783iknuc6koe0craM
deleted: d/b/4514j97se71te6euhqmvprtt46773coR
deleted: 9/7/01inl6bfm8hqei01l78m010amlb87h0R
deleted: a/4/9bn35ajc6eqdq64notnapa8jq5fsimmR
deleted: 5/8/3177o0tk2pogjeqtopkg2qshe4vrvosM
deleted: 7/d/2c2d6h3pgn4drnactt6oh143kc8uff0R
deleted: 0/b/4f6jpjreu9c8jrd2rr5i8k3fap12n7qR
deleted: 0/c/8epecp7ku18vud7kgj6k8raott3vt60R
deleted: 5/a/517odqkg06i9sr9nqqlqo2ccl9vlfjqR
deleted: 7/f/8d2u5h01q2e1fud2q2umlmkmksr73qcR
deleted: 9/c/218h4iqfpqd3jrmbiqncj2hd71etvv0R
deleted: e/7/5a54ln2k8mried5lfgcbqtn0e15g612R
deleted: 3/6/670ldj3olspfov1radffqfdp3mg72imR
deleted: 3/a/f9k5255bm06v33jse3ke2764mpteknoR
deleted: 7/f/9d3fqi0dcsu6ee7i3eefjb9vq24g2j4R
deleted: 2/5/f3t9ina3gse4c4rd7ld9psh41a4es8kR
deleted: 3/e/b4uhief0btp3ut5of483p3s8qlsng20R
deleted: 9/8/0a9no9hg3qloqrvhj609ljjju2rk0luR
deleted: 0/4/79d6dcijntjae87p3e1fpg2nknuo79qR
deleted: 0/e/7cgut8bvjhinmc9qpc7ad237413fbmiR
deleted: 7/7/84uj65rrora4nvcb1uregsbsfjl9nsoR
deleted: 0/a/ceoa6on8a164jl82lcq4i0g14nk0ea2M
deleted: 9/a/1fdecivd7fusi1a1825pi63u8ga2oc2R
deleted: 7/7/a7cqgmgud5kms62v1s9q3haj37cgao2R
deleted: 0/d/aahm3d2baogqcvf7acjqv5l6bbc9kucR
deleted: 7/2/4bern3vmue8fa5upn65k2d5rdim9vbmR
deleted: d/0/11lect8m5pgkdpeg8839jhij1gkn008R
deleted: 6/a/9f9qkpnl50th1m6v6f16tukobune0m0R
deleted: f/5/6drk23mr4kmk69dplg0jb2cq7qvdpc2R
deleted: 2/4/0ahg3bn61r8lsghsendqcvetbvq6710R
deleted: 7/f/a632vihl9364l0hpkbfdqirdmqrspkuR
deleted: 9/b/f0mjlv6fgoqjlq87dtcp25s4sotncqeR
deleted: 5/6/7cmngv31igf5gskir4msp3vkkfj2as8R
deleted: 7/7/77iqgm06l9jcfaiio41qbscc5ug67fcR
deleted: d/a/75o28ueluq9lrb0o8nuptopqq37gi1mR
deleted: 5/f/a3dg6li0mahg8hflsdj0c41qa9md48gR
deleted: 7/8/d3uafb39o4gdg6me3lmdviqogchoq3gM
deleted: e/8/658sh82equs2hi8usk2n5j3o5veks58R
deleted: 3/7/5d8164gjjjltdcecr8br16cnv4jmtumR
deleted: 0/8/426b8690q2988m2qjblb35315hibpbuR
deleted: 2/8/ffi6abnb99m3s2l8c8bc7tgjtravd3kM
deleted: 6/b/d7m5anbb45q77k59vlbvvmtgurr7nvcR
deleted: 3/3/ddrpob2mmalgkjm0at8qieiqe3u59biR
deleted: 0/e/7euq55iurk5f623ggsrnp3296rtlocmR
deleted: 5/a/dd48dv3oojjp18nndnn62kg2icn4ds0M
deleted: 7/7/367e073q2bldtkpihu3hk1rncklt7vkR
deleted: 7/f/aauqketcvtg36nvtdqr2asvl9i7cmnaR
deleted: 9/6/14j119bqvh5l1apbdr82qjjm38gupi4R
deleted: f/1/64i5ba3960pfg52vc4la68i8rqke3c2R
deleted: 9/5/d509biec03sihkl687kff29ejqi8tpuM
deleted: f/1/65ofe8n33mmj71d4mc2jk482mf65bncR
deleted: a/7/23of6m4th902kk222ao9geoloioniamR
deleted: a/e/d35b2fc2jplkrhcasrsv9jbijs2ir36R
deleted: e/5/cfod6umpp2aohrhe08sb88fh7ljnjqgM
deleted: 0/a/66g1o0746v1v4a311efsu1p5not9eeqR
deleted: 0/c/87r68qhfav3lvb13vsg9em4a8bpmibeR
deleted: 3/b/5a79l2uia4mp4mk38q19lb51u9452sqR
deleted: 9/9/6da5egkmg02sivo0tqjo2la9re1mtt2R
deleted: 5/9/3fsvhi2njrn8spe0vhoue9s5po1h51gM
deleted: a/4/26c1f1u9els39v3romvghu4pbbk69duR
deleted: d/a/39g5bjcui39mr33sqq1mege96p4ralkR
deleted: 6/4/6cgqnafvdinmd410o5nr58tjaopelmqR
deleted: 6/a/5cm2ajk9tff2o95damaabb0blc7fh62M
deleted: 7/d/b0u9cv86ktolp2d1pqcqojv24bom6nqR
deleted: 6/3/c46qe53e13rdn1uhp17r14n2555q44kM
deleted: 2/3/a3g98jfb7o745a0b90dbe785osdg2pqR
deleted: 7/2/d54fmdfh729qlf7e852jk8janjl6gooR
deleted: 6/6/fehkbc2bv3mh9871m6uk8rumvm91t5oR
deleted: 7/5/4dbkme5heg7q0r62jf109led72s6qqeM
deleted: 3/a/af2gmt0dt4kgecjgl7p34kaaigi5n3mR
deleted: 3/b/8d0k6itr83gbelkcfmcs6akt04jfpjgR
deleted: 6/a/5ffr59hmekh3jp01puttejjki9te31sR
deleted: 6/7/d6qc303sagvdj9hgq5s7r16kt52a3diR
deleted: 6/6/52g57amouf1bsng5cgj8tmr7ojusdbeR
deleted: 3/a/6cbgasgk9hrh2g7ldjmvkha7ssbhpvqR
deleted: 0/e/9c7l7ivjvngm9md2d9bo7dtm0bgo6nkR
deleted: 7/3/adrh199sir9k1dds67sc2ig1ri6tntsR
deleted: 3/9/0ana5torkrm8ophgabl90mm82vcqcfiR
deleted: a/6/7996pjjtvotvqf5c12d518sln3mmvlcR
deleted: d/a/1fnqmg64oucudn7arm2jar0jfu8ge3sM
deleted: e/c/0eprltj02u1fpctq6si8cofv5ol8sr6R
deleted: 0/d/2e5pjgjlae89qaadlms9v3gtst3l7l2M
deleted: 9/a/5f940jleol0djek5he32kkggr6kqtniR
deleted: 2/f/0bkgavq84e338b8m5i7ui99ipbj002iR
deleted: 6/5/4a6o4sp543p4dthn0iu4p2bntmpu928M
deleted: d/6/a2d5bq6vf5mtmn5h1u9jdkcsfnqn8huR
deleted: f/1/76piefg69pik473rb60tlg0jdg42l20R
deleted: 0/c/20l3cagq294bq7smghp53mjfo15gf2cR
deleted: 0/b/2d52nnsc3p7agbsmtba9lsonj9vo3viR
deleted: d/6/f5nic2ng8lo9ko5365ov1o7pa0v847aR
deleted: f/3/2d3jkac29nd4qnsgvarcpi40lqed7p6R
deleted: 5/f/b0cnl6e50ra4gq3n97tnsoil8v9l92gR
deleted: 5/c/9djcfqffjarqeu3892dvd4gn76oq6mcR
deleted: 9/8/29qc91j3obr69d4o3opvpuh6li0gdksR
deleted: 0/5/6c923k4hr9r74na6g8tpq4m0n38cqi0R
deleted: 7/c/fac4maju3s48runiop5lf34fq2cfao8R
deleted: 3/7/53cpekkf15spfvtt3qgth1pidaclkauR
deleted: f/5/f19a6cu07np2ga9blvj5k47o3mi152sR
deleted: f/5/72qapf62jf2virsc6ap3r82e2elq57kM
deleted: 7/a/868rq7cj9jddvcspsbmiefvl68pd9tcR
deleted: f/1/96l3lmeb16gl5voenjkvehbh1bainjaR
deleted: 0/8/746kva5p909q5jq60ruft8ajuh41a04R
deleted: 6/5/adjvd5a1vvptjp7l05o8v38ot0chv7uR
deleted: 7/2/c2sl3ovl8tb0e45bbqq18bucc7tt2jgR
deleted: a/2/b9g4e63o2bvn12cc4nmrpti59bgavocR
deleted: e/8/6f0f6prepdhlcadkmpr0liulv7jmc1iR
deleted: d/a/e4gvlh2a1e7mjj015r9i7u3cbfo56cmM
deleted: 7/e/bah5hiljpq9uqdf8ulno6fuf5l8ksjoR
deleted: 5/3/a3hi8hrta5njqjce3nml0rcqfv0rdamR
deleted: a/8/e85k8n0it1k5mbfekil6b9uef3kiu6qR
deleted: 2/6/c0po9vf3bdsjvcnq3vhrlu8bjnh2ndgR
deleted: 9/c/09m023muau4tjvvb3bjbsd4fv061sg0R
deleted: 3/a/e2jsoj1hllbp75l595g9qk6ug020pv6R
deleted: 7/9/34llt52b7qmfs2m6tvevuqignrfpta2R
deleted: 3/9/76l8ch1mvero3slvrvmjb3auc1q7ockR
deleted: d/8/c31t4n465hdee5vph82hicsjadjt4maR
deleted: d/e/54fsgsg10vklngcj8tcppj4kslu0h9kM
deleted: d/8/a64dfk3ub0g4us2c5celrlekr9vkflmR
deleted: 7/9/55a0agrp3s9e44gma48edr0b28spgccM
deleted: 2/e/703i446q5uqjihvddci12nbvdnnelvuR
deleted: 9/e/f50331huvip14q0tm8gr5qisth54gkaR
deleted: e/8/e22sud24msm4l75pevnce4mrcjjl5t8R
deleted: 3/b/21cnvgo52bkf8faeoddmf4detnp1d6uR
deleted: 7/f/a2q3c2v8d588h988nt4v19hv047la94R
deleted: f/5/df0ovctmkda7ka9jmepefm613l99busR
deleted: 5/7/ecdls0nmll2sn1ee9k0htmk4o3kd1puR
deleted: a/2/b7uf5puhrfj4b1oh71s1s8hhg0csr9aM
deleted: e/c/16c9cm08qg6j03qghibq8134te46ao8R
deleted: 7/b/93rp1b8f1r9jaid8m3r313ipka4chb4R
deleted: d/b/18lrd1l9ic6ed5rj4cpj82g340nn0vmR
deleted: a/f/551mn99q13iei4lcagh1qg7rb3g28qqM
deleted: 7/a/54tevcvcb7f4m67eloihq5e5m3p7704R
deleted: 6/8/17lk9kidhlab8d48uvbmpcku5ek4qeoR
deleted: 7/b/c26mbmkfkf70v727jfc85jsjl9r12k2R
deleted: d/8/96g42qh9cm1s44cho4fl59e90mp60gsR
deleted: 7/9/bb3qiouspld66metk7hj83ore545gogM
deleted: 6/9/6cnfto3j9a606qao0uuoj1gohvuh1huR
deleted: f/1/4d4523phcufaqeendal1uv3f8duk3ieR
deleted: 2/e/c3jtm48mtb4qkctqg66ksok4k1ia2p6R
deleted: 2/e/e04c3qd5mhpuq6efrid2f44urrnkm1eR
deleted: 0/a/0bhi0lpr23ivrq2r10419nojertuhj2M
deleted: 9/6/e2ra2utqdm86kpqn82kpbg8ms095cfsR
deleted: d/8/63sjgurk85j9chrnd2ekicfv81bgtbmR
deleted: 2/5/e2e3q5tscq2g73ab133lq70j7oivc9qM
deleted: e/7/f6iirr1p3hiph4k62f6kbipl7i8v8loR
deleted: 3/b/8f64tu3ibrteup1hkp7mido3o5i46kaR
deleted: 2/3/c5v1cpnkgsec3vtposlfgeugvppvp3iR
deleted: d/8/bb9fniikg5lnqd4qe9th38nvtto3gueR
deleted: 2/3/a58auf0hgcq3j6telahnipaomua0o1oR
deleted: e/8/f12f5gcfp5fung57sm10l45vu35si46R
deleted: 9/7/49nsvumos4ulqkri53qdkcfrj5li36cR
deleted: 0/4/31jlbl7m3c35d2189vm8jbvithnbr3oR
deleted: 0/8/e4cmkrpgvlrie0kulrmrr1lakg5jskmR
deleted: 6/6/d0v4ai7pdb1vqqgplkfhfh6gii5tj2eR
deleted: 3/6/0esasittavb1nbv6d7s0e0hn4qcpm8aM
deleted: d/8/d5mc9a3rnu3ud270p8171088fhcnrs4R
deleted: f/1/98t91e18mi4d67alri7lkr0vbcl4upoR
deleted: 9/b/e58u9as74pld50d3cucj2f400n833tiR
deleted: e/9/00dutk1bmf5t1nq52ugirlhnmvf742iR
deleted: d/a/2ftf32dgr7ndnd8qgfuf8f72ik7sctaR
ccache cache size is 162Mb.
Uploading cache ccache...