SHA for cache folders (/tmp/ccache_dir) is '4db80c46036bb526adc2fc280f7b8695f9fbba6b4ec6e9e56ee8c916bced339f'
Cache ccache has changed!
List of changes for cache folders (/tmp/ccache_dir):
modified: 7/2/014061133c48a4e2c9b7796b80047f-3322.manifest
modified: 6/8/570f1e430cbd064d5b25f5ea7ca59f-7539.manifest
created: 6/8/46accf476363fa3472019b4f3a4586-38630.manifest
created: 6/d/5c9b2b4608587762eda5c4146bcc89-5948.manifest
modified: e/stats
modified: 2/8/78f44b34496930ae5f418ad966e17e-16116.manifest
created: 6/7/c098de168445d27c0d919c94ada363-6935.manifest
created: 6/8/f7f5a845834b8f19c55d4eb0286fe9-4394.manifest
created: 6/9/8cdd24efbf43777fb381ef92eadb62-6379.manifest
modified: d/1/0a137669d9929bfe0fdb35dc9f3d33-10691.manifest
modified: 8/8/caa434e48f364d687b3ac7ce471d92-4686.manifest
created: 6/5/3789fe2308d3120af5671c2c106a51-4478.manifest
modified: 8/9/458940a52adc4dab29a7679e193ac7-18393.manifest
modified: 7/stats
modified: 2/7/c909c9077dd1048ee234b57ee54ca8-2923.manifest
modified: 5/2/d62b6a19281458eea17403dfba9df8-3041.manifest
modified: 9/3/043dca9dc78944d4e40a68e530f5ad-6136.manifest
modified: 5/f/46844d8f2a3d2dffa2a72fb450add6-14727.manifest
created: 6/a/4a59285b4b287cf4948879394b939e-3019.manifest
modified: 8/1/c0edf5b77f824ed8e8abe698dde990-4314.manifest
modified: f/9/3d8e7882273e8604bd5f6f3bd02d8b-19484.manifest
modified: f/7/66aec514715aec2f9a06e9a0ef37d1-2227.manifest
modified: 2/8/73f8b2203ad2fbc7b36cca2a173adb-20172.manifest
modified: 8/7/1e9935e526d33f9f0b4b2202543bbb-9295.manifest
modified: 8/8/f3a4729e69a237637b3727d2c432e7-4972.manifest
modified: 9/2/6dbd3a965432b4abbc969eb74bea2b-6305.manifest
modified: d/2/802858fc5109fabf1f86cd422c8217-2031.manifest
modified: 4/9/050d37ff8118c8937613e41f6a0c00-4176.manifest
modified: 2/2/3a9fce3afea6de339a9c1b9b4f5a43-11446.manifest
modified: d/c/65a2caecdcaee8f1d7c40247f438fb-2874.manifest
modified: a/5/ee276134af366a8d899817cbaa8e7f-3034.manifest
created: 6/8/e49b6620b481238db1f6ceb65319ce-13591.manifest
modified: a/c/8d315a816503320ce25146eae61606-4746.manifest
modified: 9/2/6715bdf17e1f743de31b807106699a-4236.manifest
modified: 2/5/da73ac0cdedf4a024718d1bddd10e8-9108.manifest
modified: 4/5/78635987c1ed0859b102a8235d615e-7342.manifest
modified: 4/0/45106f6dbfeb1cf87cc0e439c12c25-3713.manifest
created: 6/9/fd7eec21d3b1adce091954521c98a9-40398.manifest
modified: 3/stats
modified: 7/7/96cc7169089c5b62e0b55ddd315df2-2426.manifest
modified: 7/4/73e3bea3f5dd57b9d993d424817b11-20465.manifest
modified: 6/8/5b6a3548cb9504b6b9336125df8776-13820.manifest
modified: f/3/b5e511bee17014d84acc446b91de12-7734.manifest
modified: d/e/19010313fb29d225e1512d85c53abd-18229.manifest
modified: f/2/68435aab989fd09a0793384ec3344d-16407.manifest
modified: 9/a/6fc1b92699ec991bc8e3c5cecf9634-8523.manifest
modified: d/1/da7bb6f84f5c72befc67edd4ecf454-5552.manifest
modified: 7/8/9b6868e66cde13446bc1235e545b06-6763.manifest
modified: 4/9/be456f869f4e790b3b705632464b9e-9152.manifest
modified: 2/stats
created: 5/b/c6c93da03e4c08dc1fb73232d4c234-1803979.o
modified: 8/5/bd571f41f48107bd50f5ca2ba061b1-3909.manifest
modified: 0/6/c692389d9cd64be92da77ab345cbfb-3021.manifest
modified: 6/5/f375933db3c411fc2d86fdfae2a153-15332.manifest
modified: f/6/c145fac486a44b830b4498cd215498-3093.manifest
modified: 6/f/26a01438e59f490fcff765ab3e9bee-7071.manifest
modified: 5/7/7a636cf3a1ca5f597750001bc59bf6-24854.manifest
created: 6/3/6df58d11b5bcbbf6d5b5dcef55a727-15955.manifest
created: 6/c/2789a1b3d95bec1e3e357540e9d43d-27954.manifest
modified: d/3/d9b5dd2bee1d2905de35d546e719a0-10444.manifest
modified: a/0/7d4915d4b062527d70161020d960ff-9815.manifest
modified: 0/f/712bce7de2b560ed32d0fdece45573-5747.manifest
modified: 4/stats
modified: 6/2/5503a1b530fd0fcec9494bb1e2d537-1877.manifest
created: 6/7/da730fa9cf1e365db015fd35a8e100-14814.manifest
modified: b/a/694fdf5abb6ce7ec3fd74f1604850d-8117.manifest
modified: 6/b/60bf431eeecbec92d380fd1da6aeb3-8404.manifest
modified: 9/b/5ac3c519e77103e3e2c9eb4f3126ad-3799.manifest
modified: a/2/1daea0124673e3724299e88b24efad-6524.manifest
modified: a/d/cf5592e681e61af789032ec9ad56fd-3007.manifest
modified: b/stats
modified: f/2/bcb75f60992c58ff35a2c72cc716e0-3507.manifest
modified: 5/9/fe9b3a612b106e71bca98331cb2c36-13322.manifest
modified: 2/5/305518d378542a94b5f50cb2cf2c9f-7183.manifest
modified: 9/9/b5d900bb5163acf7bf5ce175f1ee6e-2955.manifest
created: 6/d/26960e7aaf052c5aa842dc8714226a-5770.manifest
modified: 9/1/14cf988cacddf21d46bb7ea01f7d84-2698.manifest
modified: d/stats
modified: 0/7/25b2e5981bd606eccaaeb1210184eb-10857.manifest
modified: a/a/1fb9f21c7b79fa777c5206887d9804-7243.manifest
modified: 0/4/016d7bb58db91adca9c1f1372b4a80-1853.manifest
modified: 7/2/731ba9e7ca09be580538431ce0e70c-16648.manifest
modified: 8/9/7317af77fca2dafc19bb95af274a7d-5030.manifest
modified: 8/stats
modified: a/2/9e3050a07882344989c36727c145b3-2960.manifest
modified: a/9/a2dac5ed4ced93e26f788cecc99908-13494.manifest
modified: 6/3/c36be1067f5b5a0f17ff1598b838c3-7765.manifest
modified: 0/b/56761f73669be4dd93ffa6f1daf02e-16392.manifest
modified: f/1/7d8401d9c072b613b4c388d1c4c033-4487.manifest
modified: d/0/f113f33079500bd31356cb5ca06172-2072.manifest
modified: 0/8/190bfee685d25d3d4b9a3bfa8c0a96-3578.manifest
modified: f/4/cde6714efce9768d9a778c5e2d26f3-4146.manifest
created: 6/7/11306313a584394ad5c26899407918-18866.manifest
modified: a/7/4a7118340d08018a4cff82dde912d9-14323.manifest
modified: 5/e/6c88b3a0fc1f3d09ac13eee95cadb2-3394.manifest
modified: a/8/c14b199258157cad3c05bbab095ad8-2377.manifest
modified: 0/d/8dc97b5986f3c0ebca0bb8607fdbd4-24830.manifest
modified: 0/1/945e4b2e02382a807cafe7b5d9baed-3323.manifest
created: 6/a/281ff8ec82a01f8e1101a9c6981096-14149.manifest
modified: 5/1/0d776c746b3c22e37027c70440386b-2437.manifest
modified: 6/3/d1fd654f27fd3adb8f19b6bd010322-2517.manifest
modified: 8/a/3d0d38bb9c5dbdb12f121ec8eaf59b-2549.manifest
modified: 2/4/6319b7e9ed33864371c91a58bed050-3942.manifest
created: 6/5/1a3f58c1d6a6cb56ef31aa37c15918-8085.manifest
modified: 6/stats
modified: 0/1/6f16fc6edbdca4625464eb6fcf69a6-22789.manifest
modified: f/0/67c1ddd1e1dc4b10ac20869920bcb5-4002.manifest
modified: a/stats
modified: 6/c/2314512478519f5407d0b9fa5f9879-28877.manifest
modified: 8/d/7705a9eac1545ff8da18e30ad073c8-2563.manifest
modified: 6/d/e5806315a470ce9713fa59aecf3e0c-4639.manifest
modified: 4/8/83d19f6ef0938caa7048142a6f5b00-3318.manifest
modified: 1/stats
modified: 2/2/88e81cdd79906dc5f85c3abf913304-9251.manifest
modified: 9/2/0177d293a6cb20485b3a46e172c4e7-13294.manifest
created: 6/2/53f44ffa89e6d87c157e24e29e10e5-4675.manifest
modified: 4/7/8e1bf1bf015be03d56e164e3f40762-7863.manifest
modified: f/5/f207e5c11cae6af1aecbb4bb7f596c-31499.manifest
created: 6/0/babee406842445c50491eb4239ffb5-3087.manifest
modified: 3/3/bf479e003b720fec9055f50809971f-8304.manifest
created: 6/5/76bdc318cc8fb2efccca1ddd96d38f-27302.manifest
created: 6/5/c143d3ad7a392fb24446e45d51d526-8232.manifest
modified: 6/5/d83919a9222ff9f28613295d2329d4-6243.manifest
modified: 9/5/c55174fe8158c7d1018eca8cb81fe8-13719.manifest
created: 6/6/cb2677f2ba7652a1242575f325e547-2924.manifest
modified: 5/2/728e435953b65fbf29ff2fdc67ed71-6541.manifest
modified: d/3/2cd3ceebc2d35998af30bcac4cafa3-3165.manifest
modified: 4/e/5cd4d6035fe205bdf1ca937b429b18-9094.manifest
modified: b/c/44d771b02ff46f0b3d005d43d249bb-12025.manifest
modified: 7/c/d3e7c6332703234a735d4edc81ebf9-7111.manifest
created: 6/3/9c025278392cb7184ab32261fe3987-256458.manifest
modified: a/c/a881a8fd086d324b5b486d9be46da6-3708.manifest
created: 6/3/ab19d0840e9b91ed8ca8a6d95b5705-5874.manifest
modified: 6/b/42637164e696f97f7b7702ca068338-6810.manifest
modified: 0/8/0fffca941ca6e39bc05da7b5d29b00-5163.manifest
modified: 6/1/213f8ad61b66728837d519a911b586-7868.manifest
modified: 4/c/d00f5e9495f3ccc1427a44233bd64c-12233.manifest
modified: c/stats
modified: 0/stats
modified: d/4/5ff1a896f53fe33a3b6893a95d7761-3352.manifest
modified: d/e/228dbe2f46a181a8b1f9534ea39301-5722.manifest
modified: f/2/67a3a481d74303f54bbd8c8c59988f-3846.manifest
modified: 6/a/df107975fddfbb3db9f6385b0fa151-2345.manifest
modified: d/8/e6613ccf046da27db7b6e92bf4c914-3285.manifest
modified: f/stats
modified: 9/a/dbc35497aed2bb8de27f28189f6554-21048.manifest
modified: 8/9/6c6cdeab388c9e2c745e346b126cdb-8700.manifest
created: 6/5/52efec1b3ee550090f0275028c9da3-5764.manifest
modified: 8/1/8433eb15f7eec329911d24f32f9f8a-7080.manifest
modified: a/7/c565c824761d57b2a085290a26d40a-2398.manifest
modified: a/f/d187e0eb2e6104837b4e4e84584c6f-9448.manifest
modified: 5/6/601a3b40b7257ec62f8ba9938c728e-4819.manifest
modified: d/0/711b351c983fedb2e5ae2ce762f909-2408.manifest
modified: f/5/15444c8cf72406216d3eddf95c27ea-6768.manifest
modified: 4/6/1071f650bc73be7065c5abd4bb4ab0-4363.manifest
modified: a/a/1d1a5348af1983dd73d4f0f7f0a422-10794.manifest
created: 6/7/7625a5052a56974af6c6b313a87cdb-14439.manifest
modified: f/c/df53fdfd52eeb831a62f2014fb29c4-4671.manifest
modified: d/b/e807021ef2c7eb5ce24d4f5c44a323-2808.manifest
modified: 4/6/daa70c1d7d9407402ca684aadaad9d-6053.manifest
modified: 1/b/98ba1b382b5046a29a9c24647d2d47-2192.manifest
modified: 5/stats
modified: f/e/1b98fe56c6bb8bc32a33653398294f-10674.manifest
modified: b/b/9fd9e6165ebc0c2ecc3a1e0c30558b-2670.manifest
created: 6/a/769ca0019ed5b2ed79696bd1945653-4636.manifest
created: 6/2/cc5ca37b2f349ce2c0ec07d778e50b-123982.manifest
modified: 5/7/4d1b6a857d0a400c0a56958e2091fd-4585.manifest
modified: 0/1/946f9f2c1dc7b89b3755825ffb1b95-7881.manifest
modified: 6/a/4b404aa22294a364e935227f818d3c-10469.manifest
modified: 2/6/5ae0a583b2623e33fed918a17ea395-7217.manifest
modified: 8/c/c355e120c74d24ba6b5524b5f8a88f-3802.manifest
modified: 2/0/e1571af66f5d35d135dda9228ddc60-2881.manifest
modified: 4/0/4635168b1292a957e60478cedae9fd-2569.manifest
modified: d/e/1e1833f568e56edd3f7555f5c3ab33-1957.manifest
modified: 2/7/ce6a2a5af30e952cfdad9980c4b7cf-19281.manifest
modified: 8/0/c191e3731489409c89c83ffec23d03-15298.manifest
modified: 6/0/3d4fc006cbfb2858fa741ca9e0a633-7552.manifest
created: 6/7/25e9f31a1f36bcff748310d9df5866-16461.manifest
modified: b/9/4895b643c10df7dc63e63ec2806f2a-10782.manifest
modified: 0/4/89bcd2c3372ea4b221655f815ab79e-3600.manifest
created: 6/b/7d572cf9d67d9dab7f6af592de4fd3-5557.manifest
modified: 4/a/436b5756e6408938307f7e2b3f6a85-9156.manifest
modified: b/6/f211d859d7563e1106b814f6be2693-2345.manifest
modified: 9/stats
modified: 2/0/3a1b23e84902ac652e2b7a0aa004c6-3317.manifest
modified: 5/3/c33f68fbff99b98a0c1932dc9d1945-3150.manifest
modified: f/4/5d45595f1535229f79f9ccf96e0a4d-1825.manifest
modified: 8/e/6edf1522f7dfbc8f6c6db79cda53de-33465.manifest
created: 6/b/a3bc577472bbcc5ec9324394a0c298-16392.manifest
created: 6/4/167161bd077649afbe26d1dfabfd48-9373.manifest
modified: b/b/918271708d2fd74d5a9e98bce0f986-13771.manifest
modified: 9/3/60b9328190e21bb18ff90c4f7f35ef-10027.manifest
modified: 7/5/69e2d3814c607f5cc9fea701e7aaae-3212.manifest
deleted: 6/0/f16136fa26e60b7b122cf627919812-4029573.o
deleted: 6/f/9afb7cdff7aea9d05de1b7463c2b50-24413.manifest
deleted: 6/d/02235286dc4d3e22f6528812c6ceb1-3065207.o
deleted: 6/c/113c0f1c2712465fc20818187b0f45-1908.manifest
deleted: 6/1/90705a1533a092431e3d8df5f252d1-5869980.o
deleted: 6/e/9b1ff3e038d1b4f74f0705efc222af-5563.manifest
deleted: 6/3/f98c999fc3b16b1b1e9f91e1375fc5-5127.manifest
deleted: 6/f/908c35218cdb8c8994b1afdb99ac7d-31638.manifest
deleted: 6/9/f402b8799ad4e1576c1654d30b5bcf-5797386.o
deleted: 6/f/8400f8a696600d74a04135b512abdc-15154.manifest
deleted: 6/e/816878972c6586aefddab2998eb590-5744.manifest
deleted: 6/f/95ce2123525d161819ae89ad645a81-1727918.o
deleted: 6/3/f60d152241b72a81f3753e7ed57ff3-3282.manifest
deleted: 6/c/40ef43eb4dcf11d5dfe9a80ad4de3c-2749908.o
deleted: 6/d/973588833583f6b56370a8dd0de099-5266938.o
deleted: 6/a/86d5e52a7041e10355c8d84d24055b-36259.manifest
deleted: 6/5/5e54300dbcd16f5eecc017288c8db5-6276419.o
deleted: 6/f/5e04baa7a3fe3626b1a4a1a0515d22-3932.manifest
deleted: 6/8/3e94236d236b564bac7d9483c054a9-24427.manifest
deleted: 6/f/035fdcd18f52b5a3c642e2d9cb2ba9-87014.manifest
deleted: 6/3/486d5d18b61fc8326e0301b5dfc5f6-5158480.o
deleted: 6/b/109190579b3815036f328f5d57ce38-5460304.o
deleted: 6/8/bc03966580c2e2ee14ec9916094f37-1646504.o
deleted: 6/1/d49327956d5e5779b02e8a5320cd52-12830.manifest
deleted: 6/d/83bc81836fa093d601bd7d20b4296a-4036.manifest
deleted: 6/a/96756bce47bd972a8d6a6ebe1e4f59-5260635.o
deleted: 6/1/5bffc10317a5f5011924ed52ccc833-5992935.o
deleted: 6/5/445b6eb2a1ea4a2079954f7c641f5b-5342241.o
deleted: 6/f/4a21919be73930b02b65a658b31130-4416.manifest
deleted: 6/f/6a24d5e91320232d75656ed95edf56-5381194.o
deleted: 6/6/0cc842392a3946b9ecb245de92547a-23569.manifest
deleted: 6/c/f259b90c64c192f667e58d74124205-13613.manifest
deleted: 6/f/383f3e88731478b1121dab2d545943-5166900.o
deleted: 6/4/e9cb300c126b659275de28b4595130-6027485.o
deleted: 6/f/82d18335546ec303a04f4c44a27afa-38652.manifest
deleted: 6/2/fab1df03ad245e3d5f081e884c3d2a-2456672.o
deleted: 6/f/312c92331a11fe906dff4b77f4f88c-16138.manifest
deleted: 6/c/5670d8632e3a525bbe9918682339b3-5394147.o
deleted: 6/3/7e92ffedf810fd20af7414bbe55836-2471695.o
deleted: 6/0/9c3bcd662a7c4025caea251b07c126-9933.manifest
deleted: 6/6/3e323994b05b2cf2a74f8d1a0607e9-4364.manifest
deleted: 6/f/878d1d40fd9b80e68bb4bff5f5b157-4344788.o
deleted: 6/f/6eb2a3ce9634aba2cf3b51011e34a5-8900.manifest
deleted: 6/f/9d4d43a759f28f7b7d0b53f1e2f501-5980169.o
deleted: 6/e/ec278077b030175a5ee25f3b7b9c49-1662.manifest
deleted: 6/e/95b5a589726941e3be72455e4002d9-7983.manifest
deleted: 6/4/6dcc4411648252470a8dcf5f0c580a-5578816.o
deleted: 6/f/6c18d73633d1a508c586015e48d678-5370710.o
deleted: 6/0/fbbd20523cc0455e5ff54e3d59fbb2-3688.manifest
deleted: 6/8/fc0f8d8aa1eeaa07df5d6c665f9a30-21199.manifest
deleted: 6/1/f3985966432518c931660fbcaaa0e0-3879.manifest
deleted: 6/f/969ad7b8b0aaf7404ca007fcab91ef-4939403.o
deleted: 6/b/1371944b817cda2d51662895dd7be2-5817944.o
deleted: 6/f/2102042a2b5341f48b9d9d1c9b6ea2-10667.manifest
deleted: 6/2/e4042d045f54d662596006f37ac3ce-12787.manifest
deleted: 6/e/e69a75b5a53d6075e797709f7f3da6-4024.manifest
deleted: 6/e/7af141751ee596f4e5e5e1099d01e0-3900.manifest
deleted: 6/f/30b3037e807bcd919dbbb36e04f39a-5819.manifest
deleted: 6/e/e9d91df043defcd094c7bac4127437-2726.manifest
deleted: 6/f/61ac704ac9b50076fb5401072d7ee5-1873.manifest
deleted: 6/1/2dbf4fab9e9d48235b4568dadb31ff-7706140.o
deleted: 6/8/d8711e3a7c47f6ff3fd10fee9b2076-1566101.o
deleted: 6/d/73b188362bce3d148d5a7c1db6f0d0-6005.manifest
deleted: 6/5/842002385aed1ea2f53f6dfc11bae2-419.o
deleted: 6/5/6259388a899d2cb61189a2be1ab173-4091.manifest
deleted: 6/5/3daf3ca45acae078420419a4091e96-3488.manifest
deleted: 6/f/8a63faa3f4448cb096d3a0bfc4945d-1026641.o
deleted: 6/f/11265f20a158ed60305ff662e0b547-33487.manifest
deleted: 6/f/905b31f6cdf0c90f346ba576bc5607-22279.manifest
deleted: 6/1/604f46c0b39c183d8e6ee8312025de-7674.manifest
deleted: 6/f/90959495e6c02927df3feb18ac2772-7053244.o
deleted: 6/1/52c8645f65f535bf752fc4e13f7e22-16706.manifest
deleted: 6/c/59d9e3819b99e55ea20b232c01522d-44502.manifest
deleted: 6/9/832690f72f87c6b057a70a0fe7036c-5366751.o
deleted: 6/f/0219ca750af44b137336d887452680-5392505.o
deleted: 6/9/dd34e93ee1c04bc874357153e44b9a-11382.manifest
deleted: 6/f/7d9dfdf23994ead1cd2751cde57906-2259.manifest
deleted: 6/e/c3e7dc6b0d0dc0b59b0f469d23ee10-5932139.o
deleted: 6/4/434b7fdf1e67ae194ca6784129220a-4581327.o
deleted: 6/8/f26c94fd2b3e4ca2f11c74c563e171-1974881.o
deleted: 6/b/4574e782d8d0ca7f2ba9a4d758a650-3060.manifest
deleted: 6/0/1102077bb49729c2bf5baf7438ce0a-5780069.o
deleted: 6/f/3d73b5a3d71facf7d7c460290f6853-2946.manifest
deleted: 6/e/dc5b170bd0ceaa7108358ecc143406-2392.manifest
deleted: 6/2/f9a06166b7e5922eeff61a508bf3bf-1879902.o
deleted: 6/f/8c902c9675c2d94731bf267e2d50fd-2917819.o
deleted: 6/4/a5ebfdb08e6a425e555fbbc1386d14-3890207.o
deleted: 6/4/4c2a729402c9a8e9ef0d02430f7921-3826.manifest
deleted: 6/f/01034a0114451162a73c1ce383d81d-4174.manifest
deleted: 6/3/825d450116224f81b2547df85f4121-3003626.o
deleted: 6/f/32c9825e066cf8fbf58b46c96ce63f-2946.manifest
deleted: 6/f/10b4606bddf9b10af1e3e0cfd0ee23-5028.manifest
deleted: 6/9/1e0004e5a2da41934f5bbad060d8b9-7142072.o
ccache cache size is 277Mb.
Uploading cache ccache...