SHA for cache folders (/tmp/ccache_dir) is '02fabe3eb09110a00e3053e3ec2121c2516861d5829473c9f62f7491fb04437b'
Cache ccache has changed!
List of changes for cache folders (/tmp/ccache_dir):
modified: 6/d/e4ggn0nec96vpl69ps89dkfdbrhmqieM
modified: 7/5/a87jnv4bnlh5jmgjsr30gpe9vpo2a6cM
modified: 7/b/83g4qc4jr1pj69a07bmithb37ovedj6M
created: e/8/91kk6c7iq59gjh4klkfhc40ol5u35ciM
modified: 1/5/0067qr2gvvqu7sq7c1u8ae783sckv7iR
modified: 5/6/6ae06lildcmrp9vbbuee33h596eo4j0M
modified: a/2/5fkiove7bgtdf4r6mooa58tq7kjs3aiM
modified: b/8/stats
modified: e/6/stats
modified: 0/7/bdqq053o71rhl744kbjn0ev9u7c6a28R
modified: 2/f/cbsuea84usmkqnqvuc4pouj1tkedc3cR
modified: 7/6/a5hsv7ccnnbeld8cr50d2f5r27oaougM
created: 8/2/811fro21lf784d4euvmf6kdjdj8hda8R
modified: b/6/04s22r4e3hr4npj593im1qp9vr7687mM
modified: f/9/d95l08apc2psk5ed885l11a998dak9eM
modified: f/c/9b9kb626dp3poog1728k6iv9s4vt2taM
created: 1/1/da456ltb3u0esn2t4rjbuol3ii7eoh4R
created: 4/b/aab7td0vnt2ajo5cq6il0q5c9spso3mM
modified: 5/0/stats
modified: 6/0/5er1dggvr9vaocarhf4nvhseaiig54uM
modified: 7/b/91v62u7a2ein7k60ueql41ei8k0577gM
modified: 9/e/6368vo6rigju0a3710qhsn4a6bev64mM
modified: d/6/d3efgehc1r428tls1ss6vpfdfm81trcM
modified: 1/e/cfik6kdj4bb8339ispa73ghhpe76lomR
modified: 5/9/stats
modified: 6/d/stats
created: a/2/78ck2j7uem2j3k5gm8u9p076vq7vro2R
modified: 2/5/ddm0v42en53st47stf18pon2h2v94c4M
modified: 8/b/98sm6jtut65u9tdb6jdhlbs7s64js5gR
created: 8/e/a3nq3802s713ml25nbfmbsv6u1jsm7iR
created: e/a/a33l36qfb5d7sughcbnmolr5mjibqssR
created: 4/3/c116bgvovpqj336f9pa1ccbhd6p5jioR
modified: 9/0/745k3c44p85a0o9tpbiq7qg7c4s6j4qR
created: b/6/4f2jgl37hrnat3mtqikcv5p8tblpepcR
created: e/0/dfk4e4b9318ri2qiadhodiko98ek22qM
created: e/3/5dsuhch0j0nbelibd82kn29dponjj34R
modified: 0/0/bcbjglbhaqupmujaibo7bt51it7mn3aM
created: 2/e/d4lhb9kqin52ipu0hme5slr1vomlsacR
modified: 8/f/stats
modified: c/3/c66h7qeumbaelf10lmdu1aocha5tosiM
modified: 8/a/stats
created: 0/6/b3899v9j6paqdc96nagqtcq8s08h3daR
modified: 4/9/stats
created: 9/2/8b936b56mbqcrumec5m7p1psgieocrqR
created: e/3/42tg1dfsv33iuoo7sldqhb8o21u4tbgM
modified: 2/7/famitcv6up7g6vpfpsmmlvtfncadfjkM
created: 7/6/be6jvibdmqbuht4jngci4oeup85fabqR
created: 1/d/a9uohbgjttktuasdgqsl5fc2op0j0f8R
modified: 3/e/d09aqf9q9cnl12l1pc40gmn3te47cmkR
created: 7/8/864p18da7eiok89br6n8tkir3unfq8qR
modified: 5/4/stats
modified: 6/b/a6rc2o6pj474gr9u2h3a31cagfbug1cM
modified: 9/5/76rimlbpr56tues11tcvmnk7533mklsM
created: b/6/3binb0srct8cn8jcukh9kd0ur5c8euaR
modified: b/9/71fp7mat29s6s1nimao47lojrdche62M
created: 4/7/a0ouf0tvo8q2mr6c355rg7984garp8aR
created: e/e/aa4eomt9lndqvp2me28t9frikumm3ruM
created: e/e/c7ig88aiovlaa07mik0o6vvtdbn2hg2R
modified: 7/b/06gl2jjc12j49pemkojds19pnjuj33kR
modified: 8/3/bb0j61sbm86bi4jt2e5koct9i7566rcM
modified: a/3/d343asped2kvf04et8572mshbo6lj0qM
modified: b/0/stats
modified: 1/f/stats
modified: 6/8/47h2713iqa03sti9ft0q23knq808u3aM
created: 9/c/fda386loe3b0siutaan8c8h2g3nkq4eR
modified: 1/0/stats
modified: 1/1/stats
created: 4/3/fadun5kgbbcmsi54pshi24gv3m50miqR
modified: 9/1/536lnmuj5ff0sjn4hp8so9dtpi8o6keR
modified: 0/8/1ea3c86qdifn43rbpd749ietjpng346R
modified: 0/f/ba5ms0eoeil6oetc30ca7o9sru4umtoM
modified: c/2/45mlfpdl4vhm1srhbnpb7cf3htshhq8M
modified: 9/e/95166d4eel0g46qamu4pp0jnhngo3ucM
modified: 9/f/stats
modified: d/0/b01sn8rthn6ialfapuk9omeltuqs4n0R
modified: d/1/d8e6op9o8dnke3fcoru9ps8phtgvhviM
modified: 5/2/stats
created: 7/e/31gu6l549ria9i295gehvveerbktvs6R
modified: 5/7/6egemin1nlsudcesumor7f1k0toincoM
modified: 6/1/stats
modified: f/3/stats
modified: 0/c/d0lb7nghi1r3ejf6hihn32lce27ten8M
modified: a/1/82m5i8mk1pm26kb3hmhec3is7t295bcM
modified: a/4/stats
modified: a/b/a4vs4hnaccdmkl5jdolg8aanah2bgj2M
modified: b/9/ba1qna4jhlj8dd0h4u6s36oaj1u48rsR
modified: e/8/stats
created: 4/8/1ac3sm3mjtltn85mkhnk6int2t5850oM
modified: 6/0/41vves5i99pkimpc8tto1l2g45rppcqR
modified: 9/stats
modified: d/1/55cedvit5278n8i452sn14vep2v4tiiR
modified: 4/3/79qb7nbniosok35qb78qb3n0mtskc10M
modified: b/f/stats
modified: e/b/13s3ea7a9c1tpsu7idvr4bthn6jckkcR
modified: 3/1/dbcbb4foq6tor5hbn1qebiq8o22q1e6R
modified: 3/6/a4192opbvfcccqar2b44ap22rvdnm4gR
modified: a/f/stats
created: e/3/c0fpn94lfc3mm9mn6cviuqlv9fh6r3kR
modified: 7/b/stats
modified: a/c/stats
created: 7/f/a98qdvggqv8bfs6vm5poudsbdhr1p9qR
modified: a/1/76obll273r335kd6oui6laps246ee72R
created: b/8/51e27j3upp4n3in9ennmjiv26enulfqR
modified: 1/d/stats
modified: 2/7/f2sc2lrdqtqd39rl6recd40taojfii0M
modified: 2/e/stats
modified: 3/8/17afcateofvhrb0liftrlqki1vij96iR
modified: 3/9/88qd7iq9v0edg14qj3n23qbgq6tk3beM
modified: a/b/e2t42mcues98e4cnbivs22v4j4g0j40M
modified: d/7/03253tv4nj3sg5htdl3qqh22tiqc0ikM
created: 0/d/1357f5e5ei2rcv5t9dupdharpqp0m1gR
created: 1/c/ccj9vov6dpvmaoajtl3beep06nubtbaM
modified: d/f/stats
modified: f/3/e4ftnsc0erfsnr0b01t17ud4891a810M
modified: 2/d/stats
modified: 3/5/159bscaup1esk674qbas3hegilnechaM
modified: 6/e/19s6fp1c42r1ggav24g1l81esdbf71kM
modified: a/9/90nr40k2uom3d3nfmd08aqtndbbjd48R
modified: 1/6/ac4qskfeo3hci1rhsqtvn7ev08gq788M
created: 1/a/51p207j7k21vf5ii6pjureb3tkhhgniR
created: b/3/4856mho4os1t0s8q6a2vjqess86uducR
modified: c/0/c8i2sv5mnvt2ueroid9fdqv9ebv9tdiM
created: c/6/25tk8mmpmh298sv3j0854crnj72envkR
modified: 0/4/adgdkkegpcht4iurtnjdmsiq7ubprr8R
modified: 6/8/4b6r3p5hsg0es9tebpej26sq1ttf9o6M
created: 6/f/5a08p37d8dcrbcov73lanfpv07cjlgmR
modified: 9/9/be44f8cc67crpk42k3rdiq9gv0cq4u2M
modified: b/0/fer0kjtvj1hvnk6d8kjnt2lhov4oqe6R
created: b/5/43hgo2e26unnla9rne6utms2kunrdgoR
modified: 4/7/fd476sjvbgeq40u6vmnp6icbqsphm9uR
modified: 9/3/stats
created: d/6/a3p7cbdo75k8fo7r4ser2fv5m7ngt52R
modified: 5/1/stats
modified: 7/8/917qp7coa8fhkgve22kqvj9h9tthvl4R
modified: 5/c/14n1bpv4redjumt2jc1icmk77gm5dt4M
modified: 5/c/stats
modified: b/f/25rh103bt0105g1ojuo3fs5t9ee31ceR
modified: c/7/stats
modified: d/c/stats
created: e/6/ca9u8539e5i38mc0p00eoh1i97irqvmM
modified: f/e/d0c6qbi3nhmjm0c33afh3elk38ph8c4R
created: 6/7/dfrp7gr866aa8k5th199af6h55briaiR
modified: d/0/8c1tchg78htq576mk3at9pncrjcn78kM
modified: 1/8/stats
created: 4/c/c000f7222oo4m91smddpje1po9tuhs0R
created: 9/3/54kg6m9gl2kr7o91cfd2h3uubc6d6kaR
created: e/7/bfivd4a6bqucbb77jtdh24sm9m2sv28R
modified: 0/1/4cepduaj1na7ivm9e5ovbk0d1h6flbuR
modified: 1/2/251diqfdkhrslcidk8ddgq1e1n3thn8M
modified: 7/6/beke1gpen5csakkua86gh35rfm04jokM
modified: b/b/5e8gijgq9ar7n31q0ocas7f2ffdbsvgR
modified: 4/8/stats
created: 5/0/9bdrfb0fp12b5rh5gae45quovpga9hsR
modified: 6/c/d2r2rgb6q2p1pulkg5h4fb2h62snhbeM
modified: 7/5/e5ns3bi99fru2e2lbsmjr44r7ubfuuiM
created: 7/8/cc3hm6n9aogooub1b9sph3n8gmohs5mR
modified: 1/7/01d747iinsdk2dn0jmtkkbjnubfpk4uR
created: 4/8/e3nq6fs0ip5tcs87au0rbqddat1aeguR
created: e/7/4br1h7l95rq6kj6bs9ktajr7hahd72sM
modified: d/3/48l5t8o7j5npm7of6o7huqfnt23rlvuR
modified: e/7/stats
modified: f/b/stats
modified: 8/d/61kutforvge69oab57truf5p8gm8qdaM
modified: d/a/5a90pa5fiaf3ji9bj3lgon137k27da2M
modified: 0/d/stats
modified: 8/5/0a0u8qpimsdhjaudvkrkj20a0qkdthaM
modified: 3/3/c64f562hs3d6d8d6ocb6j5tj8pp1m0mR
modified: b/d/stats
modified: 0/2/stats
modified: 0/7/99h1kklnsur7rlihvaha4cef26brhegM
modified: 5/8/a9ofg0hlgmq86iso5rr1r584ccah674M
modified: 7/b/e1hvh2f3u6cbb4is9i1m92vni6jna8oM
created: d/b/8eprdg30lvvak3406h20ebb6lprtag4R
modified: 1/7/490t17hdlr1v2ccr8i6v98ht95sj25qM
modified: 3/f/3ephm3frpt1fckrjsu1doh2vca6g76mR
modified: 0/d/5aukmfgvdcokiiqs25mrgknttrvrsfqR
modified: 0/f/55ftf9rcj7n9kvlshluo6lesj9thu9iM
modified: 7/6/stats
created: 1/4/47cion57p3sitcc6f5scj472ec7rs24M
created: 5/f/ed9fih64106g0eb4h8nc0885u30lpugR
modified: d/5/c8b5lnl5b10qkhe1sdn6j7i27fimtuaR
modified: 6/5/feham0f473ogndi61jge30rkar2naqaM
modified: 0/3/6ctp5u02io39qfkkgkm2ps9i3sr1vvcM
created: 6/5/244qotvshir1e9rsp8ifugcc53gf5taR
created: 5/b/8aslrn5dq91r2ao2hnm9rjnvfrsa3eoR
modified: 6/0/6bjktmv4nd5vprec83g6rrphd507gjcR
modified: 8/4/0dk9jg8usa510tjmqftpo1gjs0clfieM
modified: c/6/2acmujbgg5k2uefqte18o2kk4k0n0ouM
modified: d/b/f8f9fn9e7hkskk2tva0o3vp2boo6eaaM
created: 3/2/4888o814l8bc5umsoh6k9t1r439sudcR
modified: 4/d/stats
modified: 3/c/92ogcrgcl9f36odio84fkpj99jk6nc2R
modified: a/7/a55oet5bsqq9lc2t6gu4kff84kh8dv2M
modified: c/0/c14ban2etogfqqldpmlffo4sl5iuoo0M
modified: 5/8/stats
modified: a/9/c5g90ka7ipd4q8heta2irlgbv0sgchgM
modified: d/1/stats
modified: 0/5/37d63h409bmpka58jvcnj1ih7e420deM
created: 2/2/cbpa50555hb02k4h3c9p7v74ivfcp12R
modified: d/f/eef8krjftb7ovobommc7dvsl1qdo7vgR
created: 0/9/580dfgerb624l767f89ufgsaenp0b0kR
created: 4/e/86qjh4aefqiiv8lrp1lbq08aq8dujogM
modified: a/8/f6oved01fem3de44ht8rs4c9koo4j20M
modified: 0/9/12g1lao5qbk66segps3s7v6sngk3jigR
modified: 2/0/stats
modified: f/0/f0nsa4fctfjhcrrcj8634h3hcp60skaM
modified: 2/7/bd24ei2nugoaqq8rnnrfivkgijckla8M
created: b/e/51frpj3ib9nnh7f7sqlr4qsos1hrqo4R
created: 4/f/9et18uu50g0795nlesao5mm5vnbiqh0M
created: a/9/f0b5vbe9goc7gohobolq0bbbeed5tb4R
modified: 1/3/64h7u6bgaadtrdl23emvmccn84iai50M
modified: 2/6/5coma0qbcgilkg3b5leeledm7tj21lqR
modified: 8/d/535rpkghcfoisvge7a73pqlcmeo24o6M
modified: b/8/edgqgtkhr87lenqm3gr6ksa8u5u2kk4M
modified: e/a/stats
modified: 0/6/35tpq9asoa8r63o4sljdvcsbihap1h8M
created: 3/4/53dse4oa35jtkeakld6numjk4l5aka2R
modified: 4/1/stats
modified: 5/7/93i0m48jdt6b6gtt04v4n41v4l4t5s0R
modified: 7/7/9fdnvuvlp59ra9hqepoqu8kv2gesm8kR
modified: 8/0/fbmn48fbsrh1l0a3depl23njsuip2j2R
modified: 2/a/8fog1et4e0jrd1a06s9b3d5rv55vu2oM
modified: d/1/f66p4k15d2hfdpfcfatvh252clrrjhkM
modified: 4/6/stats
created: a/2/9f2n7gcp7pk6n2lt3odk9vltt3fgvu2R
modified: 0/1/stats
modified: 0/8/59kkbma2b08sr5uj2htiv0393u20ofcM
created: a/e/0677l8n2p7ogknremueeohhgskjaje4R
modified: e/e/42k6r9pj34clpr9f6ff4k4817bas1e2M
modified: 9/9/33l42dcd0uo10fjfhvhe4sedq32hl7aM
created: a/9/71uid5npo1mpbo88iim5m5virmggq8mR
created: 1/0/6bcp42m2g8ffjg8rpjoo4pb5uopof54R
created: 2/a/b3jsrult0hae1psqnfusoqduokv65hsR
modified: 3/b/1b96d7fab2b4i3k4l0fujll1fuleki6M
modified: 5/6/f7b1h0u0v0oc5jj4ravgo6humt9h07oM
modified: 8/1/stats
modified: a/7/2eg40t8r1rvisfnvqobed2mofd2gho6R
created: 2/0/7djocrblkh85hvem1p8nhcjdlv4560eR
modified: 2/6/fe0qgjl6sgmbqbum7i9h7q2aq0n71qkM
modified: b/0/9bne93echbj4n85onnkdbbgthbkj3hcM
modified: c/f/e80clpk0u9c1rlfifpk1r6oihom42toR
modified: 3/a/stats
modified: 4/b/stats
modified: 7/8/61onl30v9ltn64188as4bok5be9iqfkM
modified: 9/1/1217h45svb1efsojuvk3lb9ipln3c4gM
modified: 2/5/c28noe84tsfdj9pe6a4b9uh74i95rbeM
modified: 3/5/9fs8uec08kdecejc8kgchlvfddrq2rmM
created: 5/8/47sjbmeuo38hrn4g8d747mfq7rlm746R
modified: 7/1/8dfknvja859a4dfeehdnu3ec5m9c46qR
created: 7/2/e7nt64luj38uqa280039h1jc4p1gaooR
created: d/4/30pukgquu3jvklmol9bt88k3akgec7qR
modified: 0/e/54b2r4f8ser2ls3q9i1iq4423oiognkR
created: e/6/c601lb7n6jui8vpoov9jr058203i6kgR
modified: d/7/stats
modified: c/4/stats
modified: c/c/stats
modified: 2/c/stats
created: 4/6/bbtd5a5l4clje7ucgpqhh32d100o3ggR
modified: 7/6/7eig37rpmgk0ofu671of7a7uhqhe1icM
modified: 8/stats
modified: f/9/532tip099fnrf1fgklvh9u6c1mt4apgR
created: 4/2/fa4nvihcjoj79274lck3nmj4fqoohnoR
modified: 9/1/stats
modified: 9/e/stats
modified: 4/7/90s6flns43rc4r2aki0308ib00m5asoM
modified: 5/9/catu3gd8lhkfnh4rk2rhvn67mh3o4b0M
modified: 6/6/7di4svmu3cidmgjku4oehmapdhnhkdmM
modified: 7/4/51d9ohghhs4jj5rt72i2tvr1ovrt7hsM
modified: 8/7/07e2jb9l7kq2remqlqpf86cqvdl7pfiR
modified: 8/7/5chhgood8vrefud5a1g45hthm3l9i5oM
created: 9/0/9b6cfs7ts983panitjah3qnrbv3ijt4M
modified: 2/3/01ijf2iimfrrlg8h90p2ddah85fqe0sM
created: f/c/1fkmcguibl1acge0aiuaru2nkt0ftteR
modified: 5/5/stats
modified: 8/c/stats
modified: d/1/6evf23ve0vm6b2g3bk9upgeq9g8jk7mR
modified: 2/f/e7an075n0sq67n84jmmficcbglapmh8R
modified: 4/7/09rmf775qpjk5cnuc56civ55b3b1b6qM
modified: b/8/230jt4fjim1da75sjkt3iujcpkjtiokR
created: 0/0/30ndp9u6pqa77p62k542fvk3k364pfiR
modified: b/6/fcdu3si5a1m1nhovdfhd8pti01gmks6M
modified: 4/e/f0cb3qlqhg8jigkh2u674hgue4f8vnoM
modified: 8/0/stats
modified: 0/8/a0uuk8uogf5nhggf4m1r98ov96bnpaiM
modified: 1/7/stats
modified: 8/5/stats
modified: a/5/2bdr0b9093uthcft53ddcr6gl0oq118M
modified: c/1/stats
created: e/d/2dmkb4tcmaim6fcqb95ud08noeo2sgsM
modified: 1/2/stats
modified: 5/b/76pfb2kf8tfufubetdnbi3vf7sln05cM
modified: 6/e/fei0e02g27v6dfdbljchmujg2gjc5ruM
modified: 8/6/66cchroq3site8h1l84qp0iiu3h5cu2R
modified: a/1/stats
created: c/5/a239acaqt1ntm1ldv6427jbt9tq9c3eR
modified: 1/b/9c6lols4f0ebgiqkpqaa204ttceg356M
modified: 5/3/24qj91ch80ebj51barrvfmfe7duql9cM
modified: b/c/stats
modified: c/9/41q1qrslbcbjg1b849p5ia4tm281vreR
modified: d/3/2fco3lfe0deovprdr3vmno8rj2g04c0M
modified: f/0/8av8h4iuuuplndfmqvak19kgqr4alpeR
modified: c/9/bd80k40ht9hio4pn33i0s3r2us8sjuoM
created: d/2/f28vculrjjeu0qe45gk660t9q94kgh0R
modified: f/f/7ejstrjbd5sebhusuaik18e68eufgqaR
modified: 6/b/e4hl54r7agc8l4r53ilreljid5qsh2cM
modified: 9/c/stats
modified: a/6/90u3ui0lr3gdnoi5lqlger9e0onpavuM
modified: b/b/36tnfq9hl20a2p4gv10cnsmk18mt9jgM
created: f/5/6c4hujdiqs9kjc5sdaak6rjusbgmhogR
modified: 8/e/141shhaklajmtirc8d20tefdu40qdheM
modified: 6/1/cdl7hs25o0h6j8qmv8lgev2kqfoop1eM
modified: 8/1/d8e6p5vv426gm386ka439780fisp6aqM
modified: 8/5/b6d3ad6m2ibvagr4jp54b7o5snv999cR
modified: e/e/d12brtudet9nhi2bjei0hken5g72t50R
created: f/5/afrn32fadm4cupojqrqjm4j8duj49q4R
modified: 8/1/822k2ohponsto9aoqf118h2bag28apaR
created: 0/c/78isch9m6hk1flg74gd3jehdsrq5uamR
modified: e/b/stats
modified: 0/7/e1ah1c2nth65n2ed72rqk59o0vuj3jkM
modified: f/4/stats
created: f/7/c3oiid9ilmehil2q9ah45dfd6t5tnbmR
modified: 7/4/7bmodspou67lrm0j01ugcd5v0effm5oR
created: 8/7/eapt77hqpqav3vhvooj6r9ggp2jvpniR
modified: 0/c/stats
created: 7/d/58ff920ipc3ok1gd14bf2h4n66jm262R
modified: 8/9/72daddrknum3aqerobal0o9ie8d7u28M
modified: 3/2/b0cj5s4qifelelgbitk3bhq7jeea1feM
modified: e/9/53v34j7dsa790dssflo8d0ek4jo8178M
modified: 1/0/e7dh4420ua18ppfqm6e4ot1ecgqu662M
created: c/a/eeeo4evfa2qng26fmqhuor2qaumrkmsR
modified: 0/e/stats
modified: b/a/stats
modified: d/d/stats
modified: a/4/5a2v9pviqp3m2n023ehaq11d53u4kt6R
modified: 8/8/31tq4pjcg5hn9g9j4idm715ql7g4v08R
modified: b/3/a43mtrig0nft2nt0lv4htuoitb2oppuM
modified: b/4/stats
created: c/b/8b2d4oqeo6hudj83s8osr4ffi4j5mssR
modified: d/6/stats
created: 0/e/1ea5hn34jq3llt37fet5o8n3c6iejh8R
created: 5/b/365a0ad7378ovc31s97g07tsq8trlfqR
modified: 3/7/185723t3upia99b7tpdmb2ukvqkqa0sM
modified: 4/3/910s2tqmjl46i1bj7kj0l1grpqbsiuiR
modified: 7/a/stats
modified: a/6/stats
modified: f/7/38bmrrscr947sh4t72gcbaqlin1504iM
modified: 0/8/stats
modified: 1/7/28mbjj5afsb66ft8sng7domubl8dh0mR
created: 4/5/8989q1amggqjuo9stl41880outq9sn2M
modified: 4/9/793km4jvdpvi9bpoq8b653d5hokqr5mM
created: 8/2/224at3j8r2lkei4plma7m0bl4decgp8R
modified: e/f/stats
created: 1/c/ae5c0ir3voeaj02o7vhhk06vtt0cniiR
modified: 2/6/2aptv557vvraksfanlgni5i91ggdeqqR
modified: 4/0/6d8ncc67csld377ttrobrkjcioofobmM
modified: 6/7/f2h9kck9mt1orvji7ud88uq18m8a14sM
modified: d/4/3134j6h9gpnscddl1frcbki4a58fl92M
modified: 0/0/df5n3ifr73b2g512h3iknr4mok3mavqM
modified: 2/5/stats
modified: 1/2/9c374svc076ahjnncr3aei3kffo23g2M
modified: 1/d/b092isc0a5lco6bb9qfkpht442i5ouoM
modified: 4/a/stats
modified: 7/8/stats
modified: e/7/d6qk7nrqtulg926lkggqv8ms8r167gkR
modified: 2/6/676t7agl25volmesqb6h68fiv2c7scuR
modified: 3/9/8f8f85l9g5bqf8fs44p7tna8t86nncoR
modified: 7/9/stats
created: a/a/d9l21hq5epi18ctjm3nau6n6aohudjoR
modified: e/6/993q7jlmqbd46a5t6ennvknlrr2kpu8M
modified: f/5/2dbst3k793trqudell9oe3buh93f5k0M
created: 4/9/8c43d4nlfcaaci5g8up6lseaittegh0R
modified: 7/7/072ricevru6bt9h727vdh3v6gfh6tf8M
modified: 7/e/stats
modified: d/7/c4eoob51n080fdet7cm47fbceeiji84M
created: e/8/34v753v4jn0227nok7ieo16kqob6tl6R
modified: 3/9/662f7lg17njuqhbh9sng8injs7jrqcgM
modified: 6/b/b0l2e3sq27g7p8v1el518m2sn5j44s4M
modified: 7/0/stats
modified: 7/1/stats
modified: 7/f/eeiui5b0otdast6tder98nbjb7ka4meM
modified: 8/3/c7fel67ucfsq10vg2f9iidtu0spf4q0M
created: 1/6/f1t86qlkj62hrsi0ljn7v1hstu641fgR
modified: 1/b/43pt4210ejnt2odk8i4jkrildqu76b6R
modified: c/c/ddqhsakgcn3t94bdg7eq2hkp0pqep3gM
created: 2/8/c3ts86ss4dffcuodl09joe5htjhtmukR
modified: 5/3/stats
modified: a/e/abhj680hshmo5akrrkcl3uncgqaj7emR
modified: c/1/bc1755gr00o2ib263r8fi3b8cc9b3tuM
modified: f/3/0ft58fl2lmqjd5jle1in8qujo851fi0M
modified: 0/7/8786aj0m8jm4asqf16a4b9pheukvpb6M
modified: 1/2/2cgpulkscueo6kolk966l0dleledpj2M
modified: 4/a/8aqc4iollq0r79gjdqgvt98l1806834R
modified: 7/3/8f0i4nv3tbrsp34p6fo2v09fppamskeR
modified: 7/d/dald00396evoov0g7u9gs04saa8qfjmM
modified: c/b/456m509n5epe33e8j3k03acvma25nhmM
modified: f/d/c3493gqi5pcj9dk9hma3job23oprgacM
modified: 2/2/1a9joqgvoqvss57dqqv8hb5ahck9k96R
modified: 4/a/0djdhd67jp741vj3a242abu402n9qi4M
modified: 3/b/8e4mcs54gm0qq7464nlhtn6ghorumreM
modified: 0/8/680s2a7tlanis8ekk5sqp3a0md7lsbuM
modified: 1/a/c825opkv9q065mga1e6lafo3v5sqjsuR
modified: 8/9/stats
modified: a/5/5670acf9kgia41j92k36q9u8mmthn9mR
modified: c/0/069sinm1den2st826tl4d4f7ou77g9sM
modified: 0/f/719g4coanv666o960ms1kglgl89qh3gR
modified: 3/d/ec0k8i932osm2q044v42atqtajhvgfgR
modified: 6/3/stats
modified: e/3/stats
created: e/c/724guo7t6187lo5oatn53h5q9tnf8g8M
modified: 0/d/c2n5r0kpmr6m9opbnuf7rhlg0bc4vqeM
modified: 2/b/cdf68s2mgeqdl3os4vf84pl2btpuib0R
modified: 4/b/53vtbsn07qh31s9j4usar074t237g0qM
modified: 7/2/0f6pkb0rdsjnmd2314uofsuglqomsp6M
modified: 8/1/44bv3oi63io354v7o9q0c9vtd51i3f6R
modified: b/1/stats
modified: c/c/d0ahkv5k46c1p40aego01uh53nasq9kM
modified: 2/4/stats
modified: 2/e/c2muncpoc13eapjke7ge5vl4gfcdkhaR
modified: 3/f/4em14pjvo1rmse5h1hg28t9e20ui3t0M
created: 5/1/617nfr59lhvnn5a1q978tpmsfegjk0eR
modified: 6/a/291cgi841qunv5n8p9kefqs22js1gn8M
modified: c/2/2ad0gfclvkdh4je84bto20svocsvi62M
modified: c/b/stats
created: e/2/7adn1d8d3v917onpdn3odg6dkttjugeR
modified: 1/1/2ac3lp0qs1tge9mq5meslcc4r63i8dsM
modified: 1/3/stats
modified: 7/5/stats
modified: 8/5/ffuc9v58bl83lug6cn9aa294uvjlsguM
modified: 9/5/68jtuf0t9tjfrki4asp4tgsegte71r2M
modified: d/f/6av9k5uudip5scq4764j6c977u4fjuoM
modified: 4/e/stats
modified: 5/e/stats
modified: 4/e/06qifvms81k4rms31f8upc01jvhhqcgM
modified: 6/5/abmauenqcurq2prih5bc2qgupv9sqneM
modified: 6/a/63v6s1s6vu5amkna873vvurkd2sc1liM
modified: 9/9/stats
modified: f/5/a2227oaaatqnlrbg8jvb1s9at68bq8kM
created: 2/6/a7i0s6v77gshehdofjpam5utn8s3tnuR
modified: 3/0/b24fh3moh1oril1ol1cfm0roui0pg7kR
modified: 5/1/b2r7e2te467so4ntnded4u5sepm36kkM
modified: 7/7/stats
created: 7/d/b6h50dlplhi8loj7db4fobpn076gb72R
modified: 9/0/431oi89k6esdmra0ncuck90sfa1gim8R
created: d/d/aabhf58j6bgcfr2e1969972j7nqq1cmR
modified: 1/8/503hbmcn32o1u68c2tm9mcki8906ob2R
modified: 2/7/fd8tjglnnggc16eb4egd8nbp49rfghoR
modified: f/8/stats
modified: f/d/stats
modified: d/e/4a551sf58a2mpkcpap209o0rqqar3peM
modified: 0/e/83q5fjb9qpcdgtncn6s4jbo6s9dabaeM
modified: 4/9/475hg4c99e43qq78383q4kl1hj9ovscR
modified: 2/b/stats
modified: 7/1/70bakad1l78mui43mv1ia6apt5jmkecM
created: e/7/cbjda3gur4jd6sd258sc1hir25jl0uqR
modified: 0/5/stats
modified: 0/7/stats
created: f/7/93h50h9p2edap3tfdpqk7n7g220beouR
modified: e/e/stats
modified: f/1/81ck8musfofacoplmmepdjpkgkg639cM
modified: 3/d/stats
modified: 5/b/stats
modified: e/1/stats
modified: 1/1/bblbtga0n3j70agblenq8hpk8a9difcR
modified: 3/4/4dcb06dqa03m7f1fi84c37aden1egsiM
modified: 3/b/stats
created: 4/6/b5h3pa94ul1pskt79eobl5icqlnnhcqR
modified: 4/6/caahf53nvr12cgssqg3otcu22ktq4cqM
modified: 9/6/31sfrig4f9u4pl0rvf6b935166esunkR
modified: b/0/73rv1fkkh9vs5k038n8kqtn9g5ebpd6R
modified: 2/5/8es1h4aqg9oiaqp1th4l35d83sqjh10R
modified: 9/7/7eb9qmjnnrrv5burjr64n6m4lodsvpuM
modified: 3/1/0ahid1camg1oh2itkegq39vivcilp5gR
modified: 4/stats
modified: 5/9/8a765dtq1i7o4v6gb441hrhuch7a4ocM
created: 7/4/07talplt5jc1n5hln9qu2d2k444ef5cR
modified: c/3/c8faaomt62v5ka3ba6to5c3q9neo13kM
modified: 3/8/13ud638a5khish25cb8kqdhrofcfv6aM
modified: 9/8/b63tm84afii0hgqjpnurh30s80a3qacM
modified: a/3/stats
created: 7/6/3b5rc5ai1mlforkjh77309lfo9gi6tmR
modified: 7/9/2b9b20jf86lfdj9vhel6fb2vfs1ou5gM
created: b/9/153cp4314d0h7er7fst6are9mu6ikqkR
modified: c/5/fdo350h7e9jhjq47pp7m2s206tgmi7uM
modified: 3/5/stats
created: e/2/b71muiipg5f20hh5l87acueku1fbho8M
created: e/b/90oet275dv280lokjmo5nqacqqnv05eR
modified: 1/6/stats
created: 8/e/1a3jotab60okue9879r6r3q4o01nhhmR
modified: f/9/badkm5jqidev7qdf8md3ug0tta3ro4mM
modified: f/e/4598t2ldpq108msl25bp985ag4k5jfaM
modified: b/8/cd571o9jmu49g4j3rs6n9fjnt7af36kM
created: c/6/e3uh09omj95qjl9bf2p6g5aak1l3bg4R
modified: f/e/69p4mqv0va4f7q80cms7j0euki10kjsM
created: f/f/b04o99j27n5kqmrqe8p9u0of7ml70s2R
modified: 0/7/aaoi28khf3nepffck7s6f2prblsbnt6M
modified: 5/6/f3m5mptp60vsh3drvj5t86nlb251d56M
modified: 6/3/70qle215fv6epn10ivtgf5sjif7kc2uM
modified: 9/2/49mpfcv3nkj2fr3raalvd09n2kod5euM
modified: 9/b/stats
modified: a/stats
modified: 5/a/stats
modified: 7/5/f17hva3hdhn7enu0qiclaesfhlm2k6cM
modified: a/9/stats
modified: 3/3/59h8j7ao1vovbgkd77q0gjc8hb069r6M
modified: a/d/d7n5kp9lelopqoavh5oomtmv2eskttgR
modified: f/2/stats
created: 0/8/d1cjv6pestbbveofjivj101s8n9sgisR
modified: 0/c/9fuo0uc7n6j2682ja52187hd4agkk4eR
modified: 8/d/stats
created: b/4/a8tc390gcp7jn6pl8r76892uf0ctqfcR
modified: 6/d/208k51gqrmgslkcefu1squ7qaju1vduM
modified: 8/9/0ea5eib5qun1e5c36thsa91gt2nhaugM
modified: 0/f/stats
modified: 3/e/b64g2n9kqtboshm8bj09t6kvnbu98gaR
created: 4/7/3eq6smktahfnv3k7adiupmpdc8953p6R
created: e/2/cadlarfbmchqml4p88ht1o1vi1913u6R
modified: e/d/11sn0pnpg1dcsecf0ud7jdl6lnqecs2M
created: 2/6/6cktdoa3ceg7l6lb3qdbdic5i6ktj60R
modified: 4/2/stats
modified: 6/7/stats
modified: 7/d/9as9h6crk2ugk7tmm7eeoifl4qf73pqM
modified: 9/9/42v6313dqh4uca10t3o670o4d6fqamiM
modified: a/2/stats
modified: 2/a/ado51vnpk83h8vtriimnfuc7fbdsl2sM
modified: b/5/daplrsb3jnul35hn9h2q0l9j0sfm12cM
created: 7/d/b69hfbekvg60o135g269v1p9ccdt3dmR
modified: 8/b/9elj29im8pigghed26neb9miaqgbvo0R
modified: a/b/99ht4qdg8ept84gce4lqdffogmlf6ugM
modified: b/3/fc94h544791tvri595hulujhbo97uu8R
modified: c/3/stats
modified: 9/7/7cqbe6eje0a1osuhf97hup1qq0hlvv6R
modified: e/c/2e368j41f4co5rek99cftefn8s5hohaM
modified: 7/6/999kurkvvuu39clkgueablnlnn7gf9uM
modified: 5/7/7c1qrdaitg3qoemj4adpekonbl596jqR
created: c/b/d7fk1skp4lh73ps9pcgs0b4v7hcm40kR
modified: 3/3/23hqrtct6fjt4sjfdtcnsqql3rd7tamM
modified: 3/5/5fjhgiuugihlsd18j1ufrs3cre5hd5eR
modified: 7/f/stats
modified: b/0/3c19gmuuustpj3ljbfs7aqic26if7lgR
modified: 0/c/4a6k6li6gp73qtd402lavbv8l7t0jj2R
created: 1/2/dco5cgblbib8rk8intk9dl79d6vjs6qR
created: a/5/4bq9tb68e1q2s7kvndorho1sl6m8a76R
created: b/2/ada895hvu46j3dl6lt601s32u7jr9g4R
modified: c/5/0bsko618fkqpg67b7sbpu9l5mbquqvcM
created: e/f/08vqj931kc597idgte56ns3rd1odqf8R
modified: 1/0/8df7k5julrq1a1n3tdhb57q51m5srhsR
modified: 3/f/0a7mk84ndruptlu85e8r6o7osdgp74eR
modified: 7/8/b4mt9q2s3bjeatfk5mijnepllkpn0fiR
modified: 7/a/63thlasjklhpa38in5nov0ss5apacvuM
modified: 9/9/8etr45huco67298pu12a026magviso8M
modified: a/b/stats
modified: b/3/3fnb2cldmocp3ikqofmv4hpr1pom6nkR
modified: d/b/stats
modified: e/5/68gf4eqllkmao11aaceujera5cu6looR
modified: f/5/b5e7n0fjkjig767ntpnlq6ke9kmlaueM
modified: 6/f/stats
modified: 7/1/5ahdovvos7s8m2cv4dqs1jr088u3ojuR
modified: f/7/38s4feqh61fvc4i8s2rniqelokmp8g0M
modified: f/7/f0tl7431eseaga6pn8d4e2c63k43e8kM
modified: 3/1/stats
created: 8/4/f526f08i7q9u7e86ph0bkel9s3io784R
modified: 9/a/stats
modified: b/0/fa2lj05h3a93c2cremp5reumicpknb8R
modified: c/5/3bfpd1084oaecjajae1lnekf5134ihiM
created: d/c/86ph7cin7h6g5a6pdmkpp7fijrhdd2uR
modified: 6/3/3cm10574mi9c6clio79g6s4g6mu7q84M
modified: 7/1/b942tciknu1oh4doohsgcflpjq8odnkM
created: f/f/8823gsooqalrnvtptclmpvoo0icous0R
modified: 6/1/a6e9dfa9ff1982ahbqc7o2tb4h47ac0M
modified: 3/c/64leoj1s3cmca6g6bjpi5b2gjim7en2M
created: 4/1/f6dnt2r8ea8b15irvui0qftukcg6l9mR
modified: c/4/706odhooqvoaj5bbaer7tk5s9mejj2sM
modified: c/8/stats
modified: d/b/b5qge7u0d3ji9ssqe3gmc2g3hk8ennaM
modified: 8/4/stats
modified: a/4/56o6lcr4f23sojarf3qhkt3n2268o46M
modified: b/c/04ai4sddfb7pblfsh9hpjk57vkr789mM
modified: 2/2/33l3r5jnc2ba3lubvoag98063s8rf2iM
modified: 6/6/stats
modified: 3/9/c2oshtpj58ql4da3jf072jsd6hhj044M
created: 5/d/d03oquce7n8pl8jmdg2ojbtnumsua12R
modified: 7/2/dfnd44masqf9dmoi2ffsijrgp5r5kssM
modified: 9/8/stats
modified: 2/stats
modified: d/stats
modified: c/c/6fko4vujee7l7jgi41bamanlm2ba2kqM
modified: a/a/stats
modified: e/7/94i368hl5rsapajid93u75h0kenoa5mM
modified: f/0/5c3h0852pks6dcu09qe1a8re0p3rhnkM
created: 0/e/dfpshtcqvgc1ag3dbabkc35151c052mR
created: 4/2/4as4evg77mh6bre6q7vi86do6k007iiM
modified: 8/8/stats
modified: 6/e/stats
modified: e/9/stats
modified: 2/1/stats
modified: 2/a/stats
modified: b/6/stats
modified: b/e/1c025k7o2udfl4uhemt5pv0qv4ag0esM
created: c/f/bcpv7gjm4i3c0a56dten78ntvg030n8R
created: 6/f/51eqgatehqphr3vt30fd5d80lj0uo6gR
modified: 3/7/ees50ihg3gue2mrb2ufamv95hpg4umoR
modified: 6/7/cdpt9a6qk1e2b8d10iuklvhnsdmt5t6R
modified: 7/1/125ssg0lbbpvuvtcu2f9tvrntdcctueM
modified: b/c/eabk5f86nrmpe7rtp0cfegb1vsba56cR
modified: d/e/stats
modified: 4/b/366tt97mn93n6utla6h56vpt54b6o3uR
modified: 7/5/66969gsehl2hl75t32p3tgajd91sjpqM
modified: 8/b/stats
modified: 2/3/d59rd3eleavltit879add81mqasn160M
created: 5/e/c3121b3iids1nkd9ofkbo6e1hfpbocsR
modified: f/5/stats
modified: 0/9/20jge20anttp8ac19glphi57l3eoqmkR
modified: 4/4/efua0cuf4h08v8l236umriam5lqjl5mM
created: a/5/5624pt40cgaq82fgk4acfc056a3jbg4R
modified: c/7/d3h71lt9992g1324gd29tvmr283h4h8M
modified: f/c/f9877glm2tuei6m44bua9u7gubuk4p4M
created: 9/3/efuo52gsavjfc4qjuo666hf1btpsdgeR
modified: 0/a/d7un63jkjt7h3dp1n0m3c1sv1hoifqeM
modified: 9/2/stats
modified: c/9/stats
modified: 0/1/8f925a31a5gs0hf3u6041uetstvlakeM
modified: 0/7/c0ncr3mjov42iqcqhkj4gf4uselugmaM
modified: 2/6/stats
created: c/0/80s135aul6cns19pis54au9q0mgkkomR
modified: c/4/3c8dra6f907m3facroq3r52v13o9hlmM
modified: f/4/46vssdgb87mkh9u1tjhq99backnttt8M
modified: 1/8/1av241pouh88tnmom43ke9uga6vqop4R
modified: 2/3/stats
modified: f/9/stats
modified: 0/0/566b909ireb8bivva9j59uqivki2r5mM
modified: 2/3/954oghse99joc16s7l0s9rn3suo3aiaM
modified: a/c/a0bcj0inbq1jmj1ipj7pb9qcvhdpvm6R
modified: a/d/a07lgns8doakepqphlufferlsmmbfaaM
modified: b/stats
modified: d/0/11bvut9i5k5algkrp5hj6c28rvo1dbkM
created: 1/6/df2rkmlu25bmsqunttqfotffdh31cumR
modified: 1/e/7866pnupti2suj6ti03vorpuq8ueobeR
created: e/9/2fr7h7ee3g9vs43sba8i13c5ebi1niiR
created: 6/e/8dr921g4tgq1ljm7171huuau2p7669mM
modified: 9/4/stats
modified: 7/5/31m82a92pb0qskeo35pvcdlc1g7jm2sM
modified: 0/4/stats
modified: 3/b/79a9p39krnmid21pl6ru6se15npnojaM
modified: b/5/stats
created: c/a/54svcu5jp4mc6o0oo65c8lp2o34150qR
modified: d/7/a0ektkcusetuo75nlbj1ut8jfn6ccpuR
created: 0/0/1ebhrtsnn9q07t7fv7r31kt5gac2886R
modified: 5/f/stats
modified: c/5/stats
modified: 0/6/009p3hia3lfjbouet71r950l8lgj4puM
created: 1/7/e0qgen08cf3d13uiaot1b7jqsbmnaoiM
modified: d/3/stats
modified: 7/9/3b7ealk49ufgp9t53frq0e5cavp4g9kR
modified: b/e/stats
modified: 4/0/9a397gv4d47fdqbqtpf1ahtrvcs92gmM
modified: 7/7/52sg2nq7vl8k8n9cqr2a4sq76rhi1msM
created: 2/d/d1fvutlhn4ufjjg67f1rgcbovkc80ssR
modified: f/9/53l1vtoni4cmbhmokmh4ddc7qepr4m2M
modified: 3/0/7b7r8duaed1dod9c74ovh6j5crbbp9qR
modified: 3/6/73athd8v31bdh18cfmcb13do0a6m170R
modified: e/2/stats
created: 6/a/df305srs21e1udkr0632f92le48ln4uR
modified: c/3/ddcgucoj6rged06vnfn67iqr7sc4de4R
modified: e/5/e5h6fsarupl333nhqvfkluccnvcbqaiR
created: 1/2/24hkp4draguhirpu5uqhs89ucej2q5eR
created: 1/2/a4epqelfn9dr5294aduspeopant6vnoR
modified: 5/0/7453sgo4eumg0u6vakqqnvd08v9r4nmM
modified: 5/6/stats
created: 6/f/bd0uhhqkv2cd1e6ukjpm7jt3b1jj1lqR
created: b/6/7agn8uh5gojuva9ho38lkhp6vpshes8R
modified: 1/e/stats
modified: 4/c/danomcmlk86j2524rgkhp34tphdqlroR
created: 5/d/4dl8359mif5jjcghvfgk5rkk2a69knuR
modified: 6/0/a8ehf9v576r1opgavrmqahgpvu1pv34M
modified: d/e/4695peba8aue3qm55d663n0vq7t7m7gM
modified: 0/e/17tm1gv0n8rkccq9l3hb8hl4gf3nrboR
modified: 2/2/stats
created: e/4/48e5rr1n66m87eki72t42sio55b4qb4R
created: 0/c/91rkqjeuvmr36t7ogvg6puovosmnjs8R
modified: 6/7/a8nlvskcsjmtrag0dmktbdifommjo2cM
created: 7/1/5e91foo4aklg0aed3fmj2i1q23hf28iR
modified: 9/6/d43n6iln51uqp4s7dahs7uq0b4jvrh2M
modified: c/c/497qlnlnosuj4n8ft4bs240b4qgpvvsM
modified: 0/b/stats
modified: 3/3/4e2i907q0j07argmc99h2gvgrdhghomR
modified: a/2/2d3ujqtm8cvlt613bbodq6h5oku5apiR
modified: a/4/26fhsekru2aigvmvd27iv4h74jso7ucM
created: e/e/022dglonn6jm4qv1fgvm7mqgo5j4q2cM
modified: c/a/stats
created: e/2/7amrnkn2bufjjklfpq0egb0qq499broR
created: 5/6/721j0utta5j4io56r5uuounhdn6gnn0R
created: 6/d/67odo6ar38rt976dvaieuvc1lvn7ggaR
modified: 8/d/96u5nhn0vu9dumobl8lch18lu4437uuR
modified: 9/b/b29tqe7ka29jdatqdjp3qhskdvunvl4M
created: e/a/0d3btntknmj20nn5b7k9ptqokmca9o8R
modified: 1/0/2df5pm91pf2hrtb9coicfn0kv07qne0M
created: 3/0/e9a5hb40t15crjlcqvjesh6vf50gnnqR
modified: 4/3/b41jsr9jo4d0oq06gljk4am0219tq90M
modified: a/0/stats
modified: f/6/afdpda8c7l4sabnltflvva4dam4umlgM
modified: 1/a/35mfk9qr9suencni2ldssdnau8ssqd4M
modified: 2/8/stats
modified: a/8/stats
created: d/3/ca08i06rm6fe8bdqrj32ujbu8dspdugR
modified: f/1/45oodf4tflhsseo9n3ssrg3tj72ogtoM
modified: 0/9/stats
modified: 6/9/7c8547p776qtmvanr98smquu4p1uj6cR
modified: f/6/stats
modified: 7/2/8ftis09t3ump3pi7pjuigcn0r0l3u58M
modified: 4/0/stats
modified: 7/9/06kml6r62o4l9gtigokutjln60lltikM
modified: 8/2/9bpjm74ett9pfjoojig37o5au6opf5oR
modified: 8/6/stats
modified: 8/e/dc99s0cfvt4v5lpmpsnlfc4ukc0c9foM
modified: 9/0/f3julksafr83uh3lu9fqk0mojtv8bkcM
modified: b/5/df7cf3ek3ctf382fscjb125vis5lo9sR
modified: 0/9/56ba75svkrhh2bij3nd500huh59n8aeR
modified: 7/7/3cdnh4kbufjofcs55eua043lib5cgdkM
modified: c/e/02g1ssunuum63m4sftvk6s7fgocqu2kM
modified: d/e/60s71gt9k5sapokcble32jc991l1fpuM
modified: b/7/stats
modified: 7/2/stats
created: 9/0/31ht44cv0tp1tmc1bdpsiugoh5mga3iR
modified: 4/4/stats
modified: 1/stats
modified: 5/9/c05m1j3ansgsd8594n1d7h70lsh6jfcM
modified: 6/f/68k2vonl3prj2t274ne1h3u4a9gjo08M
modified: 0/1/a7nvrc5qeqosh6rb0gfutquai7vae8kM
modified: 0/6/91p0qkm7hlsksnqcgh48ulkhtv112k4M
modified: e/0/86vpokpskl4sor5tmjcpqvn8oo4o05uR
modified: e/e/1fmco5a1nfb7d81n3decnfcahbfvnqsM
modified: d/0/dfg2vlmth2tnte6djcjh6p2jdv389raR
modified: 0/2/84n2jukhkbo060lbbs8bkqiud2d5vcaR
created: 1/3/ffb9p012eqb0aklsfumsefvuas3bo7qM
modified: f/1/8144i1vannhdc1j6b5j42acva8tgnooR
modified: 2/7/3355f8om9mimb89ao3i391f7jaih5ssM
modified: 7/7/9cam4q5usgsvi4hsk6d4saq1hjdh2sgM
modified: 4/f/stats
modified: 6/5/7ctapagink137sqf2965uvd8hth42q0M
modified: 8/c/7cq3be7kig5gk7s06ubsurbn85hig3iR
modified: 8/d/09d4uodkgfo73eheeklbm994mcbg6biM
modified: 9/5/stats
modified: 9/d/stats
modified: 3/0/stats
modified: d/6/8dl1mqi6im897domdmbsil92enmesr6M
modified: 9/f/cdd0p9vlj9flvp5obu9j1tt8kghdba6M
modified: c/2/stats
modified: 9/7/stats
modified: e/2/6d8443chggo4dm9p25dss6cgguq8a1eM
modified: e/7/dd06msnrodg84jik9lhdnkv3jt7gkpaM
created: 1/8/54usk6t9vj0oq8nid96tme933kd4ureM
modified: 3/stats
modified: 1/8/58ojcb545l373su7msk1hp10ve84m1iM
modified: 3/0/acsi960vue60pdotm9lifpg81srtc6qM
modified: 4/5/stats
modified: 6/4/0d1ub0al3k0dhvoe3t5hn5mkj4uumauM
modified: 6/stats
modified: 7/e/e3hj4o8d62n3g1bntfuc6eaevf513m6R
modified: 0/0/stats
modified: 0/5/bboijflclsl2759gki7l88pgqe8ho7oR
created: e/6/15hebb2qqv9g0rb8jii0t5p1ml3to20M
modified: e/stats
modified: b/7/b06l9fb59e4t843n99h2r30709aha52R
modified: d/d/01b7iqv3i4pgonpjjfl8jd13cdtru4uM
modified: 6/c/stats
modified: d/3/3bqt99gjf039j9gvbb5gedsbd5h0g8uR
created: d/9/1ee2vqtm2o5cgr7qbubk1grrr1ai04iR
modified: d/e/6326kii7imcrt7jd0m0pjv62b6umgvmM
modified: 1/5/stats
modified: 6/b/89fetmmeq1cb3j731r91fqkcc18aa22M
modified: 7/e/1f4r6se4bgnbkbetuvgl5b40t3il2a8M
modified: b/d/9ad1ts4b56mifso2tl4omqquvmnukhoM
modified: 5/stats
modified: 6/6/f4l9t1a5amu0bp8d5siud2g4qkitn24R
modified: 7/d/stats
created: f/c/79hglt2sudfopo8m32bcpolbhemvp7qR
modified: 1/8/b8cjs08g3pll9b11ikqo55eh2rnegsuM
created: 5/0/8bvtq6dlcbmqp11or291grg5tmtrteaR
modified: 8/6/86n2m9g4r4leki6upl60qcolti49sl0M
modified: e/5/2cvh98ai6l16hbh7fmvusuqnpmskitmR
created: 1/d/64t7n9hdfcfrvo0qnlnltgs5pn4nbdiM
modified: 8/1/7ch4q5ftv5nvfcmvahk3lq7f9emp350M
modified: 1/8/948saoo5g4p1rdahv4kfisgct6pb8puM
modified: 6/0/00qv5mglgn4l0q9gp656ig66ur1ma36R
modified: 7/6/89bs0kshhrlb2mc1e20dsj7qvdtl7bqM
modified: c/d/f0ciijqihdqd55j2m93tcdpkt3cfmjgR
modified: f/7/c05n5gkju491k2mut0gn446ubiffpbkM
created: 0/4/3b5i6f02abj9o4rsgl0qp792oq88kiiR
modified: 1/4/1a2h5as3ud1ilc7ecgtimh4kvjkd7a0R
modified: 3/4/7ast6gdeikhko9u57vjroh43t0n920mM
created: 6/9/870frj0q2j308ibq5e5ak8kifmr0a06R
modified: 2/8/1ak9g0a46p1mgpbfkat0nbtm564uptuM
created: 6/9/54h215q462pok4sndst9cfhs4ukbiksR
modified: 8/5/596q3putuianjaf348ulppg6vgggbt6R
modified: 9/9/cdh5gp5hnigghu3aocku4lnd6bhi9aaM
created: c/9/c155q0krc0bsjnpv7a4hh84ir8a6otoR
modified: e/b/b53394s57k9itaan15rbk5ifeulfrdkR
modified: 0/a/stats
modified: 1/6/464hbmk031jp2fc9ff3pv9v5g12ro18M
modified: c/8/ebndd6qstergt654e131ku7rbqaqcr2M
modified: f/7/stats
created: 1/9/588ga8uim1t08q8qejb55o5h3p3f3aiR
modified: 9/f/a76tmo3kpfd0iitv6ltpmnseiitf96eM
modified: a/7/stats
modified: c/f/stats
created: d/d/bckjshlio80d9akg29vlt3lg8gqkrqkR
modified: 0/c/d2hc2r47mo63gh73smi9h2hqddoj38eM
modified: 0/d/3454bpltdda2734or031oahdl6rdsrsM
modified: 4/e/0bofed0op1tivc1e95ccqb606f31gniM
modified: a/e/stats
modified: e/0/cfqrccem673r07k5ah0u1nn42tnq9fqM
modified: 3/3/20mpgasb80mqlou8cr4tm95kbpoo3foR
modified: 4/1/5fr788r5tdj1d6tr3afoa8kerilur4aM
modified: 3/2/stats
modified: 9/0/stats
modified: 9/c/c3or6g6al8e2iaocngjm7t16vf24j9iM
created: e/9/e7kjk9conhh34e2l3jr2hcuh1aqv5r4R
modified: f/1/f3r02qj8sg8o7kkqijc96vajk07cgrcR
modified: 2/6/6dli8d22upjjhj06q9eirukls4h84ngR
created: 4/a/a0oo911rb35sa4vak1o2l56elnbngvsR
modified: 6/9/69aqda94fkc9tlsqcon9098273h13icM
modified: c/6/25j0cb73lqu6d3l3keifqupoisjhtpqM
modified: 2/0/73suck6oqu57qoje0mmbiqe1l37r3j0M
created: 6/1/971fnj2416ai4qt20obqv7n6hl0p4j6R
modified: 6/b/stats
created: 7/9/46k77i7q8tchrdlrda0ssk2q9bnh0hqR
modified: 8/1/dfrtbosn0c2hrq0edlmo3bg386q1qb6R
modified: 8/d/8a3iptaknki4bn8ttn961opelds6r50R
modified: 3/4/b43jce77ds6o2d47chrtl3i4ud45b5mR
modified: 4/5/d935viopd4ebm97londsfetfj7rl4fsR
modified: c/8/28vgut359ps8sbjgpvv86gfma4eu4nkM
modified: 6/1/725q5v0p7h8krhlam6m6ejedr8ru1qcM
modified: 9/5/dbp8u9r4vg25ar4u3pq5sv3prl5e46oM
modified: e/0/stats
modified: 3/6/stats
created: 4/e/5c3gh7rhimg84v9c1k5r4s660spakr6M
modified: 8/4/3aet94335u52i4o6k41dagnb713n0a2R
created: b/2/546nphjtgmnsko9piv873qqqm0l1qjcR
modified: e/0/1feefq3g74d4l24sr9geif615f283puR
created: 0/3/6bqs5gglbso9au25vi1o41ltaoj0m8uR
modified: 3/8/e844tdqp70fa1l1vf2rn1296f68co5oM
modified: e/7/d5c4g1qvvmkj633a8l0c13f8r28kr3iM
modified: 7/4/fcce7v378g13k1cs8ilp8fjjtduvuokM
modified: 8/e/stats
modified: a/5/stats
modified: c/d/44qv95c389ldhl0665i13ui2fo5csmuM
created: 2/c/c4a8mooeeactp91mekknhemo03cglqsR
modified: 3/8/stats
modified: 7/d/bb3vo64knq3jqgcss1ia3v1omo6n30oR
modified: b/a/dfsslshlq1s0rljejvfnohtg6i913h4R
modified: c/6/stats
modified: d/1/e36fbs48sn00uohudie1rrfipebtvt0R
modified: 0/b/40k3d93jnah41fe5agjrcno1t91oqd4M
created: 2/7/27lf88k1igvgevn9jb3ff4rtg4vdpj0R
modified: f/a/8blo295db8u8tgrbomgtmel33cltegmM
modified: d/4/stats
modified: e/2/0anc2jle7ddd1ebcmi7lvqbs2s03ejmM
modified: 6/9/stats
modified: 7/d/b5ui7qcnkr4khbvbv8jcm3dtodljis6R
modified: c/7/8cjt2ols6a0r3ogra67bv3hf669v4h2M
modified: e/e/6ce0uq0hhho582hqib1mcba3m3v0aoaM
modified: 5/6/22pqvghhmqv3njdpf6t47b66fr8i6r2R
modified: 8/3/stats
modified: 8/7/stats
modified: d/2/9buvimopi7p837ca6ba6iotdvvhbrg2M
created: e/1/bf6b4pi01lj23iilk75a0s12fthd4niM
modified: e/5/stats
modified: b/9/stats
modified: f/c/stats
modified: 1/8/54pi2d39mhj2hnh2da8u0r7gucvg3smR
modified: 2/7/e4krnrbhiuhheffa87rjfvh3ok6g3n8M
modified: 3/b/ceu3d4cboj9cnnhuhikot2hrni2na46R
modified: 9/1/553vreallh68lsru5n9c8lsb6b7g02qR
modified: 1/b/stats
modified: 0/4/f0t2fs8vjo8ov4mu02kl92sicm6bhnsM
modified: 9/2/efvkfcnhn2qrcm02e9u9s6feht1hvpmM
modified: 3/a/04r24ehgsov0ufl4sib4alrj69q4s92M
modified: c/c/3eeuqi9q94qopm5kb7ln0kugpn0bfjaR
modified: 1/3/2a85v44plghb8j5ojn8p0be2pks02amM
modified: 7/7/003eb4h21anjbgsjkni769a7pti6sdoR
modified: a/7/c8bo071it57hmi1tls3kq1ibaiimkusM
modified: c/f/1afq9fl56l3rhb6fabta1vd89ccg0qeM
created: 2/5/ebnh8nvlk8m3igg3lfeobm9bf16lm50R
modified: 3/7/25h6fpju010eguqgdlb9nnr2g6elo6sR
modified: 7/7/06r4vfr27frnio64fsmfksefutta4ogM
modified: 7/3/stats
modified: a/1/8bf1eu2cu623j9cinabtcm7rd7k3ffaR
modified: c/9/77uemoe5jc0tkb4s6k45pss4pnpufjsM
created: 2/4/9acpl3kh5c3k2bmmvju729aokrkn9iiR
created: 4/3/318b0ne6ai0jf6r75hvg2r4q1fbgvmiM
modified: 5/a/8e613dodct2hvh4v8r976l5vu370vhcM
modified: 6/a/stats
created: 7/d/e41u7i09tv0768hqcv85n6634predg0R
modified: c/e/62sjuqii0a0s2tl1e4opb51lqcih67sM
modified: d/0/972i6h5c42l4tq7mdpgqmqsjt3jn0o8M
modified: 0/3/stats
modified: 4/c/stats
modified: 3/d/89t74hj45c9dqbi77h79e6h7p6ian5uR
modified: 6/5/stats
modified: 7/8/13svohpumtrfr6hv9rtb52ngo1jlv9iR
modified: e/4/50nbmctlhmsvmj6k8gdpt8dhgj3dgtuM
modified: 2/f/392aruqhlkl00lr0d65ofuham2b03emM
modified: f/0/stats
created: 2/0/99i547q7thrgb3sv1ul282h08rh00eqR
modified: 2/f/stats
created: 4/c/5ccf0la62eahqj379v6dcipik4f1bt8R
modified: c/7/82t4oe4aoiahad3pd74fc3hnlfv1hasR
modified: d/6/a50m14ih0ohp9stalnn912ddoh5ru6mR
created: d/b/932q7ch0rh02u17nuiu171csr3o8lrqR
modified: 1/9/10numarceqppev6o36rs6publ8ng592M
modified: 1/9/stats
modified: d/e/79tvlsr773hnfvvi4q4205o4nrho65cM
modified: 9/7/488gj59e7g7i9cfh3bfipstcnpkpn2eM
modified: a/6/31hdg2qu32p7ebvctij4hu5p9prhucoR
created: 2/c/a11fpf38b1eb9nfddn8f4ndk3c98i2iR
modified: 3/f/stats
modified: 8/1/1fgv07mbkciiu69qmi28bunc56pg3euR
modified: c/8/acppuji6d5l5fjqbls76uuevjarvmfcM
modified: c/d/stats
created: f/3/b9u5kpla351eohm4otiomjhmk8c1hosR
modified: 5/f/74mak66jdd4gle4fluku6ljsao48s0oM
created: 9/9/a2bqqeuf9n06v3a8jnsn3mj0l7973o4R
created: a/6/f49hsmaa93fhpjln2ub9kv4edpblo9aR
created: c/0/78fpgll5fqdsrbgnj4u950bvnro0i44R
modified: f/6/88qd96cfdp01iugju7ad7smv6unrs52R
modified: 0/stats
modified: 3/9/stats
modified: 7/0/ef3r2uvm88e6kslf7d6rgvsmk9te8hmR
created: a/6/4051tfpv6gg97688r26gv569oeb2k1gR
modified: e/d/stats
modified: 1/7/863lnt5m7pmfs7t7tghirqajl9cbue0R
modified: 2/0/b4tseqs5selipkhs34itgg2j5bkmpvsM
created: 9/c/b5m5mll1nr11jddvf00lho6pfrml9puR
modified: 3/f/16e7h4q9bc3u69ndnm17kmmo25o3lfkM
modified: 9/2/36qcf2035picfk3iath31v4pp04fvs0M
modified: 6/2/stats
modified: 6/9/41la7nsvbtpi8ekuufc7vli5afcll4aM
modified: 7/8/8bpohbi8q0lf0traa8ja91rqva8qfusR
modified: d/0/c2uk4q4gekscsqralrh217c7ca90ji0R
modified: 3/3/stats
created: e/8/1ful8pabdlvfbim2451fqo26eo6dofsM
modified: 4/c/caj1b2s93re3jgqd344u2dkd0l29qkoR
modified: 5/1/51tjc729net7o7j5jgcpn3icj0b4mreM
created: e/1/79pk9s95iqn13f3bilelku9k9pue5vsR
modified: e/7/da42u7m17gugqtm7qq1lka4co458doeM
modified: e/7/f1h1ar44538obbuqa9ekf9fcjojos52M
modified: 0/6/stats
modified: 1/5/1bcjl4uprkgo7pfd0tfs043g2i2do3sR
modified: 8/e/2c7b0l0vgkvdshcr5bdnkg7817uapdqR
created: 7/4/5baqn3k34k8dfdgdmlun94cimtfbjuiR
modified: 7/7/3dpq086q0453b00eor5bmbafjj88cnmM
modified: 8/4/125n7hgm7jq5po7vln837gh9qcahe4cM
modified: b/2/63rmekt44sdfmma95i7ru3n314ppr0kM
modified: 6/d/280mgkf7sck05i5ara277lt8i6n2ovqM
modified: 7/1/78oa97c5gt00rp5bqm2gpojncmnpo0aR
modified: d/9/stats
modified: 1/4/stats
modified: 1/5/84e8pk75p0rdb0cmjiean4fq0t4272mR
modified: 5/6/86ae0jaaek1n6g40bnhc5k7j3vov4laM
modified: 7/5/f07c8clvbdchpll0phgu0q9nmvc1o4iM
modified: 9/6/d3i070ih5boa3vdi7ih99e9gfeg241qR
modified: d/5/stats
modified: 1/9/3fpghhqrf48n9osnmubf3uto637rd3cM
modified: 2/7/89fa5tk3mp97evi5topah5e12dm7humM
modified: e/9/b2096b41u3karmk4e6flo25j8u9kuqeM
modified: e/c/stats
modified: 3/0/eagaco2dqfnlkns810hp7itao98aumeR
modified: a/9/2f8c88f4tjt4enl7f8529bhka2mi00oM
modified: d/2/stats
created: d/c/e5fn2jamhn9e9r9v1j8i1g7eo64b4u8R
modified: 1/a/stats
modified: 2/9/stats
created: 4/3/b84q62van826u2j73c7thnk49htdqiuR
created: 8/f/8851s6oa28tlnf3ej8q8dovijmd9etqR
modified: c/0/90gif5qrijjovgbbvfjjs4vsqe5kh68M
modified: 2/0/17g7iighujqe8j0qi97im6tf3dp6f9aM
modified: 2/f/bfd878k9scg19oaptqno3ni110metn0M
created: 5/8/00anjpm96ip66ipaejdhr7s6ko0fudqR
modified: c/stats
modified: 1/7/11j9q9qma88ms7mqnbpa9h4vsq76nimM
created: 2/5/f417e6hv6bkpcfsgcu3p04jprks9ulqR
created: 6/7/60fbcecjnpak7cmpug1n30nq7l8ebpkM
modified: d/9/a3t8ohsol1122fngtqfpmah5ai28qu0R
modified: f/6/68127p9qnj3c39kmv1fpjj5c6k98e1sR
modified: 0/e/30u5bckrb2ti2e8ftsl89rar99l75muR
modified: 5/d/stats
modified: 4/3/stats
created: 4/9/4alojir4vroruqhthjhmq55a76bdlheR
modified: a/2/01dfj0khuasolimqob1kv7m8mumll7aM
created: b/1/c0rna0uvlvu1mtsst00loes0evcoshmR
modified: d/2/a7cb8vksfk9co1na6ioa4ubr56m6o58M
modified: f/a/stats
modified: 2/7/stats
modified: 3/0/7cuifse3ldtdg0ndm65ott7j964o3o8R
created: 9/4/207gecbqks3m6gt6u319t1a43irjufkR
modified: a/0/85ej7tgccm738heed5qo68v7d2foqcaR
modified: a/d/stats
modified: e/6/47n964la3er9c8k7kol96tq7lnf0uvqR
created: 7/9/eab34vqoutvcufvf6knclaheb7r9mmsR
modified: b/2/stats
modified: d/2/73lgjjufunt8k2tns9f9dmqrc77doi2R
modified: 2/a/1bsghcs282kn5dutfr7gtk25a5b0m90M
modified: 9/7/05gl5osm79pppkkr4f29ul7p0pgqei4M
created: a/0/54g4s569hao5mka4k4vmj4cuc5bdaf0R
modified: b/6/75rbtm7g9sn60stf02j1thsrgso5a3iM
created: 0/f/03i86a60mti23s2oav9ma1j0c0nsshgR
modified: 5/9/32qvahb7obi1mpin8eo2rlhmg7t8hguM
modified: 2/9/4b5j96buc5td0e8bcus3dplc7rvkg0gM
modified: 3/e/04pfeoa1qgmkm6indcjmjj7jnlgmv3iM
modified: 8/6/6a2djb0jfrf1r08kat0ugl560auh20cR
modified: b/6/b5nuc7o7b6fjmr4ad1s4e48h3r9dlkoM
modified: 0/7/a3btpqs9115js845kqav3jnp7o9fq42M
modified: 0/9/63241u9m4djvk604mkhvqt93k4ebjboR
modified: 9/3/0eubieaanrjdeocks28p9v1uj8amde4M
modified: d/0/a1nqc82ssso1fj3o787c13c4u5j57m0R
modified: d/8/stats
modified: f/1/stats
modified: 7/4/6ak55q8omkvnh8aaark4diau0lianimM
modified: 7/stats
modified: 4/7/stats
modified: e/7/b7nia4i7qb2ijk32cudrepprj6hip0eM
modified: f/stats
modified: 1/c/stats
modified: e/4/stats
modified: 0/9/0ev3184ain61mn0mdcdef5lgdpjdv8eM
modified: 1/d/5ev0il6kpp283huarkjdrgvrtkudu2gM
modified: 7/3/24ql8kd9ojkh85fmu8ig2if4agd9gncM
modified: b/6/2ffckeu1ve5a0k0q74m1stbmsjdmo14M
created: b/6/b4onpa7o2q021kb3bhmbl46u6apnbq8R
modified: c/0/2cvjq23pdtno4nbt94sk7apst9kvom0M
modified: a/e/b3ot7j6h58rfp0hqc172ub2fv5n8i5aM
created: c/d/3a2s5ec8r4i2jk68tarsgpqai9ns3v8R
created: 3/b/a0c430n1cklh5qb2am2un03a14899b0R
created: a/b/7atheihv8bmr5hnnhkp57pf4gu5lbjmR
modified: b/3/stats
modified: c/0/03jr5ek94hmerfa1edvhqfe0qusnh1cM
modified: 5/7/stats
modified: 6/7/d3ppgufeqaapl3g4ake171epfpml2bmM
modified: a/5/4aukfp9pbssfmjufu17cddnmcpqd8umM
created: c/0/a945ps6seav3lm7udt26p6mqc11sivsR
modified: d/0/stats
modified: 8/9/fe7gg7oto7c0dou0nqdl6jci8b8h2uuM
modified: f/e/eeteuibrbk4424f49prn5633v7votugM
modified: d/2/0fq4smn5trd82153tt8fue54fernadaM
modified: 6/0/stats
modified: 7/0/893susslrbptu348jtjvfjq5lhm8556R
modified: 8/2/stats
modified: 3/9/434lhjj27n97qv41nscfd2c71u1lhn4M
modified: 9/6/b6fio8cp29hcdffq5nhn7cu2qvne8jgR
modified: b/f/7f8tm9v12ba8k4gleaas2stjqqau9e6R
created: e/d/0fn5vin0tohgm37m5jtiuo4tr3rvalgR
created: f/3/68efokslr9togi2k32pmqvdvp49n29eR
created: 3/4/5cuohv2m8qvb5hlsp247d1jn8hd3ubkR
modified: 7/4/e7498966qe76dk73hlki4udhclnrkcgR
modified: 7/0/baliq716cp95e7ajueiq03o0spsejrsR
modified: a/4/9el2u9m92q64g1gt623vkbaiaqriu7gM
modified: 6/0/4cb6ican6vknu1jatqsanbgbeemfancM
modified: 6/8/stats
modified: 7/c/stats
modified: a/9/6a9qfj28or6pnorok8eb1ecf2cp5868M
modified: 7/4/stats
modified: 9/6/stats
modified: b/b/stats
modified: d/0/44d468c13ccol87g1seei24e42h32mmM
modified: 1/9/127icgf4sk13akksp15vobedfcvhesgM
modified: 6/d/cbdf0f0o113mdcjnvb98dvjdif1o1isM
modified: 2/5/12b5gg8217kdva9efron0mf9cld9jimM
created: e/c/e98l4023femostgjele6e0p64cdnca2R
modified: 3/1/91ghfq9kdhh7qskrtbmhan3s2p7mhnsM
modified: 3/d/a2lr9hb9hq1f8csqkfcavegrnljroq0M
modified: 3/e/12ovf96v0dk7eqno17sutd9n1jjubmqM
modified: 8/c/b22etmb80coldb87jh83i20ockumktoM
modified: a/9/00k2kcvvntl40ofpn8hqh650pvcrj8iR
modified: a/b/20ls47r8dnq9f2m1m8j89o59b3gvu9uM
modified: 0/8/7c7ntn3gq4vj0mjgo36jp2bo272epl8R
modified: 1/8/cbmi0cnnpqmgjqr7cdr126ncu9epr4sR
modified: f/7/515rju1clm0um7sn294kn56qmmt79ouR
created: 3/7/1fmo3otrqfc8fm56qeqgoija55opposR
created: c/1/1aqqjf65f5bpel2qe0frumj0raq7tksM
modified: a/d/e6vii41t6vtgkv9ph4ovraortkl5biaM
modified: d/3/747cqcm2eq08n6d4h6sh83q7e4mlop6M
created: e/b/fboaf6t6f81ak0v8409lb7iusd4rfi0M
modified: 2/6/a7srbd19kr8fs0kfbk1recl51nelff4M
modified: 7/a/3doi86pjo4vbkt0ls0c41bv9u8cusoiM
modified: 8/b/71i2o6d8ersgc4lkiualqno28pp0sfgM
created: c/c/e603lor8nee9uvlv898mh3ku6596q22R
modified: e/3/99qfn96lg13m7joqab3njlsfdds7l1kM
modified: 0/d/0fu7hdolj5ijjei73dj8bq8gm34fsqqR
modified: 7/1/3ftnnkd0advskkm0lvk1c41kp5su586R
modified: f/f/stats
modified: 3/4/stats
modified: 4/2/46mvf7dbhg3fpsq1e16trfbn7rpojt2R
modified: 5/0/e0k2o50m5pecm01ogvel178d7335u14M
created: e/b/bf15jjc9e0a0894m6lhl299brbi7encM
modified: 0/5/50b0go2niq079cgutib02o17c7t7d7sM
modified: 1/f/d0vc4uhj6ov9cr9qo5tpfe46rpctmveR
modified: 7/1/1438f1kqmk2g49ir0hc14gl4e09jtteR
modified: c/e/stats
created: d/c/dc1u14392dp4vqdnfsnf3pup29r5l88R
modified: f/e/stats
modified: 4/6/09d65s59gvb4ug7jg1ti08a69k9m0oaR
modified: 9/6/4bqr2bkpcu0e7bp3f0cvln5grtrcmueM
modified: b/8/fcnrgf6c1su9uh3tq05hnci9s9lmgoiM
modified: 3/c/stats
created: 8/0/f4apt3qck6u3tje00tgkob37qp5pc2iR
modified: 5/6/57ppago33qh57fj933v40hls2cacm1oR
created: 4/7/ae17g80eqcbucq2p646938d3h252oheR
modified: d/b/612692fi5koird2tk21u93uqapbdt8oM
modified: 3/7/stats
modified: 6/4/stats
modified: 3/e/stats
created: 5/2/bb1689lk3ecdpkqgomdql6jv8c3854mR
modified: 5/d/03eg06t0fsphtrcer07cs13njm4n9l0R
modified: 7/c/57asonu2cq2c8rtgls80of9ngd3hpbsM
modified: 8/4/cc47cd9alrpe84gvsom6a70b82v8qgqM
modified: 8/5/62ur2tvap89k7a55vqu9nk908muhu48M
modified: a/9/d2qp8mk16qceb1nsr4r1gi60r3aa1t2R
modified: 2/3/b72061to51tp455lh5aaroadmr0pmmsM
modified: 4/0/2ebool63pmmit4jv20b3tdbdhlosepsM
modified: c/0/stats
modified: d/a/stats
deleted: f/1/3eu9d9g6gk3jsptui4b2s1qdmrf93a6R
deleted: 1/6/83oebidcvsff2tr8ca3smob4fhk2h4iR
deleted: 6/1/57g2p99a8qkql32q8boparf2oafpa5mR
deleted: c/7/f9uqteiuslq2vsr92entu7d97r8a1ikR
deleted: b/a/82uuuf38sek5576f8rd1hcpb46etj6uR
deleted: 5/4/5bgh67dv43eujclhkvuti4cmc4l7loeR
deleted: 8/c/08u5n1dp6qu7baufc9qanb6k8itu0lmR
deleted: f/2/8fnaarli7mhnetu4ib0q314qaade7meR
deleted: a/c/63kuqlir691pu8q2m2u4rcfabqivdkaR
deleted: b/1/efj759im3a2ia8rhm73hbrkbulf2hguR
deleted: b/5/55mjh7tas2sfi7s9ktn8adri35f0mneM
deleted: d/2/6f7gt33fogm4q0ptl8qvidrrm9qv45iM
deleted: f/e/804m9rg9kpjot9g62ccrhlpsc0tpugqR
deleted: f/6/1dtv4e0ck97h7v0fg51pm2hq4edlhsoR
deleted: b/7/722l8epuf6e8de4ojsa4uuf4m24du3qR
deleted: 2/b/3ahvtme45crf5r6dblqt5d896jcjdksR
deleted: a/a/64gacrn5s7cbljnjnfhp963q8f1haueR
deleted: e/4/416oqeuq2vv2vjd1rlhufbkvk438894R
deleted: 8/f/33dfomj4gs7lisld661mi0b9ns8r3viM
deleted: d/8/7avm4u55qjlqkc01ai0a3gr4p53ne88R
deleted: 0/2/87fbncdjhigta9r2oramgqcn698biv0R
deleted: b/5/5fdootvuun00ave2ftm89u972kmuvucM
deleted: 7/1/83bmqtkv97jt6iqhhv6ajjc7v41h8i6R
deleted: b/7/f14blrctmaqhi6n54g5rcenolb3jcgmR
deleted: 4/0/aaeu33ukqe6kboq6vvdle8ghnbie17uR
deleted: 0/1/aa4pijpdcb4ru65dva6vcu2gbi3usjeR
deleted: b/8/17s338qm6nvkjlm5aosit009oq3rh7mR
deleted: 2/c/9dv0et5mptc33upvlbb6gqe09i8dt98R
deleted: 6/a/cab7rdq9mipvdtlmr6qbst37i6t85n6R
deleted: 8/a/d32qb0ieo3rghp22la1009fn7grmr94M
deleted: 4/a/69esml46a424ak076h1v9qp38v217ieR
deleted: b/7/9eioflai4i545r8itv17knrgok0me5uR
deleted: 1/c/8b77uculdrlj89j2kd0ipukirv1nmisR
deleted: 3/4/16htda472b0q8irr3mu973lpsjn7hcmR
deleted: 5/b/2fljjs34gid1no88pv29bsaatguuvpeR
deleted: 5/c/55k0tj9ldg62sq04sgrqtm2cppmns4kR
deleted: 5/e/26jfj9o2jjt0pvcq9p9flm722apla36R
deleted: a/0/318u4vl55qlum9oehu1c8ihmfe5m1icR
deleted: 5/9/a74re3bar08t7ua5n5qc9424ar787tqR
deleted: c/c/26a2n0fnijeh6depga7u2j62uc5ol50R
deleted: d/0/8b5n659ohvoaj6nd3gjvnr9ampaqf2cM
deleted: d/8/0em0rkigh47fualhlcrqn8iqsn6l70gM
deleted: 4/2/06qvs69652l4ervkk6l6giqrmc7u49gR
deleted: c/b/cbe8d7qp691ikr9q3v32accd2j7hsdgR
deleted: 4/f/8alj1o2k129rd5ihp0itjaslnnn445uR
deleted: b/b/ce8ast952jf0j4qu8e61r3mhljljeoiR
deleted: 8/d/2f4rdf6s9rgp7rrvj6gisrsdbjl4fb4R
deleted: 0/c/dfsr73e7hdggv3lgq3slphrjnoir802R
deleted: 7/d/68cb2enht5srol5an5qlevp3199ted6R
deleted: 8/1/c62j1e2oc6b23r8t1s2kagub41j10rkM
deleted: d/e/f26jarub77b7k7srtt5qmbu22q0c5lcR
deleted: d/5/cec3q0p8n4o2itppuhlffk6gfok3e1mR
deleted: d/f/2dmm7d3j6adcap1uq29nii36lkaq49iR
deleted: 7/b/12o9mrmfv9ac0jg9tdbqjetqa5msjv2R
deleted: 8/e/c0ckr6pmneef422emflfdqenbvk7l08M
deleted: a/8/db2ucu0n8n4fut1h7ggnh8g7rnpi7juR
deleted: a/c/ee47dmd8u4jjddutntlbp8plkvvaem8R
deleted: c/3/3d92i0f13q494aeub7vs0cut6f1gop6R
deleted: 4/2/a93b5jdga7hipc8gs7ogmjklnaj0v44R
deleted: 3/a/49720p292l2h8r9v7baaib51jhhr17kR
deleted: a/6/15cevl1m2rh24fs42veqam52vt101ikR
deleted: 2/0/3bgfgbbferfdshaj2onh0pv7056pdhmR
deleted: 0/1/e426jfhoroiu8cfe2i5ec3ng4smdpcaR
deleted: 8/a/02bhset1uqh4qt0vn5mp8grc526gsk4M
deleted: 8/a/40n8ru645u6enlin7uhudsq96d79mg8R
deleted: 8/d/dc3l57i64r1q4vdevckqmht9eluutueM
deleted: 9/8/d846oefpj8vcp2l8vru37tf45mhev4aR
deleted: f/f/4d4unm9msb4i285l21tj8bidgk166deR
deleted: 7/2/8eh1136oghtr16ae1ai02tv6hptnco2R
deleted: 2/d/cf1p4r07au1abl0sj2t9g6i2p01o49kR
deleted: b/9/8d4dhk18v8qdkdqu44e66ssf092slmmM
deleted: 0/f/e5hl41jaulrbtiif9ehvsulrdkahh56R
deleted: 4/9/fejn7ivdepf4q3uthql940f608fc4v0R
deleted: e/7/0fma9nevm3uj2r13faknrmu00fpe4r0R
deleted: e/2/3egdu12chhirosqsbr14albbib15gfmR
deleted: e/6/1afoh398acisqrpbjnfn6rns456c03qR
deleted: c/5/bdl0bdu18ratkb31vcf3a8o5p56trpcR
deleted: 1/6/04rc3vnfg3m4m5q1ahjqhuvsb86v6mmR
deleted: d/f/213ghck8n41kr3t85rr2crge2qq0p6gM
deleted: 8/b/ae5clce9qnbqq8p3g940vv6rve0n5nkM
deleted: 5/6/d0b8pkch5jg04s7k1qad74mp41j7sucR
deleted: 2/9/42hbr9lg72n4023pdeab3k1lte4ribsR
deleted: 4/9/7a5be7tbg1jgmk2nr8m9pl1318r12r6R
deleted: 1/f/f5s8njr49od9bcl3iha1lqooehdmrauR
deleted: 1/c/c09lcmkbgoa3hh90cmh44v0oju4o09kR
deleted: 5/7/cc6pelgadlml8dm7ikdvo40aukotjv8R
deleted: 8/c/36qt6o3ratbc2u1hca8699qdv20qg6qM
deleted: b/e/60dndv54h4it88b8k8bofrl2p92pf60R
deleted: 5/a/781vkcpqia4675ijaj37gl21hvqdessR
deleted: e/6/5dl0dr8josh63524ckp8vheb3tskafcR
deleted: 0/1/6bq1346rq3b79648cjaqaqjccmsmq90R
deleted: 8/d/ec3p1jghktd6jc972idolllaqm36hoqR
deleted: 0/1/53rs3imsdkv3455pm7s1nfjmi9o62nmR
deleted: b/d/03dvtskoph65hquamd7v6lkqelpp9fiM
deleted: b/d/e2u4scoc2n9lpm2tqv6u7phtimdu5s0M
deleted: 5/c/6f76ts4mi68d6p21fdrfi1n1jmku930R
deleted: 2/e/ffivherg9aahp32r79g1q27ahfh9q1sR
deleted: 8/5/b43ekr8tilvm0d8tbht8jhch42rdp1gR
deleted: 8/3/52iicmbjn33mme1a7b0b7k11jbuujguM
deleted: 9/0/243f7j3f9tquqlv1vb7fc0a2j32gvjuR
deleted: 0/6/87pe63ss5qg1mgd9pipghdj9j03d198R
deleted: e/0/30v55ljif63mjj72af0dtluknsn9evqR
deleted: e/5/31vocq3ukpm4pogtehbur72u3vgeqf2R
deleted: 8/e/ccvle3ab88hjkeagcujl0kn0emetd7gM
deleted: 6/7/79au602b6j6d9lku8uucjnmk4dhqm3cR
deleted: 8/7/a3r408idak1i5ve2sr2t6b9rt4itcfqR
deleted: 8/5/97v0fon2tg1iq604q1j6nf5s29g2to0R
deleted: f/0/0d1m63cdv7a9ogm1jst936fh0lq71hiR
deleted: 5/9/8afjrs4c6elvtoaknr5avnjpv7lld04R
deleted: 7/8/959sotu8a6mdjtaithniam7abl2v50mR
deleted: 2/e/a5io5ou6voi55kh0db4ljgrf5gjihisR
deleted: f/2/a1cj06la1qm22g4dllj6v1r1be5pqgqR
deleted: 5/6/5fhola82maolo1v6bnfmg0n1e1m2he2R
deleted: d/e/ddddj89km6hpbpi7lab4iiauu3qkbe8R
deleted: a/5/09adqealke7g0isdcov9hgo7kctsup8R
deleted: b/3/8cr8ha1hbrhgd6haohc2q9p7r8t6lgsR
deleted: 1/0/97304oh20ag74qpa2dkcr7q8h0n0vukR
deleted: 6/b/06kih8o1a0secrf0ksvqr1im74pr08qR
deleted: b/4/51tp6ei4i2csd8tbeo4cjtlc35fvvucR
deleted: 5/b/1e20oi6li4e2bi9vo101up8ni7be8egR
deleted: 4/8/9cnaejqpe0v1vvqkd26iq9tt5314duuR
deleted: 5/c/edc78efri78moq2kenrb3aaolol0apgR
deleted: 1/a/187jml0gs6eib99294rffufojnvdjqqR
deleted: d/d/1bgmfdi5b9fq27nh9to8kstb2s3e9nqR
deleted: e/9/21co5egbpg8p47ls8bbqtsg8d6fi2iqR
deleted: 9/2/518pi7jj43dofv76ook1imijr418odmR
deleted: a/a/b2opel94u6jubpsnrsueitg8vju93b8R
deleted: d/c/77aj9mabcjhc8cfbp670c2gd93vk80uR
deleted: 8/4/2bc2fe3pl11dqsrf2o1kr9gj4k52cj6M
deleted: 7/2/3bn3no854f0i1r4g6l69lvcrg8kn0ekR
deleted: a/a/fdu53bpadhac2qvb2trn9612150be78R
deleted: d/a/9b1jucqvmibrt3l501rhhrhg061jb4aR
deleted: 7/2/abq0kv97qvoonhtlopkosbgce8n5lmeR
deleted: 2/9/62lfc6ir2fopph3dqeqqd1e17mui58mR
deleted: c/8/4d1t230sodgt11on3grf5l77p9d6rsgR
deleted: 3/3/33tk33gbtit42vnad6dcdgouq94s0foR
deleted: 7/1/ealngdgiprha2q5fnatdk37c9bkk4baR
deleted: c/f/f5qn2m707124pk3abg3if44e4uc1oscR
deleted: d/0/03m4aegpgmqrchbdcmotnvejnp3kl14R
deleted: a/f/dbdidh2756ce8tf0occ3dk8eo882eeuM
deleted: 5/3/2b519a8od3bnkn4nupamm4a4849848mR
deleted: 8/1/ccukf70geqmerht8rdmh0297g75vb28R
deleted: b/0/51nqtt383niaq2r6cnjp69lvqm1k6jqR
deleted: d/4/828ceose3rbgueagsgdaigrm5n2nfniR
deleted: c/4/67llv9m5e5a8teoejmjr5ubdtcm1gi2R
deleted: 0/3/eaiv0cdahafeq275ujqu5fej973nnaoR
deleted: 5/2/0b92jb12a1iphp8fubacee07i50hhtuR
deleted: 2/f/99k4o3at1ga6umegmc99devnv79in5qR
deleted: 2/d/87rnt7ejpvum9uoppl524ruango80emR
deleted: 8/a/ad5a8umi33uj3j2hgmtlbvs2459qub0M
deleted: b/e/52qv6ftu8sb2tjek1v2r6b65quvnllcM
deleted: f/e/9fje81jefb3ofa124fh3nk0b94qscsuR
deleted: 9/f/33l97g4vne2sggrqh7s16icgia9om9gR
deleted: a/5/27k8nec2g5emasf3qab4g0v9qr38l4kR
deleted: a/a/39p7gi1adfoo3tn3kaql09gttosqpt0R
deleted: 8/c/616da2sf9hd7dpog4a6c9nnkdvsbmd4R
deleted: 8/f/ebn1m0j214tpsjqsp7c91r0cgkcm73iR
deleted: c/3/31n53ell4du655hal438514tbuj17l8R
deleted: d/2/64vmrkbobklp15bljigvclt47m622l4R
deleted: 1/1/fdcc3vqlvst124f717c10efisgfa4jcR
deleted: 3/1/e2vpiot6ipgukp8vt3vubfvrmuf11ekR
deleted: c/9/3c1cjmsa2h6rq9fnv8bmq9fck8c6jvsR
deleted: 8/8/90fiha25m6fr8ifd3rpdgn8atb2sjooM
deleted: b/c/fc5u5u23gj1hst8ioj7irgi8j83jbimR
deleted: d/1/a7lt56fo4fnekqgr4nace97gqo836j8R
deleted: 5/9/a5qnc94qd14jueveqtkpqup9lcna29qR
deleted: a/b/f5gonb5eln62bt46j2ig1nmtm8a0vm0R
deleted: 2/2/74ktvu3r59qvefnqf00hi9tqs01upeiR
deleted: a/c/b2bac9ni60n8eknodji8v81ur2fsfkmR
deleted: c/c/05ottakhjpo5gt8dt98deufcj3iv8keM
deleted: d/4/4c27n33kb6njqagc2bvg5mk4e3maqn2R
deleted: 8/e/076v7sd1b9i7du1cfo673uqq16p0iq8M
deleted: b/0/969p357tif1eqk7dabe9t381ufvgc4sR
deleted: 7/8/5b7tfiqr7aikb0eeeq0tk43moomg1deR
deleted: b/7/48rd956fjgvd1kbdr3i8mp69i4ob5nuM
deleted: d/f/fag75eid46bagttmnvssibd0drsf3gqM
deleted: c/3/16et6s3c0ldj658qv6c53h6rt9fsjtgR
deleted: d/c/64j3sdt25l25tikgmc7v5t48g8ngaf2M
deleted: a/f/derq46vr1cskne5jnc5bqh2adn6b1doM
deleted: 7/2/36upp6blcgt43jdou31u1a9msbnv0bqR
deleted: f/6/b93d5o5ui85nkqlchg71lq87m36dha0R
deleted: 0/f/c4719gm50pihj8tvvdvm527gr1mlk92R
deleted: 8/6/bcskatrc9c50o5in93i1b1fknp8poc6M
deleted: 8/a/7eqhetlnjnecg96g9dlgim7p4rnsg22M
deleted: a/2/8a99ra6u4oqoh1amvflfrlnjn5etuguR
deleted: 6/a/49r62rbbvb6e524fea581dd6dje99ksR
deleted: 7/e/a70t1a2o7e1tfsribpehnjp9nc1di6eR
deleted: d/8/99aj0ma825soph0odtlnq1i0prpj77cR
deleted: d/e/67013qjn2eld2e9volbqnbv1o55tss8M
deleted: 5/6/b30fdp7e42l3vnjsiqg9dce65fq5ogcR
deleted: b/e/bas16ibcn7bq6etf2t6viphel67ludeR
deleted: b/d/18gg5joegi26p8isekdsebqo2hc0p98R
deleted: 7/8/3002m32sq2ptqv4928l8rqoofj5uuj8R
deleted: b/1/841bsl5cm7ijk4l6ogql618glkvpu4oR
deleted: 4/e/515uqck04ri925oqpk13t93ano6n1oeR
deleted: d/7/83q4mbirnpgjjm85usf68jq53td0r0gM
deleted: 8/1/bbn8bckisv71maorj3gnfauqk7mgphgR
deleted: b/5/278trkrgu4k1i53jk9ninkhbm3o1jpiR
deleted: d/d/eedf67bi4clmfbcspajaai6te6no9fqR
deleted: 3/0/409bt9shvs2ebg2ck06kaa848vlm9raR
deleted: e/a/1f50p2274jj2raoteq2docgm3pkk85sR
deleted: 7/c/df77fapd8h97obd3gbk965k0tmu5qm4R
deleted: 2/d/4eqq7068oe5pehn3ec1kgfc7plq9cb0R
deleted: 9/8/62nhh4pbeaarap1qt2t341ns6cumku6R
deleted: b/5/8blr67nmebcrs6e7jrdrap74uhpp7scR
deleted: 3/5/76i34ghelpgdcfviadtocf9193k7fq6R
deleted: 8/2/480r910erncol8qbi9asllf475rkau2R
deleted: 9/5/858joesua8vonjdvl2hvu0d9rq508fgR
deleted: 0/f/b30o0bh9g786hhid1crgrobo23bbtnmR
deleted: b/8/a0j3rr30qkkpi2egbi7pi4m147ft3acR
deleted: 0/2/58dskom16ospv0pesemhtt95vticn6mR
deleted: 1/c/3cl5ovbjaabs3rmc16rt4r1d82t43rgR
deleted: 5/6/9bg1nj0qqod4telqb7704o6aki6emsqR
deleted: 8/e/a3flda73rnhtjuoeu6h4gtn2rc9m9ciM
deleted: 1/9/67b57sqk3k5g8qlhs14npa2hqqah97eR
deleted: 9/2/9du0j7da543ffel6mih2tg0brtepgsaR
deleted: 3/2/7ecptp9qqdqmgvdumteu7g757luplt4R
deleted: 0/c/c0foig6vljpcd52e9mdc2qoh1drgb66R
deleted: 4/9/afan3csl4tr3c3v0875g4797m1u1mrgR
deleted: 2/c/79n5m34ud4mhaggpcfl3mg4itp03n64R
deleted: a/6/a1ot5t4bt1mp90dgc7qvegqc58t0m9oM
deleted: b/3/d3bb94b0vr08l2haf6ispqmajkdbddqM
deleted: 7/9/34e3ie86ddepo3c4stlga2lskg4aeb2R
deleted: b/7/08i55rs4kl7dgo7fnfmtcf8etil999eR
deleted: 3/8/d433t6usrlhorko74kidl6eocbsld5aR
deleted: b/3/26ubkv04b8ti2n575unijj703odpop0M
deleted: b/6/258rpl3qanpbjv5pgk6fu9n7ldsvkgmR
deleted: 0/5/138rc6m00oi06ghmadlbk4kgdiom7o4R
deleted: 8/9/1bbitmlrt1k2k8hl10l2jg19a2t87hcM
deleted: 1/2/cbngmsqonhhpts3gn66gsqpukhj37n6R
deleted: 7/3/9cpckt4telndiuc8nltuvkeild4hvosR
deleted: 8/3/5aohgh8o8fcs0rq2d72pojnea9sh4rmR
deleted: b/4/50tn9mvp8u0li0dv3b61t9pvmjsvnucM
deleted: 5/1/3f28v1uas0j34e70in6iadmva4cdaccR
deleted: 6/a/6dkgm2t6rh3frmob5f8b405kb1u0eqaR
deleted: b/b/b0lgu0dbk11lev0l52rhq9fr36ljmb2R
deleted: 7/2/2aqrisq1kj2rqr646o9dng8k4hjihokR
deleted: 8/f/f90a3e0eh58thekns4jmnhbfkih42okM
deleted: b/c/12edcgbgfocqublirrmgkeivnr584v0R
deleted: 8/0/4aj113t5fdj89gmj02l54u076jftmemR
deleted: 8/3/dbonscl9pd02sl6aept4lbae89ndg5mR
deleted: b/6/54sqe32orrcq6bc8vbjfue13pdrfnvsM
deleted: 4/4/88jbhp71qrgoujcopnpb8bk2mo41ep8R
deleted: 4/2/58u53akgo2once4f1s4jmcvi4fiu6auR
deleted: 7/8/dam9nbak4r6el2b3ad927tqglfaognkR
deleted: 8/4/33jkmcgm4ko4495lbq5946ode8en0asM
deleted: 8/c/85mbdbqlqq6qgsothdkuf266min9t8iR
deleted: d/c/ccvoulb7i98gk04ppj31ocfbv5o5p3qR
deleted: b/a/06d3h6g6i90jvj0a745nbdsfooffusqR
deleted: 4/f/d00is2ntaq3qoqcg83r172i9dakgvjcR
deleted: 8/9/c0g10odgkl6j2o5fonn8dl42g6utg7oR
deleted: b/1/6e0abde6gkck5v9rnrk2p2h3av69a5oR
deleted: 2/6/2244sia1p9fqsblgi3dhardoap7mdo2R
deleted: 8/e/23d4igkpqsmi2ied67g326hgqjpi70sR
deleted: a/1/1ft65nvhq334d148i2lclfschq3qn7aR
deleted: a/9/714v5k5d5p6rq8kggo109sjja9p52b0M
deleted: 8/d/ea4es5l0k8pmf97n737bdppdd4nlppuM
deleted: a/7/8683p6v3e0h5jgs9edoft34k79sg00sR
deleted: b/2/d5hb9nh4gq3i6ov55qe2kg9sggvr8m2M
deleted: d/1/44vbvlk7qqnjoee6g5p21klbruq0d30R
deleted: 8/d/a350h0j0a30ks3mfcn2uuknfn50d0u6R
deleted: a/d/d757mrjs2j659u8sqjocp3pnufkbe54R
deleted: 9/1/c99p9bkv2ftddv1eo6gvc3qbic3l9iqR
deleted: b/0/a1cna3bi0l1pa48iufdjcqgpdidsds0M
deleted: 7/e/1b9oghr3htvpvt2ho1p8l4v5dd1tu9sR
deleted: 8/b/0enl0b3rqgdblhdgjebsrdg834q3ptgM
deleted: 8/7/9bk1j4nbrk5e220rpb6aq79hucbr3o0R
deleted: d/0/a6id0dpojoeltq69v1nqe7h5ktqjs22R
deleted: b/1/7e671tlreduqapa0itt36d2294rgcnkM
deleted: b/d/80pmqh51tl4umdshh69elcp5obmcgbcM
deleted: 8/0/4c099u36lt1f8psug0eakp3p7bki1bmR
deleted: e/4/55fomn5abh4ukll536tnpkp6p5gba6kR
deleted: 2/9/46q9jtfeh9fjlgkgi63vtsmmq4nj49mR
deleted: 3/5/23ron7b4e07889bbo4vekbmb89tr608R
deleted: c/9/73425a3lm2pubpsgnea3k150grjo5u6R
deleted: a/8/ccg4m6k2r7hocaj9av6l8qucd9h21nmR
ccache cache size is 246Mb.
Uploading cache ccache...