SHA for cache folders (/tmp/ccache_dir) is '43ddd35ee75cb52a09120b9e8f97b24349ad9a5199b4553a5f8ff80e2eb83b70'
Cache ccache has changed!
List of changes for cache folders (/tmp/ccache_dir):
created: 3/4/588014ecb8405d127aecb56522aae1-4984573.o
created: a/c/c511c58e110b864df74f07e0a1bcfe-4640272.o
created: b/2/1c4547b13ae8a82bc39c6c49913732-49967.manifest
created: 8/1/4229f32266c19777bd6ae68c31e71e-8935.manifest
created: 3/7/36f08cbf22484f822c5a2aec1d249f-13674.manifest
created: 1/9/1b63fb7a2ca0ba14902e418858db0f-4760.manifest
created: 5/9/9c51a4a2e9b42ed8559d99096616e3-12790.manifest
created: 4/e/53cd2f02378bcb75b7c13f6fbf1f0f-2322.manifest
created: 6/7/ad047fc08a6c535dc6acb752249c43-9841.manifest
created: b/6/79ea97a2c499a5cd5f89f3e710e865-5178368.o
created: d/5/00a4c4f7aa06599258bbf976289c17-11139.manifest
created: 7/6/7670056be7a0755f4d833556b019ab-8558.manifest
created: 4/b/f11b4ed6cc9b192cf99c6ad64de20f-2189.manifest
created: 3/e/01a0963260341ccbf7fcf68e866db2-1334755.o
created: f/0/c5355d5195d419196e1932d1da28b9-1612775.o
created: f/d/8b8283d2b254e13b66522380d1dfb7-7548.manifest
created: 4/c/4eaaffa9c6297a40c129a3762bf119-2112132.o
created: 7/a/8da6802bfe08ebb09d39b2cc973248-3013164.o
created: 0/5/b885adb78758d49253a70d1d7d6887-5009754.o
created: 3/c/4c578a728a7c50f80729c51ae44f15-5324490.o
created: 5/c/c7a93c74cd9c6cdae99bc3c7613d52-4450395.o
created: 8/4/232b7907a85e7cefa0aab4b559d184-13292.manifest
created: 9/5/614ce3ce81eae905cd23f0413698b3-4555835.o
created: f/9/29c6d22930cfdc06411f412c644586-3018241.o
created: 5/9/b16b91aaece72ccec4ef7d3f47db52-3305.manifest
created: 6/1/597bdb92b6503ad723ec431f128153-5690306.o
created: e/6/e157fc72e57ef3aff660d2cbd3df4e-1281.manifest
created: 4/d/5f8bd92a2b1f653567b76df7bc1136-3131620.o
created: 0/1/ad6078c79934f2a5d7b012541f9482-1610982.o
created: 2/8/887b21909af90691cb82096bf61ce1-3432957.o
created: f/2/21d50aacba6c1677543c6ed7dd0db3-2975.manifest
created: 0/5/975736bcc34e9f4291fd818e5a9251-11679.manifest
created: 1/2/94c06a0dde401867d9242ad2ea92db-2831298.o
created: 5/2/0069c7e31a5743632f2a7d766a8b03-3079639.o
created: 0/5/809f4895b747faa63fe3f8033aadba-27657.manifest
created: c/d/50bad0a9d917e43db995afc0e5f183-5768.manifest
created: c/c/6e2945d1cca96c022b580a07746cb7-2551546.o
created: 3/f/c03388e170eb92b5842d673df65389-1835.manifest
created: 9/8/e4eeb414989106bf9089e4de4e1262-5023072.o
created: 0/e/14cd8014ba214803f971334e58c63f-12947.manifest
created: 1/7/1482794c631c1f7f549a55d908d819-2337384.o
created: e/f/7f5995484162895c7bc33640c5f30d-4264.manifest
created: 2/5/8756974195a08a9ff32dee82fdee52-11149.manifest
created: f/e/061ad1364a30017cf5d0a11258ab86-2022288.o
created: 7/0/2428bc3826b079bf805b7c1f04763e-101558.manifest
created: a/1/a42d307690881ffdbc61584851200b-1922.manifest
created: 6/a/5fdac0918686b38e2a1a81fb6126dd-6838488.o
created: a/3/677e360ff23b0920fdd35dfd95fd9d-6869.manifest
created: a/e/8abcac28428fe4880aba17e6e37505-9348.manifest
created: 2/f/0588d4375aa72c952a6a825cdc862d-1499.manifest
created: 3/1/07d3b6468ea51949147e505f16b0c5-29733.manifest
created: b/2/c491b8749dfedd89e2e37dd3131d4f-1335356.o
created: 5/d/9cde373c255e017c92fde36e7d6304-1832.manifest
created: c/b/03b3bd4c70fc79a051fae1efd051ac-38453.manifest
created: 1/2/f2baa997fa4675bba1529a4d89c92a-2376826.o
created: 9/c/a84c4bf424158ce101d27d19913c79-1603191.o
created: a/6/fd9f300c63d283193bd44f225b8d68-4568800.o
created: b/d/bb62cce18d58f70a6e7e718d3c9abe-4773051.o
created: d/8/f1f209d94ba1684e126834088bf5e3-10425.manifest
created: c/b/39a3e0139dabf45c3d1cd5c15bdb89-2191621.o
created: 7/9/2331155c728087b0c244bc39d88243-1661739.o
created: b/1/52def24fbb2d7ce85749ed2498da3c-44570.manifest
created: 4/0/13844fba8a1edefe96f720cd7e8e6e-2297810.o
created: 5/3/3e7b9fdf6ba7c3b5211b689ff6fc4a-7401.manifest
created: 6/c/4fbb753304dbd61311a9819f5a469a-2896730.o
created: b/f/b2a7efd59c56fa10e6eb3c8a00cd6c-3831691.o
created: 4/5/4109b9d163cbbdb82c6a42392db096-3307205.o
created: 7/1/18d605f3b757be30a1a04faa69d747-1335509.o
created: 7/0/18698d3df31ed3361410563b34f655-39145.manifest
created: d/a/ef3a807f7ff0421f99ce296c518e51-2900420.o
created: c/4/05840fa672cfa1321907990a9e973a-1527065.o
created: 5/b/8b4a1a3191f7896d7dfdf4e5857788-1874.manifest
created: 1/8/3dfa734316c4fc48cf62119598b1ed-4032945.o
created: 2/5/b7f6d42b3de71dfd29370ae534b25d-3035319.o
created: 9/a/1592226aacf0921dad739e799eb6cc-2907312.o
created: 0/5/76963e0dac76683b40b6d5146f3083-3299994.o
created: b/8/88cfb3c544c489730e3c8256eff2f0-2189.manifest
created: c/e/4716f4b3234a13bb179b1afab88f99-1976.manifest
created: 9/2/d14a7e62f76a00bc303d8a090b62ba-7248.manifest
created: 0/2/4770fd97cf82db55c67ead8d09407a-3165402.o
created: 6/1/52edaca98a9e8ed0408473854b0b73-4709.manifest
created: 0/4/5b85a397446cc68ace6ee7363a44e8-3614.manifest
created: 9/5/dda3650d00c723633d64f134becd7e-2100.manifest
created: b/a/65ce2b56e1df138a483aa5a5e6f451-14738.manifest
created: c/7/fa87ec5b53bef6c0f8ae3e7cc1744b-2511.manifest
created: 9/2/c51c5942f2401f7c7b2dc89a9570ee-5789.manifest
created: 4/5/7348d50b1a611c755a2bdf5f0e8aef-3302859.o
created: 6/3/77b450509b7e3cb315f6fbf5aefa4b-5156007.o
created: 8/b/a00010f8b0da012b729ecf7240a4af-20223.manifest
created: 8/1/09508da56ab657723703b5579b6310-1352825.o
created: 9/c/47beed082db6d57257182a5412364a-1581113.o
created: 2/d/d778d49455b6fcf321fe0b1a373ad8-3815985.o
modified: 2/stats
created: 2/c/1d4e34df9b84f17297dc39b82a2134-13024.manifest
created: 8/7/655d79d144970ee8269c1489942bc1-11359.manifest
created: b/0/1880566456206525a161df5d136fed-33635.manifest
created: 1/3/749a06edf48c9f55cc721184170a05-2817838.o
created: f/1/ba14183d983e45572a7a1e3dff685c-31229.manifest
created: 2/4/531b59b57714856f890b28b62fe214-2341.manifest
created: 4/0/beafb082af7016449b28c2930ecfee-1283.o
created: b/0/b834e62f8f34b8f4afa292b522204d-18123.manifest
created: e/9/666df2d7dd3ef84399f55574a51090-1927.manifest
created: 0/e/56326cd19ec42229e916b99bcdea11-1623.manifest
created: 7/7/ca5a8cb3cd0d36a2e4f4e8c8c6b97d-2829724.o
created: 8/c/6f3a3358c6ea63e1913366941fa169-6889.manifest
created: a/8/c2970f3427fec376b0731db2206218-10685.manifest
created: e/8/a758c7387fde920cc723c2484ad145-45316.manifest
created: 2/5/d29fe8f20edd737a4205a0ca190be2-46734.manifest
created: 1/d/360347d9c2deb7137bb32b6516e83c-5860.manifest
created: 1/f/c7c89e3dbf95babad98fcafc05d10d-1715.manifest
created: 2/4/863461bed203ae16e9ed0d5e63361b-3135192.o
created: 9/9/bdf86a3cc0258682d98d073cc63d8a-4568.manifest
created: a/f/515b6eb4c3498cab4abc7198a4ff5d-6510.manifest
created: f/4/6337b12d508ca5c58b598b162f9f01-6276013.o
created: 6/b/046e1d22f25811481aa4e22f28a553-6590.manifest
created: b/8/061da379f24a1c12f3fdcdefada9eb-1839738.o
created: a/7/26245cbfef882a9dca885bf0a916f2-6590.manifest
created: 1/b/c94558d16ff6f1671947217ec81f7d-5973.manifest
created: 8/8/7e85da74994f0082cfa1192305aea1-1341671.o
created: 1/4/dc5a7c05aa73894c03ad8332a4f302-2131058.o
created: 5/2/1969db7ea19b1288352b25ba71c763-1144029.o
created: d/e/5e3c3f24f8d4219332e6d19b3b5ec8-9492.manifest
created: 8/e/476e98b3173e4507bcd092dd79dbf3-2898943.o
created: 2/4/e98e8345ea6dc055c47de7a4c13b2c-5574.manifest
created: b/f/7771d87c06b6835d9636c4d54b6dc0-1395012.o
created: 7/a/98c26f7e7773cd51ce73385a5891e4-6579979.o
created: e/5/ce7d6dfa7fffcb4e9a2a29a49a092a-6773.manifest
created: 7/d/707e025673704fa373ad0248e007ef-4478241.o
created: 1/6/e8fec9997e1b00f672ae805e35c568-16033.manifest
created: 7/0/347839b9764a4ca246beb7d8fe24de-9171.manifest
created: c/3/9f0abac7cdc1c543542a3fbb103b7f-4492.manifest
created: 2/0/ff1a7dfdd6ecc5824102ab93349b66-2840.manifest
created: 2/d/19c2414ef382152389d5afbd4a29d4-290888.o
created: a/9/a3755a671523ded7aaebf3040b700f-10299.manifest
created: 7/6/1f56e6be44b0a8d66e9712991921fb-48875.manifest
created: 2/2/d2b19c8301546b2a781204b362a0ad-4788092.o
created: 9/f/49b167ac8a457f8980ce9c60ed4e69-1393887.o
created: 7/c/033139008a61450afbf5aa526a184d-4511.manifest
created: 9/e/13805cc2372e57e6fdec1d24195a46-2771532.o
created: a/f/cb9f22163925f75a19d69b68d1324d-5067039.o
created: d/e/6da9533e14e6ccc26eac5f14b4d5e3-10604.manifest
created: 9/8/c279e09a5d6ffdbc0cdf102a05f93d-105209.o
created: 5/9/fc8bfc0e08ce3f00adbe2628cc3dac-3119692.o
created: 8/c/a1a0745455a98a4aea4a7212609036-16486.manifest
created: e/9/5c819959aa7f45558969c449f72cdf-2100932.o
created: 1/6/4bec49bcc5bda45d521fadf334ba6e-47563.manifest
created: 5/2/1372a8b4283256fb10437c33a04b6b-1546929.o
created: b/3/3e0e3d5286b3d94133b696e09d4797-15964.manifest
created: d/0/f671db39b3004fff98337b13f18b75-21030.manifest
created: 1/2/4251a9de767ccf8dfd203242d35240-2990498.o
created: 1/7/6e392e370f501f61a7374a4d602f46-13768.manifest
created: f/9/adc01b5f359fcd846ad999979ebd78-30788.manifest
created: 7/4/f7b76f226facb6bdac49c98abcc222-281533.manifest
created: f/5/82a7a1f55064d08529f943cf00538d-1579674.o
created: 4/8/0ec86da34a052db49193779bc7c34c-3844652.o
created: 6/e/510fe67bff09f7f5a15caf87b2dfee-3019864.o
created: a/3/4be1a4e1c0b7aec21df4a6af392987-10810.manifest
created: d/c/36d5ed4e6623c1bcb827cb634178de-1587795.o
created: 7/8/716ef40a9e4b84f3475b6e201a96eb-4884427.o
modified: b/stats
created: 3/a/988ac2ba99f4c65d87fc2813ad705c-4687.manifest
created: 5/7/d76e9d785704fa142477651f00dfd7-18254.manifest
created: b/a/14beede84d171406af4623330997c1-9360.manifest
created: e/1/8fa0f480b648f8247691a9621b6d66-5127.manifest
created: 7/4/d4f15be15cdb3f48fcc1b4799827e9-8178.manifest
created: 2/2/f807f830332fb8f42a48a2ec08c611-3124943.o
created: 7/8/2f389ec0c08ca54c489b4bac89836a-2878388.o
created: c/d/60946df3c44f83ef29f556307a56c7-3127907.o
created: c/3/2ad29fcc97ea6c7082a46174ebc095-43312.manifest
created: 8/6/ca26d98f6b23d276544ce2f76fd26c-5188.manifest
created: 4/1/9edf6a0073d0f52c67888f4028cb5f-1394983.o
created: a/a/38c32565d39e01bfb58ff31860b4eb-272724.o
created: f/6/baceb1ccc42c4c295efb7a8201d581-6915.manifest
created: 6/5/e72254ee57d642ea4d6a27ccfbff2b-29819.manifest
created: 9/f/574d23fd68d12ec4c6eaa46f3d4f93-8171.manifest
modified: f/stats
created: 5/7/5e1d94628d9921c0f56afbd9491cc6-20824.manifest
created: 0/1/b999ffce420a461d25fc832091c47d-1484.manifest
created: 4/a/c56810d5b5c3bd1f7a6c0507cd4d18-5021611.o
created: 9/b/2cc3d4967b041ac89e084feb46ae16-2902239.o
created: 8/d/7abcd05696d698e64a064e705608d9-28251.manifest
created: c/4/e3e54c68ddb9917d614df199bcc558-8899.manifest
created: c/c/9d67e3c37470f813c26c306e648563-325159.o
created: 9/e/fb8b2e9694ace1f1acf047d705b365-1896205.o
created: 1/0/dfd4ba0d09f40394a32278165c1462-3882.manifest
created: 7/b/3d564cafa30f0f15a8b17ca66043e9-298542.o
created: 8/1/8388db844ccc4cc36fe165499d06b3-2898637.o
created: b/9/6d06ff8c93995276d3f87becd1f5ff-4192.manifest
created: 1/3/a5fbd43c6245b0010a95d1db41d62d-19418.manifest
created: 9/f/bd4c0fe6655704a7f0d9579d8fb271-3114607.o
created: b/f/dbcd2443893222388b6f7904d765ae-1766.manifest
created: 8/6/7973df8dc5b8b0290ef609ad6d0eb3-13653.manifest
created: c/9/393c082251639d62849e1c243d521f-6555617.o
created: 0/9/793f4ce93276ca6bcb1044f18c41b3-3609.manifest
created: 1/2/0a7af2e92adf11d6f949323818c870-2693221.o
created: 8/a/995a65836664a05fb7dd767c12c441-1818049.o
created: 9/6/cac6b6694bce486619d2a0857c6907-1399.manifest
created: 9/e/129670cd9e9e91c5920662df898190-1841.manifest
created: d/c/70bf15f8b41f0d30cbc67886814e84-5574.manifest
modified: d/stats
created: 3/7/23e07cb739f4cac58ec09ebbce93c2-9656.manifest
created: 3/1/6370784477442c269d852c560bcc7e-4984831.o
created: 4/1/cd7267933b80cc593f44517bda83f7-3179334.o
created: 1/2/d7aa1cfb60d937411f789770264c7f-5446.manifest
created: b/c/24203bf9363efda0623e2360f17f4e-17959.manifest
created: c/a/70976a9716ba59590cdf9635b4ef20-263380.o
created: 1/e/ba39a337ef44eb1f2a569796764321-2527013.o
created: b/5/d9f03f20125e6ad08de0a6a22925f6-2783.manifest
created: e/a/cf939e0900fbe090565dc82fc9d7d5-2004.manifest
created: e/6/506d8c1f098260e76c15c01fadbd92-33195.manifest
created: 7/6/55ad304e393aeb09ad786ce6170ec6-1395186.o
created: a/6/9e123bd786a17dba2f7bf3ef962d4b-3076394.o
created: 1/9/2363433e4cc1ec19f99bed7144243d-2943927.o
created: c/a/e92a6f6fbc306d76d5268a57fae203-24854.manifest
created: 9/e/4502b5df23b502668ec3801b22a60a-7151173.o
created: 0/b/a9d10188417be8ab7a7818a4a9e020-6032.manifest
created: e/3/23e278d8fd3ed8cdf0711c4f9b74d6-1336806.o
created: 8/7/2c74dfa872e727aaffe92fb4e4ff92-4301125.o
created: 3/2/432917f44ce66b6b19f411819a30b6-3023624.o
created: 7/c/d1c18ff31973e8280e7de37b0dd016-4468096.o
created: 3/3/e9aa49ee194c16defd7abc5dd911ef-2018175.o
created: b/2/ccf52c11f4ed49bfb4ecef06412bfe-9078.manifest
created: 0/d/022542f9b075163b3c39c160f3c9b2-3588.manifest
created: 3/6/d5731b8f8a465a834f7f53855ee9d2-23937.manifest
created: 4/6/b84ad070c3213076f7dddefbb7950c-2898065.o
created: 5/5/7c820b0d51bfc40d02c474a37fb213-3255546.o
created: a/d/051249a3b75493d70a1b989842f0ac-40128.manifest
created: 5/c/6d4ac7201c935187c3f1c22f7c379b-4671919.o
created: e/2/f3ffc18568a0851a0eb2624942fdd9-4734131.o
created: 2/5/77087158cc172af6d7c0e5e05c39bf-2050109.o
created: 5/4/79d5ff510128aa3835a5cbad7ffc1e-37087.manifest
created: e/8/6d4598bc9f5ed05dc6384c3070d22b-2489564.o
created: 0/d/6b1154cb93ffef5b5aa3b5d2d80d13-4823299.o
created: 3/e/31d9d75507a968b2c4c988b53835fa-9541.manifest
created: e/7/51781944fe830d4cdea82a3edc174e-7193.manifest
created: f/5/c87ef44d6d252f75f84fe987333f64-4596347.o
created: 9/8/5544e71fbe42f0c026c9ccf93840e1-1808897.o
created: 1/a/a44ace29f77ef073f1541160e960cc-2834545.o
created: b/8/db1e4c312651aef3b7d8d7dc1efd8e-11963.manifest
created: c/6/3542fbc3df6d440dc1b5d43b793c69-5055032.o
created: e/5/11ec03a65d81914abd54fab6123995-1590930.o
created: f/4/71a5c7de25fcbc0d432eb124a5c15d-3683.manifest
created: 0/f/bf6f8cfb921dbf1eebc282c3e1b583-2990782.o
created: e/7/112e95237190264f1e56e2c3c364ab-5692.manifest
created: f/3/7de97cdc9a3bc63bf604ae8885da1b-8997.manifest
created: 2/b/644aa6b81a57cd6719e9a1d1bd17fd-104777.manifest
created: 1/1/9d71954782ffa45c02e3d8b25e6318-49918.manifest
created: 8/0/626c486ff504d3ec25758ae09c2e64-2572406.o
created: 5/8/c6520d203a1b5c3b30496f9b72ad5b-5372.manifest
created: 6/d/6dc92d89d6e5e9a39f466e6c22eb4e-4511900.o
created: a/6/1ce3e2fa0dc400fdf79dba31e92356-2056647.o
created: 8/2/7a023bb1c5265e34251a6266804ce0-2056140.o
created: 8/7/4e5e0c4c495bcdea3b13338824910a-17829.manifest
created: 1/4/19383dece00a99343026798c73972e-2896048.o
created: 2/9/e13b11f61b1cf25525bb98249f159e-2915194.o
modified: 6/stats
created: b/a/db6a362b25a28e3ad38e4732a12300-3504.manifest
created: b/f/de1e75dc4d2dfcd88ac33449a5f3ce-15063.manifest
created: b/4/e6f1e7e55fc9a89066a28b1ea13354-4801077.o
created: 5/f/44af1267f37f0496f66f6a4863ce75-4495269.o
created: c/e/d7d266a3b7cfaa1bb9f6bcce216008-9824.manifest
created: d/4/e33aa9c2d97bf787e11f043751ce12-6590870.o
created: 1/1/89abee5fc79995a3971117507fe67f-3037426.o
created: d/5/252a9ad1e545e7ef6b8657f8fde809-2662640.o
created: 0/3/a0b9ccb73b8bcc09dac43e9b729a5f-3092206.o
created: 6/2/f910090e6843a0b9b02cd622bd3181-3995174.o
created: a/5/f379b99b7a02c8544d1b8241f9823b-5210391.o
created: 0/0/9f944ab497f130626801365fef38d5-4900225.o
created: 6/8/2e789247911019198a15f4bb9b6634-1661.manifest
created: 2/a/5db743235d8aac2ff71c48c8ec92f2-8662.manifest
created: 3/3/02b424ed175db118d8de98b208ca61-2451078.o
created: 3/c/c929e761bc4b74eba6955f16cb618e-5707.manifest
created: 3/d/61d93db2359b2496a9538493a86f38-4208.manifest
created: 7/0/ed0fa2e80d548bd5d62138743d532a-7819.manifest
created: 8/d/8f22221a7df68bbb6ed6e4371a7be0-1900337.o
created: 5/b/45c9793e0ddbc246266ecab2a90c26-15038.manifest
created: d/e/3e1f960a403189e8f3a86366ef2805-3039.manifest
created: e/3/d04801d9972c73b0447e6e8154a920-2326872.o
created: b/f/2478f311314b1d6b82dc2326684eef-11381.manifest
created: 0/7/c4aaae82d7349eff2191f45195f94c-12254.manifest
created: 7/b/f1e1091307bb0619e3555277f102d6-5714.manifest
created: 7/4/8175f2f01c841364c46b00e6cbd14a-2797513.o
created: 9/0/254a5c537a9b6775170fb9b1a7b47d-412.o
created: a/8/7c6a0c6918987c577a1e1c14b222ae-4718784.o
created: d/5/6be12e6b64ec058fedfcd2da345126-22209.manifest
created: 1/1/60ea0ffdbb0f170a91efa59deb332d-1575.manifest
created: d/2/2df2d2091eb129a367fd83633e91cd-6135.manifest
created: d/3/bf9db4bcea19872f0f6a87f43e8497-5268.manifest
created: f/2/4b4961c77061c204b8df7a7d5e0873-20125.manifest
created: 7/7/a019a506d8d631ebcacfcfc90ece4e-13471.manifest
created: d/0/b8375cfc45ca873d488ce50bdd821c-3506475.o
created: 4/5/ae788c93d65ed8b077501efe7c1c9a-309809.o
created: 6/7/a38ae18b429082df6a1d1deb045294-2041730.o
created: 6/a/438be26b0dd7ff353d0f495957487d-5452.manifest
created: 6/4/82d6ac182ff2ea6a83cd263c1d1cef-19011.manifest
created: 8/6/235bab7b1556adedad60563d4ce66c-10051.manifest
created: 3/2/7a8e189f5097f62679dd18f0922189-2907.manifest
created: 4/8/bb01a6c2e7c20ff5debf659f3e898a-5726.manifest
created: 9/6/00c8752f9a1c6411cd632ecc579ec4-18439.manifest
created: 2/a/772c739923944f9e27535342c17a7f-4125875.o
created: a/8/a79b4c50b0c6aaf4566b68002e621d-7780.manifest
created: d/e/f5bd1758e948906d62a426a3a34535-1740.manifest
created: 2/2/fb4be65305c9ec75e2cf9ab41b9b49-2280.manifest
created: d/8/41a64333c3ed34f503317c5c1a179c-2679861.o
created: e/8/16133862d7df77be685ba6e424f827-7555.manifest
created: 6/9/6c12fa2fd8ba194579c07ddbaf10ab-11176.manifest
created: b/d/8a51d49faa764b512dea8735c2eea2-25913.manifest
created: 2/1/e1cb3f020cc6941732df6cd4c1d8c3-2055679.o
created: 5/d/154a7483564931042ec425b8dc9bfd-5561621.o
created: b/b/e2886627985145df15b2d6cbdce26c-1334129.o
created: f/e/215d00aa8a28347d3f20fda863b551-4907.manifest
created: f/5/d3d63efeb678b9b48e432a5ad380d8-4455.manifest
created: 8/4/81d4946c7709e32ea5079fdba698b1-1401733.o
created: 9/0/3492d06899b3cae7236e35f179dc9b-3006139.o
created: 3/2/5f9ba172959a73a502f3134f1acae4-14361.manifest
created: 3/c/c34c278b06f26e46e63253228be8c7-3160714.o
created: 5/9/836fab097342570c2cfc3fdf188c60-4549.manifest
created: 2/8/09b7133590dd44e5318b5266afe0e9-5059918.o
created: d/b/47fc73ead339fb701e48dad5bfdd0b-5934.manifest
created: e/5/f1cabd4e5ba3b1728d206fa6a82292-1522595.o
created: 1/e/888062b94e357a6e6a6abb66f390e4-4648213.o
created: 4/2/736052a2dad4b182ce350d23336e26-2909258.o
created: 6/b/85649e5207d22f479c414eada249d5-20743.manifest
created: 0/6/c01ea1927c548ce6523d5517adf773-31723.manifest
created: 2/2/1dd95132cf6a958655975c0c35a70f-4119004.o
created: 6/0/f4f2619e806ee052ddf7b9aa70c521-4428.manifest
created: 6/1/82ffeedf544e32fa06d9649f2074dd-3099808.o
created: 6/2/3457fc8b2e326299144847a4a041cb-5730839.o
created: c/0/967548d7eb4dbb2f9b0da971a84d3c-13146.manifest
created: 4/9/92d9d5f322b6afc0eeb92f5218ac5f-6307860.o
created: 2/7/3846ac4cc0809fd2b4555a78f221ef-1346933.o
created: 7/f/28af8262935481456c2543755b43aa-2495248.o
created: c/1/bb26e41bc84182c90a5927fed3ed04-49579.manifest
created: 3/f/0566ba0117a442cceb2e9dd1829e19-5942.manifest
created: 8/b/9ddc8f16d6f7ce420c8337631a58b3-2676.manifest
created: 7/1/30f7e6d3adae94fc8597b815050f31-3350477.o
created: 8/1/b55f9f8d05bea76dfb1a9921c1bd1e-30935.manifest
created: a/3/95189d8d58c07fc7bbb8969d0235b7-3401288.o
created: 3/3/0f6e113d78e981b303aa716a2fb18c-168975.manifest
created: d/a/c4241753feb9496b28f09dc6f2e0be-3336041.o
created: f/3/3fa52e042be4d8cb369235bcb6e5e6-1557993.o
created: c/3/9e179f40407c1cc07fb4aff7718e98-3857049.o
created: e/e/d3567d5058150799548adbce4c0b85-2899863.o
created: f/6/cfb44b3609c29e6bc3052797e49a3e-1333470.o
created: d/0/ec95f974d41a4fc7626d30232c399e-1592142.o
created: 2/9/187b941a2a1891ccefd208e03968aa-4561124.o
created: 4/7/db09c2fb01bda506e2c09be11e705b-9944.manifest
modified: c/stats
created: d/0/89c169d697d4d9fa80137e204fc48b-2031227.o
created: 1/3/c0c575ca7b838548c5f1fddba40f44-3321.manifest
created: 9/3/0067d5a0483b13abcfc686d3c8b7fc-6576.manifest
created: 0/5/31d77843b5355b3762d925cf364d6f-3277243.o
created: e/b/cd550810ba00af69d7e46bd09ee898-4252452.o
created: f/a/eaf7018c51cae670d44b3f5b2a3de2-6705661.o
created: 6/a/2802a2004a3fe556ee288f385d2040-1540419.o
created: d/1/3d41d534676cc51c3a2abfe5ce3d9e-23963.manifest
created: 9/8/a95a9d7a347c6f71df1ed35e5c176f-2290937.o
created: 3/0/64d6ae08698fa4fbda2614f5915e75-4514958.o
created: 8/4/e44e2a5a699cf9577c36b482048ffd-4422797.o
created: a/2/5dbe3c8111c4f65d29feabbe0f5878-5068549.o
created: 1/3/c4c9c99c5be25cebd54a385f55402a-3008617.o
created: 3/d/fe77f6b0a87bcb6444b8928e97a501-10968.manifest
created: 0/d/e2ba954f20f7026d407c6ab932fadb-5010582.o
created: 4/4/39043e25eaeb9f8badd77a3ca6e05c-1337917.o
created: f/c/410b115c0f27469931c459b370af88-33468.manifest
created: 3/2/91ee14d8e9e1429f5629a8d3c20975-58283.manifest
created: 5/2/bacc41842547f9f7218087a7a9500f-2579121.o
created: a/5/a575e1d597dceaebaa4bd388334c43-2530292.o
created: a/f/1c639b36ca165479a94f91f768e57e-7593.manifest
created: 9/9/ea8cd5c4cae4d30410c71ce3f1692e-3090392.o
created: b/3/81945e8fffff88f696415dad297562-1396.manifest
created: 7/8/e79a63c6bd955f5734a8f68f50ad5e-16259.manifest
created: 6/b/d695e56443d82ba7ab304d9bf19029-7717.manifest
created: 7/b/0a1eef0a14353291cc223b9d9f1031-3270104.o
created: a/6/9b35c68dd82d42f17303b7acf0962c-11420.manifest
created: 1/9/9d64dbba614ffb761cce5ac18f2822-5909.manifest
created: 6/6/a797bac313b7ccf85779fff120643e-1601533.o
created: 8/a/5608cc318a944fb7c7d6198591e872-1792179.o
created: 0/9/3e31d4042e68a9cd4667388a775093-6855.manifest
created: 7/e/74d06b7da751a00b4269a8da9e4a6f-9800.manifest
created: 8/9/515186f2f9824cab8d16201937ae8a-1402.manifest
created: 7/a/daaf0efbc7a07d59d1b0e2898f413b-3088189.o
created: d/0/35253de103a2beadc585a3a937ac02-1983030.o
created: 3/2/65cf2ae852cc68ecdb67252bae8768-6850686.o
created: d/2/f5e29bf7b72461013fcfdc93a2202a-4503508.o
created: 8/0/1444ba5e594accab53f36c1f284a85-3728154.o
created: a/0/0ee42319258338436b8617fc162bb7-3136277.o
created: 4/4/fd42c3ca5ca301f9d0df8cb51dc884-1487.manifest
created: 5/a/3900e79d6e39dead67f20071365edf-3001402.o
created: 7/1/8a99c69aff0dbf15fcfdee97e531be-1835214.o
created: c/e/5293620016db6223100f1757caff9a-1497.manifest
created: 7/3/82cae24fd50d6fb7392e2d14845209-17327.manifest
created: 3/3/73abd29a6f2d223e5573c37c3c8cac-3113344.o
created: 8/9/af37c2ed81b95ebd876e5b30dcb17b-1950.manifest
created: b/1/57be78f2dd7a2a18280bb495029163-7224.manifest
created: e/0/fa1903a2a6f61658566f00d9b03d4b-5226.manifest
created: 3/a/185ea5c2ff33faab9a4a585e2d5165-4818912.o
created: 4/c/710843126d73d42c599b1f42e25327-3756.manifest
created: 1/7/536ee69f505c4eec4f1390c3ec060d-2119490.o
created: a/1/65d0351cad1c29ce8f7463a71dbd85-4694385.o
created: 1/0/11ce14fc20da1ef6a1d8442868380d-291096.o
created: 3/9/77a59c7faa5668ad887642f2fa4230-18140.manifest
created: 0/b/9c741f33faa84045d67f02dae0e28e-3047194.o
created: 2/d/5f297caabf3629421dbcd9e42b7f20-13501.manifest
created: 7/4/0b60e4d28a680c98aefcb88c34cb4a-6549.manifest
created: 3/b/353c36103a339caf120d34b78c9582-4490867.o
created: 8/f/a6202442370c172f146992471b52e5-2841214.o
created: d/6/06fdcc4dc059aaa582a5cf89be2631-19214.manifest
created: e/4/8d7aa4195f8ee72757bbf3765176ae-1398219.o
created: 0/0/79333ab0c65a8cb4f5e9e8ea3d3f22-5096.manifest
created: a/1/e12fe97143e563dd93adcb81675e47-1338917.o
created: e/f/e308cdbe0a9c95f0c3d374404e9fc1-2299648.o
created: a/5/1f39450fbf51f7d9844118917759b7-6884.manifest
created: 2/9/5f38e75a37d234c3f1258346e54374-35042.manifest
created: 3/4/3e4b0d6eb095672dbe24181a0516d0-7893.manifest
created: 5/2/37d82a55968134103ddc04cf261685-11668.manifest
created: 5/3/bb670c07f363874de803c2c43547ec-302657.o
created: f/7/b14a2d91377a935bf4e7978f2a7744-5765.manifest
created: a/2/753d30516503eedcfdf972653bbf17-2453.manifest
created: e/1/f1dff1f507cf44387615d6bdb69c38-13824.manifest
created: e/2/f0fe9ac673c2e0212b20981d1b2446-1371666.o
created: 4/3/c598de8f0490bdfb8a1cb1ebf83560-14037.manifest
created: 1/a/742139fead6851a8d78ab0dc25f38c-36843.manifest
created: c/8/8e3eef43bcba8691bfabb640a32887-9420.manifest
created: a/3/65df6ff33e0b3046195fd71c0ae99d-3138323.o
created: 0/5/3592ae4a44664ce08aef569791783d-2846485.o
created: 0/c/f148660bd4c6ef4b3fb9267ac5e925-11528.manifest
created: 4/8/dc8cafea26a1d7fab746ff739676ca-4890994.o
created: 5/4/de97bd28624e038bd312e015e8ff64-1729.manifest
created: d/b/ed2bb184354ebc59fb52308062e7a8-2765741.o
created: 8/1/7787092cfec4e781a7398691942ea6-4126470.o
created: 2/f/9700abb59e8ea3b40c93949eed2da7-1834.manifest
created: e/c/debdad2f531594f467240ae8cab4a8-3026021.o
created: 1/f/aa592586784ce39b473f0f2e0a61d7-52190.manifest
created: 3/a/44117cbbbf4de60a18ecbf25184d3f-13449.manifest
created: 2/d/ea73acf6b3b8db7ed8d0e4eee34fce-4849179.o
created: 1/b/d748337461fe4926928c34a57b0e4c-3134082.o
created: 1/f/8b4bd6a6483c43551d22433cbd77d1-3994063.o
created: 9/8/1cb1ba37dd69b349185931a5063dab-2999611.o
created: 4/8/d5df6063c9c5485dcdf89932e34447-7715.manifest
created: 8/c/41e1ab56a02acb1547fbd982e07773-5348.manifest
created: e/1/bc068fc8b3fc988592b68e12d5c9e2-2686251.o
created: d/9/83e95538f7843c0698e08ea6309a5b-22637.manifest
created: f/2/132c0c6fcfc98f9befa031686d96d3-6837870.o
created: c/3/bb7ef476b02aeb959896ed6d7a9ba0-6751.manifest
created: 2/0/9d856426d69cb29084a749950340d1-10421.manifest
created: d/8/5195da96d225229304c25b8e204cc2-18438.manifest
created: 2/7/3a7c002ac876ef2b98d66fcc73ec05-3506541.o
created: f/5/48b8558bdac237c36f3789bf3fffba-11074.manifest
created: 2/b/251ccc19f710e326d145b3fe2e553c-28916.manifest
created: 4/6/10cf8949286e4079afeb0b0572bcf2-1544.manifest
created: 0/d/90041b74dbbc3ec8dbefa4c3d4cb5b-18552.manifest
created: 8/b/0329e2826745e56b1ee952eb185483-5593.manifest
created: e/4/c319b84080892c3dcfb5339e749434-17704740.o
created: 3/3/0f3797f1614c61ef229e4e26536552-2869859.o
created: f/8/6aee1e3de6917dc12c864ada5ab7bb-4150.manifest
created: b/d/d98187d7770a478b8e813f17e05326-4268.manifest
created: 5/f/f82094acd74ba31c53b5db711b037e-2991.manifest
created: d/1/85b23b8f3bc007485de405e45a1126-3506117.o
created: 1/2/367f6103ba545f6e21a87512ac5ad4-4890713.o
created: a/d/e8511a76b611505db78ec72e63639d-1015939.o
created: 9/3/edf11c475acb31f24d5543637e38e5-4876.manifest
modified: 1/stats
created: 0/9/166b9b60b2978c1e3dc3521c8c1fe3-3506367.o
created: c/4/61338b890bdde30aab62ad2661aeff-4529244.o
created: 3/1/7cacacb6999cfdfa40ba4a9cd56f55-4490898.o
created: e/2/523095aaf99244e827eae4891687b7-4451355.o
created: e/a/4688ada516ade03a5ae347dbce5d23-1773396.o
created: 6/6/331df2ec99310ed2f5b4b4ff175b8f-95121.manifest
created: 8/3/b73bfda132e3db2411b761f675e7ba-7013.manifest
created: b/5/cef7469ca7d95bfad381ad2685873f-2526841.o
created: 8/0/5c32757093b100dc84fe5ed88ba87f-21844.manifest
created: e/0/1592e31cfb13a89c066b698fe239f1-3961.manifest
created: 3/8/951507803fabbc80fcff811fe615dc-1582.manifest
created: 7/2/6c540ab43fb2af57de87a2d2083bc7-6438.manifest
created: e/f/7861e6415fb5cf808ee4643107b604-4163612.o
created: 4/9/383c5d1e26df53043fe2b3ef1eb62c-3020039.o
created: e/8/0b7aca1e4f5daf7e9316638e6bcce5-3022672.o
created: f/5/6f82312d411bdb7f8a7120d4329fcd-3609.manifest
created: 7/4/a8ac1796a3031bb0cbdc36b10db9b4-3303763.o
created: 2/3/2f3e4dd4a91f622d218333da6121cf-1376664.o
created: b/e/22e9a04f7a5cf22cc62fa93ae5850a-8429.manifest
created: d/b/6a702c56c8cac2c603193b39c76b59-80546.manifest
created: 4/5/2d163f40ea03c66adb3a4816b783d9-2537497.o
created: 2/d/148555eaeef2c1c0a0be581e944fd4-4745.manifest
created: 5/3/6e24aaf9bcb522844bced920bb3f40-1879931.o
created: e/0/28577de6ae8b9d1e5c1ebd06f05ea2-3475747.o
created: 7/5/ddac29fc2dd5e3faad4617b88d3803-2996678.o
created: f/a/cb685b87159d7d45d014ec148748d0-2473485.o
created: 4/0/6c10e1cf10e704e683520c0c735c12-5024465.o
created: b/f/77947bfb4841a5410fd4c4b26aa75a-9485.manifest
created: d/7/65d21664dab04bb78f9493666d18b3-2749207.o
created: 7/c/7c1c71240f15335326f397d44f7d1b-256030.manifest
created: c/1/6563f083755520aafbd90e67d2af53-3132478.o
created: 2/d/2fd79d44f6099fbb32537d73a4266e-123554.manifest
created: 6/6/919b4664080448cfe95e61ee27a703-2782139.o
created: 9/3/271ba64581d1cfb7a7bc7676d79ded-5504.manifest
created: b/6/cbc82c951d7407a11f5342edba1eea-3264435.o
created: a/e/6a2de005c1c06da7b327f70dc44638-8034.manifest
created: 3/9/69f3473e894f2a691231f0f06bbbf3-9438.manifest
created: 5/1/5e7e8ffd47b6799aab8c808b5a4f84-3185463.o
modified: 7/stats
created: d/a/2169ee525a9665e02974fac48f15d8-2771016.o
created: 1/0/d8ebf85b4bb0f9d3373c34d96dab88-27541.manifest
created: 3/7/855f5bfffa2bb469b6622008616804-2656.manifest
created: 7/8/e1a40fd8675221f36295dd4ee1709e-10008.manifest
created: 9/a/a86665ba3e37d2afb3d1932b8c16bc-6338.manifest
created: c/c/562ab3d473f14fc8eaf4df48c67d89-5124853.o
created: 4/b/582201ebad2b015ed3b38404623b41-3251365.o
created: 8/a/88c006bb79b145730093d732fd457a-12380.manifest
created: 3/8/7d608caf56093a4cd441259460fa1e-9931.manifest
created: 7/c/b807218badf225c1c310067acb7274-2951754.o
created: b/0/3cd77d3472d620569bb902d0d8858b-10624.manifest
created: b/0/4782a34b06a05eb9b3e09ed0b2e41e-6102415.o
created: e/6/f4232eade499cd1afecb715e29f691-6621.manifest
created: 9/b/d429729374e5c903931e5224ce622b-12110.manifest
created: d/6/fa007b53dccfa2cfc2ac994dbc657a-2765000.o
modified: 4/stats
created: c/e/923e2ff461905e17f78185959104ae-3089570.o
created: 9/6/402346b9b6227a9d1f96948cf7c6b9-7550018.o
created: d/0/0826ccf165de92c19293aa0600dc27-4530507.o
created: 5/9/ed3cc0b574d77821a46b8311a24d1b-2091464.o
created: 0/c/6272bd423ffd467264decbe190d3f9-2273588.o
created: 2/e/b51e62ba8b8833a015192b2d9f1e82-2466.manifest
created: 4/8/200debecf9111f6ea989ea0c4fe92a-3185901.o
created: 7/4/a0355798a87926fed946ec43d483ba-1599612.o
created: c/d/da254fd0113b1487a227810f54fbdd-6359.manifest
created: 1/5/ae8c61acdd7cccf05cdb97a6c1599f-5159071.o
created: 4/c/f164349b749cb0c193284ba2e36bb2-3189.manifest
created: 4/b/fbd95cc79d0f7d871ae94cd81f4f3a-4791779.o
created: 5/e/6c0c6cfe0b4c1831cb3fa265360212-3226080.o
created: d/6/22fc0919129ca98a36b994062d4aaf-2763674.o
created: 5/a/487fdaa053e235fed1e9b2f59ac97b-7714072.o
created: f/5/06567630820df9e632e8259b59a548-1848164.o
created: 5/0/6b9ae6988eabcb720a1c2437a77a90-1607869.o
created: e/1/0f525c89761974f81f673eabb938cf-4767049.o
created: 0/3/48c3c1389f6cb6881d88e12457945f-10876.manifest
created: 4/3/b172d76d62bce46812d72e23ca0111-56355.manifest
created: a/1/ec690c504f907e86846236861eb53e-36629.manifest
created: b/e/55aaac513779eb41d5cb69ad6209fb-4763781.o
created: 8/e/88e95f34eee31c2d84ae9b9b28a9d8-2417399.o
created: a/3/d571d93289b6474074b09b4481085a-5555.manifest
created: 0/e/3e872e87be9b9a0129875128f2893a-18040.manifest
created: 1/9/71e3033e92da9b3b46f656d03adff1-4955425.o
created: 4/d/5d86a5052ae14bd89aa3365b734280-5920.manifest
created: 9/e/c9a1c6a4e9141befec3798dd5a03c4-4642.manifest
created: 3/e/10ef4eec4658857318a2591dce36cf-4999221.o
created: b/3/48cfc52b4feac1b09d8eba984553cd-10512.manifest
created: 3/2/c9f48fc408623cd9184087b2e9788d-8514.manifest
created: 9/4/e1ef5d4a466996847e04c549650ac7-2213776.o
created: e/1/27e1f7ad5f8b16c24779cca292f075-1402972.o
created: 4/2/a746471bc7508b1f45b00bcce75539-4074543.o
modified: e/stats
created: a/a/0a45a019e9d393c912352c3a120213-4340572.o
created: 3/c/98770d2a18d3d560efdf38c7b8b7bd-6969.manifest
created: 9/5/6f4eec2d462933fa9bae99d97d6206-88569.manifest
created: 8/b/d5ca9b824ce89dfe18cd6966f64f45-2628178.o
created: f/d/30a80ff94919402c4d64753501a9e4-5083731.o
created: 6/a/9a13b2550d9d001da5b7fe31c0da73-7197918.o
created: 0/4/413d65f42611da9bea98ed57fe955a-3651.manifest
modified: 8/stats
created: e/d/cbf13e27d6abc9753c995a0cf3e5b4-14457.manifest
created: 7/1/5c261d1b5f920a4527e9cb4070486a-2921508.o
created: 9/d/0e6b19e5f0d36a6b52800280ad63bb-5961.manifest
modified: 0/stats
created: 3/b/04149f2472963f01fefec1c41e68ed-2694456.o
created: 2/5/49930d9683367b1af42b16f507ce78-12052.manifest
created: 9/5/12a902a260a1eca0824c05a2cd8892-3950165.o
created: 6/0/176f09b308fa7414fc45529225adf7-4526149.o
created: b/6/882c509c4be5e2db3b6aec516a03db-3983.manifest
created: 9/8/8b8bd9cec7e91274ad7b1418b8a050-1942.manifest
created: 8/2/db0bfff61a6806391e6bb7e326b18b-2158314.o
created: 3/f/760a47570ce6e3ddd2fb818c3117a2-2576727.o
created: 2/c/446884f20aa89305925fa12d75ede1-4670.manifest
created: 5/e/15b5a195e27c51b45f1a32d4875546-4069.manifest
created: 6/4/63593557828e9ce2bf72b55b8b8af2-7349.manifest
created: 6/b/4bbba9c8734b7e2d2193bb3242ae04-3768202.o
created: 6/3/fa71d3a2d9d224653f52f341c6bbf2-2213.manifest
created: 9/0/5e926b1260d7e2510c9593730b5ae8-6967.manifest
created: 4/a/9a603932b9c22a3137d6495d39c2e5-2773876.o
created: 4/c/a6cad4a68d86b735d6566e2088014e-18303.manifest
created: a/4/ec3f9aada93d44f9d668f56a33dff1-3365753.o
created: 0/a/426fa3d14c3d1dc349373081ddda2a-4725304.o
created: 8/a/28bbdc9d6de99a2d2e8db5a28af323-1407.manifest
created: 3/d/b98c37d009747b9c1cb1c096dbb980-6690.manifest
created: c/b/ca48a4f180cad78cddbb2f22826799-2798950.o
created: e/9/25344505dfce9356871f44db84be50-5097066.o
created: c/4/83f4d612c6d9f5724f94048e1f1f99-6913.manifest
created: f/d/08a20c1de47c00822c8c8ecf37d6c4-3275324.o
created: f/9/53eb8c1d34a011263336044d0ac662-1916043.o
created: 5/a/73873425d1f26aeb5c9aec337477bb-66110.manifest
created: b/5/ae59194b1f42622e41094542413d8c-5755.manifest
created: 4/6/6bb2745e1741f2b28fa5d40528873f-6020302.o
created: 8/0/24b1e252eaa896b51ab2331acc66c2-2905546.o
created: 5/4/19ec767efe4892c88a7a710960985a-4501351.o
created: d/b/301eab4bc684ce3ab55754cd1b6575-3078.manifest
created: c/e/47caaa4ad4623c9c757dffdc8f1bb0-3895.manifest
created: 4/f/4c9bb69981a0a09d35b5975b47cc40-2001496.o
created: 5/4/b9242c30f3fbebbf50b8acc0cef1cd-6944.manifest
created: 4/a/5589522a8289f259df92765a4fdf75-2732.manifest
created: f/0/3c0f8fb0518d8eae32e74f9ceb0622-8143.manifest
created: d/5/e7295cbb23f096e7edc47ddb67c677-2945.manifest
created: 5/4/71994c7623423a50c207984d87507e-2397650.o
created: c/5/dad9c4f1092310e28e516a75cbf14f-3257.manifest
created: b/a/02fd79d063b0545e901252cd5e8b51-1369669.o
created: f/d/31a0066b1f6af5201adcce5aa8b211-6917.manifest
created: e/0/261de91a4d0baf1ea3e7f1bd860c35-7598.manifest
created: 3/4/413913a57cf252ca5f3fb29fe71645-2102584.o
created: 0/c/c572fa6c566c67bf92e82e373966db-3320.manifest
created: f/7/a95088ae9b8af9fcc9f4510c5bec00-5022555.o
created: 1/b/26f97d651e2cdb1e85e409182beb25-9001.manifest
created: 3/d/ddcf06e60d50cf6d06df4891be6d50-7348.manifest
created: 5/4/3dfcb88b3a1949229e4e78d412f4ec-2459054.o
created: 8/a/0792d299e6d0645193a006b2fb6a1c-1644703.o
created: e/a/7f31b3bc9f0fb3562e3c2d6654b296-16325.manifest
created: b/8/3d37583d62a05e3b55fcfb08683ab0-1594501.o
created: d/a/fbf5b328d9221781b7f68e83aad3e0-3951.manifest
created: 4/e/5fbd8790887f22eb26dee5e16b35ba-306076.o
created: 6/0/491e7ead4ece4ce194e0fda7ab9ce6-6764.manifest
created: 1/2/5d62d0546eb131f3e1039be8f53139-304893.o
created: 2/3/27035019442c60e8c3a311e3d67699-3172573.o
created: 9/a/f339e023c63f5344f73b8edb1e830b-31276.manifest
created: d/f/1cff8063d107b1bd679765b60fd1c6-102666.manifest
created: 0/9/c090a0e865213c5b9d59f62d36ba90-3130896.o
created: 8/b/f7e7162677084630052f12d5bd2c54-5045320.o
created: 2/d/b7178c77f1bda7e305bb093537f68d-6680669.o
created: 9/9/bbda66f6eec035740674a759978604-3494899.o
created: 1/e/bce979f54cc0c2b5676686bdd77dcc-3055657.o
created: a/5/203833455e44b28e329f46e99eebd6-3127047.o
created: 7/1/b8b5e246c0057f63fec8197650d7ec-2528057.o
created: b/8/8e23e7d3bf3ebe1381553a43e87b85-87174.manifest
created: e/9/17fb353055f1747b08e1a8aebaa973-6318.manifest
created: 2/e/de3f96149785578bc3d6e90b1ed86c-3232643.o
modified: 3/stats
created: d/4/4ef1c930aab9c5bf0cf798adf35430-12786.manifest
created: 7/c/592357541411da9833ab2fa66339bf-12342.manifest
created: b/3/53785514068fefb838dc52cad1451e-5520.manifest
created: d/a/5769b88faadd98b0350a9f26f56214-5183565.o
created: 1/f/758ee8cf3e28820e52e930b34d4ee2-3088632.o
created: b/6/859600b7c2f20f6f46d2a6eb26b9fe-6752.manifest
created: 8/c/a9d7ca7ab5d13f41f56bfd02d3f218-23597.manifest
created: 9/5/2df894a3e36ce42cfaad70071f56f2-2009585.o
created: a/0/4c672576c97a292bf056c59f6c7abf-21202.manifest
created: 0/6/b2c5aa5cea479c78dd27991527f47e-7209.manifest
created: c/a/b537fb50293a5d7a4bf0243ff113f6-4465171.o
created: 9/1/b86c2798363c943e9de87a75e3812d-18493.manifest
created: 3/b/2f4979b5d9ca037eb5ad587a4b828d-1495.manifest
created: 6/2/0ee1e999ed0962a4aac9dbd0990bcc-2693444.o
created: 4/d/cb60bc426df9478620df7fd0d0d3f9-1963472.o
modified: a/stats
created: 0/9/40b10ad6111d45828830605127f765-13300.manifest
created: c/f/6a57e3674f77b1b9424a760e3ee331-1782283.o
created: 3/c/224fd29cdcfb81a8fa44806396d506-2459.manifest
created: a/8/f58c3edba5db69eda08c6bf1e88e16-4205446.o
created: 1/4/e889b0853aea56822b337fbd5dcb64-9025.manifest
created: 7/5/aaeb6c0cebaaa6e9e8fb19ffff515b-6912.manifest
created: 7/6/560449d523117ca336e2571b9688d9-5719.manifest
created: 6/a/953386670b34f8a1ee2be0fda94074-7907.manifest
created: d/d/4ad407435927f940e1874a0d1717a3-6445.manifest
created: 8/c/e66fccb952f1410fd0c1d8cefb539e-3471.manifest
created: 9/3/f48f423f17556323d6463556232f5e-3943.manifest
created: 4/6/f7d537b3b5c96c99fbf92c20e1df3e-1803689.o
created: 5/c/577abcb5a9e0ff806dacd014e588a2-4756701.o
created: 3/4/fa9105494f518b944d80556c1db87b-43576.manifest
created: 1/0/c866a3baa3799df3fb5c0715b35f46-1534224.o
created: d/d/2aad210adf62d37df53916471c4167-3179155.o
created: 0/0/41f296ab6ba45fb32b3de6fc66189f-4547540.o
created: 2/7/b37ad184a610f0b7f3edf78ca480de-2120622.o
created: a/1/e9e8ff4b785dfc34bde85be974c23a-7554.manifest
created: e/a/e01b813c59dda2c309a145f4e61f5b-4917.manifest
created: e/8/9682cb6627d35f59560b2860e7e06b-2904786.o
created: 5/f/1d5c5cd4307bcb6c7c8c544170a351-5050676.o
created: 7/7/a2340ddaab87f57084af1d6ef11040-3400778.o
created: f/0/10b1fef2b74c39c50a2f45a10bd9f3-3072092.o
created: f/3/dfdfd97a95e473c091a02601cef4eb-5024704.o
created: 0/a/0542d3bd8db9420587c79296a71d0a-1435.manifest
created: 6/c/481cf3290e530a1b6f3ef5de6f64d5-3316672.o
created: a/3/5c635ab2085e481bfa2f6d92f811f4-1414759.o
created: 6/2/c3c29262f5d881fd46ee6d6dd476cf-5346.manifest
created: e/4/833bac2494c0a1351bc545ae9a84ec-11407.manifest
created: f/e/6022e3034ebd5f824e7cd2a7bfb4de-2632169.o
created: 1/7/0e00a7adb7a1060faf3e983492c1ff-8607.manifest
created: 7/5/a2c341331edbc0a5f1fc4e8393397b-9833.manifest
created: d/7/13ea158c2f8f8e9fafbf74677496b7-1486.manifest
modified: 5/stats
created: 4/c/32a34d98eb864d5320f9012f3c71ba-2716829.o
created: 5/6/5e42308b00c7a20f1a6c445fed99ad-1435.manifest
created: 6/1/507b759fee05a33efeb5922f846ff6-3147.manifest
created: 7/5/16928e8be497fa788a3f5297218fce-1294862.o
created: 3/7/dd30ea05c500a303a1b3455264761c-1758374.o
created: d/6/e1fa1f05a09b0b9035ca3534dae8cc-4703445.o
created: 4/4/7037aed8472105b948de9199ca4173-8886.manifest
created: 8/6/25763cad67b95901920bb69b01fc82-1944158.o
created: d/7/a587016da6cf6860d5ab84c7208e7c-1994412.o
created: 4/a/075d9f32282a800082a139511181ca-3198.manifest
created: a/2/0dc1a1bc864b2c4ad1990e8656045c-2934.manifest
created: d/3/eb9f3ed561ad7e6825c6452c1316c5-4537298.o
created: f/2/d9b05620514dbc1e6a2bd49bf1dc0f-8719.manifest
created: 0/b/c6a66d793e457fe838beb67c419d80-79851.o
created: 9/2/46e02fba9c0da0ee8bdb5f424a847a-2822059.o
created: a/6/2d97ca9dad58a0d20bbdf1b68ff474-2969865.o
created: f/a/b63ff3ce0fb2fa1188111e86ddd146-2606735.o
created: 9/7/23339652d14fd014a3c4fa39d523c9-6720178.o
created: f/f/4646603f7bdc77eb2f215c0f1f5deb-2902459.o
created: b/1/fd051638682f648ef9af75fb474058-4600702.o
created: 7/0/8796c1a41ba353ea82705fd5940931-2094539.o
created: 5/4/bfeb65cef9aa13c11a3b7fdf4b55e0-35835.manifest
created: c/8/da6f80167ff7c2354d0ba745abf716-16757.manifest
created: 4/5/c5cf5b7ae0214bbe69058e02606cb9-16421.manifest
created: 0/c/62dbc95874f4e7d5b70304558d3fdc-1527562.o
created: 1/5/233cb33385425939f57c693720ffd6-1834768.o
created: 5/e/9768cca2457f62427013811250d03c-14483.manifest
created: 8/7/e008f9c3b8dc338819f56c2b2a9986-24472.manifest
created: 2/c/d2b2e28b285f1dc22039fabad8b2ba-34045.manifest
created: 4/3/2c0a32d9566321c6056f4f0b09af31-6850.manifest
created: 9/3/6791eed6a51afbf3a6d73f0ddc59aa-7105.manifest
created: 6/7/667ecb167f6b60705a1a2440b6967d-7905.manifest
created: 5/1/da717b4dd209c2a3b4bad9532c6e1f-4461793.o
created: 9/c/402f28afc5551687e688e271908e09-1855.manifest
created: f/d/4ece60aa2dab7f2322e6703fb92c4f-17269.manifest
created: 4/8/8da1813f3816af805c68f790f345b0-5721.manifest
created: 8/d/7e68d5205e691d0597b0762464c4e1-2896559.o
created: d/a/2ca79448373343664d26e27c703655-6171832.o
created: 4/9/fa5814f4b18aba55e8553d443cd30e-6984554.o
created: 4/f/35766651122c8cb4527cb9b631925e-13736.manifest
created: 3/e/bbea7b6bab98a5c9dfe855361bdc7d-28607.manifest
created: 7/f/ca21dde7064d52c0ea5ddf03231892-11100.manifest
created: 4/0/0b9aa35b7ad646e085c7a0dae426cf-11239.manifest
created: f/9/08906c451f1ab6fbda05dbad95202b-2969934.o
created: c/a/c824c828245da8993cefbfe6f63109-3031.manifest
created: 0/4/0f8ed1ad73af42101fec447a2fec21-3361205.o
created: c/f/9acd651834dd39f4c2094a03ab0fd8-4178258.o
created: 3/1/343b3bba597d6d27b8aa5d972ace05-2925067.o
created: 1/7/1d6b27a6d16e99d9bee762d2da92e7-6330.manifest
created: 6/2/c9e2530df0e8de65a30aeb0aa0adc6-2445.manifest
created: 6/7/53cd1125ac3e88fb6952b6cc3b2559-3030453.o
created: d/6/2055ee3fafead74ccc33be283186a3-17716388.manifest
created: e/b/7d8b68758f82568f162cda3f871bd3-756807.o
created: f/4/7752202f30e44cca439e2b25d45117-4732296.o
created: f/f/44082ac39cf53be3b2b07ff2fd2db5-1654.manifest
created: b/6/ffb477a013cb025ecbbc7ea36b5863-4846252.o
created: 8/2/1917ac75d821c1543754fc4f49a75a-1341009.o
created: c/5/da8538851723ec6f637f9a00714a16-48703.manifest
created: f/2/0f360b83d622be1b5ab90d45dc3b9c-4483.manifest
created: f/2/e6403e24b27ec707dac98f3881f335-3085636.o
created: e/1/23243592b5c74abc3c01c0bad08517-3494.manifest
created: 5/e/2e7b949d32e6fee2b55e31c4aaa84b-4713.manifest
created: 6/9/85822f66b89f0ea2083436ae9341de-2797302.o
created: 6/1/86cf486ba13cb91964071c8bf31faf-7603.manifest
created: 2/4/b3fbc12af747a055ba268c51785605-9101.manifest
created: 5/8/943146429bc8fbb53b3c350c3dbb68-2929597.o
created: 5/d/0bf7970e53e33e5cc726d453cbf1f6-5125649.o
created: 5/8/ae870dcffb0bbeea5964d552df7c17-4461938.o
created: 9/4/97931d5187ff7b7c901a1b2e07bfec-4253066.o
created: 5/4/109543e9c6f2ae99daf3f38614c47d-14026.manifest
created: 5/f/57ab2d2f4e6f78caf1e8e44157e0c7-4740259.o
created: 1/9/932d32051523d2812e854ad96779d9-7697.manifest
created: 8/e/6f185e9640c0d64f02e9b3671412c7-2986593.o
created: 5/5/5613be5ee0fd0c5dbe426380ee366f-11984.manifest
created: 8/5/8554cadeb025cf1a470d1779da25fb-6536.manifest
created: f/0/5034e4ac4c49af4197d082ffaed897-5024130.o
created: 0/7/386bb1120aa9adb940bdb92a54a167-5384.manifest
created: 3/4/25112719932d3d079b6205e7897b2a-2843639.o
created: c/1/83d6067060db0bc0a64dddc5341953-2700241.o
modified: 9/stats
created: 9/1/303afdefef4811099f9f0dd3f5ce4e-2530528.o
created: 2/8/5d2ddb2705bedb31dc9b2d13faab43-5577254.o
created: 2/c/9f622c58238cbbcea9b7c83cd3c18a-5544.manifest
created: 3/1/f10755ce944b72f33140f96a52fc46-47401.manifest
created: 8/2/2cd1272d6352cfa0bd1568b9dfdd03-4951353.o
created: 0/8/537544a8b69c09b08c791ec1da6cf7-6522.manifest
created: c/9/b512a5e77f3cda4718feb6eb4e6994-2982746.o
created: e/e/e390284dd66e542500f718ca4dcb11-11740.manifest
created: 5/7/772fbcf4dba407dfbbfcf4cf09b914-7111.manifest
created: 7/8/b21bf801b7c819dcaf85a0f65e4778-2874.manifest
created: 9/9/f5028f76bfb515122c86e197b7146d-104046.manifest
created: 1/6/2a34f2d8b2866d58dcb87e52c1dd13-11853.manifest
created: 9/4/f8c57d2192d3f966fb0d9fdee05b66-2008.manifest
created: c/f/a2629c532d2d243a73d0f7e883ef52-4438.manifest
created: 0/2/c637066fe64ee409241d12e9fbfc3a-3225.manifest
created: 2/0/71fa947b8494cc97ea40a0d1f8be57-7810.manifest
created: 7/2/6344a16a17a067abd0785ecf3ab7eb-2538227.o
created: 9/d/4aa4bd8f75f315c9c12e63dd8d3909-1582702.o
created: e/8/a66b57e31cc4413a53d90f9d3198c6-12335.manifest
created: 2/c/76b911b2acb0625ebd39f07c12c7cb-6045.manifest
created: a/8/ac8b98c62c9e3b110336224220704b-4496659.o
created: e/a/c0160631e83235a359bfa62f244816-10235.manifest
created: 0/1/69e67ed70727317805022d4d0761d8-6736.manifest
created: 9/8/7011492680177828cbf165954204c9-3099227.o
created: d/1/22f05bdf6028f0e157f75e2a8cd1e8-2897006.o
created: 6/a/78d6766f7a2fa660b8cee73bd824bb-1656.manifest
created: 9/a/60f2d1633a8a991ca9558456149e6d-1600958.o
created: 5/1/b2b9eb582f77d0f986416c25b696b7-4985932.o
created: 2/8/96ac6b2efe3e3057aa3322039b9253-37225.manifest
created: 3/6/618bba8b626f1258d30d8ba776fdba-4920645.o
created: 5/7/cb4e45d534430716f3ec5c7c0bce4b-3732.manifest
created: d/2/72f0ef83c4a35410ee1f88fb672894-2372207.o
created: 0/b/1280185de5ecf3887fccccab4f7109-3948.manifest
created: 0/f/e5dbdac8e87c8d0d814c4604e053b9-2855435.manifest
created: 5/3/98bfb38065dd8d0565d3f1860062e2-4929432.o
created: 3/f/0105cdf0a8df71274c9f44491d0a9f-3439.manifest
created: 1/5/fd4e2eaf9bf554a69cbb29b1b85839-2899966.o
created: 6/9/6ddb3bb9c65165cdb6383ad17b81a2-24584.manifest
created: b/1/01e450c84f55b4c5487cd3482e4f49-4667790.o
created: 0/3/be30aac70377f103964547e0ebbbbd-3203.manifest
created: 5/6/fdc36789aff56da60c3939bffdd88d-14712.manifest
created: d/7/8d13e0f670af306c2c2f7ae604bb43-16378.manifest
created: 7/9/079dab1f53bda34da7537f09a96716-5650.manifest
created: 8/4/7ae9e174386d5fd4de566474e92506-6254.manifest
created: 4/3/005e322e253c6513760b30a5c8c117-4034.manifest
created: 3/c/f087345dbaff51139f977fccf2a719-5080085.o
created: 5/5/1c0fd5367a013287262be360ce310f-13163.manifest
created: f/d/5233a2ccaa92f3d465d25dcfb3e0ef-5037158.o
created: 9/3/e97400edbad659a59682a293b4c57f-5175578.o
created: 2/d/f678ab859ebcb450969b45c89600d4-1334447.o
created: 5/5/331743a58bad0ad718f99f7ae5bcf9-1936980.o
created: b/5/e2b3d916adca3b8f0f31246613114c-2399.manifest
created: d/5/f0ea74bba00cfe30dc65391bba7aed-3109743.o
created: a/7/512adea99d4cef883d05230586f29b-1939689.o
created: a/2/ba84307fddf0e849771e1c01b4300c-28115.manifest
created: c/4/8713997335637df42a084d6eb55037-4628840.o
created: c/8/0254346c1238a878ade050dc276fa2-15082.manifest
created: 1/8/c03a83bafcc61e3406921300b6a732-304874.o
created: 1/8/cdbf30efaaee5c4b6250b74f5a05eb-8253.manifest
created: 7/9/93f332893d35cd50dd8101a2fd1069-6625024.o
created: f/6/ec6cc9332bd41b5a71811db3cad2a7-2988388.o
deleted: 8/a/cd28ad8bb0921514ea24895e88693c-7697.manifest
deleted: 2/4/331a1bb36341106a32c64b228ca5d9-2771532.o
deleted: a/d/43d316d1f95724279c8c4ea679e3d4-1773396.o
deleted: b/2/b23595eb9077310e6e7e5c604194d3-2765741.o
deleted: d/0/dc0f452c6c9d4efe7fc1478ba98f36-1592142.o
deleted: 6/3/d192ef47d6bb2b20203f59585aa5a2-2975.manifest
deleted: 2/2/756dfea957331b3fd528a83d318f0d-2771016.o
deleted: 1/b/b4710a7fc9865a90a933c86e714cd5-11528.manifest
deleted: a/a/72db3dceb91033d6c89dde61471b7f-1922.manifest
deleted: 5/6/8c37cd99671f9ba7ce07fdfba0cab2-4526149.o
deleted: 6/d/875f8ab99ca60236e232315dc705fe-3494899.o
deleted: 6/8/3c0424bfbcefe4754c58e9fc13434c-38453.manifest
deleted: 8/5/e0a10a62181894eb621c78cd44c112-6032.manifest
deleted: 6/f/4277065472ac5bcbe7b26922111928-2693221.o
deleted: 0/1/8fd42c2df3e80bea6f338029b86557-2290937.o
deleted: 5/8/d4a21e0962084eecf35160a7558d60-4917.manifest
deleted: 8/9/4cdd27f466f53f944dd6c735a9b868-2829724.o
deleted: e/a/e47e1192faed408c1b7d281479afd1-2056647.o
deleted: d/1/54490e3ccf21c13c91f132ade50475-1927.manifest
deleted: d/1/c85715f7487ae8bc217d573704eff2-2662640.o
deleted: 6/3/d3003df415272555ed3fc076a2efa7-9492.manifest
deleted: 6/a/5832538b56061758d89ecfc36fca66-3961.manifest
deleted: 6/2/d38b5bd164d4973b589befb0476ee6-3109743.o
deleted: a/3/937b3ebc740c20422b6b553563f3f7-4984573.o
deleted: 2/2/8d6434791209d6841898a010f3c19f-3302859.o
deleted: b/0/d21dfa0cb445180de560b6ed77e4d6-2112132.o
deleted: 5/9/2ccf0d636ae08a5fa093ebb2eb20cc-5175578.o
deleted: f/1/eb7d33b5029951b0d61906b6f9091a-10624.manifest
deleted: 5/4/bd45bcc6a246ca67659c6e1892f48f-2337384.o
deleted: 6/1/de514bf181a974cae50956d32966d8-33468.manifest
deleted: e/e/6e8e1121a3dc0616e34910f489dda5-6764.manifest
deleted: 1/2/3aed40dcd5a59f9029ef2788477a70-14026.manifest
deleted: 0/6/51cd11f6ac493a7281fa9a53470622-2120622.o
deleted: 4/b/323d59f2c6b7b026cd06b2ce5c11a0-5096.manifest
deleted: d/c/56d1c558efd19d332f774e46093368-3232643.o
deleted: 6/e/d4507cc9284c22fabfd0a83e298057-5789.manifest
deleted: 8/1/ef9ffd3f79cb5811b8a8bf51e62d14-4703445.o
deleted: f/6/9009654702236e4787b1e0b74dcc63-7893.manifest
deleted: b/3/04e477539136a2050863a31cdc88ef-4718784.o
deleted: f/1/e362e993009e25a2252dec12e2e263-4555835.o
deleted: 3/3/e2f229d955d659558efacb1034df50-1900337.o
deleted: 1/7/c23111b1f79272abcfd7abe222ed5a-24854.manifest
deleted: 4/d/a8deef301ed8bc6cc5fb32c48879cd-1435.manifest
deleted: 5/3/56eaf2dbcd1f961562499e81553952-1916043.o
deleted: 6/0/5b92a0e4ed68bd3fcd2ff0e95b7ada-7151173.o
deleted: 3/2/fae699d49f76355905f15a4128eacf-2273588.o
deleted: 6/f/1bdf53d26b35e72b66b7a91b32c382-3798919.o
deleted: 8/3/9ade92e0b86e14ccd5d6ea7faae6a1-12342.manifest
deleted: 2/3/0e5625404d4be3d732dc0759359c76-6625024.o
deleted: 1/0/f946c084d4345fb937033cd25b265e-4455.manifest
deleted: 4/c/6957fe016bf908f5f09a9649ea5d57-5188.manifest
deleted: 6/5/8910035397f17b3adc5a92b7085058-29733.manifest
deleted: 4/3/00e0e7067de9ce9f9db3e963fc7dad-3756.manifest
deleted: d/2/2c20065b7aeff199d5a2ab1d0447f2-3185901.o
deleted: 0/9/8eb3c03e8973a3d2547a5209b9ee0b-13736.manifest
deleted: 1/0/463d2fdcf13f9249bf8c5aaea754d9-11853.manifest
deleted: 6/1/43da81abc941b26d3a67d5c53757f4-47563.manifest
deleted: 5/2/b869b905d8d3dd826f9cf3a792627f-1601533.o
deleted: d/8/eccee4bfaa292f3afe4a256f5395fe-3943.manifest
deleted: 4/1/5f98c8bbe7444bb98bee37833cd170-6912.manifest
deleted: d/a/ebdf605e65ec2622f4edf3813f9449-3092206.o
deleted: 4/9/78bb64eff1194b0ad50dc402b29d4e-1612775.o
deleted: c/8/840f6c893464b6627b30c516dc7838-6884.manifest
deleted: f/6/07d395d8228d2dad840ead506e3cd2-2530292.o
deleted: 1/9/6510c469fc98c2cbd6c30974d39830-2299648.o
deleted: 6/5/a2df37ef63d7e2b3db943781943301-6359.manifest
deleted: 5/0/bae15f2f8201927464a5c0d3a177fe-1782283.o
deleted: 5/4/258f06fae143301d3b08b861484a00-1395012.o
deleted: 9/2/97d329faf7b813c704855206037474-7105.manifest
deleted: a/3/0762b5c34ff306fdefe9b949fa20fe-1435.manifest
deleted: 4/b/d89989152853534cb56f9b25567acd-1994412.o
deleted: 4/d/5aee3d950b1733c3ecbbfd96ee29a6-1402972.o
deleted: 1/a/10688eef17e2379af4e1c498e1b0b2-6338.manifest
deleted: 6/8/95c5a6e9833b72e7f9e5a8fbc6eadb-2001496.o
deleted: c/a/55492e2da23c8f0ad9bab156b96b15-8558.manifest
deleted: c/a/9817089124ce42c6887cb03b6e6c35-4823299.o
deleted: b/c/504bef335ef63825ad51e72ccf7020-10299.manifest
deleted: b/f/8994cf11d73cbd4c3f14f36abf6c50-14738.manifest
deleted: 1/5/d35c63d575c428afe63f673a05cab6-3255546.o
deleted: 3/9/1e77493b6dd8452e9b6246d3c5662e-3114607.o
deleted: d/8/8e996a57b8a540d59f54b0bd3f79bd-1942.manifest
deleted: d/b/53045d2541a801f9b8c12ad18f5eaa-1803689.o
deleted: e/8/522ad2417bdd3f964dc1b94a49bd38-2572406.o
deleted: 1/c/c1fa882c4b5d0a8651233bd279d2c6-2878388.o
deleted: a/d/3eff002a1900cca21966801d296409-1976.manifest
deleted: 5/9/6253fe2896f78caa05cccff266e331-1394983.o
deleted: 8/3/e6b938b4cf451da5e85864cd30c0e3-102666.manifest
deleted: 0/7/a28a9162f713179789b55c0bfd0901-2951754.o
deleted: 4/d/ac13165bc9d3186aae0f1216658403-3076396.o
deleted: 4/9/2e98210e57f47ff6592a614a3032aa-3983.manifest
deleted: 9/5/7894b278c44ac392b6a319884b2e70-1144029.o
deleted: 4/b/660cb836aab9f28d6ee1a6104a1bc5-4547540.o
deleted: 0/a/7916ddbb28ddbe9f44bcafb3e8edb6-1334447.o
deleted: 1/5/b866bea6c902daf603fabdd887111f-2466.manifest
deleted: e/2/cb5200a5573f2337f7af011cac728d-2905546.o
deleted: e/f/2b23f8c2fbcadb2530877a7835fa5b-5555.manifest
deleted: 6/8/d81cf9387212089209bd2b84b94b16-5721.manifest
deleted: 4/c/62f1453f8c6a394e31c7099f343bfb-5561621.o
deleted: 1/2/a52782452baaeb4750feb39690beb6-1369669.o
deleted: b/f/4dab5102f29f7aba55e08d64d33608-4984573.o
deleted: 0/a/a66e879641b8d84837f35dd2dd1792-3831691.o
deleted: e/e/6e01ae5a796e0ed57daa17f5ed167e-6254.manifest
deleted: 4/6/0271d7fe137fc9aee37aeb011d4ca4-6576.manifest
deleted: 6/3/c9256c15745731e21b299825f9e6a3-3023624.o
deleted: 6/8/c4d527d282d9db9afb066ebb6aae83-6915.manifest
deleted: 0/4/9b07d49b531190a1a6ab0fb79f8a8e-2797302.o
deleted: e/3/c7a75f67d70520f9d6556839a1a6ba-8143.manifest
deleted: e/5/9de397983acdfc18c909f51126f179-4438.manifest
deleted: c/a/234ec9ddaba34f70ece2cdabca40aa-4745.manifest
deleted: d/8/b5a3e4479a9c96df8744b48ff655b0-2004.manifest
deleted: 1/0/d3107f55396c77648768be6dd7b633-18123.manifest
deleted: 1/0/4390011284ccb6b2d177c2a9d2fabc-23963.manifest
deleted: 2/1/2c7255582ab88351e7ae8748c328d4-10604.manifest
deleted: 1/6/7288a47591e9a436c3ab85f71c24d6-4490867.o
deleted: 2/2/7b66206e99a4c78915c9e9c2fcd1cf-5010582.o
deleted: 3/5/a9f2eaafe0de1ba1b43da0c02f5b0d-66110.manifest
deleted: 3/3/aa1873177acbad9ac2682a870cf25c-3609.manifest
deleted: 0/8/0fcb5fc7091ded796edee4f81cc54d-8171.manifest
deleted: c/8/4238e2d8074ed1faac1a3f89a11561-11679.manifest
deleted: c/9/606ad47ecab51eb166c52e9d8e1bb0-5973.manifest
deleted: c/9/050b7bbf29ae13b687883952873eed-88569.manifest
deleted: 5/0/1f64bee9ad53f4b67b7d24f77a80cd-1818049.o
deleted: c/9/211f3842d48124d720fb94df72b0f2-9800.manifest
deleted: a/2/881391112795e2dc5687782025cd78-2679861.o
deleted: 6/f/1bcab5860d6382026fc2835581079e-1337917.o
deleted: b/a/58430b0bf3777cd7a385b04b88292f-18493.manifest
deleted: e/c/f17ca35976c757cecfef7f7089da90-8178.manifest
deleted: f/4/c4f5e6632242653fe6a3c2313cb716-6690.manifest
deleted: 0/b/c6cf1e5143a21d02d56e392e6a29f3-2732.manifest
deleted: 6/f/60647a0c12c2123a7656c7013f3aad-4792484.o
deleted: 1/5/e347b17d9f883b8d00cbff052b8561-3506475.o
deleted: 6/3/5e502e7b728bcb0d2f95fee8de32d7-3008617.o
deleted: 0/6/c8164958ef7c055fbb8692b498158f-4495269.o
deleted: 6/c/00043af62d0d02b8fa68dac6c16a2f-5721.manifest
deleted: 9/8/5c378707fff649cea8e9aa12fdac61-1661.manifest
deleted: b/c/88a8a0f2ba3f8bb704e4a3a63c5eae-10421.manifest
deleted: b/f/4a0a5e78c57140a6a3a84cf809d2e9-15063.manifest
deleted: 0/1/4383310cbe04af6423dd49214a03c3-1834.manifest
deleted: 8/2/8077f188e784bf76933cdc45ed033d-4984831.o
deleted: f/0/f6ddcd7ecee9e8b4c6cc7af7c48f71-8719.manifest
deleted: 4/d/50a66add12033fc976c07e86afcc9c-281588.manifest
deleted: 8/a/985d1b421c643089a3c1306b91e39b-6318.manifest
deleted: 1/8/0bdac0a18126112dad5ac7aa9853e7-3815985.o
deleted: 0/b/cedf38a3a7b3ea5ae573a657016a11-3401290.o
deleted: 5/5/dfa4cc5e3d0a5637d7de8a5ccd110e-2840.manifest
deleted: d/7/6a069e8695e83a6121203dccdfdc24-4178258.o
deleted: f/6/34c380ca3b632d9b334e92896d6e7d-4955425.o
deleted: f/2/5f0f85f378de6c6adce34a4b40405a-2834545.o
deleted: 6/b/f73f66d3be3ff1133178749d5ff2f8-9931.manifest
deleted: 3/3/3caa8c190899eacf4ebd51289ac594-11139.manifest
deleted: 8/5/3a27bfdf0f335ccc38a8691c1dadc2-2376826.o
deleted: 8/b/1b726a78d0270a2aa65a29ffc32a1d-2632169.o
deleted: 4/b/9e9f62cd02f747f6832973cffa9157-5372.manifest
deleted: 4/a/9ee2e44abbd34747b2c23ce949b84f-3088189.o
deleted: 6/f/193b9dd6a4efe9ab5fd99b75fcda7c-2489564.o
deleted: 4/6/1a749360342d45c2b12db68dfd3c51-7810.manifest
deleted: 1/9/4f727afe20dc4a2d9c7e4dec420404-291096.o
deleted: d/0/5a0f82388ad5d55b68040edd41a565-4756701.o
deleted: 4/0/2d861ee38db04958aec7263be65901-3138323.o
deleted: c/a/c0596816d63a4dc195ee38e5f6fad4-4694385.o
deleted: e/2/3b515e0f6132487ddee481e1a2be98-3165402.o
deleted: 6/9/02c555d0698bb229532a541fe4b0e9-1546929.o
deleted: 1/5/7cc3c1f29563f2c39d6eb6d80ec8e8-4340572.o
deleted: 6/a/374176329936fd540992774f332794-4511.manifest
deleted: 2/1/07a0b6886b7a9bf6a28e8beb6dd838-6752.manifest
deleted: 4/d/54aa280f20a9616bb921ced2f6ee49-2900420.o
deleted: 6/1/7734d3ef32d4551dac29ab77e4c443-1337917.o
deleted: 6/e/dd0fe5450177cafcb32c2c1ed7ced7-5226.manifest
deleted: c/8/b82c5c965c853d781c220d88721d20-8429.manifest
deleted: 0/4/d091906b0704a2e264ff77e8622b9a-1581113.o
deleted: b/a/9f587962d518f73acb2340961fa8d2-6590.manifest
deleted: b/2/dcfbcd2b19c135fa830914c29edcd1-9485.manifest
deleted: 0/0/e791680a3bd4e0b034be5c8015538d-11359.manifest
deleted: 3/2/1a85052f5f6cce7e85fc1135aa263f-1334755.o
deleted: c/9/8ddcfd2fecfb86bab62ca69c8ea930-3088632.o
deleted: 5/9/8cea0583cd9eb176d28f9a241e6dc5-4734131.o
deleted: 3/5/b8e762c47c2c9ea972158c40b3b6fe-6850.manifest
deleted: f/3/34534979c78ec6123d15b46385d6fe-5650.manifest
deleted: a/6/d2c5c96555f7ab1aa6df7c6318835b-2451078.o
deleted: c/9/81b28b9b04552f3640934344cdebe2-2990498.o
deleted: c/1/6ecc5231960be27607bf5bee81dbf6-5178368.o
deleted: a/d/4d4c371b3840edadecb45f20b4e56c-1661739.o
deleted: 6/a/d3f78eff26b61ac13b25827976c12f-5188.manifest
deleted: 1/c/b082815f0d553b89fabcda8d691884-2902459.o
deleted: 6/f/1b5bb4ba115acc7c5593e7593010a5-2878390.o
deleted: a/7/b4f7ffd2a33a64f4c7925c2913a3f1-13292.manifest
deleted: c/4/a3a06d9203189f86385bb244ff6066-3305.manifest
deleted: f/8/b3917e82ebfb48456c64da193d82a4-325159.o
deleted: 6/9/a2e51140c1849306659e2a2860af47-6020302.o
deleted: b/f/46528b21c78e5f0ceec92b1914905d-3138323.o
deleted: e/8/f4eae92cf98143736cb315e2b98774-2798950.o
deleted: 3/9/3a0c38a924ced0c0e8b03f3bbb6c3f-1832.manifest
deleted: c/9/6b20830be2d9d05586ad8f6bf3889d-11740.manifest
deleted: c/9/f5a934559c1fc0a03414bc2742db19-1994412.o
deleted: 3/8/e21b89e02a0ea8ce030332e1267b71-4163612.o
deleted: 6/e/8f653f81863b0a56425b1645c7bbb9-3844652.o
deleted: 6/a/684cbc43e1ff1583f899e4116a26d8-11984.manifest
deleted: 1/3/adde689c422be69f831bd82a6f6903-4422797.o
deleted: 8/1/5ab6943cad1218c5d319b54a10da8e-5909.manifest
deleted: 6/f/12d0af2c292fd0accc0608890760e2-2606735.o
deleted: 6/e/97e9e197bf77c5c94c3a75ba52049f-5372.manifest
deleted: 8/0/753acd65a094177f0094c05ce7ac15-2686251.o
deleted: 8/9/2f8e29b55e9221b3c4ce37dc3a0827-79851.o
deleted: c/a/93c6b595cae8469f8876de1b0c7b88-3732.manifest
deleted: a/2/77757fa7e9304c038db3ddc33eb009-4849179.o
deleted: 2/2/e4210cb36d56e73de25f8ba0e8ea79-1334755.o
deleted: f/5/cf593ad8f7fa3c461b145802874b5f-2782139.o
deleted: 2/2/1a59e78272ae4b0e99a9ec0e1b1872-7603.manifest
deleted: 8/1/16b8a7eb05bf63f1a0d3c64d56c1c8-4694385.o
deleted: 1/b/e6cd89c1364a8d54610a81dfff77f8-11679.manifest
deleted: 1/1/6f98ab941d854a7ca9fd13e27fbc76-9656.manifest
deleted: 2/2/983a5777a38e3f6051d6d646dadc2e-3844652.o
deleted: 6/3/08aa517c63aeb193d63758188a53a4-11420.manifest
deleted: 1/6/cc6868b7605273573ae68e01b71158-3185463.o
deleted: 8/7/53cbabd829bebffbd77160d85af59b-8719.manifest
deleted: c/7/1f48d23043305c947a2796e4624b5d-5021611.o
deleted: 6/a/c4a5d5707e0353ae869c25a523ebde-12380.manifest
deleted: 6/d/b0f806f5c6627911eed6c9cfdf6f1e-5384.manifest
deleted: 9/5/d345edb8e1e779e50a08fb32c4cc7c-2031227.o
deleted: d/1/7b3327713847306bd6147aa27196df-14457.manifest
deleted: f/1/aa20099a9a355e59359a4956e88732-2771016.o
deleted: b/7/3bde475a205d9e3456ca0019748575-3506117.o
deleted: d/1/24e66a9fb3abbef87b769742ae73d3-3078.manifest
deleted: 0/9/ceb82d5cc5c0f7fcca79994fb5a23f-3030453.o
deleted: c/6/4dd202fcb1a41de17a41e2be491ec7-3035319.o
deleted: 9/2/b799baa8b57f6f9920b2d112f615bc-1338917.o
deleted: c/8/f87076475a5e5bfd53fb079be65fd9-12342.manifest
deleted: 1/4/9f62b0707ee576447daa9c6dce7626-7193.manifest
deleted: a/a/8d11c699b098ffb3dba104e687a0cb-7193.manifest
deleted: f/4/05e5adfeb1d87f802ef3c356bcb8a8-48875.manifest
deleted: 9/6/91039e47c8c3acdb155ff424e33116-3951.manifest
deleted: a/4/f0da078b5b96bd0afdfbed83f2e0ed-4428.manifest
deleted: 8/9/f80697ed5784dad62a7e8167096ac9-30788.manifest
deleted: b/d/c54f1f6b17cdbfd69e0e82904b9e6b-4687.manifest
deleted: b/e/e91a944f03e6db3098be1b3f2af9a0-2528057.o
deleted: 0/1/ab8c4adfcbec228317c1c1e9de920a-2834545.o
deleted: c/4/c7c3098ff8ec9da2c9a67bded1cd31-2009585.o
deleted: 1/7/1c5a4f4b0cbaf37e4d4d6d41b6b993-24472.manifest
deleted: 6/c/b4ae53da1e5b32feba03321d8dcef9-5183565.o
deleted: 4/0/cce5494591be71913ac85de32d851c-1346933.o
deleted: a/2/28795447a362119877c8847873f14e-12335.manifest
deleted: 9/3/e2285138c3170058161cb30ddaa740-4999221.o
deleted: 4/d/6244eeb34563a88a383d2d82a2b2d1-4788092.o
deleted: 1/6/96e7e7ccdf6fc8ed69117900e4f6e6-10968.manifest
deleted: 9/9/04cc1990bc0f79cb6cfb76065feef9-4740259.o
deleted: 9/6/b28c30a5d1288e2753d939d841d86c-2473485.o
deleted: f/4/25aa147db1dfb4bdaed5009294361f-1407.manifest
deleted: 8/6/8a46384ac460ff35e421ab6d81e84a-4713.manifest
deleted: 5/4/eec903693b3151cb26f1d6cafa475e-12786.manifest
deleted: 8/8/99044979bfee419d82fb67c014e4c1-18254.manifest
deleted: 1/5/097d034b61d85a3df34e05ca8b5450-5860.manifest
deleted: 6/3/e61d679c6bd68afdb52a9f4414e919-2921508.o
deleted: c/3/5e6c65dca0680a97777e4a1cc2252f-2934.manifest
deleted: c/9/928126f2baad5af7ddfc6dd3dbdc4e-28607.manifest
deleted: f/0/7db60c5d5c3ffd7b175c0e93a88102-1495.manifest
deleted: 0/4/4cfdfd2f4e5a8db5e1babb4ebf1613-12052.manifest
deleted: c/a/961d3bbdc6c34d5e2d0236c8371158-302657.o
deleted: 8/1/848826979e35f3c17c5b04faea9bc1-5765.manifest
deleted: 6/c/551cb8175ddb88d997ccbcf61ebc9f-412.o
deleted: 8/0/4d8985b084b467fdd0b759ba1e0fb2-7907.manifest
deleted: b/b/aec907f6f3262c8c1fb8c1de529b39-49967.manifest
deleted: c/4/aa05fd2a177896b0f9ecfbd95147e3-7348.manifest
deleted: 1/5/d6daac38af3d7ec7b3a0e424defbdc-6445.manifest
deleted: 6/1/5c82b51e7d4ce49fecaf596ebc2a5a-3198.manifest
deleted: 8/a/047cbbbdbeaf789888530670e23153-5024465.o
deleted: 1/a/0295214b91b3a4f99d246c2d6e6f08-58283.manifest
deleted: 6/e/b35998a9b6c443239620f12d1e502e-6752.manifest
deleted: e/e/07271dfee8c2d8080b18e5bcd60227-7819.manifest
deleted: 6/c/ea3c64288de7ef68d4af35a4fa01be-10421.manifest
deleted: e/f/2020d09d9bb70bcf4e89409d51c8c8-4119006.o
deleted: 3/6/be5898e15beaf601dc6d518c92aa15-5348.manifest
deleted: 1/5/8df96701bc0cda179bf4b2babdd43f-4490867.o
deleted: e/e/2b92c9a025ed6ae847e4a54cf65bd2-281588.manifest
deleted: 6/e/bb76d55f0326f71185450836dec1de-16757.manifest
deleted: 0/6/e093ce39df0afc834045ea20802f39-4767049.o
deleted: b/6/b9d94823f3d47ad997b5efdcfd817c-2783.manifest
deleted: e/e/f9e4472631290997226f1ba20bbeba-1592142.o
deleted: 1/3/89d21d87b76c999c36ca6ac8081703-6576.manifest
deleted: 8/1/079dd7136bd2e2af408f7aa2066895-8034.manifest
deleted: 0/8/e8e343aba90e53ebd90ca6a9151ca7-2191621.o
deleted: 4/b/5dc35c6106ba959d1f8e3893134cf9-1414759.o
deleted: 6/a/c6e2dd60d9b618c23a6b55519f40bb-1283.o
deleted: 6/9/f3c5010da09327cee4575b72c993d4-6621.manifest
deleted: 3/9/167b323ec85cd834cb9b14a12a031a-13300.manifest
deleted: e/e/3f4f9fbc11bfaa0e7d52fa3324a4d6-5920.manifest
deleted: 0/5/a2148eda9053d6b6fde8f4b0396ebb-20743.manifest
deleted: 5/3/00c49ae8eedc1c23743c659db64306-5045320.o
deleted: b/e/a533170b1df2048ca6aa4fa2c8346e-3135192.o
deleted: e/0/5c43c6702585b76bd18bfeb410929f-4455.manifest
deleted: 3/3/3a570bc3dd9020a4af77506bef5a15-5577254.o
deleted: 9/2/fd50d7e513229941b6956679446cb4-1484.manifest
deleted: 9/6/d08da0dce766b70e8efd880c642380-10008.manifest
deleted: 0/4/c0c2b95176baa3452f29ffa5a8791d-3270104.o
deleted: a/6/08225118eb9a0ee37bd9702df42211-3471.manifest
deleted: 8/2/a82c7685d6b8f8f22b5c880cf6cd2d-4568800.o
deleted: b/3/70bb7c356207ee0e525be1ff4ac60d-13471.manifest
deleted: 9/6/e0bf77d32993b495f73b0554db8c4d-304874.o
deleted: 6/e/d16eb8cbe9eeb3d30467b138a6ece6-23937.manifest
deleted: e/e/477bead405ba7fe51a6329ccd7716c-3160714.o
deleted: c/5/ec55919fc7af72b121d6926473f10d-1399.manifest
deleted: 1/0/8a83db25f9c7b917b6edd37c44206d-1766.manifest
deleted: 9/5/d66a61c6cec396ce8c3977f29606d7-21202.manifest
deleted: 3/9/875e05f2d404d8463fcfa871557f1e-18552.manifest
deleted: 8/8/878dc1c46c68030a54a4811520b263-7349.manifest
deleted: 4/b/fdb7e9a4812e2d64e73cb5a816ba28-2100932.o
deleted: 4/c/df87f5f98efa35a5c8bbaac7b48b10-16757.manifest
deleted: 8/3/6932f3b1e48e1f227c75e473fde68c-2991.manifest
deleted: 3/4/16f25b69a33072110177f09bae8442-4490898.o
deleted: 6/8/91730698448b717da35134e05d68f7-3136277.o
deleted: 2/1/83ddfc60105b4fe8afe18726e36c14-4890713.o
deleted: 2/0/e6b854bde1db9f6304f207296594c0-4530507.o
deleted: b/b/d881daff7a1b4d787b51e13383799c-5755.manifest
deleted: 6/6/aeafb93c9376bf6933679bed6fc219-168923.manifest
deleted: 6/1/a5d9208c47c8e390cc5591654dfc6d-30788.manifest
deleted: 9/8/52ca5a7e8f3aafebd198bcc9275446-5067039.o
deleted: d/1/b3f8d1549b0f7f397e306b3b1670a5-44570.manifest
deleted: 3/3/290a1c40a85c701cb502ecfde58b2f-104046.manifest
deleted: e/d/f85fd7cc2ea460ae62a79f5cb786e9-6912.manifest
deleted: 8/5/87fea0fde43c45151363a928b14c42-4496659.o
deleted: f/3/88d7783ca89fd8fcda037f5d431ba3-3506541.o
deleted: 6/3/cd35b7dbc012ead45509585fd1961b-2996678.o
deleted: 4/c/26355b53442bdd94d669637e22baa4-37087.manifest
deleted: d/1/366f5e25428b25708af211091040c5-9420.manifest
deleted: 4/4/3ce5b41fdee8ff524dcc6ddef6c59c-3251365.o
deleted: 2/2/a1761bf9a663f265ef2e63697836a8-16378.manifest
deleted: a/3/be899e19add226e9108540209986b2-4709.manifest
deleted: c/3/2f21384541a58f18cb696c3bdb80e3-2765000.o
deleted: e/c/848d169d424f84a8380c83dc7d50ab-1015939.o
deleted: 2/0/e08796bc4a1eb69017b62048abb81a-13501.manifest
deleted: e/3/eb98c31442d77602c0f0428665874a-6889.manifest
deleted: c/7/fa153a7cac1989e703882acbc8e3c5-7598.manifest
deleted: 1/6/ab9e9b416ef3f544c0d61758647313-52190.manifest
deleted: 4/0/255421db7100270a5932fd6f457ce9-1623.manifest
deleted: 4/c/a382d2a5cdc3bc16a9a02a7474c639-9025.manifest
deleted: a/0/9427d75a950e330b496749c5257368-8558.manifest
deleted: c/9/c7477611394da5e513ff78b9a64eb5-1396.manifest
deleted: 2/2/9b0a36349cc0a61a9b389c371e3d26-13163.manifest
deleted: 1/0/f83a1dd9e6bd39ac7813aa67bd0e7a-18439.manifest
deleted: 6/d/d1c5c952e1ff5ce7fb69942095f6fb-4264.manifest
deleted: 4/d/83941baf26fafbacd1287c269a2af6-2902239.o
deleted: e/b/fd994218fbfe3f0fd35947b0631006-3088632.o
deleted: b/0/dce49ac2bc5b9cbf56edbf81223ddd-8514.manifest
deleted: 6/8/77c455ca55fb24cb08c141c85a22d1-37087.manifest
deleted: a/1/861ef820026efcf5a41b75dc96a00f-4760.manifest
deleted: 6/7/7a925647beb02bb22c0a2b6e59597e-4600702.o
deleted: e/5/1be4b8538692500a517bdb66b79368-9025.manifest
deleted: 6/1/ae96cdfbc6178e49419852b5514825-5024704.o
deleted: 6/a/0b91fb4e556a63be3adf5911b53357-5268.manifest
deleted: e/d/d726d9651092501c7ea702f18dfde2-2056140.o
deleted: a/a/54e7fa3ce5f3fb246afe91bb74df49-756807.o
deleted: f/2/be2cfec6e8e141baa6175846ac265d-31229.manifest
deleted: a/c/83c2042f1d16dfd5c884f0fc3288e7-2843639.o
deleted: b/5/e6275c5089f7cf9c61489d9e117246-4537298.o
deleted: e/e/ed6e9bdcc04f5961f0a7fe9da9c7ec-1335509.o
deleted: e/e/3cd0483ba04037a6b71be0d8e3329b-21844.manifest
deleted: a/2/a8c086e7687669e91d238e581a8923-56355.manifest
deleted: b/0/b73b0875e1f7274c2ededad501cc78-5719.manifest
deleted: 1/c/0333e5fa1d5248725cf2f2fd0650e6-4069.manifest
deleted: 4/d/4e61d3b8ab23b9642e501927b2dc65-325159.o
deleted: 6/7/7b701bed038aec5639ddb60fd4bb4b-28607.manifest
deleted: b/6/9234110a55649b4ac49378ced7f13b-28251.manifest
deleted: 2/0/d8e0c861f65feec313f1d0f3ba4dd3-8899.manifest
deleted: e/3/d0a8860d2eb75e0fe6728e88e656cc-5593.manifest
deleted: e/c/183f67ca0b30f428c564b181226a5d-6705661.o
deleted: 8/0/3930c0ea0311773c0560ffbae9aeae-47401.manifest
deleted: 9/2/688fc53fc7c0c8647680901e612788-6984554.o
deleted: f/0/20b8acffea5de703752180309c7e7f-4119004.o
deleted: 6/7/f9c5cdadf2f0ad2d5e504853bf8a4a-1281.manifest
deleted: f/7/2075844a2b9b41ad3a48c51482d472-3006139.o
deleted: c/7/eb515a2e045edb83a7820a711981eb-8607.manifest
deleted: e/5/a7694ef466586acd1d1cfc39e6a6a0-17704740.o
deleted: b/2/eb25c4980a05e68d0e8985da1eb365-5692.manifest
deleted: 0/4/89b392e6850127517ad83df9718f76-3307205.o
deleted: 6/1/6c1e2adad9767b6d935584d2ad8bd8-15082.manifest
deleted: 5/5/0fac1999c2bd82d4d38a90846325d7-6522.manifest
deleted: 5/8/02ec981959b3486fed59120f55be8f-1333470.o
deleted: 0/7/c6be0631dba580ed7a052af17b6279-2526841.o
deleted: 0/b/2712332ca68bb6d0722c4f7b9701e3-6838488.o
deleted: d/5/4d377274f3755ab6473844095bd928-2213776.o
deleted: f/6/f928691dcbdb7a69ab9d9c2a4d139f-4732296.o
deleted: 6/3/4bcd961315adc249837d254445f689-5188.manifest
deleted: e/f/09b5ba4100bc570ac773fcec57b3ee-1922.manifest
deleted: 2/0/436ee5747109bc1cccd52f884df2b0-5055032.o
deleted: 6/9/2160d5ba73c9eb3e52231e848ab44a-14738.manifest
deleted: 6/e/09fdcfb9d82553b52f3fa71118f9bb-11984.manifest
deleted: a/2/47968367db003c6eb79bb99f9a0bf4-13768.manifest
deleted: b/c/6888ca11bb2278a004364467f5d3e0-18123.manifest
deleted: 4/0/b8acef191a1d7c100b2f9c8c845113-2925067.o
deleted: d/5/f69f9528081cae26baa2e02fd81216-2846485.o
deleted: d/5/8e04a6eca3d9bd19d609432744a0f3-5920.manifest
deleted: b/f/5ab44289aefb3a730480464148feda-3609.manifest
deleted: d/9/4ca0aaa0c782117c48d5b409f5b575-1527562.o
deleted: 2/0/79c1a7c660416ba2e8b0933203cbc1-2511.manifest
deleted: 6/c/cadf45be280e442ee43a2e0d1d7733-3994063.o
deleted: d/7/38b6f59177b9cc847f6fcc2ed841de-4745.manifest
deleted: 1/0/f998a9b84231381fdd515624d893c6-22209.manifest
deleted: a/c/9f29674eb6b6ce5455f1cbe260ac32-3225.manifest
deleted: 6/6/cca0f819b3ed8760cafd6ed42c5fd1-3109743.o
deleted: d/8/bddf45965e1c8f9a6a12b6d9502663-13449.manifest
deleted: 3/6/1ca9b0025ebd06529b967467b23b05-3127907.o
deleted: 4/9/eaa9783990435e9af56832ec0376a1-6579979.o
deleted: f/7/41944bf31a4777875ef86fdaec5832-3588.manifest
deleted: e/e/a5fbae20abebf3384f14b0c72298e0-4526151.o
deleted: 2/3/da5aefb2c143ec443ca6c428746132-11963.manifest
deleted: b/4/368c9e8943f5d41fc5e7535613a544-5127.manifest
deleted: d/9/066f8026fc3b366b10033c74e52fea-25913.manifest
deleted: e/e/888a91342fbbf8ebd595f5ddfd4496-1341009.o
deleted: 0/8/5df1972f21bd25a5b224bd9422790d-3995174.o
deleted: f/6/19cb9a571be38780ba917415984601-2996678.o
deleted: e/4/76424eba52dd1149ad56974ea0acd8-5789.manifest
deleted: 2/2/8b06ac7927dda139d31baac05031ab-7554.manifest
deleted: f/5/825ad0dc6b1529140d2a5ab4bd10d7-1402.manifest
deleted: f/7/f97bfc3d7987ebd30e302aee77bf72-3124943.o
deleted: 6/f/5ac9b2418b85f9801edb04fb1a894a-11853.manifest
deleted: 5/0/d8253c4e74796e68507d2b9e333eec-9001.manifest
deleted: e/e/59c37a3be10e30c1c9e5e23bc3151d-5059920.o
deleted: c/4/ece03af9e4f79994ce3166586f84b0-3023624.o
deleted: b/2/2da13988a665b80342745b33929134-4208.manifest
deleted: 1/1/46f2365d42472af9766804602007f3-6338.manifest
deleted: b/0/99e299a55afa14bc863c9923bcd080-1715.manifest
deleted: c/6/f881fa182169b469591aac9989aeed-3039.manifest
deleted: 1/8/bc5c7bd743dda5da6e6fd31df2f851-309809.o
deleted: b/2/4d36caf028efd4c7c8648bcb3479ea-4461938.o
deleted: b/2/726bedbcc33ed5b0f5876a6485a678-48875.manifest
deleted: 1/7/4ab50684f4fe243004cc436912e256-9656.manifest
deleted: 9/0/19901e4b601d7b281c14e7ec1428b4-306076.o
deleted: c/9/02f3875945cdce996633988e3342ec-1592142.o
deleted: c/9/a590543689b6e3f737aafb0bb15e9b-4773051.o
deleted: 6/d/d2cb69b048b22dc09393f1d819bef9-6680669.o
deleted: 6/f/6121e636769b55d7d92f3d50d98886-7712679.o
deleted: 1/a/195db76e4a9fb129f16e774242557b-6276013.o
deleted: 6/f/29dfe577d32ded68285d5f4db1cca4-6751.manifest
deleted: e/e/1054839c3273105e4152c5b33abf02-9078.manifest
deleted: b/7/07fe18aa3188b5e15c94a079d00002-3134082.o
deleted: a/b/a00bb6b4c30b3cd259457ebbec410e-5159071.o
deleted: c/a/3dda6a60d5476c34438b4bdfcbac1f-79851.o
deleted: 2/3/d8b6ae8b5b1ca0538b82fd564d80e3-1335509.o
deleted: a/c/bd081cddcaa8aca9b98706caa41ce5-7550018.o
deleted: 6/e/28b77a7c0da748dabbdba129b8aa9a-9001.manifest
deleted: e/d/cb699b8d8a73d7365cf44777f67497-4791779.o
deleted: d/0/c4cefcb28814dccd2dd300d3a1cc3e-1336806.o
deleted: e/e/d88f0730a5401c07461878255508f7-4773051.o
deleted: 1/8/b3f2bd2d725bc5068d54703a201000-3255546.o
deleted: 2/0/8b5c85237054e105922554717433a0-5574.manifest
deleted: 8/2/972666ceccf822672cca63e60e3f67-6850686.o
deleted: 6/e/d8bf4c7587833b507f55c071cfe9d0-4435746.o
deleted: c/3/a2310daf7cefe66a782c9f8f049070-8253.manifest
deleted: 8/6/c7785b726807e24bfdf6a244e9881b-2982746.o
deleted: a/0/42809c2d427ea03763e9117b5f9a18-3090392.o
deleted: b/8/358dad080834d1dd71d81da99a145a-412.o
deleted: e/9/8ccde036ab4a4474b37164a3381076-33195.manifest
deleted: f/4/77ad6051168731c29aac744658d028-49918.manifest
deleted: 8/4/98cbacfce7a18fae5dc6581ac6db69-5024704.o
deleted: d/5/7f6b595c5cbd2d37640f0de26d6310-10876.manifest
deleted: 1/c/12f279426ac2aad8332cce5a46a0ac-2399.manifest
deleted: 8/5/de3c11994a71e6bfa1bef595df5999-4465171.o
deleted: b/0/193e76d56796bf6f785d3ded6c5f4f-8997.manifest
deleted: b/b/0974296fb64bb4b1363c9b15cad259-36843.manifest
deleted: 5/1/b8320f977d363f8d5414e07a0202fe-2341.manifest
deleted: f/4/ee23db614e3e7d4326c8b8c3ec7c0f-4034.manifest
deleted: f/8/d1000bc6b7ef265c0cf16f1c42ac1f-1579674.o
deleted: f/6/00807fdb7ed522871c440de0461c69-1839738.o
deleted: b/4/0edc15d87ee28deb94ab35f0ae634f-4205446.o
deleted: 1/2/e83a4c0a85322a44b975ec4ed37174-5083731.o
deleted: b/7/3734ba05a3b9dacab1c230d7ea8dd5-31229.manifest
deleted: f/3/8a069ee0b3cfa709cf681b9bda1cde-6889.manifest
deleted: 4/c/0f9b43c8052069f1ac1a3acf8562c5-12790.manifest
deleted: 8/6/46eb1e6132a1dbfe94e2f8c0531439-43576.manifest
deleted: 9/6/6e8bf15147cb33462bb8be3a4ec901-4422797.o
deleted: c/9/6eed6400ef7711595b0af29eed4bbe-1497.manifest
deleted: 3/0/38c7193b921729c407580372e44e2d-3160714.o
deleted: c/8/6030240f1858d7b37087dd0cbafe3a-16486.manifest
deleted: 4/a/64d15a0ff58d0939462da70553a4de-2900420.o
deleted: c/1/4ccfd68da19b569be7c0223fbb553e-2094539.o
deleted: 1/3/17fb1d7cf6972f65b5df2d9328e258-2899863.o
deleted: d/3/77d02a80a437cf0a34c84ecd3d7d88-95121.manifest
deleted: 3/9/1fdbf900984226483467c0b7e1ee6d-4514958.o
deleted: 6/7/5f425e78a60f445f073f0bfae9d8c0-4074543.o
deleted: 1/3/484d5ad75ee5f621b19bc20fa05588-1487.manifest
deleted: 8/8/dd8141ad0ab5e80e902857ec5c3105-2399.manifest
deleted: d/3/f5d3c5aedbf91d58bd26c469e9f301-2732.manifest
deleted: 6/b/7ce5530f1f040018bd59a1beebf536-3275324.o
deleted: 8/2/04184486e6e94602e7464684711729-1557993.o
deleted: e/5/69569324e86a716cf8d0b2b7e26dfc-1610982.o
deleted: 4/2/58f9a725646bcdb41b17838e93eec2-290888.o
deleted: 6/2/e0ba7b3e42e5e6aee39cd806d90f7d-5714.manifest
deleted: 6/8/67a840915135ef8307666c30b32609-28251.manifest
deleted: b/9/cf524b1ff3e8f5fd9abddf0e88af2c-4725304.o
deleted: 0/1/84e4a8d20abf6bf453fd5116a764c6-263380.o
deleted: b/a/3a782902cee71c88e3c238a9ee5639-2527013.o
deleted: b/d/537a3f696f504b993612986e6af73f-1371666.o
deleted: f/5/d30916a67382be9ae7363aaa18dca7-1398219.o
deleted: c/3/59d9dbcbc0b9800779239b95af8632-2896048.o
deleted: 4/5/4cd2522162e6986a384566c45b6160-12110.manifest
deleted: 8/a/ce68e035d10c03cac123757d2f3836-6579979.o
deleted: 4/a/1fddf54eda7738a194a18ec2a309a7-9944.manifest
deleted: b/8/b380a4f98db1b3e7799c8f4c157900-6837870.o
deleted: e/0/0abbaac0c5ae524661209d26d0f068-1401733.o
deleted: 6/d/b8a2dbea4b43d7066f000e2fb29615-3018241.o
deleted: 4/a/d50cd76f58a11ba4caeb558312e93a-29819.manifest
deleted: e/d/ce920f0969df233df4a3be7dcc5aec-10685.manifest
deleted: 8/3/824245844ce574459bf3759c90fa98-6510.manifest
deleted: 1/a/8318774e986e111f2ae8ce600be8c4-123554.manifest
deleted: 2/2/f35a69f0b6d1425f8f12eef3bd6cec-1376664.o
deleted: 4/6/e7083c47952f779560d0f3dd4768fd-1603191.o
deleted: 4/9/3714d755b0c984a3531f4a7b0cb274-43312.manifest
deleted: 5/4/2e636803312bebfb6739fd83c69001-37225.manifest
deleted: 1/9/525a794e643af9b1d39c82cf7ce0bc-5124853.o
deleted: 6/d/daa1c0543a4bcc46e691b64d9237a5-6536.manifest
deleted: 3/1/e99e2e380664818fa170d7253c0d3d-4642.manifest
deleted: 4/4/e91d6df1605cebb0e14a0388ff00c5-2773876.o
deleted: 6/0/8bb5c7b700412da63b3fec17628c88-8143.manifest
deleted: 6/e/b91c1687c336845a55cc42113f2c57-1352825.o
deleted: 4/8/2a5a105460dc0e46b9a348aed1fd2f-6967.manifest
deleted: f/5/da715123de4a038a26c04acd2fe9e2-19011.manifest
deleted: 0/7/735302b299e29f4507796d8fec380c-4252452.o
deleted: d/5/db29885f07bcd7bc0bfec194db0580-8935.manifest
deleted: 0/7/293f988a2eae363264e3b0fcf6bfa8-2945.manifest
deleted: e/d/a7444c1fdec9784282f48b2ea6b8d4-20125.manifest
deleted: f/3/72aaf7070e98f2cfa33fa1564144c4-5726.manifest
deleted: 1/7/911f685e7234b589294cb224526f86-3336041.o
deleted: 1/4/79a5c3bd4fb773fe5955b75d788c36-3950165.o
deleted: 6/5/55cfab3a94cb012a97869764695f22-1582.manifest
deleted: 6/e/c919b3eaebbeabe194c2dcb4b65c95-3609.manifest
deleted: 4/a/04b1dc81a040cebdc09af203db9b78-1352825.o
deleted: a/1/267b7912af2e60d0cc1dee5670a331-16421.manifest
deleted: c/7/265c96426ddac08710c5241d6c0267-2896048.o
deleted: 0/a/2c3bb1ac505994c12b1598603e4a92-20824.manifest
deleted: e/1/bd80c9c810cbd6b0afa4639bc29352-11176.manifest
deleted: 1/5/45c43ed72ce70851fadf693481637f-5544.manifest
deleted: b/c/ad0996bf22112ba1fae9968f97997c-2749207.o
deleted: b/4/50560f3a4f81269c3654971a26a1e8-4253066.o
deleted: e/9/b06339a25aa3967b58a403717ecc19-3768202.o
deleted: b/2/ee2ee96461e537de48b32964c143c7-4483.manifest
deleted: 4/0/d0545cd53da50069e5e5d4a4790de9-256030.manifest
deleted: f/2/715347809dcd1b615dbdf803a4593e-1936980.o
deleted: c/7/44630007093ee3d0b19684f6baf3f5-3079639.o
deleted: f/4/f45c456c000f4319a564baf1d17b97-18140.manifest
deleted: 9/6/0849c9f4fb9225a1a0bb2259f8428c-9360.manifest
deleted: e/e/8ebb4f0ef73a682dee7bec9230f7cd-8253.manifest
deleted: 6/b/cf89a896292745ee68daaedf0c1899-5961.manifest
deleted: 1/7/39e5247c1099b7061be325843ed7f6-14712.manifest
deleted: 4/a/c61192705b5314ef24356348a93205-4671919.o
deleted: 8/7/45cdf595783865504fd4f61f9b0099-2495248.o
deleted: a/0/124cfd2f8090390d7f789e7e2267fa-3732.manifest
deleted: c/8/fb5341cbe7cc78586017175a0c7950-2783.manifest
deleted: f/3/93bf868b77369444068e78ac7b4435-4846252.o
deleted: 4/b/ce4cd7aefb388a9510e2436ad4d8ee-20223.manifest
deleted: 6/e/adcf100871c7c7bad0a64e306083da-1603191.o
deleted: f/4/bf95c5c4b6f80a12b51b75d68911af-34045.manifest
deleted: d/b/687d859f13f31a7123c06c21ae98c1-3494.manifest
deleted: e/6/68981588fd6360f9b824e1152bbcec-88569.manifest
deleted: 5/8/0d3310a7a1f2e0becdac417997bb84-3365753.o
deleted: f/2/33161ff69d11044cb71007f4107c1e-47563.manifest
deleted: e/e/3b55f4671ce8827795e77d2957650b-7593.manifest
deleted: e/e/4437642394128e552fabfb3f3dbeb0-12110.manifest
deleted: 0/5/b19e374027745eeea237cda122de22-23937.manifest
deleted: e/4/98236c64ef20532c869670202a3626-5574.manifest
deleted: 3/2/511b7502948a0167964f07a4a61a12-1544.manifest
deleted: b/f/8a8316e05c78f3464ca2ab4951442c-19214.manifest
deleted: 2/4/0912ecd57367f0d7a159b070879dc6-5707.manifest
deleted: 5/2/c9fb2b167d836f428619def6a5eaf1-2990498.o
deleted: 6/f/4f6a1cded35cbac8a3593551dbc402-5023074.o
deleted: d/6/e0f41c1c85c73c74e6c1e70c670c1a-6969.manifest
deleted: d/a/3611e7a9f3fb87cffec1d162d6ec82-1729.manifest
deleted: 6/6/6f2abfb1e4a79a87aa75dd6da7bac1-20125.manifest
deleted: e/7/12e6cc0d3f537235694f4a28739972-3031.manifest
deleted: e/7/8939df54b2bd3003c0751c5b67c330-19214.manifest
deleted: 1/0/7e566f5039ef5cf750f37dce4954be-5574.manifest
deleted: d/8/12d1dce82a55341c1b6fd84ed4e2fa-5068549.o
deleted: e/f/1fe20e3830b4cdf654cf9ea7bbf3d3-4526149.o
deleted: 4/d/3ced768bb7cb6a8997a0904a94511a-6967.manifest
deleted: e/e/74bc2ccb72410a3f72225c22172cf2-2417399.o
deleted: c/a/b6ec7794e7ccc073ec9385325a29d1-4920645.o
deleted: f/8/a9dad05d12e857711c50a007964496-1579674.o
deleted: e/e/f86ec4864ca35e057fcc769537779e-4192.manifest
deleted: a/0/1a3ef7f9daafc041ab7774b490cbf0-2459054.o
deleted: e/e/4e3253048c965d1bef6c753d3fecc7-2782139.o
deleted: 9/8/a4892347b341b8a21af7756b753919-2538227.o
deleted: c/6/b0742e5a4553742007351db55b8172-1835.manifest
deleted: e/9/5d8da5e47e7e800304cc2e4e320bd7-2693444.o
deleted: e/f/37345d8aca93111ac30d12317bfa9b-5024132.o
deleted: 5/3/1776a8d52acc11c724708f2d0b34ab-17716388.manifest
deleted: 9/8/eee118c812f2e4d5ce2efad4864d16-1527065.o
deleted: e/e/3cc6e022651ecfda888f3afee34509-11668.manifest
deleted: b/1/fceb0c1cfa8a2b0a062729c425ac4b-16259.manifest
deleted: 5/8/2d53409b30f16567569c2d74a0cfa3-1874.manifest
deleted: 1/8/1d2f0ac3890b88daacbbbaa7438981-18438.manifest
deleted: a/1/4c63a755dfd71cf60c4600a6060111-46734.manifest
deleted: 6/e/ada891eea0c380c290dc95e2220775-3950165.o
deleted: 0/7/6cf158932cab106610340107c70024-3506541.o
deleted: 5/0/bd9a1cd857166779d71de2d4c1d9cb-4890713.o
deleted: 8/7/22b3684e45aaad7a3934f4cc71848c-23597.manifest
deleted: e/e/f0d5bcea543d021bb2dc2b0d052f6a-3302861.o
deleted: 5/4/c211fd317ba665598173086540bf4f-1398219.o
deleted: 6/f/27a02f0b4fb8772629c8c14fc70580-11984.manifest
deleted: 4/8/381f5cb93dcc4f7a1941221e339def-2990782.o
deleted: 6/7/2a592b7a66ea8e2282d74f8571b9d0-1399.manifest
deleted: 6/e/13da26290c949bd90d42696e7600d1-4461793.o
deleted: a/8/3351092aa4447c39da0aa691bcd590-5097066.o
deleted: 6/7/8488ec91a76c78dfaf6931ca5dbe70-3350477.o
deleted: e/e/2c10e151b33547313a7c168de5c3e5-3179995.o
deleted: e/6/89dbcd0de6cb02b90b24d8d7b31c84-3277243.o
deleted: 2/1/6f7fae0fa648da7feadd6f1a468f4a-3085636.o
deleted: 6/9/af0003cc629dce5e962cd22948a935-5730839.o
deleted: 4/2/e35db91b6007ad61a350d9cbb3210c-1546929.o
deleted: 4/b/68b14a26ef87685713957a4feb55d6-2902239.o
deleted: 4/4/9cd9f33f2d625dae3c485f9c83fd65-6102415.o
deleted: 4/6/d1230bef607926dfb42475d79cab86-3172573.o
deleted: a/6/af42a6045d10428a0d5646559df4c1-5384.manifest
deleted: e/d/1754ab710efee54bd2110f9fcdc05d-1486.manifest
deleted: 8/8/43103736081b7487f033ddccdf3376-6536.manifest
deleted: c/9/08057c5429e8ee78c257480e7df493-1333470.o
deleted: f/5/cc5c16a45061de4699fe3c342537b5-7151173.o
deleted: 1/9/1c3c8b33d50d350625bb1f1656b5f5-1656.manifest
deleted: 2/1/8398c8de6fc98724016a5737fdab39-2797513.o
deleted: a/a/85a1ed054642837215e27fd36e64c1-3350477.o
deleted: f/3/a2dd172daa81bfae4792bcc4beacdc-1582.manifest
deleted: b/9/abac7c99e898c931bf049efd81336a-4648213.o
deleted: e/9/14d5b3604bf28df9580622b03d4ce9-35042.manifest
deleted: 1/6/e75c05d2343a8b53d0d0721eb25aa5-4900225.o
deleted: 1/b/34ec12d94879abae9aff7f19d49b5a-6590.manifest
deleted: f/0/d3558c9b880ec9638a2f66710a647c-4205446.o
deleted: f/7/6b33afb180ab5f1fb5076a3b6e81f7-3130896.o
deleted: 4/4/06751724a86925512e506d72774e07-11149.manifest
deleted: c/7/ab2227803a236423dd06f64cb0709e-7717.manifest
deleted: 1/9/df10fcabe027d1df922f036b7ab719-4703445.o
deleted: 2/1/18284f1ce7d6d494e2fb177beb3aff-2749207.o
deleted: 4/b/32091ae9838717a804d9b684effd61-5942.manifest
deleted: c/7/07c7834b5383ead4189c8a43f18817-2822059.o
deleted: 6/3/99f15641a252354f75e36902226221-2008.manifest
deleted: b/3/fff098bdf5a38f5ad678ac6346d89e-2693221.o
deleted: 4/a/2444eb504f461fd31e8683467a1fca-3255546.o
deleted: a/2/23018cc5660fd4a58c3cd07ea0ecd6-49918.manifest
deleted: 1/0/392aaf8a63a8742970c077e50755fb-1803689.o
deleted: e/7/5037b2de4811868d4e7a483ff1dedc-1944158.o
deleted: 1/2/65782bd54ba02a3639ebcf2e7ff844-4740259.o
deleted: 4/0/6b5a1dd8667a1c20956234fec4b804-2896559.o
deleted: c/8/457fc6981fd73a9e41115e4f50583b-6045.manifest
deleted: e/7/982c4e0af92e3811baee7e654e60cc-9348.manifest
deleted: 6/d/a90622b3f637951b688ee96cffcae2-4069.manifest
deleted: d/0/8b8dcb33d82d7d0bec05284c88ead3-2372207.o
deleted: 9/1/94e43c7c4a2c4f53a07c52075975ed-2898943.o
deleted: e/8/bb09ea408c6c8caca2b7692fbf9290-2898637.o
deleted: 2/4/361b6011cf6118696aa3f1488fe057-5577254.o
deleted: b/b/28039ff1b85baff74a24226988efcd-4150.manifest
deleted: 3/5/1f57057b947a3e3d06f9b73dbf6308-2909258.o
deleted: 4/d/b3c6d403e2fdbb0ed606deaf23fd0f-3138325.o
deleted: d/9/c15c857f1ef498331a613ea789a7a9-3022672.o
deleted: b/7/abe7ed3640f73d8a0aa16df50372dc-1402972.o
deleted: 9/7/e0784890654213f875015a2fad3fc0-4530507.o
deleted: 9/8/2ae2f61b056c2589c39fd58592fd1d-2929597.o
deleted: c/6/b63e4179149bd03b32852706922acd-2969934.o
deleted: d/6/5730096a54d3e35d2712ad464ef2cf-3439.manifest
deleted: d/5/08b83ba8cdfa285cd741847811deb0-3264435.o
deleted: d/5/06a9eae820d4079fa804efa730e7d0-5156007.o
deleted: c/8/080909812376057c4dd577ee717f08-13501.manifest
deleted: a/5/a268c8d88c5abac69c1773dfb00fb6-4561124.o
deleted: 1/4/4f76c06ad5a239787828c3263d7d9f-2119490.o
deleted: 4/c/f668363633926e1dc1dbd274abae80-5504.manifest
deleted: e/0/b4dfb38d289fc719bbbf14241a2924-8429.manifest
deleted: 1/3/c3f0f75f6f93ac7434fe5a249165e9-6318.manifest
deleted: 6/2/33ee709194622b734ec653fbf2e2b7-4034.manifest
deleted: 9/1/4a3c81c1ef67e03596b36089bcfa39-1435.manifest
deleted: 0/6/70d315454f511f3b21d8a92b62b430-5083731.o
deleted: 6/e/ffae373b8ceced14e32f909f1bfe24-2337384.o
deleted: 8/7/2af7e9fe9773c3dac62beef2de2d3c-13146.manifest
deleted: 8/2/1196c9993970dfc83329fd87415d35-5714.manifest
deleted: c/1/3120a85f1e3f5f2fc2204e0688cec5-10051.manifest
deleted: 4/b/b9e7beb78673ab8b676977cf874a72-2907.manifest
deleted: 0/2/af9185bcd06ae00f1562589e038ae3-6307860.o
deleted: 8/8/b8410f3d722cb938409edbf4d07c82-48703.manifest
deleted: 0/4/87192717da423e99745053037cba45-5346.manifest
deleted: 3/6/a8054a2fb0d25ff4e0e1ccb749a5ac-35835.manifest
deleted: c/9/f7d7a4c064684cd2865640d37dc12c-6590.manifest
deleted: a/4/7929f0c4e5e30ed65d286a03e3613a-7013.manifest
deleted: e/8/78b642a2df5d3d213a89182ac1b5f3-9171.manifest
deleted: 1/7/b3acb267e67f195ec8a508bb20a606-20223.manifest
deleted: 4/d/34562b9a0faaa154515f40a5899fe4-2783.manifest
deleted: b/e/a9a439c2ac30410cc4d6b5e50a1b3a-2943927.o
deleted: 1/9/786df606f1ece5a1ef04bee38dfd39-2771532.o
deleted: 9/2/04e3d029f090ad333936a9c70b162f-4890994.o
deleted: 9/2/8d42a1e428d02fde42fa2014428ec3-302657.o
deleted: 6/e/e5cb581e9478579ed45a1a5abfe2e1-3948.manifest
deleted: a/9/cfecf438cde856c9de4bb311fe7dff-1402.manifest
deleted: e/e/c71cdf4a5b002146488bbb57d1c01c-35835.manifest
deleted: f/5/a92051aa8f9b6752cd951ef227df84-9485.manifest
deleted: 9/5/ffd3326b0d475aa744da7ac388f596-2831298.o
deleted: e/7/d05c079d1be53272630ec13f7030aa-168975.manifest
deleted: e/d/742462097d291ffbf427843fddc5ff-7780.manifest
deleted: 4/a/add6953ade1d32ba73715ec968baaa-6438.manifest
deleted: e/b/01a7146629dfbf9944d9bc937c85c3-7209.manifest
deleted: 5/2/cd454f71dbc15722d5acde44f01de9-6944.manifest
deleted: c/0/9bd148f4723711c0170d72d80366c0-1879931.o
deleted: 3/1/f7e4170c228119bf86506e25f56283-16033.manifest
deleted: 0/9/9fd421d0f497f66f9bbddf9e27e21b-5022555.o
deleted: e/e/8c07cdde1af1312a4f7aadb95796e1-5024467.o
deleted: f/0/b31d2f8e3e49e1c4caf3c73edb202f-4907.manifest
deleted: a/c/d0e2ed92385bd8d7ea9b36f44269eb-31276.manifest
deleted: 4/9/05be51419e6959ae84f92eae3e1942-4301125.o
deleted: 6/b/4000bf570435cbbe5c1b780b66311e-5555.manifest
deleted: 9/4/7e9d045e5c0583c06890ac105d7830-9101.manifest
deleted: b/2/a1e0a577fc95bed6411e8cf946ce0c-5037158.o
deleted: e/e/ebf5f3548a4a39e6092f0f22c243b0-1916043.o
deleted: a/d/6acb254e2f76b2468c2d1d8efe5284-3030453.o
deleted: 3/7/777fe025f1695177493ca1e4104350-2988388.o
deleted: 0/b/5875c1c86810f36192d5bf9270f1ff-12790.manifest
deleted: 3/1/9e0f9bbfe60451b64e8916906268db-2551546.o
deleted: 6/3/03169dabbb565690b69bb50f717ceb-3092206.o
deleted: f/4/ed6a98c0bac1393a6472085ad56dca-49967.manifest
deleted: 5/3/03ed3bab7e6c1a52a3615ca3e44ea3-7905.manifest
deleted: 1/6/df293e2273ccfc80582242aea7d40b-2899966.o
deleted: a/d/3511b10f20a4c083b5c27c2d09b49d-2783.manifest
deleted: f/6/39ee1db7ce8d23397a4cf8b9a06d65-7550018.o
deleted: 1/3/fe68ca2f84eeb13944e81c44de0f06-10425.manifest
deleted: a/a/60b32743baedccf03fca2fb662f174-1766.manifest
deleted: 8/5/fa29ad88344af738297b8b77f31bb0-2280.manifest
deleted: f/4/9ef37c57959e0fde11a2ba3f6b51dc-3113344.o
deleted: 0/b/a546b44f50fefa6465333da4005d8f-4884429.o
deleted: 6/2/d5e999f41930a4e6ebadfcbd05c114-1848164.o
deleted: 0/1/c88a128fc894507dfa8da182c3b2b8-3001402.o
deleted: b/1/c8b19c9efeae028f7c32988e47642a-298542.o
deleted: b/6/58882f829f5251e47ec663029aef50-18438.manifest
deleted: 4/9/a0bb07fd5be1ad85e1dae7c9571f00-1792179.o
deleted: b/d/71c0190f59b560d8616537782b768a-6736.manifest
deleted: 6/5/01ae32e47a9c2a2fd27745c7a9db13-3130896.o
deleted: c/2/d834b74d565572a6bf66e84c8c3f46-3321.manifest
deleted: e/5/c9ffe3239d2db064d872c4d20ecfe4-4568.manifest
deleted: a/b/33130888834d5ec11a69de77c15e5a-2898065.o
deleted: c/2/5c9b26cb9d893c88c1f33529f2f993-13024.manifest
deleted: 4/4/aff7612889a4120b47a9c6ed52966c-33468.manifest
deleted: f/2/0a45dd01368e459dc6d3b886d76804-8171.manifest
deleted: 3/9/9295eca519e259545b3f8f9596024d-7555.manifest
deleted: 9/1/e80cbc3863781138ebc73d6ff2f017-4640272.o
deleted: a/6/d38ee481472ea1b87d8cf10e2a97b5-6917.manifest
deleted: 1/7/5046982bd998aa9ea2e36bbad5d6d6-1654.manifest
deleted: 6/f/0fcffbb9194ece5f98268001374424-8719.manifest
deleted: b/5/b1f3a01b88aea94efcb53873a25e34-1661739.o
deleted: 6/2/9374f5e49a6ee87466a6fcd9667ec8-4451355.o
deleted: 6/8/e707e8b2c7681ea366e59b736f4455-3055657.o
deleted: 0/b/656bfb3b1403d1e8bd4cfaaaf275d9-80546.manifest
deleted: 1/1/3529560fc987b7c1a231becc5f1a8a-3076394.o
deleted: e/4/b77a876eae5824db7c5c1f603e9d66-4667790.o
deleted: 0/9/d6b1946ef66080c79cddb24a73c511-17327.manifest
deleted: 3/6/1b649187da7f74c7a6eca29703e3cf-6884.manifest
deleted: 6/3/5fbecbd084a1fea828c43b10e2a159-1534224.o
deleted: 1/b/a3f9561cdd8c8cdf099b944017bd8e-2869859.o
deleted: b/d/a9311ccd56cc57ce50878c4b2e44a4-4555835.o
deleted: d/8/31157caabe1204b8b4c4264c58f89b-5726.manifest
deleted: 6/9/c0eff49ff9af4777c7fca0efa95af0-3882.manifest
deleted: 0/b/a2df87fc982e2bce27354a7c3cdb2e-2158314.o
deleted: c/8/3acf7d8afcf1af37d39734eebb1a7e-1963472.o
deleted: 4/9/dfe9641d368c77d20f415743018769-2693444.o
deleted: e/e/9f5d79e06c159eeb4e14261cd9e348-8253.manifest
deleted: 0/2/eced834dfe39ef3f51a39760246a3b-3037426.o
deleted: 1/0/6859035b8511762c5f0e7f9d077e41-2213.manifest
deleted: 1/5/037201df0f1b3e9f2b513840681385-5768.manifest
deleted: c/8/87649b9f073d030342cf3b3d3cc897-104046.manifest
deleted: 8/9/3f5d2ef06ce66874469521f9cef49a-4951353.o
deleted: f/5/d25785fd6e2da06b5808695becc9de-33635.manifest
deleted: d/0/073d4f7c835abe5f80a1480b5441b7-3320.manifest
deleted: 8/a/64535ad10cb91fba638f7b7bf5c625-6555617.o
deleted: c/1/a725d82fe2efb18e3a0c18236a114d-1834768.o
deleted: c/6/e989a4b600ea559e193dce88c911ce-2897006.o
deleted: 4/6/06e2ccb1198fa952357e049a506254-1841.manifest
deleted: 6/c/28c7aae1f9fcc5eb7ca0327405d870-4596347.o
deleted: 2/2/57d2e9b8d2d843de968df8a9a7b0f8-5050676.o
deleted: 3/9/d76dcdd8e2695b3b9219859a08645d-4671919.o
deleted: 5/6/7797eacf570a1b53cfd45530697c7b-6621.manifest
deleted: 0/4/a28a27f93e45f37d26974e4998bcf9-3185463.o
deleted: a/d/15bfa607b738f5a95ec42f80f07fb7-3307205.o
deleted: 4/a/4dfc06d0d1ebd9df53e43fe5d3ed91-2700241.o
deleted: a/3/06d785d141c18c750bef7bd8d12a8b-3099227.o
deleted: 9/0/2bbd15b9daf3dd6044a5720a6b1ab0-2050109.o
deleted: 1/c/1ef2b264e46dcbfdca99e06665b6d9-9541.manifest
deleted: 1/5/b01893cd90d1779bca967a93d2b324-48703.manifest
deleted: 6/e/267e5bc12be48218efd34e97078b54-9101.manifest
deleted: 6/5/286de0ab4c7b7ac6ce8d21480e0a06-1896205.o
deleted: 1/1/dffcfd194e5db32f315c2e94541205-1599612.o
deleted: 6/a/a0f581a48a6ce49b7ab7894089b9e7-2131058.o
deleted: 5/5/9d808736143a3dda0f080bae91464f-1499.manifest
deleted: 6/1/19c278a97094715c00bf033ee32056-1395186.o
deleted: b/1/fac965154147499f40c5979bdbbd82-5080085.o
deleted: c/8/ae903d71373b125d80410ddfff8e95-2213.manifest
deleted: f/9/029c97c4815bc08bc89e626f30e051-4511900.o
deleted: 0/3/d3142c2fb30e965fa3a151cd064a96-9438.manifest
deleted: a/9/87a3c8ad90637014f0b01bc02b09de-10512.manifest
deleted: b/8/d9a3a9d80fb90e041fec6329f79ffb-1950.manifest
deleted: b/e/ebb27a824efef2f4e37edd19ccda51-101558.manifest
deleted: 0/b/a8b34968caa2e213d80994ee060391-1944158.o
deleted: d/2/3e2d4cf423cf992f1ce24a02fc1a33-6855.manifest
deleted: 6/a/0355bb26aa48abab9e7bb13162728a-1393887.o
deleted: 6/a/bc8b9711dec7f414f4d528248e0f42-4767049.o
deleted: d/3/bf0f324a4352e0f75f44e1d5cb43a8-4501351.o
deleted: 4/b/7d1d24d254120e2f0e2d2b38afdaea-1808897.o
deleted: 1/2/41308e18cf776e451cd52ed69119bd-6720178.o
deleted: 3/0/d8e34badb16a75bb2484eebe2b0da7-5690306.o
deleted: f/2/3fd4dee2a3865aba6c3562c1d3a14d-2874.manifest
deleted: 1/3/c332af7d620d193de109cf07b38038-2874.manifest
deleted: 3/5/ac3f36863f48101e10d26961427762-4451355.o
deleted: 3/3/f69209819ba23f2e73ca9aa41edafa-15038.manifest
deleted: 5/4/cc795e8b500912e1331915ede813f2-3994063.o
deleted: 6/2/38bfa90b6bcee9a680d76c68546c9e-2656.manifest
deleted: 6/3/0de1c434cfc9e601ab37bae0c47b88-2843639.o
deleted: 6/a/f04c206221693a69a9a38233bb14f5-43312.manifest
deleted: e/e/25e677a737b9d6c25cdcb151da49b3-4253066.o
deleted: f/3/fa2a68c04bbb0e8e15e3d1c4714218-5159071.o
deleted: 1/a/a7c9e32800261601ad44d10a600a2e-1352825.o
deleted: c/0/9a5ac7dc14783f55c7f66c60bf7b60-6590870.o
deleted: a/7/351fa1477db15a62801b0539403ef1-7715.manifest
deleted: 6/b/bf746757e7029d51ed2eeb1b58e561-2376826.o
deleted: 3/7/13491c181b1ee70239866de2df9f2b-7548.manifest
deleted: 1/3/876b011f6f394ac6c1cadbf7468977-2158314.o
deleted: 1/7/962a6893fc75f88f76aa6d5fd0890d-13824.manifest
ccache cache size is 159Mb.
Uploading cache ccache...