
C:\Users\ContainerAdministrator\AppData\Local\Temp\cirrus-ci-build>call src\test_bitcoin.exe -l test_suite 
Running 535 test cases...
Entering test module "Bitcoin Core Test Suite"
C:\Users\ContainerAdministrator\AppData\Local\Temp\cirrus-ci-build\src\test\addrman_tests.cpp(61): Entering test suite "addrman_tests"
C:\Users\ContainerAdministrator\AppData\Local\Temp\cirrus-ci-build\src\test\addrman_tests.cpp(63): Entering test case "addrman_simple"
C:\Users\ContainerAdministrator\AppData\Local\Temp\cirrus-ci-build\src\test\addrman_tests.cpp(63): Leaving test case "addrman_simple"; testing time: 52050us
C:\Users\ContainerAdministrator\AppData\Local\Temp\cirrus-ci-build\src\test\addrman_tests.cpp(107): Entering test case "addrman_ports"
C:\Users\ContainerAdministrator\AppData\Local\Temp\cirrus-ci-build\src\test\addrman_tests.cpp(107): Leaving test case "addrman_ports"; testing time: 13428us
C:\Users\ContainerAdministrator\AppData\Local\Temp\cirrus-ci-build\src\test\addrman_tests.cpp(136): Entering test case "addrman_select"
C:\Users\ContainerAdministrator\AppData\Local\Temp\cirrus-ci-build\src\test\addrman_tests.cpp(136): Leaving test case "addrman_select"; testing time: 20762us
C:\Users\ContainerAdministrator\AppData\Local\Temp\cirrus-ci-build\src\test\addrman_tests.cpp(195): Entering test case "addrman_new_collisions"
C:\Users\ContainerAdministrator\AppData\Local\Temp\cirrus-ci-build\src\test\addrman_tests.cpp(195): Leaving test case "addrman_new_collisions"; testing time: 15351us
C:\Users\ContainerAdministrator\AppData\Local\Temp\cirrus-ci-build\src\test\addrman_tests.cpp(224): Entering test case "addrman_new_multiplicity"
C:\Users\ContainerAdministrator\AppData\Local\Temp\cirrus-ci-build\src\test\addrman_tests.cpp(224): Leaving test case "addrman_new_multiplicity"; testing time: 25619us
C:\Users\ContainerAdministrator\AppData\Local\Temp\cirrus-ci-build\src\test\addrman_tests.cpp(256): Entering test case "addrman_tried_collisions"
C:\Users\ContainerAdministrator\AppData\Local\Temp\cirrus-ci-build\src\test\addrman_tests.cpp(256): Leaving test case "addrman_tried_collisions"; testing time: 23583us
C:\Users\ContainerAdministrator\AppData\Local\Temp\cirrus-ci-build\src\test\addrman_tests.cpp(287): Entering test case "addrman_getaddr"
C:\Users\ContainerAdministrator\AppData\Local\Temp\cirrus-ci-build\src\test\addrman_tests.cpp(287): Leaving test case "addrman_getaddr"; testing time: 773495us
C:\Users\ContainerAdministrator\AppData\Local\Temp\cirrus-ci-build\src\test\addrman_tests.cpp(347): Entering test case "caddrinfo_get_tried_bucket_legacy"
C:\Users\ContainerAdministrator\AppData\Local\Temp\cirrus-ci-build\src\test\addrman_tests.cpp(347): Leaving test case "caddrinfo_get_tried_bucket_legacy"; testing time: 33981us
C:\Users\ContainerAdministrator\AppData\Local\Temp\cirrus-ci-build\src\test\addrman_tests.cpp(398): Entering test case "caddrinfo_get_new_bucket_legacy"
C:\Users\ContainerAdministrator\AppData\Local\Temp\cirrus-ci-build\src\test\addrman_tests.cpp(398): Leaving test case "caddrinfo_get_new_bucket_legacy"; testing time: 82447us
C:\Users\ContainerAdministrator\AppData\Local\Temp\cirrus-ci-build\src\test\addrman_tests.cpp(472): Entering test case "caddrinfo_get_tried_bucket"
C:\Users\ContainerAdministrator\AppData\Local\Temp\cirrus-ci-build\src\test\addrman_tests.cpp(472): Leaving test case "caddrinfo_get_tried_bucket"; testing time: 56253us
C:\Users\ContainerAdministrator\AppData\Local\Temp\cirrus-ci-build\src\test\addrman_tests.cpp(526): Entering test case "caddrinfo_get_new_bucket"
C:\Users\ContainerAdministrator\AppData\Local\Temp\cirrus-ci-build\src\test\addrman_tests.cpp(526): Leaving test case "caddrinfo_get_new_bucket"; testing time: 242826us
C:\Users\ContainerAdministrator\AppData\Local\Temp\cirrus-ci-build\src\test\addrman_tests.cpp(604): Entering test case "addrman_serialization"
C:\Users\ContainerAdministrator\AppData\Local\Temp\cirrus-ci-build\src\test\addrman_tests.cpp(604): Leaving test case "addrman_serialization"; testing time: 19200us
C:\Users\ContainerAdministrator\AppData\Local\Temp\cirrus-ci-build\src\test\addrman_tests.cpp(669): Entering test case "remove_invalid"
C:\Users\ContainerAdministrator\AppData\Local\Temp\cirrus-ci-build\src\test\addrman_tests.cpp(669): Leaving test case "remove_invalid"; testing time: 13541us
C:\Users\ContainerAdministrator\AppData\Local\Temp\cirrus-ci-build\src\test\addrman_tests.cpp(710): Entering test case "addrman_selecttriedcollision"
C:\Users\ContainerAdministrator\AppData\Local\Temp\cirrus-ci-build\src\test\addrman_tests.cpp(710): Leaving test case "addrman_selecttriedcollision"; testing time: 19955us
C:\Users\ContainerAdministrator\AppData\Local\Temp\cirrus-ci-build\src\test\addrman_tests.cpp(743): Entering test case "addrman_noevict"
C:\Users\ContainerAdministrator\AppData\Local\Temp\cirrus-ci-build\src\test\addrman_tests.cpp(743): Leaving test case "addrman_noevict"; testing time: 31856us
C:\Users\ContainerAdministrator\AppData\Local\Temp\cirrus-ci-build\src\test\addrman_tests.cpp(795): Entering test case "addrman_evictionworks"
C:\Users\ContainerAdministrator\AppData\Local\Temp\cirrus-ci-build\src\test\addrman_tests.cpp(795): Leaving test case "addrman_evictionworks"; testing time: 23923us
C:\Users\ContainerAdministrator\AppData\Local\Temp\cirrus-ci-build\src\test\addrman_tests.cpp(865): Entering test case "load_addrman"
C:\Users\ContainerAdministrator\AppData\Local\Temp\cirrus-ci-build\src\test\addrman_tests.cpp(865): Leaving test case "load_addrman"; testing time: 15029us
C:\Users\ContainerAdministrator\AppData\Local\Temp\cirrus-ci-build\src\test\addrman_tests.cpp(936): Entering test case "load_addrman_corrupted"
C:\Users\ContainerAdministrator\AppData\Local\Temp\cirrus-ci-build\src\test\addrman_tests.cpp(936): Leaving test case "load_addrman_corrupted"; testing time: 12189us
C:\Users\ContainerAdministrator\AppData\Local\Temp\cirrus-ci-build\src\test\addrman_tests.cpp(962): Entering test case "addrman_update_address"
C:\Users\ContainerAdministrator\AppData\Local\Temp\cirrus-ci-build\src\test\addrman_tests.cpp(962): Leaving test case "addrman_update_address"; testing time: 11594us
C:\Users\ContainerAdministrator\AppData\Local\Temp\cirrus-ci-build\src\test\addrman_tests.cpp(61): Leaving test suite "addrman_tests"; testing time: 1488822us
C:\Users\ContainerAdministrator\AppData\Local\Temp\cirrus-ci-build\src\test\allocator_tests.cpp(16): Entering test suite "allocator_tests"
C:\Users\ContainerAdministrator\AppData\Local\Temp\cirrus-ci-build\src\test\allocator_tests.cpp(18): Entering test case "arena_tests"
C:\Users\ContainerAdministrator\AppData\Local\Temp\cirrus-ci-build\src\test\allocator_tests.cpp(18): Leaving test case "arena_tests"; testing time: 17694us
C:\Users\ContainerAdministrator\AppData\Local\Temp\cirrus-ci-build\src\test\allocator_tests.cpp(165): Entering test case "lockedpool_tests_mock"
C:\Users\ContainerAdministrator\AppData\Local\Temp\cirrus-ci-build\src\test\allocator_tests.cpp(165): Leaving test case "lockedpool_tests_mock"; testing time: 161us
C:\Users\ContainerAdministrator\AppData\Local\Temp\cirrus-ci-build\src\test\allocator_tests.cpp(214): Entering test case "lockedpool_tests_live"
C:\Users\ContainerAdministrator\AppData\Local\Temp\cirrus-ci-build\src\test\allocator_tests.cpp(214): Leaving test case "lockedpool_tests_live"; testing time: 97us
C:\Users\ContainerAdministrator\AppData\Local\Temp\cirrus-ci-build\src\test\allocator_tests.cpp(16): Leaving test suite "allocator_tests"; testing time: 18150us
C:\Users\ContainerAdministrator\AppData\Local\Temp\cirrus-ci-build\src\test\amount_tests.cpp(12): Entering test suite "amount_tests"
C:\Users\ContainerAdministrator\AppData\Local\Temp\cirrus-ci-build\src\test\amount_tests.cpp(14): Entering test case "MoneyRangeTest"
C:\Users\ContainerAdministrator\AppData\Local\Temp\cirrus-ci-build\src\test\amount_tests.cpp(14): Leaving test case "MoneyRangeTest"; testing time: 58us
C:\Users\ContainerAdministrator\AppData\Local\Temp\cirrus-ci-build\src\test\amount_tests.cpp(23): Entering test case "GetFeeTest"
C:\Users\ContainerAdministrator\AppData\Local\Temp\cirrus-ci-build\src\test\amount_tests.cpp(23): Leaving test case "GetFeeTest"; testing time: 213us
C:\Users\ContainerAdministrator\AppData\Local\Temp\cirrus-ci-build\src\test\amount_tests.cpp(90): Entering test case "BinaryOperatorTest"
C:\Users\ContainerAdministrator\AppData\Local\Temp\cirrus-ci-build\src\test\amount_tests.cpp(90): Leaving test case "BinaryOperatorTest"; testing time: 55us
C:\Users\ContainerAdministrator\AppData\Local\Temp\cirrus-ci-build\src\test\amount_tests.cpp(107): Entering test case "ToStringTest"
C:\Users\ContainerAdministrator\AppData\Local\Temp\cirrus-ci-build\src\test\amount_tests.cpp(107): Leaving test case "ToStringTest"; testing time: 64us
C:\Users\ContainerAdministrator\AppData\Local\Temp\cirrus-ci-build\src\test\amount_tests.cpp(12): Leaving test suite "amount_tests"; testing time: 574us
C:\Users\ContainerAdministrator\AppData\Local\Temp\cirrus-ci-build\src\test\arith_uint256_tests.cpp(18): Entering test suite "arith_uint256_tests"
C:\Users\ContainerAdministrator\AppData\Local\Temp\cirrus-ci-build\src\test\arith_uint256_tests.cpp(68): Entering test case "basics"
C:\Users\ContainerAdministrator\AppData\Local\Temp\cirrus-ci-build\src\test\arith_uint256_tests.cpp(68): Leaving test case "basics"; testing time: 2759us
C:\Users\ContainerAdministrator\AppData\Local\Temp\cirrus-ci-build\src\test\arith_uint256_tests.cpp(157): Entering test case "shifts"
C:\Users\ContainerAdministrator\AppData\Local\Temp\cirrus-ci-build\src\test\arith_uint256_tests.cpp(157): Leaving test case "shifts"; testing time: 8403us
C:\Users\ContainerAdministrator\AppData\Local\Temp\cirrus-ci-build\src\test\arith_uint256_tests.cpp(200): Entering test case "unaryOperators"
C:\Users\ContainerAdministrator\AppData\Local\Temp\cirrus-ci-build\src\test\arith_uint256_tests.cpp(200): Leaving test case "unaryOperators"; testing time: 653us
C:\Users\ContainerAdministrator\AppData\Local\Temp\cirrus-ci-build\src\test\arith_uint256_tests.cpp(224): Entering test case "bitwiseOperators"
C:\Users\ContainerAdministrator\AppData\Local\Temp\cirrus-ci-build\src\test\arith_uint256_tests.cpp(224): Leaving test case "bitwiseOperators"; testing time: 162us
C:\Users\ContainerAdministrator\AppData\Local\Temp\cirrus-ci-build\src\test\arith_uint256_tests.cpp(268): Entering test case "comparison"
C:\Users\ContainerAdministrator\AppData\Local\Temp\cirrus-ci-build\src\test\arith_uint256_tests.cpp(268): Leaving test case "comparison"; testing time: 5404us
C:\Users\ContainerAdministrator\AppData\Local\Temp\cirrus-ci-build\src\test\arith_uint256_tests.cpp(282): Entering test case "plusMinus"
C:\Users\ContainerAdministrator\AppData\Local\Temp\cirrus-ci-build\src\test\arith_uint256_tests.cpp(282): Leaving test case "plusMinus"; testing time: 6648us
C:\Users\ContainerAdministrator\AppData\Local\Temp\cirrus-ci-build\src\test\arith_uint256_tests.cpp(326): Entering test case "multiply"
C:\Users\ContainerAdministrator\AppData\Local\Temp\cirrus-ci-build\src\test\arith_uint256_tests.cpp(326): Leaving test case "multiply"; testing time: 94us
C:\Users\ContainerAdministrator\AppData\Local\Temp\cirrus-ci-build\src\test\arith_uint256_tests.cpp(347): Entering test case "divide"
C:\Users\ContainerAdministrator\AppData\Local\Temp\cirrus-ci-build\src\test\arith_uint256_tests.cpp(347): Leaving test case "divide"; testing time: 503us
C:\Users\ContainerAdministrator\AppData\Local\Temp\cirrus-ci-build\src\test\arith_uint256_tests.cpp(371): Entering test case "methods"
C:\Users\ContainerAdministrator\AppData\Local\Temp\cirrus-ci-build\src\test\arith_uint256_tests.cpp(371): Leaving test case "methods"; testing time: 1343us
C:\Users\ContainerAdministrator\AppData\Local\Temp\cirrus-ci-build\src\test\arith_uint256_tests.cpp(406): Entering test case "bignum_SetCompact"
C:\Users\ContainerAdministrator\AppData\Local\Temp\cirrus-ci-build\src\test\arith_uint256_tests.cpp(406): Leaving test case "bignum_SetCompact"; testing time: 355us
C:\Users\ContainerAdministrator\AppData\Local\Temp\cirrus-ci-build\src\test\arith_uint256_tests.cpp(535): Entering test case "getmaxcoverage"
C:\Users\ContainerAdministrator\AppData\Local\Temp\cirrus-ci-build\src\test\arith_uint256_tests.cpp(535): Leaving test case "getmaxcoverage"; testing time: 85us
C:\Users\ContainerAdministrator\AppData\Local\Temp\cirrus-ci-build\src\test\arith_uint256_tests.cpp(18): Leaving test suite "arith_uint256_tests"; testing time: 26950us
C:\Users\ContainerAdministrator\AppData\Local\Temp\cirrus-ci-build\src\test\banman_tests.cpp(16): Entering test suite "banman_tests"
C:\Users\ContainerAdministrator\AppData\Local\Temp\cirrus-ci-build\src\test\banman_tests.cpp(18): Entering test case "file"
C:\Users\ContainerAdministrator\AppData\Local\Temp\cirrus-ci-build\src\test\banman_tests.cpp(18): Leaving test case "file"; testing time: 13129us
C:\Users\ContainerAdministrator\AppData\Local\Temp\cirrus-ci-build\src\test\banman_tests.cpp(16): Leaving test suite "banman_tests"; testing time: 13205us
C:\Users\ContainerAdministrator\AppData\Local\Temp\cirrus-ci-build\src\test\base32_tests.cpp(12): Entering test suite "base32_tests"
C:\Users\ContainerAdministrator\AppData\Local\Temp\cirrus-ci-build\src\test\base32_tests.cpp(14): Entering test case "base32_testvectors"
C:\Users\ContainerAdministrator\AppData\Local\Temp\cirrus-ci-build\src\test\base32_tests.cpp(14): Leaving test case "base32_testvectors"; testing time: 185us
C:\Users\ContainerAdministrator\AppData\Local\Temp\cirrus-ci-build\src\test\base32_tests.cpp(12): Leaving test suite "base32_tests"; testing time: 235us
C:\Users\ContainerAdministrator\AppData\Local\Temp\cirrus-ci-build\src\test\base58_tests.cpp(21): Entering test suite "base58_tests"
C:\Users\ContainerAdministrator\AppData\Local\Temp\cirrus-ci-build\src\test\base58_tests.cpp(24): Entering test case "base58_EncodeBase58"
C:\Users\ContainerAdministrator\AppData\Local\Temp\cirrus-ci-build\src\test\base58_tests.cpp(24): Leaving test case "base58_EncodeBase58"; testing time: 15381us
C:\Users\ContainerAdministrator\AppData\Local\Temp\cirrus-ci-build\src\test\base58_tests.cpp(44): Entering test case "base58_DecodeBase58"
C:\Users\ContainerAdministrator\AppData\Local\Temp\cirrus-ci-build\src\test\base58_tests.cpp(44): Leaving test case "base58_DecodeBase58"; testing time: 14561us
C:\Users\ContainerAdministrator\AppData\Local\Temp\cirrus-ci-build\src\test\base58_tests.cpp(84): Entering test case "base58_random_encode_decode"
C:\Users\ContainerAdministrator\AppData\Local\Temp\cirrus-ci-build\src\test\base58_tests.cpp(84): Leaving test case "base58_random_encode_decode"; testing time: 2269058us
C:\Users\ContainerAdministrator\AppData\Local\Temp\cirrus-ci-build\src\test\base58_tests.cpp(21): Leaving test suite "base58_tests"; testing time: 2299257us
C:\Users\ContainerAdministrator\AppData\Local\Temp\cirrus-ci-build\src\test\base64_tests.cpp(12): Entering test suite "base64_tests"
C:\Users\ContainerAdministrator\AppData\Local\Temp\cirrus-ci-build\src\test\base64_tests.cpp(14): Entering test case "base64_testvectors"
C:\Users\ContainerAdministrator\AppData\Local\Temp\cirrus-ci-build\src\test\base64_tests.cpp(14): Leaving test case "base64_testvectors"; testing time: 156us
C:\Users\ContainerAdministrator\AppData\Local\Temp\cirrus-ci-build\src\test\base64_tests.cpp(12): Leaving test suite "base64_tests"; testing time: 209us
C:\Users\ContainerAdministrator\AppData\Local\Temp\cirrus-ci-build\src\test\bech32_tests.cpp(13): Entering test suite "bech32_tests"
C:\Users\ContainerAdministrator\AppData\Local\Temp\cirrus-ci-build\src\test\bech32_tests.cpp(15): Entering test case "bech32_testvectors_valid"
C:\Users\ContainerAdministrator\AppData\Local\Temp\cirrus-ci-build\src\test\bech32_tests.cpp(15): Leaving test case "bech32_testvectors_valid"; testing time: 232us
C:\Users\ContainerAdministrator\AppData\Local\Temp\cirrus-ci-build\src\test\bech32_tests.cpp(35): Entering test case "bech32m_testvectors_valid"
C:\Users\ContainerAdministrator\AppData\Local\Temp\cirrus-ci-build\src\test\bech32_tests.cpp(35): Leaving test case "bech32m_testvectors_valid"; testing time: 181us
C:\Users\ContainerAdministrator\AppData\Local\Temp\cirrus-ci-build\src\test\bech32_tests.cpp(55): Entering test case "bech32_testvectors_invalid"
C:\Users\ContainerAdministrator\AppData\Local\Temp\cirrus-ci-build\src\test\bech32_tests.cpp(55): Leaving test case "bech32_testvectors_invalid"; testing time: 330us
C:\Users\ContainerAdministrator\AppData\Local\Temp\cirrus-ci-build\src\test\bech32_tests.cpp(107): Entering test case "bech32m_testvectors_invalid"
C:\Users\ContainerAdministrator\AppData\Local\Temp\cirrus-ci-build\src\test\bech32_tests.cpp(107): Leaving test case "bech32m_testvectors_invalid"; testing time: 304us
C:\Users\ContainerAdministrator\AppData\Local\Temp\cirrus-ci-build\src\test\bech32_tests.cpp(13): Leaving test suite "bech32_tests"; testing time: 1240us
C:\Users\ContainerAdministrator\AppData\Local\Temp\cirrus-ci-build\src\test\bip32_tests.cpp(160): Entering test suite "bip32_tests"
C:\Users\ContainerAdministrator\AppData\Local\Temp\cirrus-ci-build\src\test\bip32_tests.cpp(162): Entering test case "bip32_test1"
C:\Users\ContainerAdministrator\AppData\Local\Temp\cirrus-ci-build\src\test\bip32_tests.cpp(162): Leaving test case "bip32_test1"; testing time: 27513us
C:\Users\ContainerAdministrator\AppData\Local\Temp\cirrus-ci-build\src\test\bip32_tests.cpp(166): Entering test case "bip32_test2"
C:\Users\ContainerAdministrator\AppData\Local\Temp\cirrus-ci-build\src\test\bip32_tests.cpp(166): Leaving test case "bip32_test2"; testing time: 27100us
C:\Users\ContainerAdministrator\AppData\Local\Temp\cirrus-ci-build\src\test\bip32_tests.cpp(170): Entering test case "bip32_test3"
C:\Users\ContainerAdministrator\AppData\Local\Temp\cirrus-ci-build\src\test\bip32_tests.cpp(170): Leaving test case "bip32_test3"; testing time: 16591us
C:\Users\ContainerAdministrator\AppData\Local\Temp\cirrus-ci-build\src\test\bip32_tests.cpp(174): Entering test case "bip32_test4"
C:\Users\ContainerAdministrator\AppData\Local\Temp\cirrus-ci-build\src\test\bip32_tests.cpp(174): Leaving test case "bip32_test4"; testing time: 18759us
C:\Users\ContainerAdministrator\AppData\Local\Temp\cirrus-ci-build\src\test\bip32_tests.cpp(178): Entering test case "bip32_test5"
C:\Users\ContainerAdministrator\AppData\Local\Temp\cirrus-ci-build\src\test\bip32_tests.cpp(178): Leaving test case "bip32_test5"; testing time: 23053us
C:\Users\ContainerAdministrator\AppData\Local\Temp\cirrus-ci-build\src\test\bip32_tests.cpp(187): Entering test case "bip32_max_depth"
C:\Users\ContainerAdministrator\AppData\Local\Temp\cirrus-ci-build\src\test\bip32_tests.cpp(187): Leaving test case "bip32_max_depth"; testing time: 216181us
C:\Users\ContainerAdministrator\AppData\Local\Temp\cirrus-ci-build\src\test\bip32_tests.cpp(160): Leaving test suite "bip32_tests"; testing time: 329729us
C:\Users\ContainerAdministrator\AppData\Local\Temp\cirrus-ci-build\src\test\blockchain_tests.cpp(50): Entering test suite "blockchain_tests"
C:\Users\ContainerAdministrator\AppData\Local\Temp\cirrus-ci-build\src\test\blockchain_tests.cpp(52): Entering test case "get_difficulty_for_very_low_target"
C:\Users\ContainerAdministrator\AppData\Local\Temp\cirrus-ci-build\src\test\blockchain_tests.cpp(52): Leaving test case "get_difficulty_for_very_low_target"; testing time: 10675us
C:\Users\ContainerAdministrator\AppData\Local\Temp\cirrus-ci-build\src\test\blockchain_tests.cpp(57): Entering test case "get_difficulty_for_low_target"
C:\Users\ContainerAdministrator\AppData\Local\Temp\cirrus-ci-build\src\test\blockchain_tests.cpp(57): Leaving test case "get_difficulty_for_low_target"; testing time: 10325us
C:\Users\ContainerAdministrator\AppData\Local\Temp\cirrus-ci-build\src\test\blockchain_tests.cpp(62): Entering test case "get_difficulty_for_mid_target"
C:\Users\ContainerAdministrator\AppData\Local\Temp\cirrus-ci-build\src\test\blockchain_tests.cpp(62): Leaving test case "get_difficulty_for_mid_target"; testing time: 10164us
C:\Users\ContainerAdministrator\AppData\Local\Temp\cirrus-ci-build\src\test\blockchain_tests.cpp(67): Entering test case "get_difficulty_for_high_target"
C:\Users\ContainerAdministrator\AppData\Local\Temp\cirrus-ci-build\src\test\blockchain_tests.cpp(67): Leaving test case "get_difficulty_for_high_target"; testing time: 10090us
C:\Users\ContainerAdministrator\AppData\Local\Temp\cirrus-ci-build\src\test\blockchain_tests.cpp(72): Entering test case "get_difficulty_for_very_high_target"
C:\Users\ContainerAdministrator\AppData\Local\Temp\cirrus-ci-build\src\test\blockchain_tests.cpp(72): Leaving test case "get_difficulty_for_very_high_target"; testing time: 10075us
C:\Users\ContainerAdministrator\AppData\Local\Temp\cirrus-ci-build\src\test\blockchain_tests.cpp(50): Leaving test suite "blockchain_tests"; testing time: 51737us
C:\Users\ContainerAdministrator\AppData\Local\Temp\cirrus-ci-build\src\test\blockencodings_tests.cpp(18): Entering test suite "blockencodings_tests"
C:\Users\ContainerAdministrator\AppData\Local\Temp\cirrus-ci-build\src\test\blockencodings_tests.cpp(56): Entering test case "SimpleRoundTripTest"
C:\Users\ContainerAdministrator\AppData\Local\Temp\cirrus-ci-build\src\test\blockencodings_tests.cpp(56): Leaving test case "SimpleRoundTripTest"; testing time: 40706us
C:\Users\ContainerAdministrator\AppData\Local\Temp\cirrus-ci-build\src\test\blockencodings_tests.cpp(139): Entering test case "NonCoinbasePreforwardRTTest"
C:\Users\ContainerAdministrator\AppData\Local\Temp\cirrus-ci-build\src\test\blockencodings_tests.cpp(139): Leaving test case "NonCoinbasePreforwardRTTest"; testing time: 32278us
C:\Users\ContainerAdministrator\AppData\Local\Temp\cirrus-ci-build\src\test\blockencodings_tests.cpp(209): Entering test case "SufficientPreforwardRTTest"
C:\Users\ContainerAdministrator\AppData\Local\Temp\cirrus-ci-build\src\test\blockencodings_tests.cpp(209): Leaving test case "SufficientPreforwardRTTest"; testing time: 28019us
C:\Users\ContainerAdministrator\AppData\Local\Temp\cirrus-ci-build\src\test\blockencodings_tests.cpp(260): Entering test case "EmptyBlockRoundTripTest"
C:\Users\ContainerAdministrator\AppData\Local\Temp\cirrus-ci-build\src\test\blockencodings_tests.cpp(260): Leaving test case "EmptyBlockRoundTripTest"; testing time: 23354us
C:\Users\ContainerAdministrator\AppData\Local\Temp\cirrus-ci-build\src\test\blockencodings_tests.cpp(304): Entering test case "TransactionsRequestSerializationTest"
C:\Users\ContainerAdministrator\AppData\Local\Temp\cirrus-ci-build\src\test\blockencodings_tests.cpp(304): Leaving test case "TransactionsRequestSerializationTest"; testing time: 22383us
C:\Users\ContainerAdministrator\AppData\Local\Temp\cirrus-ci-build\src\test\blockencodings_tests.cpp(327): Entering test case "TransactionsRequestDeserializationMaxTest"
C:\Users\ContainerAdministrator\AppData\Local\Temp\cirrus-ci-build\src\test\blockencodings_tests.cpp(327): Leaving test case "TransactionsRequestDeserializationMaxTest"; testing time: 22922us
C:\Users\ContainerAdministrator\AppData\Local\Temp\cirrus-ci-build\src\test\blockencodings_tests.cpp(342): Entering test case "TransactionsRequestDeserializationOverflowTest"
C:\Users\ContainerAdministrator\AppData\Local\Temp\cirrus-ci-build\src\test\blockencodings_tests.cpp(342): Leaving test case "TransactionsRequestDeserializationOverflowTest"; testing time: 22913us
C:\Users\ContainerAdministrator\AppData\Local\Temp\cirrus-ci-build\src\test\blockencodings_tests.cpp(18): Leaving test suite "blockencodings_tests"; testing time: 193219us
C:\Users\ContainerAdministrator\AppData\Local\Temp\cirrus-ci-build\src\test\blockfilter_index_tests.cpp(24): Entering test suite "blockfilter_index_tests"
C:\Users\ContainerAdministrator\AppData\Local\Temp\cirrus-ci-build\src\test\blockfilter_index_tests.cpp(112): Entering test case "blockfilter_index_initial_sync"
C:\Users\ContainerAdministrator\AppData\Local\Temp\cirrus-ci-build\src\test\blockfilter_index_tests.cpp(112): Leaving test case "blockfilter_index_initial_sync"; testing time: 1403954us
C:\Users\ContainerAdministrator\AppData\Local\Temp\cirrus-ci-build\src\test\blockfilter_index_tests.cpp(276): Entering test case "blockfilter_index_init_destroy"
C:\Users\ContainerAdministrator\AppData\Local\Temp\cirrus-ci-build\src\test\blockfilter_index_tests.cpp(276): Leaving test case "blockfilter_index_init_destroy"; testing time: 14842us
C:\Users\ContainerAdministrator\AppData\Local\Temp\cirrus-ci-build\src\test\blockfilter_index_tests.cpp(24): Leaving test suite "blockfilter_index_tests"; testing time: 1419116us
C:\Users\ContainerAdministrator\AppData\Local\Temp\cirrus-ci-build\src\test\blockfilter_tests.cpp(17): Entering test suite "blockfilter_tests"
C:\Users\ContainerAdministrator\AppData\Local\Temp\cirrus-ci-build\src\test\blockfilter_tests.cpp(19): Entering test case "gcsfilter_test"
C:\Users\ContainerAdministrator\AppData\Local\Temp\cirrus-ci-build\src\test\blockfilter_tests.cpp(19): Leaving test case "gcsfilter_test"; testing time: 7980us
C:\Users\ContainerAdministrator\AppData\Local\Temp\cirrus-ci-build\src\test\blockfilter_tests.cpp(42): Entering test case "gcsfilter_default_constructor"
C:\Users\ContainerAdministrator\AppData\Local\Temp\cirrus-ci-build\src\test\blockfilter_tests.cpp(42): Leaving test case "gcsfilter_default_constructor"; testing time: 71us
C:\Users\ContainerAdministrator\AppData\Local\Temp\cirrus-ci-build\src\test\blockfilter_tests.cpp(55): Entering test case "blockfilter_basic_test"
C:\Users\ContainerAdministrator\AppData\Local\Temp\cirrus-ci-build\src\test\blockfilter_tests.cpp(55): Leaving test case "blockfilter_basic_test"; testing time: 219us
C:\Users\ContainerAdministrator\AppData\Local\Temp\cirrus-ci-build\src\test\blockfilter_tests.cpp(128): Entering test case "blockfilters_json_test"
C:\Users\ContainerAdministrator\AppData\Local\Temp\cirrus-ci-build\src\test\blockfilter_tests.cpp(128): Leaving test case "blockfilters_json_test"; testing time: 4502us
C:\Users\ContainerAdministrator\AppData\Local\Temp\cirrus-ci-build\src\test\blockfilter_tests.cpp(182): Entering test case "blockfilter_type_names"
C:\Users\ContainerAdministrator\AppData\Local\Temp\cirrus-ci-build\src\test\blockfilter_tests.cpp(182): Leaving test case "blockfilter_type_names"; testing time: 41us
C:\Users\ContainerAdministrator\AppData\Local\Temp\cirrus-ci-build\src\test\blockfilter_tests.cpp(17): Leaving test suite "blockfilter_tests"; testing time: 13043us
C:\Users\ContainerAdministrator\AppData\Local\Temp\cirrus-ci-build\src\test\blockmanager_tests.cpp(17): Entering test suite "blockmanager_tests"
C:\Users\ContainerAdministrator\AppData\Local\Temp\cirrus-ci-build\src\test\blockmanager_tests.cpp(19): Entering test case "blockmanager_find_block_pos"
C:\Users\ContainerAdministrator\AppData\Local\Temp\cirrus-ci-build\src\test\blockmanager_tests.cpp(19): Leaving test case "blockmanager_find_block_pos"; testing time: 13887us
C:\Users\ContainerAdministrator\AppData\Local\Temp\cirrus-ci-build\src\test\blockmanager_tests.cpp(17): Leaving test suite "blockmanager_tests"; testing time: 13955us
C:\Users\ContainerAdministrator\AppData\Local\Temp\cirrus-ci-build\src\test\bloom_tests.cpp(24): Entering test suite "bloom_tests"
C:\Users\ContainerAdministrator\AppData\Local\Temp\cirrus-ci-build\src\test\bloom_tests.cpp(26): Entering test case "bloom_create_insert_serialize"
C:\Users\ContainerAdministrator\AppData\Local\Temp\cirrus-ci-build\src\test\bloom_tests.cpp(26): Leaving test case "bloom_create_insert_serialize"; testing time: 10511us
C:\Users\ContainerAdministrator\AppData\Local\Temp\cirrus-ci-build\src\test\bloom_tests.cpp(53): Entering test case "bloom_create_insert_serialize_with_tweak"
C:\Users\ContainerAdministrator\AppData\Local\Temp\cirrus-ci-build\src\test\bloom_tests.cpp(53): Leaving test case "bloom_create_insert_serialize_with_tweak"; testing time: 10474us
C:\Users\ContainerAdministrator\AppData\Local\Temp\cirrus-ci-build\src\test\bloom_tests.cpp(78): Entering test case "bloom_create_insert_key"
C:\Users\ContainerAdministrator\AppData\Local\Temp\cirrus-ci-build\src\test\bloom_tests.cpp(78): Leaving test case "bloom_create_insert_key"; testing time: 10503us
C:\Users\ContainerAdministrator\AppData\Local\Temp\cirrus-ci-build\src\test\bloom_tests.cpp(99): Entering test case "bloom_match"
C:\Users\ContainerAdministrator\AppData\Local\Temp\cirrus-ci-build\src\test\bloom_tests.cpp(99): Leaving test case "bloom_match"; testing time: 10789us
C:\Users\ContainerAdministrator\AppData\Local\Temp\cirrus-ci-build\src\test\bloom_tests.cpp(168): Entering test case "merkle_block_1"
C:\Users\ContainerAdministrator\AppData\Local\Temp\cirrus-ci-build\src\test\bloom_tests.cpp(168): Leaving test case "merkle_block_1"; testing time: 11291us
C:\Users\ContainerAdministrator\AppData\Local\Temp\cirrus-ci-build\src\test\bloom_tests.cpp(209): Entering test case "merkle_block_2"
C:\Users\ContainerAdministrator\AppData\Local\Temp\cirrus-ci-build\src\test\bloom_tests.cpp(209): Leaving test case "merkle_block_2"; testing time: 10663us
C:\Users\ContainerAdministrator\AppData\Local\Temp\cirrus-ci-build\src\test\bloom_tests.cpp(264): Entering test case "merkle_block_2_with_update_none"
C:\Users\ContainerAdministrator\AppData\Local\Temp\cirrus-ci-build\src\test\bloom_tests.cpp(264): Leaving test case "merkle_block_2_with_update_none"; testing time: 10671us
C:\Users\ContainerAdministrator\AppData\Local\Temp\cirrus-ci-build\src\test\bloom_tests.cpp(316): Entering test case "merkle_block_3_and_serialize"
C:\Users\ContainerAdministrator\AppData\Local\Temp\cirrus-ci-build\src\test\bloom_tests.cpp(316): Leaving test case "merkle_block_3_and_serialize"; testing time: 10217us
C:\Users\ContainerAdministrator\AppData\Local\Temp\cirrus-ci-build\src\test\bloom_tests.cpp(352): Entering test case "merkle_block_4"
C:\Users\ContainerAdministrator\AppData\Local\Temp\cirrus-ci-build\src\test\bloom_tests.cpp(352): Leaving test case "merkle_block_4"; testing time: 11052us
C:\Users\ContainerAdministrator\AppData\Local\Temp\cirrus-ci-build\src\test\bloom_tests.cpp(398): Entering test case "merkle_block_4_test_p2pubkey_only"
C:\Users\ContainerAdministrator\AppData\Local\Temp\cirrus-ci-build\src\test\bloom_tests.cpp(398): Leaving test case "merkle_block_4_test_p2pubkey_only"; testing time: 10974us
C:\Users\ContainerAdministrator\AppData\Local\Temp\cirrus-ci-build\src\test\bloom_tests.cpp(421): Entering test case "merkle_block_4_test_update_none"
C:\Users\ContainerAdministrator\AppData\Local\Temp\cirrus-ci-build\src\test\bloom_tests.cpp(421): Leaving test case "merkle_block_4_test_update_none"; testing time: 10785us
C:\Users\ContainerAdministrator\AppData\Local\Temp\cirrus-ci-build\src\test\bloom_tests.cpp(449): Entering test case "rolling_bloom"
C:\Users\ContainerAdministrator\AppData\Local\Temp\cirrus-ci-build\src\test\bloom_tests.cpp(449): Leaving test case "rolling_bloom"; testing time: 37648us
C:\Users\ContainerAdministrator\AppData\Local\Temp\cirrus-ci-build\src\test\bloom_tests.cpp(24): Leaving test suite "bloom_tests"; testing time: 156524us
C:\Users\ContainerAdministrator\AppData\Local\Temp\cirrus-ci-build\src\test\bswap_tests.cpp(9): Entering test suite "bswap_tests"
C:\Users\ContainerAdministrator\AppData\Local\Temp\cirrus-ci-build\src\test\bswap_tests.cpp(11): Entering test case "bswap_tests"
C:\Users\ContainerAdministrator\AppData\Local\Temp\cirrus-ci-build\src\test\bswap_tests.cpp(11): Leaving test case "bswap_tests"; testing time: 40us
C:\Users\ContainerAdministrator\AppData\Local\Temp\cirrus-ci-build\src\test\bswap_tests.cpp(9): Leaving test suite "bswap_tests"; testing time: 85us
C:\Users\ContainerAdministrator\AppData\Local\Temp\cirrus-ci-build\src\test\checkqueue_tests.cpp(35): Entering test suite "checkqueue_tests"
C:\Users\ContainerAdministrator\AppData\Local\Temp\cirrus-ci-build\src\test\checkqueue_tests.cpp(194): Entering test case "test_CheckQueue_Correct_Zero"
C:\Users\ContainerAdministrator\AppData\Local\Temp\cirrus-ci-build\src\test\checkqueue_tests.cpp(194): Leaving test case "test_CheckQueue_Correct_Zero"; testing time: 22190us
C:\Users\ContainerAdministrator\AppData\Local\Temp\cirrus-ci-build\src\test\checkqueue_tests.cpp(202): Entering test case "test_CheckQueue_Correct_One"
C:\Users\ContainerAdministrator\AppData\Local\Temp\cirrus-ci-build\src\test\checkqueue_tests.cpp(202): Leaving test case "test_CheckQueue_Correct_One"; testing time: 21863us
C:\Users\ContainerAdministrator\AppData\Local\Temp\cirrus-ci-build\src\test\checkqueue_tests.cpp(210): Entering test case "test_CheckQueue_Correct_Max"
C:\Users\ContainerAdministrator\AppData\Local\Temp\cirrus-ci-build\src\test\checkqueue_tests.cpp(210): Leaving test case "test_CheckQueue_Correct_Max"; testing time: 56855us
C:\Users\ContainerAdministrator\AppData\Local\Temp\cirrus-ci-build\src\test\checkqueue_tests.cpp(218): Entering test case "test_CheckQueue_Correct_Random"
C:\Users\ContainerAdministrator\AppData\Local\Temp\cirrus-ci-build\src\test\checkqueue_tests.cpp(218): Leaving test case "test_CheckQueue_Correct_Random"; testing time: 3559852us
C:\Users\ContainerAdministrator\AppData\Local\Temp\cirrus-ci-build\src\test\checkqueue_tests.cpp(229): Entering test case "test_CheckQueue_Catches_Failure"
C:\Users\ContainerAdministrator\AppData\Local\Temp\cirrus-ci-build\src\test\checkqueue_tests.cpp(229): Leaving test case "test_CheckQueue_Catches_Failure"; testing time: 401005us
C:\Users\ContainerAdministrator\AppData\Local\Temp\cirrus-ci-build\src\test\checkqueue_tests.cpp(257): Entering test case "test_CheckQueue_Recovers_From_Failure"
C:\Users\ContainerAdministrator\AppData\Local\Temp\cirrus-ci-build\src\test\checkqueue_tests.cpp(257): Leaving test case "test_CheckQueue_Recovers_From_Failure"; testing time: 22987us
C:\Users\ContainerAdministrator\AppData\Local\Temp\cirrus-ci-build\src\test\checkqueue_tests.cpp(281): Entering test case "test_CheckQueue_UniqueCheck"
C:\Users\ContainerAdministrator\AppData\Local\Temp\cirrus-ci-build\src\test\checkqueue_tests.cpp(281): Leaving test case "test_CheckQueue_UniqueCheck"; testing time: 132023us
C:\Users\ContainerAdministrator\AppData\Local\Temp\cirrus-ci-build\src\test\checkqueue_tests.cpp(316): Entering test case "test_CheckQueue_Memory"
C:\Users\ContainerAdministrator\AppData\Local\Temp\cirrus-ci-build\src\test\checkqueue_tests.cpp(316): Leaving test case "test_CheckQueue_Memory"; testing time: 529811us
C:\Users\ContainerAdministrator\AppData\Local\Temp\cirrus-ci-build\src\test\checkqueue_tests.cpp(343): Entering test case "test_CheckQueue_FrozenCleanup"
C:\Users\ContainerAdministrator\AppData\Local\Temp\cirrus-ci-build\src\test\checkqueue_tests.cpp(343): Leaving test case "test_CheckQueue_FrozenCleanup"; testing time: 23503us
C:\Users\ContainerAdministrator\AppData\Local\Temp\cirrus-ci-build\src\test\checkqueue_tests.cpp(383): Entering test case "test_CheckQueueControl_Locks"
C:\Users\ContainerAdministrator\AppData\Local\Temp\cirrus-ci-build\src\test\checkqueue_tests.cpp(383): Leaving test case "test_CheckQueueControl_Locks"; testing time: 75758us
C:\Users\ContainerAdministrator\AppData\Local\Temp\cirrus-ci-build\src\test\checkqueue_tests.cpp(35): Leaving test suite "checkqueue_tests"; testing time: 4846828us
C:\Users\ContainerAdministrator\AppData\Local\Temp\cirrus-ci-build\src\test\coinstatsindex_tests.cpp(18): Entering test suite "coinstatsindex_tests"
C:\Users\ContainerAdministrator\AppData\Local\Temp\cirrus-ci-build\src\test\coinstatsindex_tests.cpp(31): Entering test case "coinstatsindex_initial_sync"
C:\Users\ContainerAdministrator\AppData\Local\Temp\cirrus-ci-build\src\test\coinstatsindex_tests.cpp(31): Leaving test case "coinstatsindex_initial_sync"; testing time: 25300227us
C:\Users\ContainerAdministrator\AppData\Local\Temp\cirrus-ci-build\src\test\coinstatsindex_tests.cpp(93): Entering test case "coinstatsindex_unclean_shutdown"
C:\Users\ContainerAdministrator\AppData\Local\Temp\cirrus-ci-build\src\test\coinstatsindex_tests.cpp(93): Leaving test case "coinstatsindex_unclean_shutdown"; testing time: 26694319us
C:\Users\ContainerAdministrator\AppData\Local\Temp\cirrus-ci-build\src\test\coinstatsindex_tests.cpp(18): Leaving test suite "coinstatsindex_tests"; testing time: 51994811us
C:\Users\ContainerAdministrator\AppData\Local\Temp\cirrus-ci-build\src\test\coins_tests.cpp(99): Entering test suite "coins_tests"
C:\Users\ContainerAdministrator\AppData\Local\Temp\cirrus-ci-build\src\test\coins_tests.cpp(266): Entering test case "coins_cache_simulation_test"
C:\Users\ContainerAdministrator\AppData\Local\Temp\cirrus-ci-build\src\test\coins_tests.cpp(266): Leaving test case "coins_cache_simulation_test"; testing time: 36112640us
C:\Users\ContainerAdministrator\AppData\Local\Temp\cirrus-ci-build\src\test\coins_tests.cpp(296): Entering test case "updatecoins_simulation_test"
C:\Users\ContainerAdministrator\AppData\Local\Temp\cirrus-ci-build\src\test\coins_tests.cpp(296): Leaving test case "updatecoins_simulation_test"; testing time: 9132394us
C:\Users\ContainerAdministrator\AppData\Local\Temp\cirrus-ci-build\src\test\coins_tests.cpp(498): Entering test case "ccoins_serialization"
C:\Users\ContainerAdministrator\AppData\Local\Temp\cirrus-ci-build\src\test\coins_tests.cpp(498): Leaving test case "ccoins_serialization"; testing time: 11676us
C:\Users\ContainerAdministrator\AppData\Local\Temp\cirrus-ci-build\src\test\coins_tests.cpp(643): Entering test case "ccoins_access"
C:\Users\ContainerAdministrator\AppData\Local\Temp\cirrus-ci-build\src\test\coins_tests.cpp(643): Leaving test case "ccoins_access"; testing time: 12319us
C:\Users\ContainerAdministrator\AppData\Local\Temp\cirrus-ci-build\src\test\coins_tests.cpp(694): Entering test case "ccoins_spend"
C:\Users\ContainerAdministrator\AppData\Local\Temp\cirrus-ci-build\src\test\coins_tests.cpp(694): Leaving test case "ccoins_spend"; testing time: 11962us
C:\Users\ContainerAdministrator\AppData\Local\Temp\cirrus-ci-build\src\test\coins_tests.cpp(765): Entering test case "ccoins_add"
C:\Users\ContainerAdministrator\AppData\Local\Temp\cirrus-ci-build\src\test\coins_tests.cpp(765): Leaving test case "ccoins_add"; testing time: 13107us
C:\Users\ContainerAdministrator\AppData\Local\Temp\cirrus-ci-build\src\test\coins_tests.cpp(814): Entering test case "ccoins_write"
C:\Users\ContainerAdministrator\AppData\Local\Temp\cirrus-ci-build\src\test\coins_tests.cpp(814): Leaving test case "ccoins_write"; testing time: 16577us
C:\Users\ContainerAdministrator\AppData\Local\Temp\cirrus-ci-build\src\test\coins_tests.cpp(99): Leaving test suite "coins_tests"; testing time: 45311336us
C:\Users\ContainerAdministrator\AppData\Local\Temp\cirrus-ci-build\src\test\compilerbug_tests.cpp(7): Test suite "compilerbug_tests" is skipped because disabled
C:\Users\ContainerAdministrator\AppData\Local\Temp\cirrus-ci-build\src\test\compress_tests.cpp(25): Entering test suite "compress_tests"
C:\Users\ContainerAdministrator\AppData\Local\Temp\cirrus-ci-build\src\test\compress_tests.cpp(40): Entering test case "compress_amounts"
C:\Users\ContainerAdministrator\AppData\Local\Temp\cirrus-ci-build\src\test\compress_tests.cpp(40): Leaving test case "compress_amounts"; testing time: 1385166us
C:\Users\ContainerAdministrator\AppData\Local\Temp\cirrus-ci-build\src\test\compress_tests.cpp(65): Entering test case "compress_script_to_ckey_id"
C:\Users\ContainerAdministrator\AppData\Local\Temp\cirrus-ci-build\src\test\compress_tests.cpp(65): Leaving test case "compress_script_to_ckey_id"; testing time: 13300us
C:\Users\ContainerAdministrator\AppData\Local\Temp\cirrus-ci-build\src\test\compress_tests.cpp(85): Entering test case "compress_script_to_cscript_id"
C:\Users\ContainerAdministrator\AppData\Local\Temp\cirrus-ci-build\src\test\compress_tests.cpp(85): Leaving test case "compress_script_to_cscript_id"; testing time: 11468us
C:\Users\ContainerAdministrator\AppData\Local\Temp\cirrus-ci-build\src\test\compress_tests.cpp(102): Entering test case "compress_script_to_compressed_pubkey_id"
C:\Users\ContainerAdministrator\AppData\Local\Temp\cirrus-ci-build\src\test\compress_tests.cpp(102): Leaving test case "compress_script_to_compressed_pubkey_id"; testing time: 11898us
C:\Users\ContainerAdministrator\AppData\Local\Temp\cirrus-ci-build\src\test\compress_tests.cpp(120): Entering test case "compress_script_to_uncompressed_pubkey_id"
C:\Users\ContainerAdministrator\AppData\Local\Temp\cirrus-ci-build\src\test\compress_tests.cpp(120): Leaving test case "compress_script_to_uncompressed_pubkey_id"; testing time: 11945us
C:\Users\ContainerAdministrator\AppData\Local\Temp\cirrus-ci-build\src\test\compress_tests.cpp(25): Leaving test suite "compress_tests"; testing time: 1434257us
C:\Users\ContainerAdministrator\AppData\Local\Temp\cirrus-ci-build\src\test\crypto_tests.cpp(27): Entering test suite "crypto_tests"
C:\Users\ContainerAdministrator\AppData\Local\Temp\cirrus-ci-build\src\test\crypto_tests.cpp(207): Entering test case "ripemd160_testvectors"
C:\Users\ContainerAdministrator\AppData\Local\Temp\cirrus-ci-build\src\test\crypto_tests.cpp(207): Leaving test case "ripemd160_testvectors"; testing time: 2368224us
C:\Users\ContainerAdministrator\AppData\Local\Temp\cirrus-ci-build\src\test\crypto_tests.cpp(223): Entering test case "sha1_testvectors"
C:\Users\ContainerAdministrator\AppData\Local\Temp\cirrus-ci-build\src\test\crypto_tests.cpp(223): Leaving test case "sha1_testvectors"; testing time: 1130269us
C:\Users\ContainerAdministrator\AppData\Local\Temp\cirrus-ci-build\src\test\crypto_tests.cpp(239): Entering test case "sha256_testvectors"
C:\Users\ContainerAdministrator\AppData\Local\Temp\cirrus-ci-build\src\test\crypto_tests.cpp(239): Leaving test case "sha256_testvectors"; testing time: 1542990us
C:\Users\ContainerAdministrator\AppData\Local\Temp\cirrus-ci-build\src\test\crypto_tests.cpp(261): Entering test case "sha512_testvectors"
C:\Users\ContainerAdministrator\AppData\Local\Temp\cirrus-ci-build\src\test\crypto_tests.cpp(261): Leaving test case "sha512_testvectors"; testing time: 1046205us
C:\Users\ContainerAdministrator\AppData\Local\Temp\cirrus-ci-build\src\test\crypto_tests.cpp(298): Entering test case "hmac_sha256_testvectors"
C:\Users\ContainerAdministrator\AppData\Local\Temp\cirrus-ci-build\src\test\crypto_tests.cpp(298): Leaving test case "hmac_sha256_testvectors"; testing time: 31868us
C:\Users\ContainerAdministrator\AppData\Local\Temp\cirrus-ci-build\src\test\crypto_tests.cpp(351): Entering test case "hmac_sha512_testvectors"
C:\Users\ContainerAdministrator\AppData\Local\Temp\cirrus-ci-build\src\test\crypto_tests.cpp(351): Leaving test case "hmac_sha512_testvectors"; testing time: 35614us
C:\Users\ContainerAdministrator\AppData\Local\Temp\cirrus-ci-build\src\test\crypto_tests.cpp(419): Entering test case "aes_testvectors"
C:\Users\ContainerAdministrator\AppData\Local\Temp\cirrus-ci-build\src\test\crypto_tests.cpp(419): Leaving test case "aes_testvectors"; testing time: 11067us
C:\Users\ContainerAdministrator\AppData\Local\Temp\cirrus-ci-build\src\test\crypto_tests.cpp(430): Entering test case "aes_cbc_testvectors"
C:\Users\ContainerAdministrator\AppData\Local\Temp\cirrus-ci-build\src\test\crypto_tests.cpp(430): Leaving test case "aes_cbc_testvectors"; testing time: 12567us
C:\Users\ContainerAdministrator\AppData\Local\Temp\cirrus-ci-build\src\test\crypto_tests.cpp(461): Entering test case "chacha20_testvector"
C:\Users\ContainerAdministrator\AppData\Local\Temp\cirrus-ci-build\src\test\crypto_tests.cpp(461): Leaving test case "chacha20_testvector"; testing time: 11420us
C:\Users\ContainerAdministrator\AppData\Local\Temp\cirrus-ci-build\src\test\crypto_tests.cpp(503): Entering test case "poly1305_testvector"
C:\Users\ContainerAdministrator\AppData\Local\Temp\cirrus-ci-build\src\test\crypto_tests.cpp(503): Leaving test case "poly1305_testvector"; testing time: 11189us
C:\Users\ContainerAdministrator\AppData\Local\Temp\cirrus-ci-build\src\test\crypto_tests.cpp(573): Entering test case "hkdf_hmac_sha256_l32_tests"
C:\Users\ContainerAdministrator\AppData\Local\Temp\cirrus-ci-build\src\test\crypto_tests.cpp(573): Leaving test case "hkdf_hmac_sha256_l32_tests"; testing time: 10792us
C:\Users\ContainerAdministrator\AppData\Local\Temp\cirrus-ci-build\src\test\crypto_tests.cpp(685): Entering test case "chacha20_poly1305_aead_testvector"
C:\Users\ContainerAdministrator\AppData\Local\Temp\cirrus-ci-build\src\test\crypto_tests.cpp(685): Leaving test case "chacha20_poly1305_aead_testvector"; testing time: 91237us
C:\Users\ContainerAdministrator\AppData\Local\Temp\cirrus-ci-build\src\test\crypto_tests.cpp(718): Entering test case "countbits_tests"
C:\Users\ContainerAdministrator\AppData\Local\Temp\cirrus-ci-build\src\test\crypto_tests.cpp(718): Leaving test case "countbits_tests"; testing time: 152305us
C:\Users\ContainerAdministrator\AppData\Local\Temp\cirrus-ci-build\src\test\crypto_tests.cpp(740): Entering test case "sha256d64"
C:\Users\ContainerAdministrator\AppData\Local\Temp\cirrus-ci-build\src\test\crypto_tests.cpp(740): Leaving test case "sha256d64"; testing time: 17092us
C:\Users\ContainerAdministrator\AppData\Local\Temp\cirrus-ci-build\src\test\crypto_tests.cpp(778): Entering test case "keccak_tests"
C:\Users\ContainerAdministrator\AppData\Local\Temp\cirrus-ci-build\src\test\crypto_tests.cpp(778): Leaving test case "keccak_tests"; testing time: 2733771us
C:\Users\ContainerAdministrator\AppData\Local\Temp\cirrus-ci-build\src\test\crypto_tests.cpp(798): Entering test case "sha3_256_tests"
C:\Users\ContainerAdministrator\AppData\Local\Temp\cirrus-ci-build\src\test\crypto_tests.cpp(798): Leaving test case "sha3_256_tests"; testing time: 16189us
C:\Users\ContainerAdministrator\AppData\Local\Temp\cirrus-ci-build\src\test\crypto_tests.cpp(867): Entering test case "muhash_tests"

Timed out!