SHA for cache folders (/tmp/ccache_dir) is '7470148df7579a15371480d76ac4508da8417426fcb22918907968e16157d1d2'
Cache ccache has changed!
List of changes for cache folders (/tmp/ccache_dir):
modified: 9/9/a9tojtof3fknr6vjopedsgl3kiokj46M
created: b/b/a4ogguqu9m64s21na5177l3cali1jgaR
created: 6/f/665jvsfm8b760t6qjinb7a2rcr9fghcM
created: 4/c/22bgkhjje1ermvtrmv4aa8ktltpnvioR
modified: 7/f/83kqdhnsf4hsq41dptdcmct1hqk3ub6R
modified: a/4/15uu0gldmok7c933kcv0kmoanhrp8esM
modified: 0/0/f4v3q6770u5mnq9vhunkpcblcvpkp3gM
modified: 1/2/169vmj2nicng7qt2e8tqso29gateso6M
created: 1/2/461dc76j7euv7eqilnp56u5mrl20hb6R
modified: 1/5/afvd1gr646jolpr5d2uig899e7h9nvaM
modified: 4/8/stats
created: 6/0/7eoob051ru3p3dlbg2a6cjji85q3alsR
modified: 7/a/abakrun8jqlt3d14spkcia503s808ooM
created: 0/6/746hfnbiffih4bk6k7lvr4crl3ceuqaR
modified: 0/f/stats
modified: 6/2/8d9nvlcckkml5m2fhd08pn469kf75q4M
created: 8/3/3aoraej3p4kq9u9d2h0dj7aotgqjfhgM
modified: b/d/stats
created: d/a/ef53aa1jannba1li5ng6p34skv2v81eR
created: e/4/40s621t5l0lfh34adtc03q01uj1ocviR
created: 1/6/ca0buuc1ntoddnftcvssq0nuuem7i46R
created: 4/a/d4vjf043cfta7l8b0821f32ngopegceM
modified: 4/6/stats
modified: 7/8/stats
created: 8/d/39v5q26m0sjiqt8c2bkm8tq4p5okc0kR
modified: 3/2/b8d71ruj6mbfe5jihjq58ja4k6uacrqR
modified: 1/b/stats
modified: 2/9/stats
created: 2/c/a3ovqc1led8kv9dihshcf9cmojvagp4R
created: 7/8/5ertfign9a8i9og7smd355i55uul7iiR
created: 1/7/e1h5o8dqsb70ab8v8ei8nnbtd1b90bmR
modified: b/c/092dhpbqso50avcqm9vjaa13n6vpc3eM
created: d/8/d7lr6b6bq9f674hs775gm58gjauulveR
modified: f/0/stats
modified: 9/0/fecp19eqmr87up3tggleqhvghqunbh8M
created: a/b/c3gphdo51hf4ucurnb0pqjaeqgjntd4R
modified: c/9/stats
created: 6/7/3cjdiotkj9mncvmnv562l5pj5cvptteR
modified: a/e/stats
created: 8/2/d7jgv5dat5r0fkhhqghj3uhgjpj3qe6R
modified: 4/e/stats
modified: 6/f/stats
modified: d/c/stats
created: 0/6/f8gdnsoudavb50rinml5r07h7uv4820R
modified: 1/3/stats
created: 2/c/a14uai1ljnsia54f0uqt6icd1ti0r2gR
created: 1/7/d08botovmohdsdfj7cn8mu012i9fg0qR
modified: 2/2/e2iqvl2e37an0b0vm2on8gj0fk7kb6qM
created: a/5/dckpi3hsjipu4u4oqn0sl49m24decu4M
created: b/5/c197u2k4cg6higbm6vkebe7n9e97d8aM
created: d/6/701r8lolb0ob51duusolgqjmuakniqgR
created: 5/6/dbqfml40q252f0bvhj8gca4mqa3f4u6R
modified: 9/7/stats
modified: 6/7/a5cb051t7p0tfddno89tg5l9918gpc4M
modified: f/f/41vp3311k8j71ieifbaodet8j43629mM
modified: 0/9/f760v73clcprle84eh0a9momp5tf5gaM
modified: 1/a/stats
modified: 3/9/345957fjgn50k7ko6p06s82vqs0ut3uR
created: b/d/a86paj4ri5lmbol6uf8fug7akn3q7dqR
modified: f/8/stats
created: 1/4/a0905qcslp0irncamseun9p7u1ln93qR
modified: 2/e/stats
created: 9/6/4dg865qrifatc3err6cbfmc8ip08ps2R
created: a/9/c5s3p34dd4hcvlct25q72arvd6ms708R
modified: b/4/a7doc8452tos9uhovo28247dl2tiu8eM
modified: 7/a/stats
modified: c/3/stats
modified: d/0/9acmues77p4b42hidle0db5jmbgnud2M
modified: e/a/b7r2dorg066t02e2u7nfuj2dng80t8aM
created: 0/d/f5u6a4kcfpn74d4cpqbt19bqom848fuR
created: 5/b/aeas0p3lmq3ekcaslvpkk0tkf2tkaq0R
modified: 9/0/stats
modified: 0/0/stats
created: f/4/ab4ro2ngv434es31t2mhrc9gfpc2qioR
created: 2/7/edcmerreb6g8sg8pk53sig78476frhkM
modified: 3/5/52put8i53sv3n9f0okgjojtrdgges7sM
created: f/d/c2vje1dh5hs75m5rijmilm2qba95gp6M
created: 1/f/07075fuqgmje0m33amqqa7mfofnc7gqR
modified: 2/5/stats
modified: 6/8/stats
created: 8/4/0cnkddeinsdqdue41omn65j502t5uasR
modified: 4/6/9a9hlhhnmc4qc0taq023hoj42gp1hc8R
modified: 4/e/748hv7jnuk1g5himc1tmo28iphkifckM
modified: 2/6/05sj43knvfbkhq9efupp9550vo33gfsM
created: 2/8/8b8uehk1bib7kio1j98hvo1kkioaiaiR
created: 7/b/dc96sdl3er025fhlo2qebqbepmtp2bsR
modified: f/2/5a2vtc1uh6638j191p7f37be1nacgqgM
modified: f/7/stats
modified: 1/d/8bfi3aflchc6ht06bcqsmcqq6c13v2gM
created: 2/2/1cpmqupcke3jedtssd7ipc31fvq3ks4R
modified: 0/b/5bekc281t4irorieec00usm57qdomneR
modified: e/8/stats
modified: e/a/stats
modified: 4/c/1der7ne1588e9ioanq80r0d7lucc1j8M
modified: 9/8/stats
created: 3/1/d3h9ebl87431cm4osh2u9gc3fmi1hh8R
modified: 5/8/stats
modified: 5/stats
created: 6/a/f256caesofgigrsitdf09jqad7cnbt6R
modified: 7/1/stats
modified: 1/7/stats
created: b/6/6as3if4jqm3nncbpl3csmgri02iijmmR
modified: a/8/42rrktms18kj1ptj7hih0i9ba8n3abkM
modified: b/6/4avtg7molgbgdpu86h3udch8ct1r6i6M
modified: 0/5/78kpk5qmcm3057phcv13hgvbfchh38aM
modified: 6/1/stats
created: 0/2/2ehi2ffpaba4fhqkq3nkc6ek2o19k5sR
modified: 8/5/10h77qec6pn3jc6bg2cih7ffgt7td72M
modified: c/0/stats
created: 0/6/4fa37mqfgmo28i8k8javiphlhmtdnhiR
created: 2/8/1eoe9pf9nlvur3q10hfomi435lumvegR
modified: 3/e/stats
modified: 7/c/e3409vljpgrqve1pg3hf8htj56v573kM
created: 9/8/9fhu5sne3q9i2tg9c36j96ddtj22jpuR
created: 0/a/42k2j2o35q16ijl1rn9q119cvim62suR
modified: 1/3/deipcmq86vrir6o8jmaaiihadd6spscM
created: 1/e/a75qtq8s2pss8j0csjagm6hsk4im86qR
modified: 9/2/eb9ft14v3m36bb1r2v83crb7dgjg5cmM
modified: a/b/58rv140n6v7muq41ce2u85i7sm318k8M
modified: 1/4/stats
modified: b/2/8bu920q91g5vs72ptqju6nl83kh1606M
modified: 1/c/stats
created: 3/4/f8u83fsefqkv5qkc9joaoubdtqgjmsiR
created: b/3/332fgadc48ok1jf8brs3065o4s493goM
created: 8/5/f4phkpj6ueqp6nbdgr2t2ge4un95v1oR
created: c/7/72h2o81v4lrjjdrd0fab8d7jl768ivcR
modified: f/e/stats
modified: 0/e/stats
modified: 3/7/stats
modified: 4/3/6ahgt8cfpmmq4gr4hjejenrh5h3qpq8R
modified: 4/d/b7c340l67b1c035fg8q1uup2jf2qcaaM
modified: a/e/91s3ctbb1k0rafl6fif525t06iinakeM
modified: 2/6/stats
created: 3/5/acd2bro8ullkf8dvcvauicojockvbdmR
created: a/6/14m67tua2kj00u23q733g2oc0g5gffcR
modified: e/9/8clq5n3jobvf3a50h4ro48rb031m9leR
created: 3/a/d9u6hgsegiibmobm5ve4uve6ifft9v2R
modified: 8/0/b3heim0da0u5hqtd6juv7crhma30vd4R
modified: d/5/22if94ms57ond17spal8fbc471le26sM
created: d/b/9ft9js23e1o0nsc10qqlv8l29i7cdgqR
modified: 0/4/1ehev4vmbhcknjdifp1ccfeg58e50noM
modified: 9/9/57bd566bkk9sm6u3ui7lvt0rfdp6b88M
modified: f/5/stats
modified: 4/1/f63l11kap0vk8f4bm1h159f87fbn0huM
created: 3/6/414gftbf2tm0g4olabakqpf2418uhoiR
created: 5/4/00uq73mfctd58gcina3corsoit1gv9uM
modified: b/2/9cqo9dvm81t2cav3lclluqveiieukpuM
created: 2/b/4cfapg9s0o7jjemlvo08u3qm1il170cR
modified: 7/a/67mbjfvjvetrrgnquciu6enusf96famM
created: 7/d/cdj3ao4i3l78tua0guhnghtj9bbva2gR
modified: 4/8/790goia2p5k6nsp5emaq3ada9d04fs4M
modified: 5/b/56g8l2oif98hkskcejciopu6jca1r2gR
modified: 7/9/stats
modified: a/a/stats
modified: 6/0/9atahm2ve3bd9lbl2mq215h96ei3qriR
modified: 3/0/stats
modified: 7/7/7cdqjh53i8tsvvheftgc9gutc4df37kM
modified: a/4/7bkukhi3tm236km4heqacm8oauak4h2R
modified: 1/e/stats
modified: f/stats
modified: 9/4/094lh6ehc2toeubp2ctuev5fbl4rv8sM
modified: 0/stats
modified: 2/a/stats
modified: c/e/stats
modified: f/1/stats
modified: 6/4/stats
modified: 8/4/stats
created: a/0/c9ikufkrt6vm54cgv96uficc2d56eoaR
modified: d/e/stats
created: e/0/036q6q23ocrkg2tqbeeat0o8kqhp7f0R
modified: 2/3/e0l3voaqigr9e37frqm7kpffjhm933eM
modified: 9/e/3fra5odu3vt4kn4qaaddjec2g16ipjgM
modified: c/3/c8qknbh8a3qjjvnmlmjosnsdteeo6qsM
created: 5/3/9bgivhpchu66lehsl6bfr6fvrk1js58R
modified: 6/3/stats
modified: 3/7/6558l4kptj5mclj0rtc8mg15u1ogascM
created: 3/8/94n68indif57h0kq5f7d4b11ded9kckM
created: a/c/34ddangl1e1pf3k0kiskpk87rkmovmoR
created: 0/2/46num8lpk7971qqtvapsn8u7bb6gq6gM
created: 5/3/4djj5ft98baup821qucg45tsuta0pumR
modified: a/3/e2boe3naf2d6mv8nc5r3rga3ju9q54kM
created: c/5/7a5qpgn259cggfjqr7vmf9a8rqp21s4M
modified: 1/5/c26fhfh5min7o4i1hdne8derd6jd4skM
modified: 7/2/f0hkke9kuufaq9qvr11q9utv6unv6hsM
modified: 8/d/4993onosqfpd2l8skmt8q8t037kk4csM
modified: 9/9/stats
created: a/b/6e5asli86q5h7l5ceosjutknhq5jdgeR
modified: 2/9/c9t62gqm7qvbjmhob83p3uvt2tev30cM
created: 6/9/2fm9ldhru333aemufekcueo71pnjpc2R
modified: 7/c/stats
modified: 6/d/stats
modified: 7/3/254oivrhhj432nbif7jcqk7j2m9a4q0R
modified: 8/b/stats
modified: e/5/d8i9f1dhjb9tiksooik68euc34l502sM
modified: 2/c/stats
modified: 4/stats
created: 7/4/32lcrcfa2843trh973j96ovpmhsbskeR
created: f/7/aeedcsqbgmu0o1morojorn7achfrh5gR
modified: 3/a/stats
modified: 7/4/6di96t9p4d39m1diunkk1ef1s8a75l6M
modified: c/8/stats
created: 0/7/aapk8oo2f234qan3hco1v296rq27loiR
modified: 8/5/stats
modified: 9/3/faqlja5lsp51kl90fo4mta0i0emc7ocM
modified: 3/2/stats
modified: 4/2/stats
created: 5/2/abcbk8f9br6h11k5kvotqjgcupethrkR
modified: 5/a/72lt7n3mqqvg0ohif68j9va09dtvsiuR
created: 5/c/b0vtpebqaq2ie326jl8tsjllljrj8keR
created: 6/2/78j4c68alb0pcfs20kirm1hsc78d47oR
created: 0/3/92dpp3gnlgvk7lndbjni5k54a08qo5qM
created: 1/1/95u4oorm0cho6evk6mdpohj72e9c4h0R
created: 3/4/f2the5oh76htn3fgutolvf13ae52i3iR
modified: 3/c/stats
modified: 1/4/adbo53j4uvgs7ku8jd6a9cma2ld9i9mR
modified: 9/7/01557qf6b29i667996fkge3cusks3foR
modified: 9/d/stats
modified: f/d/stats
created: 7/c/78pm5s114eq2mi9l97i8lr0nsdnr8ueR
created: e/5/58ups7tgru267aiip3hgphc92n8ut38R
modified: 9/a/stats
created: 2/c/0fk8dt9i9itrc4sscv5lno7hjle1kpkR
created: 6/c/b77rm8d8rhfp6eptebf0g6c3ao8voliR
modified: 8/9/13jseppffq5pdr0qjiglofds4fg66coM
created: a/9/4843fcrc5f6g4cdo0a44ivkt71dsl9eM
created: 1/c/093c4d3cliolc9pp0ot6u91eke0gps4R
created: 5/5/f8tgvl99bgm5mqimro62lnamb8jq5r8M
modified: 8/c/stats
modified: 9/1/ebla1ubqt29v24gqda4n3agirer4te6R
created: 9/5/9f5qti57t7174b7sikta5556h1k4btqR
modified: b/0/81qen5ca87p8614m6qkp7ufv855oq5sR
created: 1/1/20nqng72egjdvr4asjm0d52ikhftqmqR
modified: 4/c/stats
created: 3/e/5e1920hluh11ve9ihv6ik52tioh0m0qR
created: 6/8/31q20v63r4shulh3rl4l5jbhtj5h0e4R
created: 1/f/bbnt559ccch4abiu27lq9th1ch8acnaR
modified: 3/0/8bro2vfp79ilpab7cd557nv28675eqkM
modified: 8/0/4foq4429q1ovhkoailtjnqilgfettrmR
created: 8/8/b1t4mrcvr8g2h3bn6024dseklvtu10cM
created: c/0/989g63sp8kvov2ehqjmm5tbd5slo3n2R
modified: 0/b/stats
modified: 3/d/f3l4qpppt2k3t54kmnff5fbsncduso4M
created: 5/f/eaq4no50s1if9ortqku7n0h2mioc98sR
modified: 8/0/stats
modified: d/4/stats
modified: 5/3/91dop55mv8rs61hfrcf5enru204auk8M
modified: b/7/stats
modified: 1/stats
modified: 9/e/stats
modified: 6/5/stats
modified: a/b/stats
modified: e/5/stats
modified: 6/8/bdnk45njabf8ojsr8i5d7j9tt4qfmmqM
modified: a/6/stats
modified: 9/2/33tg7undqjnir0k2s2rh6qstrajgup4M
modified: a/5/stats
created: 2/2/c05h8l5ojrudquq5kg4b2a9vtf77f3gR
modified: 4/a/stats
created: 0/9/0d1d3km0qitvusrt0fdrtctrfohpckkR
modified: 7/a/797cjqjhqfmkhdk0djc6e69fh9spkf4M
modified: 9/2/stats
modified: 5/8/001k92uue77iauma8r5vrhidem4kpi8M
modified: 4/f/d4hunsk1b3tue768pker4dajiangjj8M
created: 6/6/d3lientujrqgrcejrf15ufp2thj6vgmR
modified: 6/7/stats
modified: b/6/c3nqgodkdg3d2jipsem7pgdl8m954iqM
modified: c/5/51a59gmp3iq11ejgs4kdoj1bqk90tj4R
modified: d/7/stats
modified: 3/9/32oood8t07mnmbc5vtaegb030ef1b4qM
created: d/b/edlufsbdov16eq7jlie8lntafiell3oR
modified: f/9/stats
created: 2/e/380kdguep2v35mnfioh8lfonrdij7ksR
created: 4/0/c2gnmf3av8et698jkl508iererqcp24R
created: 6/8/3d93teat78a20agkpg2er9lc0f47dqiR
modified: 9/4/stats
created: c/6/40tmk4n83u4n8e4rddapo5pk9tikq28R
modified: 1/1/5a0popp80nfq9mo9h9kmc71rf0kipraM
created: f/6/5a750e9vk95kntv027ul5cof9q89eeoR
created: f/8/550goniclp03rq3nfqgfnqmim70nmaqR
created: 2/2/c0kjsf1o7tf6mqd2a5a4thu4jlk6upgR
created: 3/0/a9dhcg5pch4rvc981eh003m5ercbn7gR
modified: 3/c/a33lmt26jstc82kiljqsqpmltknqkt0R
modified: 1/9/00r7l2ufbbvurvgt7ih7rfgid2f01csM
modified: 7/1/13rlkm8e8svggmj2o8qf7l8g9s7d820M
modified: a/b/2ft4k201t8nb22klvqshq8vbnandfu2M
modified: a/8/3a108i14s8v7hab9p6h5g9n5rdpdop2M
created: e/a/c4ngcg8rlhjf4nh4p97revsimsh595iM
created: 8/3/2cch2i6h6qfk4infsi3h5f14e3i5h22R
modified: 0/1/11pbm4trl788f6fvqptihrb5bhmav4uM
modified: 5/4/8c02u53fcb6ch9rfsgstragjcp6b2dgM
created: c/a/dfeqeiv6bfs1bjn1gl0i0euo4tmg1qaR
modified: d/c/96s6r2frttnjk6j15il06md4pfg9obaM
modified: e/5/cc8b0j02c6m6hu6q05vq2c0smn3f6f4M
modified: f/a/stats
modified: 4/5/a8hu98aj6beaikqhrra3dkpc8h9o1biM
modified: b/3/afqjq7j2986gru6regujcpfbij6ne8qM
created: b/5/419vdlesvdv8hihqfbr2e1v05n9kp2kR
created: d/8/dct7ttbrrbue5mied8brjs0qp1nv9hsR
modified: e/9/33lt31p5lhbotqa4mr5eab1nemcnksqM
created: 5/5/efts6rabqkra4hh91qllb5l68febml8M
modified: 6/7/d7gc1nsj6fdrvtflbcogpes68lale0sM
modified: 3/e/8743r7i4g502okk9rq19mltktq4mn8uM
created: a/4/c0fb9j5kte6crec0bbst26hv5p8kodaR
created: c/f/3e0ccmfavsqhirscapis1gt44cc7reaR
modified: 2/7/4fbhl6089c5immboc49jngm0iet0uq8M
modified: 7/b/afnip96e2r9hm5gp8a4cdjhb7c8pqfcM
created: a/b/1d9img04k9h7u6flgva6qkdki97ifj2R
modified: 0/f/d5jkmcagk7l05u2nmcdd21hv7vb8khkM
modified: d/5/100sjv3k1dtput53fnhla5v7bg81ocuM
modified: c/4/77f70bcbo42dmdvgmgiogtj650kqdu0M
modified: e/6/stats
modified: 5/0/stats
created: 6/c/2c50gph0ftsfbs68ckmp1u3ip5hese2R
created: 5/2/b4m8qcaddro9569b6gklt7t3ufdgaaaR
modified: 6/3/2220n88m8uqoa1qb17mu2d2es6b08r8M
modified: 8/a/stats
created: 8/f/f81blm4senqi3o8m1sca9umvbnpkk4sR
modified: c/6/00r9g1ub2s2hl19tascej7nt7kfviq0M
modified: 4/d/stats
modified: 4/e/8547k7k35i8c39atsvh6j95up9n5a50R
created: c/c/49o2r36kqkat8npqg6t4akgvi2attg8R
modified: b/b/stats
modified: c/8/358aqa96cb4upkt9f76vbktgp4u0sp4R
modified: 5/6/a0m7cu8okq4gjvn5ajct4u063f2kou8M
created: 9/b/fbs0rj30dggovdkkbfishppm133bkm8R
modified: 5/c/stats
created: 9/5/281a98lrnsc3d6clfqpsffl7c3h0hr2M
created: b/9/97gc4880m5fpr6hvor7q0eg2vsn5q4qR
created: d/0/dc8jf9g5bdrmvkdug27evoe7sheler8R
modified: 2/4/d56ifgnsv4sv53iflhl7u6rdreiredaM
created: 2/f/6c4dss6s6utb71govdsj6ok3kj10dukR
modified: 8/1/d8sjl424pmf1avcko90dnq4mtufa8dgM
modified: a/8/stats
modified: 0/2/stats
modified: 1/b/feof7bi6geidkbi4m9fbadoqfmpkpkuM
modified: f/6/stats
modified: 4/1/49kb6eeqjbsqmbikvg4deodsvibnm3kR
created: 7/4/ccjs5mcjvj4hnptue3q3r4sa525hlccR
modified: e/3/stats
modified: 2/4/stats
modified: 4/7/stats
modified: b/5/6f2cjsvn3n7vc60tp6hg5j7gv6nl3lcM
modified: e/1/c2qdo0pofpnl53hfenrmjv9ppb20b22M
modified: 1/1/22j121imu4n26n078ocb5mmhki8djaeR
modified: 3/9/5bieqgd9sdjfoq50r7a80vh5adm29ncM
modified: c/2/b5qibr4740iapg9h1iv8osgfvimu086R
modified: 3/8/stats
modified: 6/b/stats
modified: 9/f/3508vl3ql04527gdeb3c6ea8u974hcaM
created: 3/6/64bko88u35hnkpuve9b6ssrmgfegp7cR
modified: 6/7/a31s4s3jsk25k3g98hmg3t5fk26p0roM
modified: 9/6/a5hfbtb5t0phmd3tunobe8vjrj06bvcM
modified: 7/7/stats
created: f/7/a9gm0mrl0f1mid5f5i92dgfvlclsrluR
modified: 1/d/5dta4k0f1ltcftcjsqi4dpo1533metsM
modified: 6/c/e8v8i4k90pv3suec8dh3chlarei0jmqM
created: e/8/b9nh4u3kaoo1e3ptr9t8u8huphcp8i0R
modified: 0/5/stats
modified: 4/7/533dcsrh31pv3u0hku0m22vbsm360ocR
modified: 0/6/stats
created: 8/1/3fc8cvvkjkl41ual2t1n40g0c24onl0R
created: 8/8/e26ov3tutcevkth60j4jusp8pebrsjqR
created: 9/5/cbiquunk3uhet59r1q4b64t2376c9s2R
modified: f/6/1e8fuqeou98sqjait5hcjksrv3ptro6M
modified: 1/0/aah08n611g74jkcokrts6n8talkrcj4M
created: b/e/019a1kn7a9b1avbdmnm5vhe6t0tice6R
created: f/4/cbadjiqp2cdqd2bn6qjoa9nh3lo334kR
modified: 0/3/stats
created: 5/d/a0b646og10rvrf50l5pdi84jartcee0R
modified: 4/f/stats
modified: 9/c/stats
created: 3/2/bb6qbhtai52f38m67imccu6685vmhtmR
modified: b/2/a1tcdkjrlod2adt5mln8jc9aapadjkmM
modified: 2/1/stats
modified: 2/5/b3o5n6mdsc4ifv92tcsu2boe0chnupqM
modified: b/a/06455f52ges1jqhimuj8rgq21imh8c2M
created: 4/2/7d1c0lbb9mpt7vtmkfm1oop9p08rs50M
modified: 5/1/7ellcogfj2bcbbvo12ovg3o124fdh1qR
modified: 3/a/60o99kdh5jmmcoas2ue82l83fcd5mo4M
modified: a/4/stats
created: d/e/82vic8b20ggsess3gbhjq3m928cac20R
created: 0/0/397m4r6tv771v3fvucedjgvj40fp4fiR
created: 1/a/6ehf2ufriqnq8a1sersn34f5248in64R
modified: 6/a/stats
modified: 8/b/cbivptaups31q5o0q5dh2optkmbamqcM
modified: 4/6/deenv5phd162j1v442o3l9ufucuq8t2R
modified: b/7/816ma5n6agonlud1qn5g6ajvviup608M
created: d/6/6e19iteb3ejsslt259jn5vm1lr6esoiR
created: f/0/631ruf1q316qhbbin3dgjq05vr23ke6R
created: 7/d/314gepiroav7cv2remino6bsg3ekpicM
modified: 3/f/2c2m7i9pqm74f46l75egfsmbjaclcnqM
modified: 4/0/stats
created: 5/2/44ifmu59u2qf77m9vubmldecp15p3j6R
modified: 9/0/feso5sovv6hv2tkn1uovgbv25p4e3ouM
created: 9/2/4993c9dcvh5dhhnquba3c9p8uami6g6M
modified: a/2/stats
modified: 0/8/efj0520fmsk85gqtbgob3g188qlqoh4M
modified: 0/a/stats
modified: f/c/stats
modified: f/4/1cvv8suld4sk818vmeep3hutfkg9olmM
modified: f/5/c2eed4ouc34d98vijkvvk0apjiqveqkM
modified: e/5/5adq0fgl3883v45d45ksdjarg4ee1t0M
created: f/7/7eq8g653qd3lrai9r13k3qnets9g8gsM
modified: 3/1/91m9m9p9r7oea961s8ieitce176f458M
modified: 9/3/stats
modified: 8/f/stats
modified: a/2/85ak22u613g2v9faflpol8slg6ij1h6M
modified: 7/3/bc6ufr2ru977aervhsol16lm5qpb6u8R
modified: b/5/6f101a9l74om64qmcaekr2kak8pnaiiR
modified: e/a/d29nt5hcqennmllbke4k3j2juu2j05aM
created: 5/3/69ebliuevj8a6217kmrg07g0ca06fe8R
created: 5/a/85rqtkikl82vb7jvi5fps3j7muknpmgR
modified: 9/f/stats
modified: a/9/a99a2t7n81445dfqh57cf5b05g29evuM
created: 2/0/86rgvn0erupu140mjkagalvgvs2ntlmR
modified: 5/2/9bog2ghmhjo38qt1u51q7257ja2ktfmM
modified: 4/d/e50g1tlat667gh5npsv3e2eurrj34jkR
modified: b/6/stats
modified: f/0/471macvbr0k155qiil68et3mf18lrs8M
modified: f/5/e5kge9tr5nds2gdr0g96nti3kerepmcM
modified: 1/1/stats
modified: 2/1/66dupd22gf498jjs3o3a6u959ros5kqM
modified: 1/9/stats
modified: 3/1/stats
modified: 5/6/stats
modified: 6/0/d5rdhv8ao697kej8bhtbctjikq6tsc6M
created: b/7/873dg0oi2ontpppd3ln82hl4fqpban2R
modified: c/1/a380o7keu0bdovgnosp0tq9t442p8rkM
modified: 0/2/d36a8l55c4f3g9vbg99rvhpa3oovhs2R
modified: 1/6/stats
modified: e/5/10h7shpjpsfc30pnuuprjekmqmplfv2M
created: a/1/e3p51gfuoauu37n4ivrqt0db92pk5meR
modified: d/1/ef7qprpoutfgduq5dds99ihp7ftff3gM
created: 3/c/3d0ml225ul70ieavcs102538cjhg0c4R
modified: 5/3/720dm91u2r5s14ck8lc5r0oj1l9idasM
created: e/3/b60cfli926h82pi7bl503vbtqmfcqkiR
created: 0/3/e057905h00q9m8phc96spenp2p1nthuM
created: 3/e/882796inaubari248vp78vi0uniam2mR
created: 6/e/e8fsjclkajbnj2h5cncpfnicdhdmraeR
modified: f/2/2ddssrt8iidu2fhj44n887pj1oltpgeR
modified: d/a/2cn6qrr3c93ch4d561dgcci6qb78sukM
created: 9/4/3ds3gfkm1voe295jpqj1is71unimpggR
created: 3/d/d20es4litmkrlhidhmj0ve86vdpaq3iR
created: 0/6/82dmno2f852afjoke3goedrqk1f1p4gR
created: a/b/8faeno3k2khp23qm5hcq4hfsa5tihb4M
created: b/d/01elvkkni1j084u8k376omhcrrm5cjmR
modified: d/e/54gpvafq1tso0e6q47l18e7gqbm0kduM
modified: d/stats
created: e/9/c07qks4kscdrok87lduq7uq6iun9kjsR
created: f/1/0c6h4jm35imska6aluh2q4n29l5d586M
modified: 1/0/stats
modified: 3/9/stats
modified: 7/f/stats
modified: 8/0/6e049p9d8vch0iunc6l6c5jjp33rhtuM
modified: a/a/44f0s95epptq7v0j9vpebms1lu1juvgM
modified: b/9/stats
modified: c/c/stats
modified: f/f/stats
modified: 4/9/stats
modified: 4/2/1afk45vlir2bbkd9qf6nttt8pbj6f52M
modified: 5/9/0f599g57rcfon30rlcql2i072rssb40M
modified: d/2/8aehf64ijgbii6i8tt6s2atkqsllm56R
created: f/1/0fksps3ne17vtqdo8ude7mr4u3pivf0R
modified: f/3/stats
modified: 7/2/33fljr3q6jq10vib47js6cebbveur38M
modified: 8/7/9b7gp4oh0prhp8mr1j1vdvnb2p2ev8uM
modified: c/2/stats
modified: e/e/63kd8qvvp1lmo0ag3dvq3c0b7md5ttiM
modified: 5/2/dahf6t5vgmm7nfru5phfv8uj2oa3pauM
created: 6/a/c8kd3n6d6ilm7338idr3k3jtvdlkr8kR
modified: 6/1/b36iarqimvd767medfivdmbsepnmd4mM
modified: b/4/stats
created: 0/1/5fb6a74tofh31qd9brvrq3b68ae0fnmR
modified: a/9/stats
created: c/e/04ol9rbcej0csb8ugnur73hcj4r06s4M
created: 6/f/7a6n4afrvfpg63ka59ljh3do3rq2h60R
modified: 7/a/3a81qvu0n4ob6m4b4agple27f934mf6M
modified: 4/3/stats
modified: 5/1/stats
modified: 8/7/35j4qpbj0jau2mp29hnichmfo6b6j9sM
created: 4/f/f55mc55bri535ohd5tm0emqhonq1726R
created: 8/5/f36icabaoh5gsgcqqp5f83tgia13b2gR
modified: 9/stats
modified: a/b/4d27le7b2k6p36jhap4kne24ndgh680M
modified: e/2/stats
modified: 9/5/aa8mslet0s3nkmmf31ca0d2f2fev2bmM
created: 0/a/1coj8gr08m53pnfljuj3lbpeh5ecvl4R
modified: e/1/stats
created: 7/d/7fs06m4a03pkuh7g3kifm8u65is4i5aR
modified: 8/2/stats
created: a/2/afbskkda29op8fbp12cjiuqe2ncihg6R
modified: d/d/stats
modified: d/f/stats
modified: e/2/93b69s3onsevr1an3lsr201t432i8isR
modified: 3/stats
created: 6/2/eefff5u3vvq2196hrj77uukgp1tspaaR
created: d/9/1ahrgi6lkcqvd3627tfksmiot1m8cgiR
modified: 2/3/stats
created: 3/f/ea226h6pqrghafhpqnhhfruj3b5foksM
modified: b/0/stats
modified: e/d/stats
modified: a/0/571jk9ue2jva1366hocfhpn9npcavjkM
created: c/9/1f700celtmurg3mg1flcjgenvlq43q0R
modified: 5/0/eevjikitib0uulbtf0s09s86qre9ni6M
modified: 7/a/6dino7053mjboti2c3394jcg628d3d4M
created: 1/5/2cbtenn486l1m481narcke9bfqvsdf4R
modified: 2/a/0dcuv501b6lsv7oo3767hur77es9q2iM
modified: 8/8/stats
modified: b/8/16vprvj33qvgbgr92crv8baiamt5g4gM
modified: e/0/stats
created: 3/8/099v5k7jt9q38tb9reb6tr5ma1ge0tsR
created: 6/e/717d7evd3aok3iju2prpdq1uejudq2qR
created: 1/f/b7ekqhpsnkbjtmujj3srs6hv0cck118R
modified: 3/3/stats
modified: 8/9/stats
created: f/5/6154vd1p5lesqju239irugk74bdkktoM
created: b/4/dfsuhc8el1oiu0cajtgftl5dmfu0nm6R
modified: c/5/stats
modified: e/6/5crg47ghr3sv8k3haau864bud3no4c2M
modified: 1/6/84no0lgv0hraubekh0qhqule2e097oiM
modified: 9/6/stats
modified: 1/a/5am9kflpenpe83l628domsb404budimM
created: 8/3/7ei765n85mrp0bu5ve56kbeh1e6ecraR
modified: a/d/stats
modified: e/9/d74ah0pfgin5rccjs8aua341t6fageeR
created: f/2/0cfo4i52kjvrm8004gbq3r87grf9c84R
modified: 5/7/stats
created: 5/d/00gl4qp4rn8p0af1igue3j8lpn86b9mR
created: c/6/083l1crc1dcjar1gvu1e48dckjvs622R
created: 5/9/be3tqtjuadfrlkntducvf3pm27la6qiR
modified: 8/7/e2ledonqlptv93vvskbaesv2bh13nr0M
created: a/3/fdsp6v9ts2pv3ima8d7kskk2mb4du7qR
created: e/8/bfqebmjsgsfnppq2ik3c2rfod9lqcioR
created: 5/f/6aqqn8h4gnmjd21o00d1t5adog3q8skR
created: 9/e/58fpgvm0149rsehaaar1092etap2jloR
modified: f/4/7asfse956oa549a1cpce9r8l691935iR
modified: 0/c/stats
modified: 5/3/a1roj1jo3e4a19s1h1spp9g11gmua9uM
modified: 6/1/650573assqrl98eg904pmol2fvtrckmR
modified: 8/a/e0g8lb3m4qt07taj25vm6ftaf7uhd0cM
modified: c/d/stats
created: 4/1/cafv2h2fopvqucqtdobgqkg3s7mo7hsR
modified: 4/c/2fbnoprpghtpt286l7h9imtu83jdgimM
modified: 2/8/stats
modified: 4/3/73mros1gsthak75o817obbjtbc8mi5uM
modified: b/8/499i63g12ttjv2uabibvpqa6hairf92M
modified: 1/c/92u8duilhh3dqaet1o25jpqfrfl31qcM
created: e/b/22al4buaboe0fpi7eged8v8vmdce1poR
modified: e/c/stats
modified: 7/2/stats
modified: 6/7/5fbg0kr15nlplpilj27pl642sspc6jmR
modified: c/6/d5ikn4ad6s4f9ro9c3hr6jeh51klvr6R
modified: 3/c/a1ijklpjcun38jljfi3t1kciuiom1vaM
created: 5/7/6dvtvdqbcnqkqm9e7bfmqjvpct484o2R
modified: 4/3/6cumas0n3m6cgc0qe4d4lm73j5fp29eM
modified: 9/b/stats
modified: e/2/58488jvt4drj4gbj4b6e430m8tdab20M
modified: e/8/batcij9sb418cd6qaf0fsl4v4ukg7t6R
modified: 4/1/a2lsnbaaahfh959tmtf69630n843fu4M
modified: a/0/32odpbtl9m0op0hs3m3u8n63i5dt2sgM
modified: f/5/34pnui9d7v15i05ben1ptfqmk307k3uM
created: 2/9/6bpg2usm3ips05orun831l8vc86crnkR
modified: 8/3/stats
modified: c/f/stats
created: a/4/d1r393cp2crc80p4ruueppsev0ap3bsR
created: 3/9/7d7os5o2epcomdth2g26rj1nbu2l132R
modified: 9/5/stats
modified: 5/9/a0khjk8cq65lbvlj9msu4t4gftsoeh0M
created: 7/b/71i2divdb9r1goil0j5tcbcitiog264R
modified: a/c/5b4gsdve9p9uomfmu9o0r2cpc4vkb0sM
created: d/9/aajite11o44ud3m34bl64p1tm7dskiaR
modified: 0/4/stats
created: 1/4/05ujo5i4frfe3ve6htr4c6157dhrbcuR
modified: b/stats
modified: e/7/stats
modified: 1/5/3f3ojnt1ktiecuth2qejpgqi5bdohamM
modified: 3/f/stats
created: 4/b/a2ki600icsbo40tlbvs5jaia1lo8m52R
created: a/e/b1kprba4vc7tm9cvttsljcehs5ckp7uR
created: e/4/c51ilflvhut2g1tk0c3hmogr4jmq53qR
created: 0/f/f0hlfhh7c5f5k23gj6braqi4abfn1poR
created: e/1/9f9ad8me3mdrcf1emae6fko2gqhp8ngM
modified: 7/3/stats
modified: b/8/stats
modified: 7/1/413714meglo1c8bus4hmqt5a5s1ov2sM
modified: 8/6/stats
modified: b/0/7845rkri8d05drbup413s6veogg7dgiM
modified: d/b/stats
modified: 1/4/180qb51cjgb3e82ruias448od30fib8M
modified: 5/8/e4teklsk7ugmdmndne6fho317alqel2M
created: d/d/36ierpoha2pbhvhjiivd58hqk53goreR
modified: 9/c/81f0osf2l1j987o0p7208tahcgd44nuM
modified: 7/4/stats
created: 8/a/24hb1s4bcqqv63b96a0ml856fg9h6fqR
created: a/6/e6kv78si66ks2nddlup3u4ot3d8v2p2R
created: 4/9/84opscpark1o7mlghfat20l8fnpgae0R
created: 5/4/9cffkqdd58n47lfj9agodvh8ebheoaoR
modified: 4/b/stats
created: 5/f/d3h1nuarh2p9srm5ua9iotj5ke0bn08R
modified: 5/f/stats
modified: a/d/8a8hg9hdai6oknv4ne0oksa7rnuk8agM
modified: 3/7/c1c6anhq8bdpgkccc5rmhubkrnqdd54M
modified: 2/6/066g932d392ubihh3fionvtkt2fo90uM
created: 8/4/717po99ue0638mbt4ovhgtucr1ka3jsR
created: b/3/7ejm6212lpqu840uuiif0gof8vt0j8aM
modified: 0/0/43l8etbue88nggb2k3f4kuj7vmed6ciM
modified: c/1/stats
modified: e/e/stats
created: 0/8/0c6lndns566scpi0f8ks7qa63pv7fl8R
created: 8/7/36krti9pks8i28h24fagcrmf6hkdstsR
modified: 8/5/abbu1squ6dtaakagt73mjkpkcdkjc8qM
created: d/c/2a109nfq8jvmncfq2iuj4rap2q77qm0R
created: 5/9/049umovn6cfhjjst2ir6vt3a0mfflj8R
modified: d/9/33qs42dqfu94atgqupc6rihd83aj87uM
modified: 3/6/e7ob47qmh9oqfu6p1f7cetspa2da5haM
created: b/5/f62o0hr2d7v24m00vdfs35tk780jktqR
modified: b/5/f9milhpv2v3jvb02bmjbdjmc9ha279sM
created: 0/d/83v4cvouvdn6am7o6slj20tetemvn90R
modified: 5/b/stats
created: b/7/cec227a5ms35esvd53elq8os06q6m06R
modified: b/e/stats
created: c/3/db0bu73deh51lm5m1fuabqor9tr2r0iR
modified: d/9/e0riqcv0bq0dr50tgh0viao2s5i8naaM
modified: f/b/4f9b9lpn7ho6cfd5gjbh8gqmjp07i2uM
modified: 3/b/stats
modified: 3/5/stats
modified: 7/5/3drvce1973brt62q0of7qhlcva7ukmgM
modified: 8/2/1c6mhdnojnju3cctmp9vroema21geuqM
modified: c/stats
modified: a/0/8a563s14t5ud7qdut3q71h4bs1f6ereM
modified: 2/c/e4gslqu903ubstpcof5d2hlmhlh1ca6M
modified: 8/9/c8stk2vlskqq8klbp0pekn53q37363sM
modified: a/8/f5av2n966c8decrpht6deq1fa90g1o8M
modified: e/9/stats
modified: 0/d/5712idi91r9v1j42fsdpon8fut4mbm6M
created: 2/a/6fkoq944onpaf1snjrdodr2312jaeviR
created: d/9/997mntdvv7ligsckjn8bpus3n16ea40R
created: e/0/f8hvgrd1f0pql7kn5df8pcgnk0v72lmR
created: 8/e/b0el2heigluc2nv8k473quo66gbc768R
modified: b/d/83krkqjtuukfbk1jmm3a4rob45umc50M
created: d/c/1fkhtmacj1b4imgt85o3igbennp74u4R
modified: 1/9/09b8vklhdhabns3c630ho8b1l9on8b0M
created: d/9/dcjmu6f2hlqlj9hdireelgnd6765qviR
created: 5/b/94icrhuj9ltm2sq3401m9t3ckqlq9luR
modified: 7/e/stats
modified: 3/7/02em19h2m8gqvs8j01i1v2ov66ienmeM
modified: 5/4/stats
modified: 5/5/stats
modified: 5/9/stats
modified: a/f/05kf9ta6in45hghohd01qiicbh5orieM
created: 3/3/e80eda6mvljiqa4sg4tp7naeb33ocl4R
modified: 3/4/stats
created: 7/1/373gf3714n2imck5jc2377unins689eR
modified: 6/7/b9mmf7i3gb94a2hokos90sjeokml3tiM
modified: 6/9/stats
created: 7/5/89kat33ep308u9dgdrs4ebms3f0ramkR
created: a/c/55l5pht8p02dd3lc0h47o0sqm3u0d10R
created: b/9/4atmb9suqhp9uki6eqhn6qvqveear14R
created: b/d/1duloutl1bm9hr9mpcj2ss7skb7m0aiR
modified: 0/1/stats
modified: 5/d/stats
modified: 4/9/a60c1gn947p0fvm4p2f2s1pj2sn8j8iM
created: 2/d/12unibi7p3magqhgvmdf471h0p8p87sM
modified: 3/c/cbje3sej9ru54eslnr6qq8fntec0q7oM
created: c/8/56bjj3kghd6m988q15ugsr867s5vt8qR
modified: 1/d/stats
modified: 2/7/stats
modified: 8/7/29cflbrrkhhr5ib1i798ddmv6675e3cM
modified: 5/a/stats
created: 6/d/0fjd2suaof2pl9b92ha5qrstdfhk9igR
modified: 7/b/stats
created: b/1/babsmgu2saa32lskkqiv5n5ls4vi9hiR
modified: 0/7/stats
created: f/6/e9fgmv542oe9cejc87em3e6ts0q2ssiR
modified: 7/c/19fh1klf80eq10lvenmq2eo61gfhoreM
modified: f/9/01ek20bl5pidm0b61iaf8sk6aoihk5qM
modified: 5/d/01ljuahgr5lrdnie2c5ce01leal07rgM
modified: c/4/stats
modified: c/8/c4rn763ov3ijjhc1pumklgb0jkjg55cM
modified: e/9/8c56bvnbkvknm58efofi7ckfkeolt80M
modified: 3/8/a2hq6qorc4eiln29or41ko1fcapoqhuM
modified: 8/1/stats
created: 7/8/34acfk0q8scbchtlao45sr2j875b8eiR
modified: 7/stats
created: a/5/ca2r8l3o3dbh3islqs23rrl1mij5utmR
modified: e/8/f3r311r8vmjbevaf3858q2jlj7njjo0M
modified: 2/0/stats
modified: 5/e/baon05kjkstbbh7ii8kivnnu2nqh1e0M
modified: 3/6/stats
created: 3/b/8cbme2b5bheg8natvpkmf7plregn6e6R
created: 0/6/80pugoig6vf3js5r51t3p2ollt7ib20R
modified: a/5/63anr4572dc7damefbmc4hr10b24oe8M
created: 4/2/bfvg5i8nvs7nnr3t12op17seie0m482R
modified: 5/2/stats
modified: 7/7/52pfik2ivbnfp0jpn9asbeein3ott4uR
created: e/1/78me7tiovd0pv4uiif2g4s2iheakqb0R
modified: 2/f/stats
modified: b/c/stats
modified: 6/c/stats
modified: 6/e/stats
created: c/4/ccv32u216a23lanf4ikvmk89ktg4s54R
created: 4/b/2b3vcafh6krhe05cljnvp9oarkr8md4R
modified: 8/5/4504roo8l6s0brebht6sp7q6fj9m2gqM
created: e/7/6boc9r029nsr1rvggaptihrs5sqb39sR
modified: 6/2/stats
created: 5/f/c0a6f1qgtq5oavufmv6qhatsfac58voR
created: b/3/13j9cmth6v6ck64som81k8ki6dqgju8R
modified: c/3/edu7d001h8ae985om7kskcresastgvsM
created: e/2/1795cb31d5dhn5aqgqcdv3kqo07cmhiR
modified: e/b/8cl654gm8stt1irvvusqr5nda74upv2M
created: 0/0/14ovjrbaj10c5angfroo8ln9lfd4c5eR
modified: f/2/03d52tnc4aks4cjkoarmem66lmecmo4R
created: 4/4/d2ci6d5i1g5dmq0a1b1sqk8iuhbp1v2R
modified: c/d/f8pr4cml2hq27mr60alggd6tniiebrmM
modified: f/2/stats
created: 0/6/89t2ia8l3u3e7kbchs0pc1rq0iqce1aR
created: f/c/43i0jdvti120onmsdltisapr9hcn03oR
modified: a/1/stats
modified: c/b/stats
modified: f/4/stats
created: 1/d/5261eiq9bb4sf2cfk2ktk9mra2cubj0R
modified: a/f/022m273b11q6qramciq2fa6n6por9fqM
created: b/f/9a50kq8kogc9uti86bajt7h4a0j3i3kR
modified: 4/b/6cejbdhhaqu4nfcmnkk83256gsu7g5mM
created: a/a/3fhohclibff3vuk5r1mjue0dmihm3ecR
modified: a/c/6dlcrtc5q4jbtislbgt9d8c03b8fd9kM
modified: 2/5/ef867ptdeed8uir80u857nquorn47jsR
created: 3/5/1fk2oh1p92p3611150njp999jpol93gR
modified: 0/9/stats
modified: a/e/74i7ptg14skactvodhu9qo8e3cpulkgM
created: f/0/0disk8po3f5147ff7e0ndmnmrouh3sqR
modified: f/6/b953jvn6qtq2e3eeefgs53lb5gg6c5eM
created: 2/a/597in7nnnc46nmec4acahjhqrl74qhkR
modified: b/f/stats
created: 4/e/78i4npqt57hdmvmsknl9hgtdgge4s5uM
created: 9/8/e90he20pf1iem8a110afvolesdvvh1uR
created: b/a/217d0ggs9ir8lq41bq70p4fhd8e58taR
created: 2/2/aer84qqngq3jnrg23jr5usdcuq6i4i8M
created: 3/9/04o22othakuqshvu3icivtoou1bfd46R
modified: d/8/stats
modified: a/0/stats
modified: e/f/stats
modified: e/stats
modified: 2/5/46m43895oj74eenb6i5vqj85u5pk47cM
modified: 9/1/stats
modified: a/3/stats
modified: 5/5/5ahobdf28jqntqn8qjjhtf7cmuqlpsiM
created: f/a/33qanllth9usr682q5mne0eqs7ppn20R
modified: 2/b/stats
created: a/1/e3at3csu80fosch37vtsh74b076b9teR
created: f/e/21b1siik8tad3oae3k0tsukh27g67emR
created: a/c/68veepblrmokv0051ujnrq9uhgslbd4R
modified: d/0/stats
modified: e/a/62dt6jc18931h9ntpuh5481atpfguskM
created: 2/9/71kn1cj4tpo4fu536bbn3it6odvkgtoR
modified: 8/7/stats
modified: 7/6/stats
modified: 9/5/bfmttgvqbe3dv2g7rp3e8epqqqggivaM
created: 4/5/a9v2n18vveiq9rf5gc437r5e176u896R
modified: 7/0/stats
created: b/b/eejskvpcvkmdgltpdr4gnimilv2vfa4R
modified: a/3/90o348k4hqrtp1m4eibljkrc40dmno6M
created: b/1/9fq7709ur5ml0j1i1hpjkqc9eits8hgM
created: 7/3/91bhtbr5haoljg0nt2av9fpc7lm673eR
created: c/0/ff2micerbkg2r0pm1oto0g43e84iav8R
modified: d/9/stats
modified: e/b/stats
modified: 1/5/4fkcdpc3d4tuo9rdjhsm4ojor7mh4dsM
modified: 3/2/95ftguvkcfc47051k2i8da9hbr3di92M
created: e/a/0buatmern3t0g1fjd7n5a0gdt0k601uR
modified: f/4/67pminkq3e453gs5b1u6k9cdesd3j1qM
created: f/f/9a3cks62qspcdh28rgjosglt632qhcgR
modified: d/6/stats
modified: 6/f/537lrkordgjagla4i4r06miiddoj91iM
created: 9/0/24iaqfj49v5cr01akrussoriuomh3nmR
modified: b/1/stats
created: 2/0/fbpsn9svvl9ul4abckqia9prs9pvbmeM
modified: 4/5/stats
modified: a/0/4d7h55lghahclgivudkmpio3h47n8ggR
created: c/9/36j99bl7ccrg6gqr820lokba7ctf0b2R
modified: d/a/stats
created: 1/4/92fa40pe9ogil32jg3t4mojurb2b22kR
modified: b/4/12911ucesq5thvo3ccp8v38kvgsbmuoM
modified: e/3/5d9uu84u9sspg7970727f7ruo4ebe0eM
created: 2/8/c64jg7acj87d2u6ne303asc9tngjfpiR
modified: 5/e/44rrkca03fc8441n4o8kif3bebdabgoM
created: 5/7/3fgpt5t8boca1j2a332g2mueua7cl9qR
modified: 5/d/b0c0mdh67ulbl7m3c0bctndbi5ahf0mM
modified: 6/stats
modified: a/f/stats
modified: b/a/stats
modified: 2/c/74l0o80ok6pr1km8u9kuqn7iq06abe8M
created: 3/0/0fbgcd84sg73h049lejuu904fm5fcg6R
created: 9/e/aea4ggsou7nfkjfkugj0l14dgf9g7v6R
modified: 2/3/ealco9fqf10um4nrcqbkhqqoa8uq58uM
modified: 4/3/e7t3nrefvpsbk1481euj5cgbfbsnk8uR
modified: c/6/stats
modified: 2/stats
modified: 4/2/09082g9sg9lkgq59ajfkdve9ue8oivkM
modified: 6/0/stats
created: 6/a/558e65r1ee65kofinm22nucm8gcf95gR
modified: b/5/stats
modified: 0/d/stats
modified: 3/8/afhr8vbibkl64ef9ad8h6cg7orud02sM
modified: 9/1/6eibcs1i64ufg50fua4enh0csgequ0uR
created: c/1/22gtkm6mpcis12vho107pfv7h7a3h1iR
created: e/9/bckp9tiebdkq61r3o8ulpnbbk33pfh6R
modified: 5/8/fcl8khtg7h241uk3isld86tuh08caqiM
modified: 4/1/stats
modified: 8/d/stats
modified: a/c/stats
created: f/b/58j71pi4lt6hd4d9rvuf7ghf2cio6h8R
created: 0/0/a3nk5hos21651gd9le8ijbj4uiapcgqM
modified: 6/6/stats
modified: 8/e/6bf29pli9f3fckvmsfamn23qg956nl8M
created: 9/d/c6q2bdvs3i490h57dvg8gh4q7mf4r84R
created: b/9/adel7uormg7hi6it98t8upcmgif8cqaR
modified: 3/5/77f7bo5u3ajnmrknif0th84beiff1maM
modified: 5/a/a73r1laeqilnh0dgqsemtvf6n871choM
created: 6/2/f2qcor48co8hmbblaidnogvl62dvjlsR
created: 7/3/8556qnbud8mn8lu3ijk5r9g9b6ta2lqR
created: 7/c/a8si012evr35fc613t5p62n0ncothpoR
created: 5/5/bd4mcqndsqb15arog6c9du9bhaj99q8R
created: b/1/d8e1372rgbkc7fhi3e85slct67svsgsR
created: b/4/cf7df5v79ct43p2k6hk764mhlt7sgs6M
modified: e/1/00diugqqqifgfimmovor88fj6o5sr2kM
created: f/1/24i8btla7iudkds49ed4kaueg8jj8jgR
created: 9/4/6527pu4injvunltvki8nkk3od5klu6eR
modified: b/3/stats
created: 8/4/7173v2k89rrpgu9bn3lqs83l7k282i4R
created: a/0/bdjlo04p9pq232lklab9u3ii8kaqraiR
modified: 2/d/stats
created: b/a/7bbotumqmvoibg4veogbo3v4ks6e4a6M
modified: d/8/a6arht7e4gsjcsl3v2vrnbnsa25hpo6M
modified: f/b/stats
created: 3/0/8fv4qb817u898jcg1e0fvtip35e05uqR
modified: 7/3/f94cu8qotkgeoraa8hv5r4qe9kflk0uR
modified: 5/3/stats
modified: a/7/stats
modified: 1/c/fflcnfakgnunpnu4naujco40f6o57jcM
created: 5/0/516gm85e0etgsqg38ode4emkchbg2c6R
created: 9/7/626qgto2a4gq7i7h4scpeaboo8qkodmR
modified: c/a/stats
modified: 2/2/stats
created: f/8/d4ar25fp7bhjt9teuass93ub3dine7eR
created: 2/4/1815u5ppl6f6cnmo325uviljv2kn5soR
modified: 3/e/485tk6kdvheva3lnqroj41up0ftt6meM
created: a/b/f4jn96ohcisstdf9s3eik4dbok89ofgR
modified: b/a/b9gvrl15etqglh31qvuem85a50bae30M
created: c/d/508th9bisqb6hpbb9n94uj2k5n91cvkR
modified: 4/2/26ick8jun67gvk4o6h7cvr694l2ma1eM
modified: 8/stats
modified: 2/8/0896h73n3tmug04tc2u4sn0t7r7piviM
created: 6/7/46r3df007vnn58vmrehgjvsjihjbvmgR
modified: a/stats
modified: d/5/stats
modified: 4/4/stats
created: a/c/d3lad1hd62k2k37snui1t44cuhiueaaR
modified: d/d/cb5ldgsne4itmvjifrjc5gev05nr5uiM
created: 6/1/eetbo81avt79jsfai4n42gi7fe2qv22R
created: 8/8/bdrhv5qocm5dcecj8fbc7gdfqqtkd26M
modified: 7/5/726a61ct3mjo59jdkhgvkk39f4ah6v8M
created: 9/7/be9n368n7g79r82f2u8fnhkgke21fv0R
created: 9/b/41slg4lpr0qem1ts8tvodtotjs4sl0cM
modified: 3/0/a1snialna0kpa2e0nsrtdjob5i2c17iR
modified: 4/a/7592vpja61dejmv3vu2v7t4gkt3erfqM
created: a/a/dcjk6kc7i7dl37puvq7u6uvc650i1osM
created: 3/d/c4ktnlp86pdr2esrcl76a1f4es1flm6R
modified: 4/9/98v0npit7ltbl076ta4t9hl7uuumkogM
created: 3/f/0cplbbldt45pnd2lm2ma89g7nn59bciM
modified: 8/e/stats
modified: b/6/7d03nsrc95e3ocbflfp5feur1di0ahcR
modified: 1/2/stats
created: 3/f/e990ut3m2vjkqh4j5eoqiqi9a0mk720R
created: a/9/e3jf8hk3sth0vrjpih8vbbh0tf0kao6R
modified: a/b/9ff73sqmc0rhn00vkjfh5j0kvfmfdfoM
modified: 0/2/eevktm9d124g4o01fhjvj6tes8ldsu0M
modified: e/6/13huvmebm07j8k9oabkqrs8hne4mlmcM
created: 4/0/06c10bkprgfkk02iu3i72fgcehr4rjqR
created: 8/b/ecvifa6o7j581ouhs57lsbqgejsu808R
modified: 2/6/9au9okc5l10ugnmp290edljshig6fl4M
created: 3/2/3eiupau7s5u1eevli2oc8s2eqp3eoh2R
created: b/3/39tdogao34vedn40fvfdtcfqc5ec6oaM
modified: c/7/stats
modified: 2/a/e4ihvrm9eq9nkpn8knj02rnf6ka23g0M
modified: b/2/stats
modified: 2/d/114b9hc0pd6svnefr5pf8n0pt9f59csM
modified: 7/5/stats
created: 8/f/e708ngskjh37gtf85n5937pn230i7jiM
modified: 3/d/stats
modified: 7/d/stats
created: b/b/4aafjs8g67q90nqbo1gj03akkn94dicR
modified: d/1/stats
created: d/4/81dg4055c27sj83d4nnfc5jlpt1e0m2R
modified: f/8/476bk6pceg1tu1s3prn3rm0trhfo3qaM
modified: 1/3/012gga64qppoldjsiiv3borlk5ma5isM
modified: 2/0/bdk52ic88nisebb28c04ish0jdjblqqM
modified: 6/5/c7vfq0rhaf8brtqr3gcocp8k3dpsvfmR
modified: 6/c/f4p6656ntv68dqdpeoao95mp5g5ali0M
modified: d/2/stats
modified: e/4/stats
modified: 3/4/c2sg2rhpd7ejkug8oan4vg61br9j7r8M
created: 9/7/486h62l24oh4nkkh7b0jnl1ff403p5cR
created: e/8/4c0lun5laoa3jcoe1seut7vk9o00rqoR
modified: e/9/76pgn1r3ak3kuvdmlq6ka40k3lso5qkR
modified: 0/8/stats
modified: 3/e/e28tro31hjalj63u8gj7lg7jpkrfn9cM
modified: 5/e/stats
created: 1/3/0f23aefasi621ov7ab9btj4i116g7rqR
created: 3/a/2b9o028b6auinla20l7iajge0gdi0icR
modified: 1/f/stats
modified: 2/3/8ffjvpe9i00fnakrndck7m81thb6bh8M
created: b/1/8evn64chbs17m8grh8metq5grjaloboM
modified: 1/5/stats
modified: 1/8/stats
created: 9/3/1570sdgu193mb60t6plv3n9c5qq5ihsR
modified: d/3/stats
created: 1/4/9ec3nos7nmi24rmqjqv0414adbq6cs4R
deleted: a/0/e9sb8m5bt6thg82an908cna0rq7tmk6R
deleted: e/7/640ru1heik31n3d6fhkh5unl4fpphpgR
deleted: 4/9/a7532ndedn4j7ofd6f9dolcj6rhpungR
deleted: 7/e/6663liiu4els5casfin9kght46f4qi2R
deleted: 8/3/85cm4n2jrus6efc79hsaf1kuadrunbqR
deleted: c/2/3b5n8kmjvv15fjelv5f8gk087u00lv4R
deleted: 5/6/15ta3mi1m02dji7dfsnegqn7sigmdhmR
deleted: 5/6/958k7e7q86m6utghtf4n37d33673e5mR
deleted: b/a/81q6abh1n1lg14ko4hfjui1oc9pnadaR
deleted: c/8/2entjnacakjbg35f10v7b95ovgbvr7qR
deleted: c/3/937danc7u19okc2buieocrb27tba9poM
deleted: e/d/a79ai05ro8og2bmaeknuhlibi73bk40R
deleted: 4/e/471va36t04ppi19hk2kkoml7rmgi030R
deleted: 4/5/e8g745am7ari8i6ggfb839oov38ce06R
deleted: 5/0/ecqv1p1t8ch731n46c90hp12scm9v2qR
deleted: 5/d/784rggnucouseebfu8cofr5v81r00j6R
deleted: 9/9/d1tq69iej74dqbfvkaop8enod7ss4r2R
deleted: 6/3/67nedk665kera8o4drajg1q6g0b3amkR
deleted: 6/6/d5fk9u6bv51uai24angpev2dgjdf7l4R
deleted: 0/3/0eu56ie0r8b0kio8b91s6va5cif9h7uR
deleted: a/7/77mpj7r4n92ad7820k0ifer3506vlkoR
deleted: f/8/de854oe3m7u38mor48nullj1m1g97a4R
deleted: 4/4/5dkeqr1on9uilkflpmp3en2cd99h9s8M
deleted: f/5/begdfr5mi8q2q7j88e9hbou4oh5rkeqR
deleted: 7/5/1dspedegdof4s8g9jc9folq29r5cmh4R
deleted: 1/3/b4qcp0gjo2s294ffi1gl2h1ddsq0866R
deleted: a/e/bcrfe5foi82f1a72061p02hrce7sa8cR
deleted: f/7/2eq29ieqkpll9ecpejo6oo8c65s33dsR
deleted: 6/3/f26dqjptbdgg02sb57bfddfrkfqbps2R
deleted: 8/7/87mfddbf13qf7m3frt9uffgd47r695qR
deleted: a/d/d23vcoptgbcv3tvqih774pjutqghov0R
deleted: 5/b/b7vtniboqsdl1pfir4v7o69e3mvvnk6M
deleted: 8/2/e8m23rqdq594t65dsv0pjhsogmgii9oR
deleted: 9/9/11ffrl3n6ko2dau8cih5mtgegp10s66M
deleted: c/3/4e66bdc5glruavoul0d4k1angt2mqeiR
deleted: f/8/24qubed9fumhem7pej95l6gojq0n72iR
deleted: 0/6/2dh5vpd0it2sljdtl3ej82tdqhbaaogR
deleted: 6/7/771kjpqotjtk4g1k1g58uih379e484uR
deleted: d/0/22vm0uveql64j1731o6q02oanj02pnuR
deleted: 4/3/49sp4svf79vah9tkkle1tk2h6vd9eeeR
deleted: d/0/4ar9l1i4lf4nial7bea3f5973jntdmgM
deleted: 5/f/aa7vo6963ibdudch48qcsopjqg39louR
deleted: 3/5/4akode3elu5ptf6kibiatlvknrnicn6R
deleted: d/1/63e6qbl0umqkc3gd7f414a16b4bu5geR
deleted: 7/4/24upk27b5fuett72p2i1l24a0iae25kR
deleted: d/1/ab41s77qd5tsb1prghrujrmseqsmmpkM
deleted: 8/2/6bktmj8k31g2p0nd7a4p0mqr8uqhf20R
deleted: 4/7/ff5im3r4ojamkjsppm5pma6hi76cvk0R
deleted: 6/5/81voqpv0urnv8rqsjn28p8bpnur9kvaM
deleted: 3/3/bde23u0ftt1uet191rotv38auqv2heiM
deleted: 7/0/66rm8c468or077n0rempkbjqkoct6ecM
deleted: a/a/82kfg4r7lc5ig2a4uhl8f5rgb2mkio8R
deleted: 0/c/f9pdsh32rt615rdpfae38jpuus0uneiR
deleted: 8/7/19rbm1tl4csqlnth0u98miaqem24q3aM
deleted: a/7/7a4js0pgd2mm3uhjo888kp7tuig3r52R
deleted: c/0/4flsp3b90fc1eesicljp1bdj3lkiq6iR
deleted: f/2/79r7ql2a1s43jan4dfk492vks8sg85eR
deleted: 5/a/0eicgeeegnqk61kg0ratc1bhi98do8mM
deleted: a/9/56hbpk1ujirm8g6j5aol2f48cgs5gu6M
deleted: 0/5/83coaqct62mjr0049k4h8e9tim1nluiR
deleted: 4/a/34tvs7r7h0o5h35rgcne4h0rdegm8bmR
deleted: 0/5/89rlv4d93fs97dnu7skpq2n4o443uegR
deleted: 4/c/b1vikofkposgmhent6gscn0v50b8440R
deleted: d/4/29fqmo0bp5mo3gn4196i1qjjh37n0k2R
deleted: f/0/4aqkkhbe722vkshtce78mrtsj3pgua2R
deleted: 5/c/1bbakms26rjuq5pf18lhr6j4ql0g1p2R
deleted: a/5/a7eufbd4diiafpbas9hhhpqvdklk14aR
deleted: a/d/0c3ob5uf0be71p0kll74e1ba45258i2R
deleted: 7/3/fe7dkmtudmtol5lg43o1kmtfkoqqhj6M
deleted: c/2/51mjs3g1in2r4ipg3uk16dsu7v24kasR
deleted: f/7/abab65gugi8pokba7po55ghm2r654ikR
deleted: 3/3/f22la5s7dn4293k9c23c76clk5s083eR
deleted: 7/d/05u9bb5tgc9stsitogqmdh17an37o34R
deleted: 4/d/dbun9cq6usq08bj09n1se5b5l1gk2c4M
deleted: a/5/4eg369j614vl38cittqb17p07tihf7iR
deleted: 3/a/7537e765ei3op5v1ts5u4b2ng33v294R
deleted: d/3/d83036hi45qj44p1k4c0gk9fv4vkoq2R
deleted: e/4/a3326e028ogfnvrldiu06dq7gl79be2R
deleted: 0/5/d80jecfosfo4ngl441bu657kfaak2lsM
deleted: 5/1/6fn22qq4l9jobn031ocrdhi2l6mrricR
deleted: b/6/546a6hg719ehoga5srrva8e6nkuh40eR
deleted: 0/0/7141cpcroj03fg9jlo4v4ukchnnu964R
deleted: 4/8/64lfegqcl64qloadtdtqntrc0hm3jsgR
deleted: 4/e/518gu1g463e7i2b40fujmob8iq24k38M
deleted: 0/d/34b38clei6jtoge2h0n0jhinrdq0fhcR
deleted: e/d/e3808e04fuqrl49sg5i1pumcsartnp4R
deleted: 5/c/3fjbru647280ik8qt1gflvj72ap41loR
deleted: 8/5/d10csv3k6afqv7rv0jees99dd6pom4gR
deleted: e/d/694aeaufvi818bmou7njg8efgciecdoR
deleted: c/1/bfu2f97tl0g6uu2cgbt7vntajuddakoR
deleted: b/7/6c54n2k8uj4096ottp1iajo3aqos6gqR
deleted: e/c/08g4p877g8t74pvktcbfo82l9e4nlicR
deleted: 5/6/1a8hqhmj42k1rggglt3e8jsr3ickcomR
deleted: 3/a/f53ulvth5to0iovq9prfuph1683hjneM
deleted: e/3/4dlv1aj4qllmundunp5v4bqhgg5lg7oR
deleted: 6/8/58j4ailnp0551nj8748du9t1kfqk234R
deleted: 3/8/d0hdfjtk91sp9nor2gbjsv4em4lijc8R
deleted: c/5/5f4a04vkrags5hiolcbfkp5r6i6n3asR
deleted: 7/4/efgntrucb05idvlilmeotlhhalgrqqqR
deleted: 4/b/7fj7eq2ml1mdp6qbs9l0lo89h6sfbagR
deleted: 5/a/048p3v9ti01kjtpjd0nk5637jmap704M
deleted: a/a/c6o146rpj1ce9mbffhika9qn2p7slieR
deleted: b/0/d8vetrpl3c2avf7dqfcges86odli56cR
deleted: 3/c/085r1jejg8clqik17unoptirqvaokmoR
deleted: 3/1/2a4n8l8n90l24954habii9egni8dqleR
deleted: a/1/60164p8lt6urg0kcve1s86i17i4oqmgM
deleted: a/8/d990q3um0de1qsb6ptmt6h3anb3kcsoR
deleted: e/8/begk3pqgt37ar3u901o7kom5c0nv4siR
deleted: e/d/be62cuj3op3bpkk3juosnhihnak2t1eR
deleted: 7/c/d6urfmr2spuiur5qe8sbccfainr3uj4R
deleted: 8/0/c0dg1cccbpq1dg486bsf73l1tqjkfhcR
deleted: 2/2/56dj6p08lpk6dtdfkpqv9bjvuivq9psR
deleted: 5/4/3069dc0731bmag5vakb3or01a1mbigmM
deleted: 5/e/4b5jvu7m46n79lde49rfkp9fcvv6dgaR
deleted: 7/c/e0ahc02ahoncu8mo74ja8uqa2snslvaR
deleted: 3/0/f05th0uv45i304g36msmrqi0v7dkdd4R
deleted: 9/4/ddfg5sufud7m9k2r68n08f3lof9um4eR
deleted: e/c/90q11p2lg96j2qoglkk137c1rm9qq3gR
deleted: 6/5/0c2rphsugv6o42ldl19i0nspqv1ukvgR
deleted: 4/7/17l3cs271i0tkmpuc9uh8hdkatph2qeR
deleted: 0/8/7dpi7u4u8ltv0agm6ismrs28ghbsaoqR
deleted: 7/a/a55bf4afsm5tjcblplqn98013dbasscR
deleted: b/8/ff6s6aacisammdsedpatcu3h4qv1l1kR
deleted: 7/f/d29ukl3ddt69avuc3givgs9ieo03uauR
deleted: 0/9/ebvajmt5k4g1kgbnnfub913lc8dmvd8R
deleted: 0/b/98p4l72f63brrl2uja16l2m9ke147geR
deleted: 4/d/80maqsfg17i2kdj1k268osisgc2ebd2R
deleted: a/a/7d7q3d7tr2k9o34n9hl0lgrq86r4luoM
deleted: 4/5/94pc6sg6lp377t055nmghibhno4icfaR
deleted: 5/3/ad8muab6dqq3d9b06vdqa7qm5fp5jloR
deleted: b/8/47h908b1thqldldme4mmkpirm4f5gb2R
deleted: f/6/aensjgr8v9dfmc0l24bq51a6bfno4nsR
deleted: 9/1/5f272t5e9gtqep8qs3k26fvm503a5vmR
deleted: a/d/aeciuil4lajnqv0rg6q924j7rf5q664M
deleted: 8/2/90go5j64207aqdbvqg966cg0ft046qoR
deleted: e/c/6dantre9q3qiaa06f86ma8rgq06b0o0R
deleted: f/7/36rka3u2ga8hjdm3sk3gr9iptbf6recM
deleted: 8/3/3dome7e4o2umclmsnee2lu52jurrd4mR
deleted: 0/5/7c2stoncqdlr24ckd51el4phsamadpkR
deleted: 2/5/c4c8gdlartcb0qt3o0b72lsrr01eptmR
deleted: 4/e/41euogn26b7fent4p5vnb8hb71v8lnqR
deleted: a/e/ceh8lb7k7lgmvno70bqv345ru2i5u42R
deleted: 0/8/69suu2erjogi8jop3utlskpujdrtjd4R
deleted: f/7/297je5t82jmofkbihe425rsvoa9jpckR
deleted: 7/4/1837f64fbpt2doqt2be425fmj6k8ahsR
deleted: a/d/13jn11ogn74d4e9kvhtj719opbgavssR
deleted: 2/3/9a0fv4sbag0ohk3304e28mj83jk3v3iR
deleted: 4/c/68l56hj630jb9cg2u39uc14gpo8u2n4R
deleted: a/9/4aa13d5t4lc1ompqf1223npursgmpseR
deleted: f/0/afmsiacibd9bqipda6a4eagsuohp2qmR
deleted: c/6/c1f1ev5fpqgtpi6aleu1jhjeac2vujcR
deleted: 2/0/53c2thi167q07nbtmrtpbh8mnlqu7o8R
deleted: 5/d/b60ocu0qp8s0kjri7q5ue2murgtrad6R
deleted: 7/6/c4ggmh8ae6let8f2h0uvj8pjd6luhvaR
deleted: 8/5/51buc77m35mdhvjcq49i85474rgjhi0R
deleted: 0/5/3858tl8tl4mqne6b1opks6eef92gdv0R
deleted: 0/b/e6hu5236qhhtlnonc461q1h8p9fn8koR
deleted: 2/4/edr759b5p1kqbe2d03513patvm09ll6R
deleted: 4/8/c2mu4gor6bde1iem46mothn2va5vc7iR
deleted: 0/b/91imk9eq3o914fnv9pr09t9e4g4ucoaR
deleted: a/5/60d9v5d95me138uig9mpuh8ep3qc6jcR
deleted: 0/d/66q5bg6cf6aijde8tr2drne0c766mnqR
deleted: 5/f/a9ovlhabcd9ooa2uc9vpk1nr40lpk0kR
deleted: 7/0/b8hjmpktn0pf9698on1hqc7r8qntr7sM
deleted: 9/5/425parphf5c7g4rn1h9gmvrgkigrfnsR
deleted: c/7/e226q78qmp85voje9h7dkss49ctbbf2R
deleted: 7/3/4be6ojqjo18nfven7a2sf0omed2opl0R
deleted: c/9/68aspnpvb4dr1r2k89qga9f7j6uqbhoR
deleted: 3/8/67cm4e318kgvh654g0fu333ktdnqoruM
deleted: 1/4/aeifm2q6bt6njn9jt9mptbe8ju2ilgqR
deleted: 7/c/804qaln95pumht3hs8agfohuqfdu6jqR
deleted: b/2/902lad1q3j7spmdus6mal4tq02q657gR
deleted: e/d/7431v5288meg00pncdm5u4cd9etfvg0R
deleted: 8/7/65h2cf0uk226bc5c6ne7dkmud7nm70eR
deleted: 9/a/30ah7938gaob57t2len851ep5dit3lcR
deleted: 5/a/28hk5qjififbgh5ohnn44qeu8bf4uf0R
deleted: e/1/7c9hopbq4iqn6ba6ia8g4379bl0l52aR
deleted: 8/0/27ivgt2lhrj48tthtneau22m6csda48M
deleted: b/a/d21mpoghssdh2kpults6bd58m9m96b2R
deleted: c/3/392d6obb15c134n153uskhrcs82fgi4R
deleted: 5/d/2ajsueq8ca54a7lgn9ml9hok513tm7iR
deleted: 6/0/e4seedhb4koq7lf2aq27sj7alhlmom8M
deleted: 7/f/940idi60lj2p39qjtcj8gmmteo4ok1kR
deleted: 3/4/c2dtcf4avbdrj31acvj2auj3q4lvdlkR
deleted: 4/b/a4lpi32ji4t4tr0oj4kebc3b7il35gmR
deleted: 1/2/b5bi3r1678m8dm72vk5krg1obkrs1skM
deleted: 2/2/653l894vr85fc05868pfhujg33s6570R
deleted: 3/a/4ak6o9lekhir124pqcs186br16elr28R
deleted: a/d/fam5kosbjfdpfn0ontr07rtcp9jobusM
deleted: a/a/1fuj85do50893trb2b0rrquv23fl5b2R
deleted: 3/8/cceimn9rgp3iah2kl9i1l9ve3bbl4quR
deleted: 4/e/49ounldh564gvvlqeagpsq3irgm056cR
deleted: 5/9/f6gupe8vtcr2efud2u2q56947440v9cR
deleted: 7/e/e75pds2c96at0o9cftll6kvkhlpqe6iR
deleted: f/7/d039kla1plau5vgof0j1e43te2999cmR
deleted: 5/d/d0n0evbic7mjlh4ndimcap8kdbavjp2R
deleted: 7/4/3bj229mvte8545eqmd70vm6k8ronpmaR
deleted: 7/a/2aontl5jil6htb3ihg7kj37s8pjp476R
deleted: 7/e/58bvsab1ps0aa0h995k9j5261fi70eaR
deleted: 0/7/0akv8i8bd9t6r7jjetn251rea6igku6R
deleted: 3/3/53umb64i6jupi5u4a5128g0uaul66q8R
deleted: 4/d/cb4jmrro1ebnjhefgmo60l424ju097oR
deleted: 4/3/6fuqm09cefelln7918jp7v1aomudaukR
deleted: a/c/bahufsjmhbtrkif9uledpah6r077dvmR
deleted: 4/e/8bl8qseksetoo3hpqpgi2vos2cfvj66R
deleted: 1/3/a8rdpd7p76ino816bkmv2hduqp83risR
deleted: 3/8/2074b8hj8rt3hargpc6vet78d3eogc4M
deleted: 7/7/31omulr5vuvhgp61t2o5q40i213q6s0M
deleted: 4/d/ddh374tl5m4e5bn9rtppte76g00hcveR
deleted: 7/8/fcm4eaaj3vsfmm1j8r7ab49t5mimj1gR
deleted: a/8/c08ufbf911timqisvd8pmos4ud3tlg4R
deleted: 9/a/28jgsjcpiu8d8qo79e4tlp2bo3ir7f4R
deleted: b/5/f54ene4avau3clh39uukg5lc2pf5lmcR
deleted: b/7/0avhq9id3nlahrcm7u17vtbd16fg70qR
deleted: f/8/5eg55il5ep8ebfjg27o6n7ffcbi096kR
deleted: 5/b/13b7pv1fe5cfto0b9gtpct49kv4glb4R
deleted: 7/8/565m2kdgbdojeao6l6lh9ib0p6lnm62R
deleted: f/8/14fcpm001o7a55de6fbkjq3gc64odt0R
deleted: 5/f/3edvt6l0u9l6uf065cof9t6bruvo93qR
deleted: 8/2/c3o672krcuaurgsf6v81pbn32jm335mR
deleted: e/5/cdvtp102k1v5ut20etpfrarf8k5sup2R
deleted: b/3/53c9rv6q5a8m89hnh3h1ad611le5k4iR
deleted: 4/d/f44vd00il7s7i427rrstl98mac6em8iR
deleted: 0/0/d0rk5umq5tg57vdk46e4c8aef5dkt08R
deleted: b/a/1f21ae7acpn06ds2g15qpu7k1rpkr04M
deleted: b/b/1dco1ivc70e43d4pie0lm7kii4up2ukR
deleted: a/2/3c10hd04gjbg322fkk1glpp7sogcqmaR
deleted: 3/d/06k9v3h1r673b2lncoq7lhd55n0mvucR
deleted: a/b/4ed3rqmgi424d6jtke37q9bq3j57vs0R
deleted: 3/8/51svk3sksgpj3opdh33no89h9ujh44kR
deleted: c/6/bfiisqviaodik5lgihg7gdkalc0rf3oR
deleted: e/a/849eeg0ktm8stnd106b0f8l1608v34kM
deleted: 0/8/3e0bdub8bga9guvq7pkoa4cvnks53vkR
deleted: 7/f/9f327c1t2acecprn1g365j9c11tifc6R
deleted: 9/4/30nhqs26c0qh2br8m31p1ghu2u0rn5mR
deleted: 9/6/19mhanf75754hsas18g1l6tbiuoi7p2R
deleted: e/6/a5aomf6p1esf6l3uar7aub1s46pvsvoR
deleted: e/d/19juo6q6lfrr7akrns7evk6sjgbad4iM
deleted: f/7/359627hbg6dqq4vpb1mmkalnje4b9s4R
deleted: b/5/81obm6qrn19jpn1i1romd0l4pohkj70R
deleted: 5/f/e9705461s6vjgu2k46uplb0fmmijdumR
deleted: 5/2/a2gbr89sf2hv8g0sqms2rup1dlngn3oR
deleted: 9/0/9ebf40cipdscv615865f182d9n9knk4R
deleted: 7/c/329u4qtnthv20vi6upgcik7eik2l832R
deleted: a/c/4dc0af5l8f7kkh6v59lj6dlfst8jcdcR
deleted: b/0/afgcvt9tfmn3f1rt6q23hse4hc7l20iR
deleted: e/2/1b9jkuiqqegq3l4i8jj04t46tfof8acR
deleted: 3/2/14oe38g7qr0s3msc9kjmhdujjiok6v6R
deleted: 4/0/505a16k7i2ohs4ecpetgl4j4jgf857sR
deleted: a/3/07h53m5bohk1porb67ih0ocmroe1q0aR
deleted: 4/c/85fpvvf26u7mqb28f3him4ut59i7uruM
deleted: 1/4/a8s28ouj79jsr43il7kuko194tsqa7oR
deleted: e/a/2a0vncjte4qbmng0k1f9t262iiaqfv8R
deleted: 6/4/1f9roqgggqiqs0ocb7bif9noegkgddgR
deleted: 7/c/e8f9n6usjm5g4mhj2serf4269r9kl50R
deleted: 6/5/33n74ua3i5q8g2nn3fke4fu7ivkihcaR
deleted: e/1/84t2h2sslqjnnvhociga5v855sv61bqR
deleted: f/4/43nduuros7id29gfuoilg19pt3538jcR
deleted: 6/6/11bsulmh8atfgc1bk16vdv7rmdscpjkR
deleted: 3/7/7c40k192un5akn0oqdopgd31n97t5skR
deleted: a/1/176gkoionssvjq6ak00l79cp51kfl82R
deleted: f/5/b0hivfuq1nagv8slap1grbisqh02i4sR
deleted: 5/9/a3p71rgngcaueclfcecm2nfa50t8djmR
deleted: 0/1/30p23d48oblkhcfrk66rh8f7klu2uk2R
deleted: 1/1/0fegajgs4of2gmncmtnvh19u59lbb5eR
deleted: 7/4/92c2psschv5m8q8m75j1hddih1abivuM
deleted: 7/9/d9n8f74odu6ktkcvcukuaku62hs0tloM
deleted: 3/9/e99ltbhjcrhv0s5anjav01hdeqg2r5qR
deleted: 7/8/3b7ech2qbb2k28vpml38hd9mf2bd17eM
deleted: d/2/3ds5kfjecah8t7uq7lsbaoa1rk53sbqR
deleted: 7/a/7cqfvc8cei3o7l9i98n2ir64sb45o38R
deleted: b/0/c0hk9ijuh4v7p2jc0ob36sdeec0gcv2M
deleted: 6/6/674q3rsoro9ut77i9qp7ss4264lngdaR
deleted: b/b/02qen9qrl24utucnvcvhrkkt5t8r5v2R
deleted: e/7/celpcnjn7vp8o24sir7168nasulp6jgR
deleted: a/5/e6uqd1tj970hr456tq3ncqd73ck2to4R
deleted: 9/0/04auu68hvtakadvvbfl8inp2qm768q4R
deleted: 8/6/366d0bllv4vjf2j57tqmpold2k5i2guR
deleted: a/6/b5moo4h2vk7ofarfcq885fl3mnf3moiR
deleted: 2/1/82i8airtnn53p24p4rfde7bio4vqk22R
deleted: 4/c/ffk0iubggafcbm6dp1ucp1m43s8jtroR
deleted: 4/a/ebloa2e2onk6qqrdr0p9p1pou8pbcakR
deleted: a/0/4cpjp072o70atgk3p2353kfiih7nvacR
deleted: a/c/c1ltvd3ts337h1f5hoa65ispd3mca78R
deleted: e/c/7e038827k0ccmi14tqi9au93aotm8msR
deleted: 0/c/ebi2v1fctho54m6l1pov29q8hus5mfuM
deleted: 5/f/aatp9ce4bbfq9p3ldhu0g2j863etoaaR
deleted: 8/1/24h4ri5n7q7i7bi5eagb99shieqrr3uR
deleted: 0/a/44e719qd85rkht2cmq80deqhuqhefmmM
deleted: 5/4/9eamcbr0rf8d9oscn9sor00d0830po4R
deleted: b/4/3emajfmu3vkpv1hftffp8pobkcodu5qR
deleted: d/3/e6gli6cma7c3897tar229g6cjlrqc8gR
deleted: c/3/2323767nno8kr960ptqbbl5pbdsu24cR
deleted: 9/9/c37vfdjkr359tki4s7jeul9dr8nk1jqR
deleted: 5/2/5bdtq00a4ua359n6rdvg1dc8k8cs7k8M
deleted: 7/c/6cl295hlc64fe43up9ucdkegvru5r1eR
deleted: e/a/72r3suqd2452oedjq8llnl9ssh9pqiqR
deleted: e/9/0e60103s0bh6v07ildmn3e3b0niic56R
deleted: 2/6/30k9tqj2e1gap26c5daebeh59smau3sR
deleted: 5/0/86movjb4m32p0iqagpkeo4crm3s27pqR
deleted: f/6/e0dacathc7sh2s0ln5k7r00r3scldk8R
deleted: 4/9/43fpeo6pkvji5sqnk4i03ukoe6rrtf0R
deleted: 5/b/22tf8d1do39s6os4cn1t8c3tiekq684M
deleted: 3/c/afqu783b35imtcj0ftdjg4gga8mfsbgR
deleted: 7/d/24815rqc9tic7jh5g3of2gja8p2ltmsR
deleted: 9/7/8b66b8hdiplncd13l6s1ltck0f1ontoR
deleted: 3/2/092mq33m3voo7e2u1sgie0miq4gibimM
deleted: 5/f/9at40jksanruhadnihe3fv342cjrqk6R
deleted: e/1/90mse8mimk7nru435g7lmd6ur9ahgruR
deleted: 3/b/32fkmgrmenspdm5lcs937e3bmf46q1mR
deleted: b/9/0ah296sk48ivtduuktqq5nstga3h7q8R
deleted: 1/5/72pvb89m1t0nrj8u1lk9rion5k04bhgM
deleted: 7/0/4cs77j757gl2g964ednse143k74bgmkM
deleted: 5/1/f4bg7jl2ppnhqo1mdemnoae1ustdvkiR
deleted: 7/1/e51gervo3utfdhqeauf4lq67gjamvskM
deleted: e/3/22uq09hrq8lils3r4ck87tvdqrmq7i6M
deleted: 4/6/dfvm3u9587rqob4chv8an7bum7sh68eM
deleted: 7/8/4bds0lhcjppgdi7okbls2l94g6nqikkR
deleted: a/d/5f75fbf4v1iiij237htditelc68vkaiR
deleted: 4/1/d5uga4ek27hdc9f9b2smqalhfp1p1ueR
deleted: 7/9/bf18ppveut99gsthp9d1fq3a3r8afsmR
deleted: d/1/88hc3odk7nbfcmuukiinbetul650dc6R
deleted: a/e/20attsvpne92bg5tvol4laoaa438brsR
deleted: 3/7/7c57afi5utk4iv8c7rlp3s4hrhu575mR
deleted: 9/0/dcv0aa10fatckvp56uuh25eeo87rn4eR
ccache cache size is 163Mb.
Uploading cache ccache...