SHA for cache folders (/tmp/ccache_dir) is '07ac26029d596bbdaa5e5193a861a10b8f872c8273e20a5da335bebcae6e98b2'
Cache ccache has changed!
List of changes for cache folders (/tmp/ccache_dir):
modified: e/4/37ik3qehn9o76mph28l1kd86f7ano64M
modified: f/3/stats
modified: 0/5/stats
modified: 8/c/stats
modified: a/0/bd8n64fhsnnpf9rnd4lqeqhsg37pb1oM
created: d/1/13jvrl9p5kf2muumuqc2j4la3eorlr8R
modified: f/8/480a8vl78qu7u3a5v3nfous378laiosM
modified: 4/0/13don0ou5v77nj0dnt9tfr4tthkrclaR
modified: 8/9/b4jk1vci51b9kkpg9puihgo9vv6o8kiR
modified: 9/c/stats
modified: a/c/stats
created: 0/d/242oaj850m0800k6j7639d3ij53hqk8R
modified: 6/b/stats
modified: 9/f/cd6079og4sd0tka23fuhv5hee1js4fcM
modified: e/4/stats
modified: e/9/bbfr3udnp6nf6hu3mak1dlhjkul0kvcM
modified: e/6/b0lv6k8mp032l9637tuk4mdgvc3ommiM
created: f/d/8afplom2en9np1aqrlb6764qj0k70g8R
modified: 0/5/c1qi9of5q8v7dc44jc70b394md1me7gM
modified: 4/f/79l8no84fk216cgpsm0cdfem7r3r9g2M
created: e/2/889a6tklt416otfpchg04vp7sdsqvguR
modified: e/7/ddk5vlkp8pn3qe5u6hpl7vu9nnj6lisR
created: 0/d/052d3u2vd6vaekrg2govrkeuuvvflfaR
created: c/c/ffvnslbflh076irn6vn22uurrlim6naR
created: c/d/2fokukrah778o6m0arcbm8ra4pamel4R
modified: 6/d/fcqqfiot6idacq82ullt5b28bgj59i4M
modified: d/4/aff40u18m28vcff44roljm243pmn61eM
modified: e/a/stats
created: 4/e/61qpdvvf5atft46f0g0ul8v03rpjn0sR
created: c/0/cfpp1ckkraobhr7julgm5pcjsqfj2l6R
modified: d/8/0edg4m49l4drdfmdjtgvi16sng40mqsR
modified: d/a/88mdkdlu4ceh37rrv7r19m44atsc5hkM
modified: d/c/5cta65cn3gblh7r12pr63er1sl7ka74M
created: 6/f/901ghpcn15qjnlt4sbrlhibf9e2ujraR
modified: f/c/cfjg4714tfp7sj1m9dagpno0q1tqgssM
modified: 4/0/a4l28vo2vicl6p358e8jvd7ej6uhl7mM
modified: 6/0/stats
created: d/1/2018nm0g7lfsjkqjjis90cummsloldiR
created: 3/1/1eubg1argsuran8loh75j697him5pqsR
modified: 0/7/8duode7cguhmpivsieme6h4vq588bmsM
modified: 0/a/1dmdi3sod42sfpmk223aqjro8ch00jmM
modified: 6/b/4drcjs8govjq505gclcapdr4mhk93g4M
created: 5/3/271mldlb7bhstb2j1qb72b5ddoet5piR
created: 1/c/c8a870bmoieg8ad2dktek8lntncimaiR
modified: 9/6/stats
created: e/7/1ctpcs410rugpotlkk84f27lvptrut0R
modified: f/b/93op1f8b08evrdsjahgc4t5d9l8knn8M
modified: 6/8/1euh05ml2emk0n39ij2d5sfaqdrv3s8M
created: 6/d/af91lgmmce25nstv3tt5lt1lusdks5eR
modified: e/2/116fcr7b6tl4ieh2c93rh4bg8i0euimM
created: f/4/1dpi3tgrab69pbugluv4607ikm4n870R
modified: 7/1/stats
created: 0/8/d7kfgc699496u5ejfue4jkqt6losdkcR
created: 1/3/b7bkc78hgo7suoej7pra7gbgpdd8fciR
modified: 2/1/stats
created: b/3/e0j2jk5cfact0u8vcrp661lerplt3quR
modified: f/3/e4dpqljts2c4fvi5fikraf3sgfmfa5iR
modified: b/a/212smkemt5ib9bsrg69l6vvo5c41qr6M
modified: f/a/stats
modified: 3/3/044hpftjk256pifhgdp32cjfl1ce0s8R
created: 2/7/base644v4rkmek490diqhm309i7f6heR
modified: 4/6/stats
created: 4/9/c7o8u54mk2ssd92jg8j66l0hrfpqj3uR
modified: a/b/884etp9tgtjeoblcmt6ie61mp9adp30M
modified: 0/0/stats
modified: 8/0/stats
modified: b/6/e61aq9l79g0d4d9pe0038b9rpegoei2M
modified: e/8/stats
created: 5/7/8due542c14f8t8ok3lth8r3rb4hishoR
modified: e/5/b3pvbojv9vl53cgj11ik6v2rsvip99cM
modified: 8/8/stats
created: b/2/a90mgp95k6m6k04jn2u5reemcojp7rkR
created: 6/6/76drlnor3lles20mvrfkon2kpottsdqR
created: 7/7/catkqfs0ak9okijlkjmv62acq4f82ruR
created: 7/d/5ese6dp3m4f2c30o1ib300n5j5sk4g8R
modified: 7/a/stats
modified: d/4/stats
created: b/d/32bso0nvm2qver1c4j1vospohhp47g6R
created: b/0/144sud513sf3m6ok7rs1d5nj6au9n5qR
modified: 7/9/9edume04dm0knlk2uf53osr7iktnp7mM
modified: b/0/f4g77btio6nsip8gqnjls1turio3emkR
modified: 3/1/stats
modified: 3/1/2cusi7b4c5qr7vi0pm132fn705isn5uR
modified: 8/f/7fofhnkm2bs029u1ocia3n0ks47jlimM
modified: 4/6/e9s4f05moug40rkge59ttp35scc07kuM
modified: c/d/c4p58sobbugmao70e5p65nhporo8nrkM
created: d/8/63vl0h6aokbrq4r3sl6cejcoq8qfcf4R
created: e/8/5badqqtl63unrln2m7sb1s9lls6k7psR
modified: 2/e/stats
modified: d/7/stats
modified: d/5/stats
modified: c/9/91m8p04lfk6tbksp11dcd1bnajarqauM
modified: f/b/0848qi72abkvkpu6rcf3b1bptr6dgteM
created: a/b/d1521rtbnmk98fl5pj6jce7nm8kpg08R
modified: 8/4/4fjft2jcsf245musibclipuuc4tiomaM
modified: c/8/062spe4j9c5u7l6hlke085rg313te2eM
modified: c/8/stats
modified: f/e/stats
modified: 0/8/stats
modified: 4/4/7dk71bh9dedq028e8fcsff7inen09dcM
modified: b/0/022tg9fa7ij0n606hkmvhb1u6ifihd2M
modified: c/4/30rjbfthaig86e9jh97h9bjivitrb5oM
modified: 6/4/2a0d7iv3h2ek8u40i7jrnokh7362nrmM
modified: f/1/7dpvqmpmvavuclv9gmd234qavd9mg8oR
created: 4/7/95breotei0grco0q9gfvbh5gr5769hoR
modified: 9/1/stats
created: 9/3/858t90ngh8oijt6qmq7c91a9bu0m9muR
created: 7/9/2aea9r92mi921iv7cf3hjnm1aj57kecR
modified: 8/6/0fd4u0thjfhbej579jbvo0qvuv78712M
created: 8/9/80qihmc4r2kmbn1jmvrk68jnbhfddfeR
modified: d/2/857l3e14ekq17e7tep7148grr0s2e98M
created: 6/3/84tlk8ipmfobkc56kfkptcblst9qis6R
modified: a/0/stats
modified: e/2/stats
modified: 1/3/92v34cqgl8a93u1olqr4hp5bsjte8diM
modified: 8/1/37jtg3l9b3tmmbb4fonmcjvaf31d3e0M
created: d/9/04rkh244m58m6ltnhddlg7h4k2h03hqR
modified: 1/1/stats
modified: 3/2/stats
modified: 4/7/d2kn45g8612052miv26rph381ut7hciM
created: f/9/58rq4i4bljm22m355suhpfpfq6fg09qR
modified: 4/0/2eookn67kd1d0na5cr5a4m3a6odg7qgM
modified: 4/3/89lqkgndmnjngcce8im1dqfar1ppu80R
created: 4/8/eeutuv1cm3a37e8aocck9ljje5qji1oR
modified: 6/9/stats
modified: 0/b/devd4gld1p06voa8k7molknqcll8ocaM
modified: 1/0/a3h7ccf6lf67u582409a6q0r6c7qnakM
created: 2/8/a2nkfp5653a52nh8ba6qekpdc3qjfluR
modified: c/e/63rge76at7tqtsiblc2hnofkiotiphmM
modified: e/6/e4n90ktrfufmqf79t6nj4mo1l4798roM
modified: 6/3/55j5gl94qg7qvdq8bv9tb6tpk0cb82sR
modified: a/4/a6el130e8d7n9q7jvrqapidvk9gujssM
created: 9/9/6a38njm0mtrshdl5i0pm3kn768hk68mR
modified: 9/e/29lb03rvtc2qvhnl997akhljdpdnevqM
modified: 4/9/e0l9m722kco8vt5f8f74an4nuf8u83qM
modified: f/4/d8vtil3tpejbk6u9qppmc88ugo0i406R
modified: 9/0/4ahl0mr17s1rub387he5emvj624ctm2M
modified: 5/4/22udsk9ke5m2v2ubd518jls5k8spbduM
modified: 3/7/c2pcck8grolvht0pajta56vecqj67gaM
modified: a/7/stats
created: c/e/7esujfi46b2d8sufm99jb2bck69s8t0R
modified: f/c/f9f9u0opk0lftt94t2ioa07racq39dgM
created: c/d/a3mg4sb25rpr5l9a08vo5g23frvgct8R
modified: 2/2/bb2vrmif6dkjub7o9n03ir1e9fiskf6M
modified: 3/7/fcbs3ckhqek0h9n3893a7i0lpqsd9p8M
modified: 4/3/846edaeh4mkk3d2d64h87f8lukvrbrcM
created: 3/7/69c7qj4l88ktghmp6venklopvffu8maR
modified: 7/5/fa598637uot1qhg2r0n0i871m927otcM
modified: 8/a/8589os9iribac0sl1uf1bsr5e1m3hfoM
modified: 9/0/stats
created: 7/7/17tkjuvgjesl0e61d1ak2ps0m460t0kR
created: 9/4/fdgmfbt552t2qatt4od2ocbp7surqkaR
created: b/3/3ccm6oetbnltugo5f49k83nm0phe1oiR
modified: e/7/stats
modified: c/0/stats
created: 0/6/50ddg79qddt2pt1obaj47a6nl8r3di4R
created: 0/4/5c3qelpop05n6i2rtmtj7dlmpgu6rtmR
created: 7/3/2acj6aut9almthlthdqqptup6f3qbu2R
created: 6/2/47lhl7i09m7ituv9hd51sv70mgnafs2R
modified: f/8/8dnrl84tpjh3kctsiokavoo79ll8k48M
created: f/6/berhs4ven4v72q1e5dtblvo4438dr7qR
modified: 1/f/679ou845j6iqb2vj317rpgc1bhu588aM
created: 3/a/90c3lcksopj8tnc22llrhto005g4u6sR
created: 7/5/4f5n0a3k0r6flhe3208omsu0lsk808mR
modified: 2/f/1apvul3kn61ec5so0p8dn0tei0eqp1cM
modified: b/8/stats
modified: 2/8/stats
created: 7/7/9emp8qur54v077pb773gi42hsl68ntoR
modified: c/5/864jtfo8pqk9kjtb70j141t1kiqlo8uM
modified: d/6/stats
modified: e/5/stats
created: 2/5/99sktoi81gajmp0duol4vl3pbctfuv2R
created: 3/0/f9i72s2imdtd5rrbn1a34k1vdvt3rheR
modified: d/4/5afqs3gsqskdlur7vm9j7g46nj6jo6eM
created: d/5/99icp7tjvp02d8dg7u8cagm547beebgR
created: f/a/119vb3g8pda0vivkg71882ik83crc4cR
modified: 4/1/7c4tg8ks1o53v0b6p5l9nlspf0da8ceR
created: 4/8/d5l72kp264iqtkpis2ubojqki0mbq80R
modified: 1/5/e2oduptrlq49n0lgp5s1i5r6qh6qv70M
created: f/e/b9kl2kuurbgl1b5pf6l4p1dq675oifaR
created: 6/d/a2iaa6a94h3068jsuf4b0ohl8hnq4s6R
modified: f/8/stats
created: 2/3/03rhcjvm5puigf39kkogbm06drmaplsR
modified: 0/2/e18t3a0qiifvh6s0e7niqbnf85cgag4M
modified: 5/5/00mndsbvha6051fqtilmherurc69cagM
created: 7/3/25gar0bt3q32dkpoid3dcbe8rs4glt4R
created: 7/4/067630v8219r80jvrnoa24t4605kg5aR
modified: 1/5/d2e8vgur41cquq91ttg26e6uato195gM
modified: b/stats
created: f/f/0e2lr81pkbagoialde1ci4tc3j2er2cR
modified: 0/a/62bbp6nlitlbmkh97k4cpn9l3a2i96oR
created: 1/6/744j7gdt1mom401uug25g9gv9vpbh9kR
created: 4/9/38tjpo4dgg1ilb7reh6n1ipdofd7o2aR
modified: d/5/ea12pbu3elbu5su7k7mob2mn1n1lpcaR
modified: 2/6/stats
modified: b/d/stats
modified: d/d/stats
created: 3/5/af78stgamn5bj2ac858rd6la1dqn4fuR
created: e/8/3704r2bqkki7k780iqubbamo92lpq22R
modified: 1/6/stats
created: 8/4/911hi3i3leci45s2icf2aud8qi561siR
created: a/5/db84v3par47pifllbn30c9n31lrejjmR
modified: b/4/2f01fs5h9n31j4jrsreboj2s5l7odnaM
created: 0/c/2dppg759d54ipo3og4jlluec8rf7el4R
modified: 2/5/c9op1jrqf8svdmq2dkmc7jcd2lm55a8M
modified: 4/7/c37k5biejh80gbig7nna1shd2icsb2qM
created: 9/4/86i3ijkp5js9pt050r1dk200r3sm02sR
modified: 5/3/7dferaeog6ek5g24s0gi5nvmao7j4guM
modified: 5/9/fblj79rcuochnepcu4bidvujpag03tmM
modified: 8/9/stats
modified: 8/f/d261lil33qjhojq9dg3bo7u2ch24dhqM
modified: d/6/4daol61i60s15ckc2re7g303vhrm3g6R
created: 7/f/3aa4arau2sflqint6gbsr1ddm9nag0kR
modified: a/2/f6tttnnnsg6hau24tdumj3c6c2c8hm6M
created: d/0/1cr0h6cqd0c2krd2v5kjpee5ma5ol96R
created: 2/5/fais790r8ri75n1rqm75hrfh6k3qkfcR
modified: 4/1/a0k6a3ael514ccflojed2qvfahlc6icR
modified: c/0/225rakue6nq9k5lroj2opf26frunadqR
created: 1/d/2bmmdfqr0ur90cpdctt8m9t6aeauc4qR
modified: 4/b/stats
created: 6/4/91t57ot3osoufc7vcuuc15kqaishp5oR
modified: 4/1/f6ivbd744ila3mf3d2o1gumfkhfuuh4M
modified: 8/6/ca7che5h5fhqdob540pqhnujc5f7jv0R
modified: 9/d/adr7ctthf6l3d6q3kmja98fs020qkdkM
modified: 7/b/a9j3i1d7v5ovhdjhrcun0nb5ssndo96M
modified: d/d/11tgu4rqd5b3etfm5ig6ddj765910h0M
modified: e/c/6273c6q4ljppkkjnt6ai5m5fnh03v2aM
created: 5/8/6ehcrggfottulsbjofaqes4kcnb41ckR
modified: 6/6/f89457nva3kr2sumqfbpkka27o45608M
created: f/e/151a9sgrd447qf0j81q3ah319snn8i6R
modified: 6/a/stats
created: 8/2/c088joucah0u7k27drjlbvrfjs9mcv2R
created: e/7/dbca08qi0lbee4ucve937oh6ktbptagR
created: 3/0/a88c8u66j6t4r1dpm3duh3nu2521544R
created: 2/2/b4qnbnmj5tt2sla73njn76h6orpdh5gR
modified: 9/f/stats
modified: 1/c/stats
modified: 1/stats
modified: 6/e/7ddo87rqbh72nbi3fkunomjsntbvhgmM
modified: a/0/1ctl2nhsu8omve02frmb22i67fvk4siR
modified: 3/3/stats
modified: 5/1/7e7r4uvb74toss1mari3ut1tbdc8otsM
modified: d/1/d3cqjtrg04acc2nkrvb3ko8me5sq1paM
modified: 1/4/40m9jvm98vnadgcju1n2ifsop5pgg5uM
modified: 2/1/64kftbjnt9qvtqe4ij40hjo3ro8b01aR
created: 5/2/cf1emfq0gc0fgr5odi84vusi7gk1s1oR
modified: 6/0/47ahev1jhevv3mntg9fin2bnrn5do6qM
created: 8/e/933ar1mtr2mk5o0fp0vtkcsegp9su9aR
modified: 3/5/stats
modified: 5/e/c6hokug4t1nv7jo5smiilut1oi9o908M
modified: 4/7/33hckkeusevq3eao5il1u5dojk0t24oR
created: e/d/70iekf7rk2n24ev0m0c1dbt9s4b34qgR
modified: f/d/49f7ja8i0p5cbc1fkpbslpvqf6me0p2M
modified: a/2/stats
created: 7/5/74k439jq80ssn0qeois081rfe0s7r3gR
modified: 5/9/41g4s6op5jl6cuo0apcbsroh0jj4v3cM
created: c/5/beg5c8pt9hil4ufd0inr77nd5l8lokeR
modified: 4/0/655iojmsor8gn5j58vvqboak2mtjh5aM
created: e/7/5840kknrvqqjipp4j74tfaf7r7qomtaR
created: e/d/05dnt0rpat3rjc5q4r5n9jrgsum0l12R
modified: 7/9/c7dbbon4i339p5eblmrhgilj7mss4rmM
created: c/0/96mku22lfekbth5j54ps4oct3j50b6cR
modified: 2/0/0b02lfephtf0gm8d2vsg90nnf2v59l2M
modified: 2/4/0fmkntc7veukkm399vn8688m4ok4heiM
created: 8/4/58ah7inb3ru9h4bp8p0lihj0uvdh8csR
modified: b/0/stats
modified: 7/9/stats
created: c/f/93bp6npm0deegisft0e9du3djr0doroR
created: 4/0/f9j4gof47keaodmon725kinbo2jvhu4R
modified: c/3/b08bulvmj5k7c82qlfkgjoaf2rc395gM
modified: 2/5/stats
created: 2/c/3fbupg3ifocgu5f95oj2uv75fteb76kR
created: 4/8/49u3mh8k357ne22ttjj89l36l6dc62aR
modified: 5/2/stats
modified: 1/a/2fj8r153qs8fhcn2ao53o7k39osl108M
created: f/d/93s2abrtvrikgdhllfqj8tid18kbmb4R
modified: 8/1/stats
modified: d/4/52qgc2r0ul19l0rb0bl8fbcnuoe9bk6M
modified: a/f/stats
modified: d/2/90am7uh45g03p9ces7kgi2d54dlkjfoM
modified: f/4/afnkhd09ak6n65vp32af92mtoa5tbl6R
created: f/c/23b97chnrmk0i7nk5r0kgmn3hj5le3uR
modified: d/9/138u92gl9ljhausb3t1q1793k07v6pkR
modified: e/d/stats
modified: e/1/9d61tkjl5npn9kr2m190q2u0oea7ghsR
modified: 7/4/e3u63gfrg1jjfke1p84us7mcjqio94iM
modified: 0/f/6f1akkei1h3s4sqv11fkfrv4s9l72cqM
created: 2/9/a4na6r7igfvuombc3m5refggoo9obv0R
modified: 2/b/2crqad9ce6p3q32ovgvv86aorhhje34M
created: 2/6/22m7lrtaue9djqrtov22plji5jq4gq6R
created: 6/2/4flgpt3g31v04831fgjv3pan1m8ifb0R
modified: a/b/stats
modified: 9/7/stats
modified: 7/1/5fb79circ50h2jtvda0ltrkiqsv0av4M
modified: 2/b/04gfhe58l2fr8qfskg8p08u7njt36p0M
modified: e/2/d6p3oskt6i0qkopivpv30gdf2hsnhngM
created: 9/d/997i0li90q89hfhqbp70i4uhr57kmm8R
modified: f/d/stats
modified: e/1/98kod2d50o2hv2hl8ncfah3v75cvq6kR
modified: b/b/stats
modified: f/f/stats
modified: 1/3/12rc0plt0fcr9aq2p4cr18h317scvd6M
created: c/a/ddt6kunob46qvpjtn8vc13gbsk95qdeR
modified: 5/e/c5tor3cfafa3jsi3d6e2ove1fn236usM
created: b/0/5c00rradoq017o7g0c1ildc7cfhjr4gR
modified: b/1/c8bipml0l9o62kim07h2th9eeu80uoeM
modified: d/0/1fe6l8tq19s298r41frr4thr7ap9n0oR
modified: d/8/50lfarnfvpm4gi2s8tv6k60tiv4ehciM
created: a/0/98qkgot68atcknoe0rsmsfjr54ao2qsR
created: c/1/1f3hrfnfkmohgh0pk84iq5o7kj84ugaR
modified: 7/c/stats
created: 9/a/1a9gefi4tpoba8qektrmmr65b4i4miaR
modified: a/stats
created: 3/a/73s5b0onolcvo9c3jbvsarb4u5ud0eaR
modified: 4/5/41db304emetld8o55hb2obofgsotve0R
modified: 6/5/stats
modified: 0/e/stats
modified: a/e/stats
modified: 6/0/dd3ml64pbvv24j2b505anradctb63a6M
modified: a/a/stats
modified: c/c/stats
modified: d/8/stats
created: 6/9/fcrlal6dpvliokcfea2ocjvdsrk831aR
modified: 9/f/bfm77k78mlf0ov4ban1ni9aa9iep9faM
modified: f/8/2cvtn1u0hftgui993mqhhqk9r4el098M
created: 2/1/71lf5cr0k1s66ragifka9f23s9n1o7kR
modified: 2/7/15uk63af2p0qohbuo5o13tuqqregf9gM
modified: 3/4/dcvp57l1cisglb9c2m3d7lp5q3uistsM
created: 3/e/a9kg5lksn8cqq5p6teablblhcc345iuR
created: 6/d/bdc4rpfdn459kiodi5arekt29bcekt0R
modified: c/f/e1lgjg5sl5l50825l583o6p3feqph16M
modified: 0/9/stats
modified: f/2/85kgjvuuf450jfeavqls7ph1018t846R
created: 5/e/bai1dhp389mut9bpu7bo6glt6fk6ideR
modified: 3/0/1a5i0t72side6s08lar1g1ebtu3hhiaR
modified: 5/8/ec0dhp54d4kl6ckeanpc4cddf37i2dsR
created: 1/a/79hvul3fciagpvjcdo240l1uafnijieR
created: c/6/8ebh9dldhij0kf4p1njq3u46v5eg1psR
modified: d/0/4fpi0u4ihksr49u1iq4cidhhf34tm4oM
modified: 3/7/f3au7ej256uh5a4ia9uebnk7ratsvmkR
created: a/7/c40ulb1cp22c58pqj7fsg7f812p6o50R
modified: d/2/stats
modified: 2/f/e2lu9l1cek9h8qjkjipd9j1ag1m9ilaM
modified: 5/1/stats
created: 7/c/6erkqa2d3j3a6e1tcbphqn0rkf54v6oR
created: a/5/8380jbgdnp76k0s7fplkrvdsrqo08aqR
modified: c/2/stats
modified: f/0/stats
modified: 1/3/d0d5bg6i38pvol1e0bioqasm2n27tdkM
modified: 8/9/51npl818hjtkm6im87evqecjvh1c4g4M
modified: f/e/b6600hagqlpah6jqa5uc7ld8p9ck2ecM
created: e/6/9d5efk27f456av2m3lj4ei87l0odvc2R
modified: e/7/66735s2n9bpgl1mb8n3qpp3u6sno04gM
modified: 9/0/10sbhbvbj9he8l9sp2aap87dr2brmpcM
modified: 8/stats
created: a/d/21rttovlfj3cj25132bijnvacva2qboR
modified: 5/c/stats
modified: 5/d/stats
modified: b/f/71js81i04rt6615e9aggmjhqn5fglikM
created: 2/f/1e6u58l33ski334c21b5bad5s5r2fb6R
created: 8/1/cbip2hfucr69728cohucing445rp040R
modified: 2/f/stats
created: 3/0/6b2e6gn9cgvn91rdl6adrmt0bn86efkR
modified: 5/8/stats
modified: 0/3/d63r1mao852lb3lhc1tdve6rjkjdv6cM
modified: b/b/524379kdfdkhvfugqah8egfsnp7j5uaM
modified: 3/a/stats
created: 8/6/89f47jfcao13mkem41lonscag0lp6ieR
modified: 4/2/stats
modified: 7/f/stats
created: 9/7/b39hg7s8d335f3dv4t6a0oln0ud2un4R
modified: c/e/stats
created: 7/8/9bebq7kae941f8h9mv6k4d9tjjali3kR
modified: b/6/stats
modified: 4/4/stats
modified: c/5/ebis84cpafj3f8irv90n25gnaomn0nsM
modified: e/9/0dcipi0i1t6mej8418aqtkne74c67cmM
modified: 8/1/6ddpij01aklgq0d9ld41bh397ukldu6M
modified: 9/3/0416stqi6jhvnqpspsdjii1lchipue6M
modified: 9/4/stats
modified: 0/3/53gs0s8nt4na1da59e0107uddklf6fiR
modified: 6/f/stats
modified: f/f/05v32ntrui14j3s69n3jr1h95q95dqkM
modified: 4/0/5cb3sunv71qrunculafb9m9vnf1eodaM
modified: 5/0/49n58kkn0hv6016ld22uqvio1vf5cpiM
modified: 8/3/stats
modified: f/0/a08h8cp95r8oa31fcu9bp0n6i6va4lkM
created: f/3/d11b5igc1kk53gi9g938nmnhd1jq9jaR
created: 1/1/3f941vc5p44vic5l9vhuvu43kk4cbacR
modified: 3/1/accukc7aok7d94n4flev61cigl7a40cM
modified: 4/f/e85u0mj85m13u27gerroi2koqib897oM
modified: c/5/stats
modified: f/5/ac0mbqioc33r5mnnk9plb5n62sfa3maM
created: 3/8/f56ihk41h74rsmvooo6ctgu806rfnomR
created: c/0/d2r1eei2c5u7qcseci21uvaqf2i7hp2R
modified: 5/3/stats
modified: 6/e/67e36fl58vmkvbp3a6crpprjpg7cemuM
modified: d/0/d3tq5u24l1apidqro67jubtj77sbe86R
modified: e/a/f6fgti3l0r7jjcahaids0t5jro722l4M
modified: e/d/44brmibqjdgiubohg871fmfk36n0oq4M
modified: 0/9/31me811ak1uj7sirgtjslhgv59ld0euM
created: e/9/efrnagbnve7l4ps38g2sqrr04gbumrsR
modified: 2/3/afcb9j3j924un41v41vrfu30mehu946M
created: 8/4/c033fh32l6fnpee2lmbsf696r2311c4R
modified: 8/5/dd9fv1f47dus1u84evsr91ke7t50vcuR
created: b/d/fc8j11rau2vu2vn1klgi8vr35k9outuR
modified: 6/2/stats
created: 8/1/edn837aj37eqaac0qko370edutldj8sR
modified: a/1/b4ecgavgi05j35b4g61h32mbobv3pq6M
created: 6/e/018gdhf9je3ulben56p457ld4id6skuR
modified: 8/5/stats
created: a/8/f3j7ushl1hvlco6avuo0ic8a1mn18vuR
modified: 4/7/fdrplqa6km37v4o01mqhnu635n861sgM
modified: 0/9/85bo63tl5q1spddinthnnbhj33n6n6oM
created: 1/c/fblqb14kf6s920n5ljmfieoepf94fn8R
created: c/d/1250686hvsf5ottap2m092kifq4pdmuR
modified: 2/c/stats
modified: 4/1/b7136904hfhgvee0f08sdsh4gqbneuuR
modified: 8/e/5ai5ff7k0282im1ru8ntvibbquj1b5aM
created: 3/4/db35oij71smoa26ipr9cj2hst06tq1mR
created: 6/0/72p4in4s430lducbnq7cpd4c4r7mr7oR
modified: 6/3/stats
modified: 2/f/0f2hs90p1m7r1gj3oe923br5n6hvjm2M
modified: c/6/f3dbhi5257cefeggmj1qs4cfukn5s3kM
modified: 9/2/7e848b3nh72spa1vpjeb8hlkrv21vgeM
modified: 0/f/stats
modified: 6/0/88e8ol3e05fl9qrnh3mkkrar2gnd7k6M
created: 8/0/5cdle0mui9jm16rdun6cl4jbqsfjqukR
modified: 8/e/7ac1lmc59v98slgra46k6mobg85ssjiR
created: d/e/60s3p72qo62b2mibagbs2gum9ft9koeR
modified: 4/0/9a6mb04b9q2nbenig2hqos734up8dhuR
modified: c/3/stats
modified: 4/7/f6sik3jae2emnro14qm13rbdigk8ac0M
created: b/0/87pg08lpg1a3ffvfvolcfjk4fkel6fqR
created: 2/f/0an50latduh8kj0pdoh3hls3ifl6dssR
modified: b/c/stats
modified: c/c/8d3m8at92tatdcvd91df628cm9me540M
created: a/c/c4ukrnve6bds141i1o8gbrkshdoif98R
created: d/f/cfboh8jinl7ilid740raln6fiim9bc2R
created: 1/1/f3d6t6k9sku05e13okhfm4jmmi42l1oR
modified: 7/stats
modified: 4/e/2bbd18rnl0263p5rqp6a020mnmr91mkM
modified: f/8/328aciqqhfn8rgngbgdfds2d0bn6482M
modified: e/2/394p106hmo904dd19oma6evpn8nbjpcR
created: f/8/8atlag67c3vrf5c4kjmnetu5p446608R
modified: 9/1/e3ur16i0t5cadmrgo2agbb5t11rm7j4M
modified: 6/4/38q2ecu7rc1d8rea4egtlpk428do986M
modified: e/7/9eflrte1i6csuknsvok5fu0g5ornmc4R
created: e/e/c2j3dber7570qebt9p9bc8u5egnqum8R
created: d/0/e21p15cb3g96ra5jbi7d4uko7gt8vt8R
created: 0/c/e50k95g78erdbhklt20fr8c89q4hv3aR
created: 5/1/3ekeuiuto00bjh8is9te3atmjhk50pmR
created: d/b/87b7ip8kabf2etb11pn3q5vdv4mj5j4R
created: b/5/23euk9kmi3dbejlkg6bt545s72h8smuR
modified: 0/3/8am7anj6bggvhj9ajs36u9bj76c7a0iM
created: 5/2/416iu0js3eibq5qkr704g9hiqc1dglqR
created: 6/4/511l479fvhpv0fumimbi1964m50qcp6R
modified: b/a/stats
modified: 4/9/3a72qd15eqs9rp6vltufe39d3h2uo64M
modified: c/f/4bego8es12lmdmmdcvulof83mnkd456M
created: e/0/806tcvrfkqqc3chhihnsrkb6md64n32R
created: 6/b/0efs2u61fu7dt9ibkgl2lbmon0lgihoR
created: 8/7/ea7dhk9dhka1dis2bb52pibdvm1hkhaR
modified: 8/8/8fac504cqi7v19gg890pvtsu5hgvdfsM
modified: c/6/4fu0aehbgia8jpr2isjvjnalouv8f3gR
modified: 2/0/a86d8191g9j9ig1m285389v5mekb4m8M
modified: 4/a/stats
modified: d/1/stats
modified: f/c/stats
modified: 4/9/2a299eqqkjtpv76d7q8p3ullls74st0M
created: e/c/cecbem7g2avffdltc6o8brjov629qu0R
created: c/7/bd5js1har6gsd28ia6sqjc93lstm0l6R
created: c/a/ebv2n2jmlnal6h7ut90b6ttcta5vanoR
modified: 2/9/stats
modified: 9/b/stats
modified: b/9/792i2vufk45vi8pifq99g0r9udjum4iM
modified: d/6/c3j1o1gh3pk2in754lcjukde83vo1v4M
modified: f/5/c05psj4df18rlrp8usl72lnuvoqi65aM
modified: 5/2/44lfnernsnejm2hpsi335pad4i307gsM
modified: a/d/011lhn62liuj5qm9hbjl40omoj8h0c8M
modified: 0/stats
created: 1/a/6ek1offfjv1o6q653tuknkm3cag2oj0R
modified: 6/2/2cja4pl76cg5c4ljtemri757prm2mpsM
modified: 3/d/7ckm2auvk4mgnb216deuh3usoha6v2kM
modified: 4/6/93irlmpg6qlst5gvsjoa4747bskhkmiM
created: 4/b/2430rfae9t6nkcgom9fm87pd5ri31umR
created: 7/2/e5euqqgnvhagu9d7fo03uvrmti88rssR
created: 6/e/4bc0g33a96pnd6dndfc7cv2jtn4pq1cR
modified: e/stats
modified: 5/f/stats
created: 6/4/4btr7q1rs9k6p4e6kiqtidd85ci0decR
created: 7/a/70hsnsa9935jrk1301fvcmlgm3cregaR
modified: b/7/423mggsbs6ujofpj3m8fkah78keuo1qR
created: 7/4/07i40aklhnqlgk0vgjt30khknksu3amR
modified: 7/9/a8ddvnvqgsuvqcmav5sb5i8ornq80ogM
created: 0/a/14hbv7cc6vgk7os8c1qkvanmb9i3hfoR
created: 1/1/a8tno04npugfdoppmoql5k3g0bgp1v4R
modified: 4/3/daqg07bu37ftjjpp5e0fgah1noaaoqqM
modified: 2/5/2bp2tafjvfhlf9b8ouhpd3rhapqsmhiM
modified: f/9/stats
created: 6/3/7914b4h08n6lpsbrapkudmbtcono4o6R
modified: 3/9/02fesbhgl8vmi2c82n5cksk37qrfjdaM
modified: f/2/stats
modified: 3/6/2ct5sem0scknfjb7rtm7lhv65j7ltpiR
modified: e/3/stats
created: 1/c/d1pa9armr8oejnnjccjg892f79ove9sR
created: f/4/f45rbunspcamcod1dj0chblugoku12sR
created: 7/2/d57vht2h83b62jkmcj21iqgkdoirnmaR
modified: c/8/9b6n4nqenbarr6eu8u2bcum4ms7mgumM
modified: 0/b/stats
created: 9/b/15uvhtdrhu3p4hctdule7rb8j7lpuvgR
created: 2/8/19a8s05gfsj5fof1icamkue7hnhc0dcR
created: 5/c/89m8ktt5jmahi91qon3bjaoe31rd3o0R
modified: 0/6/stats
modified: 4/5/5fvq7inhg27a61dqoekcuq8ao8i9vpeM
created: c/a/34i9f0pfctn9b85af0gn7d6ilj064o8R
created: d/5/c51s7vjkm3nh0dg95gnndjfl7m61s76R
modified: 2/0/06i26n0u0bfdl9m5pbrebd2lg4orhk6R
modified: e/6/stats
created: 3/c/9fssbk27a1g4l67moo9n05d8gn14nvcR
created: 5/d/2d77hahucl8asu3l0p8rk25kajdepjiR
modified: 4/e/stats
modified: 5/6/stats
modified: f/1/stats
modified: 7/6/73nqm42htjf12hohph3iocl2h1nurssM
created: 8/2/77opvf8c4g59rcj9aler05epgdrh072R
modified: 0/d/ceevs54g0s78l6bnifpsn7ev6fcfhfcM
modified: 3/c/0732q3aikc80l5e31slb940f6a1665cM
created: 3/f/9frf6f69rsql84mpnlsrpkadpv6feeuR
modified: 6/5/97g3pds8ihrco92613s2sfg7qb6dsmuM
modified: 4/d/3drqmojik4knna22tdcc3oonrnd8lkcM
modified: 3/2/65749s28q01fkrta3kipq0d5etfaomgM
modified: 3/8/stats
created: 4/d/014218kdmnqhj1e5a5fm00l7ur8959gR
modified: 1/0/stats
created: 9/a/3bv95jemhh4sen5pts83oi7856v87h8R
modified: a/6/cdmt1h26brkpg92u1gnnakjjjb60fbsM
modified: d/4/12nu7kgb8ri365snvd7vbobpcjqmqriR
modified: b/1/stats
modified: d/7/9012mjp2gd8puvdsog4di8b4ii6frvgR
modified: a/6/b75rftnbe6q2an1q69tlkvcbj1j2nkoM
modified: a/7/9a573qhvo9q3656qgjt5qb2dft8h21mR
modified: d/4/908uir3c55e6cuk6ab5ng2e24o3iin6R
modified: 5/0/stats
modified: f/f/d1ta4l5kcdc3efe2hh9kcmmgh2jijjcM
created: 3/8/cb672nmgoigq1lg3106adsn78nj63toR
created: 2/1/869pph6un9o2hs0hretvh8hvcp4k6pgR
modified: b/9/stats
created: 1/1/8dbcilsqrfjnfvedl03dqm085erg0isR
modified: 7/d/stats
modified: 1/9/9fe4rasl8stg1jfcsrnqinf00ko7cbcM
modified: 2/d/43ca455fg7mqt5t2ji70m8roec9onduM
created: 5/2/3312u1ecf4739b65h7ggp9qdh09194uR
modified: 5/9/04gdfc74v0e5gq2gq47t6dqkccarqcoM
modified: 9/6/479uskst1i7pmi9qumc8ajp8n3miqtcM
created: 2/7/8a93pf30rsr0d6m72cdtdmobl9509qaR
modified: 3/c/4a6bm9esnjnb32m60dnc0fnfi426lcaM
created: b/c/fetv5os32jtvqu6i9aujg4j30vrp7dcR
modified: 4/7/stats
modified: 5/e/a1tocdvbpgai41crnd7ommr9e29neskM
modified: 6/e/5aeotlnmotmb9u7uf7rca6shhl8qi7cM
modified: 7/1/c3f5c182ugj2jpvaogvcfgscknld8pcM
modified: 6/c/stats
modified: b/7/c2j5gv4psf1q0fotj8g00bcdnfi95ucM
modified: 3/8/ee4fpelcaedkp08r8ltcmf6rbse58lkR
modified: 2/9/7cql3mg79iv1vdr8q47u55bobdt938uM
modified: d/7/9cf48le5m03981le7v9kat0qp6qsj6kM
modified: d/b/stats
created: 5/3/d0q08qrp64u138ggs2l9nkc71emibuqR
modified: d/c/stats
modified: 3/3/36uhs4lmfqbhpg1net9rt1o7e24nnuiM
modified: e/9/stats
modified: f/stats
modified: 3/d/9cir66bl2i8nrjq0obvjvgt0gf2staaM
modified: 5/0/751ve0979skt695n4nn9240hn420rmsM
created: 9/c/db9a9fgtq4uj1u6phvvpp8so1nhd758R
modified: 7/4/stats
modified: 7/3/stats
modified: 8/f/stats
created: b/6/cc6t7rcpqqggmq6r0trhddaik2omn7mR
created: d/4/7dmvs15bojduou62ivpgeh00jdbala0R
modified: 9/7/42cqntdqkts0aq1hca3brjtj0gbkjaoM
modified: 3/d/477q0c3ehnpslbthoal31rm9rrdgofcM
modified: 4/c/stats
modified: 6/8/c3vun8gp5n6fvd5dvk3t3jantgbf8s6M
modified: e/1/stats
modified: 0/3/stats
created: 5/4/24gffn92os54ela1hiav9rak5iousj4R
modified: 8/6/924g46a1dtlb892l7d7fk1mhs9i7gtuM
created: 9/a/1d30shsulb8hgkh6c63er062gp7onbuR
modified: a/3/stats
created: d/f/52op1s7fcpkmmlqer0doicjdu0cpn0uR
modified: e/6/4cccbss68t1jmcsou7a76bhmhldsad6M
modified: 0/4/stats
modified: 9/c/8ae1an4psnjt1i8agei6dnfhroko6tkM
created: b/3/9eee2jcv9cnqd164eue5i0vges7f9p6R
modified: 8/b/13ucp0iq3ups1a65nqgj1p51fblo1kiM
created: 9/7/265e2tp2spsrjco1l4urhv2pfsss3j6R
modified: 5/a/fdngjadkmrd60h0ngem949fn80umqt4M
modified: 4/1/stats
modified: 8/5/a3md83c6g3r74du6pgnei9b859jiqqqM
created: 7/8/21f61pcnbs79l9i87ip6id6jdbef7faR
modified: 4/3/2fq5qhkthbvqtqhrvdbvjdg2pdnqas2R
created: 7/3/391a2ilmocmh7vltcp39f9o2f00sr86R
modified: 9/f/ces00530nq8qrui0cfg9582cbcmd0jsM
created: e/c/eei5pgsg4is6rbbuhp23ldu0uhd6mf2R
created: 9/1/bftaaekohvb464ithpt68g0e6mnehvoR
modified: c/8/69h566q67i6tggmvsrs9aulalp50da8R
modified: 2/c/e3olsa46p52f5qqs9ih52mjelo9fd14M
modified: e/2/dcbbmt1aa6aiulgn006brmp19jbpogaR
created: 5/3/c5pjtgcp9jq5dlbfjvpjt48j3t346p0R
created: c/5/1c0g3caerjo0h1l8ms9uumj1progrpoR
modified: f/7/c7c1a94qg68ilptr8omdosnuamf9lu4M
modified: 2/3/5a6o0bu2833r2gl66r42c0t9aacqb3oM
created: 9/d/a91bqmq5o6bvfkonbl9vgngrlbah3e2R
modified: 5/2/1d291nhba9rn16tmsjldusb45osgv6gR
created: 8/7/fan426l6glnb40epsst3f80deqqu7geR
modified: 1/d/61kcishlupc8q3soe82tvf9ka241djkM
modified: b/3/49u3g0v93p6qceff17gcju567vumtigM
modified: 7/6/8783qckksfu484csio4f176lo7eas3eM
modified: 4/3/bbcki4vtn4ei3fee05ua2rm12c35vu2M
created: 4/6/a0ddtsmno05cv0kbgsc58gem2s583vkR
created: 8/9/4934jco28k5pvf7elo4q08pbm3jhaq4R
modified: a/4/082iusj827irccm62ot6grot83l6uokM
created: 4/2/c2afddh7graobh7c2tkp49llvqd501gR
modified: 7/5/stats
created: a/7/aclg8v319udjed6cespgscsc3imvtg8R
created: 0/e/5centr4vhghda1p4l1ddbnnoioq9upeR
created: 1/4/27pr568sn2urpjet8th6v1cdscfakfgR
modified: e/6/97v53bo8s4c7fpl31ocogvbom1ehrqsM
created: f/d/06cra00k7v6uv0h0b8p9pqhogjf5gjgR
modified: c/5/7dj4hknrbk2d74pqu6h45qjmkchvdjsM
created: 4/8/f97ovje246aps6clgalf3tb77k8ckgeR
modified: 0/7/stats
modified: 3/3/b7tuc7aan86ck0c4mmrmoul4vcmbsmqM
modified: 5/2/384tjpq4l45ql2mtjda7l255p0kcjegM
modified: 8/8/9ep6ker4qteatb5jk1osq3bh79hoo58M
created: e/a/ebf128o2isuohvdn2e2b4ejr14a8pqiR
modified: f/e/697e0onun8jt04be9e40d39h0e75s18M
modified: f/5/71127gctlk26ppnt4ik1641es8p4n0uM
created: 5/7/e39067l3rpfsjve1kavh3m9imkqeroiR
modified: 6/7/stats
created: 9/5/c08t1tqf32lvipamdibaip74crj8jemR
modified: a/d/d5qe57hcb3bnonftusgaaireb8ir6fsM
modified: 2/2/fafl40c1qrt9rgorip5lpq9g944e16kM
created: 0/d/fdoecllaef6o2sodsci8fhtf72ut6ioR
modified: 1/8/ace7fn52vp37lfu3teos5qtseu53qisM
modified: 1/c/05cud8imkca1vmcmdr5b3cmppf6uspgM
modified: a/d/stats
modified: c/c/b257i1cbd0t28th48tt3em2nu9p4ma2M
modified: 4/8/0cbvsgslffrqpli5kk9th2tq4bm3diaM
modified: d/a/stats
created: f/4/1eet84ohjsogj8fa8ig14fhframllsmR
modified: f/7/8enbuok7kvilo96uqd9n21kr967sr9eM
modified: f/b/562q7usf351eaf7rkmthnusm76euvngM
modified: 5/c/a4d7ha139egl3ev9iavbg9c3mmg1sdgM
modified: e/4/67td78a832gda4vj4ar7abdqu6qn00aR
modified: 2/2/stats
created: 3/8/30d2gamrrv35mhjpf79f2diq9auu2h8R
created: 8/f/94c8vdo4vkcaaq4a7ca75jruort7an0R
modified: 8/e/6aks0thb60ftsmnj5ctp0papmkvfkecM
modified: d/e/stats
created: 5/c/7afk9pptqdrf7dj8lo3bn5f54sqplheR
modified: 4/3/stats
modified: 5/e/stats
modified: 7/2/stats
modified: 7/1/db9mvvil9smgl591fa20fu8a59uacbkM
modified: 3/2/e9b08dmumvkb21i2thvr82tq3ohnmueM
modified: 4/9/457q1j9oobud29os1tl22ttes1hcrtaM
created: 1/0/96nuijqr55cuf64s6ena3ofj9euban4R
created: 5/b/e1vh9njr5l6be4lmiv68cdtpujgtv36R
modified: 7/f/5c76kfubgqpc01o41keu6s76cpaljeuM
modified: 0/6/ba2i1c8anrnns827es2kvl4n8t92e8kM
created: 9/f/99tb4vc77tv7ibbmkkot31ghc6og0saR
modified: 7/4/1e0baka2k1i4vq30cgr77ntle8p1d2aM
modified: 8/e/34de8444rek1v8q5shdfq5m7tgnl3a0M
modified: b/7/stats
modified: 1/7/stats
modified: f/6/44cuhql7p9ndluu8h1g89cgoq1ptmouM
modified: 6/f/a2jm4ljv9v3o3o7qn12hqj0o20u5bksM
created: a/6/149uds0j8vgpr7g1v1r8f61bn8p2p22R
modified: 6/3/741spmgt65qotesgb03a9eqahl4rmj2M
modified: 8/3/25obrjtp117d55je7ht1q57ut57d71mM
modified: 0/e/70iuc4iqskacsj5ktlrl0cu5pqhup8qM
modified: c/a/99cqr5dobh853uc8cbq4gmi2qdgdjbcM
modified: e/e/stats
modified: 3/f/stats
created: 2/8/860i57e7jfbkio4c5krpai6u7emvj6eR
modified: 9/8/41f3n6m668v49gome50r1e3tl6otecuM
modified: a/4/bab7caqgq4jtrq062dchjurrtiqicnuM
modified: 4/1/b4enlr2bhthulfqrfdp6s5079rlb5eoR
modified: 5/8/a6ncjt3tt63088vt5cn7e0h4fptisusM
created: 9/2/68ukrpgs0hpq9udcc18r9vu330t3cgqR
modified: a/7/ef7hsao3i3bv2h26m21gadske2flcnoM
modified: e/9/7fj1jcjdi1o80lp9ftc0jcb1dvhlntaM
modified: e/c/stats
modified: 4/8/stats
created: 5/4/05d6hh5ed4d4dalvql7cv6qk611ebl4R
modified: 4/stats
modified: 8/e/stats
modified: c/9/stats
created: d/a/90mr03clvfmeev4bf90e278vi39rrr8R
created: 0/1/c1fhaur6mpq4imu4nsrjseecalj4o4aR
modified: 3/0/stats
modified: e/d/56j8fc7p5vj13fj4a9ogm5dshj56a6eM
modified: e/7/115ftai2fdj1hd1ngdud7odc8m9u21iM
modified: 4/0/stats
created: 4/0/27ati3qvoqclcdo2eak688ruejtqu9cR
modified: b/4/stats
created: 0/3/75p7ca6fu3llrn2n8tkifgsjj4j49hmR
modified: d/6/aeu9esa2bhqclmbnrochbnnmhf4l9giM
modified: f/b/68qc57t320pkoprp2o2n6229shb5iecM
modified: e/5/efr3d2t18umuittbulv4f96rvcg8f6sM
modified: 2/0/stats
modified: d/0/e6g9377rbab81023nkshdulbgms3spuM
created: e/6/88b21o974mofchjgvugmgghe1rnlnviR
modified: 1/a/stats
modified: b/d/55pqg2lp8r2ukt32bc0eff3givsrdf0M
created: b/0/6c9rhuiga0q6qsshu8ov0ujj13mpvroR
modified: 2/e/49alqe32aaui2udc44vb8mk4mi4658oM
created: b/f/a433u3ndpu3d0gp6sjr33usus18o4q4R
created: 3/c/d1liv7c5toaqc84gth17js9bn8h88veR
created: 7/a/e68se0vri9h1978gb98704khdh7cmdoR
modified: a/5/0ec1ge31ko98tagra6ut2n00imrfkg2M
created: 2/6/b9k3hbmbopk9750a5dc4cpsievgm7u8R
modified: 3/d/c9jqnbkpno50034lgkjo0re38937tisM
modified: 6/6/stats
modified: a/6/96cvti5kjkljoocperemni8jlms25hiM
modified: f/a/18frsmlu481r10rl0kf3gp4f9fjdr3oM
modified: 3/3/59us7ncvupq02qk1k6k2quc7glutpn8M
modified: c/4/stats
created: 0/9/a769qhv2faimc80iu6npob9a8nua51kR
modified: d/9/0d8uqq09oesmmh5a63l6fovejvs8t0qR
modified: 5/9/870u6p05afiu9io79rhvop3meqoeb38M
modified: d/8/5cff61gnjipjeg6l40g4ujac3pc69nsM
modified: b/2/stats
modified: b/a/dc97rvho33n6glr1882rt4v8db2is2kM
modified: e/0/stats
modified: e/e/5bnpgbpiua6o2j4djjbo09hus63td24M
modified: e/f/stats
modified: 6/e/stats
modified: c/9/bajss733aer0du0eh5l8ub8j3rcdneeM
modified: a/5/9ej2bmgf97i7640j6tiff58c2rd1r24M
created: a/a/f6ebjo371foukli3melclorb1ijedo2R
modified: f/1/d4nau075qatbihluefld23b7ob36nu0M
created: 4/7/9737usi0r3kigheu3p05jv0tltsremiR
modified: 5/0/a28n14v3eli9d7ph75q1vr5eu52a97iM
created: 5/d/cdbii9khprsn97d18c19r5mbef1d7paR
modified: 8/8/e3ep76i4ii6v740fcvopmrl2f9uuaaeM
modified: c/d/4e1ebpunellugp9c15bsn4rrtr8glgsM
created: d/e/28s8plio9a69to995rau97kudrn8siuR
modified: a/9/stats
modified: d/f/stats
modified: e/f/a3j2d9cuj74v3vcjkn3pvabdf2u1i18M
modified: 1/b/77ek2d857ep766r25qd26vr12lquosiM
modified: a/5/stats
created: e/7/40f3ca2h1mhl575l3ocg30qfkvhpk0mR
created: 0/2/74lcldfd87iuddc0ph1g65scd3nb8roR
modified: 6/1/stats
modified: b/5/b7cs3uugk4fds356okulu2dguroi3okM
modified: c/c/6b1hv724cjlit5u88od6q4uufio8hb8M
modified: 5/4/bcddu9e9l3dav7jb5prntpe6ul8iodgM
created: 6/c/c4bpoh7omnmo9hj9dfjkl43bf5ll8keR
modified: b/6/a9vvq1bnih50a07lr3jtvgcmkh2hgueM
modified: d/3/stats
modified: 1/8/stats
modified: b/2/917n396js7ui7u357upu7gdf7t0vhqsR
created: 5/4/74jlfaonaj4nsopi8rmisku852ef37mR
modified: 8/7/5b0nequ59ma1852o2pl13hhc0tr2k8kM
modified: c/5/f0qnsmupdq1p705jm7kgro3re794cpkM
modified: 7/e/stats
modified: 8/3/afrcdh6uokn1fbhq214mt9acq4b2808M
modified: 3/6/bcvp9fogi7v3mp32lba28ckg83gc6mmR
created: 4/0/9d7uti03ojrn83a8mrn057bjimoap5oR
created: 9/b/2a7kdad2c4alk9da5tlc7fc0qo485loR
modified: 1/1/f3h95o6h1tl5gtq25a5hmks4tqlpavsM
modified: 7/1/7aqqoi30c3a61bv22fkc7ljq5vc8mjeM
created: 3/7/e1ia71nevonp1chsmkgg4jc2ktuobk6R
created: 3/d/85hn1ss15voc6e270c8mnmj131gpo2uR
modified: c/f/stats
modified: c/9/a1mhsprno6vl4hv3pso50kou0gh3jsuM
modified: d/1/52vs8hsmqbsuu13khkbfjp3kj6koh24M
modified: c/5/2500s04dscfnm2g7n1vugdvnssp5ph2M
modified: 4/f/stats
modified: 5/b/stats
modified: b/5/actu1unglrjmluc2tqq1pfmkgtv0mheM
modified: 3/1/bcr0rbbmp3b4nssc4plh2ngs8jcfbcmM
modified: f/d/e919l6ndedfgksajsl81nf9173nunc4M
modified: 0/c/stats
modified: a/1/91hkq12m74c2vhfo4kvh70h4g9qmaegR
modified: 9/8/stats
modified: c/d/stats
modified: d/8/9auanhgvjpgo9mr67du95msfrourbqkR
modified: e/d/0cemsta3omk9lms0olo33mt6cefkpd6M
created: 4/c/ff3laau8piqt9ntgrjqor6pp3vo3t10R
created: 6/c/2afdsu3v0trsf6eov1c3179utf5bresR
modified: a/1/b26t7shpp36gkqlgg8cefhnuh8ok55eM
created: d/f/55gu2fp78325q6jp35hjsummcdooed4R
modified: f/6/stats
modified: b/d/39aulco6nio35sucadvtnnklfqfgs78M
modified: c/b/5atiopv8ld93e2r20eq0rl25c05v0ucM
created: 4/f/0e0jq7hda8prjdj416mj52t931b01amR
modified: c/stats
modified: e/1/7275ilcgvij6j95t7akmhga8bq71j2cM
created: 4/c/add2rps86cptp540494mqd9s7c4t492R
modified: b/f/stats
modified: b/6/591mvhh32c1rf5q6drq2gn5g5q3lopuM
modified: c/f/38nu455f7inlonfvc7lm1mkd7q3cqu8M
created: d/a/a2vlbhqrq9qgrjtdh21f2vc196oectuR
modified: 0/1/2215r3aqqq41q05cdakt0bu7j98etgiM
modified: 9/d/stats
modified: 6/5/75fr6g9esn7mji7afti1s9d7k6gbjusR
modified: a/4/stats
created: 6/c/43tdi2go441pju20l7jfqk8an68dd7iR
modified: d/3/50ookvnc1keekdk7fqg460anhffe7t8M
modified: 1/2/41l02j8kk29lh6btemlflhrgd9d0qrsM
modified: 3/7/stats
modified: 4/7/b07t37i3tt3jj00epr0j26c4jp64sk0M
modified: 8/d/stats
created: a/d/6ckrp5kghhsvq5cdb4s09la214t12maR
modified: 4/7/edjued3gij28ttb2ev5894jfgbciormM
created: 2/c/ecbg4cave3bipg61jbvl6hjig0cgnnkR
modified: e/d/67iklcf0rpc92fu5feujbmr3huv06mqM
modified: f/b/stats
modified: c/8/38cb0rl7g4amdc81r11sgq0mj2uh7puM
created: e/b/20p6pefistaes0c1hgcplf4mmptb77mR
created: 3/2/99tdclhkhi7516ahhr0gk38inoq4efgR
modified: 5/7/9csude3l5rm55co2dibac5nl18vdof4M
modified: a/8/stats
modified: e/5/61n43229l7c48ui6j0u8s1ikkhrfd4gM
modified: e/9/2e4n6ounqb9pqeff60n9um4km55cum8M
created: 8/3/d97mq1q6homnh4bf369likfp8ko843iR
modified: 9/d/999c62u0pnud9d8d0jn3qnjckggstt4M
modified: 8/b/stats
created: 0/f/19thk781uro5aip6olhishlfapmqqn2R
created: e/b/7d67reqgahotf7qbbahsu92k6rglpkkR
modified: c/6/stats
modified: 5/4/dbu8ssm40ekd5jftaf9045dpgt9c0i0M
created: b/4/d8rrs578fbc72e1qosso5efib4gdkduR
created: d/f/feo1om1ffltna5j5l5t4sgrtpl6en88R
created: 2/4/3786u9aa0bt87t1h83011mm8a8rkpnkR
modified: 5/8/8ckh9onek677q2arro847i5vhnnn616M
modified: 8/0/9afl8o896dmh40n1auc8gbaqdu5o6u0M
modified: 3/4/22tttb8i82f6kactaanrnae20412u3eM
created: e/0/14v28a2ihjnjtod981iiff7kvbav5fcR
modified: 5/2/dfdndnp3fn1d9malgovckuhtj0tgn9mR
modified: f/8/404h1rub8pq16dlplmbpe9on7d44m56M
modified: 2/3/27c03c5up1l6p61kv5eoe7c44vnmadoM
modified: 2/3/stats
modified: 2/f/9bu101n7nhgcfts1ld0bmhfgca9s7h6M
created: e/4/30385gq9jpa54js1eeqecnul3fnf89gR
modified: 3/5/2d7oitg1tsub1i4e0r4uaf4gc27717kM
modified: 5/a/stats
created: 0/b/e6ssdeh2u1q343ijt6nj8rmi0tvhdrkR
modified: 1/b/stats
modified: c/a/stats
created: b/1/deucp2np04iblnec20alrk46gv8vf9cR
created: 6/8/9e0kb77ovip2h04a323fs9otgucn5bgR
modified: 2/8/defkbnaiqkhdlmb9a9saekkqtn2h4t2M
created: 2/e/e8kfebd6uuerskd5ivr4d902656pqtmR
created: 1/4/25jg8untovkenn6uia6q57u7h82gv6gR
modified: 1/7/efif6rlgl5n4goks383vhhguarvdniiM
modified: e/0/51ccsducuaebvqffehg9fkrfu3d4o9uM
modified: 9/e/stats
created: 4/c/1epq9mcl3ji969kkd355jg37j0fnv72R
modified: 5/7/stats
created: b/d/b9rf0h2b2ogjh192u8r8hu7tn6972qkR
modified: 9/9/20tbpjlj9l7m0s6iq71onh9nqm43vjeM
created: 9/b/4ajl4unkvskv14eg622g9lvctgfisvmR
created: f/a/ed3e6cs5ktjsai12ohcmmvr53j46c28R
modified: 5/6/7e4oshveog51ord2cpq0gf2qfqseqqeM
modified: 4/3/4cubjdsv1femuslsbsc358tfso4lr1eM
modified: 6/d/stats
modified: 8/9/7f12r9gl6p4dsm7sl8s4kce7uk0ads6M
created: 4/1/7c8rgg15k26uff3175dq86vo3svi6qsR
created: 4/3/6f1bv7rh79kqha796nuqrdchk3egld6R
created: 7/1/465h2cb97hk6r1cjkjg6vkcq2t38d6uR
modified: d/3/821o69fv5qe912iabmjeipuc6b62o46M
modified: e/b/stats
modified: e/e/a53ndevse3u73b6hnlie3kn0goj6jacM
created: 9/6/c4s427u6pqbu5jgjudok09v1ktn8u98R
modified: 9/stats
modified: 6/1/46fb40uq3nadc99juk0fs867esrh8p6M
modified: d/7/e4cnfkqctd9eaig1h5t49ftf5bko51uM
created: 1/9/373f7n9r8f41guq5b6s6p8vdliupecqR
created: b/c/183qarp96fdjj65hafeuhngjpplqa1iR
modified: e/8/e81qcp02rbpallnfjde5oqugleaqrpkM
created: 5/f/830o0lt0j27m4eid97s0u5nivbmc4ukR
created: 7/7/35spmq93lihf1o50reopnft1pmoqln4R
modified: 5/3/dc7o5mnbg08tmhak5pos8e6tq00pvb4M
modified: c/7/0775qcu1uelsk9620g4sse04ib13l3iM
modified: 2/0/7acob6nq9shgtg0451dekgah6ci2tm8M
modified: 2/4/stats
modified: e/7/5fkt3cjfu0iu52j2c5d56pl7u0vlnskM
modified: a/9/9dabte9qvii2sadlombn604262e7ucuM
modified: 1/0/b3g044dehokj4ufpqrba6nifjaeu0leM
modified: a/2/e46dpf853m1pq7iu6rvgesna9te98vmM
created: f/8/a13i2brid89vejg1d0rnqcauqobod2cR
modified: 1/3/4bhhrmrsciidqpfgv73i8ekqocrvipaM
created: 5/f/550ao1mh33l4tonbl6m3uetfa2ao614R
modified: b/2/7de0a8a8mn9lrnfj3jsakdejlahvqdoM
modified: 1/3/stats
modified: 6/1/7e878ukn6ti369db7v7pqdpj15mm62uM
created: 6/7/fba41s36vupr6iovjd5qc3c9r5uc690R
modified: a/6/stats
modified: b/6/b0l5e9jud4usa55m2kncls0uleoibs8M
created: c/8/036gk9grk7ak613dmqjulklhqb6dov8R
modified: 0/3/148a5s1p378ne1pgf69n0jhjfc7fhtuM
created: 2/9/d6iq84vpffksaoiek3bucnorolq0jn4R
modified: c/e/7f4viq4k9mhe75e6gg2e4h9vufcth22M
created: b/5/96kpo9dju4fp8ue36685o715ke8mf7aR
modified: f/f/c61h09enhticantfjs36cu0m5m45f6mM
created: 0/1/7cjaqmliv3p16266q4m5n71ugpol73kR
modified: 4/6/11hbkkm14i4v9tl8u490l0akfgd98h4R
modified: 3/4/171g9cujtcbie10l1a5dh12clm7giuuM
created: a/3/728cj307b8kcffh2lpldjoe7e3mnmioR
modified: b/1/230oe8truim90r1bs3le3dhsegkd8fkR
modified: e/1/dcccf2l9q3utnqd9uii937p73mdienoM
modified: 0/2/stats
modified: c/5/d183vvj6o374k3pbi1qh5e410d6eah6M
modified: 1/5/stats
created: 3/d/442mkdupu6g39562996me66sbv0e7heR
created: 8/1/7b8niu0jbk45nqn91kf6f5boeb9de42R
modified: 3/stats
modified: 5/stats
modified: 9/2/4fedvc66p8soqjaql98mimqcgvqe7duM
modified: b/e/97fheecbtkiuolbuomjf38d4r5br3qaM
modified: 1/b/85bmpkkh1tssc5t2dp0adu5u98k4cnaM
modified: 1/c/32l0adnsasosdadooeukpdh13dtd98eM
modified: a/8/d5rs42b39ppnd9rdpofsp6qovlvqakeM
modified: 6/c/b0ifijlf24tdj1l5v75j70j1hij3j1kM
created: 8/2/471qka19kp3kh81ldtp2270ecnk1ovkR
modified: 9/3/stats
modified: 0/e/2caahj47lfgalkhfnoj6hp9gptlh7qkM
modified: 2/a/63etdfml5gd8321p2j9vfhvpm9ubltkM
created: c/1/26r65huv3kl4v9j2p9u9v5mjnrv7me4R
created: c/e/527krtl7vs86cpmliho89dor5i9ljr4R
modified: 0/b/c3n2keti7b59oo8pg8rp8dactimsgk2M
modified: 7/b/stats
modified: 6/9/7b1espopckk0qt9cm394j815466q4ssM
created: 0/8/46v354r4l45okie5vd6d8qpvc1cqj62R
modified: 1/0/f1u5ork69c6qap0s37a0hong80hj0eaM
modified: 8/4/stats
created: 1/1/bcckoh9oormrofhdeqdvkuqms5aj7imR
modified: b/5/f6ljtidfnpbm84s9dq7968i3bg4rsloM
modified: 2/a/stats
modified: 2/d/stats
created: 3/1/a85ddmia7fh407h9afvusuhl225h08kR
created: e/a/5ev53fvpgt3so3scujqnglmhohcenrqR
modified: 8/2/stats
created: a/3/a3kt9pg7ah16d1k03n0on21ps85rb0aR
modified: 6/a/fdj0ar6dqmg56a9h975eo55jsn7toreM
created: 7/d/00ap6m36hg29i4g3ed330819291ep7oR
created: 5/3/72kpm97iqfr3h5j0brk0o04nlsijtv0R
modified: 7/6/stats
modified: 4/4/a40qh9m5bsoje4nlvhubllqfh7hfhm4M
modified: c/1/stats
modified: d/c/ddt22pgvbf4oko3nfb6f2pvag0te7h2M
created: 2/a/31p1beetp011fq9odqefs19ti8lslq0R
created: 4/a/23jqagacdnsgoaje5bhoj0e1lr6fdm6R
modified: 8/a/5fr3m2k0fg7g3i8p2gg1fpv3pvc4j1kM
modified: d/2/07e6l7n5au71l6pb6jq95f8pfl2t90cM
modified: 7/2/f271nnrn9hd4rijvt5jpjsfvi5qc8umM
modified: 0/4/09kksq6l1ptosb1udrk4144b8qt2jiqM
modified: 0/e/7eh3945qu79t1nbf0fi3eh9u5muf7o4M
modified: 6/6/68658mvnok6g509hbfsknhsmhafqjnsM
created: a/f/17i5h1k6ieass2d6065nrj06mtpknjcR
modified: e/2/9dtr3kpa9u7q7qqsqvaeqdc6fied0viR
modified: 4/5/7bbplfufdj0ej7nosn0798k1r573npuM
modified: 8/d/f208ae5tlj2evcm6p7pgo7hi3vb5t5kM
modified: c/5/0ev4u2kiincmvi3a0jn16ho9ibtq6imM
created: 9/0/76ujpi85t6cbkj0gordcp7li3gm25euR
created: a/c/5207ua0beo53qm3f7ua7hvv6amfhnciR
modified: 3/d/c6la0be2nmci70duld2d6tgt1veios4M
modified: e/0/97grhle724rv3sqccq65lmevtmlh7lcR
modified: e/9/d9mei83dulf8e9qrpv2lkma05ioo670M
modified: 9/9/stats
created: d/5/dd7ssj4vsr276l3ef6j7jq627fr5uhmR
created: d/2/dduhc0n1t2jukrfd3h49cjo70a1hjhkR
modified: e/5/89krvrdsemldamu7agheu2qd5244b5gM
modified: f/2/83b60npooc35ivg8qc57anc5n3mctfmM
modified: 2/c/7ekr5db27mbjf93h1r2vtfdkt1dnhsaM
modified: 7/7/6clqfh19a2b4o8qemi4nsi8pbiqjd62M
modified: 7/7/stats
created: f/8/dbprnpc3fjbkkg2jgqsu08vd8cjbf3cR
modified: 1/d/stats
modified: 2/4/fe4hv2oloirq2q3rddvb6so4emadfp0M
modified: 9/3/98e0o5anqovq6mio17jrqq9lhag1c34M
modified: b/c/168hj5ktstn384occ7hocop4fnomr7sM
created: 9/3/fbl5p5hvh2ov91j14m2bbkksd4c1tcaR
modified: 5/3/0e4qdohr8khq2i4fhept60slr7qtmkgM
modified: 7/0/64t4l4ktmaj1o4kop92daen3la8jm9mM
created: c/f/547te38om1ndnbh2hr112mtj5osfhq6R
modified: 8/3/c42j49vk651mjctm13lsqrattvj85r0R
created: c/c/1ecjr73324n1ld3vdkpd6ntqo588mbkR
modified: f/6/b3f8ls8fpcdsi2hi3k52q0lnd91lca6M
created: 1/0/28jjd62481l1m0c76ea2fo6d8973vccR
created: 6/4/d3m9feh0qhhctffokb62ethchruo6e8R
modified: 6/9/86281urkhc1fkr4jtd4o98gjtruv2k8M
modified: c/b/stats
modified: 3/3/c7v8ptcnlbugee9k8r30293hee4ng6iM
modified: 6/stats
modified: 1/2/stats
created: 2/e/c89nt9a0m4sfamf5a53pvdl47tff5imR
modified: e/e/258gfdna99d6j7cgrqh6v9bib151lfkM
modified: 7/5/01n60dr9u9phefn9dmel732kjpvaea6M
modified: 3/6/stats
modified: 3/8/83pssq4kae3ngk9n82886t1emer8su6M
modified: 9/2/stats
created: f/9/20gj6rk5tkkogndv9k3ugrpll45aqcoR
created: 1/2/9a2b7puhmd1eie4i7e69kt26av37hhoR
created: 5/9/337oao4e115e5l0qp6k5o1apedr14j0R
created: 0/c/491v3e1m454bdl569mscpth092i21uuR
modified: 3/4/dc43ek5pauqfna3e2av3v2kp61mo6vaM
modified: d/stats
modified: e/c/d568mh72qa6omvdeen0pck8fcn98ngqM
modified: 0/f/3b3c6s4i38spdf4r9c4oqhccsnufp4sM
modified: 5/5/ecdn121i6obnv9nqbhsan585p00oqegR
modified: 3/2/b5khaop9bg80m5id2kr07vb2uks6aj0M
created: 9/7/8f6brdo8im4t1jfl2hi027nr8re32baR
modified: 0/b/9e4kdfnhst40gmudbneccrnt97ld7m0M
modified: 1/4/stats
modified: 1/b/6fmpamahvdr1oktgcfa51h7vg6mh7s4M
created: 7/6/96c9fbuaopngia0p6c4hgcft6mnf8joR
created: b/f/14fb37ei6adh92p44i0i5585n88or6eR
created: 4/4/c0ktbrqd5crg41hnaquhi24bmafe76iR
modified: 6/4/stats
modified: 2/5/13rvanobobnqkvm8b6v2ba3b739p1qcM
modified: 1/2/b1t73a6e4haiepdqtlhvfu2j01uteliM
modified: d/0/80nj41mjo88cpd3j4g7smjhig2pcvk0M
modified: 2/f/89qg8b7arplplkt471agt3aq6o31lvqM
created: e/e/3958bp2tg9vbvvv52ogi1d0bvjlg6gkR
modified: 3/7/7b56rm9qcep1kfar8dmlktgd9rsruleM
modified: d/0/stats
modified: 2/5/143891lkcgff100jfj36lsqlur33558R
modified: 7/8/stats
modified: 7/9/a9g8n6gh5ujdtc6klshgpfthhi6dqc6M
modified: f/b/67u87vb6no41ggsjegkdr6l4klitv4cM
modified: 5/0/a04ptma8ejecjvi7hvgi3tf3rof206uM
modified: f/1/01cr50nlqv4opod7t2ccaf08gaacqkmM
modified: 1/3/ebfodotoi41fijcs82tcc8sgjnl4g60M
modified: 9/5/stats
modified: b/3/stats
created: e/3/baj3klm51fi11fbmki9lijcr0agqi8uR
created: 2/a/2bfsmnsabtmf8pmfibhpsdro0j23ft6R
created: 5/1/61nlqo9reiidjfuetd1j13nhh1h8clcR
created: 2/c/d6kncak8g0ocejbiflebami927mdm7mR
modified: e/b/0d8872runtrl64e0ce1q5uog3tjtmm4R
modified: f/b/63dmaqrct4ako1uomfmdjlijqd5uffgR
modified: 4/f/bagq9sn010neq5u5shiokj0qd1bs9puM
modified: 6/4/64g7gj536b5474h0o2kjrveahonn6l2M
modified: d/9/stats
modified: 1/9/stats
modified: 2/b/stats
modified: 8/6/stats
modified: 6/9/8brghrj02nsg0tarv8utasnnpusgp40M
modified: 1/e/stats
modified: 3/e/casikb8aghu9tuaq9i35jcghrglhqfqM
modified: e/8/a0v5srqr5rtgh3741aohgr45i0hf3qkR
modified: e/e/93ta1g8dob3phstb62pephpvjj5uke8M
created: 0/1/ac7lltdavjq89d95unjojcs40c9744gR
created: f/f/99un7ui38p8thipk0rnjhf62n2q8iesR
modified: c/e/eccl75oqus567m7di7qnndd7ctkkokiM
modified: f/7/dapguh3c4ohhpcichtqg7l0ep9clnhmM
created: 2/b/c63k11fik2379kfdorq4b29usrkvilsR
modified: 5/4/stats
modified: 5/1/2bp1qkubev0u3rm9mon5v2fk6207ukeM
modified: 5/9/stats
modified: 2/7/stats
modified: 3/9/stats
created: 6/a/e7i1mafr707306n2ifrh0mm5th53ms2R
created: 0/b/6c62fccdola3auongkguk63fmiaiba6R
modified: 4/8/b2coce9os0d5fcho3qaj9pnlqom0j7mM
created: 5/a/c73aul3l08uqs7hsd2chkpi1ddvo2b6R
modified: 5/d/8agqm0hed6bkqu5uvr79mfcpmdq7586M
modified: 6/8/stats
created: 3/c/14josml9peldpa3fbbcaaja69og7d84R
modified: c/f/743fl6pe4ntsjp8ii9l2t72pg3fkp2qM
modified: f/c/981tmn8mf89vncjuqoonb100qdmgf02M
created: 8/7/6769metrmtm9tq4kd6kh7fiebihdbquR
created: 8/9/f51vv1rafm9dv54p2li6smv7f2btbgmR
modified: 4/6/92jpeg8fsk3isiimkid8tk8mc5unaj4M
modified: 5/a/53cg35iq1ie9tnaepvcqn02bsa5dogkM
modified: 3/4/stats
modified: 1/1/6fe5jfg67r09dglprsmhpdth8tfrdg0M
created: 2/8/3ecduqi652hp18sl428k72mcmr7mov0R
created: 8/2/60bt4boifhcsgfjf2e198ios8f5go7eR
modified: b/5/28a4ac8ns4gn4nu4o0v2cs32fq3dg1iM
created: e/7/af9do2lvo1qvpele5nt319djc707qdgR
created: 8/8/66ln1riujr2s9g2ufg6cvtt4s4vc9miR
modified: a/d/a31256mg9j467q0kv21t77ig5r7f6eaM
modified: 6/a/8dqk8vdblnt0vk6tho4npmgrgguhrdoM
modified: a/6/8euk3lenp78v5vvmeth4a9655vf47n2M
modified: a/e/d7q598f59754cm0d3mps4pcc5vf9q8eM
modified: 4/f/11ct8asv4lvcp23c3k5cjjnkfecak4kM
modified: d/8/fckbsrheleue6e8pnuvasbi0b0r93hkM
created: b/7/e7busve231101flnnfn4ab6nogbn2lkR
modified: e/7/bb94cremde48n3feb6g3loa8eo536u6R
created: 5/e/3cjo2ml7a3s14c0g13etgsdum1nuu9iR
modified: 7/0/stats
modified: 0/8/49qf4jlqm2qpcdbuv9n1b5nck3053n0M
modified: 0/d/f2t7bvg9qbkcjqjg63jpod5sa0knt5gM
modified: 3/8/130edo77hmqe9ug5vvko2hm2n8dtlfeM
modified: a/1/stats
modified: 0/1/stats
created: 4/8/40p9h8qhipjeqad2tva2cgkol81likcR
created: 7/d/33948hajlf1cpigp2t90nso1sciqjr2R
modified: f/a/6erbq6ut5160tuj0p4n2uuttated7sgR
modified: 3/e/stats
modified: e/c/a1bf548ujkamordn83bram8bk0i3ga0M
modified: 3/7/09nm12vqenn96dapsqfggaimdu863gaM
modified: 2/e/0dk0349t85s9696no5q7rpuir3uki4mM
modified: 4/9/stats
modified: 6/5/fcbesue0i6nlbrrn8651034ihr81lrsR
modified: 1/f/stats
created: 8/9/9c79lesk63nklcg3th3ict0qbbkjhpiR
modified: 4/6/bf5jqkecq3i5tuat7o6igqgecc34ihqM
modified: 4/d/stats
modified: a/2/dag958l1gi2o81f13ol6jeldkiru4iaM
created: f/6/c8o68970062ue370nvbu4aei3g4j5voR
created: 0/5/f8kshuuaqbva9ng31hoqaiji8mstvcuR
created: 8/3/dde772dk0kudphm8n9u6pocf9occb7eR
created: e/0/0adq6q2v62gs3ird6an8gegd9dpghh0R
modified: 2/c/9433310t1mdaafuejkh3mg3mk0s9evaM
created: a/9/5au08c2qga0rfhgdndck33lu4ahmfn8R
created: c/3/dfo014ltfvaugan38ma4pveniitbfroM
modified: 5/8/1cr5gtea7f2lar4bdurgejl6ls5ubqoR
modified: b/e/88t8n6106is8mutq2qmu2i276000ju4M
modified: f/d/9f9g49s3s0mn53o1o3sk3brfgdb66p4M
modified: 5/5/stats
modified: 8/3/b3b6581aspkbqp8m78c273c2l472if6M
created: 5/d/dbmpi19tnrn316nppk39dvc44jp01sgR
created: 8/b/15b20tatfplrbg36t557oogs0vakf9gR
modified: 3/d/stats
created: a/d/9b7l4gjbdaumnr3l6khtlrdpvum510eR
modified: 6/7/6eb39imgv102pnj75csn78iovo5f9ouM
created: e/2/3co7m9cf7babpovv8bpf0r26kij0ebuR
created: 8/e/9cm7jf99tt06tol7t0fb0aa2eb5gbsmR
modified: a/6/f5f9lo9fnfjr18q7r291j9petr8cfcuM
created: e/b/00vo3p2ei4spkdgrhnhopco5obe53oeR
modified: 6/4/35si32859o3341c51hf32p8fado15mkM
modified: 6/b/dc80om84ac3csv870170mbpdg8dapq0M
modified: 4/f/711bka0ggsirnivn60lljcruf5j1kosM
created: 5/4/73kecidgnqoqgj2jqlf96c2fd24f4l4R
modified: 8/7/stats
modified: f/4/d1kvvacfmhcs74l49k3ipdh13ufcdeaM
modified: 8/a/stats
modified: 3/b/stats
modified: 5/1/0con1t8nqirvqsfvksjp4ics8bq7fisM
created: 8/6/0c2jrqu2tr11a4qsfk6i5218l58ur8aR
created: 2/5/26off8c4e9rf8l0mur0ji5rlv1cjhkgR
created: 3/6/5d8v0tp77l0fot1q2op4hfbp0sm0kpeR
modified: 9/7/01ma7h0qg3714vih6nveu6mr1fn9nv6M
created: a/1/889phe7a05m6iol5s3o95gbj68hr75aR
modified: 0/d/stats
created: 2/8/dbm5d9a062bpmuo0kq74ls9c6eh8666R
modified: 4/5/stats
created: 5/f/de0mapplbomgonv76jes230n9ka77oeR
created: e/3/757b2ngnuoago0tm1glr5au9ntuhrjgR
modified: 0/a/stats
modified: f/7/stats
modified: 5/9/f3ki0p2qp0vv2c06qvo5vsokb2mvi3aM
modified: b/9/83fq5pbm9fi1migqta1678fqno149qaM
modified: f/4/stats
modified: a/d/1d5q2q12cf1731o0vl5ov7s89pf4ktcM
modified: c/7/stats
modified: e/2/9e19tqf3tdpifuv78pn7ioc0cisbro8R
modified: e/4/f6mblnmr2rcrmbknqmdfn0sbch0e3oaM
modified: 0/a/8dgaq7fjd9n3idd254dath5m8i9rvp8M
modified: 4/7/ecjqk90q5pk4secjgrcio5ieg49fa0iM
modified: d/7/dat9mk8t733ovoll6gfc44f5jt12jpqM
created: 6/4/a3ul1614qhb07d4tiuslu86rlbi97d4R
modified: 9/a/stats
created: f/d/84jugl8e7reai4mo4hqomua8n01qbciR
modified: 5/6/f8q5pp77bcfgbieer3qjv3t4q66c0nsM
created: 5/7/43mn8rcmjr1oegc678jh8dc6q87o91eR
modified: c/4/9dlpok9lj0j6bvau099nkv8mimobgqkM
modified: 2/stats
modified: 3/a/355c1mimd2hilg2ba60pmpn9cbc04u4M
modified: b/2/fe69ctc984obsn77tib3loeis56ejcuM
modified: b/b/99e76tnuqj0qgj4quq7oa5kk6p1g0geM
modified: 3/c/stats
created: 7/a/20vbrqn9tan6k9o63efeh23r6sf2stgR
modified: f/e/95hcv336jkt0lde06hidki5j9ci3714M
modified: b/d/35b83lkhambgf7un8vvs13teo02pmu8M
modified: b/e/stats
modified: 4/3/82h3os861d8c1pg97lr1a2qabsr2n8iR
created: 6/4/b39khjckfjuj0poaoui6a51qh4vr6ueR
modified: e/3/fb9hj8eevhqe7j7rkjtuvhckkfe4e80R
created: 0/c/2cbecqmob9bm9r53b3vnbg41tpr8qfkR
modified: 2/1/a5l9hhe1j6rrupq3bo5bl3q7kghpm4uM
modified: 3/3/71jmh6ms991m4q2i3ss0sv2pvdktg4iR
created: 0/b/b8t1qvlq41ipcac2v5ips8b9knk8secR
modified: 3/f/65p1rgcv8kodanq88husf1sl17471vqM
modified: 4/f/13n0mjjhm1lqfflfid8su4klm7fn53oM
modified: d/3/4arm0d8tho368a0f42boiovafjd5jdgM
modified: d/5/58prkd3a2imjvlspfhhba7b9q9fkjv8M
modified: 5/a/a9rsssbi9lt9q23s8f9pq0t584apgaqR
modified: 6/6/12rfr9ku8037b7fq45bon3to1ptggpkM
modified: f/5/stats
created: a/2/f4o05a8einup0sco1t5sco3kj3s87rsR
modified: b/5/stats
deleted: 0/4/baf417cqrlpk82dibrmcdohldknfgmiR
deleted: a/3/0dq5t1tb2735esc0mk0qfoo62rp681uR
deleted: a/6/7a3n8uid2dmdq8l55bk5456b1pg95vaR
deleted: 8/e/e81ko6883jgkg4gj2hpau78eeqli3bgR
deleted: e/5/e36jcpjr20nvt0rsb23h4p1ngai4ltuR
deleted: e/d/acffgbee27oe9l2cmsqkk2m7gobn760R
deleted: 4/3/edl742nkm9ua127dv5g9uf1nnahu09iR
deleted: 8/a/72pt5558i98ekvila5e18iqmatpuel4R
deleted: 5/b/076qnj7sjgebe4rgujcmfi0sf8o0tk4M
deleted: 8/c/916j97e20jvq41qd22gfp7tf6phv87aR
deleted: b/b/24ueq52thkhpnop77hkt5pts176c7ekR
deleted: 4/1/43tb92ke29uo84cllrpdsfqlqkise1eR
deleted: a/3/9dn94itd2b5p97lspp99ml9al9hu88gR
deleted: 4/3/e9rr3ih4qimmnn3960blhe2t8qvoi0gR
deleted: b/8/4a2t8jrf1b5daq76kqtblbg4tsebqqsR
deleted: 4/7/08cvsfv9c7mvqk5jkhsi2f7qsu1g1mkR
deleted: 5/1/967rka5f4lnqojak4okq9miofsfk2uiR
deleted: 2/1/57pfa00sa4be68htsvi1sovbpinsqfoR
deleted: 8/e/f2jov7r2ainqii8l0tho0a0m8674h3oR
deleted: c/8/c4qmj1sfohkhul8jci2kva515htma2uR
deleted: f/4/61vfoe6rj99lk9f7n4fs7ndsaitsm2gR
deleted: f/c/f412mbrbkdji6qmgm33ncn4fcpd3jooR
deleted: e/9/3bt8ha1a7im9o0mekd1qppisifkhj8cR
deleted: 8/8/27lo18ktkcf594mhmjv0uvmkomno3ggR
deleted: e/c/7ba0ae69pigkalo751j1jrkd2s8hfc4R
deleted: b/e/ecnmqoqoajndo9fdu83gdans2ads0m8R
deleted: a/1/1436kpggmsv5annepg800gde7v9pbl6R
deleted: 5/a/f8h45pettiog74880560m4ch0iq0nbsR
deleted: 3/7/1bss7u74novv6bnhcrtis4sip4vvu3cR
deleted: e/b/8egi9i0cmbg6e419q3kj3p45s4nmkbmR
deleted: c/6/3ffquqovl82hsut5400nd8t0aehht56R
deleted: 6/0/2fl3kj4frpd37r6cdgdlq9mf6o2obsuR
deleted: a/7/fds4sfhprgahkn9iktp5vbq3eqk9cmiR
deleted: f/3/fabumsdqfugmi77c7rtalef74451q52R
deleted: e/d/0112a7955hpbv75aqdpiait980gj3msR
deleted: 5/a/91d7pdtmtmspaf7ikkuet908o4gbmv2R
deleted: 0/4/52182msbd2opml1ocnvclfjevc5deg6R
deleted: e/1/15bvgomet3e8vgkrupfsj8ofdlkfhn0R
deleted: e/c/9188fkahtmrohika0fq2ggf4intts8gR
deleted: 4/8/7cufqo0uofe2r2enru77h74snrjs3hiR
deleted: 6/4/34qomtg7242h1b1906rrmi7rvunj6p8R
deleted: 0/0/f0jots8rldjrmu3fkaqgj5cu21smgekR
deleted: 0/1/71rt3s93q8if58ja6iq6vjlnl36uqj6R
deleted: f/0/e3pk84i8dp15gq1o2gb5bt9dkbd9t84R
deleted: e/b/b6a5e8sbm58toj0a957kpg513iffv7oR
deleted: 5/7/9bhlfqjss1lfd68mnckqtkul7secnvkR
deleted: e/2/01qpn2p9kd6ekj5pg1pl03l9r1colo6R
deleted: f/a/2720fmimvd7eincqhkfir8mfiv6534kR
deleted: 5/a/73uiadqhuh4u4csg0rvth4ppob3qsleR
deleted: 5/9/56dccv03160365orc2a76k78r3srvq6R
deleted: 4/1/e60ucqka0n2runt8sefga2a71eoj0jmR
deleted: a/8/c5dlgne20sbprjaj3hi36mot6so0nqeR
deleted: f/a/b5m960a7j9ds8g2726isg3sprj1vvcqR
deleted: d/4/99hlij9jk1ji7si1pcd0l0d2d7f4b86R
deleted: a/1/942vdr5ol297558nlcqp3pg7knraqheR
deleted: 4/5/cea38cmt4d5m6u6qthl6rpnk5mjqbeoR
deleted: 8/2/e0mlmq9irkn3fm6vjvufrgkrcuorlo0R
deleted: b/c/8atlnhlfml7fj6oduc78op7fjobehtkR
deleted: 3/1/82pprsf1hf3dcvtubsrabgt3oeu2nfuR
deleted: 5/1/91oiou9kueqjd1baj961l83kl22ang4R
deleted: 8/3/8aqdro0g5spb3felh4jaohvuahasir2R
deleted: 0/1/6bhvbkoqa8nhfqj71bftd7k33jsdjkcR
deleted: e/d/2ce053biqi4u7odcmuuisu0u9dj0bloR
deleted: 3/7/47a4cskfk9u9luv9fd1qcnhku7cs4jgR
deleted: e/d/abl7ak31ii6s3c8452jhun59ij9alc0R
deleted: 3/8/6425he3955q3lm2jbv30sefu29mn546R
deleted: 8/4/70g2iekain6kuoa9lrbk5jp2l9q2ed8R
deleted: b/6/fehe4oi5ndhbbff8fhvgrl5essr5ivkR
deleted: 0/4/01kcfgtdamm407p0qlndt5q5abpdegkR
deleted: b/d/43vhor16kfm7u86thbfadms5fjioiv6R
deleted: e/b/35a2vbtgp2rprgmuilv6n9m4flqtqcoR
deleted: 4/2/22ipctcjpmn5kkc8mgs5k9k6ah4i71uR
deleted: 2/0/a8l8ffmhc3i1uinvo25at1u79ejl8g0R
deleted: f/8/e6h9em8cg4bqiemo7iau24uifs7nf82R
deleted: e/b/5dhdsfgnnrl4rapbdktb3ktb481kacmR
deleted: 2/2/7bqjaefh1c4u8qb8bidid30m4glubfcR
deleted: b/3/eeu93clfj8tfv39i2a8rh0itd62thtiR
deleted: f/c/daug7am6228crov9ni37ut1jfv88iagR
deleted: 0/9/b9afg9gj4jooouqc25tca3cfcav6tnaR
deleted: c/6/6c1rtrntfl1hedta7cfe9lh5atpp99qR
deleted: c/9/66o8halac1a2bm8l4hibqcec3iaokg8R
deleted: 8/f/036i37p4vkn17l66g8o86pv37g9c72aR
deleted: d/8/6emn7m49cjqjig1q82ce7sf4co923i2R
deleted: b/4/d3efn64i3tslj1ga5tnuqj704lk2o4uR
deleted: b/d/f2csmk12sq8hjp0k85qsrt8gnsvmq3qR
deleted: d/2/1816e47e5tmjcmdgo3fol3kbfu4c27uR
deleted: 4/2/d0g8mrgbn1t6fmd8rsgs5hlk0m5likmR
deleted: 4/4/a9augof6f48fahfqsk1hqlhj17t85h0R
deleted: c/2/c9fb5u6ub50ejluec0patnal9a0j0a2R
deleted: 8/f/0cut9uoflkm1ndf830u95n968rv87riR
deleted: 0/2/fdav2d8ldip2sua596o7b317vt4proqR
deleted: 5/4/dc8nd5ndpt5r9te6l9ntes2r2al34g8R
deleted: 5/a/56b1baha7nmade11ndfcmnlh6r2ueacR
deleted: b/4/a8ujj3of1e9iooqj43190vuu8ft90a0R
deleted: f/6/2ajndeor713pm051a4soalq5dkhbgaaR
deleted: 4/5/808viq91ofdb70gopd05dtvdv1pfoi4R
deleted: 6/1/035geep9v0cl1d84l5h582ivmiu63tqR
deleted: 0/7/4bq2gthjjb801qauph5lbsh5ke33sjoR
deleted: 3/7/174b1s7so6ojanatkiivjpnl45ih55sR
deleted: 8/e/2ejsm40d5lhoffl90963prq0plubnruR
deleted: c/6/29n8q13nn2s8f7smsmq3dlki08e0mqaR
deleted: d/8/def4us431diht2kb05eod2urq2ivf3kR
deleted: f/c/ac4hmkenro7cfkitnrho83883uh6g04R
deleted: e/a/d0v7ilpnammf5rfhda0cqkkp8bjm1r6R
deleted: 2/8/39fr43r61qvf8d8tvm8s0oa2v5t8bhcR
deleted: b/6/3fv54ihgo1ilqa9hk3rm8chk8bneg1gR
deleted: 0/4/8bfqel1nvh5jspjef6ton9lec4118d6R
deleted: b/4/b25pmej0d7qij8pue636t372700v7vmR
deleted: 2/9/53so2b088qu8el9dc6pnu0vuhfhuk9eR
deleted: 0/1/7esh82lvdpj43b8i1asvbsc960o2isoR
deleted: 8/b/7532hr6vcohfmq49h1osnda9ibjm52mR
deleted: e/4/ecn5d6etipg0u7mj0js0ncqpqt2l5fcR
deleted: 5/8/43nb67vddntv732sbp954ddhai941dqR
deleted: c/b/c2bjn6u5nh7su925r291tg15ngl0ab2R
deleted: 0/4/fc4er944ceqvugqicv4p9mg4j6ug1h0R
deleted: 2/8/9a7ifrqmetnghit07o9beibtg16mp2iR
deleted: f/b/26kr9kpdsh9j27elsp9kho99iojorm4R
deleted: c/6/69ngvigohmmae92buh51cp0kekpgfp6R
deleted: c/2/3fasjrep0vil54gqh5s4pnt22fl5qm4R
deleted: d/4/487ht9uddf29n6fpncca0fnmlhv3cqgR
deleted: a/3/e1gpto7d7q5u7ejql7s6lsfjn1v4bd2R
deleted: a/2/5enqmedaaogct32p615tknd2u4ltjukR
deleted: a/6/5as8e69lia1o5p48i12tusk5j3p1dtoR
deleted: d/2/fbqe2j37n36jjudl8d103fdj562f50qR
deleted: 2/0/48mssne5p1balsl60ak3jp35dt7e3jqR
deleted: a/6/a3jhoub91c42bn84cono3nctes6l29iR
deleted: e/d/434cug4sh2tro1rdg820ao1jae8fo80R
deleted: 3/2/176sma104j2i8nse6v9r84ecg3cvmicR
deleted: 6/0/ec5ro7qun1u8df35it2fm20tnnoh6q6R
deleted: 0/6/67ldbndj9geff5vlt97g2cso1hiiobgR
deleted: 6/2/cc2spdqm2o09tbjdsuptogn8h5h2sbsR
deleted: c/b/8bqu907d157h72cdmlmdnf0h0mgnnd6R
deleted: 8/c/5d72e4ees3skod6kovi1bns86ul1r6iR
deleted: e/a/fe6n2h0efhdv5hslgq73o8juk0u4b5cR
deleted: 5/b/09jjnnkibtp8ljm4ejgch095n58s808R
deleted: a/3/57kheutnauulcu0nmtdftp4gr3bb30aR
deleted: 0/3/acl2fbjs5qls6e8h9f1em2mrv7ueubcR
deleted: d/2/6dui76oj6am98ofcc9vcnd042tjh1sgR
deleted: d/5/53g0766to08685a2pa67pbhb6ohoncaM
deleted: 0/2/6er7lufjgoagsl7aq3p5nsbjot5kq30R
deleted: d/9/467il355vco8r6m73daeqdhv8vohhtgR
deleted: 3/1/21l37709lln17mpkf53dkmptptlsicsR
deleted: 4/2/52ari6hniel8nlnkhf8t5fpvg3gucskR
deleted: d/a/35mrs0469sb4pcm56nd0r7irimpnjfkR
deleted: 8/5/ech43jo5pb977ddlbjms7p8bb9hbe56R
deleted: d/1/6ed3h2fv4hgb768s4dhc60jmvro3kkmR
deleted: 5/a/d9amg32k2tpqpobv3eimaumniqitt2cM
deleted: 4/7/9e5j91h7h8fq069ri2btm1va9tsf0vqR
deleted: b/c/0dsbhgrmejvjj1n1991tpbq4t61ffa0R
deleted: 5/a/be4i9dmocbr5qmu4ml55s9vo5jvl58sR
deleted: d/7/3bh1pj2sfi41bthhfgro0vdeiia3cq0R
deleted: e/a/19oejeo225i30rjf437dm310dqq9gh8R
deleted: e/5/eaiu7e8bgvcrfempvtd0q5jsetgotfuR
deleted: e/2/32pkvhkh56ufcsjsatfhv64q524gp8qR
deleted: e/5/661o3q7c332vqb5dmfmh9v0gfulbvs2R
deleted: c/4/94oo1etosppsqsmbe2kbc58bcpdm18uR
deleted: 2/7/3csket1lgpo14errde9e1k3ilhuv29sR
deleted: 6/1/f6d8f1tqn6vt29jfgs7scq3gc8ibtceR
deleted: b/1/52molehos9iu8fhkrjjqmiflep1abpsR
deleted: 2/5/e7gerfjd2minenaj767rvv4911ulnr2R
deleted: 8/e/c5g00nvuo34rb4asrnqfpfcv4bi7ph6R
deleted: b/c/c0a5v9fcrfmmlkboiiver5752604fimR
deleted: 2/7/0ftuuucgbh7ugu6dsge76ooocbj3th2R
deleted: 6/1/7d4v77gmn6m0otn15u1snocnkuc9nhiR
deleted: b/a/cbp59i7k63qaitj7f4eopdksuv1a9m0R
deleted: 4/2/b92dmtahvkommabfi907savonu04778R
deleted: 8/5/6cjverknt8qq56h6del8ls0pb6h74baR
deleted: 8/5/1eu73u6645ontmjj09q4shbooe2eu7gR
deleted: b/e/8edq8tbjanbrk7407pmolfbgc99e16mR
deleted: c/7/8ff9k851jvch908b150546i67t6pa2aR
deleted: e/d/8fbrk9dg60vl212be2i5pfuig8gdlluR
deleted: e/e/5cp30utan3thfjdehv8m3nfv012bakgR
deleted: d/3/7ag4qgfplemc1il4jilprp8lfqaa580R
deleted: e/7/8afen9s5o4aj2mvv72b639n9v5k60lqR
deleted: a/1/21cci4s5r4k190da7fkcs9pkc94m7gcR
deleted: f/d/1abp5cs645b8nhn6tli3tqusbn92ttoR
deleted: a/9/2fk12n27opfolsimei9te1pn059qnisR
deleted: d/a/1b42eghkkic81cv3ou0trc19fiq368oR
deleted: b/d/5fffsugmrno5rmfi1clv8att60nci8gR
deleted: b/c/49idgk6lths9otn6ob6r81p983rk1r8R
deleted: 2/6/cehfd10t6o1sr3ods85rr09h9frj3fcR
deleted: 8/f/18m6okuhrtqudi9rod17gqfrkc80ls4R
deleted: f/c/569p7v50cblila0t9932vp2h71bi00mM
deleted: b/5/3driddbhhaotckaumkt99vsub29f22sR
deleted: a/5/6fdvpmvujpnloih3n8aqar7and2rquuR
deleted: 0/3/06s6id95n4bdlnaik4aurgpsur1i7haR
deleted: 0/2/84ph65m7m06l19lrukerjfr8o5sm22aR
deleted: e/c/5f0qkgd7n89b1cpcrdhnms9s6tu3cfoR
deleted: d/2/5539nhnvi1i6equc0gaot5tf1hdqrggR
deleted: a/3/f43k7qdmou7hskju9h59uq7j1m8kt34R
deleted: a/3/e0lr003cc3nbc57car3phtt7nndfkhaR
deleted: 6/2/e571ntakhl7lk8s0ltd4j68akcgfl4eR
deleted: a/a/191ibabr3pd17ttonbr15j61r08tqveR
deleted: 0/0/04p5gjbroc4hu11p1cpbo24i7rvv3v8R
deleted: 5/3/b8g3a7rb59hnh01jfemk4mkbkun9juoR
deleted: 0/3/c17b5dbg3n0gqsli50f4ontn6uo494iR
deleted: 5/4/4dg7ebqk54h7pfqjuam3gpoh4bja97oR
deleted: 2/0/245c39ms7tid8ai9im5iojke1bj71joR
deleted: b/0/cdcpt5l7sjio3m5cvnf7o3s217dk05kR
deleted: e/b/944ec4rvlj8ub93b1pu2e3c3lp7o36sR
deleted: e/e/2c75apjbv18fqdv4i7ngkrtnuh0i0h0R
deleted: 4/7/aarai7sbk4dmvdu8mqf5b3erv1u9pr2R
deleted: e/c/950fil6f5jns83o6uttj1kfnq72345oR
deleted: 6/5/6396d8gbb060c1m2aa5ua8nd2qbshu8R
deleted: 3/6/20fph7l8l7ia1bnv05e0ns9pfba4sfiR
deleted: 3/7/75fqhlvffq4iubi3o66vrfsl09k1uskR
deleted: d/5/ebnpblbcftqivmhhpiuja4ttkc208rsR
deleted: e/b/7cc8uduj3trla9hbioij7i0ipk23g84R
deleted: c/b/06sdhdspsbacuh01r5aii3uveh5mqtuR
deleted: f/5/4281c8l9071erj61akbc2kic5qovhcaR
deleted: 8/6/9b7tp96a0iet9lh4pgdl2io8afi9f8iR
deleted: 2/0/8du9j8ba58u4hj4hf8pm8q07mlm7ji4R
deleted: 3/7/bful1qrdpmu4l9qek0gamlkv60cb1m0R
deleted: 2/1/5eij976v111ui2lc2oe83amcr6giv8kR
deleted: f/c/a5nqplqp46vtl86t4asiimjhchum42aR
deleted: 8/e/6dk9a65i0tvplusjnauk5g8qli6m4k0R
deleted: b/3/4d6893po4mg18k4v8f6jo663f78qdveR
deleted: 3/3/23nuidrg711qtpurh8hv3gf8jo766daR
deleted: 8/7/458hgjeedkgod4q1b8fhvpg8sm9l22aR
deleted: 5/3/80cp2pec3os5bulbtke175rk3ibhuk4R
deleted: e/e/0dj52esbopbbuoe8bb971c6qjurqvn6R
deleted: 6/3/a8dj8ebpkj7tlk3dm7i746jsifejeheR
deleted: 5/1/7fhbc62sckbgi89lpaplponof4jj5boR
deleted: b/a/e7fq52dkaosqvfsqd2akb4loagq7v8oR
deleted: 0/5/f14g2sb49srr3lbmgr560utmperfnikR
deleted: 2/a/149lrd9g14ehnp89bhv69pgoe37kr2sR
deleted: 3/1/92ml12u7mnugpfcpgultge5brthdv1sR
deleted: 0/7/64ed3aolbgdf09av3pa72bdj471nuk4R
deleted: a/a/9e85q9kckp0ieph2088lo0ro43c07msR
deleted: 3/9/3cpjeiipbgdfonmihfurf0l26l31qgmR
deleted: 3/8/53i3t7k73pis80pp1bengauvespu6a6R
deleted: 0/7/04n94fjqrsoa3f11uqkdvg7okop94c2R
deleted: 8/e/3fsm1mb3kk3bklrni7qf0r43r1hdh06R
deleted: e/b/88c4lmujsv21cc8nhoehvf8s7iip08iR
deleted: f/c/e09vvb8hh439964jstropf6idofaa3gR
deleted: a/6/dcpljblnfd4dau73opm1h3fqahc15rsR
deleted: 8/6/81kksve5kuk2sivjqjl8tj6aecvhtmaR
deleted: 5/0/15snp172i133d3hcfnltl8ji9lgmg7kR
deleted: b/4/0auvjro6e2os46s3ifcr901rb4i5c72R
deleted: d/6/65ue9tv72ar0jmk80562sujsjdmm49cR
deleted: b/a/01i3op4u8cd5ogkfp5epi5tmjmo5hfgR
deleted: b/a/c38ceg39ud5l5tdm440dkrkq4fm2k94R
deleted: b/d/6bukfpgafc6e9v6301vc6m9hhse90v6R
deleted: 6/5/99mkbredrs7pu89d8162d84tosvnd8eR
deleted: d/2/c7g1e16g5907v1oq1egoo76q2khfv1mR
deleted: f/c/72pk3p1080emph0j10kfiqm061h5gbsR
deleted: a/a/68ru671bus33r16bu2prg0skpk0ts2kR
deleted: 0/1/785im06u0f7gr20m381ivbln3huu9uuR
deleted: 8/e/eactavp471hvhjmud1393r6addk49hiR
deleted: 6/1/251mcv8t6t41mfsem6kslfi6qcg9fskR
deleted: f/4/30krdfjjkeofpdbpnt208rjb0ad8us6R
deleted: 5/2/42bec07q8tjc3ud2t5cr87fvqh7r1v0R
deleted: b/7/e9a79srifuc7556t9irupljs8norfsaR
deleted: f/4/f3mjnr4aota3t5na1s2c8e335lutqdaR
deleted: 6/3/a2c825e40u47hf5jies4oktlaeb49k0R
deleted: 5/5/8bn0sgadcfmv8jpcuvs3clg5v80pjq8R
deleted: 4/2/04440ph26g4dssuu7432g9j1om02crmR
deleted: 8/6/356rn39tsour32t3j8h9p0cn8kbhaimR
deleted: a/8/5f0nm04es9ic6883ev714is3q3n7he4R
deleted: 4/9/2b467j6nhl8h9qcdljob5ipam8vdsfsR
deleted: f/c/beb1ier094igln5eup4umc6ldp9t41oR
deleted: 8/e/e64anvqn9gfdknsp89dfcgj8i6n7oekR
deleted: d/2/b85n353jntemhpd2pl7lreeqkj2ig3gR
deleted: 3/1/240mv602mkuatote1vcg4k1foc0593mR
deleted: 3/5/1fg929gbitruk530lm7viukg0o6rqbqR
deleted: 5/9/3e728pvb63ubeenn5r2atthieong6cuR
deleted: b/6/7b0rgtqnrgq276li6n8dlggvp2b2dt6R
deleted: 6/2/96c1oq59oovli9nk380clfl1vud4rl4R
deleted: d/9/5c7vf2slg8c7ci5gpjcohu0dktiv1kaR
deleted: 5/8/15ad9lrtb8ecdmhmsls0nt1cdk2nougR
deleted: 4/6/a81t7dmi7n2r1h67h9mtuqhl09nq5c8R
deleted: e/3/8a9c91dbkabdhisbup5ihbqktjefgvsR
deleted: a/1/a19uja6fnhlb77q6bdiekgpj3mv3kpqR
deleted: e/e/baftvh73obrr1f8cggq5e64gcd8vdd4R
deleted: 8/e/bf727qq240lu3d2slcolhsfbulpre5oR
deleted: a/1/32gev1gql7d5ui7s8iul3gbal9gsmlmR
deleted: 2/5/bcpl2b63bap4d5j1b62igd49p79d138R
deleted: c/2/4eqiildrcj3hfnah6qk35kq5fekbkl8R
deleted: 6/3/c5vr94cid93krtlo69cp2i8qlpv4fqkR
deleted: 0/1/04aa70n5oc5nqdb0ke0ef9sh6ik460eR
deleted: 4/7/f08rh91du400m8c0euq4jlkrltvckvsM
deleted: c/4/50obncvcgi2gg4893uve9h3tvmv3e6oR
deleted: e/6/a57pi3cn4nl30qvhqkqdkmt2iagtti4R
deleted: 6/4/d30lp4n73idae5i3a6jkb2m9m74qp3uR
deleted: 0/a/7c8rhipd8okq00vrtmkkkcmej4i4p14R
deleted: f/b/c8k5lbkh7hdrpsqb9p3n3k1c0q05me2R
deleted: d/2/9dq75q8ndnpi8i1kartb018sb20fiuuR
deleted: b/d/ad4qf49d8sdam4gv7f1dme3baqerskuR
deleted: c/9/aafvnmbftrn2udht3abp0v8r8jfgubaR
deleted: 4/1/66v9ruvap36f2qk9asagh401menn7ccR
deleted: a/4/9e7i1ptr0n48oh84bentaphl4op98vsR
deleted: 6/4/dd3eadsrkjm563tm4v3ide9iumlv3ccR
deleted: 8/4/37k55d1kn1j7maqgv2ca4jinp0leeemR
deleted: 3/3/b5a3j734t5s12ah6l5fas1866k2m0okR
deleted: 8/5/7a1q2p3105q4uusjg249mmv5n0p5hhqR
deleted: a/6/b69v4tm5ek6q30g5umu2hrod6m2c0buR
deleted: 0/2/7cijmgqq1bju8resqbrn3gicgntee5eR
deleted: e/6/fc2clu8jkog4ctmrcfis62m6mupus8aR
deleted: e/b/cd35qfpkp5d61fslf30boj191e5abveR
deleted: e/a/c3hunmiacpahbvotk0mq8vkucfnfe4iR
deleted: d/0/1f87n0fv23enm4hv990r8cd6qemcuncR
deleted: 6/1/04edptsbf4okbaeamq0jsjn31crdp4mR
deleted: c/6/d91vrdm8on1pg4108ekgvdo982e31luR
deleted: d/0/935k0bh9tmocgeaajrv6ajgftvnh9viR
deleted: 5/7/8elpu7mk4iphcvb322qjqhqhhrp9ac4R
deleted: 6/2/7blvjh8gkc23sonf07cgqoaq66if4rqR
deleted: a/6/210jnfh1cisqdvnjed528almalm074cR
deleted: 5/6/8453escg4vdv5v1h85n25odkolkqsguR
deleted: 3/6/34314g70ah4087cu9j3quv27p6uvp4uR
deleted: 3/9/981sjuod0rj0i5pbd97jaqujc07v72iR
deleted: a/0/793kdarb9ks0griudb4sbvh6i858s16R
deleted: b/d/6cve3rdfif9bkekm4gg0l9pfso5l0u0R
deleted: b/b/7cmhttuhmhi08vuj3tr1lf8krqmuvbqR
deleted: 0/7/05e6ok3hlklnul364ve3isjcoi730coR
deleted: e/d/af5hkajorjg7c2utthkh683d0vi72bqR
deleted: d/3/c5h2nv2pcos3jdlcqlonccdsv61hf4qR
deleted: e/a/9alpi9hm9uvulnc0he1d3epairkjutiR
deleted: 2/7/ae4k9818dj5f61g6l9bo3qihbj1ifikR
deleted: e/c/eaj3uhdate9avevm1628775pasbj9paR
deleted: 5/9/b3aohbl5b9vo2u86lp9k50e6flbrhdmR
deleted: 8/6/8374e29ai0jukcdca7fa5j89j3a88soR
deleted: e/1/aeqv9321lh3cbqq09g0b47hf5np762kR
deleted: 4/5/c3tmdioi5p87g55kbdt3ut5k0eubf5aR
deleted: d/1/8bt6a1eqr9gf2o48gb9kd3tl3chbfi0R
deleted: e/9/a6a748luc0f1neub3uhr65c0qq2kesgR
deleted: 4/1/1ftbpm2um2a915i607mnp6vd7jnrspsR
deleted: b/1/63e94574uoru839n1squ08st01rmpocR
deleted: 8/5/8fob7qt57aptbffin54iufk79m8il2cR
deleted: e/0/94u5hnj14s5m293jfj89r287a9cqt30R
deleted: c/9/69vu5h5hr8ha6mlf9nsu5vg9q00a7f8R
deleted: e/c/8a6hes4k80dnillomltv27qibf6t8reR
deleted: 8/7/7clkg3s9ou6klk5vgl0h7966sr6n3t0R
deleted: c/1/8d3uppjn8kl2glse1ilju777igqnrb2R
deleted: 4/8/a0dbodj65ocqi1sevn1bt25a42204oiR
deleted: d/3/d7j1hl23glt58r82bp92sutrm6ftqaiR
deleted: e/c/e64bpr9shslk47r0lul81iv9ip4srqgR
deleted: a/2/89sgm58v3moq51vb9l7nt1td82gh52iR
deleted: e/9/f0c4u9pgkj4a88fo4q5slk2jupe3oscR
deleted: 2/4/8c4ufgbsj6176knnegcik1jh6ca31f8R
deleted: a/1/62t8lkj2fj3dihp7kru76cajqiu4utqR
deleted: 2/2/1ecb3q7gl8ho3ugct867qhh5drukg62R
deleted: c/5/e08qv821bteqr1lm8psc9rsb032a81sR
deleted: c/a/dbj6hrrb5t1q6clg1lip4bvrkq9i8csR
deleted: 2/6/dfvvga3b427f3l2hja5et79pb9jj708R
deleted: 0/0/fb684u0eqiuaos60ai4ll3gbo5diqgcR
ccache cache size is 173Mb.
Uploading cache ccache...