SHA for cache folders (/tmp/ccache_dir) is '3457f058e208f56dfe1b96358e23a9ce123c623529e540a711a366cf74151e97'
Cache ccache has changed!
List of changes for cache folders (/tmp/ccache_dir):
modified: e/c/c0573c9da0f9fa659e0d7780fbbdbb-3885.manifest
created: 5/0/f1a8e71a5e0b86322ebd561e352052-2146.manifest
modified: 2/8/271177dec624f3c24e617eb70c3bd7-9026.manifest
modified: 6/f/89c4de685f4f004c28bf4613f875fd-5931.manifest
created: a/5/d7427bb68b3f4c64bc002603731f3a-5110014.o
modified: 1/6/832d194ffde206823726800d697b3e-4105.manifest
modified: 3/stats
modified: 1/7/45e61ae242d4aaf6424a482852fb75-5989.manifest
created: a/5/389c8552f00888bff56c8c3d07a508-3967.manifest
modified: 2/b/fd2bb7cdd0188eeca52a74dd00d2d7-2691.manifest
modified: e/7/d934d90eca4194f106a2362a439527-9766.manifest
modified: 6/e/a394d2d980978ac08eea5964feece0-3551.manifest
modified: 9/f/2a3d851e54a0f522cc34342641d673-4391.manifest
modified: 1/a/d4dae3b5d4899bd2af784391c85302-6473.manifest
modified: e/c/656a20b4c959d95d57a6065f2538de-44283.manifest
created: 9/6/938cf3869d84681920af5242af25f1-996482.o
modified: 8/5/8594114eaf64b128a1de6b782d5184-235280.manifest
modified: e/8/b1288ead75f7d5506ae537568813e3-5160.manifest
modified: 0/9/dc73194c95555f720af86e383aa167-2545.manifest
created: a/2/281929ec9e586902bca264d148db50-5389942.o
created: a/c/619de4ffd08af956c602ff1900441f-2388.manifest
modified: 1/4/9e825219e55290ee8f5be22fc741a1-7522.manifest
modified: b/b/b0dc2d3f7c219b61ffb8e92a537033-3980.manifest
modified: 2/7/3f0c78ebe842965471717a2f747f92-5408.manifest
created: e/7/97f6f56469d5661c3113331a82a6ce-10973.manifest
modified: e/b/97c4ce800cc91f80bb652d326ae0cd-7003.manifest
modified: b/c/636079d03555c70b99ab592a5be9eb-2720.manifest
modified: 6/b/3a93a00526aa5cdfe52b6f2bd9a8a1-7428.manifest
modified: e/7/aff751a580159663ccf73b9163b95b-4973.manifest
modified: 3/f/1de9dd459e406d1b2b4b7a2925cb46-62650.manifest
created: 9/4/7702b52aa3bbafa700f09f5881cc00-2306.manifest
created: a/8/0157303ec1a7004f1f88c493260360-89916.manifest
modified: b/8/ccb4a2a58018acd5903038eefbe106-6162.manifest
modified: e/1/e20a93df74c7c9fb8da8a2418605a0-2376.manifest
created: 5/9/00a00bdf62c19d3d1456e146a7bb9e-5213.manifest
created: b/2/2393be0b82f03f8bc88045738f152b-9985.manifest
created: e/3/4dd8c815d5afaa87f2ee0190714fab-3511999.o
created: 0/d/129232ac435ecbb6a78b633a540cbf-5463063.o
modified: 6/stats
modified: 8/c/16e42350d88f14073e0cf1f61000f9-24687.manifest
created: 0/4/669d815fa09a7305ccb599b1f3d466-20098.manifest
modified: b/c/ed294f5d13dab82c0bcd39b62f0799-60383.manifest
modified: 1/8/d4637957c2bf3ca1e15b4088a611c1-7127.manifest
modified: 2/f/1ca83e0781c496525f678cbc6e0cd1-2461.manifest
modified: 0/d/aa4b338377029bdb3c837880d0bfcc-97016.manifest
modified: 2/d/cf24066facd4222b133dcf224a1331-4042.manifest
modified: 6/c/b9f2af0ea8b7b1832b25b8adfe3c55-10108.manifest
modified: 1/5/aeab1a8c04c44d5ab46a46dd9a7948-2426.manifest
created: 9/0/5cbb70fef7120732878d328e00f919-4022.manifest
modified: 6/a/e780b81b7c8830c86328ee2c3caffc-11552.manifest
modified: 6/7/cb99b21426e5f8eee650e58e017cb7-95595.manifest
created: a/f/75d9154540ed2c56ef9e3e872e843d-3643.manifest
created: e/8/0f622359646c79a2bbf323ae4eb8f7-3080792.o
modified: 2/e/647faaec9a212b36ba04b0c6de16ab-3265.manifest
created: 5/3/36a0ded7340a6f1b3ec6ec1725e4e1-17305.manifest
created: e/c/0476ef877febb02bdf52ccbd191de8-8455.manifest
modified: 0/e/240b38cfa4c02336fd0a99c84657f4-16563.manifest
created: 5/d/b3deca3b5f1187c0121487bbf0ca59-733709.o
created: 5/b/6383670e211e7543f4f576c9d6af23-2297467.o
modified: 7/f/40c72bf91c1e811cc1c66b4538e3d7-37378.manifest
created: a/6/d2b4fc8e14660c8815657b8a2486b6-5187794.o
modified: 1/1/928a9685c1cd475bfcaa68f8682eec-85483.manifest
created: 5/b/53be170b31f316b6eb3f3fe8b722bf-3807.manifest
modified: 6/b/2b92ceccf12355b4d714d8abb250e8-2305.manifest
created: e/2/ac4d72f8993f206ee08b35285433e6-3044.manifest
modified: 2/stats
created: 5/3/a93efe3a0d478a509bfa0bd4ae4d97-5973.manifest
created: 9/c/bd1e9fd48700b98ab79286fff4d113-3978.manifest
created: a/f/8d368cc927f1cbbacf0df4c1e51949-10159.manifest
created: 4/5/620d13663842a4431cf47411be221c-7152.manifest
modified: b/9/39fdec1605423c011aff31a72fcde6-4486.manifest
modified: b/c/dd171678e29f78f297f5d8376a8576-10020.manifest
modified: 0/f/09fdc9ff10eeaf317297a7fe369b4c-9302.manifest
created: a/a/235e2c8225e449c7fc089670ffe7fc-50639.manifest
modified: e/c/8931ec255bc3c9fe780353bb57c944-14554.manifest
created: 5/4/757abb4a2f2f754ff054a00035feb6-968647.o
modified: 4/a/a4b1768a5df2c8b48cfa28e32943ef-8013.manifest
modified: 1/b/a83798af6a53d231f3d54c9065bf53-4263.manifest
modified: 2/9/970267017a59c04ea1882d58dff00d-15433.manifest
modified: b/b/b3aaffc967e6b602e959a96f8d6fb1-2746.manifest
modified: 8/9/a0ae8958db65aebde38f7ef7d6e16b-21401.manifest
created: 9/9/acfef31dd9cc1e28a7ba8663f62404-2199026.o
modified: 6/7/43b6a41674eb5f56b5a6dd9a99927b-5635.manifest
modified: 2/b/0d4c622dab07373986995734ad5457-3496.manifest
modified: d/stats
modified: 8/a/5dd831177f4cf0ec45aa46e735eb3a-3171.manifest
modified: 3/e/8564acbd189b9da91c130f4e02f92b-49313.manifest
modified: 1/b/0f9934a913e1f8aabfc8624431eb75-27845.manifest
modified: 3/a/091906bc95306282ec57558f60f337-4913.manifest
modified: 0/e/f59054ad1fb8f5c3df6215c5a0fc22-3405.manifest
modified: 1/9/1b9ba22c88501dd7894c7f4af79f26-3377.manifest
created: a/f/f801b074f9fcf63043955df26c305c-69373.o
created: 5/f/8950e3aa5ee9e10fef78cc6a5c86b9-1785790.o
created: 0/3/414d819680c0fd922ee83f5c851f0a-12501.manifest
modified: 6/a/c4dfef88a9c8e40f4b2327c1325888-3390.manifest
created: b/4/21640f0463cd170b80c627034e6e61-4046.manifest
modified: f/8/62306a728d1daccb78b0fd975e75e0-3413.manifest
modified: 8/stats
modified: 3/d/a991044b72bea4022365b097dd5e8d-4396.manifest
modified: 4/e/85d57adb45ed30b61115f596167ff7-5947.manifest
created: 9/1/bbcc69898c6279a80028c2ccc199ba-6243358.o
modified: e/8/d8bd815c80b66806808afb8659a105-2303.manifest
modified: b/b/1a0da2f22fe92c1860b7444fff824f-3265.manifest
modified: 1/b/54ae27a414431981fa0e084928dce6-4941.manifest
modified: 6/c/e3c7bcf4b9d34f1515874139b85fc8-20291.manifest
created: 5/b/fea58f6e70cbed81d43a1f4a4d078f-5156265.o
created: a/e/62ccfa9e95993aa7e8451989c9c378-1761475.o
modified: f/7/40eaa2205b1c4fef7e08cd2739b87c-14292.manifest
created: 0/2/1e57f05491500fb8096518b70024fc-5909295.o
modified: 1/f/6149544a520d9d84a6cb4f33503692-5035.manifest
modified: 8/5/a92b565ab365b4b0b120e04e0891eb-6040.manifest
modified: 1/stats
modified: 6/b/8c3ed0e79e0c95e4e23d79030a25b4-5113.manifest
created: 0/d/95d013f6bc67faa9fad35fb132c34f-3504.manifest
modified: b/5/b0a0a4f6316fd64cc319980c7569d4-12645.manifest
modified: c/stats
created: 9/c/494d6486fad696afdc63164ad97334-583664.o
created: 5/1/295f043ecb6be9210e94a3bac42403-11417.manifest
modified: e/2/df916b2d58ea4fbf4602c0d37abdb2-2361.manifest
modified: 1/e/26a5dd3ba870be75956f8cf3b1ec81-9959.manifest
created: a/e/51cbefa6987e60f4348480ad0a1c3a-5281035.o
created: 7/4/c54936e84e041a066b61f5896049a4-4819534.o
modified: b/8/2cfd293825e239b38ba36e92b859e4-8072.manifest
modified: 6/a/9733906b31771cd0001a3c43ba56bb-31760.manifest
modified: e/1/cb947e94143f82542596cdf5d68927-8285.manifest
modified: 6/c/cf557dc5e91e2fec8375adbbd8fabc-15881.manifest
modified: 0/c/bb5eacf86282cb1f32a12178ec02d5-2861.manifest
modified: 0/a/f836901efb795fbdfc08d20d6c765d-8785.manifest
modified: 4/c/2334d6112ab4be1d5d31776232f6c5-6035.manifest
modified: e/8/0dd7325f8c00e9b322e49bd2c99fa7-10220.manifest
created: 5/6/b4c833ec6924c7a2c7ec771eb82ac9-4180248.o
modified: 6/5/cf7b50141425d6fac982cef3928bf8-8178.manifest
modified: 8/9/8921cec6e9689898b80fa00cd86d19-11052.manifest
created: 0/a/ce2b1eb975a014a8a03ec82024a04d-18556.manifest
modified: 8/c/9997baa4c3b5d01bf61c97b31d01d8-4359.manifest
modified: e/5/60d155260a889657dae1e3da6a52bf-17373.manifest
modified: e/9/13d1c76f3115a639556192bd47dd46-20818.manifest
modified: d/f/40268d1f248fab3528b6d301012df1-20645.manifest
modified: 4/stats
created: a/0/88514eb819f58878e0e866ab2f34c9-2009665.o
modified: e/5/a06cbb0daf35d6510a56068f743adc-11190.manifest
created: a/5/4140611366dc21ac2a0d1c99717c45-10711.manifest
created: e/5/1d8b95820ca16289c14aaa8a60ce4d-31335.manifest
modified: 8/6/80a2c49f3293d76968707fcbc8d5ef-6208.manifest
created: 7/d/2eb20e6f7c44b9fd05e79d82c2e408-2311913.o
modified: 7/stats
created: 9/9/f2c1da5be51e04a680de141caaf218-7677.manifest
created: e/5/3904e62e34a1087a722fe7ba2967f8-2099544.o
modified: e/0/35efe9cf82f9601e56b908425aef34-9019.manifest
modified: 7/e/ff28c1d6d10689c8c05b37cd3691f7-4384.manifest
modified: 5/stats
created: a/f/59f16e11604e0face103bfe7bbcca2-11955.manifest
modified: b/d/db3c1f5b72a2caec2252665f995e9d-3418.manifest
modified: f/stats
modified: 1/f/615c912378132f18b98a0862e6707a-11157.manifest
created: 5/1/7e18a277400b03822a8c4589457f82-664830.o
modified: 1/9/db46caf6dffce75f137099b3585cea-3285.manifest
modified: b/9/ba219519c2faba34303bf4fc3642a3-3608.manifest
modified: a/stats
modified: e/5/a5cc72b8ef225dc986ec7be8800a6e-9689.manifest
modified: 6/8/53655cf6a01a583de4acd290c0f95d-40101.manifest
created: a/d/e82549168d49813657bc3689d815ae-4433.manifest
created: a/f/a463abac769bfcb09d3b7c2c9d3366-622387.o
modified: f/9/b5851e2ba0bb83ae8b2baf8a90fcdc-3568.manifest
modified: 2/6/d7f8369110ec91f5fb9fb9a7892770-6663.manifest
modified: 1/2/8c075a3a9021ebfa378400a8bfeec9-3852.manifest
created: a/c/5562d1ad71c7ca9278a621241026b0-5431296.o
modified: f/9/b3d4c3a0d6d30486250cd90b3cc459-2727.manifest
modified: 8/7/ca2c62560060aac27d0f8e56f5e947-6472.manifest
modified: b/stats
modified: e/8/9394d818fec99491d39a0abf6bb839-2487.manifest
created: e/a/fd14ba91a48a7f3dad01aaea9fa94c-13448.manifest
modified: b/e/62f7452478ea94c24aba875bb6f236-5956.manifest
modified: 8/9/c7adef31258bdb6f0cbbc2e5a13b7c-2691.manifest
modified: 2/e/35eccddeb141cc3d0a129f4dd784b9-5488.manifest
created: a/4/b24c9bce9d7b359b76aa6f77b2f502-3344.manifest
modified: f/c/74787225d7be7036ade886b862cfb0-3699.manifest
modified: 4/b/358a0a75d7ebbaeeac35830161e35d-4261.manifest
created: a/9/18f4070825d52715de26c7a8ee5d17-34547.manifest
modified: b/f/86211054cc355bed0a2b40d97f84ad-9456.manifest
created: 0/b/f1d4a0aaac75003bda3b617e543068-5836355.o
created: a/c/d3360cbc1b042466d6f1f3d6173a46-3799.manifest
modified: e/stats
modified: 0/d/14c628d06f74de4b107dc4ab6d22aa-8611.manifest
modified: e/2/d48f9a625db75e42f3998f8cc1c493-32100.manifest
created: a/0/35afe6afb2408d9d7eb5f8e2966a32-5133866.o
created: 7/8/7a9e368dd3573ff9290f7a15bb3a3e-2408.manifest
created: 0/9/c70b8fa6dd66dd19c8d25e0bbf6017-1904738.o
modified: 4/c/c82811aebba04d9be3406843eed2d9-10941.manifest
modified: 2/8/b4dff7d61454c5011fdd684171bec7-16789.manifest
modified: e/9/9d967220fc6ba556b520441aae8210-6313.manifest
created: 0/c/c94f0969f993e08ec6096e735798e4-4232288.o
modified: 1/c/afbad79e02cb4e3e18106e6c8b337b-36694.manifest
created: 7/0/716ba89bbcf08cdb270a0f1905224c-7194.manifest
modified: f/c/c1ab3f9024f6694b9ee0ad0f3498a9-6945.manifest
modified: 4/a/6427d781a6e9a7edaaa71b5dc7472e-5337.manifest
modified: d/b/12e773e44c18cc380dbada11a09c2e-103491.manifest
modified: 4/f/964b121b0db65e03d64d5c61a00b96-3474.manifest
modified: e/2/bc23efedbc0d5ddc99dc89054b76c2-8767.manifest
modified: e/1/7c46b01d31bc5d3b2ed5aaa5452938-24101.manifest
modified: f/6/8fe3c5f72b8892994d005d3ae83185-4339.manifest
created: 9/6/ebc64ad64f2fb9e05c5532056f67b2-2373.manifest
created: a/c/7eddba4bc9c6b0631070a027135f93-20498.manifest
modified: d/c/f92f623ada9d32c0bab5aa0aa32f98-2763.manifest
modified: 7/e/1189505c02ea7aef6cc442f86938b7-2932.manifest
modified: e/f/f5344e306c3becd6f832f7196cbfdb-3954.manifest
created: 5/e/f2704129c233d0d1095eac8206f949-2138.manifest
created: 9/e/5e3d2fb2a1e61a2f7a991569abbb7d-1846.manifest
modified: 1/b/fced36ba93fd910e609030073a1048-8491.manifest
created: 9/0/c73ed8a9c42cdf6f51a58e38f67e0e-2775166.o
modified: b/c/20804720e482aae875bd7eda27eaea-3328.manifest
modified: 1/4/3e198cb92f9cf703ba7cff251674e2-3270.manifest
modified: 2/6/670599f9e3c03a0e4492b214fed711-2094.manifest
created: a/f/20a1fa07c6ac673a19bd0e6aa802d5-9677.manifest
modified: e/3/e1f5b61679c82e78ac2520318c05cc-10932.manifest
modified: 3/d/6a005a2c1788335f4e6485a51c456d-2453.manifest
modified: 6/4/85c6152d78cb8a8eada43424782f91-6282.manifest
created: a/9/aa6ad1c53ae68e45536303ea3210a1-1865449.o
created: a/5/4b4dab149d60b1e18f8653b4745b04-17774.manifest
modified: 0/stats
modified: 9/stats
modified: 3/d/c8ecc7a2314c3a45081018258672f9-7089.manifest
modified: e/4/8e03eb6fbdcbfaabc782e63194c8af-8093.manifest
modified: 6/5/2aae5f9a9d5203e192e51013cae227-6753.manifest
created: a/b/c84a2313582b82ab94f476471fdb33-12396.manifest
modified: 8/e/369ba3be4eb8be7582b734f2564ffb-3538.manifest
modified: b/b/d17a6eebcfdcf578ae62adfc9d92c8-6469.manifest
modified: 4/a/3752f173e7761858dbdf4c964d068d-3430.manifest
modified: 6/c/33a6470598d87299814e23d4e784d0-2809.manifest
created: 5/d/4396a4a2918a4ac9fdac7b9a4a886a-28873.manifest
created: d/5/ee3b2e2a5e606995835a4fe4161bb2-5177886.o
modified: e/a/8f5eab95e8eb5ccf86f4de336d1890-14696.manifest
created: e/4/dd2f569cc0ffa6596d553ab4ae5dc4-3429552.o
created: 5/8/0c54401cd84cd4a63ae72afabecdf9-1857.manifest
created: e/0/5c32dfeb06921036f4f0e15fbb20eb-2227542.o
created: 5/2/1af7033e070944cad2011d0aaeff51-6684.manifest
modified: 4/d/1cc770061b464d7af0809c1e3dcdd6-2583.manifest
modified: 6/9/a79e146193ccb9110ad6ac59f2da69-2604.manifest
created: 0/3/c104379c13009274a0798dcc4cc2ae-7383.manifest
modified: 6/d/9a1e322279ad50ea76ce11cf15baff-3960.manifest
created: 0/8/3181f55a436c189828bfcb23f6e6ca-4246.manifest
created: a/e/9de126600283ec8c3232de5510b1de-1766802.o
created: 7/8/a77e333ee101d6fb390e6f3f984dc5-3645660.o
created: 9/1/dc85a3b9db70b0f3949d8f01ff124e-9822.manifest
modified: 1/2/5ab51081e777f0dfe996af75e1b619-5657.manifest
modified: 1/b/8a9b41c06cb9945292c58f31f618ba-3752.manifest
modified: e/4/131ac522d487d1ba28c7aba63dae35-16378.manifest
created: 9/b/57d85cd4008388e1e50510390e5f87-79240.o
created: 0/3/59f8a7dd51bcdef1dadaabb35c81ff-2190956.o
created: b/f/663ff3151351743f7edb14f52378c8-1827900.o
created: a/2/08ea66eba427c7a8692a8f758582b7-4229.manifest
modified: 1/3/7cc8d7cb1f3779c32e79ef526a90b2-5959.manifest
modified: 1/6/66bb5aed18e1ab5c5c96aced3275a0-3117.manifest
modified: 1/2/b3f1bca1c92bb96fd1460d12efe041-2996.manifest
modified: 3/6/c95ba8709441479a66e57a0ccabbd4-8354.manifest
modified: 6/5/c6981a945b1b72f9584cb59e4ce487-4425.manifest
created: e/d/ee9dfef3137b57a552cbccac35b100-101948.manifest
created: e/8/b4313dba062b6f24ca1457ee2fe30f-3467546.o
created: a/2/ea9405655e77c89dd715ea8f20d750-1429896.o
modified: 6/7/7099c9821cd12c69b16aeaacc45708-9188.manifest
modified: e/b/e9f8cca7c628259f0971c8a397163a-15489.manifest
deleted: d/b/207fd39a31d1032cc97104be9c709b-1772179.o
deleted: a/0/f530580dc6ca218d4f931fbe1ef41f-2340.manifest
deleted: 7/e/fad479da16b3bc00aa431b269a1db8-5267008.o
deleted: f/c/6c5fc81d50a7ff1519b74d02b84432-4814858.o
deleted: 3/d/a6295979031368df3d6c724476342d-227398.o
deleted: a/7/376f61d912162f3c3fbba4dd59d1ab-3037.manifest
deleted: 7/c/fa4ff77c708ba24a848b204639272f-2922.manifest
deleted: 9/9/a248a4cb04d61e3cf52665fb067d9f-4829098.o
deleted: 6/c/96c2e0de6168826c89e2cfefbaa74d-2396.manifest
deleted: 3/1/39574121a4a488611ec0d489435bb4-1992.manifest
deleted: 3/f/671f58c7d9af8340a3b012421a7be4-13762.manifest
deleted: 3/7/bc7735ba31b233b4798756cfa36ed9-9124.manifest
deleted: a/3/05cb25cbd77981360d1cce739fc755-5381.manifest
deleted: 9/0/62c8391bc2c19a36ee8d4f98a4d6ae-2272813.o
deleted: f/5/359b4bfe615b269cfb1f9be8a31cbe-2896.manifest
deleted: f/b/18be985b9cc2a3daf0bce62fca39c8-7120.manifest
deleted: 3/7/c4dfc8047e9b81a93fc01d5b42c170-6382847.o
deleted: 3/6/cff5f204f9d6f4e7c50504bf426a1f-2806.manifest
deleted: 3/7/322c61a4a86b8786b03c5220fc3682-3375567.o
deleted: a/d/8d4278ceef48630f84a31afcb2b9ab-5776460.o
deleted: 3/6/cc6f134e18d1fdb6949cb85b680e8c-2944.manifest
deleted: 2/3/db76bd0c7d77747fbf567c4ab136b4-13677.manifest
deleted: 8/5/5aa3da530ce43c43469dfccdf90ea5-5951.manifest
deleted: d/6/45775decfb431f03fa18083ed90f90-6058.manifest
deleted: f/2/3a3251d4b45ae4f69366c4340489da-3073.manifest
deleted: 3/3/641fe31de664efde68be099bb4b82d-3402.manifest
deleted: c/3/50af3a8119911580917c3558b6b758-1817519.o
deleted: 3/4/d630b2eea0c4907c370746922d03d7-2743.manifest
deleted: 2/9/4d3249e168c2c6db098f33e217d6c3-2512409.o
deleted: 2/8/8b3d471efc95649e560de4348cd383-2221147.o
deleted: 6/e/d46f71a6fcc6885391f0f372058bd2-4818055.o
deleted: 6/7/e3fd1267607d25a6707b9a257f3150-3464181.o
deleted: 9/7/f6bf315ecac55f42045132e4f8dd0d-4833968.o
deleted: 6/c/ca9361106eb95359db62de411ce38b-44405.manifest
deleted: 3/5/7a01437933e53292c0d2fe54324caf-2013157.o
deleted: 6/2/c9516907f39559ca34673be19870a9-51320.o
deleted: 3/3/ec3853dcb5d6c93da480d90931c285-2086.manifest
deleted: 6/6/3dd36ecf6c9dda1424a46b54e53aa5-5740.manifest
deleted: c/9/836a7fbc4d0c17777ae685d290597e-2488813.o
deleted: 6/7/a610c6ec0fbcbcbdbb28cae1c91fc1-3027.manifest
deleted: 6/2/29a97adde050360eb7496c1bf91d66-3153000.o
deleted: a/6/80c6278a07de6efdc407b0ac1bc174-2473794.o
deleted: 3/4/c6c035c69cc9f1d3b45f8b8a83cd98-2263657.o
deleted: 6/f/83378a7ff813619d5ccd5f59343fab-657006.o
deleted: d/6/6c0bfbcccc58704b14179aea8eb78c-1836268.o
deleted: b/e/f325bfada87ddc23e091a393185b35-4295.manifest
deleted: 6/d/f59806919214a65da6bc17d0993a63-2861.manifest
deleted: c/4/7d74ffe89ba1ff11734071450d68e6-2256708.o
deleted: 0/6/9ed15e2f4ac539f77a2068941e51ad-4996938.o
deleted: c/5/fa089e71b2566308d97d27f0e09d37-2701003.o
deleted: 3/6/b93f502b58f5e383870a133a97d01b-70839.o
deleted: d/b/c1c8553f830b31a53692b7059a6c67-4709373.o
deleted: 5/d/053fa69da4aef5146a8be3028804d0-4291180.o
deleted: 2/5/9254724849592d2cfe076c53208b4b-2559154.o
deleted: 8/3/32fbd7929ccc899d6735b1cac76c9b-2574.manifest
deleted: a/c/558178047181c183ee344d9347bddc-2590670.o
deleted: 5/1/5aa4f314c726c48e95a3ad77d5327d-6929.manifest
deleted: 3/f/982d5753ddc13e40edfc0ef2090102-3149876.o
deleted: 5/5/cce23baef5880fc30242182a4d18ff-4708046.o
deleted: 2/b/f74c1f1c8ea5261bb26d8333249192-6228.manifest
deleted: 2/5/3d8319c25732fb2f7293e3d6d8f68c-3183232.o
deleted: b/a/ed7c222d8a1330a6fdc75e2a7551e7-2255678.o
deleted: 3/f/9d33b3fad0a81a5e9ff7caa300ba14-5262058.o
deleted: 3/a/428eab5757fd0d05467b96cbc7f00c-21572.manifest
deleted: 6/5/e5ad56e4866b061c207d1a4d6b568b-14913.manifest
deleted: 7/0/9d8500098057338b583d1f7fc9dbb6-2049002.o
deleted: 7/b/6512e87366e389c57f882c9bcb1b84-3128.manifest
deleted: a/9/2fc78bd41071d60ae6eb723ef95e2a-1771870.o
deleted: 6/6/b103169188c4886f33d08c7698fb06-2328.manifest
deleted: 3/0/41184637c462243ff5676c4346dc98-2093.manifest
deleted: 3/0/7aea16f80ddb537731c41653e0beb7-12495.manifest
ccache cache size is 164Mb.
Uploading cache ccache...