SHA for cache folders (/tmp/ccache_dir) is '2a6ea70a500b491b4a527e1bd7e0bd014077c471e072f82f4b3b862e24d0476d'
Cache ccache has changed!
List of changes for cache folders (/tmp/ccache_dir):
modified: 2/e/stats
modified: 4/1/stats
modified: 4/5/4fek88cpf1h1uunitpqb3n24hvsqqo4M
modified: 7/a/stats
created: 0/b/746cvlplebtlebrcq3182ufl1k6rm5gR
modified: 2/3/aajlgfvde04j6q3aikp9bsjesur4s16M
modified: 7/2/14grreajlhq4a9numfjb8tmbuv4bgjaR
modified: a/9/stats
modified: 3/e/stats
modified: 5/9/71acai4bi0lg410m9d9cgif1uas5ji0M
modified: 7/7/b93i36qe96p6l525d7r576frulvqcsuR
created: 0/2/70pdbpce7gprb5b44vgq0hn5pgmdq7kM
modified: 0/a/3agluuv6kgjmcsbhj7pvm1q3qdcbfmmM
modified: c/1/stats
created: c/a/27hrtpkk296f792chdibachq5lrlppsM
modified: 4/4/1eh9a0m1d1bbh851hidmk6h0ge0lcssR
modified: a/a/stats
modified: c/e/stats
modified: 0/c/stats
modified: 9/6/stats
modified: c/0/48fg08o0mb8v8d8glesfgc06uajcbfoM
modified: 0/e/stats
modified: 1/d/stats
modified: 4/4/44go4dpd7joc8o06gu4aj8p18pbsl4eM
modified: 0/3/6akmt43e83rfb5ksm5eovt3ta7rvaogR
created: 7/b/79j41soqnani1qmojp48g1vlh8vd2k4M
modified: 0/0/b9h2bh0g2ndfjma1ft56qjc65lls2n4M
modified: 0/a/stats
modified: 7/0/fd860r293gbldmlvbdl67qivk84fk3eM
modified: b/3/10mfmlb1hpgupjqfm1rh5o55k72hseoR
modified: d/8/stats
created: 7/b/51254sgbdjpmmrkit1d4s9e5ouiq7miR
modified: c/8/stats
modified: 2/1/46scvfoolt7aqdqh2npqtq8bjs1b3reM
modified: 2/f/3dsak41otnhub0m9lebikpq4i4460u0R
modified: 2/b/84qanokqa07t6q1071b9946gn9becdmM
modified: 2/8/acmttgsuks5892jmk2ekaj4pgagi0r4M
modified: 5/4/37h3p65ckihui4oeaoio2qokrd6aua4R
modified: c/0/46quibhq1j70o5cunhcb69bmsnsen7eM
modified: c/4/f31jb3bfp1j7cgva7quve6tsmaumjfqM
modified: 5/0/50v52htf3fspgc0nvs527rok301op7oM
modified: 4/7/19drakdv38c62ht7tjvad97r225cfouR
modified: 0/8/stats
modified: a/f/stats
modified: 0/a/fc4mddk427ek1gbll4gi447j499e19qR
modified: 5/0/d4cjt9jh4b3n8jng98saai50rssn2biM
modified: 5/1/baih1s174eedh0kqkprk4g0nhnq765oR
modified: b/0/010pdn611uebon98j1dd03f1t0ilcc4M
modified: 5/0/634grhrdk4qfrufifa4l9j0mn1unpjoR
modified: b/6/stats
modified: b/a/7bnk1pghpmsuo45p3nrtm0epdtg6b4aM
modified: 4/a/d018di22froo0l8to13do3j30j3kdt8M
modified: 7/6/1chidkmg0pelfckji7eap8cu60brstaM
modified: b/e/d8a07ohe47qgellhd8kejrflatcbc98M
modified: c/d/stats
modified: 0/5/5dduqr6j4fqm4ec5i56g1uv0c5m7vliM
modified: 2/1/765fbb0no8s6hatf9eig796mo81ldd0R
modified: 8/9/stats
modified: 4/2/5ah06scvifj07kmj1qmp5l5qegadh0mM
modified: 4/3/4dge2d5i8i8kotlk1r80ffj9kbjac20R
modified: f/c/stats
modified: 2/e/5efgvspk9d40eajpc92tpena5uefvmuR
modified: 4/0/6a75gt3hlkpalud814dohtedpiroe8gM
modified: 4/8/stats
modified: 7/0/2f1h1f7ib513bkavgfh51us9lhsihseR
modified: 8/4/stats
modified: 9/8/stats
modified: b/b/stats
modified: c/0/6b5cs06nfpbojhegog0a72d9gl8a8bkR
modified: 0/9/d580qgk7bo244i8ur93d9epgcjgdcfqM
modified: 2/0/0bedue5qql09g2bqol3ol7tjlfg1aquM
modified: 5/7/stats
modified: c/4/85vd9ejkh7jd73i9bpifv7tcgkjjb80R
modified: f/d/stats
modified: 2/6/b10cv59hurbjq0e91ide0n5veprspueM
modified: 4/1/98or8n66c8ra12c2bhphk9ujm7s14u4M
modified: 6/e/stats
modified: d/6/stats
modified: 7/1/c02hcg1vbhh4pea3c8a60v4em0fnbfmM
modified: 7/c/77urgaqsr7e50vrqo5sm8t44nc9en04R
modified: 8/6/stats
modified: b/6/88e58o8or05m212v0rufnpoqco27uroR
modified: f/4/stats
modified: 7/2/3dp2b9af9pllm3sl49lpdfvunmofg9kR
modified: e/2/stats
modified: 2/7/2f9u0u09mnmlfjm3mu4m5ogh9gp1m56M
modified: 2/7/b1r4vcds23k40job3312knljp0qkd6kM
modified: 7/7/stats
created: 7/d/41pthi6a6njhkr0buavq24gjvil6cruR
modified: c/1/56vla1v0jdvne5r1v22hjjiqhodl4jeM
modified: d/5/stats
modified: a/b/stats
modified: 6/f/stats
modified: b/1/c656f2a4gu49mgpi2672stv76rhgh7mR
modified: 7/1/10n171sn21g7kpff63horgqre170idcR
modified: 0/5/stats
modified: 4/7/ades2c12mj140es2qvrg84mho2vukdaR
modified: 2/0/2549mgjk5foov7t02lkf2givlsdeo7eM
modified: 2/a/0dg8kchq91m5bdqvieboibiavo0e44sM
modified: 5/c/26pbp3n22poku2lk4qpn6s71nfmc4d4R
modified: 7/8/b1l1quslg8nncikg45s1fjpfnmilp88R
modified: 2/b/stats
modified: 4/2/stats
modified: 5/c/stats
modified: 7/1/4amabe47h556g876ahejk8a17dmrdboR
modified: 2/2/a910f4nehkh92r27je4qdl5rj38vhl2M
modified: 2/c/b0k0talpq61ngpbgfounhnk50ljp6gcR
modified: c/6/37i741vuqbbnjcu1hh8f6soolbhi814M
modified: 0/5/ebd6frkom68k0p6gmn197jv0gddf6j0R
modified: 7/f/stats
modified: c/6/607qumgbb75ir8tka0aekd6934troggR
modified: e/6/stats
modified: 4/2/a23n9uoovtik1ek75cg155otvke5rc6R
modified: b/3/stats
modified: 0/0/31p925vq4cd0kl168qoafus1mn2e1uaR
modified: 2/0/e3eu6nkp3d645lkeu7qmn26v20u4416M
modified: 5/2/d50sjablhd28so6ju34372u41mvtq22M
modified: 7/c/b32t2t6cthb3prt63rha1m85ljic068M
modified: c/3/e848d0m1fni04sabk8a3s96fcuhtoh4R
modified: 4/a/stats
modified: 5/a/stats
modified: e/b/stats
modified: 7/2/85h7r7m22qmh208au9at71sup91dvb0M
created: 7/f/b27iv4oop2n87cv0165417v73umqp64R
modified: c/2/stats
modified: 0/e/3fbvsggjknr8u3oh2ldjbjk2tot6e6aR
modified: 2/2/a7khafj7ovlfofjio2oklu2mq334dkaM
modified: 5/4/stats
modified: 0/d/stats
modified: 4/2/f4u3i0fjai2pouj0nmeghhl237bnjvgR
modified: 4/7/37p23trf446d5pl6kp9d0cv9me3fifuM
modified: 8/b/stats
modified: d/a/stats
modified: f/a/stats
modified: 7/d/4fofi4uhb077kghphmohbf5gu42cal2R
modified: 0/7/ecmtosibugfg04tht3djb32pjcba2qcM
created: 0/e/bdael64gjpbmm6s77k9lldo8k0leu8eR
modified: 2/1/stats
modified: 2/2/898fngoftmtcjmgpri7s3brpnc08ghiM
modified: d/0/stats
modified: 2/8/86d5gnc30ca8hlkbfr9u8nfinbdpeg4R
modified: 2/9/f9fc26p0ad5sug43t9dctnjgru34lfuM
modified: 5/2/3e6vm359i771sk21bq9oj04ahbd1tpcM
modified: c/0/stats
modified: 0/f/47fouk00dde92dpje36e5mfgum2bidiM
modified: 5/6/stats
modified: b/1/stats
created: 7/6/0238btrigutsem4tj8r28v0dsdmit5gM
modified: e/0/stats
created: 7/d/9f00l6bghhffghluo11vrfa3shngi9gR
modified: d/f/stats
modified: 3/0/stats
modified: 4/5/6bh1fvb1ujpb7oasbt67s9r9clhioriR
modified: 5/2/stats
modified: d/stats
modified: 5/2/8fi5tqbd2792s24o3f7p1qv8kqj376kM
modified: b/6/35pvsm14gnm3av0kbuqkfoc73kv8qqaM
modified: c/3/18liied4l4gtbrbje9242tindf1e2bgM
modified: f/0/stats
modified: 7/b/stats
created: b/8/3am9d3griujjr6b722o5v91maatlv08M
modified: e/f/stats
created: 0/6/fc5vhp0eqla7qbddr3db8ni1e6s91o4R
modified: 9/b/stats
modified: 2/7/13coh9diec1a149r0cqoiugbnte38aqR
modified: 5/3/stats
modified: c/8/2fu2nvvtkurnj5q7kp0q99apdkdd79uM
modified: c/2/ab6a8qdpo3d5undprfetfcqsn75uu1iR
modified: 1/c/stats
modified: 1/7/stats
modified: 1/3/stats
modified: 2/8/6c41r6iogvt38nnetum0thoqit3fd3aM
modified: 6/stats
modified: d/2/stats
modified: 0/5/8ai099gu18ngff7olcatgahdra4r52mM
created: 7/9/9e8c49iamui1lc7fu3ommc9k6trn1kmM
modified: f/8/stats
modified: 0/d/55qhjro9vqcvfgo2h7ocj73t0u4uci6R
modified: 4/c/stats
modified: 4/e/3e19rl49q6rbt3cjrgjl9gh2hd1c644R
modified: 7/2/8bdvtio6lc300e6eskpmnohj3b2usugM
modified: a/stats
modified: f/e/stats
modified: 2/5/stats
modified: 5/2/41snghuib44dmskf2ej0gh6htl429asR
modified: c/c/d60r1ds8ht6m52nalapuvpp79sklnv6R
modified: f/3/stats
modified: c/c/stats
modified: 7/9/stats
modified: e/c/stats
modified: 0/1/663ptiv7m4le7jk318kb37aceqee2osR
modified: 0/2/be37713r7g838bvddc5ldego7avr7imM
modified: 5/2/b2ersa3tlo1o9tesp08ekp43c060imuR
modified: 8/0/stats
modified: c/stats
modified: c/7/4bk8m2b9bfdbcijf7ad2hq3i65svoqsM
modified: 0/2/bbcdmhb5jfrb5ic35dcsr3cdcuipjc6R
created: 0/7/e147ds7uq4pmfelrrh9ev7k4vcjl17aR
modified: 3/9/stats
modified: 7/7/413bjoemdpi7suetid79gqvnq20fus8M
modified: c/2/77ofl1g20f17jh7osihgfdl1khn4algR
modified: 1/a/stats
modified: 5/3/10kvvgf5glugv1j7opkean6h54rlhkcM
modified: c/d/69ejt3ltu2figbq51gaqg9s1vcclonaR
modified: 2/b/5adj4qnlbvkb8kl1jjjlogdgj25227oM
modified: b/0/7blu2ra2c96tcljnq3r65lnj2bi59eoM
modified: 0/f/b6utu9q2vsk82s6ccagck5ld52ihp7kR
modified: 9/0/stats
modified: 2/6/285r7p3hc46sff095p5oona2g2cp5lgR
modified: 2/f/stats
modified: 0/9/6fgvsp55c94j3ouehjc0l2i3ulob6rmR
modified: 3/4/stats
modified: 7/7/c7s3rqufjohr8vdb596a0e1qp835ogcM
modified: c/0/96v1uttcnpgomu4bqqenf1d6hu5qa7eR
modified: 2/9/a0afatctqbmck3b1d8vov3fo5bn3lbsR
modified: 2/4/stats
modified: e/stats
modified: 0/1/e0bvccad646ghj7nf7i0ls94l0fcdeoM
modified: 7/6/stats
modified: 2/9/9foa1h28t8ebomr68g73agnunldroq6R
modified: 7/b/28q1a1c9s4qskatr0iubguhj9h41mkiR
modified: c/a/stats
modified: d/e/stats
modified: 2/f/8bja0cts93l5kvvaqooaeh3suhpsrquM
modified: 8/7/stats
modified: 0/1/62lad0ao1ld7rurimqf3760dsmkl6riM
modified: 7/2/00t891vdlu3r0jdhf2r539jb64qnaoiM
modified: 8/stats
modified: e/d/stats
modified: f/7/stats
modified: f/b/stats
modified: 5/0/c5l0ravkebqjec9sq8e2g345dk3fjn4M
modified: 2/7/b6ihn20d2nl0vuc6mn96bb2p3c7igfoR
modified: 2/f/576hbks4cc2iuoskk0441jb51g9453iM
modified: 2/f/dcvgsajt0t171gfvftaeaq4bj2v32bcM
modified: 4/3/stats
modified: 5/a/99rb85c5jvs6cf0k9emuus3dc5ulslqR
modified: 7/1/dd315m5vbic13cm5ptve6ke5elsrr8aM
modified: c/3/40c64qtn90m51van8247s6vbol7dal6M
modified: 0/2/stats
modified: 2/0/b4kfhklo61m6n1eru898pvlvgmjs700M
modified: 2/9/8bi5m7ff9m7bcoplt3r9knl30h7drjgR
modified: 2/stats
modified: 4/stats
modified: c/8/edc15loca5190emu1cthg2k67olga3uM
modified: 2/6/stats
modified: 7/7/e2o0ivt68rhsvh5gksq0isfn1d9ee3eR
modified: d/4/stats
modified: 0/6/429b9ga854p9sfnlu91ef9na5k21mjqM
modified: 1/2/stats
modified: 2/c/stats
modified: 7/1/stats
modified: 2/d/97r2176kfdc3cii5sl4bc5vv5j1ocg2M
modified: 4/9/3emv4kh8t73pe9kq8akham5lkgqqt3eM
modified: 2/e/34vmiljhvtr620mpq92a94bbq16imakM
modified: b/5/stats
modified: 4/5/fbkr2tnea6hnog9a33gj9vf5e5bd21kM
modified: 4/8/63ceqjgovdi0umu8ccl171t8l585vumR
modified: 4/b/stats
modified: c/0/baj3eakdc4au5d8jvmr1li8dpncehdgR
modified: 7/8/stats
modified: c/9/fe6ijg53lq8hd3ac487t6d1219f3c2gM
modified: 5/9/stats
modified: c/2/fakbjgacfl3fv0qg9i3opk6mip529o2R
modified: f/f/stats
modified: 0/2/a34ctpbi54fa0g8i7q308rdu85ltfosM
modified: 4/b/0bmhk0l24j239cb0igvkb67m85tafm2M
modified: 5/0/stats
modified: 3/d/stats
modified: 4/3/efoavclj61cv17vnvpmbgacga6dv5akR
modified: c/6/stats
modified: c/b/stats
modified: 0/1/9b831eb8uo8c4ao9citubs5dp51rgdiR
modified: 2/4/e5qqsjr14e0h92kkod0ge6ivrasbsn4M
modified: 4/4/stats
created: 7/2/9evfpqbmlve5v938h2beo2p37ofm8oiM
modified: d/1/stats
created: 0/f/82gfbd3s2ut79131vqc1ptuojvnqrqiM
modified: 8/1/stats
modified: 5/2/31jjp9e5lqjd4hfis9m46ve751rtsjaM
modified: 6/2/stats
modified: 4/8/b63s5ljeb0h9nt9jcck2rdqab4efitoR
modified: 5/6/788f81nsnpdm0e7gkgm54n1d17s443mM
modified: 0/e/912qtfji7c0h0hsebkv8jb2n9d7pi3gM
modified: 2/4/61id95vcj6rvb0e0hb9a7ip5506jataM
modified: 4/c/16sk5phkm6vf9iolpa3ipq7rvu4rhieR
modified: a/5/stats
modified: 8/5/stats
modified: 0/3/a51g5vbituttnvtl7jr2bul54n0lpfoR
modified: 2/8/da4ag6j2fsb2u5dq668t1ttrfi8kp44R
modified: 2/c/8faka4f3pvsd0lk8u0p4gs2eic7reisM
modified: 7/0/093soja3nfjuvj377nqpoendln2si78R
modified: a/8/stats
modified: c/3/31ctnlv8af7hc7tec75j1jd6qti89i2M
modified: c/b/69dhphhflpmdhhu6ijnlq5qe3cove40R
modified: 3/6/stats
modified: 2/3/d3gknch0339ta03d3pcgo2tfva3a0niM
modified: 5/e/6635l9pb9mge7l6o01o9i7bp0ja5mm0R
modified: 5/stats
created: 7/b/2bbbjhn5r3co9g6qg4l18lmffbs257eM
modified: d/c/stats
created: 0/8/aa6bvpl00tj72a6oitpnbfvqsac64s8M
modified: 0/8/ffe891tiim72lo8hjsi2krjquh81bbmM
modified: 2/a/d6tfd7b88bncrjr31i1a5hhir9s7vmkR
modified: 4/1/6endbp6nu3no5d7glh2gmdpqhsh549sR
modified: 9/3/stats
created: d/2/da4b2umfenffgf5lg92ck76k9hp89muR
modified: 7/7/b2me1n71cs702q1bp15c700rnekft06R
modified: b/e/stats
modified: 0/b/stats
modified: 4/8/a0dn6f5mjj7cvbnlrjffr8gopgglbeuR
modified: a/4/stats
modified: 0/9/2484umbioguh47ehrelfutfqh9agqlkM
modified: 4/6/29j1omk69cbut8o9qlbrfp6anus6ieaR
modified: 7/2/stats
modified: 0/0/stats
modified: 0/0/134qi8cspc4rk2eb6jjjh55fd1isisuM
created: 0/c/14dub2r821o4h6sme0aers6l149dqikR
modified: 7/2/00m2ns4dviig3ae0jjjkqu39kg2m0bqR
modified: a/2/stats
modified: c/a/fb232q4jfe82bmjbambikmngquree7kM
modified: 2/8/stats
modified: 7/2/a3aujrit0o3djuhjsh7b6qhb51if766M
modified: a/e/stats
modified: c/a/4ef17v6ft3ao10qlgirat5l6afed67qR
modified: 3/c/stats
modified: 8/d/stats
created: 0/d/ba2171rk4kha572r5l3h6embv3ahackM
modified: 4/4/e5hgkc6ifi3racg33q7eotfe1tvngimM
modified: 8/3/stats
modified: c/1/285b5mqh6f6g0fqbtm7n81eo0qn3rmoM
modified: 2/7/stats
created: 7/0/a5kuuabpoobi6bcr3lik6qto85plh0qR
created: 7/c/25gje8jugm2q3t2st13tf040v9uj3qmR
modified: 2/0/86vl8vh37qoq0j8nbvle8lilcv36p2sR
modified: b/9/stats
modified: 0/f/898i2drptclm1r1p44vt7i8gpgk2l8kR
modified: 7/0/e2ts7rips3rl98a6m7lvn6vaqbfe05kM
modified: 7/5/stats
modified: 8/8/stats
modified: 9/9/stats
modified: f/2/stats
modified: 3/5/stats
modified: 4/f/f8q13l4liecomk8a707ivtf444f4h5mM
modified: 7/4/26khvvv08p89bog8tqeogh1c8obo4moR
modified: 7/4/dabqe6m02cuof0dsksjtd7epef1668uM
modified: 7/7/4f0r7mo0r9tgm8f2ll5rguk6uqf25p6M
modified: 0/6/a12971v8dqvrksqd3c04net0mmf1c2sR
created: 7/e/b70ieb6ctgdduon9vbmh42bde27g3buM
modified: f/5/stats
modified: 0/1/0alteoli4lfjq6gkkos3295el25lutqR
modified: 4/3/506bb7db6l2k2kdq753f7vjp4m0o0jgR
modified: 2/b/c35h01ik14kpoie2kokr22omn5rrrreM
modified: 4/f/6b16tg9vap72lq1ddhe3um5nmst0dc0M
modified: 2/6/b5kggri15upbcqvfe06t2qsi240ebqoM
modified: 6/6/stats
modified: 7/a/b4t9n2mosnlfohdlai3e6u9grb4r9g2R
modified: b/0/0cvae22gcasi3hv411oajc6d7maobl8M
modified: b/8/stats
created: 7/1/4evgngdjr9ep7mbsme7fm6j1n26pqvkR
modified: 7/1/99ini0g3nv3o5bgnl6de8ugl2um3dvqM
modified: 0/2/75asdng9gsoblk1e6j5dntebn8rococR
created: 7/a/c8cfvecboe8hroqt28fbsrs1j0ksaceM
modified: 8/f/stats
modified: b/c/stats
modified: 5/0/73672h6tf8pn1dca3s2ud5d83599h2cM
modified: 0/4/stats
modified: 4/4/45vga45bb29qu9tuapfqa5h5j73cfgoR
modified: 0/c/405k759kuq093joh1g9frg90lai6hbkR
modified: 5/c/19ls7ckiqp8ei39c0iqtv0l79ntcq80R
modified: b/e/9es5vqq0lcvfrino0jr8ugssd14pm48R
modified: 4/5/stats
modified: 6/9/stats
modified: 7/1/32cm2pnepq7g5rkeo458ptdjqmjmak0M
modified: c/e/52l3vp7kreu5h1a4rahehku2lp50f7gR
created: 7/f/e0sg7m6bufafu1tpsf63mm6bai8icl8R
modified: 4/5/1c6a297om2qo8siukq47ssvq9t1ispoR
modified: 4/e/2e7e6eapqj3mpb5kt1vu3c09alsqoieR
modified: a/7/stats
modified: 5/2/e4hnl5fjbaurmdacddtir9c0htiopu4R
created: 7/b/c0pu8rb3ce8gau7t0rnjvma7d4tdjmcR
modified: e/e/stats
modified: b/f/40vv7fpfhe0s1oq1svq1p6kcg4i3r5eM
modified: d/d/stats
created: 0/e/3d09s7pk7892q3nmcar95aufel02q0iR
modified: 1/6/stats
modified: 9/e/stats
modified: e/4/stats
modified: 2/5/55qfdrhhf6pqco7te9cvjqq0k5sjmkcM
modified: 5/3/f648q1emanakl6sjc6ucl99d26j4mfuR
modified: 2/2/stats
modified: e/3/stats
modified: 1/0/stats
modified: 2/9/d47fi60t32rjb1v4e59vm77s6ul7bdmR
modified: 2/c/aab03903hi4an8r83n5mgilh3578hemR
modified: 3/a/stats
modified: 5/1/30alrep8lvmjfu7lknmh9sn5jm5v2p0M
modified: 2/7/52pm47boi0b8upfnbtt20h14lha5v1cM
modified: 2/9/06tfgto94tili9ko8ffmdosc0gbo4j6M
modified: 4/f/00vbfindnlm2906draqha5vgg5pbvicR
modified: b/c/1fc9rpsjalueven9v912pqlefshr3dsM
modified: 4/4/50gmtat4uvjj3m1rsfkhlslm84um66cM
modified: b/b/82u4610t1532alpdmalhr2bc5rkki54R
modified: e/7/stats
modified: 5/8/stats
modified: c/6/5b4p7h8cndjja314fmijpp2l2binqdgR
modified: b/1/23dp74jbtcact15i0hiso90964v51ugM
modified: 0/7/stats
modified: 4/0/stats
modified: 4/8/56t671pm7s7ef9q2dnvs8u7gogkt6fgR
modified: 4/9/4736tjt4pk9okfuu6frghmmdangg4daR
modified: c/9/stats
modified: e/5/stats
modified: 4/1/08tgv1v1dp80a399ld6bn1tppeenqncM
modified: 5/4/3bdni6uku0ljr9llfb0pgso1m1e01guR
created: 7/b/507f2uvb5fvnr287iko0lilba6p6lm6R
modified: 2/c/5480v725iaei5o8aud2ih39jbr6bes6R
modified: c/4/3bcvgj27vrhc0r18k0ip26istfgulnsR
modified: c/1/67sjqobshpfci2lpevktf5t27ev2d70M
modified: 0/4/7f8pp5efm9pd79u3iul1etacr355svmM
modified: 2/1/c998nnen71hdf0nb3mnefh63ph76754M
modified: 2/2/1f5sgq6q2kpvhkj7gsmp9hst2cg03akM
modified: d/9/stats
modified: 0/stats
modified: 4/2/7cq6e1u7ai2n70sd1f40ol2vh27ipteM
modified: 5/0/918loq61hg1urnanupej1u7gsm9e9icM
modified: b/2/5cmtlpp2968jci3baa9vkn1c2anljdsR
modified: 2/9/3bll5makofm5349fbh2d0scjet3ctogM
modified: 6/8/stats
modified: 6/c/stats
modified: 7/2/bdal0gug9u69ssqtgdmgrfrkou2681eM
modified: 2/d/f7g52oi2anpdfou681gqv1mvk9kt77eR
modified: 5/1/8dminkf4ucvuobi98fu9ulp8j7abiikM
modified: 7/3/stats
modified: a/1/stats
modified: 2/9/e3oeiih2gfqnloup3rbnft39orjm144M
modified: 5/5/stats
modified: 9/c/stats
modified: c/1/86adhomsbador8r214lmvi8gltdab5gM
modified: c/7/f433jkglukfleeu3630s58a5cp9bus6R
modified: 5/2/44nlsuj7t4l26qqua65rg5a15ffk8vaM
modified: 7/7/04drer13512k8nmc6fh7flcjmokh0bcR
modified: 4/3/afacsur8nga7vjctrgt2066vcggvg0uR
modified: 5/0/f6otooopvhfl3cf1cp4mbvdv5f8mtf0R
modified: 7/b/814n410otift2pl0i4t18smjrbf4e7cM
modified: a/0/stats
modified: 9/2/stats
modified: 0/1/65t6kgpa6nkpma9dh7ka61c8gdntnlsR
modified: 0/5/cehv0p1al3qdjb4frkatlj1h64us6t6M
modified: 4/c/f6cm14es2o6n6picbk985qiblpbug38R
modified: 5/1/stats
modified: 6/7/stats
modified: 7/2/50672e6r716cdembmksg3u97bduig10M
modified: b/c/e3obudtosq2nilo9bbn5r7ib93cs7nuM
modified: c/f/stats
modified: a/6/stats
modified: b/7/de3omrca5l9ljic35m75r69o9bfa1j8R
created: 5/b/3526o3b5frsnu97nqfik6i05k496f3eM
modified: c/3/c4rsaim1mrqhud19cfiacceqq944cbmM
modified: c/8/12j2hrhrsbhpvgppd3sggrmff0pd7a6R
modified: 4/0/e9f5r4jpi15tnkutketssa97kdn2oimR
modified: 4/b/b4ufmlk6cuu3gnuq36nrd7m3mhqdk3oR
modified: 7/0/stats
modified: b/1/b9dr17lfqu95kjnueno8r911g87frl6R
modified: 1/5/stats
modified: c/4/09elrrth3m0fk8j23kgj226m7nkfgkoM
modified: c/8/e9bf7nl2v9k06hujtqt2pf2uq6gfe9aR
modified: e/8/stats
modified: f/stats
modified: 0/3/95pp36ldnt3n1e08s778svhass7gk0eM
modified: 9/4/stats
modified: e/a/stats
modified: 0/3/b8cqs9bddpl385oqtk1c2r0e81u5b70M
modified: 0/7/9frtnev4t585u33udg7s115v54iujfcM
modified: 7/6/f9cm5kqhk7a1bk6lq3oi1b4o13kbgdkM
modified: 8/a/stats
modified: 8/e/stats
modified: 2/8/5d318ed4osj3mqmmq944rgalat97ngeM
modified: 4/1/92248rdfch9skmvju0f168u2peb22sqR
modified: 5/b/stats
modified: 5/e/stats
modified: b/6/ec3mose6rggfh87u0g9gjto2ucva73iR
modified: c/5/e029d9ftuo67vnpvg09jt9ofausqr3qM
modified: 0/6/2270hrr2dolkfqrkfa21karp9bl0bomR
modified: 3/8/stats
modified: 4/0/ebo9jgdkd87qjt5b09p75l7jlcgbm3cR
modified: a/d/stats
modified: 2/0/59r1lena1qhdghh2d80bffakjvj67ocR
modified: 7/3/1dpb486e4156vs1kle7r4fe1v8mu1p6R
modified: b/0/dapq4isvv3nl6mo7teaodsj54tav4iaM
modified: 0/4/6858jhknorr9h74iqtoehfmtvb0fuqgR
modified: 3/f/stats
modified: 4/4/c8lqaipn8kp8mt5b4enh2cn9cqe5034M
created: 7/b/b27kbiatvji6lmp50p31ivkc36dummmM
modified: 9/d/stats
modified: d/3/stats
modified: 4/e/stats
modified: 7/0/bc9eimie475tm1ulfu59u12g4qv1qmkR
modified: 4/3/f6gem5rjovmtfq1o22fq0nvh1t3rohkM
modified: c/8/7fdq2iq427m452cb4js6qu1cgqf3eroM
modified: 0/5/42b4t92hv6ol7csharvsrgl4jcaq5egR
modified: 0/6/stats
modified: 2/0/c4306lcc4dk8ttu5gpap7to3occdkpsR
modified: 4/b/410bic4e2erepg72aqc7k16rf10klh2R
modified: 2/8/31i2mivueq4jaree8hgcpt766h5bq60R
modified: 6/a/stats
created: 0/c/a2vnh63e9bndpk7kmbhtiq0os43u2n8R
modified: 2/a/stats
modified: 2/d/25u2eg346luaon17n57e0dp169gjrbkM
modified: 4/5/90t2g5c8bob7f46a8750t0rcsrokkpkR
modified: 5/0/b6f970dr02833rmmdq3cbpnirpu01f2M
modified: 8/c/stats
modified: 9/5/stats
created: c/8/b90k1pqqssul63ukbuonqjgancrpkcaR
modified: c/d/bami044gk53ulomhs7chujn1h91rdpsM
modified: f/6/stats
created: 0/b/9dl9hdpi4v10baplcnph5v9d8bn5a0kR
modified: 1/e/stats
modified: 5/0/4aavcj1p92938grufej04qejua93kikR
modified: 6/4/stats
modified: 7/f/1dku7i1huitqcd5cdtourpa3fnmm9ngM
modified: b/b/c38vvqevoou62shu4q3es0stonp90kcM
modified: 2/9/stats
modified: 9/7/stats
modified: c/c/0fe6ku3pufmsrbva9croi8d3p7rn7roR
modified: c/5/abebuap3erfsvkun8egk9qr40cuhuk0R
modified: c/7/stats
modified: a/c/stats
modified: b/1/3dicl6gjtfbe965d887ourj1gfvh4q0M
modified: 4/9/bb6bpk8n7ssmtrk462sk5gh50jv01uoM
modified: 1/1/stats
modified: 1/4/stats
modified: 4/1/f14qo42hmf7a4luhlj89c19669muhvgR
modified: 6/5/stats
modified: 4/5/04tkn3tgho48g23ue001s8tou99qugkR
modified: 6/1/stats
modified: 4/2/fetklvo0pg4o2uqoukhnac5e9k36cnuR
modified: 4/f/stats
modified: 3/2/stats
modified: 7/4/stats
modified: 4/1/7901hdpgtv2c77llt1u1o7ds16vo5koR
modified: 6/d/stats
modified: c/3/4269eldh13td6729enu62l2he248r8aR
modified: 7/stats
modified: 7/d/stats
modified: 0/1/stats
modified: 1/8/stats
modified: 3/b/stats
created: 4/2/d1r2auon681nvlg2stco1p8q99dfc70R
modified: d/b/stats
modified: e/9/stats
modified: 7/7/4bd8j1k0vhjg5v5956jrltjov5v3t74R
modified: b/f/stats
modified: 5/1/53hp5bsoeen1v2e1ufi3d1eb905i4nuR
modified: 7/c/e6o4qb88p258520n288u08t6r9jncekM
modified: 2/3/stats
modified: 4/d/stats
modified: c/b/3chgqeh7l28h81bgukuu9nri53pdvoqM
modified: 2/0/stats
modified: 4/7/38ossiuariip3nl54gk8ib2or7va1coM
modified: 4/9/stats
modified: 4/a/2bg3sdidb0d8mec5ace4g0npii5adakR
modified: 4/f/e2j85kc2rdlimn0j1m9hesscva64jikM
modified: 5/d/stats
modified: 0/5/e9ksffvk3e7jo3kh2o9uns1av3kqdsoM
modified: 2/2/abumpn43cd8d40cprbcn8e0tusfo0vqM
modified: c/3/stats
modified: 4/1/2dmfnf89lcv1h06ai93d23ob6klnnf0R
modified: 3/7/stats
modified: b/0/a45g9ebj36m4ihkcbh0q1bjr914k622R
modified: 0/3/142a2bfocnh9ntbhk4i6f12n7utdogmM
modified: 2/6/ac4qh5bkve6pb4hte4qenusudjfdk0aM
modified: f/9/stats
modified: 4/9/e7blht07vulrtjlehj11g6nqbn8p510M
modified: 4/c/6fhp416vvl11sokc3nlrjjlruvd6rksM
modified: 9/a/stats
modified: b/7/stats
modified: b/a/7bpei1u2of302qajjcjfgg8d1edisakM
modified: 2/9/eb49997lf0cj826cj67q378i1tfsotqM
modified: 5/f/stats
modified: 7/1/5cg0jrf6q7do7b08ddqbbd1oa4c35oqR
modified: 4/4/035eb5f422m42hn8hgneatuijd8tdjoR
modified: 7/3/58cjv8erabmh7qnae6340848ufchipkM
created: 7/4/c30ikh04nfmgpsfsauofajesn7v15cmR
modified: c/7/e9b7rvbtmhpt22ps5r4cj56v6emlefuR
modified: 0/f/stats
modified: 5/5/17vuqhgd78hsui9pp8h18edsag4avk8M
modified: 7/8/5ev40schlm454ratvquba6g6oe6vrn6R
modified: 4/c/27dcj5nciah5etd8hbj3b6l02ijn69aR
modified: 3/stats
modified: 9/stats
modified: 2/1/f7plglmhahbao8ccoac2r2ltivg51sgM
modified: 5/a/aepolu9fi2566ijr482inp89b7m5hccM
modified: 2/c/22b2u3sm12sb9oqhl0q06dg7ruabr30R
modified: 4/6/30k275374861jqrqumiaj9loode08esM
modified: 4/7/82765maa985hqhopkciria1ii5m622kM
created: 7/b/4be09e92sa4g65t3b7q8k73is72e0kkM
created: 7/e/d2uv232pcr1vlqfit11plulfupq34heM
modified: 8/2/stats
modified: 1/f/stats
created: 7/0/c4qocsioflnhotspevot80i8ac5lpvcM
modified: c/2/1e6vkkon8fdh662eb3gfp1jqdh1ok0aR
modified: c/5/96papop4k1ik0cvk0nlrompsc9ptj5mR
modified: 5/1/b0r4b46rb7ht809rsk94aicjomifqtoM
modified: b/0/stats
modified: 1/b/stats
created: 7/0/25ihk6cu82najp5tv5jsqb2rdt45nc4R
modified: 7/e/stats
created: 0/5/05gnrujc7n525mbaqjg1mqhpc6hk7ggR
modified: 4/6/stats
modified: 5/3/62m8uroa2tf97ou7mvauoemog6o3hpaM
created: 0/7/afb3ass1i6b23mcl6neeesdobbbrshcM
modified: 4/e/22tgljohgtlkm3iqlm4sglibeaumqa6R
modified: b/stats
modified: 0/6/8465sq5aj52l79p4ev2gh90vdmibl7aM
modified: 3/3/stats
modified: 6/0/stats
modified: 7/0/f907qc7dt2h9h68jd83h4aro3qdddsqR
modified: 9/f/stats
modified: b/4/stats
modified: d/7/stats
modified: 7/c/stats
modified: b/2/stats
modified: c/5/stats
created: 7/a/d5ut06bo3alo5udb7v8panftpd9004sM
modified: a/3/stats
modified: 2/9/8faokh8pl0dgsi9das99vpg5639crpmR
modified: 4/7/stats
modified: 6/3/stats
modified: b/a/stats
modified: b/d/stats
modified: e/1/stats
modified: 2/d/stats
modified: 5/1/854oqcud21vhiobl12ml9j560j2bh7uR
modified: 9/1/stats
modified: c/4/stats
modified: 0/0/5b3c3g7bkvqrtp9b35nq9glvrnefqteM
modified: 3/1/stats
modified: 4/8/720oattpnf2uh33qcfk330fovldj8uoM
modified: 5/5/032vlccofp3rgisn7q859qkaj91dc5qM
modified: f/1/stats
modified: 0/3/stats
modified: 1/stats
modified: 4/4/a3psuvlnb4f1nipitua31b0vomeqat4R
modified: 5/e/701hj84v3448o9lslnpbvti2ahedkv0M
modified: 6/b/stats
modified: 1/9/stats
modified: 0/9/stats
modified: c/c/53pbpd049miohksd7ahe89p64sjf09cR
deleted: 2/f/60qrr488qit4j9spfikv79k2ebqs244M
deleted: 4/1/462urt3jd3k7qp87k4or4ia00036090M
deleted: c/d/77675h6ko8a2aou4qejiuoia09n94i2R
ccache cache size is 174Mb.
Uploading cache ccache...