SHA for cache folders (/tmp/ccache_dir) is '341addfbc7e3df6c164bdf71bca4050f605116bc4836d780a0d88657e6f28569'
Cache ccache has changed!
List of changes for cache folders (/tmp/ccache_dir):
modified: c/e/6e54ac84129b1c880d372d4428f73b-11637.manifest
modified: 0/0/97839af3205239c3bc261f385a66c1-24462.manifest
modified: 4/stats
created: 5/9/8596cef55704559670070bc7e3c831-3093.manifest
created: d/7/172e1901738c538cb14590901f2328-6892431.o
created: 5/c/0570234c47d7ea1d98821e571a3780-581275.o
created: c/a/d82d2f0e5318237f39e05a32557c4c-6485958.o
created: 8/b/8ed9aec81da8c8d78269278e2185a5-3152907.o
created: 0/6/28d7e427f66edfaf7ccce2ecd65ac9-18890.manifest
created: 1/4/13dac7352254a32bce9f94d2113e22-6747.manifest
modified: 1/e/7e0fdbbb23b0314bd7796f340e5fc0-28485.manifest
created: 6/0/351c0a8980f567c3e4a6f2f6f7c5c1-5147707.o
modified: a/7/3df81d97ab5c5eddba76a13ad5b74a-33057.manifest
created: 1/d/21fca20a45c8b4b483e19b68329fc3-2335.manifest
created: f/c/a845ab17dd8bf61c206c9ece65aeb4-5188815.o
created: a/6/0fb25840cf6ec10f22f6ee616cfbe5-6296.manifest
modified: 5/c/bf04c82f979ecc5a65d41d3ccb3e85-10334.manifest
created: b/1/cb26abacac8e0c36f35139a92a4329-8672.manifest
modified: 1/a/e7ce743abc7d22439365420c7ac04d-49801.manifest
modified: 3/d/05106009142bdb670c5f4b8f6b14a1-25849.manifest
created: 5/b/ae7d852e70ccf0b3355f1991cf295a-1942.manifest
created: 9/d/2e2e971cc4db75467c3d982f331b1f-5106867.o
modified: f/e/46f9a323edc3150040cc24676e5277-5742.manifest
created: 0/3/2105bc393b6ed27b6cd18ee941d670-2728008.o
modified: 0/6/13c05dbc7a2b0fefcd7f5ba328416b-3675.manifest
modified: b/e/49db69c4ee502acc8844884f5617a2-3770.manifest
created: 2/c/3dc13f518622ecb6fbc4c86cf813d5-6300466.o
modified: 6/f/8e60161e754a038add0de8568ff7b6-46638.manifest
created: 6/c/fd65dedc8062dfafa23078f9e50450-6879533.o
created: 9/a/d2cbf0697441f8e2998d660070789c-5416245.o
created: a/f/2d08e5361382763aeea359a916f458-5041.manifest
created: c/5/08bf1ac319f8f52897a1df16ffd9db-5376652.o
modified: d/stats
created: 7/2/856b72da63291c89db2e3ce72ab963-6382608.o
modified: 4/6/08459f8e5a4490ee4ed7e9442a0398-12050.manifest
modified: c/5/26246c18b18899841fdb346cab6840-6460.manifest
created: c/9/474f8d774c2709553cf044eca1ff31-6886585.o
modified: c/f/e98b96f1a2138a526300f0318bd0ec-32315.manifest
created: a/d/bcadf7453b56e0d060a1c83e126d04-4672493.o
created: 6/3/4606bbea52b63a57b046b37b92a11e-26240.manifest
modified: 3/8/181a7e2ab29bf2fce5ac92885ee038-7476.manifest
modified: 3/d/b972160d55b6744004ff0a20ee14c1-3381.manifest
modified: 7/8/50e7db9daae1010525502b39a2b7d2-6660.manifest
created: 8/5/2751a80978f65758bafbb87b64fb98-5805737.o
created: b/c/f4dd0157eea192c8a0f2009e9ce786-5157116.o
created: 1/b/8a204b68c5c0e06adce83a37b535db-34524.manifest
created: 7/7/977b30a3caa0ff4f37b51b990594bf-4801014.o
created: b/9/cadf74c61f0fae35fc53bf7d1f663e-2465700.o
modified: d/8/e6dfca2db673a64c8ce86c87aa958e-7155.manifest
modified: c/e/c3b796c68222244161f7a4b1b26e1e-9028.manifest
created: a/a/bea7bc78664b4b86a2bbfcaf5b79bb-7973.manifest
created: e/6/66b0c8a7135e5c81ed2575b1cc3608-5703121.o
modified: 4/e/53c09d239c47eb9bb176a81de4fc34-2600.manifest
created: b/2/b4c28381ab6c35128b1b4b5b7915c9-5024.manifest
created: 5/0/c127388cff3ad6b4d7485d65d9717c-5324861.o
created: a/e/ee85afa4d136e5597ab899baf61695-2788953.o
created: 1/1/afa1c7c5413d579dfb5bae2c203a05-4765170.o
created: 3/3/372f1a51aa59da67f477764096af52-7447159.o
created: 8/c/190b8b2f7b236e8254fe5202449d96-5321364.o
created: 6/3/4d5f7c61de24dbc99ee2c1ecf7096f-3150201.o
modified: 8/stats
created: 5/5/a0c6d6328cf63e0637a13105b37bae-14851.manifest
created: 1/6/4fea707c63f42bb79884f57708e8fe-4618.manifest
created: 6/0/f1766bf65a3b582dfa64359ec90a21-16676.manifest
modified: b/f/f819e4730c09e662494aa7ba39f8f9-7442.manifest
modified: 9/2/86b53cb6e809fce25867a259e52a4c-10952.manifest
created: b/3/e75ffb97ee2adb03b8cbfa43c70430-4846.manifest
created: 5/3/8d78b1c24c8e0f0a0d3863446d77ce-5481.manifest
created: b/5/dddbb85c58a4d6cc64a2e29e85c5ad-3703.manifest
created: 6/c/95b7ffe03a8855dbc7fd50b20e5a5d-5412507.o
modified: a/3/47ae053dc63c03979680d9b169d96b-7640.manifest
created: 5/9/816ad0be21715fa8e2d29b57bdede8-5772367.o
created: 2/7/e6744a5efdeae2410ac3e9663ceaee-6047945.o
created: a/3/bf47bda9d0bcb6327ed7ab4cae79ea-1935116.o
modified: a/stats
created: b/8/3602a8a1d9fbd8046a3253a6b93764-2921761.o
created: f/a/3f66a907095a558cbb9447c09eb914-5977307.o
modified: 3/f/9ebf4dc1c530c97c24faa530a530ce-3356.manifest
created: a/b/fd6fadcd98e8610ce09c16d25812d2-5162944.o
created: 5/d/c42bd3b36d797e887f4361af9e9477-6418004.o
created: 3/3/9ebf61f8932b296276b720bd383914-3194.manifest
created: a/2/558f27fde745b2f8718be350ec0f9d-34955.manifest
created: 1/8/54d96e9939c10013ed208e61e606d0-18394.manifest
created: 9/4/a2b19006c15426ba9b2a09b744d46c-5498609.o
created: a/f/027a9950e8ae0e1340dc6d33b5ee1a-10449.manifest
created: 0/3/46472b58d60a9150e33e4e913894fb-6904.manifest
created: 1/7/d3b94d8b6297cb6728fd808a0b8926-4117844.o
created: 4/8/de848da40a5d4761255356767991ce-2113.manifest
created: 5/f/d9153869858cda1f7d7608d7fe5d67-13500.manifest
created: a/2/816fd42434efdb95cbddc97dfbad65-5118162.o
created: 4/0/79993db089689d17b451622053b0da-4717140.o
modified: 9/e/ef7d1f345a2799874cd5353f8c411c-14916.manifest
modified: c/8/b2b46cb0e430a59090f18679f4b813-3829.manifest
created: 1/6/cde99f83ca7aca3d8cc70c2c930395-4021755.o
created: b/2/0db9997b033112db50f62214d7c23a-2005131.o
modified: c/2/c6f3dc5afc685bf9285c5e63d61af9-7190.manifest
modified: 5/f/4770a1ad9028d97cc2edaeff1b12ae-3161.manifest
created: 6/e/3f6db0d5f038c6dee54e65da9cd3d3-5130195.o
modified: 1/6/58a8f1011b5249271e04a8b60f0375-5378.manifest
modified: c/0/6e1922cf439ba04767a0cdecabfb79-4006.manifest
created: 1/a/0bfcd036916f8cfa11a7b04d889454-7414974.o
created: 5/7/d0b78569357310cbb84f80510bcf92-4169157.o
modified: 0/2/96fb87038fa7ec376c2142990dcf20-14902.manifest
created: 6/3/def0dc464abba480be5ea3faa0d02b-8539.manifest
modified: a/2/18d20b379f265b50049fedd8183beb-4638.manifest
created: d/a/02173d610a225f6e272740864b32a8-6877928.o
modified: c/8/9bd716a958fa75668483910cedbd37-2772.manifest
modified: b/7/351d90a734eb11b2b5114698ff532d-18889.manifest
created: 1/b/c80e9a85026ebca961542dc12525a1-6797858.o
created: 8/b/abe396a273af8ef0905fbc30c05478-4757077.o
created: 0/9/a142420cc731c1e6d7a620e2186b67-4143385.o
modified: 6/stats
created: a/1/157d9d081d17e90456b6d7f08c6aba-965720.o
modified: c/1/879839b82b5fdf4e1b65d8dca332e0-10362.manifest
created: 5/9/2fd4ba7a734ce8544ea99b1f1ac3a8-2052.manifest
created: f/7/2313d9e98b6d0b6b54cbaad28c5e99-57701.manifest
created: a/3/e599802a558c7fdcee700ac5c230c4-5784.manifest
created: e/4/5167dc4bc8d2d3f0d872e8c4150e24-4882104.o
created: f/1/892b7e3e4a186829ab69e90c5224d6-5149481.o
created: 0/a/84d0bab7862f3c28e9239c378691cc-3941781.o
created: 4/f/8a91e1b3ed2ee1784b0157fa9a699a-9171.manifest
created: 6/d/1a29532ba16dffee5416f4f0046a4a-33374.manifest
modified: 5/f/57de4a3603050f78f78a3d688fe39d-4948.manifest
created: 9/7/6afb7aeaeb464ea9a18fc113587ff9-5688.manifest
modified: 5/d/2cd3f4e708f3a886fdf556fde5263f-3169.manifest
created: d/1/ad54efd12b2c8c794fe523e91af5ca-3980254.o
created: 5/0/f4074210fac0b7941f0d09d0bc75cb-2214914.o
created: 5/9/7643ad9c71e89a4773dbbdf82592da-2071.manifest
modified: d/f/082722340a3bf06d3f81de3dea2181-8680.manifest
created: 9/c/ad8b0e955e3c1a22c984ed083e452e-7734.manifest
modified: 4/2/7c7611391c11a636ad6140d73d3e3b-24840.manifest
modified: 0/stats
modified: 6/b/e63226d60a9ab9c10cebbeb7b297a8-6271.manifest
created: a/7/f481916739518df7be0276ea0fb385-63333.o
modified: b/b/03ba075995c939efae3fff11d4c73c-6651.manifest
created: 1/7/f230d38e35635529ac6aa1ae68d44c-13301.manifest
created: 4/6/c952fb15c2379c5f8c998d00506c85-5704697.o
created: b/9/3d9f0ba596c92de629f84f488b8e78-1930321.o
created: 5/2/6dca45b171356e5ccb02a0c36fbc3e-37905.manifest
created: 5/a/cfd806cd7169385c2e67631da79826-3432.manifest
created: 1/d/662c7c6b82a9ec643c93910b9c9647-61189.manifest
modified: 9/f/90eb577bcdc28dc572bd0894df32c7-38618.manifest
modified: 0/d/7bf10c1f1abfac7bf0d65d636ea422-3623.manifest
created: 5/c/9007f6af0382bb7f2d6ee705be8162-1784219.o
modified: 3/0/ff1874974787d335d001dcaf200170-6294.manifest
modified: c/3/56c3ba8adf570be206796f4a73c42d-87786.manifest
modified: a/7/284524defcf2cb3586a77896d4a671-48382.manifest
created: 1/c/da5082756206d518b5816c6cd446fb-1884.manifest
created: 5/9/02fda7dadae992fce5d43b6eba9809-17544.manifest
created: c/0/ad0a58212772fb98694b512b1443c4-5128091.o
modified: 1/stats
created: a/4/94e7358ac78512d88742aa6084b5dc-2402.manifest
created: 5/0/103ce7897c692e9a45ee95fdc1590f-50548.manifest
created: 6/a/b806fb182855a379f81d6d40213d0f-6898316.o
modified: c/9/59d8ae9fb9b465b041c6c3a89e8ad4-6308.manifest
modified: 1/a/31511799e734eb256f6592db1b3c83-1750.manifest
modified: 7/5/22f2363ff8f475942e6b0d95e1fcf4-19728.manifest
modified: a/d/8612ec4bd76077ac5f24c19ae9f885-12902.manifest
created: b/8/a214714950be30607d836283a41ba9-662831.o
created: 5/f/555e22023d2d6faaa1aa1b19af1b46-2175.manifest
created: 6/6/7f57a32b6cbc0555722d9f6c012693-7021542.o
created: b/9/3e7bdc6318b33788f5830d99e753f8-19828.manifest
created: a/2/b677a812ca2f95ebd4983bc8943437-730223.o
modified: 3/stats
created: 5/1/e707994bc0443651fe8beeb802002c-6114248.o
created: 9/e/9e1c4ebf410320569c305d9aca540c-5237209.o
created: 7/1/796d49fd3c2f12059a3f3f67bd7790-5037206.o
modified: 2/d/2232beb926fa505265c7340389cf50-9428.manifest
created: 1/2/e85b2b1e2d452df3a6b6750de12d31-5173100.o
modified: 3/2/cfba09769bbabb0e0fffcf7373fff1-65208.manifest
created: 8/2/3a5969594ce86e3c8021ff52cb4bda-4849497.o
modified: a/c/bd704d26c18a548aba6f3ddbdd243e-10878.manifest
created: 5/b/09114a06e74aecced8cee2a4be53b3-5225.manifest
created: 5/5/8c587cf3deb255b4fa03db037c3a38-1862522.o
created: a/5/138eed54d82cc5ac7e8651701ce4bb-13322.manifest
created: 4/a/25d4e6428fcb76a0675725f7607da9-993300.o
modified: 8/3/3f3987a91ecbe0d36726bb482846ff-6216.manifest
modified: f/1/d718f4a01a70c6aeeb788870d76a44-47258.manifest
modified: 0/c/86c849c921cfc7715d51360e23dafb-3297.manifest
created: 1/c/ee4750b9d3ba5c22a9fa96d6112790-2451140.o
created: 3/7/73525658e107cd96bd1ee9610c8f07-5135021.o
modified: d/b/25c4728a8e6d2ed22298179c16c7de-10113.manifest
created: d/5/2bba4f82d55aebf7bd10dce710205f-7689147.o
modified: 0/d/b5a8d448a19a390bc1ca10fd7fcb00-4096.manifest
modified: 3/c/366e2f45e071e464c09927dbf007b9-16256.manifest
created: 8/a/c655f8aec876876aea39a716909e65-3028620.o
created: 4/c/ed6b0ef9576dfe8c756bf30d0050a2-5337054.o
created: 5/8/4ccb62263b8ad8b457c8c74d0d92bf-5146308.o
modified: c/4/b8a84e6752e25f1616366f0d17c3d6-2693.manifest
modified: c/f/446086141dc2f775e0fb081ae7afc6-5580.manifest
created: 5/7/68001fc98f9aaccbdfdb75034c68e6-5254911.o
created: e/e/15ee3747c8485e857b79614c8f9fc7-6581853.o
created: 1/2/20777493ce90a1b61205ca18191c7d-2759072.o
modified: 6/8/680f61c4b468f3cd0748fad2f8daa1-31601.manifest
created: a/2/9f1521a3203310396d3df11b53e33d-3000.manifest
created: a/a/fffed98aa79c968c71719733377d6b-3010.manifest
created: 5/5/ef1d677698e84aa8c6779f8ba83a37-2365696.o
created: a/c/e2aec0935868bbc6db86242966868f-4885684.o
created: b/3/74399b79e4dd5e9f5079761037e3dc-11407.manifest
modified: f/4/ff721f1ccfeff5eaf4b425b4e1505d-11054.manifest
created: a/c/faec68281276257a2f08778da57c59-5241980.o
created: 7/9/daba7e31c1062928bdee30f69db019-3819287.o
created: 2/5/d3ce6ef6f534b1f006191cc0ed226e-5961702.o
created: 4/1/d543dac52b86c4524e6582588f9d52-45821.manifest
created: 0/7/f39e3a4321c6530ff7debbcc575000-2604241.o
created: b/9/7cf478ca9335af5cda797a6f0d09d8-3124560.o
created: c/2/502e67d4ec06d49b324dc72cc89e02-6102956.o
modified: 1/8/7f756058190fef37886b8ed5cf99b1-9525.manifest
created: 1/a/3c7e60d62125595f60a102ff062442-12372.manifest
created: a/7/53bfc0d8019e0ab2bc06864bf93318-57357.o
modified: a/8/f5726332adfbbeadab0ee911b9d112-31043.manifest
modified: b/stats
modified: e/9/8f3b99fba065cfa61a4317ab5138bc-17837.manifest
modified: 1/a/e990d6c526831226078d606882612a-11313.manifest
created: a/4/e1d92729fcef4937b73d26e519b199-1589122.o
modified: a/6/ed6bc70a304acc82d890c3605ea665-18010.manifest
created: a/a/db77d2251cc74bff6b2b80c0b5c098-4988.manifest
created: c/0/9daba42fc5df5a1f173ef7384f1af9-6356586.o
created: 1/8/3ddaa3cd664d4a97920327ff357f53-4878252.o
created: 5/9/711da9ff261e0da720699cb359c2bf-1763835.o
modified: b/5/4051d4dee6e33829ac5de1e6715cd7-8956.manifest
modified: e/5/1c1c1027542783d61251424878384c-19092.manifest
created: a/7/0d462f6e47e52b37fd94e910d94e8f-3653.manifest
created: 0/2/5c5680ea328f297fe49058ae9261e8-5177827.o
created: 4/8/30383a7f563e6573186cda92e5ff1c-18876.manifest
created: a/7/e56f3be62e7e4fbd504ad4b5a08940-1867.manifest
created: 5/b/d982da9cb646d3353ac0f658906b49-8978.manifest
modified: e/stats
created: 4/4/10ba4c9810e7ba29a529ff795ce16d-16653.manifest
modified: c/0/6db78b678d016edc63528b293b7a51-14335.manifest
modified: c/8/2768bf702fc1de778dc3fb661df893-13327.manifest
modified: 0/a/e614c60a857d565570d15e27d6914a-3068.manifest
created: e/5/061dc16cff353ef4a50ef352d994b2-6478253.o
created: 1/9/8c28ff1ed5a827d3a8ea47bf9ae73e-10653.manifest
created: 4/3/d8f011ce3542e0730ef55a55fa77be-4719605.o
created: 9/0/0c67fa318dc728fc7960807720b94e-2707.manifest
created: 5/9/72599bc743758ee4a31b6b14094764-11851.manifest
modified: 2/b/b80b6590c5919ce068f0421922a42c-5742.manifest
created: 5/0/4734c028aae7405e7f8aaebc6e942d-3358.manifest
created: b/2/3e7ccc8ae0a4743aab6b2a429ba96b-12790.manifest
modified: 2/e/e2e50fb20241035dea18d26be2ea20-4666.manifest
created: 7/8/bd748ffdce8ad02f21f1213e49ab02-4777558.o
modified: 1/f/831c34d6e307e2a19932f42fdafc54-41931.manifest
created: 2/7/3468c032594a6e7792c792447201ef-4039.manifest
modified: 2/stats
created: a/9/45c4dc8688d66c5470a53aa7ecfe7b-4910542.o
modified: 0/e/c4f1cdc9809633be5c277f3fb7499e-116626.manifest
created: b/3/883bb55b3b5ea2a01339d7a893232b-4110837.o
modified: b/b/dd0fd80d3ba3736b95dd77701bd83f-5853.manifest
created: 5/8/e289e507fc4d52e7eede0562fe310e-2000151.o
created: 3/d/57e2d3a717cb4858fc6bb130775326-6709938.o
modified: 9/6/e8e9433d965348aac0ed6dd80f7ace-43167.manifest
modified: 8/e/521389ccb5f84f9f3326f6b896b0c0-49170.manifest
modified: c/d/cee9726d4f97383752bde6c7e6a099-2473.manifest
created: 0/a/a34f8c21a2ddbce3edb2fe945dd059-6567419.o
created: 4/3/85a8b0f6873c781715b4b8aa879b27-2678.manifest
created: a/5/c3213879ddcfd4888b865efed28abe-2322.manifest
modified: c/c/fefc556921db433648cd7a1813d22d-3610.manifest
modified: 2/f/27d48b1ff194fd5f49e6bedff0484b-3325.manifest
created: 6/a/865cad7fb5352ca90baf5abcf8902f-7767234.o
modified: 2/e/c846bd92ab8c1cacfbd7ad6bd55971-4426.manifest
created: b/c/58964a76a4a0eebaf84911340cf95c-5350108.o
modified: 5/stats
modified: 1/5/91ac2d973fdc11ee3d197414a556f9-4177.manifest
created: d/0/fc114bbb5ea0043bfee1eaa76df66d-7929141.o
modified: 5/f/3698f1ff8be90a4909206398c6e898-2769.manifest
modified: 0/a/0405211f4f59a84660f98e08671afd-4595.manifest
created: 1/1/aec3a17d881eb23dfb768372b26770-6038411.o
created: 3/d/2b2b98e8a078396dc1e1f3a5737ef6-4784443.o
modified: 9/stats
created: a/9/7842a87c3261cd13514e24b8f2ac21-5237483.o
modified: f/6/701e435d9020476ae4ae93300c902c-8903.manifest
created: 5/8/3ed910256c6a534a9a49d5cc9040a7-6075.manifest
modified: 7/8/88dc2958f33516ecac98e514c953c8-4754.manifest
modified: c/5/a7a3358344e23563bd220f06c94f4c-6079.manifest
modified: b/c/0b1355505765842b9387edb6a5b894-20982.manifest
created: 6/0/5f18a6b2a4a161175976e82a13c283-5262717.o
modified: c/stats
modified: 6/6/e50130b30897d82e10676f13abd41f-7912.manifest
modified: c/5/513e55c79cf9403fb1bbf4a042f7ff-4635.manifest
created: a/4/f85deb3c04bcc7b4e531727bac0c30-936245.o
modified: 2/f/998d5eb6ca447f7d541fc71729c91c-5334.manifest
created: 5/4/e994acef6250e26fb34001a47af3d4-12313.manifest
modified: c/a/e2c431ea45aa2374bad6cc78bfeabf-2057.manifest
created: 1/f/56c0545e34fceb235b3818433dec4a-2254306.o
created: 1/9/ec5e20afe25e2503b04b5a9d9049a1-39543.manifest
created: 0/d/5f82413960275c679c74a3164c6257-4448511.o
created: 7/6/d06682422108d42684e19df267c26c-5167703.o
modified: 7/8/cf953a088564f31612cf29b7fd4ee4-13379.manifest
modified: c/7/917ad72bf378d392ea846367c3d579-9719.manifest
created: d/4/e9169509f5f30240ed99c04ea5cf56-7010051.o
created: 5/7/c79b455652d289edc4adbb3ddefae8-1589715.o
created: a/6/49206ac009f790076b7e3020968ac0-20310.manifest
modified: f/stats
modified: 1/9/23f9c0037840fe462fc645eee869df-3145.manifest
modified: a/8/928596358fcaaaab19bc0fc97a7744-4036.manifest
created: b/9/27b92e823c5bc984bd14a7e10e66ff-3385.manifest
created: 4/4/c4f536b08e90272c05bdd83f9b00cb-4616247.o
modified: 7/stats
modified: c/4/e147f7972445a3b85106d3e6e4c365-9325.manifest
created: a/6/a30e150ad710e09df05bd3dfca4175-9455.manifest
deleted: d/1/082b35c37d08e544ba363337daa71f-3819294.o
deleted: d/2/e8d325135133794e0b113c09faca66-1841.manifest
deleted: 5/8/97c359c896ac7677207e6f052901b2-6798021.o
deleted: c/2/965122e88ef8c4cff5dc8cd3d56eca-5349.manifest
deleted: d/8/814bd444855c0aebd0e8cde20cc0fa-8878.manifest
deleted: e/c/20af996b1571dc889fcf2b6a94c0f9-2609.manifest
deleted: 1/1/be57325fb5104fda8377f1f535e2af-4110844.o
deleted: e/8/29d115927b2305d72f6bc90a551a15-6667.manifest
deleted: a/f/4195e8226838ea1585929506a2e63f-3980227.o
deleted: 5/6/4a8532bc9eb949827aeb1dd8f9849b-4117851.o
deleted: c/6/8390e1a01ec65b732e2743172b4916-4801021.o
deleted: 7/f/143fd333c699158e58ff924e9998f7-2450.manifest
deleted: 8/1/48b73ce4fdd712e6cb0b9bafaf57d4-4757015.o
deleted: d/4/981d27437ec39ff76a577247a5f54e-4368.manifest
deleted: 4/9/ac7486741bc962870492aafe6631e6-4784381.o
deleted: 7/b/bacce33bf880ec95198d98f15fb0a5-5498547.o
deleted: b/b/f28b59cef3af51854661273b45b152-6699264.o
deleted: e/6/bd0045a824ac4bcebe330765a0d999-6564077.o
deleted: 9/c/ad5de8771a32b6c78a66a3cc25179b-6300962.o
deleted: c/c/852ee75a727592441cc859ba563eed-2994880.o
deleted: d/e/605365edb0d1fc499863c7225082d5-1416488.o
deleted: 8/3/93459c0ccaf49eb597f996d761baa2-5318228.o
deleted: d/b/b7d9bcca87e60a8139bc31f06c032f-5127468.o
deleted: 7/c/395f42ead2dcd66d142d5b41fbe848-6478233.o
deleted: 8/f/e71aef44f6dad0cf1ebd4cf8a0c86d-3601.manifest
deleted: 7/4/f466cbbf1c4213f1954792b330c24f-5792.manifest
deleted: 4/7/535e883acf2fbaf3cb1867a77d6786-4717147.o
deleted: 5/d/26191ca48958b20927aff99e3c6916-4910480.o
deleted: d/1/824bd7a5c3ae263b68c3835396c396-15777.manifest
deleted: 7/9/dec681810f7be5934bbb2164c8f561-7021705.o
deleted: e/2/9a0656e18f92542803e3dd56264bbe-8764.manifest
deleted: e/5/12b04f72e6482c0bda3ec8d586b406-19514.manifest
deleted: d/9/15805f77387cc8aaa99a975c16eda9-5144246.o
deleted: b/9/e004932055ddd60e05b45a1e38f666-4021762.o
deleted: d/4/3fa8e352f8ad6f507545e54ca37747-1771716.o
deleted: e/8/6c3b103282600b2147f60292227d37-4779645.o
deleted: d/9/b9bab5ae8710a3027fb5cc59b41285-2047559.o
deleted: 3/7/4056fbcad23c3f7f805f58cf3ada58-5805900.o
deleted: 4/e/39747039a0e9813799d94432c2c663-6038574.o
deleted: 1/0/8131402a6b8dea90e82c1569fd7b1f-3028741.o
deleted: 5/7/be2d8bce2527e5b522f0cf109f473b-4143392.o
deleted: c/6/7ba688c16ac5c78a0d578351f4d721-142775.manifest
deleted: c/f/087fae484d2e6a33aa538284d516e3-2944781.o
deleted: 8/b/69281250cfe59177cf0c5569518e90-49962.o
deleted: e/0/e383233f473220dddf39261f06eb68-4216.manifest
deleted: d/5/b4564858b9df68606e47617447a3d3-3701174.o
deleted: 7/e/9a1e020712e5ac81966cf449bbcfb4-6879513.o
deleted: d/5/0c18db6abc89e6268eca3a467eb56a-2687614.o
deleted: 8/9/bf8b7e8258a59b90eea54207ed40b6-661758.o
deleted: 8/e/e357dccbf8780029f7881bd36dde98-5037213.o
deleted: c/9/f2c2d6d4ed3280764f7070d6bbcd76-7522.manifest
deleted: c/0/3bd6474564661d75efdd4d1a34563a-33783.manifest
deleted: 1/e/dd04730c9dea709d224c5ae8eff819-12879.manifest
deleted: 8/d/455bf22290998b058f862a554c5db1-1860.manifest
deleted: d/d/6c56926f3dc1c3993eb3ee1b391ab3-5188978.o
deleted: e/6/b43caacce89d307e1817db7180ddaa-7689317.o
deleted: b/b/bbc79780748274adecde2cf7fb3684-6898486.o
deleted: c/5/3f2a09f62436d055d45a433e4e4748-2797991.o
deleted: b/e/e3e391e6e569f15289b26c4aec5fa3-6892601.o
deleted: d/1/ae5dc9ad0a2e4bf9fd176169f86cef-2438530.o
deleted: c/9/30df14601bffe0a2f22bb1fa007cc2-4865.manifest
deleted: 0/c/3c7c2720462788106918540d552b69-7767404.o
deleted: 8/8/3af7e8eaa74a3357d954109ef4f69b-3941754.o
deleted: 2/7/ada2dc6ab194f298edd4fcc65bb921-8102950.o
deleted: 2/b/9866b8218d5359709d2cd2076ef772-3150208.o
deleted: d/a/4489d184ea0867135373528fed21b5-3125.manifest
deleted: 8/4/434ba027be78b39dfcaf9d2ab5416d-6288.manifest
deleted: 7/9/01de5bcc6114da326620678182a0ef-5099764.o
deleted: 7/c/87581fdd4862996f0a7f7244b24f2f-86995.manifest
deleted: b/d/ace70f6740ae1196faad4e54b54656-6485965.o
deleted: d/d/29c722fb9347afbb367286e5cc47b4-11493.manifest
deleted: 2/6/8682070c897c4e0eb07bfc1079453d-5473312.o
deleted: d/0/3935bd2e58a96a6ef77723df163747-3261.manifest
deleted: 2/9/824ca73d66e8e41584bfa020149475-4777251.o
deleted: 4/a/2bbdb774bd4c60ba7c54692fae671e-4933.manifest
deleted: 3/f/f214e9cea5fb34cfc68d3ea709d540-6886565.o
deleted: e/c/36352e98f539f41fce78f0497ac7bd-4723732.o
deleted: 5/2/cc2fc6aeb3b1c14d5ed494f6c5dcca-6119673.o
deleted: 8/f/dcb84cf3c63575a79e772c228c4e97-3655070.o
deleted: 2/3/15dc3cef878ce1c6c6763a883dd9b9-7010221.o
deleted: 3/7/160d04207764399264ca81a11a98d9-5141252.o
deleted: 7/0/e7fe2ae56520dc85d214a2baf5733a-5509876.o
deleted: d/a/36a4d9696a8de2ad302634b8b6b985-12378.manifest
deleted: c/2/78007acb90d9e490b2caf0f64494ac-44019.manifest
deleted: 7/e/f4d17f62bf789ce1e9e7377da6d0da-5130734.o
deleted: c/5/74a022fbc4f5315c04c25f2897d813-5243940.o
deleted: e/e/fe0e8af27ee5e31947325090a141cc-9738.manifest
deleted: d/7/c76edad943c4d681fb320a1517d24c-3164.manifest
deleted: 2/8/69caae21426c4609fc3221d4755f9e-4672466.o
deleted: 8/c/34a2d2e97c4fa55dcc669990681238-43003.o
deleted: c/1/db19665a0f9ad4e8db55f48b3a5f3d-8137.manifest
deleted: 1/4/d6616b99ea4fe882f9203518b3fcd0-6103452.o
deleted: c/2/8c89c63750a47bab94d167bec70af0-5135028.o
deleted: b/a/20b80c928929ceb25d7137a09daa4a-4885691.o
deleted: 3/5/3bd79e4236bbc6e498799b3786ffb2-7447166.o
deleted: d/0/79150b8406462a54a56de0e97cc8fe-3895.manifest
deleted: 3/a/b53f3f2b4ba9e35897dd82fb90cb3a-4448518.o
deleted: 1/1/9d0d9ab724c46d4c78fe441309985e-4882042.o
deleted: 2/f/e4d9ba779fcf27df0ee855592f0982-3698.manifest
deleted: 8/4/bff34f4f4cd9f4f6b14f2160a1f1f9-6709945.o
deleted: c/8/483e10815cf3d03a00362ad2b16e0a-3118454.o
deleted: c/e/c0d61f79d11ed42c6eacbf0c6a3199-2509409.o
deleted: e/2/1155cfb4c14f7bc28d463d0ed6aab2-4778006.o
deleted: 0/5/4b62cd21258738dbfe8a18652473fd-5321495.o
deleted: c/0/98e3e92d608430b14919365f5cb10f-2438530.o
deleted: 2/d/a3fbb8349405fb0c3a377a512dee9d-5961865.o
deleted: d/8/7d376e1fb4be6ecfd7f571645e7b82-37527.manifest
deleted: e/0/5d9235d0cc2dfa67c1a640330bc17d-58009.manifest
deleted: 1/6/223763260edcc7c459348c1922d831-5318875.o
deleted: c/7/9251d4851cb25a30904ff5347bb81b-6892438.o
deleted: d/b/5c2d2819bcd37f9ed8763f258b90c9-3124567.o
deleted: 9/6/72136c90c49cd0d3fc6da7dddd0894-7929311.o
deleted: 7/3/001804454d6d0c78532d3857c375cb-5143733.o
deleted: 3/0/a749e4643baddce38a129de960c622-6567426.o
deleted: c/4/e40c80af25ad667b1810fbf244b3ac-7415144.o
deleted: 1/c/63fef35bd5e962e39fae396d8bd6cf-5704628.o
deleted: c/5/2b75a644247d95ed41399f238c5df2-12121.manifest
deleted: d/2/8d5b76681174fa0978b3d599778f0a-7321.manifest
deleted: e/8/3aa08092e171bf124d6fc80004fd8e-2087.manifest
deleted: d/9/deb4ca1bf87a1880b825600552d949-652523.o
deleted: 8/e/14096e76c3b5ad5ddc47d154708e89-5261.manifest
deleted: 1/1/2f628da2dc4574ad6a03d5aff32dfd-6356593.o
deleted: a/b/31621a5e6d65211711bf4a7061305b-6768.manifest
deleted: 2/b/bedc2b97b382990c0fb7b2a45b5bcc-16150.manifest
deleted: d/5/9e48855908d2d8e2a502ad44affd82-3560168.o
deleted: 0/7/69345d63ab0eea4a971bc6739b21d5-5376590.o
deleted: 0/7/e8dd61ede79f47b9b96a14a4eca6b8-3152914.o
deleted: c/c/337354f856f7103a501e6a4037e609-2876397.o
deleted: 8/d/1e3edc9c38276798e3ea3767a8cb03-4039.manifest
deleted: 8/1/e5175ba92915bfb045012efe397d03-6581860.o
deleted: c/3/778e14d18d73741e0aa847b08908e2-12508.manifest
deleted: 2/c/cfb6107399d99c21d038fb3aeb81c1-5254601.o
deleted: d/7/c2cab2d5f86c10eaeef69d0f50ba79-5177990.o
deleted: a/5/13b6a5118674729c3d472533af3085-6382771.o
deleted: e/2/bfc0be70e695b015d64f246810babf-7009928.o
deleted: d/1/3286e3fca2c7f087eef2e237ab6ddd-2789701.o
deleted: e/2/818c49ee5369a0e2a84c5cea027b25-6580.manifest
deleted: 8/1/aa3957b062b4713076510d8e5234a1-639618.o
deleted: c/3/03131e9afbd1ed01d082f42bf40527-4616319.o
deleted: 6/4/8d1b789373760d1f83beafc0916b0a-4849435.o
deleted: d/f/9de4fabe861391131d21a4e39e3985-5269593.o
deleted: a/2/da7c886883e858ce5bb12ccbe98c18-5703645.o
deleted: 9/f/1d5091690f3d273c3239579f1f5a55-5977803.o
deleted: 6/c/b80788a4bfc675e8f42c67dabb5532-6114666.o
deleted: e/6/05699c370df6a7ea0f8e80074626fa-6724.manifest
deleted: c/c/0b966ebb9492d38dbab0069a9fa4c2-4019.manifest
deleted: d/f/a72b3d5d99d43a42ef370c1fd9e3ac-2423133.o
deleted: 2/c/4efe94abe087b7982fa8d57a3db370-20227.manifest
deleted: 6/7/6dc658e32176c71367601652cc9c2f-6878098.o
ccache cache size is 167Mb.
Uploading cache ccache...