SHA for cache folders (/tmp/ccache_dir) is 'c320315a6e2cc802e4d0a68cf4671439307b4d85d8ed189b1a3eb5d11ef1acde'
Cache ccache has changed!
List of changes for cache folders (/tmp/ccache_dir):
modified: a/a/stats
modified: d/c/stats
modified: 8/a/cd7iblc81kt77chstdrit5lc7io2aloM
modified: 9/8/stats
created: 9/c/2c6u7volkue4sr1oh7kvimk9vjgv714R
modified: f/3/stats
modified: 8/3/f0a7p21frtii80hc4m1gj6kvtsd609qR
modified: e/e/stats
modified: 4/7/stats
modified: 4/8/stats
modified: 0/7/stats
modified: b/5/stats
modified: 5/4/stats
modified: b/stats
modified: b/9/stats
modified: 7/0/stats
modified: 4/stats
modified: 6/7/stats
modified: e/a/stats
modified: f/c/stats
modified: 5/9/stats
modified: 7/7/stats
modified: e/2/e43mtadg37hqt8i95lpd661l5bdea1oR
modified: 1/1/stats
modified: f/stats
created: 9/d/879mqo2q3v5u96cqn8nu8r4jun7uoogR
modified: 7/a/stats
created: a/8/5enepjr93p8gknqemp80fqcnskej87cR
modified: b/3/stats
modified: 5/2/stats
modified: e/8/stats
modified: 3/2/stats
modified: 6/d/stats
modified: c/0/stats
modified: e/4/stats
created: 9/2/7bclvs810070rlu1ddm15rolorvkkl4R
modified: c/6/stats
modified: a/2/stats
modified: 0/b/stats
modified: 2/7/stats
modified: 8/3/stats
modified: e/3/stats
modified: e/2/6a88cgcn7qd34tpkke408u45aevn87qR
modified: c/b/stats
modified: 9/b/stats
modified: 5/d/stats
modified: c/4/stats
modified: 8/1/52pilhfuv46b1kl6t2sanu7idpfrvasR
created: a/9/f287pjqldfne6qqos7mgj65s1uv8es2M
modified: c/9/stats
modified: a/b/stats
modified: c/8/stats
modified: 7/f/stats
modified: d/e/stats
modified: e/d/stats
modified: a/c/stats
modified: 9/2/stats
modified: 1/0/stats
modified: d/3/stats
modified: e/5/stats
modified: 5/b/stats
modified: 2/5/stats
modified: 3/d/stats
modified: 2/3/stats
modified: 5/7/stats
modified: 8/5/3egbjckvlcrpmimnprpktb3mj72rkq4R
modified: d/stats
modified: 9/9/stats
modified: 6/c/stats
created: a/e/42mnev98ukjn39m3o8de6pj1ctn9ovgR
modified: 2/9/stats
modified: f/0/stats
modified: e/1/stats
modified: e/c/stats
modified: c/7/stats
modified: 3/c/stats
modified: d/9/stats
modified: 1/e/stats
modified: 3/1/stats
modified: f/6/stats
modified: e/0/stats
modified: 1/9/stats
modified: 2/c/stats
modified: 1/6/stats
modified: b/d/stats
modified: 4/2/stats
modified: d/4/stats
modified: 3/8/stats
modified: b/8/stats
modified: e/2/b8av8du4ospv0nt7ipbt1unouh2n6i6R
modified: c/d/stats
modified: d/1/stats
modified: f/7/stats
modified: 8/7/bfs0utd5v3r36ka8poji246i59tde92R
modified: a/5/stats
modified: 5/c/stats
modified: d/7/stats
modified: a/3/5esuredb80ughnq08970ssdv00u2jssM
modified: b/4/stats
modified: 6/stats
modified: 0/a/stats
modified: 4/4/stats
modified: 1/d/stats
modified: 8/b/stats
modified: 6/6/stats
modified: b/0/stats
created: 9/7/096otfk32cqdbvqbe447che81h07ae0R
modified: 0/f/stats
modified: 6/3/stats
modified: e/1/fdk6dfh6ig5u66b6424qk2dvi3mrhg0R
modified: e/2/c25vtc1o9pn646b7guig5j6g7t4itggR
created: 1/9/67r5ga277fguh6andm27vf122jaim54M
modified: 5/5/stats
modified: 6/1/stats
modified: e/2/b1u5df873o0vmumnhbngcgrh6fggbr0R
modified: d/6/stats
modified: c/stats
modified: 7/3/stats
modified: 6/8/stats
modified: 9/3/stats
created: a/b/7ebogopm1q9u0neenqunfopch2qvb78R
modified: 5/6/stats
modified: a/9/stats
modified: 8/9/stats
modified: 8/5/39mjna8ohvnpufin7ch9a2gjp22ktuuR
created: 9/7/8052svl75c7d5d6emivctmo35p2i6o6M
modified: 3/0/stats
modified: 0/5/stats
modified: 0/c/stats
modified: c/1/stats
modified: e/b/stats
modified: 2/8/stats
modified: e/2/1bal1qd3tldrfujq3k4q9f4mv7av014R
modified: 8/b/2fcm8arojhd1dji4su3o79b1kd900soM
modified: b/e/stats
modified: 9/0/stats
modified: 5/f/stats
modified: 2/6/stats
modified: 7/c/stats
modified: 3/6/stats
modified: 8/4/de6oda8o47aebjsrc45rssp2vm5tuu6R
modified: 3/7/stats
modified: c/e/stats
modified: a/3/c37n4pue5rujgo7inove5j3h2fqjljmM
modified: 9/c/stats
modified: c/a/stats
modified: 3/stats
modified: b/f/stats
modified: d/b/stats
modified: 0/4/stats
modified: 6/5/stats
modified: e/4/352o2n9mhnq0iqs7lpfsh6livebmf7qR
modified: 4/d/stats
modified: d/8/stats
modified: 1/3/stats
modified: 1/c/stats
created: a/9/75q5a9888rok649r9108gbis98vlbosR
modified: 6/0/stats
modified: a/6/stats
modified: 3/b/stats
modified: 6/2/stats
modified: e/1/8dqtg5410tedh9nu8fv408t07g9h0p2M
modified: 8/a/stats
created: 9/a/46qv8upeiacfccqla0g6kr68rk6cbdgR
modified: 5/0/stats
modified: 2/d/stats
modified: a/d/stats
modified: d/2/stats
created: a/9/bedgrol91g2bie5v8c8n9o8ob9h8asuR
modified: 0/d/stats
modified: 0/e/stats
modified: 4/b/stats
modified: f/e/stats
modified: 1/a/stats
modified: 2/f/stats
modified: 7/d/stats
modified: e/f/stats
modified: d/5/stats
modified: 6/4/stats
modified: 1/5/stats
modified: 4/e/stats
modified: 7/stats
modified: 4/1/stats
modified: 8/9/cbvnu5253l3jnshs8mh6uttr952nb3cR
modified: a/0/a0ebuefh7pf2g4suofs079u3n3ilii4R
created: 9/f/abnknj2s8li2rr4732s32ucts0iq50uR
modified: 9/6/stats
modified: b/1/stats
modified: c/5/stats
modified: a/3/f7lnvabev7bkhhkgjqcmatas0hulm9cR
created: a/4/f89cmd8dhdcaba8io93bejt3dtonfjeR
modified: a/e/stats
modified: 8/d/44fl1clnhckm0gk6go2rv8csid13d8mR
modified: e/2/stats
modified: f/4/stats
modified: 7/e/stats
modified: a/stats
modified: a/1/stats
modified: f/b/stats
modified: 5/3/stats
modified: 8/9/67sbkeu2clprott1ts2bqlmsfpmimcmM
created: 9/c/47t9hqgh844ncg0ntiu5fipbo1j1nl0M
modified: f/f/stats
modified: 9/4/stats
created: 8/5/814nq1epms0mntndeqdj66h0m9bje5iR
modified: 7/4/stats
modified: 8/f/stats
modified: 9/d/stats
modified: 2/2/stats
modified: e/1/b9ml1v49jhihocpmdua8tp41eru27duM
modified: b/6/stats
modified: d/0/stats
modified: 9/e/stats
modified: 4/3/stats
modified: 2/b/stats
modified: 8/0/7389c3pj2dbc9jo3ai2hqb3sl6qeojqM
modified: 1/4/stats
modified: 2/1/stats
modified: 3/e/stats
modified: 8/1/stats
modified: 5/stats
modified: 8/d/91bbgg82e6k8qbfj1n77olcfpa5h02uR
modified: e/7/236aafd5mvqetfcg59bd1sqerffvvggM
modified: 1/2/stats
modified: 3/9/stats
modified: 6/9/stats
modified: d/d/stats
modified: f/8/stats
modified: 4/6/stats
created: a/1/65t1e5vdbe9ic38ap2nhknimgfvgjmeR
created: 1/4/81n8nqo6ut0dig4i9svibqree76lfbsR
modified: 8/e/stats
modified: d/a/stats
modified: 6/a/stats
modified: 8/5/stats
modified: 3/4/stats
modified: 4/0/stats
modified: 8/5/e26fublqo3qkjusgtpgepp20ui3bouuM
modified: e/3/fbfemo6qfhuh32qmd3ndmfgrg7gnuq8M
modified: 0/stats
modified: 2/stats
created: 9/8/90vbpf65id55fvnnirbmat9fel1dgpkR
modified: 8/2/stats
modified: 4/9/stats
created: 9/0/e52rg7i41jdvv3p76cs5mjhvfs6hccgR
modified: f/2/stats
modified: 0/1/stats
modified: 9/a/stats
modified: b/7/stats
modified: 8/6/stats
modified: a/1/c266s6g8nua8ot0l1nib2djap9o23d2M
modified: 0/2/stats
modified: f/9/stats
modified: 9/5/stats
created: 9/e/65efsmc0ldp4r58ktt5bu97vsvhv3miM
modified: a/7/stats
modified: 7/1/stats
modified: 5/8/stats
modified: c/3/stats
modified: a/0/stats
modified: 8/c/stats
modified: f/5/stats
modified: c/c/stats
modified: 3/3/stats
modified: 9/f/stats
modified: 4/a/stats
modified: 8/4/f33p6hr612up3p31sa4endtd6m09o0oM
modified: 0/0/stats
modified: 0/3/stats
modified: d/f/stats
created: a/1/32kukentgh00u0a32b4nikm0ckggk9cM
modified: 8/4/stats
modified: a/f/stats
modified: f/d/stats
modified: 3/5/stats
modified: 7/b/stats
modified: 5/1/stats
created: 2/2/bfqqgcl429e7cugod58f85gv9v278leR
modified: 2/4/stats
modified: 7/8/stats
modified: 9/7/stats
modified: e/7/stats
modified: 8/0/0fu9r7t0ataqvuu2scncrfbf2tcj382R
modified: a/1/087pd7eokl994is5d124cnpvhenuf0oM
modified: 8/d/stats
modified: 8/1/46br1lq26nsnin4go1nf4t6e1hvtdo6R
modified: 4/f/stats
modified: a/4/stats
modified: e/0/1f0g229ul3nlpoaffsb794vlkovp3bgM
modified: a/0/c0bttisp4ujohrphiujeck65j572o4mR
modified: b/b/stats
modified: 1/7/stats
modified: 8/8/stats
modified: c/f/stats
modified: 0/9/stats
modified: 1/b/stats
modified: 6/f/stats
modified: 9/1/stats
modified: 8/0/stats
modified: 5/e/stats
created: a/a/1ec9fkt7lnt79orlfdf3ucpags4u378M
modified: 6/e/stats
modified: 3/a/stats
modified: e/0/5e4gsm7mpd0sakjbhnv31coqmn4meuoR
created: 1/2/31icivs00v0okb6m1sq20hdmnraqqfuM
modified: 2/0/stats
modified: 5/a/stats
modified: f/1/stats
modified: 2/a/stats
modified: e/stats
modified: 6/b/stats
modified: 0/8/stats
modified: 7/6/stats
modified: a/8/stats
modified: e/9/stats
modified: 8/9/51rp0lke3s1iclftmoms3rdkb9us0dsM
modified: 8/stats
modified: a/3/stats
modified: 4/c/stats
modified: 7/5/stats
modified: e/6/stats
modified: 8/7/stats
modified: 7/2/stats
created: a/5/61geabe5f172ivm4mcsaub1nflh3jlsR
modified: 0/6/stats
modified: 4/5/stats
modified: c/2/stats
modified: 3/f/stats
modified: b/2/stats
modified: f/a/stats
modified: 1/stats
modified: 7/9/stats
modified: 9/stats
modified: b/a/stats
modified: b/c/stats
modified: a/1/d2jd5ajvrgp9mle294qss0jkb7e5qrmM
created: 9/4/eck3tmo9u0cu72o8c51jp1nq4a08iksM
modified: 1/f/stats
modified: 2/e/stats
modified: 1/8/stats
deleted: e/d/a4dpm59adla98tgi2ieh10399djkhsmR
deleted: 8/a/dbomr3tpgmebo97ucqt3om1hq3o39kqM
deleted: e/2/6fdd7cj449vgan69j1gtvqbeqads796R
deleted: 8/3/8bnu477ssisclpe4m1ko3m65gcgd30cM
deleted: 8/f/f1fhuogl0g6im2gg4gk3vsst377l1j2M
deleted: 8/a/292s0ui63t73jgtj7o8imrpdebc9eomR
deleted: e/9/84036iuqf8st9ft6mn3k0g7fc1709ngR
deleted: 8/a/b3fn6ot55hbgpokk9q8dfru764to6ueM
deleted: e/4/aceobu510930af7de7a7qo4bi43iiqaR
deleted: 8/5/f0qts2a636k9i24roaf442qeii9kcdgR
deleted: e/b/70a87mk3nm10mmp32ood98dl5ives3gM
deleted: 8/7/9888lmu5sl67lrqven9q86nucoovhseR
deleted: e/6/e5cj6kn0uh79sfobs3339fimr9mnr0gM
deleted: 8/7/a4eb8tpdjsu434opn42vjae6dgtccgqR
deleted: e/5/4fllt4l4c84h0gbqbdgh0jaulr64feaR
deleted: a/c/f7028auihrhfg24kujncq33vomjnrucR
deleted: e/5/a86bcovit7cfmer52bcd55pk8msj30oM
deleted: 8/4/521jcvgejpbmaes3p66ddqk5q94af88M
deleted: 8/e/d5epis112qdu40kbidd65v2vjiudge8M
deleted: e/6/91sd5cmn9ij3ft0mkda6gm6tm15ia1eR
deleted: e/b/0f2cnn5t4k23v3uv18c6hku51tfengqM
deleted: 8/9/345lmmnoa4omuvrh4k1idde95ql2nrqR
deleted: e/6/3c784palef415ndsjm32i84e4ttp0psR
deleted: e/5/49mpq3eo5heg611vgf7mdj70j042mrsM
deleted: e/b/9cpsrcalu4nrh81kra861kpteekbft2R
deleted: 8/e/e7gk4dlh3jsn387mjc3obtsd3kuli8uR
deleted: 8/2/fbohud48jlrmbesa71f6cepdhp39ibsR
deleted: e/c/a130ll47ot80i6h6mb3i5q9oh7d0v36R
deleted: e/7/51tmud7erhmi0m4aht1eggt9vti5khgM
deleted: 8/a/88pfjjr8t7aob1s13e16pg0prbhtngkM
deleted: a/9/edldjogpsvstjle08c2dbbmlglg63c4M
ccache cache size is 166Mb.
Uploading cache ccache...