SHA for cache folders (/tmp/ccache_dir) is 'a0541c2ec1b672b538800ac9044f5982a2f9988513221578afb7378fd4115c16'
Cache ccache has changed!
List of changes for cache folders (/tmp/ccache_dir):
created: 4/1/c2ff0iot59bph6m7le62k9r9vr5ur24R
modified: a/2/stats
modified: c/c/acai9uc5cdn06nonrpqefj97sg7ki6aM
modified: f/3/3bupb3m5oi086lm6iup88aen79t08j2M
created: 6/b/a940e0l7rna6mr39uagbefh5hrsab0iR
modified: 9/5/stats
modified: f/6/stats
created: 8/3/539d5oc6q3ccpub8hpk0fjpate5nifuR
modified: e/4/stats
modified: 7/4/stats
modified: b/2/stats
modified: 2/5/stats
modified: 3/b/stats
modified: 1/b/0ct2mmr44iitvonl28dqlc15cgpeqliM
modified: d/2/stats
modified: 4/e/7c4v9c10rgtnoult32j10bq7p6ukn1cM
modified: 7/6/stats
modified: d/9/stats
created: c/d/871mqm2dolng6rf7vhvn1jit12hrtlqR
created: e/1/75452c9fit8i6piscelmpegqt92j72kR
modified: c/b/stats
modified: f/d/65q24drkun2l89tismfncjtk3e4n832M
modified: e/0/32bc7armut56v6f979tcp88bkh1ecc8M
modified: a/1/stats
modified: 0/7/stats
modified: 5/e/ac5gpjj2220sel621m67sdso1c7p41kM
created: 8/c/2722nnek125oigbj3drtlbm1rpirckeR
modified: b/7/stats
created: 0/5/0aarmih75l4iji5n5epv6sud07c1p8qR
created: 2/8/2ae80rh928hq50f6phem1hp51b0enakR
created: d/5/6e7foqjikn7qhptbggv7l7igkotklkeR
modified: d/c/093td7gbbsdldmuma10r8ndvrulgjg2M
created: 4/4/9bsco37lmgmdbs5a6gk1pi4jp775of0R
modified: 4/stats
modified: c/b/7fneu7npf2m22kr4bcu0516eqcpv0qkM
created: 8/e/06toeju41eds6pm2vsb8b4oeh89l1faR
created: 9/2/07n423cdnndin1l7eo34ks4b01gskouR
created: d/0/82u4d8mhv1uc800to4ra7irdhiv5cq0R
modified: 2/b/stats
modified: 1/c/stats
created: b/c/6abk1iihjtgungdqr6en1mjodju347kR
modified: d/e/stats
modified: e/3/3d1tblpdq33n999f50eotd6lu6qnv5gM
modified: 6/6/stats
modified: b/6/d7d0jcab4bjvr7o01dqt99lq1du91biM
modified: f/9/stats
modified: 2/f/stats
modified: 3/c/stats
modified: 4/6/stats
modified: e/4/30fcdcd7crkhvk37icd34lj5k22idt4M
modified: 7/d/stats
modified: 2/c/stats
modified: 3/4/stats
modified: 6/9/afmu17otroqpmavrhabo1fpj5hqime0M
created: 7/c/32583df0u7dqp0hc0177j98vm61envkR
created: b/a/9am7ucrepm712scl49f78e1ofsmkaf4R
created: 1/6/77s2mnu3k4g71ckjdkn9tnko8heidsaR
modified: d/8/00o5qkmdius3dqu8let3j0srf2mqk3kM
modified: 6/d/stats
modified: 0/e/stats
created: a/2/40skpvgufm7u9e7951mmdjpst5vu0r6R
modified: 6/3/db8c4jrqa5tibk572s95dumhejotlo2M
created: 1/7/33vsfse5ekfi9sfh76oin31npab8bq4R
modified: f/e/stats
modified: 7/0/stats
modified: a/0/stats
modified: a/9/a12fqqv6ec63amhniqhjprr4i50kd58M
modified: 1/6/stats
modified: d/1/108b8leh486rk2g120fvu0jpc22n95aM
modified: 1/2/9ffk5q8f3edi45nmrghrfj7vrhb6ppaM
created: 5/7/92vbm75g4hmibu00tdt4svpo96t0t68R
created: e/f/7452qgfieg2kkgjv566p0es8mp1032mM
modified: 4/7/af5nprjvrta4qo9ivolb4bgnkapidboM
created: 5/b/e59a14u7nvklrogqbbsij68a10pdc9gM
modified: a/8/237houdtilc5pn33a3if76jh06qcs7cM
modified: c/5/stats
created: 0/3/84hkno040sh1ifvpnurpf5794poqvjoR
modified: 3/3/b1sfn2icsm5kslciuvacukb3j8psi1sM
modified: 8/5/b76cadeodk5tgg6vq89ttn13i95228aM
modified: a/f/71ikqb2r292ggkdh4kl2rgvc8iem1qiM
modified: 6/5/stats
modified: e/6/stats
modified: f/0/stats
created: e/0/5eqrusq46jgutklt16k362tf05j08peR
created: e/5/65oe5g72b7c0tjqjmtlq3q19adscpegR
modified: e/8/d64hreeqmm1pjkgtcdvmjfge6i7ghuuM
modified: 8/c/9el97758ue82n87j1dttphpmu61l4u2M
created: 5/3/bavssgfeeu59o5gnql18ladmee3nkg6R
modified: 9/8/stats
modified: b/stats
modified: 4/9/stats
modified: 3/6/cbjncrn6gfb9oovmkh3vvn39q1oc58iM
created: 9/8/207ksi5hom0sircivbbp2ak818aiha6R
modified: 6/b/a8dcgg75g5b0l5i5su99aetinkbkgbmM
modified: 5/d/stats
created: 6/3/77cg7spul7pb35jh2a5n3ovd99pfm08R
created: c/c/ccocg830acs5dbeote8daqtftmqs90oR
created: 0/7/36lvfblrh71lqk35hktso1doe2i8oaoR
modified: 1/3/stats
modified: c/c/feo20p87gqeqh98umoap66fsave9c84M
modified: d/d/44av12ar3f3f5gafd1q28qff716q694M
modified: 0/2/1ahmv1pob2grjfcn6s3p4741pi4hg8oM
modified: b/a/stats
modified: d/3/stats
created: 5/e/f26rrag3mlc2730rhnkkl7efjmbreeeR
created: c/a/42p7ppangpd584lfupd6pcbaddalnr2R
created: 2/7/16p7j9gpk4da5p0dl7asfooqb08eo4kR
modified: f/d/stats
modified: 5/f/stats
created: 1/f/4648lf9tje401h7707lus4u993ee150R
modified: 0/2/64gn5r0vgn6hjirdups4ufupv62m218M
modified: 4/2/e3au3d7mdo56k08h1885pqgeiml2edaM
modified: 6/8/stats
created: e/1/9fg90pama1rjk1fnov8bcbjbnsvaeh4R
modified: a/3/stats
modified: 8/a/90s9gju9t3qiio01jahhah1lm84v1pqM
modified: 9/2/stats
modified: c/4/9027rq8rhm9304s81qnbrfkvvlr21usM
created: f/3/4es87grr0q8tg2f32ct904vfqnbn30iM
modified: 5/d/25o07tq5u8ok9h2hshuii2ek7tum20iM
created: 7/3/76dhoofjd2c0kjs2o4ip5ssh4ibqlpkR
created: f/1/7fgga6q6dhh1pg6svas1m6mtltblmk0R
modified: f/f/stats
created: e/6/e0smk9nbkj3apcno2tnipf5g3an8h3eR
created: 2/4/00fpet1vdt50bn8s3r8pq0ju066edkmR
created: f/0/8frj5nba9bbbfs9bcdfogthldh9b0d8R
created: c/1/392job06kcq7fom1km0o6ipvklm4lvqR
created: 4/e/1e9f43jsv4cbtafruv7pg2sboei34biR
modified: e/0/df010175vuk34sf2pcenl82926bv14sM
modified: e/b/stats
modified: a/8/f5flpkc8e2qbrevsdd51aq58bohc9niM
modified: 1/f/stats
modified: e/stats
modified: 8/9/e16apqlg3vdsv09n0tj6r7ghf59cv0eM
modified: 5/7/7304u8poca3lusseiaimr4bdofekchsM
modified: c/c/6ace6gflfjfptjlr4rgnm8h5i7d5kngM
created: 0/2/8c25i1im50irni6spkbdq0k7d3lvlpuR
modified: 0/2/ca73jiblnod35t33ckpmf8cenpsu2bkM
modified: 1/d/stats
created: 5/7/814f3h0kbs0v8g4j1t26remvqcgl0faR
modified: e/f/stats
modified: 0/2/stats
modified: 1/a/2f05k8c19se1brsdaolqfdhgo0lf0hkM
modified: 4/d/stats
modified: 9/f/8dlfg3a1j5qri280pmea18lobnq80auM
modified: 8/8/1daru47l8u4igvpngl3p3srd0f6iodmM
modified: 9/f/44kq8aiutikfhf7hovnaj1t1n5f0npeM
modified: 6/f/stats
modified: 0/7/d9gh0q9jq0gmkrrfpfr4s5qofsmbd6aM
modified: 4/4/stats
modified: a/4/stats
modified: a/8/stats
modified: 5/9/stats
created: 7/1/37vt94s57nuv3d1bfb5loda7o6v0fcmR
created: f/5/321a7f6diijqffpuf1a6hndcfkgeukcM
modified: 6/b/69a3hb158ivcukq9ol0nr8ic7737mviM
modified: b/7/c0k3ns62v8j5qaup1kcv44dcios1p0kM
modified: d/c/stats
modified: f/c/stats
modified: 2/a/4fomcaqrguk0nsjqm8rv4p9edn7esr6M
modified: 2/1/c09ekbpgv4vl5tt1no29dbmhcgunadsM
modified: 4/5/stats
created: 7/0/47kairap6c55g5bfkoksgshd4n2i998R
modified: d/f/stats
modified: b/8/stats
modified: 8/d/stats
modified: 2/1/46sofe4qrvnt07f9d3p2nspp44v134sM
modified: 1/5/stats
created: f/f/49kurpqn8k1vkd5l07bj90padd767e8R
modified: 7/3/stats
modified: 8/1/caiq7gacm0m16c0m2v1up4hofjv6t6eM
modified: e/c/stats
modified: 1/6/d9j8boaoffttqgimc6g2f8mfbfe9g86M
created: 4/b/c74pjd7mobo35idnlq76ot3tj5i6l2oR
created: 1/6/9225odslg9ouvl0tpda4ubovcultpucR
created: f/b/9eurmcn64f66hc846pcm5325bo5jcuaR
modified: 0/d/0fmaq94i6bvpa0cv77c07b97q8vgjlcM
modified: 2/8/f6072kqh9v0i15almrhcj3mii7buf8kM
created: e/f/93626vg2as6khspu9bfd73g51a6tj9gR
created: f/9/0av09p41k90bd4h8gqgvp67o3sr740aR
modified: a/6/69r3jgvp7bpr6tskh7mj1nganmjrb1oM
modified: 1/7/stats
modified: 4/b/stats
modified: 2/a/stats
created: 9/4/43lbvdpnicj5ocgcpkrr4r2rnnpe4rgR
modified: 0/b/63mphdbrhbbaqupobfdio41r9nv33m6M
modified: 8/e/68qrpgoni0mqkkpjmof2clnf102htcoM
created: f/3/dfp5m5gimlglj34spdvjbme2uaata4iR
modified: c/a/stats
created: 0/a/eeht4oehd9l6g4n7ccgge6noksnmpikR
created: 9/4/416d5vhkpgdadpbm958a4ucbjl23cusR
modified: 7/f/stats
created: b/d/7fo5jk4v1gkbuntbaci6baqbar0nolaR
created: 4/7/e012hhbrcquh9u8abe1q0sp00gmqhucR
modified: a/f/75nnmo02f4i7oeq85nq8aspfphbq4oeM
modified: 4/3/stats
modified: 0/c/stats
created: 5/b/a9m1ssccctjij2tj3gi2bl64k9of3pqM
modified: 8/0/stats
created: a/2/a7u8tgfj20gh47f2o2og3vp4q8mf6c2M
modified: 8/2/stats
modified: 0/1/85grjr7vif253acpv0cgbu85vrlia8sM
modified: e/9/93kat4ciuigb1objfcjfppmkjrljj8qM
modified: 1/4/f2rp01mcgdue74ivlna6ftmrke4ue1iM
modified: a/b/36jcvfs559icj5k74pqprg645pe6ncmM
modified: 2/8/96crkld0djjspis1em7r9np40fbh8jqM
created: f/8/93jeeqb5rpvvnisva88rpd6lbt5kj4mR
modified: e/d/stats
created: 0/d/29h2v81l0j7gp1achp89cb3cqdtj0r4M
modified: 5/stats
created: 1/2/50q381f88dm6dui03dsobbikmr4keauR
modified: 9/7/stats
modified: 4/f/52cfkfv4ci3ujvt1fgenvpvqa3ac6m6M
modified: 3/6/stats
modified: 7/8/138vk85fcgqfhgug0gbmp0tf9io3nsiM
modified: 5/3/stats
modified: e/5/stats
modified: 6/a/stats
modified: 6/2/f4k9lve8ntp425e74i0bejohkk7qkl4M
modified: 7/4/e2iavuc7rehfh99jl9h4r6l0k2u7pk2M
modified: f/f/c5qmnbcttrk30dhuklrelqleqka1774M
modified: 7/stats
created: f/d/b305hukh6daj3fu17hs9s0tqe7knp02R
modified: 2/e/stats
modified: 4/4/22u594352bjb4nfkbf2dvjfebevintiM
modified: f/8/stats
modified: 0/5/stats
modified: 5/6/stats
modified: 8/e/b82goo1pch9d6236ufo929pctio215qM
modified: 2/9/stats
created: 5/a/91uk9t78t4bvfgm07dte9r8as6okm18R
modified: e/2/stats
created: 2/c/ca179q8qqmb33u2oaj4i56v0iicpjc8R
modified: b/a/e425e7il195hp2hlm622gi3uht335q2M
created: a/b/61mjbusgioc8raa2n03uj38q8p29oaqR
modified: e/a/stats
created: 0/6/0527e8kgn2jn2jidq67a8ab7cme1rn6R
modified: 8/8/12mf6432odorct5dn81cve41m9l7equM
modified: e/8/stats
modified: 7/2/00hloi9ksii07l4nabjg418drru4iroM
modified: 4/1/stats
modified: b/4/stats
modified: c/7/41okne1b4cbu44epmd6lptknt9lp796M
modified: 3/8/stats
modified: 6/7/stats
created: c/1/357d8acsv6d1apgtrt3veca2nkj4h2cR
created: 5/7/3dm97pe07cbkb6lecqm62kkurstehuqR
modified: 0/d/e2rbfn0jogcup7qnn62voghucbrtuiuM
modified: b/d/stats
modified: 9/0/stats
modified: c/e/cbkrp1i11amq7klq01akvsip2broh1sM
modified: 2/0/stats
modified: 8/7/stats
modified: 2/2/stats
created: 8/7/3bpjot2dal3cimiqaf7edddk0g4vmjcR
modified: 6/3/a5u6i3fcadlbnn8dgrtcngn22p9su0qM
modified: f/a/3acsi3oa7of2q0kluo7cpncrp58uadoM
modified: 0/b/stats
modified: 5/8/d84ni2r1vbug9d6ne567cc9ps7l5r4eM
created: 4/8/34t87jb1k5fbsoupubc5l29172ei1hoR
created: 6/1/felha2fef50ie30sjtfhkjpi36vqcioR
created: e/2/8807lbb0dqfos9a6pv8t29ljve01cqkR
created: b/7/46eg6g02akeuvqechvuo5tq7o50eis6R
created: c/0/ab6b69rec4s5vbhd00cc7verro6c3cmR
modified: 2/7/stats
modified: f/2/stats
created: d/4/c4a6ddr3u9nlr5b4uaag37pmc05foluM
created: c/2/6ddq1n9ia5puc8kn8a723isdncl2aumR
created: e/2/87itj4ui7cj6kd8dnhioiej53qttbpiR
created: a/e/bcbtraqe4lc8ab4v11r7c5s2htpibcqR
created: f/a/0762hvgq8t63ihfefi19odr3cc1nb3uR
created: 5/d/623nsb5dq2pbuufg23k48vv460ntjv2M
modified: 0/1/stats
modified: 3/f/stats
created: 6/5/bcq21o4f8b00trmtnfd7bs176em0jouR
created: b/a/damsei8bdi7b6usm7o9fmjh1b2tigq4R
modified: c/b/832ipfbc0m3r5bkripbriborp6edr3eM
modified: 0/f/f7qctfo0hbteaiktbld82c0fltb9pe2M
modified: 8/e/stats
modified: 2/1/d5tpj5fdfg8f17f7bt4vilddkosssmcM
created: 2/9/264i78dv61o0esk8mmjj463vc656tcaR
created: 0/8/60d1t6u9d0sufnkhsr3u2bt5j7efgbgR
modified: 6/0/stats
modified: 7/5/stats
created: 9/b/ed9n989ic23n3cfs21c4lj36qknuv0oR
modified: c/2/stats
modified: c/0/stats
modified: 2/3/stats
modified: 3/2/stats
modified: a/d/stats
created: 5/a/1ft9t08ta481a92c0qcoi00ia77d71kM
modified: e/8/f2d22987m22tous8t33t7t0hn7snp90M
created: 1/9/ad6ej54eqa9hrtdpe7amde505086o3oR
modified: c/6/stats
modified: 8/stats
modified: a/6/stats
modified: f/5/stats
modified: 0/9/stats
modified: 2/6/4dhdq0mlrbtnbuj26msdnvqfp2ed37eM
modified: a/f/cfgs800v0n9tv0t15s11qefjtpf23ekM
modified: 1/stats
modified: 3/a/stats
created: 9/5/55in09v3p56gkdficklej80jp4tll7uR
modified: 7/e/stats
modified: 0/5/25ngtd3k94c7lc8dar79rej63po7i36M
modified: 7/9/stats
modified: b/0/93rcv43fi3eaeje2trqhd8rm0tou99oM
modified: d/6/stats
modified: 3/3/e6ga8l2so45bcujup5agr7jnl9cu19qM
modified: e/4/22e6dba8f75dr018b6dif0d3sta74a6M
created: 2/3/eehuqgqpqr6sf23bu7bes5n71427bikR
modified: e/3/26jvr82q6pevffrtctqgjnc0jkjheh8M
created: 9/f/b0jh3u4rjpt8m96ohs8qg5b2nl22dmcR
created: b/e/81e86h21b1bvnatfkn1u264shqo1e8cR
modified: c/d/stats
modified: 9/e/stats
modified: 2/1/stats
created: f/b/f639ntf0vfms5svr08a1i62l21idp14R
created: 9/b/f0g796hb5g20k3l15brn94qi5a9s8vmR
modified: 0/stats
modified: 0/d/stats
modified: 2/d/stats
modified: d/4/stats
modified: 1/b/stats
modified: c/e/265vu3r6087jdv2ouif9sjv01aspkj8M
created: a/0/3b68ii1d4n9enhi6c7bcnga13anbv1qR
modified: 6/3/stats
modified: 3/5/stats
modified: f/5/3fnggdfngar8tv6ub9iutg2jlpm38tcM
modified: c/9/stats
modified: 7/1/stats
created: d/9/bcpeb6m8bvnk6bvfn9agmr6nvikmepaR
created: f/c/e11t0tc01blj41u8u3ogdq33p90v1qaR
modified: 8/a/7fhcinl74qsdt7eeg28unbvl2o8fmu4M
modified: 8/b/stats
modified: b/5/stats
modified: c/4/stats
created: 4/3/0dnqnmacuol9es5d2b4teg7ivirrq4aR
modified: 3/3/stats
created: d/1/bd45p6tg1ip8p03vlkdpp9vqj3olg44R
created: c/5/64mlosla00vsaqs5ptnvqrvscnf9tesR
modified: 1/0/8df89g54at9c3u9eflr7n6t9l0ad7caM
modified: c/3/stats
modified: d/0/bf528emqkofhe9gn6euv7ukrdh0i6ckM
modified: 4/0/stats
created: 4/4/72qf2vkctb0n8tcbnlmcc90tn8tu9lgR
created: a/4/34s0d6kg09k1b0uign30k692ff9ktqiR
created: f/0/34olmclqsliggg068jnjoa03fjcj8ncR
created: 4/4/59cpfe13t2q2lrdpcnoutvh2sjbljk8R
created: 6/a/99kqu65qip6iqhlpqd7o4tol39vl96sR
modified: 2/d/72v8ubqeu2f3s1ajgsctn0jcdkr00omM
modified: 1/1/stats
modified: 4/8/e54ppoqanq4qlm0gpaamlan64g9spakM
modified: d/6/50bcnbqegj6i92b3b1cq1j1rhuob4nkM
modified: 4/a/stats
created: e/6/26l5r4dra8kjpek4951au3satgoq75mR
modified: f/8/12tqnvjana1e6nrgu9n9ni7es83k45sM
created: 5/2/20sco64355ac1lj9qsgon4gev6qloneR
created: 4/3/63cr0qhcpvlmca6kt3l8hfj52t325k2R
created: c/1/7cnik0qs0mc05bvhk8tehgqj6avku4sR
modified: f/1/28kb24ofnfkp9h63k50m27a9001do9kM
modified: 1/9/stats
modified: a/b/stats
modified: 7/a/stats
modified: d/5/stats
modified: 0/0/01p0fdp2pf4ki3utc4jmpf5g42d8p24M
modified: c/e/stats
modified: 5/8/stats
modified: 5/a/stats
modified: 5/0/33640mltfebm913fk13a3lm2tcbet1kM
created: 4/a/8eibinco0s86ld8mddd302sp46a9nv4R
modified: 4/c/stats
created: 1/4/629maljt2tvgk4dp156ggg6ih9lt64sR
modified: 7/b/stats
created: 3/3/b40a045sv1vq4qc6p717rjuanc0amdkR
modified: b/c/stats
created: 4/a/78p55n1kbbni5oi17ilrq7o8lfnblr0R
modified: 3/d/stats
created: d/f/feut8nq31h2d8mvqjm31qs6ebactl96R
modified: 5/4/stats
modified: b/4/357c94vesgjg6g1180eg2p7tqdpa258M
modified: e/7/stats
modified: 2/4/stats
modified: 1/3/18g7c7t2s5p60ml8hhok386e4e3tk78M
created: 6/7/c4v3qtcl943l4kq4u8bhrgsfaqlhs9oR
modified: 3/b/42744d09j2jn5vro8enq1j7spc7v1oqM
modified: d/7/stats
modified: c/b/87prrbrgg2r1lgknchufj4b51tng64kM
modified: d/9/b7dldgtklmge3j60qiaq37f0nbj8smeM
modified: 8/6/stats
modified: 1/0/stats
created: 5/e/ab3cep9g1pik4032bge8ohq0tghouo2R
modified: e/3/stats
modified: 9/8/f8nb5948imhcc8uo4t85trm9dfta7csM
modified: e/9/f10avh2gltheg43k64c21opk8iald0aM
created: c/6/336da8qpnibdt0m3umdl0bae23lc7gcR
modified: d/d/stats
modified: 0/0/stats
modified: 7/2/865epi91lmqa4p5u9k8uq4v26i47vieM
modified: 5/b/stats
modified: a/7/stats
modified: 7/5/d2acffhsgefrntl762k17kmdpnsg4voM
modified: 9/3/stats
modified: 5/7/79pelbgf2r8sopghfdo3o2bhvbjqmkcM
created: 5/b/78pdanpfc5ch238dokd9snidgtod4l0R
modified: 0/f/stats
modified: 3/1/stats
modified: 0/8/stats
modified: e/3/c2n4aq8vqjlrdkgv6me1lqe3iig34huM
modified: e/d/652afffgelgnvolq9tm6c53mjk1320sM
modified: 5/c/stats
modified: 9/9/bfv4i5d8h19qk6pfcvqtj8nihm4skr0M
modified: 5/4/580gmh3h97op60nse6ntf70rj95te22M
modified: c/f/stats
modified: 9/d/d6a3m0ohcfbfub1chuu5hed8jhusdfcM
modified: b/2/47g1qgv6psc5pj77h5k39dn557tg3vmM
modified: 8/7/211d0ehc57fud7ie0a7b9tfk1dhlrqmM
modified: e/0/stats
created: b/1/79f2hjo21vti4hjjvutds0irtv8896gR
modified: 3/e/stats
modified: 9/b/stats
created: b/b/a4dvt1tk343utmhg6vkbndlq3v3ransR
modified: 6/e/stats
modified: d/8/0esed5nk0hhqq5phtkr9lknljgirlf8M
modified: 8/5/stats
modified: f/a/stats
modified: 1/4/stats
modified: 6/b/stats
created: 8/3/0c5ohndb46c9p8rgt8cb82i0skc0nl6R
modified: f/b/stats
modified: 0/f/12qfos1r0d3a3rt3pqii3k94gsaegi4M
modified: 4/8/stats
modified: e/1/stats
created: c/d/dfqop3v8ajkc24g4cit5qm8hjmh3g1mR
modified: d/8/stats
modified: 9/4/stats
modified: b/3/stats
modified: d/a/stats
modified: 9/a/stats
modified: a/1/0996t3lu5pej6oo31qvnjr36k8ie7v8M
modified: 1/2/stats
created: 6/e/7e4hudusbmo1kamffs1j34sii1f9josR
modified: 9/f/23tbc9t5mfm2q3rebce0c72m20frnniM
modified: a/a/stats
modified: f/3/stats
created: f/b/44jpcqji6hldp9ai6usp0lgvkivmuuiR
created: e/f/6391jjpcbji3fi1g0r4dkpnogq2hfigR
modified: b/0/stats
created: a/6/f3jf70kgqfov6jq7vj9gq99ngnm27fkR
created: 7/4/81qred3h524veun2cietreibs4v8u3sR
modified: d/9/4bnp057aotg7r2uq53s8asgbf1l3ggmM
modified: e/9/c6ekia8gf8l5p3pfkqaanfu4evobcj4M
modified: 2/d/cc3n5k301so9lftrp93ptveg35tfj9aM
created: a/4/1dberg3cr00kero2cpap8shciaag2g2R
modified: a/c/stats
created: 1/e/46lqh2vt5et6gjibrlakqqnai8vqbt8R
modified: c/4/9dc5rcv2jq2q3f2idfb22voovgqs60sM
created: 9/4/d202qmlkj3tgeu0gcgsj23upd9rm13qR
created: b/b/0dpb3khk41b0ftenm2bl8e6bopqhgtkR
created: e/c/b3tvts4dpklfb0ur46368csqe62nifmR
modified: 8/1/stats
modified: e/e/be2d91pjglb15j35opjdqonjbneifg4M
modified: 1/e/stats
modified: 6/6/b09q7liffaernjg900ofq830oo97joaM
modified: 0/4/stats
created: 6/6/a8sc35t40oh727il56pj5n6vv1gmtvsR
created: a/0/ceb87upkglgrg7s98hsh6dsrfmo0d48R
modified: b/1/stats
modified: a/f/stats
modified: b/6/stats
created: 0/1/adud820q3iuf4bb41sslg74vd6sbn6gR
created: 1/e/13sji9u5lblmpvrnm6a3uve4k0v8ej4R
modified: b/5/101kshqvndfpdc3pgklpgnjf5un12eeM
created: b/2/98fhc8qctenm9dvrghu0a399n7e6lvgM
modified: f/4/stats
modified: b/f/stats
created: c/1/4a8qvq1g0vjmddte2hr82acjkqhfcg6R
created: 5/e/e9vk1kmfl7pafnd8hk3bkpto5ta3v10R
modified: c/1/stats
modified: c/7/stats
modified: 7/c/47rb2i1nc4kh87keejbdg08ca9vnq2gM
modified: 2/stats
modified: a/9/stats
created: f/8/00t0u5nmogpdpuqepsgm8pgsop3mm9oR
modified: d/0/stats
created: 8/1/b6qcp01meo229gd0662lhhh9mu8pldgM
modified: 7/9/1frojhhu3n4k4nda0846fq1qvle6dhuM
created: 1/c/a3lr6ialji4t08di3sm84stj4gf8dmqR
modified: f/1/stats
created: f/e/0ajhgo70bqqili3q9ro0295a41gql72R
modified: 5/0/stats
created: d/d/727n0arlkk034kklqhrud6ea50dg0gcR
created: b/a/c991mhs9tghb0kf288lvtn575o3611kR
modified: c/c/stats
created: 5/1/d6lld2e0c2sirioe0k91ksr7mtv6cpeR
modified: e/4/a4ij6q8hnpi0hb8lambh37abohnv1c8M
modified: 2/6/c12nke0rfg0phajltr8at0fff6tssdaM
created: 8/1/32tmn2frmtcgbjr90kj695g256qi4j6M
modified: 8/a/cfmu2b0vq53ua1n3pe4ipgv17h71dj0M
modified: b/e/stats
modified: 2/1/6bkft798uk7et62a4c95mae5us40c0eM
created: 1/2/f40hvi0ej1bkc2hgmt6rubn1tjjukfmR
created: 8/1/546rf7fevpphhva6t404ic5g96n73lsR
modified: 7/8/stats
modified: c/5/a8m7a0bqbj6j0qcs0ka84qn4h81d90gM
modified: 7/7/stats
created: 0/d/23q39g8io7rd5hmkjj4q12ueha65f2iR
modified: 4/e/stats
modified: b/9/stats
created: 6/0/77m23boaciqmblmbuq81e2a9esvk89oR
created: f/e/f8o100eqgjrqhbh3q2kbum2ds9qgp50R
created: c/d/0fldcn7qdgvm158u2t56t5hp9115e7eM
modified: 1/4/3e364rifdus224eq7hekck9gs35ihmsM
created: 4/f/dbudm6km7cblbl422mf3fdl64k1e3keR
modified: 4/f/stats
created: 3/3/b4jok6gr0j1u79d5acorm57va90du50R
created: f/d/7cmpb491j128t57ogc5a3p1oogq4glkR
modified: 5/2/stats
created: 2/b/01vqhotn4fdrg0pq895i34moasf4810R
modified: 5/7/77adk0gesmaheu71vbh67got93ls3euM
modified: d/6/01flknuj1h4rjccku8hkt7kjvmu9j4kM
modified: 1/0/34l8vvgva71aodepdjb62t9v70gpn64M
modified: 3/0/stats
created: 7/a/05382696khiqoqgc3j8o528kp6ec1s8R
created: 9/c/f8i3nes6kmuf6dqvkfvpj3ms8cbic7gM
modified: e/9/stats
modified: 9/1/stats
modified: 5/5/stats
modified: c/5/05l3k0g3lag7nm9mom1usmf418ebtkmM
modified: 9/6/stats
modified: 6/stats
modified: 9/b/b0res2rn1mmmingi1irpdqmor2l4lnkM
modified: 6/1/stats
created: 6/4/f27d7iu50mc6d92fr4gupi293v6547eR
modified: 8/f/stats
modified: 9/c/stats
modified: 6/9/stats
modified: 5/1/stats
modified: 1/8/stats
modified: 2/8/stats
created: 6/d/62prdvrtihkac4ocfi1st3fvbsb3ldqM
created: 6/b/92i7g47b06fgunefcd46cepiv6q1ugaR
modified: d/4/ff4d9ga63csnjqi6kq4jg17ja516k9uM
modified: 7/c/stats
modified: c/8/stats
modified: 7/2/stats
modified: 8/8/stats
created: e/a/4cdudb7ki65p5aik6ulmuork3g8pevqR
modified: 0/9/23stvvu81n31vasq76oho58m9k2pf7sM
created: 1/e/20r365juigialeo87e5dpu1uc688vl2M
modified: f/7/stats
modified: b/4/73h37dpq989onlj3i3iq7nfpibpmc5sM
created: 2/0/ab173uamdhdkjmhhbta1qc44gtk6b1mR
modified: 8/a/stats
modified: 8/c/stats
modified: 9/f/stats
modified: 6/4/stats
modified: 0/6/stats
modified: 8/3/stats
modified: 3/7/stats
modified: a/f/cflnsj72c2l97jqq6mlgobf8h9cpms6M
modified: c/stats
modified: 5/b/b8ddejkbjcs2ggcku3duvtuf7icganqM
modified: a/8/9a72tp10m9kihiubpdfch4uhfd54naeM
modified: d/1/stats
modified: 3/9/stats
created: 9/b/92ccer7r2c2650t00ui1hvnl02v4k0aR
modified: b/b/stats
created: 2/0/397p7acua8mjeghon3ngeak83gun1ueR
modified: 0/f/7dhuplu9shddahgbr7oht3ogrmfq5okM
modified: 6/3/cb513immopfq29dv3mbn0i6b5296vv2M
modified: 8/4/stats
modified: 1/a/stats
created: 2/a/3blaagda73ufuria5qrqshffl3phstkR
modified: 5/e/stats
created: d/9/fdf4100a5pj94fckljl2n1vvenkj964R
modified: d/stats
modified: 0/4/34k9ght71r7548iaqpt9orqcfbtg3nuM
modified: 5/7/stats
created: 6/5/3c5krs342k0il1dkd82vte6s18ueit8R
modified: f/5/e3tklh449s76bfmhi9khil1k9u8vud0M
created: 4/4/04rk85sod10dp2r39j4hfig692u2b5eR
modified: a/e/stats
modified: 9/d/stats
modified: a/stats
modified: f/stats
modified: 8/9/stats
modified: 6/a/9a30rorir1939utj7mi5np5954cmtgeM
modified: 0/a/stats
modified: 6/5/61der8m4tj43ddp0v03dhuo9eo75m00M
modified: 9/stats
created: c/b/fbhpqt31mkrksjhi25bfjm62qv26r2oR
created: c/0/16ae7nvg9988j7b5a5j2lphlqe9cdi4R
created: a/d/f3bvoctpdvu5c1gainb04eoaligpan0R
created: c/c/d2in8n7vbtdmmi46ion6no5dg3c467gR
created: f/b/25mlkvc6v59nmnd80iuur5kfenatrpsR
created: 7/3/548okr05o8b6dggnr157vi2nl3fv5e8R
modified: a/5/stats
modified: c/b/d0cmduieko0aj2jr22mq6oc6e4142hmM
modified: 6/2/stats
modified: 2/6/stats
modified: 1/f/7br4bdbi3l448qskmd1i9r6iuacctd2M
created: 9/9/a2sc3sg84j8ei3ii4e4kqc2mm97rsj8R
created: c/2/1dqfbn05kftk0tcca4tgb2nnlbig9pkR
modified: d/c/bblibnqibsm6jpt7gr2p08eb4rc76goM
modified: 6/c/stats
modified: d/a/d7vgob6f7d2f38hlce3inm543l0rj7gM
modified: 9/9/stats
modified: 0/3/stats
modified: 0/4/7d1a9ousd0v6465e4npvbm3nk4jakj2M
modified: c/7/3bbn1pl90mb1n5s91p1odt79seq0olqM
modified: 3/stats
modified: e/7/eaovnuggcdujf3gjg0qfebk6stqqnpkM
modified: d/b/stats
created: 4/0/ca77to1jtpns7vcsmdp72duek4a5714R
modified: 4/7/stats
created: 6/3/12dd7ifa33q1jd784j7mcrd7q6kcl16R
created: 0/5/2ceb5t8cm871ee1krfv814bn5hvu1laR
created: c/0/c5td16pri34h4k6lb2bupp3n6k23pcgM
modified: d/b/ebooecepcr13868grb4p5q9eud9id58M
modified: c/f/ec0cec8qkk97nl8l6eipaif34nqstgaM
modified: 4/2/stats
modified: 8/2/eea9e439t94aptk3fg0nb4odv3piq4gM
created: c/d/dbhubjajlcdoft717p54qp9b6v80qqoR
modified: 3/3/33vdvfq4a508gt8qfmsndbb4hfjda9sM
modified: e/e/stats
deleted: c/2/5duvf70bpgdrc00s63i67q1irmn4hdiR
deleted: 0/2/6drapfhto2nhpg4cjaa9q5rj0clckpuR
deleted: 0/3/a1t63qamg8s5or00g9ndlc0vt4qltsoR
deleted: 2/a/27aeej2vrjlgau4h73ur6ik2d93s064R
deleted: f/a/fb4i3ger1iepf7u0f4oskmb07keev4uR
deleted: 2/7/c1276oufii8ugmjagvk375ebf7nadkeR
deleted: f/3/2c3v7ht1klb5hhi07h42kr956c6fik4R
deleted: 2/7/10b6gn4f8peupjfhhetcogjctcq9nj6R
deleted: c/7/25qeu6froaqcuoa1mjb25ti5hao19s0R
deleted: 0/f/88jfrp3dgelfk0ithhtt5276ft9c4r6R
deleted: f/7/1d7jvhteamrbnec8119en2ltciru95uR
deleted: 0/1/f53r3s2krafbjich375t0av59vq1qkgR
deleted: f/8/76mnii9lb1tpiaso4t7v0lb5j0i5a3qR
deleted: 0/a/12gr90pfqnpc7vmc4q4mh7hcqh7p1t6R
deleted: 2/9/245a3pacab5qcou18v53kupkti2ltduR
deleted: c/4/909adi2pla99jgec1ivuh34d6pcg8uuR
deleted: 8/7/4dpfl6dh70n3e9cqa27n8ffjc2ulci4R
deleted: c/b/b0afrg2100h8tmfs3fkrf1q1631817qR
deleted: 2/7/46v3ujvmt42pbf9krm5tep7lu6unsamR
deleted: 8/8/54ua3ksj3kuaqhlspv7hg0ncj45cjciR
deleted: 2/2/42vm61p8ivbal67ug52cdu9l1cir7oqR
deleted: 2/9/f2cfu90qoc46upnr9mtvtmet9dddfsqR
deleted: 0/e/32pnb0228mvlm0qgmj9bnndm3qvjftsR
deleted: f/b/b1l0v2ea0vbbo9rrcl134jgbcmnvcf2R
deleted: 8/7/9er3a0eg9ov8chchr1j2es8voig51buR
deleted: 0/e/30tu8dg0uepb3o1g6bj2vm71esj8pvgR
deleted: 2/3/56rgt4j8mssoja8ssp69buj5vhc8qscR
deleted: 2/4/ebk0k4movedcfdqcnrf1cekc6mn237uR
deleted: c/3/abvhc2kah2fc4o409todo99hcs6bi7sM
deleted: 2/6/3afcpfpdrfvc3cqm6hobm5esn8n56i6R
deleted: 0/f/8968cm6i50ullmludga44nbvhhl36a8M
deleted: c/a/551ka24ssvgapa052vgu39llnvu9jd8M
deleted: f/4/19tlhg1137q21moqai2l9l2bv2sp7biR
deleted: 0/7/e1s2ag8icuf2hasusc2t7nl72qib25mM
deleted: c/a/ddp1bqih9c6apspkjfjq5mg7mhtarniM
deleted: f/4/46c37m3jigs3vp7u4h90mr9bpj6uea4R
deleted: 2/f/7ejbog3l5bma1jqimmjh1jmbisqoa0eR
deleted: 8/c/35r5hidcfqko6kcojsbfljtvfjg3bqmR
deleted: 2/8/62mc8bps5v9hm7769dqj67s567rm1ioR
deleted: f/5/0a78pbr0qlse014d701a3mja7c3pdesR
deleted: 2/4/b4lmb4vnun47tkugghkcnsf47c3ggqaR
deleted: c/7/df88accu24ttkji9c6t2n40ut80g43qM
deleted: 2/7/21cfcmspvjdtcai9evls4hrvplqujlcR
deleted: 0/3/16fkmtgaq13ls80qermlo58oep66im2R
deleted: c/8/45e7heqr0p7b15jt74arka2u50up7juR
deleted: 0/2/43nndjul8bsu9d8m8ge1g7eq6ug1tqkR
deleted: 2/b/03h073dhk3kjn9mssj0tgbjf2b9n1k6R
deleted: 0/f/7e7rc6djldpdekcot6n860pjuq7q0iuR
deleted: 2/f/82kb08m9pqp56c8dn9rpem2l3jkjf54R
deleted: 0/3/2d8j1nhh1iq1he1pfi5dbfeevnmn7sqR
deleted: 0/8/0a95ap6ndhq8p323gkdl8k6pmv453piR
deleted: 2/c/c5h5losu77cp9j7vh4dmfkjl65fc2q8R
deleted: f/3/bf6fvcf4of2aerc1a1pkoaho8hoa0v4R
deleted: 2/5/d9m695a3ect1b7ruouff74v8p826ha0R
deleted: 2/3/d8fda97l03tmpiueon0ojla3rqiqvd6R
deleted: 0/7/fcfmrv406babqc4o613rrhpbru1l8loR
deleted: c/2/886b4tg6cj3950nnvt2qln78kat0muuR
deleted: 2/c/20icmdrk846jhoaj7n6r9s602s76bqqR
deleted: f/b/9bq8meq8me2a5hfo85d9j5jnct9g38cR
deleted: 0/1/f4g7ejv9krdvhkrsga5om7miv06b2v2R
deleted: 2/8/4ae5e5buesbtqnof7i3h8naors8vdpeR
deleted: f/9/33472fhiktag6np6qnqsojsrigpt3jgR
deleted: f/9/aeoqfkf07im89o6f2369q0pho4g0d2mR
deleted: 8/b/93rr6bdvnrgoccch0mbcv55smm7ajfkM
deleted: f/b/76ku3q487p1qt4jiha51m6cvqspl9iuR
deleted: 8/8/41of1ev3rclnl70ed8p91t6sgkpvbioM
deleted: 8/a/4aqjnq38ct2g9gpmj5e7a1p21530h1sR
deleted: f/5/a4mo100te4bm09pbalh1e8qujo1khcgR
deleted: c/a/70a1vpjqem5j2iv8esk4tfs99pmv8vkR
deleted: 0/e/3adkfhmrrird8ksndf5ri9p29g7cnjaR
deleted: f/3/aass555lg4takd9ljmmj36no93pu94kR
deleted: 0/e/15t0smaac2df2eiv7rh4rr34472cgeaR
deleted: c/4/e8n31nku4knclv25ig5dt31urj9gjhcR
deleted: f/7/3di9u856isnhio96hmnbqqun5086sc2R
deleted: 2/d/1890b93vo1sk4djk9iqt5eoqufbsap8R
deleted: c/7/95thgcnl28eks6ilu4onnm3673akt0mR
deleted: f/8/c7ti32ivm00nnf38mki6b48bos03ev0R
deleted: 8/7/27uik23r7a58e6e62f1a3k7i3sbdodqR
deleted: 2/3/901cqq9ha3gf93a64uvplo1rdps3og6M
deleted: c/b/b5qpjsb4dafnqek31qs7l0c6vipsdnuR
deleted: c/e/cbi00ep5b54h1iprjhtd12kht3o4l8sR
deleted: 0/6/ccl0golr6ud8a0cu8vghtqhvaa8qmsgR
deleted: f/9/36hhrfa12mtn391g93fj3n7tu2letrmM
deleted: 0/2/a6v3ov6uh4qss4jmlai3fiscpa2002cR
deleted: 0/7/b4l1gtghu4gp9u59s40hmd9uq22r68uR
deleted: 0/3/20932sgvmbpl2d40d346n8722cts2okR
deleted: 0/c/ea1jfppkp1bs9cna258r3tpiij15psoR
deleted: f/7/8brda3brjtbn179a82ar67jbg4sh3msM
deleted: f/4/e76fvhvm07djbiqhmknjtpl9oq8ohhqR
deleted: 0/8/2a1sacufgk8u63h5g4gsh83c93s6uegR
deleted: 2/7/0cfkp6k2d2ksdc9kis8kafufta4c59eR
deleted: 2/f/794cq5vv56m1uo2h42t310amqckh4qsR
deleted: 2/6/98hb44ogis2c2s6bl1bmlnvngrsbe7qR
deleted: c/4/867jjg0qoo8ka8tnujgdmmvs252v2noR
deleted: f/4/593lkg1n2kb9udf7c34t0hc1h0dsnj8R
deleted: 8/8/52b1j9giokfo1icktl4dktmqehnt2e6R
deleted: c/2/8aeln67ockq0et79jejr08jtdrsham4R
deleted: 0/f/57jadgg3i8724kqrir354fnf4gj6smgM
deleted: 0/f/763vlgm1sd9em8is7kmd9o3q3q3le28R
deleted: c/9/ceh3vag5vde7uqjqdfh04b61tfm4l2qR
deleted: c/3/76ohsob4589leigp04f44brd73l9842R
deleted: f/b/78ip0av0jfkd0curlb29i0t580qan4aR
deleted: f/9/8d8cm9tcpjt8s80vn18fi93ha3v7aggR
deleted: 0/d/f57gjv13uvvlps1438f2t8s06k1fb7qM
deleted: 8/7/7ejcld3kq18jpq6fsmtsup84h7aectkM
deleted: 8/7/f7ogqojnr0hrhku1t2j3u1butbm571mR
deleted: c/7/d6juj6glkce2uujt5me85e4ecv65mekR
deleted: 0/7/fd4ioaa2v42lp2sqn68qt8r1da8v1lkR
deleted: 0/8/011qhr8ru1ml6le1bcf50mp8205jutoR
deleted: c/2/5aah5mkvnpshfbfamsk9jsi4qv6p6soR
deleted: 8/e/3eihcug3lvr71fkpgn94ksvhvj5fhg6R
deleted: 0/5/7eelbkgsboj2vn9smm5a1v8vee2kir4R
deleted: 2/7/14lt09jhlk694bh1q6vruetbfbc3kfuR
deleted: 0/d/fdqblhq0hjhgcrhn9ah8mkten9k8s9gR
deleted: f/a/51585hfnvro333ve215kjfeqsntr7jeM
deleted: c/8/f1hpiej64epf5tb145mamss3ikcep70M
deleted: 0/2/fag28mljnhfc4hemfombm1kia3a1962M
deleted: c/7/22t3npqb9som274rfhln4oh9f0k03reR
deleted: 2/7/3a5doh2ergqj0fj4p8vbcjn53qu2092M
deleted: f/7/2dtbad3t03evrq602s4k2vk7s3iv8cmR
deleted: 2/a/ac1rofir2tmdqlrs0990he47c45hpomR
deleted: 2/3/49df92g3qc9mj6nd1slv75nficrk6rkR
deleted: f/a/6328alp4b38h29u92qm2851ka6vmlekR
deleted: 2/a/ffcjehvo71ecro30d0h3gi6svjjjh76R
deleted: 2/6/ccr2j1qqp8h380j2c2apt3esas5kneiR
deleted: f/3/bdnrgjpsqeefp1gfghj5tftiagi0m8oR
deleted: c/2/ae0ub24tki9mjf2rk9oci8c2vm2r532R
deleted: 2/b/440eobg8nejldf8ash1bitud601b9hoR
deleted: 0/4/52vq5cugl1jcpq6aoqe14a11ta7vbrgR
deleted: 2/b/0evgob6cau0jaoud2b5r9vba3imj3saR
deleted: 2/6/152t0lk36r4sucehjf30gf945c47be8R
deleted: 2/3/c8gg12gh4s8jng9lq85rragfdluv9i4R
deleted: 2/5/9cje49q0hfpdk541mh8lgp9uncs7g4aR
deleted: f/a/71g080mqk0bkob9j0t0ste0t32vdojqR
deleted: 0/f/900imlsc3bke91fdj6cs5mqlqj3a08gR
deleted: c/5/fee0tv4u1airuu918a8up4a507pts6eM
deleted: 0/d/b6q4ol9mj9rd4v2rkmkc0gbco50je54R
deleted: 2/4/92pps7nbpjj56mq2s8car1j5sfqr95aR
deleted: 0/f/6cnd8onqegrcifnsmss58ummvnflol2R
deleted: 2/8/95nqc2fsqif9a8jhqebsm1hc3m0kc0qR
deleted: f/a/1e11lecroc8peqq362v5ugijst36d96R
deleted: 2/7/26qvtjs1de7hrh1o9brip92g5u2dhquR
deleted: 2/8/97ehni91b349f97fkt856i7jb6sp334R
deleted: f/a/d1lobt7hd6npf47o12sdbg4odslv8j4R
deleted: c/7/5658ps98eh5ukdvfd0270b8g9uq4aq4R
deleted: 0/2/4bds0cgal3cn7446t7uderki8ovu2cmR
deleted: f/6/0300rnkec04kpi4nhpvuk551p9hvadeR
deleted: c/e/e9umpr7nh3118gvhekv1a8c8lhpf7geR
deleted: f/a/4d13f032stuaulas4hh8b59njtc3jcgR
deleted: 2/c/25jscb09500t6qv604ujknk0g72bcpcR
deleted: f/a/51dsnc5h8bsot3cpvcvc32ucimbbimgR
deleted: c/c/24i90bvvd1gsndvls8adjmnsca7g6lqR
deleted: 0/f/94mum5ngpicdluqrh0oncrpl23p8b9aR
deleted: c/3/5b2ine0kmn7eki5r78fhaqn5qe1deiaR
deleted: f/4/1bbl5b22uef85qfqehhl8p5orfsj0peR
deleted: 2/f/41bvbpsi9mtb8ams2lsjuhllt4s035uR
deleted: c/e/beog3unlmb0sga2o1sf8r97br93r0tuR
deleted: f/c/4b8poakfh5f91ls76nh5520qsuqu99cR
deleted: c/c/99pco8asa2ln2chauhs7j2cha76pqf6R
deleted: c/e/e1879iembavfegu7onknjb9jf00n1oeR
deleted: 8/e/2fh9me3d1dqku8ut0pgdof174b9jjnmR
deleted: 2/5/d61b27f3u8pv077qdl24rq8amrh5kaqR
deleted: 2/a/11bb3s2s8hhd7jmd4hrfrudv62mnjmgR
deleted: f/b/68vfgfqgnkaup9qt4vnv5vtic55p4m4R
deleted: 8/8/5c75bl2tb896p742cgskl3ujtm8tjdaR
deleted: 2/a/a5emn949g0g4rkcluja52uo79uhmjpkR
deleted: 8/9/7cu28gn6gtn452bk2ft78aq2ugg8i2uM
deleted: 0/3/d5cudar057nuhmo8bkth3u88fr26ir0R
deleted: 0/2/399th6sen1ta80pr2tffiidn49o6sikR
deleted: 0/e/35acf4aukne8hit4hun35g3c3dsm3bgM
deleted: f/c/922d6m5c1dapdbperveqe1nf955ps40R
deleted: c/c/72s5qt53frb175ouafko4enjodk8keoR
deleted: 2/2/57os4j07nl8ej8cangabh8uue9upgs0R
deleted: 0/f/60sikvidlaoird54f1hpr0chua15a44R
deleted: 2/5/57k2him1sci3i996ldu6a034sb5fai4R
deleted: f/4/12bm5jqklcrgjjrquvlqf4mu46up1hiR
deleted: 2/8/49shhee22365aes5k0m4euo0cudseluR
deleted: c/2/764n7bkatvue3a3puuci7e3rnrbjts2R
deleted: c/9/c17qiprr9agp97f2ocmfmq9al4ntjkeR
deleted: 8/c/39srm02tp4rrbrtj6gkkfou8h37qelmR
deleted: 8/d/225jmgoceiv4l63vmcvea2rj7huau9sR
deleted: 2/0/0am6gkr3suhi5fcgcambo6bt742t6ckR
deleted: c/7/benbo7mbr6dbd040q6a7qohspd9moveR
deleted: f/9/d8mc46ip0uabtgkh34iae8piua0kpmcR
deleted: f/9/1c5dgiiescpdv42dqknl73rlbritm8kR
deleted: 0/1/efvqc3k0qfj9894c4kin8p9oumbjpscR
deleted: f/6/b32d7642vtdnp7be67e35hkt7urmpcuR
deleted: 0/2/535rcdghc2kgm748ceevhe2rjq84iqaR
deleted: c/e/c6o8hutm04r32lf1s7n7g8f7kj72hq2R
deleted: c/b/8dpc7ujf1inv246nrc6kl51t6vnilqiR
deleted: 0/2/d8rq53cvm0kj3i784if37qt2hoqttqiR
deleted: f/9/3a9rbv6sk2v9kl16ln0ad2c4i98pclaR
deleted: 2/c/6a90fai18ih4nm5ibm9046dbur0n72cR
deleted: 0/5/d0461eleg7teal32b5igf8mbs6k8ug4R
deleted: c/a/1dinhm1qbcrbeh3071dmbn9gnbnoul4M
deleted: c/b/d744dba1gg4fgiri230roi389l2mljeR
deleted: 0/6/58rpsvbdtscf0j14mgoota14n94fhsgR
deleted: 2/1/c9ra6n5gdpr6h7rd8n18k624kb73h8kR
deleted: c/b/fd6vmip6oe8oa1pcua5bm4fssfkdohaR
deleted: 2/6/35mv5fihhak5n4r4u49ciq50662nqlgR
deleted: 0/3/8epnke40gttktdbbljj75i1et8sdb1iR
deleted: 0/d/c3qp56m558ltq4edjs425o032ndk6tkR
deleted: c/5/17r7l8nrol9ihc3f6di5c2j5vsur2e2R
deleted: c/8/e7vii2t15bc139cekn7i5r0ekm7io7iR
deleted: c/4/69c6jfju8ttu694b2390imgcpo9qkfkR
deleted: 2/b/fdo3od6o9alifuj236dmcacu2bj3d36M
deleted: 2/5/2829jm2hekddm34o4udbrpbm98sbmlaR
deleted: f/8/d2hif15s955387mu01j6kfo3dnoh5fqR
deleted: 0/9/bbaesuen4lbte1biglmeg3gj0dpj7r4R
deleted: c/2/c3n17g431oo4d9b5kbu5f2h006n72vmR
deleted: c/f/1asssn3vg8u34ppif6p1dni79en8osoR
deleted: 2/1/beuuae40omb2ec3vbdaobgb717e9cbkR
deleted: 0/2/169evhokiskmvbiofh9d8eb2rsnmtpiR
deleted: 0/e/074md79a2ejjvvmrr06s9ivdhd4a0n6M
deleted: c/6/7em7o6d6mnq65j33d3m0d8g724oei7kR
deleted: f/a/d837psailbgtd7g4jp3p3sbci0v1lmaR
deleted: c/7/67d2kq3cbvfq59bjc9d36bvdc2jc1feR
deleted: c/f/2e8tom01e621g17nemiqc3gj43k6h5aR
deleted: 2/f/79j049i7aomcirbku1jpi5utvm6bsbuM
deleted: 0/f/78cao76m657thhfg8lfgoqvuhjjmdjoR
deleted: f/8/c6apb6rsvs2thgr34oqigdtitphhuoiR
deleted: f/5/7534nnsccuo92a30ad6836efkn7bc56R
deleted: f/c/3d8l1palol3bcl3bo77m11na7vkq696R
deleted: 2/2/27jotgq1hdk8su5hr8bhddoae668jrqR
deleted: c/5/39hst42n9fot1hfs67uf6oq1k6vqrv4M
deleted: 0/f/51tdph30daeh8o77fkfjlrheve4ifhqR
deleted: f/5/9dkmpnqvpqig08g25nrsssq2ggpjd3qM
deleted: 0/f/4fo4ap4i585fk4h4sv87mrfcujn9gfaR
deleted: 2/5/8eroqprholfpe64ri9lb7aqsg9jp418R
deleted: f/7/fa030a8mts65ug0fb728858kkvu3trsR
deleted: f/a/3fipcd0089ff4dro89v8li3fbcor2meR
deleted: f/c/d2klh792slvnvra2cm3jt9vif3a0co8R
deleted: 8/7/6a1v0i2ctqjsioago1ki6ad9hc1fei6R
deleted: f/4/cb0oa0b3ukpltlvbb4p0ciofea662suR
deleted: 0/7/8b75cnb36grhbsrehtemfsbjk4rrfteR
deleted: f/c/0dlnspv2hjdjninqp839ap2u7fcsdbcR
deleted: 0/6/efou3nmss3s9rs1oejvig8vnrsg7p6sR
deleted: c/e/d5985m77i7a67mjhh7tlvreu5kqrjraR
deleted: f/3/55q4nogv5re0tqd5afmefgj2rkhg5rqR
deleted: f/7/79pnceamr9qb5qt4krfbkmv0khpcvsiR
deleted: 8/7/9ebf33iv7vkbnnu4s5tcjtlkicbpjjqR
deleted: f/a/acdnj422fdv6o9fkcsof17o1ik3alvgR
deleted: f/9/7bevm7i2c31vt82een21nhfdr407dvcR
ccache cache size is 171Mb.
Uploading cache ccache...