SHA for cache folders (/tmp/ccache_dir) is '798f97fc8ade1fee6a17c196bfa4768076b13c8b800fee4a0cc031fc57680b66'
Cache ccache has changed!
List of changes for cache folders (/tmp/ccache_dir):
modified: b/stats
modified: b/d/e3d3253ca94092ed9e1506fc624f77-28339.manifest
modified: d/6/16b84dc36ec29f689926feaccfc23e-7875.manifest
created: 6/f/e88416e8742c6d8a20f6b6aef113e7-2740340.o
modified: d/stats
modified: 8/e/4253362729ba6f53f59ea81ca0fb60-6514.manifest
created: b/b/99c64bf98b84dc0f07af5658977a93-81762.manifest
modified: 6/a/38e9c8089b4a11e768a713f458e4b5-16116.manifest
modified: 8/9/e1652277580a44222f78a9a071506a-49827.manifest
modified: 2/stats
modified: c/6/ac1b1ea8c338f18591d0e8b8f32889-5596.manifest
modified: d/a/b5c6a83b0e63cb437b218a519ea0e2-29465.manifest
created: 0/1/ba1442aa2010f4f25bf28f22fd0cbd-4205683.o
created: 5/4/87e4b44de6801a8fcb79cc259f5a78-7336724.o
modified: 4/2/cc9bb6dd189e7fc9029ad115b0f354-4759.manifest
modified: 2/b/e21cd833007688d6acdf3243158720-2002.manifest
modified: 0/d/03a7875810c41d4e76d81672573d82-11902.manifest
created: f/a/a617b7c3397bc4fbc59ccfd31f286c-2458489.o
created: e/0/219b35ff90b9283b4c8f759c2ebd76-7064513.o
created: c/c/259d6667632eba762ccefbf204c021-57147.manifest
modified: 6/stats
modified: 1/b/1f6994143ea419cd3550a88ceada31-3346.manifest
created: 7/5/92def9e99a4c897db91795b1e7be4c-4170171.o
modified: 2/b/25365ef6b4770e5be5da121800b693-10806.manifest
created: f/8/b7a89634a352b407f859978df85675-4268168.o
created: 7/0/726e94aee815682db5b4506eacc4db-4288125.o
created: 6/d/227a3398912472622bb8e04b8dd6da-12093.manifest
created: 9/b/4b07509a7284fa08410784dd3e0585-5506783.o
modified: 7/9/2840fd765d4fce6fbb0feb9ecea940-95311.manifest
created: 5/6/8eb6f6582b35d7416d89a50ac38fd1-4190747.o
created: d/6/a3be8d8fa9678506406b4846aca6e1-4169455.o
modified: 6/7/b24cf95e6064592b3fea9131127bc6-14770.manifest
created: 7/1/d9a236464cbc4493bc0a6ec8374161-5443051.o
modified: 5/c/b348f1c1b49b2dd9681d5f67e6cbc3-10732.manifest
created: e/0/f8f2dced4ba690b9a6c35008cd66d8-5990004.o
modified: 3/stats
created: 0/1/63c56d7492faa9ad76e6474e2360d0-4205267.o
created: f/0/cf8ba85e56c36a453f1e7028b7af6c-4341570.o
created: f/3/74b3736dad59f5182d74ea53dd4d88-5041754.o
modified: 8/a/1c4ddfabef47c9b86500b190fe06ed-3893.manifest
modified: 1/3/df2e6bfe5f5208737f421da6666f81-2178.manifest
modified: b/b/d7ef40d64b616210782a6f58ec67bd-17691.manifest
modified: 3/d/0e00bf1f6602784102b29e0e0d806e-4143.manifest
created: c/2/ebe3f7a8e569799278e0403a7e30ae-5120126.o
modified: c/e/8c53783f729bf2a4d50ac9a0528d25-10908.manifest
created: d/3/56592e1c26b162b440334bb09de258-4534554.o
created: b/6/64eb3a64666ff6f3b737270fb28cec-4191953.o
created: a/b/fa31c56a393595ba0229b15c54ebc3-4211412.o
created: 5/8/0e95e3806fb026bb41232d6ea536e2-4243041.o
created: e/4/81097706d09bedd36887e1cec0d4b9-5308479.o
modified: f/7/86e539b1d1e043bd42979b90bdece1-17864.manifest
modified: 1/b/6f895b38cd2ea577dccaa990343a06-8534.manifest
created: 6/3/9bf863eb14da6dacd4da6d9f643639-2374779.o
created: 0/9/9d97f2ff14bf75da870bc0cedbe230-2687246.o
modified: b/4/20069513831992b7e4a74acf75bbf4-3156.manifest
created: f/5/743373dcde21b141291a3bbc6541ef-4082.manifest
created: d/d/9d8d96f55c8bca48809eef74078586-2401476.o
created: 5/b/24a3eb476ee822728d7b8b2db683ba-5312663.o
modified: 5/7/fcae48b77d697c7ccfb44fc88097ea-17575.manifest
modified: 5/stats
modified: 7/f/5d59ccec1e4c487b19a0190059f574-7985.manifest
created: e/9/db6b4a876f5d3063916dfb0d06c5af-5297154.o
created: 7/7/818fbb31bee76250e5e946787843d5-9417.manifest
modified: a/0/d9a5ebf39d1bd740d40f4bffdf75ce-7715.manifest
modified: d/6/2d9c800df4a78601acc2556d622ca2-32903.manifest
modified: d/3/6f3fd9d96c3ae7b95c399057e0fb96-16110.manifest
created: 9/0/23c09f59149358e67659d5273d8335-5459897.o
created: e/1/8c44c1e34022673b4cdd91be807ce6-6003174.o
modified: c/3/0c85abe4c4c4d0bc645521556f199f-37043.manifest
modified: d/8/c1f63f42869fdf518270364f792ab2-18946.manifest
modified: 2/0/943a7ca2f5b0a2515866891750d5e8-12644.manifest
modified: 4/8/2b4a972e8c78aec707fbd32ba3f899-86849.manifest
modified: a/5/819a777d26fe707fbdc58885f5cc1b-16507.manifest
created: 7/b/7dfb8e44bb3208d6f3e1fbdfb51e33-99680.manifest
modified: 6/5/fb15fdf2b64c2329abb176a89f8923-47117.manifest
modified: f/stats
created: d/d/d54ffc3d49e1b7fe530e6b713b1979-4199573.o
modified: 4/stats
modified: 8/3/9a4d99963f2a690692a03cfd14fadf-24316.manifest
created: 7/e/bc165c228ed0eda36b62a81bafaef4-5902998.o
modified: a/3/76122ef188d431291d28b7e9c9a002-2189.manifest
modified: 1/c/ae56a8f2e791659950587fcd167c4a-2922.manifest
modified: 4/e/8c061edf609854110e572ee8052f1e-50174.manifest
modified: c/6/06da76cdaf3416ee048d7e32243698-3247.manifest
modified: 6/b/780e955536dc99d448ae1c2ce88b86-31455.manifest
created: e/9/a7c1e0878713c8c07d4401c7815e7c-2925.manifest
modified: 5/6/b1ecb1b86c9ec366dd38523722738b-6125.manifest
created: e/4/afbb9bb50e88e7b5be41dac9a42f6a-4152833.o
created: 5/8/f9cd40150a7ae7baac0d31cafe1be9-2426474.o
created: b/9/51926a8e45ad63b05341d70115ca1b-4429150.o
modified: c/stats
modified: d/7/155eff83b8a86e223fa418c65e3aa2-10691.manifest
modified: 5/6/c93deaac4c37f3d2802df637f928a3-4997.manifest
created: 8/2/3af7b60cb995d9f7e8151705db8294-1455763.o
modified: a/8/1e0b1d77b84a32001a788c5a56dfe1-7849.manifest
created: d/a/0ed5f39413388bb0200661c5e44563-4198599.o
created: c/2/d54f85e4e04ce4a338ad21f6e2892e-5050156.o
created: 2/4/aaba7f70c9d34eae77fd2938a2b2e7-2493406.o
modified: 8/stats
created: 8/e/3daff34d0de9d59dcd3b58c35f1841-6143259.o
modified: 7/e/ff9977a5301d1015127d9801b0b459-46998.manifest
modified: f/b/e343811a6c037cf806379791f21c25-43021.manifest
created: 1/d/e1c8b5cb930acb1f0a7bd701f9c5a3-165223.manifest
modified: 1/9/3891220de89f3d4c3e2e1b04774b3a-3379.manifest
created: 0/0/94e1a549d9241935b9188f643a92e9-4575852.o
modified: 4/2/f3beee392d1bab656eb315e47d1db4-11629.manifest
created: e/f/3f888a2213d62f138e3ba67f9c2e55-6132321.o
created: 7/5/e2e701d2ba08899e8b1fafc932800a-6133351.o
modified: 7/stats
created: b/9/b9fbb76b29aac610c5020535e054bb-2243155.o
created: 1/a/e16216a440fa1238ff35632676919d-5409207.o
modified: e/stats
modified: e/4/57af5a5a62d0b9d728d7873b40b19c-113987.manifest
created: 3/e/1c4f9a4c2e29b8b7d81bf12b3aa6fb-48297.manifest
modified: 1/b/5bb7c678b43d8554cea37d369efa59-8426.manifest
modified: e/b/fe1d111923f68ede676639bf82a666-4449.manifest
modified: a/stats
created: 7/4/50b1cf22617646af9ad8395d50b822-5299374.o
created: 1/5/f2d424bd86b89643430af9e612e2db-4248555.o
created: a/0/17f3134fa5d0121ca1b25246eee16b-2590113.o
created: e/1/4d5d33f357e18d0b2e62595c530e75-2663629.o
modified: d/7/9c0f8557544272874c9d04dc7bf7fd-38647.manifest
created: 9/6/129b96d38f13da3c1efba0321c5928-37646.manifest
modified: 1/c/a529fee5a3f55ea1d3bc0a6e3caf0e-12232.manifest
created: c/c/7f4901f1886e31d98e29ddc5b99a06-4261568.o
created: 9/6/7e9bd577080a54f08c5f3d8c747e8c-4161489.o
created: b/c/4dac8a624ca7e3a1ee261159f34647-6007271.o
created: b/6/bc96fe73c1c0414659774d94f2fec6-5772727.o
modified: 0/stats
created: 7/e/9d6bb505b8fceef000887f834e9c89-6775735.o
created: 2/1/25f7588fac70fd75495d31664bcbce-5050727.o
created: f/a/3713b43ad123cd7bbd323ab17ea281-4371426.o
modified: c/7/6d297d2331e848c584751c54a0477b-23393.manifest
modified: 9/2/e8b301d365dbca0554cd0e5019fc6e-101640.manifest
modified: 7/7/d674e78fe16ab9a6fb4ee9a83e8b5e-11167.manifest
created: 6/1/c18a8bfcffe31aaae2d6265cdccd8d-2711197.o
created: 7/0/b196f7551dd36b54ecdcc11f48e703-4264684.o
created: 1/4/88b71624e79140fdc4093e49fd0b7e-5348695.o
modified: 2/6/d6797c74ca73bd6ef4f1ef35c8e638-2179.manifest
modified: 1/stats
created: a/f/550c3214709b29feff746de41eb551-7147234.o
modified: 2/d/f0da2cc4a8eeb75f8fa8d666fef907-2858650.manifest
created: 9/2/728079673121daaf4c8e02e99cd74f-2554907.o
created: 6/0/d2f1fa58cd7e6850a276fc96b9d388-4210683.o
modified: c/3/8b89c1d57f7fe8654d81a1e94dcb88-56571.manifest
created: 0/0/3f4bd78e9fa5d5dc8de70ae09cc6c2-5697913.o
modified: 9/stats
created: 4/7/4cfdfe199746e97a0e1015e3c7d860-4255317.o
modified: b/8/545906b57073ea3f41899e0aab2c1f-12652.manifest
modified: 9/0/a8ac3a8cb3b46067a129927ed3debc-5542.manifest
modified: 2/2/73599cd61daa9698f4628a5a47fddf-7496.manifest
modified: 5/0/b5f99c4cac83113f3ee12ffe3c1a11-5596.manifest
created: 3/9/27fb2b9002ceda630442b4a477d269-4372834.o
modified: 1/e/a93bc1954d56c275283e950000327b-26161.manifest
created: 1/3/9040f49e13524980b87604d9e050dc-5257031.o
created: 1/f/de8b83458f8ec147962438c047d103-5463146.o
modified: 8/7/93e33f2d1b553fcfedfcecc36282a0-13233.manifest
created: 4/4/63e2cdadb1b73d3a1cb80dbe883c31-5156269.o
deleted: d/1/27b9a8f38b93a29be079ed89681b6b-2531222.o
deleted: e/0/82fbb0bee0c124c471e073ccbddd0c-4124090.o
deleted: e/b/c157c8ba3c8b4b125d89bfe886df6f-2348929.o
deleted: e/7/f5b2a29106a041d2a2fd6808de462a-4420968.o
deleted: d/5/c9b2c90b6221bf09a833e667dc74c5-18121.manifest
deleted: e/b/f7251fc4e1451814b803b7cc99ded0-5693502.o
deleted: d/2/ae1985ee554e938b69211a7749c2c5-6231008.o
deleted: e/1/8ce46446978e8e2b893a5f9d93de35-2280949.o
deleted: d/2/20a3e5cfbb0ef068fd4e8bfe7a57f8-4064438.o
deleted: d/7/f9cfd60fa379d956dee259cd57100d-4584349.o
deleted: e/6/2b282d8336525a07b8b49b0731a915-4029315.o
deleted: e/0/1c23b94469765234fb781d3576a68a-1494967.o
deleted: d/7/03738cd474218f23128f7cc9fe8a67-4029609.o
deleted: d/1/f960d1a1a6b4e5a9844f4c909ad3db-80708.manifest
deleted: d/5/7537cdf16cdf7cfc181791d4f8501b-6234553.o
deleted: e/1/0b0a56a9a359c17f0d8e27f201271e-1961300.o
deleted: d/9/b4c63b4a0c120359c2f1da28927794-2644826.o
deleted: d/9/88061b2b10215fd14e8ac32047b7fe-5039076.o
deleted: e/8/579f1f935c40a5222091a166356af1-10791.manifest
deleted: e/c/1523c7590c8d5cceb005534e3ba37e-2226162.o
deleted: d/2/adb1f8a22ef443e170260f2eed20e9-5346017.o
deleted: d/6/6894393955d9c16642f16f61c81cad-4203604.o
deleted: e/c/44f00678222ef9b4d0635696a3789d-4049129.o
deleted: d/1/98607a8c83f9d758d851e14d5b5e57-4184425.o
deleted: e/9/24e01191b5d4a8c79fcb851b8da1b4-4513444.o
deleted: e/b/101452e1f12a02a95a3c147deaa82a-2166273.o
deleted: d/7/f0f8787883db45f9ffbb5f05760892-4218609.o
deleted: d/5/06e2f59fed418111338f39617a1a9d-4406835.o
deleted: d/0/fe8ad24574b30baca47b5fa9688116-5865378.o
deleted: e/9/44abec7a65e603d1005e704480f3da-2792480.o
deleted: e/8/12ed77a7c2101ca38f566ea0977a94-6308.manifest
deleted: e/3/06e5dd2dafdb4bc4cb78196876ee79-7422825.o
deleted: d/8/b17ee8b7834d76ddf84c44b823f7e1-6866.manifest
deleted: d/7/0e92796b5fe51d1eb8e297aa9a068b-5123948.o
deleted: d/2/2aca76b2f36eccb2df055703094979-2972678.o
deleted: d/1/94fd2750ef7e7b3a6e629f1a2e287c-2396931.o
deleted: e/5/c6995fb2aa255327bfefaab8af9e99-18892.manifest
deleted: d/3/35c0f6f05713876fded3556a1daea5-4773739.o
deleted: d/7/f2ff0177e38ba090861b69f748f414-4534216.o
deleted: e/9/e86e6bc7cef05364c30ec509a5d6f1-2176814.o
deleted: e/b/d256a706a62765818ccc0052ab570f-4443713.o
deleted: e/b/d35b8f50b836b212551f4f5277f7fd-2608939.o
deleted: e/c/3cc13b5679def0a8087e240e60ac18-4066857.o
deleted: e/9/27fe30b15b24f4bf437ffcf1e3de16-4157778.o
deleted: e/c/24b109e3f6d2c9001797c4a8bffe68-4462652.o
deleted: e/b/f72920063a08861a4e624a1299da3f-4175895.o
deleted: d/8/4d79bc82fd3834a4fe0918c3b97b4b-2329876.o
deleted: e/b/dc9ff9bf723a8ab6f61c940a642602-7086.manifest
deleted: d/1/c39aff3eee62e1bf5eb68e858ed215-5987326.o
deleted: e/b/c1daca9808d4e9ca2d5f9ae4fee44f-4064000.o
deleted: d/0/86a9657d8b538ee6f4ebb281cd4c4b-44316.manifest
deleted: d/3/5f2f3ce14afe7837903567b96d02c7-2403916.o
deleted: e/c/34ff5d73a29c9737680445a1d4e5f1-4085931.o
deleted: e/2/ea00abe5c4d8ae5484c8648baf0bb2-2151309.o
deleted: d/5/5f8fb9e3f3acb730fdbd256ada4c36-1910234.o
deleted: e/b/ed0b4e57a28b81d2e988f31c7716e0-5048212.o
deleted: d/b/1232cea7d453cb102c95e331f4d702-4061326.o
deleted: d/7/dba7966af862f88f54e8bf2f8674ad-1455763.o
deleted: d/6/d697e26a3ba32433cc2a5aea1956e0-2891411.o
deleted: d/7/d9d5e7df24b143fcf96b48591380b1-4534832.o
deleted: e/9/1774211a7b7ff9cd1b61e211f96dd8-4060674.o
deleted: e/4/f25cf921a8d11427ee9003301712cd-4326941.o
deleted: e/9/c18593b8c9a493d65344d162e5aa79-17585.manifest
deleted: e/b/d4553d6cd183480423b4c9f9c371bd-4096209.o
deleted: e/2/d03b9d2cdf509a7877ab9e01494fdc-1005849.o
deleted: d/8/e1d8e3726572d00c90efba3eceaed7-1547002.o
deleted: d/5/4b2ce3ce141b94a0c7c4b3774abf09-1673275.o
deleted: e/7/1e9340350c16da486b52af803e492a-1829232.o
deleted: e/2/7145bf33a94351b9d85af3dc2cc867-1672929.o
deleted: e/9/cc662047d862e1ab1b14b8b6a5aa6b-6086482.o
deleted: e/6/9d7747d105afa66a7e09302e9892aa-4174897.o
deleted: e/5/b662ebdc4a693e9506d44f4aff33b2-4523059.o
deleted: e/c/2fc81636ec4b4aafe8856e024db87d-4027975.o
deleted: d/1/e4569ce5728e2843048fa2e8b0281d-2044523.o
deleted: d/8/f0743a840f5c8ddeb0b9507052c28d-4287927.o
deleted: e/b/c1dd30b7cdbc62cecad90cc7984a2e-4134841.o
deleted: d/1/406002dadf9c7c66be58489e8b664b-2457865.o
deleted: d/0/28b759fbf136e1f6682734b4ac9f79-2641570.o
deleted: e/0/b6a3d9bf7e13995845a8cf74e4b9bd-4404829.o
deleted: d/a/3149fdecd28a054d9822d20079bb89-4208734.o
deleted: e/6/1026ab39b46d8822f7cbde77d38b1b-10365.manifest
deleted: e/7/0b4f51c92e367a67c5f65b62396c35-4159612.o
deleted: d/1/f4e96cc1d25529e33f080bd9785bd3-4547924.o
deleted: d/1/d9263fd957a4a20e38652147b9c88a-2961563.o
deleted: d/a/36aa4b7a07a36b8a8d2f8b7b150de1-4558222.o
deleted: d/4/5d3ae7279655e1efe60925df5f1824-4426562.o
deleted: e/6/0573dccde06e1c31092f6703e3c33f-4415683.o
deleted: e/b/c54af849621b0cfbe7aed34d6d5bb9-4203960.o
deleted: d/a/a3ad8f35b25188b55af2ff960bad91-2650405.o
deleted: d/7/4186a84f05e610dc1723a8468c7727-2597194.o
deleted: d/5/f86bf42e28125e084fa68f85d36550-2410271.o
deleted: d/7/0ec0e9e472d9e801bdaaaad311f417-4579582.o
deleted: e/b/ff53f296e5fdf6dcb18990b3f1f4d9-4639703.o
deleted: d/1/8534111c4d4d142a3e45b2b6649725-5296598.o
deleted: d/3/f8e826a85318c189aa3f5d9d16c219-2109757.o
deleted: e/b/eec05af29a7a0fc2dc8ea44c4637e4-4415169.o
deleted: e/b/c579f18490d6d2ff5499727d53330e-6773177.o
deleted: d/1/7b815995b054adf34d073760f47b5d-31294.manifest
deleted: e/0/2e02d7d79c6be7f85351c65e06a08d-4164788.o
deleted: e/a/c005a5ca2fd847d25f169f3dbb521d-2792393.o
deleted: d/6/f8a492d02e8d1f8fb5f4298ff81710-2644550.o
deleted: e/2/5af4af2f10df728c12a108b659d217-4608023.o
deleted: e/7/13eedcf41d9fbced676beefe74a3d8-1672929.o
deleted: d/9/3c24abe262eb30f3ee40fddf58e35e-43921.manifest
deleted: e/8/87403675ff93282c49ff63abfe8855-4515155.o
deleted: d/0/e67f5c2a60d1a85f56c4022839eba5-4086631.o
ccache cache size is 173Mb.
Uploading cache ccache...