SHA for cache folders (/tmp/ccache_dir) is 'b9ef85127befc2afda53e3733eface614eb758679954b0ac57fa83c68feedba8'
Cache ccache has changed!
List of changes for cache folders (/tmp/ccache_dir):
created: 3/5/9496e18ea5d4d84c3ea740a0648935-7839.manifest
created: 3/6/c09d6d96643e4b9c5c31b0bc021233-10078.manifest
modified: 4/stats
created: 6/3/5e20f91db5871c85c1567c430486d2-17095.manifest
modified: e/c/afc66ea7a0a21f5546abf872b96cac-4772.manifest
created: 7/7/9ca0cf6cfb80f097088208161554e3-9130.manifest
modified: 8/stats
modified: 9/stats
created: 3/0/eb76de8e28a09f9d7d279bf8f737fb-1699.manifest
created: 6/1/63162f49a6c293f74f1ca7c4891512-4936.manifest
modified: 1/stats
modified: 5/stats
modified: e/stats
created: 7/2/2d00acef1f58c251d77cb08d404f8f-1927.manifest
created: 8/1/876465b0bf0c97b4d567fcf8d989f1-1780965.o
modified: 7/stats
created: 7/4/28cd315a9f4c7fa89765fb019d0613-1612.manifest
modified: b/stats
created: 6/8/aa964fa27f276de163e81d7e8b8ae6-18407.manifest
created: 3/0/08da9853bfa6df422c1ba30cd0bc6f-6741.manifest
modified: d/stats
modified: 3/stats
created: 3/5/e2d0bed230acde02496437943a9cab-36091.manifest
modified: 2/f/0ce243eba556b07301e7fbff65aa63-4827.manifest
created: 6/1/2c3811937cdc443a510a1319a368f4-4671.manifest
created: 6/6/308a49280592a23e0a569da7b261af-4521.manifest
modified: 0/stats
modified: a/stats
created: 9/e/550553c2eb6dbf971a6e948335fdf7-1780933.o
created: 7/0/4fb646fdc11dae95990ca7ccb11a7d-4498.manifest
created: 3/0/69bf880577df1973f6c9581d8e866e-4699.manifest
created: 3/8/8a4a2dcc1be7ff12ceb1c989890a6f-17583.manifest
modified: 6/stats
modified: f/stats
created: 6/8/8088fe33437f8aba3def5e9e690e9d-1417.manifest
created: 3/8/e84f530958375d95a93b711abc8f2b-7821.manifest
modified: 2/stats
modified: c/stats
ccache cache size is 169Mb.
Uploading cache ccache...