SHA for cache folders (/tmp/ccache_dir) is '51de7cbe90c1bca07a457b730fae1ed9b2f2702ecd71e2f8dbf7935544b1e6ba'
Cache ccache has changed!
List of changes for cache folders (/tmp/ccache_dir):
created: c/0/5d45ba1c032e9b322cf35f766e8e0b-2802252.o
created: 3/0/69bf880577df1973f6c9581d8e866e-4699.manifest
modified: 0/3/927b2b59dd1b9a3cba53f9d9b4a500-8563.manifest
modified: f/4/613577314a15d475dd5d2d5b0d4509-2086.manifest
modified: 8/9/b36b13b01978a7a088b82f625f2780-14482.manifest
modified: c/b/854d47e9508a4c12d7a017177cd3ec-6542.manifest
created: d/0/f2e9e77e1027c27abf1ceba56d9508-1658047.o
created: e/7/6ea1c6f5a9bf6571ba8a1b81ae998a-4433311.o
created: 4/b/42b209f5e58fda158777da1677a474-2442694.o
modified: 8/0/940016d121ca03751603d152e61a3d-6832.manifest
created: 5/9/6e8936a88f35d842ebe4420e407eff-1818413.o
modified: 6/8/8088fe33437f8aba3def5e9e690e9d-1417.manifest
created: b/0/4a105730bb85c198d4f5865965b43a-3881288.o
created: 3/9/249c21d5f1c2921b1e74691e281c0f-2454019.o
created: e/b/9252074723dd76113b9af5432d332e-3182047.o
created: 5/c/217c323f9c68746b614aa83c818df2-2490.manifest
modified: a/5/f40f43923060648dc3fb2f14a77ae8-1882.manifest
modified: a/a/b98a78c28249cfee1f0840da7614dd-1688.manifest
modified: 6/a/83af26d521b20c83d779959634332e-11450.manifest
modified: c/c/9ada3df6c90041c7d727f33cfb97b5-7127.manifest
created: 1/0/a6f5b42d9a07c6ec14fd3b46aeeefa-3200593.o
created: 4/b/6e74acf3078ce930814f654150b2a0-5091986.o
created: 5/5/18d7e783dae8ca65d16192bd334243-15753.manifest
modified: 0/8/55422acfd03b56273d67bb65c8de9e-9353.manifest
created: c/a/480add6a2e0d8bb9c791ce9e9143a4-5283733.o
created: f/1/8d87ad1dc4aa8fe8f679ff39e35ad8-14571.manifest
modified: c/0/be990b41219450f76ce310fc438f50-1685.manifest
created: f/6/b3c13c5b26dcab1ed6f4e2efcc4493-4980671.o
created: 2/1/a6ae7772e48cfa59cbc5e20e4fe935-2443165.o
modified: f/2/14877bf8bd989378e085f07d9882af-3785.manifest
modified: 8/4/57f1f149175a0b055e053b6bab75ff-2798.manifest
modified: b/a/a65663e9eb90921a4e1d2fe2811ae1-12338.manifest
created: 7/3/fa24ed2380ef9ecc6d35d588117e68-5127230.o
modified: 7/5/31a41869fe7cdfeb6a314ad95e90bc-3686.manifest
modified: a/d/d01e1b614a341d2db466cc48ec2a06-5413.manifest
modified: 4/8/3f18d8f1dd995a68c8ba49e684d8a7-14423.manifest
modified: e/3/385ef98d518b92c74b50672230833c-10647.manifest
modified: 4/4/be16cbb436afcb46c8807fbd125b31-5221.manifest
created: c/2/250d0332351b721aec6330e6c8c5bd-3231933.o
modified: 3/d/45391348546241e8d90352585fb9dc-4289.manifest
created: 0/d/01082a88cc795513698a6a3dfbb1ff-3903656.o
modified: e/a/ece162fb81ddbafc63361d8deed5aa-4194.manifest
modified: b/a/03d030b79416bedfd68c10cefbcd64-6105.manifest
created: 3/1/e4030990b4cb50efc607c3d6daa7dd-2278000.o
created: 8/e/531dd4b4148d44b532192807eaac8b-4426509.o
modified: 1/d/1c2213671f0573e7e1267a5a5ab2f3-5847.manifest
modified: f/stats
modified: e/2/e2b1dccddd55c3c0644bb0f3401ba3-5420.manifest
created: 2/3/178ce7ad5f0dfa7c67cf47c52bcbf3-4415740.o
modified: 9/1/36791b28451fa445469f9202182d56-10368.manifest
created: 6/3/e89a9c8745e1d46debf7797909d750-4629523.o
created: a/9/0a3d5112cbdef0551ca567c654ca90-3123430.o
modified: 7/7/4c2c9df7d5131ec950b22999cb9cd0-30927.manifest
created: 0/9/d93ead2e3bb3075b17fe51a2277b49-4436172.o
created: 1/9/2858444e8651ae0a21e5d0ca155ec4-2442666.o
created: a/e/6e45f000d1e79ffacba1dd0cdf6fe6-3178582.o
modified: 9/7/eb14507bd095b15557d03944ff0e15-9983.manifest
created: 2/5/575d31567e946ee1e4d73103bd13bb-5171348.o
modified: 8/e/014778f9c2f2841b9d8b68ab0d7c7f-10677.manifest
modified: e/c/b47328d7404ea069809a7c6daad4e9-1772.manifest
modified: 9/c/63b2c873aa8ca60b14d636e68bb956-4824.manifest
created: e/8/46c56bf9fb9764e67d09882504fe10-2443054.o
modified: 8/4/cd66e1112971d982d8e3d1eae3ad89-8415.manifest
modified: e/4/7b4d1b3f2c42b568623ba319dcf050-17312.manifest
modified: e/5/1df13802ad0786d19125d2e238d237-10416.manifest
created: 5/1/c3b36ad6864c8f4f58244b8f426ae7-2444193.o
created: 7/7/2b499441c63b7ff83146b33d4f86a5-1649160.o
created: 2/d/4b970ce9feaa5a507cf2bffa17ad6e-4385593.o
created: d/b/99d4f2ba5bf87eebd81a1913544d46-3172856.o
modified: 9/2/58932d55fd07cde2a1350c153230e7-7726.manifest
modified: 8/f/128270d4b72fb44c4001251b6eb0de-43693.manifest
created: c/e/f2f60d0d9d9775f4c2718b7efa60af-4351797.o
modified: 7/a/cfb80bbb5753c44515e0a56efc4977-2987.manifest
created: 3/7/688c20691febea2aba700b7b860de0-15585.manifest
modified: e/9/398bd63e1f92794f9e52a8d6e397eb-33493.manifest
modified: 1/8/90e525c40d18d80e4a56f2bae7bce7-6545.manifest
modified: 9/6/1ba440a93aa59639af5e1e59f25fa1-13103.manifest
modified: d/b/8fd2ff17bdec6c34ed8aa7e9b3096b-2954.manifest
created: b/a/560982d36ce8f55cdad95f2e15f7a6-2498.manifest
created: 5/8/ca333de4a6ccba2e84cd5051b3c795-2849300.o
created: 5/3/b02e518a4e448f3104db2f3b607270-1125730.o
created: 5/9/c4e97b85f4ccda1ce1d9574b712be3-4930119.o
created: 8/6/9d4cdb1c68493049f35d92eb96ee01-3925358.o
modified: 3/7/ef265ed197adc64e38f390a2a04d38-7637.manifest
created: a/4/e0ccdf2deaab256544887a766748bf-2441731.o
created: 7/0/f8a29f01268369447fc08af0f5b305-7844.manifest
modified: 9/b/e0d9a17053183bc0e1a7f5081dbb6e-8010.manifest
modified: d/b/f4ca7d35bb92db8e4a60ef5a00064b-6121.manifest
created: 3/0/08da9853bfa6df422c1ba30cd0bc6f-6741.manifest
created: 8/d/d20b00f9fe7ffc016192a28f24b8cd-4638457.o
created: 5/5/df706c88ce234cbf9fc16a231d63d2-2520924.o
created: 7/a/f73659b67196070fc7d0877807f205-2915215.o
modified: 4/c/8d17364022fe1e884e6820c02e4b32-37268.manifest
created: 5/4/50ce9f2ded5722cb77e0d847970920-8583.manifest
modified: d/7/9aac2836434bb18de162f9027bcd9c-14026.manifest
modified: f/f/6bd46c3a6d3e03b01c39fb0bd7562f-5465.manifest
modified: 1/3/a8d2271e90c0d7b10251779e9ddad0-3411.manifest
modified: 7/4/3362e27c5e50960a75845958908657-23529.manifest
modified: 9/1/53c7ba49696308c37dd8e8559856ce-8663.manifest
modified: 0/7/32e33d2a72a385f5dfe9f73e9c5726-3590.manifest
modified: b/f/5e4db7cf2f47e3e40a40e9f1e26b9b-2724.manifest
created: d/9/fcfa8e05d683b064c29ab9a283fa22-2452139.o
modified: 5/6/db71fa9dcb4ce32b63e686024f3b8a-1868.manifest
modified: b/d/69f6066c7d2e96da3e1453e3c55ccf-13220.manifest
modified: d/c/f749141aeaf5d4b6f0982a2b1a4878-1752.manifest
modified: 9/0/cb35508bd2873fedd8b47df51016c3-38242.manifest
modified: 6/d/ec0cfaa3512b8f1e24a23469a92c9d-7548.manifest
created: 8/c/ecee34f599fa8599b3621629824a4a-4554654.o
created: 3/2/cc2c6e4ec1b8a01386170859f38fca-4872.manifest
created: e/0/df2008de6ae4fa46cad4678806e7be-3035006.o
modified: 3/6/c09d6d96643e4b9c5c31b0bc021233-10078.manifest
modified: 2/b/4cdceb90e452ae5f4ea53b8079285a-256073.manifest
modified: e/7/1a6c03b137c8342352c6a6f5eb89a5-17832.manifest
created: 5/c/611274a535498b4d0c60553dbd8142-7267.manifest
created: 5/2/f7242c3977e014f4395ab7d9b6f6ef-1911516.o
created: b/a/369f192803a94eb9bea38cc2a4a639-3710.manifest
created: b/b/2f38f3d7742a0db2a04f51a8cda4fe-11697.manifest
modified: f/8/7d151a79bcbdb18948d96ad9ff28b3-1836.manifest
modified: 1/0/12473355126c99fc64048e38b31048-21073.manifest
created: 3/9/590e9d7a4d9bed4368204077b0d006-2445086.o
created: 3/b/a0c1fe20f97e6ccf0c070b25cd7634-2916811.o
modified: d/a/3bd5ceaf9a9b67a7a01ee7498b86bc-1517.manifest
modified: 7/c/360841c77895c5dcbbba8dfb0a29e6-18481.manifest
modified: d/0/6b5373f601e920a42694de36da1a32-19941.manifest
created: c/7/c300855280a189a5f100eb5978d974-2643.manifest
modified: 4/c/9aefc86a0b1666243c32ab2a0cc883-6955.manifest
modified: 5/c/6b58e27cba9348a12b51cdc6611c23-6455.manifest
created: e/1/4d9e877038ea0ef732a8e3ebbb8683-4419300.o
created: 6/c/b69a72bf99aec8138a4c973f9e3784-4428268.o
created: c/3/58b6e9f5f15387fb6023ab4a543476-2322389.o
modified: 6/d/f87741fd9484df5dd9ccfd19d7009c-15907.manifest
created: 7/6/ba05334691ae65049989332f02503d-2627248.o
modified: b/e/bc33de39c80c17833fc4c77d2d15d0-2126.manifest
created: d/9/89314c91629bb641067820e70111d8-2966029.o
modified: 4/9/098bb80368a4e9e1d0893b6829bfcf-41562.manifest
modified: a/2/d5c230e1af7b7f4b154a6f59c9bedd-9764.manifest
modified: 8/a/8d825f98a72cea9be376dd01f95815-16076.manifest
modified: d/2/71f9a84673a1c92fb6f10163f4d7cb-2931.manifest
created: 9/8/ac19d093da76336a552b4cd325f75f-2706311.o
modified: d/e/5a9daa9ff3e4212781cf63df77ee53-11512.manifest
modified: f/7/855f8491147c550cb006e69c9c8404-5957.manifest
modified: 9/e/4c7790f157578a669a4ce5d7aef2fe-4581.manifest
created: 5/a/ed9e622774b44aeca358495fdb9ebf-81206.o
created: 7/e/6eb5937bac3c47cd704302968a6f8e-2447328.o
modified: d/8/b7e8695797397cd7ed1c40515809c6-3176.manifest
created: 0/2/0cea44727d23a579281a87b31dfac9-2740571.o
created: 5/3/7f5fb7c7c0c50b6e65992ef1e822d5-1933923.o
created: 7/3/689a933c5d638fb4271d1c1d0af670-2442053.o
created: 7/f/c159d1c08221aa4b5707c064f405b1-3193398.o
modified: f/f/8e7029632e68a56f91e0b3ffd724b6-14611.manifest
created: 7/f/367d29395b30d43b82fec8ba32aa73-4376551.o
created: c/6/c3e71401d5be4a3f156b85384f95c6-5772262.o
created: 3/7/57c7e363e8a2c44f9bd424ef2c209b-2966667.o
modified: 8/0/43172633b9b71ab7ecd029b4ded39e-1469.manifest
modified: e/f/c8f6d3533022dffaa3f0715a4af162-2659.manifest
created: 7/e/f9785e182ce0e131b7e91c56635862-3679800.o
modified: d/8/fb1bc6b3887afb69e4b34649f08d6a-3537.manifest
created: d/f/feafaa9ab52fcb0da8313b62970dc5-2842159.o
created: f/8/f665b56847a7983fb889c81f6877f5-4623296.o
created: d/c/09f0e06be6282bef6d8e3ee8c53c43-3902443.o
created: 6/2/90ad5a1f25916afdaa9b4204c9018a-4950812.o
created: f/1/b7802d00ebf35be68a86abb2e33afa-4098627.o
modified: f/a/fb5f0adac27bcf8f8ef4a4d30b012e-6518.manifest
modified: b/d/5c4651e423db90eb634c633fe6e10b-15854.manifest
created: b/3/e1cb05433cbdf39b1bc88bf2e600e9-104820.manifest
modified: f/2/48ac07146243063b03b4594195ce2a-2704.manifest
created: d/a/b09b874a6b8cb2ef39cc48ab94d3dd-4728111.o
created: d/a/a415724aa27954d23668900f13b3cb-4416774.o
modified: 5/0/886716a4641609ed8186ceaeeb80bc-26914.manifest
modified: 8/5/be1d505acf1a55006c8794c0b20edb-7073.manifest
created: c/4/cbb7125f7413b679bdf1fa86da93c9-3551.manifest
created: 5/2/cc85b20392f63dc4d7dfffe7f403a6-2736.manifest
modified: 8/5/04989db00e2d10d4480a50d2882da5-5945.manifest
modified: 9/f/be196edef3d967948196c427e5df91-48801.manifest
modified: f/f/3638fca59f6d71fb434a6d989a8823-255950.manifest
created: 8/e/3bb62201736f823b17610de8fc5781-3127328.o
created: b/a/30d0d0ae5bd114716f3b0e3e1624ba-1990163.o
created: b/b/4e41430a1ce15d31f1ea170ed21496-3899189.o
modified: a/9/19cccc180fafc4db0f0ea5059d35b0-4909.manifest
modified: f/8/002bbfe551dcb4855762e3294122b3-3061.manifest
created: 5/1/3c4c1a28912cf6807611933e1e7b2f-2611.manifest
created: 5/0/937d9e6ab51784adcf7b76fd78e751-1126255.o
created: 5/e/81a52cdf0e100434885cae318025d0-4847935.o
modified: 2/7/61eb56bf2918b9842195fe867fd36b-11279.manifest
modified: a/8/e52eaa6e350403e69da7644c58342f-16007.manifest
modified: 3/d/d616e7ed2294bbfadddeaf1d8c7e94-7742.manifest
created: 6/2/7f803e785bf9c4a0499d5ac608cff6-5630450.o
created: 4/2/0880055f7dc897d9bce7115157fcb6-4139879.o
created: d/9/514827da58b0d6063123066bb7da7d-2306.manifest
created: b/4/cd59ab28af6c4fd28a707c0cd299fa-3286.manifest
created: 5/1/6c15dc96826aee67488f70e7f21e06-12429.manifest
modified: f/d/2b99d0b883d548cfb724a5bde60316-1954.manifest
created: 4/1/981be5acf4c20cd11f74901760f647-2956747.o
modified: e/5/8e9ffffc09025d11324faaeb842c87-1308.manifest
modified: 0/5/3d1a23e8374a63faf360a4c618b271-35085.manifest
modified: 2/a/772e4b9150cd10f03de35499517d3e-11785.manifest
modified: 7/a/02b30cb5272ec5614b9a67ec66c9ee-45650.manifest
created: d/2/94e946da1315792972dd385adf37d8-33678.manifest
created: f/3/9fa1a1b826b8d2991b05b7c991c547-17704731.o
created: 2/9/0b38d263626dc61aec254850e36909-3928973.o
created: 0/5/0fcc19f48a323d510b0f996fdc18c4-3046305.o
modified: 2/e/dd3bc7c0e30c222e19c58d0da1dbb8-44490.manifest
created: 4/4/8c617d73447b3b87eed499c44bbc9a-5039318.o
created: 7/a/10819dbfffc4704c977f5ab7031e4e-1848358.o
created: 7/2/7b1887f5f77c6445f3cd319ccda0f1-30960.manifest
created: 7/4/4b230ce55fdcd4194e9304a121362e-3397811.o
created: 8/c/a99a22686b5eb0ccb25a6c1adabd95-3167365.o
modified: 3/b/6072961faf747224e36edb511147d8-5179.manifest
modified: 6/6/75bd9f34954db1e279413be84f8848-47444.manifest
created: f/3/d20e1be4f896c438a02634e2ae25d1-3130786.o
modified: f/9/4a14a2e6b1127c371090916f5cc02e-11765.manifest
modified: 5/9/7c5fc2c19674d5248b9b731a313921-3034.manifest
modified: 3/f/fdd7081de51b8b6b7640ce66de9ce3-5829.manifest
modified: 8/3/4f75311e03e5045a496ee78ba2433f-6801.manifest
created: f/e/220c24170f1dfa133a98bc5cb43f63-2442728.o
modified: 0/0/3d92d41b03a50735ca96c88836537a-3500.manifest
modified: 6/d/62f732407a708a8cc0636f8fc1b61c-4981.manifest
modified: 3/6/5ed21500520a28057ff1ffb3fddea8-11864.manifest
modified: 6/stats
modified: f/f/b00b303b82c2f61f574d15bad347f6-9070.manifest
modified: 6/5/78f6036122b76aca4c2bb558cc6a65-4295.manifest
created: 5/4/15a20be3f1907425cd301f4a316398-6280.manifest
created: 9/a/68377d2dd72ba029b63271a585dae7-4768921.o
created: a/3/3d2722c8a9881919b78045bc1bccff-4485643.o
modified: c/8/0ea1c8f0b914b4c39969bd6a9a66fd-9521.manifest
modified: a/0/ae232abc21bdce734535a30b4a41c0-7672.manifest
modified: 0/3/62c2c2b62ae4598f9cd7a82e02beea-10835.manifest
created: e/6/9e0b89e0a0069a0933d0de0bbd2c10-2406895.o
modified: 6/a/0bf0e647e14ba65db547854b5a3282-3073.manifest
modified: f/e/9af0ed1fa40436582c2260cf4d3961-8607.manifest
modified: 4/b/69b8b9ce57deafc937fa5b4058470e-1859.manifest
created: 5/3/de200015440b24b17b3b3a466397e6-17720102.manifest
modified: 2/c/00510521c85a70aa7c6f72becb82ef-2417.manifest
created: 2/1/ce52b831ab1d9402bf0f14b2b0d90e-2879863.o
created: b/2/390ac24c199b359587a15992c3550b-4012.manifest
modified: c/4/fbcd30e114dc7dd8e3df71993fb4a7-2702.manifest
modified: 0/9/929e7892cdc8a10efe1ef8feffe611-11057.manifest
modified: d/d/f56d37ef6d6da8fc3e84b1cf2c475d-11127.manifest
created: b/b/2716d1ccefa84467840bed0bf7949f-4343.manifest
created: 7/6/ef93772e073db3eaab527b9e47c86c-7031.manifest
created: 7/9/46c5d2580aee6b3cbfbbb854571e49-2929739.o
modified: a/1/48dae72038686c9c1d27eb7a9cd722-1793.manifest
modified: e/c/6d8c2f17924ac42814de52311ca667-16576.manifest
created: c/8/f188b7ad26424aa30dcc8f3a608df6-2836440.o
created: 3/5/86d73bda23a637495e49d726b4c8db-5373.manifest
created: 4/b/5f799cfe53053d55f0878cb413153e-3953328.o
modified: c/0/612f63547ecf78e71cc4b4c2e173bb-2322.manifest
created: 7/4/f72720b2f5b017afea4f4a684c1fee-2712812.o
created: 3/5/e2d0bed230acde02496437943a9cab-36091.manifest
created: 4/2/24caf9d92599b91703db99f98ca516-3263104.o
modified: f/0/8f03dd999048f03125b9e6e78f70cd-17203.manifest
created: f/4/5aac6f0e9d8d090215a6c365009176-2696.manifest
created: d/e/42b6f7e276533990a2e6534420ce3b-2781397.o
modified: 9/c/8e8efd50a9cd9f769847237d300103-2531.manifest
modified: d/a/79cabce80f49bdcbcc964af1f6db75-25871.manifest
created: 3/9/6329791fd3942905d23a8204c736fb-2577701.o
modified: 8/6/29ea8b6b8c96ba097b465396863285-5563.manifest
created: f/e/ae6c8f5bc6de7e2e42b25bdd4bccad-4564963.o
created: 3/7/ebfc294fac7d5339f22bb8c0e56cee-2156085.o
created: b/1/239c098d8ec8cf7ee03461da3580e4-2480.manifest
created: b/b/dfaa1e30e67c67517669b5a8cec978-3229315.o
created: c/b/8b588986be45a428a8559668e6588e-2807755.o
modified: 9/5/b32d230ad66490cdeb3f69f9c22600-1920.manifest
modified: 9/5/d336b515e49dce60a1be7718e37c5a-3755.manifest
created: 3/4/9a37d6af59e472dce689fbc0fe061a-3882903.o
modified: 7/5/0fd0c99ecda2dd5d1673012f168359-3187.manifest
created: 8/8/2876b749ec1656a8f6c498e8b2c46c-4518539.o
created: 7/a/815bcb952926c4930bb2378d2edea7-4390836.o
created: f/1/faad4dc37558a58a9ea19b76c5e34e-3835151.o
modified: 8/e/742fba4d84e4570fde0ecfa9439ac5-281631.manifest
created: c/1/f9915d31ae497257f824aff905fa27-7918.manifest
modified: c/2/6e87fc615a911fff45ef2d91ddc949-4481.manifest
created: c/5/bc05d8eb6c8fbcd6d08b5951da0d54-3792201.o
modified: 6/4/4b13f2eaa319c0c2c0b1684583ed04-12952.manifest
created: 7/6/84a62fbf8c5c0cc10a6af1935f9f5b-3788.manifest
modified: 6/a/5c163367ce48f981515cc564240f42-4668.manifest
created: d/4/9d90ebec7dbc8095c466b2d04c9abc-2548524.o
created: 0/c/987c4be1be63d91e89bfa9fcd724eb-5022693.o
created: c/8/a3f3b0138a40111735a3eb04f19b17-3293926.o
created: b/1/80b52638a3f2c3fa6ca439c221ccec-3982433.o
modified: 0/1/2372495fab01bb181f157a3ae3654a-6498.manifest
created: 6/f/3cbd38a356fb7491b876e0806ecd98-3845572.o
created: 3/1/859df4d35becc78b432a129c465ad7-2543724.o
created: e/c/387303444ebd9495395276e4f11ae2-2938188.o
modified: c/1/0bb816f9582ee42897d709f589f102-5415.manifest
modified: 3/a/f2125b131d6bfeedaa84b8e78b8fd6-5455.manifest
modified: 0/0/f931125e617e171adcf59cfbf587b0-3704.manifest
modified: 8/7/95ec1c501b26fc2f350144f3bdbcde-3332.manifest
modified: 9/7/2e65c923feafc656d1e3f4d4d28f94-13768.manifest
created: d/0/57c401ea57d26bfffd296d1b161404-4868509.o
created: 3/f/a4c8221cd9569a5f185a04e9c71b68-4583089.o
created: 2/f/c63e7e8a205f707b46b1008bd1768c-3953611.o
modified: e/a/d733776f9f496042fc3945f0fe2a44-73196.manifest
modified: 4/f/e56fb6377c0086df4b7ddbeb0c127b-107032.manifest
created: c/2/fff5806111875fcd1b26e891d1a7a3-2766639.o
modified: 0/7/b2be7a7a8c04b9ba93b5f27140b5d2-6549.manifest
created: 4/c/d192865b9eabcac437f258ab6b7363-3298586.o
created: c/0/5329061fa7e85d88aee715b7b0f5b8-11402.manifest
modified: e/3/0d8667fca2a60ff6173b6188907de6-2899.manifest
modified: 0/8/51b9b23380c5bd9bc51f6b9c494d8f-34962.manifest
modified: 8/4/21656209d0d74752e530118bc633b0-2989.manifest
modified: 4/1/45ba5db15caa244a011436b359270b-31228.manifest
created: 3/5/7688d20ff9de1a6103f4a688b68bf9-12578.manifest
created: 2/d/ddea27dd752f39f789567c181bab0a-4896047.o
created: b/a/49c467a74fd39487cafbacff8f8f2c-3063589.o
modified: e/1/673bcf5323ea9c70d5f53b82b7e410-18069.manifest
modified: 7/5/27b5bc2d7f49e3f65a41f15991de44-5248.manifest
created: 9/c/799b27d1fc0d201da65ab056e71e98-3230601.o
modified: e/2/f9060ec91e051b1e259cc69b08be19-5582.manifest
modified: b/f/4f52f0d3c1c5fb36c62e23501f04ab-8988.manifest
created: f/8/c874adfaaf3d23621eb3cb8eb13a7d-2445820.o
modified: 8/c/7c077e10281471c822114b8fae6b7f-11382.manifest
modified: 5/e/8179f4ea8abc7f0f1e12045a706a4d-2759.manifest
modified: 5/f/bee55314a7d86b35174efa8e72fda6-9057.manifest
created: 0/7/52f52e05b283b2e1232f09fcd4f783-2099877.o
modified: a/9/767e6a8f40a10c2484677f7ee95cd8-14781.manifest
created: e/7/b4d044c855a53b941aa787b0904da7-3265628.o
modified: 4/8/89b35ba504ec370a56d81be0f84dcc-9329.manifest
created: 1/2/41833b91ab3b460046a862936e37f7-2548136.o
created: 1/e/b9c0038ece414a1cd29d8acc4eee27-4358164.o
modified: 2/8/130c934036b314cce280e6ed9a0773-6816.manifest
modified: f/0/143007a6b2bfc8376321e6b47eb96c-19461.manifest
created: 0/8/1fa3d9df87b85d59e3148f46df0c2b-3088474.o
created: 6/f/34af99446dfd35f5f555fc9c15cd0e-4578417.o
modified: a/0/ee801655c05b6ddf67300cc172e64f-5745.manifest
created: b/9/191200b53be9e5a5fbf50bc187f62e-4193.manifest
created: e/2/3d5a57ec54caaa9eda5b833f6bbe8d-2338677.o
modified: 1/3/55085e098208c9f9a350c5f7afac22-5139.manifest
modified: 9/f/48a4e6b3900ce0db046c69d22f5886-9469.manifest
modified: 2/e/c321785278ff0c3eee58053d98a4fe-80571.manifest
created: 2/e/dbdd9218cf3340bab9c18e2c5d2148-2938176.o
created: 5/3/37f321eff590ba97314085fdcd4100-4825548.o
modified: 7/a/842edb299a34c6684200062eaf11c6-10328.manifest
created: 7/0/9c29871bacfa5a1dd5a404e1702563-2808333.o
modified: 7/6/3f7c49d89a36cc390136e2b8bf17f1-11482.manifest
modified: a/e/cafaf0b4679eb9911ffdfebff874e4-5177.manifest
created: 2/3/d3bc976ef82166c43919fe851741d1-4416762.o
created: 7/1/5616b3426ddd14dd2f9ee51aa4693b-2310348.o
created: b/9/c4f25c05c763f12121976888e98386-4352947.o
created: 5/8/2129d18c55fac104a7591badd5baf5-5489.manifest
modified: 4/f/5903e973cd4d78f6adafca5f3b4442-2532.manifest
modified: a/1/e1518ab66362024bc8cc638f837732-1986.manifest
created: d/b/886a2c164d5b0216846fe3e32b3dcf-3018850.o
modified: f/9/be80b8cde232f13d00ec760ed9e688-10354.manifest
created: 4/d/4440134ceae1e750087e613f4eb0c6-4883832.o
modified: c/9/4cd8767d2dc6b68ac663065a9c4801-9044.manifest
modified: 0/5/7f176e76aa6b4a5616e1fae5811b05-13851.manifest
created: 7/a/752f2f0e3704ea74cf7b8fe595ba64-2124112.o
created: 8/5/b98772a77defa6522f4121cfe128e1-4437929.o
modified: c/d/bb63016f38151711cda5bce87e64be-7077.manifest
created: f/c/6c554c7a0e4749c1037bc64dae797a-5142946.o
modified: 7/2/bafbe2c48027860726c1abb7cc14a1-5914.manifest
created: 7/8/9936187b98e84e0d18630405bf4f76-7154.manifest
created: c/5/122ad22186dcb6f5ed0ae64caac474-45359.manifest
created: d/3/d88034b87d29e4201890fcd2fdc276-2509.manifest
modified: b/3/35d7d4037709d097378bfcebdb9fd9-1434.manifest
created: 5/3/0d809df6768c1aa5e221a02c557b01-2905437.o
modified: 2/8/b52a69032411ec60eb90aa61914122-2714.manifest
modified: b/8/fed2a670fa9b84de49fef969dd443d-5598.manifest
created: 1/0/5d2b881a90c765649f18e5d5c814b1-4413767.o
modified: a/5/386ef6a749b879b2c6f767a120ec14-7598.manifest
modified: c/9/57b1be95090d4d49c227b652d89c9f-20119.manifest
created: 5/5/b6b877af0c27f9572f8948df607406-2616.manifest
modified: 2/f/0ce243eba556b07301e7fbff65aa63-4827.manifest
modified: d/3/633729e0c3b0fe694c3cab011ccc40-2631.manifest
created: d/d/ca6fe39fabbe9e8fbd1d37e388503d-3088442.o
modified: 7/stats
created: 6/f/d6d19eac240dcc613ac51a4679f746-4422240.o
created: 7/d/cb46b867bad36b54db75c8dfc89abe-6464403.o
modified: d/4/8526dd03efb08b664eb65a362b6f5e-8650.manifest
modified: 7/b/12ce9729827cbbeac61b99d11194b2-5255.manifest
created: 7/1/55ed34039d33eda090aab66af90282-3184424.o
created: 2/7/54ad21f52ec7d50840872c1b5c98bf-4390824.o
created: d/4/233b28bfe4aaa07e16e0b1161d8e3a-2219368.o
created: c/6/e3596e5cf235411737f0765abf437f-2548556.o
created: d/0/088b87c9c08cacc0b5a60ca7ef9da4-2466017.o
created: c/c/28effb15b049023a60775e2c8d8207-2705694.o
created: a/7/793b3109ffe6a6fdba877fc4c75b47-2999254.o
created: c/6/a97a8e62e0dcfcc208d2cb2f3b0bfa-3816385.o
created: 7/4/578545790145114496acfe42cc8d98-2492597.o
modified: a/d/1306c65c3ad09fa10abf5436f4b8f9-1783.manifest
created: 7/8/a91b3d3a98c7db0ed629b4d2b13758-4529067.o
modified: f/8/f765ee27c2ffeb6c973d1a4a391011-15088.manifest
modified: 4/6/d2b80aece2b28ec79e82bfacb60e1c-43355.manifest
created: 9/7/5bbb943065c16ebae6e0b566e44ff2-3912519.o
modified: 9/d/44252f37ad72c2d8b2309c993d95f9-2418.manifest
modified: c/d/345c014d78ea7cbc79c2d04e365cde-123597.manifest
created: 1/8/6267ff8055d26322e4b9f4aa52e261-4241154.o
created: 1/f/e26217a3e96cd622bb369a9c81a338-3903412.o
modified: f/8/c4ff9be53012071218884a9cc2f5c6-1977.manifest
created: 5/3/3fc1777550f6b4c8d5f8755cb0d9c7-3861237.o
created: c/b/25d291381ffccfa6a48fe2d9f93555-3907.manifest
modified: 3/7/10b2aee0f4c88422eed59e135acf40-32724.manifest
created: 6/e/e99dec5df190fd9508f7b41b5e4a70-3178722.o
modified: 4/e/aa4ec5587e18c093dcd04d67bb9775-1801.manifest
created: 5/a/a751555f6d52b7f7bd105c99be0ac9-1516.manifest
modified: 9/c/68b67c7d0da3535c5e06eef1168189-39458.manifest
modified: d/3/d2bb0250d6610aec45479a4d3c31f9-16016.manifest
created: f/d/daef8bc8d2185977a6248049b2ee6e-3235975.o
modified: 4/6/a9a6b330eaa0df0e875013c2699f10-3003.manifest
modified: 5/stats
created: c/2/8bf365a3baea699b574365cacc23ea-4781355.o
created: d/8/ceb8c1ac3b8e274e84450c10f42031-2970.manifest
modified: f/f/1cbe2ab622243444833b32c698c802-3668.manifest
modified: 0/9/fa65ae652b1bdf0937bacec6e69976-11939.manifest
created: 3/2/138a3783d8443e9e859f2cbe89b812-3213232.o
created: 5/0/c438736944d78629a9e7a38ba10eda-50179.manifest
created: 5/5/05e8e8e40b011e27da1154fa520aba-2407315.o
modified: 6/f/960f6b51ec6f2b9e5c6f8254660046-36658.manifest
created: 5/8/0b652d34eff907c8d0abb9f4d35d48-2446946.o
created: 0/0/8d9ecf0b64b88024f039743b9a00b0-2993786.o
created: d/b/a9486e802fc04f0bea237eb7a81b47-43605.manifest
created: 0/c/ff109b7ef1809b26978c055263fe81-4368918.o
modified: c/2/3d5914535cb655966759c9f43dba32-3271.manifest
created: 5/0/1021196ced16665227665053e56cde-2494319.o
modified: c/1/5ed48ed669ded353b369260fd4fa3c-8761.manifest
created: d/1/b9b139614aa5e34823a85a60c35215-6126794.o
created: d/6/97963ea81c0b38428cfc93b314cf3b-2442635.o
modified: e/6/28666fb38c383828f0d7a24e276365-2007.manifest
modified: e/stats
modified: 4/9/e40bda5d660672a31d40cf9e249368-1486.manifest
modified: d/8/328657016da519c6e772a620e50dbf-4280.manifest
created: 7/0/dfb0a694ca61d2d66aa3a16c5ae2f0-1810408.o
modified: 3/4/df58d7243e315f5fe5fceca1a0e08b-4055.manifest
created: 1/d/fe26ff65da10087fa4d024860c080f-4039775.o
created: 0/1/8e81c7ea662ec87f36f7e70f86aae4-4942502.o
created: 4/1/6eaae923545c9e208c4ad1b3ee7d7b-4057292.o
created: 5/1/f1e5893a211d0dac97392542773d94-2422766.o
created: b/4/b806b9a63a8b8806eea72c7c23a7da-3183801.o
created: f/a/8463539337c06be482b16bb16b7de3-3016044.o
created: 3/a/cd29c065e52f077fc27d65c372e6b2-2822.manifest
created: 9/2/07fc2e7d7e244bd4c67d49f95863b8-2922413.o
created: 5/1/96bea3c1e98a16e8dc76d738078638-3183031.o
created: f/c/f1250e222b1eb93c5eaa353dd895ad-4517461.o
created: 3/5/eb47877cc3d3651f786b3b9e3aaa96-34023.manifest
modified: 9/b/e337be149c45ed309fde537a883110-9185.manifest
modified: a/8/d51f39a29cb9be16d72fc4fa09e943-4535.manifest
created: b/a/237aa03766714a8c6e3f5c7f6678e5-3069611.o
created: e/4/c674d3a8f16e3e3e7f65a5e67558ea-6196322.o
created: 3/1/2ebb00dbf80beccfe20696c2c3bbc4-2938320.o
created: 4/9/25ed8df8661ae7d368b4d1d98de7a8-3040660.o
created: b/a/aac6617f2e62be34ea356dcd97a558-2994393.o
modified: a/9/a04e4eefebf7c208a917cce3daef53-5888.manifest
created: e/0/3addee8be14047fcaa4c9f6220604f-4401865.o
created: b/5/b21a49ff4aada107b4c2dee3b26836-3467.manifest
created: 7/1/eafa413f0d394ec1836d766194bf00-4155587.o
modified: 9/c/065b2d07d429b60243617fe0be26bb-94963.manifest
modified: d/b/36effa23bf5d3e5b307d8470c82bba-7760.manifest
modified: 4/f/9f1024bb5b4919493c48778b264073-2650.manifest
modified: 4/8/3f87367202703b364f22a3f145e0b9-2641.manifest
modified: 2/e/5f377465544a0ed7dd13491e23564b-9792.manifest
created: 2/d/3321db9bf03c990c40d8826c9781aa-2445441.o
modified: 1/d/1fa1dda1615ee9626fd20e584cc617-3676.manifest
created: 1/6/a99f2d6abe30ab27f08fbf7e24e61b-2445707.o
created: 6/f/0171e2729d6b44a756ae6bf0be648c-4052208.o
modified: 1/a/8ff33bec028dfe8fa218ae2716d143-20768.manifest
modified: 6/8/d591ae73f54994e8be87d866c7e33f-6547.manifest
created: c/1/da62bd8cba7c7fa9fccb12050c3fd2-2804194.o
modified: a/5/35dd4887d2a6d44c68aeb061f41d11-7979.manifest
created: 2/2/c289c428def02f36d66572ce1e53c2-3161901.o
created: c/5/6a3f803c5957ab48ee0bf5492be004-4398518.o
modified: 0/8/499aa25452b7388e93ea09e604a807-2216.manifest
created: 9/6/2b17987d74ab1be54ac75606d5ad5e-3018242.o
modified: 6/a/099b407d0c42b31d6629fa2fbc78a9-87217.manifest
modified: e/1/8b506152d38082029d5bd179a8b13c-7583.manifest
created: 7/9/59a2539471850925e83751d7d2d3b3-2966655.o
modified: a/0/d611490736c394bc088beb1420f867-1686.manifest
modified: 4/4/0462c51f66984bb6d68678a7dfc650-3377.manifest
created: 7/a/a14073f3fb6d61bb37f27e4d17cd19-4401980.o
created: 3/9/9921f532e56fcc80ff2e955b5ac46e-11364.manifest
modified: e/0/f1b93314d8dac34e99302c8095b276-4716.manifest
created: 7/5/5a7824971580cabef84e9545ea3a18-2421754.o
created: f/7/76556cf18fdeb38f90f3dc7e0ad265-4515116.o
modified: 2/a/f5d89c7d600a601629fb78ed6f5e57-3078.manifest
created: 4/0/bf97e953b113fc5f30515ac9d2c069-4432363.o
created: 4/3/d841d7d6948329cac3cd2bac049923-4882276.o
modified: 0/stats
created: 7/3/7ef6157125333a52af94b354bb07d2-2310348.o
created: 1/7/095be8686dc38256995390b005eb25-3213304.o
created: 5/7/4c9df38bb835ea891e9df2c330c8c0-3086501.o
modified: 9/a/75a56ea61e79130493051469278eb5-6417.manifest
modified: 0/7/754a100626934b0c7bcdbebc674aad-16784.manifest
modified: 1/5/5031cd1bbe30b0bc355f26e424d262-24554.manifest
modified: 8/d/0c6cefe78bf6053cc36c2ba07a07ca-18536.manifest
modified: 4/6/f99965eb03795cc4ff35343e62bd22-17033.manifest
modified: f/d/17613fa99df59dca8cca32e5ddb96b-1954.manifest
modified: 0/a/186cecae02357df38d074626faa424-7343.manifest
created: 5/9/064c8edd633c6eb7a64a823ccb2456-2019.manifest
modified: e/5/9c2aab2c05ae4b9ce298ab81762fa7-1445.manifest
created: b/a/629d5826d1e0a24d5172cb9a6cdd33-2461411.o
modified: a/f/1dadedf79047ef6e536ea48157222d-15495.manifest
created: c/0/12e338d05aa8937d9c46b34e0b22b9-2372801.o
modified: 0/0/fd024f8c116cd85ed262bd1de67fdb-104089.manifest
created: e/3/db8bb38804add85a17dd2dbcba4d87-4163688.o
modified: a/b/253f9aeb4fcbb49655f8a1b46315a0-6218.manifest
created: 3/a/34654baacf15e3195f75011128481a-4556122.o
created: 5/6/2a990d4a6a400a79f1bda10b9621d7-9467.manifest
modified: 6/e/38dad33e1e7f7a67f8d024c0cbce78-3706.manifest
created: a/8/a30bff2833a3d8c964448abb3122a5-7040184.o
modified: 1/c/4317135b7d5c6675c20e7fa673fbdd-2988.manifest
modified: 4/b/923d59d65c363dc48b719fed97ac01-44613.manifest
created: 7/1/f3ad2022311564455318a1e60f0bff-3239754.o
created: 3/0/0ee26b76b81eebd9c7b84387c558f9-1911484.o
modified: 4/2/d07a748dc74e33576c46ca3cca5243-7418.manifest
created: d/8/f9acbce3bf40668a8b1ecba89660fa-4870446.o
created: 5/9/12f0e53859dd94d94053a631df4d42-2940050.o
created: c/0/f84d12dbaf26a256b8a0c626ad95b0-6940.manifest
created: 5/e/5ea4e920f0813af1dae5a44b5a576c-2778952.o
modified: 5/2/dc1317b85300eb6fbbd4bf60bb177e-5808.manifest
modified: 0/d/1647fca2042c56800b20e14dc0287a-3972.manifest
created: a/e/b5cbdc7427f4b4077486cbe7e24ea1-4405055.o
created: f/3/2c6859e207f4b30dfe1377f4ac2363-2285360.o
created: 3/5/6ed7e560ff8a3c40b6c8266fc89929-1144973.o
created: f/0/7b6ffc36a304833ff22f4e86eb7b5a-11727.manifest
modified: 8/9/22c4a5e7b0644c87205f326c230a2c-3350.manifest
created: a/3/5e785a3ef4f1ee33be345cc1a685f5-2979468.o
modified: 4/d/6066f959530881c76f82e48dd0d21b-11011.manifest
modified: e/3/8b117cd4e3b1963d68c1cef53caef0-9463.manifest
created: 3/a/2421b12c3456debb2a937a753d5106-2936.manifest
modified: 9/5/19acd3e2d3c0945277ee604b60078a-7813.manifest
modified: e/a/e7a45b35c8c98c2451ae48270f93a5-3029.manifest
created: c/4/12015ee1776732bf4e7f7e18b298a5-7148.manifest
created: 5/1/a0fd4c2ae0ab68fbea0adcc6500632-21560.manifest
modified: 6/7/bdc6960e0973ad74fde6a19c777965-2017.manifest
modified: c/9/445af4e33496ebca779d37c57d44a2-24383.manifest
modified: 4/2/9aa106ac9411c5a072119e7e1a48c2-13206.manifest
created: 3/6/de1f26eaf60ca44300578efb03c90e-2804853.o
created: b/1/7a180ca04c2c88556f2e79809153bb-1897.manifest
created: 5/2/417f557747277d0047c4f703b960ad-6316.manifest
modified: 8/d/11bcd1b43b0160beb1d9dc5033c23a-7229.manifest
modified: a/9/faaea369efaddace132e68293b662b-6629.manifest
created: 0/2/92c7f268c5f56e1871b78146f9d0eb-5002769.o
modified: 2/7/be99caab924e51bea7e862b5b00378-3322.manifest
created: 2/7/884ea58c32d55725be69a1ef55ead7-4946232.o
modified: 9/c/5d3427fceb0b18ab29e3f00aa57c04-2278.manifest
modified: f/a/e3bb1a71e32a6453cac3440e849b48-3408.manifest
created: 6/3/fa81bcd4b31e5bd1fb764e75b3a7d6-3842758.o
created: 8/e/305a27eca5555122a1abb491728e0c-4707008.o
created: 4/c/c7b655f93bb70e9526339b6508444d-2879267.o
modified: 1/1/e6b7196fc8ea374fa5af23f9189fb3-18553.manifest
modified: 1/c/8f4ffedd32ca7ef2c3f42c1f80111f-10710.manifest
created: 5/1/80120294d646a0499975c4244273be-2310380.o
created: 2/e/65f8e05e15b2cdd93d9c2ceb93b478-2895638.o
modified: c/f/0b790a278a3a699fcaca25b4af6166-10705.manifest
created: 5/6/ea28378f9e771919fd9229ff872b1d-2218.manifest
created: 3/0/f02433d32992c8fbcb49db0c9eb90d-12811.manifest
created: 8/d/d5d90e838af3cb912d08974ce287d0-3942671.o
modified: 4/3/3da5b67f1cca38495b10f0810504d4-8659.manifest
created: 4/4/c9af6ab04ae11ff8f73f85bf974fb5-2459997.o
created: 4/9/0c6f213710c80ba56cec074eb0d7e9-2442846.o
created: 9/3/a00a25c4acbc9b6415078061929458-1866158.o
modified: 2/d/42e2624e2bad6902d3e60e4f2cbac6-15781.manifest
modified: e/1/7ce7fd525acff37435e9469fd2df73-3253.manifest
created: 5/0/4d5e4d62305ba1971551b64f85c030-2508.manifest
modified: 3/d/51cdf3dd1e20c9136f8d0b35dea845-4326.manifest
created: e/4/e83eb273ca1dbd3e8179f64dfea9e5-4006727.o
created: 9/2/3f9122c9c7021d841f8d73b99fd145-2444564.o
created: e/2/36e034394386b7efc9dd7dc759d578-4746722.o
created: c/7/c0c4bb3ebb2fb919492627791bcba6-4091647.o
modified: 1/stats
created: 5/5/c2797f71cc793dac607f892ab51011-5217.manifest
created: 4/2/ed3a061e5ffdeb18e127d2c813071a-2443782.o
modified: 4/9/4a1fc8c1e819263747c521b37cc43c-2569.manifest
modified: e/9/d94f79f9cf4cbe830e8bbd1060454c-2927.manifest
modified: e/e/c7f94cb7cb3932e42de5e0d0e0d337-12385.manifest
modified: f/a/8705a0bd4bf81c58c7bfa39ae52755-10524.manifest
created: e/e/fcebce1cc1671196c02ddc9d1d2350-4386935.o
created: 2/0/ec206d258368225d07b767f0d88f5a-2360981.o
modified: e/6/62e207256d1332634bb585485c0087-9460.manifest
created: 2/d/0d992122ff0bb4d5c05c7ea984754f-2443181.o
created: d/8/d94fe3a86884b9ee171bdf77c3b6b8-4205724.o
modified: a/7/7732321e4c2a7bfc47b41013764315-6456.manifest
modified: 1/a/67e160df0da69c8f6952e02c798b45-2458.manifest
created: 5/a/4a815363466644259888964726749a-6444026.o
modified: 1/6/2df19f3a3fede8755b8a008742359f-2630.manifest
modified: 4/7/2f8e835cd12fd015e3adba9969b8e6-4096.manifest
modified: 0/8/ae29d64c59b589e2476acbe43ddde4-19654.manifest
created: d/0/4ba7ebdb3ceab20826e468db50a3fe-7430.manifest
modified: e/5/0d1e6f4608aef487a34d0133c53ec6-1571.manifest
created: 1/1/bda85387098b185571e9e661503ccf-4943022.o
created: e/5/1880c3342935382e7558ca89ffe39f-3851052.o
created: 1/c/5f530eb70c143f4748f4a1f7268b35-2444388.o
modified: 6/a/0c1a09022659c3e331260910b944aa-11905.manifest
created: a/d/f87c6ebc202dbe7c14832e9ce43b82-2445694.o
modified: 3/6/56c273a9b14b6b0e237498d6b7e482-2153.manifest
modified: a/3/a7c38e94e0ebdc33c4f45e26ac31bb-5574.manifest
created: 3/3/53a55cdc0dc14f37ac29f6106270f2-4136461.o
created: 7/e/c6a254c33d9f897b8f6c3a4bf59fbc-3177508.o
modified: 7/7/50103725abe932a28da83b1d28b4fe-8191.manifest
modified: 9/6/dfcafb6f6a897ae31a1672a5d82917-2223.manifest
modified: 9/e/39656c0bb9fe380be5420fbb632ef3-57812.manifest
created: 0/2/9603936badc39eda3663c6588d7e78-3176699.o
created: f/4/65d97577ea1fc56b8cd829b5e617c3-2239185.o
modified: 9/stats
created: a/8/cdf9f0f8288347351767dc6f5c954e-2521509.o
modified: d/8/c9e24bd64f9e6ff9d6d887e3dbe80f-8132.manifest
created: f/c/b58663ff9c4ff50e7573384db8917d-2740539.o
created: f/2/a9bcef1165fcb86201f4768593f4d8-2878805.o
modified: 0/5/3b8ae756f966ac92a020699d9bec10-3129.manifest
modified: 1/b/1c8d740803206f45307e6fbfaa9a72-5073.manifest
created: f/1/e6274a9b018103c24b8535eaa84566-60784.manifest
modified: f/a/ca4ccc51dca5c9516a3c0257dd89a6-2279.manifest
created: 7/f/b526e4f2fed8a5c3a89c61d2f0e78c-4423528.o
modified: d/stats
created: 9/6/3e66c44a454dd421b3aa6fbb9cbc55-4625681.o
modified: 2/8/d6ee8b18c16596bcfd49b1325ef781-1985.manifest
modified: b/7/35532ca24eefc41d02401f6ad38efe-4631.manifest
created: d/a/3c95fb92ddef15e40e3f3f8fcc0a91-33203.manifest
modified: 6/4/ab3eb9e8af44fdf0340ba7b2589dc8-5423.manifest
created: b/e/c548e4fb88e471ddaccdcaab4dd53c-2448850.o
created: 1/7/19d9bb59152918deae5ba0fdc94bf2-2443540.o
created: 3/5/d4e91bc9d4d54ce81c505757c26ca8-4450935.o
modified: 6/1/2c3811937cdc443a510a1319a368f4-4671.manifest
modified: b/stats
modified: 6/a/2ef2dc5108c9386abb16dc92d8e4c3-3845.manifest
created: e/8/4085b1798020f7a7cfef61878034d2-2926866.o
created: 4/a/5c5a4685d21f55843ba49d3fdb26fd-4386923.o
modified: e/6/6b51e2cf6ab53d611d126a55059693-28136.manifest
modified: 2/0/395dd43fa8ee221f9556067f7d73d8-12319.manifest
created: 7/9/99803301daafa0a50ebfb493e15f83-4779956.o
modified: a/a/f6735ebf1cd7842275fec0be034273-5362.manifest
modified: 4/3/425aa6d3ca83755dcd45a7b34291ff-5974.manifest
modified: d/e/baeb41efe0ed1da131664ad100ad9a-3319.manifest
created: 1/3/5f75ac93709f3fa220a6583a9b19d9-3987230.o
modified: 1/7/4c73c7ebaa702ca79e7a44cc1122d2-11944.manifest
modified: a/stats
modified: 8/5/eaca3e81772d51c53c14819d8535df-7490.manifest
modified: a/b/5f3354eafe17fc3e1fb7908b8df2d5-3468.manifest
created: c/9/5a3c6db2fd8f272b2501dc4d41b981-9858.manifest
created: 1/e/4848966a62f180985661536749d9c3-2970152.o
modified: 2/9/3b60fb19e53d730efbe636974250c1-11796.manifest
created: 4/b/317b175ad91e2de0cd6e99c78195e5-3139670.o
created: 6/e/fded3b17626076f58fe4fceac27ca8-2444547.o
created: e/1/4ad10a54f3aa86ed259e2e1cc4dc55-7079218.o
created: 8/3/c32dc5c7e4480f71b90b5017d8d847-4625042.o
created: 2/c/af21b6aa0e4321cf832e8535829a30-4450837.o
modified: 4/2/392143b9887dc2dfe47c69574a0abc-2381.manifest
created: 6/5/378279bdb9561ef9f8f612c523cbe2-3201390.o
created: c/0/165efa97003825892119267ba99f6e-1501948.o
modified: a/a/fa6f964db406f9b0f3d80835729127-3068.manifest
modified: e/9/d28a0db341d34b5efba151f9eb6094-5291.manifest
created: d/1/408c241bf5b64f339ef58c84ebd04c-23964.manifest
modified: 4/3/4b1fdfc455faf226225fa393253414-2102.manifest
created: 7/2/6cf4613dd7cc7cbb6ec2cb6b246a1f-2003418.o
created: 7/4/622f2b38d5ce49a6a4262cc862017c-8669.manifest
created: 8/2/9bd61b078e2e02e28ee0366bd24d3b-2570020.o
created: b/8/970516fdd6c705729255f5310396c3-13811.manifest
created: 5/a/950a3746cea3aa9c18dda52af486d9-4427902.o
created: 7/1/eb65e1da604396b482d7dc83bdca30-3941147.o
modified: 1/3/605fd27096786a407cf0bb4af4a1d7-30758.manifest
created: 4/6/a6dba7c7cea94a2a2a00473e685fad-2781391.o
modified: d/c/18288316b8ee4dd9710ba3fe88c615-46777.manifest
modified: 0/a/32ea0c3ee7c88cf71f7e15a05ee5a6-2158.manifest
modified: 4/e/0df21be147c67e36a81a20331c054c-36746.manifest
created: 3/0/52589d920bcd7c8e9a02ac8579a397-4085.manifest
created: c/0/4b2fb03cc72c87d3cd6c5e992b55a7-3174441.o
modified: 0/3/f7fcd5e8aecd1687ca30746d0c9e54-3234.manifest
modified: 2/2/1a44ec58ceb7f7d085654399aac7a1-12976.manifest
modified: 3/2/a737631ca49300b33a09f43da23204-11308.manifest
modified: 4/f/c88ee292bced6b353729b82c1c6a5b-2423.manifest
created: 2/9/0f9305d43c189d0794b5f154a6c162-3036554.o
modified: c/b/9de44871322a132f573450f8d754b4-1517.manifest
modified: 6/a/cd41390a681cb9ff389bd49547ddd5-2932.manifest
created: d/d/794b916f37392b2ac4af8ff88e779d-6532006.o
modified: 4/9/5e98bef584d8956eb6ad9921b4f071-12192.manifest
created: a/5/cf335fcb25a2c936dd85451fb95b58-6230262.o
modified: b/f/0b556a9efaa65590ad3dc663564ddc-2035.manifest
modified: 4/d/4972f54aeb90f6ac063226db5c0b6e-2361.manifest
created: 0/e/51ccf3e3d4b34389663d6095f5d16b-4458907.o
created: 5/c/3229cc3bf8f49705c1af111cd137cf-49947.manifest
modified: 7/8/f038f49291ae1773f1f68f743b4535-2719.manifest
modified: 7/a/6139c58d9d7ad5153ddb1b6946aa3d-5284.manifest
modified: b/f/75432e1e5c7c6a472ef61d7090bb3e-2772.manifest
created: 8/9/70240e85ac5cb20a089652eaea7be4-1780965.o
created: 7/9/e68c3582979890423e67924cb6ca36-2461702.o
modified: 2/6/7d31c51553955d9de76ad70121456d-13343.manifest
modified: a/6/3033b1f7ece944c0f52418c798f96f-34683.manifest
modified: c/4/a738188b784245cd0a8f914670eee1-15725.manifest
created: b/e/70ea667931c0bddf2ac41264b653e1-5459798.o
created: 0/d/39f24c407d18529c45583bdb646868-5126858.o
modified: e/9/35c2e902c055a7f3134d83d0c07f8a-2307.manifest
modified: c/4/a6edaa19123cd3546bc09ef71b1800-7189.manifest
created: c/d/02ef7b42256ce96795c4bf9cb5cd9e-3092153.o
modified: e/9/96a5ed85fcca2b6000acefec16b39f-3991.manifest
modified: c/7/4cf3f9425ca10c0c643f1d72681813-5016.manifest
modified: 7/c/954fc3a1cfebc73b164cfb1fb54710-11321.manifest
modified: b/f/c6317d8db0b001fb74e689b1ff3c70-6804.manifest
created: c/0/4ea55139438601ab2daaa9091f392f-3036566.o
created: d/a/d77887a757aba50f07c643016502c9-1143727.o
created: c/4/fd2da835fac5394be0a6572b5b4d5c-3903403.o
modified: 8/9/a5daea58c67b32072a63e667cb82c6-4070.manifest
created: 6/b/4ea888b404f3019a60da85bb35696b-3078846.o
created: 3/5/9496e18ea5d4d84c3ea740a0648935-7839.manifest
modified: 3/d/de46b6d96b48c43fbfb0e998d8bc61-33005.manifest
modified: 9/a/b6c312f0e6f277cf30d6eb14bb1ddd-2821.manifest
created: e/0/60d4b9bbfcb75158244ae02ca936e4-3123442.o
modified: 7/0/bba8ef7f20eb63580d83ae773f4534-7563.manifest
modified: a/0/98bd2fec3a62cb70d866c88c26639d-3761.manifest
modified: 3/stats
created: c/b/28c893525efd02f3edaa455ff490bb-2444183.o
modified: f/e/7bae12da4ee78bf2063d6ab1d60d4f-10167.manifest
modified: e/4/ed20044579d5681bb4fa9efc3ccbf3-4736.manifest
modified: 7/3/182851bac9881f2c40940fbdb384db-6384.manifest
created: 7/4/b64aa58cce1e4bcc160733bc53923c-4873780.o
modified: c/3/38cca80ef41f7eb10f6f66894afc50-5242.manifest
created: c/b/3a25f74d801b82e1ac79d7d1fb7427-2936120.o
created: c/6/3d87023e042640d8d1e1fbf6309845-2775.manifest
created: 5/d/16197d60ae5c36b43b887b35b6bf58-2986384.o
created: e/b/00568aacaf916147978014c27ce0cf-2891283.o
modified: 0/e/e4cd74333fef99445d9332f46bde6d-2928.manifest
modified: 7/c/2df055c475f751b799ec6dbd3527ac-6121.manifest
modified: 8/2/eb1fbb52e47ad6e31139a58eb5acc7-4619.manifest
modified: a/c/4506adf0f2aa354ff2a6628c4d54ed-9948.manifest
modified: e/8/594b5ada0ef5459b96846ec08e87f1-5432.manifest
created: 9/5/bb8cd4022441e6961d864785029fc2-1780933.o
created: c/8/40158999f34829ef50abb118473cb7-2445808.o
created: 7/0/f5d953d5d08b0ea299902a57412a28-2910043.o
modified: a/5/2406ef3fe5a87b2e57d6952bca38b5-13068.manifest
created: 9/8/dd0977ecff5487863f33ad9c468f8e-3071323.o
created: c/a/228c4a5d64c37f0c048c3788f41574-2442723.o
created: e/2/912ecf40b4dc87b77dc1706663c0e3-4910268.o
created: b/a/6961c17a17a0de9b64d3a17c33bf57-2454272.o
created: c/1/772a9f32789602f8b02b01e3ae75ff-1089497.o
modified: e/2/680dc154d8c899b72eb88f75221cc7-3018.manifest
modified: 5/f/c91c26fcb7da0696e14c626820cc65-2859.manifest
created: b/6/9abe09d1985b5e990b42f2576dae98-64671.o
created: 5/5/dcd9247a8bd758d6bb2a64d9c0c6c3-2491364.o
modified: 8/6/3f80a84e7e984eb9696d89cb5311c9-2046.manifest
modified: 9/1/598d051b6dab9bf873400e8fd8583e-3531.manifest
modified: 9/3/24a4e995e4c2d5c12bae9c60c59fb9-36886.manifest
created: d/0/056c37908d68cc2905339d8baf94ee-3225540.o
modified: a/8/6273bf2df5d4959c4c6874b6ef1a95-13709.manifest
created: 4/5/ecfdd82fd45f43a00d5b8c859a5322-2875884.o
created: c/a/aa665c96c7a3eecf83e40bf10e1bc2-5028.manifest
created: d/4/69523397ecc0acbe0a9a353dd15ae2-3613.manifest
modified: d/8/935b392ebacf62639fd40c83b3b011-7700.manifest
created: 0/0/1986e1fb768db59a118a6b1587918f-3198448.o
created: 4/0/3fad0ce8ef3a164ca70f0acb2c9d97-3132666.o
created: 5/a/5910f0ae89c6695afe3d1e0e9fd388-1513.manifest
created: 5/e/1f6c0760a790537e18cf1c343cc358-3954186.o
modified: e/1/0553886d8f3ca70b3c77f622195bc2-5950.manifest
created: 3/0/fd480c7f0762cab32b721beb870940-31892.manifest
created: a/8/3934d10a9a581efbad702a0db5d182-2447627.o
modified: 7/e/985f9396f85629de844973052149fd-1859.manifest
created: b/3/11187e1c952293329a7af4afa6a2d2-3850870.o
created: 5/d/6468579e8c8a21ff346b9db99f14ff-18269.manifest
modified: e/9/cf72f5b62108cc837b1518d0cd821f-16839.manifest
modified: 9/0/b3acd070d033823d80c3a43745adc9-1763.manifest
created: b/f/d73726d1432e29d4a75c7a2d4b12ee-4341060.o
modified: f/a/d3905dd9558e860d65dcb9a6faca11-11455.manifest
created: 4/8/b7760a80b4d938eec13164f6f91d7e-4675050.o
created: f/8/1c5d89da03c23f88f642c1b0539dac-4381258.o
created: c/3/49f7ed2abe3c411d18a91195280717-2409309.o
created: 3/e/c9a4a438988142feabdb3964dc58c0-4355965.o
created: c/8/258f4d42a436251184ec06800daa41-2745584.o
created: b/c/958b97e1278749530c3850ae177527-4050790.o
modified: f/e/765800f25647a1d45e2b05064be649-15567.manifest
modified: 4/c/3c85c39ecbddff12e621a52ac7f71b-4048.manifest
created: c/f/4557ea1bc82e5c52db42547e19885b-3229673.o
modified: 4/4/c849c69dbf6c687ea82d2747b05906-2926.manifest
modified: 6/0/45aece4a35f1fca41cd46a021b92bb-1681.manifest
created: 0/2/fb329185f19767354c952fc3bcf422-2985967.o
modified: 0/7/266688db9251edcde4fd7e8edbe93e-7604.manifest
modified: 1/1/247ce488cad2320abd6ed7d01b56bb-13906.manifest
created: 7/9/baf812f28de2d1d9c0a1a75eb7c476-4422455.o
created: a/0/36f04420180f9c82ef77bff68eef2c-2965205.o
created: d/a/23517c4ba09b03e3f282d9a7df6daf-1807455.o
created: 0/a/29415150d813c8a45f2b0a2ad600f3-4485103.o
modified: e/e/3c3c0b6ad957d727b775484a2f85b7-1791.manifest
modified: 0/8/e13f70cf34d74af379add0499dba8c-5867.manifest
created: a/e/c6863f202c9ac91d7ba9cc360a8a8c-5818227.o
created: 8/b/8b41bf89dc935fb29ae70efb133528-4417301.o
created: c/7/1e52feaba13f32ddafa35e59fd336c-3261.manifest
modified: 9/e/056dc1267bf961c1b76d9cb552dfed-3116.manifest
created: a/2/9a151fa8f5a4c6eab3ecd9f8c1a0b2-3737210.o
modified: 0/7/e7e0656aa16426b39ed3f7981bcea4-3652.manifest
modified: 4/4/7687c6851f6f1d38dc790a80d736cc-5721.manifest
created: 0/c/a832c2b7bb06751769d62e3fd416fe-4867501.o
modified: f/b/77d7846d79f8337924f29051192440-6141.manifest
created: 8/4/d607ddd3ac8b5eed935e26a769b588-4355197.o
created: 5/c/3e851afe41aa51b468f74eb78fc39d-2430399.o
created: 5/f/1f06f2cb9639a5f2a879ca54a1a0d9-3241683.o
modified: 9/0/b6b0e9053309a2039bfda18c814755-46269.manifest
modified: c/4/a5d9ff264f5cc2f4da2f96f105b632-2231.manifest
modified: 6/4/d96a246747a768861859a890156f35-3525.manifest
modified: 2/0/e9c27baf50b3061c4d3a4f1bb1ba71-6300.manifest
created: 5/6/109e27da124b4c6831b0c2d0b5dd92-3035018.o
created: 3/a/05c2dbb2d15f54c5a2c3da3f2b8679-65639.manifest
created: 5/6/1e38929b9e803c01f9dfb068b0bd8e-27682.manifest
created: e/c/ec031c66e12bed96f69db1a329677d-4909956.o
modified: 3/9/7dabe576a8a181b22b33a8a0c8e5e1-8464.manifest
created: a/d/5234f97b6bee93ce61f772928ff8d5-4489867.o
modified: e/c/afc66ea7a0a21f5546abf872b96cac-4772.manifest
created: 7/3/020f6e57cd4f693e0c0f994ad8fcfc-4625693.o
created: c/3/ea4c97980ebdec1cba3cf0b7dffe51-3736027.o
created: 7/9/5fb6619b998e10233e7f1f160a276e-2679411.o
modified: d/b/46963228e71b23bb24fe4d08c126e0-2894.manifest
created: 2/a/4f5a8b89efa3af8fa2e20f3fdf2120-3922774.o
created: d/3/8622ab18354c13beff53c1174db8b6-1853633.o
modified: 0/4/b04a32f3e4c6fd56dadd804802d708-8509.manifest
created: 7/f/9247b5ada2f9454ca386e034fee6de-4036279.o
modified: a/b/fab85c8a7178d756d29b432b0b1e2f-11783.manifest
modified: 1/1/5e47b063cbb6b0d60e28a7647e1057-5169.manifest
modified: a/4/1c988254bf0cb23299477bd886346f-6878.manifest
created: 5/5/a7d831d7fe0b7aaadbff3614df3258-2474.manifest
modified: d/e/dcc3cef08c827a7a28eb69880098f6-16513.manifest
created: b/1/f01625ee1cdba1976f7f9fc4b928ee-81190.o
modified: 1/d/63744da8f72e3686f866cdcac939e2-3518.manifest
created: 3/6/fbf6468dd2eb9de5ee0beda787d3a5-3000.manifest
modified: 8/a/e94a0928c25384026c182d3cc8b05c-6028.manifest
created: 8/8/a7ace55c4dbe12dafab9925a852f0f-2779759.o
modified: b/9/099be36d0f71128b0fe2b81e665b78-2172.manifest
modified: c/0/dd970e4caaf6a2bd60815293105e2b-3317.manifest
modified: 2/f/0641072792e589e636f0dcb2eb7cda-15781.manifest
modified: 2/a/75258bfcb091a6a95c2a68b6df8e91-7958.manifest
modified: 0/c/9967c3005d02bd71e2085a87188f3f-5988.manifest
modified: d/3/276e270fc242018f7d9ce75dcc102b-2374.manifest
created: 8/1/b38914bb9249f48a0145ca979efa70-4381047.o
created: 3/e/84a640a833da6b85fe51ad3061c924-3956349.o
created: 3/e/b2ef5ff1ffa71ce14a92a6905962ec-5147038.o
modified: 8/2/538876c3cb8b75101a796e909f9836-10888.manifest
created: 3/8/e84f530958375d95a93b711abc8f2b-7821.manifest
modified: 4/stats
modified: c/stats
modified: 1/4/ce977c9053e20db6a31dc23a591f9e-11224.manifest
created: 8/4/43d8af1db711e3f57a1c69b1b61812-3175287.o
created: 7/a/c742fb9ef1feafd12384fc1234d2e6-2820658.o
created: a/a/4c37d466d13d97bb6c8b0dc016de16-1841884.o
created: 3/9/88681697526f801357baacf9e74a59-2774.manifest
created: 5/9/e8a8087170b68b621bc4607b15a3dd-2620045.o
modified: 1/6/fe492aa16e25be115fe5a2b8c52383-19858.manifest
created: 4/b/52a1aa09d1f8230749eb0afca7ddb0-4358152.o
modified: 2/b/e462154c51ebe423388de4639ca406-30831.manifest
created: b/5/f57afef833c79116da53b5615985e2-5297.manifest
created: d/8/06cb51b8968cea39d3c083d184d78a-2998991.o
created: 3/4/f1f7b784f1d50cc90345a1735c2de7-74438.o
modified: b/6/41c02cd19952f411ece9bce447193f-3923.manifest
modified: c/b/b8e2fb2d19524e87fa07d9155121b9-13203.manifest
modified: 2/1/64980fe58356b3827301bcda8b3d5a-2051.manifest
created: d/5/f208cee7fafc07b8a67e83db9c7e5c-2817286.o
modified: 4/5/b45025a4a533ec48d1acc07930cfd1-29844.manifest
created: 8/c/daeccd9f4b2757b057026d521bd01f-4394646.o
modified: 2/stats
modified: 8/2/9777294b6998d53e13cad42e285ff8-3387.manifest
created: a/7/7d796aaa99de6a2132b8e6cad2c364-3181125.o
created: 8/5/7d161cc2377dee0131d24becb423c2-4074978.o
created: c/a/7eaa432687ee5890527e74ae08deb0-2322377.o
created: 8/4/5229174dcb409b1799acd07692918f-4361309.o
created: f/0/ca7b0e535b2e58501b817bb120fe72-1932806.o
modified: 6/2/2e6ea3e6b5fb92a739fcd92967417f-9040.manifest
created: b/3/2be0d537e1ff60117a925974666b8f-3937896.o
modified: 0/5/a1b334b991452982df546ef0355e77-2972.manifest
created: 6/3/a6d37dda32ba017ff89e4527296ccb-2923458.o
created: 9/1/f7318d9e8fd349086d70f399b3679c-3014842.o
created: c/f/392dc9b3faca71d1079ab0d5b5275c-4897802.o
modified: e/d/b34f7df5c22d3e60953d73d2b5bb47-19145.manifest
modified: 7/9/64358231502ebfb3dd761ff7e40cd6-24130.manifest
created: d/5/425aa5acc4398c1ce5ffac46190a1b-4446133.o
modified: b/4/042ed749b47eedc4c6730c6eb7e071-4116.manifest
created: c/7/393a00540470c69009495f0c356363-4144079.o
created: a/4/590237a861de09ddec934118412cc2-4385581.o
created: d/6/6a3563e1e1b3ef39585ae347c78a04-5656.manifest
created: f/b/82c8a45e7eacc8d12214f1129061ef-4946481.o
modified: 8/1/591085709f0d1f040eff696dd0b2ad-3359.manifest
created: 5/8/0681a0d845292031788ae7427223c0-2355324.o
created: 7/9/53fbfd397c24eb35dd74f02b7ab20a-3814752.o
modified: 8/stats
modified: 5/f/22ac7d8dddce0afeeff6434cac4398-4405.manifest
created: 5/a/06e24483ea4231ad230810ddd940b8-4381.manifest
created: a/b/0b53be5965843c06637dc22370e47b-4420487.o
modified: d/f/0c9759f852947ccfbb82221492f83b-38478.manifest
created: d/f/c8653dff720a1c8fb5cb8f010c52c0-3027426.o
modified: e/c/4fd6240af38afc7c90dca0a45887a4-20731.manifest
created: 6/6/6630be1e065cdb7f96e667e6a6d1d9-4919069.o
created: 8/1/ea4c8baf55bd49cae0536e66b66be7-2788419.o
created: b/8/d6c09284b5628d938ae4ce348ca7ab-1912159.o
modified: 5/f/7c6ca5d927160e80c8eda4a886376d-15441.manifest
deleted: 0/7/6af3c1d9dada079121d2e957fa2b6d-4355639.o
deleted: e/5/6e9925491ac58190634c9f30584de9-4895861.o
deleted: f/c/c5f67c9a530c6157cbf7c091bfcbb5-3181772.o
deleted: 7/9/c8a67b38bf1a255e7053932117121a-11818.manifest
deleted: f/d/bde327427de473ddc436bed3fe85fa-4993806.o
deleted: a/0/a10e968d35f57e6a0c8cadbb596688-10852.manifest
deleted: f/b/f95b4a813ebb287f8a824339482fac-1237697.o
deleted: 0/b/6a2e0a5f444b874deead813ed6122a-2626694.o
deleted: f/a/a1ff204dfcdeb9c2d67735bf77ec5b-7077589.o
deleted: 0/2/4fd9e4916938e6269b0a21b33c6b81-3733.manifest
deleted: 7/2/469edd93951c83a6901aae96c19a56-1997370.o
deleted: 8/3/543e51adf227b6f5f84e0cf7d7cdcd-4486791.o
deleted: 4/6/0c5cdb926e854a62b922de7d80f7f4-3182579.o
deleted: a/0/ca654cfad08f018765d4c2750f84e8-3257528.o
deleted: f/8/256e02f4b6b2922bacb10da03dfc03-4736554.o
deleted: f/d/82d27dc2edb6faa421bd6c6c12de56-3250110.o
deleted: 4/6/4e45fcb0e9f564f04a349ce49704d7-4385267.o
deleted: a/b/1b0867c9b53531dbd27f1dc1e9ca20-16209.manifest
deleted: e/5/1d6ec4a77f37d7b38e8ee59cfae1e1-2442728.o
deleted: e/4/ee5555876aff410158806c35d43c4f-4734755.o
deleted: 7/b/68b3f99ebafe094fe25c262ba38571-4418142.o
deleted: 0/5/d33afbd38eec004e470aa6e5f88876-4716143.o
deleted: 4/7/8bc2ca579a4b7b967c4c91bca034ce-5496.manifest
deleted: f/2/047be54d5f6dc1d53596a236d1049f-4412555.o
deleted: 7/b/2d7c45c603a7e9ceacf6d5b560a3f3-2910337.o
deleted: 4/1/790559f596545a76325686c8f6614b-3235766.o
deleted: f/a/4459278750a86b2cdb78142229f13c-2937263.o
deleted: 7/b/71ed1f02f64e1cf484a64c3f1bb2ec-3228447.o
deleted: a/2/8aa65eccaec3734dd79bc28531a10d-4841294.o
deleted: 4/8/e6ee6b64ae6f41f8d712629445b5d6-3176868.o
deleted: 4/6/ec71b200c7c49386ce0de1982fe6de-3937570.o
deleted: a/9/c31ab842e155cb9f19f0980ee71c8d-4445807.o
deleted: a/2/80b8ea59ac169eb3ec45a257b9401b-3185928.o
deleted: f/4/37df7520f53b61ab59e8390c3d3601-4392125.o
deleted: 0/2/bbb9d20f341b24b6d384f6f0040c6d-4329308.o
deleted: f/a/2beb507adee7bccdbe46711d837c78-3178273.o
deleted: f/c/813b339744e6b2e45c8fc303ccfe12-2426.manifest
deleted: 7/b/71057bb93c6f2900b22ac1217fdcd9-3087774.o
deleted: 7/b/68854314c02959d0e1ee29e94edd53-7647.manifest
deleted: 0/b/a65a17d6e66339b3cdce4e51d99703-4423568.o
deleted: 7/5/ab5816d190528504c8ec6b080e5411-1853703.o
deleted: a/7/9d12c4676005f5dc7d17247163c89e-12137.manifest
deleted: 0/6/55326747bd06a3d37efa767d6a4531-5156.manifest
deleted: f/b/c8a69a3aa33b866821d467c1ca22df-4324779.o
deleted: 4/a/7c54dadda7d013723a0c8ccd10dbd2-3161575.o
deleted: 4/6/0611516e0633773ce8f75ca80ffd9a-4554424.o
deleted: 4/8/a1806e43ed9dfb086f887c33144c1d-4389750.o
deleted: 4/9/346e8f896abc5f7f89ca0d36fec04a-4731682.o
deleted: 4/a/c3d1042584b99e82eb7a93203272e9-6349334.o
deleted: a/1/7c2db7020bf6b4ec97658fe0402e49-2242.manifest
deleted: f/5/89f4771818aa6a56fca742f8c84b0c-3141595.o
deleted: 8/9/1ecdd09bdc0d01e3fc32003cff8485-104114.manifest
deleted: 4/7/e9ee81ba1e9b4e7f4c25927216d94c-16572.manifest
deleted: 7/7/908f16860a023e491975cb778a1994-1865557.o
deleted: f/9/f565f92e2bb9ee874f201c4bfc7e07-4383978.o
deleted: 0/9/04d949dc7e560cfdb87cece58526b7-3015703.o
deleted: 7/4/ff0f4b99039cbab665d5937a04b8a6-2396568.o
deleted: a/1/95d20b46507058cfed3dedcb5fffdc-4329086.o
deleted: 0/b/946083111c2eed0608a6673cdc1fe6-3177262.o
deleted: 8/2/22080ac06c2834c82806e2c2fef43b-6126468.o
deleted: 8/3/ba46aa92d61ecff7788c8244ac5db2-3849.manifest
deleted: 0/4/799b25fb8440d775e1c281fa822344-1780933.o
deleted: f/2/5be8fb7bcd5bdd0ac0e256422d217c-18129.manifest
deleted: 4/2/e74d0e94ce278675d9005b4f178e23-3002456.o
deleted: 0/2/4af36a0e8f4def46367d5b31d046a1-4363957.o
deleted: 8/0/5cd35bee84af9ad975078e31d54e6b-3200213.o
deleted: 0/a/a45eb59c074bda3c0903ec11873a1f-3187487.o
deleted: a/9/de4835271e85a173cd33decea673a4-1125914.o
deleted: 4/a/7e190484b350e0b2d8a83662c215b7-4335112.o
deleted: 8/1/e7ea1b2a5fb256d76e4d480b1ff53f-3040270.o
deleted: 8/1/5a0b9598f2460a909a59fe38abb37a-3045979.o
deleted: 0/7/2d973f1eddc06c593bec95cfdd7745-3198719.o
deleted: f/d/9787866e6cc06c7bcfe4227bd03080-6227179.o
deleted: a/a/53502a98bc7af54fcffa2c5cbdc047-3194472.o
deleted: 8/5/121ccb50910195ad92afa7404e3bca-25196.manifest
deleted: e/2/442c5eeb0d26856346780dc5496c71-2911358.o
deleted: 7/2/85cad430fc0323e096bf15070c69df-3729616.o
deleted: 7/b/317987868d571850c41d9ccc83673e-4840330.o
deleted: f/7/d3051aeb33ba477a689ab6b3915e22-3040386.o
deleted: f/a/3134c94e3fdf311c1659a65ca74f7c-4622961.o
deleted: 8/4/da1d6ef3a2832b8827d2e7fe510964-3236090.o
deleted: 4/5/894c67cb5ef11801ef9dbc3ef39669-10816.manifest
deleted: 4/9/b4000bfa5ccfb5be382302773a410c-6276.manifest
deleted: 7/8/7dcea2f83bd1c74fd2ab248dd56b1f-4430419.o
deleted: 7/0/890d826ae2bc174500ff9916e6d491-4011408.o
deleted: 8/0/df05eff86139b39e9fbb5cdd041524-4051872.o
deleted: 0/4/80401ad99667c297e73d240318b501-4090.manifest
deleted: f/2/85d1e8098335a2e5a5472f41247cbe-1720.manifest
deleted: 4/a/bc979c519054e3a0537e8c3d7ff4f6-3202527.o
deleted: f/9/173b59b51c9c7ef959a15e989d0f84-2640.manifest
deleted: a/b/0c9db796bc75c54ad03c6021398915-4420377.o
deleted: 8/4/9f993316e1594750e2a4dd49156222-2412.manifest
deleted: e/2/6ed4a177db39e4545266ceee319f69-4335270.o
deleted: f/7/0f8c569dc365b1039ee457db2ae9b4-2807294.o
deleted: f/8/446645fd73138268f9d72624635b23-5126468.o
deleted: 4/1/b460377f9369c94f4f5360460d4aa4-4522208.o
deleted: 7/6/84b5c314c11a82520fc32faa8e3e7c-3088254.o
deleted: 8/0/58c495aa8cc784cd08214ebcf292b5-3230216.o
deleted: 8/0/174458188ea8e91f419d8e96dc2322-2430315.o
deleted: f/9/5e9bee49e251d1e35d0f3be1fb57dd-3086111.o
deleted: e/2/7996077d2ee07fe5e1d01666694d00-3191599.o
deleted: 7/b/303d6fdccf9b6189a162ffdb704401-4329061.o
deleted: f/7/1b5a8762d93d7c34c1d07a8451b884-3190792.o
deleted: 0/b/4bd85489f82e814232656bf76322ae-3175646.o
deleted: 4/1/043f08d0ab929d41d9154b0dec109b-3014.manifest
deleted: 8/4/d231ccbb8efb361bebeb3f01f68eec-2278144.o
deleted: 0/b/c96b00f054e6f6559a412f15fadee1-4329134.o
deleted: 0/a/5202871559eb00642c3d7e7233326d-1865832.o
deleted: f/b/9d4f0e5c859c94d341a8e43d92c480-6418.manifest
deleted: 0/0/908628ea035efdeedc1563c8462e25-3229.manifest
deleted: 8/5/d6ddb35d762b58cda1ccb709d5821b-2998913.o
deleted: 0/3/a274e16fd41a270fd78d2ee92c9c21-4999.manifest
deleted: 8/5/ecdae319e31d2f66fbb77887cef6a8-3175059.o
deleted: 7/a/89e2b711a237b9b08c4b14c27d22a8-1780947.o
deleted: f/8/e5c9eaed3e725173aab366617b8588-2744677.o
deleted: 8/4/c778d2827702b06d9c80f98f8ce397-3176427.o
deleted: f/d/b95da7d6416725aeb413ba111c55c2-3139261.o
deleted: 0/0/453a2168a303965afaa84ecdb8040e-7144.manifest
deleted: e/6/9669b28a89baf7543fb80272abacfd-4329182.o
deleted: 0/7/d3a83db3dbabf2acba26de5a41d80b-2745258.o
deleted: 0/b/47106fb35423fa00494c46274def7a-6128065.o
deleted: 0/b/b6499af603427af9c1f8b105a451ba-1922757.o
deleted: a/8/f41b8fb196284bad3e49a97f0458a2-4386609.o
deleted: f/3/27728d52aa503c459421709e9f7f52-3034891.o
deleted: 8/1/337033680661301e5d70893ce57958-2848.manifest
deleted: e/2/d84abb4a2d8b9ecdaf28923786fd29-4564612.o
deleted: f/1/5691ed0abc115b8223f0e43d48bedd-3136.manifest
deleted: 7/4/8b7c4b1c874715c317dca00f201cd6-2493152.o
deleted: 7/3/84f1664fe8ac338821aa0e1ca30707-3729.manifest
deleted: f/9/45e923d6f80dfa65f19c4aa5de1785-9268.manifest
deleted: 7/9/3a8d5b31d5057232ef8f4657d62ca2-22238.manifest
deleted: f/8/9f061ad07673c839a9ff939efdad82-8312.manifest
deleted: 8/0/ff6a0c6b0db54facd6c64fc45d373e-3492.manifest
deleted: 4/4/38c246e90682f39f59026edbc7f689-3198599.o
deleted: f/b/ffad757979dae965a7a57a6cbcb159-3036240.o
deleted: 4/a/bb707f35ea3afd755d10187b2c927f-2993341.o
deleted: 7/6/26c0da4da76f4a1925e9fe1c5ab166-3182002.o
deleted: a/6/d80e3945a12bd86bfc736376e89969-1835483.o
deleted: 8/5/657023cedeb2ef7b863131ce92fd69-2917920.o
deleted: 7/b/2253e21a8115a09eb5d10bd30a46e3-4621895.o
deleted: f/c/50c07284f0218092488e154502b9f0-4420844.o
deleted: 4/4/ad49fb01eaf2a1a74506ed0ad36106-2241727.o
deleted: f/9/41283ac45449109ebf1be37074b108-4622969.o
deleted: a/7/8ef3ee52cac4204f4ac00efca55b14-1780933.o
deleted: f/a/6c2a3d9f28d0ff83d536aebb7c224b-2937763.o
deleted: 0/0/a9f6f6cc5ebe51ec8394834c5392d3-3034680.o
deleted: 8/2/d3120edff6f7db9a91d22feaf50124-3181368.o
deleted: 0/1/ead56738a5468e91c89ddf2bf126f9-4163361.o
deleted: e/1/f444a2710add6d1ddb0684a19476b1-3090948.o
deleted: 0/2/f29cbef0b801e36ff5a624b8f7931c-4354148.o
deleted: 0/2/158f608cda387411c66edfd05825dc-4401654.o
deleted: 0/3/087e0f48604869ac69bdc2dcaf8ff2-2285411.o
deleted: a/4/37a7147d537a8e6625f38a57679742-3405.manifest
deleted: 4/5/0bf991ccc63c05f7227d4a84f3dcf0-88598.manifest
deleted: e/2/5107b40fa99b3f3dc4e1b555203525-3194471.o
deleted: f/b/21a7bfbe8c25548ebd179aa8903f94-2930644.o
deleted: 8/8/65f2a0d6cf60b4d60bb11b635ad912-1841042.o
deleted: f/7/77b61badf59117f0dab0440b4755b3-4731908.o
deleted: 4/3/1da654d43300c71a72df96c6c30517-1462.manifest
deleted: 8/8/6cbf6e6a74d81bf9a09d7a32d9eeb9-3178117.o
deleted: 7/9/eaf31c98c8f9ae4ee719a43b4f7f2b-4389738.o
deleted: 0/b/61eb31d2c3301dd5ed524b6f349dca-4674868.o
deleted: 8/9/1cbfdbd55fc5ebc827f22b786b8700-4568902.o
deleted: a/5/502212f95bf609669e882cb54fbe52-2599966.o
deleted: 4/0/8a059d0a1d6e0ee473d25c96c03934-2442397.o
deleted: 4/8/3fa41f00b0a9d53162660acf2af805-3277553.o
deleted: a/0/862b835e0125e3734aa2d6b7dbb99d-48795.manifest
deleted: 4/0/18dd4da49d79674adba3f6d3141889-1524.manifest
deleted: 8/6/f32b9a3146ca76dac549fafcc386da-2788093.o
deleted: 8/5/274cfa86516ca2e95a40064c8d1e5e-2965703.o
deleted: a/9/0abbc4e6ae32cea21f5bedb4bf86f6-1780933.o
deleted: f/c/bc445ebb90aa001864d3af9102ae52-3178566.o
deleted: 0/b/49200c68a81c0d57b5305cbfd56f31-4352900.o
deleted: f/5/9b8413ad8c13a5e35004ff62c77fd5-4330480.o
deleted: 4/0/19e89bad25cc936515ce79ddcc3dc0-3235587.o
deleted: f/8/7c77724ddd1512f0043d0a8b7ff057-4487636.o
deleted: f/3/d792267a23ad144b6430eaa9328661-1336308.o
deleted: 7/8/d27f0efd1b62dc8c64c7cfdc347eb8-4455910.o
deleted: a/6/627ed43b06800fa148599f224f6a8a-48785.manifest
deleted: 8/9/094922a79b1f9971e4b530a9f22d87-2239372.o
deleted: f/9/078e6c2ade0ecc652be32ea6b4a1f7-2382918.o
deleted: 4/1/b6c6605f73dbb19de07f9e66699b89-4825222.o
deleted: 0/b/a8a82e3c98535106c3a2430147c248-24130.manifest
deleted: a/b/158a9a9ba786a5aae5c371ee1ff2af-4383296.o
deleted: e/0/fcb8a1b0921c27315c254c5880ccb7-3232797.o
deleted: f/0/0ec2af4f0e1601d914b43d35f057c9-7669.manifest
deleted: f/6/8a721d1142250bb2858e9c7da6fe7d-4416448.o
deleted: f/6/bf72f8712d7ed8125add98b57dfccc-28144.manifest
deleted: f/d/89855453581c791b04c9df823bd368-3177373.o
deleted: f/a/66cb0ad3a6ccc206ca123f0d7930c4-3090938.o
deleted: e/2/48277ecccd0cdb0245ee9c58ddcf5a-6099894.o
deleted: 0/2/2ecafa03134a9af35c75425b2cce83-3179548.o
deleted: 0/b/e7d0d63154e160849b94628906f808-6286.manifest
deleted: f/b/a0ba31b298f05dcfc2d132e6579e82-4051882.o
deleted: 0/b/77b83777128dbc7574163fe3008cf5-4404714.o
deleted: 7/b/2650a73c25e6017c71cdd7950deea2-6529632.o
deleted: a/6/e3d32d6ba99a4c8471ec7420d6b60f-2997162.o
deleted: e/2/7bd439a55242ac8d79940114d00681-3091827.o
deleted: f/2/2bc3baa2d2de15e9a2bde8c7f30b4c-1949.manifest
deleted: f/b/b654165de7c9aa066f8759ed42052c-3174115.o
deleted: 0/6/4c115df9de5282046a74958d09996b-12833.manifest
deleted: 0/8/a693ff48aabc1890ceb3c4619f663f-3198623.o
deleted: 8/5/1a0863a496d7cef9f74011d1f76195-3231607.o
deleted: a/2/c29ac608f57f7a9d67f0c75f1fe5ab-4330726.o
deleted: e/5/43c454d7c63d72f7cbe8307a912c55-6108.manifest
deleted: 8/6/185972ef8a86d4966f2f3418e44f43-3181056.o
deleted: 0/1/2ce6ee55d3a59fd9bade0fb346f008-2994066.o
deleted: a/3/d164946dcbd90de34091a99853df0d-1981.manifest
deleted: f/7/637d680cbe53290ca3021b2f9be1b7-890585.o
deleted: 0/9/b2f7fedf25628b9651de4c3b1b25a3-4046180.o
deleted: 7/6/1e73132a7b48378ccffc765fa9a6d6-4865908.o
deleted: f/8/18efaf65e09a987a86f13a1b157054-3869727.o
deleted: f/9/030c70ddf1702159183d187162d079-3177316.o
deleted: 7/b/169b571aef15635137b3e283cbac37-2025672.o
deleted: f/3/30dfb4104adadecabdcb9c13838ad2-2994163.o
deleted: a/1/7cffbd11d0bfef1cc0da92bb8848e3-3903130.o
deleted: f/3/bb9badb63c95ce69bb92d06ef6c4dc-1848670.o
deleted: 8/7/392a313306c651de53b8bbfa85b635-3903076.o
deleted: 4/2/f4baaf2dabcf9d4fb6846f6481f92b-1780965.o
deleted: 4/3/c0f003ed210113d3cd22582fb8df17-3175034.o
deleted: 7/b/5963b1fae80b04bfd430edf18b13d8-4566360.o
deleted: f/8/4a066a6c4253df6aa5c110cec550ed-3212826.o
deleted: 0/6/440420c11937f7d42caf69822071b7-4363945.o
deleted: 4/9/850221763209431cbd86ac5eee4606-4347133.o
deleted: 0/6/2ec8bd04b313b17f197c5370f6efe2-4429916.o
deleted: 0/5/0901aa1e1258d0623e070a109dfb3d-2451813.o
deleted: 4/4/f63f7ceecb6bd3669225484bb7a395-9587.manifest
deleted: f/9/a27d04adbdce5a65968c7a72c6ffe1-4480198.o
deleted: 0/6/ad7a4bd5627d8a39aa81a1bd68a9ac-2561.manifest
deleted: a/6/60ac7c0209ae1c639f0a8071bbb0d9-6328137.o
deleted: 0/7/5eade437f63c1dd98bac966daf318e-4701511.o
deleted: 4/9/c458f1a64c7c281198f994cc74e857-39227.manifest
deleted: f/3/c36a8249712d85b9dea98e6e8fb88c-2496910.o
deleted: 4/a/03880d79ef1028a100f4807bd83d2c-3200865.o
deleted: 7/4/3862a46c7a5b62ea2969312ea2c1e9-4371331.o
deleted: 0/b/bbca470c0c878d2359766363a14e14-4355446.o
deleted: a/9/f8dd3927ca1c206c9c7787899faa86-4858786.o
deleted: f/c/2a6f3f888de7f6bc1a85d78de15582-3178815.o
deleted: e/0/473ddc642a9aec641be3f02e67d844-3235588.o
deleted: a/7/0f5125ccaa175d00501afd1b0fef2c-50571.manifest
deleted: a/6/5b509eb65852acf12a4584156228d0-4582763.o
deleted: 0/7/a225a11f41523335ceb29077986ce7-4415414.o
deleted: 0/6/27c347b091f2eb936e3a0e7db0cc2e-6593.manifest
deleted: 8/6/be34aac70c6e1c6524ac90d5e91735-4330911.o
deleted: 0/a/30a756bb7b556d3478d732a237a95f-3242792.o
deleted: 4/6/66f5ad882b5d2dfb02fbc20202052c-1649108.o
deleted: e/6/fc7fd6819828138bbc8b89a1c7c9dc-4265912.o
deleted: 4/9/39b97b1efbaa953dc1d98a7fa02504-3182705.o
deleted: f/6/fe6f249cf3584672e63928cc74cd63-1901.manifest
deleted: 4/4/914aa284873fff0db3ac0180395809-5874.manifest
deleted: e/2/0c5090524bc2d32485e70a0e180aeb-4578090.o
deleted: 0/7/35ec5207dc1e0e075d9b1e0e05d7d4-4143753.o
deleted: 0/0/348e8590fd4fe4d52fbbbec805db1e-4950486.o
deleted: 0/5/a629d02c5f5e04e86cc9d2784ecbcf-3040334.o
deleted: 4/0/575ab360c49c5bf1462747a41f5b5a-2442520.o
deleted: 7/b/6202cdd7f49bd732a2ea1286173643-3018241.o
deleted: 0/4/af2a635cfbd7d1d685f2c4da6956be-1780965.o
deleted: a/a/dac3021bd9da23c56bf826c00f6b79-3502015.o
deleted: 7/b/57968fba0517af4fc7cd16af18501f-3161998.o
deleted: 4/9/8337cfd627eeca30194699f7a7eb76-4554328.o
deleted: 0/5/42ab67ba63ad8776d182337755c26b-4520228.o
deleted: e/3/51f278a4d4fdd187f8769d5c8eaafb-2994067.o
deleted: 4/0/6f8f99318f032293c720ede1dc4733-9609.manifest
deleted: 4/2/b8a77d10e2b7e8d6b146463c5c4385-6514.manifest
deleted: 7/7/17e6441812e4662fd57632f46c5c45-6203387.o
deleted: a/9/5bdb358948c0b1331d6e0f0fbc6f02-5489.manifest
deleted: f/d/757ca7d3e35731fa07a6bad8a64959-2966421.o
deleted: f/d/98dc0f6dc6fc8ac16d283ad05bdd41-4775437.o
deleted: e/0/6b94880c752040c2b5bc4f488e6c1c-2820332.o
deleted: 7/7/752fae330559adea1b7b8bdc353538-5728118.o
deleted: 0/b/320d97de1847993df432bf314442aa-2923132.o
deleted: 8/0/eb238a3d689d0732893f6ea260ab3c-2989931.o
deleted: 8/5/f481f0b896c7cd68f394fb35aad685-4389564.o
deleted: 0/5/1b2dea3438ab7a7fa31cfdb2fae2fa-3247199.o
deleted: f/d/846965e4906cd55ab46325fb9fde63-1840783.o
deleted: 0/2/42f6a453c926d3fcfcb6ae487bff0e-3175060.o
deleted: 4/a/dad38978e4fc4d627cc221b36c5f56-4328321.o
deleted: 8/5/72c17e10789e95185fdade40753976-4853396.o
deleted: 7/8/571dd5089c29d5ea6903bf54e4c08f-3791971.o
deleted: f/5/dd9b0353a85e1d5e99f511df775b7f-5386677.o
deleted: f/d/75157f9e725bff399e0387906934e9-2925732.o
deleted: 0/b/bc8afb0d64b6676a846b846add0129-3842510.o
deleted: 8/1/846fc7f9d9ddbd94885d5b185b800e-34033.manifest
deleted: 0/4/b030b18e344ebb1afc587d9e23ba18-2998665.o
deleted: 8/8/9e5b3a33c7c62d045307b079046cd8-1818554.o
deleted: a/3/eab2db68197bd09d31784889ab4a6e-6996.manifest
deleted: f/a/91c08ade8c5f1136015f02d5221f4a-4135459.o
deleted: 4/5/32799750ef8546c351b82b0ed698c6-4437603.o
deleted: 0/a/035398e478d249c012df7eae46f31e-17894.manifest
deleted: 0/a/bf82147509faa5f405318fd60733a1-17362.manifest
deleted: e/5/ace1342f039baf07565afddcab6550-4945906.o
deleted: f/d/4ce7ac4fc8c94ea9922623a8e618e8-2985691.o
deleted: 0/1/a368e452b84d7ef0f0ca27980c01b6-4403925.o
deleted: 0/1/9436f068edd1b8f51db4d5a1aad574-2406408.o
deleted: 4/6/7442b71dcf2413dcdca18ae6194189-2078.manifest
deleted: 8/7/a54331fae4abe2aa5e125dffa3d5d9-2914426.o
deleted: 0/a/d73f52abad20efc60f9a24b3914912-3265223.o
deleted: 7/b/49dc80f18025c7b169fe3b67d7d784-4398954.o
deleted: 4/2/5dc9d0a86f5d2e2d2403169bd8d0b4-3179422.o
deleted: f/d/83cc80b1050f62e65b5bd295ea5b9e-4493516.o
deleted: a/2/3eb11a295405dc567e4229ae4be540-8543.manifest
deleted: a/4/a991eb0cc816430a4d680c6e95efb9-2747498.o
deleted: f/1/296834f3229dbe2812f2066fa751d6-4842271.o
deleted: 0/0/ac5e44f4090d69d238e087b32b6e77-3176452.o
deleted: 4/2/3b70a61f7449b7ec4e77225d1908f4-2895300.o
deleted: 8/8/bf859f4fbf7106bea4243c0d7be9e2-1645.manifest
deleted: 0/7/a5ef56022f991ff9bc4c1372d4355c-4638121.o
deleted: 7/b/4a30ce0173b1a443543d9ede056b70-4352795.o
deleted: 0/6/fde43163f3ceea07dc431cacaa5a3f-18533.manifest
deleted: 4/a/f83c2a2bd8eb99ec27f77f89a196f2-5627364.o
deleted: 0/6/4c16d103ed85e6fd8e252ffbccf41f-3176457.o
deleted: 4/1/573d0246c1269a5d2cfa22cd6991cc-2442402.o
deleted: 0/7/a15abb93cc76cd0fba20f04a57c6af-3242818.o
deleted: 7/3/d0b9f76e7efce947d9f2c78eaa178e-4765354.o
deleted: 7/b/388fbb0483e96c959e569074fe2266-3212164.o
deleted: 4/a/d76ebbab8ca25148b1390521326784-1780965.o
deleted: e/3/06e351b7f89e918bcdaa8f11b64e97-4706682.o
deleted: 0/7/1771782ca31d5af9fb5c155fd5782d-3132340.o
deleted: a/0/d6fe83efa73677a95553cd38f25a74-2236352.o
deleted: f/1/effc1e7d18bd55bd50cdca9b116cf2-3044402.o
deleted: 4/8/ef1555edc63b558ba97e1531399948-4091414.o
deleted: 8/1/64303557d9b7714d50bf9daa0810eb-4706673.o
deleted: e/6/8cd922aa4d1f10855c40cb94ca3e85-4922956.o
deleted: f/0/e9d4168982e6e2e240be13272fd641-9391.manifest
deleted: 8/5/4838f1710dffd11c9e4be47950f7a2-3734.manifest
deleted: 8/8/9e21e3706f4858197c914a11f5a08a-4418964.o
deleted: f/9/fe2a7e48a81baee2db8e3ca5f59397-6437469.o
deleted: 4/6/d34ae5dab08b887bb0eff3fbfa383a-4136135.o
deleted: 0/2/9c82f503f162011fa49b2b2a8985e6-24020.manifest
deleted: f/b/57c533085d8f76dac80a991be8efe3-3240483.o
deleted: 0/1/f71d8f4d3fdb3d25125639c508c200-73468.o
deleted: e/3/6f954f54af0c08e5c72a0d7c587e74-2906126.o
deleted: 8/9/16dbe6c581b61a9d55f68ea442798f-5400.manifest
deleted: 0/7/bbc7c41da1042f05f4f36f930825d4-2739901.o
deleted: 0/b/6aec57633c7f5d6f1f331aedab49ea-4653924.o
deleted: 0/4/9729e43bebc8c4c68173d77cd609ff-1639094.o
deleted: 0/9/e04f8a1174d49db432037a90c36c59-1825507.o
deleted: f/a/9e048604078d493cf789b2b37aa591-4638131.o
deleted: a/3/ed8a6e4f654ea9a1d14b3fb186f727-4779630.o
deleted: f/7/c08045f9cbc883d1c4ab37b8dc0fd8-1511.manifest
deleted: e/6/a7b91486bd936a46d46d19b0b408bd-3265302.o
deleted: 8/7/d7df69a87f60ce207f163acc7ebefa-3018524.o
deleted: 8/1/750793fd61d5283c4318a652cd1d0b-4136134.o
deleted: 4/4/5dfcb83ed8bea4ada39108d58640da-5002443.o
deleted: a/9/d11c2652732126ae3dcdb64b64180d-3195198.o
deleted: f/d/63d17f65a00b7aa6e6b8e2b28a4c4f-3637.manifest
deleted: 0/4/7aa5f790644cc3da9a17aa113f9d9e-4888688.o
deleted: 7/0/4fb646fdc11dae95990ca7ccb11a7d-4498.manifest
deleted: f/7/72fcb236f327a4e07b4e69e86bd70b-3277384.o
deleted: 0/6/943c5fd3ebcc0dcd318b03f46a2d3c-2568629.o
deleted: 0/0/a298affe6840d9b60355bc5cac49d8-2609.manifest
deleted: 7/2/2d00acef1f58c251d77cb08d404f8f-1927.manifest
deleted: 7/8/b7216cf9940d7c4dd0475023319d66-2879630.o
deleted: 0/4/0d8b183c04e0802f7dd938fb909f2e-4872318.o
deleted: f/9/34d0c4fb7594216d8392a1aac0755a-2937630.o
deleted: 0/4/1f0f65c885b3e526795b80514bfb48-6467.manifest
deleted: 4/a/da8d4ec9f90680d4090a080ff3cb52-4423575.o
deleted: a/4/11b1a8f9a8bbb03eaccc1edd70eac3-5283406.o
deleted: a/4/68146e85afa04d9222486272308b03-3596668.o
deleted: f/6/8bfa6134050d97a1c876c4c742692f-1862.manifest
deleted: 0/b/5a9d64cc4b41a2d07da4c379b931a9-4718962.o
deleted: 0/3/5e33cc8c73d2e2d3d985f63529dbcc-1983441.o
deleted: 0/b/db440bf7aff839f5994725f79a2d35-101508.manifest
deleted: a/b/0ee235097b056175c238f3b6c747fd-4449006.o
deleted: 8/0/3d043f1c14e5e8dec7ad247c37e455-3178117.o
deleted: f/5/3121c27faf54b4ddb5109f6b5e8a0e-2767523.o
deleted: 4/8/a1450c5348ba642f034569db50bb6f-32954.manifest
deleted: e/6/88ec55190177ac4f942c4d91c4dea0-2891085.o
deleted: f/7/8452eaeca038b703f963242d7971c9-31301.manifest
deleted: 7/a/d22a16df8d788ba7303f0748245143-2003389.o
deleted: 4/a/df156f1c31c28aa93cc61f5ac49d1f-2989866.o
deleted: f/d/ae170b492d4d361a009ba0843d516a-4726969.o
deleted: 7/5/6008957a1b526b56b1eaa30ac3ae98-4355000.o
deleted: f/d/66e856e0a5ee9ee8fe16fcfd776494-9201.manifest
deleted: 7/7/9ca0cf6cfb80f097088208161554e3-9130.manifest
deleted: e/4/8bea6e7283fe95ee5cdbaa9fc451df-31893.manifest
deleted: a/3/33e0835f29b870433ad6a55c4f9e7a-3178396.o
deleted: a/6/1110f71a782118b88afbb31921fb91-1780933.o
deleted: 4/6/7e734c9144d05a5a62a91723050c87-4746396.o
deleted: 4/8/9c945debf5f616186527de4f23db8b-2310631.o
deleted: f/d/83dca35b7a484b19054ac9aca5954c-4091405.o
deleted: 0/8/1d34254138a4e818a8e6f9cec5a3da-2408983.o
deleted: f/9/0d14a482c19b7ebca5970f68062062-4098301.o
deleted: 7/b/1f3ce93c95877d53ff8b20217ed09f-6505665.o
deleted: e/0/cfadba36ea5ba0ff9021a08a29a353-4674724.o
deleted: 0/b/68cbd7b5240b3066a91a508f098602-4331634.o
deleted: a/a/9c3d0c8274467bfac84680b03f397c-4728995.o
deleted: 0/b/4fa891205700aaeacbe43e9d2bf956-4944130.o
deleted: a/7/7f1bc4cafa860413937e88f7879c47-1997402.o
deleted: e/2/eeceebf0e8b9c32722437a5a593679-2836802.o
deleted: e/5/1a79b9bb31f5b041941284aa6f3584-1800873.o
deleted: 0/b/9f119e8e2603b035565fb73ee2fd3f-3177240.o
deleted: e/4/527846f5a744bc382886ed95fdbb72-6195995.o
deleted: 0/0/aa375d2793cb049bc37306ce4faabf-13335.manifest
deleted: e/0/a746927cd954c6763db18a9635d51f-4394520.o
deleted: 0/1/25b62f945df1659b386b6a1058a454-5544.manifest
deleted: 4/a/d86b4200156da29f68669b1ae65f05-4347310.o
deleted: f/1/d3df48709e33a48b6c690abe0f9b55-38248.manifest
deleted: 4/a/cd502a75fe9af49149c2ecb501a724-3184848.o
deleted: e/0/f223a851916ff491b9bf1635e63d90-3175781.o
deleted: 4/5/fbf02f6b9f80ae07ec46df817ccc18-2368.manifest
deleted: 0/1/254c844a76099d2f7eed041459dede-10257.manifest
deleted: f/7/265a51b1b27c5f9d045ec36e2bf9bb-4392431.o
deleted: e/2/1818afedf83337648641abc550d1d8-3177896.o
deleted: f/6/83739eba47591006f334aae7aeff0f-4383990.o
deleted: 7/3/311f39979db4ca1241c4997ec5b2a8-1911794.o
deleted: f/8/444ebc844a04ba22d7a364090284da-4091311.o
deleted: f/d/aefdfbbdcd75c4a87ba09ac860314b-4349799.o
deleted: a/6/3e8cb836f24fdc15f2623e9d28a594-63418.manifest
deleted: 0/1/3af74722529815d7054387b7f721e2-2494167.o
deleted: 4/7/fc49cfd96447c00af6a3a81264af4d-2461650.o
deleted: 0/1/95e05bc0f6e0b4b221118a3d6a6f01-4489540.o
deleted: 0/b/d5c526dc91e3be62ef5d3bd76eb462-2661864.o
deleted: 7/4/28cd315a9f4c7fa89765fb019d0613-1612.manifest
deleted: a/8/b2e11a11253d60f0698b0412f0c264-4328953.o
deleted: a/7/dd30b0a04ff9d82c41cd8f3200bfce-2805388.o
deleted: 4/7/8de886154ecdcc72f1f7b4927d6509-3176452.o
deleted: 0/a/a4400bcf4a6e89ef4249f41f8ec555-3216.manifest
deleted: a/7/3b96c55f9e610b8e00ff1744a71dba-13175.manifest
deleted: f/6/2182a0d6af7f03f2054484c70857cf-4549573.o
deleted: f/7/26f4652148fc8efe166f5edb9d17e4-2807178.o
deleted: f/7/3087993098730a060a9ace32fc7cd6-3194391.o
deleted: a/4/f0a867073151d5770d296e1844b65f-4328340.o
deleted: a/2/4ed32d41a2a0a4cd2b5d924d2655d0-27533.manifest
deleted: e/4/44e9f472f05da832b7a6e30b0f8d6d-3902116.o
deleted: f/5/27a21af70d2b036bf49fb3e3f09a34-1990134.o
deleted: 4/3/32d101b2c97dbd553cd4e99a9ac4fc-3180799.o
deleted: 4/4/e3a56adfa7f01a856699dd4f80fa1b-14304.manifest
deleted: f/7/6d4626a7a1a65b375d29b0cf63e89f-4330851.o
deleted: 7/b/6eb562b3aaa80c1e899af7d94f28d0-3177305.o
deleted: 0/2/fc4d7a0eb747e43265a6933a04ec59-38199.manifest
deleted: e/4/1466cc3dbb64cd2d8a744029544e0e-4807312.o
deleted: 4/2/f435b0ba88f371244142b30baca1d6-46741.manifest
deleted: a/9/35326bf27d58d0aa25bd03d803f77f-3178287.o
deleted: e/1/ed4666751f21d1328145721ce36935-4484091.o
deleted: e/0/cd776aa5505569767f954c2de834eb-3185929.o
deleted: 0/0/789abbe89cce770caa566a29f9fa58-4711069.o
deleted: f/3/171edfbaf0f78c7f66508a9e1cabaa-2219779.o
deleted: f/d/bca41dc00d6ab689da0cfb0b97fc2e-4827807.o
deleted: 8/2/c2212a432994844d8a718e78c417a2-3184098.o
deleted: f/c/aa62e270e46e6dfc67fda3c5451444-3814811.o
deleted: e/6/ca81a6b88c5c64d22db7f0415c1b77-3176369.o
deleted: 4/1/70a46765d0c3fcb4646265964529e4-2351.manifest
deleted: f/0/6f30dfd6a32ad73b2dfc40ff91c009-7097.manifest
deleted: f/8/ca3922e4615a84868b334922b03db9-4520227.o
deleted: a/9/cd19b3b545af5ae25700638f0e2bb7-14750.manifest
deleted: e/3/7163a1871c67478a246e8c5c90a5cf-4581.manifest
deleted: f/a/7ba6925245204ca15c1feea92a2565-3229347.o
deleted: f/8/e96d50dd50804f42df566797938595-3736883.o
deleted: e/1/ceb2ba4e1ed631b2363e6ee5b1fdbf-104964.manifest
deleted: f/d/9fcc08f15e43baafcc564496d0d183-4871856.o
deleted: a/7/c4f37e7f05bbdbf7946b0ffff429b6-4432580.o
deleted: 0/3/5f6e42335a6b457e3f9ca6677517c7-4422129.o
deleted: e/4/c58008c30505798546748d534fcdf4-4738488.o
deleted: 8/1/6ad2a42fb94781235d8e4fdc8f1087-4849128.o
deleted: 8/9/a295191d9e8ad631a217f0d67b5340-1780965.o
deleted: f/7/dff30a18fcb97fc9343e49c66d401d-4427912.o
deleted: 8/8/d397f3c0d9c60e6abfc0dc0e99e370-6462791.o
deleted: f/9/676c8e061f816099edb431c496c67e-4329937.o
deleted: 0/8/45574e74f682faf8cb0b5d79f5c610-2878186.o
deleted: a/0/31e526c873c3965cce648e83c122c8-1800905.o
deleted: 4/a/eb9edaa6eeb3d14089be75a6e4bf57-5139.manifest
deleted: 8/9/56dc5c4b444c5873feaa3a1488c51d-2939670.o
deleted: 7/4/21775f5b04bc74d28348a26a1f6ea4-2372545.o
deleted: f/b/35a7515c02003640c837bdc893f5d4-2465691.o
deleted: 0/4/c7a05adf504e55954273997a7a7b94-2879537.o
deleted: f/8/4ba823107f588e6f9e59507877db1a-3178814.o
deleted: 0/6/6bd125c920c2de8cf7bcd5790203f2-3982107.o
deleted: 4/2/1031233026fa0b67b4d9efb1c1a1a4-3017916.o
deleted: f/d/9f557df7a8ec85ebd260b46aca804f-4504705.o
deleted: 0/b/a0d13ecc20869dddf649cff8b63228-1780965.o
deleted: 7/b/485e14b7cd6d30edd3c369a402a750-3176549.o
deleted: 0/b/9b1d51eac06a61ff1bfb5b39e34bf5-18671.manifest
deleted: a/6/8107fb17cd8cf156cdfdb9334a35f9-1655286.o
deleted: 7/a/a997fcf681059788efcde0f0456bb8-3679112.o
deleted: f/b/3ac80e89a379812d5413fe29bdff1f-3160909.o
deleted: 0/6/984cf2fcc48a0fc0f1f9cde2ea15cf-4942166.o
deleted: 0/b/8c3978d179c0777dfd218a018a75bb-4743360.o
deleted: 0/5/f004a1548d57217ab7f647f661aa03-10140.manifest
deleted: 4/9/007a02905eae79cf9a4d37a58361f6-5103964.o
deleted: f/7/ea4021631b43c5bf38226fb1af1b6f-6473.manifest
deleted: 7/b/61aff4cded8538051a8a1dbf841327-4328084.o
deleted: f/d/ae842aff48aa6b6245f5a8df9a75d8-4803002.o
deleted: e/4/44831a3bd8a6f997be7e5ffec7d1bc-2422449.o
deleted: f/a/1d1e6bb80bbd836bae8c2b92ef9684-4452722.o
deleted: 0/9/653a8ffc687e1aec6990d15035c0cc-4929793.o
deleted: 4/6/564812117b9e877f743709a44ae9b9-2964879.o
deleted: f/c/f19fd0aa2d42b4b931d2a842140495-4360093.o
deleted: f/d/a177d9dd02b2f48bbf1d5bfb9eaaeb-3175662.o
deleted: 0/6/e5653176dfda0a0c16d0d0fcb13dfc-4917045.o
deleted: a/0/0dd381564dd87da46bbb24777ede4d-10439.manifest
deleted: a/5/9c7a9cbcd3b2e252e4a317324d56b0-3242595.o
deleted: f/a/b7ce31c32b75518b09e4fcaa6540c9-4759642.o
deleted: f/d/9ad9c295d08676b40fa0177236c275-4949869.o
deleted: e/6/0504b3e720a27b0ed908f2f9c7d563-4847608.o
deleted: a/6/46fe35ace04941eee206d8fe337227-3240129.o
deleted: a/9/e5af3e8d5c5dd4baf856effc32c4e9-2236320.o
deleted: 8/4/8d08abee22fd817528eb89af864db2-5019233.o
deleted: 0/6/b6a2a78e8387ae008569496eed4f5e-3180726.o
deleted: 4/3/d2984f282406363eb57acb96aa7834-4437602.o
deleted: 0/8/ddc5c58ad4dfe8c385dcc9107f95ea-3940812.o
deleted: f/4/7de5f9bbb08f1cbee121c6145f6a4c-2492044.o
deleted: 0/b/52cb2005d86a833735eca8e1fa5976-15000.manifest
deleted: 4/8/a331b296667cc01ae6b333551bc4d7-3181057.o
deleted: f/d/8f71f2bc5423e138e9e4e6c516cb92-3175889.o
deleted: 4/a/d4d149b1b8cc899b44d50421953801-1780965.o
deleted: 8/0/bc8650cc4e440175bb4b62ba057857-2998664.o
deleted: f/d/745510603d58600823e92336777074-4900304.o
deleted: 0/5/4f2b660836eee9a32e435265490f43-3015718.o
deleted: 4/a/02bac029c470a33150a1040935644b-2547810.o
deleted: 0/7/61b3e9dc3b2b6a8314810b7d17e684-2337893.o
deleted: 0/5/a87d57f06e8733cd9966742e1d3040-2099244.o
deleted: 4/9/b6e19fbfc74c1c0c5d53d8996993fc-4297.manifest
deleted: f/d/aa44ccc4678bd97931a1f99d4a93a3-4354871.o
deleted: 0/b/53a94d48fe7cb55267e2e79c45828e-2964364.o
deleted: e/0/ed022fcc43b95e249b1fd14e624598-4351471.o
deleted: f/1/93ebffb03aa70a9ea61168d3e9d551-7084.manifest
deleted: f/5/aa351b89b382cdcacbc0e9da9236ff-5489.manifest
deleted: 4/6/fc77f1f514176d234fa619efb5f01f-2994057.o
deleted: f/7/87b4b5094d103083ad3b6538fea2b3-2430347.o
deleted: 0/6/ed86911fe19e53dced9ef12db43b58-2812.manifest
deleted: 0/a/67b183b5ff16097e38a882260b33ba-17243.manifest
deleted: 0/b/8a816191d767a274966df70af773ee-2323113.o
deleted: 4/7/47edddfcffa5a5de0eecc2401ca468-3236284.o
deleted: e/3/21fe72597b95da31810f3d9916219a-2445381.o
deleted: a/4/80515dd1061f32441e192d547a4768-3212978.o
deleted: 7/0/8bd2137e5415840a2cc9d0f7370d64-1990134.o
deleted: e/6/e4f34e391f6c389e808e10af4259da-2713095.o
deleted: 4/8/1b5493e668606f372354a8fccd298b-4708439.o
deleted: f/7/8cae83b9931790b42200b03aca16ce-2985631.o
deleted: e/0/be01c89cc7001b20fb22f144530b8c-3198694.o
deleted: 8/8/9ede81bb02ff938a3cd4e2ca1ffb6e-10564.manifest
deleted: 7/b/5dc325ccf1c92e1a1989c05ea228e3-4389915.o
deleted: f/6/82e15f2fbafee3d200e53ac8a9d1e4-2914394.o
deleted: f/d/bb4617fa1b38d3f02ff55a9494722a-3791592.o
deleted: 0/1/bb4ceb1bffa7a2b0a74fe3bfc11e2a-13780.manifest
deleted: 0/5/861cfa667e7de61142d3d1b59dae5f-4354622.o
deleted: 0/b/ee288c790084507de978e0f4929f87-7447.manifest
deleted: 7/3/9c5c89c6199ee819aa1d6b12064410-5419.manifest
deleted: e/3/8c13116637d68bfff050803240446e-3736874.o
deleted: 4/0/c2ccbe4e50944bcaab82d3d3b80979-2831653.o
deleted: f/9/19f786b2a7d8c5ca47e6b64562083d-4463563.o
deleted: 7/5/7eefa5ec95f4d3f1ce428d53321a88-1912660.o
deleted: 0/6/30a29cce6f62546037cd2134d7a64b-2478604.o
deleted: a/8/6797e2a02d6345a52c44b4404acd74-2493663.o
deleted: 7/b/1d2636dcb330e4736758f26267adca-4371272.o
deleted: e/6/817d733f1e02ad85403b9e964740eb-4390498.o
deleted: 8/7/76c9f6c68341359e61af8994c75486-3225214.o
deleted: 0/b/454945023cf01151b4a65af7e07256-4355787.o
deleted: 0/1/dd604e2136561decb0f6546f28b6e8-4383858.o
deleted: 7/9/c195e475a0267cdee8485dde018267-1238133.o
deleted: a/a/314cfba22dd01c1d5711fede83d8b3-5640.manifest
deleted: f/a/308d236ed3103c4eb38f14e197ab02-2081.manifest
deleted: 4/4/25d24f50e591500365530ba2b60a5d-3088116.o
deleted: 4/6/09fcb38e9aeebbdeb0da6cada3483f-5091660.o
deleted: 4/5/071d6a96cbf8533f5548e04b49e1a6-4098397.o
deleted: f/8/573763929eea93ed8db2585a0e19a3-7010236.o
deleted: a/2/9ec696e7dd7631ac0f80d075d55dc6-3241290.o
deleted: a/1/3bc65286be0ee2c0cf42ea2e3a9358-2405383.o
deleted: 7/9/6084f7c9acfab26eaee72ee0b1e10f-4871966.o
deleted: f/9/1c454446740464bd9fb3e2df1b35f8-4445797.o
deleted: f/8/6dfbfad43c895631e44e278e1f143e-1780933.o
deleted: f/d/7f62ad3bcef9bfaf57786eee067583-4900304.o
deleted: f/d/97a927f9487c729d3d576cded10aa1-3241291.o
deleted: 4/7/5a356300b4d32b24dbcff0f3ab5cad-4901054.o
deleted: e/6/3093e412a6f4f0bae91d39efd0514d-6229935.o
deleted: 8/1/7a06dc58c65858980c66e91bbf0133-2310631.o
deleted: e/3/fac8beb49cec814cf05184619ae91f-1839638.o
deleted: 7/2/4a664ad1bbbf7cf24c1bf0d2c3e6ff-4638227.o
deleted: 7/4/1415c574a52234b32d3102794cf678-10365.manifest
deleted: a/3/bc9d78a9758543e3ed771be569caf9-4921380.o
deleted: 8/9/1701a513f27c557d096cb464bc8147-1839606.o
ccache cache size is 164Mb.
Uploading cache ccache...