SHA for cache folders (/tmp/ccache_dir) is '9587aa5fa3d48521fd1f5f79b18402b79812cd022ee5a6b05e3e5927308fb37e'
Cache ccache has changed!
List of changes for cache folders (/tmp/ccache_dir):
modified: c/1/stats
modified: e/1/stats
created: 3/b/b8l99tvri7lpftfq4tdu2drp0f2b9r8R
modified: 6/1/stats
modified: 6/2/10a0mngqvamh4d26kev6sfgg3119aj2M
modified: 6/7/stats
created: 0/6/aaodrukuo3sj7snljlmtodi3sef62k6R
modified: 1/4/64v2nq4osfu79cm6nsuqf7vu7gvloveM
modified: b/3/486fduockttvvait2n640u2to4s8ho8M
created: 0/1/edp96idl04llghsoe1u62emdf3j2l66R
modified: 8/9/stats
modified: 9/5/a44boeuchtp0cilot4sades4d5o0ru6M
modified: 0/e/stats
modified: 2/6/fa0tmaqg714n9egm01f16thtcis1gasM
modified: b/a/stats
modified: c/9/39r18hqulamm01n8cu6uab3ll94pdgcM
modified: d/a/stats
modified: 3/a/stats
modified: 3/c/stats
modified: 3/9/c20a294s1pbogd2umq0m936h8k3sonoM
modified: 7/1/stats
modified: c/5/stats
modified: 6/6/907idbnk6c4uied3m7fmstefoqd2segR
modified: 7/2/0e5eeau9iohlc3mfjscei3o9hj7352kM
modified: 7/stats
modified: 3/0/b7scbl49kr9ffg44rhrh5q3405fdemkR
created: 8/8/fb0htrnm9f3vpsip0rmpn6enc15vhbcR
modified: 9/0/e4c57lm1f13b8tirrrc41j00rhv82ocR
modified: c/6/11tpq828sb2kith62rptr7ildt0s490M
modified: 2/2/03kojbok5d2qqo85ivee7r30vdhpjtiR
modified: 6/0/stats
modified: 1/b/stats
modified: 3/3/cfg2u676v5eo6u2jt8m4f1f3m7p3lg6M
modified: 5/e/eb6v8vtc4lqgm0emna95hu2dk6h23tkR
modified: 6/3/stats
modified: 1/2/9f2rhhd300p815630bb2l4ipq5ji3csM
created: 1/b/6evjohdqf1k01nmb9lboinmops9oaaeR
created: c/3/d594vl5ml1gficsealmbv3nofuopjp8R
modified: e/2/stats
modified: 6/5/stats
created: 8/4/a8t01f7rq6id9mn4jjjv3961umlace4R
modified: 6/1/137mhimpu5gugvdajdibegnu814vpraM
modified: c/4/stats
modified: e/stats
modified: d/d/stats
modified: f/0/e6m01084ge0pl5v6fhlp6hdaaqf41feM
modified: 6/d/stats
modified: 7/2/99glu3g45ftteqvgfkthakv9btccqbgM
modified: 0/stats
modified: 1/3/9d6gouko1ndhhg5lu57pejf62o2i8kaM
created: 3/a/e3bv748uf0jom61cn4bcf0th5fp4gi6R
created: 5/4/4dag872ct86cvebnvlh3ctk0u29occ4M
modified: a/2/stats
modified: 5/0/ee69hagcoduq3t4g1rn1vj8ndges3tmM
modified: b/d/stats
modified: c/7/5e2s6p0hqkvo8b20ahqhgot3gegejc0M
modified: 2/9/stats
modified: 4/7/a40n53t9ms795mgu6toknbmaqf2ten2R
modified: 2/8/stats
modified: 5/8/b9k2vui66bgcur9ms2ujnmlfu2bttk8M
modified: d/5/b7b09lg9k3hs7qafibbra6p0kr6t0agM
modified: e/3/f3t6j8h7bc6j06i9lb2u4vds5fd48i4R
modified: f/e/stats
modified: 0/6/stats
modified: 1/3/c5lggiq8esfaqkmj45kf2v5t4k7jd4iM
modified: c/a/ccakdr64mp36sj19rfior7uqr0gsv12R
modified: 3/1/3d69aam0emtu0mrjvpkkmioc1hbk2iiM
modified: 4/9/stats
modified: 6/6/stats
modified: c/1/b1qg5lin0i1u32m18hsi133ts1kgd24R
modified: f/2/99uh6a4levc9edl8ehcuc36qdpdclnoM
modified: 4/d/stats
modified: 5/a/17vedo8tjsnk9uh7j015mf9oujq20lkR
modified: 9/2/78co5jc8v1opu513qk9v1gd5u0on77cM
modified: 2/1/b5r97pct3do0g8g63hd93kvdb7u7948M
modified: b/f/stats
modified: f/2/5aag2lff8qagl3qf46o8mvh7cvprgn6R
created: a/1/03tbve140eq8dm1fee867i76ib4h05qR
created: f/1/58s96aiq9e84m40nfvt0qjv35qhl9i8R
modified: 8/2/903hbn0nmvn1j6pquf8ch0q1654mq6iM
created: f/1/a8cisu93fhu5plqbd5ss7429rc44frsR
modified: 9/stats
modified: 1/5/4b2qe9tkntev0h637o5rdo5fomonu0aR
modified: 9/1/stats
modified: c/2/874m0naf7bhsnbittq2tuaip4hn9k58M
modified: 0/b/c6usb8lmbuahrhb0lbr9ctfroik5k32M
modified: 1/9/stats
modified: 8/1/stats
modified: e/5/498f9b615b5r6rjg1mt6to01641aluaM
modified: 2/5/abnt2oscpupl2vl6clfmj6mkmq8917kM
modified: 4/1/afm1qgnunv33eu243ve96og7mokesvaR
modified: 8/0/7389c3pj2dbc9jo3ai2hqb3sl6qeojqM
modified: e/8/stats
modified: 6/0/bfdprlekrrmofrferm0kchj0r8r5rj0M
created: 6/f/e2jgtegg52tlusbiu6094o19mrj95uiR
modified: 5/8/42r49g6lhdlt4aklvbirei39g6qota2R
modified: 4/b/stats
modified: f/8/aaecfm3qvccgcdsmfva27cu2qo4ue9iR
modified: 6/e/d3f0545v9v87e5hucdjsag35li38v1iM
modified: 7/2/6e4rq0rs3ed703oooro5m8td55nc22kR
modified: 8/f/stats
modified: 3/f/stats
created: 9/9/7ae5mn1glbb8fg958sbl7rigd2bbglgR
modified: e/7/236aafd5mvqetfcg59bd1sqerffvvggM
modified: 1/5/f7dut68irrp06ve6g4gjg1asgn6joduM
modified: 1/5/stats
modified: f/3/stats
modified: 7/0/68636gb3l3qupoh15p40r92cs76u966R
modified: 1/8/stats
modified: 1/d/stats
modified: 6/b/stats
modified: 9/0/f0i883kkdhhcsjhnh98346144mv5ca4R
modified: 9/3/1c200n5p522d8a07h4l5a39sofm1ubeM
modified: c/5/b6rr5ngimj3c08jpjrarjtdt5jmar7aM
modified: e/2/1bal1qd3tldrfujq3k4q9f4mv7av014R
modified: 4/1/stats
modified: 5/d/stats
modified: d/2/a6m7rtl2meb85cn2hqpb2hdsudca4vuM
modified: 2/1/stats
modified: 4/3/f1i48toui7uvcqaqgpsguf41p559opoM
modified: e/4/21hg31i0vt48r5b93epqpu4h96sf20sR
modified: 7/5/57ba1iaf7155skprc8hv1i9akbd2ev4R
modified: 0/c/6780ouh0phefpd791vg3h7fa7kb5mj0M
modified: 6/7/df0otbfv4l3gh9smctrdaotq5b96a40M
modified: a/1/stats
modified: 0/9/ddttqmsebuseu6i94kunsv4qecu57j4R
modified: 6/c/37ejtt3631qn48id5hsunf1nci92rauM
modified: 7/e/stats
modified: 9/7/42kllml0nu0ai47l7cvqal3egms98h8M
modified: 2/7/stats
modified: 6/5/28ggu8ei8rnpo623pof45adrcvae1loR
created: b/2/ab8t6ksi5u2d4uq52tkjireg0nlkg2kR
modified: d/b/stats
created: 6/f/5flmq7j5sqmbokte8uao5d8b83mpg6mR
modified: d/stats
modified: 2/4/f7o5smi5qqv02ov6f7o3ies2golfi6kR
modified: 4/f/stats
created: 6/0/c7g1v98r14cg7m7kleaep90v83kja6mM
created: 6/9/25o7d51u7bcq2q8n6k1ongvi2bvjhg4R
modified: d/1/053e3d1oeruqc5qok9258km4b6o4pkiM
modified: 7/9/stats
modified: 1/9/3bsi6krvc6fn0mdscbjjno9b3ur13quM
modified: 2/8/50qm728bn3gai0i1eplss713godlfesM
created: d/9/fflv7tu4dskt21a9nvdl8efqh6c1smeR
modified: 6/0/56hjs8ok1f0kdoscl9ftam0gaj27sp0M
created: 0/f/24kpujvvljivuvm3bvvb643j3fg2pniR
created: 3/3/8c203a54s6b0g1e6gss14b7fn01v41mR
modified: 5/8/6bslo02gdu4cgp4bmmom9p6fledo3ggR
modified: d/4/stats
created: f/0/cb4js4i0rklbjqchsaaksehaueh6lsgR
modified: 6/4/stats
modified: 7/6/28c9qlcni9kstloc51ln0pbk1fi5hcgR
modified: c/8/1e2tpo1h4rb1cv4f9fm4ddo4sqfi7mgR
modified: 2/7/a4tpu7rlhbg51v7f6o9ffh8o7haivicM
modified: 3/0/0de6e02b1tsopakh8r0gchspfbutc04R
modified: 4/stats
created: 0/7/e97csujd0k1b9o1l2ubj1heob7d8t6uM
modified: 5/8/4cb55760dptj1cihcakqoaa8jog6m3cR
modified: 7/5/0bs484thgd985sopq6ab9mjekuebtleR
modified: e/b/70a87mk3nm10mmp32ood98dl5ives3gM
modified: 2/c/stats
created: 4/c/2709mhknrouq55r63hncqfor0g7hie6R
created: 7/6/e6eeek0ple9i7tmv2cs3fdv3f0ne4gkR
modified: 0/b/ffo1tcvhj5h7evsjfdpgsn6uf6acq10M
modified: 1/5/cb26oq5qkp5ib27t89g17lr96o42p34M
created: d/c/cbq9q6tfs9p3eqh6dqs9976caiav2nuR
modified: e/5/stats
modified: 6/9/stats
modified: d/2/3dek8hue37vv15ue7kq2qhmd81hrp32R
modified: 2/6/71vjh9p858dbjkigqpkbgql6bbvrtjiM
created: 6/6/08q5t7tjm2fnl2rlfkrrs7pioium5feR
modified: 6/9/e16g4nh37e70u9ttb6jmocukahh16voM
modified: 0/a/04i61tstmgdc0mdgqd2tue56jbjqhdiM
modified: c/stats
modified: 0/2/25hg8ci85569c5v71vmrmoo1kcmmvuqM
modified: e/b/stats
modified: f/4/stats
modified: c/1/belqovfd11us8b843fc7tv1g405b96aM
modified: c/2/642e8a4ofmnvs31nbee949pcj945ms0M
modified: c/5/6e6ja5bcmnofsbrj2s8g9dg6vtf7k4oM
modified: d/2/d4t1mokj3hfsn5kt05p360o08vee9eoM
modified: e/7/77fbjl8rdirnm89cv3njalejluhds6aM
modified: f/5/48l1n73047o0vhn6fct5tm561retjagM
modified: a/stats
modified: 9/7/stats
modified: 6/3/668e22qvqkul4phsufb040v1hjc6r1qM
modified: 7/3/stats
modified: 7/0/stats
modified: 9/1/4b9n2kkalflee46nim9l7r30a1gfahkR
modified: 4/2/stats
modified: e/1/8dqtg5410tedh9nu8fv408t07g9h0p2M
modified: 2/2/stats
modified: b/1/8beltegdicbpgiui5va1f9gtk4f494oM
modified: 2/1/f6cfaqctqpcf7pt7nghpl139ep4hcg8M
modified: 8/6/stats
modified: 1/b/e7pnnb1p6fhk3632a2baie4uh2e2e72M
modified: f/0/22htrltia7c1berv2iqlsnsf5i974imM
modified: 6/stats
modified: 9/1/08fiul655lprlkphplj7j205n8krrpsM
created: 5/f/e0pt3eaji8nd6gldm9o99q6sre3m4lqR
modified: 6/0/8cj25c6legh585fvbcqi92fnpvaj10cM
modified: 9/2/db6jd4ohotp3jvbkmm1f9o7vl8tumdkR
modified: 8/2/9c249qplp1he0qfnh53r9mbbuvlh65qM
created: 0/a/2e4pje4fo7ddbgbqkcmnpin7nffftrmM
modified: b/f/3c48rhojaud9fjpqdrpuioioqghk3ouM
modified: 0/3/b9e0mv6fp38nb30img1gikoiksm9a44M
modified: 3/1/81i2r3dl02iql7iqf1khlt8h6r9miecR
modified: d/0/daad535g83m91ldjaf68r98iir26p8aM
modified: c/7/5298llv4u4me8hh8dmrmh9do1i58hoeR
created: 5/3/85lo0i79r66igj7fq2etgu968auecp0R
modified: 8/c/c50rqqekskjrnnjjd4kmfmqqq1d3ao2M
created: 2/b/47i7fsij9al74nig0aq5h1lhoaeklmuR
modified: e/5/0evk394ifqqfeflveu6gbs93cimgmqaR
modified: c/5/59k861eg8q9lqokionpvruinc87pgmeR
modified: c/8/9d77v0ln7hn3dh2tc57p8vd7lvel8kkM
modified: b/5/stats
modified: c/2/65j3nuikghns80mul8qivouma3cmkf8R
created: f/e/3711vrftk14nk2bcchmnt4pelje88v6M
modified: 6/e/9283un0j30n679g9sjgmts33davbenkM
modified: 7/b/stats
modified: 9/5/e1kp3nt31q4locov0fmus0lqqgij5n0M
modified: d/f/stats
modified: 1/a/stats
created: c/7/ebvoep01ieje18dq2aja3nac4529jbsR
modified: 2/0/85bdl4er4e3g3hvbh2rmfuln6h52l6cM
modified: 8/8/stats
modified: e/f/3bqdofggbv7bpn7c0q642akr0f3l78aM
created: c/4/aarc8v0acmu4er7bcq572eo1qk1fp1gR
created: 7/a/87ic6d72h3kjc6ll5hv7vta6qerdk0mR
modified: a/7/stats
created: 5/a/cef14narrflpid92en3nno28s0ugqeuR
created: 1/1/8fk6pr9779s4sf8fk445328464e5siiR
modified: 7/8/stats
modified: 5/7/2bellcn15ggnps0se4skp6ob7cbok9qM
modified: 2/a/0dh527quga3d6gmd3t6gijqv95hiksgR
modified: 5/8/0cvsa1bhbqlum4ikmag040fuqbggfp0M
modified: 0/3/498vrcupbbi519ro8clij4c2av7c89oM
modified: 0/9/f8mcdhui3effd6cs5pu346agjfsrg0cM
modified: 2/f/stats
created: a/1/adgh0ip3v9dc9pqjumticd3rs167gh4M
modified: c/9/9co9m41h23vckdljavocn67m07t4btmM
created: a/8/29ne134q2rskoh666rup5lslk4n3fuaR
modified: 8/c/stats
modified: 9/5/stats
created: b/e/83rcv41l17an71mffdo6d0bgcetf3osR
created: c/9/0bld9eqh2b1gepdt6vjrsl7ovasg176M
modified: d/3/40v6h1tvk8t2ecjbf7s811vqmdiea38R
modified: f/a/stats
modified: 5/5/491c133ovtiiq1qbqhaq4udv6epn022M
created: a/e/27mragn0ki9tjt2igl9tue10j537q56R
modified: 9/2/stats
modified: b/7/stats
modified: 0/1/c3jm6ppk13gff1e5mjossolv3dcahbmM
modified: f/6/b10nrubu4cckuf19p8lq0uv2tlserlgM
modified: e/c/stats
modified: 1/f/stats
created: 3/2/123hg5dokkvoqc1q8vpm5tfqhr87bpqR
modified: 5/e/b5l6opdltuok0bgg4kob0jjbfkkb4oaM
modified: 1/1/31o3a751li6nne1vqcr7vdl2ub64mmiM
modified: e/2/27pa1fnpndgm9b5e4qvhf0kbrrrns3sR
modified: 2/e/9b15dgjldf1f76p373fa4rfq92rc9eqM
modified: e/4/7fkb81fu7aclhfrg1577gjke82kp6r8M
modified: 3/5/6dsf2202rbuo4g39lhnblmajko7ri1mM
created: f/7/6530b8bdm1jb8r8dggro9ntg52v7942R
modified: 0/1/c9koo8t0se4ip34eq1htjmuakr1k5s4M
modified: 1/0/8fc232iufv0hla822mroaq9d0kg5voqM
modified: f/d/stats
modified: 8/4/stats
modified: 1/6/f85knfnn61svbhmdpkda36dbl0mpm76M
modified: 1/5/3ahuh9c2no4rfldqtf08e33jaemoq64M
modified: 6/c/stats
modified: 0/f/stats
modified: 7/5/57ci71o5ce101mgamqvahhqg1qjof9oR
modified: 9/3/3ard4ok5k9sl7cdque7knremrj33lmkM
modified: 2/7/0d7fi9tuhrra0q0nj1sunilnbv2foimM
modified: 4/8/3b728e8liufspb0ots9mte9thtv5f90R
modified: 5/8/0fn0l4l71s4610henuejo8svhqvlnn6R
created: 2/3/1ak4nj7tq17c7meq8mdhn3ir7fv8rqeR
modified: 3/stats
modified: c/2/02qh3vg1srdg139lkblr3s1e9rc9c28R
modified: d/9/stats
modified: 0/a/stats
modified: 1/6/stats
modified: d/c/6fnq4ues8hojdp0gugfio1st2v9ugs2M
modified: f/a/2eqlgvrmi1rqr4bgvp7h5muf418doj2R
created: 5/8/c50hdhaolik410td27ngs8npoj8chnaR
modified: 7/0/f70gihdgr0mgeumfutg44bhsfn79512R
created: a/e/976jpuiev2q0d0j8l5qbp1i63cf43liM
modified: c/c/12ioabisr6faci23vregqq9qvkjl15uR
modified: d/3/stats
modified: e/4/dds7t5da44mvq2mmgqaeu7io8ne8jqsM
modified: 5/stats
modified: f/8/61nruok87ndidu1lsc80qo120e63t18M
modified: 2/stats
modified: 6/3/69o7sbb4shvf4efsq006097u1v9i9q8M
modified: a/9/7eohup58vmvjdgrfso04nv3k6ltdet6M
created: e/b/6f39k69liho4958nd83hrns1fk451vaR
modified: f/4/a2m49pk41va7eqhph695cqv7c3idmlkM
modified: 1/5/7e5e7li8jajfgmuttcnmn3c0bfbtvr2R
modified: 5/0/616n0bs100ojlhnb7ch8ov1lfli1ai8M
modified: 8/5/stats
created: 9/4/296195g0p0dbenevkpluh08phipr3soR
modified: b/e/163snpj7drjvjea0t537dlepp92oilgM
modified: 6/a/stats
created: 6/c/2dbfbi5brb4i0e7qp55cgq271sc4pkeR
modified: c/a/stats
modified: 0/0/stats
modified: 2/e/7e9c02m0k5oe4n10j2pbvupigqtemkeR
modified: e/0/1b6bsvt12u6bll775qcisk62cbs4hfiR
modified: f/4/b5m29opi4880fg04voa98scdah7hpf8R
modified: c/4/9caepdp5cin9jmf43vks7841v32bp8kR
modified: 3/4/f4qtj9rb49jckio8nbtaesicronpd9sM
modified: 5/1/stats
modified: 8/1/f7cmc5sclbvf8tedbkpt27fs442602oR
modified: a/f/stats
modified: 1/d/5dgv43sb3vidc20s02uus5oak09oi3uR
modified: 7/c/stats
created: d/7/6130h7imsql0tqgeh6a78hv2sfh71l2R
modified: f/1/stats
modified: a/d/stats
modified: 1/4/0b86ol7gmufmtdcn93rld5utdts6e2kR
created: c/9/19h276fq863ipmfen1vst79fvv1g4tcM
modified: d/2/c6bppj51ammo44h0859sdpbb33bhirmM
modified: 1/4/597ie0b72srr1b7gpque60ejq3kihlgR
modified: 7/3/95e5j3j982a5en9uo3pjevo57p4c9rqM
modified: 2/8/bcutfue7t4mvubrc5jqqjhnmrcr3pjqR
modified: 7/1/a9dpn2mqb00pqs90g1m0p690c7loofkR
modified: 7/5/18v5of6f3v2st0g57igcj5jji90j3sqM
modified: 3/9/cecouma35orcdljfgf3ohlt8cp3cqieR
modified: 5/8/52g8vvjr77lqpv7d9525sk36hj2qepaM
modified: 6/7/8b5506dkork2olt0b3i3e31uvir8eviR
modified: f/c/stats
created: c/4/f82of9co4nupdmp41vtaj553g76s6niM
modified: 4/2/c9prf0hpii4f8b13516ullc02g9gc5uM
modified: 9/b/b6sbvjjtic6cjvqnrqarvhmhvn5496eM
created: c/7/a2199735g3gc4n3gkq9n6ar4scro7c6R
modified: 3/9/stats
modified: 8/e/02tvh26a8lgksblpn0m3dfmn2hpq5m4M
modified: f/8/25emu5plj3l8gt2k0764k7tchs0aueaM
modified: f/b/stats
created: 9/5/2aaggbr8ni7oooin9td0as8rkqoq60gR
modified: 2/7/65eukc0h5fsubb5bn7vcdsdart2cq8aM
modified: 2/d/stats
created: 9/a/f1ackihqgkcfn0hves604flurge96pgR
modified: 1/e/14f9jj78nukqlsae00drjvlpd6n8nkoM
modified: 9/a/stats
modified: 6/9/c51dto6av3bq7pnotmeduq6qeg5oemeM
modified: 3/b/stats
created: 9/f/6b7uttgr2j3j3qngi2pgf4g8nscc91gR
modified: 6/f/41tvseivvu2cm5ei478qqtgbi5vk4vuM
modified: 7/1/76iu2v9vc1g0951n2qj09c9kn77e574R
modified: 0/0/b97rr6dng9t6bu696coqrvri1gnacakM
modified: d/1/stats
modified: 7/4/e77hv6n53cbtj2bv73iq59lept96j78R
modified: 9/0/stats
modified: 6/5/2f32ku91eak1t9epr6kldb9g3hhsdigR
modified: e/9/stats
created: 8/e/55irmo5lm8r0vje696g20mfm8of4a28R
created: 9/a/bci1hbvrd08jkli7mo8eddtl9mr53mcR
modified: e/3/stats
modified: 8/9/51rp0lke3s1iclftmoms3rdkb9us0dsM
modified: 6/1/d4q2r5rk1qknuci6knapc3abl26pqk0R
modified: 8/2/42bhan9jmqb3tvchmap8fmggr0ki8l8R
created: d/1/3d57ocffvrsqd0022h78aq1tp3r2vasR
modified: 7/7/0036tt2vrjhm2js51p45elkm3ogm2hkM
modified: 6/1/321g524lk3aqel340bo2rd964vnsm1oM
created: e/8/889na00e4hrh6uk5ieqeo7m9m2bbo5eR
modified: f/3/a9r2jqp7ae7ijqko1375p06huu5ugq0R
modified: 0/3/85aoffo2ffkbs3d505p752db5n2pb26M
modified: 7/1/7eendnppplftkg3lqllkhpi6hlag67uR
created: c/f/85s7sq1nab633te7j19j35ftuqfrn2gR
modified: 4/8/stats
modified: d/5/stats
modified: 0/9/stats
modified: 1/7/06q13ba46lfkjgolgbb46orsp9lu57iM
modified: 2/5/fe48dtgso6m5olbmojkcvr7f7smtv2kM
modified: a/9/stats
modified: 7/d/feseel5os7q98ep4sod0c5ca4trim7kM
modified: 1/3/stats
modified: 0/1/stats
modified: 3/8/55qncrl8npagp5obn8r4ntbb317ak78M
modified: c/4/d36nrh6pj87u03e86llpm9g6tbfh63aR
modified: e/f/stats
modified: f/6/58t3c3ihn6irka8beuudmh1btskjda0R
modified: 5/2/stats
modified: a/5/stats
modified: 8/d/stats
modified: 0/3/69nmid4p7u76i9do2m250lhl53j4v26R
created: 1/0/4avc546f30nkd1el12c1kpao0bfip92R
created: 1/b/b6u9u24j35s90on53l0729fmgm94sh2R
modified: 2/b/e161t79csktg30qe822uvj4dj9vki9qM
modified: 5/b/c003577l3a52o1rqvvvolkifaim3cboM
modified: 1/4/4cbt229rd6931jqngmphbr7r7b5o514M
modified: 1/d/3a1m4vh0mvn5nk4h1f32nk4m5ee6u12M
modified: 4/a/stats
created: 9/7/fd70amjt14k4br4pf1a81rsvc44gbq0M
modified: 1/0/7293f2h2t1ohhd959v8m8ag9m3t6bioM
modified: 3/2/stats
modified: 9/e/stats
created: 2/4/93umfk6tpspkdl6bov8lho1nnhh4knaR
modified: 2/3/6b6aq958i60d706o9dpqpo3pbvffva6R
modified: 7/2/c8lqkkkc59j38q7jakqbr5bv95pa95qM
modified: 8/a/stats
modified: 9/9/32mqnkres5bvuv8jdig8mj97o5998vcM
modified: 3/0/72dc86rf9kfl6jv8gifolm9dm6o1nc8M
modified: 5/2/15p2vmtchdtuu9qukf36q1gil183v4uM
modified: 6/2/e4b3cvkaj9kcdahedt4ui3fh6iiaveeM
modified: 6/4/dfol5crlj12u8kse889ep1ovpd867m2R
modified: 9/5/7ek4vqmhpat4ci6o059otnt0048cammR
created: 0/b/06mfpntqn2s27o3aqa9s5gl7ilo3vcoR
modified: d/0/stats
modified: 3/0/stats
modified: e/d/stats
modified: 0/d/df019lebk8psoo0141j9o2snskkec6iR
modified: 1/c/stats
modified: c/2/4bfhndjhivjdgc457lldtjh5mudhbmeM
modified: e/a/stats
created: 6/7/5cm0lccon679ama1imc1id4v0cps4iiR
modified: b/0/stats
modified: d/2/stats
modified: 7/4/stats
modified: 9/0/a5d44phpisuhj9ehkv54ejdo4t8etjaM
modified: 6/6/3a366hfcjj3gd21b9h92q0i8gbsis7aM
modified: 7/2/31q9k0j4l9nc61qtadrgvfs0o0h5flcR
created: 0/9/e03shi3n6ohfpjgsneq3jh4v22u8qniR
modified: 5/3/30tr9cmb6dp3cuilau42tvl3f5sojriR
created: 5/8/5dvtv35lkmvrh2lohjcm7vppet7mfqmR
modified: 4/4/stats
modified: c/6/stats
modified: c/b/4di12i28dp16s5qrcdq93pfflkoqseqM
modified: f/2/stats
modified: 0/5/stats
modified: 6/5/364ih2n4s1mju4578852oq80b7cdobaM
modified: a/4/stats
modified: b/e/stats
created: d/4/1fkgqqnftkod4f9r911mi3rl7551qluR
modified: 5/c/cfus5d75lfmaqptin6eoeqeblmt1jskM
modified: 8/3/stats
modified: 9/5/bfm1gpdpuoa0piujb47l9hjjaiv0qvsR
modified: b/1/stats
modified: 7/b/45hk1hgc2oa9u7ae8u7cnfrc4b9fjvaR
created: 8/c/976pq6kblmf2scdoongg32u5sa409j8R
modified: 9/b/stats
modified: 1/d/0dp2k8rn6lm04o749i4m80jhue1quumM
created: 3/d/58cardj5oce8hnjpa85chq1n6idf34sM
modified: c/8/stats
modified: 7/2/stats
modified: 1/4/stats
modified: 1/5/510rhfefdr1usqhlcsvgnl83bnskhcoM
modified: 4/7/4e27e031tsksr5fj8mjo6hnu2lqo80gR
modified: 4/5/e64cv909dqt453mkteji4jatcbfsvdeR
modified: c/0/6d07c8tjv9n5mdf37qraq8s1vo97djoR
created: 2/9/47uppt8cj149e1cl03rug3cnt1p872mR
modified: 2/d/49orst92k7svq5gshjm3a4bbu53bmsoM
modified: b/c/stats
modified: f/stats
modified: 0/1/f5jfprhvu26b2m6ho7hhe10q1jguo5iM
modified: 8/5/e26fublqo3qkjusgtpgepp20ui3bouuM
modified: 1/3/68hhe2vku4tjhcgor16mjfri55u829oR
modified: a/3/stats
created: c/9/931ab7hro05ucl45qfp4ea980ugrpi6M
modified: 0/9/dd44aklppsfkbn1gdp29979usnafsisR
modified: 1/0/6eic3qul7ujsq25v9ubjev3fm1age4eR
modified: c/c/stats
modified: f/7/stats
modified: 6/c/04gfn6ilehqak1be980ojj6th8v4jfcM
modified: a/8/b5s7lmr5th5s5fec7kghqcdb6stl6noM
modified: 3/0/a1t6erl14bls784ekraihdqt61punqiM
modified: 3/d/stats
created: c/6/fa0a7ip87fe612ss2p20e0qfc42q3jsR
modified: c/9/fccd6kk8922j3b8oqauu480kgsl58m6R
modified: f/6/stats
modified: 9/6/stats
modified: a/c/stats
modified: 5/a/stats
modified: 3/0/09p65pabmmcolhlsgf5kn059b0gacaiM
modified: d/c/0fk7jh2kl81rhb6o6u7icc0hsfuo6gaM
created: 9/e/c7sjgu590qhn9j8qomnnt1nfms6r2luR
created: a/9/3bs452at8o9ut964dvd28db5oqj5ki0R
modified: 5/f/stats
modified: c/5/69d1h6dpl4ad2tl93nb4891ajf8n7nkM
modified: e/4/b1u61dfvm6kmtlh8pnrti7eeuh6brmcR
modified: 3/3/stats
modified: 6/e/stats
modified: 0/8/3f9ocgectdqrqqv79sf161so0kq7qlaR
modified: 2/d/f0batom7gqu0rqkihr07jatssc0a07cM
modified: a/0/stats
modified: e/1/b9ml1v49jhihocpmdua8tp41eru27duM
modified: 4/f/64o5p27cjtate27lct5eim0nl3ig3uuM
created: 5/9/cak7plna3q1l5jdt4ufb69dkumuqn4mR
modified: 9/a/eb2o55gnu0mhrbg0l10i7diitd92vraR
modified: a/8/stats
modified: 4/3/stats
created: d/a/38ctimma4tg9deh574tcpcjh46fo910R
modified: c/a/e794u8c1f6ih94p8ieb2p2kh5t4451sR
modified: 2/6/stats
modified: 2/7/39hmdkmmojdteh65ca49bjj6s80p67mR
created: 5/6/cfsnm35b6jglstqibosjpvpro3edkeoR
modified: c/b/751bs58gceia2e15rfquf1n9fs404peM
created: 8/0/84sehh1u3tfdtf6758s5gs5rrmitd60R
modified: 0/9/efvit468022iapger2bch0qn2n9f0lgR
modified: 1/3/61acdqucediu8cen9kpnbg0mfd4ok6aM
modified: 3/1/e2o1kgk4en3jcec2ku7sfk62qk5nu8sM
modified: 5/3/stats
modified: a/a/stats
modified: 7/9/e71af445frf1ih8snrddkjrohjqr23qM
created: 9/b/f5stj9mbeqoapnsa9ilcndu7v9j53sgR
modified: f/f/stats
modified: 0/3/stats
modified: 5/9/stats
modified: 2/5/stats
modified: 5/4/stats
modified: 5/5/stats
modified: 0/4/stats
modified: 0/8/stats
modified: 2/c/c59u2km9u6gtgpp5dhfvhf5g8fkgqe6M
modified: c/b/stats
modified: e/e/stats
modified: 9/6/c164eiggm10c44h914m2ah690dks0aeR
modified: a/4/4fgmdjrb1f52qj6r9lkos7d07bgl7ocM
modified: 4/b/34mopo1ic9a6qfd1kto335ogcdseg8eM
modified: 8/2/984mfckceusgaqfc40m5hihelqfmdc6R
modified: 5/0/stats
modified: 5/7/stats
modified: 8/0/stats
modified: 2/b/stats
modified: 5/8/c777jii2dorlmpntmd28mqr6k0dn5mqM
modified: 9/3/18uggm0bb3a88da7r59amjd198l8ug4M
modified: c/8/car6htuup4en25kjjvfnfmesqhb6du6M
modified: 4/0/stats
modified: 5/6/stats
modified: d/e/stats
modified: 5/c/stats
modified: 5/f/c441f99jtmh63tpfkt06o0fikdqaq3iR
modified: 6/c/ec7jptl0lc51ten1thcpk7uub954i7qM
modified: 4/c/stats
created: a/5/d1aegblajjt4dc2214pgad1b8enm35uM
created: a/8/37f9cthvdqovuee24b7i2iirsud9bciR
modified: 9/0/d45bmuc32vhq2i9cs009k6r34edkr24M
modified: 5/5/6894856omujuovcmso3sng96p16tt62M
modified: 6/2/1ecl94507rdski8ehbagg3lm1g63juuR
modified: 0/2/stats
modified: 1/stats
modified: 4/e/stats
modified: 8/0/d88v0ngovl6fthjjl5snft4irnmc2eqR
modified: 0/8/ca2chipf61ne9oq7dht5bt82elbnrnuM
modified: 3/1/c9qs3nkthlgvpak6qb82bkfeml792q2M
modified: 3/5/stats
modified: 7/9/2076e15iu6nq148o55f7modrjkggap4M
modified: 8/2/49o24nck1447t159uh4c4sqs1g1bttkR
modified: b/8/stats
modified: 4/4/e7eb1ck6h4256m1eviifc4ns88d5kheR
modified: b/0/91imt9epo2h87hapiaug6lfk5cncrcgM
modified: c/3/7fnb546cr4co52v6s81g310e9im6obmR
created: d/d/c6s913r0un2anlr5iavqdjsnc1ssjmgM
modified: 5/4/31jpd7gphmlo5curpu0pegkr464gvumM
modified: d/3/bemh5nra7gpc0icss8lil8o99cc6ikmM
modified: 0/5/b72rdk148pu1q034op6uijojmhum44cM
created: 8/d/34j6t88lhp1mq1dc6vp98qpnvq5pfm2R
modified: c/f/stats
modified: 0/c/b81d0j1egh2mglf6cbsa4ltoqu8b83cR
modified: 7/d/stats
modified: 8/b/stats
modified: c/4/cbc3luodnl4ppjgh0qu87d1bbbv88qsM
modified: 3/1/stats
modified: 3/4/stats
modified: 9/2/7akbhrbk2hppts6jt25frv1hdm74q4sM
modified: e/0/1f0g229ul3nlpoaffsb794vlkovp3bgM
modified: 1/0/d5beqdqb6j2ds57mf492c75sr3hokb6M
modified: f/3/955msvnso6vmakduhdfnjh8s14cjl90M
modified: 2/9/52jjdtnobe3t00ou598q8m63c5s7i6gR
created: 8/0/49jqk25u08ljsuhkjss7th7fschg1emR
modified: 2/0/stats
modified: 3/7/stats
modified: 8/7/stats
modified: 9/2/97n1lrfprm0tg5ig9cfo8t1suktmd8eM
modified: 4/5/stats
modified: c/9/adro0h8vkaone7e512ehllii1osgs56M
modified: c/d/c6rf4cutfga45trfmt1eiiflim4acngM
modified: d/c/26iggtnav37rc8ndrqe5d968sqsna1uM
modified: 5/4/cb5im4b041tg83re5d8cqhtijtbgagmM
modified: 9/9/stats
created: b/4/3c4ckf1djdchsqbn6q1t8ct3okds768M
modified: 5/1/d8g691iu5sald3pfj4lead70atl9956M
modified: 7/3/4ad89u4t21hi0g0bfrfumjh4q7n3ubaR
modified: 7/8/a4tei6of38l0luclsmr4fik7d8elr0eM
created: 0/9/4cd21m2lrvne59mft8e5go7qef08ntgR
modified: 2/d/83ortsivca7o1jgacvhu5jv0rjk6h5kM
modified: f/4/26rko8te1dnpk748quevi7msiiv6nsaM
modified: 7/f/stats
modified: 7/2/13n7p8560cr1asopma5r7khfcckkeniR
modified: d/0/99e2lbflur6u2qk8rm1lrd3sqjp67hgM
modified: 8/1/cf3nfv41btcp0cssjafunj8fqnb3qnmR
modified: a/e/stats
created: d/a/5c82id997u0c42v77rva8fup0md197kR
modified: e/4/ado159ppk1n4bpkc4tfp9bsm8r9d0joM
modified: 1/1/c54s8dkfl52do9009t70amhu23fa8smM
created: f/6/68hv9bs6spv1jup6agv9f9b30i1inikR
modified: 1/7/stats
created: 3/8/d4k246616ngde59h5sccpmlbs8pm5q2R
modified: 6/3/e2pqre2bi9297hhnh71i3776776j3baR
modified: 8/stats
modified: 0/4/2c4r2h5qbf383m4869ddda20kr3kiqoM
modified: 5/9/45di7650u7h0icf46c7qaqrj83c08t6M
modified: f/8/stats
modified: 1/e/stats
modified: 2/0/8d98clmud3biovn6qb0ah5s217u6t4oM
modified: 6/7/7funt13v56a4mdvvop246g62td2t42kR
modified: c/0/45t6cg296no91gjtlongip2g367hn8aR
modified: d/c/stats
modified: 5/7/b5osau2kip80ioo8uqai6pq9sb0nep4R
modified: 8/1/08lm0vt7nbad999sh09vje6j3l8t45mR
modified: 9/f/stats
modified: 9/8/26f38q3d25c5u4hnqud0p4fvmrpb07aR
modified: 3/1/abvk0di7nr3aucfksmgrk9nd560ljmqR
modified: a/c/751hs33tmetn0ifc8datj7983v6s0beM
modified: 6/2/8865jn4vcpaiasgbc2st15bo0vj3dloM
modified: 9/1/93r6onaodtls57hi7a5rgilh2jf57ruM
modified: 7/b/df5r0q9jajv4acjrcel1o1phgv5qctsR
modified: 1/7/2a1ok307a10ivier2pasnjehm2lr158R
modified: b/3/stats
modified: e/2/e43mtadg37hqt8i95lpd661l5bdea1oR
created: c/e/63grohdp3diu7onbdd01setlpc7mc2kM
modified: 2/0/83jfhdnlno5t1ujjvui4fncbe45hmnsM
modified: 2/2/8fvu87nh3dkhf5aoar7o11a1p5l303oR
created: 5/9/1120fuo1djak62r1rv9918b3beopqi8R
modified: f/6/6esllfps9c5t3anrhdi2to8k6oc28o2R
modified: 5/0/6ahc4nl3j9ip66qutalgjibbvdkumtkR
created: d/1/1eh22g8vongfbmq66qn1ilqno04l66aR
created: 7/8/14udtfm1a89ussniuiph56g2mfebv42R
modified: 9/4/stats
modified: d/7/stats
modified: 0/c/stats
modified: 3/6/stats
created: c/7/8f1tn656sjmupnthgvc10i2r359d6eqM
modified: c/7/stats
modified: f/8/bbofi4rild1omblfr8ml6or7a42src0M
modified: 0/b/stats
created: 7/0/62dh66idt9r6mi274l3lv2ibu2mc7ceR
modified: f/9/stats
modified: 0/7/stats
modified: 1/f/67ml4h1mcqofab8q6q3lu3qasl32v60R
created: 4/f/aam4m3tr0nqttikaeb55ae50dvsq2doR
modified: b/stats
modified: c/9/80q9ms95s28fkrfqsh5ibkfhq5h6j7eR
modified: 2/3/stats
modified: 3/3/9a5d7lkd2ckrp91cojp3554uh8slndeR
modified: 6/0/239ahmu5k09bibajgk39esboona8aisR
modified: f/8/23cgmrqc58a9o52g5e1j55o0fqisseaR
modified: a/6/stats
modified: 1/0/50mo7nh9t8ommvknadab2b41lg85ib4M
modified: 9/2/616seuvb7f4euabf1u1nr3g7t750bnoM
modified: 5/6/d23f6lq5n48ihmc5dasktc1fue63tsmM
modified: 0/a/0bngua8v05id49p8uap8ji5afqsovd6M
created: 2/5/d392vpnlp9rth67u8ep9rocqbarqiooM
modified: c/1/4elb3hf3eqfra2d0epmgg7aph9apjniM
modified: e/3/9brokcictf2nua7jhfphjtiqlvkqk1aR
modified: 1/0/aecnthfhmeptsbmjchrou5o2911s26uM
modified: 6/2/424c2i4mu50ulipj871ob0ppqjs747aR
modified: 2/7/30fjaeobqbhd41rndmvnh27kcdmtvciM
modified: b/2/stats
modified: 0/1/75bq4v7rlk9r9c4uarj23i8dvnp6jbkM
created: 1/b/2dh342pc4a448sveur0ndto07ab1onsR
modified: c/0/stats
modified: c/b/ebivb760jvel99gilefdae8n7jg0h50R
modified: d/6/stats
modified: 4/7/stats
modified: 6/2/81cjd362fbr9u0873fk1lqsmcsfnoo8M
modified: 7/d/9eefl3t89fd74em6ebbhhmv1pb8pf7mM
modified: d/2/f78dpgvne5svrb1cn4f5bjqg81r4824R
modified: 6/8/stats
modified: 9/a/36o7hh8lfou79qdsriaopc0jpja6roqM
created: c/0/0as3rd2sh9loro3s6rcpnleksj7d22oM
modified: c/6/20rqneebbcsh5bslhss2t2j0j2752suR
modified: f/0/stats
modified: f/3/35mbdiqragmnj6jrku0pdudg2p0oaocM
modified: 5/0/a1hbimgiov23jantvmbj17hai8mnu9aM
modified: 8/1/46br1lq26nsnin4go1nf4t6e1hvtdo6R
modified: 9/6/acres4li8j90kdim259o71mmdem9jeeM
modified: c/3/stats
modified: c/6/194b7foi1ednt3on0os2u8tvs2mgirmM
created: 1/c/34qdftk7gsfjppfjug7gdpt8733715aR
modified: c/9/stats
modified: 3/8/stats
modified: c/8/fftlfh0ee4kk0anc61dnmcomot9mjpgR
created: 4/3/16aoa5trqv880108k4fo9pfq1d0fr16R
modified: e/4/stats
modified: 4/6/stats
modified: b/b/stats
created: 1/d/09mam42d1gv4nu1igh66upqj7k357h6R
created: 7/8/d7npjp3tfvhk586n8t366fts8ljkh1kR
modified: d/1/bdbr5t94babh2hsuu4c0c4vmuu2jc34R
modified: f/2/fakp4vrj8oeiimab3cphtuncut2auliM
modified: 5/3/ber67cf8sds1le6tvfgh1b0e7melr7oM
modified: 0/e/93v448qe6v5hm7vueo5ciujse82m29uM
modified: 5/f/76fv8okqmnj9sktmbv51e6s3sbct4m6R
modified: 7/5/stats
modified: 8/2/stats
modified: 9/3/stats
modified: 6/f/stats
modified: 7/a/stats
created: 9/d/0fnkpsepj4bqgvght3rpngogu47mevkR
modified: e/4/eetc9i9mhrv43ejqmn3ain9co1d1c1gR
modified: f/e/44omia9npvpj01poqlrsolbt169oh86M
created: d/a/b0v9rtkh9q50l2k3e6089ml4fenquviR
modified: f/4/950vobivdta9iji07itcdeo0074j5dqM
modified: 4/3/e0s23qttmn6d2f256psujghjn5i0ifkM
modified: c/3/0988eesmd601ridjtjlr0g0a8t5ftd0R
modified: 0/8/bcd88cj8mggv50vd09i57o46682eopiM
modified: 6/5/abpvd72rclq2vaancnpts8qddej3bhuM
modified: f/5/stats
modified: b/9/stats
modified: e/0/stats
modified: 0/1/3aid71b9m2ahk0hp0t065d91v4j9kh4M
modified: 0/8/50mu9bkrscvhhd4cvp3c3l01strhjaaM
modified: 5/e/stats
modified: 7/6/stats
modified: 0/7/3f5g30airano20fvhbi1l1vuvlhbnn2M
created: c/3/7a9qiaoq8c87vh9c546jlkr30fju6esR
modified: e/4/58m9qf89lduaiakva4qtdtmmf541kosM
modified: 3/0/40a824i50vv2b2kai5qvgk57kboi11eR
created: 5/e/4b8laibeb82t69ulfna11omlte4513mR
created: 3/7/72vdiq27qrqjagjm3ifupn56jkjvt40R
modified: 5/3/e3udtqrtl2md0gfh6ulumantoaga2d0M
modified: 8/e/stats
created: a/d/2bo00j4uvpv0e5a628mdia4ptca6b4mR
modified: f/4/65ki35huj21698phiit063peqfjbv0kR
modified: 1/0/ca7oplf3s4og8dlj7ubikdadrmr4proM
modified: 6/a/a0eobjlltp49om4s7vuj4nrt251t0qcM
modified: 9/2/b1nr5t6jueucq17n3s6a7m47cqbpp3sR
modified: 2/1/8afj82qubv3q4qa71rl0qfeepocuvqqM
modified: 5/b/stats
modified: 8/2/3e7fn9fr2c2i85hvnoqhrt6ouqntckqR
modified: c/d/stats
modified: c/3/620frpbjshe6j6bulcae0eglp5iqs6mR
modified: e/3/fbfemo6qfhuh32qmd3ndmfgrg7gnuq8M
modified: d/3/dfrpl3euj8jp4jb9g6067f9jbqu87raR
modified: e/4/1epps6jbbo7huqgavcps00bb593c4kqR
created: 3/8/605ouchg5imcc9bhd0iun721tk4tbtgR
created: 3/c/80lhoc410qb03f21h8g4divmbm6ppgqR
modified: 7/7/stats
modified: e/7/stats
modified: f/7/7e644vnvf6bje2tnghs7oa16d86gtomM
modified: d/1/72scm4p0br0vrpfp83mfvlo2tler2tsR
modified: 2/a/stats
modified: 1/1/stats
modified: 2/e/stats
modified: 6/4/00jm9tnv7b2t8d2463n31u5752q6g86M
modified: 9/1/dasm536avfdg8u7db9rdntgp63o23eqR
modified: c/2/stats
modified: 1/0/stats
modified: 1/3/85u9emaq4n6ol0fqdlu99pej91m0ho6M
modified: 5/2/6fuq1laaf196cosjh4p4lh6600m044iR
modified: f/3/272intkdk8b2m2gf7b50v1esru3tmimR
modified: 9/2/843dl1e4svtja22e1q0phg07msim0uaR
modified: d/8/stats
modified: 7/3/095k73dei0vtkikmilvpks7l2tor1eoR
modified: e/6/stats
modified: f/5/cdhdc64ara94kbcfrvqfb2cobc2pmigM
modified: 9/d/stats
modified: b/4/stats
created: 0/b/32j9ludke3d6rb8cg01mlhsk8vmtfkaR
modified: 0/d/stats
modified: 2/f/37g9lcpk1cjob8hpqabm61lhsrbrv8gR
modified: 3/e/stats
modified: 5/8/stats
modified: d/6/d70v50hn9pclul0df6h8fj4bufql1p8M
modified: 6/2/stats
modified: a/b/stats
modified: 9/8/stats
modified: c/e/stats
modified: 1/4/617furm652382lkhrjql5mbs50urho6R
modified: 2/d/7618kmsoti1ilrqkjvs87ae118atsrqM
modified: 5/7/22aebfk1so8dqhq0ttl9qjgpdamosj2M
modified: 6/4/6e47ipr1u24qtdasqphbh3d0j0thdp0M
modified: 9/c/stats
modified: b/6/stats
modified: 1/2/stats
modified: 2/4/stats
deleted: 1/c/10tfabfmkbqsrn83f8505uda4tf23f0R
deleted: e/a/e2enencclsqe2df6n0n25r2qlgtdi92R
deleted: 0/7/08i5qthjrbn6qk1tsphmb18s49mve8mR
deleted: 7/5/363fivt2vob21kifi1m356m66ppgpl0R
deleted: f/1/1048o6t54pqhk2amb06udfnvgq1ko92M
deleted: 5/5/31odmc1iac652g4vq6028lp8okpgs1oR
deleted: 6/e/b268tk9t9bte4rbisuvdjnivouq2li6M
deleted: f/f/cdd58kck301ou1bjcuo23039c5p74i2R
deleted: f/d/7fcvgad5qpbj61bhud7kc8gdbrletg2R
deleted: 7/c/b5mogsm9fuppmr3pqgsvdnnmssd7he2M
deleted: 9/4/c6p8tedbqudccrp9m05cv4vj68enkgiR
deleted: 1/5/d7f6ambheorau1jtv2q7mc5qd5v362gR
deleted: 0/6/622a1avofn2f9b7d92k93ojrgk6jd38M
deleted: 3/9/16757v8gq4pk46f9adjpi21ddm051qiR
deleted: f/3/4eaho01bifds6v4vtr1hune4a74l50kR
deleted: e/5/40o1e4rhdp3vn8nrgnpp2f2f8qvi2cmR
deleted: 6/4/d0tild8o11kn6rrom0r8d4uvocn1gsuR
deleted: 6/0/0drp5jffm3umjd3d56vdan4fhui8ecsR
deleted: c/b/62ebd85sokldv9o070tsu27ds0cf5gkR
deleted: e/7/88d3k6mteujiajdqj4tl0miedqn7glsR
deleted: 2/3/adjctpr189nbb6qaqavpv73d90b6114R
deleted: 1/c/41d7tekse94jgq3pjcru8kpr0abadpcM
deleted: e/d/8dqpff4n4bluccib9bfok9jivs6j5egR
deleted: e/0/18duo21kfth9v4sksbvo8ar1i2eq1quR
deleted: 0/7/6b97hq11rivhjmniunkgtjm8cmctte6R
deleted: 1/0/e3si2papehgruihvb8vgcauc2jaao5eM
deleted: 9/c/73e7q0n5jusdnla2hgsrfc7ij4cn8geR
deleted: d/3/5fr2pdpejr1tejqvv9rhf14g70787pkR
deleted: 0/3/caebrpi61fmhi3rl52v4i23v3o0919eR
deleted: 7/2/62qn56sjl8v3dog3bcafot76urae0f6R
deleted: 5/b/0dnnc8orai4k8jae4j33h6kok2b1dj4R
deleted: 9/a/f2lqv7iq497j72hbk0u5qlhbpo702n8R
deleted: 5/9/d0dq4ndeuqnbgrj4qs0b39936h70dbsR
deleted: 6/a/f8spk96qfj1l6pmaufcr2op0b93o7c6R
deleted: 6/c/023ql0ptptchuhuc7d418jls3lhk12aM
deleted: 2/5/86549ca0ki1182r61e8oskcsu6ke19gR
deleted: 7/c/f6to3ffh89ei5cigtijun0crli0b33eR
deleted: 0/d/c26567d6cu0i1p9sh9n3nctji411un2R
deleted: 3/c/2f6og7v585ddt3n0k0pv6eat0iohdgcM
deleted: e/9/84036iuqf8st9ft6mn3k0g7fc1709ngR
deleted: f/d/48tn3jfvsp5o92t4kscl7pf45ltqa5qR
deleted: 0/2/272iif44bkgk34eacjm27aumbpso9d6M
deleted: 2/2/40u5s4v7vmsn9dq036farteb2spmtagM
deleted: f/6/89arcgooqish4ku8bpob933jkgoktcqR
deleted: 9/8/7djmd663sgcn5skuq70f652qiqi5eikR
deleted: 9/7/7etnsi8no5oq5ammov52qpum3kqpcbeR
deleted: 3/9/f175ups1v98he00sl8m11d2kjabhgg4R
deleted: e/3/66si3efut6je8d61010ha2iojukv0pgR
deleted: 1/9/67r5ga277fguh6andm27vf122jaim54M
deleted: 6/b/fendr3d3apbf21mdhucdkmel7c1v9omR
deleted: 0/8/413juiqu6alhm5o9unb9eleomeoo68aR
deleted: 3/7/1cpjria56pml75basq9p5hkgg9tk7ikR
deleted: e/7/7324ekn3d1i13agorj0nnclng7sqljoR
deleted: f/c/8apmnil2qg9ip57n8r810ve2u23cknqR
deleted: 6/0/822b2t48pd8rr7cgtsns2o0hnfkpd80R
deleted: 6/a/8fcbkdoumkpjg4fg2eaflq1kedlqlcqR
deleted: e/b/0f2cnn5t4k23v3uv18c6hku51tfengqM
deleted: 5/0/5cmboinvsecv6sp124so7rjrh5gpdhqR
deleted: f/7/9fagdd4h8jkefcv398cvm4k02n1kd46R
deleted: 4/7/f481esolsa55ipfr65j38v1coh60uaiR
deleted: c/6/91mt7gol3mjqkuldqve96ut43m95ua8R
deleted: 5/b/5a83r23al53ejov9fhu4ihq0kjk3mqmM
deleted: e/5/a1834u56d6eap3fqll6rptjnqmkueu4R
deleted: 3/6/93ernorfvl05sa8drj038ghllb3nor6R
deleted: 0/d/94mli4v7bbhv1q4f6thj51pf8egr7q4R
deleted: 1/f/0eckj9dgj04vadqj1m8anvbgk0lfpqaR
deleted: 5/9/812mg3rpa2nog6s85vjt2jcks3pols0M
deleted: 5/a/ecm7cmm9vkaviemp79bvfqbaa8gr04qR
deleted: 9/0/3f4sp6etfo351s5ccdbbdprr6gnojhuR
deleted: 7/a/f93qm4rh3tq32ih2jv18ena532eed9iR
deleted: 8/1/116b4i6tfclv6p6jq1g8f2akkorv9buR
deleted: 1/7/3au09s0c9rhp6508ec5nq4bf3c6s8gcR
deleted: 5/5/ffgcbq1tucglc5mm0ul28blo4coreb4R
deleted: 9/a/9a36pj7ont68l5of2lu9lfp408m62p8R
deleted: 9/c/b48eus2mkh6ijhui29uaibm36av21kaR
deleted: e/8/df2mne5da2dslqtdj8b18coqup8m6buR
deleted: 0/2/28mps6ec5rerebgg3t9nd05dn7ohutgM
deleted: 9/3/99tt22ph6iihpsmcajsqgio71tghbs6R
deleted: 7/2/c17hn9d83g3hq61apc62grd067im8h0R
deleted: 3/6/4125cgpbabeiulsb4mh1e4br3647fq0M
deleted: 5/7/a855ibmdlucppg8bkdtdk6vpt3l3j9qR
deleted: 5/7/c0o9t6v1o5urv1sdj1n247hf2ogr8c2R
deleted: 1/1/af86arg0anriuv2q78ienjdl2t1va3kR
deleted: 6/a/92jtgujv889t30tcgvkt6p8fupu0tk0R
deleted: 9/d/d8qv8a9gl84burj8gth62vdk0ku1m8qR
deleted: 2/e/34as3ap8afbdg65r9haiatuhou66bneR
deleted: 2/7/89knfc36okj6mtsklleng1c3l0jgl48R
deleted: 2/b/ac7d5ecs1cb9n4g2ede8orfiigcelvmR
deleted: 7/8/81b1f8muqc4fp4r3j5dgot5aplhkeo4R
deleted: 1/d/catnur0oh51rgl6sd00c7dtuea6muq8R
deleted: 6/8/ed9pplba0vkivumo6pei39871lld530M
deleted: 4/9/8dgctjtsckdfqd0s3v4g64fmp22233oR
deleted: 0/2/6dp0v6pq7rlr2odoebovq31ph6q8qk0R
deleted: f/9/5fsae5ukqbjmpakl3s9dp114eor1rdsM
deleted: 1/0/507fjih3bvoood8gfn3gsbjlp6kfrc6M
deleted: 5/c/d1sasnajhupqjq03iisfadlkbk00c1mR
deleted: c/c/813n0ftp03ut1sf8pilusp6nikm3bdmR
deleted: 7/6/d43ij928hi58bss855c79a3vja7t6v0M
deleted: f/5/539hm5cgm6di87ipfg34vo4n6ngrfcaR
deleted: 6/5/73s7vf7ji9poed9c78fu69jllk8ip2eR
deleted: 5/2/71j4ldklodtfffolmf9bfeteljvoqpuR
deleted: 3/0/febgibcap6e2cdgc46c23h0gqhr3t7qM
deleted: 2/0/b0vjt9f7lijqornvpam4fb2uc4u8omaM
deleted: 9/e/b255suibjvih6bl0q11cdrf7nlksljoR
deleted: 6/e/3fc9mhsno14q15p48ve1e8f14ug30o4R
deleted: c/c/d60anohcam6hlsb2f00263eutjrraq6R
deleted: 7/9/e43m8u2eq72103vhqcvnoc0302ejc1kM
deleted: 0/0/5c6a8pu5b273a5psci1d8la2f5p2es2M
deleted: d/6/7cavom2uf3gc51dq91pv31mcik445oeR
deleted: 2/f/ee64ni5jbbc9suc2jqo4d3tan7le41kR
deleted: 5/3/e248meo4cr67dnqt174dv2m40g9n1ruR
deleted: 9/b/4c93993fsu595b85h3ie3que82s82moR
deleted: 2/0/13ibpe0vco0i2na5g2ubheicoffr5sqR
deleted: 2/6/56e3u7hhmafhl9kp1edpqpqoqpd9t9oM
deleted: 6/c/517qqstmis5508v1gehb7h7dedtc0pqR
deleted: d/0/b6tdhnqdg16p6tm09ihnflevlio18iiR
deleted: 6/7/b9goliht7kic7bl1gvbtpjjpqaj83peR
deleted: 0/4/5dmk9kea9keq81o0ucgs2s6lfsfmdgaM
deleted: 1/c/21st3uhdqsnstsnd19ik0t9al4nd2a6R
deleted: 3/8/29rdc669crbci88o3r94998p8kgr1icR
deleted: d/3/d9he6hct7sc9bnvrk6ricsik5f3opieR
deleted: f/7/c3ajqaj7c2er4ekfmedl131lu0lt71mM
deleted: f/f/88q13j2nrnpemb87u2rep5sbgj3jf7mR
deleted: 2/a/e1def96pvfo2f4ti28m6su1nr0mma32M
deleted: 8/1/a09ad2fiarq50o9h30g664is7vh6e7mR
deleted: 5/8/efvi6q13h6ss3p6ga6dnus1647hopfuR
deleted: 2/1/e8053ho3deebvg5pab5sj1jofq4hk3eR
deleted: 1/c/d344r1pqspmj1ogcuj97n7umkplvhquR
deleted: 7/e/f662143q3a00invmdtpc6hhg2d8d79gR
deleted: 3/7/2cm0i94l8i5jp8vsurc7jfdsk6ls80sR
deleted: f/7/d19l16qv1utnv3dk33gu5r436uudkpmR
ccache cache size is 163Mb.
Uploading cache ccache...