
C:\Users\ContainerAdministrator\AppData\Local\Temp\cirrus-ci-build>call git config --global user.email "ci@ci.ci" 

C:\Users\ContainerAdministrator\AppData\Local\Temp\cirrus-ci-build>if 0 NEQ 0 exit /b 0 

C:\Users\ContainerAdministrator\AppData\Local\Temp\cirrus-ci-build>call git config --global user.name "ci" 

C:\Users\ContainerAdministrator\AppData\Local\Temp\cirrus-ci-build>if 0 NEQ 0 exit /b 0 

C:\Users\ContainerAdministrator\AppData\Local\Temp\cirrus-ci-build>call git config core.filemode false 

C:\Users\ContainerAdministrator\AppData\Local\Temp\cirrus-ci-build>if 0 NEQ 0 exit /b 0 

C:\Users\ContainerAdministrator\AppData\Local\Temp\cirrus-ci-build>call git reset --hard 
HEAD is now at 18176ce98 wallet: Check max tx weight in coin selector

C:\Users\ContainerAdministrator\AppData\Local\Temp\cirrus-ci-build>if 0 NEQ 0 exit /b 0 

C:\Users\ContainerAdministrator\AppData\Local\Temp\cirrus-ci-build>call PowerShell -NoLogo -Command if ($env:CIRRUS_PR -ne $null) { git fetch $env:CIRRUS_REPO_CLONE_URL $env:CIRRUS_BASE_BRANCH; git merge FETCH_HEAD; } 
From https://github.com/bitcoin/bitcoin
 * branch                master     -> FETCH_HEAD
Auto-merging src/wallet/scriptpubkeyman.cpp
Auto-merging src/wallet/spend.cpp
Auto-merging src/wallet/wallet.cpp
Merge made by the 'ort' strategy.
 src/wallet/scriptpubkeyman.cpp               | 23 +++++++----------------
 src/wallet/scriptpubkeyman.h                 |  6 +++---
 src/wallet/spend.cpp                         | 10 ++++++----
 src/wallet/wallet.cpp                        | 25 +++++++++----------------
 src/wallet/wallet.h                          |  2 +-
 test/functional/feature_segwit.py            |  5 +++++
 test/functional/interface_usdt_validation.py | 11 ++++++-----
 7 files changed, 37 insertions(+), 45 deletions(-)

C:\Users\ContainerAdministrator\AppData\Local\Temp\cirrus-ci-build>if 0 NEQ 0 exit /b 0 
