SHA for cache folders (/tmp/ccache_dir) is '5c4116120d6dfd03855d03e82530c5e6301f5f05b37b761bf85f5168b9c2b201'
Cache ccache has changed!
List of changes for cache folders (/tmp/ccache_dir):
created: 4/9/70dee07f3577ee0b019990e9731e24-3038864.o
created: 1/a/05595e9819e10af09d3de8c6230d57-16545.manifest
created: 8/5/acfc238bbe07e416106017d6575744-2915304.o
created: a/1/d116a6c3b10506d394253d4413138d-2019195.o
created: b/c/e2288a048a4c2feaeebef536223f73-5544.manifest
created: 4/0/f5e3a4b4b230c9df64839016e736e6-6944.manifest
created: 2/3/b8cb76f06c823838ce651784d1f2ae-13906.manifest
created: 2/0/706250608db8c9fbe9be83afacd108-264428.manifest
created: d/f/d8069933be105234525cc80ff40116-2526841.o
created: 7/5/3dd3754de20d08c0bc49605396b804-6338.manifest
created: e/7/343b239ae74b90a1b19c1e91e46372-3506475.o
created: 2/4/83a4d3e1e23f74536ab4b310938775-11974.manifest
created: 9/1/ccbb3bdd957541cd444b733c165310-5670979.o
created: c/4/3d35b08f2663a62232ab08365b689b-2103383.o
created: 3/c/7b84566a0a3dd08852719db70ea716-2927147.o
created: 2/c/bc4c62ab7e374170a03775f6952e68-12924.manifest
created: 5/4/08dea8389a91290964a1b63a0e619d-4745.manifest
created: 9/a/4a2d931a69fed94dc2f8ad6a7abfb8-6629185.o
created: 3/a/7cbebdc03a604fc9021bb015e744e3-1755350.o
created: 6/d/091ca1ecf7d63137e2a01d8ee56a97-7598.manifest
created: 0/0/0d47487e565c08bb893c080405af63-6549.manifest
created: 6/0/a0d32dcfc05e7c5e0d370966937713-4480277.o
created: 3/a/6bd990e908de0ba08385b7eabdb4de-3132504.o
created: 8/b/a77e507328d691e2020f62a9da2801-1294862.o
created: 3/2/16d16a043f88feb18f775769b5c897-3497.manifest
created: 3/c/4843c1ab9c47f07a1cf948ce5cf8cd-3024380.o
created: 2/3/8c96b5b0b299d2d730794d007d9f29-7112.manifest
created: 6/1/269bbc8dd66accba45fbcad6749f95-3471.manifest
created: 7/a/a4ce413226bbe5661f361ac1e4fde1-2984327.o
created: 3/1/0906e6e4cbe5cac51b1aafae0f62cc-48705.manifest
created: 7/e/68cfbe0c90efb0c5afda639efdcce9-3137400.o
created: b/e/a18f7a2f1c0440fbe14a60fa2562be-2095721.o
created: 7/d/731fe2dcf1fa159869f853ff8c1921-3475695.o
created: 2/d/77deaa7edb73eccd306b3d7e03b426-14973.manifest
created: 4/0/0f98b8f2cf5519fae018b9c4c55efb-4570021.o
created: b/2/a197bd59c57b43efe4667c8c62e96d-15964.manifest
created: e/5/8db889652bcb1286b9be1c01b36a90-11176.manifest
created: 5/d/3423b8deaa5560022ade215e50b645-4334108.o
created: 7/c/65b1d1527e0d6706d80f144d5efba2-3198.manifest
created: c/b/25329c011e97e034a455c9dbd357e5-6438.manifest
created: e/3/d10b9ea5a30530044921e2465f3f1c-79851.o
created: 1/1/64450d8cd8c43ad3333b2f8c49ce1f-6751.manifest
created: 0/7/676911865ac8a9ea75a2c7d9927b6d-6913.manifest
created: 2/2/225d4c6b713013ed41bcbbbac80a18-47238.manifest
created: 3/0/6d9d366d374d20ed3265f330688dee-2373189.o
created: d/c/8e3678d3126dd83f5fb7368f44caa7-2694449.o
created: 1/c/39dd433b5bb396e8b60bf426bd1c71-11013.manifest
created: d/c/fbd2d036919ad32f4a50539297bc82-6510.manifest
created: 0/8/ad08dbd1ede48637681d6e5d23c0d5-2135.manifest
created: 6/7/d3c3726abeebf925acb1881dafd522-2055650.o
created: 0/6/1583bc255b58b2922d188b99c712aa-4973123.o
created: a/9/27d2c8ff68dd292914f1e438874351-3031214.o
created: 7/1/0daa257fdde37503414dd292177631-4164743.o
created: 4/9/e08ca42b12e11ce5832e809bc7512f-4738353.o
created: b/3/ca36875860fc3b96f097ac0365aaa7-9656.manifest
created: 4/a/0bc7c4e50029de089bf76dd5a4e71a-7248.manifest
created: 4/f/d06c3657f43cf356c15500d0becfb3-39145.manifest
created: 6/8/5f3799d21ede474d42c583db171d4f-5726.manifest
created: a/c/131977b5c918c580a96d328dd2a93c-36843.manifest
created: 4/3/e9856abeabb9672ef69e58482a33dd-272724.o
created: d/e/42bf82d5c11f36e38da8b7017d17fa-2298497.o
created: 6/c/f1cbe3b418ede3a8b1bc51066d5e95-6967.manifest
created: c/6/e4f00ab1c6c630377b4081776adea9-2944628.o
created: 2/2/5d701381e27ed34ff0eb230bbe0c68-9931.manifest
created: c/3/9182084c69adc7740e2880ac005085-7548.manifest
created: 4/3/9b7bbf74fbf9dd0dc73cacfb3fd5c0-5268.manifest
created: 6/9/df4467bc2de60b2994b4575842bd9e-11407.manifest
created: 4/7/5d9fa72cc9e290b89e322d625a6e81-47385.manifest
created: c/7/38f71ba73bf5eeeaf9320f52ad6cc6-1393887.o
created: 4/3/c4b535fc1816ebaf199ae420d31c16-2531451.o
created: 0/e/c3013c689ba1ae589d15cc89a4795c-1557993.o
created: 2/c/5dcd52b04fd842d9b5cf05bbcbc922-56562.manifest
created: e/f/e48e2dd23ed9e8c581f42d76510225-4081548.o
created: a/1/b6a2ca26bf236067f49f564abc0f5f-2010544.o
created: 8/2/0e446dac8a12661a4f7b4116f335c5-3021095.o
created: 5/2/53dffaf08259dd4955be4444f2f6ff-11074.manifest
created: c/0/1760d8fc74de216f0e06481a691bae-3494.manifest
created: d/4/b5a27562fc3d2694dd6cebfca19645-5942.manifest
created: 4/d/bfcd8d8ba33a02e42f34d55e91862e-1654.manifest
created: 6/4/12c8696bfc8647ce4d3ae2b248203f-6855.manifest
modified: 7/stats
created: 1/0/fb7a620b25a2ec39255973bc57fa4a-6378022.o
created: 6/6/6c607d27f00a1252f99866248df29e-13024.manifest
created: 1/b/c9986fd2bd7ab6368d0d18e42317bf-6621.manifest
created: 0/9/72f10b9ed96f5a5dbdb6657d048e4a-9001.manifest
created: f/8/ef199a39439e8cbbfd0f7a2a5c4a46-1922.manifest
created: e/2/649ef668589ce1bc21d9aa0a33ec5b-3085636.o
created: 7/0/c810c76e9c2772ec1898aefd2c02ee-13449.manifest
created: 8/3/44337e6e1af24279d0c2c26e9ab236-8253.manifest
created: f/d/f00208199bdb8733e5aaddaee05345-2717655.o
created: 6/f/def8363c2b1720893470dafdc5ff7b-4789139.o
created: a/8/9dae93d31e192a2d63a5f857358ed0-4998959.o
created: a/7/c5fad4bdeb803986d0fb5827e6ab39-5226.manifest
created: a/f/53ebee1dfa640596415170dc5bb83c-2528057.o
created: 3/e/a01c1961e3006f4cb20cb3123c6180-309809.o
created: 4/f/f2a5ce2c15e533a107ab5c54e81a9c-25763.manifest
created: c/f/31578411e414c7fbd00edf84bc61fb-13824.manifest
created: 0/8/38c5e2a82ad170c895e4bc894a56dd-10421.manifest
created: 6/5/a3bc7c0275dc6923009bed11b40903-3079639.o
created: c/e/9a541ff8cbb41ef09404e1cfd1af06-2898637.o
created: 2/4/77e2fbbb9346eaf16617ec31a0e08d-1995320.o
created: 3/c/b41aa4b436b364d5109caf147a963d-12337.manifest
created: 9/9/b92835160a18d37ce859707d1bbad8-5016004.o
created: 9/4/d9a0a47c7943d8f6eed064d00de594-6937.manifest
created: d/7/6854d854f071428d23526be87fea1c-1335108.o
created: 0/f/1dd78e64217031ed78f26f6f0ca973-2765741.o
created: 1/7/9e465eedcafe144333c4787fbf99e3-4934286.o
created: 7/0/bd6515a72447ee30f8c4ce69f69d79-2398992.o
created: f/8/8c8fd25e7a3cb46f4fb95fbe83c55e-3090609.o
created: f/c/6306d2b2a8cc7838a1fbb6ca5aab51-1336770.o
created: 6/2/e11fec6b18e4b6d0f5ebd85ef9accd-18630.manifest
created: a/9/85df08b1622b5b4f1a5e73184c55c7-20994.manifest
created: 7/6/139ce0b60d248b44b091fc38232818-3203.manifest
created: e/6/255244f480d713bfe727ec72a1c700-14668.manifest
created: 6/6/185b9a19c21d83f87e114b390f23f4-10299.manifest
created: 2/6/289f8fcb4aaec603120fde537fdf98-4516838.o
created: 4/c/64dcf9eb0da6437541726ebd5b39a5-24584.manifest
created: 6/1/5612889d17327fb37105cf7d269495-5452.manifest
created: 0/5/7d8443f656371cfffda4e530d926b8-3400778.o
created: 4/0/60ab4ce684af6009dde2f1d7c10b2a-13501.manifest
created: 5/d/89fc01dbd9a0d9a463c367fcf241a2-3186179.o
created: 4/7/84d36204edcdb4e16f0908818594a1-13936.manifest
created: a/9/864edb616b6b43df7aa7f7cdd9c487-36629.manifest
created: 6/c/d584dba62d003a5824f4387fd88331-3189.manifest
created: 3/b/a4090b9eba00308a5b1b76f038533d-6500.manifest
created: f/d/a8c452abd920553f3826d011fc0aec-7348.manifest
created: 6/a/39aee9349ae79a5d0b174c3e4887a0-7677.manifest
created: 6/1/18ec5d3754d5f975cf9d1ef4c9b2be-3129305.o
created: 9/9/634a2ff3b65e1e1517a1fdd91b00f8-16439.manifest
created: 5/6/66f022cfacad5aede910cb2d23785d-27559.manifest
created: d/0/e5b0e8e603dd8068309ea301049865-3031.manifest
created: 2/9/d2c7ecc56ea385805926404544f516-6573727.o
created: a/5/2ca28439795db6968e6dc5228a1664-1835.manifest
created: a/c/da3a9ff99a8645d20b342fe875759a-13146.manifest
created: b/2/272d696a8826c4a52e6d82bf3ffafb-4970908.o
created: 7/9/052b8604dd379036e637e4df4de0bf-8662.manifest
created: 6/5/d886398be160464b92974acdcd0f8c-3506367.o
created: 0/5/7b1792330711a8670c040942e5c0fa-31223.manifest
created: 6/1/3ac54ea613e4f25aa87464c9fa8a27-6254.manifest
created: d/3/58280f3ced36a62fc9ec39ede1161a-3101463.o
created: f/1/31139721e75bfb50d62ec4bfc40edf-3895.manifest
created: 1/4/f44a8bae8a1c348e30c85c793ea78a-3983.manifest
created: 7/2/918f905810fd601ee49a971a14f0e2-6761043.o
created: 8/7/deffa8462354e34f05cae2e41ddb18-6284339.o
created: b/0/78a683040bf26f79ea7c14f427bbde-8034.manifest
created: 2/6/b5e65b9ab8bb63a7bff8256d02dcf3-297187.o
created: 7/d/19a7de9aa0b977d4d9823825204705-2855435.manifest
created: c/8/8803ea3f378c6467ccfb8309f58cfb-4840397.o
created: e/5/13b594a871bf8e01b18bdefa483499-2574286.o
created: 9/c/17b7458037e93ce3e9838db65140d9-2899863.o
created: 4/8/69832a740af9cd4f5d57b396a3caa2-2763847.o
created: 1/1/ea66044930ad9c2643f2b902e11c5e-5707.manifest
created: c/a/a8e878d2953529123cba9855584f03-3072.manifest
created: d/a/66a4ce3da7dc706a040eef78b32d86-4871000.o
created: 3/d/1d598f17c4f0183356ed337298b591-2899966.o
created: 4/4/db0b280ac0603054f7bee12f38ed14-8719.manifest
created: 7/9/437617e0337c76c50fa39a510962fc-2829525.o
created: a/c/f165d7d5cfc65a63257a632f1cbf52-6688.manifest
created: a/2/6c63e108d9c13aa8252ee01d9b5584-8387.manifest
created: b/7/67e37fd731c08c091de58894c8e38c-1582.manifest
created: 1/4/ac65be5ef16ac6478fd92073d95575-2870622.o
created: 2/7/7237d64b7b98f913028d725a510cbb-3019148.o
created: e/f/56c24fda840d50e144db6d457d18cb-6072221.o
created: 4/f/5bb9be33bc6a33a3049e4f532ec5ad-18935.manifest
created: 3/8/51682db852ef68c3eafe4275e814c2-27451.manifest
created: 5/9/9b387cedc89a8e450e13e85281c0d1-80456.manifest
created: 8/3/89c104e512a1a7956046b442c65067-1399.manifest
created: d/e/05d1b45ef47936034a78df0b05e41a-4488937.o
created: 2/e/e5bb9b710e05670d057d11d375009b-9541.manifest
created: 5/9/473917f79b228cf6f4993e66a01380-2189.manifest
created: 7/d/71460507cf49e21cf90272dae8f038-3119692.o
created: 0/e/ed84ea53f7cfc498c63bb6fe7a8494-2091464.o
created: 2/9/b3a28ca11c40273665975eea370f6e-5860.manifest
created: 0/4/d0652bf51e405cd23f23f8ef184b98-3134255.o
created: 6/4/47b20119cdba54e098136feb10c368-9841.manifest
created: f/6/ab6b0ec5796eb4e539e54a3c380ad7-6252577.o
created: 8/c/94d5154c94997a3f9199b62c4df9b1-6912.manifest
created: 9/6/29cb1e0511740d5f1666f494e8ff9a-2089.manifest
created: a/8/b8b30813515a2da5ad76a674137805-4511.manifest
created: b/6/dc56be961be6b2e8c37544694271c8-305077.o
created: b/8/f2f47e2b84f100b469f1a30295d505-4911528.o
created: 9/b/ee126db1ed783744488295803a6e08-1283.o
created: e/8/a1722f4195ada6de4eb7694626b5b9-4425643.o
modified: 2/stats
created: d/d/20b0052080c3572d1aa0dcb1f37a5c-9360.manifest
created: c/c/d2af6dce2a33f58a54d7813d0a5381-1407.manifest
created: 9/1/8d89bae83450001ea1cbf9ce0e5ec5-5624.manifest
created: d/4/121934f438d49c9f9814aa4cf95a64-9743.manifest
created: a/f/3de838619834e992e7aa4f11d4b2ba-3361205.o
modified: 3/stats
created: d/1/5b15289b337a095ad5f142c3b4ca4c-2835068.o
created: 3/6/df525c16ed3448a54f8f2beb37d43e-9348.manifest
created: c/b/64db776b6748d31567bd3b8706dba1-3948.manifest
created: e/7/dcb869ac20c281ab64d9065539cdb3-412.o
created: 6/7/39cd841cc791290280335e7e7f550d-5593.manifest
created: c/b/9613a3ac9f88772cf7246fdc471171-6669524.o
created: e/8/f2bb315712636e69b657882012b56d-8430.manifest
created: b/3/a48a8acbb3c8f0c0dbbd38c9f99341-5574.manifest
created: b/e/9f6f7f94343029ce757599ba81f14f-2113094.o
created: e/9/205560d049be63ae7d4bd78bbce16c-5031847.o
created: 3/3/22b3e0a1ee3775090000217f8652f5-1592142.o
created: 3/6/a960aadde494ff7c29392ef5c5999b-7649857.o
created: c/5/989eebd94a47491ffb71db5a09100a-31229.manifest
created: 9/6/3c8045ac9bf3a633cd0120cf11dfca-2376826.o
created: 0/1/f3f2025cfa331b79c7dc7946dd8f7b-49579.manifest
created: 3/a/f11e8d13223d6ddb8b2f64f65ca2cf-4455.manifest
created: a/1/ab738d52ba6c6b254e0a4d348c3c60-11420.manifest
created: a/9/92528e5101788cf3d6591cb3a40085-13163.manifest
created: 5/3/34507b60a51d55b317ba3702c3a1dc-3036523.o
created: a/7/8103266396bf49a1a4d6ab82421c19-4863427.o
created: b/0/8e5bf9ef6e4c351e51ad3d5bb8f19d-88754.manifest
modified: d/stats
created: a/5/67ac2eb7ff81c3ec78c9a2f6b370f8-275740.manifest
created: 8/4/bde7b6e86cab2bbb615ff815e528b1-12696.manifest
created: f/c/0f9f147b7b4818e652ea1048d9dd15-4792829.o
created: 1/a/813f15ef1e1fc3880f6a1627d71352-10051.manifest
created: d/f/204f0ebe77f35b003ce9b627f326b9-1601533.o
created: 7/1/3ccfd8413680646ce745e4517f1c94-1396.manifest
created: 6/2/e703551dfd26e0b203d731778c4a61-4454677.o
created: 4/7/afb056eb3f48e8638d3d9dd36fbd37-8468.manifest
created: f/1/82b96a50d3495b77a92805be982669-1607869.o
created: 0/c/1defb0a743ba3a509489dd9ad976f6-1341671.o
created: c/c/353be8d85fd5249636c15809e6d68c-1402972.o
created: 9/1/5287095f73503546ab3f313fd8df6a-23787.manifest
created: d/3/e4b7c294e0b8f9ea9bc9189c3d0167-2101848.o
created: 9/8/fa6e5554d3519746b0238ccfc165c1-2663762.o
modified: a/stats
created: 4/f/ffe4d3dddd7ec1458bda35c7aa9503-28836.manifest
created: 4/7/2a621e155c58f167bdcd0dde42d31f-4152849.o
created: 1/7/44387d493f8a04c414542e23021729-323804.o
created: 3/6/605a5a8fa990ae88b720ec2c2e0803-1575.manifest
created: a/f/57997ec4b53878bf6ed35b962355bd-32911.manifest
created: c/1/2ac720651793edf9135cf042c6ea39-1333470.o
created: a/a/f02c8246d76a00618354e9b40ba499-4484618.o
created: 2/0/33c8000be051c24677b0a45f0b5c4d-2337807.o
created: 0/2/3d74589a3d5d24f793c6a3d0c607fd-5650.manifest
created: 6/6/c80e58a2aca2ac6e412be1070db479-11210.manifest
created: 7/3/559c5035df385417fdc53497ace045-24945.manifest
created: 9/d/2c99e9ed50274824d9fdc37320fb0a-2929810.o
created: c/3/292702ccf2aad3ef436d3762d000e6-33385.manifest
created: e/6/1cd197c1bb79729a5f85bdddd9bbb9-3624.manifest
created: 7/f/4e781bd3f238b837cd52ea84a81684-22209.manifest
created: 8/7/13babc9f4d8a9a545f6264b847df81-4757748.o
created: a/c/0ee13777a4e29da79298a295288ab4-9824.manifest
created: d/e/ce72347d44a746b67cb13b1dc6e234-9380.manifest
created: d/0/edf4edc86ead85bcb61e67d084a905-2032238.o
created: c/5/31423218543fe17bc8a222d25083a9-52190.manifest
created: 0/e/78abf304b0d333598301dff1981e49-5620368.o
created: 2/2/6b0d3ab11c3894a4d0a12682b53b59-11381.manifest
created: 2/6/fc9b631cb1b8394da853e558dddea8-2418477.o
created: f/8/e8b65c3db60d4733a1231dc268c206-3561.manifest
created: e/2/d388dd8319ba8cbd595976e27b30da-18303.manifest
created: e/4/f31fb1769de2d73e88a5f5001e3148-2341.manifest
created: c/6/837aebcccbcb8721f550a446ab77d2-23410.manifest
created: f/e/77301a7c66b91370d2ab57c0ccf672-4765693.o
created: 0/6/d8e3b8326d29e20481806c01a9bbdc-2970673.o
created: 7/7/916195d468d89c3d84ad0e616f433a-17704740.o
created: 8/0/aa097b90f5578046752f517e95def3-4208.manifest
created: 0/e/8b6d3cdfe90109dd1166764c203365-3196239.o
created: 6/6/6c7b5e9f45b79a57d7ef4a34c03434-1369657.o
created: c/e/49d54855289fa01335b15750204165-2797513.o
created: a/3/eb4aab12fb6bb7849d54a62efbdc8d-4428.manifest
created: 8/4/e91b665ea819060d4cf0809d6c7920-3174109.o
created: 5/f/44ef578561dc43cc7b4329c6ae8b97-3276862.o
created: c/5/cb17d0f5f88e0be5abe6e4b82c6dcf-1484.manifest
created: 3/6/690b03d5339f4b499386f0b0f8277b-28115.manifest
created: e/6/4a615c1f9007014e8ae74b1eee47d5-1376664.o
created: a/6/f6b73a37fd3268937b0061ddaa679e-3918.manifest
created: a/a/a31786d2001c7f2d63ae81a410b275-5934.manifest
created: f/f/435bbb3a8d51cd1ebc1520fe5ad2da-17739.manifest
created: f/4/4857728d18a371a297be7dbd833798-3503.manifest
created: 2/1/e9468d79ffbd5f30acf27064c9106c-2527013.o
created: 8/d/4b45ff4229a9cbe0e1dbaa973805b1-2797585.o
created: 8/4/a3a974b76c3d2048a2ff0ae9bfc5f5-3299994.o
created: f/8/338a5efd37f97ca04794c6210f7783-105209.o
created: 5/e/da3eea44bf95e5250cb8a8983cac93-12380.manifest
created: 7/f/65690fc7976c142c2393315f455c0f-1372146.o
created: 5/8/6e016a225555e65c4a30bf1566f44c-9800.manifest
created: 9/1/10af215aac72c896425ea35799dafa-4722011.o
created: d/d/8732dbabaf9469454bd8af12f0cad8-4231.manifest
created: 6/c/9130cb37e5dba9059ec4570c271663-3078.manifest
created: a/6/348682706d45448c63ef7fbed4a8bc-2548072.o
created: 1/0/7bbf1e6171a1ef09e3d47161056b93-3027732.o
created: c/f/f0b676ea28ac73ee1d3dcc45c9430d-7907.manifest
created: d/6/e28c5d31d83b914e7eee2706960817-7484466.o
created: 5/7/99a7ddfee30ec456968ff1c57ee7a5-1818049.o
created: 4/c/06f966f55761768fea65a6af8ec938-1543930.o
created: 5/a/8ceaf3b12752b3918553fc2e4b35db-49403.manifest
created: c/4/7a06d9ea4ff755b118351a12466946-4848873.o
created: 0/4/e9488e1f97e1c712e4ddeecd35042a-1939689.o
created: 9/2/c6c3b13b9f2e44eaf0ec9b5d2ced19-3093732.o
created: 5/9/58f2e3062d580f2522f897f7afa82e-6825.manifest
created: 5/3/bacdfb5282e9c71f3c2f394a13e603-11650.manifest
modified: f/stats
created: 1/7/e9b621306504152e9ee9f168418870-2003.manifest
created: 1/b/339640ecf6e73b12d512feb9d02e59-1777.manifest
created: b/1/4c57b07980fd177787d36edb9f6403-17327.manifest
created: 3/b/959e61b235bb005a82d32a1ff1fb37-2909786.o
created: a/f/d5e809d899500bcb4e58bb03af6071-3185463.o
created: 5/0/67918a68250a16b5413a3c19ef5524-99813.manifest
created: 1/c/3b4453f8547b34698d2136832f2870-4264.manifest
created: 1/6/1a6f67bc00383f4501a5e98fee7fc0-2676.manifest
created: b/1/78d7c623cf2d2e8e8fe1eb3ae7c5ac-2951754.o
created: e/c/50290f359c30cdea3d038dac7fe47e-2459.manifest
created: 6/0/6e8d15ac03c5f7548862ee991ce287-2191569.o
created: b/7/1b331710bc4a3a1a8d888db0e26e19-1402097.o
created: 7/6/4474cf70dceb90a4edadd75ebfdade-1334129.o
created: f/1/136f4666062b01d99813fdb5853c64-1335509.o
created: 2/d/7b81e5e92adeba1ea2cb4bced0ba1b-1495.manifest
created: a/f/5a9be8b008c0d53cc127baa690af1a-4492.manifest
created: e/f/78de8700dc1e5207de3fe084d434d4-13653.manifest
created: 1/9/57a821ea05885ee610b6cd9d1d3f10-3321.manifest
created: c/c/c66c15e4fb7355444f7d3b73ba6872-289949.o
created: a/c/1488d482ec7de52e757e09ed251751-2782139.o
created: 2/3/73627e3ebd002a0511cefeb9585247-13646.manifest
created: 7/b/35e2b6267f1ee35c6fc956fc6e3470-113611.manifest
created: 7/0/9f6bb694c963d9ca3603f40db7cbec-4489531.o
created: a/c/577265083a23fbb6afe5090ca9468d-5504.manifest
created: d/0/3a074a1e7a6af0312fc96e03bff0cb-11984.manifest
created: e/9/e2093c86c39742b18d6ba03b14833e-3039.manifest
created: a/e/a93a53122dbf9c8baa1117d2f0aedc-4509802.o
created: 0/1/ab6cbbdf4614c4fc33be294c6b8989-7810.manifest
created: 9/a/f43dfba72e5971f06ee4708c0812ab-3937004.o
modified: 8/stats
created: 2/9/46add9d5f60c43a040cb72879e3b15-43577.manifest
created: 7/2/5a26fbc31216c967e36586f8bed084-3825427.o
created: b/c/c67cfcb98e73d1c7365cb2f17b9ef9-1928.manifest
created: f/9/e153096342df87c4888ae843c09a84-3136603.o
created: e/4/fd05c3334e9d44efd44e248af3232f-6590.manifest
created: a/8/4322638ca5d10ecdf5a6f67e8eb29b-12254.manifest
created: 7/4/4c210d240b0c7e858f50f813d61fda-4075537.o
created: d/a/04b42f2559608f97309e999c6cd07b-2538163.o
created: 8/1/36cc885e2252ee3f7e3f75d4ee55fe-58177.manifest
created: 8/d/6c3923ad0d84a58733054aa45a55bd-3350477.o
created: c/0/abbd9dfaf0e08e41dc64516b5a71f6-2495196.o
created: 1/6/02c0d696c1e77b3e576f5dafc44dbf-1469.manifest
created: e/9/a906d135a5439d3a3185ed43636eba-1942.manifest
created: a/b/9cef21006b9a99fdda4c44b55e00c8-3091211.o
created: d/e/6d60454a0ec5630647501e261fe2d9-3072092.o
created: e/2/833dbb85d5a24b6c800f0b112b5dcf-2049966.o
created: b/f/9f2ddfdc05509c48ece3e5cfb9f2bd-7209.manifest
created: 8/d/2c8dfee27e8638c48a01f8e3b65357-7717.manifest
created: 5/9/6b8de40907f256583a4e621c2bd1bc-1879931.o
created: 7/8/84d0af2695cd871d823b0e7fc1a176-2453.manifest
created: e/d/c7c10a178fb36f620fa479811e380e-16259.manifest
created: 5/4/6bfae58ddf2b0697fc23080a36f959-3089083.o
created: d/7/1c3cc8e2d4bb47e20277c8fc5245e3-3090172.o
created: 5/0/a20af79cfc784c72dfad334d0fdb1c-3110219.o
created: 9/c/1b511be2a8c85d6ec06898cba2fcf7-1540658.o
created: 0/c/b23a6b2154eb4b6607232304f389a9-4549.manifest
created: b/4/def8157f00110f00bac7281188ee9d-4958137.o
created: 1/5/0c6ac7c729b15b7aca06d0d3f18cae-18040.manifest
created: f/5/b9086bbf97d760e179f7f96cd896eb-5029197.o
created: 9/1/ccd5614959d491e50297aab82d1b6c-4709.manifest
created: d/0/dcbd555b8be2dece3d585e4b41d9d1-6787700.o
created: 6/0/19f9d4f6528e3206f7e0c0c7ed025e-5520.manifest
created: 8/0/99055c21fc2c1eb233c0497b1051ed-2576727.o
created: 0/d/8f5f94b4912b583dc2fc3d86763ec7-4205.manifest
created: 5/a/bd7116acd92852e4fd9e9560cca716-5003525.o
created: 6/b/3b04d72dfc3a5cf3d65efeb5d198f5-3303500.o
created: b/a/c228532886caf5b52c7bcd1a8aecbb-6969.manifest
created: 8/e/6dd4d550609b36cd47858c09c0e52e-2474974.o
created: a/d/4000e0a64850dd8630f989a02567f4-12947.manifest
created: b/e/48028740983d3c780a490f2d0d6417-7013.manifest
created: e/7/e1bbf168db765c963989d2be603f87-3255546.o
created: e/3/8dd214eeae0e02d27a1e6dbec28b2a-4537300.o
modified: e/stats
created: d/1/a6432a0c41c011cf715e23e3fca0a9-4467131.o
created: 2/4/e508de298192a1b0385973b4374f2b-3004727.o
created: 6/d/b53070e2d3a405d6e4c99fbdc88819-2817838.o
created: f/a/6efb06d876a09fb44d3c599ba46d1b-4952652.o
created: 7/7/659fbb6ce27d004629e02856c10089-24473.manifest
created: 0/9/1456a84eb6736c0accdad699581aff-5789.manifest
created: 1/1/85921b9d698341b9dd55b4f9472511-3332.manifest
created: 8/6/d86fdd805fdf130d168f458f5f58d8-3048183.o
created: d/c/0ec2b67a958b7d6a24f66a7a413e12-11149.manifest
created: c/2/39c3b2629c90e5d110f267eebebc31-102133.manifest
created: b/0/a29b557f6079de3f08809a99ef1c15-4713.manifest
created: c/3/f80bc07966790413fb8e326c3f9f75-2695318.o
created: 0/f/186f8e9cfa0393b28aced11a56333b-6045.manifest
created: 9/5/3fd61b661ae479f3a60eff73f3568c-6884.manifest
created: a/5/b8cab185d22969f4fb27a4dcc01fee-3002631.o
created: f/4/18c6dc8c59125f5e1cb1298f8297b2-1603191.o
created: 5/3/942807582fdca4b916a880df1b1fd7-4670.manifest
created: 6/1/4d4841308ddee81fede4b195363d28-9944.manifest
created: 9/9/f8f53b28642576947ce6d36b7122b0-1486.manifest
created: c/4/bbcd439dcef620dc877ccfdee03343-1916043.o
created: 7/6/b1fc273049adeeca895a2cf2d3add1-5160294.o
created: 8/6/ef3e0380b9189ff9303f8507715dd1-4537383.o
created: 4/7/da460e9ed31421c551347512192031-4472923.o
created: a/2/adad021ecac653bebef43801cabe27-16421.manifest
created: e/a/3b638d37056952e2d0077533000fda-4128.manifest
created: a/8/9fe86e995b42b93367dc80b9adee04-10425.manifest
created: c/6/60c1c30cea04fb6d1a7b01bf991c35-4500014.o
created: 9/e/669fe06dd9b1f75cd1c3b9b01f7b99-2008.manifest
created: b/7/9f0bb65dbc7b3eee3e4175f1a39e69-35730.manifest
created: 9/f/7814e878e37c17065a50d0d6b1972c-34049.manifest
created: 2/b/8695d464e4623210324fddd55b54d3-20824.manifest
created: f/6/d94d5d183a16ef23611138a16cf090-5929.manifest
created: 4/7/bfef882d1e9877d27004a3bb0f5d66-2992046.o
created: a/1/1a31cb23c7e0f5605882d87aa72065-3056856.o
created: 2/c/f685648b4e255a0962b4543a0989dd-1984393.o
created: 6/c/5e6c43facdea202306da1baa888f71-11963.manifest
created: 1/d/8f2d915094f70d111608bd8559d0f8-4441513.o
created: e/4/a4b4574190d2b5d655993b73b3308e-4942510.o
created: 5/5/a5c73cb30c580e3ed57c92c2f91e40-6850.manifest
created: 8/f/6e9bb49863dabe525397855c8383d1-4471790.o
created: 5/a/592ae74c9940ed1cd80dc9bee3907f-8608.manifest
created: 7/b/aaee1471a5bdeff61aed8f80c30a17-2023308.o
created: 9/b/56841e7d641acce20f7f8b8fcd4588-4944232.o
created: 5/1/e07fa2ebe2cfdc2ec89b90c7707cc4-3166749.o
created: c/1/87719b9a5cd4b8a8e08298bf546673-1346933.o
created: b/1/9bfb52f1dccdf1d2fb8d59271274b6-12949.manifest
created: d/5/28c7e69c5ae4e00cf9d8a83ec4ff3b-5348.manifest
created: 1/b/29a721c4e297b91d173d7cc0e5a4f3-10595.manifest
created: 5/3/1b990109ff91eb828ad230c4d0d9a2-9438.manifest
created: 1/a/648888a8e4d60a7d6569fd0a2dc2ff-1662449.o
created: 3/c/8bfe06e370ac898280148033f0b275-5062885.o
created: e/8/af9274f32b72c1ff3f8d0eba04a2c4-4637715.o
created: b/e/67781a5d2a44d38e10d79dc23795de-1845.manifest
created: 6/f/f0a08f408f759e73ca13b8b0f5e235-5372.manifest
created: 8/0/3b538f4ad4727ab71f383d7ea3f963-2299821.o
created: 9/4/f83c07f89910b6b224e5c21eb5f6be-13300.manifest
created: f/9/21d5f5019c4df5438406c08e69a5c5-5373.manifest
created: a/5/92a01ade25352ada9ccb0cfb3fa4a5-18123.manifest
created: 2/7/2cfb51dcd9d7fe8d06f703d50edb8a-2490927.o
created: 4/f/6f3786a5ff32241357ec7ec11eccaf-30845.manifest
created: 8/b/ade2d3f50b1f756f66cf6b709f96fd-10008.manifest
created: e/d/91ebcc9af764e4282c28b2bb8e445d-1567.manifest
created: f/a/f18c1c48b099063cd0f408214a5af6-1398219.o
created: 7/0/a82e1f365861d40e4621bf8f50bb9e-1587795.o
created: a/c/7df4994be2fdc52b978297185e5374-1544.manifest
created: e/9/8c60a6b7caaeedc20096e0abb3833c-3025187.o
created: e/5/8a9ccbd19b142aebd0fc1b2030b601-1395186.o
created: a/0/11af17c83b7d46ecf8771833718a19-6318.manifest
created: 3/1/71784e3f9c68c924ebabc9891bb480-7117998.o
created: 4/9/40584e588134d84edfc7a05f38286e-15082.manifest
created: 8/7/37167288ee7178ef2642250b8a5b2e-14457.manifest
created: b/b/274925b476a3c1e867b638f255ab41-4706991.o
created: 9/3/c0c4cc32259abca2e4cff4d8bc6e8e-1841.manifest
created: b/a/807bedd0b9c26a3a0774888c10c784-10720.manifest
created: 8/7/2848b37de4caab839079b0c62049ec-18480.manifest
created: 3/2/f3641dd922841f5b1919b0720f37f9-1535010.o
modified: 6/stats
created: b/1/0a6724cf3035d577a31eaa8f9e1860-1594501.o
created: f/7/36bfc2677e33230e0469512e91b8dc-6560582.o
modified: 0/stats
created: 0/d/04551fc7db6fb2c89cf640a5efef7d-31723.manifest
created: f/6/6867773c930678e43c2797193d870a-2798950.o
created: 3/6/eda723c5666f03e2ee32e2ee2d655f-3410.manifest
created: b/1/48f914c7237aef044a898a6cd76487-2421.manifest
created: 0/c/1f4c6055da039b7738ed81b113948a-3498.manifest
created: e/d/75f1b01fb27d2f72e6abb1ba09da93-5045193.o
created: b/b/73ded7b4c17657cdc6f19612dd0f31-15852.manifest
created: b/b/59a39fab9d738bd899eff49dd3949f-12335.manifest
created: 7/6/8182ec45c590ac6bf2d3486a93c06c-6153394.o
created: f/e/356079d4e77bc856cd59c6db75e840-6576.manifest
created: 9/5/b271acddefe9bdcc367f8b5f1b60a2-3114124.o
created: 6/8/56fd698715e9094bb560bb39f2724f-12790.manifest
created: b/b/b9d6936681424239a83944bd0baec6-1839460.o
created: 5/0/2cbb2c7faea7157a1f1a21d5986357-7405258.o
created: 1/4/66e83e7e5a1cc660e5c94245d506c3-7555.manifest
created: 6/8/4054dbb2cfc4a662f34822b5db5e6c-1848164.o
created: 8/0/353f0eb078161c7196300d7f9e460f-2896730.o
created: 4/c/c18d264d6df4b9d9963cad63e6025e-5768.manifest
created: 6/6/f44e55eb36690c64f107fa0997545c-3506541.o
created: 0/2/ccf644c2d7e706f7efcbf27a4d0308-14361.manifest
created: 0/8/092474b794f61d652e2ac224d0c4c9-1487.manifest
created: a/2/5d0bb543dd04850046dbf681a4b001-1645079.o
created: 5/e/df1be05a4048af6ee18ead6a983cad-10876.manifest
created: e/5/402d6f441eaa7663dc7bc4006b1eed-4973504.o
created: 3/a/f9f10ac8d18a97fa2b44f89f2613ba-6135.manifest
created: e/4/e0ece548f83cac2becc7077a26d62e-2399.manifest
created: 6/d/fb6df8d3c4a79fae46cd9ba261c91d-1661.manifest
created: 7/e/382ec68cca221fc60fb78120211024-8171.manifest
created: f/0/900b045e78af0307d0923e765d7888-5003429.o
created: c/e/7954df0e01a37ec28fbb0ba990ffb5-13292.manifest
created: 4/b/e2024a936585355b8a9a77a120e658-6148370.o
created: 5/e/bcce104a9bf4012799f96e238094dc-4605222.o
created: 9/9/3d0804780ad2eeca59e1b16a5334b9-4876.manifest
created: c/1/ac39f803112d579d15cc298f1e31ca-6736.manifest
created: f/5/b97a7047b1feb987cf9c3d2007df0b-4968786.o
modified: 9/stats
created: b/b/155b38035b0c6bb36f294427cf760e-2451668.o
created: d/7/4faa46605c4dce59a1167bfd879635-2897064.o
created: 2/a/5c2442cf11525a8f9ecc51b9cbe0dc-5390.manifest
created: 8/c/334de8304746fd1a5fb7d9722d1193-6536.manifest
created: 5/b/e33892d911a2536d3e6630a11da59f-9521.manifest
created: e/d/650782817ff8d13d1423a53a044f91-11853.manifest
created: f/c/e9188b705505e74e30eea0ed148142-4768096.o
created: 3/4/a167e58dbe65e1ece2b0637c59e116-2904786.o
created: 9/5/fe5c3f23a0d060367701a0b431003f-2158842.o
created: d/4/b5046807b1155043b22d6fdab9d7d5-4733342.o
created: 4/a/8250d56ebfc78b39b6e2cdc826a83c-4802124.o
created: 6/9/8f323acab93a87c2d5f11529b01a96-3099227.o
created: 9/2/933af47ab60ffd2ddff87c3389a09d-2989232.o
created: 7/0/46d19f52b2c79cf6aa78c0a49e09eb-3798919.o
created: 8/8/0b6a9e74fb586e5383e0b6ae58ccd6-2728.manifest
created: 6/6/e606638bdd7eb03ee035d561c90f44-3504.manifest
created: b/b/d2d67f44b95241615355c55bf68a2f-49918.manifest
created: 7/d/d61113e78ddd4bd5e1a869b6a52459-4525595.o
created: a/5/8d0fcc5913f428e48bd192cee8cc64-6432.manifest
created: 0/b/9349c443f42906c20316d4c3e776c2-3961.manifest
created: 9/2/a1dd13c18cbaa54011897ef11e4f3e-13674.manifest
created: f/7/9aef809db4f1bdb13a5135c5049fd2-2322.manifest
created: a/7/7a138e32f9c93ccd2f4cb65bbef3a0-7697.manifest
created: d/0/c50c35c87194a94508160259050a5f-29733.manifest
created: 0/d/0de740d1459cc7f827564e18b1f0e1-3009796.o
created: 8/b/984c206bc15ed483823949242c6412-4970123.o
created: e/a/5fe48b38421853e41237905dd556da-30100.manifest
created: 1/9/b6565a621c9dca5c3802a623b4cdcc-5123947.o
created: 1/4/cd42615664934b8d60d60aea3433fa-17959.manifest
created: 3/2/d4a90fceb11f58d29bdf48c7dac443-1610974.o
created: 8/5/cc2854b4b05166678df023dff914c7-2773876.o
created: 6/1/8a4b196b75a34d952a5fa821d67d2b-1785.manifest
created: c/3/0673bcbcfd09db9a5662132b7347bc-4918.manifest
created: f/9/adc155550f8c8d4b18c7108b2b12c3-1612775.o
created: 7/e/4fb50aa6589f3df1fe85ff5bd79e06-43312.manifest
created: 3/b/ab708889c1f94c90e9154e2268b5e2-7132732.o
created: c/e/4cf33baadb278dfc4a20995715d0da-19011.manifest
created: 4/1/9579b9dbac2c2d4836600a49060b57-3728866.o
created: f/c/f793d9bebbcebc5df9b099543f0ce0-6243.manifest
created: 9/0/92ac46be9e2d27de07fcc5c272086f-1729.manifest
created: c/d/ec119806b2197220ba91964cd34da7-2771016.o
created: 4/7/69550f505802724c4c00efbb14ac4d-1897623.o
created: 7/2/59bef8346bd669ec0b1aae4f5aae36-18325.manifest
created: c/a/8157c841c671199dfe51b170ffc859-3139050.o
created: a/f/c01047836ec0460401b11d5959ab63-5096.manifest
created: d/1/63baf04673947476e68f7a8faa8353-2699102.o
created: 1/4/79ce6b8e7e56afb3af1235592b4e76-7349.manifest
created: 0/8/6c0cc802bc78e244b303373a62a1c2-9078.manifest
created: 6/8/dccddbc1277a44a53805f6194b0469-2843639.o
created: 5/a/2452ddd15f4cb798e55c2c6ce83849-1435.manifest
created: c/3/c626e7f4c441c82dd0ac34138b4c86-1599612.o
created: 5/8/50a99af52b0c2ba0cf9427956f7423-4904362.o
created: b/f/4e8a1fbeed77901a0a67385bd10a64-8935.manifest
created: 1/2/deac271432f7c90b39e6e2ed94d3b3-2459986.o
created: a/5/f44624106b591ff2ac26ece056ba52-4427.manifest
created: c/c/c81b164cb7b36a1dc8e88bc54a575d-1834768.o
created: f/6/be281d9dcc1b2de9441d96ffe58e84-2902459.o
created: c/8/0a6faa02ee9802704af5b26e55d028-4438153.o
created: 7/c/948f75fc42c76560513d26b53518ed-6869.manifest
created: f/c/73b47c9f99cc6e9cd61b5ecf0182fb-4726354.o
created: 1/2/c8b30122c1245177bf5c565b18d74d-1395012.o
created: a/7/6788dddcaa01d88cd1683f27ddb02b-4571262.o
created: 6/9/77e28920b63101d479ea274e243346-5002815.o
created: a/1/27c2090356de83cf1a580ed203eed0-3271382.o
created: c/9/a4e3dad831e22c3b21e9fb28bd8b86-11528.manifest
created: c/2/d91e95c5c805c218c839d39a8aaca2-1497.manifest
created: 7/2/261b3eb3528b067bd5186e7fc7e543-2765000.o
created: c/5/b6ee2390e8bd9171ba1a1d30eee0f1-3235753.o
created: b/3/6825395f87d42b2724bb0f2d2d1392-3265795.o
created: 1/e/379debbd0d94d83da4877b68dc8299-2537459.o
created: a/3/9b4dd9d0d1a60cc700c05bff0dcaf7-20125.manifest
created: 1/3/905cbe87270cdba34231eb3ed850ed-4502527.o
created: 6/c/191f2542ee3828ac7a681aa4dbdf30-100444.manifest
created: 7/a/3693912b3e1e3a1ccc6d85a47e7cba-14712.manifest
modified: c/stats
created: 9/8/ede1a6317be5fa22a8463321dd6ab4-2898943.o
created: 3/4/b7e021791d333931b1a142a66be86e-1912.manifest
created: 3/2/51b173f5c04bbd6fd83adcde991524-289682.o
created: 4/4/c4c78ea00eca67ffc0123e6b742d0f-5719.manifest
created: 1/e/317c2bbaad1f282a12781b88bb02ca-2280.manifest
created: a/4/187a6b263b18299326f74bc8f51257-4545874.o
created: 6/a/d16a3a3eb253d94d06a3b094257fa2-1338917.o
created: 8/1/acf86bc614949d039cb040b1cbe6e2-2010.manifest
created: c/7/178d211d6ddfa29189bb1491bf95ec-4907.manifest
created: 4/1/7352a1fee84992f6f858ddaa8e8e6c-303565.o
created: 9/2/c7f368a02a8c93efa65bbfb1e902bf-11668.manifest
created: d/1/0e3534fb25fa7b4a82f3fd3ff6a0f4-4467390.o
created: 9/5/8aa1525a1bee49812dfc801a569348-3307205.o
created: 1/2/553155886c1b7a98e39f7088ab2b51-3077332.o
created: 6/5/2a0b2aa19510e5f5bc3c492b0ec676-3764384.o
created: 6/a/7b9c74fc286f1205dc065c5775aab9-762256.o
created: 7/6/5de4568df3a614f07f831cfa2a02b1-46699.manifest
created: a/f/e4f122c743740d7598f8edbc47ff22-4379795.o
created: 8/2/6b54e69f0510a1f35b0c55c806fc79-2921508.o
created: 5/1/2c2be77c2f667133b0dbe09e1caabd-11239.manifest
created: 7/1/4147c814f700e12a4f62b3246d0def-4672906.o
created: 8/8/7b60723e14780d62ccd2d7936553a9-1773344.o
created: e/4/453321aa8b323c1c1015d83383c452-9101.manifest
created: 2/3/37836e9b0c005f4d8245f1f02d393d-16325.manifest
created: 8/c/33107d651197fdecb166b3f6b9fab1-1582702.o
created: 5/7/8db118397eff44f2c026cd9949b4c2-9171.manifest
created: 7/f/3a7b701e2eae3043b79b35fe627192-7593.manifest
modified: 5/stats
created: 5/1/13d288009e94ddc53b941b13cc137f-4824346.o
created: a/8/8c12f3beb2e729a48a706df2959250-4438260.o
created: f/0/c41493a15cc685949803b3d37c0030-37133.manifest
created: c/3/047cf4447e6a98dcfebddcd658f72c-1527562.o
created: 1/4/be0044e1a23634174d8b7782163654-1600958.o
created: 6/d/843b11d18434fa5b4294fda73435da-2837824.o
created: e/b/879b6c7d32a36fe95ae7f9f08feb32-4031521.o
created: 6/2/66fbcf4dbb4086b27db1b57150f572-4254112.o
created: 6/6/7e3a19abcc1c6c68f67597e9cb02a7-1352825.o
created: f/7/a0013c6d4f805a8ac046036e7b54e5-2628181.o
created: 6/f/82b643b6e16f5e27f3ff7cd1c55e0c-2896576.o
created: 9/b/f9a40049864bdddc39fe4840347db0-19418.manifest
created: 9/1/baf05fefa8551540db2590e563a8c3-4127560.o
created: 2/b/f50b3498374f90c24b42bb60d23e6b-2213730.o
created: d/1/e3579dfd39b8ecfbc05959b7311d16-5009232.o
created: 6/b/b5f241271759b40cf25e9bf577b12b-3996168.o
created: 3/b/a020de9c83931410de53108411f6a7-10512.manifest
created: e/5/0f27b390c324761b39e757047eb907-5721.manifest
created: 9/c/495ff30a172d8159dded8859049307-5692.manifest
created: 8/a/4257c933824b3ce2cc0853c1f919e4-2771532.o
created: b/0/cb81cfcc5735a3fb762c5f5506e6a3-3768787.o
created: e/7/a9b4644fa73a4461727c5ccd491d0b-3614.manifest
created: 7/4/05bedef5af470665b37cbdd4cfd292-5318466.o
created: f/8/d5b0b8373ced9f0f96a2ac5279fa90-2908427.o
created: b/a/bbc8b740b7808b034ec1b0adb11ca6-1581113.o
created: e/a/dd5126458c57cf17a2d796924cafc1-2840.manifest
created: 0/9/6cd650f6942a267cfe342ac43b88cd-3160714.o
created: 2/8/f3a8abdc3c993047dfd70afa0a0007-6032.manifest
created: 3/6/bbbb01ed70c92f11f62b5e93536df7-3368574.o
created: a/0/d26d5b6b407406bc1422c2a4f5298a-2292626.o
created: d/d/c7337d1aa1e07736ff89ccaf165c53-38304.manifest
created: 2/6/39e62b835309c9079e6d76023c3a20-6372909.o
created: 2/c/e8131c7f97bb7a3e0df724073e7e92-3817031.o
created: 6/c/7f65db0339e99da1ac200dc56c1055-3506117.o
created: 0/1/558cfd100ade2dcabaf9290ddc5278-4704436.o
created: 3/6/d04f2dfa64b3f7cb07f074ceec2a3f-1740.manifest
created: 0/8/5ed3609af42fb1abd558a9574c6a3b-6359.manifest
created: 5/9/2e53eb1285544112248c11dc96b2af-11679.manifest
created: b/a/f74efd55c522acf7ef16670cd59437-4934703.o
created: d/2/d7a4bc8fa3a3ebc051b6c1ae8b68ac-5446.manifest
created: f/4/788d9e81ca50690b19f47299b098b7-4774100.o
modified: 4/stats
created: 9/5/fdc53c33eac32a9e68b880c6018f18-2905546.o
created: 3/7/7fb9c439ec58ffd794317a142dab4f-2398.manifest
created: 3/e/4fb5d6cb8a82078e771925719f1a7b-2749207.o
created: 1/4/de68c8849940b38c3695ceac3a5984-2822059.o
created: 2/b/fc327838cbdb592dc38ba0be598f66-1015939.o
created: 8/e/4b875d0fc496e1b59794d843b24707-2004.manifest
created: 3/2/7afe7919bd8263e598fb00fcdf2dcc-2848298.o
created: 1/a/507659726f45efa4f26bc2ed785fce-35835.manifest
created: 0/4/cedcc93d5fb9d542a1db6dc28df3de-4616731.o
modified: b/stats
created: 7/b/f3d86a19641b5748fd4c05a76e7ed1-2327575.o
created: 0/f/589f881cd5ad28281a293fd4652d77-4477854.o
created: f/d/fa8ea549a90b45b5b5f5d170b1c247-2530228.o
created: 7/3/473000917f2ac9b105540b92812be3-1334755.o
created: 9/7/9df997eb9d35f86559434a6c938948-4649259.o
created: c/6/7bf0dbe4e92a52599fc7df7ec7d5b7-17716388.manifest
created: 2/a/56b2f299edacd32225c7f9a55b9590-3951.manifest
created: 6/a/1b0e3b5ec9b03e69205ef6a6cf52f3-262058.o
created: 7/1/fdec14ebdf8171f9f79817762ba280-3432957.o
created: b/6/6211d8eac35f3ed0a32229bb20eb73-8178.manifest
created: 4/3/44808b9d8fac73f34e41a1e025e34c-3127047.o
created: 2/f/25c446e7a5a249540264aa529f9c06-5973.manifest
created: 6/3/a6062bc79a1071e9897c06e2bcc634-8514.manifest
created: 0/a/be7fe40894dc5dc585e5ac700cda08-4664519.o
created: 9/0/e31c1f9b00c41f67a22e70f036fab7-1834.manifest
created: a/8/81c4e5d8e9830a0d1b4e6cee239ecd-2131058.o
created: 7/7/aac3230b9411f6ac84c0f166eee004-2631960.o
created: 5/5/f8b75b6f4ae4e9739f638e94ef0a76-3166228.o
created: 3/8/93a314586368fd79f5534f543b54ad-4033933.o
created: 1/f/5cd8cef16dfa4579bb24f4cbad8a8d-19214.manifest
created: d/f/3251fc30f6f3ab8601664abf0dfc17-6557119.o
created: 1/e/15d2b658d5dfe72e9929b877f00fae-5495249.o
created: a/d/2995b0704656af78391cb4bdb6d94f-5909.manifest
created: 6/b/6b46a41ba7fd8198407b0bfb41af34-4805573.o
created: 6/6/ab07514f4dca6f3831e454603769c2-3251365.o
created: e/d/31ceed64cb595dea99bbe2b0942f35-4034.manifest
created: 2/7/945d8cb8d0c8cc17b334aabdcdcdb6-5507126.o
created: 3/3/034ffa7600df57255fa88245dc232e-2607491.o
created: 1/d/780eb7ac165e2e9b0d7eb1c4e75b37-1336201.o
created: f/3/1cb5cef43840c1e1780e13d967fc68-1394983.o
created: 9/7/8f3a0b220d01c2c13d7108c512247e-3014501.o
created: f/a/7a4a9350eb7ce5202ccb214b1d0ba4-11139.manifest
created: c/e/260538bc1bb5546a0cbe48398a06cd-1337917.o
created: e/b/ab414fc029b107fb19f4b89b6f74ec-21844.manifest
created: 8/b/975097f94251f62fda436f58a6c106-3126404.o
created: 6/5/04fd76fc185f2ea57f6c06ae90b7af-164005.manifest
created: 0/8/2e3e1baabc0d449224a03f7dae64c3-1466.manifest
created: b/f/2be1e0e797271726e255f55b3a1713-5755.manifest
created: 1/7/cd3eb0656af11e9aabb2f22a77a975-1579674.o
created: 0/7/b37e6b8f7bec422151d65097c8e75a-2900948.o
created: c/c/09498b966b7f0af4e20d182f912b8a-4400987.o
created: 8/1/f9a42ada1e735d14af5cdba4169800-7224.manifest
created: 8/b/1b86f538475efc0603488c6059611a-1976.manifest
created: a/3/06eef7157f4ba0ecbb3afe3dfbcebe-2784.manifest
created: 7/5/630f79fb0756865ec7671ea07ae4b2-2878973.o
created: 3/f/df94db21b86266977e220e9dee2d73-94712.manifest
created: 5/b/a0f1365ab2fec6afd89ba18e80da0e-4446789.o
created: 6/1/095907fdfe80cfe5db34d31889c686-2681166.o
created: c/9/9791eae189a1af8de3e1ef6b3571a4-4760.manifest
created: 2/c/4bafdfa1df2f622e756225b7997295-1527065.o
created: c/5/187c5b9851623259e3e94e02897f81-301327.o
created: 1/e/31b75247f6b8c91ca8cdaa6ae3689c-4921958.o
created: 8/8/85badff420081d0c90c34e2d7a4969-10235.manifest
created: a/f/e843a8cd02ae260a257805dff3754f-1144203.o
created: e/1/401994361103096b60d9c7c5acbc49-6799251.o
created: f/5/c666af7f97264ffee693f84cd8cb28-7739.manifest
created: b/b/8a97421b6494d02f63373a9f818cf8-3609.manifest
created: a/1/98977bc7d4d0b549131e297c893fb3-15038.manifest
created: 8/5/9fc159768b47454b48b2ce7d7342bc-5652.manifest
created: 1/2/a4abd69f39b224f03e4e0740b5b288-2898674.o
created: 6/f/18a90fcb5f5c82ddfb6d71239183cc-1808897.o
created: b/4/638020eae6b6b4ca4f407f0ea57756-10968.manifest
created: 4/5/66df3b75b305287d27515c4aeab6e5-51475.manifest
created: e/2/dfddedfd2d7f040a89a8bfa354ba6c-2121724.o
created: d/7/84daf84d43c50d4ea5a9967d479f94-5016609.o
created: f/2/4e9fc9835036b87f0b68080da036dd-33179.manifest
created: d/d/5977c8f59c35998fe9a482da1000ee-2683237.o
created: 0/c/6d6eedcdb00cbff8c7156a6e85c7be-18050.manifest
created: e/7/083f5a053dc552d210f51915e99f09-1414759.o
created: d/0/c2e753da9b814653b0d383ee8bdeda-4810538.o
created: 8/a/0d15c617d125cffe0f520b919cdb61-7401.manifest
created: d/0/6c4cf5ee08acec6396966b09e472c2-303549.o
created: d/e/ef7e21b96ae9ca9c6d5c93dceae745-3131059.o
created: 1/2/8fccc0ac503ca5b57873581a4a86f3-4192.manifest
created: 9/e/5ce47990bc93df4b0d59793ce554e0-2445.manifest
created: 2/4/43acbd25f0af1a33fc38f45754dd82-2783.manifest
created: 1/b/3363362bcb5f4186e58c3869bd5f85-16486.manifest
created: e/b/cecfd1962448c0bf3430f9817e14ff-2902239.o
created: 3/3/7f0635b848dcb828e0a7c7f3ea712a-45411.manifest
created: 7/e/ba6a49d05a3749d57246005d35babe-3306155.o
created: 3/4/1879e77007c0c5937c4401dedda5f0-1835670.o
created: 1/6/e961c59fff1a77a15fdf4c77cbfa75-1792961.o
created: 8/0/eedd25516a16a5cc10ca2053bf8342-8899.manifest
created: e/3/7bd7bb42c5e79bbc86d0b8a66d47ac-87376.manifest
created: e/a/06e199d0b8963cd656f264fb8f1fc0-34579.manifest
created: 5/3/4adcb1e9a2602e54b4e4d7a52776e9-3732.manifest
created: b/4/c4e164069ab4f5bf0e69670365b033-6690.manifest
created: 4/6/9b1b3c3dd207fba9ad323c07261efd-2694306.o
created: 9/b/2a1ba5ae93abb8a6e966c4b1b4e6d3-5765.manifest
created: f/7/db02e7da4de890a951875ffdc8989c-12110.manifest
created: 4/f/09ac013edd9533a8b93d2c0f3bd4f1-5126592.o
created: d/4/deea2b11e881e4feacb9e9636efc0a-1963472.o
created: 9/a/04d31e956ca93efc2eaae5432843f1-1402.manifest
created: 2/6/7fe5684709586bf426fdf075babb09-21104.manifest
created: 5/1/d12bf66fbd88e861507eaa8a9c937b-2729.manifest
created: 6/3/10f4f36c685f030609c1a67ce4be58-3609.manifest
created: c/1/1f232a19d0216d9aeea08242f63554-3235348.o
created: 2/b/cbdf98509f3b1e8f27216c7ed7c596-2038677.o
created: 6/4/6ece79686f52c9f21da895abfb9b09-24854.manifest
created: b/5/9c33f14734524eef9df7ff29905880-1590930.o
created: b/a/c228074ded632c6c898a20543577ce-5555.manifest
created: 5/f/215d6a5f114618c1548884abbabf0e-1715.manifest
created: 1/b/0b3845bb8517c8e9b994687d3ea297-28251.manifest
created: 6/b/2e80be6e5fef76893fd94a590d55f8-3006312.o
created: d/b/5fcb04f3b259fac3df0a5da5f44f0b-22637.manifest
created: b/9/104c264691115b86136431bb13e150-2832289.o
created: 3/9/9a6007de964ef0917ad6407426f726-18552.manifest
created: f/6/d6c48f2613a0fdb5f1e269e07a3c56-6330.manifest
created: d/f/7c4a236d1e184b3674664756d91c41-3257.manifest
created: 4/7/421e65236ee04be9f61ee41aa379c0-7018.manifest
created: 8/3/109b9d3147da123b0735f936dedca1-7803.manifest
created: 1/e/4c1e2ec0a093bcbfb9d0527e7ca81b-5127.manifest
created: b/2/c4e13887c3915c41ed9de6531d18ee-8886.manifest
created: 2/d/3d12252798d32f1ee85c39d272f4b9-9492.manifest
created: 3/4/67ba1b9c23761afb8b216f306ed387-6654385.o
created: b/8/cfc28a5f0d230e3811cbb741a61dfc-4575.manifest
created: 6/d/b87a63b8ff4ff59de9ddc19a00c4f1-6917.manifest
created: b/a/df27dcdace7d10e54956d38092decc-1944158.o
created: 2/8/2dea0e390c25da6b4c976c9ca3d28d-2273588.o
created: 8/8/57d3a755ca6cc2b6d3532fc499792e-6786573.o
created: f/0/ab6650d5a0b37fda16df3e774d43c6-2897006.o
created: c/e/d734283f778edb9820e8b2cd8dc2ea-2056140.o
created: 6/5/8a327f8730fd9a78662c4927d7b907-4719830.o
created: b/9/4f16304c50a8a68a911681f0db0368-2991.manifest
created: f/8/5cbdf9492edf88a2cac7ce836c6fef-39985.manifest
created: 0/a/4dbafa4f234e4fc5a60e7222bd28fa-7780.manifest
created: 6/c/33cbf29fcc5a401526529854b35ec5-7015.manifest
created: a/9/87721b67a27fa3cc07f91d1d4e6bce-5133226.o
created: 7/8/f5874a67e88f2df69a15bdbd455ee7-2002182.o
modified: 1/stats
created: 3/1/1b827dbfee2c8c2760e3a92aa6a408-1782231.o
created: 5/3/779ee136638ab65808b560d8795ef1-1341009.o
created: 7/4/69dc3c8cb41787b8b8e352843ad66c-4126924.o
created: 5/a/b9a4713c693c1304380a37f39842d7-3132651.o
created: 9/0/aa54551af944d08c9fd14e584248a2-7193.manifest
created: e/6/04ccbaa76ba0e163ada5a4fd5b6780-1900500.o
created: f/3/6eba46abb20a983af558e951d8d9d1-4453.manifest
created: d/8/2849ee8b278c8deea045a8c0d9d638-1522595.o
created: 6/5/62296e0fcd81d09eba13931bc18ba0-6445.manifest
created: 9/1/b6ed447d57f6fe33c21d8da0e27d6d-6768.manifest
created: 6/f/47c3d1cdf78fa7c38057c65366e354-5420023.o
created: 7/c/ce8983b6f5f0b7ba80fa3a4631f501-8143.manifest
created: 4/b/84b67b5f280eba7a091f275a07ae53-4764828.o
created: d/8/ff863991c049f6a60ace3f31ab7aa8-10624.manifest
created: 1/1/e53b20d1ef7b364a992aba0e126d68-4505450.o
created: 6/5/6f4a4b1e475de74bbc13e5a24f622e-5574.manifest
created: 5/8/71c0fb1ea272baf28b2fa6b92628ca-4120050.o
created: e/4/574e9ad5430d46fc26227d8147ba80-14222.manifest
created: 6/3/27c2c1c8fe0fd41f2470f96b06c2e3-3398566.o
created: 8/4/e8fedaebba345109dcf8553a9eb81e-2701619.o
created: a/c/ed05125077ccd4806e2b2142affcd6-9025.manifest
created: f/5/66f3c49c2ce66225e386fc588d08f3-2056618.o
created: f/d/62c574d5b7ec82b2fccb9490badb22-1435.manifest
created: d/4/db4187ff692180eeb8805747a9652f-2907.manifest
created: 4/5/89e3272cf0ffba2093ad6eada3430a-4483.manifest
created: a/2/38c8c61bdb3bb9219e064073d03d0b-14610.manifest
created: d/e/5369f8642f0f6e014459b85801c90b-30788.manifest
created: 0/2/a884cbb9ac0cfd8289463d2ec66643-2934.manifest
created: 0/9/256c8b2f035d47e42b5936c3a339db-3995050.o
created: 2/b/882a5ad8817aa4c560127d93d22322-4687.manifest
created: 5/9/0d3df52cd4e8b4d0dc2ea29873198c-5103626.o
created: 8/e/033e4329909bebeafcb742ba6bd258-3305.manifest
created: b/8/ba8f6a82f0a571cb5c73f641740ba8-7661.manifest
created: 5/d/166bb4a62f9ea482780792a680160e-28607.manifest
created: 7/d/3cc793e6a7a653accf62021e0b46bc-4406489.o
created: 2/8/2029d2e285b253f7d2ccdf1084bb7b-2997778.o
created: c/f/620bc8ff43568b61cd972c93c9e662-2580860.o
created: 5/e/fc067f263ad82e67048a03182ac396-16378.manifest
created: f/a/9d79b1bfc63c69dc584916193ec866-3494899.o
created: 2/d/a0c19cd47e357254b797c7abe4d902-103764.manifest
created: a/e/841c7907fd321eadcf29316b3df7ba-6889.manifest
created: 9/6/378d136098793504fc2177105a8ddf-44052.manifest
created: 7/1/096e9845987d2ea49fb958de29abf0-2120614.o
created: a/3/cad10e66b9e83d63c5678235bfd57a-18466.manifest
created: 5/2/e9d38ccfbeb7194abbaf946bf065c1-2988036.o
created: b/c/7a6c03b539e018e65e97d81f10823e-3683119.o
created: 0/7/5e1e12ee119c666196fe8bfc088cf6-66077.manifest
created: 9/6/4b11c7927c83beb25f0411b29393b5-4827.manifest
created: b/8/df2cb870146ac64672842685599bb9-1803689.o
deleted: c/0/97ea08103bb0173f0c61f53ca8b5b9-4757694.o
deleted: e/5/226e3c9a97308ad50099b4e22499e6-27451.manifest
deleted: 6/7/ea2f500be92c07fd01f021dbb13a2b-5003375.o
deleted: 7/e/21e98f475e28cd2f1a7cc9d2e5a826-2398992.o
deleted: 9/0/79b51a2c9fe8e7d4b81ff1f1421c11-4486726.o
deleted: b/a/6a185766796439a00d662516ef9ca6-1835670.o
deleted: 7/d/b5cb82ebb8d4757efbd2004614ea61-13163.manifest
deleted: 7/d/f8cd729fe35836a6f4497d54af1460-164005.manifest
deleted: 7/2/d5139209717083b0ae0a1d9335a996-2055650.o
deleted: 2/8/2224e115aa9db2c9c49e006d48cf71-2848298.o
deleted: 3/1/9a90d050f7b135a51886e3a58afd1d-1487.manifest
deleted: 7/a/1ed1eb16458c52570b8221fdeb8cc1-4840343.o
deleted: f/9/cf7e1fa13067ba6b04801eb7935da8-1399.manifest
deleted: 2/9/a4dda267423df0a4d0f9a23bd8ce38-14610.manifest
deleted: e/2/3353191b2719c9f6bdc1bb8f33fdf1-8899.manifest
deleted: f/6/551a2a209361f7a2e4dc1c2eea481b-11528.manifest
deleted: 0/7/62f10ede81a002feda5b8aabeceeef-3307205.o
deleted: 5/0/802095af1ed84118fa6c0567502f73-1928.manifest
deleted: f/7/169326e62c15973e6e457a4aeeafe1-3996114.o
deleted: f/c/304b18b4308f8927c87ef4f3fa42c3-2907.manifest
deleted: a/0/44ffa6ef6373e0c22a162667472fe3-2095721.o
deleted: b/6/35d94d3c5b9ac31e296e014f1c9350-4840343.o
deleted: 6/3/3426b9dc8dc50300e5d0ab43b473a5-3235294.o
deleted: 8/4/f97414ffeddea9c08cacde0db91c8d-3136229.o
deleted: 7/d/fa0d392445a670c8ca714baa5e35a9-4126722.o
deleted: 0/c/d88d03b20a1a69c7864b6b1c942ba5-9101.manifest
deleted: b/6/5d45aff4727d0f4d9622f4730ae552-3400778.o
deleted: e/a/d4b5e1601638f6d92c6fc1991fde86-4075483.o
deleted: 5/8/735153fecc47bdb5e92d3c0b44d08b-28607.manifest
deleted: 0/c/9f7df9b3fa2f241c9559341b237cff-3504.manifest
deleted: 5/7/97f93002f7c22f086ec7e486765259-3039.manifest
deleted: d/4/21084b3beeba82733fa1f12ada3ac9-3825373.o
deleted: b/c/89e9a94c12f2d86629e61389138bdf-1369657.o
deleted: 5/a/66683863ce7c8742dcdfdd7b0ef8c4-5419641.o
deleted: 7/8/73f208a1816cad416fb000da260766-3198.manifest
deleted: 8/0/c75bca5511517c6c724df0f69df975-4970854.o
deleted: 9/a/382d9bb43ce5e3438bf16fd868b6c0-2899863.o
deleted: 0/6/d6fcf5fcb9a9877e0818f31a7c40ad-272724.o
deleted: c/2/9b620f474d46e46bc8bad789dda01e-5002761.o
deleted: 3/5/06df57f0effc0c437d14fe97582ec7-4802070.o
deleted: 5/c/679fc98f4cc90f2a99bb4ba4246f1e-1486.manifest
deleted: a/2/b5af3a0390e4fef447253dda3bfc4b-1015939.o
deleted: 3/1/4397b5575f77bec1d2abf49370cc97-11963.manifest
deleted: 0/5/5dae76936497e6d77eba8e1d1e4839-1740.manifest
deleted: 0/1/b24aa7a137a720f012ddb48765d062-16486.manifest
deleted: 6/3/bf54a9796972d4033175f433fd8ed4-13300.manifest
deleted: d/9/0871fe07de964324fbf6387032fedc-4970069.o
deleted: 0/0/8936aeb1ad5fa23c2e0209b727ebf2-2056618.o
deleted: 8/3/4930c8a3ec8833816767252a92b81a-4192.manifest
deleted: 7/a/44133f27138e22c57b393b3b5c923c-47385.manifest
deleted: 7/d/f86679d02803dc6bf869240082b175-11381.manifest
deleted: 0/4/c609d3621692d87d0c9a760e27a63a-7018.manifest
deleted: f/c/50e6aad8f113896b58b7f089539360-5726.manifest
deleted: 8/5/8c537f0715d2f28e40bcea8c05ec2a-3305.manifest
deleted: 0/6/814b675365c6d7b2c73bacaaa83516-4511.manifest
deleted: 6/4/5d14cc7332161f0d26a93c13b25f36-309809.o
deleted: 7/d/cfbecbd5094d60e13def8d99d5e916-1922.manifest
deleted: 7/e/03b0690d8d4168d09d052c3b7a8c2d-1777.manifest
deleted: 5/d/88cc23f3e3976e059d9fadf55610a0-4152849.o
deleted: 5/5/873da71f03fac263860a02dc48b1b1-5755.manifest
deleted: 0/5/09c45b10d262af704f778e57a68903-3506367.o
deleted: 5/1/d823f812cfe4d2aa26161dd2814949-4827.manifest
deleted: 5/4/8a5fa32cd1deb79c7240b10fc9ef96-5942.manifest
deleted: c/0/025305d75fb5af918ff58659aee415-2421.manifest
deleted: 5/6/7ef0f6a317b329386df6446d1c0fcf-305077.o
deleted: 0/8/1b06f7b873585f74028ccf4bc6c225-2445.manifest
deleted: 3/9/aee4a8eaa86b020fbd40c4141c8798-103764.manifest
deleted: 7/e/106be2eef863adea5d7916179c3aa7-2878920.o
deleted: 0/8/fd0751a670d76a8edc12146b9b4590-3166695.o
deleted: e/a/1a708aa14cae9b61d93927459e86f5-2495196.o
deleted: 7/6/37bfa24c6b0b79c2473f65652d989a-1592142.o
deleted: 9/4/8223c8ee90cfd865c24efb91fc7ed3-5390.manifest
deleted: d/c/10bacc802ddd3321c5154ac0c865a4-1777.manifest
deleted: 9/7/376d413afd4bcb3d6be0479d4fab12-4870946.o
deleted: 9/3/9d3c765f28c7f0274154b680f92ee3-3072.manifest
deleted: d/e/197ace3f89510e600da3ed434e5978-7810.manifest
deleted: 0/b/51e6cc7f68d50ef119e41f06b50f98-2032238.o
deleted: 0/1/1b2857714f0e394ff78b4297f8079f-18325.manifest
deleted: f/c/e9ed655566d08099d5f2d2bd66c8aa-3021041.o
deleted: 7/e/2b0d7e549c428d0be2fdb0ab12968b-2003.manifest
deleted: 7/d/a6fbcb91a8c971f52e0a1506c0daa4-4921904.o
deleted: 6/5/5790edbc3a9aeba25acc39c2f68f93-1469.manifest
deleted: 3/5/69ed7b5d63b4ce2c192cf52a9ed48f-10235.manifest
deleted: a/e/61503f4a2693bd2d8b425149ff20bc-5121010.o
deleted: 5/0/fc601685abc60c0b7baf9fe9ef28f3-4848819.o
deleted: 8/5/b4ab154056999da72010afea770aac-6318.manifest
deleted: a/e/2580506fa46ab65f03c5133a265cf3-3412.manifest
deleted: 2/d/2c4df7e0e6a5b473db54853d974641-4705524.o
deleted: b/b/d459c8c005a636d62732eb49d778a2-7248.manifest
deleted: 7/e/3c5d60bbe63b23031edea4565daaf8-13674.manifest
deleted: 0/1/0219bfa69da4b8f0613f9898eb1f5d-6825.manifest
deleted: a/8/b1b16ab69fc6e8426edd8b536b3ae3-30845.manifest
deleted: d/4/5850a51673798dd231b4abe6cd7a33-10876.manifest
deleted: d/b/1e47e696f7c6c27c624f40f5417ed7-16421.manifest
deleted: 6/2/f6331209436e454af92f504e3df7b0-94712.manifest
deleted: e/3/00c998fc07869ab0fd8a3313d612b6-6944.manifest
deleted: 0/8/d6a2c8e64545309c5df885a7511f1a-1540658.o
deleted: f/5/2647307950f1e75cd0a43f1b210ca5-13824.manifest
deleted: a/b/1a2938e43ddc0d42294b92820a38ba-12790.manifest
deleted: 0/d/255d93c23d7fa9c127a73499e48c6e-2399.manifest
deleted: 2/2/7c4df0a58466e4c86d9f84023e5be1-1729.manifest
deleted: 7/1/13c058ca8bfc4700db7540cacde2c4-2902459.o
deleted: 6/5/c8442a0bb3d4df07822d1525773bf9-1407.manifest
deleted: 7/4/5e28fe457b084504c07b288bfeb56b-1848164.o
deleted: 7/4/430ec79bd6025abf3512672cd63638-3471.manifest
deleted: 7/3/2537b0d83a129d5830384a53232d0c-7013.manifest
deleted: 7/e/1e0f5c4134df6f04d0d81f0ce6e0be-3305.manifest
deleted: 5/a/407b4cd2e296b0a1ad26f877dd9e8f-9656.manifest
deleted: 2/c/5637ea470fc999d9ab8a08d00d23fb-2681166.o
deleted: b/3/8cc407ef4dbd790061091175bbb958-412.o
deleted: d/d/6ab0b981dbcc59020185621b5a3dd0-5544.manifest
deleted: 0/0/08c47af261fc6b7b3642dfedc3f0f4-6917.manifest
deleted: 8/4/4c8563b0205175486b06c504c01533-4918.manifest
deleted: b/0/72363aa1a68edd3fc5a4013930de9e-3614.manifest
deleted: 2/8/8e8a4d5063e42eea6b4271dda58a6f-36843.manifest
deleted: f/8/d8366cfc21f77f093b23e249dd651f-2908427.o
deleted: b/c/e1722e66ded466473718bdb307ba57-301327.o
deleted: 7/d/c2202f144d63b3e5fcf1e119502b6e-93727.manifest
deleted: 3/a/bdef7ec4a2bb3255dcb9a3b9f8ff3a-4452483.o
deleted: 7/0/87f1e8ce03887e70d13b5e7620b1ce-2451668.o
deleted: 9/3/bbad16e4edde4b549d046a32755a17-3257.manifest
deleted: 0/e/22d41230dc0184e5210d751826ec5a-9348.manifest
deleted: 6/6/38ff7468f08e601603abf0c9934e91-3085636.o
deleted: b/c/383f0b5d4ada0a2164e54535c96a0f-5624.manifest
deleted: d/6/c64771c3ff0b2689b10f0e5727542a-4231.manifest
deleted: e/9/6c2bdd788329e63a7f3577112ea95e-1600958.o
deleted: 7/d/ec798f245313f6499e5dac5184abdb-3895.manifest
deleted: f/0/b2fae790cc687b07637bdb4e246c3e-2909786.o
deleted: 2/5/f80be50686ee084661f364abd5d811-4500307.o
deleted: f/9/c960409be59908574018a28a61ed4c-2934.manifest
deleted: 2/d/29171b60ae2533e201f97ccd7b8e52-4031521.o
deleted: f/2/fd788d2d8dfc3d70f30cbe05aec4e1-5504.manifest
deleted: a/9/4841c799c97d7c31dee39793dca746-11420.manifest
deleted: 3/1/87430547e084eb53574dd4b746982e-49579.manifest
deleted: 0/8/898839a6528ae4a82bd37d94b9c3f6-1466.manifest
deleted: d/e/375707d3bdabb82537edc28bde92dc-11239.manifest
deleted: a/b/c6e9f2d6c10c4b1e859831b0f6b12c-14668.manifest
deleted: e/8/6a38820986bfddb87a00972415b31f-3090555.o
deleted: 2/d/60a09e6e8203fd41ce66a7fa941266-3397376.o
deleted: a/2/c00e6ebab5753d836dd099d5eabcbf-5372.manifest
deleted: f/8/cc4bec2f490065b41875f79f3ab4d5-3027732.o
deleted: d/3/74f0cea280a624eb443af1028ffe20-17327.manifest
deleted: 5/0/73fcf07fdb950f4e21defa3135ea4b-4464927.o
deleted: 0/6/31ae6be56ec4e1961d5527f92d7247-4810484.o
deleted: 2/4/551f6ff724a47d419e6eec46d8b409-1841.manifest
deleted: 5/9/7ed02072e1830f234371b92044fe74-13906.manifest
deleted: 9/8/28378a4b9c4c3af4c7b6498a02e9f5-3432957.o
deleted: 0/b/6e56e8ada55c9d9174d18c5116d4eb-2771016.o
deleted: 2/5/85b590a4e39dd12c5309870f12d8ff-1543930.o
deleted: 7/b/7beb659fca94cbeed907f1ae20ccee-6751.manifest
deleted: 2/6/1ae87aabe520b6aa94b8791f386769-23787.manifest
deleted: 7/b/cb2879f3780c1f8709b378b6486add-3321.manifest
deleted: d/0/5911546431ee82ec7e0ce112dd687e-3321.manifest
deleted: 0/b/fff39a22ea97836adda244f02eb3a5-3160714.o
deleted: f/5/ccecd797d54771b2ea6cc4ad17d0fe-10595.manifest
deleted: 5/7/a1bc21592f71bf5696abe51bf6f9e8-6855.manifest
deleted: 7/4/90e1c40984d334acad4f98deb20200-6969.manifest
deleted: 7/d/ef43fb391b81cb4a111532f57ee807-4672705.o
deleted: 2/c/1c4b588f3b3c4239402c016cf7ef63-1497.manifest
deleted: 7/a/4cf74d693298b4225745262b1b15c8-4764774.o
deleted: b/5/c00323a74d38ff81e7c5036aeefe1a-6576.manifest
deleted: d/d/9afdc97be0300fca3c01fa809f10b0-3198.manifest
deleted: a/c/abe2320a4a65da16f2b2c0efd2e4d5-1900500.o
deleted: d/3/aa562729a8a9f340ead1c5c7fb9e14-3185463.o
deleted: 9/c/6dd410bae95bbe392f87e5de3703b0-10595.manifest
deleted: c/0/495f402371fb120cbe8fa12408f657-1662449.o
deleted: 5/3/963aa62ac32436763d9704a98b9754-2897064.o
deleted: c/3/7332588843ae7a668e2db99d2f49cb-30100.manifest
deleted: e/5/9098e5bdc1a50dc2f36ed1079908cd-3085636.o
deleted: 9/b/c803e7f34fcc3cfcf2e5ee02f36963-2927147.o
deleted: a/b/83afdf9fe8a256678f20197323fd4e-2631960.o
deleted: d/c/c0abe8cec9ffc7ea62c5e8a49c86e1-4254058.o
deleted: f/4/d40ce139c6ec360802a44af53c7a31-7598.manifest
deleted: 7/d/fe0e67938b8e5ad7e7d06b5c7118cb-4704234.o
deleted: d/e/2ab9537493145d44e40164e903422b-4128.manifest
deleted: e/8/236857da1d56d437f255a5e4a75eae-1335108.o
deleted: 5/3/9c20959c44d8ca5fb7504cb6153727-3077278.o
deleted: 7/5/e0bb0a0bb0d4460842dc50084c933a-3002631.o
deleted: 7/e/487ba6380c8a802940fe9b1470394e-4334054.o
deleted: a/e/423e8ac5738b6c9e3dc6e6424b23cb-8514.manifest
deleted: 5/3/77bb1a1f8f2d9acdb0a68c645509ee-4745.manifest
deleted: 0/2/a0aae69495b37bfa6c6461f396a050-8143.manifest
deleted: 2/7/6571656623f7d502985d835799ef60-4876.manifest
deleted: b/6/05680036c3a65ec31d6c880a59e830-3196185.o
deleted: 7/9/4abc78400e60215fa56963d4452f7c-1600958.o
deleted: a/e/29b914fbaef40c3367314db002d2a4-2847335.o
deleted: 3/5/9ff94ea87768a52fdb2e4dca856fdf-12254.manifest
deleted: 3/6/7640b368e04ec8b33b2317fe8eadfd-28115.manifest
deleted: 7/a/513728d96740e4ac37d279e07c4e65-1661.manifest
deleted: d/d/dcd6dd6cfa474585fa9272a36d761b-1773344.o
deleted: a/d/996f9f0fbc43623957af42f1430cfa-4713.manifest
deleted: 0/3/40066d67301a132ea99d4e95a7a7d9-28836.manifest
deleted: a/d/3db86c0399ee1cf767a56127013bcf-7598.manifest
deleted: 9/1/8e642655d9d1b373488036024b0644-1590930.o
deleted: e/1/8657e8ac335dccacf0679f2b4be615-8034.manifest
deleted: e/2/f13d0c827c509fdb67b299c96c7c3c-3506367.o
deleted: b/9/d7e4c60887a53fd726bad34920efe2-6338.manifest
deleted: 6/8/aa3a8019a57ad90c35e014a5355c7a-2004.manifest
deleted: b/3/f658cb3c83518a5284d3f28fc161e8-3110165.o
deleted: 7/d/f4c075cf2fa37dd7d492be98a1452e-309809.o
deleted: f/5/5d206f3894a93a648888559f3034e8-6359.manifest
deleted: 5/c/02422bc3149fc9ea1ac546bf036830-3031.manifest
deleted: 7/8/185e91f69ea495502c64df9bc6958c-18040.manifest
deleted: b/c/382b3870117df9275301b3e2f86859-1394983.o
deleted: e/2/90b43cf64bb1997d331581a50d284d-1916043.o
deleted: 7/5/6c7bbe0c5ea1379ecd069e130cfd88-3072092.o
deleted: 7/e/4514f0ee363eb9499e78ec72facea6-4034.manifest
deleted: b/c/80b4986951807126935983eb41ede6-6751.manifest
deleted: 6/1/89c7c2816c14ffeb3998019ffb89ad-4264.manifest
deleted: 7/5/69bc183fafff8696cb272bc63301cd-303549.o
deleted: a/e/3ec70764f621e9a4fa2fbe37957c35-13163.manifest
deleted: 9/b/316a4525cb2196c28166cc5af1bcda-2273588.o
deleted: 9/a/bc186b7bc6acffa2bec0a048c8d7b7-4904308.o
deleted: 2/d/67b72dd328f611b714f74a739847fa-2929810.o
deleted: b/6/0a1e5dbb89fe572b48f58c99ac0ea1-3174109.o
deleted: a/d/751abe345a8b13df0d44e709521b0e-1601533.o
deleted: 0/4/e87ceb02bf6213f7919b0d9c2e7295-6850.manifest
deleted: 7/9/e53ed813650d2c0d7cda595bfbf1bf-2909786.o
deleted: b/d/2acc144ad059c3b1109baec3739f6f-20125.manifest
deleted: 3/4/abbd1353d5f5da481cb5c69b6304bf-3251365.o
deleted: 0/2/534d9e12c3841830c986ec6af681bb-2763847.o
deleted: e/5/c4db0e4165473320afe940c49391bc-4514644.o
deleted: e/6/bc4ab33ac0c399a0dc2df142e9ef76-2970673.o
deleted: 2/8/5583ff99429b6b93d0e51cdf5154c5-289682.o
deleted: a/1/f17fd30b0fb3e1ce4d7de7072ad96e-4436049.o
deleted: 2/c/ef2f34a7456e316b016a152d37fcd9-6282115.o
deleted: 3/9/68b3d066e31a8bd77e41e3e053bdd7-5268.manifest
deleted: 6/2/f0f67a7ba475e3640da62f51154e0d-2694449.o
deleted: 7/1/22630cdb379c21097f9d90bb7bdeef-103764.manifest
deleted: 0/4/3c0035d3e254b3a6ae31b086c7af14-2921508.o
deleted: 7/5/a092c1340a9d528c811a06d7126d89-7739.manifest
deleted: c/4/0294b1ed1db3afc49d77a205ae7421-2902239.o
deleted: c/4/99a725f1b064ce19ee6975d5dec9f8-2418477.o
deleted: d/4/a240fc20c863384eac328f5636016c-4687.manifest
deleted: a/e/6f9eaaf18e2296f996d8b492a97880-11210.manifest
deleted: 7/6/7a18c2871768e5f97fa315b433575c-1755350.o
deleted: d/e/3a11cd3f5a445ec8f199137b9a746b-3305180.o
deleted: 6/4/06d292a23f4a416a9eeff4320921eb-1575.manifest
deleted: 0/c/7e2253a4109b85c0a40104b0e1f2a8-4543663.o
deleted: 0/0/c33ece57d517604b103027be732d93-2929810.o
deleted: f/3/fbe826b7d826a64092976ae7b28967-24854.manifest
deleted: a/4/3926b2015e5f5fae1e5de29c2fe71b-5574.manifest
deleted: 7/e/3a80d7bda36ba94783792e6879d6e7-1848164.o
deleted: b/4/c99b237a5c59d0ee8eff264e234717-24467.manifest
deleted: 6/2/922f6c9689270c1a3e1524c2eeea76-4958083.o
deleted: e/8/914f51e658a85a90baea426d510e30-1341009.o
deleted: a/a/cfda23875ad3e03945c86d707b13e3-3683119.o
deleted: 7/5/34e120da93c3fa01f5553ba02ba56e-5452.manifest
deleted: b/c/6566f162db0382bdf95ee76f44f8e4-5765.manifest
deleted: f/4/48742b5dd9723872bb65894905cb6c-11650.manifest
deleted: a/a/3df7b2f5e067e89dd5378dba0e7f10-4726300.o
deleted: 8/0/c15d2c9259b953b1fcc9cf9d737ba1-275740.manifest
deleted: 5/2/aa5a8d8037f718b3d752de73e134a5-4523394.o
deleted: b/b/c455e8852df8fc0dffbdb2dccb735f-17739.manifest
deleted: 2/d/583b38d82cd1ed6a90e0d9be258030-3092768.o
deleted: 7/d/cd16f3c779c74ae34b2866fb2e518e-2763847.o
deleted: a/d/aea5eb44f0355041f8631b959f6407-3031.manifest
deleted: e/1/82a8b9cfeb773fc9b1721d51c9745b-4614830.o
deleted: b/5/2c5469dadf82855072b6fa2642d63d-18303.manifest
deleted: 7/d/e8afa52b15e51b0382b4c88cd0bc87-4876.manifest
deleted: a/9/7022c350cb6995012d254318042d97-1435.manifest
deleted: e/1/01e0716d88b64d2481d8c623654545-3768733.o
deleted: 9/6/781ea785e13b3105f9b5aa5f24dfe1-4907.manifest
deleted: a/7/f30683460ba252a7da320f09ba8ace-4514644.o
deleted: a/2/aaa04da6140594801c903a0c0891f4-9824.manifest
deleted: 0/9/aad744073f2b768138903aa2c96ccc-2418477.o
deleted: d/4/83b6c979093dba62f7bef2ac26b26c-48705.manifest
deleted: a/2/87a9bd44e5333ef98b2355167911cd-3134255.o
deleted: d/5/bf6d64d08c69f6208b81b31bff8797-2091464.o
deleted: f/8/db5c8c2a23ad42b4bcbf19b880ad12-2337807.o
deleted: b/c/a3f594e25c629d3dcc5cb3b2332d0e-2120614.o
deleted: 9/5/bf11c4f82a4274f694551158bc5af9-8178.manifest
deleted: 5/8/31b6a743328927b39be3e40b6d4205-4942456.o
deleted: b/6/65a2c955d7a7564068407db8ca9d8b-4455.manifest
deleted: 0/4/9c49cc0d2efa1d5bdf0d475ad27b99-88754.manifest
deleted: 7/4/53307360105bc131fc6c8f03ee15be-13163.manifest
deleted: a/d/032f54345090529ed2d9103b003292-2399.manifest
deleted: b/c/fb654b942abeae701ca6746109f75c-20824.manifest
deleted: f/d/66c76aff5554687d14db55ba9ac116-3475695.o
deleted: c/3/30a40adece05470c707a05dbb23984-7015.manifest
deleted: 7/4/220ac75806202acf797b6f63efc603-297187.o
deleted: e/0/d0557338d58d753e559b0461266298-5062831.o
deleted: b/3/45905b5eab68cc2dd3fbb1af6613ca-1715.manifest
deleted: a/9/4f7f457e5591e28985f0f6bda1e8ce-7404876.o
deleted: 6/4/4959971d7cb725ee53ba6c219142dc-4760.manifest
deleted: 7/e/0388219e97b1a4c6ae8b538ebcd94b-2739739.o
deleted: 9/7/c782f90a094c2935ccd891c53a76e9-2765741.o
deleted: a/5/351e5ea947ea3c64f0c6f00739514f-297187.o
deleted: 6/2/ccdc0fdde857b4b8d77d763dcb7ff0-8608.manifest
deleted: 7/d/dcffd9219198a6d9126a378f33d75a-30788.manifest
deleted: a/d/2b7d9ef4e8067c5a0dfdd90be67b70-4475645.o
deleted: a/d/b3a5e1c235512bc844bb6a12076e7f-1334129.o
deleted: 3/6/00168017664326e35eecc6b6d9cecd-2322.manifest
deleted: 7/d/da115348b16416746ee3429c31fdd6-6500.manifest
deleted: 0/5/9d9ef17dd60a6585248818104abd3a-7015.manifest
deleted: f/9/f9a502bb0f24a6bc42a3e794983270-4535091.o
deleted: 8/1/c5fb34a6fb369a9c3b157002a19920-1283.o
deleted: b/c/7edb803148b2c6e457c710171c28fa-6376528.o
deleted: 0/0/466c33a545a0070ae23e6f520346f0-2008.manifest
deleted: 0/a/1df5b30e7e138fb75528c70789a604-6669470.o
deleted: 6/0/cdbab84d2549a9459ef2620e5f363a-2528057.o
deleted: 0/2/493a2c54cbe49cba39ee1089d1abea-12924.manifest
deleted: 7/1/c43b4eed3a0ae121660765d3a2415d-1834768.o
deleted: e/1/eb9c7d033a7ff65792a979fb21f6f7-4973069.o
deleted: b/c/4c8866cd22ebbb5cf60dab0522dcf3-4075335.o
deleted: 8/6/4d6ff173d65c944fcc958594652896-9800.manifest
deleted: e/2/ff8c818f6ccf33510a2ea847326d7b-6913.manifest
deleted: 0/6/b7af57dee8bd4da61fd0c27a488e06-1527562.o
deleted: e/6/38278c1afbbbe6ff3f6531e58190f3-2103383.o
deleted: a/c/546ec3618bb47d0fc8be5ada3a63ab-4164689.o
deleted: b/d/19274a4758f8a1844e8b754a76b9e8-1335108.o
deleted: 8/7/fc5a0d263f1afb0f795a04a22946dc-1808897.o
deleted: 8/1/8dc7eee124326fba3ab0aaf004e667-3090172.o
deleted: 8/5/4ec3ff1ba4a44d6ed8daf0fd94ce52-8253.manifest
deleted: a/e/47b3aca9650d648a0f3bac84329f08-5446.manifest
deleted: a/b/2ac9ad46db9a5b5a6c3a9f09026bd4-6912.manifest
deleted: 0/7/abbea95820e7b00f772bc53c91733a-2298497.o
deleted: b/1/069fe4f91bc971617cc5adc6c61b2f-2095721.o
deleted: a/d/c0b782c9a9cda03410cfafbc32a3bb-2984327.o
deleted: a/3/de0dd9a5733b4634ccc6cdc9891e4f-1607869.o
deleted: 2/4/fd76e855bb7b4e758db41913d392d0-2896730.o
deleted: 0/d/2688a3b87ff75612d8c21f40649583-28607.manifest
deleted: 0/a/03a2d5537cfe973d49aca8524a9ef7-3009796.o
deleted: a/d/28d0b0a60b44266f6ab54ffcd7be68-4603013.o
deleted: b/a/51bb13037fa43c951d68a4dd74bc61-2056140.o
deleted: a/e/70752dcce1cd05f66cb442e9588d9e-4499342.o
deleted: 7/1/839280da9f0f77ac3f72a0d943586e-102133.manifest
deleted: 7/4/4cb992366a681dfd36a0ee664fa1bf-1939689.o
deleted: 6/0/051e096b3661bbcf6942ea9694d9d7-3138996.o
deleted: 9/3/b8b39c48c83457311de8a96a7c2294-34049.manifest
deleted: b/3/d660962eb0806d7a17452c9bf23f35-4789085.o
deleted: 7/e/4b11518c6157e6105c83d753c57d05-1540658.o
deleted: f/9/6ca2bd9571a61eea0be7dd6048a356-5495195.o
deleted: 6/1/182f137aee254bcfc2222b0ae8ab6e-18480.manifest
deleted: 5/9/14d1930d5f573e302c3a4dd76e91f8-5973.manifest
deleted: a/b/39b7ee0bd22ab05160f9fc28588d3e-1336770.o
deleted: 7/d/c0bdf64eb4399a1c394669b669ec08-1399.manifest
deleted: 3/5/f185c13174b8737103541a3fa3fcb1-2782139.o
deleted: 6/0/d9ad59d8a576cd67236f9b6abaf9d4-12790.manifest
deleted: 5/a/e85c12bc81ddeacb820d3be910f18e-3132651.o
deleted: 7/d/1007d118264aa7e1675543103613b0-2989232.o
deleted: d/6/5ee48c85f31348b9eff15b296d2290-14457.manifest
deleted: 9/5/070ef7bff80b58b13de1d6f447f4fb-3609.manifest
deleted: 6/5/fbf85e64318b3d744ef1ca2ada7e76-10299.manifest
deleted: b/0/39ee192a22b96a6fe2b0c6aa273a89-12380.manifest
deleted: 5/8/2c6794b61e9d0c0f8b7578f7cf75bf-11074.manifest
deleted: 6/8/05948954e083cda14d7333bde0f525-6787646.o
deleted: 8/5/66f56d069e70a0f3079d3a4d008b6b-2817838.o
deleted: 9/8/dc2fdaedbd3f576ba338ef56647ccb-1567.manifest
deleted: 2/d/538580656b4724eec3f17f5f651596-2004.manifest
deleted: 7/8/33afcd61b377762cea819733511615-79851.o
deleted: 0/3/6d6b2f450b3b7d856320ef42c735e3-4738299.o
deleted: 0/2/b41477ce49a20654f13d9e9b46fca1-4435942.o
deleted: 7/d/41f82452bde03009525e00de5822f6-13824.manifest
deleted: 6/8/0924f6ea5dfc5c3e752b3fc85075e7-4672852.o
deleted: e/a/2f8a9a65e167f2956284d89dabccf8-3494.manifest
deleted: 8/4/0a6853a2e0cfa2405bf4589f54f439-1654.manifest
deleted: 0/e/15433dee728ada45688c324fb21c2a-22209.manifest
deleted: f/b/3a101901eb90038684a87d3270d1c1-4738299.o
deleted: 7/9/8dff50b28a4296536c0a72473da1d9-2921508.o
deleted: e/4/b4cc61645ec4be2b95b18af0cd52cf-289949.o
deleted: e/6/c0d2623190bc1aa95367b34ff72afc-2771532.o
deleted: a/0/b2e58dbb348e948925c87b94632497-4687.manifest
deleted: 5/8/1098a6ee9996a00dd72ed8bcea052f-2474974.o
deleted: 3/0/084b8b23af39b8b450f3ffefa16da3-9931.manifest
deleted: 7/5/363e918a6439dabf7c93317e0ab246-9025.manifest
deleted: 7/4/42778231f3b160ef1a8c5426ef8638-3134255.o
deleted: b/c/4d356b42fcfd5d6742c192f1ee5727-47238.manifest
deleted: 7/a/dcae8303b685b4a39f35831a92b7f6-5495195.o
deleted: a/e/26939fc9b5d128e0af15fd8ef3729f-19418.manifest
deleted: a/e/2fcf3679d618218d4d01a623f79270-6330.manifest
deleted: b/c/1271371a72adfab4b87c74893dbde2-3368277.o
deleted: e/7/cc8d0f9bd0cd7421ec4b20271cf139-4470979.o
deleted: 0/4/58ac121efb4a0f2b1e53d3907f1e0f-6069997.o
deleted: e/0/2c1dd6b1de39fae3039de703a50ba3-301327.o
deleted: f/6/1499e3ce7196474b51153d9ad805bb-3764330.o
deleted: a/e/565ffc84e9a31c74e38a7fbd376b92-4931914.o
deleted: f/d/696cfd4a1e025b8d9e50c5ff963e6e-5650.manifest
deleted: 0/7/c6f45881d1e39ff20a707a591f8bb5-6243.manifest
deleted: f/d/52e8873b5a0c26cd55f86776f19845-2490927.o
deleted: 7/0/d223eaa407599f0d9409258d711947-13501.manifest
deleted: 5/5/297fe459783448157acb70a622ee1a-5009178.o
deleted: 5/9/dd09607fa2b817a4e748c973e50840-2189.manifest
deleted: 9/0/c0944cda7028be64d553bbdecaac5c-8468.manifest
deleted: d/c/fee6348cbb4a6d49dff8675cff681d-4824292.o
deleted: 6/7/68c40c78200ed0f496958d7ee06053-2900948.o
deleted: 7/d/82e0b51ae5908be9fff3a78c6120e8-1495.manifest
deleted: a/e/1d7b67dd9568719650d9ca9e544600-18303.manifest
deleted: b/c/75fbbe25eb29e1147fb1a016f5a4c9-8034.manifest
deleted: 7/d/ff0f3fa23fd00113acb9a3dddeb6fa-12110.manifest
deleted: 7/d/fd0fc313a8d356b148b50707da7c98-2896730.o
deleted: 2/d/34619f969f8b6770c10339280a42ff-7015.manifest
deleted: a/5/f4fd525d6911d829ce8c268748d7f4-7013.manifest
deleted: 6/2/c96c89ef64fe8d303e6b3e2210bcc9-5520.manifest
deleted: a/4/2e8021698fe8af0181e1e6b1eaf380-4425589.o
deleted: 2/3/4a1c276b7e3d5ec1693c2d5e4ce0e8-12110.manifest
deleted: f/a/f188d01153c9b3ebf087f8b022f15c-1535010.o
deleted: b/6/450e6ce1f6034cca02948dc866520b-4428.manifest
deleted: d/7/d137129ec7e031bf1410658aec996a-8886.manifest
deleted: e/5/31e60f30ebb488d7025e1f9677bf04-2341.manifest
deleted: 0/8/031da204e143020728589c7527b382-3126350.o
deleted: 3/7/57a9578a9608ee1dfa7a3a59708acf-7130508.o
deleted: 9/8/6f746f26936132b2ff32c78a98d4b5-7810.manifest
deleted: 2/c/e65ab2531522ce2f6125946cddbe6a-6330.manifest
deleted: a/c/ee8beb21a5228e6a4c87ee5ccb38a8-3825373.o
deleted: 0/d/e69fe9cf2dae26a29e34834abd38d9-49918.manifest
deleted: b/2/02aa77517af2012d8ec288782ea198-2991.manifest
deleted: f/2/d01de34afd4cc4c28988121ed514c9-4152849.o
deleted: f/6/0c4b5b1355d28d851910493b15375b-24473.manifest
deleted: 5/4/ed2bedabf92b508459589d223f278a-2694306.o
deleted: e/0/2f5d4f635ec7e6a43c9e2cffc833fd-2135.manifest
deleted: 8/7/6a34e678acefd8e86b484e139d8113-17716388.manifest
deleted: a/6/24e3dafb4699d673d518763127a850-3093732.o
deleted: 0/1/7b4ee994421d0cc4a5186b02903153-6869.manifest
deleted: 3/3/35e1aa932520d6ba47e3f725b84aac-3235699.o
deleted: c/2/08bbc4fc4119c215b63e574f2b5d55-16439.manifest
deleted: f/c/b3ec6053d6f3f3242aac1547e1aa35-7130417.o
deleted: f/3/08dad0ea5389f616281428a4055a2b-4911474.o
deleted: 6/4/528a91021039e497ca55204e18065e-2010.manifest
deleted: 0/c/58142735a9786015d33283031bbecf-23410.manifest
deleted: 2/d/52f7faa4d2d194e1d71c735d25b655-1527065.o
deleted: a/8/be157f72dd2c69e522fcb682675b11-3816977.o
deleted: d/c/9d2011f3452aa712ca3883e51185c1-1294862.o
deleted: a/e/66dc9957b1ab257f102da3ed135f9b-4848671.o
deleted: b/1/85d9cd0d497fcefc3056aac12ebc02-4719776.o
deleted: f/2/1c03375481dcd1962fad25f7faea20-7193.manifest
deleted: d/8/fc68badf3f206edd1a5d17f1676ce8-1645079.o
deleted: 0/e/13363c0193acf622763d932c2dfc8a-4465179.o
deleted: 7/d/cb70f9d83cba5b41425dd72c9af0a8-14712.manifest
deleted: a/a/5c04111b076e15a7bbf74137aa0642-2337807.o
deleted: a/e/6346db3365c7c270afa7d5477a56b2-3961.manifest
deleted: c/1/9734151b4492388d8d5c2597f0ef97-7647301.o
deleted: 8/0/3376349721ff071cbebc3b3723d32f-8430.manifest
deleted: 0/b/db9a5c09ff3f69f1540016a485b321-11210.manifest
deleted: e/6/6412726ebe481629354d7ce08d7d8e-43577.manifest
deleted: 6/7/fcb8a4c9eadfb40b347a3850285e8f-5045139.o
deleted: 3/5/0f67b79a0e4093379e661132271533-8171.manifest
deleted: 3/1/4d260d7a7aa33b86e3b014fc13bba3-66077.manifest
deleted: 7/2/4ef7d7fc1ee3abfa833843e4026586-3137346.o
deleted: 6/1/27799dece3479fc9e43d25b7db888c-1435.manifest
deleted: 8/7/fffcad29f071bb7e9ec526bf085f18-3056856.o
deleted: 7/3/bbbffe584fc9784156263b37b8ee6a-5015950.o
deleted: 7/5/704f33a5db7fcd7d8ab931829c35ad-13449.manifest
deleted: 3/1/7b8019c7b59933e2f1f552f32fdea6-4861237.o
deleted: b/c/7f9dead573d9405cda0aac361b3c0e-2855435.manifest
deleted: b/2/8ba5ebdbf8ccd04f025c1f7c85c9ac-11239.manifest
deleted: 2/7/1cb2c8b7084d126d790caf22c29388-27559.manifest
deleted: 9/c/4387ec171f1540955544d1fa3f2654-1522595.o
deleted: b/d/18f181debc4321deddc6afba91bcf3-4773898.o
deleted: f/3/4f4f9700494126bf80bbd04079decd-4760.manifest
deleted: 5/3/da419a00fca171ee8ad0acf92be5f1-8430.manifest
deleted: 7/7/84802f701183c2f2694ff1e47020e3-2663762.o
deleted: 6/0/d548a577530b90bcd5819f3516b567-3994996.o
deleted: 0/d/c2703c9895dd40a0fe68bddd17cb24-2683237.o
deleted: 2/a/0f3adf687ee5eaac366596ba353fda-5123893.o
deleted: 7/e/0d0f908ca0f2b976f6db5d636e7ac5-4575.manifest
deleted: 2/d/6a0abb58f47acbb3b433aa487e9404-5973.manifest
deleted: a/0/8b2364abc85cfb9adac6724980ead4-5348.manifest
deleted: f/8/5c091322b12ee79789740a147e25ed-5593.manifest
deleted: 6/4/2d06bca577b439277823556b7e0d3d-14222.manifest
deleted: 2/4/60177d39431d0d1ead9df27168d416-2530228.o
deleted: 8/0/3cf842e2a4bcbaea3dcc441c24f09a-16378.manifest
deleted: b/c/e98bae1550e2ae6251e807ea5c6ddf-1341671.o
deleted: 0/9/66e0bbcb1c80ab6435ec51207dbaa9-2292626.o
deleted: 7/8/df5a1bb23ebf656371c8bed7e16983-4603013.o
deleted: a/9/151e91d56b4f581dd79a4a658afbe2-10512.manifest
deleted: b/2/f0f47e58e3a915350b7aa5c49e96f2-10932.manifest
deleted: a/a/70807044dde5feb70d74a64d0942ea-3732.manifest
deleted: d/2/852d81b8b37a126ac0fcd799718998-3895.manifest
deleted: 8/5/9d856b64f0651b59869964f79f29f9-30788.manifest
deleted: 2/1/36f7a233a20a93642415ad02e7a644-1369657.o
deleted: 0/2/97430a0166e3841a49e7fc548d4f5f-1398219.o
deleted: 5/c/b0aecf80f2319ef01ab89dc7c41cf8-1396.manifest
deleted: 9/2/17b478e6205747a8b1baaf1867ebfa-1283.o
deleted: a/b/d68d6f70f00f251d7ffe55f0b4430e-2010544.o
deleted: a/e/53e90baa0c32a24e340fc3696cd127-2091464.o
deleted: f/8/11eaf95efa8d7c70de4b940f70edbc-4031521.o
deleted: 7/d/eb5f57f95fd26eb7c8ad0008d0aef9-4486726.o
deleted: 5/9/ad8c0df6c69db0d9743dca9ed38f48-3036469.o
deleted: 2/8/a0f9ccf60e41975c072eb663634bee-5574.manifest
deleted: 5/2/42c33d913e1d63347830e1c5f0e779-22209.manifest
deleted: b/3/a2ce06bdb3c447b8b20390724b982f-2878919.o
deleted: e/0/f8220d686267e2141b10771d62d682-18040.manifest
deleted: 2/b/8c7d683a955c97868edf73aa6cf5cc-2574286.o
deleted: 7/7/9374ec81db666acfab722d264f44a3-1834.manifest
deleted: 6/8/4c63df1c05075e5627c9295021d7d3-2376826.o
deleted: 0/5/53dd4f5e605bdae7e0cd51a6619764-4498091.o
deleted: d/c/fc7c772dbc459cff0687cd8222680e-6937.manifest
deleted: 5/b/ddbb69a113bab91701d5462693f649-1785.manifest
deleted: d/c/24e666d56d3394bb087c0974952d43-99813.manifest
deleted: 7/0/7863fc1f6b5aefe61f70210212004b-2459986.o
deleted: 8/1/4eec666d5062757e1bfdece827ef2c-7112.manifest
deleted: 7/d/e42194cf6b35372a401b0fcb8c46c9-4128.manifest
deleted: b/9/f64c63fa365b3267a0b4c836611169-3503.manifest
deleted: d/d/9adfea2ffe65dca1a85defba4b8f57-5721.manifest
deleted: 5/1/05b3621441bba4f2d793d747c1940a-2019195.o
deleted: e/1/d3127d6db3ae255113cf3ad10c02a6-1582.manifest
deleted: c/3/f0d51e75a0d182460cdc5acc47f692-5505196.o
deleted: f/d/7a7bf91ac7280ff4a5aa5f51a32ecf-1603191.o
deleted: e/4/24b7e96468d1bdef853af80d805493-9743.manifest
deleted: 5/5/55411e59fbfa3248453097322582c8-6377640.o
deleted: f/4/d5c74eb1a4636edb34b7a56ae6aee5-34114.manifest
deleted: a/e/56f679193a2e8dbac49c4ae79e1ef6-13824.manifest
deleted: b/1/2a4c32a04d5eb3f672c86c94a091c4-4483.manifest
deleted: d/1/a5df486a4b0d34e8b54d6098d3f5b4-10051.manifest
deleted: 8/6/95f44fd25e040f02733031784604b9-2004.manifest
deleted: a/c/ca1ca7a52dea86df359f64e1afac39-1557993.o
deleted: 0/a/c316bed24c2d87f29b019d19967e76-28251.manifest
deleted: f/c/7c75e4549d4bec633185fda78aa2cb-4934232.o
deleted: 5/d/35f048d0f18f79f278fe44141575ff-4498091.o
deleted: 9/0/7ee5473ee31001bccea4e9b2b30a8f-3305.manifest
deleted: 6/5/3441ebb3e01fff595edf2b197469d6-13674.manifest
deleted: 6/5/0c33d6705e5c0cdc782e09176badb1-1662449.o
deleted: a/e/49bbb43ab7b5f54439553326cab27e-4543663.o
deleted: b/0/0104abdaeb2f1439d6e82ad5864009-11013.manifest
deleted: a/0/0968c2900b23e3f182f591ed773e91-2728.manifest
deleted: 0/8/bb832c50053a7b9f63f683a63c3e4b-2929810.o
deleted: 7/d/ebeb414c19d1a8ba9059e9dcbcf210-2694449.o
deleted: 8/1/a14da3dd3e22c658ac2f9e629deeb9-1963472.o
deleted: 8/6/5aca2cd0ff45537d2d8a3c6b64c606-18935.manifest
deleted: b/7/c88d5aa479fef0faabfbfd08c41d4b-2213730.o
deleted: 0/0/1fd594bc2f0311ad5a2685e3785aef-15082.manifest
deleted: f/4/fe2ac0af3f96eff54f53875d0e9e24-11176.manifest
deleted: a/0/f81e2e5efd4840c67d5eee7fb435e6-4942456.o
deleted: f/b/b6c87021eb42dd0677669d9c3e1118-3321.manifest
deleted: 7/6/97cce7c952ef55ad1f5f13b775191a-6445.manifest
deleted: b/b/384c4360b497f333ee5f19a6aa4b24-7717.manifest
deleted: 2/6/7b9586bf008dfdd27f9f9ccdae70d8-2984327.o
deleted: b/9/1db1218b515c0f3e6a414393d97924-2783.manifest
deleted: e/1/5b5ab6dd4ef9ea9f7853201de0fba1-4126870.o
deleted: a/e/4f0be67362b458eb6d7b0bafae3d76-7015.manifest
deleted: e/0/090f6b9cb4bf94071ceac770cfd997-2898674.o
deleted: 5/4/c5d37ec383d302bb865559eb9cedd3-9001.manifest
deleted: f/b/8a1f5acf52a8b85704b4160a04bb7c-3983.manifest
deleted: a/d/dbe63324d03449ef95c5a08ea82131-6967.manifest
deleted: f/3/8dbf59e0cab4252ecb4bbec87672a0-1341671.o
deleted: 8/1/a3182bdc384b3c02e1e5c8a2b8e6ea-4031521.o
deleted: b/c/2a133809fd90f642d278c061f150e7-9656.manifest
deleted: 0/6/d4bf0f6f4e4ade9f13f973bb9f4f0c-1607869.o
deleted: 5/7/6bc9b00b1903ee78055c25d8c2efcc-3126350.o
deleted: 0/8/dd04cd9abe1a10cdb7799a46812c8b-3506475.o
deleted: 2/7/2cc00d2bd330977bda2b8db0bab83f-4944178.o
deleted: 0/3/2a33259abf3416d1f4c62197dce521-3918.manifest
deleted: 9/6/972bbe501e0322ddff9d39003721ef-2056618.o
deleted: 0/c/4136c559cac7dfe17b7f57e8c009b5-5692.manifest
deleted: 8/4/2a5ac3e70522cd7d20050600933875-28836.manifest
deleted: f/d/737297b79d5d222475a09c7a82eee9-14712.manifest
deleted: a/7/b4be1a971b5c3c3c275e4466dcced1-6500.manifest
deleted: a/b/0f1d2d4efd782a2cdde690e1af0ed7-3361205.o
deleted: 9/c/6e6022198a44f24b941269ab3a5a6a-4662328.o
deleted: d/4/ef1611d87d920c436d94f531e51488-3186125.o
deleted: 5/b/33c4ae51b0fc7fa6d8bbe29be8b839-4406489.o
deleted: a/c/cbbf4f2b5e9df524b8acc37cb99de5-3494.manifest
deleted: d/3/bb79102a294df8477d85fe5e64ef29-100444.manifest
deleted: 8/5/04a645463808ae48f50fd5703f86d8-247386.manifest
deleted: 3/a/a0493d268a1d4baeb1ba065a3d0f02-10512.manifest
deleted: f/d/28aa3c720f6b07cd40d71d45f3fcc1-1900500.o
deleted: f/b/79af44037b037b65b31e1f516760df-247386.manifest
deleted: 3/9/b3de4c04b3c28de54c327767aab63b-5929.manifest
deleted: 7/b/a178a6c6078c92ed94180dbaf2f026-4428.manifest
deleted: 6/8/c677233994822eb47e2730cfe222ab-4805519.o
deleted: a/0/ed73a83c2f168918ec942e986a8f00-1612775.o
deleted: 7/e/34b10eb3ab9b18159a1cd1b8073b37-3494.manifest
deleted: 5/0/2125616115309dd69d82d6b5c65599-7697.manifest
deleted: 2/3/fdb802bb74cf2e989882574162f73b-4918.manifest
deleted: 7/a/1adc5bdd8276d7f131cdb943e92b92-3475695.o
deleted: 8/2/7a520c5ae2da5cd80606e86732b59f-49403.manifest
deleted: a/2/dc03789951146546a85622867e2b87-6654331.o
deleted: d/2/c32e45621314dbf07f3b6173089863-1939689.o
deleted: 7/1/674fab170ef774fa9d54d181e52c79-3127047.o
deleted: a/5/b40b45872c930ea6f57e149ff81cce-14222.manifest
deleted: b/5/a05a06ad919999b2cdb077fc957b55-3368277.o
deleted: b/c/f5f42ca9313ff51f6b122e2747dd39-1835670.o
deleted: 2/d/2184f16b10f2a8cbb071a7f743ebe1-3948.manifest
deleted: a/3/59226daaa45434ab7a050b9a244b29-4379741.o
deleted: 7/7/a284bdb6975edbb1b948d2f9128c05-1393887.o
deleted: e/6/a486643244cd748c6f5252542760bf-8662.manifest
deleted: a/e/48773abdf13f9200ea36286eccc431-8935.manifest
deleted: 8/6/10d74bf52361b2af88a93e07edc507-3497.manifest
deleted: 7/4/0a588cbbda17493d0afc84b7557b9d-2898637.o
deleted: a/7/d5d78c153ea6bb9224c52afdb56fe5-4634984.o
deleted: d/e/2b580f500bcab8ef0f91e74446e8db-2934.manifest
deleted: e/2/d4d2e63d27fd999c0b9598f6fe7af1-6937.manifest
deleted: e/1/b6bfda4837a9cd47bcb17a64300000-15038.manifest
deleted: 3/1/947f92ac4f8b1c30c0aa8735552903-4792775.o
deleted: f/a/1060a1ce24ab8ee1477a664848dfaa-1912.manifest
deleted: 7/b/f424ee08bc6fa2e1430598fb3bce4d-5031793.o
deleted: a/a/331ad59157d423c8d9ee97f4a09565-3119692.o
deleted: 0/1/9bccf245bde2f3a7a90f8931c87b1d-2113094.o
deleted: f/0/42795a2ac69ca0862341026b17e35f-2191569.o
deleted: a/b/90abc6430365f7f331e9e684587148-5096.manifest
deleted: d/a/694bb5d290c13ec1a4c9138f127bf0-2798950.o
deleted: 8/5/7105042b5571b594dc77c23d9489ae-2835014.o
deleted: 0/5/97fd4fcc7f3d28de01447de0645a27-8253.manifest
deleted: b/d/030edc122d3839d17d72b7dd2cdbfa-1469.manifest
deleted: b/c/51362db7dd8a6506b65ed5d9b99ade-102133.manifest
deleted: 7/d/baa4cf7ae65b5484f017e1e33e1817-1587795.o
deleted: a/6/6f62daca6af45763d124812371534b-6884.manifest
deleted: 7/3/d581fe4158822ee3d4d1153e62d632-2904786.o
deleted: d/e/0475876bbe4d64c0a83171c36db499-9438.manifest
deleted: 7/d/dc311a17ca82fb7d1b5bb132b76623-6500.manifest
deleted: a/e/642606a306bcd946af6bd3d95f6b8d-5719.manifest
deleted: 7/c/aff6f25b00df1ae02dbbc70af74ade-9360.manifest
deleted: 3/1/5c3ba931826ec9be8dec1c4af1ad17-3093732.o
deleted: 7/d/d916f0476dc0190c49bbf9fb752c6a-3798919.o
deleted: 2/d/696f6b50cad73f19e04f31332a4a7d-17959.manifest
deleted: a/b/350843d1a8f2f529f90c5f417bf888-1399.manifest
deleted: 7/0/fed1e97f8205d0ccade04b3c4c31f1-2459.manifest
deleted: 8/3/d3d7f9276320133c6559ef43d0d21b-8143.manifest
deleted: e/5/c53dcddc1901d8c7b1baa6f2495738-4792775.o
deleted: e/4/3255de789876c742b06af630237169-15852.manifest
deleted: a/c/f1f787f0d3ae4a27d56677973d0c8b-48705.manifest
deleted: b/c/63d9558f2376b785bcd13322c773b9-1394983.o
deleted: d/c/f50fd6ee65cf126c2738997b91464f-6254.manifest
deleted: 7/1/c3c8eb581931982461d2af08468d72-12337.manifest
deleted: 6/0/bc5e35b7c6504754f92ac30010aa61-2120614.o
deleted: a/8/42a266da4a56e4b558e9c61bef4ceb-1599612.o
deleted: 9/9/1fe1807dd21a3c4b1f4e51edbfe510-6761043.o
deleted: 9/1/f2cc08a6679db71c9fec6c68e1cadd-3561.manifest
deleted: 9/9/ceed12b147f2f33de1c000f6c7a139-2003.manifest
deleted: d/d/0d31ee06c2dab1d2c1519aadf35481-2663762.o
deleted: 7/c/5c9c5792fd9c6bb72d185f437ef2ce-3498.manifest
deleted: 8/6/2def07fcd132b16399083628fed5e4-4208.manifest
deleted: d/5/f835935c00c86cfd6be4a5485ca14f-2531451.o
deleted: 0/4/6a458c56632a7dbeb005600a56add4-1818049.o
deleted: c/3/8ca6b3897dcc339c4901e623d431d1-4427.manifest
deleted: 7/8/722779a1bd5034ab1744e5ed6983ed-3951.manifest
deleted: b/c/2d0c54c3c505646ff3f8c3467ee4a7-4970763.o
deleted: 0/0/3e809e7ea2345636ce4a0d30f78b1f-3189.manifest
deleted: 2/1/0b8ac6c21ea7d9ffac7050945eb9ea-15964.manifest
deleted: 7/d/e4f802a241e4280d623b85527881b4-5226.manifest
deleted: 8/8/60987b6839cc5dbcb1d02b133e4bc3-3398512.o
deleted: e/5/3b35aa9b67933398f85cf5ee60bdd0-5669050.o
deleted: a/c/9dbe3b70677868a257596d0fe37e41-80456.manifest
deleted: e/9/a62894cb5158e049dc5072ac1ea261-7780.manifest
deleted: 6/6/ae1b970fea58d4f593674f8de721d5-16325.manifest
deleted: e/4/61f180d5285d13cc53910213cc3cfd-2528057.o
deleted: 0/e/24f1d45b008611e8c5dda16c27293b-5000751.o
deleted: e/0/7cb61fede110ae6ff8efa02da0910f-1398219.o
deleted: 0/4/2bce4a6d277739ccda544106f6adad-12335.manifest
deleted: f/2/790c6c5344a48b298caa59a8e7e0b6-3271328.o
deleted: 6/4/60cbf3fd1e0aa949bb3ca22aba8920-30100.manifest
deleted: d/3/e9505a60120565b20647b7654bfa96-2490927.o
deleted: d/6/bb4bc0dd8707f45b5a5610482de15a-3306101.o
deleted: 7/c/6b65b4328fe9f8c87694884c9b696f-2049966.o
deleted: 8/0/059b1f833804358a05ab470be68328-21104.manifest
deleted: 3/7/6ead52ce705e6ec78788971012dc0b-3235294.o
deleted: 5/4/afb0b2cd04781d0e6f56558e415235-6621.manifest
deleted: 5/4/dd8ae14bd89d2faa510badfe1a2194-1897623.o
deleted: 0/8/70064166c06028dcfcebf90dc2c1bf-7349.manifest
deleted: 5/2/9a887baa94c4b77ac16b7d22908ff3-13024.manifest
deleted: a/1/32a93617cbcd35b13e66e939c55def-3038810.o
deleted: 7/9/6c2dfd87e4070445d154efafa5a91b-3432957.o
deleted: d/4/1c946e6876b7f797ebbf1a0f70c14a-6654331.o
deleted: d/e/36b509b4ff421bcfd0850deee444a5-2902459.o
deleted: b/8/375bd1940d0de4b8bb4c024b3dd322-1484.manifest
deleted: d/1/ec615bacfcd648ab33f738f00e031b-9541.manifest
deleted: 0/b/125f580f82f1b3efe9daf5a563f5a1-9541.manifest
deleted: 6/5/6e0f79bfcc44f6996f2413d906e11f-1527065.o
deleted: 2/1/770fce7d7c4c196045cbfbbb016662-1435.manifest
deleted: e/6/b38c9a886537481b8f4e282adc0a8e-8608.manifest
deleted: 7/3/917269166cf555b4fbe36a48bfdb3c-9101.manifest
deleted: f/1/3de516cbb12cb4b0fd4ccb09d24a93-262058.o
deleted: 7/c/c52fcaa5089b8c8c8f8241c103b89a-3937004.o
deleted: 6/1/71602fecdd66ee5abefd163c01ad70-1845.manifest
deleted: 7/1/16cc10bf207745de7a97379a90785d-4482415.o
deleted: e/5/27773538d460f3f93995f6f679be9a-4483.manifest
deleted: 7/3/694fbbe34f5d2c596b1a2323deed6b-3764330.o
deleted: b/9/2d6b077695cab67b8e9893737bdff0-4768042.o
deleted: 5/1/0bc4ab06940d83127facfcb2c6ea5f-6536.manifest
deleted: 0/1/7d35662f13c1bb705a007b1681bbb1-49403.manifest
deleted: 7/4/98fcd1b6c84faa090dda6cfea08b93-4441828.o
deleted: 9/c/5af555fe19bb3e9ce43af0f7069765-3014501.o
deleted: 6/4/7edf9d01cb3f0dc85c871f32ffa22d-3368277.o
deleted: f/9/9f859e370f9b6907ba5fd8f8030f42-2832289.o
deleted: 7/c/7ab78306306f7237bd7a4575822e73-2896576.o
deleted: 9/2/c704b1841bec5b3d01656b20da76c7-113611.manifest
deleted: a/e/5ad36be8e0d79600931015430713e2-37133.manifest
deleted: 7/d/97b37cbbf7a6d75dc066c722aa7982-2032238.o
deleted: 5/5/b5b5f13dee23eae12b9645aed93ff2-36629.manifest
deleted: 7/9/7f606c8ca12e3a62bc5b96572c238d-2055650.o
deleted: 2/d/3ba6d6570b94bd22035cd2b5e96e08-2717907.o
deleted: e/2/6047a740eebe25abdf610d747070f0-3265741.o
deleted: 7/c/3d96d1ad2e698ad4b069d73c26ef97-1402.manifest
deleted: 8/4/cacd166b27886ab3031a9681163fee-1599612.o
deleted: 3/9/42e497c1c764f37960518e959bba8e-10008.manifest
deleted: 7/e/4fdbe6644a107e657046fec37a662c-3412.manifest
deleted: 7/e/3aa786458e9177385f92fe9d6e39f2-4996203.o
deleted: a/c/f9cd29ab72ad9588bd72650460be27-2663762.o
deleted: 0/7/80393cf313c26aad0427df6101708a-11974.manifest
deleted: 2/d/5c8eee43ab15d0f326a64d758cc355-4757546.o
deleted: d/e/39d6fbccb64ac4f87979eebc54dc97-17959.manifest
deleted: 7/e/2d4b0ee8d41f3d995fa4c7bc1c672c-66077.manifest
deleted: e/8/200372250bd49fe973d743de2238a3-7224.manifest
deleted: f/a/9e4d7279a8b7169b2703a2e0364f71-56562.manifest
deleted: 0/3/76418ee81004fd0e90b44c32138a66-2840.manifest
deleted: 0/d/f3106c837b126557fb8f22e02ceaf8-5707.manifest
deleted: 6/0/280f1fa5963d0b20feedb5383f0ca4-6359.manifest
deleted: a/d/518f2b12fa534fb300be00a8a0ff8d-24467.manifest
deleted: 0/6/7470b126bea651139e80c4a18a584d-11381.manifest
deleted: 9/8/ae5592b752d4eab9a2bd33fd9e9826-7548.manifest
deleted: f/b/35c6cfd2644344fd58aacc96b27118-113611.manifest
deleted: 2/d/16f6b0705f23308cefc4d9a8976a0b-3138996.o
deleted: 5/4/83281c653be4e1bb86b984a36ffe8f-18123.manifest
deleted: 8/4/fa444c9f90b2cf121763a7023d81dc-1294862.o
deleted: d/9/d80e62b0248232c13afdddae420abf-5016555.o
deleted: f/2/173dceee95434760eb980432390c44-11984.manifest
deleted: 7/d/e2ab01fc07358c178ec4535e6c4aac-5006443.o
deleted: 7/3/9d0693caa80c695eb6144f76a985f9-9360.manifest
deleted: d/1/10b31b9c39af78b102a958f9df1f09-2829471.o
deleted: 9/4/419a6e5f9ae74c1f3f5dda704ce3a2-2717601.o
deleted: 8/2/61d7aa5e29f368fa9405801fe31dd5-7555.manifest
deleted: b/7/91e490e878762f35f00050c41aae38-7780.manifest
deleted: 7/1/fd4a7aa3fbaee2c306b67cc2d546b2-6751.manifest
deleted: c/3/ee807842436c2541cfccb6e1bf8b69-7348.manifest
deleted: 9/8/7603584038baed86a901111629c571-4435942.o
deleted: a/e/4e2a5413ffcfc485aeb2855a4c60e6-1579674.o
deleted: d/1/3e31e9c4841311c83a96f8fca0a351-4733288.o
deleted: 0/e/2342f7b92ec620bef7b8a17e9ed473-103517.manifest
deleted: d/3/669d9b3f8e6df06754dffe9450dec4-29733.manifest
deleted: 9/a/b1b8b8fb209a614e719f59d5761b1d-1372146.o
deleted: a/c/90410d45b8f32c9d8a664f715c8ebb-20125.manifest
deleted: 3/4/5699d88593914c07cae59475658c84-11420.manifest
deleted: b/b/22c252e210386a2edcfca58b621407-3025133.o
deleted: d/a/74df655c9adac5fdf4a62273c6ded1-1575.manifest
deleted: 0/d/be4570a81e4a620bba07dfd856dd5c-18480.manifest
deleted: 2/d/66e2d2338b0a92aa19566e561d96ba-3506117.o
deleted: d/e/2e92b81c1145d249b104cc8c905f11-3264825.o
deleted: a/8/166cc46bf418d636b056d94ea3f9bd-1544.manifest
deleted: a/e/6acf49168729fdc9eac48c91e571ae-2822059.o
deleted: 7/5/01e1066c6ebfac988c0a58cb6fab31-10421.manifest
deleted: 6/6/68f9260fe7f367999482173bcc93fb-1944158.o
deleted: 0/d/d249e752e5cce7ff3807a752e4f023-4703057.o
deleted: a/2/7bb6b3dcb08576533293f0990a1887-35730.manifest
deleted: d/9/a468cd1f76441bfffb733ef39b1b34-3079639.o
deleted: 7/2/e59921656ddb91816f79f549a723e9-2897006.o
deleted: 7/5/821866d14493f11689695f730d5234-10299.manifest
deleted: 3/5/9412d313167a89bc54d93f0b5e0e3a-24584.manifest
deleted: f/a/8af8600933a8b8b4439f9f10f623a6-2681166.o
deleted: f/c/a8bd7bb8181831052b2fa1714b055a-3203.manifest
deleted: f/7/eb2471ba3723fe6b869c2668f6f364-13646.manifest
deleted: 5/0/27322644e8ed6abd7205f93ca69d40-7677.manifest
deleted: f/a/4bf6443c1486a89a820adb24f246c4-3895.manifest
deleted: 2/d/672fc42640942727069b708fa93d05-7593.manifest
deleted: 0/e/2a0aa9d688e6c1fa986fa9a762b478-4081548.o
deleted: e/7/b61b078befe1f986af068d1feab474-3019148.o
deleted: c/5/d12444d94e3f6a0714a19ddb809f1f-5620314.o
deleted: 0/1/345fd1439c312edca8ccd7121fd887-5620314.o
deleted: f/c/deb5e826226ef7f44ee37ee1460785-51475.manifest
deleted: e/4/231aab1d430c11fc18e951b6efd261-1527562.o
deleted: 3/5/7778ef239336b0adeb375d3b56e153-32911.manifest
deleted: 7/e/10fc098ea237094c2c535c7dc37707-3076346.o
deleted: a/7/ad7ab80b2f7d6de8634b1be5f548d1-5544.manifest
deleted: a/8/b367c93e2d3b297e0fb20cfd121cc5-4492.manifest
deleted: a/e/4ee2114ff04f501d176fbfa7331c16-39985.manifest
deleted: 6/7/4bcecf65f772003be4cbe4e14e3f4b-3024380.o
deleted: 7/a/38fbe9ae1e48b8249dac251b5f4da4-2574286.o
deleted: 7/0/ee2e84d234e08269919c4573ce8442-4400987.o
deleted: a/e/51c8244d57b153864a998043546eb0-7112.manifest
deleted: 2/8/82c95961852d003977bdb0869aaac7-2729.manifest
deleted: d/0/835972246f0a80b038a076d50b7a04-2934.manifest
deleted: e/4/0b8bc92c74ba28391803bcf1ba89f9-11668.manifest
deleted: a/1/957d94d081af95401ec3acd0ee8ed2-2837824.o
deleted: a/3/5bb5899fc3c7bd56474a71c8328058-6153012.o
deleted: a/e/65a2dc3811846b5fca64f7fbfbf4ef-4128.manifest
deleted: 3/5/1709ea44d3b44a2d47775977f18d05-2158788.o
deleted: 6/5/0334f1b96ecbb9d7da169260492d73-1661.manifest
deleted: 7/c/ce734934acc24fc4169b307511386e-1601533.o
deleted: 5/d/02fe37454bdbbfd848278869453f45-15852.manifest
deleted: a/d/f4be06449a5b4aa552c39b209385ad-2898674.o
deleted: 7/e/35b44aabd4c0c7fa115cd3bcdfb311-5416880.o
deleted: 2/a/1217618e167527eb8d66c8cc8b1485-31229.manifest
deleted: e/2/a7d8ca0f7cb0debc4c6ee357f91693-2537459.o
deleted: d/e/38cc13cbc5b132d16d84cfa22250aa-4549.manifest
deleted: 6/0/e464634e6a99bfe59b32a08852f2a2-3186125.o
deleted: d/7/3a3b6c1591ae167ab0932c815879d0-4119996.o
deleted: 9/2/215fab372cab5c9a08d2aa488f209d-9348.manifest
deleted: 8/7/816df598061671b9bbb133df135669-5669050.o
deleted: a/7/7b44d76dcfb798e8265345a66aef9d-2728.manifest
deleted: 3/b/2d716df5bc2b366d8858eb8d0fd933-3398512.o
deleted: 0/6/93dbb1c4db8ea2b822f6b2b302a495-4439302.o
deleted: 9/6/1dc0f1dc2c55372bdaf537a570199c-2951754.o
deleted: a/d/6c267353e7ec0812eceacf4eeca242-1782231.o
deleted: a/d/24dc4abff1264c16f75b342cc4e9ba-1341009.o
deleted: a/e/58610af51f83132725ac5601a0445c-2538163.o
deleted: 5/4/784d90f7e2d9c6babcac04a8390044-19214.manifest
deleted: 7/7/15b63924908621feb575bbaaa1d25f-7348.manifest
deleted: 7/d/d399ae9fc76d04bbb1e8771b2a3220-2490901.o
deleted: a/e/51dbfef8ef122b18555aa6f5411a5d-1782231.o
deleted: 0/7/1403f81ffb46298e786f5dd062cc00-6576.manifest
deleted: 7/0/7bc28f225bcd2b62ec2a7571b0d464-4567833.o
deleted: f/d/96e9caa53a540a1bb7d55d9152897b-7482238.o
deleted: 8/7/135b7b9a0d78841970820877ed1d09-51475.manifest
deleted: 2/d/306bac216928d5b9db1fd4b048c354-5593.manifest
deleted: f/9/b4bcd19354938ed7615e12b8cd01ce-3350477.o
deleted: 7/b/232cf6dd057adca566ea1b06b4432d-3078.manifest
deleted: f/a/fcf72ec339003b3937788bcf5e8afc-272724.o
deleted: 7/c/fd2352224272398c35ce4570b1f4f9-7404876.o
deleted: b/a/74fdccd27019da61f93c8c00fbc978-4441828.o
deleted: d/d/f2305853dd21ddb09218b32001bf6f-3166174.o
deleted: a/8/fe524ca6d56bd72c9ab3c98e77b0c4-6554861.o
deleted: a/3/e36e64f9ef6dec68e5092225faa5a4-43577.manifest
deleted: d/c/dd7d919fd34fcfd48516c681c62278-11139.manifest
deleted: d/d/e378e8ac3b91d6c7da0f62b525daeb-762256.o
deleted: 5/0/b7e500c33010ca5b3486b01faacd50-5934.manifest
deleted: 9/1/1616475da5e9d4e2c29252f0cc7704-2676.manifest
deleted: d/4/96c1f8a146ebc77bef6f16bf3e6176-10425.manifest
deleted: e/2/34dae50714b49db6ffa13b8fd3afca-4119996.o
deleted: 5/2/3eb8fc97fda88d2fabd1fb1dd3fd43-18466.manifest
deleted: 7/6/6217a72c8f1c4cb0ce55b69b7cedaa-2899863.o
deleted: a/9/70ddd68be58cfc72b89afb9c983667-58177.manifest
deleted: a/9/cfb5f4fe4afb521e86053416b5bc1b-20824.manifest
deleted: e/1/34de03a25df841af5a487437fc088f-30788.manifest
deleted: 0/d/7c9158640c6177b1adbdc235a306ea-5555.manifest
deleted: 7/b/23e2aead07bba43ecb9c5b644d47c1-262058.o
deleted: 2/d/47a43710a7876e9769117c369026d5-11210.manifest
deleted: b/6/39c0c88b7fbbcfeaefc89990b1eaf7-3166174.o
deleted: 8/7/5f9b2f8fb247fc7553b3f7616d4da8-51475.manifest
deleted: a/b/81b83cf078213f86ec1f04acbcec1c-1579674.o
deleted: a/1/f4eefc3b145491b029a15f1db764d2-5123893.o
deleted: 2/b/cf8b9a6635a55572e431dddcfca6ca-3276808.o
deleted: 9/5/46c92d62e1108c73a0293657b24c8d-4970854.o
deleted: c/0/323151f41dd9defd108d0d976e11ca-2899966.o
deleted: 5/9/0e0c58024cb8f44c949dc97f30bffd-1535010.o
deleted: 7/8/da5ebb4de399db1249919b6e557489-34049.manifest
deleted: d/9/e482bfa8ac486ccd3d3b5071abc9fb-4492.manifest
deleted: 5/0/45f59103e546fd932edd394cbc19ae-2631960.o
deleted: 7/7/f881478aa73210011696ce5fc6f24b-3948.manifest
deleted: f/3/0f32e7678fe7d6eeefb1e868a44295-2905546.o
deleted: 0/2/1e14a7a2b503036ebb15b8931d066e-2832289.o
deleted: 8/4/9aba8dfee3dcc46ef72d9018c87af4-1346933.o
deleted: 2/0/904d5194018ecb51bc7019f4c9b8ab-2628181.o
deleted: 0/8/8988e98502cbd3761060af81d5abf2-2817838.o
deleted: 8/0/48d5c7576fd039e64dea4928512b6d-3683119.o
deleted: 2/4/c61048a027040ebe7bd2ec716ec0ae-7115774.o
deleted: 7/d/ca2dc29ef8e030903e16034b98740f-2526841.o
deleted: 2/d/38bbdc232a2d9e17694724a7414978-3561.manifest
deleted: 7/9/497a9896813c67d984294be874c5e3-6786519.o
deleted: 0/4/54ef764154e196eb5fe471571ae95e-2101848.o
deleted: 6/2/572fb95aa0664697c875732f26a138-47238.manifest
deleted: 7/e/0771162ff69ff913fa9088288a0a76-2897006.o
deleted: f/2/1dd186ee9fec1ef4ae4a65fddee425-1435.manifest
deleted: a/d/0dc7a99d1f31ccab3047bdc1e714f5-2373189.o
deleted: b/c/205863fb39ac2f537addde75ae5e4d-1341671.o
deleted: a/b/373debc8668f84a49909344bc1cb06-2797513.o
deleted: e/0/000647d81c344a46cc2bfc893bd34b-1755350.o
deleted: 2/d/2423a775f2a13d2f3c1e713a469928-3506475.o
deleted: 0/2/d8cfae2a5aeb51d97da84fefbd338a-13653.manifest
deleted: b/a/3f529c9e8d7d24640fccd99c312633-303549.o
deleted: 6/2/dac82e15a14f75093ab4248cc4691c-4765639.o
deleted: 0/b/c482afa1d1e2bd1c6d5b81ff230c50-5226.manifest
deleted: 2/1/90914504aff416f6a0da404ba84948-4503247.o
deleted: 7/3/68560f0dc7715da10f8365a61fc6d2-1543930.o
deleted: 9/0/1571938a90c9be33425c045f721e1b-39985.manifest
deleted: a/3/0a47ec8bd878650071d1f067c5ec24-1612775.o
deleted: 0/e/23de902bc80b44dbeca01decbac29a-6573434.o
deleted: b/7/06b16cc0458a3cb4f0c7bedaa6bbab-6690.manifest
deleted: a/9/f450b320706eea86e5f0172e5fdf75-4075483.o
deleted: a/e/1e46eb47907a7e4107c724b16503a2-3367093.o
deleted: 7/d/e4c325538ee362b7ca066966c803b1-4128.manifest
deleted: a/b/197ffbecc4f2a465dd4b64af14e402-2049966.o
deleted: e/a/01aa12507cb79cc76660b49e12dfb5-4934649.o
deleted: 0/9/874d601fa6b0a57fa8c50678981ea8-2987982.o
deleted: 8/0/4564bbf9b214191fc5b52251d023e3-2398992.o
deleted: 9/7/9795d33453f38155d1f668b11a784b-3732.manifest
deleted: 3/3/df0d5ac61e716acaa849b4f65dc267-2580860.o
deleted: 7/2/76af6d7db56872267e4510f8e70382-3002631.o
deleted: a/d/624e203a7bdb327daa20f54b5a9707-2056618.o
deleted: 0/5/8c8022f7cc74077b7a534f705e0586-1582.manifest
deleted: 5/a/47ea3e0e8fe142914a65524168ac05-21844.manifest
deleted: 2/4/9a5e3f02c69c9bb270b646248af29e-5624.manifest
deleted: 7/e/2a14fb00ffaac8c13fc1eb1d1a3d37-2728.manifest
deleted: c/3/ed9d86a3b3495b248876a5ad73a849-6032.manifest
deleted: a/e/385391db0fe7286e919ffd9bb6e042-4224940.o
deleted: 8/2/a575af10359f7422f6653c035a7c58-1015939.o
deleted: 6/3/d79b8c7ffb380574cac1aeab1295b7-1916043.o
deleted: b/c/edff600458e800a3d61d29198324fc-1341671.o
deleted: f/6/53f263b9b420ff43f5bc2a7ef6c02e-1334129.o
deleted: f/9/efa0a51edc3981598441d5fa629142-1338917.o
deleted: d/b/8df3eea08a444feabf2a9a1e178ccb-4614830.o
deleted: a/e/26adddd22323e89d13de8b69430bc6-5942.manifest
deleted: 7/e/507bccb30c0fb10defe4e47fc08cc7-5006519.o
deleted: 8/0/79224607efe2874168d49d55386da3-27451.manifest
deleted: 6/5/efcc120f04ad77dde65e633dcb0362-5062831.o
deleted: 6/3/a6930b1d64170a903dc97a70c23ca5-1352825.o
deleted: b/8/9f06b81243ec68af2a1bf4de27da6a-1540658.o
deleted: a/c/04e1b8cf9dfd7b2a29956670bec713-3091157.o
deleted: 0/0/26889232b93979e8701efbab65c667-2701619.o
deleted: 0/1/97843bb48a9af132adfbb9098612e7-105209.o
deleted: b/c/42a4377f71c74a98578153f1b82553-11668.manifest
deleted: 9/b/5c90943e0a80f2c31737d6a1b078ba-4543663.o
deleted: a/d/24eb107f0d44be2b55683cde904ef3-3131059.o
deleted: 7/3/392317d61a9408682dd178b4de9d41-7401.manifest
deleted: e/7/b4d70896c7aa218e1512fcc48a9ccd-2292626.o
deleted: 7/6/40946216fd4358c73bbfa48b370ecc-6135.manifest
deleted: 9/9/e8515e15a22f630d8828ac1af810a7-11853.manifest
deleted: 2/d/626bf847ff9fb0ad40a025877b8af2-13146.manifest
deleted: 7/d/f36062a30bc05a7666ccea8f326d13-13936.manifest
deleted: 2/d/59d9540f088dc1cf258befd72c0472-7209.manifest
deleted: a/e/1e4322d3556421444e011d434e0662-3503.manifest
deleted: 7/b/c2440e0d57c8cc696945676e7d62d1-2607491.o
deleted: 2/d/1fe0d4d61baa62aac4ca298756bf4c-5768.manifest
deleted: 7/e/3ea43615e1fb5c16176c49fe51fc85-2835014.o
deleted: f/1/9e0ba8b827f1b55d0d58eb79f398d0-7593.manifest
deleted: 0/9/c0e0de58d9d87a16040f730fdd1a4a-11668.manifest
deleted: 2/a/0cd551746a61be86ec6b54fc102cc7-5226.manifest
deleted: b/c/80848c92d4d05e6d4142f947d5bd8b-13024.manifest
deleted: a/1/db5dbadbc2dce9744ffc3e213da603-1835.manifest
deleted: c/0/de0634918f3b56cd1b90ccd2215ce8-2832289.o
deleted: 2/b/2838048496d8bc4fcb4822565d2736-37133.manifest
ccache cache size is 162Mb.
Uploading cache ccache...