SHA for cache folders (/tmp/ccache_dir) is '47f0547fc2f82dc2284025a306c85f3aae08311bb251adffd205ed5ba13ece4f'
Cache ccache has changed!
List of changes for cache folders (/tmp/ccache_dir):
modified: 5/f/eep6sai09pt95486e9qgg3599fklvt8M
modified: 5/8/c1e6ut6rt3hepa7h53k8stb21gtc7emR
modified: b/a/3d7acsu1078v5i6cbr1vjaut9m7fsl0R
modified: 2/6/stats
created: 8/d/460thhumnir6qb9ui7vbpmehejt599qR
modified: d/7/703iak1pk4jhn8euqobhns5kfsbq8foR
modified: 2/1/stats
modified: 5/3/stats
modified: 5/f/stats
created: 8/4/f5g19vq2brm25doif0l9emgp62ok2f6M
modified: b/0/476atiqn8vgpl8v77cb2nnpl435188iR
modified: 2/1/ebm3qo0fh6nrptmbtrp273hn05ghqg8M
modified: 4/c/stats
modified: 6/1/04ok519p6gj1qiujkkg11oo3u5jko12M
modified: 5/b/49ifb95sq2lqlk1820kbvrn8f1svrpeM
modified: 3/f/stats
modified: 8/e/stats
modified: c/6/55h5ht9jf549dljes1usss2dljrqie2M
modified: 3/0/stats
modified: 7/d/4b4rc84jrufl0kdv239c2l93j6s8p7sM
created: d/c/c9jemfbmafrfs8p6hu7hg7d4lvkloq2R
modified: 7/3/ef0uu8v3t2jfac2ftnagl3cb4s7920cR
modified: 9/2/daaatpbhm31qbtoujn4geun6bfkklb6R
modified: d/5/0bpuan56t1p61af4nv0h5a2odemjs2uM
created: d/b/6fuk76tqdlnaaguoqir9p3esnsr09u2R
modified: e/3/2dac7rm8hdjr0r31satec6rbhl5bje2M
modified: 2/a/5bqotil5vtgfgkfab4q6vrj2kqihu9cM
modified: 5/4/b2coqmfh55o5na5i13k4c7e48oiptq8R
modified: 7/1/9fb1a3debapc21ksd1mfu1ndk2c5nm4M
modified: 7/e/stats
created: 2/c/4d5sbe00nlq4gi4043m276v5jtg02guR
modified: 8/1/799spgqfba6e3tvqbjqq6qo2t0bk70cR
created: 1/a/66mbhhrdoiqfj6l4e3n0op35mob1faeM
created: d/3/1c0nef62apfibqmus5d0bsbohmhhirqR
modified: 5/4/1e9avrhfjicsofd4pe9atikhko8sh3mM
created: c/d/5cplviejecva6tns7pibd6h4uelj6hsR
modified: 2/0/41ijkduigd7gu6rsnvrvsqrdoho1qiiR
modified: 4/e/stats
modified: d/6/stats
modified: 6/0/stats
modified: b/8/c3cd65nkm7ofs8see1pdr7f1m03nm1iR
modified: 1/f/stats
modified: 6/7/59djn9o9fdulgg6ag8nnuipn5svn4seR
created: 8/c/28jq5aj1rdnr8omv3pdbh7bflv5h03eM
modified: a/6/stats
modified: e/f/stats
modified: 2/3/b7gjm6dc51fsh087jm5upvs8i7ogfr8M
modified: a/2/0aaf7nvj3fqq7erpf0690e4o12rop8kR
modified: f/8/stats
modified: a/d/stats
modified: 4/a/stats
modified: 2/0/f4edp1j3drla9dfqp51eqko09ke6ec4R
modified: c/8/96uhi4qlhm9hbcb20072nftvo7nopi0R
modified: c/b/37hvrpneabaegrag3lqpaebth968gb2M
created: 7/7/4ainlklesao97rd91361qdbmiv616gkR
modified: 9/2/7190948om4el3ahtht04rv1hop0hfdsR
created: 0/7/315d83lrlvno474rqcclr51fp2rmgiuR
modified: b/0/f3predf9g799bf2isvhoq7j2qn65l4eM
modified: 7/d/acvcncusks3la1haa6se2d2vuphmd5iR
created: f/9/34o4ej59au3aj0h12e17nhpfcn2sne0R
modified: 6/7/stats
modified: a/4/bduehsmmg67o45v55sdbi1bnh06g4dmR
modified: a/4/stats
modified: 2/a/a422v330j6hl8q6o3chfo0no2ckf6lkM
modified: 9/0/stats
modified: 9/0/1am773uf7k8vc1gf6rjkadljl1nhu04M
modified: 2/9/94gct4u4k1qno0vfadt1nufs81in1rgM
modified: 5/7/41p2ln2lc0nuh3e35ag54pus0veot1uM
modified: 9/2/8281sd4ahr3vtt7pm411nmomvnih646M
created: b/f/107lkt144cdo6igtlcp3tji1pklabjcR
modified: 7/4/2d1tng295qiq2ilp3u5jkgrsc0qbebiR
modified: 9/0/f9n0eeu49795n6cuqh9hgq1rj7rbf3uM
modified: 0/9/stats
modified: 4/4/f1t2sitojiqq101akcebjhvje27jgvqM
modified: a/9/stats
created: 8/6/06n7s9e99hgegkrc6p4gj6bhujpfvgiM
modified: 6/7/61kslgbnhuic37sqbef19fj4f158ctcR
modified: c/e/56ib4i8tqe6shun27v2dmbh7ra8g1f0M
modified: b/e/stats
modified: 6/5/286db5tl4srs7886o1gdqsqpvot0no8M
modified: 2/7/stats
modified: 9/8/34u90uqvid0tgfate2n8kkv7f77cg6kR
modified: d/a/9314kr0vu8faddouf95c5oq41j7us86M
modified: e/e/e6k49kvd9pcduluef8lih71lnbucbk6M
modified: c/3/e61l77a6td83s48c4a1gcbiooihuec4M
modified: e/b/stats
modified: 5/d/c57tbmpufro79g2sp3e31nr01gvui52M
modified: 0/1/stats
modified: 3/7/f6sol0ral9qj4jro3g8s1rcusjm01ecM
modified: d/d/3f9q3nqgbh2rj9up7kpiq2ah68rgqosM
modified: 9/1/stats
modified: c/9/d3dan93e3jvt5fjkk90ljv9pncrnb14R
modified: 5/e/stats
modified: b/2/stats
modified: 7/0/7ai95jkjplvqtk7nrkemojerufvul6gM
modified: d/3/960tqqr77kc5mc0us00nak4mffs2ifeR
modified: b/4/edhp5m63cd3n27p7vouqje0tf8a8cc0R
modified: 8/3/stats
modified: d/7/29ol1c055tif67m7pegv41uiej8dj62M
modified: d/6/a14ilre627d4pv5lkb0q9p4rg1ei3auM
modified: 2/b/d4knsjb1r7iaqgfk7pph4sdnjo0l5umR
modified: 3/9/stats
modified: c/9/d0deknrr370am95m8cc3e48f1bgsfm8M
modified: c/b/4737lscgu5o30ro8da1179mq0teh6heR
modified: 7/4/52bav44tsup0ltbmccdbdvdaqfgee0cM
modified: 6/2/52gh9ca5s9sri2qm93qo0al59g1meckM
modified: 9/f/stats
modified: e/6/stats
modified: 7/4/stats
modified: d/1/c6p62i6kct188hq962i27d53gpvo8diM
modified: 4/7/stats
modified: 9/2/7erettt3ks417ebs7epue5rinrf9h1qR
modified: d/4/20vpcv40hckgt8nv23v0dfajuk9vnjsR
modified: 0/5/c6c4rnhh3egrlmcg85457tv9bbeoi3cM
modified: 0/f/stats
created: 8/5/67dsimte18l5244unqji6ov8ldq3mhiR
modified: 2/9/b5rd27jn7ve607ge4aq1053sd97202aR
modified: 9/4/3f1to9ned7nn0vg4l4re4c1tv2j9j3kM
modified: 1/9/stats
modified: 3/1/650jk3dei33kedjc8nnefjqhdn3qsn6M
modified: 3/4/190s6c0tjavk7p3v40alp75nnbhp68mM
modified: c/f/e00shesl49n4ot3h8q468utiipqac9gM
modified: c/e/0bn455l6neuieikr5g6ardvj46e3pc4R
modified: 1/3/stats
modified: 4/9/stats
modified: 2/8/d81bvd59ug5tp6p7d7eerv8pdb3dcg8M
modified: 5/2/bd0k1eao0kab1go7025b809ss1i8ltgM
created: 4/4/ddgs8e85l7udjqp4nfmlkhp90pvlj4aM
created: 6/5/01tuh624i9ksun7u62gap144855f6tgR
modified: b/d/stats
modified: f/2/a254gj08rovadjra6gk5ltl7vfqoepmR
modified: c/1/71n7freh40k56s0eushnb1tinfnb77sR
created: d/5/d59vbu7btalj9818c3gtmvofg1hi50kM
modified: 9/8/stats
modified: d/a/88408jie90mmishqedm0pcs8pc43lm0R
modified: e/4/34p1fpaakio46g1f0sj0mrnr66jiin2M
modified: 8/a/stats
modified: 2/d/stats
modified: a/5/91sknbd1a8sa13j83s0plcmi2rh9cb6M
modified: 7/0/64v5o71cels3ufrlsol2j98lnm1ad4kR
modified: 9/7/stats
modified: 0/1/98a0nbo3u5spf807dgei0coqc2psragR
modified: 3/d/87sv2ar06gr4521gtam2stsqjmfrstmM
modified: 9/3/383dpvg6enoet81k4rr2drm0llfa6okR
modified: 0/b/stats
modified: 1/d/stats
modified: b/0/bcf8r4lmmt0us1fmeafncm7es2af1igR
modified: e/3/515ir0ekhsoisuus73ab9h69ufq0vgmR
modified: 2/5/f3bp7jp0mkmdnjao622fej12r6v0kn4M
modified: 6/b/stats
modified: 2/e/stats
modified: 7/d/stats
modified: e/1/a3esmmp6hmau0jflu2qg99vhcskcj4sR
modified: f/0/2f4lbutm991nba5aipm279jkgo65fu0M
modified: e/0/c9ti77s08ksfbuus4vqhes39b12qta2R
modified: 0/3/stats
modified: 4/2/stats
modified: 9/3/ae81l3br941sepcoi4qk3s97e4bo0usR
modified: c/1/615ksccg38gnf2sa3g5u67nd37phoasM
modified: 1/5/46nnt9klb16q1ms06db2u0k9ime93t2M
modified: 9/8/ccu4i07kcom3q7s2ffvtgujdglaogekR
modified: 6/2/3cpt1qilssne0c0vc3k9p8daeubdb5gM
modified: 9/5/bf5n5jq5l3s42shgtpc93g8ijgkke2uM
modified: 7/b/stats
modified: 8/c/stats
modified: 4/2/b27sop3vol0phfher0221hm3u37c06oR
modified: 9/6/97u0nson6bet5743gfsq271i3ieagtcM
created: d/b/1ai47alp3lrn8sm72kql7hnoe6dk9vuR
modified: 7/7/51fqjmno073r6tuvpq3aipkp5mf72riR
created: d/f/1ak8h6io271utdmb610q39jkpd9d4rmM
modified: b/7/stats
modified: c/4/eedqlm7thsg3g5jhcn1t6strkebcm0qM
modified: 4/8/05q104t05rf9jdtf9r1c8nc2f6b2h0aM
modified: 0/8/08cth71g69jq204o1go2uqlcptmtb18R
created: 3/e/54bo3jg3uqml08tcejimbu730fokr8mR
modified: a/b/stats
modified: a/f/stats
modified: c/1/ddbr8h4cfl8pqg8ina4nihqabhs59eeM
modified: e/0/26sd9j3v4kn5o05k9imk0sm17chobluR
modified: 6/6/cfbtd5p7mibrvtfj30cbfipb9nep4voR
modified: 9/6/stats
modified: 2/b/stats
modified: 2/9/c40t3emnj22u63tu7cekqdg5l3h51e4R
modified: 4/0/4a59kuvt128i83flj9jpnue9uilkqfcM
modified: 7/1/stats
modified: e/8/ebbbash5pet9t71tsnvn5fecaq1ll16R
modified: c/5/35qef67jrje89bpuaiem7j5frcl5hteM
modified: 2/9/b6i2lj5f9vco50r851il2jf40lkpftsR
modified: 7/0/stats
modified: b/5/00rh09cv1g748gej435q3o5totf1084R
modified: d/c/10ug0rf59gu2v8qb24hb6toalqe4l48M
created: 8/5/51jr822vr2duu1ept0vqlsrgomfqi3gR
modified: d/1/44hu5btar8h39ovtvm99ec86ggtdnd8R
modified: 1/3/2f3sr4kmt3c63jt6avrlfb4c3b9kmt6M
modified: d/6/beu0ukqto61t22ee74p289kis395s14R
modified: e/b/8ane2te0bssik7sl4plmgob6jgj2jtcR
modified: 1/3/a9kbsqd6i44iaebhbil93p72h3qkp7uM
modified: 1/0/a60oijfpfia2r2rpa3vuupvphopiptuR
modified: e/9/fek02uup8mq8plu0deur9b2fptqal6oM
modified: e/c/stats
modified: 6/5/4d15ghb50qqtrc7s0dt0f0cvs8bqljuR
modified: f/6/stats
modified: 6/5/7903p756alrepk0d5e42aeq3n9p26a8M
modified: d/0/6e87iclhda182u4njf3ksdkrj7lmvfoM
modified: 1/6/stats
modified: 3/stats
modified: 5/3/eas7ek4qld9c3hh53h7gr97gvb4dc9oM
modified: 9/2/3a16gscgpotr50a60et9ccrh3vag956M
modified: a/2/38seoqfoa4df39i97b0hbslo8fb139kR
modified: 2/a/1d2jt6t1m3snncl5f5a8e626tqrvb3qR
modified: 2/a/d1hd605ndtsbhob5fjtf385c0nrmgr2M
modified: c/0/7f3s7eiut337imliirs2khiar00qdj4R
created: d/b/e4avsrb7pvkmo7f5of7d368vub3f0fsM
modified: 3/c/702t5r6f7mjcfs7fajebkqhg3uve4g4M
modified: 2/9/stats
modified: 9/0/78uob83a5p4v7j0latvm1g7h4rfmpmsM
modified: b/0/stats
modified: 2/6/4cd8knp7bidqa62pmp0ajgfhc05btl2R
modified: 6/b/bf5ugasao3u8q9e5gah05gva228geisM
modified: f/e/stats
modified: 0/5/9a3vkhb13lhrumalhjadt0i0aov2k4qM
modified: 5/8/07cph4mkqigurpu2p966p6mii3fc1c4M
modified: 6/stats
modified: d/8/4etbqb4etchqe0i60m4lajmjs5u13e6M
modified: 1/7/stats
modified: 3/2/fcha6ufg17ihqf4l3h54u9mk8r7852mR
modified: e/5/b5bckukc9ic6953bqcu2pbmb4m66ji4M
modified: a/a/stats
created: d/e/9e8gk2v4fem3lmc122s5324oiihcq9aR
modified: 5/7/adn2mpigdvm39vu5ugvt82gq6rbahbcR
modified: 3/6/stats
modified: c/b/28dl2qbfkrevncjqu704pjtf69517o2R
modified: c/4/deqn65t3vu0ldd2kig1l6sonj6kgl62M
modified: f/0/6238scoeeqhhnphjputn81ch9969htiM
modified: 2/4/10nlh55tloj2rso57fkbg8lc8mjjp9iR
modified: 5/5/stats
modified: 7/2/47jh3ufgudmdvsujo03t2gk5ankfp9kR
modified: c/3/92a4sa6r6tsgu4rgdsv25fi249qig1iR
created: d/9/d5koka38aj982coedof4nrorhncolfuM
modified: a/0/c0nbf2a8icts911kjjrmvrj1qt6mbkeM
modified: 0/4/4b64v4thv6kn2q73p3nbdbit24ce2lkM
modified: 4/2/cfs09ljk55emibv8iihh6504n0tntjsM
modified: b/2/f430t197m4fotcnera98tbgom8rg07uR
modified: f/2/stats
modified: 3/2/d9qtv1fdd32q2qfb04subk0r4daij96R
modified: 3/c/stats
modified: a/8/0b1laue76jomcrucbhggcgk9efsvkvqM
modified: e/4/b0oniqi6103a0c3s9rm4bmbkdv4tfhgM
modified: a/0/b5lcmhunr0bjgftjltbabqmhpateek6M
modified: 2/5/cfuo1eo8s0933empv6ervc1hj9me9hiR
modified: e/1/49nik6hoojlq5dm43jrueo3niemlpaqM
modified: 2/3/stats
modified: e/3/stats
modified: 6/2/21hf35a9eoa12ank6sb8mttgfio4ok8R
modified: 1/4/7f4lo8fkreihfocsel44d9ilg54au7sM
modified: 9/0/b0h06o5pl2s2l5clb35gu4lq4eknuv0R
modified: f/a/stats
created: c/6/80ekb30pi62sjol58ipa4u58vr6hvgqR
modified: e/6/ddn8iirh8o5c06qglcem1bmblmnocl6R
modified: 2/2/f39cq04l6516ce07usdj73v7tmedc36R
modified: e/6/6c348g8b0fek3ac2s5k9a22hltpi9p0R
modified: d/c/stats
modified: 6/c/34b8dectqo0bqq2dc4dqq5ksvd88e70M
modified: b/9/43laa9r2g4klkn68qnvpasa9e8qhj4kR
created: 3/c/1620p48jan6rrcq62tfnq1uvsliqdugR
modified: 9/4/stats
modified: d/a/2cjsvbv2fdlm16ugl95a44u4s7kq8k8M
modified: d/8/7fmq2nc0433msb55nshp3d8m8bi6gmsM
modified: a/2/stats
modified: 2/0/stats
created: 8/3/a8bm7p7hprtvp1nde24nqoluehv0mguR
modified: a/0/stats
modified: 7/3/stats
modified: e/b/f7iuaq96js9898571pfjugk2dq8lvtqM
modified: b/0/e4gc4jedmf2pj0ds8h7en866qfvt712M
created: d/b/3br8d74ubp2jlqnqep1uad89qai3b60R
modified: f/3/stats
created: 4/a/22nvqka1k7ilitdaegoi4sjtcef6j3iR
modified: 5/7/stats
modified: c/stats
created: d/4/abp8u6hqtfbe8ovejrbhmlslvpujcmmM
modified: 2/1/ee9su76o08qf3ldo7d2b91ts1u845osM
created: 4/7/54724ve6mh8qphnj3jn45q9rmfgclk8R
modified: c/a/54jce7cv9edtv91kh1ooq9k1vq441o6M
modified: 5/8/2bcmk4gf4cgdp3d6hle7qilmius90l2M
modified: 7/4/aeu4mv16u5vuk2k8mt25tggoqtvbvumR
modified: 6/2/stats
modified: 1/b/stats
modified: 2/0/1esd1jm4nlk04glpqaa4u89ssrv82kqM
modified: 5/5/0bb9r545ipbjar3kjck5gtnjgk3itjkR
created: d/2/3854n1u5p8vnrtmljd47v29i1nqknmgM
modified: f/4/stats
modified: 3/9/6dc96krj4othimut2v3q7ojbq8tpqguR
modified: 4/6/stats
modified: a/f/c7uqj89i3crteaedd738t4joun81ubmR
modified: 1/4/stats
created: 8/5/2fv8udcloe90bcls60k6u5rfcjnctcqR
modified: a/c/stats
created: d/4/dblad3u0929gktbts4us36it1t00cloM
created: 9/2/47q3tfek4jspsqaqni5lt6f6fjsmtgsR
modified: c/f/stats
modified: 2/5/stats
modified: 3/5/18hvjjjoeochok9jhk6f0dcg6clsv0cM
modified: 3/5/19uonafs2r175aeaofvn0ot9444qprmM
modified: c/4/62d3cthd07sq5h8ca0s2o8glkl18864R
modified: 0/5/stats
modified: 9/3/stats
modified: 9/d/e4n3anu8q7dtni8aopkqmn8ve1h834aM
modified: 7/5/c70mrcpq4rlgsn7gt17dpqhgn6eal7gM
modified: 5/3/a7d408e9vcps2vlbi5bi0knrdsjuhicM
modified: 9/6/3b0o9n2ik03ipisn5h9fhvlcmk23p5aM
modified: d/3/6f3dpn2ovs7fsa21b1l8q7g7br0um4sM
modified: 4/f/stats
modified: 5/4/stats
modified: 5/f/90gt3b89fafajg202sdouud76lv970mR
modified: d/3/6876ldm7ba2fl165n3tm7m6q4j6me22M
created: 9/8/3a215v2l742nl6al75n01b40lfqa8riR
modified: a/6/8aht984fpmqqudut941n2jqt2f16e9uM
created: e/b/cfepb6egaasvotpsi5mat4hreficjl2R
modified: 0/0/da1ps0qb0uunovog8pu1ahv6al3ti5qM
modified: 8/4/stats
modified: 7/2/bau5si00cabtseecqeo559onad33sbcR
modified: c/6/1abpe9uo2btek8n5q1tpuctrg8tcm88R
modified: c/c/339s17qhk90cmu0k87g6ql6l12l2b4gR
modified: e/b/eaodpika6sf8cm5kp5ilpq3j3e7fmd0R
modified: 4/1/1564qb6eff8pkqclhr53dlain3iadj4R
created: e/5/0124735qoficgsgsdla9n637822alpsM
modified: e/1/caf70umbl080ba6786ga66udr4fgdfuM
modified: 8/f/stats
modified: e/0/988c4uhi51ms483ivtat2gmm413o8scR
modified: e/4/1936nhghq0o89jilrkocg1u3k14lbomM
created: 8/f/6bkr0mqm1eepgbhij0g54jt6ds14tagR
modified: 9/5/stats
modified: 4/5/beak0d3pi9e46pfb0410mu9rce39p0eR
modified: c/7/echshl0n6e93aibo396t63192u2hijkR
modified: e/3/e17si8jnl0kb3cfbvd6v6gsjsbsgh5gR
modified: 5/c/8fjlt6doq664ss7dd4vc1gru0hba30cM
modified: 9/2/8co9s23qc1fp92v4s129sdojth9g24uM
modified: 2/8/d9l3k59pbl4f83tcpsvmnqe9sio1ekaM
modified: 3/1/c661s51v1c7qf8h50brhgkna2sinvv0M
modified: 9/9/9dmsgc30eki548svjckfag6umh9k1i4M
modified: e/3/5d7rn883cspj3pctp129lhks4acg6cqR
modified: 2/6/2847ugag1jtb4s0dlj2d132bo2saf0kR
modified: 3/8/stats
modified: 8/0/45f0q2lj0kg99so55ldthu9g49msq8eR
modified: 7/1/d0aukorf8q2n8kmct5njqudv3dshcmaM
modified: 7/2/stats
modified: b/f/stats
modified: 6/5/261ili1no2hbc4psfnv92g7kdlrfps6M
modified: 0/4/d86q1k9ma3br946j7mlouqhb615p8msR
modified: 6/4/stats
modified: e/2/135agebtnfaaitekgvnesob6ett6ajsM
created: 2/c/f2p42q1c84dvp0pejimoqef43qp1utkR
created: d/6/9cdgno6of7hs3bg1bamns754so1e682R
modified: 2/0/3adeeunet880q7nue3rpkqo1h4canc8M
modified: d/stats
modified: 6/3/24nml9bil5ub24af4a36086o6c2b28aR
modified: 4/0/stats
modified: 6/8/stats
modified: b/8/8apr24f1ce64nckcv5v4mpg1h6kcrruR
modified: c/8/stats
modified: 8/1/55i19rilnkhmgjfr6hti8rs4hkncbgaM
created: 9/f/acgv3d7smnv018t38rrvodf4d4vdrvuR
modified: a/2/71unknebjo01nef0sb2ag8q27trh5iiM
created: d/c/a6ooklfi5s5hh4rsmi2so1ci8p4e2qsM
modified: a/3/ec12v7dj22dmo52upd6bc41c6ai3850M
modified: 9/2/316s1pv019r3c3ekkn4ragnibqm2l6eM
modified: 1/3/5cbmrg9jof5p37utd2h6ss89to7ur5sR
modified: 5/3/a373u4v6pga6hvfp3jmgku9v2gnp1vuR
modified: 6/9/ecq9u5a171kdr6gojql5dtid6ukar08M
modified: 5/1/stats
modified: 9/0/27lmcsif3me2trppihgmg1llo4f5n1mR
modified: b/9/61er0j5lghn216njnp2bclr4cds7ca0M
modified: d/0/a95fsib7o3f1dm13msm87ce48ungoruM
created: f/f/4fl3sipqjck06p46hpakog6j3pbc9v2R
created: 3/8/57iosn3vaqgur5cafab9758sbvsu2aeR
modified: 4/1/19lp02hnign4lr8gcfu4kjl0208m62eR
modified: 0/2/20pkrkltv4cbett36q8hl1o1v8tv8l4R
modified: 6/a/stats
modified: 4/7/73vuai276h2p79aqgd2retj6muug4icR
modified: c/0/46om39ffu97soggubjeetpg6ac84o8sM
modified: e/5/c7mu4bm9u6hu5k88tffrid7pmpb87duM
modified: c/3/stats
modified: 6/e/stats
modified: c/a/stats
modified: d/d/stats
modified: c/e/fdvpftbcgrb3nkm94ekjl9ajs0159agM
modified: 0/1/68ojvgncirig23nslc3ut24bn6e6f2sR
modified: 0/8/4cqdrhd9hr5nuaaet30ok1nvqd326niR
created: 6/2/f56c0475onbo1q66d3u1225ros6135uM
modified: 3/0/e67uju793m7nhgii8lclqan0ni32pj6R
modified: 7/b/938n8rsfn29380ab14sdudeippc5g8gM
modified: 3/0/639dpqajfodskctf9a2o0skckdvu3r0R
modified: e/e/stats
modified: a/4/63carnqhedchocq0s2vtt3h42eo71qeM
created: d/b/b21ngh4m8ok19ql3hqrc82it6jfbqa6R
modified: e/4/stats
modified: e/d/9fus2f5n9c6u7etk8m7cbbosi9ppv4iM
created: a/5/e6prusec5btg1sbbndkdldoi8qjv7c6R
created: d/a/6eeau61er1e8oo41anukrepsak0h9d0M
modified: d/e/stats
modified: e/4/03npq1f2mj4c0gsvbb7pmrpa22pqo0cM
modified: 3/3/a12egi230n4dcnjl0b6dcbi8jkvlh92M
modified: f/1/75sqoqqnlgv6ulukt956jcaq424l14uM
modified: b/6/75vrurimob1f261d6hrcd93j096op0gR
modified: 1/5/b61o69u9mtv78clrsq1en4aj87ej0feM
modified: f/stats
modified: 8/0/7figovp5cbl7gkvp1v6ku166sig06lsM
created: 8/8/5eimrn6p0jpll6o1hk0g4hhck2kg834R
modified: 7/5/6eosqrs5fgm2r16cftomt4c0ntaflqsR
created: 1/3/91cifjapaphm8frfcou0et2eghbr8v8M
modified: 1/8/stats
modified: 3/2/stats
modified: 4/3/8aeuq6fdei62l39ts82s9plrnbuo9i8M
modified: 4/a/61a4gl6mt4cbtlckvl5mjdadtpe2hrcM
modified: e/8/stats
modified: 6/9/stats
modified: 5/1/3bsrcgimuuhpem3f7dio2aosbtg9rd6M
modified: 5/6/62kno8b0cnouggaobd21r2ir3v5ant6R
modified: c/0/72le1au4qphhsn5b3pup2u57tojbspkR
modified: f/9/stats
modified: 5/3/059nhnfml9bs0avqqikqlrms3fiekqsM
modified: d/b/b1geuhpbcfrgvng2fccrmd7sg2217esM
modified: b/2/a3luo3e3g60cghguvq44m2f4g9lq67eR
modified: 3/1/e19m83463cjk4gb1pimf67v35bs8784M
modified: 5/1/2b8brn8tifhuj3slr9urtsmd16nktduM
modified: b/c/stats
modified: d/a/stats
modified: 1/0/59blhkbig2kqitjp03e1kfa8d6dl2l0R
modified: b/4/stats
modified: 3/7/eapj1alp0459b4phv2033ife0cupj66M
modified: f/c/stats
modified: 5/5/c3pbfhg0dm4t50utt9h7jueho92mmoeM
modified: b/3/f7347an5g9kejev54prhq95odi86kfaM
modified: 5/3/cb719qnlqm24n0hou842sn8g1m9u8taM
modified: a/2/6e2qlncic9jpq4q6se8u2cv184bsqviM
modified: c/4/stats
modified: 6/0/74hno7vc935qqm9lu580v151rhh22euR
created: d/5/e0ui01rnb2o0rt681fsd7jacn0gblp0M
created: c/0/e43r4s6ih8l2k4fpp89kit6a3jalp78R
modified: 3/4/stats
modified: f/1/8eub061smne5s7tqhdi3t10430jpaqeM
modified: a/3/80d236k1pjq2t15mm3esl7q1ibugts6M
modified: d/3/a2rnqqnkig4cro4nkcqkjuh1lecljm0M
created: 0/7/0c6ir7dv1ckns1vgp9nvi42t8hrqhgmR
modified: 2/4/aa12ct45h1ieejc1mk1849ge7hqq2uuR
created: 8/e/d6aj8ueico3psafotvn483pk7teh5ucM
modified: f/0/stats
modified: 2/3/0dsh62leql55d4b80je7dhdm1nk1502M
modified: a/3/514o3jrtnguuajt275r18qg3rl7oj5mR
created: d/0/50qgh3sm93qbietq7l6odj0as398o1aM
modified: 2/9/78a91c5lmltb53vlpvbgfjqje6i68mqM
modified: d/3/stats
created: d/f/d081fstkgu4hc8t6tlio8ctcs6aeca2M
modified: 5/1/9en73as0op61p2h8edk5s4nr6ct4p9iR
modified: 5/d/stats
modified: 9/b/stats
modified: e/6/d301rd58968nc58bcn72vub0n1qogk6R
modified: b/8/50dsipjil7m8014uj9445320deov1ecM
modified: c/0/52sbi1lrd0g8fi1tqjrjetpe3dnnppqR
created: 9/9/b2aoldv3u78js6rdvi1kgpkmmgp80oeR
modified: b/4/f04ndi4mjn8smtas8772h7j1kbfabiiM
modified: b/2/5326gs3gs38lrclt6pop5f9h0th4m06M
modified: d/8/stats
modified: a/3/99b45gue1ii06pis6gnrhh57r4ctchqR
modified: b/1/fdqrmfbvoq4tehcphimd128ar6iqas8M
modified: 8/d/stats
modified: 9/e/stats
modified: c/e/stats
created: 3/6/e833pt5frq0acblt34uq4jq38cd0rlsR
created: 4/0/edv7qk2uooa1u5990jd5cg8dovddrf8R
modified: 2/1/7ftve3taaq534vv3fbcltt4sacnvamiR
modified: c/a/2c6ffu00cvqa6n10vulfd7a9haurhb4M
modified: 9/4/f44kp1ve7eaf8bfhq6k6o2fud7pbbpcM
modified: b/d/dd71pvqlvveirtsoi893bdchqmc7krsM
created: 1/9/5d17tnq9g8aihvhk8hr7knup3saejiiR
modified: 1/5/stats
modified: e/6/3cp1jr8npltkti22fkjnq9fb7kej8moM
modified: 0/d/stats
modified: 4/d/cdsgji001vck5mvatk4h1nalnbdm8heR
modified: 8/0/1b9f0dlnqd4hv9g5es8e3v80dlr3q7iR
modified: c/4/863febsevhrc6s11c15d1dj7ev0ohu8M
modified: b/6/stats
modified: b/1/3ahpth39dlcu84a2tv4lct78cca60t2R
modified: 7/d/58r9cb3l90idk6vrbki91l6cr7ullr8R
modified: 0/2/stats
modified: a/0/3826e4miq0j825qjrrjdk0tdp05mmlkM
modified: d/e/3cpsdgbicpnu0pmbenle16kd409a4veM
modified: 9/a/stats
modified: 1/stats
created: 8/5/f5l8clh2s6fqve4574h7th9blgpugmoM
modified: c/2/1e37rs39ngeci0e6s6ltna422hacf62R
modified: c/d/6913l7f5d9o8q0g6eocdqi6nqd8t360M
modified: b/4/00gn2q4evi1n1knugo8faoc5an573v6M
modified: b/d/c4di82fa7g4kuf9jdnr2nt2048o3ch0R
modified: 2/2/stats
modified: 7/9/stats
modified: 9/5/ffiknp7aef4c7ncb6a27irvej27vu3gR
modified: 6/6/5a34pmkakpn0qdl0367o7ph155bbjkgR
modified: 4/stats
modified: c/b/4dlui8ett0c3hi8d75huoud5hd92470R
modified: 0/5/9b6lv8sdtgi0t5vbkoar73q0nri73rcM
modified: e/d/stats
modified: 3/1/3e0g1d6ghitukahccp418dd1ap00ck8M
modified: 5/3/e7401frhjue8n7vo6dci0gg9jrdr57oM
modified: 2/3/68ck0l6r70a18tu3ep8t5lopar9sr1aR
created: 8/0/a56tvdnnuq5mjpejnna14nslnbqhmv4R
modified: d/4/6cb2n4sub8ba98rjof18e14u7n0klbgM
modified: d/5/stats
modified: 9/c/a527tl965fd2t0kjpo76b3je2baee9sM
modified: 6/f/stats
modified: 5/0/stats
modified: b/d/b7mfp5nv1ijsqi3b3rfpffgabfl7eroR
modified: d/b/b670c9eqv0714p7sje2v00ujinje4rkR
created: d/0/cb9lf6vlusrn1k5dq7eb4castbkih4qR
modified: 2/f/stats
modified: d/1/46g5k0mtknf937efn4mf996v1gjbtboM
created: 0/f/6duvu8bhoveuu61oi08aq88kpk8lk6kR
modified: 3/b/stats
modified: c/0/stats
modified: 6/3/stats
modified: 7/7/05p17iv1adi1obtjeqp7hsh1p0quir0R
modified: a/8/stats
modified: b/c/56l3vp99aniebia9uurgc3ua4g3o6soM
modified: f/1/0fq1o8d533jl3pse360mfb8mm4sijf6R
created: d/3/42mljhsihm5bqfefkamdah11efs5262R
modified: 3/0/cc68eno3r5ntb929282o1omskde12d2M
modified: 3/7/stats
modified: 5/b/stats
modified: a/4/5chlvri10s5aht8sdvceim3qtk5568iR
modified: 0/stats
created: 8/7/d17aqpa1bmlv3l8usg8bjmghmhdijk4R
modified: e/c/fe32tg3u6l2emtv2dsfgrujf1i1a0aqM
modified: b/3/a76l2hi9q47cu6m77ngvoftggc2keiuR
modified: 7/8/stats
modified: 2/8/stats
modified: f/f/7dtn6g3eo15bb5agnc6rcltckf0dugkM
modified: c/3/aa4qb6pgiva7jf1hv7nk7hgflunvt8iM
modified: 9/7/276oil5i7ucvohloejse06s0st9cireM
created: 2/f/4c0f55ou7sbu62a2uev1vshpa692j3uR
created: 8/b/76f17dpm86ur5ra2bonipouafadc9c0R
created: a/8/031gf0nnaeosqu7cp0ve9b8ojdbtm0aR
modified: 5/d/e3v976pe2rij1v35ne4srar1js2q1emR
created: d/c/daimuft5i7hv6qpq4vbufubnam4kr3iR
modified: 9/7/8684qfrkuus9bupe17knobk7spf8gbgR
modified: 9/9/6dm6b0ba6ll3h0ui888kc51v86of254M
modified: a/1/cd8deuuib693jhh7nathddcf0op73l2M
modified: 7/2/30ahe0q5fvasr2dkqmb6016b0fvrab0M
created: b/a/09851851t9bejgc78hpeo7068viqvqoR
modified: c/9/stats
modified: e/7/stats
modified: f/1/stats
modified: c/6/03r1faa65a9u2jb73g2ve3l5lffmpqaM
created: e/b/77ce1moonc10q5lb4aib040isu8upjgM
created: 1/7/cdk1dp5190fquri52gsc2cv7agvgk2sR
modified: 3/5/stats
modified: 6/6/9ae3pnr0hvajki0t1nokihh8n4jopesM
modified: 7/f/stats
modified: c/d/stats
modified: 8/5/stats
modified: d/4/c22gh0fpj1aq6l6ua3p5fj94q9irdsuR
modified: e/0/stats
modified: 4/8/stats
modified: 4/1/6bt5ouqnfagc0dkvv7lsbcp9d530j64R
modified: d/0/2dnmhtb8siisciekbdpt6q03l4kjpo0R
created: b/6/b5n8b40ng5gs1u91n82mia4f684r7ksM
modified: 4/6/03er7e46129jrerodn26dqo9uffb2n8R
modified: 9/4/371q7kq9jpe6poqgh54omgarkbnulj6R
modified: 6/1/5dh8hiivis3peh1e8bhcg0eiov3apuqM
modified: 9/f/b70va4f9r2m7e2bap0h81j352tc31luR
modified: 3/4/ecknbr3q7rsst5621t8346kg5i2urhuR
created: 7/6/7f3ebtdefp3l3d2alvfp04ivrau9bhaM
modified: 5/6/stats
modified: a/1/stats
modified: 3/d/stats
modified: a/3/stats
modified: 7/5/56iesiielku2fku3fl7tbf7tj9djkemM
modified: d/4/0bds98phmhcctqh0tl6boruqgpqnjh6M
modified: 9/8/80cq6jlumarclo91uj511df15lfq2b4M
modified: 9/d/7d6057866s3hehu4dlrcs99ur3tlqumM
modified: 2/6/693bd4j0cu0flid4l88lqnpqbg02s1mM
created: 2/1/2cmhmmul490g346vdfqmib8782f9un2R
modified: 5/c/stats
modified: a/9/f3j5hq55sia5q694v2apbt95tqr7s44R
modified: c/6/2fvjtimhj1qivskamlmm44tc18qh8k4R
modified: b/5/2fldk6a5h94uvnj0ob12le9c8pg7c9kR
modified: b/6/b1hrvrc9ktm1hutb71bcn8ml6r2f2j4R
modified: 6/4/05jri44r29ouu9ls7gbr7337phar5b0M
modified: 0/4/38575v856bse6im12j82024vo0s5uruM
modified: 2/8/c430ivfi4fjfv09kdvu3sepb2qp5un2M
created: 3/2/aachioe1ntasjgitm6ld20v9pqjeiucR
modified: 9/6/c5o0l4lstbba1dasj842s3g5c06gicsR
modified: b/1/stats
modified: 9/3/42del1i5n9l8q06rdnshl8opvjuo4feR
modified: 2/e/d8figrcbq38vpbl62alkg1qoguk6adeM
modified: 7/a/stats
modified: c/4/b7r20ot6nu9mcdboejcp8ff8knp02rkR
modified: 5/6/91beqfomuajnsnatojj5jejqjo4fgugM
modified: c/1/stats
modified: 6/0/cct1v3b1j4r0r74qiahihuv755fujroM
modified: 8/9/stats
modified: f/1/02gcfijh9ktdbnic1g4nq877ms2eogqR
modified: 3/3/c9r9eeu6jn6d64skke99q5c76125peqR
modified: 7/3/bb8u8hdem1s1la2qoddq7mnq2vi0ee8R
created: 8/9/96rgr2jkkl838p5a2d4hfmrud1tcnmuR
modified: 6/0/3cvrn2mqj5au1itg4pf96povst7be52M
modified: d/b/a7qfn54rn5fjmsrmo2m9r1mavc3c6aaR
modified: b/9/stats
modified: b/e/f6bp0cnmmgaapmf8ftek1vho7rh4rnqM
modified: d/9/stats
modified: f/0/f5o39ok4v7v4urd84el728ggfceu0l2M
modified: 2/4/stats
modified: 5/a/stats
modified: 7/3/1dfrfr5ufmf30vchbfhc2jjtt0eejvaR
modified: 7/6/stats
modified: 7/c/stats
modified: 2/stats
modified: 9/stats
modified: c/7/stats
created: 6/b/10i2fk1e5lpsos69bid39g1msvqbkg4R
modified: 6/a/ddurtmqorqo6nqtg8vl4vmbpk4v54luR
modified: b/c/49brl2an63l5v38iaopv26k239m7eukM
modified: 0/2/d3k0hs9ausj4kmlb33518er2rru9sduM
modified: 0/7/stats
modified: 6/2/9caq22es6hoh3r4uallitota8k65p30R
created: e/c/cc8ssjv0mt1r5fnihdvcgf699qmt5vaR
modified: 9/7/7dbgdsbql34vp0abd2f0mur5c8l6nt4R
modified: c/5/stats
modified: 4/d/stats
modified: d/0/stats
modified: d/b/stats
modified: f/b/stats
modified: e/6/90urbststpnjj4piri6scnllktrfqgoR
modified: 6/1/stats
modified: 5/c/e4424htoo9m0df0ngu2hepnrcg848heM
created: d/f/53qa6fcphencsfpl08ocu277pqermpcM
modified: 0/4/stats
modified: b/3/stats
modified: 2/b/86r47h5d6jn5sga26lv87lb0qpgolkaM
modified: 9/0/eeqn6opih600em5v06i0sjqo7ro2geuM
modified: d/c/9b8bibad2iomsdch5ab52tn9sqr9rsiR
modified: 0/6/85ng417feb2ufq2kmligrk07c94k6hoR
modified: 1/1/83jidu08mqpdka35ul8s9dc43no7g66M
modified: a/7/stats
modified: c/b/stats
modified: 2/7/a1j2e6a92onri9eauagi9m5uifdd2t0R
modified: d/2/1182ncrdc4hkujbu6ftqur8jr0n5u8cM
modified: f/0/6ea38mhctfitanlgn2jjvuojo9mgsfiM
modified: 7/4/dbosh5ve66jkp8nt5r6p1jb2bvcgdt4R
modified: 9/3/8egasq6js83vb7lhctft5c9dc33n67cM
modified: 9/4/3fvfinteqn7fq6kbgbio5qh13bcqo8iR
created: 5/9/7fukn63map7mk1r7q54e141r1brft6oR
modified: 5/e/306jvir0vlrtcgm22b4sh382oit9hk4M
modified: c/0/67nhajlneu1a4ii1uhh8ju7g8jp9kdqR
modified: d/1/12lrk3nahnj2uim3dsvsobt190fmet8M
modified: a/3/17k8jomfuq5ufo5310ud2aqgbefh746R
modified: b/8/5et2qqsld2bjjf7r6rrsrolnt2etplaR
modified: 7/4/5avche1ck42c8tnaa8um58vauhs887kM
modified: 5/d/a7oa6opq7blhe81168c5tesanec4gkaR
modified: 1/0/stats
modified: e/3/94g3gi6d3qtn0f41uc2qeo6hl6bd2doM
modified: 5/5/8d73jaebhgtqj8rkl579klb0q1o6f9gR
modified: 5/9/85j7fu0781et4dc39a6k88c6j6k1kd2R
modified: 1/4/f7gll9pc02kjf19t79am3ds0j118d3mM
modified: 3/3/een6fpumeubu1dag03qpvsgrdojoi8uR
created: b/8/5d9j5mtrvhl7e32ab90vk9tsoibr37eR
modified: 3/3/6f0o56884lpfnloj67ecpb72885evt2R
created: 5/d/40ijcf8qcs0trklrio85cp91l79evmcR
modified: 9/1/59ovcukik99manjkd58rjgu2ttrel9eR
modified: d/3/7c6cqu6p70hbik7mn96u4d8ukhok4ggM
modified: 1/c/stats
modified: 9/1/40dlid85fcm1qaff13v0lhitf7qh3q2M
modified: d/7/stats
modified: 2/5/85v4drf26qdv0l641ni5vgnm4vbuk34M
modified: b/8/9fsjhcj98ncunasi42e6ofckfi3c6qiR
modified: f/f/stats
modified: c/c/stats
modified: 5/9/stats
modified: 6/7/d3a4ac154vrlhdr7209brdprufgchfqM
modified: d/0/46q9134ln4m97oqjmh2vs89o5ilb5tmM
modified: 3/1/92ubldiva27a0ihutvvicn79j8p0cn2R
modified: 7/5/4c9pvodnoe00k3utoplabbinr82jfcsR
modified: a/5/stats
modified: d/0/24k9irdf9tkphvkvpmvjtd62kdta8vqR
created: 1/d/249akaq7avja2b6mdihgl4kso1hnlc8M
created: d/7/9elo8lenk5ia31b113vvto92enhf9vsM
modified: e/e/c2vtkrkq8c60iigonff2f44mn7eilu8R
modified: b/2/cdpl877jfmiepbbs031uc3h19mma51qR
modified: f/7/stats
modified: 9/f/dbd9l5j26951bdtorrget5phrslfrbuR
modified: e/d/9cumnpk68gqhdrdsvorhef8c4elt430M
modified: 3/8/34bnn57dssr4n73buo3djjhb6t7uf9eR
modified: 9/c/e0v8ir0lmhnquqvki6933030l627rueM
modified: e/a/stats
modified: a/1/e5af13qvgdadmi8o8h2hvngck4opbaiM
modified: 3/3/3f3se8hnq5d864l8h5tl5fl442sbbeiM
modified: d/8/4cc38mk77unrr2803thnqu8ls85j2veM
modified: e/2/stats
modified: 8/1/stats
modified: 9/5/0ebeniqqvcge9oshki56306jbvja2h6R
modified: 0/0/stats
created: 2/0/f7pltm2egkgq27f4f4165rfeaqqe2oeR
created: 8/2/c4i46knbtddaf9t7qv7dhs5v59rr4uiR
modified: 4/3/stats
modified: b/4/26p2pteuve6eucn15qbcgq69sul2dkgR
modified: e/9/f8g5m2nit4b0efvg12ir0a41gm4f60kR
modified: 8/0/52pegr53eemcaljk04gkpmllsqhe6b0M
modified: 9/5/e8upu512ahcg2q759emqhdbpdoj26cmM
modified: c/1/90827ndb65c4d9fgkd18l8ean59jtusM
created: 5/5/d1188qoffmpam1kupfmpaph3itv02miR
modified: 0/0/8climovsr24kkqlb7f02ttdgn6010m6R
modified: 6/3/70rtk4bd7csbrhpmh5lbn32nsrmc0r2R
modified: b/stats
modified: 3/e/4972u9dk1btva689t3p5pjf6u0duqv2R
created: 7/a/d8iqogml0aai2rdcp6e7j98bti4ek22M
modified: e/c/433v0jp7abavo47eggjh3thtutgoi7oM
created: d/6/e62tm3j0vc29b2j9hc4v1qem7c0u4giM
modified: e/5/stats
modified: 7/4/04arshnk0hgs7nend2ki8umd7u97m4iR
modified: 7/7/stats
modified: c/5/834h4rkllbjbnc9q1f2krfa63nu71hoR
modified: 0/6/stats
modified: 9/9/aftn9l3oodpdcm82dprtlv8l4smcg08R
modified: d/3/a10j0cegc5d1jfm79o2vb760i6n5602R
modified: 3/a/stats
modified: 6/6/stats
modified: 9/5/d34drqtuit1af6q3sismaq9iml9nil4R
created: 3/c/19gu3ns11o87h4fp43u3nvds8pr93c4R
modified: 6/1/81kn11lner4aff0l30ad06k8qed76o8M
modified: 9/7/e5mr7v1laldgua8dcb4u86shh9fpd84M
created: d/1/679espo2aqpqsijhb2jatr004ab64nsM
modified: 1/1/stats
modified: 4/b/stats
modified: 3/3/stats
modified: e/stats
modified: 3/0/4303dfqdsbhceg9i74621sf23tcgb2oM
modified: 2/3/6a5vs483it2kb2p7qnnbcthkaiks006M
modified: 5/stats
modified: e/9/ad3sqvc3bvk4ni37i6966jr9am6m4u0M
created: f/3/77itctnomfan9v40garfvo85kp33rc6M
modified: 6/2/3a6j06jaebhglop5ebgt47i1gohu6eeR
modified: a/2/9dhol87ag2usjk7115b4bie9go5onfeM
modified: c/a/5fplpn7g5h6h95adalss8hlp9pbtcfkR
modified: 7/5/6fjveauui2288clj29o0gq3ohvuoeqcR
modified: 8/0/stats
created: 8/d/d7nrdqrnms9hanek43n5h5h34312skuR
modified: 3/3/0ev46s478e0u8q70lbgcjju2ebpmskmR
modified: 0/6/70h58824mte0sn02t550mjigftnpvs0R
created: 3/b/05r1jk92tjelg7pbmcu2e36dpumiu7uR
modified: f/9/cddqjqg58csspa3uo49cm8oj5lqvn20M
modified: 1/2/stats
modified: 2/7/797jgvponn8hqqlsljvhubrhs4v814eR
modified: 9/3/ebpp0ia9fol4nvnnpn981rtj5o9vqisM
modified: 0/8/b0gqmd6i2bnvi4dav10v7burffg3h70R
modified: a/1/42l9s51iau22uihddighjfsvavmomjcM
modified: e/4/fao8kot0v70815ua18fndnbdkl4bjfiM
modified: 0/8/stats
modified: 6/4/16462amebotjkedsur0u7je4jjn9d2sM
modified: e/9/b2l44pjfl8b0fekvk4sfbua8k2a19uqM
created: d/e/62o6mlr3q859cpo4dqlvulmigq6tjaoR
modified: e/2/271a27iu9iklt737auue4lma02neotcR
modified: e/e/086cqjcru1875mo2t2ojs13c41hamdaR
modified: 5/2/stats
modified: 8/b/stats
modified: d/0/b6qqs7bd5jpu8loeealjbgv4dqr7siqM
modified: d/2/stats
modified: 5/8/b9k9urio84e9tbng1t4icjkne3fmlraR
modified: 9/9/stats
modified: d/7/f2n1tof53k3qrajtatbubt5t29f1nn8M
modified: f/5/stats
modified: d/d/9aquf3n8pei121uvdi2f0flb4ivnmcaR
modified: 2/a/stats
modified: 8/7/stats
modified: 4/5/stats
modified: 7/2/13qejmusothdfdslpuvmgdoh6rg3tmeR
modified: d/1/stats
modified: 3/8/62eurqi5dj97ps3fa49g82vc7qseor2M
modified: d/f/stats
modified: 2/b/d31nv91s8ptm69vsnee6gv6vqp0em0gR
modified: 3/b/823h596r0pcc8m03a63g4ghnn56pc3aR
modified: 4/9/f98ka3m0bmh0g8pa79tg6u7e4jnft8qM
modified: d/6/73jv1ilf997aq6fi2dghu5td41mheauM
created: 6/7/672qn0o54lijn2qibpp864phmvkp41uR
modified: 6/d/stats
modified: 2/0/b4po01l7df8j8c4f79i0m33ksja39fkR
modified: 0/0/60v8c7iv5hpobu8tppkare0g0om4suuR
modified: b/b/stats
modified: c/5/abq9rrimcp49slj138ttfcde1ibeo62M
modified: 3/5/8es70ojcrml32uk5eg8222dluovcdamR
modified: 0/a/dbhnrbkel9lqk4jeit2a39vmt8pqkecM
modified: 3/9/05svra46c42ncdvk9g7mnnspkdb3uheM
modified: e/5/71ls6vqhpthda096230hcirnrbieiv8M
created: 8/2/788vouhmbe7ephpgsct9dani17bkicaM
modified: a/0/f4083nqd5sh3fb151asnsif8ks72m9eM
modified: 6/0/e9ssh6d9ngqipoh5ev1kg3cb60ut80mM
modified: 6/0/ebj5u5ph4rrmolj7m6qgjduvhvq2cr2M
modified: 6/c/stats
modified: a/e/stats
modified: b/5/stats
modified: d/3/91tcdtaf9k9o59n1f9e61sabv18emq2R
modified: b/a/stats
modified: 4/0/d1ispu988ilfhnrqo2rplnj07lbuah8R
modified: 4/5/1396hsqutsselfhn5q1qqkmoab8in1sR
modified: d/8/82vsslbohpgu01dsli2mucstdj1vhm2M
modified: d/b/75eiejaddbjr3uej8dsvh7cnkavvnq0M
modified: 3/3/27di98q95p7to7kjs6n8p2kv24unkusM
created: 8/5/e03gl6vvgbfinmcs14i9njkt1v8roeeR
modified: 2/7/b266d09o1uhqrgvb6ifpdpcq56o4k3qR
modified: 8/2/stats
modified: b/3/18uril587c0gmudj9rdmru6c49hepm8M
modified: 5/1/36b24e33uj9jl12mrk0lv9lhsp8fgmsM
modified: e/2/b998ck1vu9dv5fc7co70qn9kv27816uM
modified: 0/7/e83cudoqp8bfboltg8msdt1gq39d6ceR
modified: b/8/stats
created: d/e/b2vk4kh1kdjc19f231tm62vrtbke4veM
created: 8/e/7fuqbljkgs78ofb2rcl9d8vj95qgvqkM
modified: 6/8/8909r3m89okhgapcgeokkroqkrjodmaR
modified: f/d/stats
modified: c/1/4c4j3gfoa0a90bier69tskdnvh1v7iiR
modified: 8/6/stats
modified: 9/d/stats
modified: d/3/72tuikr35h5fgb743d2ttu47l7cgmd6M
modified: b/0/50787hqme013gu2k6vucun72gft7oqiM
modified: 2/c/stats
modified: 9/2/d5b9722spajq165pv8fii64q4eo5flsM
modified: 4/1/stats
modified: 9/c/stats
modified: d/7/8d0rrqjqod2qo86nptav67o9grp86teR
created: d/7/9anpp52hn8eegqvom79tg0k9eg89g0sR
modified: 2/1/cfl5nudsalgoepfqmnupa581kp5lm9iM
created: d/f/8bufjnapos9lol8alhtk7m6k484tg9iM
created: 6/2/4a8vtk57dp52sp5ulvunj3qh4vklpk2R
created: 6/a/7fnav69mshm6fvocutta4fqi094ufh4R
created: c/a/7631ipek38eshqkn5rjosusbmtg0l88R
modified: d/9/1bl5djpm7gs04qdqoqou2rgmda47utmR
modified: 6/5/63mvdtt3esveelp9ghugl2hf536vucoM
modified: b/c/23m4ug3q95qsdbrm20slhnf898517bsM
modified: c/7/40me8hdigd9359lasttd0ekp1h0vauqR
modified: d/3/1e9b3arpn5d7ip8dudhhmt734gim280R
modified: 2/4/657tg5nud87o356au8lsq2pfc5allhsM
modified: 3/1/stats
created: 8/1/2e0d0970hiai6c1t6eiqgf6kc8l1peoM
modified: b/0/06dqnqf5rodqomgnvso1akupoik1a2sM
modified: 2/4/b1pnbi9h1ffngqd00jrtatlj36jnkn8R
modified: c/6/stats
modified: b/5/cfigbp0qn6thbqqv2fgbe0n376p3mf6R
created: e/2/1apntb5h6u4prin38g1ttaulu223bgcM
modified: 0/c/stats
modified: 3/0/cd6umjk153ie971trj40ct8k5eqkbc2R
modified: e/9/stats
modified: 0/4/bflv4rqe2ca56ibbsdnvsgiom0k44puM
modified: 1/3/d38pidecer3nvpflcmg2lrp17rbe9taR
modified: c/a/ebpcbje40kkokg9q8rp2sjaa23n0clgR
created: 8/8/f3m7r3i5oaaqm7rbv97enet6lf3051oM
modified: 7/d/2b25qqmq6mmun05qiq0rjfljknunb02R
created: f/7/b0505tociittu2a0onmus9d4sheu4nsR
modified: 7/5/d8tnptet7jd04hfjf834siujsfm00bkR
modified: 6/7/e7hve3n9srp7h0qm8ma9rlrmhj3lv3aM
created: 8/5/a5a03ukn4rjqunl9p48fhrd0t13o298M
modified: 9/2/stats
modified: 9/a/8f90fiha83fk34tgfdn76fej7m1hbs8R
modified: 0/6/edrk537h4er3b85ie7qgbn4bfn7a30cM
modified: a/stats
modified: 3/e/stats
created: c/b/c6caljge2dcr5hsglsk06o380fgddhmR
created: e/1/389lis8057k9gdhd7vcpn1psaog79qsM
modified: 6/0/54oahpban87c8g72ef106hva0jh3ae2M
modified: 9/7/e3uguaer6vqt2fdv26k9qngtskjbhoaR
modified: 4/c/656agepnodehbiv2lt47jft1raifhbcR
modified: 6/5/stats
modified: 9/8/58fur917srn5bt8nj1ob8s9prt78rdiR
modified: a/0/4cquocv4hd1o5a1cg7brh43tdt6mrqsR
modified: 0/e/stats
modified: 1/e/stats
modified: 3/5/efmg35lrfusnnadt9gbrj4kp0a5pu9mR
modified: 2/3/fb9qs9gr1fb4sdcs76s1ogpa51cdrk6M
modified: 7/stats
modified: 8/8/stats
created: b/b/0e31o9mnujneetf8o2srl3mvo167bq6R
modified: 5/8/stats
modified: 8/stats
modified: 1/a/stats
modified: b/1/30uldo3l0d0knmafudbvr703cfgvg40R
modified: c/2/stats
modified: 0/a/stats
modified: c/2/01dfmip71upcsujs89dri59enbkgpboM
modified: d/2/a2bckfkmd6hcp5386jkg08r2q95c13eR
modified: e/1/stats
created: 8/b/875tfbcb26495b2tgi8fo1k0vun0ia6M
modified: 1/4/14clc5t1k7jrsp751tsn42od6r98paiR
modified: c/9/5d609v6gngroqqkgm2rel74v38jng7aR
modified: 9/1/76cnslvj5ela86rdhiv0g6hf4oemhscM
modified: d/4/stats
modified: 3/1/aeue9md5h7v9gamruhkaqu1u47fhi84M
modified: d/1/2b2uv8bj3vu78gvd9969met3ctcklieR
modified: 7/5/stats
modified: e/8/da215nhp798otm6li21giudcb76nl30R
modified: 4/4/stats
modified: 6/3/1ctu6f1pug1a1k99no2vp0crhnk50r6R
modified: b/a/0159ltmtf1hdkgpatr4hgbovro4km1kM
created: 9/b/5entktue35c6f114tdjggd0oj7fj26uR
deleted: 3/c/89fka9rkn3q7tl58hn15afntsdi88auR
deleted: c/1/255d6d1in7770netfnap57vblhqq2aiR
deleted: a/f/46o366utk7g4mkggto3g2qv7e5vk3ocM
deleted: a/7/8ddakcu14fdq925hrh2g12b5a1htk6mR
deleted: c/1/cc301tbh3ucchosne8um3u42n77j86aR
deleted: c/0/2c7emueqkp40cr3e0tcdn5cap34dviuM
deleted: 2/2/27cju9mhfnihnpjuet272sosehud4e6R
deleted: 5/6/62im9o7icbf01p1mn4nu7nbvv6khd9oR
deleted: a/7/e63aou31r1t3kpk301d8dmjftgovqfcM
deleted: 6/c/74ui2dmn1vtubgkrr41v9gegljvc9bkM
deleted: 1/6/9fd9v979k80dc6772p0g0t27lkv7qf0R
deleted: 3/e/64fhq7a2vm7t0h3k3m3m4d1tag2fciaM
deleted: 2/d/4c089v4t3ehmkr9eniv05irtchjoerkR
deleted: 5/e/4e9vn6q4d60fai42csejn07eokeo6iaM
deleted: 3/b/c4hkl6oqtmd7a9t4iq2vh03mr72q8asR
deleted: 2/f/4d7bup7fjqq3ebiaq1a0f8np4v43cbmR
deleted: 3/e/d0uns6tbshg6vpgglfo3pfftasa167gR
deleted: 5/b/862hcgmk1q41nvef1bd3591p8quf9hmM
deleted: 9/9/a1hcm7rqjt2ij3cc59ismihj9oekuvmR
deleted: 5/b/0cvj6kmi3r79s3b6c4ie98pk0lh9lvuM
deleted: 9/9/3egq5fgk9pp6q6cipil4ol2pe43n41mR
deleted: 2/f/5e2h53fovt8vmg9eml5v83mftl9ccc6R
deleted: 1/3/de9vm63amaa0uctn2e3u5hk3ef2hmnmR
deleted: b/8/1bq45v1b54jqlt788b5trcm5gq73sqkR
deleted: a/1/90tcdujsfd48d95d9godf82uqhslrsqM
deleted: 6/6/650vnhs0bfa6ltkl61v2mllfb7t5v96M
deleted: 5/1/a35a82vo1qedvdk2ep8ohlh4dkuggdgM
deleted: 6/c/cda3j2fgs8drt3vtnfv2nvfus6aakbgR
deleted: 8/0/359ppc6edg7jq2d8tb19njd43es0qs0R
deleted: 1/5/6aiagifokj3v3ptf7fvb8arjv52sopsR
deleted: 9/6/15dgvsc8miq23rjm6dpq5tp762c2ts2R
deleted: d/2/e4jip6n25ltem61qkg2r9d9vinvi71iR
deleted: 5/f/79aernq444kvrpj304p35l7pgm585d0R
deleted: 7/e/183aj90grlqplqe581ln8592eacbptiM
deleted: 5/0/a6ic47l3vqm1vkemquvcenb82rari6cR
deleted: 5/a/5a4snh3l7e87pt5rg6j70a1d3hohb6kM
deleted: 5/3/829dc5jjsvcii0agqm3kd1aq9he0ki6M
deleted: 4/a/642i267s6meg9p8q8h1t4ooqaeocl48R
deleted: a/4/6eajb1i9rvh2brolr622mh6h6534er0R
deleted: 4/f/1bvfuntc3h8pcasqjtiqpc1a27341i0R
deleted: c/1/3an822gvh73fhot5ajt6jo1e6366qb4M
deleted: b/4/0a5lvpljt4ticdo03p79ignt9hrbnoiM
deleted: a/1/3bl3vkc870kntvniajvjisfc99bn0baM
deleted: 0/2/142nlr447n7vavr8g4plc4uq9mqmdhmR
deleted: 5/b/70h41g0du0j45coi8md2jlubpndg5t6R
deleted: 6/b/f2r3vb04d5rc3knlr28589uefi87qn6R
deleted: a/e/ddktaumkl7a9uimiq6tih97j3jref3sM
deleted: b/c/4bh7cgr5udj7fgefh3cvdhu9fjrf9umM
deleted: 5/6/d8rnif8r9ls6h34psuv4rh9jks82ovoM
deleted: 5/e/dburegd0uchkuj0porob0stsr2uliboR
deleted: c/7/98fl170t6qsu7f7pi9vberbo2e5411iM
deleted: 3/e/70ut9iru0qo03odjqkhgjgvsmvpri7uR
deleted: e/a/301e30se0ti5al4ai1bimc9rtl8378uM
deleted: c/d/48smhvlt2rt5nbibuk5n0ipc08bgnauR
deleted: 5/7/ee4ehu89u22uh9hsg5ntijekj6n2tasM
deleted: c/7/6bs3q1jds6ei2ssia0sb589023t3l48M
deleted: c/a/803iu2k2t413s5s3680kdc80247jan8R
deleted: 3/e/48v3rq1eih4v3n51r45f18n618hbpoiM
deleted: e/3/99i01qtd5lio0vti7dl4gajmumbo8eoR
deleted: b/d/d4nta17kt9nmjcl45pdcm9cohmt3rboR
deleted: 5/b/e87e0cuanes59kfehpctk556kuj4a1aM
deleted: f/1/6flvv4t59df8kf3ch3r8uqoidhluqjcR
deleted: a/e/bcgifo5j3dtlr19b5khnh3f2rb9fbr4R
deleted: c/b/7583ojviktho5j0gnh65hspccrnkbusR
deleted: 2/b/b07n3ijnmn9a5ume7ekt4g343p0dragR
deleted: e/e/f6m1sban309vreobtia609hqu5vhhnaR
deleted: 0/6/d8cvuktal02k0m0jrsrob869jo7i8k4R
deleted: c/2/7bhc6j6iglui6rnfl4j87o104el3qdqR
deleted: 5/4/f3tmv8jibr7d6nsmm41p9q9r3pqb0h6R
deleted: e/e/adj3tbq6jeb3hmgdgfu74r1i05r9i9cR
deleted: 7/a/8f387hrqgm3dsi1rpkakb1poeb6h9s4M
deleted: b/9/12p9qo3qs0m7210alu3t2t8lhqp1fg0M
deleted: e/b/d7318tuckn3m97pkah11163c8dbosdcM
deleted: c/6/72bcaln07acc5re3skh2vbdr5mimh0sR
deleted: 1/6/3bf8uqnkb38cu9pojk0p44pl7fer5ioR
deleted: 3/a/fb67g2ofn7k8jtjuggcmoilum9mnur8R
deleted: 8/1/cahdnk5d9dm0h00afkhkoecitj5mgmcR
deleted: 5/1/dcmdlcns50pc803ceflmago3vhhjko6R
deleted: a/f/6brrp05q7bnctejktfp5i439l7tj5ncM
deleted: 0/4/79rm8893alb2bakq74dmoitdaan6vb8R
deleted: 5/d/fae7nf8p83t07aujg465qth0ebjf0jcR
deleted: a/c/06p42drrdp33ad0hjok0ef468q35f0uM
deleted: 5/2/45g53jken0thpt9u6ama4dmkpbb3250R
deleted: 6/7/92panep4vra7ft50cka9rg29kj3t3uaR
deleted: a/d/7943epdiviqoqrouo5qj3ni4fajk0feR
deleted: 9/1/8a3g47db2f7rthavg6nticjsarh7gsqR
deleted: e/7/58925n0e712hpi80u5nbm0soiptsr5iR
deleted: c/9/7a92uebrj9s1n0qlkqfsq2bk35c8q2kR
deleted: a/5/17345afnn9prd8h5m6hsk3ps5g0ij02M
deleted: c/c/ecf05hgeet3etdb914rvir51jiiftkeM
deleted: 5/4/376c62vbooq1kh57q07jc5cf2gd2bumR
deleted: 5/9/c34pg64lnlrhe04lv1nncorl494ag2uR
deleted: 6/b/258kcjlkv0ga0gca4akkickj70r24teR
deleted: 5/8/8f3mum8g0ofah894i7cdsdb8lmv84ieM
deleted: 9/8/3fcun2c641pqdjk99ldt4dap5pvibs6M
deleted: c/3/827rs45p8lj67pna4qj3v62j2617lkuR
deleted: d/c/144bpr9v19rms7coipepd1llqlkmrr4R
deleted: 6/c/e1nb76ma88tii63aulevpca12enepj4R
deleted: a/8/49h5stdquc02qu9b1o54e4v3kjfd8tiR
deleted: d/8/bac06nm7fpn7am5c68eub0p82rlq5joR
deleted: a/3/d2nj4jr01gcql0m6se16mshacpdeemuR
deleted: d/d/15nc8elooq5jjf1upsgle4l48cua5qkR
deleted: 2/d/305jngauv29b9qequijj7ec66gbdgucR
deleted: c/9/b20n3n5c7nqjsaob216ekjf3akvbueoR
deleted: a/0/c0asuc9571n12cod90u6ii64enc70m0M
deleted: 3/3/b2skipsa4ar6eureb524thalo42ihh2R
deleted: 9/e/d57jlepsqrk7brd8bjf959vrupksqmuR
deleted: 3/1/b0gpomv2bu5gto2k24q330espg28j8iR
deleted: 9/7/412fasriiu93hsu38dspe7nak8bod34R
deleted: b/e/5c8cfs31pj71kno4bqte2e148rkvigcM
deleted: c/c/7cgmt90e18ns8m8hrthcg13evcnk14sM
deleted: a/2/879d4kh39rhr67s30fvttibln8ltndsR
deleted: 5/2/b0sv8757vd6qt6ulbrktk72pvh02h10M
deleted: 2/e/4dkbguibhk98sr37um4jgr4aqc035osR
deleted: 8/1/268i4tddh7h8ki6jgges9q4bhgtusmcM
deleted: 4/e/4a0pq6m5j9mu7cnomfc28levs2kmfhiR
deleted: 5/6/538fs0pkugnve14uasu8s5o5661rg74R
deleted: 5/f/b3qkq5bdi6qf21kjcfr2g2p4k7pgvnqM
deleted: c/7/c0bfo7b2se968m4k5m4msk9cb3dtkfgM
deleted: 5/7/1e0b7n3iqc8fcbcrj7akbcnmucrt0paR
deleted: 9/d/74f0i09i449ls2q8vvfgoct3l9531iaR
deleted: c/0/aa8im81j7pntp8mj5e25c6p0lecegd0R
deleted: 3/a/25gdi0i24fio6rv5bhogsu26q81qem6R
deleted: 2/a/a8al7dloed1ho5lf448d27efde0j76qM
deleted: a/f/f9h7u20p5pbbdlh81abi7eb0km4li1qR
deleted: a/0/59hekvaqp2nbond33a8r856iaj4hc5aR
deleted: 6/d/69abecq83t4fum1sr6o9vplsoi881p2R
deleted: 5/e/433g1c7a1cqibks22s1dmlts8ucqlsoR
deleted: e/c/85elee5faa572cdm1t55k1hqrkv63qkM
deleted: 2/0/e7886v0to4bv9mcmn637fklr83vsq6uR
deleted: 2/d/18bqocb8jb82cth7b91r406dia71b7kR
deleted: 5/d/8a9seboilhhs53mij9vagotl1333s9aM
deleted: 5/3/431gh29acvs0q1r2p8pkkc91uqdh0meR
deleted: e/b/7375odojt2inkcnj95i310c03qngv44M
deleted: 7/7/20nkmfhjc3jmcdm7c62srt9kcdq3ln4R
deleted: 5/d/0dg8iprbgstepfb9k3c99g23nhanb3mR
deleted: 5/b/9cehgcld31qp0si847baar4g4c6sjooM
deleted: 5/a/3b39r6klft7e85agj9b9l0qkd7mcr30M
deleted: 5/8/87sfpfdjpi63rfkm6q96jbh8hvjkvccR
deleted: f/1/7dmlerdbm17vscefouvupt7kl6gj17sR
deleted: 2/8/0ajj524jpdbt7f8ufa3h6l0mu3gjjimR
deleted: 9/f/a01270lvk882vp7a9drq7dkb3m8pkcuR
deleted: c/e/c9ft1h6ge54qiaao8lttnlp8s87evaaR
deleted: a/a/32embk57dtiinpk80o9trg0c3458mpsM
deleted: a/4/64pp5lhh7ai04l0filp0a1nvoo3fof8R
deleted: b/2/04vbp5r7li8j9l98tvili1bgjflulniR
deleted: e/2/34ijmcetk9qmqc9oidq4rnbcfn3nbnkR
deleted: 5/0/82n645vmshn7pl5b13jok89t69th4jsR
deleted: 5/8/b4kkthfl8oba35p57rmrtg23m0oh9k6R
deleted: a/5/a0gijng3vaemabddig948n4d3pce4teM
deleted: a/7/9buqp1g138uf87of3mtt6node9dq5uuR
deleted: e/d/f3ih1snopumg6ugrv6ivvel2skf16f4R
deleted: 5/6/f6ko3q4h6n3s6ulvifh6qtklba4sb06M
deleted: b/c/9503eonuqjvdmicqbnag5uopkgpbu80R
ccache cache size is 171Mb.
Uploading cache ccache...