SHA for cache folders (/tmp/ccache_dir) is 'ed5b5590b0e256c925b68a5dfcd72f29a3e95060f33e489762df7c1e1cb46d89'
Cache ccache has changed!
List of changes for cache folders (/tmp/ccache_dir):
created: 9/1/90metghp2ldc6u2trcs7hu43vdoalq4R
created: c/7/4d59k573bapq3ssfqkf4le8atsscmqcR
modified: 4/0/ddcnf92nnmaafoc16ftfp96tlenmt44M
modified: 7/0/45v7rke74p3ihh2rdsraa0ahior8assR
created: 4/1/303f6ti5jeunagh0p769cpat0kh0t0uR
created: a/2/2fe0hg0b36ba555pe42d5hvd2l0uf1oR
modified: 6/4/4fbj2eo4gcihknmkcnucj19te9netqiM
created: e/1/0cvplbt1o2l6i1jaoe31ev4faf53l1uR
created: a/b/a6ck45mj17ev2gb24tjsul6lejlt8giR
modified: 3/3/46mkgep4elg40v2ehs8qonci0412ho8M
modified: c/a/stats
modified: f/9/stats
created: 2/4/2bekh5suss83ufe0e3ebirmib8duhnoR
modified: 9/4/98aqd617ucgm3aoe3hfobl2o346b9puM
created: a/6/64dgm9054tnlvflf76p7f2luh9pgq6mR
modified: 4/4/b6utpk0iccvqvh53mushgf3e1s9b4fuM
modified: a/f/stats
created: c/8/a6ph0jq8m6tc4b82vtaskeq7tq2bufoR
created: 8/8/7ds5d2c0k6fb9u5kp7j9pvshmut6fneR
modified: b/b/stats
modified: a/c/stats
modified: a/e/stats
created: 2/4/ac1vpnlmdjpjemv2ko5jjm71jmrrshiR
modified: e/1/stats
modified: c/3/stats
modified: d/9/270i7jv4tfb160g12c9sun9pck3099uM
modified: 7/a/stats
created: c/7/82oia1vefovk7hmdfa31csvrrrrfs26R
modified: 7/8/c7a9paqfm15vo1569qpqsgobv89avaoM
modified: 9/1/01e5un2a2kljfrk161oe5k29dqjv12iM
modified: 8/3/fcf8tml37bdrb7ugdj7tcr366cd8k2cR
modified: 9/4/stats
modified: a/1/stats
created: c/5/088mjcths6o74q4lcv6h1rumkomju28R
modified: 3/c/stats
modified: 3/stats
created: 2/b/0930uphccdcv3lu2j8kpndkqi0s905eR
modified: 7/4/5482mdh6n5mhm714acokmuqavf4fvaeM
modified: 6/7/stats
created: d/2/506gh40s895qo18kf9kptf8ktb97k0aR
created: 3/a/fcfgu8d114s37544h7qm982hgqcvmk4R
modified: 1/stats
modified: 0/c/stats
created: 7/4/3a1l4u8f8ktpaan67lkk17umig93gq2R
modified: 0/a/stats
modified: 8/0/50ptnfulm9nboq54kk63ucdvk2eg2uiM
created: 6/4/6dcpbvcceb1gffnq35glu14iahbnf52R
created: 9/3/7a7escjrqgmdnitji2nup6gt78ug46iR
modified: c/5/stats
created: e/1/1as7f7htiic10elbi0roubiqjpin5p0R
created: e/6/62dobi5kl8vir0kv329he6lt9pt747mR
modified: 1/0/stats
modified: 6/4/33adauk3nbg80fele6acdf0rpu3326gM
modified: 7/5/17o59fuesv6d8csginhvfbcsfb0h7b0M
created: 4/6/c5f12jqp9bu7e81o227f05mgqbgtv4cR
modified: 7/9/5297u29ehijh9knvsvqqsnlnq594cgaM
modified: e/b/c4qn798sdv92prkhsutl1h8a9qgra48R
modified: 8/a/de5qr6f1go8h6mb5o27ts3pj97id2nsM
created: 4/6/208jocrko3hk9ha7idf4dnd7jm2jkp2R
modified: 4/1/stats
modified: a/2/bbj6d86m7s97rlotspb1vkgb5h7uoaiM
modified: 6/4/stats
created: 6/6/6buongqrv2qm0lcir2pm37d8hvja194R
created: d/1/66m4frjnhlapmvdhq0fvs5s5i5d3n88R
created: 4/2/05h34evgfdojto1aoe7tcsoj5qhejbgR
modified: 6/a/stats
created: 7/6/56vgmof273p6kvjj8qqukso5oh6qeb6R
created: 1/b/e31f0g4r7fgit5kgtn05offbp678oumR
modified: c/f/stats
modified: d/4/599ouq8te91bfb2ql0pphgpotci8a2aM
created: 6/2/05nh0htrh3j6t1vm9sa3qtnjusf9q5kR
modified: 3/a/07smiut5ovg6305mphndfbq9pkks3j0M
created: d/5/5f75lm98dbmvlpn0thlf5gib7uu2676R
modified: 9/3/f3tch9u3eertkupe297997hjb8noo4iM
modified: 4/7/d9q0o58gaccceljup847dicqdqil1lkM
modified: 8/0/377cqr2bh99jre90lmi1pe6tmpf2hl4M
created: e/6/df8ar5liebalt70hcu5l6p2d9g4e2agR
created: a/a/20cpvmp5ap35fupv5m90d4kp07ib7oeR
created: 6/5/dcb1rg505hftiqh5q6lvvvl9g74l7i8R
modified: 8/2/stats
created: 9/2/bam02ctd3ocv198kkp86unrdfka661eR
created: e/2/abpo274aiglmn58cjqg73gcq9t61uu2R
created: 2/2/32slg3f13he9jpe4mq1tugt8tbagg5mR
modified: c/4/stats
modified: 5/2/stats
created: 9/2/181fn5i2nbfntoa8jnehcq8etirq04mR
created: 9/4/cepm4oensod3g8dsvto39juh4locvieR
modified: a/3/eersqcu1kunbobte385ebkjjatp8ituR
created: a/5/84v3h43qikcjn2ggr3dc7moqjrhf78aR
created: e/7/d3nvnvase0abad76cg6v5r0u3b64398R
created: 3/8/edtrqka9luqjqaivdt2upqstbkkl1q2R
created: 4/5/b2um9lsun6ap5icc26mboijstp69nviR
modified: 8/b/33mspfpi874tv9fho7q3k49r4v7j8f8R
modified: 7/3/4emj3jauhggjavs3p0v5jeqk6adjdd0M
modified: 2/6/a0hbmga0qe4jsa8b6lo2fgd9qfdp1l4M
modified: 6/8/stats
modified: c/2/f3p0bh6m5miiqdjo8ng0k6jbvumoq8aR
created: 2/d/a0q019sscqogc4gatdif07srill8rc4R
modified: 6/6/stats
modified: 9/5/c7s5b3rnhvmavrtblp4rbcno1ck103gM
created: 9/0/0cjf7l1k1vqapk928tl5ga2h7914f9qR
modified: 9/3/43nnhokbpo9j40sv5clfso4mrigkfrcM
created: c/6/3a4gm0au6aa0vurslh4r6og6t0e69l4R
modified: c/3/471l981nmoeudnfek87nubj8pk3ujekM
created: 9/4/7d1d7k5sn8qtrhltq08b3i2l4dmn8buR
created: c/0/65j5hatpqpvtfud3kj8ekopf9rdtk8oR
created: e/9/65dnfkj7mv16gshs0d22bohdnojj7gaR
created: 4/4/f1u7pigh4483crivt0a1992qka26718R
modified: c/3/10km5p6llsmqj141fj550582ufk5ajeM
created: 3/5/42c52tso3sdqpnfh30dmkvbe9hvbu48R
modified: 2/b/stats
modified: 4/0/stats
created: 8/3/dfi571siomeclgvu781c0g42i0bgk7sR
modified: 4/3/d2kk8qmh5ejegedn6t43c5bn0s8cqfmR
modified: 4/7/34nqt48dl07rp6e9qdrchkol325ndbqM
created: 8/b/73kad2huamlmc954clrs3adl3se4rqeR
modified: 1/b/stats
created: e/6/185juvsrcguapd3gbah587e8pca7uriR
modified: e/7/stats
modified: 5/e/stats
created: 9/5/8der94muvi1en00m1ou7ankmvmktje0R
modified: e/3/stats
created: e/0/e5998453p3311vma0cva4flt2377fisR
modified: 6/f/stats
modified: 8/0/stats
modified: c/0/stats
created: 2/a/c14ifpru21frj2ocl70kra22glqanrcR
created: e/1/19jb97mhsk8toku783m3hp3b8l7ib6cR
created: 7/0/6em6ib6o2upds55s0ocdrfp7ffn1bkeR
created: 2/b/1abop8lpg2prgvn4rfasf3n2f7e4c8sR
created: d/3/58q2bhj2e80r2vge01u1uri74opavr8R
modified: 2/0/b47umspum8mednr7hvrv5v294osf3h6M
modified: 3/7/5950m2tci4hcdch99i6p0mbr5hebaruR
modified: 4/2/e51s5bno58so2kthg4f4heg8tdne7g8M
created: 7/4/93vka66gpgndrgggbsn46eva1ogur52R
modified: 7/0/stats
modified: 7/4/e9l76kmvosibr2i1g1v2j8rsasf74v0M
modified: 0/d/stats
modified: 1/a/stats
modified: a/9/stats
modified: 2/8/stats
created: 3/7/32o60dthb9lp3ih2sd340qismd1n6s4R
created: 2/c/72v7fhmdn4cr0mqouk0r000t2plrj22R
modified: b/4/stats
modified: 4/1/feus4t095781t5td5frbt2207or95q6M
created: 4/1/bdrlr6d136sd443n7khe3lsvmt00ac6R
created: 2/1/6b0tvhim5o270c8rregevgqhi4r731aR
modified: 2/3/38mifh8vijq4uk6vlhf1qahq3f2aufoM
modified: 2/3/bbi9ha091vo6fes9san1ps4q3ob54okM
modified: 9/0/aeb8v7kh9rg3270dpj6185v8fg18aieM
modified: d/d/stats
created: 6/7/34vu2s46k42tbjb5lhmbg15fmgufvvcR
modified: 7/2/3bl6k9i7hkucum91m6brtvs62ggg7iaR
modified: a/6/69ge9jmq6stj08i70al46u8dm2e2c2qM
modified: 7/0/07ge2pdlaq8a02b4897goh3qbupisf4R
modified: 3/8/01gmqmt84rf3nd2dd2arajienerncj8M
created: 4/5/b1pvpsnlnn3nn36jruuid2hnfq0k0rcR
created: d/4/291188hn67rba3t4n6tvm3nlcv0d5peR
modified: a/4/25jt4khheojtrfilqimk3umcl1omhesR
created: a/6/922pi3hahkbd4buci5lum1otcjr7oviM
modified: b/5/stats
modified: a/1/betmm2enns3gecmlushevv205jckk84R
modified: 6/0/stats
modified: 8/2/8figv41l357u6rimg7ktn5om4j5h2reR
modified: 9/0/705b59u2ub5gqrf99a8r7ncsuhpb4bgR
created: 9/1/096ofptiua8lqj2p8o0rb808rivb3h8R
modified: c/6/cfdb3a8qg7das7ofsgq3lt8sr7h8bauR
modified: 8/0/b4c0me7gvnpaathcgsi92fb0deq1ltiM
modified: b/1/stats
modified: b/d/stats
modified: b/7/stats
modified: 1/1/stats
modified: 1/3/stats
modified: 6/1/stats
modified: a/6/stats
modified: c/5/f5bfn5ut1lp1l8hg93kfth7uf904o8mM
modified: f/stats
modified: 9/3/17o19qbjt7n9uu0i2grp81iacubrom4M
modified: 9/e/stats
modified: 7/2/stats
modified: d/8/stats
modified: e/5/0eh1nd9htmlge3s44fjecet4b9fb3m6R
created: 4/3/16mfsb5dofdml0vepu5tth9k9p9b6vuR
modified: 5/5/stats
created: 2/2/7b2hmgvra4trundt9jpqu1jppvn2pnoR
modified: b/e/stats
modified: 0/6/stats
created: 3/c/baoeh395p4595t3u5l8dr968ei37rb4R
modified: d/9/fadqir2348k83el3dlh5o9me7ehvmq6M
created: e/5/d211megtqof3hssnsvjmomqu26h6osqR
modified: d/0/fdlvqfc4pf6g7lrg2v5l28tnf3otppmM
modified: 0/2/stats
created: 8/6/64bs2oog8nq1m021jo4rur855hmnit0M
modified: 8/b/81lnrfs5m3ekhff219tkgelteacrpmmM
modified: 8/7/stats
created: 9/0/6559arqql58s9qr852is8q38pjmdbtgR
created: d/3/e40me0dmnev66r1ro8dh6hmf4542uicR
created: 7/7/37ulbomjf6btg3m93dq0gicep02vef0R
modified: 8/1/stats
modified: a/7/d41quvtf2e9f3giikn70hjurvfs6mekM
modified: e/d/stats
modified: d/a/abgma6ajbg39tad9kq6dngsq5iuuei4R
created: 2/8/bdhq1miv7is6v66lncmuaq2nake54m2R
created: 3/6/cfrplqqqtk5jqrje63v72nrb0s8gmsiR
modified: e/4/stats
modified: 9/2/4dreu7m4a81co7t3c4nue0gs9k2imr0M
modified: 5/c/stats
modified: 9/6/6al8qjdigeq5lvuigi6kfgm6n8s92aiM
created: c/2/ce6h6oi9oihrqs5g9al0thhccfhi604M
created: 4/2/dcvuino81q59audio8abrmuegmh1gjsM
created: 2/9/35bqlq59blht1cqd8621fcmq2lc7g7uR
modified: 7/7/7cnmeqisimeucj1vf32uvr1cm00qhuoR
created: 8/9/16s6uqpgp9fbal63cd9ne360t1lr968R
modified: 2/9/stats
created: a/7/6bd1ehhtl6ctfqhjvp7hndl347re1coR
created: d/6/d9hbbh8ih63bdac2ad1m3mcdgph6psqR
modified: f/b/stats
modified: 2/c/stats
modified: 4/4/stats
modified: 7/6/9dr3bschth460249pbaeuin3evcmfoeM
modified: f/5/stats
modified: 9/5/4dignbroo761p7fpdrel7ibgr03vosgM
modified: 7/4/5crlp3047srhjgsldnl6jou3dduo97cM
created: 8/3/29j270egnc4s9q7lcjgukd74nql4leaR
modified: 9/1/7epmpf7apvpif73ahbf92fekmgldllqM
created: d/2/04mcl828h23i5f9dlkhqbi61aj7uf3eR
created: c/8/1duokinun4pfh0vpddn6qnasppagsl0R
modified: 2/1/stats
modified: 8/4/3dtl6hkdi6u8ql4acqdg6ohsrdufu22M
modified: 8/6/19c5nedct1ppul81vc30s1t669ulne4M
modified: b/c/stats
modified: 3/4/dena6n5029rl2rc7urehl9hm6q3eoq6M
created: 3/a/1ek6jh6jsscnmlvapgusj4igrb3rfcmR
modified: 4/a/59juajgp9pg1kgne9o4jpsk9fcbpk30M
created: 7/5/680lkdmsvmavs4dadrv9ouv27i0u1q6R
modified: e/stats
modified: c/1/fc10l12vgoqks45iiq2vkcojvb8d3n2M
modified: 2/a/stats
created: 7/4/18sgk0pmoh3iahribqr3tnuvb2koki8R
modified: 4/a/stats
modified: b/a/stats
modified: 7/5/248ivv7j44kj04hh4ik3cl8rfomum70R
created: c/6/8buc4cp96t1t61ujbj0spoa1s9ruo1kR
modified: a/b/stats
created: d/3/4b8sh6fpkm1fh8ie7hf5vn4me5tns5cR
modified: 2/4/033lhpeb6kjh5imc7fa2jncu0sdunr2M
modified: 5/d/stats
created: 2/6/07ocf18skkv0enr3g5au1bur9rql7hiR
modified: d/5/stats
created: 2/a/65cs80he3uq2tjjr3nmlfdghra2lm60R
modified: a/2/b9qtjicmm6vv4bjpd8kcqj3rj441h4kM
modified: a/8/1bfmahehc5p6qsqooea3t9u22okrp1gM
modified: 0/1/stats
created: 2/4/32lu6u806428k13sa2c23lhutfihf78R
created: d/8/5atd8aalekj97tt8sttcoj4dbvgkin8R
modified: 9/c/stats
created: c/2/f1hfkmknftgcbj9fl5lktgarol16u58R
created: d/2/76jbkpavth990evr44dmbs9vf8b575uR
modified: 8/4/3fpr2kh1tgk604nhdvvskddh2seqd30M
created: 3/5/6fosf09s19dhlnl21cl25u3uqa0g554R
created: 8/3/22lhdh263g3k6sq57s3sf669lk56mvsR
created: d/1/39ehpjbfam5evhgv686artckhcn93skR
modified: 3/9/stats
modified: 9/5/stats
created: 8/6/23kao7mu8v3ije18pe0hmt92kms98jgR
modified: 8/7/d2akk28efo6baitf60b86ivqsgm949gM
modified: 1/d/stats
created: 6/4/b9vnlug95m3sesfh4mcri0ffdafq1roR
modified: a/2/f4sldsggqvmv5nrq6ein0ks9v40i0riM
modified: 7/9/1fmi1821s2mld16eqktbr3dj3hgpkb0M
modified: a/stats
created: e/5/538f488t1mb23jt44j5m37hbrp5vtegR
modified: 7/5/stats
created: a/5/8e5rtu0qenhu7tk0le4193pajl0jpoaM
created: a/9/efuqkd5a3nbpn2582p88h20c1qkdfnsR
created: d/0/aer7i7pg4cjcvh90s8psivr3r1uuio6R
created: 7/2/64krh9r1i4ulfciqhobvtcn6ino6lniR
modified: a/2/2dqs2f4s5on5thumhu8hnch26sh0ogqM
modified: 9/3/5ag2rm5b6cfbi3s1vh2egtkt0593o70R
created: 9/6/bc11grmf43fus6ec3h9fgkge8m87592R
created: 2/b/34r1j7b3tc7sa4q39lo1lmgmnae5ekqR
modified: a/5/stats
created: 3/a/76sclvhttns4qln4lqbubtkv4rl1ofeR
modified: 4/b/stats
modified: 6/5/stats
created: 2/b/697ccbcr7baigjg8pln3kc3edjfttakR
modified: d/2/3a4du8hulm92mm916tj31jq9rku1n9cM
created: 4/7/353b87j9qnq4uj4ajiqbmcjo3eavhggR
created: e/8/dc39j5ae3fbuvoescgvrri0ama2tsaiR
modified: f/8/stats
modified: 4/2/stats
modified: 8/2/2e5mda2huo7rlp7cbgt9ee8tpbj1lfgM
modified: b/9/stats
modified: 2/4/stats
created: 2/7/9cnt748ej0lq6m08upqdfepqb5bbdtmR
modified: 3/2/c609tv7d7ll9o0i7fb1rhtd2v29s2rmM
modified: 7/e/stats
created: d/4/a8ncqi8t79jnhku87clmjfqksd5a942R
modified: 7/1/b5j6261hfae5snifpt6fu7pg0ckkrhiM
modified: 8/7/915t97db0trq2ulv7u7hi043s91hroaM
modified: 7/3/ac941pnmdgb9b1etvr5j0qqk12prk98M
created: 8/8/02nlrb8spb61onn5u5td5oi89bc1tm6R
created: a/4/d6uq4o9nifr1s18tiu7ait3cs19g7eqR
modified: 9/3/stats
modified: 2/6/stats
created: 6/5/e76niqm3g556u9jpdb5f9k52248igq4R
modified: 7/5/e858pkkhc9l85i7kg9p9roglm5abrfsM
modified: e/8/stats
modified: 8/b/stats
modified: 6/1/b1ellondu776ain47eu1sh3l20qvpicM
modified: 7/0/fdisvugcl075tpc4gakn6e7vgqb8cj8M
created: 7/8/e76pjm30mq1ut99i95so08roe28s76eR
modified: 8/4/41h1ao7556kjaq8kk54rtlpe1ivrnlcM
modified: 8/7/9chvn3rkak4rn011i8advla8031qb2iM
created: a/b/55eft54m5i297lbmlfvc6qcj4qtqmucR
created: a/8/d5khrla3bi1p2s2efn5rgilaarpg3kaR
created: c/0/902m9pohne5fongltajs02fcage4ph2R
modified: 8/stats
modified: 9/7/28ehufjp3gm0pars8q5hlgjunup3mhaM
modified: 4/c/stats
modified: 7/4/26a5h9476lm6qohh019rhmmlba33fkeM
modified: a/3/6e6ngramml82j51qhhhaarbd6cs5lb2M
created: e/6/413nn3n93gr3hb3isuj6fltdig3dup8R
modified: 4/5/29fmqti3ubo1bb0a0m4na7u0klsd0qoM
modified: 4/7/stats
modified: 6/9/stats
created: 8/3/00qqomqo6nokjb3beq9cfij3r8spgh8R
modified: a/2/stats
created: 4/6/14uf18ol5ikl1gi47uq3v91ldbc2idsR
created: 9/3/50bni38ncu7dl0dt22r0lhkf7f0qlueR
modified: 3/1/8dueh45p41htubstkg0q4as1iva3s3gR
modified: 7/c/stats
modified: 2/7/cfg0893a39rdfurmtcmvsodp3ile2ouM
created: e/5/16817j31gf4kkrt6ael34p3ebvea0h0R
modified: 2/b/6eu5arisml7vdr42m7qc4rh93r44eaaM
modified: 0/4/stats
modified: a/0/a3r0rahqmumrnjn76h4ndj4r5nnafguR
modified: 6/2/stats
created: e/2/64dvn3abei7of5ph50pmugsl1fbpuiuR
modified: 7/7/stats
modified: 7/3/b5o5kuhstcqvkjnkuig9hem0dcq3v9cM
modified: 8/8/f12v0b0cns5anmidkp076jdf2d5ehcgM
modified: 3/8/stats
modified: 7/4/9ds90cf9li3r6sej5sgr1emgfbr4k12M
created: d/4/83ron0ukk90t70cltkchpm3tt8sp3vuM
modified: 3/8/ed0iaops3v77khk2nscl7gq1jdiae22M
created: a/7/43tcoh0ta2mu342hpsilauodvtv0b8iR
modified: d/b/stats
modified: 8/0/710btlfjqjv4c25vgrq7eog6rnu703mR
modified: a/5/81v5j0m6pet13ldhmjnb0lpldf1vjl4M
modified: 1/c/stats
created: a/4/d4ta3ajgb961198i0oo76l45mcshqbgR
modified: 8/3/72gug16okrh4053tm4mmu55ihb48be4M
created: 9/3/83khv3iie33hrb1r53jlf2mh4gcfjl4R
modified: 9/7/stats
modified: 8/a/stats
created: a/6/e3nuerk4qbbmqiatdofqu25jpv6ds4eR
created: 3/0/e5ln57qnj0okjrmnpannupqtpap9732R
modified: 5/a/stats
modified: 7/7/e8nkvk0tva8idrq5cv24des26hgvlecM
created: 8/2/7f8emsg7p2qda08vfe3mcfbno6mp0mgR
modified: 2/5/cbiufvhnmfhtaiq5isvcm5cdrt2if2cM
modified: 2/5/d5pl5umqd9esns678ui0i75294iup42M
modified: 3/2/stats
modified: 4/f/stats
modified: c/3/b6jk8n54a3lun31ljknktvgrrdug6fgM
created: 6/5/70n2keblgcu33uttr7gbihvb24bn320R
created: 2/9/d71a3q5o215kicbo9c5jrr4abptnbrmR
modified: 6/d/stats
modified: c/0/106qc611mkhslfgj8ek19d2irt9q194R
modified: 8/1/dadn1d228fh48msmpf9a3obm3e9o6esR
created: 4/2/245c16oo4nu858h9ihu7csmakhhgeuiR
modified: 4/5/fa06qvli9kientmchc4f175jh49srcgM
modified: 6/c/stats
modified: 9/0/237angd4rkktfhi574avsejl6dhaka6R
modified: c/4/9egr7r2fjetjhsn6rq1d0ul3d2puohuM
modified: c/5/b0u62gje6v4s09ns5ep1b05g59eflriM
modified: e/f/stats
created: 4/3/5e46mk38pdhk0g5df5t0l59obrvlenkR
created: 7/4/0avtvvl31qm23tfkrghcvun5l2fcc08R
created: e/5/91chthokoitsgp2linc024pe30b9sdmM
modified: 1/6/stats
created: 4/6/22eqhe2j5ot95h36t2a1s3lmop7t23kR
created: a/7/72nqtha14pn4usvbp3t1qusgk5u3ujiR
created: a/7/23oefeve1nb5vloehnqa4ql8tanbvsuR
created: e/2/8c2lfobkfk1o7osaoatbfbo8a6iafgsR
modified: 2/7/3ec76j4ma5hsa98ujm8jo26eg5e4j42M
modified: 4/a/6fhfnldniuoms8fp4ah4betk3856p6kR
created: 8/4/66lodfsr5c41aou0p9htqhfdkeg38loR
modified: 7/4/stats
created: 6/4/5532e3tajvt0harfa62vkrcp574u1sqR
modified: 7/7/21ln3037a1ipm11c5j9v1nhe7akr9seM
modified: 4/0/67r6akt8n60mgbgclhdaujdcv63vt3kM
created: 8/7/652j1i9urej2lasg2vs4d1oc6v4bu68R
modified: c/0/144igtraauapobct5u95aipfpe1ipgcM
created: 8/9/5f7mag3rluah68adt9k5g4d5m9proc0R
modified: c/6/stats
created: a/1/38e9guvjomvl62a2hcvsvrjal7hcmegR
created: c/0/01ree2bg1g7t9in45nk0e04nkgsjpd4R
modified: 3/0/stats
created: 8/7/e7hgbr10b6n10244evq0pffre5r3p4aR
modified: a/8/stats
created: 2/9/b9jc07k8pjd3kfl67v9katkb8fdimjiR
modified: 1/f/stats
created: 2/3/748p9c4k5b7a89g0e2u8u4d72fnfsgiR
modified: 4/1/64mjek3v6rp3a6idd87klk4o2ka5onmR
modified: 4/6/ba7hj4s39iu5mr725tj32d7g41qh3bcR
modified: 7/0/95n313kvtgl8vq513n5lvbg6s1kg07aM
created: c/5/1fdivundebbp8mkkeh4hqv78eprp01qR
modified: 9/2/5dnd0gtsoat9d7ph58aqvf15oc1c8rcR
modified: f/1/stats
modified: e/2/stats
modified: 5/3/stats
created: 6/a/1cqqgf2lup72kql0rh4sjaptl355jk8R
modified: 9/2/stats
created: e/4/08rm8ipgi2mm6d7710bfljiha5bbvdaR
modified: a/3/80na2uto9md8mng8u29os3m8kimr8i8M
created: 4/2/74vr1rg2feelba06c1h96gfot4jkkfcR
created: 7/7/a45429ejujicmonount5iacn8j884u8R
modified: 8/5/9800bkd8dd8g9u5hphb4hpirpfdorcoM
modified: b/3/stats
modified: 2/1/49e6rv8k2hia8f4al1a79vquilcpd6sM
created: 3/2/ffvsdksu45eve8otf11tmjvr3su41i8M
modified: 4/9/stats
created: 2/1/298t5280s1e6qctrrckfijm4mvnitjgR
modified: 7/8/stats
modified: d/7/a4qnadjgu6k5ogkafkipc068atbcmcaM
modified: e/3/112dtml8k9i3mqkgkdje0h5qq734uqcM
modified: 3/c/e567bd0ft9me43ntgne3ssg4g4a6kasM
created: 4/2/00fibf2lhmuie6kpn7acqjsqsnv0plsR
modified: 6/3/stats
modified: 7/2/b21ud9h1ijlttv7j50k3jvn8tfrq40mM
created: 8/4/27j3c1o7ktod4t8euq4ojuhdajp60jkR
created: 4/8/5cvnphve9s7knbu52jnh8ktshde1tuiR
modified: f/0/stats
modified: 8/0/5elsvk65v7bqu4a6fe0pjgg6eqviiqeM
modified: 8/d/stats
modified: d/a/stats
modified: 2/0/stats
modified: 3/6/87nlj9a3vvkskghcurs4t864gj2pbo0M
created: 9/3/211sn8niu9mtdsih7ggcuhkmd3dcpj4R
modified: e/9/stats
modified: 7/6/stats
created: 9/5/c2pl1qg9heuf0qtel0oab1vk6ab85mgR
created: 2/b/3ank256fmb4o5nk81c7h9rj6e37d48oR
modified: 9/5/3f54a3l5d7bm62p4k2urv5vmn7peusuM
modified: b/6/stats
modified: c/7/stats
modified: c/d/stats
modified: 3/c/ba0sh2f998h4dqkqms8jj9fk1to86jkM
modified: 3/5/8b2aecl23pidp5hdpdp2vlmaarjiq5iM
modified: e/c/571g9bsejhvq3najpjstskd3j0ochqsM
created: 2/b/f6f286iio8g48tl8a3g56bd6uetrnm0R
created: 3/0/5drblvkr9h58o2cgvhsf470g52hkhbmR
modified: 7/f/stats
modified: b/0/stats
modified: 7/7/9419jfe172ja8sj7ucl09fp1r22oc3iM
modified: 9/d/stats
modified: 4/3/stats
modified: 5/7/stats
modified: 7/9/stats
modified: f/a/stats
created: 6/4/77orrtq8ps35gvauedpfcj9icl0tkvkR
modified: a/4/stats
created: d/0/a074tuussujad6mgkiuqe3fdhkofsekR
modified: d/a/258fdd944v7d5i817ms1qo7op33p5bgM
modified: c/c/stats
created: 8/3/86puidou3iv2c03i6pcd4jhuv3rblukR
modified: c/7/47c08grjqa66krda81bmktdq67r2fjsM
created: d/7/99ltn3d0dius91gc2n0ksmvkmf34jccR
modified: 3/1/stats
modified: c/6/37emhfpgm3kpa7j5s4482t6g119uu4mM
modified: 2/stats
modified: 9/a/stats
created: a/a/b3bgcoq85ea4b3a6va4rfisscsbfu2sR
created: 3/5/6858gme3f29avin28nlt2mlkq1askc4R
created: 7/3/41os0fju28sv3dm7uv5dba27afigsgcR
modified: 8/b/23av2hcdi3nnejvtcvrkd45i6jrgfhkR
modified: 4/9/e0ouvk7v2a381ivjke6jv1hgjsrk6g4M
modified: 5/4/stats
modified: 5/8/stats
modified: f/c/stats
created: 7/5/ebk5ca0oaj6bffbmsiujd24is6slkraR
modified: 9/2/66s2rkld0fkh6j51g95ithrdn2b1l1gM
modified: 7/3/fejmchi1k3tbalqfvlrunkdpcbvvo7kM
modified: d/0/stats
modified: 9/6/b9bjnhhi5eookeki7qfltdpsma0053iR
created: 9/0/3c22at4747vaf3oua8audjsbm46qko6R
created: a/c/71b3m2loa48lhepda4k9nh7pl33dn0uR
created: 3/1/10uol0ms51dv599pm915g2e79e67qaeR
modified: d/f/stats
modified: e/c/32tmqpbdnp3brnv256jqan9iut2eijgM
created: 3/0/923lk4i7sl4r0g8hvec3l2gdefpcrleR
created: 4/2/aeo0cuhr140t9vd0nki21vsivlbcrpmR
modified: c/0/f2v9f3rojec4mho23bc8gaqmh624k1cM
modified: d/4/stats
created: e/1/94vl0d0c7qdb9kk7kqt4lrsaaj058reR
modified: 3/d/stats
modified: b/f/stats
modified: c/1/0eo67o0sgk2p07f65g6ofo91b4g9a0gM
modified: 9/b/656vkd1kt4812slrppk332mq7v3jkbsM
modified: a/a/505oh99igrlt2ldepis9237jahmb1p6M
modified: 3/6/cd4goeaephluerqoks08ivkov9n2k06M
modified: 1/4/stats
modified: 2/7/3ervj2goqgdh8n8boagq3spoprl48l2M
modified: 5/stats
modified: 9/1/stats
created: 3/0/8cjopia48ua3330fipp366sor1bpmkuR
modified: b/2/stats
created: 6/1/49rb4hhga49jelsd362bpn1ummcmgo2R
modified: b/stats
modified: 0/8/stats
modified: 6/e/stats
modified: c/3/4a6pgjbohd46jtgorlieu1hkg4jips2R
modified: f/d/stats
modified: 7/7/50saq700njga0qfklsa5pkbdps6bp3uM
modified: a/5/580f8aldntieqtn59lnffqbjv0jct1qM
modified: a/5/a2kldtehfuup24rec4ut2nnqi380fomM
created: c/5/f1j4gcd3aqkb6urt9pfd93con98elokR
modified: 4/1/a16di4tlf1b3q7vtvaf9cd9refgqgkaM
modified: a/0/cadc42dkrmrutue70q34mk8j1mjrj88M
modified: c/7/efb9sa4c33fvh4qrvfulo63tlnvjk7iM
modified: 0/stats
created: c/7/8fbjrkvkro4es6cd9c5nhvlhoq8p41kR
modified: 2/3/stats
modified: c/stats
modified: 0/5/stats
modified: 9/5/aa4v9cbimlto9in79nq307s00teco62M
modified: 3/a/stats
modified: a/3/stats
modified: 2/5/cb598jm31id97mpptneacuu9oh11u72M
modified: 7/1/cb92grkjvdajp7m1r92m7nv2d0e0mv2M
modified: a/2/80ipciiitunbclm06lbprvn915g4bvaM
modified: 8/1/158q8mnond6ql3p79r0e9vqb7h7ogb2M
created: 2/7/4f54q1an5udrgc4jogsbm7hp48mh0u0R
modified: e/b/stats
modified: 2/2/stats
modified: 7/1/9bj0ogtctj399ni8vu4okct1mtctoauM
modified: 7/b/stats
modified: 7/stats
modified: d/1/stats
modified: d/e/stats
modified: 9/0/cbi623qiekv1t83hhvlkhfndivbeq50M
modified: 9/5/d3jsiq4avurc9tumdq3qsina0o6lg3iR
created: 6/6/68janl9qnpcoaifnd51cmi6fjou6deiR
modified: 9/9/stats
modified: 7/1/f6ulegcoc4nflouaf154mfoq6b4lasgM
modified: 0/f/stats
created: 7/1/9at90alq00vs5rilj39jcb95teomqceR
created: 2/9/35f0h23enar1r7kiumji4vmiit9m536R
modified: 8/e/stats
modified: 8/b/42g36amgko91h34t4705im6brmb177uR
modified: d/2/2f1455s0matslmgpcptqbbeq5jdq3oeM
modified: e/0/stats
modified: c/e/stats
modified: 0/7/stats
modified: 1/7/stats
modified: 3/b/stats
modified: a/7/e8vdh0rie5jsjpqeuobmnr5gt8r0ar6R
modified: f/2/stats
created: 3/c/b49oumbfrghu633vs9lnsn7rsdsnbr8R
modified: 8/8/9aep0g30h7a3np6o8q6rbg8o84j2jdeM
created: 8/9/13n94916eeriv5agvsjj0ejo0u1tub2R
modified: 8/5/stats
modified: 9/4/d8eop9jnphea9o8rd4vkab2g2401qbeM
created: a/c/15dm1tm9sj19t8rr2080gt1umdq4h4gR
modified: 0/0/stats
modified: f/e/stats
created: 4/0/f7k6laf94c0ib2bi7lhuhsqhf5p5rn8R
created: 6/2/f7nr7icees0ufshrrcmeafl8jkjpm84R
created: 6/6/d5tq470k6j0a57b5qjrqm4it62ne6tuR
modified: 3/0/c03r2qnd6tskejp4cj8d8ssc33880r8M
modified: 4/stats
created: c/0/7aogofqc1vrltt60lbghv9eaeque1vcM
modified: 4/3/e8q815jst4s9nel60c2ukqgpg6vgjkgM
created: e/8/4049s7ulr6pcjpk4dripj5ksd8psn4sR
modified: d/stats
modified: 1/9/stats
modified: 9/8/stats
created: a/5/b1auehusr5sf124cmliekbtur0ecam4R
created: 9/6/15sion7ev41se01iei27atnjes9ogq6M
created: 4/0/c33168ll98o4skftdbosae11rbf3nq6R
created: 8/8/46q2g11rsclsl4g2u55cvvedjfil302M
modified: 9/6/d0ar7cjajicup90pevv1a0k8cibk3qeM
modified: 9/a/52om587c07f9a7tpihs2r1h8g60vj52M
modified: 4/d/stats
created: 6/8/efuia7bc3to7fke2jllsrgf4droik1mR
created: a/6/594o48f2apavhhrohblhu4jabtob51eR
modified: 0/9/stats
modified: 0/e/stats
modified: d/c/stats
modified: 1/2/stats
modified: 8/3/stats
modified: 5/0/stats
modified: 9/6/stats
modified: 3/5/stats
modified: 4/9/62f4r60geh9tld38r4tr0set7tmqmquM
modified: 7/8/1bj93362qkd9aq5l5phqdn46ssodin6M
created: c/4/5evenet9055cml7t9frnu2n0jg714a4M
modified: f/7/stats
created: 3/7/629ph81pf8jk0mgol20pnn7k1skcmv8R
modified: 3/e/stats
modified: 5/6/stats
modified: 8/9/stats
created: 9/6/adim6kj8kmbi49afgsbj2qnqgaea0v4R
modified: a/7/caveiklqfsa6gq5934ju6u0ujvv5ev2R
modified: a/0/df14ft0t8v3cb3vpaqla24uh5n5aqq2M
modified: c/8/f5r1qrj0sa55rgi9i8b5q4slselhdi4R
modified: 3/2/924qtebdd923brf6bhorul5si1qm7lcM
modified: 6/a/60c6kqs4leoknse0drdqnqrero3fgs8M
modified: 9/9/1bq3it5g4s3laug1uqtlsiuvfire59uM
modified: d/8/42b5671jao7cvj5soimii5tq40n15qaM
modified: f/4/stats
created: 3/5/37d0253807ititlaa4gruen8vhgh1ckR
created: 6/b/9bo805c0rtrk103mj85bahfmt2c2t0sR
modified: a/a/69o1bvidb4s2972oaq92a85prvo4vnaM
modified: a/0/stats
modified: a/6/21bamm4tt0495hpanvi7f9j4jbuoe3uM
modified: e/6/stats
modified: 6/stats
modified: a/d/stats
created: 4/2/fa8tlmp1ftks5arruiipjflp807s1amR
modified: e/a/stats
modified: 4/3/1508qe4gd2oquabdkp2s0dop65mkn0mM
created: 9/4/8eo9i978g19obdat9mqun162f8gk54cR
created: e/0/5eru8jc4nk7dk4haru5qutenhs7agtiR
created: 2/6/5eu93ru14asdiekgq6u329a2cf6alc2R
modified: a/5/f5rv2r663s4k725qasrd1dkhgonn5m0M
created: c/6/b962qora7dbo2hbmf9j4prbi3dgh27qR
created: a/5/435jlqp7u699angv0ju9baib6o5v0s0R
created: d/3/1e2dcai788qg7aush5ars4fh135o7m0R
modified: 1/e/stats
created: 3/7/20559kt72gg4ga14l7e7bc18h8000aoR
modified: 2/0/1b4hlmuludj9lf4av2sic3rcjddof3qM
created: 4/5/4div2mh0un54l0ucl5ohdskje3kbbqaR
created: 4/6/8donuit4ati02riu7817dmlhac6h03iR
modified: 8/9/e0gplqmsui929jme280p8tefaffj4bqR
created: 2/c/73p4nvqu1etj0uh7cj8iq9b9g11t0joR
modified: d/9/stats
created: 4/8/5aqkmlp8f7q8mci80g3h08ejconb0s4R
modified: 8/8/stats
modified: 8/9/9a80koor8p7qigccm0g177elih4k452R
modified: 7/d/stats
modified: 9/0/4eus69c4k307n7omarleq3oa195bml2R
modified: 9/0/stats
modified: a/b/7dtrndk11u723v78gbnhvtkbeme4vd4M
modified: d/9/11tofh921cia7roqjrena3lfh6vg1poR
modified: 9/f/stats
modified: a/9/04gc5bhd8d8a6f1711httv686gen4o8M
modified: 2/e/stats
modified: 3/6/stats
modified: 4/0/d5u2008odj80i3298ggh4jjq8ok0j2sM
modified: 8/6/stats
modified: 9/stats
modified: c/4/18k8sn7f0flbljbpv8c7mp905o9hjfqR
created: 3/a/c6o4ovdor9gi2105okp92cf297fkk0mR
created: 9/2/3144dqq1ppa1mc5lrlekdi2ph6om2mcR
modified: 9/4/79vd8n63s8jqa83r0uqj889po2676tqM
modified: c/8/stats
modified: 2/7/stats
modified: 9/0/10lknf1pdnbkdnjrvcefrcqsbis70oeM
created: 9/4/402rr41ata4qimk1hdndhrn44irc3puR
modified: 5/f/stats
modified: c/2/stats
modified: 7/9/13lpbqjtq6ptipuhdjpeh9qkeps3triM
created: 4/7/d5o0cbnnnd4a7610k14upits3c2qijcR
modified: 1/5/stats
modified: 8/7/3b8qqel0m88sbid1an0v2bcp5g5b81mM
modified: 7/3/stats
created: e/7/97dv4aeh6di937r2ps6m3qb96929b50R
modified: e/c/stats
modified: 2/5/stats
modified: 3/4/f2a6bu9a67n0pk5r1124p6k9v9qic7oM
created: 8/7/4bpfsk12bu6t3oncpdt0i1kv64fqh6cR
created: 7/6/89h5s5l4c1nj7ofodshafka53k2a9k0R
modified: c/0/5d11no88dnc544ln4iu88ak3iiur8miR
modified: d/3/stats
modified: c/1/d6189tv39hmed2at5qobh8ija3conuqR
modified: c/1/stats
modified: 4/5/stats
modified: d/5/9ba75vf85dm0757fv96hf574lctefckM
modified: 2/f/stats
modified: d/2/stats
modified: a/0/6df8rlkmcvotg03mn93ddnkmk7a4nvgM
modified: 4/9/212ja8t9le6674p68pfqbj7s1bfb2r8M
modified: 4/2/51efr4nejtmvmc5j4pbv7fr0cv4pakoM
created: d/8/62eb2vpet5emhmo08v0b4rk6vlnnlokR
modified: c/9/stats
modified: c/b/stats
created: e/6/d2r8urh6fq6n9off0cp54b6haqe5220R
created: 2/7/9bj2rnhpnnethsuoj6lbd7hr20s7kogR
modified: 8/c/stats
modified: d/a/dc4rl8t9lf5vrn682jeupu4rglt041cM
modified: 3/3/stats
modified: 5/9/stats
created: 9/3/a0cop3db1g7j66kcav1fdh9t3ep0g6aR
modified: d/2/ede9et729clcqmfj1ho54beh0mklmcoM
modified: 2/5/30ri98m1jbd3gnpl7efr0cv8std0leeM
modified: 3/4/stats
modified: 2/d/stats
modified: 3/7/eac8g63f5qrb9fgamm5hi185rk8pch4M
created: a/1/1049b5dgucgq8fi1vn8c0a9ifmk8ovaR
modified: 3/8/c7jbpnvfmm91tgbk25em6kuatben4hsM
modified: 9/3/fc3ds42l7cgs0r7fvliirk2opcckvriM
modified: 7/8/75nshmo67l8uhdhh8sg1cvndri22smgM
created: 7/5/bcr4i3ci1hvhf42jraa6e44c9v1sdb2R
created: e/3/55cnvdbqcbm9ua8po518fvckvic7034M
modified: f/3/stats
modified: 5/b/stats
modified: 3/4/b36lhpg6mf9398uuo934ls2vvlp8tsiM
modified: 7/1/stats
modified: a/a/stats
modified: e/e/stats
created: 4/8/bfanb7bvuf4apo059hjr6k4g6j2u9lsR
modified: 7/0/89is8lnal8j8s5doc6ajusej744hopqR
modified: 4/6/stats
modified: 4/e/stats
modified: f/6/stats
modified: a/7/stats
created: 3/5/75ept42ed37pjldmk7sk9qtr66m3b22R
modified: 6/b/stats
modified: b/8/stats
modified: a/3/e0pmu8l8b413g61f6jvadj6rocdokj0R
created: 3/0/fb6ckm55fnr5fkgm9cbhtaimqf8hb28R
modified: d/6/stats
created: d/0/c8018uv3r9b91qbghmsr05qu97jmooiR
modified: 2/d/a93a0p2pp8ukao5pri7scv883va078oM
modified: 8/b/4cre3ghr1blkvlcvqu534h2umlumlm4M
modified: 8/f/stats
modified: 9/6/8a5pc4trqclc35aaum61l9hn0f8nk00M
modified: c/8/00etodduloqrmr0nsvk5a5ji116qtegM
modified: e/5/stats
modified: 9/1/2d1aid98c3emuk1554dpu30es54t7nuM
created: d/3/a1okts90fs016pr1o4204o6canjhkouR
created: d/0/ddatvh240s51mg671be555qrolsgraiR
modified: c/1/94rp1h5l2eghbv87eqvpsnq6bqcgkkkM
created: e/9/e5e7je25h3abklvjjmd5r4pdpq3mie4R
modified: 1/8/stats
modified: 4/8/stats
modified: 8/4/stats
modified: f/f/stats
modified: d/7/033gemen0uupgfbshibe02bpc3art2iM
created: 9/6/3fj0l5g7779nuj8qts7s05sbushltecR
created: d/3/89he85qm9l42p7a8fk9jhnl7h4bvou8R
modified: d/7/stats
created: a/b/0f1vj4uoh14ok2scitgshnp65lbaol4R
modified: 3/f/stats
modified: 8/a/fdvr16df9o8kvl25paqqo6ai7d570lsR
modified: 9/b/stats
modified: 0/3/stats
modified: 3/5/93hjc3ns39bn7dkbe32vlenatufmbeiM
modified: 3/7/stats
created: a/8/9eqnpglt66c8a894p704l4h8i882cucR
modified: 4/6/f6p342kra0c6cvka2j2qmvt683p7l6iM
created: 8/8/63j29qm4fmvd37h7cn76e7brj0qnrnqR
modified: 0/b/stats
modified: 5/1/stats
deleted: e/c/deg1ji050uvd6eeafinnpbr6810ts7gR
deleted: d/1/ffaat7dg1af5ehr1m1utm0jef3lavdkR
deleted: 9/e/5dp0brg2rtmgmji3scj9iefjuuckvqeR
deleted: 9/e/c7ckfl9569berslav4odu4624iljlhgR
deleted: 8/8/fdjcq7vrt1q7fju87s2co1nud0kd618R
deleted: c/4/e1ie0ei5uq5k45rgrao24tjaq058pomR
deleted: d/2/fb3pf3u037td83mnfrk3kec3k2u2kdmR
deleted: 3/6/90hmctjei2vkjnfvf5ac0vv1l5lp1rkR
deleted: 9/7/c8bhsnqaff8hk0308fbtfle01ns18oiR
deleted: 4/0/6cupohk8e1c4qinvdp8cme5k1fdo1cqR
deleted: 9/2/89ar2red420lbu4j8eu06faaftp20l4R
deleted: 8/4/0f98f5gq5r5590li8sc81gqlj4384jqR
deleted: 9/2/70bvv6vbo4dcctafcv8guie7a33hnrkR
deleted: d/c/421o0u24jt5i6ok4stucilg0mgr8g3kR
deleted: 8/7/49i815v6j7q7obj5l01llo7m0kq5ilaR
deleted: a/5/a3aqg0aqqe6iq60p0rqfj37s65dhv1qR
deleted: d/b/0b0hphp3oicdeijp0b61u6ok1bdk5jmM
deleted: 4/9/b5d9r0qqb1mjqc43btc9ascecb7jomcR
deleted: c/1/d6f2kss3157ov6rqvpde5mjl5j84i2oR
deleted: d/3/11lkse5jj9ichdg10uknu5kj4o45sv8R
deleted: d/1/b8dtnhup06smitr7mbctce83q7dkk1uR
deleted: 9/e/824qgd1chs7phj7fkm1i3bdtvdt9iouR
deleted: 8/a/42mfued2ojva4ms6o2e7ahh4rumfr3oR
deleted: 7/9/00o42okcbd4h6rcevpfro6fvs89f278R
deleted: 8/6/5a9p6l4kt6bjbgq733mnksinj0q5c86R
deleted: c/7/372n0nqu5ebk7cs6cvt77v26980r0eaR
deleted: 3/0/960s0etnuc5ou33i3ck3gbgsei1eauuR
deleted: a/2/79ehntlolmekujtpvll4b71h2mtr2lcR
deleted: 8/3/03jr0hi5nqj4jmfk4vsb1omqkvfkv14R
deleted: d/3/dcjo3ufqcttignvksqd0jbbsrnq13a8R
deleted: 9/0/25mo8k8m8teruc681ji7qq7huffhsd0R
deleted: d/0/dfe1ot5cmj8qetnulblj42sgmdafkmqR
deleted: 3/0/4fcd736r4n363mdhpg98jj0kdsib0feR
deleted: d/a/becq06snkp874hjj6kfjobpepfsaph4R
deleted: 7/8/5ao1p797i4mftsr67ccfahod7ab8v88R
deleted: 7/8/bbiann8nqe1dpgo99b3k32mkgsml2l0R
deleted: 3/9/278uhe8me546d0h4ft4te4p9j6sr5miR
deleted: 9/d/5e5irm82fa338qspe00e3i1e56msitiM
deleted: 9/6/6fq24iqo69f0mr9e76vaadldkdrnp2oR
deleted: d/1/5di1k44kj49lebuvb7kr3hv73e2qnmoR
deleted: e/d/ea1q1m8oe9kmhc2ptp7dheq99t5bcvoM
deleted: a/0/14gvake3vfkpkkuicedvj3a1hs67f12R
deleted: a/5/45a2mn93mc9gveuf2gqfbrnk56otecoR
deleted: 4/3/57gk236or8j7fc71jn0ir5nmrcsak26R
deleted: 9/1/67q3d2drsmdbsjob9ooguddn2qfptnuM
deleted: 9/5/9fbm9g3ukoo9ks531tbb3hkcibmkddiR
deleted: e/1/5a8s99s3diljfmqukahennl1l53smomR
deleted: a/2/3236ech1pkdhoaq5r6ppqu4bgh9sfgoR
deleted: 9/e/24m51s4c5msb103p6iga6136th0mhj6R
deleted: a/0/97um91nu1b6ca7263bvdd463oeehsnaR
deleted: c/7/09nmv4k00cctj7mthosg5cvj7fg1m20M
deleted: c/5/1e1avp2c854573ftr8k989r7f3epvgmR
deleted: a/8/289fkcatkpel12500k0ta4n7eq4ptp8M
deleted: e/5/cddpi8f3tcvhk7bm0kooni57hb04i7qR
deleted: a/8/88a8f5gkj5s2sn157gva5p4jnih08reR
deleted: d/a/36ndlpp4tkglo915ku1e224jb3d4dv2R
deleted: d/2/4btcicbjok2t3du8pdkdr5249rk7s5sR
deleted: e/a/0a7s6me59rvgolpt8blq0tfns2dir1iR
deleted: c/3/5243h3dokm5j6shbdp99pbg9eot6s6gR
deleted: 7/7/bd387b8ndnhhln38hrso7nvjfeuc5j4R
deleted: c/1/2edai77ekovtmag7i3pndqrnud0mssiR
deleted: 9/e/60r4nkqs2vgkjrg42c8em459sstbs5sR
deleted: 9/b/3funhh4hh06q0e1mnapqti9tl7cpso0R
deleted: d/2/6106mdo5atn25revibjltkd39e0kufmR
deleted: d/1/9cdubucrf71kioqg1ntkidhojuq16q6R
deleted: c/3/a7e8u9l9fj09alcouh4k0nguggodfa6R
deleted: 7/8/bb93rknfn2u3b6r5ibi1oni9m2n49fkR
deleted: a/3/791uj834pemieiqju757l6d1mopai18R
deleted: 7/8/a23blouv0v98m42j4k6mtfohcmsuhmsR
deleted: e/b/cc120l0jiu5qq8a8n19fe8ekagnf7h2R
deleted: 7/0/9fcf3o8c694gsnoma6libuhqm12jlbaR
deleted: 3/0/474o7ng408fgm46e2sm34q3l11fdipoR
deleted: 3/7/f5ockkrrnts9uvpepfbbj9l5ktfs5vmR
deleted: 8/1/dep3sn4snmvcdnbtnof94qf58kntg9qR
deleted: 9/1/15omtfjme1uu6urjr902fitig332p3qR
deleted: 4/9/e0jbfhuf1ea4o4g50qr9c4ab95gp4hcR
deleted: e/3/bbsjsj6hjbu0b4l2ih01a5uidbf9080R
deleted: d/2/fa0pu2psl3bk8kh5k67t1rfsue5vhf6R
deleted: 8/0/b7ko75s62i5agad437hr00p539gla7mR
deleted: 8/c/efsqv8egapmokpl0dkme7kvpmd6arqcR
deleted: d/3/9esgf8d01a516ub3gm87sl601dlivueR
deleted: 9/2/d59q28l2o7hrrh5ego891mfc8bo8kucR
deleted: d/5/53jfjcet1teop4mfrc7s04o4uoc59okR
deleted: 8/2/07hicncb406tqtk8cemg39sb33qd794R
deleted: d/4/70r631bq65855vs62f95966sl6s463eR
deleted: 8/4/ebl693f17tu2t7280eb2mlrip0aispkR
deleted: 4/5/346ubbo02s4juhvc6f5opm5hbc6485sR
deleted: c/4/bage0t81df3hjkjt0ir541f2gpvnjekR
deleted: 4/6/ecur4clrm2ks0baj48a670qkus08q7mR
deleted: 8/6/bak26k4tq2o3c2nlgvf4tnepdhrlegaR
deleted: 3/8/da28iajr036nd80c1ji8vtnsdd4hjs2R
deleted: 7/1/f06bj8fapllbigu5ch3sl3rnesebhhkR
deleted: 4/2/2ctfflo1c8uk8v6ksec343sclpj20m4R
deleted: 4/0/f4npcmjj2jdncpu8sp5ujkn64nm9vssR
deleted: 7/2/918nm9u84sbf2sl0s7ajbpj29oh3p2sR
deleted: a/4/7ev8t61leemq9c50in18pjqi6i6p8qqR
deleted: d/c/31i1qj3ird2qpc2g9bkf5oo6g2jthqkR
deleted: 7/1/13qcs1sdqheounsoeblnh07j69crraoR
deleted: a/6/307couiurvir6irc4l8iklm56pfe6poR
deleted: 9/2/779lo5mkk6nd8i15rrf3f8u59jbfj54R
deleted: d/3/19vshme63e9lu8pqg30ca4flrhqn5rmR
deleted: d/8/f06oobp3phgf5q9029a3hgqc471t83qR
deleted: a/2/5a07dsshu9ulkjmgaedftlifgbdemgoM
deleted: 8/8/cftl4smu2ppt7vjc08b30v5j61mekg8M
deleted: 9/e/3biuoj688a0lf7c5egsdle4srqco2i8R
deleted: d/7/21quup3nvl0rs820j3pntctf2pr9vkkR
deleted: 9/e/30kj64dagqg3mb9fndl49l4qddl5v42M
deleted: 8/8/d5lccn2jg6u8e433uvveaeunaddpnbgR
deleted: 4/6/9bp7fpe6h02pma3bjpkqi3gjpuj5g7gR
deleted: 9/d/ef12gda0d7drlmpouun80l8tdjs3g5oR
deleted: e/c/eag2s78isoj8r87sk78n3avim5ef8uaR
deleted: c/4/22f6679mom1qdta255lg9m3apdtc1g8R
deleted: 9/8/83397288ihvokl5kmv65p77llpbiv0aR
deleted: 7/9/18lqmdp1uf9vut2sbqc6s2fv3bon39sR
deleted: 8/a/f5trg29dbok3e1suq0daoou2rv43a6sR
deleted: e/c/c4ukkt6b6mda6ou6tovtkp7mh8sgp9gR
deleted: 4/2/aep7uumkteirgm7na8jj6apsrfjgln6R
deleted: 9/7/222fdv3h7v55pbj23i39cbdc7gp8kjmR
deleted: d/5/089gnj9apg7pthmucdoofkp68fge6rsR
deleted: a/0/2clhgl27nibqo89sftetdcj5jsl0bpkR
deleted: 3/6/85294cb5r5s0jh8aqqalidcmqti4k40R
deleted: 9/e/36fgjvmq6jajrrdibcbd6bqbfhe98j0R
deleted: 7/7/d4l9npmdn77dic0982hk5fs9qcrnn8cR
deleted: 9/c/61vkco2miujmttjsms0lito6ig65d7uR
deleted: 4/6/d3hp8edbkrpo2imameugu0vu4se436uR
deleted: d/8/62sh96o1hm352neuomkmic8q7624fkuR
deleted: e/9/35i4fvij8oej3vkvn8ql4dpvhft8h80R
deleted: c/5/7db9ddecj9i45dn0hen1r1h4mm3bb16R
deleted: d/5/80jn3f0n1qpau5je8btp3hh9brejlpaR
deleted: d/a/2f5p4qbmc29jqu5vrpb4v78pv8ps03cR
deleted: 7/4/910pl296bn5kjtnhrif6rbvaq885hheR
deleted: e/4/3e7suv1ekv6stn39b7u3pcc7j1d5gkaR
deleted: 8/8/fdl8hjgn0nccj4b8hkfff7cdg5het7oR
deleted: 3/3/165vkl7h6hqq36e87qv70frguou5494R
deleted: d/8/156bvqp4qfqlieeovjobli9g68tl9eeR
deleted: a/8/87p15q999mofn0q52al1vau765chooeR
deleted: e/1/c081c9i45rbfkkf1f17mjmne32kncceR
deleted: d/2/69vs190akcuiaem9flsrsk077lvvdsmR
deleted: 3/6/204lmuj387pka622h42nlbigm8dss4kR
deleted: 4/2/388gstcsvs7bf06tg5qu3v6h8efs1isM
deleted: e/d/63cqrqsraf0p3qdap4cddlvcqgjlvv4R
deleted: d/7/a9u5b9k1k5hkkcs4ridfs01etuf6q1gM
deleted: e/8/85s1ppr8c8ta8h8ldgnd4dkbgl830tqR
deleted: c/4/39qvfld6fvnda9qvjlf09if4buh81a6R
deleted: 9/d/7f2pvr50fm28ahs0p1jv8hsq5s83iv2M
deleted: a/0/50tc1hv2fpvaakh1pgeliec565fbd3oR
deleted: 9/3/2e4uq4du267hfpal23b7annblaa0l08R
deleted: e/6/46tidl5ilb9799e1tvrhcqegsv6l5eoR
deleted: 9/7/99facft67ch4cnb5aerve7nvajnfm3kR
deleted: a/6/0a8mgqkolt77o9sbsh60vg8bnbvp36sM
deleted: 4/2/cesv783alj543q0dp3t6d4nm4rr3r9kR
deleted: 4/7/21pi3j736e1pa2pkji5akr36msmb4coR
deleted: c/8/5d8qnp2m6k0i51sofas0buvh23j9756R
deleted: a/7/1d6hhg4gc60lv7flna3nn8j3ivsn8kkR
deleted: 9/e/861ojn6fh3ko5nf0mloolo94ls6gimmR
deleted: 4/1/30shfj9lko5qhj3cbbco49guh939od4R
deleted: 9/5/1386umplr57907g884412he377hrbauR
deleted: 9/e/7c8adrndavk33pnqetn43q0ei06uph2R
deleted: d/b/13mg6l5amdsak7ga4tsmpo535jlnhiqR
deleted: a/5/000kvmblnfsu0gum49q94tlfrno609kR
deleted: 9/3/6fo9jgjch93tifmg266m7u26rug2nfsR
deleted: 8/3/b307sitit5a0q3edbfioqids9atg7m6R
deleted: a/8/d61r2mletipjc9c4rhrvhetpeun2l58R
deleted: 4/9/a8lv7cj1lu3jsdgh4smo295i8i0tq00R
deleted: 9/e/64jc17v4l2isdaca1dq1tl4nifgsgp2R
deleted: e/d/dd3d2jbq8g3na97pqjpo5tubl1dkr96M
deleted: 8/1/4399u4dkt7buh4kghpfqgd60sgnuea4R
deleted: d/5/1682qkrtnc1gl58quk07n9is046t0euR
deleted: c/7/35pk80p0frardkaf0sajpisuh3b4hnuR
deleted: 7/2/3b34sguprr74shdoaef1hvkq0h6dkrcR
deleted: c/8/a7rssvlrl2lsmmuogtaiua40qkrac2cR
deleted: c/1/1d4nsd4ej77d4ro7l327igrpifemdsaR
deleted: 8/2/2brigubeuq5hht8v2fnljdae4harvlmR
deleted: 8/3/93tcdbcte5ebk58202u7e64inrki4quR
deleted: c/1/be9qdq8agnjq5noeks4da373mcotu2oR
deleted: e/d/e2b5md5h2mdvq3bd0vv0fcm00ti83ueR
deleted: 8/0/d4ns6nc3qp6k84nokht6m5j2tml9nveR
deleted: d/c/a1e75hfvvrm3ampmk4m88snmr58nsm8R
deleted: c/1/f6bl72ta7ic9koqo6mirjk2ehil25v4R
deleted: 8/3/dc6ejpnerifmkm6a7j4kdbiom0shusqR
deleted: 9/a/b5qap979n7afrpqcvfs7strco9o5nasR
deleted: e/8/b3u2fj9qur9v39nbj9qu74b4jkr2eimR
deleted: 3/0/9a6mq2ieq086v3lksc1ruor5cm4dceiR
deleted: 9/d/f04p2rcrkh3cf8osrdq8lfh9cp3uqg0R
deleted: 8/a/5ca37l90bcedbu5n17l47vt3p6o90c2R
deleted: e/6/dbfbgr9959bebethq15rc70klv69b82R
deleted: 4/6/7c33nk3vbigvqavjm7c5dlpvmo5q91sR
deleted: c/2/d2hr7v6hr53a749968dolk7li9m22p2R
deleted: 9/6/4fqdv1veu5l3mgajuj35nt2gelc7qgmR
deleted: e/8/57pt93qnkvp3i67n7r7of0rckam3m3iR
deleted: 8/6/bfcqhb8l345aj9ojbaeu8u6bv9auc0oR
deleted: a/3/fc9o96ho53uob7qjk3m0ud064g9vf12R
deleted: e/6/a0qrqm4nt8cshkv7u8a1vels1jii7piR
deleted: d/c/6a98ljho8q7a9ndju5jd9mqtindt8paR
deleted: 3/2/df3huuolmjvarslid543tkqgm4ga522R
deleted: 3/0/6cougpqjsnth7rfcgd7urgcpe99n3bkR
deleted: e/c/00gvuvams3kl9t3jg5dqrds7utq4nc2R
deleted: d/a/f23ol3rpdesq81l8jtepd7135outofkR
deleted: a/6/51n5gb0r5aeoqnshum2qe1e9stevnfeR
deleted: 9/2/aaicc6kjo2o0onq3ssm90b0uk4c5h26R
deleted: e/3/eanjslm77dp950gbjajaaq8lq6e9h4gR
deleted: a/1/c7ppqugcde8hhop18nuq0misltpafa4R
deleted: 4/4/37kcba4s6ima2543t1idvi09m3gcgdqR
deleted: 9/5/b3gauau4hsvmcvbeb2qklf8enrpggvgR
deleted: 8/3/fcv3k4d72g5tkj47b4uc1m1kcr0iiiqR
deleted: 7/5/6bsnj1memr8j3a7q7ql3ho3sigg85b8R
deleted: d/9/13mtpadge7udqeg33j6iaaognil1k9qR
deleted: 4/4/20m496ihbo5o2cnfv5hriqtfdi4oi7sR
deleted: 3/1/1b5sgd632geg23j28vdcs3tj3ishelmR
deleted: 8/6/d8ppnj22bc8mtdh4928rm93d0g6ne56R
deleted: 3/4/9cfuttua1am0qpt9ij8lo04mvr7o02aR
deleted: 8/0/e13jbbsflrsosma65153pht5ce9ri86R
deleted: 9/2/41fbmqfu4sn3p5s08f3576jb36stll4R
deleted: 8/3/577npva9a6n6evbs881vhugcn59fvk2R
deleted: 8/1/c2nirr2rh3ac6duf01anqavpc9ddigqR
deleted: a/6/1fd6cpagvea51tlaetmttpr9g77htjgR
deleted: d/7/8d8evvcufjk4dr5hptnav396tl9r1icR
deleted: e/9/d0haa4661vp4lvcoh7v89elsohb7qc0R
deleted: 3/4/34te0nq1narjocl4hpdd33ponsu5lseR
deleted: 9/d/84454dqg3ed1cjo1glvifarm0rekc9oR
deleted: d/4/752hbk28r5sn1eqf9e2gtkf9v16ijg0R
deleted: 3/6/a9556su56uth4tpd09stbc54tnb3vpcR
deleted: d/9/895he4dagmc3uacg9cfh36s1agu1u3aR
deleted: a/2/dbmla9cqtmt0kfsqdothrk1635f12kmR
deleted: 8/3/edij8bj3fr7tsu4vleioii9ujdes3neR
deleted: e/2/e0am61ff5fpqsfs340nh8pjab6ctq4aR
deleted: 9/6/e2oa6kludb8iidbjf3ucb1i3jnaq0e0R
deleted: 9/6/91r2n62b6vg72vo4afvb1ovk8ddko5mR
deleted: e/9/1e1o8dfaf5mcithv4h4putggi3htolgR
deleted: 8/7/d7pu7fofhto88n2moaodetnsmueo7omR
deleted: 9/e/63alcrj4715aopd7oj0gb390dblfqr6R
deleted: 7/0/709ebbqoh69rap8nu27e4ciaftjdlviR
deleted: 4/1/9b7t6gfcq2dq19lp3btqfqq265bkg3gR
deleted: 9/6/3foe1nk3n40sdlrhdqfv0egjekft3egR
deleted: 3/8/6761krkehjeacnt929dktm2mhqck2ouR
deleted: d/0/c3at2i6iffhfoblvcc7gi5t3q0nvgl0R
deleted: 3/8/a7ga3rc6qhrorbh5bv4psvbkbr2qga8R
deleted: d/4/71q54odu10pnmpg9fhhrtamknvri72cR
deleted: 9/e/9fjr8gp7obsi8i6m88kp4b71ohbngh6R
deleted: e/d/bb5f7vfdv6ke8o2o9asq84i2fjiucu4R
deleted: e/8/08t4cntoahg3o6o2khpkmhanc8ohumiR
deleted: 3/4/7794bk8n4bcgbk3chqj5agrs4p11b56R
deleted: 3/4/37p2kqshird3u3skdvomvo4ch47unacR
deleted: e/0/a01i573lnojiahsp761ltqa0c9urmrqR
deleted: 7/3/d0ej9o6uhv7tqicf6mcmc08dl7r536sR
deleted: a/7/4babrjtir7kn3e6n3109e21ju3f7itgR
deleted: 4/8/1f8r1hg55aqdmclbcrd4odri2mlejo8R
deleted: 9/e/26o6evqu80oedf19j171d99plke1j1aR
deleted: 8/2/219aqsd7u04hddu52dl8kl746c5nb72R
deleted: d/6/5a7a0d8eufke69jj01sg6t8hfrbamuuM
deleted: d/c/e433o13s70ghalc6sgf1ai85q7jqhn6R
deleted: 8/0/d09ta1lo97nnuksrbilp67e90qr1a0sR
deleted: 3/2/edni53b5n2rggm8em29f1svq12o2fcoR
deleted: 9/e/4e69fo6vv1c1001mjlumcdtc64l1qduR
ccache cache size is 173Mb.
Uploading cache ccache...