SHA for cache folders (/tmp/ccache_dir) is 'b3f39313b55a22e04e315f55aa150cd10713b93456470f7fd61ddf6a37c2bb1c'
Cache ccache has changed!
List of changes for cache folders (/tmp/ccache_dir):
modified: 3/d/0e00bf1f6602784102b29e0e0d806e-4143.manifest
modified: 4/1/3577ec43d515b1bd0d5b6b3bbe1931-3749.manifest
modified: 1/9/0b91f82a32badd389f262e00f2a9ad-5819.manifest
modified: 7/1/4a54ddb177703f559d67c5db3ef782-27983.manifest
created: b/4/ec20033c2c8d8d8c1b160ae4fc5d40-4018199.o
modified: 2/3/0f4d6e8753d8853b7fadcd84576c59-2927.manifest
modified: 3/0/c9871dc8d0cfe69bb9e2205bd300b9-2272.manifest
created: f/d/f35b0ca0ec58e8b7f557bd6cea5bb5-4269234.o
modified: 5/d/7a9c7de081fdbe819f06248d9f2f0e-3235.manifest
created: 1/9/ddd935bf789fa85c23503e478bc441-2609729.o
created: 1/9/f476b20579ad5ec97cba3d384dbcae-4571145.o
created: 8/0/22d227a201a812cd23f28d39bed954-4127414.o
modified: c/7/6d297d2331e848c584751c54a0477b-23393.manifest
modified: 2/4/9064e2c7dfb60404c0dbb6e7b25f7b-2242.manifest
modified: 7/a/b35700d3482a9de121864e5d4c5d39-4419.manifest
modified: 9/6/8252027fe14ba88c80182d198643dd-2084.manifest
created: 7/0/e70a3ddfb71f4b203de0f6104c22fc-2445185.o
modified: 4/e/bbc15d54d417da18817fdaddff620a-6571.manifest
modified: 5/4/6a06754cf0be1245309d50dfc37a7d-3544.manifest
modified: 1/a/3bb4126388619a2b77ef9e9c2b5d0e-3048.manifest
modified: 7/8/a8f5710e587d2fb4c56977ec6085f1-5705.manifest
modified: 7/5/cf3f80bdfe2465e149aaced11ed816-5325.manifest
modified: 8/a/1c4ddfabef47c9b86500b190fe06ed-3893.manifest
modified: b/b/e39d85530aa99a17b777ba6be936b5-3443.manifest
created: 7/c/57c239d8c86ddba7764c4337fb3825-5398702.o
modified: 2/b/25365ef6b4770e5be5da121800b693-10806.manifest
modified: 8/e/4253362729ba6f53f59ea81ca0fb60-6514.manifest
modified: f/2/47bdd18abab2965ff1257dee3dabce-101784.manifest
created: 7/2/d5eb7c18d506fdab698084472f8354-4007829.o
modified: 5/2/aea8940ceb0ba4f92f9a1587803104-5880.manifest
modified: 6/5/fb15fdf2b64c2329abb176a89f8923-47117.manifest
modified: 0/7/8fb5a0b72516b9a6697acd8be65493-61016.manifest
created: 0/a/6e78d9cc5c232253bec6a40d250260-4124424.o
created: 0/b/43260e620852b0341df65619310ed5-4046778.o
modified: 7/3/a7c81a285d892197bc69b352e7b17b-38471.manifest
modified: 0/d/7237595da9376682aefae3df506ad9-16004.manifest
modified: c/a/e4f32abc621cabe08acd082991ed1b-32169.manifest
modified: 2/1/33f4a4d80c3eb7fe525a6c71a4d65f-5970.manifest
created: 1/a/1dceb3ce9d1b5ceccb57a7b6c0c210-5775552.o
created: 1/3/3335c30849f520a467e143c6c1bac5-3232069.o
modified: 3/6/7c8c781d34a07315100988b8b7e20f-3322.manifest
created: 9/8/ea651e0c6e0027d1b5eb1f81422678-4065747.o
modified: c/7/a2b321a5dafaa2f7da5c16e4857e3d-50402.manifest
created: 5/4/3c8d8dfbf075ee961a1b70fbd27bca-4295904.o
modified: 7/0/e1d38d0f16c927b2463fd42e52b73a-7568.manifest
modified: c/2/c77e26a47603287a0e499ff6e30c1d-7009.manifest
modified: 5/c/d0bfbd84f0c2c8ad9ac4dcd200e29f-18757.manifest
created: 7/a/219e19ee7afbf3f132355d3cc5502b-4622815.o
modified: d/6/2d9c800df4a78601acc2556d622ca2-32903.manifest
created: 8/2/b72de11ab604ae0c3759476dedfa37-4197369.o
modified: 9/4/10d63dfc6045d0d4b1b6356a0a44eb-38426.manifest
created: 6/6/ab3a2b248acfc5cf9495180be35945-4217722.o
created: 9/4/5beaaba8802edf6e605cc7472fd693-4143668.o
created: 8/c/6ec4f4fd879116964d1e8108c03cfc-4454729.o
created: d/2/71d9f5512bfe38fd48d301cbe823bc-4123726.o
modified: 1/a/43ed06923472d66ac3ca16441e153b-9967.manifest
created: e/f/5a14f91eb5512f0c86a6e9738634f0-4008524.o
modified: d/0/caa3c02bd1625ed20d1e13734595a9-2450.manifest
modified: 5/a/bbe138d0fe69a344a826c4837b7f82-3151.manifest
modified: 4/7/70fdf1f163c7300addeffa5f286a0a-5863.manifest
created: 6/3/e4ae50caf7a1199fe6b74f0ab11ea5-4029071.o
created: 9/e/65ee95592d1320a069d4ddf44c8bac-4029718.o
created: f/6/a2b7671666bb179856f4830cf1dd3e-3004041.o
modified: c/2/b4b9abfe6638bb166fb183c0006361-6645.manifest
modified: d/8/b17ee8b7834d76ddf84c44b823f7e1-6866.manifest
created: b/c/c381d09f069facdbacc6ee8bb8143c-4222946.o
created: 1/e/d357e4b0b526bdac5c2396cfc4e694-165122.manifest
created: 2/1/5dd8cca5c29c771f20561d73035199-3535397.o
created: 8/4/29755ef91836048ad73bedb0ae36e5-5960560.o
modified: 0/b/264cc1d5c4de3825465b8a3efb90a0-4719.manifest
modified: 6/2/ee0b7c0beec773679bb11aaae5e34a-32120.manifest
created: e/1/6c9b9a1ef3ba5da9bd9474a0ea196f-4619818.o
modified: 5/6/9578b607d44cf7d8a8a742b6933ff3-7024.manifest
modified: a/3/16d3fe2db1f27883bb0e3df88987b2-7132.manifest
modified: 9/5/bdbb9fb687f239aea5e44cdd61cedf-9573.manifest
created: 6/e/be2921a6663bd56926b543bc7ec817-4774946.o
modified: a/5/73098a756e108294481e77e12c3aa2-15044.manifest
modified: a/2/c7e88dadb74545ff7842c25abac019-16004.manifest
created: 2/8/9b08f39eff56ae8f9224f8d415f713-4539955.o
created: 3/d/f23984c9fce64bcf9a3ee0a2b9b9c4-4553089.o
created: 2/8/c3ab5c30a737023aec6628d9352df4-4430047.o
modified: a/0/d9a5ebf39d1bd740d40f4bffdf75ce-7715.manifest
modified: 4/b/4da7fb15019b7ae7f4c0ac388a3772-49675.manifest
created: c/6/0f3c86576896927f568e03d06da74e-4618168.o
modified: 9/2/4a91cdd9743e515f657bf2ada18ba9-10244.manifest
modified: e/9/c18593b8c9a493d65344d162e5aa79-17585.manifest
created: 7/6/60e2d5d44e84163381ca182fa81b01-4675143.o
modified: 5/2/a149d6615da4c55a35ceafe56ec1db-2642.manifest
modified: 5/stats
created: f/9/ee48fc378d78842dbc0a90d2d71a9c-2472816.o
modified: b/a/5e75f59fabadfed443ff159b4ac330-7819.manifest
modified: 1/b/5bb7c678b43d8554cea37d369efa59-8426.manifest
modified: 9/0/7992b6f3509855738731b24ddab4fc-3067.manifest
created: 5/c/daae7f4ed5a3b8f3f0e947b631dbc6-2898622.o
created: c/3/a0e09ff5316e5f60baaea30192210d-4219100.o
modified: 9/a/880b72fab077ddbadcde81ee5fa4d2-2206.manifest
created: e/3/00415ddabe9522346eed60cb2d9213-4065313.o
created: e/4/90cd2be8cd863af666e28e9ad7836f-6234606.o
modified: d/3/6f3fd9d96c3ae7b95c399057e0fb96-16110.manifest
modified: b/b/d7ef40d64b616210782a6f58ec67bd-17691.manifest
modified: e/5/c6995fb2aa255327bfefaab8af9e99-18892.manifest
created: e/8/750ce4307b404f2f4afd301caf192e-4601985.o
modified: 5/7/c4b1a56883e0b2663f80927a9ce996-19368.manifest
modified: 5/9/0792e9f304d01f0ae55dcbb386cbc8-16057.manifest
modified: c/e/0de33464806a0a5c9da1d8ac2b0b05-3795.manifest
modified: 9/d/103f6a411964c4d669daaa28ed6de4-6601.manifest
created: b/9/d3562b7fe3091d101a1db418aa1a69-4195585.o
modified: 3/1/7f3d20082c8e76be38ca12dba3665b-7266.manifest
modified: d/9/581bb42401ca7df824bdd7f41b3caf-1875.manifest
created: 7/3/1663890cd908d0254ed829064c56de-7002588.o
modified: 2/1/af855bdfe4c5b3f0799ede31c4c0fd-8986.manifest
modified: d/8/c1f63f42869fdf518270364f792ab2-18946.manifest
modified: c/4/4384d44115efff071af5c402a4fe3e-9282.manifest
modified: 5/e/b9f72a5d8d90d3c561bb1f8da28563-6364.manifest
modified: d/c/b25b25f32865fb1959928b4222cd4c-2854.manifest
created: 2/b/c40ab046400b8266fa728c135458ff-4152512.o
modified: 7/b/d57db692d6bb056e6cb7e12709dce3-20836.manifest
modified: 6/0/b97ebf87173ba4c30c3494f9f943b2-4842.manifest
modified: 6/6/b25ad13fe6d308221a4e8c9d51c8f8-5276.manifest
modified: c/d/5cda1ad92687f0de9031af9180e344-8618.manifest
modified: f/f/dc1a38fd0dc3bd76900235d05847e2-87639.manifest
created: c/e/6e053312e7f71b2b77bde6fa39d03c-4176003.o
modified: d/7/155eff83b8a86e223fa418c65e3aa2-10691.manifest
modified: f/b/e343811a6c037cf806379791f21c25-43021.manifest
created: 1/0/3373e2071903c351808cda6829087e-7274952.o
created: 6/b/da7e678802ca95474538e1b59d6508-5497532.o
modified: 8/d/ce3ee66ffa5c08932c03f8f816b76e-8810.manifest
modified: b/b/adda6da851cb53e7ec51f40e2915ee-2889.manifest
created: 4/1/a4539dcc3fd03154e3e643bcc3cff3-4858084.o
created: f/9/b299ce0e013d8b0acda041c73c3d31-4989665.o
modified: 5/3/53d96db1ff70f2edaca3810ea385e3-27522.manifest
modified: f/b/7816d496d03ec1e0c82a3098bc522a-247628.manifest
created: 8/e/d4c856c129a058f033a1a375234dd3-2467409.o
modified: 2/2/73599cd61daa9698f4628a5a47fddf-7496.manifest
modified: 1/4/e63ad15788ccb1700bcb1929e87067-29164.manifest
created: f/3/4571126ef303fb8303745df4e6a7a1-4166460.o
created: f/c/553b0439acda1e43ac5f245d0808c0-4387918.o
created: 8/5/b8b6eaa7450621b9eed528682d9d99-1456978.o
modified: 7/d/9af388e3126c85c54ce2b047233b25-46492.manifest
modified: 9/7/0e606f87803a521b455c4d60af36f5-12067.manifest
created: 2/7/fbe1f98b5557a142197fe6fa4449de-52778.manifest
modified: 4/d/330ad60d76bcbb0c6602e157b5ad41-16738.manifest
modified: 9/stats
modified: b/4/3473d1b9297d23878afcc189a0990c-5784.manifest
modified: b/stats
created: f/a/a30e498b07fd915ad72e10a369ce68-2411046.o
modified: 4/a/4a9e46e61822c2bc54a5da35ba0c84-4188.manifest
created: b/b/17694b1d9b7083dc12b5fcb46a8c9c-5250834.o
created: c/8/896a0c7c904e1f93eb43babdbd6518-4005853.o
modified: 4/stats
modified: f/b/de21ac8ed0009a4d865dc36cb0b87e-1868.manifest
modified: 5/3/db3b45252ff55876e860215ce8f45c-6048.manifest
created: 8/6/41be05686eb2bad841d4e5faeb254c-4431189.o
created: 6/7/2240824b6fcd3edf8a90ccc74a0b0b-104304.manifest
created: 1/6/19cd1921ea5f25681b0626c77af36d-2414950.o
modified: 2/3/dc988a82920971d958472752b198e2-2855.manifest
created: 8/4/e9987223f9b34921cc631d4298fbf5-2550575.o
modified: 1/7/b66db1d97ad278e02972afbf4c0d55-3477.manifest
created: d/3/7f812eda7fca676be12319155ab329-3900498.o
modified: 4/c/a92c3130c88ac4990ed84d50b5b66f-18743.manifest
modified: 6/5/245d9e8277b7b6a1e6d1da5561a5c3-7280.manifest
modified: 5/0/b5f99c4cac83113f3ee12ffe3c1a11-5596.manifest
modified: 4/3/a56cefa28582f7b35bd54f0c065bc2-3341.manifest
modified: 0/4/99ab8547e58029b4b2b53a731aa06c-23736.manifest
created: b/9/cfd31cf01ffae9d018707eb2b30309-3631014.o
modified: d/9/6f5c2bdd75240d87d602f8b666687c-13564.manifest
created: c/a/309595221fac690ab343a4eb786cc0-2644364.o
modified: e/b/fe1d111923f68ede676639bf82a666-4449.manifest
modified: 8/e/8f85b2cb4c0556aa86c0f322819a1b-6148.manifest
created: 7/9/8d3095fc4f1e662749195774323819-4533878.o
modified: 9/3/e2da74dd968b9798cb12b2e06e966b-7750.manifest
modified: 2/0/88d7a3714788a32a9d9b9903565f57-2715.manifest
created: e/4/9da9403bfccb150f009cbde547e41c-4159946.o
modified: a/8/8661995305969dc41b33fcdf64bb82-1993.manifest
created: 6/8/7b8cf16d04fb2e5d4e64faa971faac-4083458.o
modified: c/stats
modified: d/a/b5c6a83b0e63cb437b218a519ea0e2-29465.manifest
modified: a/5/21bf02ca373ca598768c33b862b347-30961.manifest
created: a/b/44bd2712f8959a0d1aef168eeab7e0-4064547.o
modified: 9/e/a971fa111a74fc2315cf833bd7a70d-21294.manifest
modified: b/8/545906b57073ea3f41899e0aab2c1f-12652.manifest
modified: c/2/0fbe04064c10cef419efd373a75542-4898.manifest
modified: 2/e/8b343861746ff1f013e517cdc2f9df-5317.manifest
created: b/5/ffb44407c41592a4012f5e6fdc013b-3101753.o
modified: a/7/03af45630f7bb3a4d92182c9fc0d07-2093.manifest
modified: d/b/f3809b778151bcf803a3670a1ca523-3157.manifest
modified: b/6/bbd27c23c9e1e3a7db70aaa25744de-7981.manifest
modified: 9/1/93ed65ae31acbb4c30874f91de239f-2004.manifest
modified: a/1/55e41a6cca458619fe5ee38fa8d1fa-9814.manifest
created: 7/8/a4afc058d94253299fb1392fc3a2bf-2407460.o
modified: c/1/b4773856f94ae2782939b17f849cd6-12756.manifest
modified: 7/2/7dc57e60f60a2ddbfc7f466bd9c412-2789.manifest
created: d/0/9979d79271ba4ccd3aa544b8d449a3-4043855.o
created: 2/9/abb3b0b5299d9c996f5e7cce00a547-4035445.o
created: 8/c/c34e528979f25b5b6d8b38ac583dc3-2578583.o
modified: c/4/5efb250f88d71cac7c0ab31127aed1-65808.manifest
modified: 5/0/6cc703695568b177cd9c5f67ce4801-34809.manifest
modified: 5/7/fcae48b77d697c7ccfb44fc88097ea-17575.manifest
created: e/a/dcbb16ea4be8bf6f661e66cf4ebecb-4107887.o
created: f/2/89835288fca8adc201a8f558cd16a6-4159598.o
modified: 9/7/f868ef99980e48e11f73ba5af4c599-26094.manifest
modified: 9/a/2cb352ed8eafdca0c924a11d247215-10188.manifest
modified: 8/c/d76d89a1f5be5401b5f0af30de7a58-116591.manifest
modified: 6/e/81c00e5d927081dfa7bd57ad0dc863-3287.manifest
modified: f/c/10c743c1c61ef56a8c5e6ba25784d5-2256.manifest
modified: d/1/7b815995b054adf34d073760f47b5d-31294.manifest
created: 0/d/a680d6e884d25b4989c7c41b5aad78-6024718.o
created: a/9/43bdc222ab2780a6a61b712fddeb99-3550240.o
created: b/2/2a40ef4fe612532646d1be79b521b3-5247131.o
created: 6/b/f8966b81c3cf9143827c4a987737fe-4542052.o
created: c/4/9d7f60f52e1ee79ddc4ad96a7a77e8-2324248.o
modified: 1/3/df2e6bfe5f5208737f421da6666f81-2178.manifest
created: 7/0/5596455fff2039185b1f57be136c95-4051890.o
created: 8/8/a4771b9df7e060b4c4d53b9e7c277a-6096660.o
modified: 6/2/a44cdb73fd009c36f7a2eee5f85c3b-4339.manifest
modified: 2/b/ad1179e88028780344d7f1def1e82d-4031.manifest
created: 0/b/96f6d80b9c82f808ffcc43757f15ad-5059232.o
modified: 3/3/4626d22dead691dc81d64ac75c7c3d-7028.manifest
modified: e/3/7d1719e76cee569c5fe4522e4c3ab2-7375.manifest
created: 6/b/36a8d85a904c2d64a5139beb78ba8c-4115820.o
modified: 7/7/d674e78fe16ab9a6fb4ee9a83e8b5e-11167.manifest
created: d/d/78108c751cc399b901f12928d263e3-4612203.o
modified: f/7/86e539b1d1e043bd42979b90bdece1-17864.manifest
modified: 8/c/e351c902fc18e835af1caac72330a0-37381.manifest
created: 8/7/c4a8372f47a176c2197f996885855d-2570774.o
modified: 6/0/bd5593d9e381b9657f18e8952e1e8d-3273.manifest
created: b/5/e39ff5e6f835195e61c0991e111f65-1310984.o
created: 0/e/7bd89afd54890a53fced7f37e7f205-1455871.o
created: 1/c/92d88ca90af5cbd914e54ee3448059-5381856.o
modified: b/1/51d7b0576ef0ef8786c1db7efdd47d-13912.manifest
created: b/8/0eaf05f72ae6c26985301532104468-5943405.o
created: c/f/c47e37364da1aa813ab18d46cc413c-2410134.o
modified: f/stats
modified: f/7/b506050cd551b0e4b66d6476086621-22092.manifest
modified: 6/7/b24cf95e6064592b3fea9131127bc6-14770.manifest
created: e/4/48f668b24f39cf8ad52007d387748f-4368770.o
modified: b/6/c24c010e5a053ed907ccb8c7e747aa-2018.manifest
modified: 2/0/e9d8d0b4215d46c94f02b1f22aaca8-4520.manifest
created: f/1/39be735864d62f31d6ffbbc4be2e00-3584228.o
created: 6/1/a42121fc77bff2d472cdf2804ddfc6-4065421.o
modified: 3/3/630a8b481b40a0c7df22a4caf4ed72-9684.manifest
modified: 2/7/4261295ae4286321de02527dc5d0cf-34377.manifest
modified: d/6/81c0c04b8ce408ea9630b1003c1a5e-3873.manifest
created: 0/a/810565a46531836f9a7f0cfad89bd4-4383253.o
created: 1/4/8e13bce3521f498665cb83839a61bf-3461628.o
modified: 4/a/bc280b4317cb61f9cff8bc52311429-5439.manifest
modified: 5/3/37c6abf3628da217570fb4277ed3e3-11868.manifest
modified: 6/b/780e955536dc99d448ae1c2ce88b86-31455.manifest
created: 5/5/377a940fdaf7ff6099dd6e28a17beb-4558331.o
modified: f/5/3a85bd7a29545d80cdf25bb1a881c0-57909.manifest
created: f/f/2fba07059eadcbd16c37ade4c0c51b-4112199.o
created: c/e/6f3b143954fe6e1075684d69459246-5347728.o
created: 5/0/a847e7d79cc972d25dd18218734034-4146113.o
created: 3/5/71bac54ec1282142203a06b76d21d4-5251314.o
modified: 8/3/9a4d99963f2a690692a03cfd14fadf-24316.manifest
created: 3/4/68caa5082000e46240292b60315d11-4599758.o
modified: 9/4/61cbe0cda61ea191cfa7a6bac845fe-4258.manifest
modified: c/2/e779680cdcac5074cc3ae38bb43db2-7771.manifest
modified: 2/4/36af6aa111c74c745d675bf2e28068-56810.manifest
modified: 3/stats
modified: c/1/9694a9d5c0fadde9c5d10ae252a345-8882.manifest
modified: c/4/e449dcd9cf2b31a803e4bdb8182cbe-101543.manifest
created: 7/5/9bd47b30a11ed35abe77ea07be474f-6766158.o
modified: c/9/8e21e63ae111965cf51c2e405996d1-2145.manifest
modified: 1/2/e77d863b2559d4e78d734f551978f7-7325.manifest
modified: 5/6/c93deaac4c37f3d2802df637f928a3-4997.manifest
created: b/4/d551a0dafb59df6e28d3920b8b9d82-2491824.o
created: c/2/7532c2a8cddaebab90e55ddb01b875-4107010.o
modified: 3/c/e4aea82e1d0486c68df7e1e5aeb53f-8757.manifest
modified: 6/0/43710311356b8e52f1f3cb432922a8-7044.manifest
created: 8/f/6130621b81d46d64bf330bafb6d6fa-4152871.o
modified: 1/5/5677655fd801b564869b86d88621b5-4160.manifest
created: d/5/c8e5c2925e37d52a308a36648d9bbd-6086760.o
created: 8/7/2ae3ac37a20f6e25904262af5354ea-2226277.o
created: c/c/5058f8e9d50cd2234fa62d7ae6ffa4-4147111.o
modified: 4/8/088e34c4d150fc138b465ad0f6e12b-7641.manifest
created: 9/c/f5db6dfbbdb817cef4e9ab6f6922c5-5956496.o
modified: 5/b/0f40687d3f599b886dcdfb90910506-6505.manifest
modified: 7/a/3f0ccab08a089a0e245f1455ce9bd9-3980.manifest
created: 9/c/52e9243f6dfe05b8e70ab02a72a48d-5237797.o
modified: a/4/55227ee077f14e4c7cee65a2a3a92f-4858.manifest
created: 3/8/ee77d425fac19528794c5d25470172-3456304.o
created: 6/2/7a11e8e93b98c96a3417bf88d1d667-2020149.o
created: 0/7/3344fbdbdff71a057fb68dd17d9852-4524087.o
modified: a/b/b8817bef0be834cb980395e7b7e4d6-16769.manifest
modified: 2/2/be35ad8ea8764c45cf72b85e4beb98-10592.manifest
modified: 6/5/625d5ec43f14c5eceba77fa4edb8a1-276004.manifest
modified: e/c/4536366fc1c9db43ad6c66203dbc86-9894.manifest
created: a/e/d9d5f638967fc580d458414e2dccac-4125770.o
modified: c/e/2798f71b338082d2799bb66fc01d03-9556.manifest
modified: c/3/6df3c323cdbda5322c5818e1a3f10c-5184.manifest
modified: a/stats
created: 6/a/cdbf19cdd8919cd9e8194a4c39ea53-1945577.o
modified: d/stats
modified: 5/5/59303cb4b4b6cb7c5ebbd13f589653-2586.manifest
modified: f/2/eaebca5f5ab75ce58e08d1daa858a6-6314.manifest
modified: 5/c/b348f1c1b49b2dd9681d5f67e6cbc3-10732.manifest
modified: 8/7/93e33f2d1b553fcfedfcecc36282a0-13233.manifest
modified: f/3/c7cc82f9254afcad5e9abe6e057bd2-24241.manifest
modified: 1/e/a93bc1954d56c275283e950000327b-26161.manifest
modified: b/c/4291a68fbaed6c6b5d948a48dbc55d-2503.manifest
modified: e/f/3de10a7871f9bc9a211404b305d510-6816.manifest
created: d/5/07bbdfda3052c489730a262a0f6e15-3348387.o
modified: b/c/2ca3dd272490d4a97a9e2739fbc0a4-94960.manifest
modified: 7/stats
created: 4/3/2f85eebff4215083c93f41cca34927-4443824.o
created: 8/6/d34127952fa5dd0690ade706257d38-5636810.o
created: 8/b/c5c004e6c3120cd9acafb93e6cd4d2-5287346.o
created: f/3/e005f99bd7b0218a57df52d49d5586-5095266.o
created: 1/f/bd4374e458227e2b93f65509c4a88d-4867112.o
modified: 0/6/a7d2a50b4c918395ec48809b5ab5a6-3714.manifest
modified: c/3/aefc690d4508a552d23ace4b78ce4d-9663.manifest
modified: 4/2/f3beee392d1bab656eb315e47d1db4-11629.manifest
created: 5/6/06c026c34185cdf953997c2c295f49-4651955.o
created: a/4/17f81e7d1caea604d2a47e7b82c426-4015465.o
modified: 5/8/e81131a6209426f9dc7f72445e0261-14189.manifest
created: 6/8/f773b2b4385060631c8734e4a68b31-4468198.o
created: 0/0/ebaeaa0fcf479db47bf5dd7a3ef599-2428398.o
modified: 1/d/41810459c37e9fdf4c1cfd66578c45-6162.manifest
created: 7/8/7bc08413984b66ef0ddb4a08e6a0f0-4583832.o
created: 4/1/2f480ba09e0e5aaa97161b6b11ef72-3263645.o
created: 4/0/72a65e6c63b691b507463d929c0055-4088003.o
modified: a/0/3bce3c4542844ba017709281c11402-7827.manifest
created: 2/2/c428c8c52fd2009b223e3453cca1eb-5401797.o
created: 7/4/85f6b649365fd588e18f3aeda0d4d4-4488887.o
modified: e/stats
created: 0/e/3ad7e2144988e46a131a717606c5e8-5959984.o
modified: f/e/ec0eb0427aa2ef6eb8ed4d5953406e-35994.manifest
modified: 6/f/bbaaaccd198758f200782c8316c9e0-13328.manifest
created: 4/2/35ed7e92a49b65381ec05499e4bca6-5195749.o
created: c/6/9ddbd12fd172a551595ac912472e50-4193023.o
modified: f/6/e4eb7137470df0a84677121c9a1404-40233.manifest
modified: 2/4/d102714674517b204852b480bae3d4-5768.manifest
created: e/6/5a0c08b30042897b174cd177c2e6cf-4134949.o
created: e/0/8eb507c96f6cb477dba4961cbcc7c0-4165122.o
created: 2/f/9394dafa8c13da41f216af88204946-4218718.o
created: 2/1/7373e434abc4badb84a696d7956d4a-4165851.o
modified: 3/0/ef58944aee533f34086fa3568e95f7-4212.manifest
modified: a/7/084023172f9078abb2c622c5fa8c3d-11671.manifest
modified: 9/b/4084760d26c661cc0930e44f76e0a4-113885.manifest
modified: 4/c/6c613fbb6d0102417e61c112f76d0c-18682.manifest
modified: 5/c/4c3db687108e6bcb927d2e78e8fd5e-3542.manifest
created: 3/6/eb82e8991a0d5ca67472e9c6eabf79-4066971.o
modified: 8/f/dcac5c6505539a81b75f815ace48b6-7951.manifest
modified: 5/c/0e52e77b58cfee2071f066449b28bc-4520.manifest
modified: 9/8/ecaab0492db7b463f697a8dbbc2796-3984.manifest
created: 6/0/a937e04001503f815750700f03ede6-4325740.o
modified: 1/4/5a138ed0a0887f777ff1087b71c723-2599.manifest
created: 3/e/52c8282218a8008949b2ce38b112e5-5777818.o
modified: 1/4/015e5d3258610c10b74d4c2c41d28f-4070.manifest
created: 2/e/5468e6a6dded78f541d3e094b61be9-4327050.o
created: 3/5/ae526bc7d9be8d5227d3b352a1bb3a-5880923.o
modified: f/2/b4611e5961418f1185da81b7f983db-33175.manifest
created: 8/d/b1fd1689e42d849b0f45ed6d69667a-6713851.o
created: 9/0/59d465579b069335484f0cdeb2e13f-4264377.o
modified: 2/b/e21cd833007688d6acdf3243158720-2002.manifest
created: 2/f/55785ae38f93dab4dfa1f9e02f6111-4070852.o
modified: 8/6/4ccfe652a43ae212d46bdc7a919aea-6745.manifest
modified: b/4/8c4cafe4bf17cf36bdfcd023d584ca-8357.manifest
created: 2/7/64033ab7bd8b5026bbfd59df66dcc6-4082620.o
modified: 2/7/e1af9e300fc9ffb370a11caa17d10d-11695.manifest
created: c/1/941983ba4adaf8a7b751faacc978c1-4094616.o
created: 8/d/efa3ec946303cf4f3eaa6b264b559a-4598914.o
modified: 0/stats
created: f/c/e7ba7503dcef4fdd1f41028a51defe-4228023.o
modified: c/7/fe74da9bd30ed6ce42f73acb7595d9-10153.manifest
modified: d/0/5693a29b62259ea54f116ae3532c92-48236.manifest
modified: 3/8/9e4b0a679a0ca325fede4d83ebc441-1906.manifest
modified: 1/1/bbf0c490630dbe0733ea5cb27c7ad2-6521.manifest
modified: 8/9/2c23a2e90424caaf4ff74710787653-4551.manifest
created: f/f/b0553b37561d33d8543e88f74b0801-2229601.o
modified: b/0/3089394add364c9e890659626d287a-11986.manifest
modified: 8/9/e1652277580a44222f78a9a071506a-49827.manifest
modified: b/d/e3d3253ca94092ed9e1506fc624f77-28339.manifest
created: 9/5/af179253e9e3ec689b5fa044bcb407-5856407.o
created: d/f/60653c4b602ddd2f1dbff3f6241f05-4430505.o
created: d/9/c83f0e544cd820c43043ba55403937-4134416.o
modified: 3/2/6d2f4ca690c7e6a445bb46deb5b5b2-17322.manifest
created: c/9/dc60324e24b0645e36ec196f0646eb-4322416.o
created: c/f/f680a8dde5da79128cdfc4da0e7323-4163333.o
modified: d/0/86a9657d8b538ee6f4ebb281cd4c4b-44316.manifest
created: 2/6/aca198fcb536c8ab3befb3eac71968-2590698.o
modified: f/3/39c3aebb7bd5d981849c912512ddfa-4608.manifest
modified: c/e/0f216ebf802868eeafa2391895e5db-5933.manifest
created: 3/c/e4e2515fbcfd0595b242adc998ee04-4277841.o
modified: 1/b/6f895b38cd2ea577dccaa990343a06-8534.manifest
modified: 6/stats
created: f/7/0c7f7c94f65a89f2c68c6c14e8a383-4182397.o
modified: 2/stats
modified: 5/6/b1ecb1b86c9ec366dd38523722738b-6125.manifest
modified: f/6/81fed1eee2c73e6de73981da0c2b15-4702.manifest
created: e/e/9b8fa35d0c729bb7f09f3de38cfe4b-4080869.o
modified: e/9/088e7b2c0685e468543f94220b5e62-3218.manifest
created: 4/f/fde694d9f0e5d667c8f1acd92b4c28-4046594.o
modified: 4/0/7fc88f667aa37ff7c42bf551774712-47502.manifest
modified: b/3/25aed7b740bf895d394b6e27137050-24555.manifest
created: 5/4/18d4dd04e4490aafa30153bf5f15ed-4026024.o
modified: 0/4/09467c55f8736a21e63f98871370a0-8204.manifest
created: e/3/6ac25803b392ae0562416e57b6a9c1-4160715.o
created: b/c/c2993c8a04f76699e798111fd4d38e-6025012.o
created: a/0/5c923029aca3581cd2f611137907c8-3990487.o
modified: 0/3/fdd8ca7689029818d69563b368a7c2-7473.manifest
created: f/4/f2417625c1df38a3cc6341d030177e-3172786.o
created: 2/9/c84acdc6bbddb0af5c7d63dd42179c-5065773.o
modified: 9/0/a8ac3a8cb3b46067a129927ed3debc-5542.manifest
modified: 0/0/18661f3b4572aa39f485c988005484-6725.manifest
created: 3/b/1e1eb2c604404190f1a9b248f99034-4771188.o
modified: c/c/1c587374cf19a7918a30d667e4a57f-4321.manifest
created: 5/7/5e782ceaa2fb04e0a63ac06c5f5668-4325633.o
created: c/5/38ceccd1ca0996b0abf679e8e5943d-4989094.o
modified: 4/7/55394f852b5e80036d447cec4775d9-17855.manifest
modified: 3/3/d1250571698c57ade59cbe0de89c09-16784.manifest
modified: c/e/8c53783f729bf2a4d50ac9a0528d25-10908.manifest
created: 7/e/c07884c81534def55edecd70b33313-4367047.o
created: 0/2/4823897afed6777ac57a0df13b25c3-4201183.o
modified: 1/b/1f6994143ea419cd3550a88ceada31-3346.manifest
created: 6/8/b6e0e66defc938d659c6e3192b1854-7085462.o
created: b/e/6d42255af4d4766649c0d2552fac7e-4011046.o
created: 0/0/313727f0866e75740791912c1ffc85-3948874.o
modified: 1/stats
modified: 1/c/a529fee5a3f55ea1d3bc0a6e3caf0e-12232.manifest
modified: 7/5/5d6e68ec5ebe803f11e112347df45a-4748.manifest
modified: 1/c/ae56a8f2e791659950587fcd167c4a-2922.manifest
modified: a/4/70614d3ffa27890caa99fc2b2ef84d-6758.manifest
created: a/e/10e379e1e3c33f928a555ca5cb189a-6206640.o
modified: 0/0/421150e8d2492cf58303e897016bfd-5654.manifest
modified: e/f/4f4eb6ed28dcf567dc776de97e0d78-9092.manifest
modified: 4/2/cc9bb6dd189e7fc9029ad115b0f354-4759.manifest
modified: a/3/76122ef188d431291d28b7e9c9a002-2189.manifest
modified: 9/0/5873be41a9cdc622eff8bfa612bf5b-46962.manifest
modified: 1/a/fa4c7b447be0c358a06049137b48c8-6346.manifest
modified: b/9/51a619e7bc309b75058e3ffeeb15b8-2855.manifest
created: 9/d/08f346dda8c924f88b6653e4a35405-4070435.o
created: 1/4/fe9511312f2388ffd591b14d446227-4040196.o
created: a/d/ae552ba88827d45e15225c262df780-2318684.o
modified: 4/4/1504f5d11e119963e25c797d3e3554-7330.manifest
created: 4/0/f3f06aeb33740edce29489c802877f-5704914.o
modified: 2/e/f8a7dae9d5ce9e6d1ee34b6d4728be-13175.manifest
created: 1/c/0362e5834e948ebb77281db94701e7-2215479.o
modified: c/6/ac1b1ea8c338f18591d0e8b8f32889-5596.manifest
created: c/d/cbea83d07f01334b3d6fd20ca3e1d7-4145018.o
modified: 2/0/943a7ca2f5b0a2515866891750d5e8-12644.manifest
modified: 3/4/0a9aa9bef44cdc39054c4d49bac122-7766.manifest
modified: 4/7/d9e0a2fe4ca9dd3603a2fd516cee0c-24586.manifest
created: 1/7/8cca2edb34fd22b9d32fb387795a6c-5897646.o
modified: e/6/f9669765535a2f703464d708371008-8871.manifest
modified: 7/0/65c2fff3e4a07eb296ddadaa824050-1732.manifest
modified: e/f/ab5519d673ea256bc174c6335307b2-45673.manifest
modified: 0/e/cbd6623b7fd389289e5d15d6b69132-33177.manifest
modified: f/1/a92718ed9c413c7f4e58aaad28835d-5447.manifest
created: a/7/3cc4b5d02258e84de7fa557b75a3fd-2609801.o
modified: a/1/a7561061025e899badac5e767e64a9-14778.manifest
created: 8/8/dc4dd3a2f9eebc634c44c1f058397d-2330735.o
created: c/f/575a09a12eb86e1fa2133e9664bddb-4013878.o
modified: 1/4/4d20f4bd60b3c00152d76abf6a8186-18035.manifest
created: f/c/cb39adaa45f7939e67ac4aeeefc3cb-4980758.o
modified: c/6/06da76cdaf3416ee048d7e32243698-3247.manifest
created: a/a/692ce21786698e236ed54bf64dd3ef-4213624.o
created: 9/8/5e303f2a69fdfa48587ec7e156163a-5235805.o
modified: d/1/a19bb8e2b0d87d70bcbf7024d2c0b4-5977.manifest
modified: 1/9/2d678eaea61be9322be73e9a14cc8a-2818.manifest
modified: 5/1/aaeac3df2b7d1ed7cb5646e098122e-6770.manifest
created: 2/f/7d6393f5c008b2e83a382d8ba2f554-4013633.o
modified: 5/0/058c8e3a28bb4b05b4eba88ff5aac5-13385.manifest
created: 2/2/003d005e5c11cdc1ec3bec87063279-6085651.o
created: e/5/02a6fdd396391a5f2f0b859c9fa248-2439700.o
modified: 0/2/c8b8c553588942ea8a06443370997e-5251.manifest
modified: c/3/b979cdf2dc50cf2b30790467f0ab16-13176.manifest
created: 4/a/962d597a4f4dd9e2de6d0c73806cc6-5653700.o
modified: 2/b/177b6284d6596bd26cb561e5e71d44-2993.manifest
modified: 0/3/46b149fa2df56d910d8e8b584cae90-2170.manifest
created: f/1/276f2ee0b022eed9a27dc0a773e277-4207898.o
modified: 4/3/40c78902f68fa7aa60a4ee0eee5082-16432.manifest
modified: 8/3/864f1f227b02d8cc7f71b3fdf1e52d-6644.manifest
created: d/5/bb92201c1b14df5fc739bf52b9e73a-4115697.o
modified: c/a/36798627c985bfa85a3c631412d9cd-11721.manifest
modified: 4/c/b35df96cf9d4c31af9ef21b03728d8-36083.manifest
created: f/6/66a74aa9ff9d2f970d783484120768-3563068.o
created: d/2/87d3bd8f8b504d5261ef12f33d7023-4073127.o
modified: 2/f/05c07c8e4a44b3015345fa980fd98d-4492.manifest
modified: a/5/819a777d26fe707fbdc58885f5cc1b-16507.manifest
created: e/f/ca7b4d3b8750cc3fc0c1b032fe171a-4016262.o
modified: 3/e/9854980145798d71e25f2725ea990c-7412.manifest
modified: 8/stats
created: c/5/c3301601f4e79c8305fdfeed35cad6-4065722.o
created: c/3/fba4a7cb353bc9bf742669b0229c51-4132099.o
created: f/1/3954328a7bb44c3f22375cf2cb1e8a-4809235.o
modified: c/9/5b4cbbd55b0b041ccbb457934e50c6-105185.manifest
created: f/2/5578ac3c08340f0385a28a35bcc23c-4064115.o
deleted: 1/4/b2fb02a70acba8ed0f9ea57b170ec9-4181748.o
deleted: 2/3/e3a1a47f815670789cba7745d87d79-4030792.o
deleted: 1/5/91322cb3e176ccccfaec00c27273a7-4026236.o
deleted: c/3/3aede7867f2aa39a9ed56160a239c2-3263537.o
deleted: 1/5/1f34c630f9ef2ebb2b5d313579f7b2-2043592.o
deleted: c/6/ef614f7e75e371457607a850bfaa08-4070803.o
deleted: c/6/5ca8be3c966d704adac0f28d5f6c45-7274907.o
deleted: a/3/ff4a4894d1188b103c2327b862a6f2-4222600.o
deleted: 5/6/76027723b623e588911fae9e1c0747-4057675.o
deleted: 4/5/454c5f27cf7b5dee9705fe9fb0425d-4013506.o
deleted: c/0/ad6ea0f433a50d8dab83d359610d78-4217613.o
deleted: c/7/2aa7132134092c64ebc05a9e6916f7-5960476.o
deleted: c/2/1fac82fd641d8a36bdffc82f92232d-5347382.o
deleted: 2/3/ffb044807c5b8d3977fb96e999d45b-5694426.o
deleted: 2/5/01101c5ac8e1f35d2e3760ced2720f-3235.manifest
deleted: 4/6/5e3358d9e47628b133822e893db899-1455763.o
deleted: c/3/ce84ae8ab0897c9387a120674a3473-1945469.o
deleted: c/4/24de23391d1e4fa59d90fc8a7bfe68-3550132.o
deleted: 4/6/42f58b742eab7b94dff30519b097ab-4121821.o
deleted: 4/7/06cd29bb0368448d3d3da57b32e30f-4522476.o
deleted: a/2/cafaeffe23f3b717a7e4d972819832-6024610.o
deleted: 4/4/1a6f66abe27423b863d5e9e38ddbe4-4488540.o
deleted: a/5/15730649db09d2c82b2eddf1f89560-2166576.o
deleted: 2/4/53068e16f9232aed43f4c41adb6aa8-4143853.o
deleted: 4/5/021db4ac606be9133e0a512ae5fbe6-4038907.o
deleted: 4/5/ae32e02e38a23dd659aa1180de0308-4752495.o
deleted: 2/4/315cd6836b06246f9f49ea8b497e94-2567201.o
deleted: 5/6/00b56ce46b6357a42c3df09cc2d45a-4025915.o
deleted: 4/4/f0e66550b5cfed6a4c261b98846c75-2560121.o
deleted: 4/4/f768aab376bc4fa3a6c96523ca74ee-4618461.o
deleted: 4/6/447dd926342294f1f6cadacc70fb08-5251129.o
deleted: 2/3/db0cdb6a482a26550003a1f693e3cc-4644960.o
deleted: a/3/04d73d0a32cfc1d49a05eb5f8a0934-2898514.o
deleted: 4/3/1c0b5c5411dcd4c7ad3e78586fedbd-4533770.o
deleted: 5/1/e6fe3f4b55b823317c0659d3c7fb2a-2351969.o
deleted: 1/5/7041f60f83f02608196d5cd508bc50-4022699.o
deleted: a/3/f6694db74bc0712a775badd110a2d8-4325286.o
deleted: 4/4/e0dc749aa80160812346ae4bd9d0a1-2707.manifest
deleted: 5/0/08af00f7f8ee899015fd97440d9452-4207545.o
deleted: 2/4/e0749d0ee6351dcbe03d636365df99-31052.manifest
deleted: a/4/4ea831711b79d7a7897a23bf02f8e8-4011890.o
deleted: a/4/2c7e037b8ea468010af6474f83fe41-4060182.o
deleted: 2/5/630c19a95ab382b194a9e65e21613e-5171183.o
deleted: c/6/aebc860d24db0bf365d0c3e1cbd8d0-2267.manifest
deleted: a/3/d43ad798759cd5912a5c2fd586e09c-2444990.o
deleted: 2/4/5153bbdef510fc8accc6682457068b-14920.manifest
deleted: c/4/907d2a3827676d8f5364d8da308b39-4211505.o
deleted: 1/5/c5ddec8294e66d0c708a4824f93d61-4488541.o
deleted: 1/0/2be71bcbd6e9499f8a19db326bee95-4124078.o
deleted: 4/7/515b093102209bb06d43f5904f3bb7-4132348.o
deleted: a/4/c454b47b74e1cfc8321a1acf334d0e-2212432.o
deleted: 1/4/a58aec12b6e6a923338cb9f14201b0-4016621.o
deleted: 1/4/c3fe40d9d05a3733d1a6e9a9ccfeb4-4381420.o
deleted: 4/4/ded092a3be47fe49961e322f4271dd-4608.manifest
deleted: c/2/f872c1a6cf37138f318c84b7aaeb34-4583724.o
deleted: 1/4/5e0da2fdfaf3a0f2a030501ba9e679-3973853.o
deleted: 1/4/06a51b82f3f538063e77b11b01f800-4621940.o
deleted: 1/4/a6339980b8655e71639fa3eb81a6ab-2898089.o
deleted: 1/3/64c452410aef47916246d31ce60b1c-3948874.o
deleted: 1/5/7652d2e75ba1cef8088045f453e49e-5784.manifest
deleted: 4/2/8176c9ea5a9bb54398e672e41f96d7-4547870.o
deleted: 5/5/0d7bff0fbdf0df6ce81883ccf0cd99-5058886.o
deleted: 2/4/5e8b1dd55389fa866837f0c6a350be-4514514.o
deleted: a/4/6ba61c260081fc01c501d3172d88ac-4381421.o
deleted: a/2/f20a280999224514d3b41d0ade6699-4107779.o
deleted: 2/4/34b622d6ca910d8b22b57d7844368b-2507978.o
deleted: 4/6/55a0d0b17ce4231aa5b0d88d1a7d9c-4057632.o
deleted: 2/5/4326006bc666a0e2658c9164664c2e-11491.manifest
deleted: 4/7/3e895870246c7aa991032c6608b008-101158.manifest
deleted: 4/6/a3a10e4ee25d6b7f91db3a7206a0e2-4027178.o
deleted: 1/5/ee9a36108ce8468321f845df660184-4210809.o
deleted: 2/5/155a49f74658c00b6e2d01f5d57037-5250680.o
deleted: 2/5/357a0a9984caf37db9f4ef549e89b8-5853660.o
deleted: 5/2/6ed2c07ce61f13d3d461171c0c4858-4609334.o
deleted: a/4/f5760badee3f6f004b61f82ba662c9-4705.manifest
deleted: c/1/7937b950f387c6bf551bd4fe28f256-4583724.o
deleted: 4/4/e8edcf619b5b9370a77e837d3e4329-4027885.o
deleted: 4/5/c39158dfa0b5c070a45203f6d2c12d-4014456.o
deleted: 4/4/fe2c3d5df83782c957fef625b337a1-4644632.o
deleted: 2/2/5e5548d679586deddd4e58259ae163-1455763.o
deleted: a/4/62ec05487c7805ef283ff8bb0a7dfc-2972671.o
deleted: 1/4/23a3236d65f8e59ab32ce4695c343d-4165431.o
deleted: 4/5/e95bc571a37e4c67d24d2bfcece173-4057573.o
deleted: c/6/b169c9eb1240c94281f2c11257c24f-4584274.o
deleted: 1/4/8f7688612b3e215ff6d783272c00ac-2256367.o
deleted: 5/3/69a93733f9b6f11174c49d53049c9e-4207551.o
deleted: 4/6/568ae3189c0483b350e7866020c701-4024562.o
deleted: c/4/336e5b0082a9070350159cec324bd6-4644631.o
deleted: c/6/8d1919e2cddfe5ae40fd29d10853de-5636789.o
deleted: 1/4/76c704705566affa1826fe335e8ee7-4487756.o
deleted: c/2/b52e405803a034f2ef071c9098ac2b-4443716.o
deleted: a/4/13d62c8e252c34abd0db2551796a6c-5251272.o
deleted: a/4/fda8108b9d6f60949c98e8130da168-4042563.o
deleted: a/3/5a66eea7b64e53b43cbaa768ca13a1-8453.manifest
deleted: a/4/e7407797293260061517858a703864-4083263.o
deleted: 4/5/b8eeb03b10194477d8569ca15eb5bb-4986468.o
deleted: a/3/72348ed7d67e65aedd02f88c15311b-4420936.o
deleted: c/6/eddaeea60b2471315d75acec2069fa-4564281.o
deleted: 4/4/b46eece0d5f3724b5e2d2600986869-4752168.o
deleted: 4/5/1ef1ebcb5a0c8bc55a1c005aa9cf11-4150861.o
deleted: a/1/b4fbe06f6b4e3ba486487ec127095d-3456196.o
deleted: 5/2/4615bb9aec1e9c5e17182f994060bf-4098886.o
deleted: 1/4/f5480265db62bf639303b4a5196044-4071964.o
deleted: 4/3/bcc472fa3b697db2c30ad1f0bc6ea3-5058886.o
deleted: 2/5/53149f17240def78367a77b9358416-4015192.o
deleted: 5/2/b35629aa543e34ac9495c1e5af43ed-4552980.o
deleted: a/4/91f9b20f4f8f417a92d0d7646d26f7-2434400.o
deleted: 1/4/c3ad11d8c833135baf7fc9e9a9fed5-4087393.o
deleted: 1/3/77be4aaa34b19929315d5c07a9e8d2-4523979.o
deleted: 2/5/2941b2b1f9490c6b8e2b7d7747b668-4065607.o
deleted: 4/2/989d96b1aee307cdb08ddca0bbe678-4152525.o
deleted: c/5/a66d599ce72844d1be17c2dc084924-4160369.o
deleted: 1/4/e6a063a0aaef28da162e1bdbb8c4f3-4114385.o
deleted: 2/4/13492178d6038847e970baa36f426e-6601.manifest
deleted: a/1/2eaffa52c91ff047a2a477aa40a658-4011152.o
deleted: a/0/5140308a113391123a90fb2322490c-2609621.o
deleted: 4/4/eaf5696336c7eff327b5304943257a-4034784.o
deleted: 2/4/8b121367fc810d04161b51eb9fc171-4012346.o
deleted: 4/0/58f39973c115494c1df974ae6f4000-5398355.o
deleted: c/7/47c11d774f2b4d8a664da89f283256-4056977.o
deleted: 1/4/f0f239a624efab2a622b7a82eb928a-3450.manifest
deleted: 1/4/6b5a69f0add54ab0bc61cf52dc7521-4598806.o
deleted: a/4/845e0e8e19f14059da1f91a619aac9-5401451.o
deleted: 4/5/64475dc7bb97b44ab764cf3e124df0-5246784.o
deleted: 1/5/b4aeb7b66e6324adcf75d0bd0172dc-6070.manifest
deleted: a/3/566278cc6ecac263e3e94e490481c0-2409391.o
deleted: 4/5/98d799bf8f8bb461edcc880fb41c61-4040088.o
deleted: 2/4/4f3ff3b0dc81872a19483c0d11f04b-4157000.o
deleted: c/1/d951ffc209dc7747c07345c132b349-2445077.o
deleted: 4/4/ace84317489bb4897d4a5e68695e84-4115588.o
deleted: 2/0/b9cc445ff2d9ae2d6c3dda6602d04b-4771079.o
deleted: 5/2/dad8704870e8fd1f8850aba2566c34-5943059.o
deleted: 4/5/f2fedcfd6a980dad90ddcd560b5ec8-4070201.o
deleted: a/3/98f1f71a22338f4ea087ccd435572d-17991.manifest
deleted: a/5/0f5f153e6a97a9043c60c922ff8347-3900098.o
deleted: 2/4/335a605a4ba6757396c2854b190801-3714.manifest
deleted: c/6/e8b33b8aa0f4cb50725f97c421f9eb-4061167.o
deleted: 1/4/5103afac4fa93d5955e61f98d84e21-4608758.o
deleted: 5/0/c6fdd4ac3c7cb99bfc7de5228191ae-4651847.o
deleted: 2/4/8d35da21dd2b7e1c16f24ac3c8f18f-4157354.o
deleted: c/0/9a7d41be21c24c8b0c5e2a4ae472fa-2226169.o
deleted: a/3/a5cd19f9fdffdfeea95fc7414be999-4064439.o
deleted: 2/4/d2b0e02227d75acfac53dcac40e484-33177.manifest
deleted: 4/3/9b4f2dba4f9f4bcac0fba11f79dd9e-4115473.o
deleted: 4/2/eaadad0cacc2e72d6bfceaf1eeb6af-4035336.o
deleted: c/2/86f454e2b0bf94a9b221ca2b1e739a-4598806.o
deleted: 1/4/d2fa70bce881ce8349f9ead22de745-4480240.o
deleted: 4/6/90e47aa30f3cfc8d902c0e8f839928-4015294.o
deleted: c/7/34967fff750c8e9551294bafca4fb6-2587206.o
deleted: 1/4/a58c4f310fd218feaab70efdc1d34b-4008415.o
deleted: 2/4/b0ae4b2cac35d2a68f72f5d7e33ff0-5030.manifest
deleted: 1/5/a138f9f946055c86d8d42b5fb90e2b-4202870.o
deleted: 2/3/95177d293f52f8324657c8491be48f-7085116.o
deleted: 4/6/6850ee046df3451c2792be95e0fd18-94960.manifest
deleted: 4/6/c1c9c56b7ea44daf3d5ffa7ec6ee4b-2531484.o
deleted: a/3/5cc4f979550cfe7f4744afedef0185-5248747.o
deleted: 1/5/5a2bb138baea5382bc56a5a6cdd34a-4057734.o
deleted: 4/4/dfe0a4258c053b036b23ed7e692b18-4051262.o
deleted: c/3/bc9d6e55784c7b37cc7e443ed2df9b-3990379.o
deleted: c/6/3f5228a821f9cfea735ed23be4e5e9-4259.manifest
deleted: c/6/ee7cab4f6d0a9d2dc2be574230be10-4018284.o
deleted: 1/4/ae2b05f858247556326f3249491ef1-4094779.o
deleted: 1/5/1c6b8a1488e5c4989f02b28af73a81-4066787.o
deleted: a/4/222a636c8b92ebd9f69061ef446553-9424.manifest
deleted: c/1/b866982300d75015e929405f824849-4125662.o
deleted: 5/0/9786909229f9d9677b3c4754386d46-6234498.o
deleted: c/1/844996d72325e5346112a147c4de94-4547871.o
deleted: 4/6/bd8e643a68d21769e0623db92ed444-6096314.o
deleted: 1/5/40bb2aa994a3f925848f106979f117-4337861.o
deleted: 1/5/329d70f34f93a17aa5f5e3ab190d28-4014105.o
deleted: 5/3/c8a3f5c56913aab398a89862dfb01d-4043746.o
deleted: c/6/b9b5caab963d78da54abe19398e271-4367036.o
deleted: a/3/77f49ca162e232a88ec0884bee86a2-7903.manifest
deleted: 4/7/3dd9353d09c9906276cbc9e9437537-4034154.o
deleted: 4/6/b56b15efe92575f821e8d35022233f-4428058.o
deleted: 1/1/dd471786b72f877847727133e50d08-4325287.o
deleted: 5/0/a2d3a1742df9d8ce2043b15d09fb7e-5880808.o
deleted: 2/4/0beb375e3abfd9588c1a2df0aced18-950034.o
deleted: 1/4/faca06b895fbd92f2e6894f80bdb0f-4014481.o
deleted: 2/3/dcde3bccd1b4d23a23500ac6dc4759-2572.manifest
deleted: 1/4/d42e28a53d9786f362c1191e6cad95-4143586.o
deleted: a/4/3f12a86a3ba62828f479a41e668e37-11868.manifest
deleted: a/4/a7cea36f8a882bd406b90ebd36ab9b-1455763.o
deleted: c/6/b50bcaa14776a31972cf02582420bc-5702313.o
deleted: 4/6/298f361c34cb648279a881aa6bf6ff-5287325.o
deleted: a/1/096598ac89c8b45ab2ae2525641b32-49826.manifest
deleted: 2/4/98184348046ec77f8f663ca34c7c74-2414841.o
deleted: 2/4/cb9da9804858d6615379d29847f4e3-4105182.o
deleted: a/4/f328f07744d82c3d08645c8b600e13-4978157.o
deleted: 4/6/9a22287ba1e45b3e1ab71944f348cb-30961.manifest
deleted: 1/4/ec821478c80d7519893e56e2acdfff-4383496.o
deleted: 2/3/e8307565686ab2d776984c2734b14a-3948243.o
deleted: 2/5/3a2169ea6bfea353cd2a9b19267b73-15790.manifest
deleted: 1/5/68c0d70d1b5412507e12cb88549f34-4222704.o
deleted: 2/4/a38b0e8d3f587b9d2085881e19394d-4430580.o
deleted: 4/5/bc6ec3c7a6a86afe75c3672f12a24a-4070744.o
deleted: 2/1/81e90a620c483b105c6f4e30b5a610-4013524.o
deleted: c/6/d7b09762524a31a452aab556ac1aca-19857.manifest
deleted: a/0/82f5e4604b8b1e8f10ae98055b2bb9-4612095.o
deleted: 4/6/eb1646b88d4e76af2de8a4737aa13b-100955.manifest
deleted: a/3/cdc7824d3b32cb752b377e6590c97a-2400421.o
deleted: 5/1/69d6ac36eb3c50f633e059e0eb56eb-4218754.o
deleted: 5/1/f7a2b15fb328d32382d2a5a328e167-101729.manifest
deleted: 4/6/bc9a9e59a8610e291692477914e6f6-4014878.o
deleted: 2/4/c48f5000c071da3166c8fcdf2d673f-5287161.o
deleted: 1/2/85fb63bcd43c8814d5734bedc4b353-2226168.o
deleted: 4/5/224154538b2932168ceebf22b4d618-4011353.o
deleted: 1/3/aeb94a7057fe687c9fd1d97bf35159-1455763.o
deleted: 2/4/31fedec4b67f799a902989d36ad7e1-2369892.o
deleted: a/3/8265ab8f91c30691e2f9599dca0449-164618.manifest
deleted: 1/4/2a06594be6a49c9f094bd5f347be05-4020337.o
deleted: 1/4/0e4a6c831b82babb4dfe050836df16-5940551.o
deleted: 5/4/e08e949c70ebf83deb178d50d71d6b-5235458.o
deleted: 4/5/2de5664bd7c9b7d1eac386024f641e-1455763.o
deleted: 4/6/18e2155995a6389ff0e040b2baff98-4012452.o
deleted: 1/2/2afaf9d5c51820c8d2041956872236-4558223.o
deleted: 1/4/724056533e961695900afce19fad20-4065613.o
deleted: 4/6/354e29f54212364347ee0edf26975d-4015568.o
deleted: 1/4/46c397dc42144ccd4f012c8cd5c053-5558.manifest
deleted: a/4/9f0265b917ecdd621230b0bd2fdaac-4164775.o
deleted: 4/5/9237515d621a07bca2f8887580d0f2-4111118.o
deleted: a/5/10a6bc117f019622fc1b3d084eb31c-49827.manifest
deleted: c/7/00e87ee63b826faaa4d48d1b916213-2237310.o
deleted: 4/6/ded21a7f3a3640d3ee7f8f332493bf-4264269.o
deleted: 5/5/a3cd2769da1854dabaaa69bfa0a1a8-247588.manifest
deleted: 2/4/e65df34c244f1ba4e133c34d652a53-4513515.o
deleted: 2/3/20848528b5b614ee5865ec6cdf3e4a-4080760.o
deleted: 4/5/c4a1463b21b5cbbfa8ca4427fcbe05-4066319.o
deleted: 4/6/a0c4b61ea1e0663a00b6f4e7e7f2a4-4166329.o
deleted: 4/5/6b0da66d116a1a1ee53eb7fdae5ec3-4166351.o
deleted: 2/3/f3921e9e78f0953e4dc79b3688afd2-104028.manifest
deleted: 1/5/9ab8009607cbf246b59969d2fc29e9-5237444.o
deleted: c/6/fb091ac12fbb74c469cb837318c309-2349016.o
deleted: a/4/2b582e5ee356838dff93955fb2350f-4065857.o
deleted: a/4/7da8a86d74f427f0c74cd8a42a1ac3-4583766.o
deleted: 4/5/06baa3fbf44eb1ff0f154e7ecac056-3744.manifest
deleted: 4/5/1056e92ff31aa0253647059eca33d0-2255558.o
deleted: 1/5/1eec3abaf0c99c1f2ba2821ac01ab8-6091.manifest
deleted: a/3/d62fac1649af37743e5dcbf1355d71-2400998.o
deleted: c/7/2d123b7111d3d785f77c33737b47d8-4029977.o
deleted: c/0/5395b98e096c60382e1f5db77042d1-4211505.o
deleted: 4/6/92af69fb2f667f4c7ea5016d719847-2410026.o
deleted: a/0/fa4554bd00f2bf1d64402ebb783449-4115474.o
deleted: 1/3/43a60167eb959da2b41404fc005ba4-4326942.o
deleted: a/4/47507fbd4f2ea00425c9dae9498287-4016653.o
deleted: 2/3/ff804810e206ba7e2300bb2c6c2bda-4017015.o
deleted: 4/6/6b6061c772069f8a5e46dac777f7cd-4064332.o
deleted: 4/7/5b0b37e8367231f6f10dd30e799670-4202837.o
deleted: 2/1/f551fda101e420e95f99d61f84a03e-4125661.o
deleted: 1/5/58ca22156db825b4fe3c44b0748c1d-2567290.o
deleted: 1/5/c0762fd6a7482e48ae7ca9da8e79d4-4012451.o
deleted: 4/5/f0dc23f77e3b677d5a31713285702a-4533174.o
deleted: 5/6/884924c94aa1c35726739d0601f343-5095221.o
deleted: 2/3/f06006d6659d71284a694d0919c2e2-6766050.o
deleted: 4/4/ea183bf445ce660b8149ec88c12d39-1766264.o
deleted: 2/4/1eb8d1ab03b52119fa7a32939d5a9b-4480568.o
deleted: 4/6/6c777e75804ff39d5f8fc7252e9845-4111152.o
deleted: a/3/b6833cf09aa26bed902a1d03b9c35b-4612094.o
deleted: 1/4/3a09f78e1252f402016c9642a1d501-4430390.o
deleted: a/3/b7c0d3801484e7e8a6221a4952815e-9663.manifest
deleted: c/5/8caadd782f21ef132416480a861852-4040087.o
deleted: a/4/f7b16e6d771e3c25e9135e883c1bf9-3263684.o
deleted: c/6/b50038c636828e677d72683389e5f8-4029610.o
deleted: 1/2/98ea86b01e837157610d5548b39e02-4571037.o
ccache cache size is 167Mb.
Uploading cache ccache...