SHA for cache folders (/tmp/ccache_dir) is '6d76bab1edee0fab4a21b1cade64461b97119b1653bf25ea38e3238e762fbbe9'
Cache ccache has changed!
List of changes for cache folders (/tmp/ccache_dir):
created: 2/4/88c5pkjra1m363bch2lcbbck19a4n5eR
modified: 7/1/89cpnk9a142tiochvre7ll3rk88q4okM
modified: 0/0/stats
created: b/6/fajhcj5qmq9tjn9hrpmp2q6fap3qli0R
modified: d/3/c3urne1iu2rnh83l6jbjimej7jlmt8sM
created: e/0/e39pnia571eqs6t604e37q2e1i28hiuR
modified: e/e/6bdvhhpdluss97diecmsa5sh9qu095uM
modified: 8/2/stats
created: 3/3/1direnam5ic47l5m25km5tgo50qai3cR
created: 5/3/82fdag81j30buvhngar4dse1sf53tpiR
modified: 6/3/70nd0bf85lav0jkb4aid5itmfukb9igM
modified: 9/stats
modified: 6/b/63a4kn85qk160jsk8ctajs3tq586bt0M
modified: 2/5/69d633fn865vr6rrum6dva53f2n7sgcM
modified: 0/3/stats
created: 9/1/3d1htj08vvpohr0np7q9crjkcl0bt9iR
created: 5/4/83l644e32l90p5o36mm9qur1pln246eR
created: 3/5/41p48j75t5fim6pipi9og2kbc09m5l0M
modified: 3/stats
modified: 8/b/stats
modified: b/b/stats
modified: b/1/stats
created: 2/9/80i2npp719unauvo1j83r5ih8ntfab6M
modified: 5/3/dcd88gcl423o04hv0dlis3glo7bahksM
created: 9/d/11bkca32ki3ehrve1388tdfcsqmqbnmR
modified: c/6/stats
modified: 0/5/8di1i73k214d3g0jcg11r0lbitil7ruM
modified: d/d/cfqnfv34l0e13sovohip0f1d332pmj6M
created: a/5/55u02uup1mdpdkejnodobevitac3s7qR
modified: c/0/b0a3tvvlna3k99389dno4mbpu5c9j44M
modified: 5/d/stats
created: 2/e/16g77d0ljppnicr2k0jqa3ebddsk52oR
modified: 8/0/stats
modified: 2/8/fedro051jf6rddcsh3lnrjq0rv34rr6M
modified: 4/8/c7j07bum78jpe5ibpfjn6hahh3pqr3eM
modified: 6/4/fa631h6plbkdrnnibejfog6ld1jaa2gM
created: 1/0/f8afrald38k0pq6t8bkdqg5u4ta9oocR
created: 8/5/f4ukilr4ie243j5nvov951foh5geldaR
created: 2/4/77vv3ed1h3uu248pqcsute230jb5f0oR
modified: 7/7/30kkuio5i1295qkdaqs1bhts56a0sp8M
created: 2/b/aeu963f5hb0dt8mv82kqbgf59ghrkkiR
modified: 7/3/stats
created: b/a/62df1n4u0kbdvi77oo3qa8b9hoic9euR
created: c/8/01ptv9te459efg3s9n24akt6q5g2jr0R
created: 6/1/4alc4pls6o0e6uuk9ln1lisvikjnbpsR
modified: 3/9/e3admhfj6mjichcqocnp0cjgsn1uivuM
modified: c/9/57ph43eqsl3c2lps42854uctqfgvpl8M
modified: 1/e/stats
created: 4/6/732734ranh2ll7as1o2hf350c4jkd5aR
modified: 8/9/5a3j0rcp60i9krmam44uo9t71vaa30uM
modified: 8/a/dchqbvbr8ds06qa032qertd4ol344nkM
modified: b/0/a5cigevj00ja4sg8kmu0i076q27vlagM
modified: 7/4/ea8qtrl8243082q2isg936gip0g603eM
modified: b/c/36naino10u67g48mpool3ktr1enpqt0M
created: 1/b/0fvod7o9fclrdjh7u7iqii5dqb4kbi4R
created: f/3/adbborbv4mj2ekprclargutnfu54kpqR
created: 0/1/82co5256l6t4o3edr6s4l2dns6a945aR
modified: f/2/01ljjnr5lkobjkra4788otm51gkgnuiM
modified: 2/a/stats
modified: e/stats
modified: 0/f/c3lvjlfm49e57jbvvvkvurhddus74sqM
modified: 2/f/bdqmdcuqu22bre8qan01he89j6trfjcM
modified: 3/e/stats
modified: 7/9/stats
modified: d/b/40tbc0v4lb5cvik3mehqbhm04daadksM
modified: b/f/stats
created: d/7/b502obfs82ifu8175qcr8tdoh5mgjvsR
modified: f/7/stats
modified: 3/b/d3nfjngaj8krudi9d2m6odm2dqfb7tsM
created: 4/b/0832842vslj8kljdbqvf1m5o25medtcM
modified: c/4/56jjpfcm2nahd6prdh09v6ecdvr6oceM
created: e/2/9df5qi3ht9ikiqurcps2javnmfbf00cR
modified: 2/9/44hvmll7aevdabcon59dpcs0rg33q66M
modified: b/9/stats
modified: 4/stats
created: f/5/43ogfilf47htl04tpn4id6uanuhthtoR
modified: f/6/92uqibhfp2i15jl2j4k04f352v6vp78M
created: 0/4/a45qv8kk32aqg7aidpopekeea4pqndqR
created: b/a/f42bt3l2pi6f4nv5cohhtuodlnrqna0M
modified: c/1/6590ctsmsip8m090b5gigpvnedj99emM
created: a/7/884ejbkj8ofj1q9833bdjkh4ucqjqleR
modified: 1/2/stats
modified: 3/9/stats
modified: 5/2/25sq9oaias2hrq49c0mm0p1lhpaek72M
created: b/6/41ms4sb66rt8tuuur5n7k66n95lqv50R
created: c/4/73b5r19faddnmspcc0al2q4j8ec7tc4R
created: 7/9/36cmnlk5mgqesqcigie124nfirs20ieR
modified: a/1/d60q1ntmtagn7sigkllbhgh7s69iq2aM
modified: f/1/stats
created: 5/f/06d3kss4scjrrmur9io2qhjifmupnq2R
created: 4/2/a9rm6p5imnr39l7j4ljv42bi7t186giR
modified: 0/6/d83rltb4seoqrrtoc5e38b17380p310M
created: 0/f/44cnt7ra3vph61mvcp122q3uprp1h70R
created: 5/5/e0pcklovf1qa9vmb4g7s6kdafdi39qsR
modified: 2/f/29gm7rtrrr4h8n2d6m5hsj4806aue5cM
modified: e/7/stats
modified: 0/7/8et5t8p020ipuov58fbii4d6q9trbkeM
created: 1/6/0d79mdf4l7e02mhg7r1bt2t7631gnreR
created: c/9/44v4bj9d6570ra4jvkh3ufd8ugahlhcR
modified: 4/7/stats
modified: 0/b/56suqljqrjh4nbr18eoikgpu8f7kinqM
created: b/d/4bps4fm8a8m4frt694qf6jik07qppbkR
modified: 8/d/stats
created: f/1/ac7enushn88p71g66o8j6a5id2em43sR
modified: f/8/stats
modified: 2/c/b1fffudqd6bq811tjjtd95rdl21945mM
created: 3/0/f0jje4uh8i7fgd61kust1imh7j5567kR
created: 2/d/69lq023487uiv8r3n8cfthf9mrup1h0R
created: 9/d/84lkd4bdmh01493p1mr7ogn5le2apckR
created: 0/2/e1hhpso4oc55ue59re8pb54i3444umoR
modified: 3/2/stats
created: 9/2/a10tm9d59rtk11j9gu7m8nb1ionuv1sR
created: b/1/57esvb02kbq6qd4149487e724hl5u6oR
modified: a/3/6223ikl8ba9ak90cqnksjf9oqvvqoosM
modified: c/stats
modified: 2/9/42j46bb7esleh87fd7cv08etsghfl72M
modified: 2/4/fe0irad67i55t58jhmh9002imnv5gdeM
created: 1/0/8fk10naa8lfvtfa3fh4qtibam311j5mR
modified: d/6/936oo1f0m8637eco91bmgk4otjfoan4M
created: e/e/9drns255smmbl0233qk0u1rarh5korgR
created: 7/d/88nqb6q0qbik6fi8fahl4q7h6fcl556R
modified: 0/e/687fn586sau0v0ugf0j1i1g31lp4ag8M
created: 8/3/1760e8jqus2api3qjlqhnpgingas30qR
modified: 8/f/d5r0sjr6r2lgp10rmg85u07j8vknbjkM
modified: 2/c/2114ivvfq842af003m5hh1lsr8lm72qM
created: 6/8/4e9tn52je4o6pscvuekf9ll5su6foaaR
modified: a/6/23v3u7ks5ukvajb203uhk049s5rrgq2M
modified: f/1/bfdpklrpluffgkh9b3ukijn4erddh1sM
modified: 0/9/89bgq7eui8orjf0bl370shkhqgfapvcM
created: 6/c/f7kk6p3qs1a6924f3i1dqkkb8ibsujiR
created: 4/9/45dvtr1r1ishd7nmclhe908lsfit6hsM
created: 6/c/3197i28c9fvp346kssdokcctpu6vsv8R
modified: f/b/stats
created: 5/7/4386efmg8b6vjkfrf2s4d6k0thir1tuM
modified: c/1/stats
modified: 0/e/stats
modified: a/0/2bonhdv7gqth1bvsdreevt98pbfdi3qM
created: 4/a/f5vqsbesc4ojqosp4v43mm934vh8otaR
modified: 9/2/232e9p2eof5jjg2el9mmk98crs4mghsM
created: d/c/c1ienadu4ihhkeur339ovup6ftf6044M
modified: 3/8/f8iond4ureflom3pbjk2e58iqhu179qM
created: f/c/b9qb0igp6bk9galu3kchqbdbjc3n9gkR
modified: 0/1/stats
modified: a/d/stats
created: c/9/11t0lncl6hbe1eo70tt60kvg6dl88j0M
modified: d/5/7am2mun5ct3n6se75s28kg1d0d1sejsM
modified: 2/2/51iol0q2ru1u9nq4kp6c4uomdpf1lf2M
created: 6/8/d88lsvau4ige0sqr22sul27scinuluiR
modified: d/f/stats
modified: 5/8/d91qdtmjk11f4pp3mj62ld2qsb9bqbgM
created: b/1/b5gkrdk7lug0raca2sr998f42gsfpesR
modified: c/1/02ascv8pbq8vmhsmeb3qe11vhlb7jigM
created: 6/c/d4hb2jnqrs897m7nrj6o6jnqerrq47cR
modified: a/0/stats
modified: 8/6/stats
modified: 1/5/fcg26cp19n9rs3qq6rgfqju147br20kM
modified: 8/e/f0k16if916j992uecnvea6213vmijaiM
modified: 3/d/stats
created: 2/f/a67gf626babrgpmjah3kvkd8ltf8kc6R
created: 7/d/08se919j087l2samdoj1jphsehttr0iR
created: a/2/e2hkm4ffcj4j9busjg75c108qmki04uR
modified: 7/1/92k9jucdsk564it0rtg2ohni9mnkmhkM
modified: d/6/1cu64tib6834u8vuo5v0hm6m7nlvqliM
modified: 7/f/b22tlddcvugt05er2til1caip86va9aM
created: b/3/98ae79hkcd7md9290kdaaihumtdu39sR
modified: 7/7/32ib2l717mbln6rc2jmprho9dj553suM
modified: 1/a/e9823hmu70kp3o0g90e2tk06loqbposM
created: 7/4/29b70rsk48ga0jt8go4svv5fh1ul3gaR
created: 2/d/ebdlurvf5h5l02p75pb7k0ehb6radocR
created: 7/e/effncvo8l8rij429godd1go2l7pn8i0R
created: c/1/e0mljo497eavi354f1tq6kutv8fu3gcR
modified: 5/3/stats
modified: 7/stats
modified: 2/7/4fetip4vrloalkoukii8g2hehdataboM
modified: 5/f/8fer2p47ffo61v5j6b1sf100um7n58qM
created: 6/f/25al5hridg187f7jb50h8r5g1doj7ucR
modified: b/1/c9r38tuk1eph14qriildn5rs4uq8eg6M
modified: 8/5/stats
modified: f/b/15s6a7cvld97cl5lnci4oj406e2ct54M
created: 9/5/90f69n514aop926tde1d9vvul5j5macR
created: 5/2/0fnfkg06hvpp4g6ifr1ror2eto7sd62R
created: 4/9/35q57iurefs2q3u3mltsh4gie0thg2kR
modified: 5/6/stats
modified: 1/a/05me474dkeg0uljdhp86127fses4q4mM
created: 4/8/d9dr899k0068r9m18vmhep7gnekttcuR
created: 5/7/a1qgfuruko8o1do6hevfhqkq3elj4iuM
modified: 9/0/8f77qjkketeilo5g72ol7v45an9hip4M
created: 1/a/f3j782fgaurbbqrnpfsim8cpbgf8fjoR
created: 2/6/93fr1qjjpg7bkk2tqnrbddjeb1680bsR
modified: 2/9/stats
modified: c/5/stats
modified: 8/a/702g3fsblfrlgqhs2f0j84ctr1dl3tsM
modified: 8/e/80qa0u9964bc30jr1r068holl6rs0leM
created: c/6/29b36c6u4b3mlevbecdtl6iu438hcviR
modified: 0/a/stats
modified: 0/stats
modified: b/0/36rpl8i5v665lklfhpksb642s7lnli2M
modified: c/3/des1s41qct7gkc3ln02n0a73fh4op8gM
modified: a/e/stats
modified: 1/8/42h5ab6il8bvb5gq6020mpsj2edt2vcM
created: 8/6/bfabvvjmurd1ns3katlcvg613r7clkkR
modified: f/d/stats
created: 2/a/bc3d3239r2kd7cbds1d92fm86gh0l8aR
modified: 2/b/stats
created: b/8/d871r93j9mo9of0lcur6au132imm7v4R
modified: 6/a/bfoqkfo2eb9t3lha678hcreklav1iamM
modified: 2/c/stats
modified: 3/7/stats
created: c/1/8219avmi0pani89al0d9crom6mc6bmkR
modified: d/d/bap3hbol9t9v4h5tufiokm8uhims40uM
modified: e/c/stats
created: c/1/9e4fkgn2lqt05lv073vheie9067a6fmR
modified: 0/3/41ac93q9j583vdsgh1i0bjn0pbg2vhkM
created: 2/3/6dijcohhbn29mr73615imkgbu3ab9ooR
modified: b/4/89d4ldnidkmtt3g3gj9lb3amggccnmgM
modified: 4/3/eaol529dfn87n526pbkaonm0qlsalo8M
created: 7/0/2b3cmg93ah98f2hlqqlknuf1ujo83icR
created: 1/5/52arlan5hk451sm6f5tnmr51h8u8qqqR
modified: e/4/c4egfulkcmp71k6c3sjteoq750hrnaeM
modified: b/e/02qqlgolq8up570t1rajaj1duvo9da0M
modified: a/1/stats
modified: c/7/stats
modified: 9/2/7bpfluv3g0tcjtpcjuve8p9tmgsjeheM
modified: e/2/stats
modified: f/stats
created: a/9/b1q1ccad2uduog1v9501ch8tnao9vkeR
created: c/3/21gpq79rsfkclnvjc3t7jo8lk30l2aoR
created: e/e/44theeiomt2o2q2tiog7dnp57vb8j9iR
modified: c/8/b52ovn7gsucvhvtcedqhqqh0c628i16M
modified: 6/d/stats
created: c/a/657jkujkop5msdjqsmjpodleech4opeR
modified: c/c/54ulmshkq3j5i49upbnonvq3rstumhoM
created: d/3/c3if69cq557brq3piun2u2er9tpck42R
modified: c/6/e6cp26975ek9vn2fr2brinfn3d4usccM
created: 6/7/7akje6ns79j1m6ut0m3qkhor2u0aqosR
created: 5/8/26kfesnbdavp80sprsas2sfvt9hsgs8R
modified: b/4/stats
modified: b/c/7eghp8evjgca44lrml63hb28j61of52M
modified: 2/7/stats
modified: d/1/478171t2k2gqtmh45qq7qie94h057tmM
created: f/9/ffuknnt0hqa3bn86td0hp9u2gbmd71aR
modified: 5/c/babciknh35qe5tuemnaptfaslp27164M
created: 4/e/f6rho3763ao56imu15rgtk3sdv4miiuM
modified: 5/a/9fi6poasar28i76rj5jss9a8ev0mv22M
created: 0/9/366f782hgcfo4c278ml4264jc99d8feR
created: 2/2/a60j2q43ta1k43jdtkjrbefklv9jlg4R
created: 9/5/1794tbddi2505jn2fvfb9i5v0e8cg5mR
created: a/f/a80337u6hucj500q2p0qkpbjdebo3cmR
created: 4/d/18epsk65qjg771l5dtimi0s4nn4g7caR
modified: b/d/stats
modified: 3/7/fbo47gs3ig5j278uerae94td9s8jk0cM
created: 5/b/95uk5q7l6i8tujdkrtpqfcn50qda8foR
modified: 8/stats
modified: 3/3/03r7smn4ea13aug34o4pk5f8j2vt3foM
created: e/5/1f60vn4jv49ftp5sfdhkjld8crurf2cR
modified: 7/2/8evi50sn3mehdi2edoif262cfkn8mugM
modified: f/e/dfnpsaurja8psh3qpbau6f0he620sbqM
created: 0/c/47t976fkgg860hikpgop83i89s2or3cR
modified: 8/5/d7dgple36vkudu2iu461c0v9lfg3guqM
created: 9/c/bcvf6b30sr1vklbakd7f65d4pa099ekR
created: b/b/f0ni0r4vut4ikrpl2cfsuk87cuhhj1cR
created: c/c/6em3k8obsrhf2dor939a7cglcbaba9qM
modified: 4/2/15c61tal0k2bg20g4g0lqiau2mh0jviM
created: 7/1/5b7rv8g2frl3cvie7csqjpg01qm6jtgR
modified: c/2/1f9v7sn4mi3bfoesv353klkdbrufanmM
modified: 8/e/378u6dqvf3hijdv5e33f3n3q13vv1noM
modified: 5/9/f1doocbjv0u31ddc0gfkae71u10uf3sM
created: e/9/80vr8ib7rj3mfk5t2fjvjkoemnm604sR
modified: f/6/stats
modified: b/3/705na0i94cp00k4sivnvg6f01nelogmM
modified: 5/1/stats
modified: a/0/ef41h16jjlu4quiutu9viveeqs48go2M
created: b/a/dblprpd9gr47a7dm177sg7b2c617g3sR
created: b/4/73ti5dr9jlhi5nvcfum4l9vgv8qhm9aR
modified: d/e/e1thlij9e0875uvf5476dqbnchhvl3cM
modified: 2/2/91jpc9edhlaia33thomm24rk1stmu26M
modified: b/1/6esrc6fkkbjut3i63168at26lg5au2mM
created: 4/0/16k357bu0itcohqc55lpigrlvbd5mm2R
modified: 5/7/e7927hlic6p5ftd44aumlt30fdimg76M
modified: 7/c/30drbitrquoiqk475rhtmgt76v435gaM
modified: 9/e/stats
modified: e/a/01c7tkqo6gsdhcr3f34u855k0cjhlf0M
modified: 3/f/23rcqphdqqplbukh8u7n2m36b9f4250M
modified: 3/5/b4bsafrttuimnt2uisff51upnm0hpggM
modified: 3/0/c4qjig2883k2a7oo1ren5affahuq34cM
modified: 4/9/stats
modified: 4/2/f0jbg03a15v6ja993l3mvd8mrbdn5leM
created: 1/f/bamjdphm3up0lr6avamrc6drucm79haR
created: b/9/6clshkqvhvbsu73kpkjpmo086l0q2n2M
created: b/c/3d8aborpbr8d22q5d5lri50dh2gdlhgR
modified: 0/7/69bbn1idtdnb1neavh8tkh90dftt89oM
created: 6/c/991drkr7ke4uvqt4mdkd5l4veegot0uR
created: 2/1/26e18onj8djvqe9jiukh8skjitn7kloR
created: 1/9/0agucf09ao9og712396322vtjlg3450R
modified: 9/a/stats
modified: b/8/116qfsbcg3tvagbp6hdqmkdmn7314n0M
created: a/c/f2qloao3nkdrgthgai0janp48h1d8hsR
created: 4/3/03l0vm7t5imntloj6kfdovllbe67sbeM
created: 6/1/79qc29mn94vp6bc0tmljm5bcvf7ugl6R
modified: 7/4/stats
created: b/c/d8uo1onhmh1sue196l9dulnl9iph8iaR
modified: 4/b/bembtatq1pu119bibdeerud3nijgcccM
created: 7/1/9625lg57t1octokndh8u0h5jmg4nis2R
modified: 8/e/384lka6ea58cd8c5h0i37h9s5defjs8M
modified: 4/8/a6rbrfkslmqe5g5fg9ho3mo8m5ojimoM
modified: 9/d/stats
modified: 9/f/stats
created: c/c/69r0id5rp4einrll6gu9hibj9of2cscR
created: 0/2/c7mspnertao9t4kaou5e4u522hsdecsR
created: 2/e/d03q6vo8em007eljq8o9t81c8smitr0R
created: c/9/518k8e40v0mbehig0srv5krabjg8oloR
created: f/3/86bmgda64ufkp1o2bbj5thaeshpuv9qR
created: f/f/24amap0vnt1lk23qeuj56lsv6k68en6R
modified: f/a/eftmhvbbrf5jp5vpadmp30q5rodhmo6M
modified: e/d/05fvfkebru3m4082030c8da70fhubo0M
created: 6/3/90the75a71dfdfe3gv2mflt7uvr50ekR
modified: 8/e/stats
modified: 9/7/42t5hdi0uoquke2ms88d6i8jfo94j1mM
created: 6/6/9bv91ojrusdetlqrrmh3sfksea7u9s4R
created: a/a/d4bqh2qnqk5joldrgkn8mjuqulll6qgR
created: 4/9/de4ac23dk020lk64i0sid311vvunmi4R
modified: e/8/stats
created: 3/5/44bid78q30ddt9r4anfpdgjcfu2a8kmR
created: 1/9/82vcr03f75v7fgl1ob94cc3vc23tlg8R
created: e/b/c5ctdslbauk6u9d0jc2dllp1h4hu94iR
created: 9/9/47g6kbuc41epn3qh09llt5t867nu8g4R
modified: 9/c/2a96o6orhjkqhv614sdq73ibgf4s4cmM
created: b/b/cc4q2g3pq17hamekna5ahfe4qlerngsM
modified: d/d/2997ha8nuokc0orgaub1ua4e916qpe6M
created: 3/b/6cr0kn9ep97qtnredicju0rec78o9k8R
created: 6/5/df1joals55222h4eshsjp026n3h8sq8R
created: 8/c/7fej7k7h7opis3ok1o6dnkmrilsgv4aR
modified: 4/2/31vu1nveok7gahbbq8cteir4fhka2tiM
created: e/5/7fj82baf0c4e4gepmgmr27hs9e0af7cR
modified: 7/0/stats
created: e/a/7bdph8vvh25c3o2vtufudbpj76degq2R
created: 3/8/2comp0tsng5t55ehbms8spveob0bf7oR
modified: 2/4/stats
created: 4/4/5a99cbi30hu9pba4hemlag2obtor1m6M
created: 4/9/56rgbc60jma4u931v9qii5bqr32b4tsR
modified: 5/2/stats
modified: 6/a/03uhqoneh909uhjl2obshikaapdepfkM
modified: 6/f/6bv4pgps3ifdn4o2jajmknnnqu9b3s8M
created: 9/5/6ffn6ke9ca9511010vsjh8pp29jagesR
modified: 0/5/stats
created: b/a/23kois5q0dcp1ud98p5jcr11s1sil12R
created: 3/9/d4j8d883sa7aur5s76pmqo0m0hkcj6uR
modified: 5/b/a7u7i6kanvtbsaq068jucvn01d863kaM
modified: 6/5/bbd3qkdjcb374voa0uthr3s4q7cktnsM
created: 7/a/da0v2dmalosb5oe9ntopfa5pldkcjfuR
created: 8/a/2fju0tah3f9gk40qstv1h5lsku8ks0iR
modified: 9/4/stats
modified: 9/9/bfb98rbgkupa5ud46duupc2miakich6M
created: 2/a/fb9rmu5i9pgckulnski9ldn3d3qddccR
modified: 2/7/74eio3srp3ps6jb9qf531gkmjicatb2M
created: 9/7/f6kk33v8fda4t5n448j30cnhgtmfo3sR
modified: a/9/07p2qa39o6iadcc8udnb6rqqudfn1q6M
modified: c/f/stats
created: d/0/b5if3ev76vdpe1savf6vhkudvkspbpeR
modified: 7/1/stats
modified: 3/8/stats
modified: 4/9/feavj66nkf4sea3mhhlp6li3114smmiM
modified: 7/5/stats
modified: 1/b/stats
modified: 6/5/322t52c2j553vhf31t6o5vi0nibhu2aM
modified: a/7/9de017d6eaj35ca1le6f1mlut3qm8iuM
created: 1/1/70tqoili9193qhefs6ka04i4htdt83iR
created: 7/d/27lgfigud5kmsfhkdd7o4rk7d5ojnd6R
modified: c/d/stats
modified: 0/f/fa7iua48f7aqg10e2qd783kh3b4774sM
modified: c/a/1b5etln7vfgaqjf00k5p6ig54vms0g8M
modified: e/b/9fm8ccdv5upbdqiql00l0kv3piahm0mM
created: 9/f/1am93v4c0skt5g6m8534ftkfhd0baccR
created: b/6/79j2ojd80jbbttupstvmitegsa2hkqeR
created: d/4/80mqc63nb79b4ecvjgkfbim87vb06emR
modified: 5/stats
modified: 4/5/stats
modified: 8/7/stats
created: e/3/81o3ur6abd1rers70s70oge3uo03838R
created: 0/e/efcu4iemua1agnap9jvppka26ia2obkR
modified: 6/e/f4fh7bth86b1gb7aql52cs12tdevuo0M
modified: a/a/stats
created: 5/3/16hheit2ue7mkjsc3dcor66v5ctfvrcR
modified: 4/6/stats
modified: 0/8/2804kdv66n896j5lng4bpsqbb3t6kssM
created: e/8/50lhsvggsi8nkeqhr6grg8s0caguknqM
modified: e/a/a2tp7i7njg5brvpq5otghh3ng38d4nkM
created: 1/6/9b1s4dv7qq4rh305fenotmnphep5ik4R
modified: a/3/96i80ji22cge6gjjucci3uqdvkucaciM
modified: 8/1/stats
created: 5/a/49kgbe78amka7jda3ttadsd7kq92j4gR
created: 8/6/654v0hvd87cch76v5g918mfvrphdo8iR
modified: 4/6/872eiob328ldar3bitt3kjn3f6o4t84M
modified: 4/8/a8920s9s00ph8d39e6kufuc4smmmer4M
modified: 0/c/stats
created: f/a/f8piiql8nuo9cf0q2kv4btvj36debaoR
modified: 1/8/stats
created: 4/0/570olh10ejvn02kkfa9h2f8jqu77qhgR
modified: 3/4/faejk6olpj3rtq8o5sp0tv3ibrv5m52M
modified: 4/8/84o642cbf8kfiruojc6ak2s4mi1f3umM
created: 3/1/93151s1m52uba33ddbn5dr00b7tsk38R
created: a/7/d931j5kvsf9bn8i0pgobnm82da60pq4R
modified: 3/5/e0o2g4gb05tdq7ebnn1hsierqneaf2gM
modified: 6/8/stats
modified: c/4/stats
modified: f/f/ae7ggmnuuul9oe0pif3moi4i64maptsM
modified: 2/0/79tt0b8j9mbg5q41rqv9ck37pqnjabeM
created: f/d/4ca1ccdlkp9lite9f2th35bq4eb2eisR
created: e/9/57gh0nds4qa927sg32t80b0p8qs5m70R
modified: e/1/stats
created: 4/e/6383cnlotf1327c40gnk601aillmobqR
modified: 8/1/9efgg4lmrqvvvdlnde4svj39dukajooM
modified: 9/4/477d78u078h8l6s3gf937esqqgm01kiM
created: 5/a/b0n46uh3rckkcjqa918f19eej2d0688R
created: c/e/428ajiu9ltsb0atrevssp168rv0efj2R
modified: 5/8/stats
modified: 6/a/ad1kjp40enp9mksger63c975qb3m9mcM
created: b/8/d0b2u1cmcvtrb7hdvgh7s2aa39l0012R
modified: 7/f/stats
created: 8/4/1dn3kitp0f4pf558g3eonrhmp3c4m2qR
created: 8/9/9bli9fjkocqlavj95pallucudn5qb6mR
created: b/0/a5lillavm9mi9i0f5ooqd9ik2cnoiboR
modified: 6/5/stats
modified: a/3/stats
modified: f/c/stats
created: 0/1/bf2k1s6kkv1hv4n3aashduek0nsg3o4R
created: c/8/fbathf4gj8di4f5olnlpj610fl8vct0R
modified: 7/6/stats
modified: 8/f/stats
created: 6/5/18qjqhmjl4uhm6p1urc15qg7o2i1tr0R
created: 8/f/87vjand45ml914rlo0920b68b7em9lkR
created: b/9/ba4tc6grgtp1bo2t5ol8hl8b2dln902R
created: 7/6/082qo3142r7mh2cl76ahc7impf392rqR
created: f/e/d0q7e55hgchr750cc8h68ilidpuk7m2R
modified: 6/e/stats
modified: 9/8/05u39tqj1sj074s6gdeokiie3hcm62kM
created: e/7/97a7urht3rp6j32o1co6a0c70oq2fgsR
created: 7/9/56ka0ulbc6nsfq3b57h28jcrji3k19sR
modified: 6/c/stats
modified: 9/e/aej9gh2ujspr87c9qvii8jej75qirmkM
modified: c/5/9anmtnd1t8f2a729eaehql2sgsko4biM
created: 0/8/3boo264c346nd6dlotkf47r5i7lvrooR
created: 9/6/83s3k12j9f41ra62k4i33i0d6sr2a0qR
modified: 8/9/stats
created: f/3/66qnd7sbohpbpovf1as08rocnfj2ab2R
modified: 2/e/stats
created: 3/c/43fih0b372oudp2a6eq0v86pkka9mh0R
created: b/6/cdlti725tq4b3mngtgpdqm0ae8ll4caR
created: 0/e/52g812f3j21p2qttd9pmmdmpllo4gfsR
modified: d/4/21cauh554m8dau575i0dals463eejdmM
modified: 3/f/0dlbrmbjgpb2meqrtprj4j784qq9rtsM
modified: b/0/stats
created: c/d/03nkr5to9jjou9vae45k9hql0itt0keR
modified: e/f/stats
modified: 8/b/054fj6bg9qoa1vt1fp4o0nfb7v7to5kM
created: a/4/4e3ukrib1uedlsm64ojf3e7jd1vpbp0R
modified: 5/a/05snh30r2iib1ffirkh09bi7j1ah506M
created: b/c/91larajacjioa9uno63k2goffmigensR
modified: f/a/afhtids3f8qdnsmjbdpt2cji3384h2mM
modified: c/8/stats
modified: 4/8/stats
modified: 6/a/stats
modified: 3/5/stats
created: 4/4/047rutmcqmugjvoopc08t8bb7h9goo4R
created: b/a/b2gadlfc26ubdssidd8pgtpm4o7j5i0R
modified: e/9/stats
modified: 9/2/2a8ngv1vcv8na96j70g8nqk74uu30n6M
modified: a/c/stats
modified: c/f/959a8p8ba6spk30dsfvg9u63bg26kouM
created: e/4/ddc3ojlroslb0sn8vrdu0l2ikhdj038R
modified: 6/stats
modified: a/6/stats
modified: 6/9/stats
modified: 7/2/45j8mlkujeh23kfun3m6kqis1a7e00gM
modified: d/8/stats
modified: 3/6/stats
modified: 5/3/df3s67iqng4tibfje21b8n52878us82M
modified: b/b/6cghhvdi2qhcijkrt7ueit5or5ujq0mM
modified: b/8/stats
modified: f/0/1318evciguspd532kjbiemmshqt56uaM
created: 7/1/50tjpkhu3s4kjlmkt6ilm5hrk5k4q3qR
created: 4/4/5er83cv5n2qg8j7m2oss8upur7nee44M
created: 0/c/c79li3uvnokqmuejk2rgtc39b4uuraaR
modified: 4/5/bf2vqbn1s4ai8t4sb64ubcdfj74furmM
created: 4/a/99tupj5s3l527too2js4d8nmemu6ql0R
modified: d/d/stats
modified: 9/9/f4i3v1bgjr5igkigdggs4oltmfjii0iM
modified: b/6/60tp5pbj0rere05pqh71pi2bf25ojleM
created: c/a/53ng07ujtjdekiij0p9n4etdi1ejm3kM
modified: e/3/stats
created: 9/b/ac35eovuj33245sbk2rvugu8tau4h2eR
modified: d/9/d5egs5p0aqp4gfm1uq6s18btmqk6ck6M
modified: 3/7/06hr6lr6ve3npc4alfc6bogqne8o0g0M
modified: f/7/62rmvp1q0oatsofgmi23pafk7bh9thoM
modified: a/b/a332c0numtqeqdeeuffbnrb0rgsphu6M
created: d/3/08jflvlhh066jkkcqj9b5tif9p5np0aR
created: 0/e/6dqm20iqsr4b339faqup0fbj15p47jkR
modified: 6/6/stats
modified: e/b/03e5tubuo8f9cimcv0vk51ijub5ddigM
modified: 2/2/stats
created: a/6/3f7cdj5enlh3u9tduujdrui1iurj9acR
created: 6/5/1e2m773f2l7sns20br01jb4ojb46mi4R
created: 7/d/a9q44ab7vf8hgh0kv3jrlc0ola0ios0R
modified: 2/e/69hgqnt7k9difkfohvrv38592ulvi4cM
modified: e/5/e1rami33v66qeb8u1726rsvrlboiu4iM
created: 2/e/91i4m8mpeq6t9gmls5875v158hcaocoR
modified: 7/c/3fn49s1vbh0ce4mef8e0d60ack1u7m4M
modified: b/4/33mr28n9uakv1o5clve94s8p0mq8ph6M
created: c/c/f4i2v97654iu4f9ha06h3dth352m30mR
modified: 5/b/stats
modified: 6/a/d71hfl6ehpc4f6eu82vibmi7omdj22kM
modified: f/e/stats
modified: c/5/42eq8rabcflplv2omm0hnu0e31g0u9sM
modified: 3/a/stats
modified: b/f/5ennuhsh7qv3stlt2v903ov348m56u4M
modified: 4/1/stats
modified: a/5/cbjp7o3e7toq0k77p2jn0eltu9in5fqM
created: 7/6/97aof2ps72lne1b4i13qqd7k803qho6R
created: 8/b/07soni8gel78e24gn2pkjo9nv3equaqR
modified: 9/b/stats
created: c/a/94fj3k3risqg92llf6pvrhgjvs1u31aR
created: 5/f/6bvuiumk11hho2mjhv9pkulhb4sftvsR
modified: 7/9/458s8f1qn2kroump2bjb3jmf8tdj96gM
modified: a/1/0a266rcoiom6p63s889kpeoeuq14qrkM
created: c/b/d3uj77fhmiaioood51i90dqq7cj5sraR
modified: 8/6/6ern8vcjo92rlhkhsvhltcdfr990aauM
created: c/b/71hlpt1dqoq6t84k7b0e15nd57a6rk2R
modified: 1/a/b6rnttmfka81imc0uars2sfni5sshf4M
modified: 3/9/b2tt98e33bmoeisua73me2d776su0qcM
modified: c/9/stats
created: 3/4/0b10v4ied5ubsjmp5ooaub7dbee1kp6R
modified: d/1/stats
created: e/4/a1nmlrj6debn6o2ngt424ch349bh1d2R
created: 5/e/122e5k061f29237snc8isllf3ia7uu2R
modified: d/9/stats
modified: c/3/stats
created: d/c/c7k40fij039svsjbd5d5rhbvdurvpm2R
modified: e/b/stats
modified: 3/2/4ftjgd7qup1bopqrjbqhmognae420k6M
created: 8/a/57b0b4i6s04na4rcjbjtee16v2e1ha8R
modified: 1/4/b4je2ofbem4r49o4p90mnajab3gl58mM
modified: 7/b/f1hrauiago7tfd4e66rj7gm7q11sk20M
modified: f/c/827118df61gndm1vu13kq7usf98jud4M
created: 3/6/6cb0trsj7doj5aaf2onrvos5dbhmbccR
created: 8/c/188jdm1joetlat6s136qr712ebjtkq0R
modified: b/a/9cmsev1qrnv2pco20aqpj0h2277306gM
created: c/f/9b6kbfthrivspsf24k5a7bte4hke1faR
created: b/7/924ujm2cbipofffe2rublki8jpql31iM
created: 5/c/8cb6d58pccgp20aataajc7bnva34ohiR
modified: d/2/cberifemu36sjuibcdnsgrgi20ipcvcM
modified: 7/2/stats
modified: d/6/f89p6jokqm47mr9qrf9of7pf8hgim4cM
modified: b/a/stats
modified: 8/a/stats
created: 1/6/0c3oi1amdd9mu3qo8741s8c6a0vnvqoR
created: c/8/06aja4bb49lcshbmh0t28fd4lis8gekR
modified: 7/7/stats
modified: 1/a/stats
created: 1/e/b0q35l1iqmeqp9apja6ipkqo9tbcgl4R
modified: a/7/76dtun3ngvuk2c7fttgln99ml42t63uM
modified: 2/0/stats
modified: d/3/stats
created: 3/0/33bnh3kc50d4vf0bssakrf1l3bsl86kR
created: 9/3/53esdu6fue967a22mqf8isg1v5m28c8R
modified: 0/8/34s53e4bjdmatkt2sqbhl522knibcsgM
created: 6/a/463oda2qfd5h60df83hlo4t6hk7rc6iR
modified: 6/e/92pr28qjipb830f45jcfj34ktu7nds8M
modified: 4/e/stats
modified: 8/3/stats
modified: 8/6/35l3mnirr2dbpeuf0e68nn14uemdc8eM
created: 9/6/b2sfglpcel7502ohlsckd5a04e0tst6R
created: 4/9/1fukmln3cs33kmfg86dviubd2hscdbiR
modified: a/9/stats
created: 3/4/3f2fjiit1808a7f4aqlkic3d0ag8hr8R
modified: 9/8/stats
modified: 9/8/dfv0j4fpkaf4l3h52h1vs9e7h2frmgqM
modified: 3/0/528jef90b4v8dh1fq57ph38on9ipd56M
created: 0/3/3cgcrb8423agif2k6d5sjm1mak2cn56R
created: 4/d/fe6ocmo5orogu5kkbu7pn4ammn125lqR
modified: d/1/16ck7s6f7vfsgmjsa0dsu0cie83apasM
created: b/b/f6rifhg2peh6bilm2lrfpca6dv6uvvaR
modified: 4/c/stats
created: 6/6/98ud7d2mo5torqs3dcdlstqe4kfpbn6R
created: c/0/d8d5s8qkm6cp443jchr7igk1mn9ibo0R
modified: 8/d/9b3jvtueelkpmvthofob023tml4rddoM
modified: a/d/a79pk2agunae1oks19ncv30orlr075iM
modified: e/0/aaoqmatj77qn1er8cbr186j6h9cet5iM
created: e/4/fa28n18t0dnsivr2ishu3dfrg1ge2k6R
modified: 1/6/stats
created: 2/b/69ik8026d4bh9noksdc03b1susd2ih4R
created: b/4/acknrt5f77daeg84ob52ka5jls2ii08R
created: 3/a/449gjdv8e8mlqmjifa5k57gf0plbommM
modified: 2/stats
created: c/9/b42bhbc096hjabtuaspptaajtcndh8qM
modified: 9/b/599dhgivuthrfoqvk9qntoou9lf9jacM
created: b/d/99ddg3smlr40kp4vejppq7u13r9t952R
created: 1/d/a4ouopnvve3olpibhnr1ja214o8gfocR
created: c/8/77684enmt1amb5mf3io3qsqbi9nuu6aM
modified: 9/9/stats
modified: a/f/stats
created: 8/3/599c62c9vu6ut2eq74bd8oahrtq4qkcR
created: 4/5/97jfnffjaur5tk8i5t6u80s3dgrvh0eR
modified: 7/6/31h59kvvqie8rf2o0q1fiagphp0nqbqM
created: f/b/ccds9m01ajrt8jbh7k7ajanunvanml4R
created: 4/a/01o7s2o5il5skd9hvj7mq67smaijoaoR
modified: 7/8/dau9ifoqg0qm5bdr2umlgci5uvs82q8M
modified: 7/6/f222b5haqj8r2kvckr1vbqbsksif9d0M
created: b/3/0ejvrq430hv9su5eg24e8ojclbcj3s8R
modified: 0/c/64f6mnlhogi7j2kinabo1o119sm9pf4M
modified: 4/2/stats
modified: f/0/9bfegec91s03itle77krjbn4bg1hiraM
modified: d/b/7aafb308cv378oc6jki4cllmlthpetsM
created: a/7/ddsg09c46gal527u5111g73k2vumn9sR
modified: a/3/48o4bk0mtrome98nf7848gquh7m3oncM
modified: 3/b/5dquqm821oirlp0ihq5nqv2reg2gabeM
created: 2/5/0dt8021o7t5583h4u077993oabhvaa6R
created: 9/f/5brq6ph80r7410utask8ca519054cauR
modified: d/0/stats
created: c/7/634bob6qq9cqim8pr862oek7d1mek84M
modified: e/5/stats
created: f/4/1clan9g0885hqlpp9masqhfmr138pciR
modified: 7/a/8c2d95jvf4tm2picvfe5jnnphd5o5n8M
modified: c/0/stats
modified: 1/f/c55t8gjmk3ojslq0evuu6j2mfmb2uecM
created: 5/e/c5qgl1j55dhu5ftb3tun0ui8o18ihq0R
modified: 9/1/stats
modified: 0/d/stats
created: 4/8/dcnsp354fsgfp1quise0fqpvbg259ggR
created: 8/c/69022pnaieft34tl8vatgbj3tgoih6kR
modified: b/7/stats
modified: f/f/stats
modified: 7/b/fdcmu539kbc7q6t02aua36flp1m5igsM
modified: 3/6/ad3sdkvguupqsi300jqbh8c6vdejinmM
created: 5/f/0d0n44q8bm6rn3benlpudbulgmefrrmR
modified: 9/c/adlglsvgdhi1uqpji1oa87gral3qtkcM
modified: a/4/b139rnjcaqdlsorokrnjtlbdl7clguoM
modified: 6/2/3eaqnrgp0f5prfipblqmc7akhdcjhnqM
modified: d/c/stats
modified: d/5/stats
modified: d/6/b6kucrm9cfqjog075g818dqhkjqn97qM
modified: 5/5/c2t0g931djjk5svfk9u0rvpdredpb32M
created: 4/8/493mr7d9kv4nguc06i33f9re5rf9rlgR
modified: 5/e/stats
created: 9/f/5cqsvr9mmomkp3ik9reooog9qf7vf4uM
modified: 1/6/c7btrui1gk2tli2lgoknauok74eb7k8M
modified: 1/9/stats
created: 3/a/b7rua573brk0fmh4iq1ph7gda3kn8fcR
modified: a/5/c79dfm3kvjo3iuq9ksabi1gaiggc6m6M
created: 5/4/16e4gk6mjepru27prl3obr6uhig1040R
modified: 3/4/stats
created: b/b/9c1d8m2jd6tl0b9k15lu5kpl9fesdoiM
created: 7/3/d3fpipg514br1d9hl3mjb7aama1qe2eR
created: 4/c/b59ansvulrcm9crtn2dc0ovhsie4j1aR
modified: 4/f/stats
modified: e/e/0citjb6o5i4bklk7oc02tp307id45kaM
created: 2/d/60sqd5s73q3uo3p2444tgaqo3mvlb2eR
modified: e/7/b1451e92dbv870s9h79v34fcv95q2neM
created: a/7/6eniq99ftdnvbrkl9mjui3ioohbalhcR
modified: d/f/29tp7r06rfr6t43rf997nek6kpc4fneM
created: 4/f/d0qdlcn1bfpjsk36gpfnn57leash1mgR
created: a/9/21a6ru1l25p7lt8uj7crdn90pcoecsmR
modified: d/2/2f6snhova44pcpeop8gq0iurfpob0hoM
modified: e/4/stats
created: e/8/40rf6vbno6osgrhhbapqor35h0t0pk8R
created: 6/1/8371q8jp84m6r3ppukuguk2d09bcp9qR
modified: 8/4/f73611i6hdf8qin2e097l9ogdihh8l0M
modified: e/f/d2ba0daqgcofsc61adnrt77vk7ljokeM
created: a/f/24ruj730tq63lq7a9trav55c13cetiaR
modified: 4/4/stats
modified: 9/2/stats
created: 4/7/68u9ol8le9vlju9t7eenqmjlfd26driR
modified: 7/b/stats
modified: c/a/bevfgmjugjeg3i1mqbg9q8pkcf8og5eM
modified: b/0/ecl82b5be379bvsb6ght1bocivj53n6M
created: e/b/78bilsdb08b7e91n6c0ab9u56jfmg76R
modified: 8/0/b3edeutrftdalfpsm7glfi477fcj1j8M
created: 4/a/35vq14a5tgdo0fapi5luj4jobj9h4b4R
modified: b/stats
modified: f/0/2esnt4kb79sv4r1k9ms952va7u9ep42M
created: 3/7/17vqo4g46vq13uoh3s465o507pj45taR
modified: 5/2/d7lmf3uqlp7vslj0uiq6dis5ushj7uoM
modified: f/e/99f4761q1f5nep6cufn1s7jl4tapo98M
created: f/6/438grbauhn9jfni9m9kbdpqmiquefaoM
created: 0/4/4d299b6h6hadpj9jbtjv3ml0duaqnkoR
modified: 1/a/b35hd3879eb8b0962s4f1uehsia1u82M
modified: 8/1/f73usmpfn2nm7btafimuocre9h6qp9qM
modified: 1/f/stats
created: b/6/80o3ski2fhgnegkjjvpdf0jaj079usgR
modified: 6/b/c9haje1dij4l81ec6t0m2ioad8nmqd2M
created: d/5/57hjg581i1dgg18ksk1b1vphcttk7pmR
created: 9/f/a3mnonjs5ntf4dj4nabu44hggkqmh1aR
created: 8/a/a0dirg3r07gr78ghh5ol387kisugokkR
modified: 5/c/987sgod8d63p3de35tjbvuqe1ifcktaM
modified: 5/9/afhit9a0boh5m4u7tvf4soqjrpt6jjkM
created: 2/a/1fuohlo9cg6hmklpkii843jm6bmbabuR
modified: 7/d/stats
modified: f/5/8dpiar5i721e1spsm76o8qlt6g92kouM
created: f/b/93dn4vgpc4glu7lidtenq77lguaj65qR
modified: a/2/stats
modified: d/7/stats
created: 2/8/70co21d993ujjhlrs8uu10ic0t9p7qkR
modified: 5/7/stats
modified: e/3/26v32vho3khck4d7s8be2ndl38hrg3gM
modified: 3/b/b6m5e14858deiesilp8re3vdqo4roloM
created: 4/b/da58742m7c09omkpm154tj4d0rk7s5cR
created: 6/0/07dhk7kmdtqoadlh9kjrrh05j0l0c36R
modified: d/b/133f9c74r1fat0vudi878s3i61t9pfmM
modified: b/e/stats
created: 5/d/17v55fng3tvsfgqnsbamsfm62muaai6R
created: 5/3/69sv91jv5esaltit4g6vn4knnrv88f4R
created: 9/f/690ka8q02nnvfrhjg0q712h9paoqd0iR
modified: 6/a/5cm2ajk9tff2o95damaabb0blc7fh62M
created: 8/c/588t90pkpiqrnpc1851tmn5uk58g55gR
modified: 5/4/fd4trceuvi0rohv5knc3uhl77unnp1sM
modified: a/5/stats
modified: 9/9/e209s84tj5ae4uadv63a4nc0mfgfcnuM
created: f/f/c28lgoq2k7gc4clql96ct2935fpilguR
modified: 9/4/66b02i186kbkrhfagevofqupvakkmpsM
modified: 2/4/76dha9qm88p763jdeivi1bhdubtmog2M
created: 8/a/0ftnqvi77252ckol2ok7er2lgbj7blgR
modified: 2/5/bbcskqfn9djpqu5h45b8fmnt52eqkhaM
modified: 3/b/2fkrqp8g8dqpheljp7vdbi6sv7c7t2iM
modified: b/f/9d914tec11ip4fa4pn1kf2vahmb5muqM
modified: 3/8/833v2meqageh97n1lb1jjbs516ko6iiM
created: 5/4/ff8svgst119vmb5kajtptlmutl6rficR
modified: 7/8/stats
modified: 5/a/stats
modified: 0/5/f1rg8p62boe8u4j51cra522i9sb1etqM
modified: 0/f/stats
modified: b/5/stats
created: 0/2/09ap34gn18lceprl2u3apr1i7cr7dvmR
created: 7/b/76lj8meklc46420r41jdk6h3fl01nvqR
modified: 6/4/stats
modified: 5/3/ce8onjjt2uuegn9hiujaf11149a2fgmM
created: 2/4/6f1orahc1j6tgl836kfrobmko7cc8ccR
created: 5/e/6cvdishp2fntjka1uj640icbk34rec4R
modified: 2/f/stats
created: 1/8/5er2ov7udmhgmhefseopi5e0budrd2oR
modified: e/b/3abolckj8f0o7m9r20qrvloktnl76rcM
created: e/c/34n9qrn0469dn8p19mf07lcsk5vav6mR
modified: a/b/1d8560e7pckine1bsr2fntk2gd4f8g4M
modified: 5/5/stats
created: 6/c/f6441ufdknudc7sngi6o8kqigv8gf2mR
created: 7/1/2ec1p3j652fja3jp1ddp7bgu4mk8ieqR
modified: 9/0/1dqftr92cfprsg5heasbteqhm4cbq5mM
modified: 9/3/stats
created: 7/c/03oau8j80luqcq45tkf8382u0lqudbuR
modified: 8/2/35oapv1o5tncmbk2re4sk92bc87qeakM
modified: 6/3/stats
modified: d/6/ee430u28mrl7movo09ghq0fra63vu02M
modified: e/d/stats
created: d/4/f1qh91toblu2aqffcd0re8u74c7v5leR
modified: e/b/17l7avob9qkajp66dqbgo2655h2tmpmM
created: b/3/e7ktd6g54rjd9i9olrrp8c2dt9e1bn4R
modified: 1/d/c7ln763qkph9l1v4m6p1sr2gdrbblveM
created: 2/7/8fomiu1p3niku8goqj93sojq955j1smR
modified: 1/7/stats
modified: c/6/2bmtehg2odad92bin6h8afeearl6pusM
modified: 8/3/10akfcr5bdsjsosjnp62s8482jmfdugM
modified: d/a/e4gvlh2a1e7mjj015r9i7u3cbfo56cmM
created: c/7/e2relfneif4u7ief8ad3doau9ek15hkR
modified: d/e/denbovqq1e3bdt4m8gvs24vdfouhb3eM
created: 8/5/0fpn630ogi653l8u1g7cvpcor6cvhpgR
created: 8/c/10kk997spinceo6q2bp30v3lcda8s1kR
modified: d/6/stats
created: 4/9/bc6b42htl0ap6mq1hv47otinrlcc6mmR
modified: 5/4/stats
created: 6/9/82c7ocpvnsi34e5o48rj1uafdarntviR
modified: 2/1/bd9s6pqg9k5g20osakk9vnhvrlrl97mM
modified: 1/6/3flo69e26530r919e44sgc3pi7og0heM
modified: 6/1/80fccfej2hei9sjgeln79o4p1bf8h4uM
modified: d/4/stats
modified: f/4/stats
created: b/4/bd5pu18s5292uupuo9s88s86bdnmak8M
modified: 8/2/66s628cgemgr4vf57mtkde8vs8t6n56M
modified: d/e/stats
created: 0/e/4ec6i3ao070kjtkmfn438e2km1k7o7oR
created: 9/8/cct61djgah95c937uvn4t4r6hmrkm6sR
modified: 9/d/a13ecg9a8hja26bcs1hik2sfobnse0oM
created: 6/0/2d0304kd0jgu2i9hb1vrsjhqd75f5kuR
created: 7/c/0cfpepo30okckd9r0imtih95t8c6vl8R
modified: b/c/f6g6j9sljc7o1icnjm31ra28bgrf8deM
modified: 7/c/ecjea96p5gk6prsavm8o9gd1ci5qngeM
modified: 0/2/17ekl0f7bsdf2vgo8nj9dojgttou8asM
modified: 2/c/5f52cdplh4i0jpvsskepjiureghou3sM
modified: 3/b/stats
created: 8/8/06916kfrf2kb5v18ji8gamu2jl4usucR
modified: b/c/stats
modified: f/4/84211v6oinivpg87qm4sgant0t8m4miM
created: 4/4/1472gpp9ru48nfei1kee557ps8ltrf0M
created: 9/3/f5ieqnp83ih2eq9vd16m3c69au0n28oR
created: e/2/8e5rsse2d36rdo3hogo4kfenubd7o8sR
modified: f/b/82cduakru4bmai4mhl6g3f56euplpo4M
created: 9/f/bd50909d6bdl6d1pa48cgb62adnaegiR
created: 4/c/2fv4vcgroalhml06g4r94am8cck1tnaM
modified: 8/e/7c2ihdjt3e7ovj82egmgtgsbjq8n9h6M
modified: a/b/stats
created: 0/e/04bj7dr80mjn8gblpq2jtl0urj41tfuR
modified: 9/b/21hai2c15mtvfhulkqvupn80sg88vdmM
created: 0/9/b01s6qhi0t8oh036bd4fjmd80eifjvcR
created: 7/1/2f19q4qbcoov553n61mlaatpvkkad5kR
modified: d/4/40hikv8g6ld93vlqcmqk7jraa2tf6ukM
created: 2/a/c4faq53as530dt5922dkfs6i8ap6aeoR
modified: e/6/stats
modified: 1/d/stats
modified: 5/c/stats
modified: 6/7/stats
modified: 6/c/810gjbt8peee7mvu6oifisnhct6pvucM
modified: c/6/2c5cmnqb5bm89t24js7gtiec63vlrhiM
created: 5/f/23j3p73gvpt1q9b37ttqtt8augfll92R
created: 8/e/475too89jlbiotqpbu0hh96fk3ujn3iR
modified: d/b/stats
modified: a/4/stats
modified: a/2/4200gr17uolnhekicvs28i9nqimt0nuM
modified: d/f/74cj8h85ip1n4piel4npidtt8m8qaeuM
modified: a/f/7526npmpjbdk4ku9cargsbetaii1cnaM
modified: 1/stats
modified: b/3/stats
modified: b/7/d8tun36v406fv11afjj9o5ngcaehkl2M
modified: 8/4/7941mp5jfo96ulh4prcfdpi8udsul5cM
created: 1/3/e47guainprf025rg6seb643fo1riaioR
modified: 3/3/stats
modified: 6/2/stats
created: 4/6/05li662snntc6gik0b220dmp6snp1gsR
modified: 4/b/c0jtlncth8u8uaejqupb61dh5ka3shuM
modified: 3/c/stats
modified: 7/e/bbtg075t9pq8grk0b0bmpjeugi4n4toM
modified: 0/4/stats
modified: 0/2/stats
modified: 7/a/8csbjb6bs7lau8034o2mi6hhg007m9eM
created: b/4/1crrj767hbafmjm4m48u0shoesh3lhsM
created: d/1/370j3jfpr1c56rp837d287ftvvo9almR
created: 4/9/3146p52t5eco7sa5daaord5ouum12ooR
created: 1/9/45hfkcgpp5k70kvr5shjdjto6vmh6s0R
modified: 2/6/962ghekasj96dkcms0650rbrpd5getgM
created: 8/c/fa1rdsp4488uqtgfddkme9u7rlrv664R
modified: f/3/stats
modified: 1/0/1aab9n2nr1ff9j5nsl8oj03024c18ieM
modified: 8/1/e4dfernfb0qcr3l2gfg9oqs9e4gvuf4M
created: 8/a/acblcdtv3lo35gt8mi0r6fmflh3768uR
modified: 2/3/41hdkbfk16qbo3nu554vu389oqbg2vgM
created: 8/b/5ci14gstrgnbb2p1mcqhvn1n1a52o4uR
created: 8/4/3da03t45lo7igbdcjeameeurrifln4gR
created: 8/4/b8tq8qbfft01tqtj8dn94qft8sbm0lqR
created: 8/c/13ut1cvmuf99v6ickmi9h8s9ts60hk0R
modified: 1/c/stats
created: 7/e/66o90ftl9s5pi4v2iejmuck1vkjvotoR
created: a/5/d7g21482pmddvlh7gg4i0tolheil0p8R
modified: 5/d/cc2h346tp82kribb1muobpn6c8i2nr2M
modified: 2/1/stats
modified: 2/6/stats
created: b/e/b5t6rrbngq8tetk35a4a2acusmqjpgiR
modified: 7/b/30uefvperouvubkob3k3oauof9476riM
created: 8/8/10n36s1oikpghhqn1ce8mhocs80n86cR
modified: 0/3/504etufti52pd0bueqreod9p4v22nieM
modified: 2/a/306j0hlvnmbj6bvb98pr5smc5rhomv0M
modified: 4/5/97bmcp85oo92p2s9jpau2rcgsbslbs8M
modified: f/0/stats
created: 7/e/93s6jm6dqocog01etk5c9ta5tgl1av8R
modified: b/2/stats
modified: 4/0/stats
modified: 9/a/315mltggjfns39phehh5bolvup19lecM
modified: b/5/9e9b7nf146vlmcfevt2ca03hcoq20jmM
created: d/9/8520o3jeo02f9h5c4gt6a9osbq3oupkR
modified: 6/7/79t7iusnrdqeuii048a44rkdnd3q2kiM
created: b/5/47o6cno38ugf8hfsmnu41f3hhac934kR
modified: 1/4/stats
created: 3/b/32b88ng44bu77blrvb653h8ei7b0dt8R
modified: 8/8/stats
created: 9/9/7ellije8sjlp5kuf1q72qsi2u0mtp9kR
created: a/1/74gq05n4t2mcnt4q90ple5r39p738poR
created: 6/3/695c4bmk4tbmhv5ursrhqktgt8vnf64R
modified: 3/b/bbo697att1v4rng2oh9u4ltk9hift0uM
modified: f/9/stats
created: b/6/daqkbqhks1ng473eggb1fksau5vihhqR
modified: 3/0/stats
modified: 0/6/stats
modified: 2/6/d75p04vk2e25liskss8uhhec4hne1diM
created: 5/2/ee76bdro5nbrsqtcgnbtutqughpt1doR
created: 7/4/2fjduo95ao4jkr382ic6gfmgb091g3cR
modified: d/f/abs12kr6dpu0e64jm02fv8ltunrvf40M
modified: d/stats
created: f/5/56nkmhfnpialj9pbv5s42is27jdof06R
modified: 1/f/6bu320gbul0our7u315hg880fv49gr2M
modified: d/a/stats
modified: f/6/99bel8c91ohbid4sr07b00l6s9ov35aM
created: 0/c/4atas7937kqcbhulmmp19ncka0t8d9kR
created: 3/1/6eg713tvgf1pgtgu75jt916oqlepa24R
modified: 1/d/1183vaq038aba0nm3sakn1t1k8qf2tiM
created: d/4/6f8gimo5cmish6f04g1obevc7rumobkR
modified: 1/1/stats
modified: 7/8/5dadrcpbqb04v8fv1gk5jrva06cf84iM
modified: 3/d/8f0fu88vjnspugkovtfeibol5l6m3goM
modified: 9/0/stats
modified: d/0/67p213ompuvs3okvlrk54f8gq8bd8ggM
created: e/5/39m3p1lkg2jabli68tusegulu1t1ogaR
modified: 2/3/stats
modified: 5/0/cdgn8o36a82cob07d788ps0ce696tl8M
modified: 2/b/07q0ru6c9pf5h88s7u3qdoq9gnj0lbsM
modified: 5/f/stats
modified: 9/f/19ser05t08dh8f900bph4iokm4n4jaqM
modified: 6/7/9cl8lrce4qnnkmmab623c8vql63vj5eM
modified: a/7/be16p4i98opcem4ghq7mm91shou33i2M
modified: 2/d/stats
created: 5/7/f6q666r4nt20586a95dch68tgbilolcM
created: c/6/48vhlv0umi9f5851bictd6due53861eR
modified: 1/3/stats
modified: 4/9/f01if9vo7smnk274k7a389q16ilsgg2M
modified: 8/d/3ev6haq9773891bs5m6fl0ffnoeb2imM
modified: 9/a/c816hhj20ap0pfp5jjomdqb7d62a700M
created: a/5/eaapr6q5fgvj3ad29s194ll7kpd9vscR
created: 5/b/c714chk4tnqrglmitf5t4artiqkfoggR
modified: 4/0/74pi1npc3oambblkpg864ne24rgpf8uM
modified: 2/e/ac20kmfurnl792j4aipoq51v2mg9i3sM
modified: 6/b/stats
modified: e/c/b29c7uqe8691l0scqt9k67ksvc47hg6M
created: 6/c/96q82tgdgide5i9vs6bonbknurk3mrsR
created: 1/9/057e6c4ofij30o79tte91e3su149fpqR
modified: 0/a/767uqfj4vtjp3j1cptp1rocp49li7lgM
created: 9/8/d54t49mdj79hrosff4cp7vjl41nd1qkR
modified: 9/5/stats
modified: 8/4/stats
modified: 4/d/stats
modified: 9/7/8c7gcu7f2i8nspj31vh6mq533rrvk1iM
created: f/9/f7o0m92dst68n85k6gic01o9etrn0q6R
modified: 7/b/32h07ficdhs9vnukflnbcdn50d0p05sM
modified: 9/7/1blpiqtgjg3igm3gkdlbb20gf4135gsM
modified: 5/d/72b5trs8398ek5isd4qnh9i2tk5qpuoM
created: 8/3/eea1hgrjlbi6m75naogt7j5n2bl5peoR
created: 4/1/b4hmkvnrvvp0knit6621rb00r3l00ggR
created: a/1/d0fbuaggiihpp5qhtjbk88kl3mgltu6R
created: d/c/d3fouq666u5p3rsitn9ck7f26a8uphcR
created: a/2/842pb4nvkea5f71952bka0j4aq428a0R
created: c/1/6eq51f17ekl78a00pbvf4908mh6lbpuR
created: b/5/7fa63qgkhhli8qp4s45lgd32egtfajkM
created: 5/1/4336k6rf5m93hcqeg0pu89dqqcoogo0R
created: d/7/fccgid12kke6hbtnifj1qe7cvou57u0R
modified: 3/0/f3qi2h7s53g3o68jid6cl8l1mfj3mrsM
created: 4/8/dddqeundvg1vpnu1mb3pkiebth8dqgiM
modified: f/2/stats
modified: 0/c/bbsavju7b4rs3l2dq4vh4eeior3gc7iM
modified: 8/7/f781nomdifa5k6s3tvh4qr07tr9m02mM
created: a/5/72v3ju0r8ive9janq3kolabfcb4qrsuR
modified: 3/0/d9mp7ef4danldm7tpbi64vdcrm1mep0M
modified: 6/0/stats
modified: 8/a/b7m4bjigpauu2ocq2e7s38rmneij5naM
created: 5/d/14kgfl5659th61vgpm4c9s2gq74m8gkR
modified: a/7/stats
created: c/d/6c3jre3i99i4srrrpnvv6fdkofumj2mR
modified: d/2/stats
modified: c/2/c68bl50k1mqves7ulinrhvaq4ch08qiM
modified: 1/0/stats
created: 1/7/4bmf54fn4e7k5831ok9rr6a1tpmpe70R
modified: 7/b/a44sh8at0b39nhsmbqse54iajgere4iM
created: b/f/e4i1imi6hujs08gcmv9i70mf8qp50nuR
modified: 1/e/a6nrh5a4a09voge01em6ui32r683greM
modified: 5/6/fan6tnghup0v5mruq58bt0ksg3r6mpsM
modified: d/4/a1digjf0v81066je6blksmpppsc2lasM
modified: 4/a/stats
modified: 9/1/d7up4tp86p7vmrrjnj7t0e0le7551dkM
modified: e/0/stats
created: e/c/85h4eo3k695vi88oj6j2gj5hd3599fcR
created: 7/9/55v6enmc3jimnf569j9q1du0cc371h2R
modified: 8/e/7695ejp9qj66jfpvh4o5bkgrp6daqoeM
created: a/0/7el8rm7soioju73knmqlge7b7brsv0uR
modified: e/6/a31gekg5p7kf2hfojk4pesmthfv62i8M
modified: 0/b/stats
modified: 7/e/stats
created: c/6/565t05majmd13l91ui3u09hcsjevsrcM
modified: 0/b/a9ljba8ml0vsjcm37hhud1c84787gu0M
modified: 5/1/31mk8ot5n2pme55b3c1v4lh41qiaivcM
modified: c/4/d1im0vpsq7d1979vug2d8fn0hqpol14M
modified: 3/f/stats
modified: 6/3/aavklg2336l7ulfcbifk3vivh9cb5p0M
created: 0/4/f1jf9e2uss3b04ut8atql5qvkf1qrv2R
modified: 8/5/806blotvc99gnlapi85ml0ub3k0p1fgM
modified: 5/9/05mat5s6ot9j2imjcaspvj1dgk2vploM
modified: b/f/4bgn1nhamqaatv690h0u26sohjt986eM
modified: 6/1/stats
modified: 2/0/9f1ffp3foo7qca7l1mel7ef3k0jk6tuM
modified: 9/8/b222p08cilmf2sjshtefltivg95bqukM
created: b/6/9b96f55qfoufj5vhetsoq75th89pq60R
created: d/6/84iq0np0degiui9hrqd59o2c8pi6n6mR
created: 5/f/c4tes6u55unbg03g3t3pnm0avig0kr2M
modified: 9/6/stats
modified: 9/b/1eqmb8135ro0741bj3sfipotpj0l3tcM
modified: c/a/stats
modified: 0/9/stats
modified: 4/3/stats
created: c/a/eb42r5rqqn5i241d26p4b6tcgre5fpuM
modified: 2/6/b715vfl4avmpi72scsk68ugk1tn0k2qM
modified: 1/e/56k7nsa2cekhhghgpnajuultigbvlgsM
modified: 0/0/a70s0hlrtdch41a1aatddu7asksd11kM
modified: 3/6/5d837cd87be3s4o2epb4qg5utscoi44M
modified: 5/9/76afuhkupbrivcc4iuk7jdtbb3rpt8aM
created: 3/1/2293peuq6kqrcjgt1pf2kphhf6ev5uuR
modified: c/c/stats
modified: f/b/a8i1v3gg2dkra6nhbsmdiil4fejrqhsM
modified: 0/0/ac5djmoi8pj12rasvo1ro2jb5obk9ouM
modified: a/stats
modified: b/6/stats
modified: a/f/1dq04h3tt35ptbbvvcu1nbop3651njgM
modified: a/a/26q46uf1thgqsmqlho3uepgfg19skieM
modified: 5/0/stats
modified: 8/e/91v17q4mr7epa5p2ffpmaonctnqkj02M
modified: a/8/stats
created: 5/a/4035jtsi0kqotmm3di335i1e2027leaR
created: 1/f/fdmrl6r6ns2hajcs2v7c6kiqkdjea4aR
created: 5/9/98d3kohf2j4ikbipk0uc2m4lui07tkcR
created: b/3/4ep2e7nb4kbo7aj8933vav7sgnkh2usR
modified: f/c/dea8qsugcclf9ndro9k0l9s964l4sbqM
created: 5/3/b3f039rhroacnebp7tvj03i68d1hj58M
modified: 1/3/32g21vdjg37l32nie46ni4q85h8i7a2M
modified: f/4/94o9b2nr86nsg1ie8jphsvpb4a7oosqM
created: 4/3/5b7bk2jqqchlueq76ahri1n9q0cu7meM
modified: 5/2/8cjlltpkle6sdjhstn95tkakqutk4daM
created: 8/7/f017jmptc1rct3oms5010f0je62vm04R
created: b/9/99phigo8gpjhchcuedd8vlbptlfoi5kR
modified: e/6/34phqfbev91qloaj2mkrcngomiftposM
created: 5/9/5bvrpaoeh01hft3s2q1qpmdojovdsb4R
modified: e/7/57o5d9ng2leiiep365q2mpfefgemociM
created: f/e/1afirm1p7jrqfl82u9ppka3g38fvv0uR
created: 6/8/deh9nr5qqs1v7bnftl8rhglba4nl83iR
created: b/c/438drpb7grd3f8hver6q970faqm1l16R
created: e/0/40jjq9a9ct2le0ev5icqemr4m6v3vrsR
modified: e/e/stats
created: 9/7/1a253hov0edm0snpu1pgdg6pchkeqj4R
modified: 9/c/stats
modified: b/0/a0ec58s7bb9oi5q0qraips5fh0nnt04M
modified: f/a/stats
modified: f/b/0924q7ig2tntblof9bru85r3ishitkkM
modified: 1/5/stats
modified: 6/f/stats
created: 5/2/03an72eavqrgq31v83thi7kal33qotqR
created: d/3/2221fk7issd0n82tsc3osdo4id873gcR
created: 6/5/32hsisstuadut9r6thmsn5o2b316gaaR
modified: 9/e/e5pgr9njetli5r95pe5daf80ll7r9uoM
modified: a/7/cb6590jcm43omer81ndl49mjp238854M
modified: 2/8/stats
modified: 4/b/stats
created: a/9/31vfpks94c4cfqftk7s54lliktsnsegR
modified: d/4/7dnhsrciqis2170kisocje74vinr8t4M
modified: 0/8/stats
created: 9/9/873ldn2kdfutd3doeuvlrh5k7bsdvn0R
created: 0/b/ed6151sg0h1h8esab9c0p3b5vvrjcjkR
modified: 7/7/28svgsigeb5uvcri2b2pnadioqeh0v8M
modified: 0/3/7cbpv69dhllmd8r5cnounue24dvrt46M
created: 0/9/2dsgevsirualhetff475abqqhlpg3i4R
created: f/1/a5i73835bolkgflghhhvltj8o4bmrdkR
created: 5/3/5d1063s211p1vtnam8ltsgfmq3vefi2R
modified: 7/0/2dmcat74ii0jgsgked1ajnjrbuu24kiM
modified: 3/8/7fhjc8ekjbpdnk1bibpkkple14fg9e6M
created: 8/3/5f1bp90tmmkm88t9sof8djrlbdbdpjmR
modified: 7/4/0e9npctqvs3g79r9999otlg0p1s2bk8M
modified: 7/c/stats
created: 5/9/dcb1ps9vrbrrrfsnalhlap052cosf74R
modified: 0/5/aa2pq2ui8rbotm0lkca3eeb849p1g1kM
modified: c/e/stats
modified: 2/4/98uafs32hm6v3kqe8nrfc72k93m7gjcM
modified: c/b/stats
created: 7/8/677ekpc37g9vvida9vh9sgt9em5081kR
created: 5/5/84b32rgb8lj2rlf3ptjccg77hjd9oq0R
modified: 3/1/f710qc58h7e9vmjgmhm1etv66cidapkM
created: 0/1/00mjpkvtknnt0ihcegvj7on3pvqu3heR
modified: 9/7/stats
modified: 0/7/stats
modified: f/4/e4p6oqaffsl33mska1lpgov43buc0q0M
modified: f/5/stats
created: 0/9/8cjnt3m8rmqos0680a451rvo2t9d8sgR
modified: 8/c/stats
modified: e/7/00vegbog0520d8v4t23ov2l7jbm9vh0M
created: 5/2/e25bj5q5sja0pdfms8an8tcql7jo40kR
modified: e/a/stats
created: f/7/2a5g3bige8m6soagfn0pcngme77fanmR
created: a/2/1e39j4g50527ig4o6puke4pjp632iv8R
created: e/b/fe9quomounik1lhngueah0snilrqu8gR
created: 0/7/1f4na7nhqacam41u0tsg2ude3olvt84R
modified: 5/9/stats
modified: 3/1/stats
modified: 2/5/stats
created: 4/7/10q5e9gh9bf994csg5vmepnvlfh81c6M
created: 4/7/c8v6rggb7kugl67946je64u44bnv52gM
modified: 2/b/99pj3t1hm3idloeucnm4qf28cs8b22uM
modified: c/2/stats
modified: 6/7/32jcn4h0p2vpu0ej1jnt70n69s5tvjcM
modified: 7/a/stats
modified: c/c/20vaejnbf236kh57i46at59nk4a4s1qM
deleted: a/a/445jvpnbm53jk0hj6rfan4lkjrcp0uoR
deleted: e/c/12jt08k1jq4cc3vl6s928v1pjtdndbmR
deleted: e/b/74vq84llu731f5ijcup42ie0t2sm5e6R
deleted: f/5/72qapf62jf2virsc6ap3r82e2elq57kM
deleted: 4/c/69ltb2j8o468uan0t1n209geu08b6sqR
deleted: 9/e/f99gq5p7c5rrnt7fb3bdjelem9k46reR
deleted: f/a/85bmla3aai2i68cc2slncdgardhaud4R
deleted: e/8/e22sud24msm4l75pevnce4mrcjjl5t8R
deleted: 0/3/c3bdhr92r7f0o8j53753tubd2d7qs0cR
deleted: 8/d/00esqq38308l274keom6lndd5ekvcvcM
deleted: e/9/4dtmm9et2ak5pnbnn0u4g97pu3lspm2R
deleted: f/4/e3dohnmt9mta5bbj552i9olgmmnggiuR
deleted: 4/7/47h53c3tv131jamm7qkaus2lh3evndqR
deleted: 6/f/0cuve5afapvgupftm7psp9hifeuqf88R
deleted: 8/e/6bj4v09c4kbeomej8mtl243s32di0ggR
deleted: 9/b/bfc62l0anmgi7liep2ehbq898dsmt4kR
deleted: 4/a/5d1o0drisvv0o1a0ev0mkqsh8iir6m2R
deleted: 8/4/b15on7gtb0l5u5gu3u4jo7q4b5esmliR
deleted: a/f/36rhhp1innkumo148ufvdldb8mbbicmR
deleted: 8/8/8c2gsj36lou0iqffkht92ohlgsrjduuR
deleted: 9/7/300bc7cstltqnfhliek7hf8mfj9n5v4R
deleted: 4/9/04e44q4qm6lfg1v0tj37srf6oqljg4cM
deleted: d/5/bagq7vpodh7f5ck4jujge6v81bqdovcR
deleted: 9/7/01inl6bfm8hqei01l78m010amlb87h0R
deleted: 9/6/e2ra2utqdm86kpqn82kpbg8ms095cfsR
deleted: a/6/7d0k27a52f2t5be27djgneeubmpgh4aR
deleted: c/9/4fp4ef37uvmib1n14i3orolj1dcdf4oR
deleted: d/a/1cqf1bjf0gbmbpig8hihqmmqd55cdv0R
deleted: a/6/29voffhoibdtdakuuhhe3qsmpdtgp2oR
deleted: f/8/d4ctjiv8qt82q238tgpt7sisn50jtnsR
deleted: 6/2/697nunbddqqp9v7s98pr2jispv0p76sR
deleted: f/5/fb7db9hohjrslf0ai66smr860eblkosR
deleted: 6/f/cepbt6mu6fsg7vuqv0oatdso7v2kg9kR
deleted: c/6/61t7qmb7ftn75fan3a55spgbe2k9am2R
deleted: 3/3/fdvfpokggs5aqokqlog9uu974v3hdkeR
deleted: f/b/0c6lnej0to19klbf1df9a83nfmtcd30R
deleted: 6/3/85u24nbrr4vkfrbki1m6lcqfkv27cfqR
deleted: f/c/10d0plull9mfailbjk44bgm16tsm7eiR
deleted: 4/2/3a7phf232vp344clnsqkg2lj8he3hdmR
deleted: 0/3/e3pk73rg1cadvpnrn724mpufamuhmkgR
deleted: d/a/67va6i6ov9fd618t2ikfb0tbfapl9ocR
deleted: 0/4/8e31cn3qg9cfnglbk23eiqnh5na3tjeR
deleted: 0/e/6dphde3eg4am5vhi8g2hr6u760pfqmuR
deleted: 6/6/f5104de82iovanhr8pe7o54bopohq0cM
deleted: c/c/ce12tlgro4p5la6j04qhl9dkbjfo50aR
deleted: 0/4/05jb6i5v2no8uvnf6342iktm2ekr92iR
deleted: 0/6/e151u0eebj0nnnc8togfc13bfpm7lbkR
deleted: f/7/61v6tvmuifa1fq6ifjn5o3im2aap39kR
deleted: 0/4/fctn797vmbm35ed8tdk37dutlm5u6qaR
deleted: 4/6/8aundhhua1s13mrr2jhu2c9on75fph8R
deleted: 3/6/9eoe0dm1jikusjkodn00fed0tp52npmR
deleted: f/8/63ec516iv90rle9341lbqrq7a9lk3giR
deleted: f/b/12ienfsvuelq9hjdevgk93k2i74odv2M
deleted: a/4/4fav9i36uapl2941bhgn5slkh3tnve6R
deleted: 8/6/caghnuoho8og53mtl83ecpg7uqiijo4R
deleted: 7/6/81js00bg3eebklj0h976ofhj7djqt72R
deleted: a/5/1e5gblcb778un1iiidstldl7o9s1c78R
deleted: e/b/350i2l25el20rgql9jb6346bu3ng8k2R
deleted: a/b/bejklu99bgv266gsitt6tgbs2r07t20R
deleted: 4/6/60vkopttcd5emahlr9frdt3u2h4o2hsM
deleted: 6/3/301odbd8mvkgi25h05k88a3l3lerbqmR
deleted: a/d/0c6sj26nnk4j8ncp8mf4lmeb1gh7bu2R
deleted: e/6/3cp1so7803baliops0c58eolgvlfcvkM
deleted: e/8/6f0f6prepdhlcadkmpr0liulv7jmc1iR
deleted: a/c/4fran5jfaqihjac6mm7hf6uupvmdgtmR
deleted: e/c/16c9cm08qg6j03qghibq8134te46ao8R
deleted: 0/d/6acuqt8lbmof5j8rmd7n1cc4ivjm2t2R
deleted: 9/b/e2vd6anb5o2ina72gof5ljlim452qomR
deleted: 0/9/a2e9okcveaq1gc13a0ofh8rfcg6m35gR
deleted: d/a/d4ifi4v4ismromc3giq7su2dfvgf81uR
deleted: 8/4/17gqn73q667crvqbip549farbggl1hkR
deleted: d/6/dc8ni4prv6ak1n7t9q570mcqvg3smjmM
deleted: a/3/5d8j3alfdcpm6bkn2d5mefgkgcj97j8R
deleted: c/c/a26kbp983krl63gdpccc5h9es4i2sl2M
deleted: a/7/31uepcaa17hla64912ohtg9aenqh4i6M
deleted: e/6/aepn0tpr662kneronpa5gtrsptr0qfiR
deleted: 0/4/14t11gbvb388mtebphnatkdh8mv11paR
deleted: 3/9/76l8ch1mvero3slvrvmjb3auc1q7ockR
deleted: 0/a/ceoa6on8a164jl82lcq4i0g14nk0ea2M
deleted: 7/b/6dbpkifel4cj267emkngpv53e0b41vuR
deleted: a/7/23of6m4th902kk222ao9geoloioniamR
deleted: e/a/eeagmd7a7ll2nlfs3l7ubghmvacn1reM
deleted: 8/d/75s565usivr3ubh15cjhuda2ncf9c3qR
deleted: a/5/b99ltg01dbmhuar8vk3rpbs3l2jbu5kR
deleted: c/d/99f0bjmv6fctrm96p7tvfa06a3u6d8eR
deleted: d/d/d75bgcg60kt0ctlb53e2onqmqn7t6hkR
deleted: 3/5/79hmgeikh574987q6l6vjuiee6a30peR
deleted: e/8/658sh82equs2hi8usk2n5j3o5veks58R
deleted: 3/b/91cj4gc413umtmjo24g4034b4b2raruR
deleted: f/5/baj8iteqd4420i1nuetneupfkdsafooR
deleted: 9/c/18tt2ge3ll8vrfdhgupd78pcjd7g0o4R
deleted: 8/6/b8mcr4qnb4b61t3qqnblbn0gaaqfobuR
deleted: d/a/1fnqmg64oucudn7arm2jar0jfu8ge3sM
deleted: 0/e/7cgut8bvjhinmc9qpc7ad237413fbmiR
deleted: a/8/d1b7e3kflans8f75noa5qauqbdkf4omM
deleted: d/b/0b2lenrs39ftfiglg1ipgkpu38mpebcR
deleted: 4/3/0bhk5a44php12rulgbv664e194gp1dkR
deleted: f/b/bf6co34bb7pf7be4lssm8lelfcg80seR
deleted: 0/8/ff4br0b146dqtgts4jke9mn8gu0tlaiR
deleted: a/e/c8orfk3g6vjuv7rno7ufu8cg7q2shioR
deleted: d/7/db36om0sh3jlp68kbnr97mis2ssshtmR
deleted: 7/c/fac4maju3s48runiop5lf34fq2cfao8R
deleted: f/8/d13ehnvlc9dcbhk9muuiq817k8hddr4M
deleted: 3/6/bdne9pho8bp6e32b0om1a8dto4r4650R
deleted: 3/5/a6jr3u43omul391pee1k6fr7nucb6h4R
deleted: 4/b/db32mig76a7ionvct11jrkd9cff0e7sR
deleted: d/a/f3llhknquo4ea5u6m6en7ujlgls3n0uR
deleted: 3/a/af2gmt0dt4kgecjgl7p34kaaigi5n3mR
deleted: 9/7/124es1jh126o2capr8ra4c77ph1sui4R
deleted: c/2/a8evvjgla8s89rq1pdh1nnpv760d3gkR
deleted: d/7/59nv0jo65cea0tc3325775a4iapu0imR
deleted: 4/6/7cp7nck2e8borbeopks2cm34kska42cR
deleted: 8/6/dbglashpgqgc47ot6urki8i5f47dfkmR
deleted: 9/8/a6su9di5ld6mtrfq9pn6e9i3bvnvp7aR
deleted: 3/5/23s1gc00a99c96ahi6lc2fj0hiseofcR
deleted: 7/c/1a3bpgfev6sptgqttlep8v14hnmer5aM
deleted: d/a/a7k2mh2iu786s476rkvacsnq7qgeuk8R
deleted: a/e/cf43nerfvgdh99i3kmgt1j2godqqfisR
deleted: 9/b/f0mjlv6fgoqjlq87dtcp25s4sotncqeR
deleted: d/8/a7s3a7iqmcrsk8f3g095ch50jpf54fuR
deleted: 7/a/f1ig0t2tbetvhq1ef57k8th24i6o1nqR
deleted: f/7/33hg3aehod1aqlgi7om9m8ll9en1kbuR
deleted: d/9/9bbqcndd5thu6i96qp5h0ld5aofu086M
deleted: 8/4/6cs2jfsvrhsujlnjj91niivpan13kriR
deleted: 8/e/64770cdbc9h397p1htdpt7q7l6t22m6R
deleted: 8/2/3cljf0filh35e92e89qftaoqn9pkqfmR
deleted: 9/e/fbaq8vpcieijpvfnpr5el5umb8bj9gcR
deleted: d/7/cbh67o01ql7g0n4ftdhkqt78dkr6g9uR
deleted: a/4/40rh1ignviovi1vbbnf697eoa2bqqheR
deleted: a/8/6d026k7l0o3bqqv14po7njnh055i040R
deleted: c/d/63ssbo3fnaoquleqv3i5hnl7100voimR
deleted: f/8/f64hme9qhgb6p4nggekktbc0k51jfjqR
deleted: 7/6/34cgmr1ln5aru6dco0gd6hgbf1qah1gR
deleted: d/8/0cdkag0shisme4t2kjvkv4mj2r3ie08R
deleted: 4/2/33ec7e9creu424d523ie9t78nfrlshoR
deleted: 4/5/27knd3ffuqgjmbnvdru29qa1ch8es06M
deleted: 7/6/c102lk1cj1fs2rr5d624uqrtostpr6kR
deleted: 3/b/5a79l2uia4mp4mk38q19lb51u9452sqR
deleted: c/5/balua3b9blplslh6j36q6clo6372tneR
deleted: 4/9/bfgdi5j0qqn0umlrks24sk2rut4a578R
deleted: a/4/9bn35ajc6eqdq64notnapa8jq5fsimmR
deleted: d/e/a1th4pub53ru2cr292pboaoe1ll57u0R
deleted: 0/e/9e803vim6co1o9domlt7ub41dg50jcmR
deleted: 0/c/e70ljrrjs5m6u48lqk2bg3bg86s4pccR
deleted: d/5/3c489sa42aur2cv1mn4petc5kdno0mgR
deleted: 3/a/f9k5255bm06v33jse3ke2764mpteknoR
deleted: e/c/1463158mkmirghjii39r7jjrkcij2c2R
deleted: 0/c/42nqqbomg1g1oqp8e0vd2m1sh9kkld8R
deleted: c/e/1e8kjevc0m0ug0e4b7gdcfg6t9edgsoR
deleted: e/7/1adkndg5isu1kpotq35fnt4ufc1o7daR
deleted: 9/e/e6bj7etghfjp4og2coqdpj0jjfal1dsM
deleted: d/6/f5nic2ng8lo9ko5365ov1o7pa0v847aR
deleted: 3/e/ecbhnqi54qb9jtkg1bsnk29n6gg01qoR
deleted: f/a/f9sm5em1n86kdrc05l151tn340acav8R
deleted: 3/7/2d6k6ck5tmp9m1425t9mh8qm9cfcuokR
deleted: f/7/afib9g2ldbu6tp62crbd57v3i3poap8M
deleted: 0/c/8epecp7ku18vud7kgj6k8raott3vt60R
deleted: d/5/86ibmhr8ias8h3kth651njiinf4k2gkR
deleted: 4/9/89bnce0tcdf3mmomld5i03imlue9vtcM
deleted: c/e/24ggrdt5lfupv86pneh32s5l1q464aqR
deleted: 8/e/5d38v6s9pinal9i2rv317v7jtpq7eogR
deleted: c/2/a7p4tr44t1j3d30aneb794b5nhsh1cgR
deleted: d/a/96bmih0memcbnh8mneqnrn0o491ufpuR
deleted: f/6/363dd670soe03j6f2t55m96am4hl9naR
deleted: e/a/a3q13p8l9p3a7dtvkjcsrqoib1ed9qsR
deleted: f/8/acudvigq9ubefuecjsu64pprnb6suqkR
deleted: 3/9/52m5fgrbjt9eirbgetkh1kmrth4cjb4R
deleted: 7/5/c6mfb49bncuh9hcmg0r04hdh4cclho6M
deleted: c/c/f5j8lhdj4046krnk3h94suqmlgsdujeM
deleted: 7/b/93rp1b8f1r9jaid8m3r313ipka4chb4R
deleted: 8/5/04ahnmsvcvdtiora76l88gq57v6iud6M
deleted: a/8/e85k8n0it1k5mbfekil6b9uef3kiu6qR
deleted: 6/2/2fb5biu18t8hfkf9pore8rc0thj4vj6R
deleted: e/5/fe4ae31a822j0n17e2c5h61caevadteR
deleted: c/a/18g2uokpkrmk1d2trnrl5q9ei3vf1j8M
deleted: 6/e/308qd85a4c6pjhcebdn3g9q5636tt1cR
deleted: e/b/ad8ha2gpbd5ssmo9ekn4idgg40a62biR
deleted: 3/8/47jbnkfavnnukcrki7sn2f9qnmedej8R
deleted: c/a/d57e8h78reol1svst17va15apnqc6l6M
deleted: e/7/16p7u7fosv4h44haa9h6u6l1mhm0mhsR
deleted: 6/e/64p1pcu2r6tn66j2av1dmvgd50bk0l8R
deleted: 8/2/aceijnpltgourb9gv4s8e6tu6ee8vngR
deleted: 8/f/a5o7n4pfbult45fujsvgs82snn0bqb2R
deleted: 9/e/f50331huvip14q0tm8gr5qisth54gkaR
deleted: 4/a/eb818ka2bh7vfrmmdsetr8nfs2ma74cR
deleted: 7/9/bb3qiouspld66metk7hj83ore545gogM
deleted: f/a/06c17bvnkdnht3aii90qv8scq6nheduR
deleted: e/6/5fdbkn01p2oh8vgncln8fu4jl1s2434R
deleted: c/4/5d8km7d7l2lo7etg024c9fdqakl1820R
deleted: 7/8/d3uafb39o4gdg6me3lmdviqogchoq3gM
deleted: 3/b/87bpgoes9bvureci9khsp25dbi86v10R
deleted: 7/6/eamihhm45gbg026evftclqkdbgqsfpqR
deleted: 9/8/29qc91j3obr69d4o3opvpuh6li0gdksR
deleted: 7/a/54tevcvcb7f4m67eloihq5e5m3p7704R
deleted: 0/3/cf5mdgr2q8g7gcosqgr9hlthlubdk06R
deleted: e/c/1elf3qm5f3e17nmelirjbhdmb5cs7luR
deleted: 4/7/60tgccq5cu8uhc3hkv06tmivmfdd8peR
deleted: 7/9/55a0agrp3s9e44gma48edr0b28spgccM
deleted: 9/9/6da5egkmg02sivo0tqjo2la9re1mtt2R
deleted: f/8/41fk3o6gu3akc0h6j5rrj2bcpo6kd86R
deleted: 3/6/b7q7mpskivf6oe5ci8rvpq1he6h9jb0R
deleted: 8/5/32m4kj7efi5roqr658gs8jhpu3vhcigR
deleted: f/a/b69ld8caecf3l8c6hkma880mu0sj5ooR
deleted: f/e/fdff1errn8dpojuopn0itc0r4g798m4R
deleted: 3/6/ff61rodicihb5lbvibgehahi6ri9gqiR
deleted: e/b/8br95cu8pe5arlo13f8ln9o30o57qjsR
deleted: 6/e/8a2tvqqtp30q6d7keksefukk5go1k6cM
deleted: f/9/247brpk8hpv124h5elbe1qusnmgrbloR
deleted: a/9/d1nmukqap0rdj734r4lhr2knc5jg8bkR
deleted: 4/6/d7iceam4ecn1ggnpnlr7s9p7u2bn65cR
deleted: e/9/02d4vcogd80t3264q6ps44itjbj2g9kR
deleted: f/c/069oehagvn1br0lnb83mfaiov7aqp7uR
deleted: 4/7/8ejiovj1tg9a01f5f3n77i1rj311nikR
deleted: 9/7/49nsvumos4ulqkri53qdkcfrj5li36cR
deleted: d/6/6ejpm00qceu86e5brcq90sb0d1nok30R
deleted: 8/5/a4b2qdhkpd9q3dnlne707vej6pg2c6iR
deleted: 9/7/f784s7fn9taukbtcuo2tkcgfglb22k8R
deleted: f/e/f4l1emrs4test4b2t9c8e98hkdb24l2R
deleted: c/2/8fvoj285idj8fhn2bkmep8kq2c36vngR
deleted: 9/6/fer1q1emhfsk1vnke5a050aiif1tk74R
deleted: 9/c/17ursbq25a1jkktffd85kf4fjsc48beR
deleted: a/4/2d0lqvbbl8v41iop1thdnpdsj2dmcuuR
deleted: c/5/abo7b2hmvjtjkoq60e62n1pp6uar66iR
deleted: 6/6/b9u3kmg9ik0uvdqg6ch3knvki5cq9v6R
deleted: a/6/7996pjjtvotvqf5c12d518sln3mmvlcR
deleted: d/f/b432f5cutuq12acot2e5c71g70aseg8R
deleted: e/9/78h048dseb41mpfo2lknmlgjneidtusR
deleted: 3/b/8d0k6itr83gbelkcfmcs6akt04jfpjgR
deleted: 4/b/24qddtmiq54njh3js86ql6hf8s3s0k6R
deleted: 8/7/00p5ag5abgmmm0k7btuquojn2nqlcqgR
deleted: c/2/bdhjt2e8eolaofq6d29vfcmi24cevhmR
deleted: 7/b/ffv2oudlh896fn4ckcakjleto4oqjpiR
deleted: 8/9/61l0cj0c9td91vi6t59p0uaecv0fvvcR
deleted: 9/6/98n1e117bmgval8nek1ktod6kbpk9hqM
deleted: 6/2/7cv3a2h5eas6c13nbsjakkfmsk9hiqcR
deleted: d/e/a8qfp29k245da2qv9k8ujcsmu815viqR
deleted: 8/3/b8q7gbc92tasaskrvmumg0guuh3hf7oR
deleted: 9/8/241r7un8c4274l0m1q6d9b4bjgjv35mM
deleted: e/a/e9at2enpr55ulkqav8tukb4qn90cn7uR
deleted: 7/7/367e073q2bldtkpihu3hk1rncklt7vkR
deleted: d/a/2ftf32dgr7ndnd8qgfuf8f72ik7sctaR
deleted: 4/b/52qmr7jmf5u31k3uv0hh7i0mmlj51t0R
deleted: e/6/74tgotapceopgusj7egrmveqbi575l8R
deleted: c/2/b0melik7rata3qobn1fldcuq7ie3m5uR
deleted: 8/a/ea95ol88640qlh12nbbc66c6ilpp41oR
deleted: c/a/56q6kd3es9icd9vj61essfm4jltoetgR
deleted: e/0/00dq342o720lj247hbep97ivaji3dlqR
deleted: 8/8/ad5jsgm5sm0iu14g4getcva9cqjshlaR
deleted: a/3/93uq8ejn94cm5jeihcjlifk84s6nl62R
deleted: e/c/1cd30pcd6g9sv7o6ippkl89nf9jsjrgR
deleted: 9/8/f5201894cd5gpqkravvkotrgbh7q1osR
deleted: d/9/e8cp0ot7bfan1s0lc0mdro6gh53cp74R
deleted: d/8/d77anqfuanuc5uf6o47rj6abopqag5oM
deleted: 6/6/0dgkl5rvjb7uv9ibgg2t8olitga2ilsR
deleted: c/4/3erlj7h1577g5tfh4gkrgie6j0e5cpkR
deleted: 3/6/670ldj3olspfov1radffqfdp3mg72imR
deleted: a/e/d35b2fc2jplkrhcasrsv9jbijs2ir36R
deleted: 4/2/28cseoffb82gftl589gl1n3o53jjkqgR
deleted: d/a/75o28ueluq9lrb0o8nuptopqq37gi1mR
deleted: 0/b/4f6jpjreu9c8jrd2rr5i8k3fap12n7qR
deleted: 3/a/6cgj95odd4h7kd6i8uef8ob7ag7hrtsR
deleted: 7/a/bbisqtjfltjltcrut0sorjg0g0o520kR
deleted: 0/e/77mcdccmmi3iipbdlm0dvjocvgrotmcR
deleted: 7/d/0befb0aau1i12anrdtv8j98mfhggkquR
deleted: c/b/af03g389db7d6ro0hin10d4p8rg2s6mR
deleted: 6/3/8f9q5foiq63vlv6t04mi9l3cjeb1t6aM
deleted: 6/5/9atsneuf9s2h87qti403r8tb4fvld08R
deleted: c/2/9dvk56i9mjf4mf4a1vaflb39qkcdho2R
deleted: 6/e/dd6te1l2e7tngo5it4tp6afbl4ef5ssR
deleted: 9/a/3576nm10obi5ge8p4qn02fri1acciuoR
deleted: c/a/bep4gdq3mijvcvskjr14hepfch7kr22R
deleted: 0/3/c9fu4fr6fnpdigt4nvu2f3uot2gsp0uR
deleted: d/9/1ajhlbkpnmpqin8a8ra1it0ergea55eR
deleted: d/d/b4lrg9e7jhjmbi985jlqf8oa53smvroR
deleted: 9/7/06nutu95at5qflpd3bhd56pvnfvc546R
deleted: 0/d/2e5pjgjlae89qaadlms9v3gtst3l7l2M
deleted: 3/5/a40rfvuoh2epn4afgj9mdkhq9s3l52qR
deleted: 4/2/2aj5tre3q7cfgun31s9sc52qs161150R
deleted: 4/2/531qa8ad36g90l8aja63fcuge841mj2R
deleted: 0/8/3fimv58ggcis1m5pulsvo9snfi7f78gR
deleted: 0/d/aahm3d2baogqcvf7acjqv5l6bbc9kucR
deleted: d/e/54fsgsg10vklngcj8tcppj4kslu0h9kM
deleted: 4/b/fc385ge6bk066jrn2a8kgqf3m1j378mR
deleted: 3/e/bcue57edb6i1rnai95enqflrf3i785aR
deleted: a/5/71g5vvr0r3nd72jn4mc8u40u5a6gv94R
deleted: e/7/e4krj8s4fk6l3ogk88el6tbrc473fpiR
deleted: 0/6/b33ecjs3icm679o8ueh73ppp20boidaR
deleted: 4/2/414cs5o6ppd5dj3416mgktjdc34urucR
deleted: 4/9/fd4skm6br5385d6mr4rho89sjmr5dgcR
deleted: e/6/b18al315v521c10c86565nr1fq2bpvoR
deleted: 3/b/21k4pv5iih2q01ssq8ors00sdqd235iR
deleted: a/3/aeil4m83hi4lg89407lj7981ovptqg4R
deleted: 3/a/30pfp5rhfcq6arbt81v759liehfof70R
deleted: 3/b/8f64tu3ibrteup1hkp7mido3o5i46kaR
deleted: 7/0/06r83ba81cdnpt2hjh7suvftpl56050R
deleted: 8/2/5e0htveehrmpcne0m7q24b46kifo1siR
deleted: 8/9/3fia3ntojcbono17tk8blrblsush6pcR
deleted: a/a/be2q68c6lggo5k4vl750281pcej02hmR
deleted: 9/a/1fdecivd7fusi1a1825pi63u8ga2oc2R
deleted: c/7/d0l506s8togahck5dgaq42jckt7nt32R
deleted: 3/4/4at7j6tnngf1dg093jnjcvst7cgrtl0M
deleted: c/2/b7vjubnhv3vqg4cf5fp3oblika1qhqaR
deleted: 9/9/8dgjkoc4cfekb6lnm3imliu928uhg48M
deleted: e/7/f6iirr1p3hiph4k62f6kbipl7i8v8loR
deleted: f/5/6drk23mr4kmk69dplg0jb2cq7qvdpc2R
deleted: c/9/c1ck4n4cu9bpm25s42n757bac23bn5kM
deleted: c/2/99cs05jmqedpi4c1e44iqq6ad18e1imR
deleted: 0/5/a72a7qdak0rcbm6nv2sv6p4grc7h6qcM
deleted: a/c/56j1v6fopdivqfhghflsk8h9cjq32ggR
deleted: 9/8/13cv8t2samj1j72gs1514r96mjakh48M
deleted: 6/e/3eecamtki3pkpma904hct1f4fr78u5qR
deleted: 6/6/52g57amouf1bsng5cgj8tmr7ojusdbeR
deleted: e/b/89db92eturonkihrlprkljvmjm0m46eR
deleted: 0/4/249qrdh7osfkjkj0aaad4g35akm0u90M
deleted: e/9/5fgtm4lmjuct200v8up075vsrves4icM
deleted: e/b/c16tijg24ddcldnaa2bn86eg6rfauv4R
deleted: 0/8/426b8690q2988m2qjblb35315hibpbuR
deleted: 3/4/11d11hvd0jvoddb1qhrtdp0rr3822hcR
deleted: 3/4/86bf052cfa2i58dkan5t489dh1kjvnqR
deleted: 0/9/09asrh8me041fe3cf6pvd8c2o6k58paR
deleted: 3/b/21cnvgo52bkf8faeoddmf4detnp1d6uR
deleted: f/9/1bm03g5vcjc5qohmhtujkosv0qc875oR
deleted: 0/d/7d8d22erfhj3d2m5qujuut5s7q4ig32R
deleted: 4/8/5c22h9564bth4tetf4pv21qt240eedoR
deleted: f/a/c39kib4t5n0hdbig91n4ifeala7bsguR
deleted: a/a/74ah9277u4lbm594oemlti9j2l93dt2R
deleted: 0/c/b8r4l0qq6abvkbg783iknuc6koe0craM
deleted: 3/a/6cbgasgk9hrh2g7ldjmvkha7ssbhpvqR
deleted: 4/a/0fc4k42c7spo2l2q7lo1tgbqhq0l9c2M
deleted: e/8/f2oputs51di0umu3jhmhjsm75603cv0R
deleted: 3/9/e6av49bl31p3v6io2r8t0nhupn25lqmR
deleted: 7/5/80914v4vqb3q96tohbra9vkg7phhfqiR
deleted: e/9/7aki709mr28ugiibf0cdaflga9i7st4R
deleted: e/6/27g41rslldlhrpimqth7tf4k5b60asmR
deleted: f/7/26lu2pt6j1jpdlc5kcrplee7tmidpbgR
deleted: f/6/4a5gct7db47cnjd0cjstovjipd8scdiR
deleted: d/e/88rdvlpvdr53ga6ceb35ul5ikgatkcmR
deleted: 0/c/c9k5i8ov09r7r4u60htnqh287n2m208R
deleted: f/8/0b2p8lt16ias7ogn8373ka69iern6deR
deleted: 6/4/a77lr8l71t45j2kl607be3bf2enft7cR
deleted: a/f/4bi21v8lnoutgm327d1upvb9bdlb5eqR
deleted: a/b/7162a0do16lo6ehcpniiravj3j96hnmR
deleted: 7/9/2apqnqb3neo49hmg19tpv8pbjjg5o4sR
deleted: 9/b/e58u9as74pld50d3cucj2f400n833tiR
deleted: e/a/fcnpi6dfle5ppla4iudravuhulmqls0R
deleted: 8/8/aangn4n0uko8p7op07941ks8mod5564R
deleted: d/8/a64dfk3ub0g4us2c5celrlekr9vkflmR
deleted: 9/7/26jv0orvdgl47b6ap1umi7q47f929g4R
deleted: 9/a/b1julqg7tjv5ptb5e2mb69ui9updrmmR
deleted: 9/7/13ad1ioguc215coc1ae0g93ob8qh0qaR
deleted: 9/a/2bsbm393465q18cres900impldsvd6oR
deleted: 9/b/0e5u7mih3bj9ksa2saqcuahodvks6l4R
deleted: 6/5/4a6o4sp543p4dthn0iu4p2bntmpu928M
deleted: 7/8/f36hp9c4gqg6jaqf4ahrh3getc3tbfiR
deleted: e/7/a19uc15s5ug9l0lf84m570feg5crhreR
deleted: 6/4/6cgqnafvdinmd410o5nr58tjaopelmqR
deleted: 9/8/c1qli0ici6bfk3000in2jdugkam7lsmR
deleted: a/f/443n11qsi3d1lr1rojmtd6o15pbq212R
deleted: d/5/83o7kiq7hehi2i2d8a454bsvc19chmeR
deleted: f/b/7dn266l2te7v3nt66s2dghr9vd16q3uR
deleted: a/c/64lavqqf2s36q2urj38k297pjgjgkeaR
deleted: 6/4/9fp5gor0igh6d75u6p3q4l8evh5njmcR
deleted: 8/8/0781rsvr1f83aosk1kb8dh7qaadgv10M
deleted: f/b/669p11m00sgg322ep394idpb62uik8eR
deleted: a/2/b7uf5puhrfj4b1oh71s1s8hhg0csr9aM
deleted: 9/8/0a9no9hg3qloqrvhj609ljjju2rk0luR
deleted: e/9/25dsb8makd7b83ckv1cvo6sokrc8jgiR
deleted: 3/9/9efjnk7u8macpie9os7cfblqojg4baaR
deleted: f/6/04hk76fsqtta0i04eb7amo56h8358loR
deleted: 0/a/23h2mlts1ubttvecjfnitctvmgefgckR
deleted: c/d/976vhqu3gp2c2ituhjvqhccn5g597kgR
deleted: 7/7/49l2rq13k6el0em19ltvgcg6ub9lstuR
deleted: a/d/0codp96eonpfvh554udihra7pgbeij6R
deleted: d/e/b5kebjf51qitnqu1giddr2fa7l7t3rmR
deleted: 6/f/5eib6q8ibfu3kqtv29q853goi9fe1p0R
deleted: 0/6/c6qldcmi9o14gem8ok97unanpot5d4gR
deleted: 6/2/87bvi330o2kgrp77sev5igo6iruahi6R
deleted: 0/e/32kcbej20uh2fntmv7fduqns791h8ouR
deleted: 7/c/0euv19pua4ibt18a0ia3904fum4nlpsR
deleted: a/9/818cebvlk5ihgvlfgd7vi4lnhkr5gg4R
deleted: e/c/1bieunj9ud1ecj7fhbtc6atendo0716R
deleted: f/c/6309r25f86d344f76jn37b4iq06kevkR
deleted: d/5/b6bqd5umj40kss3fda098sl07d3gr98R
deleted: 8/e/5f4u7q0ldfqspk9ft1bct2dhrim9cnoR
deleted: 7/b/c26mbmkfkf70v727jfc85jsjl9r12k2R
deleted: d/9/59m6hvintnflok5svpdf6hlqp8icj2mR
deleted: 8/e/d910kf8qm7hr8j13s6t5j01c0pbrvvsR
deleted: 9/6/187386bp9qnk4umecpenfrsd2keaan8R
deleted: c/2/a4kbfv1vmu3siq698skdgiv2lstue8oR
deleted: d/e/e8icbqrkbs49ooqvd3c1mtesfqbr2egR
deleted: f/7/5c1fjm80c3g1a884rpies6b5l75558oR
deleted: 4/2/4fc00rgn4qgn7k54m4fbivnkgrer9c8R
deleted: 9/9/54c7i11qhpul2iuabnrmb8lehjgs1acR
deleted: f/5/4bb5dc9qa0fsv3tllljt1eslh96r9jmR
deleted: 8/2/40ppcso3aan0mog2bo3ujo7o9ffjc3gR
deleted: 9/8/d9j54gsc9lhuticclfn2te0jdu1dd9eR
deleted: e/a/d03mtlol1feqelknh7utiiqnh969juaR
deleted: 8/7/1b79ue8ql3cgumqhgde99kapd06h6s0R
deleted: 0/a/0bhi0lpr23ivrq2r10419nojertuhj2M
deleted: 9/e/f0ajhfftaf199ijlgklcu8tn8p0t9vcR
deleted: 0/3/b9q6arc5jmrm0uu95ema3aqu5smn200R
deleted: 9/6/73f60gso3jlfvvleaim9b719s85dfjsR
deleted: e/5/cfod6umpp2aohrhe08sb88fh7ljnjqgM
deleted: c/5/8581mhjbrrq3jfm8h2cljum1ec7jv7gR
deleted: 3/6/80b50f6a7uojcrf8p7nulmtfrh79cpcR
deleted: f/e/f20o6aa7g0lu07d9f7cosbv798co21mR
deleted: f/e/dc1e8u28g6h4brvle1htl70ao88btkaR
deleted: 3/6/0esasittavb1nbv6d7s0e0hn4qcpm8aM
deleted: c/8/1c02pa3pnf9cpm49u4nkfktms24flksR
deleted: 6/6/d0v4ai7pdb1vqqgplkfhfh6gii5tj2eR
deleted: 9/5/d509biec03sihkl687kff29ejqi8tpuM
deleted: a/c/74amtr29vibruhst8g1d2pirq97cfd8R
deleted: f/a/30vm8u3uigb35drd42cegge87b9h9goR
deleted: 9/a/7e59c9r0m3dn3q8oaueeqegc10mi43kR
deleted: e/f/200kmiukk9ufmrmgktrdljm5njhus6gR
deleted: 6/f/107kg1q7t9ikmdgqnhb4fp0575tamsqR
deleted: f/5/4eco0kfdce26t5gcmh5higmma63s3quR
deleted: f/7/c6ns8k9mq6pucgk10rior651u1cvdv4R
deleted: a/e/a8v948mj5q78s48gvb71qtisb6m2egsR
deleted: d/5/a37a7ut87fe4n24cl85p386kqti77m0R
deleted: f/5/43va6hf9emo6trm04ociptftovd7esmR
deleted: 9/8/cd10sjo8hessqrte17ce3sddmkc2skmR
deleted: d/8/97o8asc1sn7k0g39hpt8ir0ff3pg94uR
deleted: 6/e/2et653k9t9dgapik88abo6ldckthh92R
deleted: 9/6/3c34ni66uabb6e1pu7kgkol2qu0mn2uR
deleted: 8/5/723j5souj81cf99e93b8r8hdmakth5aM
deleted: f/9/23o47i7nn2jd1nfpr6qho9c8kcjoteoR
deleted: 9/6/01t7sepk9161iioq2cqbuguhu8cq8hgR
deleted: d/a/33c9qkmrt8d3mtkfhj88n9266fd0sf0R
deleted: 3/7/53cpekkf15spfvtt3qgth1pidaclkauR
deleted: 9/c/09m023muau4tjvvb3bjbsd4fv061sg0R
deleted: a/b/e9o7g61jcguia0p9v8kle2gcentflecR
deleted: c/7/34r2n75tlbf61u5d2259jjfvhf8nn8gR
deleted: 7/9/34llt52b7qmfs2m6tvevuqignrfpta2R
deleted: 8/5/f87isepnb28n7fnsunr7cov2elc7r38R
deleted: 0/e/9c7l7ivjvngm9md2d9bo7dtm0bgo6nkR
deleted: 4/a/b6s47i5s12otk6dvhhe7ia3h91odm5qR
deleted: 7/b/d6qojammp7juras7e4vlgmc9fkrjv7uR
deleted: 3/6/e3nchs5s9g4qn40bkueoegg31lpbb6oR
deleted: 3/6/534dbrrf9kit6a3sfb2lsubeocc7n8qR
deleted: f/5/94i8dd6tc8sl8upr3n84d40n763lhqeR
deleted: e/8/d34fol5mkh309esia4e7frhabc8vtqgM
deleted: 8/c/7e5oa25nvr2cj1sjb4u0k8u809lqr60R
deleted: a/7/9382c767m37m7219hoj129sqao09cp0R
deleted: 0/4/79d6dcijntjae87p3e1fpg2nknuo79qR
deleted: d/9/acgehk9goor55ldcl1npp62o751o430R
deleted: 8/5/653d33kl5sfpmet78stm6gu3fo7g2qsM
deleted: d/9/0avj8839sgp8hrn491br5bvoec4prgmR
deleted: 8/8/d3k3iu1ro0ghbibbqa979h8u6lskb9gR
deleted: f/9/32egtatuct939scmjrio91u787d8j3aM
deleted: 0/7/adhjdr58s8s1533np1pn3r87a01kb2qR
deleted: c/c/c3rbcvstu01k846jkgsfnr3alnuaspoR
deleted: 9/c/218h4iqfpqd3jrmbiqncj2hd71etvv0R
deleted: c/7/830steusc8jct1lf231l2751u1d287kR
deleted: 9/7/e0m7v5rbmsmm50qvd8n29u0gfleiu8iR
deleted: a/a/d9tj0v36vftdme7nsn90vd04mgmgelsR
deleted: a/c/c2k99k1049fg6645udmvb8i89fl00tiR
deleted: 7/5/c46e10sieuq8naijbi4qvoi0m063vdeR
deleted: a/3/45o4hgjudvrrfhf010884o1oiud0p78R
deleted: 3/6/86b023p89rn2ploadc997araeggu7fkR
deleted: 0/c/20l3cagq294bq7smghp53mjfo15gf2cR
deleted: d/a/39g5bjcui39mr33sqq1mege96p4ralkR
deleted: c/e/22ttv7ijutt847hvc5j3b54o3j78j9cR
deleted: 3/7/5d8164gjjjltdcecr8br16cnv4jmtumR
deleted: 7/6/32685id5ino975javfqf9f1t6ltenb6R
deleted: a/4/26c1f1u9els39v3romvghu4pbbk69duR
deleted: 8/4/76s4lkrqo3lfqg27imtv0ffhjd3l766R
deleted: 4/2/4582q6p6sh7fa2binbr5ouac796ifdqR
deleted: 6/f/5273saahaqjk36cmfl99hrauhmd9sr2R
deleted: c/7/3a6lerq17ftne103kc2e1ivlu4pg36cM
deleted: d/5/8d6ttkvthtrmnfcn1p1d22gj07ppemaR
deleted: a/7/a0kie4g814662jhjhllb7mnqb65bvn8R
deleted: f/e/f2cbfho4vednib2onp70hcuf1hm110kR
deleted: 6/e/f4tcbm9fisl5oeadu387hrqj6ag2gccR
deleted: 4/c/6cupmurvssdhiv7164qtnl34avkl28aR
deleted: 6/f/c693t6d42mj77e53448cpi3gkvmbc8qR
deleted: a/a/7dlt1jctndiiprm6nflcpqcqjjj4i4aR
deleted: c/2/a9m8qrla5bmvp8qlrvg5mch7et7bggoR
deleted: 6/e/2foldec22pnn9ubf04hpnfirtgq71dgR
deleted: 0/4/4dv2avch4vla6rbar2jrvdtfo328aioR
deleted: 6/3/54ivienvjvh7vcop7n4n1itoun9gs4eR
deleted: a/9/2fdj12e6jiggfbi8ch2ndua3svr7gdcM
deleted: a/9/a1jh9bht66sqhpor33kaj57o2c4t7peR
deleted: 9/c/01ka6q68pugqk3ruc1686r0kslp0eheR
deleted: 8/8/860abbjphrnbfgno0c7c9e0cb57607sR
deleted: 3/7/2055f4v400p1b6fqeo2dc0hn1frd7hsR
deleted: 8/8/6b2qp49649j9g1i3r1nq230ns9vsoksR
deleted: 0/a/d4fnuk9t5q87ec89b1hdlhlnh7606b8R
deleted: 6/5/adjvd5a1vvptjp7l05o8v38ot0chv7uR
deleted: 8/9/b2btnem6mta5he9gdciun6por95vpk8R
deleted: e/6/c3ff7rkb283hunjr6jnbvd21klb2j52R
deleted: e/b/9avamtd0irn44kg9cadqp1mg89gav8uR
deleted: 6/f/b9oio784v5nid70h1dc821q2v09jk6aR
deleted: 0/5/833tdijgios6df1oc23nn9ld3u8si5iR
deleted: 6/e/fd9ke286dcacg54r3fhmn28glfcni9sR
deleted: 8/3/6ciuau0dno22lku994cq4u1hdm1jf9gM
deleted: d/9/6cir6dmssl8gak7vusqltt08k1seu58R
deleted: f/0/07fh955vrbg1jin2u8v6m1jjl9ntqk0M
deleted: 3/5/7a7d8mfqng4i0ml3slibaj8b2ggc7euR
deleted: e/8/f12f5gcfp5fung57sm10l45vu35si46R
deleted: 9/7/7ddhrg670spmusm0ou4kuc8hltkal1iR
deleted: d/8/63sjgurk85j9chrnd2ekicfv81bgtbmR
deleted: a/8/93dv6gja7bpuatn4357stlq6nj6caf2R
deleted: d/8/bb9fniikg5lnqd4qe9th38nvtto3gueR
deleted: 8/9/1c931iht6gamlomvlsqi26vgq5r8sk2R
deleted: d/e/efnstfq19utgua77doun8ame5bnqnmcM
deleted: 9/a/5f940jleol0djek5he32kkggr6kqtniR
deleted: 7/6/abaspcun78flbdnk9ap9atsk1jftvm4R
deleted: 6/f/a4gh6ve970o9cho9eee2ejmo6sm4saqR
deleted: c/7/e1vu7obdhna69c5lo870kdup83krv54R
deleted: 6/e/c4f8l133fhf43n4mnpqlbacf764om26R
deleted: 3/6/2aab8plthkgsafa4ks5qe6bb3b17t8kM
deleted: a/6/bf252cbuu5ih6pshgiambr7olqo85j2R
deleted: d/a/3cig1dh9ohmvq3o195aegus527b211sR
deleted: 4/4/104l4314j1ku12345sngq3nqkooj55sR
deleted: 3/a/38qk7bttc869qdtpoa6ld9v61jp8ff6R
deleted: 8/a/61d9p5hl5fvdpuerc097904rud6pp4sR
deleted: 9/e/b7gd68occ1f258e7o4vi7eh07sb5vroR
deleted: e/a/dfn3mkvgikaoqak1qc1ihb8f8b1ovr0M
deleted: 6/4/8caaotsasos7pv8gf6o2nfjnah9q0agR
deleted: f/c/c49lsvo8ri7fc3a0rp9k8lvm5t0u7v8R
deleted: 9/7/ee81sn61avt2n8434puai142h2shphgR
deleted: 8/6/c1cpb27c5ate65mfq1o9k01dufd7to2M
deleted: 9/5/87teegjgdg6958l89hqe50c7fodbgacR
deleted: f/b/8387tt9802c5h0tgjhol6trf36eeg2oM
deleted: a/8/9fkb18dcqm1i4dncjq64bs8u240sppeR
deleted: a/8/f4jt5o0diddmhdm3tlldoci0as7ii0aR
deleted: 3/e/4939ekef9ja0nt3l1172ufnj55cbbveR
deleted: 3/a/cd27p1sgdv7u1mvvagr86hgd1p60shkR
deleted: f/c/36ajh1ccti425ao5an67ccg46n3hmscR
deleted: 0/4/0cdilo8099mnnahi4f8caja03573teaR
deleted: 0/6/ccl0golr6ud8a0cu8vghtqhvaa8qmsgR
deleted: 7/9/ffcdh2hvh3f2qa4evq08sm694g1pjtcR
deleted: c/9/a7qp90jr992ref73vcv886f7cvgaug0R
deleted: 4/9/b8t22im3onmtbb50m096i9r732rnducR
deleted: 0/e/7euq55iurk5f623ggsrnp3296rtlocmR
deleted: 7/6/9ctfbrlme4iu6b4v4mp4ccq3f42stj6R
deleted: 3/e/efa1tcgk8i9rhg8bi260nlqthg1kaj0R
deleted: 8/9/04d17lqkd1fj5hr1lfq0mkbluk1q722M
deleted: 9/e/c8snsoj53bf8kkoi85shjl9p6c39vniR
deleted: 7/8/d5ug594d9ourosbs169s7b6ji463k50R
deleted: 7/a/4a1mv769g81qj8a0rrr07pcs8g7685oR
deleted: e/7/955cmp3tso32m1eq4n8dhv38ssedup0R
deleted: 6/e/e6jhgc5p5tv96j1vjgno4homte787o8R
deleted: 0/e/a0706nfdkrutdb93mte8qlq3n1ei9c8R
deleted: d/8/d5mc9a3rnu3ud270p8171088fhcnrs4R
deleted: e/b/c0nlvqs5do6uo0vll1sbk4l4pv4l736R
deleted: c/2/ca4forvq1g8kp2v649vvu6jofdmig14R
deleted: 3/4/257g7fpdlv9mnurd61gckjc9fc90dlsM
deleted: 0/a/66g1o0746v1v4a311efsu1p5not9eeqR
deleted: 3/6/42qu5t8bjncu00v44esldmeikdqqdfsR
deleted: e/f/0agt75qo9o8ivk57g84g5q2cgg747qiR
deleted: d/b/6bht9jh6vlj8ava39rgnot8qgqscpfoR
deleted: 7/9/b2g7vtedgs2p2bqqk3k5e07ktsg34cqR
deleted: 8/f/30rghfk3t529ou67qdue40m8b1ib8uiR
deleted: 0/d/9a9brbjh7n4jqr8q517g5ag608erh1oR
deleted: e/b/8ad7sh2cdvmmj54e4becucils11l3g6R
deleted: 0/e/90f3cb0lgiiiqn9qfc4iup37p7hbpkqR
deleted: 7/6/29dqrrs1sh9orud4dfd83u8rc9vu1luR
deleted: c/2/8co7oesuk1239nif55i3v79q01si7kgR
deleted: f/7/2b2r9mql4abhcfdpfcvff6iv1ra4rsiM
deleted: d/6/eeqtl89erk9on4ebg95kiabb93um0t0R
deleted: 0/5/6c923k4hr9r74na6g8tpq4m0n38cqi0R
deleted: 8/a/0d7n1rjg39272mi3fqfut0hp4gjkpskM
deleted: e/6/33gafmhq3knisf7fokgdi7vjnd6cqhmR
deleted: a/9/beg4p73k317pbft5vgk7b1s9cspai0aM
deleted: d/6/bfq6v0vojugb1848mveaattvfrea5aoR
deleted: 0/b/2d52nnsc3p7agbsmtba9lsonj9vo3viR
deleted: 4/3/57j2vjllah6gr4rjicisn37el8m0tngR
deleted: d/b/18lrd1l9ic6ed5rj4cpj82g340nn0vmR
deleted: 4/4/98hip5b1juog2lsuf8s79t5om1gum8mM
deleted: 6/e/2c9lreftie81pf3c9sinhhusfl6javkR
deleted: 8/8/dcdii2i8hl63mmvle9ih093862n4dd4M
deleted: 3/b/78kud9429nlc6keot9pbg9gfmph2a70R
deleted: 7/a/e6a7l855dc9ijbv1bdp42cqomor3aeuR
deleted: c/6/f24th64u62md9e9qmupl3phpbsjqq8mR
deleted: 0/e/2bjb43rjurpspuks12ksllga0kgu2piR
deleted: 9/c/18petpqpkgknopmgubod5rt2rasa5p2R
deleted: 0/5/64eks9dvthqiturgq7l5pg5te5t7l0cM
deleted: e/8/08d7lj32ol1ughqmmdkuljnamjv0q42R
deleted: 6/f/84dhc1jbduqedvohnr7m1nur87ulrdsR
deleted: 0/7/b3i1m65v1o6pi0jb3f2foatjfm7l03mR
deleted: 9/6/3d9u8gjff9jplmfna4jbmehl5021gosR
deleted: 9/a/a5o5kc4cqbshdd2lugntclea8matsleM
deleted: 8/7/66dt7nkur75s4rodrsro435dt580tdmM
deleted: 4/2/43d8jjog7if70g34rhjl82djdehbp5cR
deleted: e/9/584msjoncjal1g0jooi0bqi3mleknhoM
deleted: a/b/3fha6b2j9j3snlds0p1eu0vl0rr9nesR
deleted: 3/b/369qg6p40gelqj6hrnnajod1vdhmh8cR
deleted: 4/4/9e0n9tf2cpaed4o0bchbvgep52l08rkR
deleted: 4/9/a2k43c7s531iegeg94b7sr00um32kfqR
deleted: 6/e/2a5cnojb5vbsq0ckqu3snlhj2dmsn1iM
deleted: d/8/7060v6r4kv9u2dlcaf8s1v64df2q9k0R
deleted: e/b/271i54ve3mf736n51emgcm03d3lp5f2R
deleted: 6/6/fehkbc2bv3mh9871m6uk8rumvm91t5oR
deleted: 8/2/c6oajj6s8n00hrn7mmcfu0rtiq4copaR
deleted: e/e/63fh2o5jkc5c1ldqjvnfgga30tjmm7iR
deleted: 3/a/e2jsoj1hllbp75l595g9qk6ug020pv6R
deleted: c/d/96n15etlhis8ueaab37uam11fiat6aoR
deleted: f/a/260fegukbsps8qgarvb1c5jt70086o6R
deleted: 6/3/7bsbhht2ea80tic2ps88k0nb1nk2rnaR
deleted: 4/9/c1ngp9p5eaj48smog0um6udms8a7r9oR
deleted: 3/9/a62ffpaave9ld1lon7305mv90q8i1k6R
deleted: 9/6/b541mhkrp8nhpu83219r9uouk56qheiR
deleted: d/8/c31t4n465hdee5vph82hicsjadjt4maR
deleted: f/6/41jblt02qikmcdl3lj87nc2mdtl5p5aR
deleted: 8/2/5dfdbmhc8hmft9fgmrv0145lt85r9f0R
deleted: 9/6/c97ms1sapfa3ujv5jumad59cefq0v1iR
deleted: 0/c/48bq3ctf13q1qlfc2650g5q4dmtnku2M
deleted: c/9/54chjeutm9dprgbtjlk0vf9ca3rlpmaR
deleted: e/b/c62lbcpcq1uli5v9uv2p9pl9elu6u0gR
deleted: f/b/3fv3aladuskiohorhmabpkrkiuqj9peR
deleted: 3/9/0ana5torkrm8ophgabl90mm82vcqcfiR
deleted: a/9/627k05urgnuns0m267me2en8ur3n5aeR
deleted: 3/4/0f8unoa2nqurn87hui3aqcfa8f37regR
deleted: 3/9/3dguujmbfarj32r6kpj21heqirqpu82R
deleted: 8/8/bd7opm42jvdpuqkl8mod7umlm180angR
deleted: d/7/58m2unsfhgja1ift4t9i0mh101lptkeR
deleted: 6/6/a8qqcerbeetr0hjo8280iu1dm7rtr7gR
deleted: c/b/57mplv0n2r01asdjabvuids6gihcm5oR
deleted: 9/8/880svcjnq3sb1pcsiq70hmd91hf36r6R
deleted: 7/a/c07f7oackb2luj5kkj3mlktl5k3i09oR
deleted: 0/c/87r68qhfav3lvb13vsg9em4a8bpmibeR
deleted: 3/8/20ne1f5erpb11othhsuvurap4jnbn3mR
deleted: 8/4/45l7kscnk3v2m8n6klm5pj657hi371oM
deleted: 9/5/e2e1pf4e4ne7it06aosrenlggtisgvsM
deleted: f/c/7akjjlotsacdnk9o161fdlaju7rfqviR
deleted: 0/d/83816h9e7lbnhfvt2bu29reup3k10feM
deleted: 3/6/2dh77bl4o813a735dfir0v6jr4hljh6R
deleted: 6/e/39jokahocgqskopf76jbv0pcfamutr2R
deleted: a/e/daoht6t1ucdi5c2tdqvn6a5cnurci64R
deleted: d/f/22eipfo9emhvu4slvh0mmapap8pvjkcR
deleted: d/d/bcc47c7j1t8pn19safeob3l6qbcjve6R
deleted: 0/8/e4cmkrpgvlrie0kulrmrr1lakg5jskmR
deleted: 6/3/c46qe53e13rdn1uhp17r14n2555q44kM
deleted: 4/2/47b03beotiguln39kjp32t9aefcnmhgR
deleted: d/8/96g42qh9cm1s44cho4fl59e90mp60gsR
deleted: f/6/f9bg5c7lco3ponck7eob8u9t0gf2bvuR
deleted: c/9/79j5h8p6jkvoofsrff54jr48n3c38mgR
deleted: f/5/04iabe7bh8ssgaihfgeg5icmc322sv4R
deleted: a/e/ecujhfjib1bsi71lokhk5jjqcebmbj8R
deleted: 0/4/31jlbl7m3c35d2189vm8jbvithnbr3oR
deleted: d/5/fff6e0fanach7g6ss9vbba48nj53556R
deleted: f/a/cdscd6h513g2q4m6jde5qhqumt66bjgR
deleted: 3/4/aepdeghs0ggukfso4jer7md94ol383eR
deleted: e/6/fa38g55vtlp3ohelqlmfto70ekbl0koR
deleted: d/e/b8gkou29jajo811fabslasrostl7ngkR
deleted: e/7/5a54ln2k8mried5lfgcbqtn0e15g612R
deleted: 6/2/ed4a7l011ovh22t5c9o43v54h163l5uR
deleted: c/2/d56g9jn9emvrssala849d4rv4cjqu3cR
deleted: 3/9/f3ucikpsro8aemig1vdigmf5tq0ebakR
deleted: 9/e/c5egisqrs9rvmperhecbudvsrmi5g9kR
deleted: 3/5/ca5i5nu818onvvu6ve1o2k5ukfb2ga2R
deleted: 3/8/e4nrq4ps8letqou2kvqvudto4ul17sgM
deleted: d/b/4514j97se71te6euhqmvprtt46773coR
deleted: e/c/0eprltj02u1fpctq6si8cofv5ol8sr6R
deleted: d/9/ec11onqago8gtdoebc2pk14ektv0e7eM
deleted: 4/3/5e55h2a006a7m9uhg49844cals0pvf4M
deleted: f/c/c33k8r60u1cmjkt61kkp7u7v7jcqtqqR
deleted: c/2/ca1onlrsg98dhd0o2nm43jo4penlab6R
deleted: 4/2/307son47rccumel7soegb6kf2vj8ecmR
deleted: 4/3/1aa16l4o4d6e5pts5qsvucrr8f9o628R
deleted: f/a/7e97gqn6q9s3rjf72f26ii1enh8k4uuR
deleted: f/6/62376018kea51lr9f3ir8nptnrs90e6M
deleted: f/b/708k4anov5g8pv1h6nbpb9k0bvslci8R
deleted: e/6/b4rht18pk4umkaiti8qrfb4nra3f02mR
deleted: f/a/867d6vlp6ed0ngcmh8qg5v8hkmcsg84R
deleted: e/b/e4vg0b6p1c1csatscij46sbff81mj9uR
deleted: f/e/fe6fkimc6c9u01ifjjq5li1b2hnjhdoR
deleted: f/7/8740b4t5l3d8ov1tejjaj8k6npnktmcR
deleted: 9/e/b65s6ra1ofc1kpgd6v0eg6cmo8mhlvaR
deleted: a/f/2ffl5ahu3e9kvut96fdbrmshn9ug0ikR
deleted: d/0/11lect8m5pgkdpeg8839jhij1gkn008R
deleted: c/a/2470qvuej64ifb6c092m83fid951v18R
deleted: f/a/5b6iu49frraqhhsipkt1djrkkndooaoR
deleted: d/6/14i60eg806urtoe2ivp4opvos35m6b6R
deleted: d/e/46bjofiklvrmtqebumnimhi4tjqmf40R
deleted: c/2/ecucjgup2bq4fjqi639omg3b621kjc4R
deleted: 6/3/8aihupcuctubus2fn16fotc18qov7mqM
deleted: d/a/94f6unep0k07sp66f7muf3ffej2cii2R
deleted: 7/c/e24bgr030jhpflugkhnnqjrnnkrp5q6R
deleted: c/4/42qokogr2m0nkjh2na234108l0847lqR
deleted: f/6/7a4rt3d8598nej9mutt1g8b83thk9rsR
deleted: c/2/a82fclsp10e1g3uuadeii91bp6f2uk6R
deleted: d/7/24r2dju134spoq6vdh5o6qde7ebpu6oR
deleted: 4/3/f5i1gg25irkksqcd5muhq1s8suq7i50R
deleted: d/7/8a2j939sk8bfsg3pkscmqluke894l2gR
deleted: f/e/f0t7fakgranac60uvj3kt8u85umrmteR
deleted: 4/a/35p2to9g5at9q24nsmeu9ptn6sjpid0M
deleted: a/b/433j09kh4s11llaij9f9efii8r2318gR
deleted: 8/8/68c8gpa36q3e8lpbusa87944oubivnuR
deleted: a/2/b9g4e63o2bvn12cc4nmrpti59bgavocR
deleted: 0/e/0979jf8qeuikmp79miu9vt8g13qg7mgM
deleted: 9/8/f27i1809s44ptds6da53snn1a0q2qv2R
deleted: 0/8/af533ah4lg324qj3j9pv8vfko55dqbqR
deleted: d/a/805s9jss2k35gs7a9eklk86er819j7mR
deleted: e/6/01alialsnbi6mlroaq6q0sfrneel6hsR
deleted: 4/2/b5h0nld408gj2c08h3poeuet0evtkhsR
deleted: 8/2/818pia2t8nafdrep96s7lr48p6dr0v8R
deleted: 9/6/14j119bqvh5l1apbdr82qjjm38gupi4R
deleted: 4/2/2c7fukbnulbimt4i5s70g0b8gg3flk8M
deleted: e/8/00laibca42q93ifnojsivaed07rt4f0M
deleted: d/a/467ncbo1j2tvopgk6iesgs3ifpq1d5eR
deleted: d/6/91j2lcc105otaej630fst9r2apj2j3cR
deleted: f/a/a9cbansapjbjf1dqp0hiskqk0kgsbliR
deleted: d/9/e1gk08iedbcm9pv524h8g6dhede266oR
deleted: a/c/f6gl12glfsc6bgf0mq32io1o5efd10eR
deleted: a/5/0ajb84i0j73h49vqp1lhnt0n6uq7sbcR
deleted: 3/a/6b1m0mng1orr0o89efeo8dv884o3qnuR
deleted: 3/6/8b2tllvt97e6dvm6f38vuhr5eu05866R
deleted: 6/2/9faiklo9l498ihtg50t2biahtmm7124M
deleted: f/b/3e5obpdjkovhccnp1t1hvtm0irn8qbsR
deleted: a/f/23uptf8iugq4lnj4r7e01m1sqvjephsR
deleted: 6/2/3d05tu36hvm6p6uo2ea3d31l416p2ceR
deleted: c/8/4fv2qkehv62q68mkh4mogtn2vmtq4keR
deleted: e/a/26g4c7n6nqe7q9mi8duavh7b4a2bnneR
deleted: d/e/13t3pfuu8v855nisbjgig0fm34927dsR
deleted: 8/9/99is2ug9cii7mug4h4l8hsv9jglcetuR
deleted: 8/4/efffafum7far6430tenubt3ct66m0fqR
deleted: a/5/457gld81fchfoqh5o7oqnqguh49m556R
deleted: a/e/9fd8otebd2blsm17sb97222517gpu98R
deleted: e/9/00dutk1bmf5t1nq52ugirlhnmvf742iR
deleted: f/5/df0ovctmkda7ka9jmepefm613l99busR
deleted: a/a/5fftm1gosk8n3av9rqfa07e9ba5vdnkR
deleted: a/5/93d03eun2s53crspl3mjkfdbg0ot44cR
deleted: a/2/d1p6oqcdblj7mlshitmjnjggmcm6sbeM
deleted: a/f/33a6qnss2ggcqmdhaamaba747h2v6n6R
deleted: 3/5/05kp6n1ccflfd4ufiul6csemdkp54rkR
deleted: c/2/a7i9dl093br58ehim863nvc9o9nvnv4R
ccache cache size is 162Mb.
Uploading cache ccache...