SHA for cache folders (/tmp/ccache_dir) is '7808168dbd495ef2f1d2d21c02b1d1e6f84195cdf58481f703888fa78e705405'
Cache ccache has changed!
List of changes for cache folders (/tmp/ccache_dir):
modified: 2/8/stats
modified: a/4/stats
modified: b/8/stats
modified: f/2/stats
modified: e/2/stats
modified: 1/5/stats
modified: 1/6/stats
modified: 5/9/stats
modified: 0/1/stats
modified: 5/e/78pb19rfh22p3359n02b1gq2aittf7mM
modified: a/5/stats
modified: c/a/6a7vv4tj9rlpr0ae95i555strcp3pq8R
modified: 1/0/7e5bhsiv1795t8kjmbfhh8jt9kunou6R
modified: 1/0/stats
modified: c/8/12fugtnepd61fhmls4ulmph7thqh2m8M
modified: e/a/stats
modified: e/8/stats
modified: e/5/04192hqq9k0e60a0cvfrm2hr9pdp8bkR
modified: 9/3/stats
modified: a/c/stats
modified: e/c/stats
modified: 1/0/eaoj7id0euhk0fmrhnuvt8vce7bbv38M
modified: 9/5/b4idm0ggs43ucmr2rau2m0bqv25vvhcR
modified: 5/7/24vc3hu6j534dpe52coabdtq7821c8eM
modified: 5/e/99m56v9scvr4pfk2uufdiqthi8hi2h0R
modified: d/a/stats
modified: 6/c/stats
modified: d/4/stats
modified: 1/b/ae9dndqaci7jfphl0e7uvtai9rej47kM
modified: e/0/49l7rup7qvjvlfcdjo6knu8dkrd9k2qR
modified: 5/3/0cooia0iapqragnl0b7le9etsj2msleR
modified: 6/0/stats
modified: 7/b/stats
modified: 8/stats
modified: d/0/9f49p6r90t8bjmv7e65kfgtone5np5aR
modified: 2/c/stats
created: 5/3/f93g1kqmlebh2r8b3i7ajbg1t2u2ru4R
modified: c/6/3aae45ognf2k5s05fkjl14u9eh803l8R
modified: b/9/stats
modified: 3/6/stats
modified: d/5/stats
modified: 3/b/stats
modified: 4/f/stats
modified: 1/9/c8b435m7l1oc1l6sm4a6tj2dvhf5qdaM
modified: 3/c/stats
modified: 7/e/stats
modified: f/9/stats
modified: 5/e/09r073fccrsq0e881kmnb6cgnd8dp6oM
modified: a/8/stats
created: e/1/91tnrupv0h2skimghpniod46e0lo0gqR
modified: 1/d/86lc1fof48c7iji7qhnk78q3jqctkasM
modified: 5/4/22aggn7g3v3gdo4ugu3n3jma1r6qjt0M
modified: 9/f/21lo2lj5v0bqetg9upgtbh41h2q98fmM
modified: e/9/432445m8kkrqmgg1veur83tsp0ba4o0M
modified: 8/8/stats
modified: e/0/stats
modified: 0/7/stats
modified: e/a/a7kmcfknv2d3hk58efbpouilsfjo7icR
modified: 3/stats
modified: c/e/e1i75r6fj7t73bpj9uie6im4q7qm6s4M
modified: 1/2/stats
modified: 9/8/8au4jgu5oe1lunuvs0s0of2pe0tuat0M
modified: d/0/c3eef3e6q9l5h650k6p5kv4djihr74eM
modified: e/1/3cp0to010p16le8if5b4kbpl7u7bgugR
modified: 1/b/b8gvav74eu7bc4lbjf7sgo19co15kvuR
modified: 1/4/fb1icvleqplktjguvs9skfvnoh9ibqsM
modified: 2/3/stats
modified: 8/5/stats
modified: e/d/1cklk0b1vpa1oglck0uj1vvqelpolo6R
modified: 5/e/e7k4di5qbdnqaicn03g8se75odiq02aR
modified: 1/0/5cnhleqsbvom3iitvidji7l1d3et22iR
modified: 9/8/stats
modified: b/7/stats
modified: a/f/stats
modified: b/stats
modified: 3/8/stats
modified: 4/d/stats
modified: c/3/stats
modified: 1/7/2b671acsrj29jnlcfqsi9h7lku6hql8M
modified: 6/4/stats
modified: d/7/stats
modified: 4/9/stats
modified: f/stats
modified: 5/d/stats
modified: 7/d/stats
modified: 0/d/stats
modified: 1/5/332vj6dfmq97btgrkk0mat12n8cn83uR
modified: 1/0/b7d9pbqleu051m3f88vm5dk7kqiq4laR
modified: 9/1/stats
modified: c/e/72tfvm2p2jn2gsaln6mdc8qaoip4td6M
modified: f/6/stats
modified: 5/8/stats
modified: 6/a/stats
modified: e/a/b8ihg8a1sm6080llaj8rou73i8ijec4M
modified: c/e/d4r62l3k7ugk7vlm9dn1di705cm576sR
modified: d/a/52degv3j52ivpk9r8gpoenjq98q31peM
modified: 1/4/stats
modified: c/1/48scalkgra0rckbo839u90o4o2ehabcM
created: e/0/eea2248fsihbaugb7jpr508c96rc416R
modified: e/b/02pkfap201klnlrvcj3o8bmbj1n4hs4M
modified: e/e/stats
modified: e/f/62md9s2cg7pehapcophnd85qv26dokoR
modified: 3/5/stats
modified: 3/9/stats
modified: 3/d/stats
modified: c/2/bfjc5rujdumv24u2t2ejajieh3fc4egM
modified: a/9/stats
created: e/6/ca27hvjfq6bbcemdkflnf3pnkjqhrcsR
modified: e/9/stats
modified: d/8/bfde0ig19tjt9m9bdkku2cmfi5k5i2iR
modified: d/b/b6tok8vkrgd5v3bpmbsc9lloo8kp5vgM
modified: c/6/6envctf3com9v2j5g1tvklk88mjk3hkM
created: 1/1/022sp4l5mekvltm57rvh59cr3un17c8R
modified: 2/5/stats
modified: 3/a/stats
modified: 4/c/stats
modified: 0/8/stats
modified: a/7/stats
modified: 1/3/stats
modified: 5/3/stats
modified: c/8/04hk1rs77dgmibnngg2nuc6l0ut35ooR
modified: 1/2/9c42bcfo5set8boun2ikss9fbblopi6R
modified: 5/3/16l8gv4lf1kfjp9f0vjf2e9110m5btkM
modified: 2/a/stats
created: 9/6/9amntjkq8e19d23h5th59ruq9p4jdgcR
modified: 0/5/stats
modified: e/3/9511u759qklk7j0ldm1583des6e2l2qR
modified: c/c/4389om8saefou9cae8p1lfnlo0v8v38M
modified: 3/4/stats
modified: 5/2/57cgbqhq7sqfq3ensiifc0ae79liinaM
modified: 5/d/eefjmqmq91522o17cit84moh5r49gokR
modified: a/a/stats
modified: c/4/stats
modified: d/3/stats
modified: e/4/fekhie8mmvfk9ibrpvmspni9p8cid5iR
modified: c/2/d5krboh1o2i2jfs367r76tregof6pv2R
modified: 1/0/edr41heuv46fmscncvfv7vdv8i97ociM
modified: 1/6/254sc6t77en6vcvd1qc2haf40geueeeR
modified: 1/9/stats
modified: 4/5/stats
modified: e/5/stats
modified: 2/6/stats
modified: d/7/b34i1qsdgrd1jn2f173snrl82i5l08oM
modified: e/3/c4ai8hi3bsvgm5f7itk8a6m8e7cvlskM
modified: 3/7/stats
modified: 6/b/stats
modified: e/d/stats
modified: 5/0/aa2d9vko31komfo0jvpubgh2f70hm4gM
modified: 2/4/stats
modified: 5/3/67pudcktt3hpccjchma54fgdn4ln8vcR
modified: 8/9/stats
modified: e/7/85ngpgu1l0hcpgsfecc2jq009v82530M
modified: 1/8/38u3tlt2bd3v8svtqh7bh7e0t813kn6R
modified: 1/4/e9f6fud247e4aho7r3aj9j6roidi4g8M
modified: c/9/800jknfn7chrhsh8ajr2iouru4emk3gR
created: 5/c/240duu850jsjspnk3l08bupiqlvoeciR
modified: b/a/stats
modified: e/1/6461s2bpf97smrei78it9a2hh9vi43qR
modified: 1/0/25r0mj24972ea3r1baqjcauao74mcuoM
modified: 8/f/stats
modified: 5/c/203bgnc9idn10dk1db9r1s5edtgglfkM
modified: e/f/stats
modified: 1/b/0bbab2mer9uqt2cilisl0pvdj5576paR
modified: 5/stats
modified: 9/5/stats
modified: d/8/88sitbvil9bnsi660613japh3vdkdraM
modified: c/e/5fihruti2eti7ggv4tbatumoicgijsqM
modified: d/7/a6u0ank3rk0jhtqviq1ik5vs75e4ruoM
modified: 6/d/stats
modified: e/4/stats
modified: 1/0/a7oqlf04pkhkli1k3tgtfv0udo7anr2R
modified: d/0/fe21hu6d38hfbtervbpbcs7uuge9cdoM
modified: 2/stats
modified: 5/3/94eosnrfvvt03s7sd5d6oltqsi5csaeR
modified: 8/4/stats
modified: 2/0/stats
modified: f/b/stats
modified: 5/c/stats
modified: 8/1/stats
modified: 0/2/stats
modified: c/5/39nc91k892ldlt1la4oqn625ddjck0uR
modified: a/d/stats
modified: b/6/stats
modified: b/b/stats
modified: c/0/9dhofips3cj30dcp8m3nhvflsbsgp9iM
modified: 4/e/stats
modified: 1/b/016p4bfdh727d6n8pquipjjetr66opsM
modified: b/0/stats
created: e/c/848ovlk6ngevjkjp67e06r9h2pcjhcsM
modified: 6/3/stats
modified: 1/c/stats
modified: 7/1/stats
modified: e/b/70elmqlajncfka9f15ctgqto01gu1laM
modified: 5/9/fbjurjkiatp098o9sm8f2srqpjetiqsM
modified: 1/7/5etip44kfd5og89qio9u3kvom2ldi04R
modified: 7/0/stats
modified: c/7/edt4vs7481j1eqoa0k9akcgnoqd70tqM
modified: a/e/stats
modified: c/c/stats
modified: 4/a/stats
modified: d/0/28fbm4egv7rbn3o0fl0tfe9etob829gM
modified: 1/1/ecgqsm3o739v6dukjbber3e4tlq3b3eR
modified: 5/e/stats
modified: 6/1/stats
modified: b/e/stats
modified: d/f/b9adjhs3h6f0qicogg3aeimknoa62hoM
modified: 1/7/775au5mboj8jcji4dqhmsq7qoc3d0kmR
modified: 9/e/stats
modified: 0/stats
modified: e/4/cfd88kb7s1rlc6p8j7sfd4n0gv97gd6M
modified: 1/7/5ckqei102fs51d1jq43l4sb5h6nht5aR
modified: 1/b/fatnv31a8m3o0skhdnu1s82omcdrfnqM
modified: 1/8/7daopjc1i76ssnpkcf99lhvr66skv8iR
modified: 9/0/024vubrk7uen888pp4tpgrgl97ukko4R
modified: d/c/stats
modified: e/d/676r1s3vc7mg8on028hf2jr9pt4fi6uR
modified: e/f/d6lrm0mfckp2e4pf2n4dhaejdvmqc4kM
modified: e/9/0f3kbg30442tlm71fc892glqcbtma1cR
modified: 0/a/stats
modified: d/9/fa470vklgk5f4fdnn7rrsircd0ohjhuR
modified: 5/e/a1jmri2sao2qsu8lbreqee4gj3510vmR
created: e/7/7c0u11rskq616hcmnallu98mrdd1v4oM
modified: f/5/stats
modified: 1/b/8fbd3q6akucbfgkfc668conslv6igtqR
modified: 9/9/b273nbj7t5j8aq0rmo1c7f6olqn7ds0R
modified: 5/b/c3us867m309lfp50bc1hj30u2b181huR
modified: f/7/stats
modified: 7/a/stats
modified: f/4/stats
modified: a/3/stats
modified: c/6/39dr5oflga3is2j8gpa20p9dnkhjfckR
modified: e/b/1457gkmf0efjutu01uj5780tgt4o17kR
modified: e/stats
modified: 9/4/stats
modified: 1/e/stats
modified: 9/d/stats
modified: f/e/stats
modified: c/9/b774kk25q0sc0ghase9hrf80rsrvse6M
modified: 5/0/4519i6hm5at4f9de04j0q3mf97feu52R
modified: 8/d/stats
modified: d/e/stats
modified: 8/2/stats
modified: c/4/792gvvmktdq14q7kuli3c8clr64p0ouR
modified: c/7/5d2ldj7ecm4sshkno0hifd3v59ap9l0R
modified: 0/3/stats
modified: 1/b/74c50sfpi3qmope9bgg1qiv352c3u92R
modified: d/5/e7pcr34bgrf1fkb92k7mu0r499jsb0kR
created: e/a/4becs3m2j8ufa0niveboj16q8j157cuM
modified: 0/4/stats
modified: 3/2/stats
modified: 8/0/stats
modified: c/6/a17o7glrl6kk2tr5mnn4ooektprud7qM
modified: 1/b/2bfj39515uf96rf4m2vgm5mpu37u8gaM
modified: 5/b/cemtcbgl9sljfmq6e6mvbjil0n1eh86M
modified: 9/9/792ffp5aa5hqee56kpacku8kl3s2hrkR
modified: e/5/bbv8fk1da3cll90q3qbul10h8fd7fv8R
modified: f/3/stats
modified: 2/1/stats
modified: 2/e/stats
modified: f/f/stats
modified: 6/stats
modified: c/0/38jg0nj68lbcdb67a5kniqc5nroblp8M
modified: 4/0/stats
modified: d/0/stats
modified: e/2/e7fa6ugo4mf1a8f97p30hevc4dde9gaM
modified: 9/9/stats
modified: 2/2/stats
modified: 1/a/stats
created: 5/3/6acb5mra4ioobor0mvuv3t9kk94fjkaR
modified: e/9/acifqr1qpmieg234r3lbcj41a2jt9b0R
modified: 8/3/stats
modified: 0/f/stats
modified: b/1/stats
created: e/a/01jbtcdd0ifb3jua4g0s1912ptlt90kR
modified: e/c/5e64tnp12ibur9nc38cpcf0nfqpg5lmR
modified: 3/e/stats
modified: 4/stats
modified: 1/b/stats
modified: 1/7/b7jigj47k08bjh232o94gta7jt214b6R
modified: b/2/stats
modified: 7/8/stats
modified: c/d/stats
modified: e/f/956bikq8t2u7jng5gd910vn0q1ofo06R
modified: 6/7/stats
modified: d/0/b58j6mgl4ireriq5b5o4c9trbp5put8M
modified: 1/1/stats
modified: 5/1/c5t7iak7389jh16tmu00k1crlf68ts0M
modified: 5/d/f48gnjers2lh9fe4r584oc03lscr192R
modified: e/6/ebjg5mrh22g15ov13o754i8acuth8imR
modified: 0/b/stats
modified: c/9/57cp7n727jcqqj4n0756qecsd2rnebqM
modified: e/6/stats
modified: 1/e/e7qch4t8uhgtfajmvmaips217e9uptcR
created: 1/1/7fr5agv63p5pdt68ihktg2akklrbnsmM
modified: 4/7/stats
modified: d/6/c6ic7d90e7brht4oo7j822mb2b2i8euR
modified: f/1/stats
modified: c/6/stats
modified: e/0/3e7bl3pc3vrtkgi09qchbfu1mn0uc8sR
modified: 0/6/stats
modified: 1/9/732066guhjeru5f9tru9qmhqcus59ogR
modified: 9/9/f21hjp0imeen2fvtog2fpg45riftjdeR
modified: c/8/171cu64qtu7b8srcvqmn6rtshfn2ijsR
modified: a/2/stats
modified: c/6/e3lb0gspca4a2vh56bhuldas9621ouoM
modified: f/0/stats
modified: 2/7/stats
modified: 8/6/stats
modified: 9/0/00t5ju8e0s2feokm57977sami0tnkt2R
modified: 1/b/e4eokb3ku9n7po3n9nuqs4rram9k896R
modified: 9/4/26jm4898kq8tg7csbu5ug3k1matnop2M
modified: b/c/stats
modified: c/d/c3hvjs3490rmpdr73u5nnt5cvmfomf6R
modified: 9/3/a25obh2vnooepn4pftmq86kti4be400M
modified: c/9/cf2p4g9mti3bi97etm7filk1flq23g8M
modified: 1/b/d1bch3medp4osrh0aq9fk9ti6n58iikR
modified: 7/c/stats
modified: e/b/stats
modified: e/6/4b17oje8l7ap35nhrb0otlgupkqut0sM
modified: 2/9/stats
modified: 7/7/stats
modified: 9/0/d4teu3u4ld12jj6kfk9p102nsv1lksiR
modified: c/5/stats
modified: e/a/3a3snog23lljbah6dainuti320hllh0M
modified: 9/0/5dhclkdivuunkdgj3467lr084hfankkR
modified: 9/7/stats
modified: 6/f/stats
modified: c/5/db7ruk8t2o7ro37eca2h6861dsl8l5cR
modified: c/7/stats
modified: d/b/8as69q36rel502l91mmdgoi5j8f7v0uR
created: e/c/66luj6b1t6d76up3i0jv83kvs68o3laM
modified: 5/5/9coagmjrvt140j5pu30cn2bc2l5su0iM
modified: 7/5/stats
modified: 0/0/stats
modified: 0/c/stats
modified: 9/0/4efjr6noq9a02e776iscr7a516oc32sR
modified: e/5/8en72ipp313d82jldlgfdbmafsqi4lcM
modified: 2/f/stats
modified: d/7/7dcaev7h926rpuk97jucrlqpsartcm8M
modified: 1/0/c1rrb0d704hdkgualcn6h24nqg4q57oM
modified: 7/5/97irmppfqp546s572m7urnj6o766hn6M
created: e/3/44escc79orlsg8tootbn4r4uksgldiuM
modified: 4/2/stats
modified: c/2/stats
modified: d/6/34qf00eues0lr9br5q462hgftfo7cg6R
modified: 1/f/stats
modified: 8/e/stats
modified: 7/3/stats
modified: c/e/stats
modified: 8/b/stats
modified: 9/f/stats
modified: a/b/stats
modified: 7/4/stats
modified: 3/0/stats
modified: 5/6/stats
modified: 7/f/stats
modified: d/d/stats
modified: d/8/stats
modified: d/d/afr4gf0si6uv9k8r7l83ijvba6or9hsR
modified: 9/9/602dou4r1qrjsjir9i7o80fn8vr5aqkM
modified: 6/9/stats
modified: c/c/8084vkpj0r6muq8a4ph4m0q9uecd2qkM
modified: b/f/stats
modified: 5/a/stats
modified: 7/6/stats
modified: 9/9/64obrglhqnspsu8dc82e7mb3nhpheggM
modified: e/f/44iqg9m5etg9mc6lsjf2jdukmd8unvgM
modified: 6/2/stats
modified: 9/a/stats
modified: a/0/stats
modified: 2/b/stats
modified: 4/4/stats
modified: 9/c/stats
modified: c/8/stats
modified: 5/2/f3vrm32nmjusvlvuek18rhfhhddpjnqM
modified: 7/9/stats
modified: d/9/894n251k63tb2psmmm99i4cqe3itma0R
modified: 7/2/stats
modified: 9/7/bag40jj33ie08el9khhd0u80l2rjl5oM
modified: 3/3/stats
modified: c/stats
modified: 4/3/stats
modified: 5/2/3bh6rugn3lp5jbam7teuapj9sslt7nqR
modified: 5/7/7f6u0dpmq9orvs0teo13umtsdk0anqiR
modified: e/1/stats
modified: 6/5/stats
created: 9/2/99399bmc8vdlmu669osm3ufbnddqv3oM
modified: e/e/88hd626n0qd32n4sn8p0svdp53ggrq4M
modified: 9/2/stats
created: e/3/9b4ife3ca65nsu15haib8pbflsahenoM
modified: 1/0/1fvcihk1hiv7bnh3m3rj2bap3l9chcqR
created: 9/d/47aq3546dcr35v00veigmh6jmnhdpiuR
modified: c/5/9a9o44lbuofa7ogv8iffmqr3u0k6td2R
modified: e/6/56jhagnii71d3aq0p9hjhbkev42pjd6M
modified: 5/0/stats
modified: 6/8/stats
modified: d/b/stats
created: e/8/62qv1fhhrtnh720fnsqi610j2ker3cgR
modified: e/f/16dp62d9v6taq3bq6k6vencsgtevukcR
modified: e/e/22vpn2hlr28qmo3s38po3cftk73uge2R
modified: 1/0/a2139iqrm4tru919a75jq163970v376M
modified: c/0/585c4940lf3jffn4tden5d9ooht7n68M
modified: f/d/stats
modified: 5/f/stats
modified: 9/0/stats
modified: 5/6/bfc3s4kamitaoerco5ckjefm4m113n2R
modified: 7/stats
modified: 9/b/stats
modified: c/9/stats
created: e/7/816hbpuo297i242a8qdlnk4nlo3t0leR
modified: e/9/d18cpld2a6egr60645rsvs2ccq41a0kR
created: e/c/612ojhhrg2nvqgo32gie4p8gkbvgrfsM
modified: d/1/stats
modified: d/stats
modified: 1/7/c0bmkb6u7kg141vo5hlm3pjiclr8ad2M
modified: 9/5/89q3lii184m5t9lrrp7lbtfpf5bgqbkR
modified: e/0/aaj7kqlhjk68j579i3gkm1j5p8vb0acM
modified: 6/6/stats
modified: e/8/8dqh30evarkl9minteovu11g2u5ujf2R
modified: b/5/stats
modified: d/3/664j2g83e5kedrevsur5a9gnq64q5qsR
modified: c/b/stats
modified: d/0/5798a059g1l4iinsjn3cg5s5m9ehof4M
modified: d/7/1a8t9ug5gqp6qi8b8p2qtdec3nlbpk2R
modified: e/6/587unbl8d5ko9h2ee37omtrtr64g3naM
modified: a/1/stats
modified: 5/2/stats
modified: 8/a/stats
modified: b/3/stats
modified: 1/b/f9tsthvd59leb9738suh66btbuqgtbkM
modified: d/6/stats
modified: 5/9/36jg7ifoi97ptj6r32ast74aql6j8amM
modified: e/2/4bk6itso8gsst14ia8g92pn5eeabgd4M
created: 5/0/801coa0vf3j70f1lb2p3u0miribk9giR
modified: 5/b/53o1fpt8v1mmj940tal13675rketim0R
modified: c/7/d13ia6v2mrejabllautuhimruu1pv20R
modified: 4/1/stats
modified: 8/c/stats
modified: 0/9/stats
modified: 1/0/cffch943qs0aoaghrfls0va7s2pfchcM
modified: d/8/5c8tkibvqtigtvru9na1avojdo2ggbuM
modified: 5/4/08s425dc2u1ntpu5r5lgqhruh7v95rmM
modified: f/8/stats
modified: 1/6/583uhn03lmjj2o3sd24hq4e1no56logR
modified: 5/4/stats
modified: 5/5/stats
modified: 5/b/stats
modified: 9/stats
modified: b/d/stats
modified: c/0/stats
modified: 9/7/06utgjbq1k0hlg6clkniiju6te19ac2M
created: d/4/71fcj12m7l6rjvcoakle2mh9f3ns4cqR
modified: 5/2/4ba827ugdjgd8pjv5cmhp2h8sl9en42R
modified: 1/d/stats
created: 7/6/c77js33lc9udv27nfu5ca23qqfbtcj8M
modified: 1/d/b7ie6ge74inui9dca9e24k2s9vdvfbaM
modified: 8/7/stats
modified: c/1/stats
created: f/1/e0s4bm6v9kpfgtk9gcpgqh92i2011jmM
modified: f/c/stats
modified: 5/1/stats
modified: c/1/f3nq1e6isrl3kpisljbejn4fqv1ho6kR
modified: e/b/91mjulq8pc94apv617i7apjmk8u89fkR
modified: a/stats
modified: c/6/8f1nftt0ej6h306o6c3o9puj6mqeut2M
modified: 4/6/stats
modified: b/4/stats
modified: d/2/stats
modified: 0/e/stats
modified: e/7/77cq1ogu22qersmh75e77omjcs6kr9iR
modified: 5/1/e6k9s8ali35esc1mt3vf662a1ruilbqR
modified: 3/1/stats
modified: 6/e/stats
modified: a/6/stats
modified: e/b/447tctj866i2vpdnlsae2hpdfv2i01iR
modified: d/8/26bp1b97v3vq30ke3lru5fnik5hh8fuR
modified: 4/b/stats
modified: c/a/stats
modified: d/9/stats
modified: 1/stats
modified: 3/f/stats
modified: d/f/stats
modified: c/8/a730lc7bjovkjasftvp87o0he3o88pqM
created: c/a/eerfjlhsvakbdn70m8dm2evhddadaliR
modified: e/8/56ngit5iq8r79es40aufflaf7ft6hcuR
modified: 9/6/stats
modified: c/6/c1o55hjk239qgecqo5gu12emnltfo9oR
modified: 5/0/c10pr8e71t63u5h1e9u594lsrkn3cg2M
modified: e/5/e952jppjtueibpb3u7d8oojff577hrmM
modified: 5/7/stats
modified: 9/9/fb04ugp03v7f89k3jkn5tumn2hf5nu2M
modified: c/f/stats
modified: d/9/7annn60gsm9gal3s3844ar0122p7ocaR
modified: e/4/55fmfgan0e9fpmcgpfimtus0rt2mci6M
modified: 4/8/stats
modified: e/3/stats
modified: e/7/stats
modified: f/a/stats
modified: 2/d/stats
modified: d/0/edun4stpr0c3bf4bo2vo9dpbqqju6aqR
created: e/a/be73ssu1iginq3gtb4lv43mo9q2oc9gM
modified: 1/8/stats
modified: 5/b/a0h0mnr1k8d32ttkj1p5if2g8m62n1gR
modified: 1/7/stats
deleted: 9/7/78i65c23blfv9odb30ltbt7cad8rgueR
deleted: 9/6/95ohhre1ribpo2jlqppecsbufbuusv8R
deleted: 5/b/4bn8v5j83dhlm3g788gqbt47ut67bb2R
deleted: 9/a/467c4c5rv8g8vackv9b1rdonfqgg8e2M
deleted: 9/6/c5plkfgdnngf293mjebgiotqrjepo90M
deleted: 9/1/b2ka5gp5sg8sk2hek9l14lqepmq55ceM
deleted: d/b/8cc9pcelnvtuujumldf56f1rrsoa5r4R
deleted: c/3/cftrm9hk282q3qdn6p1vk0jhcdfq5joR
deleted: 9/4/28gfk18op54h7ns6osssu27h16f1kniR
deleted: e/f/403vl2jdg94omsk8v78qr1r20evfplcR
deleted: 9/e/4etbp001e8dt2qf9747gbjcpvf7qi1qM
deleted: c/1/eff9o3hmq2e34csos7vcfjtv78er1iqR
deleted: 9/0/757c4ikuelo0k9e4jqt7trn6kejaptkM
deleted: c/2/6ehmcp12kvft98ck5m1ncvo2g8fnn2mR
deleted: c/9/c9bno4iihh8bjrqvl0g9p2m0mj1hr6kR
deleted: c/3/571sitqgdet8jefb5nplna69tv2b50sR
deleted: 1/d/ccicgkfe5hfvfaijahj64orms2r05riR
deleted: 9/7/951ujk6jglp50kl2g95fr3eemnd1cq4R
deleted: 9/4/f1hr9e1jlbillkvhcq0d7444s654n66M
deleted: 9/8/32rbra0ijm7ca2pd6dap0dhetsq807iR
deleted: c/e/318v5ineuvg3jii22gpgb11cgp4an84R
deleted: c/e/0e1v705flq6udrm6e9i9i16ddb4j91aM
ccache cache size is 256Mb.
Uploading cache ccache...