SHA for cache folders (/tmp/ccache_dir) is 'bfff5622f34630772ae8a84d5003dcb1c33b9445b0ce371407c0a13eb660f590'
Cache ccache has changed!
List of changes for cache folders (/tmp/ccache_dir):
modified: 8/stats
modified: a/stats
modified: b/stats
modified: f/stats
modified: 1/stats
modified: 2/stats
modified: 3/stats
modified: e/stats
modified: 5/stats
modified: 6/stats
modified: 7/stats
modified: 9/stats
modified: d/stats
modified: 0/stats
modified: 4/stats
modified: c/stats
ccache cache size is 691 bytes.
Uploading cache ccache...