SHA for cache folders (/tmp/ccache_dir) is '9f25df70d1644f3726bcbcd4894a5ee283b4e8b67281b70945e184338e8fe84d'
Cache ccache has changed!
List of changes for cache folders (/tmp/ccache_dir):
modified: 5/d/far9fbkt4ke4ff7lls1gff2vjnkvuu2M
modified: 9/a/stats
modified: b/b/stats
modified: 0/5/fdrt6u412d6g3o37p6tr404igop6m36R
modified: 0/a/56m48ruhs6ua64vo81u7eav1s4b86q2M
modified: 0/0/8cbcko9elkhghhkbsnapn9e1jav9m6kR
modified: 5/5/stats
modified: f/4/31e00kifgvquhs34hg27iv5efh4t4b4M
modified: 1/9/stats
modified: a/d/stats
modified: f/7/d6mvc6fhneourbhg58m3ttsh3s2ug3oR
modified: 0/0/45di27ngir533pr4c9plitthros1useR
modified: 6/9/6d70989c2tr0cb0t2hdkeod3aj1btkqM
modified: f/a/stats
modified: 0/4/6c3p085e6cb32aia9h9jvo4g6ve8obuM
modified: 1/e/stats
modified: 5/e/893o4124mkd72mvg6rfeffvkiaptp02M
modified: 1/5/1eo8f35b12919fh3pabvpq4ck09fmdsR
modified: 5/7/bc93e1l1979do3rq3r7j2fnh38oipisR
modified: 0/8/eevdsgg0rlvh7t843rcba5rsmo0j8joM
modified: 1/8/d0q8umbl6k9uf274ol77si5llvivjncM
modified: 9/4/stats
modified: 5/e/57fg5angjotn9f0ib07lha9ov3cpraiR
modified: 7/1/stats
modified: 5/0/76apk454i49iipbc4nvchqtlud54osiR
modified: 0/d/stats
modified: 9/6/stats
modified: a/5/stats
modified: e/7/stats
modified: 6/3/b3baucripgeg1osv42scikk5c2c7rfiR
modified: f/3/stats
modified: 1/0/80ieohje21mcbe7jr53l6dbqt11501sR
modified: 8/f/stats
modified: d/3/stats
modified: f/6/12fc1dmea8mfvcu9c8r80f0q0l027j0R
created: 7/6/07in1ie419qm2evqdplbkbndkg8rmpoR
modified: 0/6/stats
modified: 3/9/stats
modified: 5/f/stats
modified: 4/7/stats
modified: 5/3/568j46g57dfmrbc4t684gc8ejtfqdooR
modified: b/2/stats
modified: 6/1/2c4nf5qb58hri3buj7kgaqmgk9oafkeR
modified: 3/a/stats
modified: 0/6/6dit0gfn5o3qve99cgs74sbhmloblhaR
modified: 1/1/5cqv5iladsihcvrrvvd0pop1ogaavhiM
modified: c/2/79b3753lvitisgr74j5vi0acprlcor0R
modified: f/0/d706s3bsk1sn9rmcv3brrifub7dp12iR
modified: d/a/stats
modified: d/d/stats
modified: 6/9/36uhc1dnrjgh7068crbi9itvqv86iiiM
modified: 0/8/062rfkj5hqbjnic95odrbv7fmebdb2oR
modified: 2/d/stats
modified: 5/4/fak05jvsh0s2b581pboiqdvpqipdracM
modified: 5/0/82e6g0tvtcnvtsfjinlfkjsvsag5c86R
modified: 0/a/96tmqhf5j8lpp0r1lrvlggblh0s51a6R
modified: 7/3/stats
modified: 4/e/stats
modified: 8/3/stats
modified: f/8/3cit4tfrra8qn67qs3t2kdmqtib5h6kR
modified: 6/9/64f9rkhggcl4hk69s0cvv59f30fa8jqM
modified: f/8/b7sq9l1odes6ll00rasjo865l0iqvbeM
modified: 0/3/acka9ji8u8rn5gtmjml4su6llo02arcM
modified: 6/a/dbjvi81eker5u70m3bptshsl1usjpe2M
modified: 2/1/stats
modified: 6/1/e4739ktfrn29bpc8e5uoubffjn62b4uR
modified: f/0/18u6uf67564pd93kan9jia3ro7buvv8R
modified: e/5/stats
modified: 0/f/f7fq58vqead2gu5n0kf6giap5b3c2t2M
modified: 6/0/26hdbiv047baq4akf8v4vf64opcsjekR
modified: 6/f/ablt0680d8n4pa40lfscup2slavfd9sR
modified: 0/2/stats
modified: b/d/stats
modified: 3/8/stats
created: 7/c/9apftprmqcantct5eq3a68jgq95op70R
modified: d/5/stats
modified: 2/9/stats
modified: 8/e/stats
modified: 1/1/stats
modified: 6/5/6e1jtjctrmvqvmthljhq2o9c9g3ghn8M
modified: 0/6/9asrpos13j2o2mapbntec9aovd1ve24M
modified: 0/b/f0ksg7nm4nlkaua9nruf36eoga26q8sM
modified: a/b/stats
modified: 0/a/920s58sl6hmsn19lkpl9r95bfsrujraR
modified: c/9/stats
modified: f/4/79mfqmf64uqnul17sbhik5ig0drm8euM
created: 7/4/66i50j04iic1uk59333j8aol6obhankM
modified: 6/8/ccpoi2q9m13lidtfccnsp6bd0mlanaeR
modified: 6/4/6asurqgts3n97209v2b7vr31c89hudcR
modified: 7/f/stats
modified: 1/7/stats
modified: f/0/stats
modified: e/0/stats
modified: 6/3/fdog3874d6kuhpba8t164uribh0k6a8R
modified: 0/b/6clr25dm87kfpnm64itdalhlhkb6dvgR
modified: f/8/11smkmlseulmu0rlqe3cplf19mg07b2M
modified: 6/0/bfibrt5at70k8ul9o9aa4v1mmqk92c0M
modified: 6/3/863p4dne5mkcsqduejqsuvbag4n8pdmR
modified: 6/b/aeoua88p4rcvrqk895a2igt3tgkjgoiR
modified: b/a/stats
modified: 6/7/1b6r08cchqpa01ulk49cdeg8hau0jd2R
modified: 6/0/a42rh8ra0gtqir24kbb66o8epha2pviM
modified: b/f/stats
modified: e/b/stats
modified: 6/c/c8dvoef0ss8qodr3mhjm4q95q5rvu32M
modified: 3/d/stats
modified: 8/5/stats
modified: 0/stats
modified: f/f/943osj6fo788qocr30q9eunu11qr31uR
modified: d/4/stats
modified: 0/c/c5lj451bo11k4pbvbam4rsdqsj4i10mR
modified: 6/a/23s21hdkusjn6077lsatvekgmltlrisR
modified: 0/8/cdj23pegjtt6sqeqt2adb69vcadm1e6M
modified: 2/7/stats
modified: 0/0/41jg11roc3d0c4lba8vc7i400hceaqqR
modified: 0/4/acilhnksomp6m9m17uiuq8iton74c1mR
modified: 1/4/5ec67gr4e7sunphj6b0bergalvbsu6qR
modified: e/e/stats
modified: 0/5/738mit925lk0v3vb6muuag9cd10a4mqR
modified: 0/1/c6p0gfe05lejm9tei96bo43ei7t1882R
modified: 9/e/stats
modified: 3/2/stats
modified: 9/9/stats
modified: 6/2/98rljau8uehfm7ek5d304o01toh68rcR
modified: 8/9/stats
modified: a/c/stats
modified: 1/b/stats
modified: c/3/549celcjkqnuo02g24huk5ge4utqef2R
modified: 6/f/54nhp3jjg8bv64mabia2483dfbp9o5gR
modified: 7/b/stats
modified: 9/7/stats
modified: c/1/stats
modified: e/1/stats
modified: 0/9/0404ska21m78fu90ah1382nbrd9jissR
modified: c/3/stats
modified: d/8/stats
modified: 1/8/44kp4s2ttipsfe8fd7b6huelr6uhfacR
modified: f/e/913m4aathc6t8vp13s3niqubu9ka5mcR
modified: 1/0/9caav28kuiq5as7mjqbk56s2ifnnb02R
created: 7/b/18p125n1g0paig5jouuqpi3h96lcnvgR
modified: 4/9/stats
modified: 0/e/0es2mkvo6151kfdnuvb2tfkc8rfncq2M
modified: 8/a/stats
modified: c/2/d9uqvp1jfp929tm8uq85hone89mnh1kM
modified: 2/c/stats
modified: 6/4/0b6jgjpv3heqfj44vm1su8isckbgfkoR
modified: 6/c/stats
modified: f/4/c3pnjuucj3ibibgj1frvc7a0sva0cncR
modified: 6/0/8ctl0nreif66idqjfm97oq8osjc7hguM
modified: 0/9/59vakre93i80vhmiof9f5s2n8emtpdmM
modified: 5/1/eaodlttbgviknnnavs6mtrimq8nf230M
modified: c/e/stats
modified: 5/1/85uofkc3dh75ft6fjkf9a1gbevif60iM
modified: 6/a/stats
modified: 2/6/stats
created: 1/1/a1ahi96runv9u1fftvo8s6r4ka0jpo2R
modified: 8/b/stats
modified: 0/b/73ssg0kc6vupa1k7c7uccmufr22mtjoR
modified: 3/f/stats
modified: 6/e/95ioh8etq40lqus19ak8g0lcellr20gM
modified: f/e/74sdtokngfpin5gtgeh4hsfiih2m0gsM
modified: 9/3/stats
modified: 1/0/7bgurmo71ht8ooaoqc1plp7jq5djhn4M
modified: 2/f/stats
modified: 6/4/stats
modified: f/0/3f33t0ehvkcc8smvvrqtljnd3rujricR
modified: 9/b/stats
modified: 1/2/0d7fujscn9t4vreo11hptcffaieq2vgR
modified: f/0/221fth27rrv633pa3rghnomi7objmk6M
modified: f/d/stats
modified: 4/c/stats
modified: 7/stats
modified: b/e/stats
modified: 5/0/79hsfpiisq2ofk5r11fpq9b1fufvn7mR
modified: c/2/d6jc8m6m7l8ji4icsn4ego4ug20agb2R
modified: 1/7/e6uq2iji66f2uk4m1tpviqpb953hd92M
modified: 1/5/stats
modified: 1/3/dfsaflr6g010u4hl8lo9u5sps49qvcmR
modified: 5/2/b6o3dcbipfllv1k2i0990j3ojtb5umiR
modified: 5/stats
modified: 9/8/stats
modified: 5/0/stats
modified: f/8/72fj6i3uglr1dg2jjte9gsre5fhc2u6R
modified: f/3/c4pfj48cekji2u5nb47jprbgh7dru8uR
modified: 5/3/78ia8838pna6gqrp3bk427f2o31sdskM
modified: 5/2/81l3jerujshif49vpif90g54tj1jf2sR
modified: 6/3/b4sg39oi083cml53kae0pmd081h5bigM
modified: 8/0/stats
modified: 5/e/514677ruhmhaq0hk4bdgtnappdo1p3iM
modified: 6/3/stats
modified: 5/8/stats
modified: 6/b/07m2pj53mkhcfcvrc2hfpsoc32nuuaqR
created: e/b/f4gk824geoe774oskftq92jkkidctfkM
modified: 0/4/94j99mpk59jqrt9nu79edvao1osoh7oM
modified: 6/6/e1ob3c43tng0e26q9pm49qt0ppf4418R
modified: f/5/a5dfsee3cioh7e0grsa24i2mp3k8o98M
modified: 1/f/stats
modified: 6/3/8e1t7ops3q0h5fa8vkesc7sqfqktc62R
modified: b/0/stats
modified: 6/c/ffauphsgokeg70k715dd168q4nfqqp0M
modified: 1/stats
modified: 3/7/stats
modified: c/2/9fdnic7mns48uuqjd8uascj832vlqnaM
modified: 1/c/e1c8cksmsiiubja1g95r8cbdg8c85p6M
modified: 0/5/a60tuduo7dg4uijsf1tlihvta09upjiM
modified: 1/7/25sm4cdkirqupnq85sa7u6d56dd696sR
modified: 1/2/b7ghkstdnv631iiv88ds9vgei2ktqcsM
modified: 1/8/stats
modified: 1/a/stats
modified: 6/a/ca8bvu27073inbs38oll2be67rl6p40R
modified: 0/5/stats
modified: 5/a/stats
modified: 0/1/stats
modified: 4/8/stats
modified: 0/c/d89h0iumf1m48hm62lm17m80jibrku6R
modified: 6/d/21ea7kkt4pid83kvd1cv4obtg2sdu90M
modified: 9/5/stats
modified: f/5/a41vlrq6b0duteirmmr8jekirquqovmM
modified: 5/9/stats
modified: 5/3/46bmsbnlqhm74ld84kt2ckdp54tg6s4R
modified: 6/1/c1j1v4k2dtnlfikkhr3h9c7u5vb2vdgR
modified: c/stats
modified: 0/3/stats
modified: 3/e/stats
modified: 6/a/44d9j98re8iqje199nepir18i721h9iM
modified: 5/2/dco03irk6mg5k7u6659uaibejq97uriR
modified: 1/4/70nhcjghdmjk8ln5vjshvk8bhk3l3o2M
modified: 5/d/stats
modified: 0/a/2ede7302cb8omdkciic79e452dvcfq4M
modified: 2/8/stats
modified: 6/6/ff0albqpg73ktjjc10rpkj9jo0nab9uR
modified: 0/2/71kbjtt7icrj1a6s3ans3f182gfk0riR
modified: 1/0/23tokgjbjj49gtsskhc0aab7d1bldrsM
modified: 0/e/stats
modified: 0/3/4a5mcd9u2l1lf7747scf51b5ro03js2R
modified: 4/3/stats
modified: 0/9/48qhe6vs2iumdrg2fn46lcug0cirid4M
modified: 6/stats
modified: 4/a/stats
modified: 4/f/stats
modified: 1/f/f65ootbem531mnmf8hj56psv8mlab2cM
modified: e/a/stats
modified: f/0/e79pi7ohdj1m9clgpog8atu66n12b2kR
modified: 5/8/bekmeid75sitbkkmemhuac9n0tk2otuM
modified: 1/4/5acvremhjjqo9bslouksrpk3524dqraM
modified: 0/0/stats
modified: f/c/stats
modified: c/6/stats
modified: c/0/stats
modified: 0/f/stats
modified: 7/d/stats
modified: 1/2/stats
modified: f/a/d2gug1f2dk58bhn1u8c09jbuo7apfliR
modified: 5/2/94pjgrmkjetjls8bosng6btk9b18rquR
modified: 6/c/31i2ihumth82846ia6c2k41m8if6areM
modified: 6/8/d75g5p4uufpulrn0esdicoh55mlc9vaM
modified: 5/b/102niv265aoq09dvrmhamjv7a8k3d98R
modified: f/b/stats
modified: f/d/e3hsto35nagppr6ra7cj2926gf6658iM
modified: f/stats
modified: 6/7/stats
modified: b/3/stats
modified: f/a/20lhjoi60cbhosvvsdrbi2butvq31vmM
modified: 5/4/98la3klmt6doop8romhj2hmp9n0i99aR
modified: 0/a/stats
modified: a/1/stats
modified: a/a/stats
modified: a/6/stats
modified: 2/3/stats
modified: 5/3/b5dl40de0oid4hflqi1g3m5qkhn21vkR
modified: b/9/stats
modified: f/7/9641kkntr1pv02sujqb1l05dosn2fuiR
modified: 0/c/stats
modified: d/stats
modified: f/1/stats
modified: 2/b/stats
modified: f/0/53li5d45das6o31v5ru6k0dlq16ibbaM
modified: f/f/2e6lehkng0718lvfgqutu5gt1o1bb4cM
modified: 8/8/stats
modified: 6/4/6beos24t5qrqns1he5kti98f4tcn59eR
modified: 0/0/e8u5sk91n5i3avogsrf7j86rv3drj5oR
modified: b/stats
modified: f/4/17ncl0l41j7nto55grgooks6io6k6cuR
modified: 1/0/4ff0ge9omkc6do0sl5mpsshs1ih9lleM
modified: 0/b/stats
modified: 3/b/stats
modified: d/7/stats
modified: c/f/stats
modified: d/c/stats
modified: 0/6/4bgg72eg3n6njjpdhqhsatuheealc1iR
modified: 9/f/stats
modified: 4/0/stats
modified: c/c/stats
modified: e/3/stats
modified: 1/6/71bgfu30qhsm3atviit2ili4csi3evuM
modified: 6/e/43jd08idhek0lv3jh9etecpsrk3ruhmR
modified: f/6/826bujlsphm34a5l4iif0to2sjd5k5eR
modified: f/9/f4sd0oqcbs2fcfk5jqn6ujfg26ugdboR
modified: 2/5/stats
modified: 5/4/d62kkog59b1ee9dmcrun9mqv7809kvkM
modified: 0/0/98h4t5mj2g8doajcmhq197f00k2o73eR
modified: 0/6/ae4a95rbdbd62i6gos248lb4rbpcn24R
modified: 5/4/4bkt4m15771fe759ui1sa88k3eg98osM
modified: 6/6/stats
created: 7/a/f76m63cve1kivfdc037fta51dk6rf8aR
modified: a/7/stats
modified: a/0/stats
modified: e/d/stats
modified: f/4/stats
modified: 1/1/16atfeirhmk01k8ufq5bdhlaoqen77eR
created: 1/d/805vtonbojo47gtjroj6khhvgvkt1sgR
modified: 4/b/stats
modified: 3/4/stats
modified: 8/6/stats
modified: 4/5/stats
modified: 6/2/stats
modified: 2/4/stats
modified: 7/9/stats
modified: 8/1/stats
modified: b/4/stats
modified: 8/stats
modified: 9/2/stats
modified: c/8/stats
modified: 5/5/39jdmjpsia3k1o5a09aahltc4cooc0eM
modified: 3/1/stats
modified: 1/4/7dn45b1th5lo97js6mnkjvjj9210r0eR
modified: 5/d/7ctovv6rrgqa5090a25fgo7c7m3k8fqM
modified: a/e/stats
modified: 2/stats
modified: f/1/813qp2o3a5aim9ad83ohkv442flhieoM
modified: 1/1/16ms3c27ok183ll0srmihkffrmkbq98M
modified: b/c/stats
modified: 0/e/e25um7kh6amj8mck8dpso1503osngo6M
modified: 5/b/59seahs3m9lf9fkvmoojstl44ejksf6R
modified: 5/b/stats
modified: 0/8/stats
modified: b/5/stats
modified: f/f/stats
modified: f/2/5fod27c1efmm7l4356l708p033ui8b8M
modified: f/e/6415tl9blc9kj2ihkem9lf9lu373vaoR
modified: 0/8/ceo5bchoog3pt509l1du1l5o448ask0R
modified: 6/5/b72ejo7vh9t3v757p2llq4tmmh4063cM
modified: 1/3/013goq9thod68p4cp487hjct7kc75ssM
modified: 7/7/stats
modified: a/3/stats
modified: d/6/stats
modified: 0/e/c8j67ig4bvgb7649quvktkbfdu9sh8gM
modified: 1/2/damifesb6p06k5888ubd0di89du23liR
modified: f/1/17elu5le20uhc5t54hn3spqditqp8u0M
modified: 6/6/1civkqo8av0grm0ohgg7l3oda9vo1m2R
modified: 6/3/b6u04jp0or4ngvkj8l69rmk8mh515v4M
modified: c/d/stats
modified: f/6/stats
modified: 0/1/2f219ho3264c72ijj6fn191oepposp4M
modified: 6/0/95dg5cp4bnfng4gi77d0vujq1j1f2nmR
modified: a/2/stats
modified: 5/5/80dgvbdsbpuij2g0tn2akcgj57orcv6M
created: 4/d/167drtum61l851v9v50mur819f2fs0gR
modified: 6/f/beheoq1l2tkg82p3o0u8smdvolsph4mR
modified: 0/7/stats
modified: 0/b/7egn3fb1lt7isha9db7hlhs7phoi53mR
modified: 4/1/stats
modified: 0/a/38oghhu5e5o8kctaliv0t79lma5oeoaR
modified: a/stats
modified: f/e/746ov4bji5ui1j11q9bpl80e6qq560mM
modified: f/0/88f0dfe0mddpenh9gnqq21g8364kivkR
modified: f/9/stats
modified: 0/4/stats
modified: 0/4/0cpk0ko1lmk58fgdbmm2h3otkspq33cM
modified: 6/d/stats
modified: 1/0/6f1o9kb8273fpkc47bgb8ptn9jvnlriM
modified: f/3/73k29u6qu2uf34n98j8n5mq0io5fujmR
modified: 6/b/89h4sp5bbua1c3vslhbgddp7g5m3f86R
modified: 1/3/ed1veej14p3kvtnphgif7o78gqpl44gM
modified: 0/0/17phgcc0tbdvi9lj6sn0dtfuhdhiidoR
modified: 1/e/2bjdqr7ondtpv0qk27tndrpp79euk5kR
modified: 5/d/e2deh0u5k866qdm7jqirrqpmcraon4uM
modified: f/8/stats
modified: 5/a/686qk0v68nrr7u53k53uve004d8q812R
modified: 3/5/stats
modified: 4/2/stats
modified: 3/0/stats
modified: f/0/b92hrhcjtb4dp1r8qvkgd2bjvn979v4R
modified: c/b/stats
modified: d/1/stats
modified: e/c/stats
modified: 7/e/stats
modified: c/5/stats
modified: 6/0/stats
modified: 7/2/stats
modified: f/d/c5o8pnl5c9ocn3ifnndl4ds4clicm3oM
modified: 8/2/stats
modified: f/d/8dpftutlrc2cufe1gm5kguvuuoq04toR
modified: e/f/stats
modified: 4/d/stats
modified: 5/e/d66f9s2vspvqi8j2hfckt5adhlk9sh6R
modified: 0/1/80r7fkacfhi87pnsmehb8qggqhk3dm0R
modified: 0/e/493iplj0r3qp5me84e2dlmj5k2tjh5uM
modified: 2/0/stats
modified: a/8/stats
modified: 6/8/a8884dit3i42dvh6krklcoor6dppiioR
modified: 5/6/stats
modified: c/2/stats
modified: 9/stats
modified: 3/6/stats
modified: 8/4/stats
modified: 1/6/stats
modified: 1/9/53bhrqimd51ja457sr1tcarf695enm8R
modified: 1/4/5bo9iupqcqn2lsu02s3l5o2v58fqr02M
modified: 1/6/adh0f2b6uinek08i8o5m7pnrala34e2R
modified: 7/8/stats
modified: 5/5/72hdj8j3f7qhh7qvhjb2rvpch7hmc6kM
modified: 9/1/stats
modified: 3/c/stats
modified: d/b/stats
modified: f/8/ef63kd5ucbdcmabvu58vd22uivqepfqR
modified: 7/4/stats
modified: 0/1/86u1k17999pl6ddom4beouoqgkooqccM
modified: 1/b/a6motcni9n7q09st8t1b2b7brfkefpaM
modified: 0/6/b4ur97ss85q5km2pdee626g6nludmi6R
modified: 0/e/085eppue4lg7kcgphhf61nrbnidv020R
modified: f/7/stats
modified: 8/7/stats
created: f/8/d8m7indbug85vbak55579gbs3gu9hmiM
modified: f/4/a6tnok822l4c29h3dlqvqsj6lnr355gM
modified: f/2/stats
modified: 9/c/stats
modified: 0/1/e7bmp44mh15io5ke6spgnvmpb16stfgR
modified: 5/3/d7l3hk2535fb647rm495dmt56spb3veR
modified: 5/8/cetc1glc3d752aem0h76bel6f2h43jqM
modified: f/6/73lo9d0m8ikne9ofdfncarl0h1q1lbgM
modified: 7/6/stats
modified: 2/e/stats
modified: 4/6/stats
modified: d/9/stats
modified: c/4/stats
modified: 5/b/72a6oql57t0locbsm63v1i4o3f9ci24R
modified: c/a/stats
created: f/e/5f1r0emj8r3nmth9ncvb5c689bsq9baR
modified: 5/2/stats
modified: c/7/stats
created: 1/c/9bsjfrdj90t6c35vq5bi07pchg2vp1mM
modified: 0/8/c6bl3l5to1fjp9varf47epakp052bnkM
modified: 1/3/stats
modified: 7/a/stats
modified: 1/7/2ab9s1u9i9us6pqi8o45k8ru6fatufaR
modified: 6/1/355tt6j15niv2hjs3f44d2utu3ili3uR
modified: 1/c/stats
modified: 0/a/492pt0kr9gruaa7rfq4m6hef5cvv9ueR
modified: 5/3/stats
modified: f/8/78jfc8lut37egfvnpnidakh20kqoce6R
modified: 0/1/45o7cpfs4oq5s08b2r9gtin41fae9j8M
modified: 1/a/99lb7hiu66u7slmuubhdhu9jo1kvmjmM
modified: 8/d/stats
modified: 6/3/5ffpg3lup8ca28qpvbdm52qn1bpan9uM
modified: 6/8/stats
modified: 6/9/stats
modified: 1/5/0ffop0a4793hb0dms3fht9k9kpsce48R
modified: 6/b/stats
modified: 9/0/stats
modified: 8/c/stats
modified: f/0/d1nq7kdonrn497hracgq5c1uj17u1nuR
modified: d/f/stats
modified: 4/stats
modified: 1/8/bfve6qcvupsanas898v94cbu91oijv2R
modified: 1/4/stats
modified: 1/d/stats
modified: f/e/stats
modified: 5/1/31hj526goa099m7o3v16ftqclh4rjaqR
modified: f/4/16n218gplgrhk9f7fgsv1u3jolimulkR
modified: 9/d/stats
modified: 0/b/601nudejhhp59u3580t5end0jcdrfnoM
modified: b/6/stats
modified: 6/5/stats
modified: a/f/stats
modified: d/2/stats
modified: a/4/stats
modified: 6/4/d6bgrk9rcujeooqkhv1tq2lakqg69j0R
modified: 6/c/ffjgmj05ogbtgp8qnvrvnoql7qvb6vmM
modified: 0/4/6ft3bjtblfful8gsgll0njoro0cq7nkR
modified: 2/2/stats
modified: 6/1/stats
modified: 2/a/stats
modified: 0/9/stats
modified: f/2/bd089gvdmuic2qf58rcfede1180pe08M
modified: 5/4/0fuuvqmmmidd56gh6psuf910u33831sR
modified: 6/1/bet22lgcc41cvub243h3aud79njju16R
modified: 0/1/d0ep595phks9i8re38c5bo535mjgqt0M
created: 7/d/ad99remt3r1tub1bqaauq6v0p4mj71kM
modified: 0/b/51j86276h6btv21v7i7q7ev7n5p8u16R
modified: 1/2/10q9cruq8lupm34efl5dqvk7k5hesqmR
modified: 0/e/9e20nmmhhevk07d8msfmvcthb07rc8eR
modified: 1/1/678m3btbjh0nh39q96qnen5m5s2trkmM
modified: e/9/stats
modified: f/e/7frr8gfa8ffnbfunqrrvljrj5ue6h3eR
modified: 6/6/afhdohum0nnurkl4qasmqh8j943gl0aR
modified: 6/e/stats
modified: f/5/stats
modified: b/7/stats
modified: e/2/stats
modified: 0/8/9f1ulfcugne01t3j11jisbvjpo484g6R
modified: 3/stats
modified: f/6/49507lg00aaqibt5ohh4tgcb02r6g98R
modified: f/7/30f7i8231p3tqidr8qejlat9snt49a2M
modified: 5/1/6cnuchqcirdu80mp18qotn37iim50q6M
modified: e/4/stats
modified: 0/a/efqdnal148njegrmrshj5963fmi7qqgR
modified: 5/1/stats
modified: 6/f/stats
modified: 7/c/stats
modified: b/1/stats
modified: 7/5/stats
modified: e/6/stats
modified: 5/8/4f3r39uujasmt6i4e1ftgoi6s1m6t0gM
modified: c/2/f29kob7p1q11krt4222dihmukgsobpiR
modified: 3/3/stats
modified: 1/e/20mf27586khcucou2i3nm0omfv6thj8R
modified: 6/6/8dvc5eslko7idj3prto7c5ufribui0iM
modified: 4/4/stats
modified: 7/0/stats
modified: 1/0/stats
modified: 5/8/b55q567453c3p8lfv64h0eihpiv39p0M
modified: 6/1/60vdosth5m86rrj0lt3h95o750s0994R
modified: 0/2/8evf45l9pho8bh9pd7ahn5t85srn9h4M
modified: a/9/stats
modified: 5/4/stats
modified: d/e/stats
modified: e/stats
modified: e/8/stats
modified: f/4/25gntdd0tgqh5j84o2ccfe2inat2jt2M
modified: 5/e/stats
modified: f/7/237k91862n0ll1qe15bok4j8vpnijrqM
modified: 6/b/20cgqe6ctjh9odrfr9ft5r5l9s1ufemR
modified: 1/4/39lc11mrfkns6kq632e9amded11t9t8M
modified: 5/7/stats
modified: b/8/stats
modified: 6/1/ddg70sbea2idoj3ll9lilhjaq5etbquR
modified: d/0/stats
modified: 6/c/170gc6c19ruj20qpk8k205f2oe81fdkM
modified: 5/c/stats
deleted: 5/3/e84i3mjjsmim699j43abigoadt7nc4gM
deleted: 0/0/48otvhkn3ockeinbp2r9fum2v6sugisM
deleted: 0/d/f4fdng25cqdbv6qg829e2rkjj1n8sckR
deleted: 0/f/b483bsn4gjgvg4f5bbici6lshsohnugR
deleted: f/1/0aenfnjbf5b1kkmlb1dm37ipp696njaR
deleted: 0/2/85c5jqjlqj655vr1feihtk35h1nu7gcM
deleted: 0/3/d5mrjf4e721n904lj9fnqrrsfiiess8R
deleted: 1/d/019bn08ojklt9b1lghmvbr6id50lq5sR
deleted: 0/6/68nuf0jh9cem4o2496ge1nciuveaoosM
deleted: f/d/ef46jlepvp4lopr1jbpkqmfti8kbi8gM
deleted: 0/0/5a7h6q0n4spk4ijq2o3q47t9ai11bqgR
deleted: 0/f/8c6beaaqmgg4kgt668reob1nrrhqm74R
deleted: 0/4/fbire15rafll29b6keb5o2is4harrmsM
deleted: 5/6/0e6h0v9tlntdtb4dheroepdiltqk6bqR
ccache cache size is 172Mb.
Uploading cache ccache...