SHA for cache folders (C:\Users\ContainerAdministrator\AppData\Local\ccache) is '5bf9d9990f8c6b181a465555100c377e5708036a449f89179faa67cee459eadb'
Cache ccache has changed!
List of changes for cache folders (C:\Users\ContainerAdministrator\AppData\Local\ccache):
modified: 0\f\stats
modified: 2\b\25u1m5l82odo4rm40cqet7hal8ia8umM
modified: 2\7\fctiajo1gvs6irhq4g0jqmfljgatv08M
modified: f\3\stats
modified: f\9\8ekni63iitqgso3j8fana4ehdisqkteM
modified: 0\3\stats
modified: 8\4\stats
modified: 9\3\stats
modified: 3\a\stats
modified: 9\e\stats
modified: b\4\stats
modified: f\5\05eov49kkmdjk6bin1k0u1snu63epjqM
modified: b\3\stats
modified: 2\4\cc2o2g0652d59nvoo4hn31mb2hpjet8M
modified: 2\8\stats
created: 7\1\a6jq9i03gg84lh428n01ge3jq01mt3gR
created: 7\c\9c0kufku7g67fksk1nj163m3flhq14mR
created: b\2\4bbav3jg9n0rb8tctmlcv2oi194mrq0R
modified: b\d\stats
modified: 0\e\stats
modified: 2\2\stats
modified: 2\3\stats
modified: 2\6\206ks78srvqbb2lu33tqc2nnoko9qneM
created: 0\9\bd9r9b0sq2qhecn3cvmkc96iv5kclqmR
modified: a\6\stats
modified: a\b\stats
created: 2\b\88vot091gf7gqvc34fu1h9i4qblsbdkR
modified: 4\1\stats
modified: 5\f\62l8hkgpp1amenuebtdv9nprbo8drvqM
created: 1\b\2767uc59t6kvum4n5iru63hf6s7d11cR
modified: e\e\stats
modified: 2\0\stats
modified: 0\e\841ecr4g6pjorisvjtk5n9oqtgjpkaoM
modified: 5\6\3b92q06dfctkkhlu60prornf8msba0eR
modified: 6\7\stats
modified: c\c\stats
modified: d\c\121p8apssbe85uvqghp42c3iruvgg58M
modified: 1\8\stats
modified: 2\0\89njm4g9cnho1cq8m52vqkqog620tf0M
modified: 6\d\ees45s5rmhnqmmfajvdpvmrakelt7nuM
modified: d\2\stats
modified: e\9\stats
modified: c\5\stats
modified: c\f\30v9d9kkbg4bf4fodda5g1a8809h1ssM
modified: e\f\stats
modified: 7\e\stats
modified: 3\e\stats
created: b\1\63hbsvkvrtcca1na9ds355u5te9ccscR
created: c\9\43et68srdj7vbd4nanjh38hi1ucfsi6R
modified: c\e\stats
modified: 0\b\stats
modified: d\b\stats
modified: f\0\stats
modified: 2\c\stats
modified: 5\2\stats
modified: 1\c\stats
created: e\9\a865h097bg200uoj58t44g4rij313l4R
modified: 6\8\aa53qkat61u4f8pdac646eb29vdmmp2M
created: f\8\2botq09tv0gbq94uu1e2ib1mtf8hj3sR
modified: 4\f\46qupc7lokt8qqfbpecq0qf5lkle8j4M
modified: 8\8\abth654ddhcot71qvmmmnumol71l6qmM
modified: d\f\stats
modified: a\e\stats
modified: 1\0\c8figun2e2qb562abjq37e5lfm44rraM
modified: 2\8\11rt7odnesqe5l746p6fe1qmkmk06f0R
modified: 3\f\stats
modified: 6\6\stats
created: 7\9\30e2a12vcs49sobl09gaucpn9at3e12R
created: b\3\dba6rlvhs49n2e1bh1vvf1qr69ktkt0R
created: d\7\dfpsp73614m5hehao74kbng8vvf69b2M
modified: f\f\stats
modified: 6\5\cdpha6av8tdvhos56klhmkrepqj5pp0M
modified: 0\4\stats
created: 1\6\76c2tl972u1opgdad44nfddt7hckp98R
created: 3\b\2apgmev2mp2gb8m2pna66dh27jagaigR
modified: 7\1\2760vr5gharubparmq00d7gknpr2ffaR
modified: 1\0\stats
created: 4\e\9banuevq8lrq46prpgs9o497i4268c8R
modified: 5\e\stats
modified: 3\4\stats
modified: 1\6\stats
modified: 2\stats
modified: 4\5\e72nr21304h0r8kmpalthbdmdavia12M
modified: 4\8\a0teb6f454a2qh88j83eujaf7trboqiM
created: b\3\e72b0qqasrk7f3mo9g36g4oglgk2nlkR
modified: b\9\stats
modified: d\c\c0ghiojn475bva47n7vg72mmcer3vm6M
created: e\d\19cmc6a5a54lqoq17jcv8cqfo41q6uuR
modified: 7\6\stats
modified: 2\5\35hl3vroqa7kkb96occmboq57l8s7ceM
modified: 6\1\stats
modified: c\6\stats
modified: 5\5\stats
modified: 5\d\3ahkiqn1ualgeg4ah32s318q8ke1a32M
modified: 8\a\stats
modified: b\6\aerdu8ekcv1jn0vf5dlrhf987fpk1i8M
created: f\a\35e09v5o87dp0e2hepv0job1mu2ha4gR
modified: 9\8\ebs5dbgor0qqbript8ic9r4h7ua9qiuM
modified: 7\d\ba6lhkoaflcnm4bd09tib07qla5gac8M
modified: 7\f\483lmff1fc4qjvfcll19dd1a9ml8haoM
modified: 0\1\stats
modified: 8\c\stats
modified: f\6\stats
modified: 7\d\stats
modified: f\d\aefh3d4e2nsfp0ot3usiu67fg7suk06M
modified: d\9\stats
modified: 2\6\80op0pqgk4c82d6uedmp8h5plraphl8R
modified: 3\2\stats
modified: b\6\46ehpoi73urdkg25a6kq9g5ns6odi8uM
modified: c\9\260478vql013rc6ku5o966gh86k6mc8M
modified: 2\a\stats
modified: a\4\91i3inqccgnfckajdkifcd0ampf6vh8M
modified: 4\1\67pgl3k0vmr3cprr5iemf51krumphdkM
created: 9\1\b5f9qu4uce04rfk7h1eldr42se7uql2R
modified: a\0\d61cem899cgk11g7brs3f5b3k48pghsM
modified: e\2\stats
modified: f\d\stats
modified: 6\f\stats
modified: 9\6\stats
modified: 5\c\stats
modified: 8\b\stats
modified: f\7\f91aubmf6ojl86q2kpsah9b9cupm7iaM
modified: 4\e\stats
modified: 7\stats
modified: d\0\stats
created: 0\1\1c10o5o37oussbgg3mccs5vn3ci1jrsR
modified: 2\d\7bc0l6rgm2t1nneu6idqfkv24aogefkM
modified: 6\2\stats
modified: 4\stats
modified: 7\a\stats
modified: e\7\stats
modified: 0\a\stats
modified: b\7\stats
created: 3\1\c5hnshh95g2s0vghj3ire7du24rq7kiR
modified: d\6\stats
created: a\e\81teh04nf024hkgv42k2is632temp0qR
modified: d\b\7eodqqpevostkbrmk9pp29t9qdb4adaM
modified: 0\stats
created: 6\b\6es8vkl4mgkb35ufseatt2imf1k274gR
created: f\c\671amg8h5ac0qs716ft8dsjdg11s2kmR
modified: 1\0\f3u3es64058dugcc8pgme5b3ovguup0R
created: 1\7\38mja222po1ikk2675sprpokci57sh8M
modified: 9\c\stats
modified: c\7\stats
modified: f\c\stats
modified: 2\8\6dfceqarei56ihhvshebf0f0evlem5sM
modified: b\6\stats
modified: f\0\50p4heov43f1e6g1mdsgrf6u99hnto0M
created: 0\b\07kbk97s2u4r0r68haj7r5dvdk7tes0R
modified: 3\d\stats
modified: 8\7\stats
modified: d\8\stats
modified: 4\5\stats
modified: 6\e\stats
modified: 0\5\stats
modified: 4\4\17hc3tegiae00s8q1h411d24nq3p8haM
modified: 6\8\stats
created: 1\a\c6f2cn0g1u0vsfovp7jog2gqgtro8b8R
created: b\7\bbu290d5c30kevotbhomdv2et1klu6qR
created: d\b\3dun6n9f1k1ua386nh5914khvj5jqo6R
modified: 5\2\c3tqto4tij64l9u3r5g6gbbja0cbs7iM
modified: 6\7\79dnlieuasi53mtq96dpf72526s3vjcM
created: 6\8\5713a2ke0ppsoi0qjlesvirudedua46R
modified: b\a\stats
modified: 0\2\stats
modified: 4\a\stats
modified: 5\4\stats
modified: d\1\stats
modified: e\3\stats
modified: 2\9\abab14vfmvtvii140rs3vmfps1bmk04M
modified: 2\b\stats
modified: 8\3\stats
created: f\4\158s0vomgprdvg5eog1trptqh3k99emR
modified: 2\b\6310vhkeebipphvqitmclishhn60pdaM
modified: f\0\2d2ut0j9ut5250rmu9pheb6uc3sf29uM
created: 0\d\17c745dfpd2tb48k3rutnqh5go36d0gR
modified: 2\f\stats
modified: e\8\stats
modified: e\c\stats
created: 7\a\c03cru42an0tifkheb6uv9uqfjdpps6R
modified: a\1\28h1jv79lfdkac5mlumrku97ib9ar00M
modified: d\b\466bb1gdvkuoubrrfn4m9tdirqbulhoM
created: 0\4\a92qf9nf3qd2auq7hdfgspcpd57fca0R
created: e\8\f2m745n1it875rj6s1jb5cc5krp889cR
modified: 0\d\stats
modified: 2\6\advkdorj3f0e556jc8jr44pmcv9cijaR
modified: 2\6\stats
modified: 9\1\stats
modified: e\0\stats
modified: 0\c\stats
modified: 7\3\52orsuh34u0fsfk31aprfq1kehie5toR
modified: 8\a\9bl2bvd6v02k6bdpc75i3397a92bam2M
modified: a\d\stats
modified: 9\a\038dj6jk0hpllqvr136imjn9qhr8bseM
modified: 9\d\2dit35buuvdkgfhcgt3kf5cf57n99hkM
modified: 9\d\stats
modified: 5\0\stats
modified: a\4\stats
modified: c\9\stats
modified: 7\8\e8ga4dveerb22ek2fcmf43rjltt5sc6M
modified: 8\4\fff93cpbsgkgmuif0qmv4kd32hg8h16M
modified: 9\stats
modified: 1\b\stats
created: 9\c\a7f0f37hmlv6au0uubpjdklm5n50ti6R
modified: d\c\stats
modified: 4\a\1d647n1tjcn5rvlk77s7ovjph8e9nf2M
modified: 7\1\88f927rgmgm95ql1f7k1jm0spe5brqcR
modified: 1\e\stats
modified: 4\8\stats
created: a\2\8an48cm2h11lmnaudktqoga36ub6e0oR
modified: 6\c\c4rnq5ejcf2disg6vf9qjnjecatle1oM
modified: 2\d\stats
modified: 5\stats
created: f\b\172becflin9vmri57epn0a712qics6uR
modified: 2\1\3ad1q5dp6lmrpqapmsvssblf838vmqcM
created: c\d\891jtf6q01ic2bi1uv5lts68t1f3210R
created: a\0\19cgf0th2o6tb5mhmn0nlbh8g4vnucoR
modified: d\stats
created: 3\3\7f2p4bnilip8ttgvfj8kap7tn6h3b0cR
created: d\1\0b4iki6bsvm1uj05kcfgoenh6nqt1bqR
modified: 1\1\stats
modified: 1\1\110eacff7rhgq3runs1kq6u8kmqhpa0M
created: 1\4\9cqu6avn1mra8ocdmk366rv2iivuadoR
modified: 5\1\c2cj4tbv606g97meltm03egpcrtkjgaR
modified: 6\e\89r6707cccg524b1a4472llpcgikv56M
created: 8\b\5dqi3i8ajk589k1c6c0nd1rbmou70tuR
modified: e\1\stats
created: 5\a\2daksn15somsovhr9m2ntbn75fp1pvaR
modified: a\a\stats
modified: d\e\stats
created: e\c\6ftvahno0nt6msjbfoanph3pq4oa6qkR
modified: 3\5\98khetc0bkub0eoc9utscfbgr9piqmaM
modified: 6\4\stats
modified: 9\b\stats
modified: b\8\stats
modified: b\stats
modified: e\6\stats
modified: 2\b\5ba3llrnjlnc0ko31afdu6ls92k4cguM
created: 1\7\ddcl9sfdk1pslgkqed1k3hb4nbt5iamR
created: 6\d\851o5h9qhkm70061qcq8q215g8qik2kR
modified: f\1\3dnr7dmra33e7no58ai9p8bsmecn22iM
modified: 7\3\stats
modified: e\4\stats
modified: 8\1\stats
modified: c\6\c241e29qj4ipe07im8re204qf6evc6eM
modified: e\b\stats
modified: 1\5\stats
created: 2\8\c076nj2kmcot6krikd70irr7bth1mfkR
modified: 5\3\27vh08fm202bifdott35bjfahu5565aR
modified: 9\9\c4fa5uhaj5o19gpa7184t94kqq9bau2M
modified: 9\9\stats
modified: 7\7\stats
created: 9\5\76sur7a9lrta6s31ae0gvvtqqis40tkR
created: 1\7\27b8klqj4ortc5u9kq9u4h60ph7fs94R
modified: d\d\stats
modified: e\stats
modified: 5\0\1c1m30nfselj9ld1038oatrnqht3fsqM
modified: 7\8\stats
created: 0\8\822i85t5cd2fs1qig1edt7u5uibeamkR
modified: 7\f\stats
created: 0\2\2d8emu7rtrh61irhkdsb5mmn3sbvto4R
modified: c\stats
modified: 5\f\stats
modified: 6\6\690psf19sj5ovgse47t327c1olqqfnoM
modified: 8\e\dfa88692hjfo2va3lmvtocvedoabp10M
modified: 5\a\stats
modified: 3\1\stats
modified: 2\9\stats
modified: 7\2\stats
modified: 9\b\04kbk1f8g3gtk7nckfrtuf7rvm6k9m6M
modified: 0\e\92vrs7q5rii954pclq6kk9kusuo6282M
modified: 6\a\stats
modified: 8\0\6apevtap5cbhdr269dig80dueg179doM
created: d\8\073ok1k96jem3aikujku88ginmmcqp4R
modified: 1\3\stats
modified: 9\2\stats
modified: 6\a\50pt9najc7meaa8auvkckvvgsq5dbbaM
created: 9\1\9dg2hk0nr3nvokimm94qj0cc4499tnmR
modified: 2\5\stats
modified: 5\1\stats
modified: 2\1\stats
modified: 5\7\06lec4rdfaatbr20qfs3cphqr4lkc9aR
created: 7\b\71ru81jms5dl9apj4pc1k2dd9qh4mdsR
modified: a\7\stats
modified: 3\8\stats
modified: 6\e\187ar5n1sehbs3j1gu04fjrg1blfa6gM
modified: 8\6\stats
modified: e\7\3c347t2e9m3o5gjm9vjhtqdtinpdq56M
modified: f\7\51rkhtf96sihi7j15th66oof7abo91qM
modified: 5\3\stats
modified: 5\6\stats
created: b\7\57tnsu17bo8mv83gbhg760c4b7pi566R
modified: 3\stats
modified: 0\8\stats
modified: 1\2\stats
modified: a\0\stats
modified: a\2\stats
modified: f\9\stats
modified: 3\9\9dpg0f2o08fnp7uggo3ho2ocp7u92oeM
modified: 8\f\stats
modified: a\8\stats
modified: 6\9\stats
modified: e\a\stats
modified: 5\b\a06r3kclilu6th4j69l796b3mvhav8cM
modified: a\3\stats
modified: 0\0\stats
modified: 9\2\804kpc9rrl4f81a2379dd3ividvh7ssM
modified: c\9\35t3lbknk9rap32klai4b3t5tpdk0uiM
modified: a\6\aa9svgocn7o65jotatvo1ccm5vdeebaR
created: c\6\36j9g4cekinqqjrdif7cq729rep1fqeR
created: a\c\facp951ogmab2950kds643cimqve2fqR
modified: 1\a\stats
created: 5\d\3ddm0s4qqfr5qat8eb7l9c8apab0ncgR
modified: 9\4\stats
modified: a\c\stats
modified: a\9\stats
modified: 6\2\6d4ebrgudaajbb4raj0p8m5g745nt74R
created: 7\8\aem1pr9826arlk2b51354t72m91rluaR
modified: 6\a\c0chqhbpbh49qq50mndrllf53j1qvrsM
modified: 8\a\93mmg2kchpf0tfe9v0pd49bgfcmo608M
modified: e\5\stats
modified: 1\d\stats
created: 7\8\2drnaab64r4rbqvq8r92k55hts3b278R
modified: 9\4\11et09por9ev64je0jgh3dp8hnnfsqsR
modified: c\b\stats
created: 8\f\7bqjp910t74e0sid6hqb30er35g67m6R
modified: 9\0\stats
modified: c\8\985ln67a9fak6ddq51fc1g53v1hv8i2M
modified: 4\b\ba9d5rvr5mbhdqg4tckiirshfut4bruM
modified: 8\e\stats
modified: b\1\stats
modified: 7\1\stats
modified: 7\b\stats
modified: d\5\stats
modified: 4\3\stats
created: f\c\9faad2hftdu8v3m5ll4tmnimc3j82riR
modified: f\b\stats
modified: 5\d\stats
modified: 8\0\stats
modified: d\b\32vs21jlc4tmminfr9g7l3mu1at6bvoM
created: 0\4\742i8omjstqkm5jvqjp1kgskjrtrugmM
created: 2\1\2acvbc9eb97d0ik0idf79lklb5bq9ogR
modified: 7\0\stats
created: c\3\0ba4gnqhrmc9j5kpf6r8khn64949o58R
modified: f\2\stats
modified: 8\5\aea3q3g856bkl1d38b5lueuomkg04ikM
created: 8\c\29ghm4p275cbco8ruajrd8eos954jn2R
created: a\e\98uv2nfu5uqn13k9t872j04jchdrgqiR
modified: 2\a\8dldgm8j6alk0pegv6r7pmk5q2fsp7kM
modified: 3\5\stats
modified: 4\c\stats
modified: 5\0\ebtgicmf7i326ek2qt2nh8o4ocrbpjuM
created: c\5\e20f8v9vefmsv8m5ku3f4vpepd86mt4R
modified: f\d\39d32lluje9moo2vf9gpgnbe6psr23gM
modified: 9\a\stats
modified: f\5\stats
modified: f\e\stats
modified: 8\2\bccnrqae9ebsslrkdiep9rigia54g1eM
modified: 3\7\08tvvrhftsraiinv88lh96rmugb63c2M
modified: 4\6\stats
modified: 6\0\stats
created: 7\b\f41vr2ah2f1ebcukn3rejv30sqju9ckR
modified: 1\4\stats
modified: 4\2\stats
created: a\0\7bneqjbr7f81smn2f23jlrss2j3otfaR
modified: e\d\e9aqifrm6h9lagakdqpjv4rkjiq4g8oM
created: 3\e\d36v46kmvu6lc0uajlt67aa8r4p62ogR
modified: 6\b\stats
modified: 7\5\83il500iucjtih4ss1ar12m15irnbcuR
modified: 8\3\6cvdr4rh53jl79g31ijq24qvf65uj0sM
created: 8\a\deaj0t8q55fgjkjp22b2j2oh6aki746R
modified: 0\7\stats
created: 2\6\e34ofho52onq908qkph9c3a8o3fl2j2R
modified: 6\c\stats
modified: 8\7\b8nesivjri342gl5vl7c7n02ne0e7p0M
modified: 9\5\stats
modified: c\f\stats
created: b\0\219ba7k87k5uf8211k7chdqtd84ilp2R
modified: a\e\aekrjja3bff3qs4oltmcralg0nod09uM
modified: c\b\690ilgrruv5r6pge89grkcopvgfaolcM
modified: d\7\stats
modified: f\1\stats
modified: 9\f\stats
created: a\e\3e55hn3c3lvrprfg6ehuggare09ltk8R
created: 0\c\2au5bvo2aiu3bdn3he94km626obuf6uR
created: 0\e\a5pb07n9as831kbj2u5d2ql0m3qojgeR
modified: 1\4\21cctkgorka76c3rdbgvqt3t1if99dgM
modified: f\7\stats
modified: 7\5\d7lt56qh6qb9vluocful0co2mqik3bsM
modified: c\a\stats
modified: 2\7\stats
modified: 6\3\stats
modified: 4\4\stats
created: d\3\0csqg655t8638vk29pa0f8lq6cpim3cR
created: 0\e\c8g179ntnreveqn89t4c064rjorsl7qR
modified: 2\4\stats
modified: 4\d\stats
modified: 5\9\stats
modified: 8\8\stats
modified: d\4\stats
created: 7\0\04in0ebqkjt5kucerk7g5odu0d41v4mR
modified: a\5\stats
modified: b\c\stats
created: 9\b\6f84ihoifopod8dahucaa8puhntsdlqR
created: 1\2\6fhnt1n844bouov9678lpi9ghp6ao1kR
modified: 7\5\stats
modified: b\0\stats
modified: b\5\stats
modified: 3\9\stats
modified: f\9\8fdllmpigpt3m5kvuakdu42lpl6tbciM
modified: e\5\299lklerqlkg18rbvqu5466bn9nb19mM
created: 5\3\26mlcv97fdjqdnjgoou8p0ubo0scp8oR
modified: 8\d\stats
created: a\0\aafrqo9a3dreu6r3gjv6chv93agodccR
modified: 4\0\stats
modified: 4\7\stats
modified: 6\5\stats
created: 9\4\c3aefrp41tpgo4482mdmai7jhn6elu0R
modified: d\e\4ef7fc977llvg9m5mfr4g81hqdsvrd2M
modified: 8\2\stats
modified: 8\7\b2bn242fshutrldl6p0uflureuplsfgM
modified: a\8\bcgnbak4o98pa0gc3ad68i4s36sj4nqM
modified: 6\9\3avndj2fe2uokkphesmol4s6uk76a72M
modified: a\3\6375ipc1bm4ptomdbvahjc8strpf6umM
modified: 6\1\ff1neial5sff782m4itvi4vec7m20ioM
modified: 8\9\stats
modified: c\8\stats
created: 3\0\b26h68kttd4bfc959ah40q5jbjjphlcR
modified: 4\b\stats
modified: a\stats
created: 9\4\58n6shjrqja9ia4pbjlpsq9l5nv3utaR
modified: 1\stats
modified: 4\f\stats
modified: 3\0\stats
created: a\e\6cbemjmj80c8g8bh03dnujrfs7b481aR
created: c\8\2b4g40h669ubb7jn6i6cods9vssqgj0R
created: d\d\6e06evr8cjkmnktms3cor17mjddq3duR
modified: 5\c\939lo3o4qv8qbhp65r8ojvt03jq710qM
modified: 6\d\stats
modified: b\b\stats
modified: b\e\stats
modified: 3\6\stats
modified: f\stats
modified: 4\9\stats
modified: e\1\e1u1650nfsu11se8c1he62teshefqauR
created: 7\1\2d96o7m719euagtju9olqeq7ikicib0R
modified: 1\8\b81fk16b6dc300ikm5gp2dh7rvudk62M
modified: 1\0\60362ran0m2q83frrcuket3jfd0ujo6M
modified: 5\d\216hh3g9f7vgci0uf7ptutto83q1d0iM
modified: f\0\29pj15ta8554iiilli6ljkqismtgklkM
modified: 6\stats
created: b\1\ef4b9aqljpsdf05vshv3gqv7pkprvcsR
modified: 7\0\ebahgd6ql7h6ulm8o0f7pv700it08cgM
created: d\7\0d8qvtokl6cku48fe82n6depmgj7ddgR
modified: d\a\stats
modified: f\0\8c9n25b5b4nim54r6kpras76flv97pkM
modified: 1\5\97tv15ofapgvn50fhc0jidskfm3k01aM
modified: 7\7\edeup3ftiaerh3rdrv2ii8qdsdpoiaeM
created: 3\a\8b0n2obk3554c4a7ddj053me6uaq3jgR
modified: 7\9\stats
created: a\6\21rlvg4p4ua6sf039gd1dikbi8msojkR
modified: 3\7\stats
created: 8\a\42kjnaorf90k8v66vahb161sltsalauR
modified: c\3\stats
created: b\a\b4i4bfaqvl0rc5b7eornnvrvotval92R
modified: e\d\stats
created: 1\6\00ra7u24mgvana04p031cre42agdnveR
modified: 1\4\eesq967ttipp7dfghrtndpjr26b21qmM
modified: 1\4\eflrlvuiqn69rfbch20628se4rb1gskM
modified: 1\f\stats
modified: 2\b\9fmeh0rj3oqieng022k4o21oer6vrssM
modified: 4\1\04ltk08j8oobiebfrns4qkme6f3rll2M
modified: 8\1\5bktueufb3el9hp1i5ufl7usnef94ckM
modified: a\6\5e3rhlathodfps5i2si1f3gfvqrd05cM
created: b\e\fd47ruo1ele2thrfl2gqv34csmph8j6R
modified: c\1\stats
modified: f\a\stats
modified: f\4\stats
modified: f\8\stats
modified: 1\6\24h5ctgulnkr1mkdr39rea0qqbn8j2mM
modified: c\d\stats
modified: a\0\57m6v9b49jffi8pppui6149sa8jic4oR
modified: c\4\stats
modified: 7\4\stats
modified: 3\b\fc7fjpf1tpblh6uvlhn8jb8kqp4il6aM
modified: 5\b\stats
modified: 9\1\5a8celu42ph4m821nfo2nka9itereq8M
modified: 7\1\0fo6db3509hrlsuosf6bufcpeooirp6M
modified: b\2\stats
modified: 5\7\stats
modified: b\f\stats
modified: c\2\stats
modified: 3\b\stats
created: c\b\8afcksd0ib9osj55afr0t76pacd3itiR
modified: 1\7\stats
modified: 6\6\44kknv09gclcntuv5tk5ogf62ortk0qM
modified: 8\4\a3vpupijlsb7du4uai4704k3mb142kkR
modified: a\5\077a19peb4rg9jptnecaq4u3k7sejv8M
modified: d\f\23mlrgdtp62ctpb4kfthjte5octlfisM
created: 2\6\2707n8rp81kskf41602ju9913g8g1h6R
created: 3\5\077nh628ubin9am2cuhd9deinfbcdp4R
modified: a\1\675dq58rn51t9aaedp03bcepuf1lt0eM
modified: f\9\806jgjepi3a4nhcro9alckmg3ar287qM
modified: 9\c\7asdnooo292n5qslnnak8cmebl0uh0qM
modified: a\1\stats
modified: b\5\f6u5mssibgs7eimacfq66rb4empbdisM
modified: 5\0\42hausp1u7j2ivi7l9293jiclitljeuM
modified: 5\8\stats
modified: 7\5\59fgj9rnf2k475g5sgiav5hjrlo5t74R
modified: 8\5\stats
modified: 9\8\stats
modified: 3\c\stats
modified: 8\stats
modified: 9\7\stats
modified: b\d\278f3so2ncfjelc47u8c0kqj8ts3v8sM
created: f\2\cc9k0pc8omvp1noaqhtt89u91nl2ugcR
modified: a\f\stats
modified: 3\3\stats
created: 0\7\bcoteal3orkrodh9hu1573lccmpmmc4R
modified: c\0\stats
created: f\a\6394cfc9gudbvgtqk7hj9aakm28brk0R
created: 9\7\12s5upj8iv4h923ajlu0j2e094fnnouR
modified: 0\6\stats
modified: 1\7\e2hljh36i4jbkrodv2gc4iet5n72kl2M
created: 2\9\1fr24fj6b5f63cuv0h823c9gn5ufro8R
modified: 7\2\b5so5dk0u07c53llre75i1cj3t7ld7oM
modified: 7\9\4e61r8mpcvoh2rpg8mvhh3hm2fm3fimM
modified: 3\4\e9kj3oke710vn3chhh0c7dfmr50562cM
modified: a\e\e5lg0nranqhul2sa27eh9pficgor73mM
created: 5\8\71mqjul1u2te8d4gum0ohaqihr40h1qR
created: 6\5\f7u8067ko15t4np3pa15qrfo8g5e514R
created: a\e\efm81ffgc8val1etvmnolql6etqnc4aR
modified: 1\9\stats
modified: 7\c\stats
created: 8\5\cc1o4nge7immi2k1i18vp0dps9gipcoR
modified: 0\9\stats
modified: 2\e\stats
created: e\3\fatahuau7tivf43dae6rpakffs2qvdiR
created: 0\e\89cjp5d51d0du6t4t79aej92poej5ueR
modified: 8\8\bbd7gno22dv39fig1tfcoib5f8ea0lkR
modified: d\3\stats
deleted: 8\a\6ftqqgtgb27jdmi1bmon85vo94om2eaR
deleted: 2\4\c5rcjagvnecbcb5mvesfg8cf766e3ouR
deleted: 1\b\3ee7p3c0rsj0ujetecaj1g70bhdo0vcR
deleted: f\4\d8nc3v6r0s5gr3qrfb5iknl7dvv6mc4M
deleted: 1\2\89126c1cbtode664i4fudb7c3k9jmv4R
deleted: e\c\3670e7baj73ep1hd1aqperr9uhk7qfcR
deleted: 9\7\10h9rind12sh50t8e2c62h6lv9dqu8gR
deleted: 1\a\505paltadbh7fsh7jklvch4v594qq94R
deleted: 8\a\963hoqn6md09eapnsgp344mgki0j3n2R
deleted: 1\b\9ab9pud50egrqii1j1t72f814r5lg70R
deleted: 8\3\e62p6ne89829dmpjb7gb0o61em00k8aR
deleted: 8\8\c94seiqcuihrbogfv27lphfq3b83p1mR
deleted: 1\6\bf2kk7reh30dev5j3g5qvjb23r073eoR
deleted: 5\5\2bsim079sje0g2nbiq6lc2mmvqj1ggsR
deleted: 9\1\2asinc4vpg2iuqer0umv37km6djninoR
deleted: 1\9\a4usq9449bl370cjt32e88irs4nk0rgR
deleted: 7\5\06l09pg92ffu8flk6fqo6164upc8qaaR
deleted: 6\2\56p64lmtn5gg4q5h1m8obidugj75ofsR
deleted: a\b\e8pkpipolhovvktm629qgpemi1ekpsuR
deleted: e\c\2amsn646am3cc55nhb4mm95f8uj8ujmR
deleted: 2\1\4b98ikjsjt3vr66bel2oqb5t85f0p32R
deleted: a\2\b6e2r6baua0l0lof367tt9bep4idtu0R
deleted: 2\7\c89fjm3hrao88setqvtcqro6aa178ssR
deleted: 8\5\25d0l900d7tteciaa085lubuurqmd36R
deleted: 1\8\bcevm5baqj4un5ugfptu6vsbv3n0vjeR
deleted: 7\a\56h1et30mcqobfh8c9k91meee2e4rk8R
deleted: f\4\393eho55j46nb0fjcb5ar8qldqeqgcgR
deleted: 8\9\c1t8n1q5p53rgj4uvi0t7sfo2qgbpf6R
deleted: a\6\63n23v9g7avj55piri23adlrk60fqagR
deleted: a\b\e684l7f9binlutlfkscst9bb7stm5m6R
deleted: 1\1\bci042jc0sojkdv5e92tm8ab4arc9qoR
deleted: 6\5\bb1m0536dngnk2nog8j9gkvgbbfoaheR
deleted: 1\1\5fed1tua2e9ca64smteatu3nml0t0q4R
deleted: a\b\c49d12f860uonbuvcml1rn05lb5k6fuR
deleted: e\9\2d9b220r6v6jfrqins19p5tq1fm54a8R
deleted: a\3\753sp3idm8i749ttbg6olt814nc5i38R
deleted: a\3\c63t2n6oeks6dajn02e3b3v407ccl6aR
deleted: 1\2\a95gqn9p87rm1jeioqmplr60t2fnhqkR
deleted: 5\0\6ecn5tue3k7kbffniqeedbsmboa2i1sR
deleted: e\c\8aotn77qbqsmialbsik6519fivn063qR
deleted: a\8\e4iad0a2nrt5aeksbtbf4fd8dqg0uraR
deleted: e\b\bamfl2b9o4nirc21p03r3of90anopm8R
deleted: 1\7\49900fqpseaeegqlglnavfrbqimgsgaR
deleted: b\a\8a0sct9103nem6hovlutu2n2pop86ugR
deleted: b\c\40d4bkga5uvdsgb66j9gjm90q2f8uh6R
deleted: 6\4\b52cagg2blsnmvvlabar6qa06kjl43cR
deleted: a\7\0a17e48fgk0lrl5tdvfl2unr53e9rs4R
deleted: 1\3\56d276jiegahjv6btd6v0ip7qgbh8maR
deleted: 7\8\8ckdntb4q2o0bt8mtcqmtk3n73rh402R
deleted: b\c\ablou19i0mbf46blbu0r6adc9kpuc84M
deleted: e\c\230jgtuldp11016frf42vsoes04io32R
deleted: e\c\6brurmqv6gbivg1url0fvnsp6mgbssiR
deleted: a\5\04n4ccfapor36on7nc7gn2in9s4qfiuR
deleted: a\b\5a5igrqlgtvg8kige1g2s77lbpvahbaM
deleted: 1\b\49leno987ji77vhp286u7npfl4qqp6cR
deleted: f\7\3dsig6o41s3tr0gcaimbmnfs25tdbaoR
deleted: 6\3\e20abjcg23go3fg44n2lvpk5hrqrjd6R
deleted: a\5\06b9ocikuvopproqng9cv12oo6cpm2uR
deleted: 2\8\bd0nrta02pepf8lbmask6fvemb89bciR
deleted: 1\8\01v7hum9p172toau2r0appri6b5uucgR
deleted: f\3\0b05dq4jsrblfppt7bouakt5iprqntcR
deleted: a\3\fb4gp8or3v3fjlidvs9gnl1rcan8k06R
deleted: f\0\7812vsn0o7bc7629gmms34mlgn6pntaR
deleted: 8\8\a4aapheggt583096apkqtq04f8ovjecR
deleted: 9\5\2ba9qehv7prskek18qm20feoqtrguacR
deleted: e\6\b5dg44scmma6387uq1uffep43935v42R
deleted: 1\1\b8kojs8ssl2f052q28fm8okavl629q4R
deleted: b\a\f9stn88n6q2vsak4truhu44tq3rpcaaR
deleted: 9\0\aej4f9cbab4pka1hh487k0cdk3lfks0R
deleted: 7\9\ded65u3quep5homp7ti0agljoerscb8R
deleted: a\8\d8kkhorh076lj39841rfajohrdq6nn4R
deleted: 5\5\aalhjancqtftf6vu6bktatl5p6aanl2R
deleted: e\1\aemfd3j8bkfabn1k6m8cvhm3bv5uq0iR
deleted: a\a\faljsi68kebvke2n612n8l39jij4lucR
deleted: b\c\75q1or1cmjb0bjabe8h2jclp86a72g6R
deleted: f\4\3f9n51eu52vnqstr3i5aaca4gkocgcqR
deleted: a\9\1da8db5ibhscd2oc7tnpkiiq4s9ppliR
deleted: b\c\4f52u1o4mtn2pesi3vftufv39h4bd4sR
deleted: 7\3\76cchjvpj9r6kkfm2t35939uc2tbqkgR
deleted: 9\5\f9v24uaokc4gufe5peaa4nmt1mlas82R
deleted: 5\2\6f2733unoq1kgmt77bgdu3cb7104iquR
deleted: 8\a\56a532eg537ehcqa477i0qd6hglifomR
deleted: 2\6\23oougfal7db2viof0ksjsip4ku5hpuR
deleted: e\6\1edhvohov90bd0t6d5acc2k44tu5v4uR
deleted: 6\2\f0cuf3eb45pm57rgjha50oaf4m3v9isR
deleted: 5\3\0bqcd512s8416tvb5k70u4tlvv2as3mM
deleted: 6\4\deerjvogs7ogadcoorns3kjidiff5k4R
deleted: 1\8\d9g3g3fscosc77gqs1kcob6p6qr25v2R
deleted: 8\7\a8h48n93dg731lgepovfq9u5mg9in86R
deleted: 6\1\bck231h2d2pdg71cg2m8lp07qmngadgR
deleted: 8\a\3en6jl9sheq40e97fobop0tpi3fo9lsR
deleted: 1\b\69m8ho7fjv8f89loqfrhbgl66jpntauR
deleted: e\8\a10r4teo67q38plb8hado6m764inoceR
deleted: 6\6\c8uaapuj203ograip63l9g8itvre314R
deleted: f\5\d147jveog1428t5bu11ubo90mrsm7fsR
deleted: 5\7\c95cqep889rs6eou6ml1v62vg3ia81kR
deleted: a\a\054utq78rqi9rimlrtm7n6hg0opgp3kR
deleted: 7\5\ecucfognano89n8e4kae2aequcsj0m6R
deleted: b\9\b8m2vf71r8m3o14cq8ji4vetkjae0roR
deleted: e\c\b6dngtvvejl9q8mimq8gq98nd55ntoaR
deleted: a\b\626kj3j3f272aunk93ua2bh62hiadd0R
deleted: 2\1\9bqphk07c9kgot37vtg0f48c83hu9r2R
deleted: 9\6\70823mfdi0qosk5g6pv7kie5r944h0kR
deleted: b\c\b8rguhmtatk6t9pher2sb363u967tvqR
deleted: e\4\9egobq71qrpjoai1riqehosrfrllh7aR
deleted: 1\b\6frlp2tsf28rttd1q9qkdc5crtaer9iR
deleted: 7\9\17bdhome5beube0c71ip13un3fo8camR
deleted: 5\4\fd0qafj81jmeh4iip4rhqmtd84gd15qR
deleted: 1\4\bbk7igh04npnp5g50iurce1fbc5e1aeM
deleted: 6\0\cfge6bhv2ndma9s6k37kedndrs62652R
deleted: 1\b\510378dg5jsup7l8pq0qduno0lusgfcR
deleted: 7\5\de3v32j7bad3ld7f3l3iqo6h3n9o5haR
deleted: 2\4\b23gt1posueln8vkhcvjge7ratke1f8R
deleted: a\1\1099sjj6rok1m17tup0utogfqr20vfeR
ccache cache size is 167Mb.
Uploading cache ccache...