SHA for cache folders (/tmp/ccache_dir) is '3c55d3c74a370faae536c6c12ed3194b5e902b5082e5e6096e89cdb4f2379494'
Cache ccache has changed!
List of changes for cache folders (/tmp/ccache_dir):
modified: 5/7/f7efd84a0f5692960c566aab66b651-14942.manifest
modified: f/9/cd2e4472a934efc3efc809705aa601-29240.manifest
created: 7/9/d233fcac8ca959c57cac556f690b26-2132.manifest
created: 4/7/3b78b1b8c99a03f67c7af77b064680-2863555.o
created: 4/a/293e630fdff57d900840b3c2887148-4984128.o
modified: 1/0/41c7dffca34cb1edd3d890109b49f8-10538.manifest
modified: 1/c/2f91420d6c3f990a18c4b457817846-17402.manifest
created: 4/6/1f45f23a594274f974d1b257d33b05-7067862.o
modified: a/stats
created: c/1/89790234214b42c2d2c5d92c472b01-6214193.o
modified: 2/6/8e0bd652189947ee7247760722be3b-3196.manifest
modified: 1/b/341118de5b6b2db3665c214cb3df30-3000.manifest
created: 7/e/ba405cfec9c97cf8649c8a86b9ed00-2156204.o
modified: 5/6/374f200d81f467979ddd27ae73fa3e-2587.manifest
modified: 1/e/0bef1536775e831f4204b198aa5d5f-8932.manifest
modified: 9/stats
created: e/2/e8650494ba70b21dd59b53fb252619-4914014.o
modified: 1/e/a2213b7c21ed5017e9837b900cc5b7-16150.manifest
created: 9/a/d13642fb1e0870377a37ce5624f074-6623581.o
modified: 7/a/063653a93c279be590926f24cb2abc-14851.manifest
modified: 5/stats
modified: 8/2/cf4ca0d02652a3bcec416e38e73945-6998.manifest
created: 0/0/ff60ff1de16d6e7026b6956b5e04e6-2977911.o
modified: 8/8/61a2d254ee64ee1cf6896ad26b1e49-31597.manifest
created: f/3/22bf670652a6280d32685b4c0702db-4861789.o
modified: 1/8/7f756058190fef37886b8ed5cf99b1-9525.manifest
created: f/5/2eb6cab67c0b83270f30762bbb3066-5592610.o
created: 6/1/176c947e949432c28ba0c8622e3eff-5726.manifest
modified: 2/e/ab680a7094804ed694ee3fd9827df9-7787.manifest
modified: c/stats
created: d/2/041658d5bcd474b42eb984a5f7882d-4943885.o
modified: 1/8/54d96e9939c10013ed208e61e606d0-18394.manifest
modified: 4/a/fd5ab9d94bab2d8819b37058f9fde5-2164.manifest
created: c/d/56ae3812832dc77b6aaac537c20c3c-5325649.o
modified: b/1/50d3a0a894f4486e4455d372424f8e-4697.manifest
created: 6/d/73aa791d71934c3bac4860aa038944-5313040.o
created: 6/6/969d203c8b4c0cbc8d0dd6b33e3f43-12378.manifest
modified: d/8/baeeb75f34bd2a14b3bdfbbcb2b79f-47441.manifest
created: 7/9/89f1185e7e25549281c7fb33534e64-2158.manifest
modified: 1/stats
created: 6/2/d07a45f6747a0fd5b75dcaea5dafe3-1707458.o
created: f/c/7f0ae6d1ab91f0de7515488d7ef5b1-12033.manifest
created: f/1/be1119b54e1a40de9675be6c52df96-4174247.o
created: f/d/5b9007d171310209bce0aa0f55e20d-1774721.o
modified: 5/e/d3da008129d181cc90dc2e3495e6e3-15864.manifest
modified: b/stats
modified: 9/c/95c4eb65b25926c3aa7715d9e3c621-5742.manifest
created: a/2/ab570f7711b0afb0babf5520ce233d-6949879.o
modified: 3/d/7b298bffdc7fa12351c47c71f0f369-65988.manifest
created: 3/d/b8fa3b635d0d1388dd8eca9be480c2-4287483.o
created: 5/8/7239337ba485e345c1b5292e5d8aa4-5379378.o
created: 8/6/b887f82bd0f3aa9f9780005feff505-4803276.o
modified: e/1/a70a1550bbbaf1a36c11f78e1fb072-3001.manifest
modified: 0/f/7a6e802d5265e993aca089d66244fb-4712.manifest
created: 0/7/ff85c31210da4f837bf5a12b04d8b7-5319964.o
modified: 1/5/941fdc5ba0d60eeec3905c0a9e1008-17966.manifest
modified: 4/1/e576459ca2993f74f60f2677918933-12213.manifest
created: f/9/82b5110aa95d7aef18d0cfd3572ec9-39314.manifest
created: 6/b/dc5fc89bce1e3a641c70fb2212efe5-11408.manifest
modified: a/b/9485246c5ae26e9aec585d20a423e1-4656.manifest
modified: 1/a/31511799e734eb256f6592db1b3c83-1750.manifest
modified: 6/3/cab67cb8cd28949d736433e84ac103-10952.manifest
modified: 0/0/0d8cf87f0b54344ff921a4b825f739-21929.manifest
modified: 9/2/c5fe58d16fe0014bfc7d0bf48908bd-3297.manifest
modified: d/6/ea2c73c6ae8545f5260f2f351b1b84-13474.manifest
created: 7/c/f4fc31d5bc0f33b8b073157031df27-4560.manifest
modified: 1/c/9c8ae4d02d3ad000d0958e8dc9968a-95332.manifest
modified: f/7/02f0d595ce16739b12c8de2192d509-12276.manifest
modified: 4/stats
created: d/2/b4763a43d2a0e6a6894777727c2460-2253288.o
created: 6/d/567b43fe4f24076583be444433d7e4-4795933.o
modified: d/2/5d2a4053b0e1dc454166b0f2545507-2524.manifest
created: d/0/30c8530d549e94abfc5004caa64987-6904.manifest
modified: a/f/2d08e5361382763aeea359a916f458-5041.manifest
created: 2/d/4d0a3d4e97dda0e5a1e0ad35e0600a-3161856.o
created: 7/b/b215e893b6103fcc2929f37d17d9f5-4188033.o
created: d/0/99e9a9428ce18ee0e780798c15a8e7-4787303.o
modified: e/stats
created: 8/c/03ea0ff4d963bccb7fed12c5c27bbe-5378489.o
created: 9/c/af5d6b80182594ee639b0f353226d2-5209936.o
modified: 3/stats
created: 9/0/ae87fb5ecf6c50f90db9ee525a909f-4947211.o
created: c/4/6b76f3387e87bffc70dce6b644adf1-5345811.o
created: 2/f/cf6526a1fd0ecfe2f5e1edbda18a8b-4879122.o
modified: 2/stats
created: 9/a/620a8c2178fee65d3590ab6ab225db-86995.manifest
created: 7/4/fd168adc5b526182777c10b88c39ac-22563.manifest
created: 8/5/4b420c37bd840906c4237b1e55dbd8-5386915.o
modified: a/6/2ec093096d7bfe9fa1a4f868de5010-4289.manifest
created: f/0/bde891b94e845422b0fc5aa2914135-3808.manifest
modified: 5/4/93eeea5d049837cb6e088e7f80b156-10626.manifest
modified: f/stats
modified: 2/f/fed9cbaa0892d83f148ce64f5dd6d9-8379.manifest
created: 6/8/8edb6a5194db50306d1095f1d3e5b6-6792.manifest
created: 6/e/2560198e1a0170dccca0a9984d1e7b-2551619.o
created: 7/d/b425542929313bf79c1fd57394e8a4-2263961.o
created: d/d/1ab64de7b2fb3a7383f23bc13d9f70-5542410.o
modified: 7/a/d23e7ad1d8d9f173d274bd40c3f741-4565.manifest
created: 6/3/e917e8710dc5843f4ec2d79c9ffe67-2005168.o
modified: 7/a/a0e8deefa063d9cb9e4c115452fc05-20310.manifest
created: 7/c/87c161bdf313618eae474299e2b1d7-1584209.o
modified: b/e/86c698b796601e0388e87092c6c587-3359.manifest
modified: a/2/467904301bc48da09785c91412c86a-4666.manifest
created: 5/4/ffa496e5cd22131169bacf6c455d54-4711004.o
created: 2/5/1dac0c45326aeda0d7df9ec546a24d-1597212.o
created: a/1/9bf39b0a9088d17e4ad75f80845571-5365937.o
modified: 5/e/3d4f32d7789e5f0e304340ac29baf5-28485.manifest
modified: 8/c/d212872d5b423b8a49c2607d0194d8-7519.manifest
modified: a/f/7f5cc40714fb33197ad4c8ee1eac8a-4905.manifest
created: 0/5/936e56be5a3c7eb82eb9b5cd202418-4301050.o
created: d/9/516498699dbbf2e7045b07fa759324-4789658.o
modified: 3/9/0d356f0757137177e3ac646af6999f-57405.manifest
created: f/3/da1337132eb74e3f0f2e4f86b22a09-1200423.o
created: 7/f/92094d400821d02b91acc1dbb7a624-8065.manifest
created: 1/1/58380a326b397452082e40b32afbf3-5047063.o
created: f/a/282e8139c9d6d4f21d0f96df8ef4ce-4167019.o
created: 7/1/9ceea4410842d822d29b42cff6ad32-1812.manifest
created: 7/b/1c4f04028da72b776cf75365700345-42270.o
created: 0/2/1c216ad901286de7cd290518c5842a-6405140.o
created: 7/d/7ce9470f22f16d4bac55858c235f08-2225059.o
modified: 7/d/91b22405135a1ee5bf9026cd3d0fba-6321.manifest
created: 9/e/ed43ad63757d54e509b0566fde5b11-4528902.o
created: f/8/af3e382eb4ff4b97c9db5b2a069758-12014.manifest
modified: 2/b/cee648908f38aa5ad491910ac685a8-9346.manifest
modified: b/a/7ab72fafb11aef7e1378452ae45f70-14130.manifest
created: 5/c/f54196b5b2fa032ffbe0975518c8c0-4856218.o
created: 7/3/31d65990123cfb9c5b008aa02ad6e3-4337.manifest
created: f/9/5709e47f2bdcee311a619f868fc95b-1929.manifest
created: f/9/eceeb790da29bc18b84eea1517d3ca-11851.manifest
created: 7/9/f7648a1cea77c4cb9b6e993bab5aa2-618262.o
created: 5/8/624cc6d6d116dbe5e2565e3abb6258-7854143.o
modified: 1/0/c711335ba94fc08b01a56db6a05b6c-4427.manifest
created: 6/6/a024fc262a8793b7ab00c64c033c96-1832312.o
created: 7/2/5fd64123e96db678c9e76ad3f408bf-4546.manifest
created: 9/1/678773d5ccd5b5bad8a7af352c6ddd-9038.manifest
created: f/d/6a37594797dbc176fd2f0921f4a35f-1857614.o
modified: 0/1/6c8cdd227805c56995e1aade22f673-7861.manifest
created: 3/6/570b67d5ba2df5ae6f6136d42548b2-6230986.o
created: 0/3/4334d741f464a468e74bfae26c66c2-2554005.o
modified: a/f/0429f3aa829e4e2b37277834763720-19828.manifest
modified: 8/7/11db3a47c66aed586b118480f7f3f9-14323.manifest
modified: a/e/c403c5831f1a490de8f242185bb055-6175.manifest
created: d/5/1f0b9ab987914e91bb32d086d9aa89-2718.manifest
created: f/c/c77ef7ba71f279543a90177750d9b9-982422.o
modified: 1/7/f230d38e35635529ac6aa1ae68d44c-13301.manifest
created: f/8/0369586ecb5a5f9f82c8b5574d8a9b-8164.manifest
created: 1/a/59ba7fec53d4747a34318c84c48ab1-5417285.o
created: 2/d/565517311ab87e28e18985380c9fda-3136.manifest
modified: 8/2/a49fa1cfaaae3b14e4d0412075e1c5-3400.manifest
created: 7/f/0609c9cce880d16f253643f9f6b0f9-1775786.o
modified: 7/stats
created: a/4/ad1c4de5a5df1c5d5012ac007fc1e9-5183884.o
modified: d/8/32b3d71ef93fc4056726092089cb96-46638.manifest
created: 7/d/f10ecde9160d0dee2b02abef984504-664595.o
created: 9/1/6de56938acbd87cb4fdf7605f5b86b-6936474.o
created: d/1/e1f7bc5f755d518b55e723a40d3051-5334388.o
created: 0/4/01227411d0563a6bdfe01f493158d5-15936.manifest
modified: 3/2/0e5e24f78b6864429f496653387442-4159.manifest
modified: 0/c/c936297b8e661beab4a8d3c205d35a-34439.manifest
created: 3/4/f702f3e5a10ab01fbf2a470c76a355-5941115.o
modified: 7/e/3e7b22e4d72c53a0675836dfdca375-7170.manifest
created: d/9/4c565f08d420d00157df2d6ca660a4-2352.manifest
created: 6/a/480bc6c38933f33e69dcc1e05ce0de-5880505.o
created: 6/9/f202862c06ccd28f7e1da4d36304e4-3037894.o
modified: b/3/71f31244c7fb3ab050015eb59bdbd9-7558.manifest
created: 6/1/70f62343005ffda6767ece2ca2953a-4826504.o
modified: 0/0/b16d21597050ed9aad194c2aa82cdb-43165.manifest
created: 7/7/2272eea0a4770412515f7a43551c4a-2222927.o
modified: c/c/6d3361a789468970e779772a0ca7c8-6285.manifest
created: f/0/26dd9bbc54b360b7ac4f2d045c9073-52544.manifest
created: 8/a/0f9810bb5906bc6d032e8dfafd268d-4874166.o
created: f/2/a019490d2ca049da4ba3c5f3e8c81f-5306868.o
modified: 1/d/8dc452c36db4fcc210bb236f5f1068-6490.manifest
created: 7/2/bd580399854272507b4b2647d79a85-1197592.o
created: 5/e/ec8fbfc6e5d11dc7a8c08266e146ad-5332433.o
created: 2/1/7fffe6d03f30b4c6f5b3ceb36882df-4852249.o
modified: e/c/3780c2470d2586d873a5bdbf3e3aee-6648.manifest
modified: 7/4/469a0aa0297f8c470bae83306f9da1-19514.manifest
modified: 1/5/a9144eea94d2c47b380b8562917625-1604.manifest
created: 5/8/88bb4560e48e6da30e4bb3b4e8f331-6609416.o
created: b/e/ed7c15dbde437727345d4bcc44ba94-4990315.o
created: 6/c/f5e2ba14b6ccc1a390e20dd7e97ace-1831258.o
modified: 4/3/7d458cff373b9a06a83125ba79485b-33073.manifest
created: 6/c/37c811f17630b96db294133f13f70b-3245516.o
created: 8/6/9ecd28c9f6cd2a5f890b287e8c931d-5346333.o
modified: b/a/637a9bcad3e7ac1bd9a9fbe6491a33-5832.manifest
created: 0/1/1d38a7985228acfe17a190b68fa09c-39827.manifest
created: 2/7/78b58567b1fb24ef2cef799e741913-2106186.o
created: 6/b/ea969fab7102af5b01c810684f3c2c-3181881.o
modified: b/1/e9f050c68b900afba1b4e2c8c9334e-30738.manifest
created: 4/c/5f7b2fc8879f546657c7b78a12ea2f-6408854.o
created: 6/1/a6c673f4ebb5ce1bc4b7b06f8f86a7-4855140.o
created: 0/c/d0a83f78f4e09bbb34913d77a4e943-8014131.o
created: b/5/eedc71641b84bf4ddd1d033fe0a162-4861136.o
modified: f/a/c0fab90545629a3c8d21717f0f263f-12709.manifest
modified: 4/c/287a3d110118d2df9b24957628c28c-3067.manifest
modified: a/4/5e2b163a3648f3b879bcf46c0e7b65-50548.manifest
modified: 5/a/47cb494568be7c0c7a9099c52781ae-6510.manifest
created: 7/7/337052a746f4992867084c708197b0-4396155.o
created: f/b/4f743fc596cc26e4cb5b3b0dc65aff-4332501.o
created: 9/a/d4a0e1793cfbcdf5079e532007316a-5309792.o
modified: d/2/51af3f4efd92a89ef30263748cb351-9021.manifest
created: 1/8/1983fa64ed59c353e9d50ad9520e6b-5355036.o
created: 4/8/1afe497faa51a18aad569a87822b9b-7499868.o
created: 8/f/192a93579f76614bf4e0a2187f4cd5-5318080.o
modified: 8/stats
created: 7/f/65788a6568036e0ae88feaefe237ca-18903.manifest
created: 9/9/da01579e4d8167ab6e15f3c7ead7d4-4102.manifest
modified: b/a/bb156d386f2ce4ecd365c928e03190-24340.manifest
created: e/6/e68dcda5deb9b1127aa5f683b6c086-4811609.o
created: 7/b/cb41922428524838367217ad72bb17-49170.manifest
modified: 5/c/8e2883845d9736357b3d336d535eb4-38611.manifest
created: 7/4/b6e452b03f76b8a0c8f8d5757ae245-4814857.o
created: 7/2/e0f2e2743aba2d3558a0c8dd9bc688-5270040.o
modified: a/e/4ef78944b007306cb1a50d902f84a7-2567.manifest
modified: f/a/2aa3874c44ed9bbf5a475b77ee9598-5404.manifest
created: f/c/71486668821380d44587885829583a-7973.manifest
created: 1/8/19f37288e72c7bf80d3b5da4753b9d-12790.manifest
modified: c/0/bf34a30c70b05a2e82e34b6f3e921a-3445.manifest
modified: 4/0/fbd7fdbcef02b3cc41aa9179428969-21080.manifest
modified: 6/stats
created: a/1/b5aae4004fa299aa0d713ca3ed5613-5269103.o
created: b/5/6b8cfb3965d2bb9b8141deda83b52a-4864893.o
modified: 7/7/a6a33aa631b6a9d381e09d4860f35b-7598.manifest
modified: 0/stats
created: b/d/061d8a82c494397cd479b9683e58bb-3316640.o
created: f/3/10d6679908e43ef6723a8f0bf0f069-45185.manifest
modified: 5/e/18584ebf50470ddf301a0642379ce6-16947.manifest
modified: d/c/a6d0a0a3852405e0415b2d6e0d651d-15810.manifest
modified: b/8/a1ce52d429afe1657a3de440d6ead7-11313.manifest
created: 3/6/bf2b3dcf556a998a90d706fc5427cb-5475330.o
created: 7/1/5b3dc839065afa003dc00c77d790b7-1932983.o
modified: 7/4/fff387ce35817f85bd35db18e06b36-2239.manifest
modified: 7/f/0e607137725aa935bbdd88e07a2d6f-16122.manifest
modified: d/c/32998d525b96b5c7e3c06cc19a724c-7965.manifest
modified: d/stats
modified: c/d/cfe2600b79ae251f0930cbc42af0fb-16256.manifest
created: f/4/81bf78b8610f9828662bd00112e74a-647162.o
created: 4/d/ece65bbda2bf24fa0b9407128e9442-6520277.o
created: 9/e/47d8a95c1cf94cc9aae92e443d7041-6925468.o
created: a/a/c23a5a850db5a561db6419bf7f443a-3177586.o
modified: 5/5/3f335e4674ddb5030d16fc8f25a838-35036.manifest
created: d/2/d728f2cfbe61fe994a29f2a07b483f-5137612.o
created: 7/2/77bb8531d20a6abb36772be8afee95-11014.manifest
modified: a/e/b102c90a603fc7963782bb4dbe1ff3-3339.manifest
created: f/1/30b8f0107ba0ddec87be0421d1a10b-3622.manifest
modified: 1/a/e185b27a057cb891ae4e1a16b0605d-18608.manifest
created: a/9/f83810d61bc551085d835d0fa4006a-4789951.o
modified: 1/6/c7ad68bd818b76bf5151d5b78cbdc2-40522.manifest
created: e/c/e40b0e69334f4ab7c33cb007f8e05d-4842863.o
created: 0/b/6da41fc57cc6d0f4846d2b9ce5adee-7500580.o
created: d/6/184e3ecefee10288fd2caa6dfe53c9-10835.manifest
modified: c/5/6264df3d64f4c8e7e29b14e0f49aef-2834.manifest
created: d/c/756b95fdb29d4102fc698bf6dd4172-5937208.o
created: f/c/aa86c05085d61d12134d8b15cf3784-11384.manifest
modified: 4/9/08614d088e4b83e708a562135d27b4-2230.manifest
modified: 1/2/3e5ec3a32359e22909dcaec42257a0-2378.manifest
modified: 3/c/e81823d2fd6933ec36a15454b0a612-4467.manifest
modified: f/5/ae56a6c2eeca54d7a330e225c8cdfd-3628.manifest
modified: a/a/3ba2033a7966bbabc7ea30bc051e4f-18889.manifest
modified: b/e/04e1e5a0fa6c0706f7526f4f180981-3500.manifest
deleted: b/5/1f82d5e237ec3af5ce32d5c83cba03-19888.manifest
deleted: 3/2/2d077c3bc487f28f0d1efac5c28ea5-4277339.o
deleted: b/f/5e1284a8c3bec85b56a29f7c54bda7-4300986.o
deleted: 5/3/8d78b1c24c8e0f0a0d3863446d77ce-5481.manifest
deleted: 5/5/2e00eee8c71667fda59e28b8cef512-13993.manifest
deleted: 4/e/ba6f3c653ce6c52f4c2ef5f0392ece-4182763.o
deleted: 3/a/d45035ca44b3680f008ceda52ab6ca-5439089.o
deleted: 4/c/5ccec7bc322d5e7548d1112f03164f-4277913.o
deleted: b/5/4ca8dd3b63a6401584606cce51731c-2226515.o
deleted: 5/0/420fe998fe6ea8f6232ae044aef5a6-2150.manifest
deleted: a/3/a7a1f0811b7177dd74a3626dbd814b-4879122.o
deleted: 3/3/0cebc9218fa1d6b70bc76e463efe28-2551619.o
deleted: f/4/78ca21ec9598ad22d50f6f8de30a95-6408854.o
deleted: a/7/6a9071da54bfdfb652f240689395bb-2849759.o
deleted: e/e/364b2e11a7a9a7b724c17eb9277a3a-5365937.o
deleted: 5/a/cfd806cd7169385c2e67631da79826-3432.manifest
deleted: b/9/27b92e823c5bc984bd14a7e10e66ff-3385.manifest
deleted: 5/f/05d0fb2cf04b0a131ace043411acf0-4398026.o
deleted: 4/5/2e2879344333e53160e9507dbcf032-4312991.o
deleted: 5/2/092cf7135ede4dd3ec9d511830a809-3009.manifest
deleted: 3/a/b0d9470edbae5505ce70a0ac8a1ed8-3552.manifest
deleted: 5/9/220c2d94c0d74bb8e0a1bbff608463-4287483.o
deleted: 6/c/f58ba797816c51dbb9c300d1da710a-5542410.o
deleted: b/a/e59dd5f3cd63f0d224d1e1b3c2a579-4260778.o
deleted: 8/2/76d9138f559c4247754175660bfb20-5309792.o
deleted: 4/2/082157d9b7437b401b3ebf1ea2d7bd-4947211.o
deleted: b/1/497633c07bef940d54c9fe099a87cb-125605.manifest
deleted: f/6/3b747fc09d8210a80e7f1616e45726-6230986.o
deleted: 3/d/8235389471916ad773500862eba172-1786438.o
deleted: c/6/683867aa6d3ee2406fa66d4bd8a159-5378489.o
deleted: e/3/3993c3f2229f43f2c80eda7bd92f8b-16150.manifest
deleted: 0/e/73836843a7c3d5f68bd7756d4318c5-5332433.o
deleted: 7/2/041a02bf90ac8dd6298d231423ba2c-4795933.o
deleted: 4/8/e67cfe67189810c99d2c62c0fd05fb-4852249.o
deleted: c/0/72c5d08117d4c35f8d03de86af1d2f-2977911.o
deleted: 8/c/ae3dcc27fdcb631dc1da55c76d99b6-4811609.o
deleted: c/e/523b88269931f55866f37d7a396118-6936474.o
deleted: 5/d/21cb0a4107258b2d1d616c13a3e6e8-90655.manifest
deleted: 5/5/8c587cf3deb255b4fa03db037c3a38-1862522.o
deleted: d/1/cc2456beff6f88ea91a6f9b5f5b813-4813505.o
deleted: a/e/78febe4e316f04696ad620ce0958ea-5304084.o
deleted: 8/a/409fdb52ce452e93618a8725c0aac6-4356284.o
deleted: 5/8/ea424d66773557cc37ce93e2f9c62c-3093.manifest
deleted: 1/5/a14136a252744bb10e35893a76c75a-7067862.o
deleted: 7/4/8c0a79da40649c0381029e635bbb47-5941115.o
deleted: 9/7/cc9bfd80d1b186b6bb19db4078ba5d-2863555.o
deleted: d/e/5a035b7dee7f01012395e4f3ee43d1-5894624.o
deleted: 5/9/711da9ff261e0da720699cb359c2bf-1763835.o
deleted: 5/c/0570234c47d7ea1d98821e571a3780-581275.o
deleted: f/e/f78e23b95238c5207a8c0570387c72-3161856.o
deleted: 3/3/a05a7aa85edf4ebea94b3acd04eb5e-5402653.o
deleted: 3/8/955f61b5e3a6bf03d6413b888751da-9028.manifest
deleted: 3/d/83763cd4d63a84e9b1359a18ed723f-2857146.o
deleted: e/4/e4442d7acb173568fd595fbe4fe290-4167545.o
deleted: 5/c/9007f6af0382bb7f2d6ee705be8162-1784219.o
deleted: f/f/e125e8c5d07cd12f3da0bcf7901cbb-5047063.o
deleted: b/5/aefa3c67a28b9048d6263a880ee9a2-3146558.o
deleted: b/3/402e1669c686009e83bf71e04b798a-6254.manifest
deleted: 6/7/7922ff2ee9c26d26e7ddb048360653-5334388.o
deleted: 4/0/17c970dbbc52a6e5a1e1878b906efb-5858.manifest
deleted: d/d/6879f57b382dbdcedbd45ad454e597-5475330.o
deleted: 3/9/0c5a7024d0ca02c9de62a3ce7a7171-2789464.o
deleted: e/3/ecad406d493083f1912e3e11e00d70-5319964.o
deleted: 4/1/245f58c41b69eecedb29402444cbc5-7369542.o
deleted: b/4/310ed282bf595f7264ff9f04bb9d8e-5330300.o
deleted: a/a/db8ffdf5371c761a8c2bb62c1d88ea-7521.manifest
deleted: b/9/2091d35e140e7a6e722fc005584f68-6397.manifest
deleted: 9/e/ae80a08d7e1f822d12d2ff04913201-3037894.o
deleted: 9/0/93d8fc13a0a3ccce76a1387865019e-4855140.o
deleted: 5/4/1b2811df7a5400d836016a13092e70-4818584.o
deleted: d/a/3a8a866bbf4362bd1d1dd85b64c663-6520277.o
deleted: b/1/4fc56fb8506461649d2b22fdc8a704-4789658.o
deleted: 8/4/16aa5c2b3e9253b39bccf18f0fe56e-4842863.o
deleted: 5/8/3ed910256c6a534a9a49d5cc9040a7-6075.manifest
deleted: d/4/7949b6e6816dee186a20a870fddb9e-6609416.o
deleted: 4/9/2bef9f4b7d3d3ecf0384f069475068-4914014.o
deleted: b/b/5b16b39e34330ac9ef1769d663fc81-13321.manifest
deleted: e/b/98eed29d9640123efd83435de1738f-4856.manifest
deleted: a/9/144ba1b685436dca6d2b9874fb2c63-5382855.o
deleted: b/9/3d9f0ba596c92de629f84f488b8e78-1930321.o
deleted: b/a/642411b1c0480f0510d14fbe3eb506-5379378.o
deleted: c/c/3048b2acc3a3c0615f8ca163e019ab-4826504.o
deleted: b/b/167f26b7a5817295cf5621a926b745-4301050.o
deleted: c/8/3f27c0d4906f6ea183658aabde5829-3660406.o
deleted: 1/c/5260c06540e9d5bfbb5b94b2255686-5592610.o
deleted: 3/4/be6b277826cb2b09263f8847f8c332-3010.manifest
deleted: 5/6/622dd9245bf3251384f860292e7b93-1552723.o
deleted: 7/9/d9d76241afeae4fcbdbc2b16c747bf-4864893.o
deleted: 9/d/826b5463a0d4d181cfa1f3c26b658a-7854143.o
deleted: 3/4/5cb74fe11a83f28d15229747fa9d19-89081.o
deleted: 3/d/75f792b7cc7e9f74fa40a467a713b9-50272.manifest
deleted: 1/b/9075778722b92bccee17ad37f52ac8-3181881.o
deleted: 6/b/f6929d5bdcd372723e75cc12030ef0-5183884.o
deleted: 3/c/e3fb09f64adbc6b825352a39d83d47-5417285.o
deleted: b/f/1e60a590767c25b2b95fad58d5fc91-37481.manifest
deleted: a/2/828bb1f2d2c181c45a45e5b3fd883e-5261849.o
deleted: b/3/e75ffb97ee2adb03b8cbfa43c70430-4846.manifest
deleted: 7/0/cf1b7b90014aae9f7992f3433c0c2b-4861136.o
deleted: d/0/968e396ef54c2d764ef477524704cb-6214193.o
deleted: a/a/96a2cb6add760783e3af0aa8c205d9-3245516.o
deleted: 9/b/715fa8dd02d054360bfd2a90b5945e-7499868.o
deleted: e/2/c1a0b3252bc2cbf902c6d499eb9b09-8014131.o
deleted: 5/7/8349d3c5f455dcbb75b4a7ea7b8812-43930.manifest
deleted: 3/d/6b2ed86c04c05552e3c37899404817-5515.manifest
deleted: 3/1/d4ef32e6728285f616286ea836fc6c-7816.manifest
deleted: b/1/5740b85153e90b745d9c7d37bb739d-4054.manifest
deleted: b/9/4d89a49271ab2bfb2fafa3d74f829b-5880505.o
deleted: 5/4/89a0b9ec2e5fb31f4ce1d2c1fb1c29-6405140.o
deleted: 0/2/bf73f159d9ab23316c2fdcc192ba30-4990315.o
deleted: 3/9/b7280e74ae303f0a0f4ca135c67b79-7917.manifest
deleted: 3/8/b1952c70f5fab7621cb3b699bb911c-661106.o
deleted: 6/0/0e427cc40793fc35b586370b22e39c-5382428.o
deleted: 3/c/740ae50aca2e7cc3be50eb8f7eca1f-12022.manifest
deleted: 5/6/7d2ac9573d87ebe6e39d3cb4b6882d-2046691.o
deleted: 0/6/d4c403f12066437427bf08f013af6e-4856218.o
deleted: 4/3/84c269ee1510a878c53f7b47e6c7f6-35052.manifest
deleted: c/8/033931ea6b329e3a0abab2b2b72392-4175669.o
deleted: f/3/82089db6500885cc1e7e94f347c845-4787303.o
deleted: 3/8/a39d15a30779de169b322b6cf749c9-4373855.o
deleted: 4/6/f8ad1a607c0fe215fd04cf0b1c3372-5470436.o
deleted: a/f/67f27fbf97538a146c4385b0b3f043-3753.manifest
deleted: b/0/4c8ce4d0a1e6046ea72331452d54be-662260.o
deleted: 4/e/50010eed0ad1575b5d3a92c98cf060-7500580.o
deleted: 5/7/c79b455652d289edc4adbb3ddefae8-1589715.o
deleted: 4/0/888424fd1eb37dc9cacfe7b5a02283-4459.manifest
deleted: c/3/fd86122073840af16e20ec72dfc24f-6254606.o
deleted: b/1/56f2e9511caf3994f0877e01317d3e-24499.manifest
deleted: b/f/3e34e7f9fa354daf074e11971c7603-2449187.o
deleted: 2/6/07dad72be1ce6e718caf1cfa36c666-4943885.o
deleted: b/e/adcd5a743216b6ef5a8a0f8abd6c4e-2173.manifest
deleted: 5/5/ff65f626c040650076c891e92f197c-1833079.o
deleted: 5/3/c662a5be3b56c370edf2b62fe0f769-16443.manifest
deleted: d/4/40b99ae5cf4d111b867efd20911f06-4803276.o
deleted: e/d/3a583f7e32d6d31a1a83b29e1806aa-11593.manifest
deleted: 9/2/659aef0c8848fbce544432bdfbb40d-4861789.o
deleted: 5/3/9dce5e13fee929bf90670662e3880e-5562065.o
deleted: 6/f/7f8d04941352e757c6a1adac3a1960-4984128.o
deleted: 3/7/faf95fe457ae4a4685218d2e845961-102254.manifest
deleted: 3/0/8e630ef5b586e9923158d807fad31d-3177586.o
deleted: b/4/a627f88b1a9c3fcf664929e6c122eb-1842632.o
deleted: 9/4/1b58558ff3146ef4a282192d2232c7-3316640.o
deleted: 5/d/fff328a2d0953f0a166787dc91c17e-3566405.o
deleted: a/5/ae71edcdf31a58f27a543eecafd18a-21103.manifest
deleted: 5/f/d9153869858cda1f7d7608d7fe5d67-13500.manifest
deleted: b/f/413012e9c7ddca91e9210b644a8763-6268121.o
deleted: 5/2/a75f8f3b2737f7d7a67e808eabb9b0-2000292.o
deleted: b/0/5271b85e0d14bfd7142113632e6a98-2463561.o
deleted: d/3/ee444b4e7a7257f68a5e71adf90de9-2554005.o
deleted: 5/a/40292f75dd31f0a66649947d20ccfb-2540326.o
deleted: c/6/af4c8750f82243a5c8113dd8b6337b-3746.manifest
deleted: 3/4/b512e291fc67ae75e1099ed3f2c057-1396727.o
deleted: b/2/b4c28381ab6c35128b1b4b5b7915c9-5024.manifest
deleted: c/5/4f8271ebcbcc34776a99d7a7f0b6fe-6949879.o
deleted: b/3/b6e77239c1f2b7737cf1961e36793c-2466294.o
deleted: 3/7/6a93b04bdd4ac66fe6ad98db264cdf-5137612.o
deleted: 9/f/06747249f6d570c9c23bbe840eb091-4789951.o
deleted: 3/7/ff129b6237a9d366456ddaff0c4ffd-3825.manifest
deleted: 6/9/d8254d38d884ffb35b330d145c9202-5345811.o
deleted: d/1/814686082be82b40586c0a8658d18a-6623581.o
deleted: 2/2/fa862947b874cdedd74346c157bcee-4711004.o
deleted: 5/8/bfad80398f7f6b453ded2184ca9153-5244394.o
deleted: 3/0/748995ee2b2d4fdc324a16dd976501-2010374.o
deleted: 4/7/20aa8de76ae04a6b514f114c6518df-6925468.o
deleted: d/a/5f8cefa161e44df7fb3d63a65ee8e5-5355036.o
deleted: 5/1/d3ee86d2cbb85574dbf9685b346b58-2622.manifest
ccache cache size is 159Mb.
Uploading cache ccache...