SHA for cache folders (/tmp/ccache_dir) is 'c51ea1eb60d4af202c8168c47aa95694254b815a41650337053a758a74138f1f'
Cache ccache has changed!
List of changes for cache folders (/tmp/ccache_dir):
modified: d/stats
modified: c/stats
modified: b/stats
modified: 1/stats
modified: 4/stats
modified: 6/stats
modified: f/stats
modified: 2/stats
modified: 8/stats
modified: 2/f/0ce243eba556b07301e7fbff65aa63-4827.manifest
modified: e/stats
modified: 0/stats
modified: 3/stats
modified: c/1/14b42e905e1cd03a57b9ae7b9e1c8f-4772.manifest
created: 2/b/b1144b17dc4d71d82bec0f752f012d-1780933.o
modified: 5/stats
created: 2/3/44a1c4e45b9409707d7f55f86d9e04-1780965.o
modified: a/stats
modified: 7/stats
modified: 9/stats
ccache cache size is 132Mb.
Uploading cache ccache...