SHA for cache folders (/tmp/ccache_dir) is '888c39843cff891c45a204890134c8716000cdb0939e9571d9ca31d9204fba19'
Cache ccache has changed!
List of changes for cache folders (/tmp/ccache_dir):
modified: 3/stats
modified: 5/stats
modified: e/stats
created: 9/a/d1ed813af0e5b416c34be5d25ca62f-10319.manifest
modified: a/stats
modified: 6/stats
modified: 8/stats
modified: c/stats
created: 9/3/5490a2582d3110fc15178c1f314ed2-13728.manifest
modified: 1/stats
created: 9/a/dbc35497aed2bb8de27f28189f6554-21048.manifest
created: 9/4/7ebc94ab1d8125d3f512d2ff83aad9-277714.manifest
modified: b/stats
modified: 4/stats
created: 9/e/0b8eda00dd75a584206cf1fbbcc467-13094.manifest
modified: 2/stats
created: 8/f/d3772a25350b030ff31c0de010907e-1804004.o
created: 9/4/78c5fb010bf52e398ee132723101f6-6964.manifest
created: 7/d/3bc3179a0563cdbbdbe23aca34fdba-17929.manifest
created: 9/a/65f9b52e09d476d53598147281fcb4-7116.manifest
created: 9/4/851e789af77716ebc199b35fd2853e-4643.manifest
modified: f/stats
modified: 9/stats
created: 9/3/e42c40fb8495adb088b16718025bfb-11840.manifest
modified: 0/stats
modified: 0/8/0fffca941ca6e39bc05da7b5d29b00-5163.manifest
created: b/e/edc91e90691ac02209b44167066407-27749.manifest
created: b/f/3c3ae048de12554330cc0338fe875b-5685185.o
modified: d/stats
modified: 7/stats
ccache cache size is 205Mb.
Uploading cache ccache...