SHA for cache folders (/tmp/ccache_dir) is 'ddc1e5082eab7fa12224a9307c9ae05f2d635d2a40dde8c48ef8d6af991b6f44'
Cache ccache has changed!
List of changes for cache folders (/tmp/ccache_dir):
modified: 5/f/stats
modified: f/c/stats
created: 0/0/2dre9glvmoirt8gu6m967r5ipt6hl2uR
created: 2/2/4986ciespf5mlc7o9r5c4ksusivbkqmR
created: 3/e/5ft2necvrfjanms44pr5n9tdg0d8tmsM
modified: 4/7/3738sv79lsirq2ndepbcj0drfpef23iM
modified: b/stats
created: 0/d/620207f7gal98s4mij6asrb39cis14gR
modified: 1/b/2bfj39515uf96rf4m2vgm5mpu37u8gaM
modified: 9/1/caci327irjle0oiodkvjud2vgu987ogR
modified: f/e/stats
modified: 1/2/890ako32fmlsb1ldosu97h7ieoqrkaqM
modified: d/7/45uvpaeg8rbfbri688qu9pqcjpqnhs2R
modified: 1/9/c4g02s32j1l2poq4fok5t8b56rt3658M
modified: 4/d/dfkr8t0s1p62mu2psscjg15h5gc183iM
modified: 5/0/314r2765mleq8707lq93ee58qrvll9oM
modified: 5/3/stats
modified: b/1/stats
modified: b/e/stats
modified: 4/8/stats
created: 5/0/41n0od0uij05bifhl20o0f298aj6aiqR
modified: 7/0/33c5s4d81s33p5s4pda19ask4tshdrkR
modified: e/7/stats
modified: 1/0/edr41heuv46fmscncvfv7vdv8i97ociM
modified: 2/2/c8rko877n85s6pnl4eo2va038sci0ueM
modified: 4/0/dasvg8ri0k03tuqre13a6099pr75uk4M
modified: 0/7/e0pep6fpf5nkji6qrommt517binrp84M
modified: 7/b/stats
modified: 8/0/stats
modified: 6/2/f365f9148gkm27deqg3859k3rdog4imM
modified: b/2/stats
modified: e/b/02pkfap201klnlrvcj3o8bmbj1n4hs4M
modified: 1/4/08n5vcjgg4kql1gf3vudi0vheb2ngggR
modified: 2/a/stats
modified: 5/7/2f9uilm73i0qh5bv9eeuvltv7a3pku2R
modified: e/1/c9rifqgob7fcl8i5v3i3n7e36360qc6R
modified: 3/0/6fuacohqpk8u6udr3n1igf4hd5f21loR
modified: 4/stats
modified: 8/4/dfpfd5frgcmp5a8e0diae68ulv91r0aM
created: d/0/da3if39gmithnjmqk39civ9gdldiifoR
modified: 2/0/213d8es0b85u9750aevud88u559tbd0R
modified: 8/3/dcidv9ll971nkffuhpk7dhaomet06ieR
modified: 3/1/stats
modified: 5/0/35k9fbffbpr6t9ec3fa62l5hsfvp6kkM
created: d/e/e9i8lusvgo84t1n40hmn8k4fnn4lgugR
created: 4/f/21j84srs4mljt44m0jsfhf5j0d79k02R
modified: 6/1/4fp0aprrvfta2qrft9rrcrneg5qmmqoR
modified: 6/5/695evnl1td0e4ffornb9vsgjbkmroe6M
modified: 7/0/c0osvr4f1g8nfp6tk8bi7slp2dn4ee0M
created: e/6/2caqffeaqh2bb28dvnn9fil4gg9c7e2R
modified: 4/2/abej1s49k3anlrb5pf6c9p32n451a26R
created: 6/1/87khtqfcjveoh6e0c6s6lucr515g5g2M
modified: 0/1/cbfcsugihura92qg3t4e6q8t80cr0o0R
modified: 9/4/26jm4898kq8tg7csbu5ug3k1matnop2M
modified: d/0/stats
created: 2/5/eauu755m2q6d9ba2r8atdirdnabsbkaM
modified: 4/a/62hbjbjcn4teqp7cead97fhot621rkqM
modified: 6/9/66i5k2tq8up6u5bs8o5u2sqd4lunfakR
modified: 9/b/stats
modified: 2/0/6b0o2ojm87pgfm8d5pr9ksekcg9l1j6R
modified: 4/7/dfhalnsodmjjh9tn191brhnlkg52af8M
modified: 6/1/d2av0ngg17f4go8dg8a33mnql91kf1gR
modified: 6/4/stats
modified: d/stats
modified: f/2/stats
modified: 1/d/86lc1fof48c7iji7qhnk78q3jqctkasM
modified: 3/7/a26gcen8beeu44uofuubn6no7td92puR
modified: 6/2/90htnf4dvk11ro6uejrdn1adqc8lvl4M
modified: 6/6/ccf5sl84tc14i7nkjfdje1brce78jm0M
modified: 8/a/stats
modified: 5/e/stats
modified: 0/4/7b0qmlsnl37anrqiq43suvu58ncgldaM
modified: 3/e/stats
modified: 4/7/1bto0ppieep4i7gkui115jsrt8o5474R
created: 8/2/3ai7hu4gsis7hssmin095pgope5gjbqR
modified: 0/3/1d8hojins9878oi3ask6ja96pdte6iiR
modified: 2/7/45h9um70h33dim2jphnop6jgk047i76R
modified: 4/5/stats
modified: 1/7/2b671acsrj29jnlcfqsi9h7lku6hql8M
modified: 7/5/2c1on0c0gagq8vau21l234thhvpsimuM
modified: 9/5/stats
modified: a/7/stats
modified: e/e/88hd626n0qd32n4sn8p0svdp53ggrq4M
modified: 4/7/a2n0cuss52i6a6fals2spu3avv3v6piM
created: a/a/d9lmt1lnk9ngq0610idn4h5tirojsp6M
modified: c/5/stats
modified: e/1/stats
modified: 5/5/0182hs89j6kfciempamadts1929d1cgR
modified: b/a/stats
modified: e/9/stats
modified: 4/5/450ejra5n7ffedkidcvls2ft9vu9rbeM
modified: d/8/stats
modified: 4/1/14th047kffp138q8odn6pe50u5t7sh8R
modified: 6/0/stats
modified: b/6/stats
created: c/0/afv5mv46po6rd5957570nh7gc7dumu4R
modified: a/6/stats
modified: 0/1/stats
modified: 0/9/af56u6e860empsuos630lj3nntauncmR
modified: 6/1/stats
modified: c/3/6f8960smr9ldgcp6aetuo81e28541teM
modified: f/1/stats
modified: 2/6/a0akncg25e47t2n9pkn081387qdfavkR
created: 6/9/9a761kkmgc2bci7pc92dfp7pe4u8mg6R
modified: a/stats
modified: 2/5/eb9koc4i73gmv4vojmderf9un25q3egR
created: 8/c/62kbtv42ta929c9cfekbh51fn1se4paR
modified: 3/b/stats
modified: 8/5/stats
modified: 0/c/stats
modified: 4/9/25942anfnuabd3092ivmlghb4rpiq3qR
modified: 5/e/78pb19rfh22p3359n02b1gq2aittf7mM
created: e/d/aepnc33tg5rr7j84f6bhkga006h7pmaR
modified: 0/0/37urc9h16d3ohdba5odiad6vc1l6pf4R
created: 2/f/20tjdu061pkv2vfl6uujdlk53e8nh5gM
created: 5/1/0cd8qaqnlu2rhd8273r1v81klcbs018R
modified: 6/d/ae7hlds5420vbe3oueerlvj12klkcluM
modified: 7/7/stats
created: 9/5/e49iv0hbltn7vggf5rb09fi3psphkpoR
modified: d/5/stats
modified: e/6/56jhagnii71d3aq0p9hjhbkev42pjd6M
modified: 3/6/c0uf8shkjmff2vqbnu7h0pvhdk3d41mR
modified: 5/e/109qm75vaovdjjpbrouq0m9ilreieleM
modified: 7/0/stats
modified: 6/5/5fvh185bqakasil6eo5qlva9fllc9r8R
modified: 8/4/stats
modified: 0/5/56jncm24080dmlmt06u7289c6ht0o7oM
created: 0/e/feg9bcfit3r2ct206rifmu0aho1pge2R
modified: 4/9/dabag8k93dmt7irs5uribkrfbaovv20M
created: 5/5/5c15bt9k3urqh76c16iengpkr08rrhgR
modified: 6/e/f9jfquhdckklj47mg73ht3u87rcpho6M
created: d/5/9cindavl8e6sgaargbddf51getf5a24R
created: 0/2/4ekqu2h974i8r29sbgit57qonf0tgmsR
modified: 3/6/22qbldh0o8opmu0a6d182efquqmo51sR
modified: 4/4/stats
modified: 6/2/9622k6vl7ful5sap9i7815mjls3ge7oR
modified: 6/5/425pv5aaunni01521oet9b8t226grvuR
modified: 7/stats
modified: 2/1/de76ludlcq5lnsdv58gjcvj027mj284R
modified: 4/1/13j9hmch1942qe7irsn6uqtqmp93qf8M
modified: 8/1/1406fsf8ua4e7nijq5uvoit0hro3nsqR
modified: 9/6/968c5jgptar8qvstqf0bq563nps3h0sR
modified: d/d/2d81sheuke9rniqdgvrlgnrsg4r5sdaR
modified: 6/7/f3d55m9p32sututpfh6tqm4k93saorgR
modified: c/f/stats
modified: d/8/88sitbvil9bnsi660613japh3vdkdraM
modified: f/b/stats
modified: 0/9/a575jchd2e2aruisngs90gg770o1vl6R
modified: b/3/stats
created: 0/1/210mcrp8kldqqgbo4su54qe6slcj1oqR
modified: 2/0/stats
modified: 4/8/4623b4sph8ie53a05rc78t462hep3r4M
modified: e/6/ebjg5mrh22g15ov13o754i8acuth8imR
modified: e/d/32e1bcqdl1te1ltvqrt5j4h46r5pvquR
modified: 6/1/507u0psuqlalnfctogl3kehm68665rkR
modified: c/1/stats
modified: 0/6/stats
modified: 2/b/stats
modified: 5/1/5cuuc96nd42g8mn5n8gh23rl8h72j7eM
modified: 5/4/stats
modified: 8/stats
modified: 1/5/stats
modified: 1/c/stats
modified: 3/f/stats
modified: 0/5/d0svuil3rtu3hm3pdlrbdha7fv05mqkR
modified: 6/d/c77oqeg0bl4oh948ivmhdk3hd952domM
created: 6/f/59mv9hcabkp4kqqv2inld1upj67ku44R
modified: 7/9/19fkdk9gbh20787b2tsd4b5g1ol2mdeM
modified: 1/8/stats
modified: 3/6/caoo11gus2sefpagakual13qk0rj3lsM
modified: 2/0/e957jjb20akajrd8ghs67arqlpg2d36M
modified: 9/c/e9qpuldmc8bjll0tcqu8am4vq7tn8hoM
created: 0/2/c79ldr19qgtaq7s27q8mic24gkoe8reR
modified: 4/7/f1dcirkte4uh915nehttre4310lih7eR
modified: 8/d/1ansk9324l7vmm9t3j3s48dakqb9378M
created: 9/2/2bv39qju2vo8h15a87vfrpi0b8rpm4cM
created: 9/f/55sgn619u4l127jek4mlm42do6uid3mR
modified: a/e/stats
modified: d/0/28fbm4egv7rbn3o0fl0tfe9etob829gM
modified: 0/b/30u9ltc9ikps6jc67vda91mss9vavikR
modified: 4/6/6bvelmjuimikg8psfuof621hinqdnecR
modified: d/5/00328a2plk99khfdq0248nnbqumrk98R
modified: 4/1/stats
modified: f/d/stats
modified: d/4/stats
modified: 1/1/6dp94ioboauv4i6tp3tiuteh69p47t4M
modified: 2/2/stats
created: 4/0/d2dbs6a582983eh792j6clscgmo925mR
modified: 4/a/41p22vjj4tlrst0s91q5g0ian3m0ddsM
modified: 1/2/cfpemc25fqsetcj4234eupokiidt7deR
modified: d/c/cc0bfs6mlub22p9krq4ff3ot2a8cebiM
modified: e/1/9dg0qf36bcq33scp2jl2cmfgsh025h8R
modified: 4/a/stats
modified: c/8/stats
modified: d/f/stats
modified: 2/7/fb76oj5jkq5agk2g6a79tb53eu6b6j2R
modified: d/a/stats
modified: 3/1/f4s0or92r7ntik5ptc9u2c8rgai8298R
modified: 4/d/2befjr5q3r174evll4s9u53ih7bobf4M
modified: 5/d/stats
modified: 9/9/b273nbj7t5j8aq0rmo1c7f6olqn7ds0R
modified: a/c/stats
modified: 2/4/stats
created: 2/5/60bs6om3tllcsrdlokf2kd71nfsnsh6R
modified: b/0/stats
modified: 8/7/9b3gie1a80q63pfuap9ruphmp2olfccR
modified: 4/0/ff5fkgiiqu2uaura1m1bq4m8c1f6rqsM
created: 4/8/15vp6npk75tvvil5fda4ptblltl0vkmR
created: d/7/e6pf5oh1v2nm0avn00uvrhpuacaemkkR
modified: 1/e/stats
modified: 8/7/stats
modified: 4/7/2b4lmthl38r37f17iuj2l9ivddrq38oM
modified: 6/c/stats
modified: e/6/587unbl8d5ko9h2ee37omtrtr64g3naM
created: 0/a/763ef1hvvue4bc2bfc9lu5jnd1tr9h0M
modified: 1/0/a2139iqrm4tru919a75jq163970v376M
modified: 6/d/stats
modified: 7/4/stats
created: 7/3/f965jrr6o7dukjtcepp3mtqla56tjvqR
modified: d/6/stats
modified: 0/0/44s1aqh21rmiev7vr9usvbiu6sj37dgM
modified: 5/5/a0nignkb4um3a8tshe4lkt5dho1i62aM
modified: 5/0/c10pr8e71t63u5h1e9u594lsrkn3cg2M
modified: 8/9/c89ff1f6rcmap8lt8tj6oq2cqutp268R
modified: c/6/stats
modified: 0/6/bf84pcsuahq6270f10r9lcq6rd3nsboM
modified: 6/9/92lpmgjg93idg9dhlvb914p9pfu6c5iM
modified: 7/e/stats
modified: 2/6/f28ujed1oktfg2ubfnaspnpaed2amouR
modified: 4/0/6bmhqjs3sllgn1mnnrsp4k6noncd91eR
modified: 4/f/3b3ltcrvhdm6pmt4n865k7vs50merbuR
created: 6/0/eddgbvib5odpjdii2tquhvsdhlufiniM
modified: 9/f/stats
modified: e/6/4b17oje8l7ap35nhrb0otlgupkqut0sM
modified: 0/2/f8on62ket1sv5hg56q0qrh8vsdbj7aaR
created: 0/c/ebmrfpv29b4qr9v7s79dka2dae3p6bsM
created: 2/c/e6vsti5fi4q9pblappcttnpp6n4s54cR
modified: 9/d/stats
modified: e/2/4bk6itso8gsst14ia8g92pn5eeabgd4M
modified: e/b/stats
modified: 0/3/stats
modified: 4/7/ffquk95g6tk02mla3cm226k2bkqbfqaR
modified: 2/3/stats
modified: 2/f/stats
modified: 4/0/b7hrjusjdsf4jnlk90il5rknvp527hqM
modified: 6/e/stats
modified: 8/1/stats
modified: 0/1/8424uh9c3hvodb75gn9dd3ubit86h22R
modified: 2/d/stats
modified: 3/6/stats
modified: 4/e/41tivff8eavo7bhlh87jju77kj3cal6M
modified: 5/7/8bsgatvcs526ekpn1fu3lmri8ombuumM
modified: 6/stats
modified: 3/0/07qr47ln0l0aovs2jsio5810vad0lfqM
modified: 0/1/a2hgv0s49hpl8aqkns9pmmhaiupmf76M
modified: 1/4/5b5n2a9hfo2df260ibq6eb781dgttkkM
created: d/0/322n5ek5galdv5b0ocrb5pfrrrrsm80R
modified: 5/c/stats
modified: 8/9/stats
modified: 9/0/stats
created: 0/4/e8icuc2kegv58id7ulmlo2h499hugrsR
modified: 2/1/64s26bjn27spo5hs61pu2f9k0dvbdq0M
modified: 7/1/stats
modified: 9/3/76ifc5lhsfi99hv9p4sd8a3f8r2e4soR
modified: 7/d/stats
modified: 9/5/8bq1aiodq8i3lc4cks3p6io8865uq24M
modified: b/c/stats
modified: f/3/stats
created: 5/9/1394o49vjnpnk53bvd2u9j0fapklibsR
created: a/e/a7j0ekkfk121ru15grkhh8tc1ao6b42R
modified: c/a/stats
modified: e/a/stats
modified: 1/2/4cr5o73uf7pv5092btft2aiiiets15sR
modified: 3/2/stats
modified: 3/9/stats
modified: 3/9/43a96dmr94gi2g71uig2m35ltsm8etaR
modified: a/2/stats
created: 0/a/9f51vvf2loi1nvtb72e0qg60jkl8h5mM
modified: 3/5/stats
modified: 5/8/28u7umjgpgltcpejcvul804m3bq5ameM
created: 5/9/e0ellq2ga774bhjak1rk530r15fk6haR
modified: b/5/stats
modified: 0/4/stats
created: 2/8/be325k7v35fnabhgbobdo712k1a7qpaR
modified: e/d/stats
modified: 0/3/3fet5h1ne8rpo1l1p82pd23sudselmcM
modified: 2/2/a4gbcmlubskjpv978iev81no2a2cmrmR
created: 0/9/1fc4ftfu40j12ekc01l181eldr1h25sR
modified: 3/7/c9eaf9kqkrrpno0s58scrfeu9uln5u2M
modified: 5/8/6c0h9km6v2pmp2iqsdhmq3ra7ekh5iiR
modified: 4/a/16fb005p8h6ra9lj49j5n1fhr1cppf0M
modified: 5/4/08s425dc2u1ntpu5r5lgqhruh7v95rmM
created: 9/f/00iiu4vifcfdmfgoldrr99gbvcvm462R
created: 8/0/20um1qim4dias0dtc01rrrhf001u1u2R
modified: 9/2/stats
modified: e/f/44iqg9m5etg9mc6lsjf2jdukmd8unvgM
created: 0/0/978d6rdh0rvesv0oaklooopveplnh5kM
modified: 0/2/bc7akr70rbhdeeg32c0uqgv46c8i0moR
modified: 0/stats
modified: 9/3/stats
modified: 1/0/812krn9q338lov0tqgu8sl0c3acf23iR
modified: 4/0/stats
modified: 6/6/76hbsrt87o96pdiqif8hehovlcucrbuM
modified: 7/d/c146fvmvdjuh607phf3931pag8tadmiR
modified: 8/8/stats
modified: 8/c/9765ri51marn6b74vaan9sj21nleni2R
created: 9/e/a22huijci8ddsgccvqbstvbpff6u8boR
modified: 5/5/9coagmjrvt140j5pu30cn2bc2l5su0iM
modified: 6/2/0356le35433p2dk1b0b1cdeag5gvg4sM
modified: 8/7/6bsqqn3svtq0g98m9lr3sqtd2s2hkq6M
modified: b/8/stats
modified: 2/8/f8ph5fn8qlam8il34s5di40i7mn08d4R
modified: 4/1/1dupgehmfegm4grio1kr6ftqfos5tveM
created: b/5/f1eusk2hkk8cms0bh20amr0e3on2kvaM
modified: d/1/stats
modified: d/7/a6u0ank3rk0jhtqviq1ik5vs75e4ruoM
modified: e/5/stats
modified: 7/5/0674hgdiccjhvbssojsp9ql02grf6pkM
created: a/e/43rb1q29pm5jkmmnse30geurhp4hv0aR
modified: b/4/stats
modified: d/b/b6tok8vkrgd5v3bpmbsc9lloo8kp5vgM
modified: 6/3/stats
modified: 6/7/6bbu1hg4eu10kgqe3fvv82g5j85ak9oR
modified: e/2/e7fa6ugo4mf1a8f97p30hevc4dde9gaM
created: 1/5/851jhcordkvv4v8jeuhvnroffhv0stmR
modified: 1/b/stats
created: 2/0/7d9jho66eu3mfnq2losb8iap96rlo9uR
modified: 5/0/stats
modified: 5/e/09r073fccrsq0e881kmnb6cgnd8dp6oM
modified: 5/e/99m56v9scvr4pfk2uufdiqthi8hi2h0R
modified: 6/a/7dj4lss812jc87oicvvdogrn89mbo3qM
modified: 5/9/6b07s4pppn6naal32jlf96ii42rl8faM
created: 0/b/057cibhfdhp5d3q1npjlmuqtn1avt80R
modified: 1/0/stats
modified: 1/9/stats
modified: e/e/1ciiqi5jj9b1afhi1qm644828amk99qR
modified: 1/3/stats
modified: 6/f/stats
created: d/0/e4arhm84l10n7upc54rdpju2ansev98R
modified: 5/3/16l8gv4lf1kfjp9f0vjf2e9110m5btkM
modified: 7/3/stats
modified: a/f/stats
created: c/e/56po0diop4igf7lugmihe8sg3918n76R
modified: 9/a/stats
modified: e/1/a32okmr78kt2857arss63j9clrj5rpsR
modified: e/b/bbbf1q4j63a1ifr48r2ia34u7mh0j1eR
modified: 1/8/79jld7pdmgbf00s52mrmqp2e36fmineR
modified: 4/d/126ikt76jmfj29k35eb9cgqc46cpnmqM
modified: 5/0/aa2d9vko31komfo0jvpubgh2f70hm4gM
modified: c/0/stats
created: 0/8/6dk4c097k1cs5uitqmdc6sdvj3ad0m2M
modified: 0/b/stats
modified: 5/8/14k6maj4aofjnvlce7h8p416e0c97amR
modified: 8/2/stats
modified: e/6/stats
modified: 0/a/stats
modified: 0/d/stats
modified: 2/7/stats
created: e/2/89vm8q7r8unmi9qm5u8r7js8mkcocbqR
modified: e/3/stats
modified: f/0/stats
modified: 6/1/bcr1nkafm59liclq7pqd9l3k7qag9jcR
modified: f/d/90c9hi0aaq71d3a5lku8n8j9ngclgocM
modified: 2/8/stats
modified: 4/0/899gd9k01bj9t2gj8hjvi1p9ro27gnkM
modified: d/c/stats
modified: 7/5/97irmppfqp546s572m7urnj6o766hn6M
modified: 9/stats
modified: e/0/stats
modified: 4/f/50vfqn6bev37sebrat1mstgqfvg1gmsR
modified: 6/7/stats
modified: 0/f/stats
modified: 8/2/fc8s7kse8lkk4b1vb27h08800e7tohcR
modified: 9/1/stats
modified: d/d/stats
modified: 1/7/stats
modified: 2/0/1cscr2do2vjlp7cdjplql0bj9hdo07oR
modified: 2/6/d78c4rv1tcobh7maqk8cl2r5db7b0a6M
modified: a/a/stats
modified: 9/c/stats
created: e/c/cdmqlches4g3963r5nspm501u9imerqR
modified: 0/b/7e1rt30c2vfeo5kf0vsdcq6oufkf536M
created: d/e/97qst8dt8dukrq991026ir6eun1fa0uR
modified: 3/1/2ah1058nk11v203ru9l000j9vr2a246M
modified: 3/7/1c6hcct9eocarhn3c2jqoo4vcn3nktuR
modified: f/5/stats
modified: 4/7/fbhr1qhlpb071pcmr7ocfohghrioa1uR
modified: 4/c/stats
modified: a/4/stats
modified: 2/2/4dljt08jrpt4tkg1p51olp91vp6lll8R
modified: 4/b/18hfiufc2ebm7q47m4ps9if0490r778M
modified: 8/b/09drnd3kg4pnajrehqug67jj6s9o3voM
modified: 9/4/stats
modified: d/9/a7fsaop7f00l2655m4fobhubhhlq532R
modified: 2/9/855ui5uo3flughnqrgsqd4f47uvkj60M
modified: 4/6/stats
created: 7/4/31e0rfes1d3tksnns1s35gegeiicqsgR
modified: 4/0/0aekh72oud3vm7sf52nvrtaaed3hr34M
created: 1/8/c377g0v2ushcpn49lfu4vfj070edp34M
modified: 3/d/stats
created: 6/d/6brcv6ck7eq59a7gs6ttqr332igqtveM
modified: 8/2/b93676bs5tcqjj5pgv7vnet96mip86eR
modified: 0/e/ccmame4jlh04pu67de6vb947sc6kbluM
modified: 2/6/f7abmdfj8iqhk192381fpqua3s954c8R
modified: 4/5/1ab7r7bfv909rnh1u3bjvao1imaf0a6M
modified: c/2/stats
modified: e/8/stats
modified: f/a/stats
created: 3/a/a7que0jlsf9j50ng19fn0f00r4645n2R
modified: 0/f/d8jmfm8nj4qo7uou0j5s4bsmdfl1pu2R
modified: 6/b/230642t0sc2gar13t0i5ppk7knbk0n4M
modified: 2/e/6endkg0d3i7gpdejciau0q73i1k9rkuR
modified: 5/5/stats
created: a/e/a8tdh4ue76lq1cmpd34lfb904huli8uM
modified: 1/9/c8b435m7l1oc1l6sm4a6tj2dvhf5qdaM
created: 5/c/16hpqe0le2olmahrk63bohm7h8ap7kiR
modified: 6/f/83rab6al22el6ccbeqvmbg13iec8sjqR
modified: b/7/stats
created: 2/0/15pgss5m5af2qd4fnovrob34slrufeqM
modified: 5/8/stats
modified: c/c/stats
modified: 0/4/8fcgab54jndjjt23p3ufqmgvqag9bskM
modified: 2/1/d84ffe95jf44aj7a4hh3oj9jn2u0i8aR
modified: 2/1/stats
modified: 8/a/c0ok6hc08b28n8pr7672nasvgkqrgmmM
modified: d/7/stats
modified: f/7/stats
modified: 0/9/stats
modified: 6/6/stats
created: 0/3/a67fiu7de3629l7t5sc20vf9don9h04M
modified: 1/b/fatnv31a8m3o0skhdnu1s82omcdrfnqM
modified: 3/4/stats
modified: 8/4/27ah8ot1gjaceicbiuab1q1f0vfkr38R
modified: 9/3/851kotfgcl9ber316rvqq6t5t6oniecR
modified: 6/7/f9n3v40ou1cluu3k7c3f7t9el1nbf18M
modified: d/7/b34i1qsdgrd1jn2f173snrl82i5l08oM
modified: 0/5/stats
modified: 5/d/f8rfdhj1iq9ji4kfpfdf40vt1dqcoj2R
modified: 8/e/stats
modified: 9/7/stats
modified: e/8/56ngit5iq8r79es40aufflaf7ft6hcuR
created: 0/8/1c1qrucbau19cfcpsb77ovb7l41jt3gR
modified: 5/6/stats
modified: 9/3/a25obh2vnooepn4pftmq86kti4be400M
modified: e/e/880569hk443ke1v59b41i17kjmti2g8R
modified: 0/9/f3djijv53lm6rjj8co83703418b244oR
modified: e/f/acfrs648im1uvrg13p0l6ltjjk4j556M
modified: 1/2/stats
modified: 2/5/42q3tsb52hm0cbkvj09bd0gq73ufj1sM
modified: 3/9/7bu69u4vbh9kr4dv3r4f60idj7jajj2M
created: d/6/99omqsrg1d6smnflr4rbdg4ohmu7qmeM
modified: 2/9/edog85hcmkjkf582pt50earllubebdsM
created: 8/9/428ea6gs9viva0ls16ong8j66puk858R
modified: b/9/stats
modified: c/9/stats
modified: f/4/stats
modified: 2/1/0c5h5hflip64ql0nvp1v37ocbfqps7eM
modified: 5/0/9bmm7svicnoq4vjoirhditpq252bshuM
modified: 6/8/6abod6vc2hma6blom12dgs6r2vtaa9cR
modified: 5/7/stats
modified: a/0/stats
created: 1/5/b23dd6ilkq83aoumtbg2abtglep0vkmR
modified: 2/6/d1ben0bp2ipksqckb5llvg1dmr6pr6qM
modified: e/5/04192hqq9k0e60a0cvfrm2hr9pdp8bkR
modified: e/9/8bl7qfauf2qgkuh0kmb55uk492dkqb8R
modified: 0/6/d2ueirt5fn1g8oordnt69oc5udhjo2eM
modified: 1/0/eaoj7id0euhk0fmrhnuvt8vce7bbv38M
modified: 6/0/0926en3s3at5c3o39squhrn69k3v0uaR
modified: 8/b/4ac2mtltcf1ac3fumdfg7gft6d5bbtoR
modified: 8/b/stats
modified: 2/e/stats
modified: 4/1/17koeafe8j6rk89a74qn01c73aqciacR
modified: 6/2/stats
modified: 7/8/stats
modified: 0/7/stats
created: 0/f/da4c4cf6d2c1tav3khk72pv040kon4cM
modified: 4/5/a2sjgef82p8rin8rpk9hhandhifatf2R
modified: 5/e/9c92qsc4c9mojgd5sb60lsa2i7dr4usR
modified: 8/a/aa60ulf1gbcr8npsn5n0siblpm632ecM
modified: 5/9/97v0kdgfro31n9pf5090a010s5gnmf6R
modified: a/d/stats
modified: c/d/stats
modified: e/stats
modified: 4/4/cathqo2uo6pbe30dnpfivfrqek33bauM
modified: 5/5/46j9o5hk60eh6o6a22l2ao33em89e40R
modified: 1/4/stats
modified: 7/7/1dvnsdcbpokd06ktjbjtslmluf9a0pgM
modified: 4/b/3b4o397grq1acj5i3dp3tivu8ig512uM
modified: 4/b/stats
modified: a/3/stats
modified: 5/1/e07kqm538tmr72utcr0ihi61ltfcnj4M
created: 7/d/58p4s9pmdcpfklrp9m1h8ksge3hegu0R
modified: 8/5/2d2luvj4tosgiu6i0lh4fasgqo9p12aM
modified: d/7/1a8t9ug5gqp6qi8b8p2qtdec3nlbpk2R
modified: e/a/a7kmcfknv2d3hk58efbpouilsfjo7icR
modified: d/0/c23oa8mfqsd435htdu66e5954vsv12qR
modified: f/6/stats
modified: 4/2/stats
modified: e/d/57koj35h7lc1kml97fvqgn8jrsm5tqkM
created: 2/2/4bfjdnrm9hqtl0l2sva6l9sopgm5dgoR
created: 5/c/8a6ejgv4huulnpj8mttlpfut4u5kihgR
modified: 6/2/b01l8ahrfai9hk5u11buc7peunckug0R
modified: d/b/stats
modified: 5/4/22aggn7g3v3gdo4ugu3n3jma1r6qjt0M
modified: 0/0/stats
modified: 0/5/b8vv9sce5tti1sbe0qlqgcckct7f9i2M
modified: 2/0/316movqdnvvm0b2ft4nmpjgloquidr4M
modified: 7/c/stats
modified: 3/9/c8f7kqql77me7h01hhgk7rseahmotu6R
modified: 6/4/3f13g4nb0s3hnov5p24b309v1teqdn6M
modified: 4/7/34vlcpai8u3ue2s7ld8nofhcflmnm3gR
modified: 7/6/stats
modified: 5/4/c2i6j8kpftji2ic2a4qhm0v1i3rbnqeR
modified: b/d/stats
created: 0/7/63id6ea459ru85alp395rp7nk8rtdvqM
modified: 5/9/19dmijv88pdebhe4hkk15u8bk8kh5tgM
modified: 1/3/12kvt3ba2lddf1ehspc40v2veb1tsh4R
modified: 4/6/94o1pr4tqhptg0cqv2jlqh43quk72c6M
modified: 3/0/36nbh60fckgla9id6u437o923gnlstkM
modified: 8/3/stats
modified: 8/4/739u29j95qsm6tlfq4ojube6pqrbp6iR
modified: e/3/c4ai8hi3bsvgm5f7itk8a6m8e7cvlskM
modified: f/stats
created: 2/b/darl62tfvo8ht7ofunn22c419d66b3qM
created: 6/7/6cg8cdijg9q9jg0f8khouun9fv1m9omR
created: d/1/a3qo7hi8st0lm9coddrvue2e4oeglucR
modified: 2/6/33b7j40nl7j7nfmal1t15aln0s98askR
modified: 2/7/868o2jafirlgtsplmgruddbnffco1bqM
modified: 4/a/5cd6m0uo4ekrt4rom1us2grn8qas74cR
modified: c/stats
modified: f/9/stats
created: 0/6/f9ljtm73hn029tdvajc0pp9cks4o1puR
modified: 2/0/e71on8qobp71aahr1oqgc4s216npvnuM
modified: 8/6/stats
modified: c/4/stats
modified: d/2/stats
modified: 4/2/f4t7te2m92u82bpkrt6gvejq3tvoq22R
modified: 4/7/stats
created: 0/f/be1f0lanpp9msrchcmt33pmt1o9g296R
modified: 3/c/stats
modified: 4/c/76e250prdu6gtul266bs8hl6l6htq2iR
modified: 4/d/35cqs7u2g7i6plbu98ob7soh7u58jauR
modified: 8/d/85ac8gtq78e5raec693upgnu8kbkc5aR
created: e/3/d61ddobof6sh8inem33v1iapen23lr0R
modified: 2/c/stats
modified: 5/d/eefjmqmq91522o17cit84moh5r49gokR
modified: 6/2/7a01enmuujhal69rnltaqo2situm40aR
created: 6/c/caqdtho7g721gp731q87jeah3m5mfkcR
modified: 9/e/stats
created: a/4/bbbjs5ij5ugqsl6iu8ij35ph4bsaj22R
modified: 0/4/f61gbsb73nfliufsff0mvfmqa689tkiM
modified: 4/7/00bqgnvs0is3geu910t6rf8b1vqi766R
modified: 8/c/stats
modified: 0/4/ad2bm75qv1vp0en1fjd50r4smo8c1suR
modified: 7/5/stats
modified: 5/b/c3us867m309lfp50bc1hj30u2b181huR
modified: 0/e/stats
modified: 1/d/stats
modified: 7/f/stats
modified: e/b/1457gkmf0efjutu01uj5780tgt4o17kR
modified: 5/2/f3vrm32nmjusvlvuek18rhfhhddpjnqM
modified: b/f/stats
created: 0/8/9e0omifqdcm73a88b8o4ko0hun0n06sR
modified: 1/7/80hfqrua0r9vjgradjhl8coblujqjgiR
modified: 2/5/stats
modified: 1/e/056qnkanpbt8u5460f1s0scu3esfhtaM
modified: 3/6/e7e89enupkluu42lnjm5kqb45n9bsuoM
modified: 4/d/stats
modified: 6/3/0fp00jqvhaeel3fr4nqslvlht9lcc4gM
created: 6/c/fa5e7jds6gm2co55gof4agrob5242nsR
modified: a/5/stats
modified: 2/7/543m1u8p6fo1n3ak4gqfukhbf5n3c0mM
modified: 5/e/dcvqisn8tkgb53t22j0k1gip5f0f5gkR
modified: 8/8/b13djb4726voe5cq2i0657megv384g2R
modified: 5/1/stats
modified: 9/9/stats
modified: a/8/stats
modified: 5/4/20i9j77hmjbapbah6bvu7iop407epj6R
created: c/a/65r29ad9ro7s9dfjv7oiacmjg3bt8imR
modified: f/a/f4qt9b181tbr7knuickje1jjqhfim08M
modified: 1/stats
modified: 5/7/7f6u0dpmq9orvs0teo13umtsdk0anqiR
modified: e/b/70elmqlajncfka9f15ctgqto01gu1laM
modified: 5/9/stats
modified: 9/6/stats
modified: 4/9/531pfjj66u514021qld4vkip2otesa4R
modified: 7/a/stats
modified: c/b/stats
modified: e/3/8aosedakp5rt66ugp3vee4b5miu5854R
modified: 0/b/04b3nar47uulij08k8mli9n786pj4s2R
created: 6/9/e46rapf5s1sl3emj64ev9hssjba7mfkR
modified: 6/b/stats
modified: a/1/stats
modified: 1/e/e7qch4t8uhgtfajmvmaips217e9uptcR
modified: d/0/5798a059g1l4iinsjn3cg5s5m9ehof4M
modified: 3/0/cc7itu4fpiolnskp3f1shm666ul6tt0R
modified: e/6/28tjb7lhgr5nqmuoashvq2vbgu4ijeaR
modified: 1/a/stats
created: 6/c/1f8hd2f9ka5jipv71a1g7qbkbn695meM
modified: d/5/224uhvf89b6bsmfm8qsa0pihoqtfsboM
created: 2/0/06p9no60kivmeppdok1o17ji7rm414sR
modified: 7/9/stats
created: d/5/334vs10rb6rfe8kpko961eno2ar4b90M
modified: 4/7/cat0dckuplj7h3lagkqggcinuaq0momR
modified: d/3/stats
modified: 8/5/459c4qapuuha8nhb8jetlo823hrt28kM
modified: 8/f/stats
modified: 9/0/4efjr6noq9a02e776iscr7a516oc32sR
modified: a/9/stats
modified: c/e/stats
modified: d/7/2b84krqec3d43umtb50sb4voivm3v6qR
modified: c/3/stats
created: 0/d/78n7v93rqne2cvgpv6fr2d283m2a3kiM
created: 5/2/1a2mdafhhh2a6qvd1oa9dkqrh89tp6aR
modified: 9/b/d827iuo1bfvlg2sctfr0riqm726td0cM
modified: e/e/stats
modified: 5/1/c5t7iak7389jh16tmu00k1crlf68ts0M
modified: 8/a/31vdd2536j8cfncv3ptmddii8j656kaR
created: d/0/5a9cumlpr3grak52m1g2uk0ag54v066M
modified: e/2/stats
modified: 0/a/6ddl5ak5qn6f5j15fp6438bj8qnpeo4R
modified: 3/7/0eg3ova70ef24aaap9pcu5dnic6e5aaR
modified: 4/f/stats
modified: e/4/stats
created: 0/8/23kqt2fcquphglr9r44lbnep2jjvsvaR
modified: 2/1/cdea7lehrl8qmtaqg1mdd1vlnigsf14R
modified: 2/2/c6v1d90va9pupkdma9a88linukh8v1mM
modified: d/9/9ao0815rlo57rqjo5hkeak4r0bpamdeM
modified: 6/1/797usm9h6ral922f49eqqi7v63khi0eR
modified: 7/5/efeqso7g3668drmbj2cl11aciafhf82M
modified: 3/8/stats
created: 5/c/203bgnc9idn10dk1db9r1s5edtgglfkM
modified: 1/d/b7ie6ge74inui9dca9e24k2s9vdvfbaM
modified: 2/6/stats
modified: 5/9/fbjurjkiatp098o9sm8f2srqpjetiqsM
modified: 4/7/635f0f9dlsc0m34hl6q1ee3b5d0e6tuM
created: 4/9/aep6sn7gng0hq32ootgeivd9epul9q0R
created: 0/0/ef5kogf4ljo3u5ikdmmrvv7n4740seoR
modified: 4/0/aeq7amd4ll6fiaa9d093gbpn91nfsvuR
modified: 6/f/c0i917c8e19mpidn4867fbhna9l2nc4M
modified: e/4/55fmfgan0e9fpmcgpfimtus0rt2mci6M
modified: 1/6/stats
modified: 2/e/2690fjv4d63b21j78q0eksr3b4dnvd0R
modified: 4/9/stats
created: d/c/a400f0o1q2t6069ct5h40jmjupu0sksR
modified: e/7/85ngpgu1l0hcpgsfecc2jq009v82530M
modified: e/b/56va6u9m3rrm9q2hkjae1pjlkd7i35kM
modified: e/c/stats
created: 0/5/eeguprr9959m6c4cfa3oun9mo9na9kmR
modified: 9/8/8au4jgu5oe1lunuvs0s0of2pe0tuat0M
modified: e/f/396b6k98slkndiosv0lb89tmrp95e8kM
modified: 0/b/738bv029pht94fofrvf8rbrl3bpe2jgM
modified: 3/9/6a1s8q4ole8m4ue6lt3nrjme2s36iqoR
modified: 6/8/stats
modified: 6/a/stats
modified: 5/b/stats
modified: 5/stats
modified: 4/0/1ck3gu6q2o6lheqhf7im8bga76l5a2cR
modified: 5/7/1d7pt7j5if4bq4ggqg017pkb3sfsufmR
modified: d/2/fc8fmm9bejdrtb2jlmfj0dml0r847ueR
modified: d/9/stats
modified: 1/4/e9f6fud247e4aho7r3aj9j6roidi4g8M
modified: 2/5/930q7ot5tdds664964l199chc6bq618R
modified: 3/3/stats
modified: 3/stats
modified: 4/e/stats
modified: b/b/stats
modified: c/7/stats
created: e/2/ebckssj9rrtn2v1hhm8o24pdauqraq6R
modified: e/9/d18cpld2a6egr60645rsvs2ccq41a0kR
modified: 1/1/1f1b5rtraj9l4c0q7jtcbdlra4vana0M
modified: 2/1/97la4f4fd0ottthscl4rj4vu3e3jgt4M
modified: 8/0/8diqgq115v33gk2a2526nrc1mg8dvk6M
modified: 2/stats
modified: 3/0/stats
modified: 6/3/dehtatockjstc3k4qf5855g49886r4gR
modified: 0/1/91uqnvrc3rob282elclntp0rs6hli5cM
modified: 0/f/54o4cptg5t33khbqbktolldcsu39egaM
modified: 1/2/c9k1j8fnea35a6kjkro7s0bma2nml04R
modified: 1/1/stats
created: 2/3/6agsmpjqfq3s5s0kkdlp4h5vqt70a02R
modified: 6/6/01a39b4j1cbvrkt277hkbadjsaa8ds8R
modified: d/6/319qfn3ffk8tlrnqoi2s1mj637kf7beR
modified: 5/c/a8vnesh8d7vaqh1gj8jiut34n0r8nncR
created: 9/9/b4er501ul4dgnpnb1marf9k0e3pcclsR
created: 6/0/50n5kf0fi49840jk7dhqp2ql36sm622R
modified: a/b/stats
modified: 2/5/9cq263o9r295lsr045vb16fsr41rk96M
modified: 4/2/e0g463ovc8tsoqkl4c8ov4hvh2ql4rqM
modified: e/9/432445m8kkrqmgg1veur83tsp0ba4o0M
modified: 0/8/stats
modified: 0/9/a22pbfq9jg7lvre2iatdqc9bnbv6vboR
modified: 6/9/77q6qjo52cqtaq80ict0hptbarfl9niR
modified: 5/2/57cgbqhq7sqfq3ensiifc0ae79liinaM
modified: 6/5/55rkqp602va8g2j99mf6vngs20kif14M
modified: 6/5/stats
modified: 7/2/stats
modified: d/0/b58j6mgl4ireriq5b5o4c9trbp5put8M
created: 0/1/c0hku6bkltimeihp34ucipqgmpu6vpoR
created: 2/7/95sav2d8fbp9rg69p86u8c08ic22f76M
modified: 2/9/stats
modified: 4/0/44p58qah7e642pg3arsg3ls8us7atu4R
modified: 6/6/2dojpo41fc6ehtfvcbikhkun5iniifmR
modified: e/9/102tvnfnc88amc1mr3ht9ff6p1t1hd6R
modified: 6/9/stats
created: 9/d/e1n0larjk6c01icigphmfjco68mk152R
modified: d/0/fe21hu6d38hfbtervbpbcs7uuge9cdoM
modified: e/7/7c9nl033hd7q4msdo89d0hl4h3khjlcR
modified: 0/2/a2h8d1t3klrkp8m3uunmk8jsoa2r7pcR
modified: 1/6/4cipkm4dfbjbomj7ev235bpa0s1jj56M
modified: 0/2/stats
modified: 2/6/fahe6j3mci3kbj3cq59iuh2cqguupi2R
modified: 4/3/stats
modified: d/e/stats
modified: 4/2/c5dhtkadgnkmonn4mfssbb09k9tshcaM
modified: 4/4/8bbvcc0thhjenddqjrcfrrqll1l3tkqM
created: 6/3/d4o0csnerjvtlq9p3st83reapg2rs84M
created: 2/6/8demj0r5242i2fu7ps2n1bmh9l80c4sM
modified: f/8/stats
modified: 1/2/bah381ihna1f6e0hoa6tquhva3e88b0R
modified: 4/6/8di3ooel7f7jgu45oh1f70g51vgntkaM
modified: 8/d/stats
modified: 9/e/17iog6105kigmtp979a0s1c21hrmeq0R
modified: e/5/8en72ipp313d82jldlgfdbmafsqi4lcM
modified: 4/5/f0n4vstndpi2tegiimqfo2jvtsr6rd2M
modified: e/f/stats
modified: f/f/stats
modified: 5/7/44nm8h3mjvs6404uco5mn0ftbllmr1iM
created: a/5/05fj8qrvrdjun2nquj1k00h1tv0ef4iR
modified: d/7/7dcaev7h926rpuk97jucrlqpsartcm8M
modified: 1/f/stats
modified: e/6/f8v4ghrasn0dira5t8pm9dkdgnprlb8M
modified: 1/0/cffch943qs0aoaghrfls0va7s2pfchcM
modified: 5/9/36jg7ifoi97ptj6r32ast74aql6j8amM
modified: 8/6/85ok3f4ebqm5rp8efeoetms2da6lasgM
modified: 3/7/stats
modified: 3/a/stats
modified: 4/4/23l7ca47s8206a6i1lbdq0dl5pllp6iM
modified: 5/2/stats
modified: 9/8/stats
modified: d/e/c3snvdjhhme2lme2ee85k6s2is981cuM
modified: 5/a/stats
created: c/0/d824c0p12h41dahidl2e42dbo90r9fmR
modified: e/2/c561og5o5858ushjkqmia37ggdchn5sR
deleted: e/7/665s6onpipvqbkh72iseqg27qjmvffgR
deleted: d/5/acvioch5nubu1a31uc465m27i2ikrbkR
deleted: e/c/ac4mibhvh021kofq3mkeib6epk5qr1cR
deleted: 5/c/919p1clgivqlkrla8vvmsl48sf60gruM
deleted: 4/4/8eulo4r7jp710oiji8dgae36sjlj7giR
deleted: e/2/acvqglp9h85g2qop5otlp1ela82majeR
deleted: 0/c/fcg3ep5mhtmk1i3n4j1nofo49u0rr9uR
deleted: 3/0/ed8fnj7k0q0jvqd7cv06p2v2f7lt1ouR
deleted: 1/f/bfbh5pni7aorhfjtuqvmbsv0i7a9qvkR
deleted: 1/6/0bapal0ik3c028ec5sii86v3d520l08R
deleted: 8/f/17npisl2eqcne867kr0780kbqjnpi20R
deleted: e/b/e5mjhcar680lh84rcujpdk9e24vkl0mM
deleted: e/3/2999trbdkkntff57fmh54uj1elcelaiM
deleted: e/f/e2mgs00frui7a7rg77ao9ic4pomaktoR
deleted: 8/a/b6bl6oj8q8u2f9epkavk1go36d7d150R
deleted: e/d/10oggdkg14srpmb7i0g9ng487rv5nf0R
deleted: 8/f/e8heq4hvq8dh7eddia2ofnj85iutdjkR
deleted: e/7/ec1ipnhh2li6lkt1602kbq3j5p9tt7iM
deleted: 8/1/3bqd4b54srh3irjj0lv9rguvs2vbnckM
deleted: 8/5/cdh1m7l85u35q64vc9uj5ai65djph4cM
deleted: 1/a/e9r2q1mjmii98u67o01jd6bsne8s4v4R
deleted: 0/4/2bjm486gcf26tu321gc7pu5d0omvqomR
deleted: 4/6/5es4josdi6dg38oh3c12qo2r98rv50eM
deleted: 0/5/30dnt4c19d31a7e1pviebudvu44r5t2M
deleted: 5/c/479bljr86hu55grs0n49meed67rvj0iM
deleted: e/8/fcctkthp76e8kg4mosjnl9730j2kv2qR
deleted: 8/e/f7uvjdhceog3os5a58mlvie23plvhi4R
deleted: 0/e/d4em2re527q2t19emrvd0jfsjh93omuR
deleted: 8/1/39nquso5p3s495ld8hep94buf3v04kqR
deleted: 8/c/4abufifss64rhcov2b03plk0gqhl8pgR
deleted: e/7/523424kvmemgifm91nkfugulnnfqhjaM
deleted: d/8/95pfqbbj6pb281f68k6badgh8llpjtaR
deleted: 5/6/26fj968jruc9stmmbqkomg6i3oescnoR
deleted: 8/7/cce54houaqblbg0bc780rjnq49locfoR
deleted: 4/0/b36bmrmg907mk2hevuuhbfmrtqd2mgaM
deleted: d/9/68fbs0lthhrqn063kkt2achs0h4juloR
deleted: 8/e/53ak1gai8ndg9qc8367pbph0v5k8tjeM
deleted: d/2/389mba5cd84j599d403j7rt8clfeq62R
deleted: 7/2/b74tkk7rntjq1f46hh237to267e9je6R
deleted: 1/d/d07iuheg8cj1j81c1qpur0hh28df9uoR
deleted: 2/e/dcqigpa0pablcu9m6ffmovjkhqjkcogR
deleted: 4/c/87s89cr8a8pp42uqloqe0gueaa6r076R
deleted: 8/a/e98p6ri0olel5ftt7o81a81akii3lbeR
deleted: e/a/4becs3m2j8ufa0niveboj16q8j157cuM
deleted: 9/6/94i1sgtkovmdkc7ebleqd31t0ter06uM
deleted: 8/c/fbgj22um1jfj8m5i2searvk39cr7mg0R
deleted: e/6/e264odde1oje0kilkaqhkhnd1qn6t9kM
deleted: 0/0/ee6ftfk0ih54oie5v9a85kltj761i1uR
deleted: 1/b/15upmfrfmhgc64sbmnnbbff0cukno08R
deleted: 9/d/a608baoec5ae1buheg82kqce27kk5huR
deleted: 1/c/0bl42dg1rroo3t529siv4haliscs6d4R
deleted: 4/e/d768r3at1v69muslb03vmdfli72htgmR
deleted: 5/2/77rka9a9bobseub0n8bq2si3sqb0c5qM
deleted: 9/6/cco8lbr46va5e3sulfenfab95vg6v6aR
deleted: e/1/0d9piqaqi8dkj6b8fuij6c2ncioorq8M
deleted: e/1/d11mgv46qa0soalp20v81bgpba79gu0M
deleted: 6/e/9d8jf52qq7ktke2mo49v9mjq8eeqfjoR
deleted: 8/c/aainrhk18c939qv7c5q70kt5lg5i0o0M
deleted: 8/2/f6n4vp8o0rkelp9l6vrsi52qqccohb2R
deleted: 1/e/a1dt5u19d2h4qluh7sim69sijpmaih8M
deleted: e/5/5f0qmb3e31f4is2ks36lkl1grearkleM
deleted: d/6/b2cdk7kbg9d053c606sr1k6h0680g6kR
deleted: 5/c/87ppmtfi5rgonfbn6ptod80m7pacqgaR
deleted: 6/c/9duj8ghauli10368fet3bskor5rdh36R
deleted: 4/3/3cac5hp7iaemq50uu8scr34d37stnn8M
deleted: 3/7/37lak9rsncdmfusddedq4d2q1m3aufoR
deleted: 4/2/060e5n1bbcopoibtd4ovmemom1an82gR
deleted: 7/0/5ei6mg76rq3gn79818u7rd9evicvkfkR
deleted: 1/7/f43ro3l01oqhti1l4j543s51sgrmt60R
deleted: 5/8/29f96hai27venarg6vamifmtr65e5h0R
deleted: e/4/82n6aoghga2fe620rgt6fjjimgvebjsR
deleted: 1/0/e4tu1utc78lhvd97c3qmi5nk1jvi85sR
deleted: e/3/55dhuegn1da4g64bhnjsmrbbg2d5gh0R
deleted: 8/f/90br1me9fs02g10og5miaohlb3hou38R
deleted: e/5/6fup8ckeskbqtic4lsoujnl267lait0M
deleted: 6/e/38lrg32isnh8fm06qahu35fqf1t41c6R
deleted: e/c/612ojhhrg2nvqgo32gie4p8gkbvgrfsM
deleted: 8/0/0ehb2u07k0bs3o10n96ggghmkdffi6cM
deleted: 2/c/beiq5rseoiokcjcm0f4ktpp9h24dfaiR
deleted: 1/8/09o2erhq5jmq84p2njm4me8j4bbirfmR
deleted: 8/f/a84etp1qu36c99ot0kruh1j0454215kR
deleted: 8/b/6afmdl96cl50uutgoluck6p2gvsl3ioR
deleted: 8/e/08catpk3h1cp32638322umiefuooq4eM
deleted: 7/9/2c1ta2vdipo6m53slm1plcdo0e5ern2R
deleted: 1/0/67i5fl4sl144abb8nplddq83h5nr7roR
deleted: 1/5/4845hsf9sun9jhpbv73eha9ustd1jn2M
deleted: 8/1/55shbfgpb6f4l5eh0iflggie8b4v18sM
deleted: 0/8/49r6nprr18ndjh1siknne1h28vd6h92R
deleted: 1/e/0f50bor0jt2q39ieisnb8j2iv378v84R
deleted: 8/4/c3iknbiqmrqi6bui0vbfb1h9j6tpg42R
deleted: 4/e/12bjnbnmiijm8rbcd4b95rk6enoqbn4R
deleted: 8/6/415uekvmjt9rj0m2p6jklc9mt3rp5esR
deleted: 9/a/13iliqtq05qb52kji9ri1igltuhju60R
deleted: 6/d/bb2h3i113bfd3lnrpvkvjisgknpt58uR
deleted: e/8/7fs4tkc5thvdj2joabcabb4pebkie4qM
deleted: e/2/33k4lst1k3vgogppeeirioj6bris1v6M
deleted: e/c/66luj6b1t6d76up3i0jv83kvs68o3laM
deleted: 8/5/c7pk28c232t0ms5puc4k0ialntq51laR
deleted: 9/8/1e8uhoopgv6k231s011m3f2ja1rffaoR
deleted: 1/f/ecamd86une65uu2l7b2qe3cs1gq0mdcM
deleted: 8/0/3cvhujcd8kn2macol78utphgafvlh8mR
deleted: 8/b/764f2r9d7efn8rigcnls0pqrvjo8eagM
deleted: 3/0/cf4rgn4oeskguqj1odnui6i08n22hjmR
deleted: 8/c/aek4d6ngfn0tqs6c40ab3sl1jqvkakgM
deleted: 8/6/429kg6r65q138eaple0r6h2r6g4dcamM
deleted: 2/b/6ajrvh19ho7gmrugo71crrdmpj0aan4R
deleted: 1/8/b4oumd7vfa6tuf349qsmutpfue48breR
deleted: 8/a/9feie55gb6q2mok80cqpbvl2k470mroM
deleted: 8/3/1ab2nkcem0n1e7gg10ut170m0nj9qh8R
deleted: 9/8/46n6avog6vh270ct3ibhahgmbdusetsR
deleted: d/4/2ftmcs8nd2ac80gvo0k0cqqf7kacrogR
deleted: e/f/f1bk42n7nd6b8uqobefmpsd0afate48M
deleted: 8/2/a96loenao60suua4icnd6h35tslqn1cM
deleted: 8/9/d3flhn55l2u9dipoc5ubor3nbl2eseiR
deleted: 8/6/1am3uhgvr21rs3vciqha35p0cin5tpqM
deleted: 1/1/6dnv8dghkptvcv0erpc3nh28afjolc4R
deleted: 5/c/f59luf7pvpb09ou0b4olrl7t26p1cvmR
deleted: 7/9/76ps26i2k8o72c0ogo5m51f2k6bevtgR
deleted: 8/c/9dfc6uitgl8clklle6vnuepvpdfr7soM
deleted: 4/5/edcpasqs2287kndqrllmhmj8rfv6o0kR
deleted: 4/8/251sk0epkn6r0ii612oe6hqs3g9emgiR
deleted: 6/d/b9kn8reoca2fu5go5n248u7u0beb454R
deleted: 1/e/2a93c3oapkhddenmvdpne7iokll4kd2M
deleted: e/9/358pr4rei65s1b7b449996ab7s43hjiM
deleted: 6/3/34sgohgh9g9m049ijnv6vrrsbgfi556R
deleted: 5/c/fbi3hdgc8s1n5jl0hqj1m3u18p4tivcR
deleted: e/0/53esr80fjm1qcnmb46u3h8o1ml66ndmR
deleted: 0/1/baurjfqo6iqrsh57u34dorqn6dkiufoR
deleted: 1/c/4aikfect6somqqvecq11vek06erdugmM
deleted: 1/7/58pto8mc5no3s0nmuem179380c0ml34R
deleted: 8/4/38b361lmuifr83ggmomnefhs9338hh6M
deleted: 1/2/3cgd3drq622jfv66r2b8gh1ucl00e2aM
deleted: 1/b/08op07uuv7tjlmukqkokll20ag3m6foM
deleted: 2/e/0e6nbss20nq0cep6v3snv27hofoplcsR
deleted: 4/2/2aqce1h27fh105pa4icjc8sd4m4jq8kR
deleted: 1/7/eamogv25086cooso8reeq202esr638mM
deleted: 1/b/f1bo0064hgutrceuba6s3l4g06p6jucR
deleted: 5/8/258t0i6m9ltk0jtit2sbbvmpat31euqR
deleted: 5/9/6482554o1302tpljnhi28lrtshh9uqeR
deleted: 8/7/6ccs15h0mdck8160ef86hjhvk0sbaoiR
deleted: 4/2/0do3nld6ja5m72lrtrl33c1dvv4faikR
deleted: e/4/605jtso659e52qhtgv5j7j2jbgh71a2R
deleted: 8/b/1fbfafhdqgb579apolro967d0auv6hmR
deleted: 8/2/cadp9iphq03d8ct701kuqt9f0an2sfeR
deleted: 4/c/24bkht5bru7o1rgfeuaig5e112hnbi0R
deleted: 1/f/d0ehabrrfhosuog268sdqermm0gu0taM
deleted: 4/c/29lm65h2o341urpch3eh13kj2agh5u8M
deleted: 8/f/34tteaknhgn3ecldmcssdt6rtof2gtmR
ccache cache size is 255Mb.
Uploading cache ccache...