SHA for cache folders (/tmp/ccache_dir) is '72215f95d4ca354f2e73ef3563d90db0a5df07eefcc7ef5e0726788fcd487f2e'
Cache ccache has changed!
List of changes for cache folders (/tmp/ccache_dir):
modified: c/8/5fa27oll9o16ofe8j8hrdp43s2to8oeM
modified: d/8/bf1fbevol0lin03nbau046krvn6v3c0M
modified: e/2/stats
modified: 4/5/65fuj4r850l4vcjkr2beikesfd5i084R
modified: 5/7/6e9t2ucm3plr37d5uvvcm59ohuv5bbiM
modified: a/0/57skh1jmocoivc5og7s5ot83ae6880gM
modified: f/0/0b00kbt2f2335s4r93p8jql1hhsoapcM
modified: a/9/682hd3n95t713alfq1qssha8it165ucM
modified: 1/2/f95i260cin6cd01tabag7emrctnhvu0R
created: 1/5/2beeob4dh3lk4pklan4ud38qunmnau0R
modified: 5/0/7c02priokpdrl0ovrmmm2vio9brctqmM
modified: 7/c/stats
modified: 8/a/stats
modified: a/d/76epgcbhr13ei2l210rf6qdvtu8mo34M
modified: a/f/stats
modified: 1/a/39b7ii6v9lnl9u3dasuaev6g13i0t8mR
modified: e/8/stats
created: a/9/e5j1vkee5a89quoibfuie0m00qg1f7oR
modified: b/f/stats
modified: c/5/stats
modified: d/9/243gqje88624m1t38c3sbatfehl4kbaM
modified: 0/4/92i2p7urvdtv00sn8qde9t9b8528bmkM
modified: 1/7/08c2p4kej31h80712qokm9cpoie181iR
modified: 8/f/stats
modified: 9/1/e4ejlojecsarsl96i249esef8ns2uemM
modified: a/a/stats
modified: e/e/stats
modified: 8/a/919mgpub61j3pkj51go7o9mgemh46i8M
modified: c/stats
modified: d/5/9aq4pftoptgba4cspiv72joumok740gR
modified: 9/d/stats
modified: a/c/494kkc95qla4osuq6tih5qof1t9093eM
modified: c/8/694884i1gept83tcv7sk0vi0bmvjgfmR
modified: 1/6/stats
modified: 3/4/stats
modified: 6/5/2962j63gee1l9dv5jc28a6hpjes6k0cM
created: 7/a/45d3hblholtd05j3tr708emjma0i14eM
modified: c/d/stats
modified: f/4/91a58f1q024hce8fjvqkgrfpovqoqkoM
modified: 2/a/stats
modified: 3/1/f91unvjtfbujaq0drf2ejviutnh7mg0M
modified: 9/5/2986nqr8c1i36tr68lat30hbkv39r2qR
created: b/2/8db60lquf9fjj977mmbkp55g4r3njl0R
modified: c/3/a827sr4ms73atf9u2fg8prd2hqnvtieM
modified: d/c/stats
modified: 0/4/stats
modified: 1/a/stats
modified: 7/9/69aeqpuuh4abodv1s7kcoc68grr977iM
modified: f/9/stats
modified: 5/7/bet0852e0ahqgfep35j5bghdfp287joR
modified: 5/e/c0ubkb8t3pg3bfurmbkmqif4129b214M
modified: d/0/92e92lllf4aik3dn8kbc3ckufk1jg14M
created: 9/e/001nf58g2r6s1vkobtge27gbmah92riM
modified: 2/a/3ec7rp5j2ujmr6fmo9mq03qd2oakctmR
modified: 4/1/2aaggc5cb56dbvfgacufhj3limljrhcM
modified: 4/5/24ro59j042qo9hm63n1cqkh8vci7q00M
modified: 1/3/stats
modified: 6/8/4f13bsnfdft07od4g549q7ahsmgdhs6M
modified: a/0/4ctfg7i3es88b98ldevj6br0k1e2h0qR
modified: a/e/22mdiqj1g5uqucd8m5f05b28jd7t0lcM
modified: 6/a/b133p7d1vmtlie0p6s010dif1p3jk20M
modified: c/9/ac66518qoapf1du46gd8fc7s7q3bvq2R
modified: 2/1/3dkisbiun8suhd6i53d09m8bnb0v3leR
modified: 7/a/stats
modified: 8/c/stats
modified: c/3/stats
created: 5/2/4a2038cakr5vqtl8di6su6jd0s3osj6M
modified: 6/8/f0ul5dg3p67onasccvmdl74eiaf7684M
modified: b/stats
modified: 6/a/60l11d8e83igk5ccjlv3p5357jp5uokM
modified: 7/b/7855qsps6a7cecndcfqmnfjuk45pccqM
modified: 9/d/d5vmifu8g5q5co4rb39gmb9crc5itfoM
modified: b/e/stats
modified: 7/9/stats
created: 0/6/35hu663ekp5vapue4laneoo1d0nabk4R
modified: 0/f/b7mua3iktisige17b854f4rumcnmmi0R
modified: 1/e/stats
created: 4/3/94357r55unv904ca53j8pf2s7rbul6gM
modified: 5/6/0f0bkubq0jfopnpbbprbbmd297r780mM
modified: a/c/99m9fr39a6hrqcphdevaqkh2h8hlm6cM
modified: 2/7/9f88a7fukklp2ju2kdi2bmrre12lffsR
modified: 4/8/cd069qt02lm0ld9g8hpte9amdgh179sM
created: a/7/54o8mua3rfhrmalvglbargp4da8av94R
created: 9/d/ffep4ctb0sfgnhmpvhqdfkhs9jk389iM
modified: 0/a/79b5rhm63ude860a2oin1250u8j6kt0R
modified: 7/5/3elaoojodtr1reempku8e12avg28cscM
modified: 9/2/85at3s97no9gcmqgad9bo8rdaatmub8M
modified: 0/b/20j8ka0e0tdn6um3u19es15j19ao84mR
modified: 7/4/stats
modified: 9/7/stats
modified: e/6/5292l55385dqdqr4d3vbl4vpa5f2ie4M
modified: 9/4/stats
modified: c/6/b9uikd9gr1n5p89upt4ae1900ofjnu8R
modified: 3/d/stats
created: 6/3/7elitclmpcakq3n5fd2i4qevc0463igR
modified: 7/7/stats
modified: 5/5/91upl9g7h7cc5u18cbue913ml19ggeiM
modified: b/0/stats
modified: b/9/b5d4dmgia0fjk3nbgnrjfftj3j5okv0M
modified: b/3/f8rvmftglrf3grafb7e8dngg90r3pomM
modified: f/e/stats
modified: 4/0/99r9icb7hijbqdsb39jvr2c0ljd1fqmM
modified: 6/8/stats
modified: 9/a/c65nc87evcmli7settldiv5dh5ul4uoR
modified: a/d/99kpfji494ie90sjiv2ne21se3ovlkgM
modified: c/6/12e44vvpcg5hicuqtlhcnsjgd05prl0R
modified: 1/6/69qtc6sqbqbkirj3bm1msu2lv7l4u4uM
modified: 6/4/stats
modified: 9/3/71jsha8ggvpsq0t86c1qd2trjleg9ngR
modified: c/7/b887ng18mpb0csarta8141irj4t1m0oR
modified: a/3/12aaggjc0rl52j28hv0soa04a6schc6M
modified: c/b/12c00a96ml519r575d9gn3lasean63gR
modified: e/c/stats
modified: 2/2/stats
created: 3/9/bemlnc2v0uks28ki5r7ppn5hcrakh0qR
modified: f/4/18b0u2dmgdftspphul5fi80thhvmbmiM
modified: 6/6/2ar8gppoopu0c09eehuddecrnllirhmM
modified: 9/0/1f89rmbop8mg2vf5etderpjm68p2pneR
modified: b/5/stats
modified: 0/8/f2l3nk17dc566fstg0aruk2borgo70mM
modified: 1/2/10akp9875sq3tj5mqlif494sc2d5p7qR
created: 6/6/a05la3eod4dojnc5jtkqhdegrjv5gqqR
modified: f/d/63f4slctr676cpgethvb7stf4rrg49qM
modified: f/d/7dj3jrtg5d40mev0fcbaja68dcbe4jiM
modified: 5/5/80vlrs62aec7upq4omt0vgf0an3s6m6M
modified: 8/8/stats
modified: a/c/d6v0o5e0li0gega1rs0l7q971ukmkr2M
created: d/b/6ad8aglv7qk0l3oqn85odk6nlq5a14cR
modified: 5/7/stats
modified: 2/9/stats
modified: 7/7/a2b8j9tpoh90uk91a26do77oei3io36M
modified: b/7/stats
modified: 6/a/stats
modified: e/3/stats
modified: c/4/stats
modified: d/1/a7bmmqg34ltchceeporoh0b1gtn4el6M
modified: 1/b/stats
modified: 8/2/d71kfhmjmjmvvptupr38nhlrlhvcsecR
modified: 0/a/2anlemdtpjd234mhdle50lp5a0j5hvqR
modified: 2/5/stats
modified: 6/a/825odps33qjm8dcvjihc1psdjjk1o80M
modified: a/d/stats
modified: a/e/141c7mt33uv8or1mto56jegrm5vdtrmM
modified: e/d/stats
modified: 1/stats
modified: 6/2/ea7usveqdgdmge6ij38n1qmfnjq5qi8R
created: 0/6/73umaleakacji61her93g3vtuh6bag8R
created: 4/c/537j1b0g0tgj5p515bmbn8poj61chd8M
modified: 4/f/stats
modified: 5/2/18fe1vfign1ummutb9aqbpreipr30qaM
modified: 9/3/bdmt4jdg3p7ij10rse38q3r7a9rdplmR
modified: a/0/2b62m4bhnr8chdivga9tthffdi8entaR
modified: 6/3/5ddo6o6s5jkd5lvk9ra7jidphohm820R
created: 4/4/63aaiftocanbkg7rveb56foeq1ik5doR
modified: 8/8/f57kjpa69u6t9jmudpk75rp1je901mcR
modified: b/3/59bom56jmsr236d1djpua5ieum8ug4aR
modified: 1/5/d4qeiv1psbl78568rplhavtgrdibkfsR
modified: 2/6/fd4irv0s0bkarcn5omt0gl5k40hicdiR
modified: f/5/14pvaquv4rblokkjqhniq9hd201n3h6M
modified: e/0/stats
modified: 1/5/c6ebib9t1b6uindgjoeke0m1ui7jq70R
modified: 5/9/84ub6cophqobng5mgt16ufs0g0916aaR
modified: 9/9/8b2pqka6hlfpm09o36ifhc8pe138goeM
modified: 9/a/stats
modified: d/3/c6nbsanun3bgqiorgr30jrm2qhkrusuR
modified: f/b/stats
modified: 5/5/00diug17ulfpqmfo2gm9e1hl71p6mu8M
modified: 8/7/stats
modified: d/1/04taj6kcc21stl9ma7aa1anv3h5nascM
modified: a/5/d2vcsj28lh7e9pv3embep1jdtjhj4o2R
modified: 1/8/438m02beh3p2lap3e9n441kopsn7l90M
modified: 4/2/a1u2rceoilksmt16pip9a7dhde7vbkmR
modified: 4/9/stats
modified: 5/stats
modified: a/3/21m1hs51cni5pktqg773jni8mrrjs08R
modified: e/1/stats
created: 3/a/20k8rhcj2u49q0gpjatqkvjmsjt52akM
modified: d/5/509haf4ambmtre0t2qq1q5gc5lcpm0aM
modified: 3/1/stats
modified: 9/c/a44qpt3hqt3vt9mcg0ekilhkeuah7qmM
modified: 2/8/stats
modified: f/1/3boq84erg52p9irvnkju0826mr0q19iM
modified: c/2/0b4rlds29fvip056nqhkl6odtk8ccoeM
modified: d/b/abbb6rsfbocqa0sjodh9ludltshc2teM
created: d/c/10mthqs8j19um7043bevgis1etmp60aR
modified: e/b/stats
created: 5/3/8aqltoh8b99evcuu3h18buti4pfpumsM
modified: 5/b/c8mh59odfn6adl6mgs6humuh1geb6daM
modified: 8/b/stats
modified: f/7/stats
modified: 3/b/77oa8v5nblljv8ocfs85e23uftv6cmqM
modified: 6/6/744g8u0cn5mskkhp0n4jnege78bsiciM
modified: b/b/2b3ohoqvlcb1tn15v6ojo3aja8endvoR
modified: a/3/2fjm8nin4ink12iinctmf88a1pq7uo4M
modified: 0/3/ec0k1ur1rsdf7k0dkd4lac1o0d7cmq2M
modified: 4/2/97ap0nebl2ountlkic1nf0bjt6if2s4M
modified: 9/a/f7ufn7ek814tml90jviio4ga4e9ubloM
created: 4/e/463kbpnnu9dbb62q2i1i3hbb9hph3dkR
modified: 5/2/bels72t1lc9n3om0m8fq6j6hflnq44aR
modified: a/3/bcivoh9f00mp36to5e501e79i79i992M
modified: a/a/4eue1bt5jtpsjur314a5abggft49vvgM
modified: a/9/86l23i4dpsu2hsp20ihmiqa7pna9010R
modified: 0/5/55p6ql8eij9sd8496q4i1vcfb3adkheR
modified: 2/2/fcg5phqvqgjcvr6u4njtt9n627oduliR
modified: 2/8/c5i6inr5ti6v83k1646rad50tbm7pj8R
modified: 2/b/674i7p2ho46213iqkaga0597rk5fcaqM
modified: 2/f/stats
modified: 1/a/35v6666dpe9in902t5hltorq7d90e36M
modified: 5/8/894i7ugivc6tvptosub21h4mbsf4d7oM
modified: 6/b/stats
modified: d/c/68ag893ktqvh1ipl4kmqdpl4frkvd7iM
modified: d/b/ccp74k7lcub5o114nsotvja7lc5a02aR
modified: 6/f/4bh1r5af4coglkkt538agpj2oa4ft6gR
modified: b/4/stats
modified: b/2/64dumrn0palt8o8qd3d0uhjcciveqc0R
modified: 4/8/stats
created: 5/f/a49i370qiohrb5316lls0fcroqr2qciR
modified: 9/8/22775iaqc9lg5fe6v82makb30guaqluR
modified: a/b/790svu2k29k6h5p4d1n4ur5oci2icoaM
modified: 6/c/b4k506rhckr4vl56ee2skiblnfl6ekiM
modified: 4/1/50a3etnttr7ouk5dvq4dbfets8pd7dsR
modified: 6/7/3541h8vu98mirts8s26nj6bhrna4jncM
modified: f/0/stats
modified: f/1/95sl644kmur4g7kkkeg4t5hm701gs3cM
modified: 1/b/a1ka2kkddo9morl8h18pb9fuf5911lsM
modified: 5/9/stats
modified: d/0/794mq4dloml7m17n0fs515795lbd2iuM
modified: 0/5/7blc8761u9tue6dd20ql9k22ugj90icM
modified: 1/0/d68a7bqegv1acsuvhs51k4chj2us4dgR
modified: 2/3/084le9bac7fatvbqsqnlehmopooa660R
modified: b/3/54eu2affkgqm3p7oeu86qmc2gt3l1cuM
modified: 8/4/241drv6isrmuti290eq7eda26gsse3iR
modified: 8/6/deu394b84a4sds2u856f41c04419ptcM
modified: a/9/2190ahqbvrbnooehbr4mvsbplm77kb4M
modified: 0/d/c7hs5ji0n714fgc8io057ka8krhpogcM
modified: 2/0/2ce2fka77d555cssjhe553bvlv8m9gkR
modified: e/7/stats
modified: 1/5/1965jvierb47gim6o21nmrpt47agg7gR
modified: 9/9/stats
modified: 3/b/a4bfbo14obm0v8lg2m2hgvhki63ieaoM
modified: a/9/cdka8arti6btcn4bsn20okff0ahh99qM
modified: c/1/8egr52m3hnqmcce78gbrnnv1a44qqpmR
modified: 4/3/stats
modified: a/8/0cnh832kskvbebdm2juf4hlrb5j0qoqR
modified: b/1/13l4mfds29arp6evpfp1vdjuj49e1u8R
modified: a/c/stats
modified: 7/f/stats
created: 8/5/b83rahtdqaifkkkrelc91qg7n614vfmR
modified: 9/3/8b5193d24es9p00lsc3h6i59d7ae0niM
modified: 9/2/e0kitvgoqu504qn7n7rcutk3sbeup3gM
modified: e/2/9b3t2s7u4g6ho524p0v65bopnn1dss8M
created: 4/0/bc0kd7rap7k2mq07vhlhh8ujkdee2jcM
modified: 9/2/e0evoflueiap1oa0s1bo51csva8vg4kR
created: 4/e/b95rp1ev77qh36hh8sfce7los6jd8pcM
modified: 9/7/48s0o5efeuo7nifjle03272m7i650o8M
modified: a/f/96h5reu9m29mm3jdir4d8tk9nlpsg5kM
modified: f/4/8ce13nrls440jnftojd5iq5j5ee3kc6M
modified: 3/c/stats
modified: b/b/stats
modified: 1/3/a1kb4od2rredk5oq9gnn1ar000f8utmM
created: 5/1/1f00a7q9u4asv0spm735l05rsm0fhr8R
created: 5/1/713744g13jlduoo7hko1etiidmoaos8R
modified: 6/2/stats
created: f/d/aev86luu6h5c3hkjq83n8lnlp2uu7smR
modified: 5/b/7clsmj7jb1sne9he869299vsundohqeR
modified: e/stats
modified: 2/0/stats
modified: 4/b/stats
created: 6/6/a0eccoei7aggt5gpseo0o7hq8rsgt0mR
created: a/d/d0oesob6rcpotovpl1k2v409bhnc0ggR
modified: d/9/stats
modified: e/f/stats
modified: 1/c/0da34b2ppf6rphfr46intlcl5p4bgqeR
modified: 8/5/f51c5b8vmha08kn0f23e7j09m62gsqqM
modified: 8/e/stats
created: f/b/d1hgdm1i472c37ujbsnio6lu6qsuc9uR
modified: 0/e/f1eqnqu5i1gp4sob6lb4g5mhvlr8h0uR
modified: 5/e/59ap0pjln3rs1n53qmvrbkvuo280jqkR
created: 4/d/7dcv3na14jk3c4526arp3gmn96dbg2cM
modified: 6/3/773cqdb1r7v8619h3qbqi75v46to3s8R
modified: c/f/19e35id42hoe3vfuiegcjq4e7qiv3niR
modified: d/4/579jhe833l2j70qc9jiloa5mdboge28R
modified: d/a/bcg2f8tss35uijh2b6th1g573n0f226R
modified: 4/b/4fnnmkpb1mp4j062akmu3au14ftg68uM
modified: a/0/2f3jrdtg7sbb7pi81d2n4d8bsp461nmR
modified: a/2/stats
modified: f/4/stats
modified: 1/7/a68oc5r48mq4m4307puq3v9lqp3vchqR
modified: 5/3/619ailed93aj4ivvn18ispl1ptmn9ugM
modified: 8/0/stats
modified: 2/8/bde39u4pc5gtm3ar9puos1j4rburp4iM
modified: 9/4/4c71cblri3fvonei5q7ebae76vkooaeR
modified: b/8/e128cl0j5d42cldc48c3dsatqe9m96iR
modified: f/1/c88egfrnb6sumebnkcqb8hn5bdcirjqM
modified: a/3/17r64p4famklufpp2mm7hgf0iqu0n0eM
modified: 4/1/166hpktd17pq6qtaaqedhs6jehe78j8R
modified: 5/f/stats
modified: 6/1/e5s0prfonv1cjljm6pjni0j0db8nd08M
modified: 6/7/c0f3fvut85na89f2dqt0ktovq3car5uM
created: 7/8/88jnpr7lg3ubk8fj04kbfcp1730ff5sR
modified: 9/8/stats
modified: f/8/34lhq78ac41t5r6o4mj9jkmpeoo4bkcM
modified: 0/1/stats
created: 1/2/6bv3qlch280rhgjuqv7be0uv3k6ecb0R
modified: 1/f/stats
modified: 6/5/588fvq62ie8kilm6b512jt1d502vemmM
modified: 0/8/4cvp9kn10i5hlms4t4qesegu4h52i3eR
modified: 8/2/stats
modified: f/1/stats
modified: 1/a/9ahqrvsdiq4s9hhvkrj5a91g32m0mkmM
modified: 2/7/3di5pg3im48gpbt2egf5jihgrl94fdgM
created: 4/3/57j003ugk6v5lns0l7nsoa3f20mlqegR
modified: 0/7/75o3nr7rcfpsvijjiosntlt75m57nviR
modified: 1/5/stats
modified: 6/9/stats
modified: d/4/4a2ce4ifrtobi70dn185a6j04u9a9uaM
created: d/b/ca5t9s654i2bneanv51e5g0lt1tdr94R
modified: 3/2/stats
created: 9/a/fe5iv9998n962o8t49f70c9ldvpgsciR
created: d/6/990j9absium31v83im5mcan8seql882R
modified: 0/2/83dbd0v97e2q5ejq5eg6efle5mcf24kM
modified: 5/e/1a6u486sag166htcqh1d2qgqqbla4goM
modified: d/5/028qvi0smn8ocaffjk8glk0l9bvk2j2R
modified: b/3/ad1eomtvn22j1f0euuh71mdcpu5bi3qR
modified: c/7/stats
modified: 0/4/7d4l7d52ofhssm5rdiko7e94fgmcu42R
modified: 3/c/40b7b51dc5kt867b30v1asd3q35ti8kM
modified: 6/1/096228au4n18vein7s92nbofngrue84M
modified: 6/1/901v44bajdmk8umhje9359apramuieiR
modified: a/3/stats
modified: f/8/stats
modified: 6/e/stats
modified: 7/5/stats
modified: 2/1/stats
created: 5/4/b91cuucfdiktbhqglkhaadke3bklnbsR
modified: a/0/10pcf2ch183s2ma5r90km9ng615it8qM
modified: a/b/db7r9jt9vb029llgoq3ufb2pvu0kopiR
modified: d/b/stats
modified: f/5/61qo9qtovu1f4r9okgb497rpfqer5uiM
modified: b/e/4124i0glq5avevm6efn4vfcglb4qadmM
modified: d/3/stats
modified: a/1/75oaf166akvohhq5qfd8gsbrq93umvgM
modified: 8/b/49iopnuev5crk49g1ecv6cfv7tpg5n4R
modified: d/a/ebmu1e1mee9kkrm9lcfv71fuk0ijd9cR
modified: 2/7/stats
modified: 3/3/stats
modified: 5/7/b96435snvb6pcc1fakqtvmvodmcb7j8R
created: d/2/ad7gsrkb7s0i793jqso43vjh13cjbosR
modified: 0/e/stats
modified: 0/2/stats
modified: 2/6/3e0fu0ck4vnpv7ephbovmv02hegkl4uM
modified: a/2/88c1ru9cq1sakjta1b90ide5eaq1vraR
modified: a/5/4560uu7sj4aagb7toqtre2fokc3qfoaR
created: 0/3/2f7ihq7pvh7mf08g5j6ib9lgaf0m6i4R
modified: a/2/71jkbrcpijdns92tku4iq8lirduvr1sM
modified: e/9/be509pdppc370qiofii600jdto5m288M
created: 5/f/c3kenbo3pmadkb4409p9hhrpksmo6eeR
modified: 7/6/stats
modified: 9/c/40kiviig0m0eerh14ftgtr5hjug9mt4R
modified: 8/6/stats
modified: 9/0/4c1evkbtngjmhhbkva2468flr973ho6R
modified: b/3/stats
modified: 4/7/stats
modified: 5/5/887qis36jr261q8jck99amq2mio0buaR
created: 8/b/705gmcnjf3foa4g2pv23kjop9r6bvamR
modified: 2/2/ceandgrd8vj28sveeqiled47f49pvdmR
modified: a/5/c5qfloruo4para44f6hfk3lpgutkrr8R
modified: b/d/af0poibid5j2t205i12bbnplmu0ag6gM
modified: d/5/stats
modified: 4/3/777nv8qpv2ivqkfbr4oe5vcfdmromrsR
modified: 6/0/2e12urbm6kcnk53naqsjth5a4n7jk0kR
modified: 6/a/c9mlnk7tcnldpi8lt37h8pc10q0m8rkR
modified: 1/8/8cnul4eddu8cll180qooitpeqief1bsR
modified: 2/4/639furi4dv2g1sl6ge3ptcf9espk4umM
modified: d/8/stats
created: f/8/f28ogmrup840pkdf470pu0568qc99f8R
modified: e/7/c89iu11fpf0ovccdm44tgd2otbtnrdiM
modified: 0/9/a8nhaa7eo5o70kadc1mlt470qkt516qM
created: 5/0/49d36t01rkip5njpoefin68afajg3fcM
modified: 6/b/1b1lpcfgm4fanrfru3amjjtdih8br6kR
modified: d/3/405v31ena3v7cgsggvj2r3p63bemmvaM
modified: 1/4/f0r75hss7qqqvhp2svmlsc94juglt1sR
modified: a/9/stats
modified: b/0/b4ol94tqqfcqenfq870v6fb2pagkd86M
modified: b/1/stats
modified: d/1/2aik2ulom8p01hb18fqo8bjr0vk0kl2M
modified: 1/9/909a8ml00vcu2q8e5jmbk8r3sem4n6sM
modified: 6/8/7bsitbn2t4o51a7ft89iplidnsislh0R
modified: 6/c/64aeh12icvb6n5psdg7spk926qg1dbcM
created: 7/f/711ug8c8pnb5756d8vv0jnogm75ojukM
modified: a/b/61tjgrgkbdhu1n0btpn08h7lo3942sqM
created: 5/9/86f0qcniddd2r7890p4hktrednb9ua8M
modified: c/4/280ndji0bo7q2pihmeeasteapuqc8isR
modified: d/b/a5jbsno1c35dtomrgpbvbjo1qjk6qu6R
modified: 5/f/9d3j5otr9ipp8s6nhcgt1cqssrse3asR
modified: 9/5/7f046pvvhk9jjfqhiuf9e3rp5pnr8hcR
modified: 0/3/stats
modified: 1/b/acboo0mld8osn1sef8v3kf9oe5u2oraR
modified: 2/stats
modified: 7/b/stats
modified: 1/b/eamph4asi51ilh448cqp03ek3jiufu0R
modified: 2/0/cafr93pko090kn9ps7tlv3n5em8idisR
modified: 9/b/stats
modified: a/2/660h5dgjmb5imktcji5poqrsmh6j1hkM
modified: b/9/53uknjinrnldrnc3731f1l29ov4jh3gR
modified: b/2/stats
created: 4/f/2cmdoqu016i6dp2ghf6fk66ta3mj21aM
modified: 6/3/aa03c87cbe5ijd49g8pt2j3or8ftnpcM
created: 9/1/41f5k4qo7ic6bfi4a2mmg0jprmu9juaR
modified: b/7/1396hq4ovs8qpgt41nensbg7fskl3oiR
modified: 1/2/924qr09vtao55uptkr92g8kb5mng2jmR
created: 4/e/05ocuoktj53omida9d120hji230t444M
modified: a/stats
modified: 7/8/stats
modified: 2/2/4cul92764hnijj262lg72umcqj7ldduM
modified: 2/3/a0v3g1mnvl3kul77quuuvdnfvcvedosR
modified: 4/2/72lbjlkd9osfgtb8rjqi4ash5vdvhngR
modified: 5/b/b8f7ah016ad75jde9asdbn74ks1jh5iR
modified: f/5/stats
modified: c/1/2fenc71eavnqe30n2ajdsm4o1cf9ut4R
modified: 0/1/73cul1jcj4j1evfaqtdo4rjm8dabaecM
created: 0/b/2afjsuri0nq3rsidpcc4frmr7kpvp52R
modified: 4/9/68ofnbq3755gi4l6vfbbqugovl3u78uM
modified: 5/1/stats
created: 5/4/51e9su9kod6bfaem04hua6geeip0qhmR
modified: a/0/c3q5f8cos4qfhlt003lp3s5rq7s59n4M
modified: a/1/33pp0a92bqbr9s31hugsrbg2jba8cbgM
modified: 5/6/f89pk1vb6ugte6jkoqmdfbn761r2ouuM
modified: 7/3/stats
modified: 9/1/d48nujnmlar2hsrebfb4tq0q7b4bg6mR
modified: 0/b/stats
modified: 1/e/a4ht37bvfa4nllp4tb4g9c6ng72j52eM
modified: 2/d/stats
modified: a/5/stats
modified: c/a/stats
modified: d/1/stats
modified: d/4/9ed1a6phlgbkgn6mmv2dh4r5589033mM
modified: e/6/f8af2e0see8f6i99v3jam64tu1q08vaM
modified: 2/1/62gm9hq4g5l0dl144l9djsqaobf2dlmR
modified: 5/d/stats
modified: 7/stats
modified: 9/b/16c1gt66o7klcbi25fp399r3adh9q88M
modified: a/e/stats
modified: e/a/stats
modified: 0/1/f5eu9lh05294kkuf7gq47hstigjo4oaM
created: 1/7/4f1g8h5s56rit3r8hijf822hfnjk9dkR
modified: 6/3/stats
modified: 6/8/e62jmi1fhlrvh47fqs6ephbqll9geo2M
modified: 9/0/stats
created: d/d/4eho80avcj1g6spb06o9p6a6krs9bdiR
modified: d/stats
modified: 1/1/773u0ad204euak67d9vu2gno0p3k6seR
modified: 1/7/f5ssc35tknd33jt9iisckfk7nteinfiM
modified: 1/9/stats
modified: 6/5/stats
modified: 7/e/stats
modified: e/2/bcrtpgsi65v7o4bo05udfueu3vepsk6R
modified: 1/1/b54ircpr77q9g795h66oi21a0u0rq8mR
modified: 1/2/stats
modified: 9/0/04fad0hr9vgvs2k2siokg5kjt5qpd44R
modified: 5/2/ad23a8ub71tvj6ga21pgje03ql2vdniR
modified: 6/3/e2t8vsb4scajvchdh3e5dcs5q3fgbe0R
modified: 8/8/24m07ovtdl8f9tah5jm3c39m2h6a4k4R
modified: 7/0/stats
created: 8/3/2dfpcn74h1mbt3csnvsn4d09h4h83m0R
modified: 1/0/c9j63bs0qchcfps2kjg3e2snopa928mR
modified: 2/3/e16su1k6hnabhb3sdvdjetn6smej8oiM
modified: 5/2/stats
modified: b/6/5fv84onui5jpmsqc9rnt58bj4ei6vhmR
modified: f/1/d21u4qam2517d3j0v80q7apqr66pcnmM
modified: 9/2/stats
modified: a/8/746v86bfr6np11otr4csrbaia10n6skM
created: b/5/1bjhqem8ch7kf34601u3sit78hnd8uiR
modified: d/2/stats
modified: f/3/2frr6a994bv66kvet899s3m85co3514M
created: 1/d/1797i1m707gufr2htvqedcq0srd2foqR
modified: 2/7/ffj338154htuteiuu10hr2uloo6fi2qR
created: 5/d/cake77cvkgr1i73dqi5jhdbn14ibtokR
modified: 0/5/38jd628jt5bon7jgomdi0e74hvla090M
modified: 1/5/d7udiu8nvido909cpkhgmusk4saj1niM
modified: 1/c/cfnh17u39rhckmso6l1o2jdppt8954sR
modified: 3/b/stats
modified: 9/3/b61ghrtrcsk3lul0l39k2cuu05sa35gM
modified: b/c/stats
modified: c/6/stats
modified: 8/8/b2ih1aebonlkq9vkicnm4jfhp3n112uR
modified: c/9/stats
modified: d/0/edr1c6u4f1vmetertj88p7candu32csR
modified: 0/0/b7sntk1uvvh4i7rj7b891o57k2f8caqM
modified: 0/1/42siuihtb1p30auj79gmphq9ivsnftmM
modified: 0/2/82egiccqo90shb16fe481fui080a79eM
modified: 6/stats
modified: d/0/6b1jiikos3bpbq7inhaqbcsef0672s4M
modified: 0/6/83guvaphmojoi3frj96am810iddp6ckR
modified: 1/0/stats
modified: 2/0/52fpf4qnd20i4sg91qdivaia0oe75m2M
modified: 1/4/619ssaj39e4onf3euiksj61psn9epr6M
created: 6/a/41u4ffa8sisanv7t1f7e1rh3jatd17oR
modified: 9/5/e1sp7k7gbmk2uns9i45hgkevgr44ei8M
modified: a/f/1c1ens25tu9kc5movn2v86ifeufsdq0M
modified: 8/6/6b27jqdigr25rp229k2ea742bbm8od4R
modified: b/1/718v9t4oednbskhe21tg1mf4k7u9f3aM
modified: e/6/stats
modified: 0/4/65pc4goge2f58o4mgfnaefp1n5f65umR
modified: 4/4/stats
modified: 5/d/fe8q428iauird7bt0b93o5vkmt9mfc0R
created: 8/4/70cki3qo4pdb5go93t18ue8fesu6iuiR
modified: 9/2/df7ovopoafk4hflhe6a2gvemtjel8c0M
modified: 0/d/stats
modified: 2/b/stats
modified: 4/0/stats
modified: c/6/2e5u0arq5oqb718tii4jv0hrtmr08heR
modified: e/4/stats
modified: 3/2/027vmsvl776qc4q8s1ahf2o9ovh6nsaM
modified: 4/6/stats
modified: a/4/4asaktq4ia14utf0iepndd29apsog7iM
modified: b/2/ca9l1uia6lhnuk37e3763jdarc40ousR
modified: 7/8/43bieis9s3eodg5su46n67gc0o86pfaM
modified: 8/2/fcj14et8lld6q79kdgfj5jpgc2kniimR
modified: 8/stats
created: 2/f/2bql4uem693c6clgaq5f21j7vqe47ciR
modified: 4/3/888ikqc228j98cv16faclbliig6bklmR
modified: d/6/stats
modified: e/8/dci3nm66pu58h82f310t4f092ph7k48M
modified: 1/7/stats
created: 5/3/356a1ab4u8ltpvakiqr5edbst5e1n44R
created: 8/6/1di0us6249a7v5fm4lnf5bfe2826430M
modified: a/d/2chtncas0hootato3ap1daal6828rnqM
modified: 7/d/stats
modified: a/5/545m402a8pephimqf04c593238un2feM
modified: 2/3/stats
modified: 3/7/stats
created: 5/a/ff1hlg48agp6m9oefkgtr6ua34rnhhaM
created: c/a/234r9e9q251ec8mdv2ekhgsohdj0d62M
modified: d/0/b348kfhamu1gmggs0uct4pek2bbq8kuM
modified: 3/9/stats
modified: b/3/7bvm703navbv6fr5mgofk8og2q6s3fiR
modified: 0/1/9bjajl2nv4kt9s0pku5ogim84rkc818M
modified: 6/6/stats
modified: 8/7/56fou6prupp6di5ckcu6npat35t5fpgM
created: 9/1/91b86b291nv6p7pcm1p0fcj5dc3ntduM
modified: 6/0/3bj7tjk8v35b8nrqjhmpea60km9rhpqR
created: 9/5/76imgpgf9mg45dtj8ckjg3af625rpl0R
modified: d/7/stats
modified: 9/5/66t5id32jbm824cvn9us4q1moc3mthmM
modified: a/4/c9s9fmhehp23cs6submegrhqfccert0R
modified: a/9/e40nim37nsuaq97uf6un5fkolfrsdkqM
modified: 1/f/90hi4umue1g6pqupfcia73fqb3f78duM
modified: 4/e/3664qihs2m8qe7dr1akc36rhbf85852R
modified: 6/7/eb7b9s565jmnutb24l2ah2fo2ni7ukmR
modified: a/b/e6dsm3vuuqdru2dd9hec6u6nn3bs1psM
modified: b/0/63kgdb289o0rs05bo00qa8ntbcsn92uM
modified: f/5/06i3nripejn1brjelqnunegctkof9voM
modified: 4/c/stats
modified: 5/6/86usdj22gt4s5ik1v6ar3mll387cpm6R
modified: 5/e/733jdiutagthvh9kh6t8c4nbrei99fiR
modified: a/8/5ajb6r13b5dhl4hu87fpl63a3uuluteM
modified: 9/d/e3k2tq3s3l5qcm8tk4b4lo2rv6qnimiR
modified: b/7/69ojumv2qs4v8ci0anfqkug2oksmsjqM
created: 5/c/682aebg3i0s48uplhqompvi65len39uR
modified: 9/0/a5hbeemjo4p71cpsuav8ufu0g5t1i5gM
modified: 0/0/3e1i2p70ihm8apgcterbooqb82d9qhsR
modified: 3/0/stats
created: 5/5/bektlgsfkbdjfbfjvacm6e36f0ucg9iR
modified: 5/5/stats
modified: c/b/98kghtd37onb7744u96brdh7eg0lelsM
modified: 1/4/55f4ms5s860njf288htknos74v7f3nmM
modified: 8/5/9dr410rahf6do559i2ti84mb5id55s8M
created: 9/9/099h6cs1qce21r0o5qtpqc98kfshnkoR
modified: a/2/15phereut530q5j2sr17kakm7mf44cuR
modified: 8/8/72j964i69pb44pgcabqp4ia4naqkaa0R
modified: 3/8/stats
modified: 8/0/bfjeut7ifvptd6297ltc55ffgsb7uvgM
modified: c/9/03660ojolca9s63sc3a9hoplufuu63cR
modified: b/a/stats
modified: f/d/stats
modified: b/8/b8p5otutdo0urfo2difse6g2pmp82ruR
modified: 8/d/stats
modified: a/8/db5ar6n3e4iq0j48kd3c9a11ik1845gR
modified: 4/b/ce4q9ogc6omifapnnh2bcv37h26qq5oM
modified: 5/5/ddn78iofehe3dt54hl5gs2bltk9c26aM
modified: 5/9/5220rrs25thcnio21bt5hre2sp8ptk8R
created: e/8/4efe0gf11ipi7fden3dat4b066d22koR
modified: 9/4/be97ulbtp0okhfca3ulvbtef5f71mf8M
modified: e/2/35mq2saabtcj35t13suuaic2gg2m0uiR
modified: 5/a/45cegiqakdqapa4o35mci8m5ktk1hkaR
modified: 6/8/60h2p85skss97drbppbmm9thc6d2bfeR
modified: 6/c/stats
modified: b/b/dak664nbfioq5i6u6j3jgvrrsdqn8pcM
modified: c/f/efa0b124oph6h6ahc1qq2aifm536584M
modified: 0/0/stats
modified: 2/1/e688l59qvlavmk3ihjnnc77hapeda12M
modified: 4/d/stats
modified: 1/4/5a1o8lbol2ktulnq4kmkdec6929r100M
modified: 4/8/a8opoeidqh9jtt65bf4n6j3aanp0dgeR
modified: 4/5/stats
modified: 8/1/ef5q1atp9or9j6k76tribbv6om4b3j4R
modified: 9/d/9dfiuv36n9u2o8f4jdun75rr7scj3hmM
modified: 4/1/stats
created: c/d/35f8fjt284tohe4dolg7bttma48r7joR
modified: a/b/0dmadmpvu3dk57o74movrkdra41d4n6M
modified: c/e/stats
modified: e/5/stats
modified: 3/2/6e17h9croklrl7f2hid3qtglcsgegmaM
modified: 4/stats
modified: 6/5/bamdfdhvv6418f4jo6ur2tmcrb3hb52M
modified: c/5/14qadr3rkr0j3lpvbqpjhpmm5fjldccM
modified: 0/6/b7phc9488lmeoa344ba1lsbg3qe4ijoR
modified: 4/4/2ae28ucj1hra1cgguq9ig6b3f9t78bsM
modified: 6/6/6bd0u857hrmqsdmt2b32lrqh9csepiaM
modified: 0/4/a8gcuq56tjc9vr857nbtooblnoetfigM
modified: b/9/57md4ncg1nbkriccjvrmn79hedugk5sR
modified: d/d/stats
modified: f/6/f7mq0l7e8vn3vtmkles6pkde7n983lgM
modified: 8/9/stats
modified: a/7/d4ifutevaaqju0e6vr9dnpdlva2rpeeM
created: 2/a/40fnhr9nidh4j4nplmovl1qsejbnvtoR
modified: 4/5/27qobacv35lgo67tlrr1hllifoqpchqR
modified: 6/f/16hvfcncsfvegpbduta9eqp574ghaekM
modified: 8/2/7130eujbve6ni3860u12j5j8hl2vkq4R
modified: d/e/stats
modified: 6/5/94spuvuivpralhfhfhqnac9kdcnt6amR
modified: 6/5/4aau0uv1gmtsvja1345e5mdrekuib5oR
modified: a/f/23i8kgug6dd869a1k3rh9jc6v0fft9iM
modified: e/2/c8kqkrd75jpmf2uba4ghk1pp94b8gq2M
created: 0/1/555jrvme5j7lf2jmmllvr18mqlea2uiR
modified: 1/0/85tka630jqoo00eeolaof3h88qcsueoR
modified: 2/e/stats
modified: 5/4/stats
modified: d/0/e8khbbs1ieot0oii0tjsb45r4l6saraR
modified: f/2/aa7afgnt22mn3js0hj3l1ahbc4m9mk8M
modified: a/0/stats
modified: b/6/63oq447lgpaicmdtagdadcdvvlsbr1iM
created: 0/3/ff4p2utm4oihgaf7bapb89rsbh2c14kR
created: 9/4/da4vn45ghravcv345j5nvjoldhgi4qaM
modified: 9/e/stats
modified: b/7/eda11uc8sfds9krcgoakl6oh0bbmdngR
created: 4/6/8fbctco71f72nc4o960qj0eg0sv2l42R
modified: 5/4/6069t716ti5g29aqmn1kh0p0hofvgoeM
modified: c/4/93u5ddhmasrfmpa5170ppecpeus8j8eM
modified: 9/c/stats
modified: d/4/f9jsaoohraqmo7lusgvug26n17p173kM
modified: 0/2/64sccpsma8ofhgiei94tsp5n7hslus2R
modified: 0/9/1fjmp2sjgf53l96polltu8o3j14g5b4M
modified: 5/c/adqnhftudgeuob62e7hubnrqak0o5m8M
modified: 9/5/stats
modified: 9/6/2di7ihmgi5ol83q1q3a9ufh8hd06rbiM
modified: 0/2/98orsgmmdhdnq91iheuikirjukf2kjaM
modified: c/1/188jgbq2nac1074b3ssn9vliivmmr54R
modified: 5/c/stats
modified: d/2/36a7a5fbcg7n73u9og5heg79ajssj52R
modified: 3/f/stats
created: 5/9/f12951e39et4ovsdgu1n2br3kncjopuR
created: b/b/feea4l0tv2it62vr7uqd4b398jt2uheR
modified: 1/c/d0ve59vjrg71oda10t5n0bskc1s4fpoR
modified: 5/7/4cc8djqpcehrlrsnh3o4e9v21dt3l0oM
created: a/c/ffvus3m1bpgbbu99b1k8a5plm5d18kuR
modified: 9/4/bbe2cllfm6kj68k16sbif24ngl9cfo8R
modified: a/1/stats
modified: 0/3/e67sg94ee9qrme02uuua5oum7rqiqkqM
modified: 1/2/2baim11d5j97q5disj839qqhs6nlv8oR
modified: 5/5/f7psv7gqo52ric560ijduat2j6og13kR
modified: 8/4/stats
modified: a/b/stats
modified: 0/5/stats
modified: d/0/5570f9jpkbi8vf5647iajn85qpm8qfqM
modified: 9/1/dfq13gupnbb1s7o4qf6i9b047bnde9sR
modified: b/8/stats
modified: 0/3/cae9rqt58iovai3mh7jf1cc4n20rvm4M
modified: 1/e/bam696us3u8v6ll5je065t595uqt5b2M
modified: 4/a/ecang4nr52fnal8ed0ou7a39ds5if9aM
modified: 5/7/83tbk5udj19kctf8t7hleharsol8geaM
modified: 5/b/87fet80ck58ga4pkfocaq0594gbpfikR
modified: a/3/57ovcv1tcaukncdk28uag1339b1s4o4M
created: b/1/d6lrpds4k1ch08af4biv1h9evdb9emsM
created: 9/2/78mgp8qvv7mpte31o8795o164mj3fkuM
modified: c/f/stats
modified: d/4/386lq755lv13gfa49o87u3cqna6odliM
modified: 0/3/6e543jpshv9uaisvvua286qqraitguiM
modified: 4/5/3alf0gm05bvbmduhnhl8f6l4oblvt0qR
modified: 8/3/1214refptvemusp41p5g2bts1jlfbj6R
modified: 8/5/stats
modified: 6/d/2elgtvldn76qgcdmqo3tn09rbdbnvuiM
modified: 5/b/stats
modified: d/0/e87rklqku8msatoh6ra3ep4f1g93m2eM
modified: f/4/664nv71t8ij0tgujt8rrrbbj96872omR
modified: 0/4/f3tathjcm62jjk8b9qrqsct8q64dvcoM
created: 0/6/76felntl0vv8jbdaru1jgit25dnnm5cM
modified: 3/9/d0angmrs0jdgnlafr8o99b7dupmobf0M
created: 5/9/87bid1et225ljcmianvs01345ui83d2R
created: e/b/63bdncpspr685rmnv99nfnhreifeua4R
modified: 0/1/85b4m8fqpit9n8a8bp49o5gr6tpr7kuM
modified: c/1/stats
created: d/a/f5buf0qi3akvp8ngb04qrt2ga4rjlegR
modified: c/2/stats
modified: 0/3/89vr7k5breljcde51jplcbksein43vsR
modified: 1/6/649vr0rk52cale6hmpt9po54ii43kqqM
modified: 1/7/55dp2outqgkus7sab6c583gscj51f0sM
created: 3/5/03bff3qmhv1v337sr1lbt6avv88bjrcR
modified: c/0/stats
modified: e/1/0857chvquvngvrbstt7h88fdgrvogsuR
modified: 2/b/a6gc7hbmja85vu7lt0jsr0k31u20dlaR
created: 7/b/b2eghbjlg7vbiadclsmet4qpdk54od6R
created: a/c/04npei81r5afpk9bcpcqjaud28q5cfgR
modified: c/a/dfuhl22dqnnbp58msdjqvcguctcf07gR
modified: 0/e/efg404v5mmv31ug8qgs934655svqi72M
modified: 1/9/18klbhaqc034cmtmcquasf9nq6rauooR
modified: a/7/stats
modified: b/4/04eclk6umdu1nb451ma4a0dcf8aunlgM
modified: f/3/stats
modified: 9/3/5e25n5oqk0mad5j8msm2bcmbu1ipm22R
modified: a/8/stats
modified: a/d/42s3venpnfsp3g6p0c5ih3v1hdm6skqR
modified: 1/7/10ekdktetlj6tk0cpiai6aun572irveR
modified: a/a/1fgumffl2cp98n8a3h7i8v57ta7409kM
created: b/c/51k3e2tco1ccfqfmopplj3ugultq5qcR
modified: e/4/77kr7ha7telhrkip82vn8vvk89f2gjaM
modified: 0/9/79h79bqj1lr2t84r8gnjbb2miopvc3kM
created: 1/5/fcj8j98d8tfs8bch3oda36b86r7irpaM
modified: 4/7/e1kikute3e5jicjrb8i650sm168pleoM
modified: 4/9/fcp2kvpk046ojr8jkcnbom19ltd1rioM
modified: 0/9/stats
modified: d/7/6746gg3uu10hgkqemo1v4nmovrh4smcR
modified: 4/3/1f7fnbmf680nhb63ku3a4dru3h0t1e6R
modified: 8/1/5cahrib0n47q8v8vao8kbkj060b86p8M
modified: 0/a/stats
modified: 1/4/stats
modified: 2/7/f472tbf4seshqbtopiqjb6k47q10vkoR
modified: 2/b/a0kg12fjfs9g6dqo9psf8lslo4sebrsR
modified: 3/6/stats
modified: 9/f/d26dh6pb7u8b8ahijhdnob916nvqmqiM
modified: a/9/8fj6su8have6q2h4tl4vmkmpi7lreusM
modified: a/e/be335j58pdo0dbrd5j3d9h0219mj9f0M
modified: c/b/stats
modified: 2/4/ebq8rtqmdhd2o2bcrtra916e0h18d4kM
created: 4/e/eb5s77nt1f6tfov3grjvmk6b24kae40M
created: 9/d/2ctrteoos1ctr588c3e31a7t55i0v9oM
modified: 8/8/438c03r482ihfp3ei0dpu2lea60724gR
modified: 0/6/stats
created: 1/2/856ovd5n2sc1453kuufsvliaj5pjrnqM
modified: 3/a/stats
modified: 5/9/bfnevs84idfap6midchdrl49ouslseaM
modified: 1/c/stats
modified: d/a/stats
modified: d/6/985fm30tqnb1r2339tkdlpgilprjnvqM
modified: 1/0/61fes5jt40ddm11bf8tl7bu8cic0f4oM
modified: a/6/stats
created: a/8/36tf95ss33dqnbi93ngjdjirrhao6roR
modified: 6/f/6ck4k87cqevlj9as5crum7nrti32sheM
modified: c/b/1ajvd1s2np329nima8c0n9th63ui526M
modified: 0/4/b8kmlph57ijj37tlcalei78m2torsdoM
modified: 3/5/stats
modified: 5/0/stats
modified: 5/2/dfruiksedaqigvsd6fjrv3oetst60geR
modified: 6/1/86hpcpi07uv5js1f4mi5gfpd0qdlj1cR
created: b/0/328qem956apk8lfv5mhmqqr9pht3b5uM
created: b/9/5992i3idtf031n164mbhl3q0irqd8h6R
modified: 1/2/16ebb6d0do3f0mejv5ebtfga9j0d416R
modified: 2/4/7dj6iaq9sjlon6tb0u9lito5n9v9lneM
modified: b/e/9b1ql2gq0csvrmevep5154c9ki5ipeaR
modified: c/0/32lespmcpvt4fprr1reuc0gc26ukmquR
modified: c/9/fdffq1iudt6817p1kh3ai2rnpj2grm6M
modified: 6/d/stats
modified: a/2/51ss9u8c060af5ig19uqklhqsluht3mM
modified: a/6/97r838eqioi1gttnkd2k47vohql1vp6M
modified: 0/1/29m3v72ie8crtpr4rbrj0k2o2imvj1mR
modified: 5/6/20ocd5fu94eeriql8s1jje7rkts4ob0M
created: 6/c/8e5a2nu72er5ep07caisvr1ejh7nebgR
modified: c/0/709uignnc286bkp9e7951jsr9akse22R
modified: c/4/bbpu09aqbbicnk1k39pn79po50hlabkR
modified: d/6/4dqtp3p0cdlbhdai8fdfmdjcvjj19aaM
modified: f/6/stats
modified: 2/c/stats
modified: a/0/a2bg80g8t5k2cjtq04ptpjddpm8kd46M
modified: 0/8/stats
modified: 9/1/stats
modified: a/1/4froadu2hnum82kb8rjbs9g9dc6ov6oM
modified: c/8/stats
created: 0/6/6fa2l6jsgamijq6t0m1k3hequdm395aM
modified: 7/1/c6vooki7950hfkaomckfkr3qiijjg3oM
modified: 8/c/2fg9rmc7t6mfld7pavt9ro2ii1sds4mM
modified: c/7/952rn258f4p1a7g8e6m4064761o7ipkR
modified: 9/4/36ifaulndbv973bslpupmc9e5d49upsM
modified: a/0/fc7c2ptbrj63lkqav6aas41v3v2v0qmM
modified: a/2/455jhgqkg3ds8rhq8nibvi8ffrptm86R
modified: d/0/8boq1f1rpusp3nupenmfcsaig8v0mikM
modified: 0/1/4f2r0alfl8sng07o43mssqjev5f5gpgR
created: 5/0/a09h5oahvjo2rp3ar7lrt1hcae75ookM
modified: 5/5/8eeate5l1fbm34sug81m2hrq47c3hfmM
modified: 5/8/stats
modified: 9/e/defnolcs826997ta77u7qle6c7rqc20M
modified: f/stats
modified: 9/2/9ao954d97rhmepdh0mjd80ffj3bag7gR
modified: 2/2/60710ktggmqaaqvgos0bg6h6orc0kriR
created: 4/0/03od1bpcd81l75du2brt80qp4klogniR
modified: 6/2/ad68q78dlcupiinrmof4pf6ts92gkqgR
created: 7/5/76esqdmvmcs44edl4fglsecea2k0l0aR
modified: 8/3/baoukb7vnheouvg67c4hmosae2v1p4oR
modified: 9/2/03co5303nfl5nrul0s0719uts90ho5oR
modified: 0/3/e1gdcf6bv7p502r6ol2aqlvjek9lj14M
modified: 0/5/667dl9b8ba8ngi8ddjujju7th3910msR
modified: 6/7/stats
modified: 6/f/stats
modified: 8/8/fbrhf46p7leo3g571gc1v0dvu39aovuR
created: 9/7/3ft3tv62dhg5tf3m51ttah834cm39fcR
modified: 0/0/a0kpfssu1omcqngr1v6uetlh2d9tn5mM
modified: 1/d/96rqrirvsoiq43selrjr65glfeq65e0R
modified: a/9/58gfovd04jh9iqiij025ia30rdn5mbaM
modified: a/b/1epb9ateic2e85eb1rrmmd21tpo58j2M
modified: b/9/26t00curuo99n59q4f8br2mf3pc64u4R
created: 8/a/373dunp0apses7bgo6hnat9nika3ajqR
modified: b/6/5dvacmma3uitk58rb52jpnt01t8bh1uR
modified: b/9/stats
created: c/f/b7rv2ukf6n02pagftcp64us0r5f89k6R
modified: d/4/stats
modified: 0/c/stats
modified: 1/1/51f047t87ni8iltlmqhr6ogqu4kmmduM
created: 2/b/0cvtj8v8ffk4u78tumlbiq9ouda9ivcR
modified: 5/6/0adksut8le915u4nlbb57tf41rhe8siM
modified: 9/6/b7ej7ms9f8dc9grb3bo6tvdqob4knf2R
modified: a/5/91bql6sdpeo2o3kgnv55c7n0o2lrm2sR
modified: b/e/cf35ta4g80rd8ffvascs54db38tnua0M
created: 2/0/07q2nu90kpcs9jg0ahkuible8hj6rn6R
created: 2/4/5cijub3mp7s5q7vn65t59fpr40c121mR
modified: 4/2/stats
created: 5/2/4bsco6jsj4mdcmpf1co1a0009av29rcR
created: c/b/10o909d7et0b48r4a420k2c35s6ppd8R
modified: 0/stats
modified: 5/1/e91u9nt2n5g3qait8a7kjtva6s9quqeM
modified: 8/0/1b137oic00tiae5frbo63e2qelr45icR
created: 4/6/59i5ctl91t43m04mmm2ncpftu1ffh9oR
modified: 4/e/stats
modified: 6/c/8bq10312ulb701bcujhi17epqriiqdkM
created: c/d/51ruddgig9o64mkfp4894chigsleu9qR
modified: 7/1/stats
created: 7/f/859n0igsaqrvqa46er1abtgq2b2tb74R
modified: 9/0/00mpijbqqs24fg5t3kalob3t8272f9sR
modified: 9/2/abucvm31nft4rm9ear3grhe238vckf6R
modified: 2/2/805s1jkv6bm6696k6cufm6k4rj9kmvaM
modified: 4/3/8brs5p6divca03lqemdpmamnkie5ho8R
modified: 5/a/stats
modified: c/4/33dpa2thh1k6ug1r88amshi55a6r8jgR
modified: f/1/6btvt4ut8dsto9ri4305pfb1k74heeeM
modified: 5/3/stats
modified: 6/e/06n6u95p1to3i89t7e44gsmg1nb2o52M
modified: a/2/67iltuibj9fpcbfggi14bk661243fquR
modified: 0/9/8c9enbll3p7sgmmqao5h53nhhq4iiegM
modified: 8/1/stats
modified: a/4/stats
modified: f/2/stats
modified: d/7/66mlq63b498p7ig0rmp14ucun6srl24M
modified: 2/0/84manl1g0hjn2f1ffim3j87hhjsq0tcM
created: 7/2/26aj01vgdjpudr0e52kkhcerdeco9raM
modified: b/d/stats
modified: f/a/stats
modified: 0/4/12vj88pbm2m55nsou5vl1cb34h9t2gsM
modified: 2/6/0696u17nilfpqu9kc9nf5e8sr5likouR
modified: 5/e/474vutufrna7cct5cmtefndhpij70iaR
modified: 0/f/stats
modified: 1/1/stats
modified: a/2/842bc064p3u32jrjaovegh5pdtigdb6R
modified: c/b/1bl6fr4edkp1fs7g594f61275t7bih6R
modified: d/3/d7giibn4338o2v1itn3od798qhihdjqM
modified: 1/d/stats
modified: 2/4/98hnieqkqic0eopmstjnnu7t0vld6iiR
created: 5/f/c65s507jco718b0stln46v1ha4fpc0sM
modified: 9/6/stats
modified: 7/f/0fsk72k4fm655rhma4fru4mql6rp0nmM
created: 2/1/4628h5aah2jgdio5kgs6uui0noqesjcR
modified: 5/6/0du42s93ouskbht9sm71thq0q7c1s50M
modified: 6/7/e8a6lo1471pq526klq47vr7vi4ehdomM
modified: 1/3/92ufbprtmgpmkemlgrvcibm5ujmvin2M
modified: 1/6/09f26jqpg7pc3lthhlges7cgf5aqeoaR
modified: 1/8/stats
modified: 6/1/07q5iqsb5r7ru4vfophusc1t5gf2d00R
modified: 9/f/stats
modified: 6/0/stats
modified: 9/3/stats
created: 0/0/c16k88kg15pcrng90cusipncc4bg93gR
modified: 0/1/c4pou69kai3d9q401p3coa16csupckoR
modified: 2/6/84dhacsgbfdoj5kbirqu58lalt2jleqR
created: 4/f/81jh1qsvif2cibm86skp9ksileq9ue0R
modified: 2/7/a35bv8br5hnr8t5sksr7iugtkk4jtk8R
modified: 5/4/a3lj7n0lcdetcun5004978lvrjgecniR
modified: 6/1/stats
created: 1/a/1a3mrmm19k4nreft6kk0oqsm4ml79a4R
modified: 6/7/19hct7ov7f88t8s4u1315aaaf9tnae8M
modified: d/0/stats
modified: a/8/1crukjk0b9n0afjciclh63e6v13she2M
modified: a/d/deakiu0dsmjntoalkgtpgpr4tut3ctmM
modified: 2/0/c4k78crc73p6h6bm1be5c1rm6o4ck48R
modified: 3/stats
modified: a/3/c4vpf7pajdn994virc2na1em0g9d73kM
modified: 2/4/stats
modified: 5/e/stats
created: 6/2/10fhgqg5t2kk9oqoqef74664ovkvvgoR
modified: 0/1/24qcv73la34638gj6360f7ecvu71mnoM
modified: 5/6/8dipu3omne86p5t265n17favrpesf0kM
modified: f/e/7ba72t57kd9j6b6cptcagtghqsupvoeM
modified: 1/d/2did17qquna5k0gkr3cl6pkcod1ck5sM
modified: f/f/stats
modified: 5/4/fcj74lj8lq60tqjeo0l3po9tl0981hoM
created: a/2/9b2d1cs2qukfffe2r447oecvad3mk3oR
modified: b/6/e11hqvpteah44ju030i4mpf2rog0t4mM
modified: b/6/stats
modified: c/c/stats
modified: 3/5/5c621bkpokkl25b5vds4cjpriht8q2qM
modified: 8/3/stats
modified: d/2/50u0jjktqls83nme3vo2a0r6f3c4vskM
modified: 3/e/stats
created: 4/8/261lm07r9l3c9uomiuepcbhdag3lav8R
created: 5/a/b8peguvp92tgaoeagih1jch92k82dtqM
created: c/a/7ff5cbroffltoj8vtrg6qkcjpn5ut8qR
created: 4/4/3bkbld8mik33lqabrl8ben2gt2qie0kR
modified: 8/0/05jme2sa24ot5lbrcja1rpnj27brsbkM
modified: 9/stats
modified: 1/c/e24qll0hjmohjrop6ppa7fua3e2a60uM
modified: 3/4/5fsk8p6vv44gb1i456ni5h5uupvefpeM
modified: e/4/3ak9m4oon6t9r41necp0aket7u293k4R
modified: 7/2/stats
created: a/0/287nrql27hcvsj9l15dm4jdha2uk986R
modified: d/8/65cochd8j1np2opot60a1opl8hkg9ogR
modified: 0/5/d9uqe01ti0h1sfue06ttgu5cabbgf06R
modified: 1/6/167oacm7o85tua9ia79rnqc28n5rdloM
created: 1/8/afoo1opl9m7914fjd3gn8l6ckd7s3k6R
created: 5/1/b50eb8gclsgrmljc9i6i6v8gttaur3aR
modified: 9/0/04pl0553r71saehku5sghn1ok0apjdkM
modified: 4/a/stats
modified: a/c/f9sjjetdnn9cmhitdtsri8jsjb7196kR
modified: d/c/5da768jnneck6hi1olg3pq16g4j0sogR
created: f/0/efpipbuf6qis1q3nge8q257qua4dtp6R
created: 5/0/4euacunhcjkr360ckseo1fv5eho4sauR
modified: 8/0/dcisc8ve2h4q65sfjei65lg29gt4ht6M
modified: 9/e/e7u53gl6r2kho8renca5maj188s4rliM
modified: a/4/6754j12prsf6n408a8uc5j4osd320v0R
modified: 8/1/91mr6hos6nbqcndhg0a548iok0tjs8sR
modified: b/0/07b6330pbs87kc651i182q222dk3260M
modified: d/2/edn351hb1ldakc6n5hldtpfddlo3c0sM
modified: e/7/a10prhr71b0n3qskaif2da29uk13tq8M
modified: 5/4/b8od58um42gh6a1fsgfmlt3bhndt0jqM
modified: d/f/stats
modified: e/9/stats
created: a/2/b756v4bgf26lb3uvhtts0a9ivbksv46M
modified: 0/7/stats
created: 5/f/favcoiknagfe3k7mhqo1a5sdujberh8R
modified: 6/a/64p416e7dekjt6ku0o7hjkfvhepsntiM
modified: a/a/790895qds4vgtt0k8ob7a3admsgiineM
modified: f/2/06r512617b6rkovh9d1g0dc64brcpp6R
modified: 2/6/stats
modified: f/c/stats
modified: 5/6/stats
modified: b/0/c1anc388klrqloln3sia2l97pmj8scgM
modified: b/4/3bfa2kt0ssb659uo38ia2daf9ol7traR
modified: 0/d/828k2833g5scfjq5js5j2jag219auhgM
modified: 7/b/cbrg83pk0gba8c8sakd1fbgj2g99u4mM
deleted: 1/8/6c9f77n7mm121kqdg4l4vfb71giao26R
deleted: 2/e/18qjmguushf866jemqa59eq6rpjo2uqR
deleted: 8/6/a0sc05mh1tu8i7b2od7tnqj9h76f72gR
deleted: 2/e/aeakvrqajtv614n1kcm64e7q540r43iR
deleted: a/5/1bp18cn48rc9511vstcef7q368sehk4M
deleted: c/4/06karehbe97lf3algp31p4colgngujsR
deleted: c/a/41ro9jqeac51taagnqdh196lern5t74R
deleted: d/c/685pl5pd8qmm08ohlef2arpd6q84lssR
deleted: 6/4/3f0ekhblklf5rdsqavniphec435q71uR
deleted: 2/2/05vsudkom62sshr46urt4d9maiom5nqM
deleted: d/c/64osvm6og9qkl03bt7kq75hjftnnrdgR
deleted: a/0/91l0bj0ad4lae4p0obini4bsrelg9noR
deleted: 5/f/f42nufebm7nf0bkqgcvni4s1a43s46aR
deleted: c/9/61r4ctkdb4qd309eq2uotlqb5o918boM
deleted: 2/7/9fo22rpoojfm0qojbbpc67pm2tsr0vmR
deleted: 1/9/1fu2a202lhe13st9h7djh6g8inshahmR
deleted: c/c/8c2goifemte9cti0o4al8hn89hd6cu6M
deleted: 2/6/15vqua2coka78q26nig4jt1grnjumkmR
deleted: d/7/77je9m0ibrot4ul1n25kfpp1dscr7e4M
deleted: d/e/8a99qldikcsodc8kd45a3nth2erm0kgR
deleted: c/e/0cf082fjvqotjghf00q3bhrmqnbtqhcM
deleted: 6/9/602hsvifvlj3h7rln693cj663vgro6oR
deleted: d/d/5b6g99j6a5dbaq2652k2iqqln4n3lmiR
deleted: 2/0/92qia21jq65etkvomr97vru2tsatjpiM
deleted: 2/3/994inls6pj67ajq3p7jogdu4l179ld8M
deleted: d/b/d6g9sj524asarj06b6jbr04i3ketp6gR
deleted: c/0/983dorufjeplab92ve79ocj5h4h83n4R
deleted: a/d/abihofg2epli38rqh6dvg8olr1m2cv8R
deleted: d/b/4570apl58lgioiji1mjlr43td5206uaR
deleted: c/9/60a0ueu7u73gr6knpctt5eju5ornaamM
deleted: 2/1/484104pk12b21dbn6aeudf2khjh136eM
deleted: c/6/27muvdojsgpuakil6h18h06gcaaccbgM
deleted: d/7/e109acnpusmurqm70b6k88nqb5o2fm4R
deleted: 6/d/03v42fs666t3evfj6192oldc5driugkR
deleted: c/2/dfkp72mce6v6g3loqr7a33bh1vq8vg6R
deleted: e/a/559156c922fpjgggrcd931gum2b5k6mR
deleted: d/1/e4ngdnbi9mgfkv27rabma3e6h9f7kg0M
deleted: d/e/e80gpk94pdjqaae753rno1bjveutareM
deleted: 1/4/35htnlau8t829sgqnd6ksfdbaen6l2sM
deleted: d/5/58etitugqdvpnnlnofel1jbumn5a044R
deleted: b/9/46m8il7svjlr7uji24beo15hd0gf9h2M
deleted: 8/9/89u2evlh832cscsdrohjbkkal05sfg4R
deleted: 2/8/9frrp2d5al8ae6rn7kefmsr0fp6aaruR
deleted: a/8/fc2qm1gqn6l3e57p7gqgeckct39cvk0M
deleted: e/6/f1gigl2cncan9iof45ccaj1b7osngu6R
deleted: 1/f/d3s176pktt7acrog17ocjtsn5tql19gM
deleted: 2/c/00h27k6pc1cro4j7nnvbhmts2v3mku6R
deleted: c/4/9ce946vvkicqh0tofcs03rndh4gp80cR
deleted: 2/b/19gpam5nd3atnnru1d3n0s4v1m4u7kuR
deleted: 8/1/f8m7lo5si58d4ip53o7vp0lb5splv6mR
deleted: 6/4/4b046p0dm5g8l965em086877b37bjc0R
deleted: 2/f/76snrgdaikh6eufaqn2urtr9s2j9s8mM
deleted: 9/d/bc7eaqtgcbk7borqcmg032fvnvrfuh8R
deleted: 6/3/b45h60m3nlldh1v59afr6eo5c8vdb4eR
deleted: 8/2/fa68e4ppgktbfscc6o8kvcfaje60if6R
deleted: a/4/70066dnvo95p05bc58uqrctk7khv50sM
deleted: a/f/280capeqn52klbkns5hnqojpl99fbcsR
deleted: 2/2/65rh26lnlhrv1j8s4ji7g9oqikl0mjqM
deleted: 2/3/7aenbqpartgip0j7dm6j407elmng4g6R
deleted: f/0/09evmc2dmpl011ss4hj6hlfpcr0cav2R
deleted: d/0/1ccc03k5jsrtsssvsveo64qt5pd14l2M
deleted: c/5/89digojalohbp4bvan6uk0e1heael1iR
deleted: a/f/75v0ue65rdhbdr5vdpgsk7rglkl94oeM
deleted: 8/3/7dq0k75qj2t7o5ivbbdkrqg42j5131sR
deleted: a/f/9ffusjma7ausummo8gegn3d1kp6e9juR
deleted: c/7/9431agsjboqvc3tm8lq7pe7v9spcghgR
deleted: c/c/3fad8kp85qln96o1f973sk22g8k560aR
deleted: a/a/96p2jtjn9cjtjjf9lhg41pl9nhnmch8M
deleted: d/0/4ea9i9qv8s0u039ehova9hi45rj6aokM
deleted: 5/e/d2e33mtlnv9c03k1auut7eocak7tn6cR
deleted: 6/8/02ums6gg5u2ppra9cp9a05f0o4ak90kR
deleted: a/8/16du79irh8s2227fvt2e56vg59v7vg6R
deleted: c/e/d628bbtu88cntstlctlevechiffg5asR
deleted: a/e/cdd38re2hghv8rqkm9u6stoq3srte70R
deleted: d/6/9din42vma8g464vclk67eps136cb2bsM
deleted: 0/b/ba5mqq3j3p96ip0lm8r52k8f5vg3kfgR
deleted: d/2/45jigg0nftibq6bq9paegorr6j783r0M
deleted: 5/a/5ed7dv6le5rjjhp6b4ht64dqgg8tt5kR
deleted: c/a/1d3kfjs78r4q1m5qjh4cbpivarphh6cR
deleted: 2/0/e7mh3asv6opvsbd8ub43u6t72mkra7gR
deleted: 2/2/dafuhq5fkqnpanb5j9armleb01stomcR
deleted: c/4/70251uu8nm82kj06s075ubfm82ksq7mR
deleted: d/b/769sn99jmj29a0c0vpja6ts8e9e10giR
deleted: 6/5/6542urqfo7krn5b3shfg3qsgh3dbdi2M
deleted: b/8/63fkv3ej2d5g1m4pbjvgelf9fkb5nm2M
deleted: 2/e/d9f8odi6epg49pi708uq1p5gqj4bh00M
deleted: c/b/fflkj4lc0tn7osi40g4qb2f5l59lkg0R
deleted: 2/0/3bqivaosg421eeceq5kkr4jhjc9ep8gR
deleted: 1/f/16u4042uio7s82dgamd88k671gv74m4R
deleted: d/a/0171oj74rgpn72v7aob0kjromlnqbqgM
deleted: e/4/01604nuuh6m6bio50mgk8po4tmid1agR
deleted: c/5/a7kftdn2amq8rhd61mgn5n14jirk36iR
deleted: 6/1/1dsearnntnueobjfa26mjmad0nspamkM
deleted: d/9/82hciopbu9pcp8t0qhorbj8sajgsgl0R
deleted: 9/6/84nik1jlbfbbpe5s0f9npj1pbj3454eR
deleted: 5/f/0ebf2rnrsbl2c34v529ud5pa9ref196R
deleted: b/3/70ecl79n3ecfptg99ua5juamj9p6arcR
deleted: e/4/54hsdusi9emefg2d20lpb9lccf9g894R
deleted: 2/3/1deqsl4tg82aop1f7l6q9trl1tnmfaaR
deleted: 2/4/4brp6pp2c0k9qakjmg7dn0q4uojt8fsR
deleted: 4/e/9dnt1pb6lav39aqkscsn5kuapevcknkR
deleted: b/e/841jq577kl5omtlqpar9bi6qfnnhk5kR
deleted: d/6/efi9h6skuhti9a9asju3ar0nui2202gR
deleted: e/0/c4249u93nbf3oh355nqj1d3tdlukvk6R
deleted: e/6/71ho3g889tekis886qi61t7jvv3dua0R
deleted: 0/a/65vrdgnj7vrj9eu67lg2jc4fsaicfeeR
deleted: 2/a/cb0ti9iu94qvrhn2fa55p64kfka2sq6R
deleted: d/1/ccvh60utkhsoq46e3c38shi4seitfg4R
deleted: d/e/8ciosrqorq7omldhf2hh633nht0gvg8M
deleted: 6/2/90potdm418vr61emheqajik4elbsb60R
deleted: c/4/c0hko95qk3o0c3elj0ihe8biehbdnd8R
deleted: 1/b/f88mjd6e7na0i0lj8g00g6co6l60gvoM
deleted: 4/8/5fbct15816ms65i254o7lbhulbel85sR
deleted: b/f/2es0f2i5hl58hbnui1ls1fhfmvg77huM
deleted: b/c/f77qqcuav1so6vrv1crjlietl0h6bueR
deleted: 6/e/bbt2vhlv5s1r22hb5h37avagtrrkr2uR
deleted: 0/4/c9tnht0pb2ov0daase0kckbgolg3h1aR
deleted: 8/3/92jflf0i40aqp48ec6gk00jm51ngr08R
deleted: 1/1/9ajn8l44j1qae2138c97bfnlioq597eR
deleted: 2/a/29pg69gc39fke5e9hs913beshl5hk3mR
deleted: d/d/4dhqt8qtc2tevase8ogvds7f0l3chseR
deleted: c/1/95bb66suu6qrfsa2abbtm08joe5hjraM
deleted: 6/f/dadmh0jb6h46lvum59fpu9meob89vlmR
deleted: b/f/9117domuba8mnlrv2qac8qqmd9ohb2aR
deleted: f/0/d05iatohtv7a16skofe33tdkqhfg61uR
deleted: 8/0/15p9tlog011tm4ii0888c52jd163qv8R
deleted: d/8/18rc7l14kbkm8h8dnu09o2rvjjp2nc6M
deleted: b/b/3cb4thbchiasv00mg0jgv6esncc8dlcR
deleted: c/c/32b7138d60orov8hjd7jj2d4754vov6R
deleted: c/2/5f01nbqr7hkb2esra1vjp7ifojpa5h8M
deleted: 1/a/beipb3jdbdverft0e147tv8k8r6qjg0M
deleted: c/7/d0os7rnal3g9v5oces5rnfgo1jrl5n8M
deleted: b/0/efgta2obc2gql53ivdh9cm6ff93oqeaR
deleted: a/a/2b4vnd0l4ddrlafhombq8p244snpq18R
deleted: a/7/9apqighr1efemlt9q5uhndimk7crjesR
deleted: 0/a/d2dkgcei4um5lugm3lau28ik6vef73eR
deleted: 6/3/e8kvj17no58fgpri6h56v5h2cb5mm92M
deleted: 6/e/7au0h6o129ra9jb8dtbu78g786dj0qaR
deleted: c/3/87c1p6d31jabeh354hrev74rn4s14nkR
deleted: 2/9/bdeil8g8lj3iad0qnmsmau9hh22k9n6M
deleted: 2/f/b7lhm3vu5s06vrm1e4jkpoovsq159ngR
deleted: d/1/6frvqlv9eeacav3nl5000el0ifpfa8gM
deleted: 6/9/08t7plesqjugnsrfig2tfh6731qvorkR
deleted: 1/0/76nk174s30vkse2mfr60ejohe6n9mheR
deleted: a/2/68vb7plsm8cc76pjiv9vv0tca2vm0baR
deleted: 6/c/d9avl12rp79qenata1aibvs5j2jtn66M
deleted: c/9/59qom4iq3cj0fusdkbllqml06grjqmcM
deleted: 5/f/9f8c84jg145c2eev8982bj4iapf033gR
deleted: f/2/bfoai63vfdukmhmourmpa6vecq2ksa2R
deleted: 6/7/1aqc7rlndj4e8687nsvnkdlfqa7evuuM
deleted: 2/b/59ro2u04bdl6tbq6j8h702k8erkk4pqR
deleted: d/e/69top41bk9saal34i5ujrd4mjd30osiR
deleted: b/6/3a2pmqkl9ispdr6ak4vr194b7m941p0R
deleted: d/0/f27nmva34ug490ilnu429vkcsnhe7muM
deleted: 9/8/919s4tabd5pnkak3329h3b4pjtff9raR
deleted: c/c/cfbs0l85op8s1emp8lj5fm5g3gsv9dmM
deleted: c/c/73v72o85as9ka77f6i0h0qoif71q08gM
deleted: 2/2/90vac374vu8ifkrj3iodcagilu626kuM
deleted: 6/3/62bg86cuk60rn8jurig4t0elee7b640R
deleted: a/b/aftfbb6n9sc3ma43f563p1nri0i85qqR
deleted: d/d/cb89hm1aqd9ibenfc74fun3ob54d33oR
deleted: d/f/980su0hrg26np204h1k1l47bd1g7f7kR
deleted: 1/1/e5kktfbmrf5lcv018u972l404jq576kR
deleted: 6/7/09cmvet2c46pe1b4621jn0ij1hnup8sR
deleted: 6/d/44d0fd89tbtsqsfcf3td9mqqonurgnuR
deleted: a/4/74ovqcs8kegrgd33s7b31spmpjknt0aR
deleted: 8/2/ab59mvs9vubnqafdq7h6rhl0ljq4pgcR
deleted: d/0/2eqn3crk6pkdnsold6e9gefgbbo1b1mR
deleted: d/d/79rj9tu73uf60devm02grpsm8vdsh4sR
deleted: d/0/c5l3jb8fedh3slk31e8hv7fsgmd2gs8R
deleted: c/f/3fddq3b6rad93mvt1s8qn46e2dckb1sM
deleted: c/a/45jaag243ft1psqktrjeu95pb493p7mM
deleted: c/9/64k598ob90emud2fcjh0g6p1lld5f7qM
deleted: c/2/fci460a754iha9bik2nq4lnbuh36svkR
deleted: d/e/deg17eo1d8sj0udshb7g6j7rf89opaaM
deleted: c/a/a1h0sm5vvi7htifgbhk6dlgdc5artoqM
deleted: a/f/44njhkbfaplrl4jt8ka3mtmpf31qlimR
deleted: 2/d/d1mq46s53pag51tg9r4j09g0io90dtsR
deleted: 2/6/d1ngrc0bongcg3c766akof96l77rsumM
deleted: c/f/b5qdd9104dhbl6d1gisn9c8fh568rukR
deleted: 8/b/78lgvupr2fce1ng37qgs6t0jre8ulmuR
deleted: d/2/423d5t44eglgi9698rd9ttomuic8jgeM
deleted: e/6/fcodv8fi7ffbm14v74atc9t8p70eeb2R
deleted: d/f/7avls7hs3b239s8kft834hoqd1a9gkiM
deleted: 2/0/efhh7ocn0803i20ae6ds49om208egruM
deleted: c/0/53o4q1ac818s4kma111qoevckd341u2M
deleted: 6/3/47squc646cccfkessk95s7b674dkuu4M
deleted: d/f/15s81cl9n0u7b8r5luje4ueqbhstbqiM
deleted: 1/0/8ebt6nk33sptthbm8j21b4rmh932us4R
deleted: 1/1/d37u8goambtruaddn7sqc4eeunnikniR
deleted: 2/6/468ujgnrvs4b5sis42c658c7b9plq7oR
deleted: 9/4/b100o7oqgbu62885559v6jcqu6n7apcR
deleted: 1/0/c55qo6i1riltdnm8ntpv0ff2b0sh2a4R
deleted: d/4/e9o0kk8lpj385bu4hm8uls6m51vrdtqM
deleted: d/b/4dp99rb40vulqc2tjag9k9hph7evr38R
deleted: a/2/54d9ob2jgn6a3r89oljkm76oo6tibp4M
deleted: a/b/fb4buk2q626t566qjdefj99kv37p4l0M
deleted: a/8/34bku5d74o22s0fo84ivftsn2vjk2qaR
deleted: a/6/eamhlekn66pa9j07bsbr9fndfdv98riM
deleted: c/0/b9gp7cq11gug7srkefusan2j7lqjip8M
deleted: 2/e/4aqu3mpsjpjqc91o38otrbv8ds4f0rmR
deleted: f/5/4f6egnfceq48lf54tm7uh8gscai5kbgR
deleted: d/f/da2j7o59itjctl59m3ep4on48uand5eM
deleted: 9/9/3b7iak2ifv9sp1qtgqk1d82v7pm09eqR
deleted: 6/3/89a3k5d656jjflab08u8374geafsfneR
deleted: b/2/863559ufjg6q4gmn6vs82mjft03nhpeM
deleted: d/3/6c2iemc8fu5ui74t9r3jm3a970isgh0M
deleted: a/a/0ai1ske8dmhcngmgv3tbes6fsjjlt80R
deleted: 2/1/0eemtnqqphsaqh8gh8aihah0o5k2igaR
deleted: 6/b/92t51tandc16danrtbe3ievfv7mnll8R
deleted: d/b/51sq8p2382n9rt36rmnoftkv58j63ciR
deleted: 0/2/b0hlanf62grhpcpfaccvqfn6lcm5adeR
deleted: 1/8/883movklibpfelmq19h0sgpcmjmpd02R
deleted: 0/0/7a95og2oj2t8m8q5n9hv2gbect3fvcuR
deleted: 5/7/d4uq5d55k7ptbfoqvju4js5d17dc3h6R
deleted: d/3/01gtsdpfjetj013q43uhc4uci277ac6M
deleted: 4/0/3ai1qb9vkabpphjvla433dajd1jsetkR
deleted: c/5/f54f1s1flnavpkj2297e03l0fgmfqb6M
deleted: d/f/a6prguvhh97n7ku2vfef52koqbv5mroR
deleted: 6/3/5ahovsqi7h6um2sopav4c1hpve2tp9gR
deleted: 6/c/8a1i1dcas3eg2cdsmlbck864gqg1mcgM
deleted: e/4/cb18gfupua2vs54tfa0uac9e31lo3n4R
deleted: 2/6/5dfoo4pa6hhmp61g10voo4eoviffo2mR
deleted: e/8/a1fr2crt81njm73kd0brpae096iruheR
deleted: 6/8/1fa9p56i7m3fbrbd50k8ph54f9oco7sM
deleted: 6/d/20iea691d3qink70g41puurp9keh3g6R
deleted: 4/7/0dqbue6hrjut6tubkvom49hmogg9iq2R
deleted: a/4/a5obp4upkn5k83rocdd1vc0c7ahnb0uR
deleted: c/6/0a01f0npo5fnrtjsclirm75ofkkir4qR
deleted: b/1/06hvd252c5l6ag9u143ebjrhegf9hfiR
deleted: c/f/828r88olmnc7q73vo11kaq7957eoa4sR
deleted: e/7/07qhu1n7fitpq9oig6igg7g0f7rp37uR
deleted: 6/b/7089hah338gg7nsaaihuc6h7pnou0iuR
deleted: 6/a/2ee24s99g1u8c16uv7us0m6jq0tvrf2R
deleted: 8/0/abrqmunufh4kdkt3idt71so1uqltuc0R
deleted: a/8/60hg1gla2p81d035j4ksvq68keeffluR
deleted: 6/d/899ec0s1qrpk73oq3t043q13cd5gs0eR
deleted: b/5/83rs7c3bdeb05q9h9sntiaopdij27e6R
deleted: e/8/1d6sri0nrct7v4a1is2m2jbn47gdmeiR
deleted: b/3/00a28h5oin7tl0j0dkliv25c1bqg47aR
ccache cache size is 253Mb.
Uploading cache ccache...