SHA for cache folders (/tmp/ccache_dir) is 'f3a40ec54d84bc93f0767dbdc179ae071660f9d526c8f80b4a60481e1721b93d'
Cache ccache has changed!
List of changes for cache folders (/tmp/ccache_dir):
modified: 2/7/edcmerreb6g8sg8pk53sig78476frhkM
created: a/1/06fj58d45a5sg1msmcoueo3mhbm9qp0R
modified: 3/f/stats
created: 9/6/c3dqpn8c2r7pjh4gdfhtn9q3trgcp60R
modified: a/0/32odpbtl9m0op0hs3m3u8n63i5dt2sgM
modified: 1/8/stats
modified: 3/e/485tk6kdvheva3lnqroj41up0ftt6meM
modified: 4/3/73mros1gsthak75o817obbjtbc8mi5uM
modified: 5/1/7ellcogfj2bcbbvo12ovg3o124fdh1qR
modified: 6/2/8d9nvlcckkml5m2fhd08pn469kf75q4M
modified: d/1/ef7qprpoutfgduq5dds99ihp7ftff3gM
modified: e/e/deblqrol3531dkt12g475qu5r1rooqoM
modified: e/9/8clq5n3jobvf3a50h4ro48rb031m9leR
modified: 1/3/012gga64qppoldjsiiv3borlk5ma5isM
modified: 2/1/stats
created: 4/3/0b4ja4ifk4j63a47p9s73o9n5n6n5fuR
modified: 2/a/fc21c6injs8dp92nfcrrdvutfe4htkoR
created: c/c/10pa9dbe4qmbd90fb5n4qvvge7qo7dgR
modified: d/5/100sjv3k1dtput53fnhla5v7bg81ocuM
modified: 4/1/a2lsnbaaahfh959tmtf69630n843fu4M
created: 8/d/e0lmbs1jvrseiankpvgbe8nfarnhooeR
created: 9/3/0c1cj9g5n4uiq1fftgap7pk0nq37k8aR
created: b/2/c0n07bv7vov4stgaglpd26bhq54tlquM
modified: b/4/a7doc8452tos9uhovo28247dl2tiu8eM
created: c/1/76ei39d87c2gnt8il380c9f94phnthqR
modified: c/d/stats
created: e/e/22u919uonp3m8rusa4q0f4brhcg9sf8R
created: f/f/8ef9007r7vgtkusgl9q0le9et1map78R
created: 3/1/1bm64osvv9e79rgess4u0ifsvbuh3esM
created: 4/1/8dm020jd3q9qecokruqk7o4m876stqmR
modified: 8/9/stats
created: b/4/b7dncjrqgb5iofo27l8c1gvmangv0fgR
modified: d/5/22if94ms57ond17spal8fbc471le26sM
modified: f/2/5a2vtc1uh6638j191p7f37be1nacgqgM
modified: 7/3/stats
modified: 9/2/eb9ft14v3m36bb1r2v83crb7dgjg5cmM
modified: 1/0/stats
modified: 2/5/b3o5n6mdsc4ifv92tcsu2boe0chnupqM
modified: 6/7/771kjpqotjtk4g1k1g58uih379e484uR
modified: 9/0/fecp19eqmr87up3tggleqhvghqunbh8M
modified: 3/0/8bro2vfp79ilpab7cd557nv28675eqkM
created: 5/3/abua2gg96u1tt9ut59dfvcuelh1im0qR
modified: 5/c/stats
modified: b/5/f9milhpv2v3jvb02bmjbdjmc9ha279sM
modified: 5/0/eevjikitib0uulbtf0s09s86qre9ni6M
created: a/a/52th7ptiktvibodnkgh7138rre0i8usR
modified: a/e/stats
modified: e/2/stats
modified: e/9/d74ah0pfgin5rccjs8aua341t6fageeR
modified: 3/e/stats
created: b/3/7boo9bm85oc5sbnjrkhfmhvrhpuv0ueR
modified: d/6/a24omcuoe0gd1stleijiscb2750f3taM
modified: 0/6/stats
modified: a/5/stats
modified: 5/b/stats
modified: 8/8/34q7eb4p6rm29d17e9ip508ukskju5oR
modified: 1/1/5a0popp80nfq9mo9h9kmc71rf0kipraM
created: 3/1/26eks4k6phinmruutbjbkpg3fps31pkR
created: 3/6/56gkj94sbvidk72qa7o3ujbcno2qk0kR
modified: 5/d/01ljuahgr5lrdnie2c5ce01leal07rgM
modified: 8/7/9b7gp4oh0prhp8mr1j1vdvnb2p2ev8uM
created: 8/7/d47g52nejn0kl0p65vktd6cpsoa6at4R
created: 8/b/689e9qhf7ks7ue5eo5quvc4fafojdlcR
created: 9/4/68pq7gtbqtkhn6m1so2pemtoqchfbdsR
modified: e/6/stats
modified: f/e/stats
modified: 5/3/a1roj1jo3e4a19s1h1spp9g11gmua9uM
created: 4/7/b8v6t6i8t0kgp3ir1m8m8hmllpaqte8R
created: a/9/a8a95k2pk1fci1cesnccke53ev53vhqR
modified: b/4/stats
created: d/1/ebkq56sqf0qfmg0v4fss96aj607cqegR
created: d/8/48t67c2u8u6jhngq9opa4docnil5if8R
modified: f/5/stats
created: 5/d/10d4sj7b6s8ac8av0usmgdgbfhrgkeqR
created: e/8/d42bcff1vflhjindc0hmirldk68iftgR
modified: 6/c/stats
modified: 8/d/4993onosqfpd2l8skmt8q8t037kk4csM
created: 9/d/62eddeo45277leaskb83mmjfk56d5l6R
modified: 0/f/d5jkmcagk7l05u2nmcdd21hv7vb8khkM
modified: 1/4/adbo53j4uvgs7ku8jd6a9cma2ld9i9mR
modified: 1/b/feof7bi6geidkbi4m9fbadoqfmpkpkuM
modified: 8/0/b3heim0da0u5hqtd6juv7crhma30vd4R
modified: e/e/028di52vtjhmrae6kmnfaop4l06e1b0R
modified: 9/7/486h62l24oh4nkkh7b0jnl1ff403p5cR
modified: b/3/332fgadc48ok1jf8brs3065o4s493goM
modified: a/e/74i7ptg14skactvodhu9qo8e3cpulkgM
created: d/c/d25e3i6rscjn1ahefsv4q5on7q8t6vuR
modified: 8/3/3aoraej3p4kq9u9d2h0dj7aotgqjfhgM
created: c/2/180q9u6nipp0vh8mv63lr0ta40nsopoR
modified: c/6/stats
modified: c/9/stats
modified: 2/0/bdk52ic88nisebb28c04ish0jdjblqqM
created: 5/0/fep4m97nu3jdtc7099dt29513kugevoR
modified: 0/9/f760v73clcprle84eh0a9momp5tf5gaM
created: 9/7/b5rnejgel532rcds2ak5lkcgal5ter4R
created: c/6/19jhuag6l8r1l39na44v51s9ovbj4niR
modified: 1/2/169vmj2nicng7qt2e8tqso29gateso6M
modified: 2/c/74l0o80ok6pr1km8u9kuqn7iq06abe8M
modified: 5/6/a0m7cu8okq4gjvn5ajct4u063f2kou8M
created: d/f/d3qsasuad3ipaihkic2n2mmeua0r9ooR
created: e/0/55jokd1na9e26i7p7th42fhpsjibpisR
created: 0/e/4ev49hbij3jqfsc2ud14l6g4e85jpeiR
created: 3/a/7537e765ei3op5v1ts5u4b2ng33v294R
created: a/2/3cr7659our7g68bt0o6jbti61fdhcuiR
modified: d/d/cb5ldgsne4itmvjifrjc5gev05nr5uiM
modified: d/7/stats
created: 2/c/74qg7pboud94k3bk37h7pqboqbsholkR
created: 3/3/bde23u0ftt1uet191rotv38auqv2heiM
modified: 4/1/stats
created: 5/1/116krelufhf2t01erkg697v10ckgtjcR
created: 7/f/78m0tenuolagvppk4ur07eg8tfi4vfaR
created: 9/1/2aqcmgk1vjomr62i8ih4cb98418j4d6R
modified: 9/b/stats
modified: 5/3/stats
modified: 4/0/stats
created: c/4/9b142hi9gqt5qsiaa9rk47lmi7drt2uR
modified: c/8/c4rn763ov3ijjhc1pumklgb0jkjg55cM
modified: d/d/stats
modified: 0/1/stats
modified: 4/e/stats
modified: 5/5/stats
modified: e/9/33lt31p5lhbotqa4mr5eab1nemcnksqM
modified: 0/2/d36a8l55c4f3g9vbg99rvhpa3oovhs2R
modified: 0/2/stats
modified: 3/e/8743r7i4g502okk9rq19mltktq4mn8uM
modified: 5/2/stats
created: b/8/f4tvkcm4iap8hneu097hu46lhhqboa6R
created: 2/6/6do2a7vl07bjsq1f28if0v723oirbvgR
created: d/5/82jttd45bloecvklk1o87rgoomr0tu8R
modified: d/8/a6arht7e4gsjcsl3v2vrnbnsa25hpo6M
modified: 1/1/22j121imu4n26n078ocb5mmhki8djaeR
modified: 2/6/stats
modified: d/a/63o727n419bh1jf7gsv2jc22qgafi2eM
created: e/9/2321mkif0e6p3f8ah4opk5b9cn3053gR
modified: 3/4/548fflosev96h7es3gr8o2kt111can4M
modified: 3/b/stats
modified: 9/3/stats
modified: d/e/stats
modified: f/4/1cvv8suld4sk818vmeep3hutfkg9olmM
modified: 0/d/stats
modified: 2/b/288lvsrc25dgifhq76hpe31ln2mfrf4R
created: 5/3/62kdvh1k5l0fq8uj9n6bgsspld9nn8qR
modified: c/6/d5ikn4ad6s4f9ro9c3hr6jeh51klvr6R
modified: e/1/c2qdo0pofpnl53hfenrmjv9ppb20b22M
modified: 1/c/92u8duilhh3dqaet1o25jpqfrfl31qcM
created: a/3/d93vgk31mbtp6jiqasa67l7vlm5godqR
modified: 6/0/d5rdhv8ao697kej8bhtbctjikq6tsc6M
modified: 5/4/stats
modified: a/f/43d0k2lhu9elsqm46gnv8u3sibui2fiR
modified: 4/1/49kb6eeqjbsqmbikvg4deodsvibnm3kR
modified: 6/1/stats
modified: c/f/stats
created: 0/7/5eir3s176569t2dhsklo6ksckfd4ed2R
created: 2/9/15vvcmj73qg4ul9iuol5es3qv0lm5o0R
modified: 5/stats
modified: 9/e/stats
created: a/7/13n6nebk7qh1bc5fjaake27d28bvmg0R
created: b/a/61jgmn5reja5gm05up29er9s9kp6ep4R
modified: 2/9/c9t62gqm7qvbjmhob83p3uvt2tev30cM
created: 2/f/76dglunp12tvv3q4rerk6isifqo6q26R
created: 8/a/a2m4a709e8domc33euha10gp2s0rueiR
modified: b/d/83krkqjtuukfbk1jmm3a4rob45umc50M
created: c/b/b7fo6493dqesmla9tjnpr04najanslsR
modified: e/3/5d9uu84u9sspg7970727f7ruo4ebe0eM
modified: 5/5/f8tgvl99bgm5mqimro62lnamb8jq5r8M
modified: 7/stats
modified: a/b/stats
modified: c/5/stats
modified: c/b/stats
modified: f/8/stats
modified: f/f/41vp3311k8j71ieifbaodet8j43629mM
created: 0/9/e4m80i4i8arcg3floc8vdajdn0i93vkR
modified: 1/4/180qb51cjgb3e82ruias448od30fib8M
modified: 4/2/1afk45vlir2bbkd9qf6nttt8pbj6f52M
modified: 4/3/6cumas0n3m6cgc0qe4d4lm73j5fp29eM
modified: 4/c/stats
created: 9/b/bb5iruqijk2vofg4ejo3sct2mq4m6sgR
created: d/b/486v7smckbmddb1pop26stjos8our30R
created: f/f/d61506tfootu340ofueqbb3fl9nnkaqR
modified: 0/0/f4v3q6770u5mnq9vhunkpcblcvpkp3gM
modified: 2/a/stats
created: b/3/bee5bjf3vehj3i2e24cecc6pqffcjscR
modified: 3/9/5bieqgd9sdjfoq50r7a80vh5adm29ncM
modified: 3/e/e28tro31hjalj63u8gj7lg7jpkrfn9cM
modified: 5/a/stats
modified: 7/4/6di96t9p4d39m1diunkk1ef1s8a75l6M
modified: 8/d/stats
modified: c/3/edu7d001h8ae985om7kskcresastgvsM
modified: c/4/stats
modified: d/a/2cn6qrr3c93ch4d561dgcci6qb78sukM
created: 1/c/28m5s4ap5mm6ehi8n3i4hcurl6chc4mR
modified: a/d/stats
created: 4/1/f6901mufuaf8n87q6nvgei5me0b52s2R
modified: 4/a/stats
modified: 8/f/stats
modified: 2/7/4fbhl6089c5immboc49jngm0iet0uq8M
created: 2/9/6ado6ajvbm5o1g667agv0bajtqku1huR
modified: d/f/b0vff6sj0pjrg7btv5hjm3e8khtrjceM
modified: 4/3/6ahgt8cfpmmq4gr4hjejenrh5h3qpq8R
created: 6/c/4fn6d01ng53338g7g048j0uui1b1rreR
created: 7/0/2a00t0m4pt1o3m71kos12h1mt9qbd76R
modified: c/8/f0av3t56vnu5gtl70qeqave20b7jt36R
created: f/3/59nkgdr1e7cs63ua4gubhrvio38lf24R
created: f/b/b1qhjchjopajma1db1icd0iq7h5dmbuM
modified: 0/5/stats
created: 0/a/51uhjblae4ks80ifju3tsbmtr621ba6R
modified: 3/2/95ftguvkcfc47051k2i8da9hbr3di92M
modified: 4/4/stats
modified: 4/f/stats
modified: c/a/stats
modified: 4/9/98v0npit7ltbl076ta4t9hl7uuumkogM
modified: 6/4/stats
created: 8/0/27ivgt2lhrj48tthtneau22m6csda48M
modified: 8/7/35j4qpbj0jau2mp29hnichmfo6b6j9sM
modified: 9/4/094lh6ehc2toeubp2ctuev5fbl4rv8sM
modified: a/8/42rrktms18kj1ptj7hih0i9ba8n3abkM
modified: a/a/44f0s95epptq7v0j9vpebms1lu1juvgM
modified: e/2/58488jvt4drj4gbj4b6e430m8tdab20M
modified: e/a/c4ngcg8rlhjf4nh4p97revsimsh595iM
modified: 1/5/stats
modified: 1/c/stats
created: 5/2/5bdtq00a4ua359n6rdvg1dc8k8cs7k8M
modified: 5/f/stats
modified: d/6/a9hg67qa9gq46aaaclaglq0i1aem67iM
modified: e/4/stats
modified: f/0/stats
modified: 1/e/0a8lhgvi6e1uplgd3hr1bigbhak7jfmM
modified: 1/e/stats
created: d/9/6eqg56smcotl9j44vct3p16g2bancb8M
created: d/c/4b05sdfpbda49dudl2ebesle3c2g4i8R
modified: 7/5/726a61ct3mjo59jdkhgvkk39f4ah6v8M
modified: a/6/stats
created: c/6/b96drrr9k8tm3ofttgo52us6ebsa4imR
modified: 0/f/stats
modified: e/2/1795cb31d5dhn5aqgqcdv3kqo07cmhiR
modified: 2/8/stats
modified: 3/6/stats
modified: 4/3/e7t3nrefvpsbk1481euj5cgbfbsnk8uR
modified: d/c/4a93ngrpd3t6rmue0uas2maft69ti26R
created: 1/e/d7ftuvgemmpkmig115ej5aig2obg0jmR
modified: 6/e/stats
modified: d/9/e0riqcv0bq0dr50tgh0viao2s5i8naaM
modified: 1/0/aah08n611g74jkcokrts6n8talkrcj4M
modified: 3/7/stats
modified: e/8/stats
modified: 0/1/11pbm4trl788f6fvqptihrb5bhmav4uM
created: 3/8/2074b8hj8rt3hargpc6vet78d3eogc4M
modified: 4/b/6cejbdhhaqu4nfcmnkk83256gsu7g5mM
modified: 5/8/001k92uue77iauma8r5vrhidem4kpi8M
created: 6/6/92q7jundfsev8fnkn7aplguvn5eom1sR
modified: 8/stats
modified: a/2/stats
modified: 1/a/stats
modified: 9/e/3fra5odu3vt4kn4qaaddjec2g16ipjgM
modified: 2/1/66dupd22gf498jjs3o3a6u959ros5kqM
modified: 2/9/991g7vgr8n1u048iv31vo1j5gt537okR
created: 3/8/51svk3sksgpj3opdh33no89h9ujh44kR
modified: 6/7/b9mmf7i3gb94a2hokos90sjeokml3tiM
created: 7/5/bdn0a8j0slfssgnnn1fb03t4h9fhm0aR
created: 7/a/fc528epae7jefia14jkrb1mtol7glk0R
modified: b/c/stats
modified: d/stats
created: 0/c/6dtjuqf276bt0n1p3tg575oq1hnsa80R
modified: 5/9/0f599g57rcfon30rlcql2i072rssb40M
created: a/b/a1orccci90tq3b4cq355i52fcl5thvoR
created: 4/9/a6r2a9hvneg4gu83jj7v7vjacl2lvheR
modified: b/a/7bbotumqmvoibg4veogbo3v4ks6e4a6M
modified: b/b/a30hifqoctgkf2gqdavct7g4lqlrdg8R
created: c/8/fevi94pfd1n96d3aun832s4upf7hhq6R
modified: d/c/96s6r2frttnjk6j15il06md4pfg9obaM
created: f/9/88jo8fk8io8l74qlnaosjhccqiibfrsR
modified: 2/8/0896h73n3tmug04tc2u4sn0t7r7piviM
modified: 2/5/stats
modified: 3/5/77f7bo5u3ajnmrknif0th84beiff1maM
created: 5/6/958k7e7q86m6utghtf4n37d33673e5mR
modified: a/f/stats
modified: b/stats
created: d/1/16tatts8nc12cpedv921doanfctlnseR
modified: e/f/stats
modified: 1/c/fflcnfakgnunpnu4naujco40f6o57jcM
created: 9/5/9das27elvmarkrlumqpqhbmrt76p9ruR
modified: a/3/e2boe3naf2d6mv8nc5r3rga3ju9q54kM
modified: d/0/stats
modified: d/a/ecofdlt9koo0trqp0ve9ns7ckf6ssqiR
modified: 2/d/stats
modified: 3/c/stats
modified: d/c/stats
modified: 9/5/bfmttgvqbe3dv2g7rp3e8epqqqggivaM
modified: e/5/cc8b0j02c6m6hu6q05vq2c0smn3f6f4M
modified: f/b/stats
modified: 1/4/stats
created: 1/d/deq59dan3vsckmk4b4mul1idpr95lo0R
created: 3/8/dfctdqkcvsl5or2v3lavafa40esrl12R
modified: 9/9/stats
modified: d/8/stats
modified: d/b/stats
created: 1/b/5734530e505uais3i8fjv6mp5s8s88qR
modified: 4/5/stats
modified: 5/8/stats
modified: 9/9/a9tojtof3fknr6vjopedsgl3kiokj46M
modified: e/a/b7r2dorg066t02e2u7nfuj2dng80t8aM
modified: 3/7/02em19h2m8gqvs8j01i1v2ov66ienmeM
created: 7/c/74ob19rctkp2n19psbo2g6dohc1rujcR
modified: 8/6/stats
modified: b/1/9fq7709ur5ml0j1i1hpjkqc9eits8hgM
modified: 7/c/e3409vljpgrqve1pg3hf8htj56v573kM
created: d/8/579pe18tf4sj3ku6ud65hdhalku6qkkR
modified: f/7/stats
modified: 3/6/e7ob47qmh9oqfu6p1f7cetspa2da5haM
modified: 6/7/5fbg0kr15nlplpilj27pl642sspc6jmR
modified: 9/3/faqlja5lsp51kl90fo4mta0i0emc7ocM
modified: d/e/54gpvafq1tso0e6q47l18e7gqbm0kduM
modified: 8/4/stats
modified: b/6/c3nqgodkdg3d2jipsem7pgdl8m954iqM
modified: 1/2/stats
created: 5/5/92egrhi0ir0c8r3e02345qtvmo90r7eR
modified: b/2/stats
created: 9/f/6487rv9bugvvrcu9aa87ohoelgr6n6uR
modified: 3/7/c1c6anhq8bdpgkccc5rmhubkrnqdd54M
created: 5/9/1d0t7aori8obp6msfoc63a2oc6c8meuR
modified: a/0/4d7h55lghahclgivudkmpio3h47n8ggR
modified: a/8/f5av2n966c8decrpht6deq1fa90g1o8M
created: f/b/b32d3hfbl4gt862lnfvr4411lecu1cmR
created: 1/9/e6tcd4td7sldtaq4t78dr7v0b7eh6b6M
modified: 2/9/1900ol4sc9006isgs0kstp3ln7vn0ccR
modified: 3/a/stats
created: 7/7/39n268sfhusg6i3642h1qo5u9e78kv8R
created: e/5/01qfho5ao248v2l8lde01566k7a6aqcR
modified: 1/b/stats
modified: 2/4/stats
modified: 5/6/stats
modified: c/0/stats
modified: 1/9/09b8vklhdhabns3c630ho8b1l9on8b0M
modified: 1/5/c26fhfh5min7o4i1hdne8derd6jd4skM
modified: 4/e/748hv7jnuk1g5himc1tmo28iphkifckM
modified: 8/8/stats
modified: 9/c/stats
modified: a/b/8faeno3k2khp23qm5hcq4hfsa5tihb4M
created: c/0/4d1ti8kbh39uqeu6v7tme0tpvf6c4ciM
created: c/9/e82s12ej2lt5lt14l0pbg0prprtfaioR
created: d/0/30dc6dj7jfeha1aqkcift7u7sob6ndkR
modified: 6/7/49v8hgcpbm7bk6ogj5s60r8ks9rrc5oR
modified: e/9/stats
modified: f/9/45aal02neujokdnvd11eq4v2qm0bm16M
modified: 4/9/stats
created: 1/6/abufm7c431307cd9btq3tma5uujhfugM
modified: 1/d/stats
modified: 2/0/f3hmi4cqe9esvcgocfs1755c0cs9o9kM
modified: 8/4/0cnkddeinsdqdue41omn65j502t5uasR
modified: c/2/b5qibr4740iapg9h1iv8osgfvimu086R
modified: c/e/stats
modified: d/9/stats
modified: 1/9/00r7l2ufbbvurvgt7ih7rfgid2f01csM
modified: 7/8/stats
created: 1/3/29gab3eok1k901fn4gvdridu3r4q58aR
created: 3/4/c612n3g7k74nq9h9atvcpkst3gv2v98R
created: 6/6/56dfvhr88te1d1jpn103ddics1g36tiM
created: f/7/51jedou3qpduqleej8514g7loddbee0R
created: 0/d/f50dflvusvrqqdvfnhmqjt5tl7pngl8R
created: 4/f/8daniq5ci9onc4v8jg1dsh27ermcvemR
modified: e/d/stats
created: 4/e/f95s8tivkjelt95lli6mmlj7fa1eevoR
created: 5/6/0el06cti9dmg61uogum5q97js9euhgsR
modified: a/9/4843fcrc5f6g4cdo0a44ivkt71dsl9eM
created: 3/0/b390nd7hhe0vu7b8tb8gsj7d1j1tp4gR
modified: f/4/67pminkq3e453gs5b1u6k9cdesd3j1qM
modified: 3/d/stats
modified: b/1/8evn64chbs17m8grh8metq5grjaloboM
modified: f/d/stats
created: 3/4/4178i0p23i520gfku5j4ndv72m8bbueR
modified: a/8/3a108i14s8v7hab9p6h5g9n5rdpdop2M
created: e/e/dbq8o6hlahfhtc0mf1e7rk5rj61g656R
modified: 0/7/stats
modified: 0/9/stats
modified: 9/0/feso5sovv6hv2tkn1uovgbv25p4e3ouM
modified: a/5/63anr4572dc7damefbmc4hr10b24oe8M
created: a/a/e7b7ldhfcop5rb0gv4jvar4td3vuap0R
modified: b/3/afqjq7j2986gru6regujcpfbij6ne8qM
modified: f/3/stats
modified: 0/c/stats
modified: 3/0/stats
created: 4/e/02fn2hkckj2vhhagv286liq3d8gm990R
created: 4/f/29dqon398juk7en9l4dqg1nmbt87j3sR
modified: 9/2/stats
modified: 7/0/stats
modified: 9/4/3ds3gfkm1voe295jpqj1is71unimpggR
created: 2/0/cdqo8s86ncq8fs62lekf7p9v2okl1qsR
created: 2/c/6d4pp54pms8ro24k1v69lispqqkgrv2R
modified: 8/e/stats
modified: a/a/dcjk6kc7i7dl37puvq7u6uvc650i1osM
modified: b/4/12911ucesq5thvo3ccp8v38kvgsbmuoM
created: b/9/560l254letl9al2o7ghd97scpaa6v38R
modified: c/5/51a59gmp3iq11ejgs4kdoj1bqk90tj4R
modified: d/2/stats
created: e/0/61abdvlqq6gqu1g9gchif0j0o5cupkeR
created: 2/a/c06tco8afd424jfn19sglhbpi6m4inmR
modified: 5/2/dahf6t5vgmm7nfru5phfv8uj2oa3pauM
modified: 6/5/c7vfq0rhaf8brtqr3gcocp8k3dpsvfmR
modified: f/1/0c6h4jm35imska6aluh2q4n29l5d586M
created: 8/3/e97h20j4om7nq4f5fl9jf374e08t2c2R
created: 8/7/19rbm1tl4csqlnth0u98miaqem24q3aM
created: d/8/85ilhve84ld7hus7288ucb0v8r94ojuR
modified: 0/8/efj0520fmsk85gqtbgob3g188qlqoh4M
modified: 4/8/stats
modified: e/1/stats
modified: 3/5/stats
modified: 6/7/a31s4s3jsk25k3g98hmg3t5fk26p0roM
modified: 7/4/stats
created: 8/e/7co72v0sh51dphgiuova4aqi2c0mta2R
created: 9/9/11ffrl3n6ko2dau8cih5mtgegp10s66M
modified: b/c/092dhpbqso50avcqm9vjaa13n6vpc3eM
modified: e/a/d29nt5hcqennmllbke4k3j2juu2j05aM
modified: 0/0/stats
modified: 5/3/720dm91u2r5s14ck8lc5r0oj1l9idasM
created: 6/2/8dhqstlfbusbkj50l0v5mqimlo7u0reR
modified: 3/7/6558l4kptj5mclj0rtc8mg15u1ogascM
created: 5/a/30320h40gugo26sj1khj8s5l8g4bpskR
modified: 9/b/8fls05dkhq02iaqfn171vl003n0g3f6R
modified: 0/3/stats
created: 5/b/13b7pv1fe5cfto0b9gtpct49kv4glb4R
created: a/0/464u2mlrleobsao7rlqiva0c69pf8ukR
created: 0/7/549e08tpgt66anp9ij5pg35jrt932b0R
modified: 2/3/stats
modified: 7/7/31omulr5vuvhgp61t2o5q40i213q6s0M
created: a/a/6ba8v78aj80hvir0p3kj31i31nr3gokR
modified: 0/stats
modified: 4/d/dbun9cq6usq08bj09n1se5b5l1gk2c4M
modified: 9/stats
modified: 6/7/d7gc1nsj6fdrvtflbcogpes68lale0sM
created: 8/2/074fa04gmhoug8l1n8ob0b8bgn7htqqR
created: 0/6/6ebqatbjqqsglvgc1lld82vh01utfgkR
created: 4/7/762p6e2hhkjlth4fhkkvq6dpsn6v8viR
created: 4/f/b1bjunh30iv90jlkl42sa6d2gep3alqR
modified: c/5/7a5qpgn259cggfjqr7vmf9a8rqp21s4M
created: d/d/0drp88c0rggva61f6rlimakkf5a3rq2R
modified: f/9/stats
modified: 0/3/92dpp3gnlgvk7lndbjni5k54a08qo5qM
modified: 2/2/e2iqvl2e37an0b0vm2on8gj0fk7kb6qM
modified: b/0/7845rkri8d05drbup413s6veogg7dgiM
created: c/0/fbh5hpjvjsok17h3vj4ifg58g7a8bgsR
modified: 4/2/26ick8jun67gvk4o6h7cvr694l2ma1eM
created: c/e/10hnbfhminre1p8mtanrffk3ap4r16kR
modified: d/f/stats
modified: 1/d/5dta4k0f1ltcftcjsqi4dpo1533metsM
created: 1/d/6ckcs48sepf61obbl9am41drdpd6tpgR
created: 2/3/341mjut62pqoqb4lphljorn4975hq26R
modified: 6/0/stats
modified: 7/9/stats
modified: 2/d/114b9hc0pd6svnefr5pf8n0pt9f59csM
created: 5/0/9972fk7i269dasmadphespp49t5lhh4R
created: 7/5/2arfn31lru3aet7gcdnc6ao2ui6217eR
modified: 2/f/stats
modified: 5/5/efts6rabqkra4hh91qllb5l68febml8M
modified: 5/8/fcl8khtg7h241uk3isld86tuh08caqiM
modified: 5/e/baon05kjkstbbh7ii8kivnnu2nqh1e0M
created: b/5/f54ene4avau3clh39uukg5lc2pf5lmcR
modified: 6/stats
created: f/e/93s8bog6ams14vcdfoakf1t6e35uc7sR
modified: 9/a/stats
modified: 2/5/ef867ptdeed8uir80u857nquorn47jsR
modified: a/0/stats
created: b/c/f4v03uohjfpvkmbu1f4trmpjtqdsmukR
modified: 4/stats
modified: a/4/stats
modified: d/6/stats
created: d/9/b2bq1dl25s54r4jp11vjkls0lokk1aaR
modified: 0/8/stats
modified: 2/stats
modified: 8/3/stats
modified: b/5/6f2cjsvn3n7vc60tp6hg5j7gv6nl3lcM
modified: b/6/7d03nsrc95e3ocbflfp5feur1di0ahcR
modified: b/a/stats
modified: 2/0/stats
modified: 6/c/f4p6656ntv68dqdpeoao95mp5g5ali0M
modified: b/b/3632i0opd2efl45i0kk4s3rs8pn8d9sR
created: b/b/b8seruk6q3c7o9pmqoj39nvib8ihfn8R
modified: 4/d/stats
modified: 5/9/a0khjk8cq65lbvlj9msu4t4gftsoeh0M
modified: 7/5/stats
created: 8/1/69gar9sbfalgodiam324am1b0v25dumR
created: 9/5/1e1g44epes7dt9vlavuprtkn31uvltcR
modified: 5/e/stats
modified: 6/3/2220n88m8uqoa1qb17mu2d2es6b08r8M
created: 7/9/c9mi28ajn4v5p703r4pb01a411hbj1aR
modified: 9/2/33tg7undqjnir0k2s2rh6qstrajgup4M
modified: c/2/stats
modified: e/6/5crg47ghr3sv8k3haau864bud3no4c2M
modified: 4/7/stats
modified: f/2/2ddssrt8iidu2fhj44n887pj1oltpgeR
created: 4/c/93fp9d7mijmtcnubdt3rkk44ese9l22R
created: 5/2/e3euhiakkqp7t1a8i649avofvjo5uusM
modified: 6/5/stats
modified: 7/1/413714meglo1c8bus4hmqt5a5s1ov2sM
modified: 7/c/stats
modified: 9/f/3508vl3ql04527gdeb3c6ea8u974hcaM
created: 0/8/7fl9tdh73uiifbrc7dohq39c6qef2gcR
modified: 5/1/stats
modified: 5/5/5ahobdf28jqntqn8qjjhtf7cmuqlpsiM
modified: b/0/81qen5ca87p8614m6qkp7ufv855oq5sR
modified: b/5/6f101a9l74om64qmcaekr2kak8pnaiiR
modified: e/9/8c56bvnbkvknm58efofi7ckfkeolt80M
modified: f/stats
modified: 0/4/1ehev4vmbhcknjdifp1ccfeg58e50noM
created: 3/5/f40avh6cdj7k02t5i12a75cs19scu9kR
created: 5/8/e8m7ggfdiet9tjc26uir38qsd8rmjgeR
modified: 6/b/stats
modified: d/e/3fo4libt3g4lhm2vq1dctit572t4o1gM
modified: e/a/62dt6jc18931h9ntpuh5481atpfguskM
created: 5/4/91aumaq8cf4qrvie58j0cqc3sobbs8oR
modified: 7/d/stats
modified: 9/4/stats
created: d/5/b2ubtppic4463cq8eg51iuth2sdm8r8R
modified: 1/stats
modified: 2/2/stats
modified: 2/6/05sj43knvfbkhq9efupp9550vo33gfsM
modified: 4/6/9a9hlhhnmc4qc0taq023hoj42gp1hc8R
modified: a/4/15uu0gldmok7c933kcv0kmoanhrp8esM
modified: b/6/stats
created: 6/3/fdtl6d364ck2o1o48ocp2usvmn3p1u0R
modified: 7/2/f0hkke9kuufaq9qvr11q9utv6unv6hsM
modified: c/3/stats
created: 9/0/e4rtms3117lf5i02qv5o404l5qmmuoeR
modified: a/0/8a563s14t5ud7qdut3q71h4bs1f6ereM
created: 3/4/9d27j14d601ehdrqnss1it1tg1m568mR
modified: e/a/stats
created: 3/8/e9opct44t5uvdprhgjiab67nr0vuo58M
modified: 7/6/stats
modified: 9/1/stats
modified: d/2/8aehf64ijgbii6i8tt6s2atkqsllm56R
modified: f/4/7asfse956oa549a1cpce9r8l691935iR
modified: 3/8/stats
modified: 7/f/stats
modified: 9/6/stats
created: 9/e/356gs66gbo4c2g8t1qp6sivdnhd3egsR
modified: a/c/6dlcrtc5q4jbtislbgt9d8c03b8fd9kM
modified: 2/c/e4gslqu903ubstpcof5d2hlmhlh1ca6M
modified: 2/e/stats
created: 5/2/390288p6l8g9prd6086fm29j3rh5kruR
created: c/f/67jjn191k225t7qg8aqsnns0ls97b2qR
created: 3/1/dbco6k6131afngmrggqbtajvsrm3j6qR
modified: 3/f/ea226h6pqrghafhpqnhhfruj3b5foksM
modified: f/0/471macvbr0k155qiil68et3mf18lrs8M
modified: 2/3/e0l3voaqigr9e37frqm7kpffjhm933eM
created: 5/5/b8gfmoufk5r83knnmo2j1piajl6pihgR
created: b/1/f18urnee3kjurde29pcc5chupm60ak0R
modified: d/0/9acmues77p4b42hidle0db5jmbgnud2M
created: 1/d/47ogharp17tl7ocoh10uopgcjdv2od6R
modified: a/4/7bkukhi3tm236km4heqacm8oauak4h2R
modified: c/d/f8pr4cml2hq27mr60alggd6tniiebrmM
modified: 1/6/stats
modified: 6/7/stats
modified: 6/f/537lrkordgjagla4i4r06miiddoj91iM
modified: 6/f/stats
modified: a/2/85ak22u613g2v9faflpol8slg6ij1h6M
created: 0/c/2etb8f8govra4a70kuckdp0c14rdjsmR
created: 2/1/feeffe83eba8se2de9a9fgkbe7a18uuM
modified: 3/2/stats
created: 7/5/014fsb3jd1sr54e1q12prvtdkmu9geaR
created: 8/5/51buc77m35mdhvjcq49i85474rgjhi0R
created: 9/b/a0hg82nbmcp57eubhsteei39088dgreR
modified: 9/d/stats
created: c/5/570edrn78psrh897ihl5g2g4t166bpmR
created: d/2/0f06ith3nio78chtkdenk1ccr20itm2R
modified: 4/0/c2gnmf3av8et698jkl508iererqcp24R
modified: 7/2/33fljr3q6jq10vib47js6cebbveur38M
modified: a/0/571jk9ue2jva1366hocfhpn9npcavjkM
created: d/7/88fk2d9utihq9l7oiajio2t49ka2152R
modified: d/a/stats
created: 5/4/f74kbn9bdalbuoplc1sltj2n7finksmR
created: 6/e/7df4qbct6q31hgea9u9v1k7nlq98sncR
created: a/3/32qm0ruoeh6vv03k9vspruuop863gbcR
modified: 1/a/5am9kflpenpe83l628domsb404budimM
modified: 6/1/b36iarqimvd767medfivdmbsepnmd4mM
modified: b/3/39tdogao34vedn40fvfdtcfqc5ec6oaM
created: b/4/f7q1j1crbe0iv4t9h6lscpfsn3ru5vcR
created: c/6/c1f1ev5fpqgtpi6aleu1jhjeac2vujcR
modified: d/4/stats
modified: e/2/93b69s3onsevr1an3lsr201t432i8isR
modified: e/7/stats
created: 1/7/2dvrmecildlru279v91ve4pmvbpslrsR
modified: 4/c/2fbnoprpghtpt286l7h9imtu83jdgimM
modified: 4/f/d4hunsk1b3tue768pker4dajiangjj8M
modified: b/2/a1tcdkjrlod2adt5mln8jc9aapadjkmM
modified: b/f/14km8oe7ptqmsed8a5pi7ti03opqjqqM
created: d/b/4e87tn40q1na2nbjgpr9omkaohoacfqR
modified: f/2/stats
modified: 3/5/52put8i53sv3n9f0okgjojtrdgges7sM
modified: 5/0/stats
created: b/f/5d1n3ehg9r736us0f963fk3nlhu26qqR
modified: e/b/stats
modified: a/5/dckpi3hsjipu4u4oqn0sl49m24decu4M
modified: b/2/16obfmglgv9g59hja78rh09ete6po5kM
modified: 6/a/stats
modified: f/a/stats
modified: 3/3/stats
modified: 4/2/stats
modified: 5/a/a73r1laeqilnh0dgqsemtvf6n871choM
modified: 9/7/01557qf6b29i667996fkge3cusks3foR
modified: a/f/022m273b11q6qramciq2fa6n6por9fqM
created: d/5/57o09tbm93p5ctrnsu5b9dc0udh9o4eR
created: d/c/837c4suj7clpri861ohuvvlr292otj0R
modified: a/c/5b4gsdve9p9uomfmu9o0r2cpc4vkb0sM
modified: 5/9/stats
created: 6/6/d8qs5kfkoifaqc7v34futvt7ecngp8aR
created: 4/b/adlbb2abems5932uhfc87tqi5oq2u5eR
created: 7/8/e41g5hojmmkktbrfqv7hjkboisrvl9oR
modified: 6/8/bdnk45njabf8ojsr8i5d7j9tt4qfmmqM
created: 9/e/28vikpetk03o0eotkpfolhk1lelb09gR
modified: a/3/stats
created: e/0/9cli9ttb1e4fpde6isonpa0l0bh6fq6R
created: 1/7/1f0fp7tt5oik2ep3u55o7k0el8lja7sR
created: 4/7/61bjfb2j3jlfbbeop6jnuov4jimo0b6R
modified: 6/c/e8v8i4k90pv3suec8dh3chlarei0jmqM
modified: 8/5/stats
modified: e/8/batcij9sb418cd6qaf0fsl4v4ukg7t6R
created: 6/d/f1008b01t4f52mgmnt8jvqon680s492R
modified: a/1/stats
modified: 8/0/4foq4429q1ovhkoailtjnqilgfettrmR
created: b/6/16vhdck0rapfaru2ggo48qt3vfhp0igR
created: d/b/95ae8r9elif1t5t08etb60ncilmmpr8R
created: c/3/83l33l3tk2qu78ivhot28e0uc9mrkf8R
modified: 3/0/a1snialna0kpa2e0nsrtdjob5i2c17iR
created: 3/f/e8bp263vmc2ko94mpmj799nmm8hmct4R
modified: 6/3/stats
modified: a/f/05kf9ta6in45hghohd01qiicbh5orieM
modified: e/e/db4qjp7r78fdhc8df24q8hvq8asfj9iM
created: 3/0/90jsc4s9pobn95173498lbt1307ps2oR
modified: 3/d/f3l4qpppt2k3t54kmnff5fbsncduso4M
created: 6/4/62mot4cl3c3i01jleeaukllgqef4ck0R
modified: b/5/c197u2k4cg6higbm6vkebe7n9e97d8aM
modified: b/0/stats
modified: 3/a/60o99kdh5jmmcoas2ue82l83fcd5mo4M
modified: 7/1/stats
created: 9/6/19mhanf75754hsas18g1l6tbiuoi7p2R
modified: 1/e/a2moikfsdgpk6f11p254eshe6ve5ej2M
modified: b/8/499i63g12ttjv2uabibvpqa6hairf92M
created: e/0/662kftp246gah8e9j5fo8ajjlr5lpkuR
modified: 7/1/13rlkm8e8svggmj2o8qf7l8g9s7d820M
modified: 7/3/f94cu8qotkgeoraa8hv5r4qe9kflk0uR
modified: 9/f/stats
created: d/0/59op6t7ublrdaaslt6gfg11251re5msR
modified: 3/2/b8d71ruj6mbfe5jihjq58ja4k6uacrqR
modified: 7/a/stats
modified: 8/5/abbu1squ6dtaakagt73mjkpkcdkjc8qM
modified: c/4/77f70bcbo42dmdvgmgiogtj650kqdu0M
modified: c/8/358aqa96cb4upkt9f76vbktgp4u0sp4R
modified: 0/a/stats
modified: 8/e/6bf29pli9f3fckvmsfamn23qg956nl8M
created: e/9/0e60103s0bh6v07ildmn3e3b0niic56R
modified: a/b/58rv140n6v7muq41ce2u85i7sm318k8M
modified: e/c/stats
created: 4/0/2ebftk988t2brtvoeg3te4hdnbitgroR
modified: 4/9/a60c1gn947p0fvm4p2f2s1pj2sn8j8iM
modified: a/a/stats
modified: 1/3/stats
modified: 3/4/c2sg2rhpd7ejkug8oan4vg61br9j7r8M
modified: 9/0/stats
modified: 4/8/790goia2p5k6nsp5emaq3ada9d04fs4M
modified: 7/a/67mbjfvjvetrrgnquciu6enusf96famM
modified: 7/a/abakrun8jqlt3d14spkcia503s808ooM
modified: 9/5/aa8mslet0s3nkmmf31ca0d2f2fev2bmM
created: a/8/3bhnq847a0140g0qe1fmv4n7941d01qR
modified: b/6/4avtg7molgbgdpu86h3udch8ct1r6i6M
modified: e/stats
created: 0/1/35qnd29dve86523chrn6r3m8e387ss8R
created: 0/6/3cspovkinbqhfuq3g8qva1e0h5ddqcgM
created: c/3/92j6i3r5ogk14a92fgiuhdshfpt6rkuR
created: 0/a/a9b11hsnvfqlhgconvf0cnuec58u1pkR
modified: 5/8/e4teklsk7ugmdmndne6fho317alqel2M
created: 9/8/fdf4vri4bieta50etv8safubum4n55iR
modified: d/7/33b8uteupgc9ve8ri88qoeijgtd9jq4M
created: e/2/dadvtdkpibk2ltuash23gsvtj6bfj64R
modified: 2/7/stats
modified: 7/5/3drvce1973brt62q0of7qhlcva7ukmgM
modified: 9/6/a5hfbtb5t0phmd3tunobe8vjrj06bvcM
modified: b/c/a16joj0531uob14llhe2i1lsmop3vaeR
created: e/7/0fnlq9nfq87n47o6gte59ti5mhleljeR
modified: 3/c/a1ijklpjcun38jljfi3t1kciuiom1vaM
modified: f/f/stats
created: 4/3/61hqub6oc0p2gd5tbhgd536ol0mdba8R
modified: 8/1/stats
modified: 8/b/stats
modified: 9/8/stats
created: b/2/206280hrutedtl1rmdmd2ibv61f3svoR
modified: c/e/04ol9rbcej0csb8ugnur73hcj4r06s4M
modified: 5/2/9bog2ghmhjo38qt1u51q7257ja2ktfmM
created: 5/6/ce3uf7iliclg5567t6dofd8kl2j445iR
modified: b/8/stats
modified: e/1/00diugqqqifgfimmovor88fj6o5sr2kM
created: f/4/03vcu9paudl0uffo4057f3es7hgehhaR
created: 3/6/cfek2iq47fito98sv3kac79dn00qr1sR
modified: 3/9/stats
modified: 6/8/stats
created: 7/f/86tonpotgvcq44m4tchenhm3u88idj4R
modified: b/7/816ma5n6agonlud1qn5g6ajvviup608M
modified: 4/2/09082g9sg9lkgq59ajfkdve9ue8oivkM
modified: b/7/stats
modified: 5/e/44rrkca03fc8441n4o8kif3bebdabgoM
modified: 7/a/797cjqjhqfmkhdk0djc6e69fh9spkf4M
modified: 9/c/81f0osf2l1j987o0p7208tahcgd44nuM
created: b/a/76k8n3vpetsl8ojmgh2o1cdrtkbahkmR
modified: f/4/stats
modified: 1/7/stats
modified: 7/e/stats
modified: b/1/stats
modified: e/0/stats
created: 3/9/32crqqkgg535s8slfsgrtchevbukla4R
modified: 8/9/13jseppffq5pdr0qjiglofds4fg66coM
created: b/a/b2spc4kqgiqc2c5lh8m7o0m41cearvkR
modified: b/b/stats
modified: c/7/stats
created: d/7/e5sn18s8udul2p8dijk4qjafa955hgcR
modified: 8/a/stats
created: b/4/26lhcmt9gtt6utkevrvm2vmittup4meR
created: e/1/24agu841io63kkpujrqd9mv0v75g2ngR
modified: e/5/stats
modified: f/c/stats
modified: 2/5/c4c8gdlartcb0qt3o0b72lsrr01eptmR
created: 3/c/91japnnb50qhttpkhng6c2ghlf5t2s2M
modified: 6/6/stats
modified: a/b/9ff73sqmc0rhn00vkjfh5j0kvfmfdfoM
created: 6/f/e99qq0kq7ff6t45mmfd7rhrs0ot8628R
modified: 8/9/c8stk2vlskqq8klbp0pekn53q37363sM
modified: 9/9/57bd566bkk9sm6u3ui7lvt0rfdp6b88M
created: 0/b/8cksd46kt9v9n7v60obnm6770hsl6lgR
modified: 7/3/254oivrhhj432nbif7jcqk7j2m9a4q0R
created: 9/4/5fuq40es9da7olcnevsmb5l1lb4nm2uR
modified: b/2/9cqo9dvm81t2cav3lclluqveiieukpuM
modified: 1/6/84no0lgv0hraubekh0qhqule2e097oiM
modified: 2/3/9a0fv4sbag0ohk3304e28mj83jk3v3iR
created: 4/0/505a16k7i2ohs4ecpetgl4j4jgf857sR
created: 5/b/22tf8d1do39s6os4cn1t8c3tiekq684M
created: 6/e/5b2v8if3rr7m38m84kk22t2tl55kulgR
modified: 8/2/stats
modified: a/9/a99a2t7n81445dfqh57cf5b05g29evuM
modified: a/b/2ft4k201t8nb22klvqshq8vbnandfu2M
modified: f/b/4f9b9lpn7ho6cfd5gjbh8gqmjp07i2uM
modified: 0/0/bfkiv9iiuq0pj8bf7drfi394h8hoch4M
modified: b/f/stats
modified: 8/1/d8sjl424pmf1avcko90dnq4mtufa8dgM
modified: 8/7/stats
modified: f/7/e0kq1qfn4gm0c2sefpus2lusohkbftkM
created: 4/b/55naonfvhvocvpq3nu7cv4eugk49bgmR
modified: 6/0/9atahm2ve3bd9lbl2mq215h96ei3qriR
created: a/e/ceh8lb7k7lgmvno70bqv345ru2i5u42R
created: b/3/53c9rv6q5a8m89hnh3h1ad611le5k4iR
modified: b/a/b9gvrl15etqglh31qvuem85a50bae30M
created: d/9/35vb2ehcj4hr59t2roeaumcqj80rnooR
modified: d/a/2912ni7cdgu2un9kd0gb1ncpoo7usdkM
modified: e/5/d8i9f1dhjb9tiksooik68euc34l502sM
modified: 5/4/8c02u53fcb6ch9rfsgstragjcp6b2dgM
created: 9/6/e4bir3jqum3jjtfqujrv311km6lj8kcR
modified: c/c/stats
modified: 0/0/a3nk5hos21651gd9le8ijbj4uiapcgqM
modified: 2/4/d56ifgnsv4sv53iflhl7u6rdreiredaM
modified: 2/5/46m43895oj74eenb6i5vqj85u5pk47cM
modified: 7/7/stats
modified: 1/9/stats
modified: 4/d/b7c340l67b1c035fg8q1uup2jf2qcaaM
created: b/a/bedl8aggl93qa4sbhdkrbss5ccn1vhmR
modified: f/5/e5kge9tr5nds2gdr0g96nti3kerepmcM
modified: 0/4/stats
created: 5/5/2enpkjci1j8o7n3au39a933t8kq0r3cR
modified: a/8/stats
modified: 6/9/d1imbli5gaqeefnsikt3rtp4ahadg9eM
modified: 2/6/9au9okc5l10ugnmp290edljshig6fl4M
modified: 5/3/69ebliuevj8a6217kmrg07g0ca06fe8R
created: 7/b/2fjoj0jo9nup0505krlq09tfpgfr078R
modified: 4/b/stats
modified: 6/1/650573assqrl98eg904pmol2fvtrckmR
created: a/c/6e3n35ra5rek4g77ogj1cgmhg14nfm2R
modified: 4/e/8547k7k35i8c39atsvh6j95up9n5a50R
modified: 6/7/a5cb051t7p0tfddno89tg5l9918gpc4M
modified: e/6/13huvmebm07j8k9oabkqrs8hne4mlmcM
created: e/e/7a88q9vb0kcejucv7h4hqa180oerc16R
modified: 3/stats
modified: 7/3/bc6ufr2ru977aervhsol16lm5qpb6u8R
modified: 1/d/8bfi3aflchc6ht06bcqsmcqq6c13v2gM
modified: 2/c/stats
modified: 4/1/f63l11kap0vk8f4bm1h159f87fbn0huM
modified: b/c/da08lfe1uspmhu0duj3aa3rnjrbrnuiR
created: c/4/b3ohit8ud64gc5hq6pu4lriu57cfl6qM
modified: c/a/b0vh99hrsmq0f2kj2mpr3ukhvsqgqa4M
modified: 1/3/deipcmq86vrir6o8jmaaiihadd6spscM
modified: 2/9/stats
created: 5/b/179l7h7or14feolm4itvm0jtsa1g98gR
modified: c/stats
modified: 0/b/stats
created: 2/b/d5g3nnqmn9r1vgf6gq7nlolvqkkn5gmR
modified: 8/7/d00r1n11baqfn9p9icdoqpqab2p9biaR
modified: 9/5/stats
modified: 4/c/1der7ne1588e9ioanq80r0d7lucc1j8M
created: 7/d/10b1g0216e8lmkirvfljk9skesh7r90R
created: 8/d/a3vs50gfoqvgamakdupfhjh5u07klnkR
modified: a/7/stats
created: d/7/864u3609n4ip68qsa4acpdedae88nr2R
created: 4/d/036lignhjoft4lulkc2t0s7solmicbqR
modified: b/2/8bu920q91g5vs72ptqju6nl83kh1606M
modified: c/1/stats
modified: 0/2/eevktm9d124g4o01fhjvj6tes8ldsu0M
modified: 3/1/stats
modified: 6/9/stats
modified: 6/d/stats
created: 7/8/4bds0lhcjppgdi7okbls2l94g6nqikkR
modified: 7/a/6dino7053mjboti2c3394jcg628d3d4M
modified: 7/b/stats
modified: b/d/stats
modified: 8/0/stats
modified: b/3/stats
modified: b/5/stats
modified: b/9/stats
modified: f/1/stats
modified: 4/6/stats
modified: 5/d/stats
created: a/8/0c3mmq4n9sq88ma315b9vinmnm4oee2R
created: b/6/d9me7tubch4971mpdoccldh51aener4R
created: d/0/bdnnegubc50vl4ragikoloo76p86b2oR
modified: d/1/stats
created: 7/d/9ah0uqc54t8hs3t34pdmnh1aomocdekR
modified: a/e/91s3ctbb1k0rafl6fif525t06iinakeM
created: e/a/177eh5gqjsdgro1ubav4bsu7oi3tpeoR
modified: e/e/stats
created: 4/9/d0c0rf3akv6hd1ab144oo4ds2ov1h06R
created: 7/1/17npr860525vduutacitqt3dm2bejl8R
modified: 8/b/cbivptaups31q5o0q5dh2optkmbamqcM
modified: 8/c/stats
modified: a/9/stats
modified: 1/5/4fkcdpc3d4tuo9rdjhsm4ojor7mh4dsM
modified: 9/1/6eibcs1i64ufg50fua4enh0csgequ0uR
created: e/8/f56iac11rkc6df0cc26i29nb37mo2bmR
modified: 4/3/stats
modified: 4/5/a8hu98aj6beaikqhrra3dkpc8h9o1biM
created: 6/4/3cm4nqqequ03nmc3j1i7ocsr7q78452R
created: 8/0/085ct7vhm1f919r3bpj4m6524lfnmjcR
modified: 8/5/4504roo8l6s0brebht6sp7q6fj9m2gqM
modified: a/d/8a8hg9hdai6oknv4ne0oksa7rnuk8agM
created: b/a/840mpoftcu3iq0sr52mbb2l12mh7hiuR
modified: d/3/stats
created: d/7/b3vskdk29ja2m2b2c0rk3oii4o3mef0M
created: f/2/2a2ovqqo87hqhihooqd6p0a3ofeuar4R
modified: f/6/stats
created: 5/4/37mvqusimumu30ngtgkk7intiggdsfkR
modified: b/c/69j9as6u3gilq5jum4k2md2nvb7tkmcM
created: 4/1/67v11c3qk9upjuiq3qfj160kva1498cR
created: 5/9/4av22a0utuq74glvde6tbj9o9hfrqg6R
modified: b/a/06455f52ges1jqhimuj8rgq21imh8c2M
modified: e/8/f3r311r8vmjbevaf3858q2jlj7njjo0M
modified: a/b/4d27le7b2k6p36jhap4kne24ndgh680M
modified: e/9/76pgn1r3ak3kuvdmlq6ka40k3lso5qkR
created: e/d/773e6sog4ccgn8arad1hb95kg4839lkR
modified: 2/0/fbpsn9svvl9ul4abckqia9prs9pvbmeM
modified: 9/1/ebla1ubqt29v24gqda4n3agirer4te6R
modified: b/4/cf7df5v79ct43p2k6hk764mhlt7sgs6M
created: 1/6/2e7qrt52okqe6ajnfqdb7dp9bjffu7aR
modified: 7/2/stats
created: b/c/0bvnh10pi38i1qr8ormihgsh660p35eR
modified: e/b/8cl654gm8stt1irvvusqr5nda74upv2M
modified: 0/e/stats
modified: 2/3/8ffjvpe9i00fnakrndck7m81thb6bh8M
created: 3/d/c6lvifqkqdd9hdbup2dbf0kg93bvm38M
created: 3/d/f56t8qrufc5vte6civ7k95e2ljviv4mR
created: c/0/1a89l562qs29v8jqn23ht4briu5di84R
modified: 2/a/0dcuv501b6lsv7oo3767hur77es9q2iM
created: 3/9/420hbmceumjsjpfrbahaa2je486e5o0R
created: 5/c/e035cendc5ma85lolfgovm9etfl4gn0R
modified: a/c/stats
modified: 0/2/46num8lpk7971qqtvapsn8u7bb6gq6gM
modified: 6/2/stats
created: a/d/61elk32pb9a089buk9gvdf4tglu44fmR
created: a/d/8dbo06dn68vq9urdeeogp6qgclnpaqcR
created: b/d/2dn3oghi31fq0js95mk3bgdmqtrbq7sM
modified: e/9/adlqdako531kb35vprf13du8sgnft3eM
modified: f/9/01ek20bl5pidm0b61iaf8sk6aoihk5qM
created: f/f/a050ruor1ikiv52r7krtegkv7ntc8qeR
modified: 1/f/stats
modified: 4/6/deenv5phd162j1v442o3l9ufucuq8t2R
modified: 9/2/4993c9dcvh5dhhnquba3c9p8uami6g6M
modified: 9/7/stats
modified: a/stats
modified: c/b/26fpl0qorumotq1k5rroe1rc5nn3p4oR
modified: f/2/03d52tnc4aks4cjkoarmem66lmecmo4R
modified: 1/1/stats
modified: 1/5/3f3ojnt1ktiecuth2qejpgqi5bdohamM
modified: 4/a/7592vpja61dejmv3vu2v7t4gkt3erfqM
modified: 8/7/e2ledonqlptv93vvskbaesv2bh13nr0M
created: b/1/c5d1lg1d14k19meilq2jop7s5mljlusR
modified: d/5/stats
modified: 3/4/stats
created: 3/7/7c57afi5utk4iv8c7rlp3s4hrhu575mR
modified: e/3/stats
created: 2/3/d781bacopq1e8ctjot5bpvflvernfgqR
modified: 4/e/960c2np9fc2f57ap9sm7k2gibcv01ncM
created: b/a/e6jufe3qbh730v420h7cetvck9mqn10R
modified: a/b/1d9img04k9h7u6flgva6qkdki97ifj2R
modified: b/e/stats
modified: c/3/c8qknbh8a3qjjvnmlmjosnsdteeo6qsM
modified: c/8/stats
modified: d/9/33qs42dqfu94atgqupc6rihd83aj87uM
modified: 5/7/stats
created: 8/e/fd9m292thiig4n072bf0qk67ist26oqR
modified: c/6/00r9g1ub2s2hl19tascej7nt7kfviq0M
modified: 7/a/3a81qvu0n4ob6m4b4agple27f934mf6M
created: a/a/f2k68iv5pv0kpghdr8m56jk6tp4q5ggR
created: b/b/439ljbd7ltcpk715dmt56ecsc8r37bqR
modified: f/5/c2eed4ouc34d98vijkvvk0apjiqveqkM
created: 1/6/89e1icrprrmh8cocnnttp4pq4e3u5niR
modified: 2/b/stats
created: 2/f/e53j0g6lvoei9gsktascq30ujgd0828R
deleted: e/d/3670920g9koks67lpkh8c25vl434sqoR
deleted: 2/0/86rgvn0erupu140mjkagalvgvs2ntlmR
deleted: 4/c/10n35dsr50n3bqj8k4s00a9hol30npsR
deleted: 5/2/8bdl19d14le5qvscvhk570nab9tdvgaR
deleted: 5/3/f1b3satb02p05a9goksld4pqmmvl3deR
deleted: b/7/873dg0oi2ontpppd3ln82hl4fqpban2R
deleted: e/7/6boc9r029nsr1rvggaptihrs5sqb39sR
deleted: 4/5/c4q819pnhk2qpn51j90k9b47btogii4R
deleted: c/3/d1mvqv3cms27n1009klid18ka95b8eqR
deleted: d/1/41gqc0nnnaaa17be4vmpk3jhdp3j6lmR
deleted: d/3/25iqq485toc9o5tqpq3htokene26afoR
deleted: 4/b/a2ki600icsbo40tlbvs5jaia1lo8m52R
deleted: 6/a/3ec6sfvrfo84njh1tqg0hrd05doe54uR
deleted: c/b/50i7g4c86ieovg2m9a9v72bn6quejboR
deleted: 7/6/485i8hg1l4tnlhr4u3ncdc692uv0f4uR
deleted: c/c/47demlqh5uf2h7aqhh2gr6q5k4vtrs0R
deleted: c/c/49o2r36kqkat8npqg6t4akgvi2attg8R
deleted: a/1/a22ah8p5ah50plevscfhsa3c8rkm73cR
deleted: c/c/db28damfmf572dl30gqp83i0du9g99aR
deleted: e/1/9f9ad8me3mdrcf1emae6fko2gqhp8ngM
deleted: c/9/f8tgl9rnap8thvtvkigq5mi8d9f6lokR
deleted: d/e/c3q1pght3n2palr9moqnidbdgdjnhs8R
deleted: e/8/2bki7cfqi56jdtrt978pmn93v0f82igR
deleted: d/1/8fo7ethp35o3tsoq8p57hghp6o3fdb2R
deleted: 0/3/e057905h00q9m8phc96spenp2p1nthuM
deleted: 4/e/advp4oesasrh83gsata5tdhog9e6rfaR
deleted: e/4/7e59ch2d4vqe6v8a94l5fk3lpcps1p8R
deleted: 9/0/24iaqfj49v5cr01akrussoriuomh3nmR
deleted: 9/5/cbiquunk3uhet59r1q4b64t2376c9s2R
deleted: b/b/eejskvpcvkmdgltpdr4gnimilv2vfa4R
deleted: 1/5/afvd1gr646jolpr5d2uig899e7h9nvaM
deleted: f/2/0cfo4i52kjvrm8004gbq3r87grf9c84R
deleted: a/a/1cfgc86fbdafunv6oicjm5auiid0gd8R
deleted: 6/2/eefff5u3vvq2196hrj77uukgp1tspaaR
deleted: e/3/ecvhegsra12lkmu8o713erqd6n120a2M
deleted: 3/5/acd2bro8ullkf8dvcvauicojockvbdmR
deleted: a/8/af8u1mq879k0qkdbgm1n9a08gqp38oaR
deleted: 9/b/d241ba7ngofce2mvsqie6p31pkf2fhcR
deleted: e/c/206lsk9onn1rdh6t7jte9u508c8vupkR
deleted: c/c/3bf2dmsn7ol6jb3d5licj5kapoa5ussR
deleted: 3/1/cdp1hvssfndevvnpi72l96p2ara0jn8R
deleted: a/6/9dgmj93k2k2vrbfrh6g37dsca6fsbb8R
deleted: 1/4/bf4add0j7c87bter8s4k7l704hl2jiqR
deleted: a/4/e9urvb43ctq1k5ee6e3vs40sc5cif1kR
deleted: d/8/d7lr6b6bq9f674hs775gm58gjauulveR
deleted: 6/7/34kdcdj0d1ner30kgfrgu46ifkfa6hsR
deleted: b/a/6fff72uamdi9vi6eoace7ttib7nik7gR
deleted: 4/8/f1g9thvhe7qhomissubauebd7fnguruR
deleted: 4/8/fbsiqv5oat5bj9n34frrr5dlb8m1jqaR
deleted: 8/0/6e049p9d8vch0iunc6l6c5jjp33rhtuM
deleted: 9/7/32th2ej6j8tcg7d9140r41oed19o2j8R
deleted: b/4/e4bqpsf49fuslekrge36hqd38g7gvsgR
deleted: 7/5/4bv6eg6ik06smdfef4581oe4m07gq2gR
deleted: 1/4/a0905qcslp0irncamseun9p7u1ln93qR
deleted: c/a/d8ablcfd8etrk7p4m1snqhr151m9376R
deleted: b/3/38n5g8gipru7r5r8eqaj5pvqsp55ct2R
deleted: c/b/249qgbkfvi1b5bo1r68grnubuqj5qfcR
deleted: c/b/9bjc0qefsar6bqhpkml7vg8hpe31rsgR
deleted: 9/c/113j44rs1s1g92e65b5scnlcojtuhvuR
deleted: e/c/5769h1l2r02pf3bpcqde02vj4ar9pg4R
deleted: 2/a/597in7nnnc46nmec4acahjhqrl74qhkR
deleted: a/c/5bms8gundd78sjv5akgt85ktcovpbccM
deleted: 3/5/1bfeosd82uhuvppcn3km8q2cnn5shnkR
deleted: 8/0/c5pn4eotfaruriqpkjm4gjruijbs2ogR
deleted: 2/0/2b1oiql306mnhj4k0d6urips64vbmleR
deleted: 3/5/c9tp71b0nn5mdbsooam7hbu60lsp738R
deleted: b/4/dfsuhc8el1oiu0cajtgftl5dmfu0nm6R
deleted: 4/0/4edk2ad07t4mrefip8ushsc2j5cv794R
deleted: d/6/74446fm3nlr34j6a8qojapvf47c2598R
deleted: a/4/2do3moacadopeq2o2s7f9gaavbhqffgR
deleted: 7/6/001effp66kkklnpjfso6o9ja9ssebeiR
deleted: c/9/35mtdoqv21rnepq82dect59eb6t4v9cR
deleted: f/5/31q6ge1b3abap98qicdca0c2j7rvis6R
deleted: b/6/27q6b3vgp1tdp712v07ps14vtctuoksR
deleted: 9/b/ccb6pjg3tt434gq77ho4brip3s4mhmaR
deleted: a/9/b92in5t5dp2rlfvotkfm83esag49u1iR
deleted: 8/2/a3fa8o6php9o5et7a6np7j5d6njfigsR
deleted: a/0/ddc0au25vqjf9cgiub59me4ojt2o4dkR
deleted: 2/a/f293tfmf8ldm8qtqo84u28bg1ulj7acR
deleted: 4/d/43to92jdl7ghd8q2d98cekd7tor9enoR
deleted: 8/4/7173v2k89rrpgu9bn3lqs83l7k282i4R
deleted: 9/7/626qgto2a4gq7i7h4scpeaboo8qkodmR
deleted: 2/b/4cfapg9s0o7jjemlvo08u3qm1il170cR
deleted: a/0/bdjlo04p9pq232lklab9u3ii8kaqraiR
deleted: 3/4/82qs3t3buihbkr4u2i98ghdjr8ia72cR
deleted: 7/b/71i2divdb9r1goil0j5tcbcitiog264R
deleted: 9/8/9fhu5sne3q9i2tg9c36j96ddtj22jpuR
deleted: 2/9/71kn1cj4tpo4fu536bbn3it6odvkgtoR
deleted: e/2/c1khhbipsmnlurcvirqf844rbg6ndh2R
deleted: e/f/4a534kfkv4u8bv5j90o9nqjtr1nut8qR
deleted: 4/d/3amlue1gbbtg8lo0itaqeh64qmg5lk8R
deleted: 7/5/89kat33ep308u9dgdrs4ebms3f0ramkR
deleted: c/9/f9j49ubtq62s74ugkg9choos188gq3uR
deleted: 6/6/f6630b39svcmmpv297aoe8mq2e2uop0R
deleted: 8/2/ea33drajf5219tmqdtojp0es2h869pqR
deleted: c/3/a2e7dudrm1ldnsc6rar7jt8usadf2rgR
deleted: b/6/abn2u7v1dc69b1pcsmasliqqp4voi5sR
deleted: d/f/a3o9k9301cdrttdoo9ksqfuvjpkuieeR
deleted: a/a/3fhohclibff3vuk5r1mjue0dmihm3ecR
deleted: a/f/60a73quoj94n5vdf61f5au7hfe6bfr2R
deleted: c/a/e7m75f3e8ovku0hgparboau988p0rm8R
deleted: f/3/82kfmnq1bsvc6617ivfg2m6nnmr141aR
deleted: 7/2/6cidr5l1sv22najn529uj1s7h81kbcsR
deleted: 1/4/9ei3u61s8eftnff9uk5pn9ip8f7efogR
deleted: d/7/77q46rko0u9k3219h6iqvlnc2qviep4R
deleted: 2/6/aeoetm5atf0r80lk03t23bdi7ab2hfkR
deleted: c/4/ccv32u216a23lanf4ikvmk89ktg4s54R
deleted: c/a/87t62g0d1oarn6gv75odah55dsqckuqR
deleted: e/c/6dantre9q3qiaa06f86ma8rgq06b0o0R
deleted: 0/2/9b9f6phb5u6uqiibd41r576ilhrv0hoR
deleted: 6/5/973rbhbg3j4i5t0nvpfojmpkig220e6R
deleted: d/5/c69rro30kogli6f959f7o1si47f9f14R
deleted: 5/2/8fq5ll7cenp4eveg3l51t3r2p0nr26kR
deleted: 2/5/07o633o5vo45drhnu8t19qt8dnkrbugR
deleted: 5/5/16uq4k480vqbb5r56qjs7ssvqvcaboeR
deleted: a/1/1dglimg293hdtbvov7njd8d2ob2rihuR
deleted: 4/a/93l7i7nga3qk8shd7g6pi0ib2e2cvb0R
deleted: b/9/1egeontj0h6712dgo0j6kfj6ptnnbg2R
deleted: 7/9/23nrs58bipholo8taeioj74de7a13kgR
deleted: 7/4/32lcrcfa2843trh973j96ovpmhsbskeR
deleted: e/9/59honi7f9mehj9tdhh21veu4oh1gt26R
deleted: 6/0/7eoob051ru3p3dlbg2a6cjji85q3alsR
deleted: 5/9/be3tqtjuadfrlkntducvf3pm27la6qiR
deleted: b/0/dbnm260bm6868is0chrnv7a8472e2muR
deleted: b/f/47g2nmafgsv6eh440u7c6te9h0q5mnsR
deleted: 1/0/b87eld4ln5jmp6nljvfqdagocrj11hkR
deleted: 2/7/73mf7iver133mjs9bct83nn72rqsujoM
deleted: a/f/ea33bk2tq1qq8p8chd25uoo24esen1oR
deleted: 4/a/d4vjf043cfta7l8b0821f32ngopegceM
deleted: b/5/06klvvfiqn2vjbb90r36n9mjdl7poe4R
deleted: b/c/edvtpojbj5do9vrr6f0p50qfjnaqt5mR
deleted: 3/6/414gftbf2tm0g4olabakqpf2418uhoiR
deleted: 5/9/3eskf834h7gcqonl6d23f2upn7os0juR
deleted: 9/6/448ivslm0q7qau8on3d8gef78m6iirsR
deleted: c/8/2a71vvaua17i94e6sv6gairmk2fsu7kR
deleted: 2/0/38kli4o2dkhacfqnleqv1aocr56ucs6R
deleted: d/9/1ahrgi6lkcqvd3627tfksmiot1m8cgiR
deleted: 5/2/44ifmu59u2qf77m9vubmldecp15p3j6R
deleted: 0/1/ef336msbvsouquicfkj0vcbghqecggmR
deleted: 2/7/97ti35adr86e0huceelpbkcntbrvlncR
deleted: 2/7/12fj4gmf1jdrle2qjrce065t723jkkcR
deleted: d/d/17uir17hcto5usuf8tajsnjuuvmfgbuR
deleted: 5/6/c3n276i2p8s90js5khmlk388iqlq7e4R
deleted: 6/1/eetbo81avt79jsfai4n42gi7fe2qv22R
deleted: 7/3/9dk9nelqns3c9bun0sg0hlbgbbi8tuuR
deleted: 6/8/61u3aqmltho0giii2kl45kpqiv03ia6R
deleted: 4/9/84opscpark1o7mlghfat20l8fnpgae0R
deleted: e/4/40s621t5l0lfh34adtc03q01uj1ocviR
deleted: e/8/d9npm4g287ghfm81vk2pbdl7rrqe938R
deleted: d/f/72keo3415ehmq12neb5rui6s3jnk5agR
deleted: 6/8/f1k8nut1fc7apaolthm93tbvobqmoieR
deleted: d/6/701r8lolb0ob51duusolgqjmuakniqgR
deleted: f/5/6154vd1p5lesqju239irugk74bdkktoM
deleted: 2/5/30b6s5un8auo9s9h5d7c9cau82p1te4R
deleted: 7/4/248iath8bhsde93vgm0hku9mn616fhiR
deleted: f/3/0es1225fr7sqfv1cqkv2ka34p816g28R
deleted: 6/9/8bsmg3le2f4vkbs95j6e3s4d6k1dhsgR
deleted: e/a/f78a1jik9aklohfe2mb0lat0n48iauuR
deleted: 5/3/91dop55mv8rs61hfrcf5enru204auk8M
deleted: 9/8/e5mmqjoa4h33dmkltpmm4t8aluu4k90R
deleted: a/f/d5deanjsh9i0q0991kaju5s9m9cuoagR
deleted: 4/7/a9hqfj2r8pobduebuc8gr6dqrnuadg6R
deleted: 5/7/e9vf8imkunfusloreuoker9ptads7ngR
deleted: 9/7/be9n368n7g79r82f2u8fnhkgke21fv0R
deleted: c/a/7buucrr2m2c1pglioski6ob82g14cluR
deleted: e/7/cb0qahe59qbme6b21325u13gv5rluquR
deleted: e/a/2f6bpa7iklrjll22fl1086t3qhk23kuR
deleted: 1/5/bfpiic0pf6um13dmr2145tholcngmr0R
deleted: c/1/22gtkm6mpcis12vho107pfv7h7a3h1iR
deleted: d/5/de9udkd6gmmprr8rjtd2fv9joqca22mR
deleted: a/7/fcoohp9bepao574quck84c2i54cack0R
deleted: 6/8/bahah88pbqa4h3r6td4j0ad91qmpc7cR
deleted: 7/5/65lopjltbvikbs6vee2i506dekg4mn2R
deleted: a/c/34ddangl1e1pf3k0kiskpk87rkmovmoR
deleted: b/3/7ejm6212lpqu840uuiif0gof8vt0j8aM
deleted: 9/a/2052e06mvsomq6l9v28c8709q7raj6eR
deleted: 4/e/3fugh22q4mrp72me4e1j4hrjd8rjskkR
deleted: 8/7/fcipek95dn3j8jepsqi6d3b1aj4odbkR
deleted: b/d/9171nbof6dem0ks8lmhlkgi653ndc4uR
deleted: 7/5/9d370vr70fu5neu9a78l3blqhcp802sR
deleted: e/2/5cjurvr9qj0c7svvgl4m3q36u4fp8hiR
deleted: b/e/f2iqij3cpd0nms1900nm58npupshmfcR
deleted: 6/0/1dtsbq8me4hb8k29lgi6gbmi0ge9g2cR
deleted: d/c/1fkhtmacj1b4imgt85o3igbennp74u4R
deleted: 2/c/0fk8dt9i9itrc4sscv5lno7hjle1kpkR
deleted: a/d/5f75fbf4v1iiij237htditelc68vkaiR
deleted: d/e/82vic8b20ggsess3gbhjq3m928cac20R
deleted: e/9/c07qks4kscdrok87lduq7uq6iun9kjsR
deleted: 4/4/d2ci6d5i1g5dmq0a1b1sqk8iuhbp1v2R
deleted: e/e/8ebd16hetdi2b02vaq92t4o9nu7qlnuR
deleted: b/6/6as3if4jqm3nncbpl3csmgri02iijmmR
deleted: 9/5/281a98lrnsc3d6clfqpsffl7c3h0hr2M
deleted: 8/3/a33n2hu4sg6tl1asiih38g5kl2rum26R
deleted: 5/a/64njvgfde693aklraja054gn63bbje0R
deleted: b/d/3fkv1i0kk17g466ed71bonmldj2faniR
deleted: a/f/92530c9m6oc4h8vma10nc4ktar7c84qR
deleted: d/9/c3s7t5df641lnej7ne1mujinimbghamR
deleted: 7/6/a5rc039uialrihi6i3glh295ln9a9caR
deleted: b/0/6bvbda7u9v7lnqklkm8opsbhdddso9qR
deleted: a/b/b87t6asghc82kfb61tqhkt4olp43sk2R
deleted: 3/6/0aeumjs1cp42a5rafrb9v6srjd5fqgiR
deleted: a/3/90o348k4hqrtp1m4eibljkrc40dmno6M
deleted: c/8/e88pk54rb2phvcugmj6e2hdvo2mulfkR
deleted: 0/1/67g2arop9u126n69506p8fsvbi5sl42R
deleted: e/f/bego9sckvodepggmi3t0rfben9rngnaR
deleted: 0/1/70bdgr62f4nlp2u5stj298en8f29h6uR
deleted: 8/3/7ei765n85mrp0bu5ve56kbeh1e6ecraR
deleted: a/5/ca2r8l3o3dbh3islqs23rrl1mij5utmR
deleted: e/e/ebgaqrsvuolla80c972fmqgabdok0joR
deleted: 2/6/97jqi631o2phhrsikj8uh160hb4cgsuR
deleted: 3/1/275ohni21h2aspmfj7b5f85p7g7ojc0R
deleted: 2/0/01914kglk3p51ekia8c8ip8sv7g8p9aR
deleted: b/c/d65cp6cni8g3prd89088affoi8efdiaR
deleted: 8/1/4bhreotvsktjjt3sd0vn6m3tubk7m9cR
deleted: a/6/ectohnc99ctiv6pal1mr50i3hs72o6sR
deleted: 2/8/1eoe9pf9nlvur3q10hfomi435lumvegR
deleted: 8/8/b1t4mrcvr8g2h3bn6024dseklvtu10cM
deleted: d/b/5feldgt1he5chdkl87o8frmhlfqenu4R
deleted: 3/4/0813dck72fudi6v2knbv3adtl0rkdhuR
deleted: 9/3/2a9dguood5dsj9aikp7ujlq7eob6dl0R
deleted: c/8/c74fa0hgha24njiv3vkhmhe9n0evn1cR
deleted: f/5/0al9pbopd32equ1vuepfrr8rust45kiR
deleted: a/b/417ehfls9pd760dtskdoc0fo5v75cu2R
deleted: b/1/56vtg005t97pq2s9mu7opj8r8ic9is6R
deleted: d/2/083b0jqeo6tncvn65lo6he1k77cd73gR
deleted: e/a/0buatmern3t0g1fjd7n5a0gdt0k601uR
deleted: a/6/14m67tua2kj00u23q733g2oc0g5gffcR
deleted: a/9/f92so7dnidicp6ttpjp6hkg1brumvukR
deleted: e/2/8elh7lfau2ata61gu8edhupdp2mf854R
deleted: e/8/4c0lun5laoa3jcoe1seut7vk9o00rqoR
deleted: b/f/5c2u7b81vgea4m7iu0evc1m23skc20kR
deleted: 2/2/9bobpaioq9gb2qnvtiecenaleqlbfkiR
deleted: b/7/accrigvci3vsfvj4c2d24chh3g6dq36R
deleted: d/9/aajite11o44ud3m34bl64p1tm7dskiaR
deleted: 2/6/deg73t3kj0cn3lp0bco0ohno6m4sqo6R
deleted: 0/0/e3r56n4f5la0tifsm3rd6b0qb3gr1pcR
deleted: e/8/b9nh4u3kaoo1e3ptr9t8u8huphcp8i0R
deleted: 4/8/38dn1pkf04h75bti2v5to6ojpt841daR
deleted: 5/6/dbqfml40q252f0bvhj8gca4mqa3f4u6R
deleted: 7/5/8e49457512ccqcviknjtmuq6vi73u3qM
deleted: c/2/bac74nnm2dvi3d1fgajodqbgca5coqqR
deleted: a/9/c5s3p34dd4hcvlct25q72arvd6ms708R
deleted: b/9/4atmb9suqhp9uki6eqhn6qvqveear14R
deleted: 6/8/3f6dbc5vavsii024qrdveqs57u7inmmR
deleted: b/b/a4ogguqu9m64s21na5177l3cali1jgaR
deleted: 3/6/bb04d2d60h3jb3hrv6lgfve24utg3qmR
deleted: 0/0/397m4r6tv771v3fvucedjgvj40fp4fiR
deleted: a/1/e3p51gfuoauu37n4ivrqt0db92pk5meR
deleted: e/3/ceogr15kao7pautg2ml9ut70td08b26R
deleted: 6/8/3d93teat78a20agkpg2er9lc0f47dqiR
deleted: d/4/0ab48ce7a88rn7s5tp3292bh2ofi7dqR
deleted: 5/4/9cffkqdd58n47lfj9agodvh8ebheoaoR
deleted: 6/8/31q20v63r4shulh3rl4l5jbhtj5h0e4R
deleted: 4/d/78e1mi1cnohie1vkb3k8kt0kecnkf18R
deleted: 4/4/652gbj34vpiu17mfuhiqjsb78n3a6diR
deleted: 9/6/4dg865qrifatc3err6cbfmc8ip08ps2R
deleted: b/c/2bhh4gmtsvrf23tilt2bvaf7ct7bopcR
deleted: 2/b/9a18ggtda32hq2h1ehsui036f13l876R
deleted: 9/b/563k0u20ctr2d3ensoec58c4448boiuR
deleted: 7/4/ccjs5mcjvj4hnptue3q3r4sa525hlccR
deleted: 4/2/7d1c0lbb9mpt7vtmkfm1oop9p08rs50M
deleted: c/0/d975mmhnuviqtg9qkva21j34rduri6cR
deleted: 6/6/39v7h4p402prodhin2tlutkiq0k9pi0R
deleted: 8/8/bdrhv5qocm5dcecj8fbc7gdfqqtkd26M
deleted: 2/8/c64jg7acj87d2u6ne303asc9tngjfpiR
deleted: c/7/65f0di7i362j6oqn5c278ga25lnkr86R
deleted: 1/6/9a3o40p1fvtodkvvqi99908dheu4v10R
deleted: e/d/41pqjqus3u5attcagq11kls80hfm27eR
deleted: a/5/e8lh4eeig11js55084r1du70d05fvgiR
deleted: b/1/babsmgu2saa32lskkqiv5n5ls4vi9hiR
ccache cache size is 161Mb.
Uploading cache ccache...