SHA for cache folders (/tmp/ccache_dir) is '0768d2f34b9311c07373d4f6b2387ac9cf1e964ece401be04b1bcefa053a2552'
Cache ccache has changed!
List of changes for cache folders (/tmp/ccache_dir):
created: 4/1/6e97bc6fe71a4486ddea9d89d302f9-2967.manifest
modified: 2/8/f3bb3ac2b5381c6672f8934e74c732-3238.manifest
created: 4/6/6f5cd4a79f1ae4d9b104f936364e5b-4471712.o
modified: 1/9/7e1683e23843f2e47584b21f7ba789-9952.manifest
modified: 8/f/ea7f2a5ccffb71f0eeb17f0959c38c-21536.manifest
modified: 0/stats
modified: 9/7/f838e0e510fc38c02a76e22777b688-3916870.o
modified: a/stats
modified: 2/e/281495fed89deb08212744ff8a2d85-3560.manifest
modified: 1/4/7e4c2573b3d78819deb5b1853f3907-7028.manifest
modified: 1/9/cdee1464fd8d3f1c9a47f23f1ac60a-40493.manifest
modified: 9/5/439740710fecf6c1d917b14af62d0c-5110520.o
modified: d/d/76977a696274d4cfe9687e229c9739-11889.manifest
modified: 4/7/6d39cdea7efdb76a4586387dd83f37-5255.manifest
modified: 6/d/00cefe29f20928c6da3acda2ec3823-3187.manifest
modified: 6/1/077b7a51d782f24e3d3afbbf881302-16208.manifest
modified: 8/7/3751ce3cac0f15461d97307a6cfa76-5925747.o
modified: c/5/864f50d0ecf0744e9297c11807f0ca-3359273.o
modified: 1/e/82647746d421fc227646f9cda6ad36-47240.manifest
modified: a/0/9e1ef1ae78f637c9e264f4967580df-5116440.o
modified: 1/6/1badb0add4aae5eb2afef8de5e901a-8209.manifest
modified: 1/e/2e7990ef92644e514299841983e8d8-6140.manifest
created: 4/1/16dde4ac51f494500ad709e95737e2-3308769.o
modified: 4/2/ec3723841969299530c1db20fcdded-3368788.o
modified: a/0/60300ed60ce6d81bdd0603f75782ef-4047348.o
modified: c/a/b1805fc6fc4c5cb2947b982ec7f7de-5797.manifest
modified: 9/d/abf20144c19e7e37f489e8abdd3a0c-12128.manifest
modified: 1/5/23d4eef09451c91d92ad24e30cce6f-165642.manifest
modified: 7/b/3bae47321d7aa5d32617661aef44b7-4080015.o
modified: a/2/580d6c52b82335e67d805892360c81-4997073.o
modified: 0/d/0ca23c4f2419a3fe1d055e327755c9-3951.manifest
modified: 2/9/c8977bb973b577c649377ea9bf5e46-35111.manifest
modified: a/c/c88b6c21574ae2e23ced6a963f1619-11707.manifest
modified: f/5/3b4e73efdaed14f1272aad3b9ca253-3052.manifest
modified: 6/b/1710925cae477cf3bcd15531f7c5e3-12296.manifest
modified: 8/2/06a8ef76cd768d4cd0bdca021ef2e3-3355614.o
modified: c/8/de1926bb7ca1a85053706afd97d94c-5889893.o
modified: 7/f/bd3c92f1f96bd02a8b01eab3937fd4-33686.manifest
modified: c/b/c2735417f53054d55493316490196f-4676471.o
modified: 4/6/2bc8d768fe3c65c490ec0cbafc2215-5883.manifest
modified: 2/6/b46402b72c06713fef3052aa2c1a4f-6774.manifest
modified: 5/3/a8cb16c3b4bcdb9fc04194fee03214-4115.manifest
modified: 9/5/614dc5cae6cc886abb6157a776b2a4-4636805.o
modified: 1/5/675754ec8addde19481f92aab1f06a-2672.manifest
modified: 7/b/ebb5be65ad7a31b99603cd1a31f7be-5053921.o
modified: a/4/dacd3cfd2e7621ae56b5555bd45c99-6511.manifest
modified: 1/3/0a39a4dd8fb5cc7268ea4b5a5254ab-4780.manifest
modified: c/2/f336cb3ac8365dbfdd966fcac6191e-5050782.o
modified: a/4/c71e63bfec1b5938115b85f6216d33-4612330.o
modified: e/6/d1aa3a5b2864ccd123db296d20d914-4932760.o
modified: 9/4/09320280ac3c3855c5a6285ca52ecb-4523889.o
modified: 1/5/181bdba4efd17ffc92e10eec05af79-2529.manifest
modified: 9/a/8be527ca402e3592e9a19c9e1f6dc9-10740.manifest
modified: b/c/7392ed2df551aa34d3c01e0db6d494-18944.manifest
modified: 3/8/a9bd44b886f4ab4259b2b4d8450a3c-5055052.o
modified: 4/c/b5d381d4a16321a2c77f29b8ce04ef-3918.manifest
modified: 4/stats
modified: 5/8/8da972da6ae2b9cf949dfc4ccc0924-89081.manifest
modified: 9/f/d47e9be9f4843356d83618bfb0ecb0-4244.manifest
modified: 7/f/fea10f8f9e95b025c3168ad9f16767-4027178.o
modified: c/2/018f2ee4ea709085893469363130d3-5010982.o
modified: e/6/5ca32bae4fa4dc53316c0948288139-3307456.o
modified: c/e/0df7d02a64029c6620e4425c24e05b-9125.manifest
modified: 2/3/cff0a2aba0fc6c2c86280ac0f32a8c-7901.manifest
modified: 1/stats
modified: a/f/9f74f49d9f73132891e4fefa051180-16264.manifest
modified: 7/d/a10ca5b3571864714a6d3f2f7479e0-3990437.o
modified: e/8/c17d43ebbf66b5544a0e27298ee2bc-6561.manifest
modified: b/9/29884c966dba26a475ca688f5c9e2e-5664634.o
modified: 0/1/b70a94a20b125ab45d8f958810e905-3599.manifest
modified: 3/stats
modified: a/6/4e3237e229d4105f989d46b46bc5df-3959588.o
modified: a/1/d392422396a5220b5a93b0c490dc46-4854046.o
modified: 1/7/ee7de3bd7a17b507a3b3bdb3958c1c-12843.manifest
modified: 3/9/48436de4e3150a6e7c8433262d1a5e-5009195.o
modified: 6/7/0f684d7cf962be92bca9e6e65d27cd-8031.manifest
modified: 6/8/7188874a3ebe6c8ea333ea4d7f988e-44193.manifest
modified: f/5/97d45784d6c5dfd07a61a6348190ef-24613.manifest
modified: 6/1/d827892164e694d94d9f8f9ab4e856-7335.manifest
modified: d/b/ce8cd36490d7913b1b48e1dda035b1-5911.manifest
modified: f/0/8e4bd401b141963e200d8956c9a3a0-3287147.o
modified: f/a/8f30617969ac96103caf06b9bfd063-7304.manifest
modified: 4/f/c04c2fd1dc105a6a0c8a63040ba5e1-2351.manifest
modified: 7/8/4e4b7fdde445bbf68fd238dbdcfd79-3915905.o
modified: 6/6/4841ec9927e667d205c022a51b6182-2490.manifest
modified: 3/a/c95da2a45732597a1f6f9419cd41d9-5154.manifest
modified: a/9/415c6728db563a584a96e8fee80b18-3386161.o
modified: c/7/978786ab2582d9e1fdeb79fa4b02e0-2950822.o
modified: a/6/4dd7d5f44b46d644c415e9194ad19b-4039067.o
modified: 4/6/7a93654d3893e460684e75b6f25cfe-17516.manifest
modified: 0/4/97765a496b3239ff3daea751970890-33895.manifest
modified: 4/b/edaef9e75b2a101d6da7c6e78b09ac-17185.manifest
modified: 8/6/a623296b636f98915585a413673f7d-5260343.o
modified: 9/d/6f3cbf1f8b45cfaae4f98aa1dcad91-14972.manifest
modified: 1/7/07a956bce5b2728a091104d39fbf85-24469.manifest
modified: d/stats
modified: e/e/49987c3b73b2795eac0813f1a56589-39941.manifest
modified: f/a/e8ff14085076298bd332271f2e53b9-6762.manifest
modified: f/e/08232abf7a4f0c654891425aff15ce-3255.manifest
created: 0/b/2f83858c2bedc5244446d8589747df-2954590.o
modified: e/7/678c6f242f45a26901d24479498f71-3288305.o
modified: 4/e/d5e8eefaf858eb35b15c302dae5a1a-3894.manifest
modified: 8/1/872ff738e3a9179a8ead230214d69c-3943925.o
modified: 2/f/83d34c8a3adb056bba597fe3e3ee92-7672.manifest
modified: 4/3/839136bcd5e860be087c2911c6e045-3636.manifest
created: 4/5/c5668ee816f3b34532df3f98dd37d9-104151.manifest
modified: 4/3/5722309572895050828219c5be1b3f-47907.manifest
modified: d/c/980fb79138b447d6078bb5f8571b3b-5656.manifest
modified: 8/6/5f399d351916ad1dd145ed55539ea7-5026584.o
created: a/a/fae4a6cd99bc8bb32a550f8fa822d9-1966227.o
modified: 1/5/4b60c8599d7402d0b820d6793c6003-6604.manifest
modified: e/c/df1f384d5fb9175e76d1cbc129fbd6-95446.manifest
modified: 2/1/3ea3576485a4017ec6cccadaeb96cc-5700.manifest
modified: 0/c/e49694b7cb3d411574dc22aa54be2a-4192.manifest
modified: b/stats
modified: 2/b/71b72da05f1f93deee94ccf707bada-102597.manifest
modified: 7/c/23748216dec8a4adc78d6540f150ef-4672374.o
modified: f/stats
modified: e/stats
modified: f/9/ca3bc441f78e7a3969092980ecbb5f-5856.manifest
modified: 8/e/6674864e5dda7bd725f7a86368d84f-11749.manifest
modified: b/4/3f3db8aacc688cade88564ba34b401-3628979.o
modified: d/7/bc7268ba426aac37789f2409beb91d-101900.manifest
modified: 2/8/e9f6ce9b1c9ae1e6a19ebc23fabeec-2931.manifest
modified: 6/2/44b7962ba699399867fa91377cdd07-3009.manifest
modified: 2/a/27dfa0715bd4a969b8433c2470e3cb-2520.manifest
created: 4/2/147c8944125c6faa0f9f570b682c85-3145255.o
modified: e/d/6b227958ddd0ff32933ecd5a92d812-6103.manifest
modified: 0/6/bf6692077a3a852f50684d90ac7a14-4266.manifest
modified: 6/c/408703f17a47e3d55fe83be2e8a1df-4455.manifest
created: e/b/b8ea4e7717759ac4a61f44e7092445-2828049.o
modified: f/f/020fca7780c823de253e19836b2f69-3471.manifest
modified: 0/3/b237efe3e01688345e51c4cb395916-10949.manifest
modified: d/9/10001e4078a5baf4435c084231c897-3415.manifest
modified: 4/4/64e29abff68a7c7ac0025ae3c7955f-6572.manifest
created: e/a/537dd1b4a6609b3b688ea3b4739b68-4379986.o
modified: f/c/3a4a319a8faa1460eac0753a8b5dad-20341.manifest
modified: 3/7/498202f9831b3f25c107e8b3e496c7-4005145.o
modified: b/e/ad5f31e4a65b3026551ca4746b9d00-3207.manifest
modified: 2/c/17e73924b9beb716238fb4513c78e0-9146.manifest
modified: 7/b/d2e57dd15f6f320a534d3a3e35b7f1-3929353.o
modified: c/b/fcae6669c65b7aa6a2b7ae75e27de4-3713.manifest
modified: 0/6/ed2eef97f8589fc2492bda943d5f1f-11655.manifest
modified: 1/a/3fb0662a631bae1727c244b32772e5-2437.manifest
modified: 6/b/1e7fb64dfb6022f9b3e4ae908ca3d7-17059.manifest
modified: b/3/edf87b7d85500381b30e7e487f21f2-3392633.o
modified: f/c/ecf39d8941d6c8b26e8682e0ee633d-27397.manifest
modified: 5/d/2d75ed0cf131fe2c10740a1a3bea14-87109.manifest
modified: 8/7/5435d1c72288d9822bb918d76ebfdf-4997351.o
modified: e/5/cbbd9220cac03a206b7a908789bd47-5347268.o
modified: 3/8/93ece4fb9cbd246a4c4e8c57035805-5878819.o
modified: 5/7/a2789dae2f95fb51ba4311f25216e4-4763.manifest
modified: 9/9/67b3323343978c66005233a1a804aa-3355022.o
modified: c/8/10a5a44279662a8729f86f579fb442-5005630.o
modified: 1/5/57356e3196e34d025e3848274bdc23-12164.manifest
modified: 4/5/3476ebf026d305f64e9732c01683e8-5037785.o
modified: f/4/4baa76740be69db9b32bd8cd57d528-4990583.o
modified: b/3/0f534d953c60f900c7dcd64d791f6c-3383599.o
modified: c/5/68d84e07d4bbb05da8daaf1d0c3762-3953082.o
modified: 5/a/4587c34b646c09681e3a70e53294da-2235.manifest
modified: a/a/228abb43954d6246e2c320ee9ce8f0-3092083.o
modified: c/9/6acc79e5954492e5b2d01172e66ba3-3027117.o
modified: 7/d/a9355ae0725c10c1cab7c3e45fc11a-87680.manifest
modified: 1/6/eed77f6a88e6eca33d054d6253a104-50086.manifest
modified: 6/b/c0ed7b16e6d56ed95e91eb9f50c0cf-3842.manifest
modified: d/4/f3dbdd24fc5fb38b082ef3109d9666-8978.manifest
modified: 5/0/70c4c2ce7ababfd954660706faefb3-11427.manifest
modified: 2/f/4a466a405fe45d96f9f7f262010da0-15054.manifest
modified: 6/3/04ccaa0405335a1348f9b881007819-9131.manifest
created: 2/4/021740afe37a86cd9267393017dd97-2571781.o
modified: 5/5/2985e0b0394c4f632decb593f7342e-2864.manifest
modified: b/2/8429544d79e4226e386f86752921df-4546715.o
modified: 8/7/27b147b26e3b8226e8eb3edc5bfe16-3444.manifest
modified: 8/stats
modified: b/2/2582ff27b3f6ca47c38ed9a637b10e-2977736.o
modified: b/8/78feae4cb48d771e259a5fee9db941-7274.manifest
modified: 6/0/60972c3f78602a941b1435d6e21ca8-1992.manifest
modified: e/e/4548393891abad61b47daec9449f04-2909.manifest
modified: f/1/15e0a8dc9d09f877a935ee78be5487-3449526.o
modified: 3/5/4f8a34a388761fd7f20a64684ae0b9-4991176.o
modified: e/8/c0ad4a47690b87f0749e7a0e5cef67-3714.manifest
modified: 4/a/3d45f39203c96328ca3691ad2dc764-14995.manifest
modified: 5/7/7c9d4763c1eb5003c50498e6a4c898-8792.manifest
modified: d/e/0f581223c881ffbe602d68ffadb4ca-6942.manifest
modified: 0/d/a8fc2c549e0662b565c764a3898039-28077.manifest
modified: 7/d/5f34bd8f5deb2e4a9d92e97db9978c-3971856.o
modified: 5/5/0ccd1913b4b828d0f96c8df7a3c8eb-5896.manifest
modified: 6/stats
modified: 7/stats
modified: 6/3/407bc7aecb3125136561b6c694502e-3517.manifest
modified: e/0/ce76ef3aa284d5c2757a27feb2534a-5248658.o
modified: 6/6/9cbd9711326ebee37bbabb152f64e5-6397.manifest
modified: 7/c/a939eb183e70e4270ed88c50a56a3e-3950730.o
modified: d/c/f3ee1943e9a29930c7d576371320be-56831.manifest
modified: d/c/681199299f415f2b9fd3d1ce48ed10-37158.manifest
modified: b/9/1c6eb9d888fd97a545febd4ecf10cf-5049894.o
modified: 2/2/93117ca20b8db9bc9711adf7528792-4538.manifest
modified: 2/stats
modified: 3/0/beca4adea131a17818525e7dc3876b-4509470.o
modified: 7/4/8dac7d31800e33af643f313b4dea2f-3285813.o
modified: d/c/f4399b54b42256aaa7f644db5f61b1-3152.manifest
modified: f/6/6942f02bb64b4724453a76cf233274-2110.manifest
modified: 8/f/181a3ad6d8ce26f2cd27e9b26dbcb6-46752.manifest
modified: d/8/ba3fe768bb2c5bd6993dca540e3440-14192.manifest
modified: f/9/97b6803a2342b197dd965f585a1c86-4468095.o
modified: 6/c/1e0798065b8e6a45ad047b5056a7d4-3736.manifest
modified: b/3/f6e13eaaffc14d1e3a41e5f9a69175-1720448.o
created: 4/7/c26df9bb0be3fe2da9f420cfe99281-3135652.o
created: e/8/58c56a35b13c38b946434cb685b3dc-2458103.o
modified: c/4/a11ade7cf7df07cb83b7d532ba39eb-3974733.o
modified: a/e/c3dd931557976797553dad1d996fc8-9684.manifest
modified: 2/5/287c344bcb3c502bc5d154c90141f0-4001.manifest
modified: f/0/f8b145465ec99290c9b13d7d743ba5-22738.manifest
modified: 3/1/d6977395dc83d6017f727f8c8aa059-3030336.o
modified: d/d/1cfebb8b3081a6775bf6d99a916fae-3185.manifest
modified: 3/c/7af2aa818ca530adecfc7d792ed9e1-5285381.o
modified: c/stats
modified: 4/2/d41c1165cd9fee831e6a969f817808-2980288.o
modified: 2/e/01c527b144bd40c1d2588153248c51-2437.manifest
modified: b/8/8fd1dc9b98ceeb454bd13598b15ea9-3960160.o
modified: 7/3/540b76ffc55a31564179f4187ab264-3350180.o
modified: 9/0/11da281664d4d5d44578ffa27b7c3e-5369362.o
modified: 7/3/13e7a2acf8fa683e8bbadbbc736d25-4978214.o
modified: 5/3/b28433d9d38dc31b8b9489f8b11a70-4312.manifest
modified: c/8/7adfa02d5bdf121e24afffa4c5c7b4-3918904.o
modified: 4/3/e27ca1afca4657c179294178f51c0f-8992.manifest
modified: 8/f/305bdeed1b04658c34bcfb24a892de-6250.manifest
modified: c/2/d3adfbb2fad7a5f382205179c913ac-4160845.o
modified: f/4/f06b0bb6ef872b3f439da5b965ec81-32375.manifest
modified: 9/stats
modified: e/2/d7aabec52964375d4f0e6f5ec82a00-5143387.o
created: 0/8/728187d7fb5e856bbc0f0c64421084-4501864.o
modified: d/1/dc82e408aeb29ba1cdcb16b9b3fdc5-3377.manifest
modified: d/4/b3a7da785a16601c330b307f547beb-5903.manifest
modified: 3/3/8a0294b09ee24e59d9948dcc7d3bf2-4014119.o
modified: d/7/9fe94790af5eb7e67f39f6ee2f63c3-4448.manifest
modified: d/f/b1c35acea398cebbd0b303dbee721d-3956.manifest
modified: 5/8/446c376ab75a9899fb8539cd1a810c-2805.manifest
modified: f/c/9348c340f38500e42e98f93c1a8163-17726.manifest
modified: 2/d/50e7955358f21859cad1a1649c747a-3891.manifest
modified: 9/5/9426a9bed84fecc85547c1a518278e-4088768.o
modified: 5/4/1dc896bc03e2410d0dbb7856cf5f65-16236.manifest
modified: 8/6/338587a6fdd72f2dffc629c9ba5549-4184094.o
modified: 8/c/cb4358b3c7fc21918fc5002f80e238-3359461.o
modified: 6/f/37249cd8f0f84045812bdb44087113-7730.manifest
modified: 6/1/6d7038180dcb23fc76597898267561-2705.manifest
modified: 4/4/10fff3fe75efe96c137ec2dc0c2cad-7973.manifest
modified: f/b/792e72d4c1ad6ae9dab2d53020e5af-19016.manifest
created: 4/2/70a5ef7b0d7d82afaf2c44bb9c3333-3017118.o
created: f/5/2653343e81dd97c6fb5039591e6663-2000333.o
created: 4/d/f866afc8a1f95ef63bf5549d05dd50-282350.manifest
modified: 6/8/0050a210bff0fb298dd77c9d266f3a-5064.manifest
modified: e/9/525c50ddf4541cc909653064c9ea64-4026654.o
created: 6/9/0b1993cf6bc58e9bae1e8faba87175-1868124.o
modified: f/1/449170a4d554beadcfb7dd8e3926c5-5009909.o
created: 2/b/ff25fb6cc4340e00c507d254446320-3138233.o
modified: 9/b/380fbea2e3deda9b6a78fd1d1e47d9-3293687.o
modified: d/8/2576e9415de6b6872de54397563402-23918.manifest
modified: 7/e/b6b648578bd14b9fb942f1ad722328-3466595.o
modified: 5/3/6055f8582e892374eb00e102930d33-12821.manifest
modified: 5/5/7384f87fa6b0f100733a141aef29d5-1932.manifest
modified: 9/a/0b73781f33f3bc981c1731b06fd73d-5262777.o
modified: f/c/c573ba448da893ffb516135c3f981a-2886.manifest
modified: 7/a/039d970436a62a9109d6156f78a989-3939253.o
modified: d/a/455152245cdd9b9824ccef127d9c02-2246.manifest
modified: 9/9/86db39b32c84575afc68ea0760fca3-3375970.o
modified: 2/f/18825e46813b73ffc3135e20fedece-3290.manifest
modified: 3/4/287c534f22186ce76b5ad3ba8d3a1f-3332383.o
modified: b/7/0e0dfed4b3a9f6015f616cc8ccd5a8-3394081.o
created: 4/5/b83e6a2bf8ad23e949232c7bdcbad1-3088530.o
modified: 0/9/c77ce4e4b0d783c31d4f84431dd594-2518.manifest
modified: 8/8/8947950565f6ff65d2f918dc506abf-8686.manifest
modified: 4/4/1d814c41ea74ede283502b539f2b39-5800.manifest
modified: 5/5/aedf0690056216afccf5b08eadfca7-7000.manifest
modified: b/c/307196f3f25ef650063db7cba9834a-5018575.o
modified: 1/c/b6f5269cc6587a106b8bc5e16793e5-36574.manifest
modified: 8/6/5b554fd88c0d80cabad63ea4893521-4055830.o
modified: 6/4/675e8386dae300cb15bc13950e685e-5856.manifest
modified: 2/6/f3be40ed1eff398fb4e7ce3ef3a7e4-8493.manifest
modified: 5/4/956573c1d5d3bc2989ddfc81e5dfd2-3304.manifest
modified: 9/c/45976777990c8d766ffbecc2b948b6-4579.manifest
modified: 6/1/639898b8f367d4bb4ce4cae230c754-4714.manifest
modified: 4/0/f10a95b39fa7898ad0ee439b4a5600-3448102.o
modified: 5/stats
modified: a/d/cfb08f0cbe2ee16c03906402e01eb7-11847.manifest
deleted: 3/d/8e89c11ee28e97bfd2b17f98bee302-2472726.o
deleted: f/8/8ec9ea7e3e629ead375c97907d5f0f-2939482.o
deleted: a/8/4ff036beea2365b1d981bb9d0c0390-10537.manifest
deleted: 8/7/83db6902e8a25ea60fe31bda326b39-5131.manifest
deleted: 8/a/7a70648eb20194dc6b00d17984d06d-2415199.o
deleted: 8/d/94a284575f7117e4645fe99c73f63a-2199.manifest
deleted: 8/a/601852c8a8bf13b8e34245498faca8-1868124.o
deleted: a/3/d9e7930c9a2d3233ef68a4b7f177c7-1791029.o
deleted: 8/c/e7f18d6e1cdf846ea2c1e296a4406a-2192.manifest
ccache cache size is 213Mb.
Uploading cache ccache...