SHA for cache folders (/tmp/ccache_dir) is '80df66f2434b2eb3b81f9e17beb6e007f13e732b1d674b6df5084e95cd9d08da'
Cache ccache has changed!
List of changes for cache folders (/tmp/ccache_dir):
modified: 2/stats
modified: 7/stats
modified: 9/stats
modified: 8/stats
modified: f/stats
modified: c/stats
modified: f/6/8b742f2962d6f9153b4152e784ba96-4827.manifest
created: 2/8/df52afe3a43671b03e152805ab95b3-1780942.o
modified: 5/stats
modified: 0/stats
modified: d/stats
created: 2/4/8478e90f4624a1292f680b6404699e-33537.manifest
modified: 1/5/7623024c55a3f83e3465eabbddbd05-4589.manifest
modified: a/stats
created: 3/9/b2287e6a690dd42d7607fffb9417eb-1780974.o
modified: 6/stats
modified: b/stats
modified: 4/stats
modified: 3/stats
modified: e/stats
modified: 1/stats
ccache cache size is 162Mb.
Uploading cache ccache...