SHA for cache folders (/tmp/ccache_dir) is '4a38aba75081492a8c4a3c84c6f04351a0d383dd5b9f941724bc947274fab57d'
Cache ccache has changed!
List of changes for cache folders (/tmp/ccache_dir):
modified: 4/7/stats
modified: f/1/6btvt4ut8dsto9ri4305pfb1k74heeeM
modified: 0/4/12vj88pbm2m55nsou5vl1cb34h9t2gsM
created: c/4/feqvd9ib4uie16lv9d5a9e8i556u84sR
modified: d/4/386lq755lv13gfa49o87u3cqna6odliM
created: 1/0/8ebt6nk33sptthbm8j21b4rmh932us4R
created: 7/3/c13i7o6idlp3tnlraajaf1mgre2si98R
modified: d/4/e9o0kk8lpj385bu4hm8uls6m51vrdtqM
modified: d/e/stats
modified: d/f/b6neg3gld1157u8a8j5730nj88gef2sM
modified: e/9/c9cei6m442kbbiub3i0ns18j1u4mc7aM
modified: f/0/0b00kbt2f2335s4r93p8jql1hhsoapcM
modified: f/c/5f7vut1vdn38ub8aj3mfaoun3a33dm0M
modified: 0/7/stats
modified: 3/b/a4bfbo14obm0v8lg2m2hgvhki63ieaoM
modified: 9/d/9dfiuv36n9u2o8f4jdun75rr7scj3hmM
modified: e/3/stats
created: e/d/90cc3ga463da3jj2d5omtbhg8rdg2huR
modified: b/0/stats
created: 3/1/2al0a067av6cbd1dkpor7guu0avvupaR
modified: 4/9/a5q4voc994o2f3lp26f8tkpdfg8d6q0M
modified: 7/5/stats
modified: 8/stats
modified: 9/6/4eed61unfcq6k96cq6bnroltvj6gciiM
modified: b/7/1396hq4ovs8qpgt41nensbg7fskl3oiR
modified: d/7/66mlq63b498p7ig0rmp14ucun6srl24M
modified: e/a/stats
modified: a/b/b9kd0asekhooghn0kvhajpoabodijokR
created: 1/1/773u0ad204euak67d9vu2gno0p3k6seR
modified: 2/3/994inls6pj67ajq3p7jogdu4l179ld8M
created: 2/7/c12q96u57e6pecjtk0enn231c4ns2f2R
modified: 4/c/stats
modified: 9/f/stats
modified: c/2/5f01nbqr7hkb2esra1vjp7ifojpa5h8M
created: 1/a/beipb3jdbdverft0e147tv8k8r6qjg0M
modified: 4/7/b2spi3qlesm6j5jupdpbm2cegob42gcR
modified: 4/9/bbuk30jk4satt6v8tr2ffvq7p8e2tf6M
created: 9/f/94vqp703l7lhsbsd288lm9ck2elpda0M
created: f/9/f9ji8vs295brhadb5dt3j7t53slvbdiR
modified: a/0/a2bg80g8t5k2cjtq04ptpjddpm8kd46M
modified: 0/9/79h79bqj1lr2t84r8gnjbb2miopvc3kM
modified: 1/8/stats
modified: 3/8/19f7c71u8ur8jc5iv32tjp959rt1gueM
modified: 4/9/fcp2kvpk046ojr8jkcnbom19ltd1rioM
created: 7/c/3e3t72ep8a210ibq9s92seplh46rvooR
created: 9/d/2ctrteoos1ctr588c3e31a7t55i0v9oM
modified: a/4/70066dnvo95p05bc58uqrctk7khv50sM
modified: 4/d/stats
modified: 8/8/735h096j3k3na5g83o3n4sjst4qhfdeM
created: 8/9/acf1nig3lt7phr07rq48sik700kabeaR
created: f/5/14npsuoenmv9tdejm1ntcifsfdrhmg8R
created: 5/c/bfp7onmku6gjf4fb5i2pcer0fl4ijvsR
created: 6/d/cf7ito7vl25ekqrrl3fu59gsa7dd02oR
modified: 9/4/da4vn45ghravcv345j5nvjoldhgi4qaM
modified: b/4/04eclk6umdu1nb451ma4a0dcf8aunlgM
created: 5/e/54q04t7q5cjj11bafkl134468iv6okuR
modified: a/1/75oaf166akvohhq5qfd8gsbrq93umvgM
modified: f/7/4876cns06k2p7m7ftv3vo0dkgun6jj8R
modified: 2/8/bde39u4pc5gtm3ar9puos1j4rburp4iM
modified: 5/5/887qis36jr261q8jck99amq2mio0buaR
modified: c/9/41n74e5glm9t74ql4tr0l8hl0duhul0R
modified: 0/3/6e543jpshv9uaisvvua286qqraitguiM
modified: 1/2/stats
modified: 5/3/stats
created: d/0/4ce4jodgtlf9a45h2dvbhp14f1iun20R
modified: d/6/stats
created: e/5/1d1nttf46lvfbjbgssunelbqd0rah6sR
modified: a/b/stats
modified: 0/1/4f2r0alfl8sng07o43mssqjev5f5gpgR
modified: 3/9/5dcaun1dtm2lf0hjd509o858tm8sp4cM
modified: 6/1/07q5iqsb5r7ru4vfophusc1t5gf2d00R
modified: 6/6/2ar8gppoopu0c09eehuddecrnllirhmM
modified: 6/8/e62jmi1fhlrvh47fqs6ephbqll9geo2M
modified: 7/a/f4gfskp1ttgbc510cac40l3lvhloc8uM
created: 8/5/44o55jiispgustusph5u7169jvj0a5gR
modified: b/9/b5d4dmgia0fjk3nbgnrjfftj3j5okv0M
modified: c/2/0b4rlds29fvip056nqhkl6odtk8ccoeM
modified: 5/0/5ds5ddkj8rodkp7igiono8iojl1a83qR
modified: 8/0/stats
modified: b/1/718v9t4oednbskhe21tg1mf4k7u9f3aM
created: b/5/b1k0tjkd2n3lofrbd65gr6ut4md7kj4R
created: 0/7/58t0mmfqse3f2hl2vhdfklh6tlccn1sR
modified: 2/9/stats
modified: 2/a/49eoi1c3ls8llvkvsb0oqnvhl3b7hqkM
modified: 7/1/34rv0k07sobfffd12up812gmeg50o06R
modified: a/5/545m402a8pephimqf04c593238un2feM
modified: d/0/f27nmva34ug490ilnu429vkcsnhe7muM
modified: 0/a/2anlemdtpjd234mhdle50lp5a0j5hvqR
modified: 5/5/00diug17ulfpqmfo2gm9e1hl71p6mu8M
modified: 5/5/stats
modified: 9/7/stats
modified: a/0/c3q5f8cos4qfhlt003lp3s5rq7s59n4M
modified: a/d/2chtncas0hootato3ap1daal6828rnqM
created: 3/6/5b1kg7nlu0tba9aecm9u3mbdb2inn3cR
created: 5/2/fb38oa0apq3l4jbgkg0e6suchtp82t8R
modified: 8/1/stats
modified: a/6/0bthdp9ao97480e7ctk44jhcjsa21uoM
modified: a/a/stats
modified: d/e/a5n84142qd0qfeuu1oc9ue820c12o1oR
modified: f/e/6540h0b2pbnq7lo435bbvhqutb7c6ooR
modified: 4/c/56kdpqf9rks8k8j6353vv14t6bq1hgcR
modified: 2/1/stats
modified: 8/4/ef28itu92tijbue1qihupgshr37f9skM
modified: d/c/stats
modified: e/8/stats
created: d/8/12h9cgh8auepna4lnnil7nno6ngo8a0R
modified: 0/d/stats
created: 3/6/8d4n86kdg3kvvcn21c2t1s81smmdfrsR
created: 5/5/4ehvkjl7qodqgajr9t61ej1oojae45cR
modified: 7/3/3faelli9scelhpl7dglrt3lkib92ohcR
created: 9/1/91b86b291nv6p7pcm1p0fcj5dc3ntduM
modified: d/1/a7bmmqg34ltchceeporoh0b1gtn4el6M
modified: e/7/c89iu11fpf0ovccdm44tgd2otbtnrdiM
modified: 9/3/stats
modified: a/9/8fj6su8have6q2h4tl4vmkmpi7lreusM
modified: d/d/stats
created: f/2/77rrajlr6784u25altn8csrnelnijl4R
created: 2/a/2482nd7sgia42db1o9gpbur9fis3d9gR
modified: 7/5/3elaoojodtr1reempku8e12avg28cscM
modified: 8/a/919mgpub61j3pkj51go7o9mgemh46i8M
modified: f/1/2cbc2eejr6oiq1t85s3bnufodbv6jrgR
modified: 1/0/stats
modified: 2/6/2498hvjoge2f2m6jubht8kvdj419mauR
created: 6/c/b7oi36aov17la4q5tf48k097k89i7dsR
modified: c/0/b9gp7cq11gug7srkefusan2j7lqjip8M
modified: e/4/adk4rajlgol95o48iaoqvfhp61rkn80M
modified: e/6/stats
modified: 4/b/8a8mohql05f7ghvmdkpcigbvjdv1tpoR
modified: 7/0/stats
modified: b/5/stats
modified: d/0/e87rklqku8msatoh6ra3ep4f1g93m2eM
modified: 2/2/fcg5phqvqgjcvr6u4njtt9n627oduliR
modified: 5/stats
created: 8/9/e687tt516j6dnedk9idpmd8m5cleu52M
modified: 9/c/40kiviig0m0eerh14ftgtr5hjug9mt4R
modified: c/0/32lespmcpvt4fprr1reuc0gc26ukmquR
modified: 3/d/69c8oblpmoc9cvt8hkgo2imn6eg9b5iM
created: 5/d/57rhbl27usho8opf0ff32tbrfrkfa5mR
modified: 6/4/stats
modified: 7/c/stats
created: a/8/898sarv8tpcj7kiv5gpk3efsb2ijsj4R
created: e/5/94vr4omquqbmat33ua3qe3mrkrvu95gR
modified: d/2/50u0jjktqls83nme3vo2a0r6f3c4vskM
modified: 0/a/stats
modified: 2/c/stats
modified: 6/9/df2590qgjj8cejd3ec5ut9g9554fkfcR
modified: b/4/stats
created: b/6/cc6k3jupgisn5l1tuqkng2jqptdqetiR
modified: b/8/e128cl0j5d42cldc48c3dsatqe9m96iR
modified: d/1/stats
modified: 3/8/stats
created: 4/d/7dcv3na14jk3c4526arp3gmn96dbg2cM
modified: 9/0/stats
modified: d/3/405v31ena3v7cgsggvj2r3p63bemmvaM
modified: d/4/9ed1a6phlgbkgn6mmv2dh4r5589033mM
modified: f/8/34lhq78ac41t5r6o4mj9jkmpeoo4bkcM
modified: f/e/7ba72t57kd9j6b6cptcagtghqsupvoeM
created: 4/1/5a4lni5rbe9c39la1mo75roujiori00R
modified: 5/a/45cegiqakdqapa4o35mci8m5ktk1hkaR
modified: 8/e/stats
modified: 9/5/e1sp7k7gbmk2uns9i45hgkevgr44ei8M
created: 9/c/247p1dcou1p0mqu189kpcf80n5t6qiiM
modified: b/5/b4lq05rmthpuc07ifbeiao504m0rjfcR
modified: f/2/stats
modified: f/c/2328mr8jksdkab7eirro04d0hjbink0M
modified: 0/e/f1eqnqu5i1gp4sob6lb4g5mhvlr8h0uR
modified: 1/2/2baim11d5j97q5disj839qqhs6nlv8oR
modified: 3/b/7d9cfm5ou3eci1etn7etuchdqatt6tgM
created: 8/f/dcseplvqot99plu70ltio4992lrf1bmR
modified: 9/2/df7ovopoafk4hflhe6a2gvemtjel8c0M
modified: a/8/1crukjk0b9n0afjciclh63e6v13she2M
modified: a/stats
modified: 5/5/80vlrs62aec7upq4omt0vgf0an3s6m6M
modified: 9/3/8b5193d24es9p00lsc3h6i59d7ae0niM
modified: c/4/33dpa2thh1k6ug1r88amshi55a6r8jgR
created: c/8/8481vl3grep67hb72jul0h717p698mmR
modified: d/0/stats
modified: e/2/stats
modified: 3/4/adai9g3j5obvq02nmcqmu85qebvi202R
modified: f/f/e4773t4r3rkrtik9evat81te78pr520M
modified: 3/3/652gjntmjs1i9k4aqs6cp7ejsvsicesR
modified: 3/4/254ajvob72r9dntn0ha29d45gapoir6M
modified: 9/1/e4ejlojecsarsl96i249esef8ns2uemM
modified: c/2/dfkp72mce6v6g3loqr7a33bh1vq8vg6R
modified: 5/9/86f0qcniddd2r7890p4hktrednb9ua8M
created: 9/3/5bgt2mk8vrgbjemk4ctj2lo47olluh6M
created: a/0/d9q72u3g44utbg7sjqorsspj0ftr3ncR
created: e/6/12oh56g1p0ghqm510nhttdrkgdpo412R
modified: 1/9/909a8ml00vcu2q8e5jmbk8r3sem4n6sM
created: 1/a/838j385056skloceciqkt73lqtn6b9iM
modified: d/2/423d5t44eglgi9698rd9ttomuic8jgeM
modified: 1/0/c9j63bs0qchcfps2kjg3e2snopa928mR
modified: 4/b/4fnnmkpb1mp4j062akmu3au14ftg68uM
modified: 5/1/08qno9gu6j6v5qp9fdeo8spv4u67ubqR
modified: 6/3/e2t8vsb4scajvchdh3e5dcs5q3fgbe0R
created: 9/3/5btfno3bckljqa36neka6ae4khlijgkM
modified: a/9/682hd3n95t713alfq1qssha8it165ucM
modified: d/0/794mq4dloml7m17n0fs515795lbd2iuM
modified: 2/3/stats
modified: 3/6/041vntdbv10ahkpaogdlaings20l2daR
modified: 7/e/stats
modified: 8/3/baoukb7vnheouvg67c4hmosae2v1p4oR
created: 0/0/b23umgh8kc3ahvmev321rq7spjld8tkR
modified: 7/b/64h2bmbqkhdohmlb7bdt7rqqfmqer7cM
modified: 8/8/72j964i69pb44pgcabqp4ia4naqkaa0R
modified: c/b/stats
modified: f/e/f8cif38n3mj4ratfmu305b0d8cjij54M
modified: 6/c/stats
modified: 7/4/stats
modified: a/8/5ajb6r13b5dhl4hu87fpl63a3uuluteM
modified: d/2/stats
modified: 0/4/stats
modified: 1/6/stats
modified: 4/b/ce4q9ogc6omifapnnh2bcv37h26qq5oM
modified: 7/3/385905rqhaqrjvt76rr11h5e5d56akuM
modified: 9/5/2986nqr8c1i36tr68lat30hbkv39r2qR
created: 9/c/babd8r3qstttks3o67u5sucpen7kgciR
modified: b/a/stats
modified: e/0/stats
modified: d/0/5570f9jpkbi8vf5647iajn85qpm8qfqM
created: 3/a/78tun2uhhtcat1av9917dtnvjlnog8eR
created: 6/0/29suk9u72ah8gpv9opcna9pj3vtgshmR
created: 9/0/e5q52r00vo7pplne3hoh224pfv9emvaM
created: c/0/e1kkhoiqo0rspfpq2jn4vs9lguqld5cR
modified: c/9/03660ojolca9s63sc3a9hoplufuu63cR
modified: c/b/98kghtd37onb7744u96brdh7eg0lelsM
modified: d/e/a3dmb1boipvd2kftm9uf3k01qrtu6lsM
modified: e/3/79jk6lo5p1imbppgiq84a0uslu42oocM
modified: f/7/stats
modified: 2/b/a6gc7hbmja85vu7lt0jsr0k31u20dlaR
modified: 4/0/99r9icb7hijbqdsb39jvr2c0ljd1fqmM
modified: 6/a/b133p7d1vmtlie0p6s010dif1p3jk20M
modified: 6/stats
modified: 8/c/5c79ksep7qffid23gjo8heg7uk5s4a4M
modified: d/c/68ag893ktqvh1ipl4kmqdpl4frkvd7iM
modified: d/f/stats
created: a/5/a4oio7ck7rs14u1okil5plo71a6irfsR
modified: 1/c/0da34b2ppf6rphfr46intlcl5p4bgqeR
modified: 3/7/04b18ubsba33icivi7rg35aojlcgbl4M
created: 3/8/06ukke5cvebkapu2tb4f6cug6rm63riR
modified: 3/b/a8ng4cp393oscvpfr3q3s7eitppnqj4R
modified: e/1/08goj4uq9cfe4q14241umgl70ncbjamM
created: d/9/96alfpob4cmleloh39en2aqj13to1k0R
created: 2/0/245r7t3pcq3ccnqukjh76s0qqmjglviR
modified: 4/6/stats
modified: 6/c/8bq10312ulb701bcujhi17epqriiqdkM
created: 9/7/a8sl00c1k0ehkjnu0nj9hher6h1mamoR
modified: a/0/stats
modified: a/1/33pp0a92bqbr9s31hugsrbg2jba8cbgM
modified: e/4/3ak9m4oon6t9r41necp0aket7u293k4R
modified: e/8/1d6sri0nrct7v4a1is2m2jbn47gdmeiR
modified: 4/0/stats
modified: 6/c/d9avl12rp79qenata1aibvs5j2jtn66M
created: 8/8/6c0gjgne22kp5s5fro0ei3tnpeegiagR
modified: a/6/stats
created: 0/c/63hdguqjc94r36u2o96d1mgj5h6dvd4R
modified: 7/7/2dlu4ob63j4nmhvu4a735fr8amo7h3eR
created: 9/a/60bj25ou9bkghveemcmr2jqvs5m1qq2R
modified: 0/9/1fjmp2sjgf53l96polltu8o3j14g5b4M
created: 1/c/e7o4f7lcnjnavi9tmtf5ia76rti2i20R
modified: a/8/stats
created: e/a/90qog589ep6t4s4ljm92ls54j1q144gM
created: d/b/9fjbo45v3j9dhp9hela5i4ka3pqc6heR
modified: 0/d/0dpqta7k1fhegvq8f5u5687rkeu6qaqM
modified: 1/stats
created: 6/f/a4rqf28saru972dsrt6a7t3vq2lena0R
created: 7/6/c0lsk7haviigvmoht7jl5ni5hv1qjqmR
modified: 9/3/b61ghrtrcsk3lul0l39k2cuu05sa35gM
modified: b/8/stats
modified: c/a/a5imq20u0k0u4327drtl4s88jenk6t8M
modified: 5/7/6e9t2ucm3plr37d5uvvcm59ohuv5bbiM
modified: d/b/ccp74k7lcub5o114nsotvja7lc5a02aR
created: 1/0/9a86e2r4o6vvbb2dsgd6djbel39t9fiR
created: 2/a/6581js802eougfsos7ornsbh2nv3ob6R
modified: 6/1/1dsearnntnueobjfa26mjmad0nspamkM
modified: a/4/4asaktq4ia14utf0iepndd29apsog7iM
modified: c/4/bbpu09aqbbicnk1k39pn79po50hlabkR
modified: 0/0/a0kpfssu1omcqngr1v6uetlh2d9tn5mM
modified: 3/5/f9g7q3d39t3ihfbm2hr0t27144ddjaoM
created: c/a/5dlfsmdjg2m7tqvnc68sjk3cnpvgmm6R
modified: f/4/664nv71t8ij0tgujt8rrrbbj96872omR
modified: 5/a/stats
modified: c/0/53o4q1ac818s4kma111qoevckd341u2M
created: e/8/146s8v2t78tpbd2794oj042o244gfr6R
modified: 3/4/stats
created: 9/0/0d3tcl0odfq2dqdkndggkdms9lce5j4R
modified: b/7/69ojumv2qs4v8ci0anfqkug2oksmsjqM
modified: e/b/stats
modified: f/2/aa7afgnt22mn3js0hj3l1ahbc4m9mk8M
modified: 2/8/stats
modified: 2/9/6d5rqrufc0uiq8nm0tkdjp3fl3i0a9eM
created: 2/c/d6spl7ufrhhfd9n5ml9ta5hf8dhcuquR
modified: 3/b/2dj7amh7ch7tnbckbcctepe572bdvlgM
created: 4/9/87v48prr90ggtggd0nv7736ocesvsuqM
modified: 6/c/b4k506rhckr4vl56ee2skiblnfl6ekiM
modified: e/1/stats
created: 0/a/f633eakojcvuboc22c2bdnbku5lvc36R
created: 0/f/0btaoqpu0959hb978baqtja1tbq98s0R
modified: 5/1/b50eb8gclsgrmljc9i6i6v8gttaur3aR
created: d/c/e6f6f6r4n2io4dr40ojd071kcp15hoaR
modified: e/9/stats
modified: 3/f/stats
modified: 4/2/stats
modified: 9/7/48s0o5efeuo7nifjle03272m7i650o8M
modified: a/0/2b62m4bhnr8chdivga9tthffdi8entaR
modified: a/2/51ss9u8c060af5ig19uqklhqsluht3mM
modified: e/9/bcnb9lo2fsh2v09qfjukkt1pv56lttiM
modified: 4/1/2aaggc5cb56dbvfgacufhj3limljrhcM
modified: 5/7/bet0852e0ahqgfep35j5bghdfp287joR
modified: 5/e/c0ubkb8t3pg3bfurmbkmqif4129b214M
modified: 7/f/stats
created: b/2/ba4ne154dop72v3482utm6pj5jgkbrmR
modified: d/3/c6nbsanun3bgqiorgr30jrm2qhkrusuR
modified: a/c/494kkc95qla4osuq6tih5qof1t9093eM
modified: 1/1/stats
modified: 1/b/a1ka2kkddo9morl8h18pb9fuf5911lsM
created: 6/b/6amd7ubpl0nap2mqrtaou2qc8kkkt28R
created: 8/f/fb6744md8lvpj717qrrpm8a3vhndi1kR
modified: a/0/63m6462uj2195dn4ughlkic8plqr9reR
modified: e/8/0fqma0gi7gridpm9fnbn743bqbcb202R
modified: 7/b/2d0d738ejojmfr7tqo2t016fd8locfgM
modified: 7/b/7855qsps6a7cecndcfqmnfjuk45pccqM
modified: 2/1/484104pk12b21dbn6aeudf2khjh136eM
modified: 5/8/stats
modified: c/1/stats
modified: 1/4/f0r75hss7qqqvhp2svmlsc94juglt1sR
modified: 1/e/stats
modified: 3/3/stats
modified: 3/4/5fsk8p6vv44gb1i456ni5h5uupvefpeM
modified: a/f/75v0ue65rdhbdr5vdpgsk7rglkl94oeM
modified: d/0/8boq1f1rpusp3nupenmfcsaig8v0mikM
modified: e/8/f15qk3nmj8u6anpqjs6kqnqh5idkio2R
created: 0/9/1cqdl04r6hc7h2725mrvltnkr8iukeiR
modified: 4/e/ab9mf9cv7va6ss21305ak8mba01cm7sM
created: 3/6/367090k4qb5h09q40vhfvct0q7mffosR
modified: 5/c/2bojm0hrtiakgfnhtnlfad2gl993dseR
modified: 7/b/stats
modified: a/f/23i8kgug6dd869a1k3rh9jc6v0fft9iM
modified: e/7/a10prhr71b0n3qskaif2da29uk13tq8M
created: e/c/46q58b7iu9ed8s8v103gdir7c31jq3uM
modified: 0/b/20j8ka0e0tdn6um3u19es15j19ao84mR
modified: 0/f/b7mua3iktisige17b854f4rumcnmmi0R
created: 4/e/b95rp1ev77qh36hh8sfce7los6jd8pcM
modified: 4/stats
modified: 5/3/619ailed93aj4ivvn18ispl1ptmn9ugM
created: e/b/b556ctm8l788srptcnjjofupq9uu0g8R
modified: f/d/7dj3jrtg5d40mev0fcbaja68dcbe4jiM
modified: 1/8/438m02beh3p2lap3e9n441kopsn7l90M
created: 1/e/200esq3siis28j7mv06pdrnjk28lip4M
modified: 4/3/8brs5p6divca03lqemdpmamnkie5ho8R
created: 5/e/f9n4toed1h5vv33kljf9e0uab0kkkbsR
modified: 7/2/8a7n0r4bpdvnpo2s5vuj3b57s7710r6M
created: d/8/fd3lbm1t4llb733580b97mqq3eb3ug0R
modified: 8/8/stats
modified: a/c/99m9fr39a6hrqcphdevaqkh2h8hlm6cM
modified: d/8/65cochd8j1np2opot60a1opl8hkg9ogR
modified: 3/8/f3mp6ehur91kjhi6qr13dqqsqv8qm9kM
modified: f/a/stats
modified: 3/5/stats
created: 5/0/a7dlnd921doig2ir5sqbiuvjfnva268R
created: 5/a/c0bmg5b7v68p7du4e4rungoi699cd08R
modified: 1/5/1965jvierb47gim6o21nmrpt47agg7gR
modified: 3/1/8cvnlg4ksagrqmg5blkmv4j6i9dpggeR
modified: 8/4/stats
modified: a/2/stats
modified: c/stats
modified: 0/9/stats
modified: 1/5/d7udiu8nvido909cpkhgmusk4saj1niM
created: 1/a/f8n6p8sskl1krdtev9511sftl1o5ktoR
modified: 3/3/5eu3ualp3gf5gfaqbero74tu5p5gfneM
created: 8/e/6ch16shc2ne8qv7rihs3jsfjuop96hiM
modified: b/f/98u924qjg4ahrrbnrtc7c8ovhusdjhkM
created: 4/8/a6o4dibm6epf5qkvgk3hp9vd2t3qaj4M
modified: a/f/stats
modified: e/e/4cgcf55ag7atpkjv9ldhn6efgir23k0M
modified: 2/7/stats
created: 3/5/e64vl1ff5hk1i74ke8tgtdpb78k8892R
created: 7/d/dbuka5j6lidkvrceish9p2uukirl7ikR
created: 8/c/d86akf2ceu738ib4p0sp97iuicluf7qR
modified: 9/4/be97ulbtp0okhfca3ulvbtef5f71mf8M
created: 1/b/a6cl842s9p0irgfpj1svkidk38ip77cR
modified: 3/2/6e17h9croklrl7f2hid3qtglcsgegmaM
modified: 4/5/65fuj4r850l4vcjkr2beikesfd5i084R
modified: 6/d/2elgtvldn76qgcdmqo3tn09rbdbnvuiM
created: 9/d/8575cj4s4t83pntamht456gnnbif9fgR
created: b/4/36cgf96mrnv3hcjg2v6i5eku9ecv5kcR
created: 5/5/1acdilbirjsqop3v1otmgdniruudj3gR
created: 6/6/a69s9aip86tjnveukp6ca14e2iejnegR
created: 8/7/11no7g6miun8bp9s303bhuf2j8rrq88M
modified: 8/a/stats
modified: 9/2/e0evoflueiap1oa0s1bo51csva8vg4kR
modified: a/1/stats
created: 1/0/d68a7bqegv1acsuvhs51k4chj2us4dgR
modified: 1/b/stats
modified: 8/f/stats
modified: b/b/dak664nbfioq5i6u6j3jgvrrsdqn8pcM
created: 1/6/4504b6bml2qpar7ka3o5iusi0m7ua2kM
modified: 3/3/87ou12ol3k3589ljabnlkbmt8ibbkeqM
created: 5/e/819lc69abfpuuu3g19dp7dhrp56ih78R
created: 8/d/e7e638i9mjovbr1ijgsik6a1o390cdcM
created: b/5/6a8gv3043j7jh2itvvrkts1ibu7m7lmR
modified: e/b/52bu7vtgveo6h4t2gnt48dkinqbght6M
modified: 2/2/ceandgrd8vj28sveeqiled47f49pvdmR
created: 9/5/545eqeoabghrj80vvomqh52da5dre66R
modified: d/9/stats
modified: e/6/ce3brcdbhojj6rcpen4ou0fsvrk23ccR
modified: c/c/stats
modified: 1/7/55dp2outqgkus7sab6c583gscj51f0sM
modified: 3/6/c8vkb3imrbodkkntsb95ank1vl8b4jeR
created: 5/9/eeqs3s5pu0ejmmshvr1v9ns4iafn4u2R
created: 7/4/fdob09lpvg6jhq0d25v71l4ch2s4saiR
created: 9/4/bfo7tkhn4fd1dss08ckcs6gtspovrjsR
modified: d/0/92e92lllf4aik3dn8kbc3ckufk1jg14M
modified: 3/d/94rabfqdi5o0rsv1mmsqc7ufaaqe130M
modified: 6/1/stats
modified: d/0/e8khbbs1ieot0oii0tjsb45r4l6saraR
modified: 1/d/stats
modified: 3/0/de4o9p7ljgquorbithovd0fp61n7n02R
created: 5/c/b1g2nul40muc4rabn1l4r21kaq07jmuR
created: 0/b/82ukji159us096m67iev9lr94o5l1b0R
created: 6/b/23qe6o8ga5jjpnjv80a48j7pd74ptf8R
modified: 3/d/8bevmfbp4365gcfh1njgmo1p4r3gmpkM
created: 4/6/2a0b1kp38fvnpm6ulekrtp9eqgv5ji0R
created: 5/3/beeiu290bsrng5ktn23c33ud7ttasagR
created: 5/6/73htr190cju9kipbncfcd5tn5j9o090R
modified: 6/5/5d8upl0vvfb8652ff7sofjgiroh6d3cR
created: 8/e/4ah5usakpm4lraooqj6rc6a0plhhr1gR
created: a/9/56q2enft13g86hi120hboi8vusb8tc4R
modified: 1/b/7ajb96eht6igjscqd7v7n2abroqj9eaR
modified: 4/2/97ap0nebl2ountlkic1nf0bjt6if2s4M
modified: 8/2/fcj14et8lld6q79kdgfj5jpgc2kniimR
modified: 5/4/6069t716ti5g29aqmn1kh0p0hofvgoeM
modified: 7/6/004pdn0mbvnnjk3eqpvnd6s91824nvgM
modified: c/0/709uignnc286bkp9e7951jsr9akse22R
modified: 1/5/stats
modified: 6/a/825odps33qjm8dcvjihc1psdjjk1o80M
modified: 9/e/defnolcs826997ta77u7qle6c7rqc20M
modified: d/3/6c2iemc8fu5ui74t9r3jm3a970isgh0M
modified: 0/b/stats
created: 2/f/5b99h4pogl2sconm5onkmbat28nep2sR
modified: 3/0/stats
created: 4/8/c19t887d5cqb00de45pd57hj7ncpl8cR
created: 6/a/e41rulgtib3efoiebs6i22qrhaj84s0R
modified: 9/3/bdmt4jdg3p7ij10rse38q3r7a9rdplmR
modified: 9/8/stats
modified: 0/8/f2l3nk17dc566fstg0aruk2borgo70mM
created: 2/0/5cvh9felk6u45rsavn0l6jb8rfog55qR
modified: a/3/57ovcv1tcaukncdk28uag1339b1s4o4M
modified: e/0/da9fpjlhu88mjodetaka48dq632d2mmM
modified: 1/e/a4ht37bvfa4nllp4tb4g9c6ng72j52eM
created: 2/6/24pnrulqnmpq33i2tqbf5thirdcg34kR
modified: 3/2/81grh7t5hedu5gqm6qkkq4l5nqls1s2R
created: 3/9/5d0d2hph8s8ok6e33m3uqlutoi24sceR
modified: 9/0/04pl0553r71saehku5sghn1ok0apjdkM
created: d/1/163bhhek3b856uetrhpv4nbn8q9d9hkR
modified: d/e/e80gpk94pdjqaae753rno1bjveutareM
modified: 4/1/stats
created: 4/e/eb5s77nt1f6tfov3grjvmk6b24kae40M
modified: 5/2/4a2038cakr5vqtl8di6su6jd0s3osj6M
modified: 7/6/87t84n8rtngvtqmtt78imvke38i2th6M
modified: a/c/5fuelmh8vbq2e1310t3muse94bv46b2M
modified: e/1/37n3n14v8glifcf3vc9diija17i4v22M
modified: 1/9/18klbhaqc034cmtmcquasf9nq6rauooR
modified: 3/6/50hb1n0sumdhem5irg6phnn0of3hbquM
created: 4/3/9fe09mmj0n5qqbhne7jt2p7ua0sgtruR
modified: 8/1/5cahrib0n47q8v8vao8kbkj060b86p8M
created: 8/4/02uq7jp2uq3j223vbfktqs21ihh2jl0R
created: 9/c/a67df25b7b3f5qkbkgvmqsba2e5qagsR
created: 5/0/e0j69vi1p2vhssibo5i3erb2jvq42viR
modified: 7/6/stats
modified: 9/1/stats
created: b/3/67ln5stmp4bt6rc7ju4a8q5r824ens8R
modified: 2/4/ebq8rtqmdhd2o2bcrtra916e0h18d4kM
modified: 2/4/stats
created: 3/8/d6qgfdqat6154ckropfp471m4hn3kj6R
modified: 3/9/3b83ap7j8u5ao9fihbpun49rgmc9tt0R
modified: 3/b/77oa8v5nblljv8ocfs85e23uftv6cmqM
modified: b/c/stats
modified: e/2/9b3t2s7u4g6ho524p0v65bopnn1dss8M
created: 1/2/153gk03b927ap5mod880lddh2j7p2ecR
created: 1/a/08vr15q9i05sah308nr6lked5qn78f0R
created: 4/2/85quijolak2qjc7dlnl0rjslg8vdei6R
modified: 4/4/stats
modified: b/6/2827ea9od2c92jqerljbk8p20gdtn66R
modified: 0/e/stats
modified: 3/0/a37ju56isv4lkkrrvtkorae6231nm3sR
created: 3/c/84tpcgh1srru319025j1ogas09si6kiR
modified: 9/6/b5s89ilhmglkhi0fi63udbvsqovh8teR
created: a/9/b781d0ucjmfq3bnd4omdqok2dd44j6cR
modified: d/1/04taj6kcc21stl9ma7aa1anv3h5nascM
created: 5/a/4e5lbro6msmhiajmerth9ofb99u1i2eR
created: 9/6/68t5afs26eqdh22u31g6tok2nb56np2M
modified: f/8/stats
modified: 2/6/3e0fu0ck4vnpv7ephbovmv02hegkl4uM
modified: 6/1/096228au4n18vein7s92nbofngrue84M
modified: 7/7/a2b8j9tpoh90uk91a26do77oei3io36M
modified: 8/8/24m07ovtdl8f9tah5jm3c39m2h6a4k4R
modified: d/b/fflkjq15snjld7lc1j61kj1p6t4h5ksM
created: 0/3/fc97thgc7hkbp1n60u38nn375t6g4tmR
modified: 2/6/84dhacsgbfdoj5kbirqu58lalt2jleqR
modified: c/8/5fa27oll9o16ofe8j8hrdp43s2to8oeM
modified: d/4/4a2ce4ifrtobi70dn185a6j04u9a9uaM
modified: 3/6/25duhvkk6s8ekffq0eq3fjm4ls7qn9kM
modified: b/0/63kgdb289o0rs05bo00qa8ntbcsn92uM
modified: b/8/63fkv3ej2d5g1m4pbjvgelf9fkb5nm2M
created: c/e/49lhk9154at11a038qg187gmiu3csaiR
modified: e/6/0bl39nojboru56bpmskhu4clidkg422M
modified: f/c/stats
modified: 4/8/stats
modified: 4/b/0cs1mhhsbqm25642sgmu1d8ckt11sucR
modified: 5/9/bfnevs84idfap6midchdrl49ouslseaM
created: 9/6/fdjfpl6c6rj8vmidog9mejs5knuroksM
created: a/9/37cebf9v4t4f54bfb6g4qcsjotboa64R
created: b/3/dfgna6334gcjg0ssvt4s1lh5au8bkpgR
modified: e/d/8ckpthaub2r1l5l4tb54da6mph9lktiM
modified: c/3/stats
modified: 3/9/d0angmrs0jdgnlafr8o99b7dupmobf0M
modified: 3/c/cb8endkhmljcp9lvm4g7j16jloa204iR
created: 8/0/3c93pu6mdc58im3trih9bdcgsmsoe8aR
modified: d/a/0171oj74rgpn72v7aob0kjromlnqbqgM
modified: d/6/4dqtp3p0cdlbhdai8fdfmdjcvjj19aaM
modified: 0/9/8c9enbll3p7sgmmqao5h53nhhq4iiegM
modified: 4/3/stats
modified: 5/9/153j0l2od43o65254a4as3pec0k92hqM
created: 8/9/abjgmslpimh6m0tu0edlo56ohomg42gM
created: 9/1/e09me0fdbiuphsbluuqg9ug29lhbdqgR
created: f/4/4b05u940tcgje9tbbf7n76fk32hugq8R
modified: f/a/a8oifk83fm8jrm0ots64ophokjeqh2uM
modified: f/b/stats
modified: f/4/8ce13nrls440jnftojd5iq5j5ee3kc6M
modified: 0/6/stats
modified: 1/4/stats
modified: 4/7/e1kikute3e5jicjrb8i650sm168pleoM
modified: 5/6/20ocd5fu94eeriql8s1jje7rkts4ob0M
created: 6/4/75i4glihdch0j27m68h2mlaci46n6q0R
modified: 6/5/bamdfdhvv6418f4jo6ur2tmcrb3hb52M
created: e/8/287f1kfukbqr2j9fngrfu90bbbpnamgR
created: 9/f/198ri288ahfab9qch2afq1mjb275tbcR
modified: a/3/12aaggjc0rl52j28hv0soa04a6schc6M
modified: b/d/3cga4m5r21pt9seb3r7d6d84g05oplaM
modified: c/9/64k598ob90emud2fcjh0g6p1lld5f7qM
modified: 0/1/f5eu9lh05294kkuf7gq47hstigjo4oaM
modified: 0/3/ec0k1ur1rsdf7k0dkd4lac1o0d7cmq2M
modified: 3/a/stats
modified: 6/6/stats
modified: 7/3/7f0pe8g7bqu9dofe4pug0ndp0an81dmM
modified: 9/e/e7u53gl6r2kho8renca5maj188s4rliM
created: 1/2/69emgpc7cc863eo222k5vv3oa699422R
modified: 2/0/c4k78crc73p6h6bm1be5c1rm6o4ck48R
modified: 3/8/57a489s01ju9ch38tgl3q93d0oemfroM
created: 3/d/aemai1hs6h4vricoa8a8g1i4r8rd3hsR
modified: 5/6/f89pk1vb6ugte6jkoqmdfbn761r2ouuM
modified: 5/b/stats
modified: b/e/cf35ta4g80rd8ffvascs54db38tnua0M
modified: 4/d/814htkto0a0bglu2bu2v95jjgd9futuM
modified: c/9/61r4ctkdb4qd309eq2uotlqb5o918boM
modified: 1/3/stats
created: 2/5/06bv2tcf9buarm5v2r6pmfc07agd616R
modified: 3/e/stats
modified: 5/2/stats
created: 3/0/d0n3t0ohi5l89muulcv5m4j8ibn2nf0R
created: 4/d/f0bh8uk4qhqg6t20htgab4olfvctttoR
modified: a/4/c9s9fmhehp23cs6submegrhqfccert0R
created: c/f/abfi13nokfmjqqhdd9c17bjnck22gsgR
modified: e/e/stats
modified: f/5/14pvaquv4rblokkjqhniq9hd201n3h6M
modified: d/5/stats
created: 1/1/22uqq1apon688cq4vf4phgcqpii47jgR
modified: 1/a/35v6666dpe9in902t5hltorq7d90e36M
modified: 3/e/7461qqm6e5q30cp8nfq8tebgnrrm800M
created: 4/e/05ocuoktj53omida9d120hji230t444M
created: 9/3/b4nu8flcthgi4bfo45qpqchcvjkvi3kR
modified: e/4/caej0e4vgvaggu6gahpkl9infkvpktaM
created: f/5/28tpdh78b7n6uiasgll8v2gv2ph2p0cR
created: 4/8/c8urcl2i98ks0ft58fr4subleekgucoR
modified: 5/6/0f0bkubq0jfopnpbbprbbmd297r780mM
modified: b/3/f8rvmftglrf3grafb7e8dngg90r3pomM
created: c/e/d4lar6di2khtq64em641t6ss56lc70oR
modified: f/4/18b0u2dmgdftspphul5fi80thhvmbmiM
modified: 7/9/fasmic9u81crd1bm125uv4bjl942avaR
modified: 9/b/edd3jlat8c29u7aoc3gbcqi6ufqgu8qR
modified: a/3/17r64p4famklufpp2mm7hgf0iqu0n0eM
modified: b/f/stats
created: 8/4/642glh6s3vu6vvenfmtflmk0l3oqh5eR
modified: a/5/c5qfloruo4para44f6hfk3lpgutkrr8R
created: 2/c/41ua90h1i17odam8hj5dk1h0mgoc6tqR
created: 8/a/23e4s7sqtn877q4ofa1vuiuv1r50rekR
created: 8/d/81eh3s46nnfusfnnnh256860frkh7p8M
modified: a/3/stats
modified: 3/6/6c8ouml0ara7c4q9lkkv1t51i4e3rd0M
modified: 7/8/87ci5hqg7c3975rek4ufijk1guiqluuM
created: 8/8/c90lsftnhbvj1pv0ij35lr289op2ndiR
modified: a/b/61tjgrgkbdhu1n0btpn08h7lo3942sqM
modified: e/a/021m71u7he8hghakomvh9i44st8ri2kM
modified: f/8/801r0pauf4fl98cket6g8has7e491u2M
modified: a/c/f9sjjetdnn9cmhitdtsri8jsjb7196kR
modified: 2/0/52fpf4qnd20i4sg91qdivaia0oe75m2M
modified: 5/1/e91u9nt2n5g3qait8a7kjtva6s9quqeM
modified: 6/1/e5s0prfonv1cjljm6pjni0j0db8nd08M
modified: 6/9/stats
modified: 7/3/79cf5d7qg2msj75ttfgbapg3uhonprqM
modified: a/6/97r838eqioi1gttnkd2k47vohql1vp6M
created: c/d/f37nf1hsebm5f84pmgjf24qu2vqbariR
modified: e/0/7a6vrnago9a8ounhrt6h9rngbjrm2bqM
created: e/a/1aopjrn0gfgc0aj2relfso227b8g05mR
modified: f/6/982kbd97g80aefacrijesi7ms8d2ncqM
modified: f/stats
modified: 0/f/stats
modified: 2/c/24bsga246sbpbv8mtsn6lgdfg90pn32M
modified: 3/f/1a8ln7kq4rasihbhg73m6fb3uvopicqM
modified: 4/1/50a3etnttr7ouk5dvq4dbfets8pd7dsR
modified: 6/1/86hpcpi07uv5js1f4mi5gfpd0qdlj1cR
modified: 6/b/1b1lpcfgm4fanrfru3amjjtdih8br6kR
created: 8/c/2fg9rmc7t6mfld7pavt9ro2ii1sds4mM
modified: b/e/4clf2rgbi47r8n53vueg3ilfj9e9kr2R
created: e/3/dashf4ph6vtv7mqdedmf7upb8ee254kR
created: e/e/a3hffesd37ile6467b0r1vai4vtn6ucR
modified: 2/b/stats
modified: 6/6/6bd0u857hrmqsdmt2b32lrqh9csepiaM
modified: c/4/93u5ddhmasrfmpa5170ppecpeus8j8eM
modified: 2/3/a0v3g1mnvl3kul77quuuvdnfvcvedosR
created: 4/c/537j1b0g0tgj5p515bmbn8poj61chd8M
modified: 6/2/ea7usveqdgdmge6ij38n1qmfnjq5qi8R
modified: 6/6/0foumvnr91evv9rdrbig5eee481uaegM
modified: a/9/cdka8arti6btcn4bsn20okff0ahh99qM
modified: b/9/70j0dhgsooct12pfa9mkb21bnv4169oR
modified: 0/c/stats
created: 2/7/d31rvpdov0kph9d5a4s3l7ip06aen7gR
modified: 2/a/stats
created: f/e/cedil0hhntam9hv3oeidecjls81j5skR
created: 4/f/2cmdoqu016i6dp2ghf6fk66ta3mj21aM
modified: 9/5/66t5id32jbm824cvn9us4q1moc3mthmM
modified: a/7/stats
created: 1/1/0ev58pi1njmd2tsn81si2321jnjnsfkR
created: 1/7/17adehhlj9jton9bqds5eunc3tvr2quR
modified: 2/5/stats
created: 4/1/3fao7d79avdckpn19ujgdom3vp0v2aqM
modified: 6/0/stats
created: b/6/c0n0bt7lh8nf8blf8le9se4chdb8f08R
created: c/4/6f9olup768695u1hmsrs3d8a7v72kl6R
modified: e/0/e2ivja8oo2l3ag60g27tc1bqhio2il6M
modified: 5/7/stats
modified: 6/f/6ck4k87cqevlj9as5crum7nrti32sheM
modified: 9/5/stats
modified: c/9/1etth0d81kr33u1l3es6pi71b4vpma4M
modified: 3/1/11r32p8erncjrk1g41hdcdjo61nnt8qR
modified: 7/8/stats
modified: 8/7/56fou6prupp6di5ckcu6npat35t5fpgM
modified: c/d/stats
modified: d/1/0cbah3q0o801u77n2ddf49j5je36rjmM
modified: 0/1/85b4m8fqpit9n8a8bp49o5gr6tpr7kuM
created: 6/b/3916b3ii5gjnmvnkpecj2rb4ecneed6R
modified: 9/d/ffep4ctb0sfgnhmpvhqdfkhs9jk389iM
modified: b/d/315a604fp9evokfbg3e27t9o5ni4hseM
modified: c/f/stats
modified: e/6/64hnn2puu03qs52ahn71bv3phch285gM
modified: 2/d/stats
modified: 9/1/dfq13gupnbb1s7o4qf6i9b047bnde9sR
created: a/0/e5s4l153rf13jn77e0kt5ocrkojvb74R
modified: d/e/8ciosrqorq7omldhf2hh633nht0gvg8M
modified: 6/5/4aau0uv1gmtsvja1345e5mdrekuib5oR
modified: c/0/stats
created: c/d/41hjr84312vae5lrkjdq84equqngbkuR
modified: 2/4/7dj6iaq9sjlon6tb0u9lito5n9v9lneM
modified: 6/c/64aeh12icvb6n5psdg7spk926qg1dbcM
modified: f/8/feenlkmjlbnt2u60kairrnb45n3i3bgR
modified: 4/b/stats
created: 4/f/81jh1qsvif2cibm86skp9ksileq9ue0R
modified: 8/7/434qnp0im1s48pot7bsurn8e8c6h6uqM
modified: f/3/stats
modified: 2/0/cafr93pko090kn9ps7tlv3n5em8idisR
modified: 6/b/stats
modified: c/1/95bb66suu6qrfsa2abbtm08joe5hjraM
modified: c/4/280ndji0bo7q2pihmeeasteapuqc8isR
modified: d/8/bf1fbevol0lin03nbau046krvn6v3c0M
created: e/f/d5f2elulgleirp3pi1sikqodn4eobdaM
created: 8/d/68thkm907f336atrq8n1i0gsf7q0lraR
modified: 9/4/stats
modified: a/3/c4vpf7pajdn994virc2na1em0g9d73kM
created: c/6/0fc6fbf95f964gd7cnfhvc3a0l366k2R
created: f/6/f4ccgpimgd12uas188af7j8l8kaquc4R
created: c/8/82elsfbjsitcecicjg6f56eviem9b0sR
modified: 2/7/f472tbf4seshqbtopiqjb6k47q10vkoR
modified: 6/a/60l11d8e83igk5ccjlv3p5357jp5uokM
modified: b/0/b4ol94tqqfcqenfq870v6fb2pagkd86M
modified: b/5/83rs7c3bdeb05q9h9sntiaopdij27e6R
modified: b/8/814m7ebpor12p4m3lek6nu1f0o6ufe4R
modified: c/2/stats
modified: d/stats
created: 5/6/50668n5o3opmnnjqr1acacavhcpjm0qR
modified: 7/e/fd6vhjjdl3gc8rcgn26sfsj26qjbkm0M
modified: 8/0/1b137oic00tiae5frbo63e2qelr45icR
created: a/2/3c64bsr0157jdhd4gl8mrboifj3bmuqR
created: b/7/da7dsk858l51i9ihdlrpa1k28a97da6R
created: 0/f/29fcvks5m2c86u0kdqtahja8adothboR
modified: 5/6/0du42s93ouskbht9sm71thq0q7c1s50M
created: 9/2/305mqji7jmlqlo59aokrpoh09gtdat8M
modified: a/c/d6v0o5e0li0gega1rs0l7q971ukmkr2M
modified: e/9/fbfm2m8m9md80ofeqqeco9a1siqqd0cR
modified: f/5/2finmla01djs2e8oqk1ok3upukqek58R
created: 1/e/29r1b0e6t3nqc1edi4l1j8fbdrlfpp4M
modified: 6/5/08uanmj8qehe0mdavts23o4dqh5gddkR
modified: 8/6/stats
modified: 0/5/stats
created: 1/e/73ds2i8rujpsjrgctf7qe8p12ub98giR
modified: d/5/cdj5hn6jr4dkkgjjjeia3nb9ipvuinqM
modified: e/1/38kgujgarmgdqcirmc1v9lumgtbkdmuM
modified: 0/0/stats
modified: 3/b/stats
modified: 8/f/8a7neq5viihlrj5p8tfj3n95rtc083uM
created: 9/f/a370t27s22fom0cgeoaote8807rsjriR
modified: a/8/fc2qm1gqn6l3e57p7gqgeckct39cvk0M
modified: b/4/3bfa2kt0ssb659uo38ia2daf9ol7traR
modified: e/4/stats
modified: e/1/4av6v9s1he4lgbitmnk0at2t14ndgleR
modified: 0/stats
created: 4/4/2fm89as9k76cbsjtud0gk4cugs7ctikR
created: 4/7/12goedh79dh4koivd6q266o1u3i1bt6R
modified: 8/0/3b7131c001iddvhmhocfp63ngvjlfpcR
modified: c/e/stats
modified: d/8/18rc7l14kbkm8h8dnu09o2rvjjp2nc6M
modified: 3/1/f91unvjtfbujaq0drf2ejviutnh7mg0M
created: 4/0/bc0kd7rap7k2mq07vhlhh8ujkdee2jcM
modified: a/5/1bp18cn48rc9511vstcef7q368sehk4M
modified: a/c/stats
created: c/0/22nq7b3novo0rcb64mes95iuubmmtj2R
created: 1/4/5a1o8lbol2ktulnq4kmkdec6929r100M
created: 2/4/97jlsng4sev52ete98he15t5g363qvuR
modified: 3/stats
created: 5/3/a1mlis9e66fqcjpo5n6erd1fhn4ipakR
modified: a/0/fc7c2ptbrj63lkqav6aas41v3v2v0qmM
modified: e/c/58le7d950oe50s0t15nffkmq1q8rd7qM
modified: 0/f/eagftumopoch6q71jqag79etpkut99qM
modified: 9/7/fara95tob5jv9njmdesjkrnnpuio8loM
modified: 0/2/stats
modified: 2/7/ffj338154htuteiuu10hr2uloo6fi2qR
modified: b/1/stats
modified: c/1/2fenc71eavnqe30n2ajdsm4o1cf9ut4R
modified: d/4/stats
created: a/8/b00i3qioce0l7ah5ovfhmv4amqu45lcR
modified: 0/9/a8nhaa7eo5o70kadc1mlt470qkt516qM
created: 1/1/d37u8goambtruaddn7sqc4eeunnikniR
modified: 1/2/16ebb6d0do3f0mejv5ebtfga9j0d416R
modified: 1/6/69qtc6sqbqbkirj3bm1msu2lv7l4u4uM
modified: 1/d/3dh8isk6svof9f31n4tbdt721hdemoeM
modified: 6/5/2962j63gee1l9dv5jc28a6hpjes6k0cM
modified: f/5/94ni1e8scjpmqobbg1je6rdrmqm4v56R
modified: 9/5/682834of7iq5cm5apvdmneb67grelcaM
modified: a/9/stats
modified: a/3/2fjm8nin4ink12iinctmf88a1pq7uo4M
modified: 0/6/61ha1bhuiknlnfsjsc62buahqtk7cp0R
modified: 5/9/stats
modified: 6/a/64p416e7dekjt6ku0o7hjkfvhepsntiM
created: 8/b/b47khf0p44vml25o8o7v3kunajh1ufmR
modified: 9/2/85at3s97no9gcmqgad9bo8rdaatmub8M
modified: c/a/45jaag243ft1psqktrjeu95pb493p7mM
modified: d/2/36a7a5fbcg7n73u9og5heg79ajssj52R
modified: e/9/2ebko5o5cku5eutbn4g32hf3anoqe5uM
modified: f/d/stats
modified: 0/5/38jd628jt5bon7jgomdi0e74hvla090M
modified: b/e/4124i0glq5avevm6efn4vfcglb4qadmM
modified: b/stats
modified: f/e/52cidr0dnj6g7658htpbnvsfnhlgsdkM
modified: 1/d/96rqrirvsoiq43selrjr65glfeq65e0R
created: 1/d/ffpdp3t0kbgptqh9dgjl0g0mvu5ccuoR
modified: 3/b/b9jvupqiq9ps8hclkro9huqpbca817oM
modified: 5/4/d187jlmt6vmmc4cqu63k95h489o51fgM
modified: 6/d/7aqgspkd29r3lp556vtva25354psscoM
modified: a/d/stats
modified: f/c/d21170ddtst3s9sl3m5v1v7etsnriquM
modified: 3/2/stats
modified: 4/f/stats
modified: 5/0/7c02priokpdrl0ovrmmm2vio9brctqmM
modified: 5/e/stats
modified: 9/c/stats
created: c/6/276j8rapildu915pfnoffa95081f6oqR
modified: e/3/0f4dh14s5voore28ucsj1c14vq01aaoM
created: 3/3/4dhbuliajprtb7aanqbp6cdgn62g82qR
created: 5/1/e1np2ff8kmnvlgls9fj4nrt78l572teR
modified: c/6/stats
modified: 0/4/7d4l7d52ofhssm5rdiko7e94fgmcu42R
modified: 0/b/d3ciugj6vhd7ei1u5ppkevlcfj6erp4M
modified: 2/0/84manl1g0hjn2f1ffim3j87hhjsq0tcM
modified: f/0/stats
modified: 2/e/stats
modified: 6/6/744g8u0cn5mskkhp0n4jnege78bsiciM
modified: 7/3/stats
modified: 3/d/abtp6o7q0ju7lu9rl48gh0pl0junbbuR
modified: 4/4/2ae28ucj1hra1cgguq9ig6b3f9t78bsM
modified: 9/0/00mpijbqqs24fg5t3kalob3t8272f9sR
modified: 9/2/e0kitvgoqu504qn7n7rcutk3sbeup3gM
modified: 9/8/22775iaqc9lg5fe6v82makb30guaqluR
modified: e/2/bcrtpgsi65v7o4bo05udfueu3vepsk6R
modified: 1/7/10ekdktetlj6tk0cpiai6aun572irveR
created: 4/3/94357r55unv904ca53j8pf2s7rbul6gM
modified: 6/7/e8a6lo1471pq526klq47vr7vi4ehdomM
modified: 7/2/d15k90gmmna7qma19v2l292f95f8cikR
modified: 7/a/d3tujvh770q0mi5j5lj0919al4inkjqM
modified: b/2/64dumrn0palt8o8qd3d0uhjcciveqc0R
modified: b/d/stats
modified: 2/7/a35bv8br5hnr8t5sksr7iugtkk4jtk8R
modified: 4/f/1b9n805aijtov6fh8suuos017teb26uR
modified: 9/9/8b2pqka6hlfpm09o36ifhc8pe138goeM
created: 1/6/649vr0rk52cale6hmpt9po54ii43kqqM
modified: 5/d/stats
created: 6/d/790o38bo2651ledns4m1jvp6dv2il30R
modified: 7/1/stats
modified: 7/f/0fsk72k4fm655rhma4fru4mql6rp0nmM
modified: 9/6/stats
modified: f/9/stats
modified: b/8/e1hdd3hn75dk3m04qvcriqki68enapsM
modified: 1/f/stats
modified: 6/a/c9mlnk7tcnldpi8lt37h8pc10q0m8rkR
modified: 8/b/stats
modified: 9/1/d48nujnmlar2hsrebfb4tq0q7b4bg6mR
modified: f/b/b5us68trafgl5e46prsa5pv7f34h262M
created: 6/f/4bsnfo6t5nbjk739h1t8pub26h2tq98R
modified: 7/5/45gu6so9rdr3g6udr7kjdtecu68ho8kR
modified: 8/3/stats
modified: 9/4/cb932jrbijqvn871cfmddt08fqjtsueR
modified: c/9/fdffq1iudt6817p1kh3ai2rnpj2grm6M
modified: e/f/6bi00br992pbqfu3pnu14g53c3nj29kM
modified: 1/5/c6ebib9t1b6uindgjoeke0m1ui7jq70R
modified: 4/8/a8opoeidqh9jtt65bf4n6j3aanp0dgeR
modified: 8/e/f6gtio7gfor53p5q4hcseegumcesfn2M
modified: c/5/f54f1s1flnavpkj2297e03l0fgmfqb6M
modified: e/4/b642tbud1tkordiuhkd43543q0oihugM
modified: f/b/0116eteaccohpfjqjlkasb58msolv22R
created: 1/6/167oacm7o85tua9ia79rnqc28n5rdloM
created: 1/c/77h5igirctrr8h6pfetnct2bevcr20uR
modified: b/9/53uknjinrnldrnc3731f1l29ov4jh3gR
modified: 0/1/c4pou69kai3d9q401p3coa16csupckoR
created: 3/b/6aaev1dcn1m7munbjc0hhpi25po1st2R
modified: 6/3/5ahovsqi7h6um2sopav4c1hpve2tp9gR
modified: 6/8/4f13bsnfdft07od4g549q7ahsmgdhs6M
created: d/b/fb7v9a738klma2e23hbbv3pt2lkl0g8R
modified: 5/4/stats
created: 6/d/8466ad41016lpu98hrc0i1r3u1cs246R
created: 6/e/3fgn4cl4s7vganrrr6ijb4q4jlhdipkR
created: c/4/a31d7g4qu6kbr971gkq7ph71uin9etuR
modified: d/1/6frvqlv9eeacav3nl5000el0ifpfa8gM
modified: d/2/edn351hb1ldakc6n5hldtpfddlo3c0sM
modified: 9/4/4c71cblri3fvonei5q7ebae76vkooaeR
modified: 3/7/53q8h35sh8ul1kujjm7ol85smagici4M
modified: 4/3/1f7fnbmf680nhb63ku3a4dru3h0t1e6R
modified: 4/e/stats
created: 5/8/73o3iqgkubn4q5o2ushbpjsvgtksjr8R
modified: 5/f/stats
modified: 6/f/16hvfcncsfvegpbduta9eqp574ghaekM
modified: 9/0/a5hbeemjo4p71cpsuav8ufu0g5t1i5gM
modified: c/f/c2nl22fo4u50o2ec2m63albfsmodcvuM
modified: e/b/1alj9p7gijqp1pe7o2p4akvaeng2tukR
created: 1/4/55f4ms5s860njf288htknos74v7f3nmM
modified: 7/2/fcpm8h3nrot2fuhi4obmuml7icjemm4R
created: 8/9/8cqvgjrh3t51q6g30hikuptrc7bgavcM
modified: 8/d/085ru5s8k1u0edejd46n1crvkcb2352M
modified: c/5/14qadr3rkr0j3lpvbqpjhpmm5fjldccM
modified: f/1/d21u4qam2517d3j0v80q7apqr66pcnmM
modified: 2/2/805s1jkv6bm6696k6cufm6k4rj9kmvaM
modified: c/3/87c1p6d31jabeh354hrev74rn4s14nkR
modified: e/e/e26f2k792h5f6mfb0c7i9thsgjahu98R
modified: 2/4/9bvjeiirnjdto23t4iu9ekc27n4ch9gR
modified: 3/1/82aku3s63t8lsckv53oa41j6kfk8450R
modified: 6/f/stats
modified: 2/4/98hnieqkqic0eopmstjnnu7t0vld6iiR
modified: 5/3/b9irqj8un4tsl2l1664m49kll39346mR
modified: 8/c/stats
created: a/e/63qksu29rt9p32k75lorvg4hot49pt4R
created: c/d/f46rjbdt8a32t1qt85spubmlght43ouR
created: 4/b/2a1tuul7qn6j48o329o2fpqcbcct68uR
modified: 6/7/c0f3fvut85na89f2dqt0ktovq3car5uM
created: e/c/6aglkor5u2gjal7iajb1ma0keri8naeM
created: 1/a/3fa9nif48nef7iise34b1or3dhqr8lsR
modified: 5/5/ddn78iofehe3dt54hl5gs2bltk9c26aM
modified: 7/9/stats
created: f/0/ac3q22h6q4a99t71ggd190qdh8n106qR
modified: f/1/stats
modified: 2/1/3dkisbiun8suhd6i53d09m8bnb0v3leR
modified: 8/7/stats
modified: a/1/2cduho39okjs2p9kafjo0bghlvchtgmR
modified: d/5/9aq4pftoptgba4cspiv72joumok740gR
modified: 3/6/stats
modified: 6/a/stats
modified: 7/8/43bieis9s3eodg5su46n67gc0o86pfaM
created: 8/8/867cb3k6ar4c858oridpp40mbsbhdlcR
modified: a/9/58gfovd04jh9iqiij025ia30rdn5mbaM
created: d/b/1fimu33hsmuogfo1ckd9grmvel6eitkR
modified: 1/7/stats
created: 1/f/16u4042uio7s82dgamd88k671gv74m4R
modified: 4/8/cd069qt02lm0ld9g8hpte9amdgh179sM
modified: 6/4/6ad86gbheb9ud6tf4rad3mikrokblqqR
modified: d/6/985fm30tqnb1r2339tkdlpgilprjnvqM
created: f/e/e1n8bluj83uniiulja3cns08tb9b3ciR
created: 4/2/das8lmica8p83srfmq3smiknn5qlo8oR
modified: 8/2/stats
modified: a/4/stats
created: a/f/1edn8okl84hth11ern0rjb1bpurmu52R
created: e/0/3el1divv2th6fbdoru034soruk6ujcaM
created: f/7/ab67i2vvdeiqpchstr7mo603ore72oiR
modified: f/e/stats
created: 4/9/fam976neibe88lj9q657m1ipfl0kgbaR
modified: 4/a/ecang4nr52fnal8ed0ou7a39ds5if9aM
modified: 5/4/b8od58um42gh6a1fsgfmlt3bhndt0jqM
modified: 5/5/8eeate5l1fbm34sug81m2hrq47c3hfmM
modified: 6/3/5ddo6o6s5jkd5lvk9ra7jidphohm820R
modified: b/b/33i89npcer9hf3nb8j5h5gm1bpd4tuiM
modified: e/0/72cglod47uml7kjv4u3g38i6n78i5iaR
modified: 3/2/027vmsvl776qc4q8s1ahf2o9ovh6nsaM
modified: 5/6/8dipu3omne86p5t265n17favrpesf0kM
created: 9/2/6999iamcbsns6uci97k9roogd75eac6M
modified: f/1/3boq84erg52p9irvnkju0826mr0q19iM
modified: e/6/f8af2e0see8f6i99v3jam64tu1q08vaM
modified: 4/7/62ddjs6gphl81mnsrvl7srndranmkviR
created: 5/0/8c6hgv9l7uaudhri2d3cdj1qc1biivmR
created: 5/9/8e3hhenuu2gsbu3tn1vm7auk0tibf0uR
modified: 5/c/stats
created: 7/0/72nvu5bbpl396muh66350pahn3lm0umR
modified: 9/e/stats
created: 9/f/3bfektebi08d1gjqtt9gbtuaqcmssdcM
modified: 2/e/68b81gko1dvdil3ua09jl9dg8c9agt8M
modified: 5/0/bdjuhcitacifcpnhb1dmn8aocgvs7luM
modified: d/b/abbb6rsfbocqa0sjodh9ludltshc2teM
created: d/2/de29vk1h042mh5s6b2pmpdv3b5pq7hiR
created: 1/f/d3s176pktt7acrog17ocjtsn5tql19gM
modified: 4/9/stats
created: 8/8/514gtk7d4ovau63q5taqg29c8cjtl7sM
modified: c/a/stats
created: 1/d/f3a4csf962gurnudqkjec127h1eh8uiR
modified: 8/0/05jme2sa24ot5lbrcja1rpnj27brsbkM
modified: 8/6/deu394b84a4sds2u856f41c04419ptcM
modified: d/3/d7giibn4338o2v1itn3od798qhihdjqM
modified: 0/3/stats
modified: 3/9/39srm77e3d6k1gbnh5b7r84hr0td3huM
modified: 4/f/eev24l48rj65gdim7lsvl5is4bajefgM
modified: 5/5/1ep9c1pojgki0gcu9ngm7iu012b4vfuM
created: 9/b/0bs7mampvv3kmafgefe5qk3o478p0kaR
modified: e/6/feq8suvviptrttt4fsq42papaj98lpsM
modified: e/7/stats
modified: 0/8/stats
modified: 9/b/stats
modified: b/3/54eu2affkgqm3p7oeu86qmc2gt3l1cuM
modified: b/6/e11hqvpteah44ju030i4mpf2rog0t4mM
modified: c/6/12e44vvpcg5hicuqtlhcnsjgd05prl0R
modified: f/2/06r512617b6rkovh9d1g0dc64brcpp6R
modified: 3/b/222rhm1eisg5svscoc307teq6d9ss3qM
modified: a/0/10pcf2ch183s2ma5r90km9ng615it8qM
modified: d/0/6b1jiikos3bpbq7inhaqbcsef0672s4M
modified: 3/c/stats
modified: 5/5/91upl9g7h7cc5u18cbue913ml19ggeiM
modified: 5/e/1a6u486sag166htcqh1d2qgqqbla4goM
modified: 9/2/stats
created: 9/4/96dcp18nq0hg4fb5qv4c9dkcn09egb2M
modified: c/5/stats
created: 1/6/1e0udu4gn1sf4em2l5rk0nol10mi636R
created: 5/6/aerdu7p4aee5hsk45g6d3pf6fhqtp1sR
modified: 5/7/4cc8djqpcehrlrsnh3o4e9v21dt3l0oM
modified: a/b/0dmadmpvu3dk57o74movrkdra41d4n6M
modified: c/b/1ajvd1s2np329nima8c0n9th63ui526M
modified: d/4/f9jsaoohraqmo7lusgvug26n17p173kM
modified: 8/5/stats
modified: a/e/be335j58pdo0dbrd5j3d9h0219mj9f0M
modified: f/6/f7mq0l7e8vn3vtmkles6pkde7n983lgM
created: 2/9/d69jp6perj8f667po6cfeel4tevj5emR
modified: 9/6/2di7ihmgi5ol83q1q3a9ufh8hd06rbiM
created: a/5/10lspq0a4vfmf45dhfqggs5ugo6qg1uR
modified: b/9/46m8il7svjlr7uji24beo15hd0gf9h2M
modified: f/1/95sl644kmur4g7kkkeg4t5hm701gs3cM
created: 2/d/dfga3itt3u9el119ttqpbqhfvasbp0cR
modified: 7/3/948j4i4ecf5b6igkr37o0tto0q3q1b4M
modified: 7/6/04sc29ujpkv4sfjouhegabsdkb2tdngR
modified: 9/5/c21p377g2r3rudno0kig1526fu1g1juM
modified: 9/a/f7ufn7ek814tml90jviio4ga4e9ubloM
modified: e/1/26lcqpj8i6q7lj9uucuggbj7ua60o8eM
created: 4/e/5c45itcaiu11a5sbqj8fjn82o9r4nliR
modified: d/b/stats
created: 8/0/d9iua5278a7hj6ne8as4c5o6l8l2tmkR
created: a/3/feq12vgjaatk4qlpbj8m8e02et06d52R
created: e/f/31j7esd7t44bcmuehbv5k55ekfevs9uR
modified: e/f/c6fpecbvg84qpfi6p1mjan5td2e4q3sM
modified: e/f/stats
modified: d/2/3c0joo25cd7msr3eld0pdaen226kh62R
created: 1/e/c07baseiahr44e8ie6hsm8n95bfembqM
modified: 4/a/stats
created: 6/7/52j5d0phvghs5jr62q8jro6a80vaj3mR
modified: b/d/af0poibid5j2t205i12bbnplmu0ag6gM
modified: c/9/stats
created: d/d/c6p9q98p2o6u2qgkq5sbqj8o0hitfigR
modified: e/2/c8kqkrd75jpmf2uba4ghk1pp94b8gq2M
created: 1/c/22p3d5ht37lim4e7c1gljg70p1n095kR
modified: 7/a/stats
modified: e/5/stats
modified: e/7/bfuhg9hhn6uoas9m54q85gim6a8po1cM
modified: 2/3/e16su1k6hnabhb3sdvdjetn6smej8oiM
created: 2/6/f5gmh6g5je553f95jpr4kia2fbtrkc0R
created: 9/c/e1tu7v7hvl295ed4b37rq5ekip4bjcqR
modified: d/8/stats
modified: e/c/stats
modified: f/7/e6rq2cfalqav2jm1k40cuuh8k3cdpoqR
created: 5/e/5ar4i2n0v3bmuehmr7o0t3o53col4liR
created: 7/3/93slch6fdv0pientnsr3idic594fgi6R
modified: 1/0/85tka630jqoo00eeolaof3h88qcsueoR
created: 9/0/a8e0nq7lhf0p0aipttk36opch99d0taR
modified: b/8/68ossnjbsm98jn4mqip8tpj2cbiid9iM
created: c/8/ad378mjie5248l4s3bbgf2b2cpu4vjsR
modified: e/6/036pe2e09rn5qebf15dhmjsfg88hefgR
modified: 1/0/61fes5jt40ddm11bf8tl7bu8cic0f4oM
modified: 1/3/a1kb4od2rredk5oq9gnn1ar000f8utmM
modified: 5/8/894i7ugivc6tvptosub21h4mbsf4d7oM
modified: 9/stats
modified: a/e/stats
modified: e/9/be509pdppc370qiofii600jdto5m288M
modified: f/4/stats
modified: f/f/277vm8e180cagd5kl98mtbccih24haiM
modified: 5/7/dfseotrpd1d0064b8cfg139v4buei6gR
modified: 5/e/34fnqampecn40ugeuvcodbs6q412bjqM
modified: 7/2/stats
created: a/0/7952srkdhkmcutkdfjlcamgks7tnmn8R
modified: 2/1/e688l59qvlavmk3ihjnnc77hapeda12M
modified: b/9/57md4ncg1nbkriccjvrmn79hedugk5sR
modified: c/b/1bl6fr4edkp1fs7g594f61275t7bih6R
modified: e/c/296ocd171ghiu1j5js70jrn410juef2R
created: 2/2/ac4rc6t867flhahapgvls7jvnvd01auR
modified: 3/9/stats
modified: 8/d/stats
modified: 9/2/03co5303nfl5nrul0s0719uts90ho5oR
modified: f/9/fcbt95a1uu8nn536hksckugm8vv1o0mR
modified: 9/7/8dhp98mjobt7udo6cd8fkm3cl2oouaaR
modified: a/b/ceeh667f3fc7k4rglbfb2schvn5g8dcM
modified: c/c/cfbs0l85op8s1emp8lj5fm5g3gsv9dmM
modified: d/7/stats
modified: f/f/stats
modified: b/2/863559ufjg6q4gmn6vs82mjft03nhpeM
modified: 1/1/bat5v4b16krh0q5k3bfjrqfqlgvmvbuR
created: 4/c/e9sd11fvdns31c75cuslapf8u1v7bm0R
modified: 5/0/stats
modified: 7/8/9er69oo1ll7apn10j7h0onouobc67lmM
modified: 8/6/6b27jqdigr25rp229k2ea742bbm8od4R
created: a/4/c82ofi9mgtsn10s2r4vp0h6dun8ie0eR
modified: a/7/d4ifutevaaqju0e6vr9dnpdlva2rpeeM
modified: e/0/8dune6g3537cjtl2tb0ore0bg4rtdr2M
modified: 0/2/64sccpsma8ofhgiei94tsp5n7hslus2R
modified: 1/3/92ufbprtmgpmkemlgrvcibm5ujmvin2M
created: 4/4/26iakn4m4gt71rl99odu47rerr7osdoR
created: 5/5/d1klp05of4u8rt8tg5shvnkr2njmmnsR
modified: 7/5/9363uimv7hd8hqmvavr5eke92b23p2kM
created: d/5/7aoocvuov7mcfkmtt6tf8n1gkvr7p5oR
created: d/d/f0kib4u0tboel644kv7grkmbnigns1aR
modified: f/5/eduttgl5d1a47nidhul3usoo6evurtaR
modified: 0/e/efg404v5mmv31ug8qgs934655svqi72M
modified: a/9/2190ahqbvrbnooehbr4mvsbplm77kb4M
modified: a/b/e6dsm3vuuqdru2dd9hec6u6nn3bs1psM
created: 0/b/77cqdam6o77guomi889veg44evrh7puR
created: 4/0/f1q9ovftqd1ocieglufucr1dtj4t6tsM
modified: e/0/dc7cogegmhdr125h3f35ruafj08oho4M
modified: e/b/06tjsi10uiqd4vqggdbhdlfrrt867dmM
modified: 0/2/82egiccqo90shb16fe481fui080a79eM
modified: 2/0/81el3o5erarvtrd2u0svn7obkis8fasR
created: 6/e/96hcta8mjpj85vf4mdjd5r3an2a6hkmR
created: 6/e/adkh2khfsrjufagl796ejq5qik8aqqiR
created: 7/e/950r86bi9p3kt7tlg4cc3d9q92hsdbsR
created: 9/4/8269sds4957ojpp4sn91l142a2icfkaM
modified: a/b/fb4buk2q626t566qjdefj99kv37p4l0M
modified: b/9/stats
created: 9/9/4ba8btuhb5f8r1qpo6lohjnl8nilriiR
modified: 9/a/stats
modified: 2/2/stats
modified: d/7/77je9m0ibrot4ul1n25kfpp1dscr7e4M
modified: e/9/98k0sg76a7ekhg0g7f8jnp2kqmdit0gR
modified: e/stats
created: 2/2/92tvm9ak3l6v5s0001um19qlfie7q94R
modified: 3/d/stats
modified: 5/4/fcj74lj8lq60tqjeo0l3po9tl0981hoM
modified: 8/9/stats
modified: 1/d/34fm5i5aeb6iaqr0a4fvq00sfe1sm6gM
modified: 4/9/2cvpiq3nmcur41tsbvbhtholjslk92oR
modified: 6/7/3541h8vu98mirts8s26nj6bhrna4jncM
modified: 6/e/06n6u95p1to3i89t7e44gsmg1nb2o52M
created: 4/1/2bajrcgagnotk00cde8qmos414avpi4M
modified: b/4/5b4t7897dbrqsnp1p9eca2e118glgo2M
modified: 1/c/stats
created: c/e/95l3ronirqejhnlfh134kamecma1n30R
modified: e/9/f0h3m1al1lr45p5iuc1jsfo2g6fpqbmR
created: e/b/671j1h0eogj36fcv8c0t0kqbsjdql4cR
modified: 2/8/ec71hbna6edtflbkd75908u388ioq86M
modified: 2/a/abhl950fltq7440ln91vb859nul9nfgM
modified: 3/7/stats
modified: 6/7/19hct7ov7f88t8s4u1315aaaf9tnae8M
modified: b/0/c1anc388klrqloln3sia2l97pmj8scgM
created: b/8/854rpin6kpnug87d765fv7gqh6g2sc2R
modified: f/5/06i3nripejn1brjelqnunegctkof9voM
modified: f/d/63f4slctr676cpgethvb7stf4rrg49qM
created: 1/b/3fm32mr5kbl7m0i88mssv5aeta0o4r6R
modified: 3/8/12hbad6mmkj3as2fbrt9copvjhmtc0kM
modified: 4/9/af9843cgjuhnrifs3ajo7co3nj5bedoM
modified: 4/a/e8gikvijsbtl3jug6uuc11610kom8guR
created: 8/5/4dtkslf67mm47h445cueomjj91cqqi2R
modified: a/2/88c1ru9cq1sakjta1b90ide5eaq1vraR
created: e/6/6f1i1o1om570b1eh1todee1195ascvcR
created: 0/6/1bh3qjk1s2gsjak2bv010uihcrh1sviR
modified: 1/a/9ahqrvsdiq4s9hhvkrj5a91g32m0mkmM
modified: 2/2/05vsudkom62sshr46urt4d9maiom5nqM
modified: 3/4/141ussclirab18mkadhoiob7om85dikM
modified: 7/b/cbrg83pk0gba8c8sakd1fbgj2g99u4mM
created: b/1/da3oent1upoieal9fadm5n5snkq64qoR
modified: f/d/47mmff4vsqkni3j5n9qabu2808vr82sM
modified: 1/a/stats
modified: a/d/99kpfji494ie90sjiv2ne21se3ovlkgM
modified: b/6/stats
created: e/e/bed5ad0kqka20hafhkctb5623t7bkh6R
created: 4/8/7b0e34hd8bavmuj9dorrgri90pshlc6R
created: 7/2/10dcum2211d4gnvtt14bhgvkcb6k3lmR
created: 7/5/d688s3c4vvhh2b8s9drs605foo4ddhmR
created: d/0/058s5gss953341eqkdhddt77970finaR
modified: c/a/dfuhl22dqnnbp58msdjqvcguctcf07gR
modified: 5/1/stats
modified: 5/2/18fe1vfign1ummutb9aqbpreipr30qaM
modified: 5/6/b7m1opg163lquji5kvq5e042tq4gnl0M
modified: 7/d/stats
created: 9/1/cam4ka36gi4fimgv8okfcv0a03sbr5gM
modified: 9/9/49ccef3bofqt4f0vu5vlfmjrs4q879uM
modified: c/8/stats
created: 2/c/441vds1voi9aub1sngjapugu5274868R
modified: 2/f/stats
modified: c/2/fci460a754iha9bik2nq4lnbuh36svkR
modified: e/d/stats
created: 0/9/f8rp1eu5362jh7nh7jifgvpo1teunuuR
created: 1/1/51f047t87ni8iltlmqhr6ogqu4kmmduM
created: 1/a/17751kafvbicnheleufeite8h7esq3qR
created: 8/9/f4a6rn7utdam3h4q9l379aje5ppijlsR
created: a/5/62g8llf3jl9d94k4q7lrbign01g37lkR
created: a/a/3btaadkldltg4s512immeas8pgjt6koR
modified: f/6/stats
created: 3/1/8bmjftn8i97n3rclqtovfh00jpkrcf4R
created: 3/4/5dgc9qr3d1ti832lk6mb75v93eghcfoR
modified: 3/5/67f8d1c0fh6ad8g7oooeq89a50ht3gqM
modified: 4/9/68ofnbq3755gi4l6vfbbqugovl3u78uM
modified: 7/1/c6vooki7950hfkaomckfkr3qiijjg3oM
modified: 9/9/stats
modified: 0/4/b8kmlph57ijj37tlcalei78m2torsdoM
modified: b/6/63oq447lgpaicmdtagdadcdvvlsbr1iM
modified: b/7/eda11uc8sfds9krcgoakl6oh0bbmdngR
modified: c/4/stats
modified: f/4/91a58f1q024hce8fjvqkgrfpovqoqkoM
modified: f/9/a1n6up161frjdb6acvfe00ru07dohbcM
created: 4/a/a63o25llqjhpka08itkelj5ge25v6mcR
modified: d/1/e4ngdnbi9mgfkv27rabma3e6h9f7kg0M
modified: f/5/stats
modified: 3/5/48slagapvuaebodjno4vs2k7dnegs34M
created: 5/9/76djnikhk3uhjsdfbrt1rcebn7bgka8R
modified: 9/4/36ifaulndbv973bslpupmc9e5d49upsM
modified: c/7/stats
modified: 6/e/stats
modified: b/3/544b9pho3chlf3htt89bmc9h74kg90aR
modified: b/3/stats
created: d/7/0bo836tcl1l58pauvji88ttk74kc5kkR
modified: f/e/196i0f5pkbqda3276vje1nev06qavsaM
modified: 4/e/f6nmlni7iu2cdv1rcc8706qi3t2g1tmM
created: a/2/4610bnkpemc8l121k2imsggsc4o0hi0R
created: c/a/3f27s1stqagmjjvdtvllno24a5n15mcR
modified: 5/b/c8mh59odfn6adl6mgs6humuh1geb6daM
modified: 6/3/47squc646cccfkessk95s7b674dkuu4M
modified: a/d/42s3venpnfsp3g6p0c5ih3v1hdm6skqR
created: 4/8/261lm07r9l3c9uomiuepcbhdag3lav8R
created: 8/1/18865krh4c99m9opmk4pmenj0bf53f0M
modified: a/a/4eue1bt5jtpsjur314a5abggft49vvgM
modified: 3/d/0968acp24dorctomuvdkd070damngq8R
created: 7/a/71i6oed2do26qhsev0nqgjjb5pl5jtqR
modified: a/5/stats
created: 1/3/ae2c1jcbc174v7sd4e7238m1ourjo4uR
created: 4/9/045holvj9j2pctr765hadosrc0d8c12R
modified: 5/6/0adksut8le915u4nlbb57tf41rhe8siM
modified: a/1/4froadu2hnum82kb8rjbs9g9dc6ov6oM
created: f/f/02hr9jf9e0cukvadm2qrr49mp44i0caR
modified: 4/5/stats
modified: 5/f/8fhpro0og2oftjsm6pbpq18pevnfj9iM
modified: a/2/15phereut530q5j2sr17kakm7mf44cuR
created: b/2/a8l16h77ea1n6v7m5ejsu2jspqqgthaR
created: b/8/e2pg44ku5glro3ps2ofmkg7os6mhgj4R
created: d/2/392epfqel0n7pu17jr5ic1d3r6j7308R
modified: 6/7/stats
modified: a/6/6ef5bmur2045ujqnc0nvfq8frn31n30R
modified: e/1/0857chvquvngvrbstt7h88fdgrvogsuR
modified: e/f/2f6d2qgbrkv0119m89ib444q7efr5j6M
modified: 7/7/stats
modified: f/f/a43me186fjjl11ln0omm6ead1uj0gcqM
modified: 0/3/e1gdcf6bv7p502r6ol2aqlvjek9lj14M
created: 3/3/02m7o3a54b298orae2ceiahrjo7dqs4R
created: 3/a/91l4e76fbaacjf5ldr37h8ite54kno8R
modified: b/7/stats
modified: c/3/a827sr4ms73atf9u2fg8prd2hqnvtieM
modified: 1/e/bam696us3u8v6ll5je065t595uqt5b2M
modified: 2/7/3di5pg3im48gpbt2egf5jihgrl94fdgM
modified: 6/d/stats
modified: 7/6/54ncple2g362hdtu0p66met0atug65oM
created: 9/6/2bb18it59lguotb1fgieh7lsmvouh2eR
modified: 9/a/c65nc87evcmli7settldiv5dh5ul4uoR
created: 1/4/35htnlau8t829sgqnd6ksfdbaen6l2sM
modified: 3/1/stats
created: c/6/662p5e15oerbhgcd5vdi49lm6p8jt5mR
created: d/f/95838h311c26ebeig74o60opv5k2s86R
modified: 0/c/31k7s0phv5eod9t4j2foanrn772ckkaM
modified: 1/9/stats
modified: d/2/45jigg0nftibq6bq9paegorr6j783r0M
modified: 2/stats
created: 4/3/57j003ugk6v5lns0l7nsoa3f20mlqegR
created: 6/3/57k8fpm3dj2f32cljfodf2vlgql3ce0M
modified: b/b/stats
modified: 3/5/5c621bkpokkl25b5vds4cjpriht8q2qM
modified: 5/2/bels72t1lc9n3om0m8fq6j6hflnq44aR
modified: 0/b/18mesqj9tkm2rtcn3o8v7pgk89d1ke0M
modified: 5/0/a09h5oahvjo2rp3ar7lrt1hcae75ookM
modified: 6/8/stats
modified: d/9/243gqje88624m1t38c3sbatfehl4kbaM
created: e/4/77kr7ha7telhrkip82vn8vvk89f2gjaM
modified: 2/8/c5i6inr5ti6v83k1646rad50tbm7pj8R
modified: 5/4/51e9su9kod6bfaem04hua6geeip0qhmR
modified: 6/2/stats
modified: 7/stats
modified: 0/8/4cvp9kn10i5hlms4t4qesegu4h52i3eR
created: 2/a/1botgksh4dbv5i71etmk60eiff34sp6R
created: 8/1/a83t064qv2fep4h0sk9c7l2m2emi2vcR
modified: a/0/57skh1jmocoivc5og7s5ot83ae6880gM
modified: 1/2/f95i260cin6cd01tabag7emrctnhvu0R
created: 8/a/880tqupl8du70117abdhthq57hqka6aR
modified: a/2/67iltuibj9fpcbfggi14bk661243fquR
modified: b/7/cfn0dki72u5l0doshdsp9lpevfofpmgM
modified: 0/1/stats
created: 6/1/3b1taubldniq4cfqga1os5m31m62f8kR
modified: 6/8/f0ul5dg3p67onasccvmdl74eiaf7684M
created: 7/1/dc1ov5m9ajlnmvm5rkvd59kfuf8jsd8R
modified: 8/1/ef5q1atp9or9j6k76tribbv6om4b3j4R
modified: a/a/790895qds4vgtt0k8ob7a3admsgiineM
modified: b/2/stats
modified: d/0/b348kfhamu1gmggs0uct4pek2bbq8kuM
modified: d/a/stats
created: d/c/c5gc1gbtisssqv3m9p837l920oncjesR
modified: 2/6/stats
modified: 2/a/3ec7rp5j2ujmr6fmo9mq03qd2oakctmR
modified: 5/a/b8peguvp92tgaoeagih1jch92k82dtqM
modified: 6/7/4476e4d0hbui5onv66eqs2gks3lujkkM
modified: 8/d/2cmv771l6npuj0luivgbrubflm7re0mM
modified: 4/5/24ro59j042qo9hm63n1cqkh8vci7q00M
created: 5/4/e2o46aoustagjutmljd71jue9700102R
created: 5/c/6bjrc7s71192ig1ne1uebcu0bv9g5mmR
modified: 9/5/76imgpgf9mg45dtj8ckjg3af625rpl0R
created: e/d/91176b00svapfdcibbk0tukk605hvkqR
created: 3/7/69ler9hjusdc2mln6ff7vcdtuuqruqsR
created: 4/a/f591gjr6j0cfftjalusv6uq8kmbjfvsR
modified: 5/6/stats
created: 9/c/5baunstm49ltq9vjthk36mmtfei3sraR
modified: 9/d/stats
modified: d/3/stats
modified: f/1/c88egfrnb6sumebnkcqb8hn5bdcirjqM
modified: 5/0/49d36t01rkip5njpoefin68afajg3fcM
modified: 6/2/6ccj6nu7ap794rf22str3fn4tutk8scR
modified: 9/8/6a0o3ndumcf6rnk460esj9flmu6l9c8M
modified: e/b/d03c6289cvn02vvqrfkcqu88r25mnlgR
created: 0/1/a5p4qikbj24d9a9q3oku7io5230vvkmR
modified: 3/6/9ej0r847oj7oq1oa93o4u0u64p8psjaM
modified: 6/3/stats
created: 9/a/81oan914fg5412c3p8tdaidl8a0al6sR
modified: b/e/stats
modified: 2/0/stats
modified: 6/5/stats
modified: 7/4/a0c3teuprdhonvq7m1jnm80irqee8cgM
modified: a/b/790svu2k29k6h5p4d1n4ur5oci2icoaM
created: d/6/a7mpq8flvkve1ulvp7fdg111jnphcooR
deleted: d/3/d7sn52fv4el0sd3ak37o82p4fmuiflgR
deleted: 5/0/2f0cv9c7d1d432r3lrlr5m3a7cb2mi4R
deleted: 0/6/2d2n2fshuqi312mfm2qhn3fl81bte88R
deleted: 3/d/6dq58ir78ldltr37efprtc2o10bppmkR
deleted: b/f/dbjp0g1ug1ure2gbfnk39ngtvft9i10R
deleted: 3/f/868tnhgl3a7ifkeirkq22bph5v43nmiR
deleted: 6/3/e8kvj17no58fgpri6h56v5h2cb5mm92M
deleted: d/b/987ruhps7di7d8hsn10959fubsph03aR
deleted: 1/c/cfnh17u39rhckmso6l1o2jdppt8954sR
deleted: 2/b/9do2rvdltu243mutmkf87q6pu6ephs0R
deleted: d/9/82hciopbu9pcp8t0qhorbj8sajgsgl0R
deleted: e/a/387bpvev2gtudquojbedd2p2n3l350eR
deleted: d/c/03g3ppancp58a2j9drj2qkqnvm82qa4R
deleted: 1/3/910vao5ll99br02ntu8usis4uh6oh74R
deleted: 6/1/912olhl8ihmgjji834pk4fe5oscdc2cR
deleted: 1/0/99grvvijun09h1s7255v26hmjtl4l0iR
deleted: 2/d/917eqo4t4p7gv8is2i769b1mrre16q0R
deleted: b/6/5dvacmma3uitk58rb52jpnt01t8bh1uR
deleted: 4/b/1ajr20qpnj0bmao04bpql3q9j3ardqmR
deleted: 5/c/cfgvovbhu802oe8sr24tgioorlrsqkaR
deleted: 3/c/2fe09cl6clsreslrd8a5alupsercnjaR
deleted: 5/2/994ulatjj76eq0irkont7oun8m7gi4kR
deleted: 2/6/468ujgnrvs4b5sis42c658c7b9plq7oR
deleted: 5/0/15cu6vbdvd9l3nsfga2308c4g550alcM
deleted: 3/a/eeeauacg6qukcopg0rp7gheukl47hc4R
deleted: 9/4/2fb1ea39do558pt9i3m8qdogsgd0nk6R
deleted: e/7/5eag0b7kjkdldmceqsnjv10qf3g42csR
deleted: 9/0/04fad0hr9vgvs2k2siokg5kjt5qpd44R
deleted: c/a/fetsf5enq64dmb8optg5c5vgbkkiftsR
deleted: 9/5/7f046pvvhk9jjfqhiuf9e3rp5pnr8hcR
deleted: 9/9/44ie4pk1o078lt5c9taluu920u60pdeR
deleted: c/b/4fthashh1j3aneof8fp7t68enug05o4R
deleted: f/6/dak3de2cj1dggpva0a4p7ojf2tqit6aR
deleted: f/d/7arbla5fpketormbkc702ou6a0las7kM
deleted: 0/e/91c57gk29rcg4lbdtgf4rcf3qqtcapuR
deleted: b/7/0clif6em24e2pq76601bvbm66mlm2jaR
deleted: f/4/c6e5nfgi1p9u143d1k2obno9l9jf8g2M
deleted: 7/4/f5b17ume2v72mk927pgarfe5md9mpceR
deleted: d/0/cfd76fmdkg00qim7qvknf80blrht3esR
deleted: c/8/2d21al1f18q0sh8r7abbpm5r9rvrb06R
deleted: 6/3/773cqdb1r7v8619h3qbqi75v46to3s8R
deleted: a/b/c6h2tol16ri76gn48rcjco1ij3e7hs4R
deleted: e/0/1a109h47kmeipi4acf2k3l3sa3aokg8R
deleted: 0/4/92i2p7urvdtv00sn8qde9t9b8528bmkM
deleted: 1/d/81ph3v6qlhefakiivjgrgucot279fsmR
deleted: d/9/6f6g1ldmmv95euuluga6l2m4cvlfikoR
deleted: 7/8/d0lnb07o2as0ql8oolq89upas8dk0skR
deleted: 8/5/663m32667gq4hmo6san2fs9ipo5uh12R
deleted: b/0/328qem956apk8lfv5mhmqqr9pht3b5uM
deleted: 1/4/e8ljekrhf3j5aep4473lc1il2ki7m4mR
deleted: 7/b/b33956a1vus4a59r1l79vjt3rp8utpmM
deleted: 9/4/a4qj2bjm1nse5vps6mkpiqhmcs6rmrcR
deleted: 4/0/cfn1vnc48671ssi0f92dc4b503tl4ucR
deleted: 5/b/39lpcu6ojl7fcivrjv22pqnglt3c29uR
deleted: b/9/553q0kirsi8us26dsqhle9al7f58nmaR
deleted: f/b/98o9oo4rk879qr5jfu9tkl9pvihj30eR
deleted: a/7/e0fjeppiq04qqj9aaq83n40orics6joR
deleted: 7/c/489bq795442hita6fvasj2fsc7h8ocaR
deleted: 6/6/2ckvhvlkenalkjvl7fe5ofncj38us8kR
deleted: b/f/e029rdgvqtdnmf543rpm3c631bi8j9gR
deleted: 1/b/f1albrkpilpo5h5r83j32m5mkr81p10R
deleted: b/b/5026osj4rnn19frhm3fl2pmr56getkiR
deleted: c/d/baspksp4f4383ove8ja8frbart29qv0R
deleted: f/c/963v4fnnf83pvn1kknd3ta302k6s294M
deleted: b/2/8db60lquf9fjj977mmbkp55g4r3njl0R
deleted: 3/f/f2hmn00dblbjv1m88vqfhu02au7aatuR
deleted: f/1/b62u569em3jnm4dnfpr32f3dabuh3okR
deleted: 2/d/10tase6pfguav6qkeg7fv1tviscp28iR
deleted: 6/9/a1gl5t9fu68008gumspi9chs8hhab8cR
deleted: 7/c/748h5hacgi6r3tlh820fhdqirga5pc4R
deleted: d/a/40dpqtvmho5o3tm63uldi49dplbjqtcR
deleted: f/5/73eoacsf9dgb92jjl4uotkk8v24998uM
deleted: e/9/e83ee298a3ghok9ooit6fk7n6qosjjiR
deleted: 3/7/8bjtbgtre4htrfbvq5lva2s9llch65uR
deleted: 5/2/01r738le5altilk8j6s7v0onijeeo2kR
deleted: 5/c/65l8ieg8vbfh84fib97lbq0qg7is30qR
deleted: 6/8/104c9p7gkfp0gtn1btflapu4gsr6heuR
deleted: f/4/591dbghovnedgu47ptuo6iqvtk8ve60R
deleted: f/6/2cr8nntk3g0its4orjlrajmdfh49fk2R
deleted: a/0/1dm7qi1s6umr47945eim31kcgi8nkk8R
deleted: b/e/9b1ql2gq0csvrmevep5154c9ki5ipeaR
deleted: 4/3/777nv8qpv2ivqkfbr4oe5vcfdmromrsR
deleted: a/c/12bnl1i9u7fue8kh34qsdf11bfjhpm4R
deleted: c/7/952rn258f4p1a7g8e6m4064761o7ipkR
deleted: 2/2/60710ktggmqaaqvgos0bg6h6orc0kriR
deleted: b/d/0f7cgrolo0tg33emtl6hpvl1n6756goR
deleted: f/2/bfoai63vfdukmhmourmpa6vecq2ksa2R
deleted: f/a/eerhg4b435686dhpb7gug0ou3u5ntkqR
deleted: 5/3/8aqltoh8b99evcuu3h18buti4pfpumsM
deleted: 7/3/45lrv0rod90ktnt3ip6nulvtqtg1i0mR
deleted: d/d/49khbur4g6q4hm208teut82ipihmariR
deleted: b/5/5ecnfde82uafvm3n0c81k92gra7jt7mM
deleted: 3/f/31cu2ms2qqe2di5hnn35i4gjo69a526M
deleted: 2/d/d1mq46s53pag51tg9r4j09g0io90dtsR
deleted: 3/3/e4o0dmh9kgogp38rq7srk39hs1pg1biR
deleted: 5/9/84ub6cophqobng5mgt16ufs0g0916aaR
deleted: 4/3/aaa4car8bi1shc30si0n9a4a8qvvu44R
deleted: 5/1/713744g13jlduoo7hko1etiidmoaos8R
deleted: a/6/8bicd1e87dckg0mc7vgpu496mqhom06R
deleted: b/9/26t00curuo99n59q4f8br2mf3pc64u4R
deleted: b/a/42p44frclbp3vjole9np06ech9chohmM
deleted: 0/7/3dsvpffm2tudfdgma81mfsfa71h0q5mM
deleted: 4/7/0dqbue6hrjut6tubkvom49hmogg9iq2R
deleted: 8/9/dbq2aeuofa4pq67949ng2sqgtql9ii2R
deleted: e/7/f789oprdbafn9gugou32b5coqej17tuR
deleted: 4/2/a1u2rceoilksmt16pip9a7dhde7vbkmR
deleted: 6/9/08t7plesqjugnsrfig2tfh6731qvorkR
deleted: c/c/3fad8kp85qln96o1f973sk22g8k560aR
deleted: 0/c/17esn30kueinni1ibkov462hkh3fc36M
deleted: 3/f/e0p9svhas7thevqm7egkqcgprktrj1uR
deleted: 4/8/afldql2po2laeich5u92liouh54mfgmR
deleted: b/7/c3g5t0llvb6tgcihchsbhk54i68j416R
deleted: b/8/b8p5otutdo0urfo2difse6g2pmp82ruR
deleted: c/6/58ju3rrte6kdg8vcdj7f339jbf3qmrmR
deleted: 4/f/ac9pi6829fliev50lf3ius673m7tlgmR
deleted: e/b/edugacct8dp3s7dr2p94dnuo45ojidkR
deleted: 8/2/0anten60lktkcoocmo47k2agv2ggg5iR
deleted: 1/4/52ri25bh72h9p5ri8u7bre6210bf55eR
deleted: 2/6/0696u17nilfpqu9kc9nf5e8sr5likouR
deleted: a/2/95n5jaup7vltoh9685k1tcta8scbdmqR
deleted: 0/1/73cul1jcj4j1evfaqtdo4rjm8dabaecM
deleted: d/5/58etitugqdvpnnlnofel1jbumn5a044R
deleted: b/6/acdbc700r4egnekj3ug9fpim50uccfuM
deleted: 6/9/9c9bql5geiq6n3nfv44s6l3on64oaiqR
deleted: 8/1/d2ut09ak5nn4cmsjuor21rh7uvsjo2oR
deleted: 8/7/586dh8o1gg002c961j1mlbcukc6b5uiR
deleted: 2/a/cb0ti9iu94qvrhn2fa55p64kfka2sq6R
deleted: c/c/07rjeg31evm0qbmmivh78kr4ihmqv5oR
deleted: f/d/c0h65biqf023blsdf3gd19o1rtsl20uR
deleted: 1/2/924qr09vtao55uptkr92g8kb5mng2jmR
deleted: f/0/0abncr8u120usqg01q2o6i62q8n8o2qR
deleted: 7/c/b9gi52ojmb3gqd72kl0gd80i5cemse8R
deleted: 9/5/ea7olg13p0tpmpiqsif9746d4emqjekR
deleted: b/4/f73b6pi3ukaf2gbekpqg8pihs5132esR
deleted: 6/0/2e12urbm6kcnk53naqsjth5a4n7jk0kR
deleted: 7/a/6780pil3lq9mijbabtbn87bvnanoppiR
deleted: 7/c/0c0mu7j5uefl0hph69bt1lqebc3o3viM
deleted: b/8/080c9jaf7h4k06h6hdkovmq2v00lvmsR
deleted: 8/1/89qagenkothsnn76hulkpoavfpi8rfiR
deleted: b/e/aeerb2o782qdvjd018pptc31eas5i48M
deleted: f/0/bbl1vsde8tne9v6laofv36sbg4du5jcR
deleted: 0/c/f0k2td229f9a6lnd93hb8dnki9g33euM
deleted: 0/a/b5a2rj8ug7lievmtak7pkvtoqf5puveR
deleted: d/1/ccvh60utkhsoq46e3c38shi4seitfg4R
deleted: a/4/32rr1f4384qbqh9a2fumignoa1qfe2cR
deleted: 6/1/901v44bajdmk8umhje9359apramuieiR
deleted: 2/7/aato9sqkvdagtbudomtfb9tao3oqlmoR
deleted: c/e/24flbsqcfpo747s8kkhe8ihlrk9i4jaR
deleted: 0/7/4a2bd8c3m31sre8lfvnmrc2fkrqmng8R
deleted: 1/1/b54ircpr77q9g795h66oi21a0u0rq8mR
deleted: 5/5/8a9kc05neavm5brknfvfr41aka3msokR
deleted: 6/7/367b96ktk2drtv3vri3pnon931d3426R
deleted: 5/6/424fo180du4k9vrdiqn2n8ta52bcacmM
deleted: b/9/cept9c6auaqa6qji08a3v6bp1j46jg0R
deleted: b/c/f399nuopkce1kumueib209sch57vofoM
deleted: 7/8/68j5vbekaa288u8v7smrh4grbgti5t8R
deleted: b/b/bd423ki595psii8etol0n9tf6f9ajciM
deleted: 3/7/c16rn271h245alnpoid9eheugksrsj0M
deleted: f/b/ffd09vqgb1rdelpq4ce9c63h3t1fg7gM
deleted: 9/8/8dtodq4u1nf46euft5harviedf6s2vkR
deleted: b/3/2bijf4qgk21cq1v42e5quglvrft94toR
deleted: b/7/e0e5vgpc4bq17bgh569lbeq8aq7a730R
deleted: c/1/8egr52m3hnqmcce78gbrnnv1a44qqpmR
deleted: 0/6/0387akjrsltrqng7o79prqibjp54rkeM
deleted: a/5/67sd513n9jnad0ga9lifgv1lp1r9f44R
deleted: b/5/08f1c1r911g9153gg11uubobv2i3j92R
deleted: 4/9/42a2g00va53isp9lv21mj5469uhrkkkR
deleted: 5/b/52kmodinfc4ijr9rifsickesbvka3hiR
deleted: 5/b/7clsmj7jb1sne9he869299vsundohqeR
deleted: 5/d/98kg5ibqrrqa3fd19vmm2jdbvkffbukR
deleted: 3/7/7c3ptph3aidlnhi80b1hl3rqt45mrq2M
deleted: 6/8/60h2p85skss97drbppbmm9thc6d2bfeR
deleted: f/1/73an693b575sp43rdnm2e6grr60h31gR
deleted: 2/9/c75qgmvcbpbkoccme9kfm9mjrg3d87iR
deleted: 9/4/7422arjm27apm46bq50qro00g8vcd6mR
deleted: 3/8/b349jqf946gg22kh0oeb8p76pqt766qR
deleted: 6/e/94phkslm9aa6pvmoe6c2nr5mdsclm76R
deleted: 5/c/416btq0eq45d1j4kgpsrq9dh57cat94R
deleted: 9/f/a9l68c4n8852jvog4h49cec7898fl1iR
deleted: e/e/57c5rfbvmvfiibls63p8i89dr5dodgsR
deleted: f/2/22d48fpbcpnk75s2ouvsa0ej2tj72v8R
deleted: b/5/15ilnv78e2cm4odri6ue1556k5vjhh0R
deleted: c/3/f6qhd7mb17m27eu8lkic29e5obostd4R
deleted: b/8/92rpiusa7nqi7kiur76l9fp7ql5eh6eR
deleted: 2/d/474t642jr1pjuok10bqd84fgphjuliaR
deleted: 3/c/0d346o5a7dsfsrsf1dschpe4gvm29ucR
deleted: f/b/3e09ihd42mcul2ehu2mrm47peb241esR
deleted: a/0/2c9q36vtbljllvle60pdv1uqok1t9msR
deleted: b/e/73bgrtlu0f0p9qmof5vjcodv1a6tqk0M
deleted: 2/e/17i1bglhtf5756l3i668e16f8b22hdsR
deleted: b/c/7c5vneqc3j0dnk2msff9pllthg3fnsgR
deleted: 1/8/935duhobvpdcg3j7nrr5d4iaech1kbiR
deleted: b/c/f77qqcuav1so6vrv1crjlietl0h6bueR
deleted: 3/e/267ojpj7eb3edhekrijii5mrsi0cqa6R
deleted: 6/4/4b046p0dm5g8l965em086877b37bjc0R
deleted: f/0/1bbcks1vatbdhp5iedebnalevbrm3voR
deleted: 0/0/a6k0um2rch6cr12kqq32e4ons7oedogR
deleted: 6/3/aa03c87cbe5ijd49g8pt2j3or8ftnpcM
deleted: 8/6/410j63t4apoa7tjhi1hi7kft4l4n6deR
deleted: b/7/4341h1tlh08jbpv6lmuijph0hstosf6R
deleted: b/b/c66cmo5ac9iltfgkkrfkuhtd266br40M
deleted: 0/a/d2dkgcei4um5lugm3lau28ik6vef73eR
deleted: 3/d/9a5d9al49i18igc4pgbbp8q4v5ui2isR
deleted: 3/f/15kar1juidigetvmsb87heten6tg0coR
deleted: f/0/8frtju70aorpmf3fr7fioilakb5ha3oR
deleted: b/9/5992i3idtf031n164mbhl3q0irqd8h6R
deleted: c/2/5d2lb5r1p12ngu31u342eehbmda7le2R
deleted: d/6/edsohkokseh6je5u0a2456ch76p17dqR
deleted: 3/4/bfs8b2e4e3q40fqthihoukqsdnlhnrsR
deleted: 6/c/2bq07ff1ss5s4h1l8s8p86hbpfn27huR
deleted: a/8/db5ar6n3e4iq0j48kd3c9a11ik1845gR
deleted: c/d/7942n4kaeqmvdpaput2c958r8q9ec4uR
deleted: 2/2/b0408io84v0tnt4sgdvoaghjejhqdjqR
deleted: 6/a/e2rbg0i742b2haieo4nqq7i5l6aub2iR
deleted: f/f/f75n5ftc13pjqllslnv7kqov6r7mqamR
deleted: 3/c/e815alnbnu5sufi5rc1m5d527glmlagR
deleted: 8/a/a3m0fj9940s6e0c4gq506unsjd1lv2kR
deleted: f/5/dcijq691quh8hp0jpmm4jiugo4n2j4mM
deleted: c/f/8fuh1c9ck56h537o38oo41ibc3l593sR
deleted: f/0/desbaea3rb4ais3385megrpdh7oasroR
deleted: 2/b/a0kg12fjfs9g6dqo9psf8lslo4sebrsR
deleted: 6/5/588fvq62ie8kilm6b512jt1d502vemmM
deleted: 3/f/0djbi8ggg9mftdikg25kbhntpmhfgdqR
deleted: 4/c/5claoh7jsa9iqcf1p8k1t9m9dv1ebncR
deleted: 7/4/3b2osjdovlnfvgs939td8vj4ekjhvr8R
deleted: 9/d/c16c86t7n54psjkfupqsa50cn3utli0R
deleted: 6/0/d297mgl7eaf6fdd4k6vanqrm7sarb2cR
deleted: c/f/404gc7qklh3hfugb1bbta8tsn93sfhqR
deleted: 0/0/16ohei955glu8iflnrmsnmapfbicfceR
deleted: f/6/02iqge3earlm00323qgmc0fvouh1uqmR
deleted: 0/5/667dl9b8ba8ngi8ddjujju7th3910msR
deleted: 4/e/60cukeqgu0ar3en1s4msdu78j10ed5kR
deleted: 1/b/b7qul7q2fc4dugdsnapr13vh83kuapeR
deleted: 4/c/fcobqjmaco1qp32rh0mci87qchjhitcR
deleted: f/8/c977ugk9ftf53gqh8pmm6mo24c4t8coR
deleted: b/6/3a2pmqkl9ispdr6ak4vr194b7m941p0R
deleted: 6/f/4bh1r5af4coglkkt538agpj2oa4ft6gR
deleted: b/6/12eeamstuurs5amudaa6roj10g9qacqR
deleted: 3/f/2ectcq6a8v5mkc6lco021smd8osbccsR
deleted: 6/f/dadmh0jb6h46lvum59fpu9meob89vlmR
deleted: f/3/2frr6a994bv66kvet899s3m85co3514M
deleted: 5/6/b1bv6s36fekt9eu8psueo7d44ao826eM
deleted: d/8/da3if915s44r6spg4tic8kul3s4on2uR
deleted: 3/f/73sch7soh6bt10aknjs2qhitggsuuh6R
deleted: 9/2/abucvm31nft4rm9ear3grhe238vckf6R
deleted: c/9/10ogp115ld00uqj1qrk3i4qk5pufkgsR
deleted: 9/e/acd77jn1nf58l0g4qi6tg04u4ch2jbkR
deleted: a/0/e8ii938hdl33ebk28hilkeb9d6cko20R
deleted: f/d/4037fpt5rhc0dkofstak9u7b09k3np6R
deleted: 4/e/900jt96aa2s3s69204l983c6392rmtiR
deleted: 5/2/ad23a8ub71tvj6ga21pgje03ql2vdniR
deleted: 3/0/cc9tgilrurhq90l24nprnk939ob8g9kR
deleted: 4/7/f6hfnqku5f30a9tkikakl5c8lvoq4cqR
deleted: 7/8/b2brajh7fvtgsufcm2n6fjes6gietgmR
deleted: d/f/52lit3liqsqcm8gs8ficosj9b5g4is4R
deleted: 3/9/d2ohit1rbs4o853au0rkq0vcn7017qaR
deleted: 3/f/d3v8emjf6vmkaotu0ak6on8ssqc97beR
deleted: 4/5/3alf0gm05bvbmduhnhl8f6l4oblvt0qR
deleted: a/2/71jkbrcpijdns92tku4iq8lirduvr1sM
deleted: 0/f/a18q1oaogf8r47nchvhe9rooq3r0iriR
deleted: 5/7/d4uq5d55k7ptbfoqvju4js5d17dc3h6R
deleted: 3/a/2e7gjn01rkfmurgh0u6jbirih95pckkR
deleted: a/5/3elvajso3n7v3t5dj3o7mu9qjvdjfacR
deleted: 0/c/a1885ff759d34iijrbrhdf1u81k5tnuR
deleted: 5/5/d22l11257mptot92mj1ukjsq3sfoltkR
deleted: e/b/ffs65fg4q7puoiqt897ppqdv9c6c1dcR
deleted: a/5/d2vcsj28lh7e9pv3embep1jdtjhj4o2R
deleted: b/6/5fv84onui5jpmsqc9rnt58bj4ei6vhmR
deleted: b/c/78eu498ptrfp2d4of7cnm1po4ageu4kR
deleted: 1/5/780spb4hcjr96e6a0kq5voo184jm5l8R
deleted: 5/6/c88p1t9i992gdht3j3sqe2h1j1dtodcR
deleted: 7/b/b6ljgdvid05s3srojih2qusl7t4lbkaR
deleted: e/4/58q3umg3ri7lgti2r29133h2k5peh00R
deleted: e/d/43m8ggdqhqrhm5ntmeu76hp5f2r4h10R
deleted: 7/b/c21ocfp3hs0351v5r5idfr5gq8q548aR
deleted: 1/4/c7bf7vitidp82ei6koj7ptspp3kt1m4R
deleted: 7/5/7dvtk9qth3a1rcr8tmvvll4jd24uq3mR
deleted: b/7/c5cmbokgbs0cgrq6krocjgt2ikbhupgM
deleted: 1/4/b4oi3f8clo0pckbmoigs124016sc2f2R
deleted: f/6/62obutir9757q76717nm5e7tjd72a8gR
deleted: 0/1/5d4cpcu23me54scirauj6qg55ttp3qkR
deleted: 5/f/a9v3dbralid1n986k71oq6ieqks7t1aR
deleted: 9/7/c10t04m1tmp0tl9advh4an7m7fuar7sR
deleted: 9/2/87e26tr325tjssd5vh32go2n2selggsR
deleted: d/8/b0n7nssnn09gs2ot4kjb5psd030r45cR
deleted: 1/5/b7eub28hhmnkfp7lldcm8utquicvbvcR
deleted: 7/1/62stpla5pjk892hufo7n9fpviqjnr7qR
deleted: 4/e/94r1moptvqfque7r5co176q93j30km0R
deleted: 5/3/beg9i4gvgaefk6jggrnhn3p2kga1sbqR
deleted: b/9/0fkbeja0akkuhrr8bjfgcft4ginvb40R
deleted: f/8/7bfe5ng4nor9drl2f0gfur3ft5e4v4iR
deleted: 2/c/00h27k6pc1cro4j7nnvbhmts2v3mku6R
deleted: 3/f/2b8171kh0l3oiasq1ivt30gvbmv6v2qR
deleted: 0/a/8c7bmrsk272qpojlc1tgj09dgcpi3j8R
deleted: 5/7/2emuem3g9oat78h13pvgla3tqfgj282R
deleted: c/b/fflkj4lc0tn7osi40g4qb2f5l59lkg0R
deleted: 6/a/1eotcu6k7oql1kharnmucl04k39pov8R
deleted: c/3/c6h82rq50n2n15a5a8h3pk1aur1kd42R
deleted: e/5/29ebcjakctm4rq9kosovhct7achm7tqR
deleted: 1/a/ec81gjt9dst753oq5v5g2c30o3na70eR
deleted: 5/9/4fcuiges1rljju0bh7npgn8b97hmk8qR
deleted: f/8/7eqdr18g0iq9vt1cfrt9lka17cqejr2R
deleted: e/2/18dtp5vjpojensiuodth21bqrvdjlp4R
deleted: 0/c/a685orovbu66icbtn6j7tc3gsfnmnimM
deleted: 6/1/53gt05m7kfere83k090ce4merif8m12R
deleted: f/9/43h6l4n7vttule4qitvgro1gr7cahq0R
deleted: e/5/c8anqvfkpqtgmhhefoejf4qk5rggu5eR
deleted: a/2/2daijiv1rfq5fvj3hqtf27381h3cv8gR
deleted: e/f/f6ev55b5kcv7i2i86hr7lie733klbf8R
deleted: 0/5/7blc8761u9tue6dd20ql9k22ugj90icM
deleted: b/1/634qbhpveh5gd26ru99vdshr840n1reM
deleted: 0/6/599cjhdt6apafkj9ttfcg3rhdrtct18R
deleted: 6/8/7fui3vehfeplve80qpevh259mhgk1ksR
deleted: 9/6/e7r6pt3oj2is9eu3i902nb8npbpvoi8R
deleted: f/f/29f5hp2bnlq8jntmpnlkkhatq6h9hsuR
deleted: 5/3/356a1ab4u8ltpvakiqr5edbst5e1n44R
deleted: 5/a/471i4gtsmb90at9sig4c41vfvrsel2gR
deleted: 6/d/56ah0b0m5ktddl0bqbtoumctd608sv4R
deleted: b/1/d6lrpds4k1ch08af4biv1h9evdb9emsM
deleted: e/d/55s8scpdluf8o97bmgs8iaobvl3nvkkR
deleted: 3/7/d1clo59pie14c8s6u3s7t97p9jbc3meR
deleted: 5/e/59ap0pjln3rs1n53qmvrbkvuo280jqkR
deleted: 6/4/3f0ekhblklf5rdsqavniphec435q71uR
deleted: 9/a/1elapc3n3mo87s4drpk98ol4ilbpdsuR
deleted: c/d/206vaq31d2uvq2lg2lrng32cblsrsp8R
deleted: d/f/7cfche0sqgd4c0bor8jjts4rat9o53gR
deleted: 1/5/d4qeiv1psbl78568rplhavtgrdibkfsR
deleted: e/4/c7h704qojuhjhif1d63h4a53hlcb540R
deleted: e/6/32pos6spugkjep07uvn7g6jjv9tip18R
deleted: c/f/6865995qa9upumgrolli127p5othmgsR
deleted: e/a/559156c922fpjgggrcd931gum2b5k6mR
deleted: f/e/f78obmcetmrl7pn7nsg8q7m2n1n8gosR
deleted: a/a/fddr9fn7puo2n4ihejcenla4ioe9j6oR
deleted: b/b/2b3ohoqvlcb1tn15v6ojo3aja8endvoR
deleted: e/6/bdurqlm6ppeo94cq2lamnicgrnekg1sR
deleted: f/e/47aokiviobk6l7vplrghu98d3ri8lgqR
deleted: 2/8/88tvbmoq890hhchveo0obi2c4n9asp2R
deleted: 6/8/1fa9p56i7m3fbrbd50k8ph54f9oco7sM
deleted: 3/e/98anumckd7cc8fj00sri4v3460g8dvqR
deleted: f/a/7blcd4k6vq4vggqhetatc3dtsd26qlmM
deleted: 3/3/3cmj3mstqr0j1n83tfnktuocplc9q4mR
deleted: b/b/3cb4thbchiasv00mg0jgv6esncc8dlcR
deleted: c/9/c6587e376f1rp2nuauatdfm39moqabmR
deleted: 8/1/91mr6hos6nbqcndhg0a548iok0tjs8sR
deleted: 1/6/09f26jqpg7pc3lthhlges7cgf5aqeoaR
deleted: 9/c/c24c4lni0m6pifg2tsfo00koa7d1odqR
deleted: e/b/e9hbnj0kr9vrifksof4p7n7rg433bhiR
deleted: 7/9/64u9r6aeb1lhi4qc4rdobtbtp4p5bkiR
deleted: a/2/455jhgqkg3ds8rhq8nibvi8ffrptm86R
deleted: 2/5/19bhhes9jucvn03qajun1fk51sj4s84R
deleted: 6/d/418clnoanh01udhlpseuk2c8b770vkqR
deleted: b/2/ca9l1uia6lhnuk37e3763jdarc40ousR
deleted: f/8/5ar58g4tq9ovogv6uq2tq8l265r6n0gM
deleted: a/4/6754j12prsf6n408a8uc5j4osd320v0R
deleted: 3/f/6ci38gl2k17rpmt276f43qjkp0a06laR
deleted: 3/c/eetu1jt1id4o5tcp43agkteqrq9dqjeR
deleted: 3/b/b88t5so0cjccdljsan5h7o55tpqar7kR
deleted: f/c/13trndh5d7oq2orgg9vfd7cufgpnpduM
deleted: 5/6/86usdj22gt4s5ik1v6ar3mll387cpm6R
deleted: 6/2/3285nooflaec5bmdnlj864lk6rq5346R
deleted: f/6/08fliiroer8b7du7mieo9mnde18rjaaM
deleted: 2/9/10q8ek9e4qbhl13998f43fjhklftsn4R
deleted: d/7/6746gg3uu10hgkqemo1v4nmovrh4smcR
deleted: f/4/58kn49j8omoq47gkcttg8hmug6o34baR
deleted: c/0/46snn9m3potuv3ttlrjf92kra4hkdd0R
deleted: 2/8/9frrp2d5al8ae6rn7kefmsr0fp6aaruR
deleted: 5/9/5220rrs25thcnio21bt5hre2sp8ptk8R
deleted: 9/a/20143vsil6dk7tvc2r21iapu7vqr2esR
deleted: a/8/5523bpolvpnilrgqba8ccmfeqvoqesqR
ccache cache size is 243Mb.
Uploading cache ccache...