SHA for cache folders (/tmp/ccache_dir) is '6bf30b50dc50e669eccd265ef8ee8498f4a64a6fc78873115a50e8d7c8c33b93'
Cache ccache has changed!
List of changes for cache folders (/tmp/ccache_dir):
modified: 5/9/b6e6cc43bbb4f7f3b052fa34d24250-2611.manifest
modified: 3/5/eb47877cc3d3651f786b3b9e3aaa96-34023.manifest
modified: 8/9/b36b13b01978a7a088b82f625f2780-14482.manifest
modified: f/8/f765ee27c2ffeb6c973d1a4a391011-15088.manifest
created: c/3/0d125c84596b8968d054b1f50428b4-4556937.o
created: a/1/47ae081df07d6bb7a7e5b7624872e6-3941459.o
created: c/e/a40445997a2c790d922f3379bcf1ae-4011848.o
modified: 8/8/bf859f4fbf7106bea4243c0d7be9e2-1645.manifest
modified: 9/d/44252f37ad72c2d8b2309c993d95f9-2418.manifest
modified: b/e/7f9abf30c98182ab872bea5268c970-14066.manifest
created: b/a/bd43047dad06047737a0a30b9d1326-3974165.o
created: 6/9/cca7da16162a6eceddfb3f8006ad54-3238141.o
modified: 0/4/1f0f65c885b3e526795b80514bfb48-6467.manifest
modified: 6/6/75bd9f34954db1e279413be84f8848-47444.manifest
modified: 2/7/61eb56bf2918b9842195fe867fd36b-11279.manifest
created: 6/b/c5924f7215914ef3fc69e247e07fe0-4511797.o
created: 1/6/c504d65ebfb03cb24de461b8a465e5-5050699.o
modified: 2/8/130c934036b314cce280e6ed9a0773-6816.manifest
modified: 6/b/4b4dc00642a7c89939c334fcb761f4-7130.manifest
modified: f/4/613577314a15d475dd5d2d5b0d4509-2086.manifest
modified: 2/7/d27a185af2cecd6d282783d124a1ee-6579.manifest
modified: 3/6/5ed21500520a28057ff1ffb3fddea8-11864.manifest
created: 8/2/37fbd0a0da806fe070ba2773c7cb4e-4453995.o
modified: 3/2/cc2c6e4ec1b8a01386170859f38fca-4872.manifest
modified: 7/c/2df055c475f751b799ec6dbd3527ac-6121.manifest
modified: a/7/9d12c4676005f5dc7d17247163c89e-12137.manifest
modified: f/stats
modified: a/5/35dd4887d2a6d44c68aeb061f41d11-7979.manifest
modified: 7/c/a4ef5c859ba0843881be0fbf7cd668-8430.manifest
modified: b/3/24efa44f3adf897c4bd2ce3285f21d-6911.manifest
modified: 9/5/d336b515e49dce60a1be7718e37c5a-3755.manifest
modified: f/b/77d7846d79f8337924f29051192440-6141.manifest
modified: a/b/253f9aeb4fcbb49655f8a1b46315a0-6218.manifest
created: d/e/de11fdf3ae5d1df977a63dbe097db0-4002430.o
modified: 0/3/62c2c2b62ae4598f9cd7a82e02beea-10835.manifest
modified: 4/9/5e98bef584d8956eb6ad9921b4f071-12192.manifest
created: e/4/89b3a4474a729b83f362840a3cf794-3928574.o
modified: e/d/b592fbe85d76a0b9dcb246d6b70fb5-5952.manifest
created: 1/a/0c5c20720c0af45d55790525a45676-4578554.o
modified: 3/0/52589d920bcd7c8e9a02ac8579a397-4085.manifest
modified: 1/1/247ce488cad2320abd6ed7d01b56bb-13906.manifest
modified: 0/8/e13f70cf34d74af379add0499dba8c-5867.manifest
modified: e/3/8b117cd4e3b1963d68c1cef53caef0-9463.manifest
modified: e/5/9c2aab2c05ae4b9ce298ab81762fa7-1445.manifest
modified: 6/8/8088fe33437f8aba3def5e9e690e9d-1417.manifest
modified: 9/3/7b009a5aa870f35183bb95b0953a9b-1489.manifest
modified: 7/a/842edb299a34c6684200062eaf11c6-10328.manifest
modified: 1/f/3832085e54dfedc0a62a603fd493ce-4293.manifest
modified: d/4/69523397ecc0acbe0a9a353dd15ae2-3613.manifest
created: 7/4/c0d40f5db2712e5f777671187665f0-4149488.o
modified: b/f/f58509c95c3cba37d75cbfaf46e32c-5547.manifest
modified: c/4/c019adcb3d7fe2263ef5145817f8b1-1462.manifest
modified: 6/b/dff68ecdc7ba237a49c643d807f8ce-3781.manifest
modified: 9/c/065b2d07d429b60243617fe0be26bb-94963.manifest
modified: f/0/8f03dd999048f03125b9e6e78f70cd-17203.manifest
created: e/a/f3f4f42120bf0ec8e357d21b69b9ff-4254288.o
modified: b/7/35532ca24eefc41d02401f6ad38efe-4631.manifest
modified: 9/c/5e40aac6ed0dc661f78f425fd1259d-1797.manifest
modified: 2/c/00510521c85a70aa7c6f72becb82ef-2417.manifest
modified: 1/8/90e525c40d18d80e4a56f2bae7bce7-6545.manifest
modified: f/6/8bfa6134050d97a1c876c4c742692f-1862.manifest
created: 9/5/672e26fa57c20bd6e0d08c6be20e96-3949753.o
modified: a/a/f6735ebf1cd7842275fec0be034273-5362.manifest
modified: 2/a/f5d89c7d600a601629fb78ed6f5e57-3078.manifest
modified: e/3/0d8667fca2a60ff6173b6188907de6-2899.manifest
modified: f/a/ca4ccc51dca5c9516a3c0257dd89a6-2279.manifest
modified: e/2/f9060ec91e051b1e259cc69b08be19-5582.manifest
modified: 6/a/cd41390a681cb9ff389bd49547ddd5-2932.manifest
modified: 5/f/271e46ee1f136f047f545492c70bef-1956.manifest
modified: 9/e/4c7790f157578a669a4ce5d7aef2fe-4581.manifest
modified: 2/7/be99caab924e51bea7e862b5b00378-3322.manifest
created: 1/1/65bb815ade34e457d6f77598e630bf-6224824.o
modified: 3/6/fbf6468dd2eb9de5ee0beda787d3a5-3000.manifest
created: 0/6/23f76b188719dc098b178cf5859176-4052887.o
modified: 4/f/5903e973cd4d78f6adafca5f3b4442-2532.manifest
modified: b/d/6b73e9c31a3951ff938ccdfe56d2b5-13761.manifest
modified: 3/2/e16edbd5b218b33de38cd89e5aab50-2387.manifest
modified: 5/0/886716a4641609ed8186ceaeeb80bc-26914.manifest
modified: 8/stats
modified: 0/1/25b62f945df1659b386b6a1058a454-5544.manifest
modified: c/4/3855948c7404ddf4bbc55feb858126-1965.manifest
modified: 4/0/6f8f99318f032293c720ede1dc4733-9609.manifest
created: 4/5/660b5f509f5f24acb5a64956d5270a-4171637.o
modified: 9/e/39656c0bb9fe380be5420fbb632ef3-57812.manifest
modified: f/2/48ac07146243063b03b4594195ce2a-2704.manifest
modified: c/9/8024751141427bd1a91e2150d43909-281982.manifest
modified: d/e/dcc3cef08c827a7a28eb69880098f6-16513.manifest
modified: 8/4/57f1f149175a0b055e053b6bab75ff-2798.manifest
modified: f/e/7bae12da4ee78bf2063d6ab1d60d4f-10167.manifest
created: b/b/5af3db0581ce74a558fb01c9c41273-7178031.o
modified: 0/9/929e7892cdc8a10efe1ef8feffe611-11057.manifest
created: c/c/a5881aa20a1564447f9eef458bcc39-4150909.o
modified: e/6/62e207256d1332634bb585485c0087-9460.manifest
modified: 3/e/17a13a903e1014529162d8fb74ed57-18165.manifest
modified: b/b/2716d1ccefa84467840bed0bf7949f-4343.manifest
modified: 5/1/a0fd4c2ae0ab68fbea0adcc6500632-21560.manifest
modified: d/3/276e270fc242018f7d9ce75dcc102b-2374.manifest
created: 3/e/6c123d1661b3e6832d508144c1fb9b-3358530.o
modified: f/0/7b6ffc36a304833ff22f4e86eb7b5a-11727.manifest
modified: b/4/042ed749b47eedc4c6730c6eb7e071-4116.manifest
modified: 6/a/14626e7666dca72e1ed3e485951d1e-2031.manifest
modified: f/f/3638fca59f6d71fb434a6d989a8823-255950.manifest
created: 3/3/479d7661f72d86cda4bad5bbed7833-351.o
modified: 5/f/c91c26fcb7da0696e14c626820cc65-2859.manifest
modified: 6/1/0280b0eb8ddba37f981b9cb4270cef-6494.manifest
modified: 6/5/e873cd9259d2c7ccd5b3a7984091f7-11069.manifest
modified: 9/2/64e8a8a4dfb983c9a2f0b5e895ac26-13498.manifest
created: 0/e/1031dd968471cb5a417fbacd6778ab-5108149.o
modified: e/9/d94f79f9cf4cbe830e8bbd1060454c-2927.manifest
created: 3/7/e1bec9680103306a479ddb64741c4f-3980315.o
created: 9/6/341bab66f26bed3a8da31ce81f8a75-4162961.o
created: 9/c/fbdf2a48e4d0500b3fe6368b2528d6-5242941.o
modified: f/0/0ec2af4f0e1601d914b43d35f057c9-7669.manifest
modified: 4/7/2f8e835cd12fd015e3adba9969b8e6-4096.manifest
modified: 1/6/2df19f3a3fede8755b8a008742359f-2630.manifest
modified: b/9/191200b53be9e5a5fbf50bc187f62e-4193.manifest
created: 0/3/92eebef6c25b6cba8155fb50152224-5918222.o
created: c/7/63b04037541a5feb76ac565e8a580e-4520270.o
modified: e/4/ed20044579d5681bb4fa9efc3ccbf3-4736.manifest
modified: f/2/19b32e4eb9b9cddfad7228913176a2-5943.manifest
modified: 3/d/51cdf3dd1e20c9136f8d0b35dea845-4326.manifest
created: 4/8/259663948455b8545f649cf0622426-4036697.o
modified: c/1/5ed48ed669ded353b369260fd4fa3c-8761.manifest
created: 1/7/ecc2d1b5862e436f2fd5d0ae7f9c28-3256367.o
created: 3/9/83cd430434d7da72616c78db1a401c-4083030.o
modified: 2/4/997f5f78773f9943a1549273ea476a-4257.manifest
modified: f/e/765800f25647a1d45e2b05064be649-15567.manifest
modified: d/f/0c9759f852947ccfbb82221492f83b-38478.manifest
modified: 0/8/499aa25452b7388e93ea09e604a807-2216.manifest
modified: e/2/e2b1dccddd55c3c0644bb0f3401ba3-5420.manifest
modified: 5/4/50ce9f2ded5722cb77e0d847970920-8583.manifest
created: 4/1/19508fd7643aacfcb90434fcf2f16a-3986264.o
modified: 6/d/ec0cfaa3512b8f1e24a23469a92c9d-7548.manifest
modified: 9/2/58932d55fd07cde2a1350c153230e7-7726.manifest
modified: 6/a/2ef2dc5108c9386abb16dc92d8e4c3-3845.manifest
created: 6/b/f0bb1328e1b63bf6bb472f8ec4d530-3739109.o
modified: b/6/41c02cd19952f411ece9bce447193f-3923.manifest
modified: 1/3/55085e098208c9f9a350c5f7afac22-5139.manifest
created: 3/9/368c875beaac1038c8b178004e7964-4692476.o
modified: 7/8/9936187b98e84e0d18630405bf4f76-7154.manifest
created: a/3/b2fd8fd84863953607e0727ff70a58-3912581.o
modified: d/e/baeb41efe0ed1da131664ad100ad9a-3319.manifest
created: 4/5/7b6b5c1b8130b3c471d039e13ecfae-4517330.o
modified: f/4/5aac6f0e9d8d090215a6c365009176-2696.manifest
modified: 8/2/538876c3cb8b75101a796e909f9836-10888.manifest
created: 0/6/b208ebc5c300ec857f61343b50c703-4503085.o
modified: c/4/fbcd30e114dc7dd8e3df71993fb4a7-2702.manifest
modified: 4/5/b45025a4a533ec48d1acc07930cfd1-29844.manifest
created: b/b/82427abec65eef4fa646c19460861d-5238.manifest
modified: 0/a/a4400bcf4a6e89ef4249f41f8ec555-3216.manifest
modified: 4/9/e40bda5d660672a31d40cf9e249368-1486.manifest
modified: b/9/099be36d0f71128b0fe2b81e665b78-2172.manifest
modified: 1/0/12473355126c99fc64048e38b31048-21073.manifest
modified: 6/5/78f6036122b76aca4c2bb558cc6a65-4295.manifest
modified: 9/b/84f70966912a9db189d649d1cfe0a9-2849.manifest
modified: 6/a/099b407d0c42b31d6629fa2fbc78a9-87217.manifest
modified: 1/9/7e81a2f94a64e12c1f7fa6be2f92c1-13890.manifest
modified: 3/e/b1586531f6264f50b890adaf79ea31-1540.manifest
modified: 5/f/22ac7d8dddce0afeeff6434cac4398-4405.manifest
modified: 9/b/e337be149c45ed309fde537a883110-9185.manifest
modified: 9/f/be196edef3d967948196c427e5df91-48801.manifest
modified: 3/8/e84f530958375d95a93b711abc8f2b-7821.manifest
modified: 4/c/8d17364022fe1e884e6820c02e4b32-37268.manifest
modified: c/d/345c014d78ea7cbc79c2d04e365cde-123597.manifest
modified: d/2/59287aa6bb890cdf20834e85852c70-3329.manifest
modified: 1/1/e6b7196fc8ea374fa5af23f9189fb3-18553.manifest
modified: c/stats
modified: 2/8/05392e2220e3c1a915765ffcc0a5cf-1526.manifest
modified: 7/2/7b1887f5f77c6445f3cd319ccda0f1-30960.manifest
modified: a/8/d51f39a29cb9be16d72fc4fa09e943-4535.manifest
created: 8/0/c0deb8170ac573dea434579fc26467-4041372.o
modified: f/e/9af0ed1fa40436582c2260cf4d3961-8607.manifest
modified: 9/0/57c0917211d7da4d79401ede57b30d-27566.manifest
modified: 6/3/cd6e85167bf852a13b0aa0b0ce117d-48918.manifest
created: 2/8/806e9988799e3a667dd6e3355e6d5c-3912780.o
created: f/1/173e394b506ce05345e45e061d3acd-3905750.o
modified: 2/f/0641072792e589e636f0dcb2eb7cda-15781.manifest
modified: 4/stats
modified: 0/0/f931125e617e171adcf59cfbf587b0-3704.manifest
modified: 2/a/772e4b9150cd10f03de35499517d3e-11785.manifest
modified: 6/6/0123699ebdf390f36c7a292852f001-5442.manifest
modified: 1/3/605fd27096786a407cf0bb4af4a1d7-30758.manifest
modified: 4/b/923d59d65c363dc48b719fed97ac01-44613.manifest
modified: 4/6/f99965eb03795cc4ff35343e62bd22-17033.manifest
modified: 7/8/f038f49291ae1773f1f68f743b4535-2719.manifest
created: 6/d/8e05d433b24430d08d76e0276e29a1-3230812.o
modified: d/3/633729e0c3b0fe694c3cab011ccc40-2631.manifest
modified: e/8/594b5ada0ef5459b96846ec08e87f1-5432.manifest
modified: 3/e/b2aa64506ed1fb2253f32918e4cbe6-14512.manifest
created: a/5/e23bd1244113ce44fe7ce745accd64-4413297.o
created: c/e/7ccea3bbf7fa18ccbb9a297dd08a01-4499895.o
modified: f/5/aa351b89b382cdcacbc0e9da9236ff-5489.manifest
created: f/1/2e0159155dfc6b772075ceb313fd43-4525932.o
modified: 4/4/7687c6851f6f1d38dc790a80d736cc-5721.manifest
created: 3/c/739903ea35a7f41dafb16664d13db4-4627097.o
created: 0/5/84d240e12ee79a8189b62856c6ea1c-4002357.o
modified: d/b/36effa23bf5d3e5b307d8470c82bba-7760.manifest
modified: 7/6/3f7c49d89a36cc390136e2b8bf17f1-11482.manifest
modified: c/4/a6edaa19123cd3546bc09ef71b1800-7189.manifest
modified: 6/8/2a19722c7ae9dd0bf051e8585e1413-2246.manifest
created: f/c/965b80f37f6652434c317a15b8dc45-4238580.o
modified: 5/d/6468579e8c8a21ff346b9db99f14ff-18269.manifest
created: 8/2/4360237eddb3def9837c07b31c76fe-4371525.o
modified: d/0/6b5373f601e920a42694de36da1a32-19941.manifest
modified: 4/8/89b35ba504ec370a56d81be0f84dcc-9329.manifest
modified: 5/f/bee55314a7d86b35174efa8e72fda6-9057.manifest
modified: e/7/2af332d0a5965baaa23ca165d3d550-3214.manifest
modified: 4/f/0eaface881764418f47990923af266-11192.manifest
modified: 6/4/4b13f2eaa319c0c2c0b1684583ed04-12952.manifest
created: 5/3/4ba975caddc249f6747f380cf8582f-3492842.o
modified: 1/3/a8d2271e90c0d7b10251779e9ddad0-3411.manifest
created: b/b/c27f2fbd87397f93a234db559d979b-4587897.o
modified: e/c/4fd6240af38afc7c90dca0a45887a4-20731.manifest
modified: 0/7/266688db9251edcde4fd7e8edbe93e-7604.manifest
created: 0/0/ac694fa145d0a582a8f4bdbeef1199-4052312.o
modified: 0/6/ad7a4bd5627d8a39aa81a1bd68a9ac-2561.manifest
modified: c/f/0b790a278a3a699fcaca25b4af6166-10705.manifest
modified: 4/f/e56fb6377c0086df4b7ddbeb0c127b-107032.manifest
modified: f/1/8d87ad1dc4aa8fe8f679ff39e35ad8-14571.manifest
modified: 4/3/3da5b67f1cca38495b10f0810504d4-8659.manifest
modified: c/6/3d87023e042640d8d1e1fbf6309845-2775.manifest
modified: 4/e/aa4ec5587e18c093dcd04d67bb9775-1801.manifest
modified: 5/c/217c323f9c68746b614aa83c818df2-2490.manifest
modified: d/8/b7e8695797397cd7ed1c40515809c6-3176.manifest
modified: a/6/627ed43b06800fa148599f224f6a8a-48785.manifest
modified: d/8/fb1bc6b3887afb69e4b34649f08d6a-3537.manifest
modified: 0/3/927b2b59dd1b9a3cba53f9d9b4a500-8563.manifest
modified: 4/2/d07a748dc74e33576c46ca3cca5243-7418.manifest
modified: 1/d/63744da8f72e3686f866cdcac939e2-3518.manifest
modified: 3/5/86d73bda23a637495e49d726b4c8db-5373.manifest
modified: c/0/5329061fa7e85d88aee715b7b0f5b8-11402.manifest
created: c/f/9012dddaa276183cd6ed6476c18340-3998216.o
modified: 3/a/05c2dbb2d15f54c5a2c3da3f2b8679-65639.manifest
modified: 4/f/b003ad29068adbfc53e43f4d5f597b-23572.manifest
modified: 7/c/8e30948c4afb003307168d490999f5-3783.manifest
created: a/0/ed4d582affa4de022b978557cc0a00-1780933.o
modified: e/5/1df13802ad0786d19125d2e238d237-10416.manifest
created: 3/0/03d54356824504ca759b5eeea15b37-4723723.o
modified: f/9/45e923d6f80dfa65f19c4aa5de1785-9268.manifest
modified: f/9/4a14a2e6b1127c371090916f5cc02e-11765.manifest
modified: 8/5/04989db00e2d10d4480a50d2882da5-5945.manifest
modified: 8/0/43172633b9b71ab7ecd029b4ded39e-1469.manifest
modified: 9/c/5d3427fceb0b18ab29e3f00aa57c04-2278.manifest
modified: c/d/83d74122f1694192bec9f05a9b5645-5657.manifest
created: 4/f/311e3bcc68e7ab8683ea4c0e93fce8-4011860.o
created: 6/e/b9570439a7b51cf11611c4dd3195e8-4983827.o
modified: 0/a/186cecae02357df38d074626faa424-7343.manifest
modified: 1/4/ce977c9053e20db6a31dc23a591f9e-11224.manifest
modified: 0/0/aa375d2793cb049bc37306ce4faabf-13335.manifest
modified: 2/0/e9c27baf50b3061c4d3a4f1bb1ba71-6300.manifest
modified: 6/a/5c163367ce48f981515cc564240f42-4668.manifest
modified: 2/8/d6ee8b18c16596bcfd49b1325ef781-1985.manifest
modified: e/6/28666fb38c383828f0d7a24e276365-2007.manifest
modified: e/c/afc66ea7a0a21f5546abf872b96cac-4772.manifest
created: f/4/141c36429a28eabd477a0a49d28216-5139313.o
modified: 6/7/bdc6960e0973ad74fde6a19c777965-2017.manifest
created: 9/1/af998604efdcdb94e2d838561f0b45-4873116.o
modified: 3/9/7dabe576a8a181b22b33a8a0c8e5e1-8464.manifest
modified: 0/f/0a6f84435992eb122e2c3ffec0dc92-17854.manifest
modified: 7/d/4a9e92fdea9d7729bed9a3cbdb5cdf-1754.manifest
modified: c/0/612f63547ecf78e71cc4b4c2e173bb-2322.manifest
modified: 3/d/de46b6d96b48c43fbfb0e998d8bc61-33005.manifest
modified: c/7/4cf3f9425ca10c0c643f1d72681813-5016.manifest
modified: 4/f/9f1024bb5b4919493c48778b264073-2650.manifest
created: a/3/f81c1bbb1105bee0a7631c083fb173-4138234.o
modified: 3/9/9921f532e56fcc80ff2e955b5ac46e-11364.manifest
modified: 6/4/d96a246747a768861859a890156f35-3525.manifest
modified: 6/4/ab3eb9e8af44fdf0340ba7b2589dc8-5423.manifest
modified: e/7/1a6c03b137c8342352c6a6f5eb89a5-17832.manifest
modified: c/2/6e87fc615a911fff45ef2d91ddc949-4481.manifest
created: e/8/6bd36daa4c1ed2775e20793ac325c7-4654152.o
created: 9/8/93a161c60afcfb240b6f0c8990d123-4996042.o
modified: d/d/fdaf8bfb1b2abeaff035b64fda084e-2961.manifest
modified: 2/8/b52a69032411ec60eb90aa61914122-2714.manifest
modified: 7/2/bafbe2c48027860726c1abb7cc14a1-5914.manifest
modified: d/3/d88034b87d29e4201890fcd2fdc276-2509.manifest
created: 2/a/be2ee0cc1e7dfc05f64cf9cb065aa1-4584508.o
modified: 2/b/6935d2b66d9b8611d89e4399d7ec1f-2596.manifest
modified: 5/b/d1691f42357b31506b89965b651c11-3254.manifest
modified: a/e/ecae50da0f4dc7d1c242e69b43d411-11708.manifest
modified: 7/4/3362e27c5e50960a75845958908657-23529.manifest
modified: c/c/9ada3df6c90041c7d727f33cfb97b5-7127.manifest
modified: 1/c/8f4ffedd32ca7ef2c3f42c1f80111f-10710.manifest
modified: 8/6/29ea8b6b8c96ba097b465396863285-5563.manifest
modified: 0/0/453a2168a303965afaa84ecdb8040e-7144.manifest
modified: 9/7/eb14507bd095b15557d03944ff0e15-9983.manifest
modified: d/d/9f2ab8756af9d4c3c9f3860094eeb9-19519.manifest
modified: 0/8/55422acfd03b56273d67bb65c8de9e-9353.manifest
modified: 4/2/392143b9887dc2dfe47c69574a0abc-2381.manifest
modified: c/7/20a3dae22f8f412d8576b84486303a-6555.manifest
modified: f/9/be80b8cde232f13d00ec760ed9e688-10354.manifest
modified: f/a/308d236ed3103c4eb38f14e197ab02-2081.manifest
modified: b/f/75432e1e5c7c6a472ef61d7090bb3e-2772.manifest
modified: e/1/7ce7fd525acff37435e9469fd2df73-3253.manifest
modified: 5/c/611274a535498b4d0c60553dbd8142-7267.manifest
modified: a/3/eab2db68197bd09d31784889ab4a6e-6996.manifest
created: 0/9/689c51ae2312048594019914b86cdc-7045854.o
modified: f/1/5691ed0abc115b8223f0e43d48bedd-3136.manifest
modified: 7/c/360841c77895c5dcbbba8dfb0a29e6-18481.manifest
created: 9/f/46e38f10b8e8ff3bd52c629b073749-4548867.o
modified: 4/c/9aefc86a0b1666243c32ab2a0cc883-6955.manifest
created: d/a/6627612b28c52711a6300d2fae24ce-3331630.o
modified: 0/8/ae29d64c59b589e2476acbe43ddde4-19654.manifest
modified: b/c/fd7cb4fd90d5edfe55c99175f6f618-1923.manifest
created: 3/1/5e528bd3a1bf4ef665cd336d4ffce2-4484965.o
modified: 3/7/10b2aee0f4c88422eed59e135acf40-32724.manifest
modified: 9/c/68b67c7d0da3535c5e06eef1168189-39458.manifest
modified: 5/f/48fd5495e09541a89058116121d8c6-2503.manifest
modified: f/c/813b339744e6b2e45c8fc303ccfe12-2426.manifest
created: d/0/48b39ebd55081c999d149067525601-4588268.o
created: 1/8/0d908a314b244b5d2f5fbac125fe97-3953847.o
modified: 8/9/a5daea58c67b32072a63e667cb82c6-4070.manifest
modified: d/8/328657016da519c6e772a620e50dbf-4280.manifest
modified: 5/5/b6b877af0c27f9572f8948df607406-2616.manifest
modified: f/6/fe6f249cf3584672e63928cc74cd63-1901.manifest
modified: 5/e/8179f4ea8abc7f0f1e12045a706a4d-2759.manifest
created: 6/b/e03bb664f750ff27370d2985fd9609-4845472.o
modified: d/3/d2bb0250d6610aec45479a4d3c31f9-16016.manifest
created: 3/f/9a1b159028b19a7cb2e45f34006aca-4483611.o
modified: a/f/74bcd3b93f8bbf5ff4deae08c474c2-24499.manifest
modified: 5/0/4d5e4d62305ba1971551b64f85c030-2508.manifest
modified: 3/9/88681697526f801357baacf9e74a59-2774.manifest
modified: a/9/19cccc180fafc4db0f0ea5059d35b0-4909.manifest
created: d/c/04d3d95b4d62f54a72875ae4727b1c-4027450.o
modified: 6/a/83af26d521b20c83d779959634332e-11450.manifest
modified: c/5/122ad22186dcb6f5ed0ae64caac474-45359.manifest
modified: a/3/d164946dcbd90de34091a99853df0d-1981.manifest
modified: a/e/376b8c578dc49a5eb276081706e10f-14472.manifest
modified: 9/0/cb35508bd2873fedd8b47df51016c3-38242.manifest
modified: d/b/46963228e71b23bb24fe4d08c126e0-2894.manifest
modified: 0/9/fa65ae652b1bdf0937bacec6e69976-11939.manifest
modified: 4/9/4a1fc8c1e819263747c521b37cc43c-2569.manifest
modified: 7/0/4fb646fdc11dae95990ca7ccb11a7d-4498.manifest
modified: 1/f/d6c6c9662e8f50066deeeb06004106-4791.manifest
created: 4/b/e06c46e2b21d5bacc77db4b91041c4-3601903.o
modified: 4/c/3c85c39ecbddff12e621a52ac7f71b-4048.manifest
modified: c/6/6bb030ed9392c6e0132eb5122ce494-7543.manifest
modified: e/a/e7a45b35c8c98c2451ae48270f93a5-3029.manifest
modified: f/d/63d17f65a00b7aa6e6b8e2b28a4c4f-3637.manifest
modified: 9/0/b3acd070d033823d80c3a43745adc9-1763.manifest
modified: 6/0/45aece4a35f1fca41cd46a021b92bb-1681.manifest
modified: a/9/cd19b3b545af5ae25700638f0e2bb7-14750.manifest
modified: 0/4/b04a32f3e4c6fd56dadd804802d708-8509.manifest
modified: 5/9/7c5fc2c19674d5248b9b731a313921-3034.manifest
created: 8/4/f46a3f0ad3e70fd844ed92141cbb78-4585369.o
modified: 2/e/dd3bc7c0e30c222e19c58d0da1dbb8-44490.manifest
modified: 5/4/8bbe13f916f4c68a595f8f7e85e054-5401.manifest
created: b/1/01b714161ee0a50e6e4eb39d68dee9-3249849.o
modified: b/a/03d030b79416bedfd68c10cefbcd64-6105.manifest
created: e/8/c376a1ac37bedb5eedde1f1ba75bf5-4479288.o
modified: 1/0/feb771f6dfccd260bf76272026efc3-6807.manifest
modified: 9/1/53c7ba49696308c37dd8e8559856ce-8663.manifest
modified: 6/e/38dad33e1e7f7a67f8d024c0cbce78-3706.manifest
modified: 8/3/4f75311e03e5045a496ee78ba2433f-6801.manifest
created: 1/c/986639074cd99eea42c7262eaa293f-4878719.o
modified: 8/5/eaca3e81772d51c53c14819d8535df-7490.manifest
modified: 2/e/c321785278ff0c3eee58053d98a4fe-80571.manifest
modified: 4/2/9aa106ac9411c5a072119e7e1a48c2-13206.manifest
created: 5/1/064f76d0176e72f0517c7ab47f7250-4439090.o
created: 5/9/c2c24604717fdb5572b7d5c55982cd-4134977.o
created: 7/9/50e9bde8276cf4437ac69ee7777f56-3941428.o
created: 1/5/c15884c733191548ce4f8b102a0922-3936264.o
modified: a/a/b98a78c28249cfee1f0840da7614dd-1688.manifest
modified: c/1/b407a88df6d800bfa4b35854447428-4128.manifest
created: e/d/b1fb171e7fd82663e33cc1893d6baf-5080666.o
modified: 3/f/fdd7081de51b8b6b7640ce66de9ce3-5829.manifest
modified: 2/6/7d31c51553955d9de76ad70121456d-13343.manifest
modified: 0/7/e7e0656aa16426b39ed3f7981bcea4-3652.manifest
modified: 5/1/3c4c1a28912cf6807611933e1e7b2f-2611.manifest
created: 6/2/9a850dc9cb2f29ab4761785200e6cd-6434231.o
modified: 5/0/c438736944d78629a9e7a38ba10eda-50179.manifest
modified: b/3/e1cb05433cbdf39b1bc88bf2e600e9-104820.manifest
created: c/5/452cbaed5c029a4090737ab54e477b-4304422.o
created: 2/9/58fafa9fd0a69978132719e0ba919f-5102764.o
modified: b/3/35d7d4037709d097378bfcebdb9fd9-1434.manifest
modified: 7/d/fd93b4ee77f10440bba93c68e13a86-48730.manifest
modified: c/4/a5d9ff264f5cc2f4da2f96f105b632-2231.manifest
modified: d/f/01a6b4dc3b44ad92b22e5e55a98d69-16568.manifest
created: 0/e/e3a86a0cce12f6f859ec2d87268a0e-4016497.o
modified: 3/4/df58d7243e315f5fe5fceca1a0e08b-4055.manifest
modified: b/1/7a180ca04c2c88556f2e79809153bb-1897.manifest
modified: 0/8/51b9b23380c5bd9bc51f6b9c494d8f-34962.manifest
modified: d/c/08ec2371ce8d7c652e7bc96434236d-2536.manifest
modified: d/d/ccfe6ee05f0618a85ec78c77605f52-6398.manifest
created: 4/0/71203c97e91314ddcb80722f49244b-4105428.o
created: 9/6/40b0515e7cedbbc9cf3cb7639a5854-4528298.o
created: 2/3/6c6f34fce9ce360b763903c2e27ad1-2813.manifest
modified: a/5/386ef6a749b879b2c6f767a120ec14-7598.manifest
modified: c/7/1e52feaba13f32ddafa35e59fd336c-3261.manifest
modified: 3/6/56c273a9b14b6b0e237498d6b7e482-2153.manifest
modified: d/d/f56d37ef6d6da8fc3e84b1cf2c475d-11127.manifest
modified: d/e/5a9daa9ff3e4212781cf63df77ee53-11512.manifest
modified: 7/0/bba8ef7f20eb63580d83ae773f4534-7563.manifest
modified: 8/9/1ecdd09bdc0d01e3fc32003cff8485-104114.manifest
modified: 8/0/940016d121ca03751603d152e61a3d-6832.manifest
created: b/4/e349c0d1096bde035fb6e63994953c-4952574.o
created: 1/7/016345646730ae330ec9e61567438b-4518517.o
modified: 8/1/591085709f0d1f040eff696dd0b2ad-3359.manifest
created: a/f/0148ba930d9341d8b3cc8e49ccc8e4-5558628.o
modified: e/d/b34f7df5c22d3e60953d73d2b5bb47-19145.manifest
modified: 6/4/5e4a3d45c5cf33398d9109795a1097-13761.manifest
modified: b/f/4f52f0d3c1c5fb36c62e23501f04ab-8988.manifest
modified: c/b/854d47e9508a4c12d7a017177cd3ec-6542.manifest
modified: c/3/ae4acb65d537f6bd2241857468e539-8248.manifest
modified: 1/3/f91bd5ffb0034784dad0d89a619ed5-4009.manifest
modified: e/9/35c2e902c055a7f3134d83d0c07f8a-2307.manifest
modified: 4/b/69b8b9ce57deafc937fa5b4058470e-1859.manifest
modified: c/2/3d5914535cb655966759c9f43dba32-3271.manifest
modified: d/a/3c95fb92ddef15e40e3f3f8fcc0a91-33203.manifest
created: b/d/96f42f6c8217a4277c65958e4a2294-4450977.o
created: 0/b/01e305ba3a02974cc310f936159f18-4420896.o
modified: c/9/57b1be95090d4d49c227b652d89c9f-20119.manifest
created: 8/e/97401cbd96f494ceebb6f503f001d8-4535959.o
modified: a/9/767e6a8f40a10c2484677f7ee95cd8-14781.manifest
modified: d/2/94e946da1315792972dd385adf37d8-33678.manifest
modified: 0/f/4e95b93736d82e3421ffabf05dea71-2866.manifest
modified: 3/e/19da8d65543dfcdfa376665610e5d4-3097.manifest
modified: 9/e/056dc1267bf961c1b76d9cb552dfed-3116.manifest
created: b/f/52da56f50415f5e4e4934c6921c0d7-4681119.o
modified: d/a/424f65cfc8fee971e3aa438e028f8d-1842.manifest
modified: 1/stats
modified: 5/5/c2797f71cc793dac607f892ab51011-5217.manifest
created: f/c/0c6333e4cd6c5ddb53c214a1860e19-4585148.o
modified: d/b/8fd2ff17bdec6c34ed8aa7e9b3096b-2954.manifest
created: 2/9/c6f74af75308eaf906bd6bd3c09e29-5245739.o
modified: a/8/e52eaa6e350403e69da7644c58342f-16007.manifest
modified: 1/d/1fa1dda1615ee9626fd20e584cc617-3676.manifest
modified: d/stats
created: 8/0/06dafbb3ea1a73782cc7d7844319b8-3284914.o
modified: 4/1/45ba5db15caa244a011436b359270b-31228.manifest
created: c/2/e7494f9c2bb3735b8f389de1668339-4036597.o
modified: 0/e/e4cd74333fef99445d9332f46bde6d-2928.manifest
created: 8/3/be3bb790b364d7176880a3ee7c5dfb-4602944.o
modified: 8/a/e94a0928c25384026c182d3cc8b05c-6028.manifest
modified: 0/7/b2be7a7a8c04b9ba93b5f27140b5d2-6549.manifest
created: a/d/574d8a84e28997a73739e571553baf-4021475.o
modified: 0/4/80401ad99667c297e73d240318b501-4090.manifest
modified: 7/6/ef93772e073db3eaab527b9e47c86c-7031.manifest
modified: e/9/398bd63e1f92794f9e52a8d6e397eb-33493.manifest
modified: 2/a/75258bfcb091a6a95c2a68b6df8e91-7958.manifest
created: 5/3/ac746ada86ba37ae6f14145e8f8b67-4973775.o
modified: f/0/143007a6b2bfc8376321e6b47eb96c-19461.manifest
modified: a/2/3eb11a295405dc567e4229ae4be540-8543.manifest
modified: c/1/f9915d31ae497257f824aff905fa27-7918.manifest
modified: f/7/855f8491147c550cb006e69c9c8404-5957.manifest
created: 3/c/5bed78c90e5ee67c6a19faca764dd6-6562433.o
modified: c/b/25d291381ffccfa6a48fe2d9f93555-3907.manifest
modified: c/9/4cd8767d2dc6b68ac663065a9c4801-9044.manifest
modified: 1/d/1c2213671f0573e7e1267a5a5ab2f3-5847.manifest
modified: c/4/a738188b784245cd0a8f914670eee1-15725.manifest
created: e/7/55c53d25be8ae1aaea9ee670f3b942-4484953.o
created: 1/f/009bb053d86e2dc1b5d37d53fc18c3-4488854.o
modified: 0/1/254c844a76099d2f7eed041459dede-10257.manifest
modified: 0/d/1647fca2042c56800b20e14dc0287a-3972.manifest
modified: 8/4/cd66e1112971d982d8e3d1eae3ad89-8415.manifest
modified: 9/0/8f76f1125d07a344a9c5baef65f817-5424.manifest
modified: b/f/5e4db7cf2f47e3e40a40e9f1e26b9b-2724.manifest
created: 9/3/262c44d53cfa7b88b4d84f33cb33f4-4867747.o
modified: 1/f/4b4c5a29ca7b31e81e58f17b44453c-14051.manifest
created: 6/9/b677c9549111141d745159084a4908-5010227.o
created: 2/6/44529769514499a16571d71de669f6-3218545.o
modified: b/stats
created: 4/1/e0f53fc7cd1c0dadd12f9c97ba2bdd-4076946.o
modified: 9/a/b6c312f0e6f277cf30d6eb14bb1ddd-2821.manifest
modified: b/a/a65663e9eb90921a4e1d2fe2811ae1-12338.manifest
modified: e/a/d733776f9f496042fc3945f0fe2a44-73196.manifest
modified: 0/b/ee288c790084507de978e0f4929f87-7447.manifest
modified: 2/1/64980fe58356b3827301bcda8b3d5a-2051.manifest
created: f/9/c222f27ea880d57daff8bb920c1048-4052029.o
created: 6/b/ad5ee520fac2f48cc0f8abc72eaef8-4925477.o
modified: 9/8/115d24c9267148a178565a6dd67ed6-24006.manifest
created: d/b/1d8a2cb7ed0171961520a8ecdb1f35-5019064.o
modified: 7/a/cfb80bbb5753c44515e0a56efc4977-2987.manifest
modified: 7/5/0fd0c99ecda2dd5d1673012f168359-3187.manifest
created: 2/0/038b088a0697b6713461583bcf6459-4456182.o
modified: 2/f/4b5d22b3855c69a57aec6b324610c0-4694.manifest
modified: 9/c/8e8efd50a9cd9f769847237d300103-2531.manifest
modified: 7/f/d04f88d88daa129a20a5c8eae863ab-9528.manifest
created: 1/5/1b4482791bd3e9aed773d8cd85dacf-4011985.o
modified: f/d/66e856e0a5ee9ee8fe16fcfd776494-9201.manifest
created: 5/b/7651a968795daf6c38f2835a2749e5-5227225.o
modified: 9/6/1ba440a93aa59639af5e1e59f25fa1-13103.manifest
modified: c/b/67d621e3b848139e2a0c37be37999a-15899.manifest
created: 0/0/1b082e0894f6620976413e05e67ded-5731345.o
created: 9/3/ad278c7ccaf89ac24ff14ab4a92847-4723711.o
created: b/d/9c852a48bde6417f1c77917728b037-3915412.o
modified: 4/9/c458f1a64c7c281198f994cc74e857-39227.manifest
modified: 6/stats
modified: 4/5/0bf991ccc63c05f7227d4a84f3dcf0-88598.manifest
modified: 9/8/d0cb05424b3fc5b3a22351291767ea-88836.manifest
created: 5/2/9eb521e07376bc06c7120a63bc6b76-4085928.o
modified: f/a/e3bb1a71e32a6453cac3440e849b48-3408.manifest
modified: a/0/98bd2fec3a62cb70d866c88c26639d-3761.manifest
modified: 7/5/31a41869fe7cdfeb6a314ad95e90bc-3686.manifest
modified: 0/d/ed34c8beee08529629990d0172fa2e-2483.manifest
modified: 2/a/14863d0fed7a24c2463041437ec4a6-1742.manifest
modified: 0/stats
modified: d/8/c9e24bd64f9e6ff9d6d887e3dbe80f-8132.manifest
modified: a/9/faaea369efaddace132e68293b662b-6629.manifest
modified: f/f/6bd46c3a6d3e03b01c39fb0bd7562f-5465.manifest
modified: 4/4/be16cbb436afcb46c8807fbd125b31-5221.manifest
modified: a/f/1dadedf79047ef6e536ea48157222d-15495.manifest
modified: b/d/69f6066c7d2e96da3e1453e3c55ccf-13220.manifest
modified: 1/8/65520c17e42aeab4289624be2bf243-10153.manifest
created: 9/3/31309ccc72b3b9ba72af42656e85f9-4575568.o
modified: c/1/4fde67d6650f9af4ab17d602db6a80-6061.manifest
created: 4/0/338b67584bf8d48aaa6e8109f29288-7139780.o
created: 9/4/c970ccc879a29c40c73a1909f17d2a-4453227.o
modified: e/1/8b506152d38082029d5bd179a8b13c-7583.manifest
modified: 3/2/a737631ca49300b33a09f43da23204-11308.manifest
modified: f/1/93ebffb03aa70a9ea61168d3e9d551-7084.manifest
modified: a/e/cafaf0b4679eb9911ffdfebff874e4-5177.manifest
modified: e/e/8d4f6b552bcd7f24e0090b36024cb0-39172.manifest
created: 1/5/cf1352787200dc36afddfc0dcf17a3-3835054.o
modified: 4/8/3f87367202703b364f22a3f145e0b9-2641.manifest
modified: d/b/f4ca7d35bb92db8e4a60ef5a00064b-6121.manifest
modified: a/0/ee801655c05b6ddf67300cc172e64f-5745.manifest
modified: 3/b/6072961faf747224e36edb511147d8-5179.manifest
modified: a/7/7732321e4c2a7bfc47b41013764315-6456.manifest
created: 4/0/6a1e99c43d78e2fd2ad60eb759a1b7-5870960.o
modified: 2/9/3b60fb19e53d730efbe636974250c1-11796.manifest
modified: 8/4/21656209d0d74752e530118bc633b0-2989.manifest
modified: 4/4/c849c69dbf6c687ea82d2747b05906-2926.manifest
created: 9/4/1e172ad6e4249c6c387595eab820c7-4847008.o
modified: f/1/e6274a9b018103c24b8535eaa84566-60784.manifest
modified: 9/0/b6b0e9053309a2039bfda18c814755-46269.manifest
modified: 9/0/d21ba4098ee6110f2b2e78d9467953-3519.manifest
modified: 2/f/52e2fd11d5afc07a534d372a6cf289-3286.manifest
modified: 7/4/622f2b38d5ce49a6a4262cc862017c-8669.manifest
modified: f/f/8e7029632e68a56f91e0b3ffd724b6-14611.manifest
modified: a/d/1306c65c3ad09fa10abf5436f4b8f9-1783.manifest
modified: c/d/bb63016f38151711cda5bce87e64be-7077.manifest
modified: 2/b/4cdceb90e452ae5f4ea53b8079285a-256073.manifest
modified: 4/d/4972f54aeb90f6ac063226db5c0b6e-2361.manifest
created: 2/8/b89ec820851c6d19d45ab663f0aebf-3254919.o
modified: 2/5/c1840ebee320043bc088d434374e85-13728.manifest
modified: 6/9/16fef1ee47846162b3f1cf55a1cd0e-8631.manifest
modified: a/b/fab85c8a7178d756d29b432b0b1e2f-11783.manifest
modified: 0/3/f7fcd5e8aecd1687ca30746d0c9e54-3234.manifest
created: 5/c/279715d80069859ded2f93223cb870-4173679.o
modified: 1/c/4317135b7d5c6675c20e7fa673fbdd-2988.manifest
modified: 6/0/4607b2ac61b9b89521b730c91297b4-86626.manifest
modified: 9/c/63b2c873aa8ca60b14d636e68bb956-4824.manifest
modified: 2/d/42e2624e2bad6902d3e60e4f2cbac6-15781.manifest
modified: e/6/6b51e2cf6ab53d611d126a55059693-28136.manifest
modified: a/b/5f3354eafe17fc3e1fb7908b8df2d5-3468.manifest
modified: 4/e/867b6550c75a524258c3b19377b675-44816.manifest
created: c/4/0a108a262cc3d458052c2993d8d8bc-4456194.o
modified: 3/0/f02433d32992c8fbcb49db0c9eb90d-12811.manifest
created: 3/b/999b2eb93b91098b6ac5df9228abcd-4997797.o
modified: 8/2/eb1fbb52e47ad6e31139a58eb5acc7-4619.manifest
modified: 1/9/39c7ce69ef7158e597432931f83144-2142.manifest
created: 4/3/4818c503ff754219263c66d0562642-4483623.o
modified: c/0/dd970e4caaf6a2bd60815293105e2b-3317.manifest
modified: 2/f/0ce243eba556b07301e7fbff65aa63-4827.manifest
modified: e/e/c7f94cb7cb3932e42de5e0d0e0d337-12385.manifest
modified: d/4/8526dd03efb08b664eb65a362b6f5e-8650.manifest
created: d/2/b5bf2ee2b0a197375fe4fea571e72e-3944273.o
modified: f/8/002bbfe551dcb4855762e3294122b3-3061.manifest
created: c/e/5433289c6da1110f5b859dce9fe5d7-3605721.o
created: 0/d/4cbedb61e8d2aaa1935579f9df27fb-4449719.o
modified: 3/d/45391348546241e8d90352585fb9dc-4289.manifest
modified: 4/4/e3a56adfa7f01a856699dd4f80fa1b-14304.manifest
created: 4/9/c93bf59700b752314896cccf5ab3a0-6328292.o
modified: f/0/6f30dfd6a32ad73b2dfc40ff91c009-7097.manifest
modified: e/9/96a5ed85fcca2b6000acefec16b39f-3991.manifest
created: 5/5/c167f443377babc5564936bcab3193-4413309.o
modified: 1/7/5a06328aa869ec4317b8bd9575805d-14018.manifest
modified: 8/d/0c6cefe78bf6053cc36c2ba07a07ca-18536.manifest
created: 8/6/9ec01d3ccb0dcec35f567cc3de68e2-3913779.o
modified: b/f/0b556a9efaa65590ad3dc663564ddc-2035.manifest
modified: 0/2/4fd9e4916938e6269b0a21b33c6b81-3733.manifest
modified: 5/5/18d7e783dae8ca65d16192bd334243-15753.manifest
modified: e/f/c8f6d3533022dffaa3f0715a4af162-2659.manifest
modified: e/a/ece162fb81ddbafc63361d8deed5aa-4194.manifest
modified: 5/6/db71fa9dcb4ce32b63e686024f3b8a-1868.manifest
modified: c/0/be990b41219450f76ce310fc438f50-1685.manifest
modified: a/stats
created: 3/f/d66641ee3314b15b024b970a7931f4-3936151.o
modified: 3/stats
modified: 4/e/84091142d8ecbb8caf6ad6d0682968-2125.manifest
modified: b/8/fed2a670fa9b84de49fef969dd443d-5598.manifest
modified: 3/0/fd480c7f0762cab32b721beb870940-31892.manifest
modified: 5/a/06e24483ea4231ad230810ddd940b8-4381.manifest
modified: b/f/c6317d8db0b001fb74e689b1ff3c70-6804.manifest
modified: 6/1/2c3811937cdc443a510a1319a368f4-4671.manifest
modified: b/8/970516fdd6c705729255f5310396c3-13811.manifest
modified: 2/9/729c3172b4b95b2d8fade765825d0c-2790.manifest
created: f/a/b6ad68360fa1bc3605875ddd53d251-3955909.o
modified: 7/7/4c2c9df7d5131ec950b22999cb9cd0-30927.manifest
created: 6/6/5048b5b6aa00319dc5163b22f6f297-4513770.o
modified: 1/6/0213590dde5483f1417aff88f3bf00-11645.manifest
modified: 5/1/f7a1eaa361fb60f42751d7b89bfb0a-1877.manifest
modified: 0/5/a1b334b991452982df546ef0355e77-2972.manifest
modified: c/8/0ea1c8f0b914b4c39969bd6a9a66fd-9521.manifest
modified: e/c/b47328d7404ea069809a7c6daad4e9-1772.manifest
modified: a/d/7c19b5995515911090fe9374e980f7-6615.manifest
created: 8/4/e83f80333538cc4bfb9789e1bda9a9-5030114.o
created: a/b/1b79e181c881c3d64142864441f658-3933852.o
modified: 6/f/1f70759d1465358f243438b9afd3c0-5428.manifest
modified: 6/a/0c1a09022659c3e331260910b944aa-11905.manifest
modified: b/d/5c4651e423db90eb634c633fe6e10b-15854.manifest
modified: f/8/7d151a79bcbdb18948d96ad9ff28b3-1836.manifest
modified: 2/stats
modified: 1/1/5e47b063cbb6b0d60e28a7647e1057-5169.manifest
modified: 6/8/d591ae73f54994e8be87d866c7e33f-6547.manifest
modified: 7/0/f8a29f01268369447fc08af0f5b305-7844.manifest
modified: 8/5/be1d505acf1a55006c8794c0b20edb-7073.manifest
modified: a/9/5bdb358948c0b1331d6e0f0fbc6f02-5489.manifest
created: f/4/33d025073a2668535cbfc3d31d123e-4544163.o
modified: d/e/855eb96bd745a71411306409f57e82-3435.manifest
modified: 1/e/8d60340cbab4bf14cd24bd390c2d1b-3016.manifest
created: 1/6/e0b74f8ffac9f08ec747b1067a1743-5042497.o
modified: 0/5/7f176e76aa6b4a5616e1fae5811b05-13851.manifest
modified: 4/6/d2b80aece2b28ec79e82bfacb60e1c-43355.manifest
modified: 9/1/598d051b6dab9bf873400e8fd8583e-3531.manifest
created: 4/8/8bb32f9a9a7ffc9a78c93d1eaa346a-4479077.o
created: 7/b/aedec894fee8030ca7fa5930373a04-3948385.o
modified: d/7/9aac2836434bb18de162f9027bcd9c-14026.manifest
modified: 1/7/7155c5c80c507bde6bd09f1e758b18-9363.manifest
modified: 4/d/6066f959530881c76f82e48dd0d21b-11011.manifest
created: e/b/a21b4a97f46f12022c893d3af5d4b8-5046476.o
modified: a/0/862b835e0125e3734aa2d6b7dbb99d-48795.manifest
modified: a/2/d5c230e1af7b7f4b154a6f59c9bedd-9764.manifest
modified: 8/d/11bcd1b43b0160beb1d9dc5033c23a-7229.manifest
created: 2/4/f94ee213d24447b29888055b428776-4514804.o
modified: 2/e/5f377465544a0ed7dd13491e23564b-9792.manifest
modified: 4/6/a9a6b330eaa0df0e875013c2699f10-3003.manifest
created: 8/a/fb556e5e239a0f9ccd8f4eb7275a58-4514792.o
modified: 7/e/985f9396f85629de844973052149fd-1859.manifest
modified: 8/6/3f80a84e7e984eb9696d89cb5311c9-2046.manifest
modified: 9/a/75a56ea61e79130493051469278eb5-6417.manifest
modified: b/3/a04d86db094393e1ca324828fa5441-3013.manifest
modified: 6/d/f87741fd9484df5dd9ccfd19d7009c-15907.manifest
modified: 9/5/19acd3e2d3c0945277ee604b60078a-7813.manifest
modified: e/3/385ef98d518b92c74b50672230833c-10647.manifest
created: a/8/0d9fcea7932b2de136d14bee91de2e-4496548.o
modified: f/a/d3905dd9558e860d65dcb9a6faca11-11455.manifest
created: 5/3/2bbdf49d2557fc770b8cd707f7af40-1780965.o
modified: c/e/dd7005535f0c26db3039e656937e39-6598.manifest
modified: 0/1/2372495fab01bb181f157a3ae3654a-6498.manifest
modified: c/9/445af4e33496ebca779d37c57d44a2-24383.manifest
created: 1/e/007996d55b56acf9880fe86393817e-5043017.o
modified: d/8/ceb8c1ac3b8e274e84450c10f42031-2970.manifest
modified: c/1/0bb816f9582ee42897d709f589f102-5415.manifest
modified: a/1/48dae72038686c9c1d27eb7a9cd722-1793.manifest
modified: 3/6/c09d6d96643e4b9c5c31b0bc021233-10078.manifest
created: b/d/c8fa0d8bc94ae9a1389b87bce40f40-4618584.o
modified: f/d/17613fa99df59dca8cca32e5ddb96b-1954.manifest
modified: d/3/fd17b41fe006cde12dd39acb0d7828-20702.manifest
modified: 8/e/014778f9c2f2841b9d8b68ab0d7c7f-10677.manifest
modified: 7/stats
created: f/b/48dfe6e0714575aa9c0e6e4d74ccb5-3920377.o
modified: 4/2/b8a77d10e2b7e8d6b146463c5c4385-6514.manifest
modified: b/b/2f38f3d7742a0db2a04f51a8cda4fe-11697.manifest
created: 7/b/2ba56123fb31067febd1860cd619ee-4580275.o
modified: 5/f/4f0c51eed24dbd6640965b321f593a-34667.manifest
modified: b/2/8ef306d951ef57b03de9841beb7318-3414.manifest
modified: 2/b/e462154c51ebe423388de4639ca406-30831.manifest
created: d/8/8719e3770da183a37d8270b134c55d-3956984.o
modified: e/9/cf72f5b62108cc837b1518d0cd821f-16839.manifest
created: 5/d/7253c94bf35304185c07b9bc2f635e-4662993.o
modified: 1/6/fe492aa16e25be115fe5a2b8c52383-19858.manifest
modified: f/2/14877bf8bd989378e085f07d9882af-3785.manifest
modified: 4/e/0df21be147c67e36a81a20331c054c-36746.manifest
modified: 6/d/62f732407a708a8cc0636f8fc1b61c-4981.manifest
created: a/9/94244ad47c5d71a981af582a6394c6-3222615.o
created: 8/2/8d3cff13168e762453c8b02228c827-4466951.o
created: 8/0/3a5c93e16e59cf745a9347ac4a070f-4583673.o
modified: 5/5/3c8e9d56699f436e9cd42795d106b2-2365.manifest
modified: f/a/8705a0bd4bf81c58c7bfa39ae52755-10524.manifest
created: 8/b/36a475d1670bafebe5c8656e561912-4149761.o
created: 6/e/5566bc3190d290cf7ea05a48ca61b7-4011973.o
modified: e/4/7b4d1b3f2c42b568623ba319dcf050-17312.manifest
modified: c/3/2d8e4c069d077e291597a5ab514f9f-3138.manifest
created: 6/b/a3772bf1bbc71690871024e207f9f4-4727553.o
modified: b/f/d65b331c24033ed193d8a4f0567b73-3428.manifest
modified: 1/5/5031cd1bbe30b0bc355f26e424d262-24554.manifest
modified: 3/c/d7f03219a4e85496a0b05c8509bb08-3868.manifest
modified: 1/a/8ff33bec028dfe8fa218ae2716d143-20768.manifest
created: 4/2/7e2155936d877021a5bdb179454621-4968449.o
modified: 0/7/754a100626934b0c7bcdbebc674aad-16784.manifest
created: f/3/e9ade81595bd3e0d97ecd259f71d7a-4055050.o
modified: e/stats
modified: 5/2/dc1317b85300eb6fbbd4bf60bb177e-5808.manifest
modified: c/3/38cca80ef41f7eb10f6f66894afc50-5242.manifest
modified: 3/c/0f16108e432428dccb681b155a55d5-2092.manifest
modified: 0/7/32e33d2a72a385f5dfe9f73e9c5726-3590.manifest
modified: d/a/79cabce80f49bdcbcc964af1f6db75-25871.manifest
modified: b/5/f8a4a1d29e4179a0a0b946bceb67dc-3230.manifest
modified: d/c/18288316b8ee4dd9710ba3fe88c615-46777.manifest
created: 2/7/631f84825788516761a9a1989356e6-3960264.o
created: 5/3/c30818f779498c6a17b2fbedf27f07-4982219.o
created: c/d/e88256ce459da3c150ecaee9eaf2aa-4970441.o
modified: 0/c/9967c3005d02bd71e2085a87188f3f-5988.manifest
modified: 9/1/36791b28451fa445469f9202182d56-10368.manifest
modified: 8/0/ff6a0c6b0db54facd6c64fc45d373e-3492.manifest
created: a/d/687396a65010978ef7f3654047b1db-6294352.o
created: c/d/63cc0d085feca3f32f69a68ba30f86-4390256.o
modified: 8/e/5cd87ac813dac0826d5954cf4992b4-5739.manifest
modified: a/2/4ed32d41a2a0a4cd2b5d924d2655d0-27533.manifest
modified: 3/d/d616e7ed2294bbfadddeaf1d8c7e94-7742.manifest
modified: 5/f/7c6ca5d927160e80c8eda4a886376d-15441.manifest
created: d/3/6fa931f075df9fdd714bb653506269-5046227.o
modified: 4/b/a430c64c3138f307fd409b9e1929b8-88558.manifest
modified: 4/9/098bb80368a4e9e1d0893b6829bfcf-41562.manifest
modified: 9/b/e0d9a17053183bc0e1a7f5081dbb6e-8010.manifest
created: 8/0/56c4efc8cfe4b1d50d853079ca51fa-4011220.o
modified: e/5/0d1e6f4608aef487a34d0133c53ec6-1571.manifest
modified: e/c/6d8c2f17924ac42814de52311ca667-16576.manifest
modified: 5/8/2129d18c55fac104a7591badd5baf5-5489.manifest
modified: 9/stats
modified: 5/1/6c15dc96826aee67488f70e7f21e06-12429.manifest
created: f/c/a28694a3129971eb919c3137802743-3929415.o
modified: d/2/71f9a84673a1c92fb6f10163f4d7cb-2931.manifest
modified: d/1/408c241bf5b64f339ef58c84ebd04c-23964.manifest
modified: 5/stats
modified: 7/9/64358231502ebfb3dd761ff7e40cd6-24130.manifest
modified: 0/5/3d1a23e8374a63faf360a4c618b271-35085.manifest
modified: c/a/aa665c96c7a3eecf83e40bf10e1bc2-5028.manifest
modified: f/f/1cbe2ab622243444833b32c698c802-3668.manifest
created: 0/0/f4b7eae9db301ed6fe5d7ce60eeef2-4488866.o
modified: c/0/f84d12dbaf26a256b8a0c626ad95b0-6940.manifest
modified: 4/4/0462c51f66984bb6d68678a7dfc650-3377.manifest
created: b/6/07728e90d0eba992b8b2ce1131fe11-4499902.o
created: 8/7/88bb037fe99b92119b52da3a4b96a6-4459339.o
modified: 5/3/de200015440b24b17b3b3a466397e6-17720102.manifest
created: 0/5/b87d8d764de70be0ea68f46a9e93d6-4520485.o
created: 7/b/28a978ed3a8da35a600c26f37f6626-3947755.o
modified: 9/5/b32d230ad66490cdeb3f69f9c22600-1920.manifest
created: 0/1/86c9c8e489fec1e6aa344831bd7ea6-4076392.o
modified: 3/f/8bc0121d98c4ce389a2ada27e379cf-11168.manifest
modified: 4/9/b6e19fbfc74c1c0c5d53d8996993fc-4297.manifest
modified: f/7/8452eaeca038b703f963242d7971c9-31301.manifest
modified: 0/a/32ea0c3ee7c88cf71f7e15a05ee5a6-2158.manifest
modified: c/b/b8e2fb2d19524e87fa07d9155121b9-13203.manifest
modified: f/0/e9d4168982e6e2e240be13272fd641-9391.manifest
modified: 6/f/960f6b51ec6f2b9e5c6f8254660046-36658.manifest
modified: e/a/c3c512e577e61ab44cecd66ce88d39-17821.manifest
created: 8/3/bcc317b262edbb40933ab08b33915b-5009951.o
created: e/5/5469ce76adaf50ababc7c3cf0a0d6a-4615491.o
modified: c/0/ef270eb558bde675e2d4c6d988dfa1-7278.manifest
modified: 3/d/3f2a35364707ada2131da68b2feee0-8170.manifest
created: d/d/90d1d88e57fc01c204d2f1fd710b10-4515331.o
modified: 3/7/ef265ed197adc64e38f390a2a04d38-7637.manifest
modified: b/c/4db4644b8ec48c8de21f7d4c201532-4251.manifest
created: 2/4/5459885506bc5fca7769af82a3f7b1-4492607.o
modified: 9/3/24a4e995e4c2d5c12bae9c60c59fb9-36886.manifest
modified: 9/6/dfcafb6f6a897ae31a1672a5d82917-2223.manifest
modified: 4/8/3f18d8f1dd995a68c8ba49e684d8a7-14423.manifest
created: 7/2/cb2bc81d5d4bbe4331e01c5dc1fd7c-4024059.o
created: e/3/f5eade03b6d255e0051ea53be82440-4667259.o
modified: 0/e/71f4a8fcb734ac7f5eeeb22474c94c-1914.manifest
modified: c/9/5a3c6db2fd8f272b2501dc4d41b981-9858.manifest
created: 4/5/2ba1b552bca2e1dca6ac9a2dced612-6630036.o
created: a/3/8d57ee977eee6c7935a0d86aa1b5be-3964063.o
modified: 6/c/2e0a89ed6bb79d724db3ad874f802d-9405.manifest
modified: d/a/3bd5ceaf9a9b67a7a01ee7498b86bc-1517.manifest
modified: 0/c/9a8627fd9340e722e7805fe3d9db95-4355.manifest
modified: b/e/bc33de39c80c17833fc4c77d2d15d0-2126.manifest
created: 2/f/0bc084f2ac053846122ff6cab76cc5-3949897.o
modified: 1/7/4c73c7ebaa702ca79e7a44cc1122d2-11944.manifest
created: 1/a/da59d008ca84fcf5d03aed0ba3d9c4-4155990.o
modified: a/6/3033b1f7ece944c0f52418c798f96f-34683.manifest
deleted: c/b/628f5f5b759f33cb528a834097b051-2285331.o
deleted: c/b/9029054823020960b205ed4c866e4a-7069396.o
deleted: c/5/8e59cd6b4ef1f61ce6da407d6421cb-5002433.o
deleted: c/b/33f3aafae81ec05f3f7fa5ef6d7b7b-3180045.o
deleted: c/3/ea4c97980ebdec1cba3cf0b7dffe51-3736027.o
deleted: 8/a/9393c0ca80707b3c4be7f527f486d7-4732377.o
deleted: 8/7/392a313306c651de53b8bbfa85b635-3903076.o
deleted: 8/9/56dc5c4b444c5873feaa3a1488c51d-2939670.o
deleted: 8/3/ba46aa92d61ecff7788c8244ac5db2-3849.manifest
deleted: c/9/f7ce0ec1b28239abe99a8809eada82-4328930.o
deleted: c/9/bd8b95c9fbbfa2236f4c1f341f6c98-2543727.o
deleted: c/b/8bd5007c0ba54c5cf679df9f0971b0-1780965.o
deleted: c/b/0fb4a3227d1c0ba3d127c61dcb9e4d-4477212.o
deleted: 8/a/f3efb07187f0b2de708e9458322a34-5632178.o
deleted: c/a/7778c9262ad33efc18ab04a39e57dd-80220.o
deleted: 8/3/3fcdba53603c6ad5b6b13d498db7d0-3842401.o
deleted: c/a/92ad55f793ee4646083e5803658170-4389233.o
deleted: 8/0/174458188ea8e91f419d8e96dc2322-2430315.o
deleted: 8/0/df05eff86139b39e9fbb5cdd041524-4051872.o
deleted: 8/4/c778d2827702b06d9c80f98f8ce397-3176427.o
deleted: 8/9/bce7398af6ce908c6bafd8aa56c928-3180586.o
deleted: c/8/a3f3b0138a40111735a3eb04f19b17-3293926.o
deleted: c/b/b799da53aa4726bf114e2bb32d1ba0-6328078.o
deleted: 8/9/1701a513f27c557d096cb464bc8147-1839606.o
deleted: 8/a/3ef56d9731157fd23a8ad465caa59b-3842432.o
deleted: c/5/6426a7388173367f734c8cfb79e85e-3250304.o
deleted: 8/4/8d08abee22fd817528eb89af864db2-5019233.o
deleted: c/9/3583f6c7dc743b9bcd5b579335c770-5126904.o
deleted: c/b/9d1c3167fb6d8f1a671a644d30840f-4289353.o
deleted: c/b/a566b1da5d0a2c1e557eda9ac37a3d-18243.manifest
deleted: 8/5/72c17e10789e95185fdade40753976-4853396.o
deleted: 8/7/95ec1c501b26fc2f350144f3bdbcde-3332.manifest
deleted: c/4/2131c433385aa63592af3ce189d089-6195987.o
deleted: 8/5/4838f1710dffd11c9e4be47950f7a2-3734.manifest
deleted: f/4/6a12a972c9b45c156ae1f925741ce3-4352621.o
deleted: c/b/65f0f640408fba62ec5d63133747a0-4392676.o
deleted: 8/5/d6ddb35d762b58cda1ccb709d5821b-2998913.o
deleted: c/b/a08d1f2b9e06494de1744a3d27a0d3-4798178.o
deleted: c/9/bae27831be6d6ca934e6008f24c997-3247174.o
deleted: c/4/fd2da835fac5394be0a6572b5b4d5c-3903403.o
deleted: c/a/b69bbe765867c9f9251a961e35e87f-4624812.o
deleted: 8/2/22080ac06c2834c82806e2c2fef43b-6126468.o
deleted: c/a/8f7efa2158d7c7e2c69ffab1c4aff2-1594.manifest
deleted: f/1/101fb75c740396debb311279f440c0-3275134.o
deleted: 8/b/f0a532574dcdfe2ea61cf59eb8c08c-5126894.o
deleted: f/4/3093c0d9d0fc8e1eb9de6dfea4ce7f-3178179.o
deleted: 8/8/9e21e3706f4858197c914a11f5a08a-4418964.o
deleted: 8/b/50202fd9d89e6ffd3d419d123a05ff-3231543.o
deleted: 8/b/3325266ce1aec2d27a66c0dff1f128-2278176.o
deleted: c/8/abced8a5be36a9a8a9cb48f7d2507b-33825.manifest
deleted: 8/8/9e5b3a33c7c62d045307b079046cd8-1818554.o
deleted: 8/1/e7ea1b2a5fb256d76e4d480b1ff53f-3040270.o
deleted: f/5/9b8413ad8c13a5e35004ff62c77fd5-4330480.o
deleted: c/3/4a847aa3d1196e09599ebe7f2e4dfb-4867174.o
deleted: 8/1/846fc7f9d9ddbd94885d5b185b800e-34033.manifest
deleted: c/b/9a78cec9b17e13a3e7ad505a94606c-4477513.o
deleted: f/4/85debc9b18ff54557b9646f833f5a9-6464077.o
deleted: 8/0/391f8f2d0e7a1444621cca19759d94-3537007.o
deleted: c/b/93f510b202a284cbfc0e18499aa064-1780965.o
deleted: 8/1/6ad2a42fb94781235d8e4fdc8f1087-4849128.o
deleted: c/5/4a3fe29e7f89c600544e4af5640d19-4486152.o
deleted: 8/9/f32056da3e099794f7c9c6783c3474-2997.manifest
deleted: c/8/726168db0343749b0d08a031a61103-4555796.o
deleted: c/b/808316b20e4eb7ea55559f44044d6f-4386881.o
deleted: 8/8/d397f3c0d9c60e6abfc0dc0e99e370-6462791.o
deleted: 8/0/58c495aa8cc784cd08214ebcf292b5-3230216.o
deleted: 8/9/094922a79b1f9971e4b530a9f22d87-2239372.o
deleted: 8/1/7a06dc58c65858980c66e91bbf0133-2310631.o
deleted: c/1/d231396141081424a69db5b7a4ede7-4867165.o
deleted: f/3/9dc28150177ab3b96c7768136de7b1-5459471.o
deleted: 8/b/5b52ab7200c7d16760ac5e512f3a3e-3922448.o
deleted: c/5/b05d09ec372f04cff16ef0aeda2afb-4050464.o
deleted: c/b/8275a48b25e0649c94172138024da0-6529636.o
deleted: c/5/8382f7c856d1fbf7b39c3305147d4f-3179523.o
deleted: 8/5/ecdae319e31d2f66fbb77887cef6a8-3175059.o
deleted: 8/4/9f993316e1594750e2a4dd49156222-2412.manifest
deleted: c/3/51c69e0b76945835e64b403cbc00cf-5459472.o
deleted: c/b/90de06d0f28142337b5efb585c6811-2930421.o
deleted: 8/1/64303557d9b7714d50bf9daa0810eb-4706673.o
deleted: 8/9/1cbfdbd55fc5ebc827f22b786b8700-4568902.o
deleted: c/b/3ed7282b8cfdb1ec140d64a5f191c4-4347603.o
deleted: c/b/465f8c9231afc839fcf20cb3763996-4963.manifest
deleted: c/b/675b62155f4c7e71024d715bd8ce65-6042100.o
deleted: f/5/dc2493de02c40fb4328572e92fcb9d-4458581.o
deleted: c/1/563427e49b1ef20643b52b0e476fed-5022358.o
deleted: 8/5/f481f0b896c7cd68f394fb35aad685-4389564.o
deleted: 8/a/36b0acf64ca677e7dae62c3db6ad76-3937673.o
deleted: c/6/a97a8e62e0dcfcc208d2cb2f3b0bfa-3816385.o
deleted: c/b/445a8d497b5aec9d377bb858cc9e67-4918969.o
deleted: c/a/5704eed9e20ee71a5c11f2eeaf1152-4624184.o
deleted: 8/3/543e51adf227b6f5f84e0cf7d7cdcd-4486791.o
deleted: c/5/0104cef43916f3eeba736aaa8b531b-4486792.o
deleted: 8/6/be34aac70c6e1c6524ac90d5e91735-4330911.o
deleted: 8/1/337033680661301e5d70893ce57958-2848.manifest
deleted: 8/a/9e091ad225fe050857411070eddfe9-2879844.o
deleted: 8/1/750793fd61d5283c4318a652cd1d0b-4136134.o
deleted: 8/8/65f2a0d6cf60b4d60bb11b635ad912-1841042.o
deleted: c/b/5b83e109350f418802e87478783b42-2998198.o
deleted: 8/0/eb238a3d689d0732893f6ea260ab3c-2989931.o
deleted: c/b/ad99fcfa72a0055cc388ddec72bbf4-4379444.o
deleted: c/7/bc4ef6809841759b423374a7830584-3925032.o
deleted: c/7/57b2db334f03c7e5587bff1120d555-6531679.o
deleted: c/b/160cd879089f28d28802f2d82e55be-1780933.o
deleted: c/5/680ae8171f43461dd3ff54385896a1-3176456.o
deleted: c/9/96154208a4a2cf5512ec763a91a484-2003421.o
deleted: 8/9/16dbe6c581b61a9d55f68ea442798f-5400.manifest
deleted: c/5/e8fabd7a81a24d80ce5dba0eb551b9-4380932.o
deleted: 8/7/a54331fae4abe2aa5e125dffa3d5d9-2914426.o
deleted: c/b/9de44871322a132f573450f8d754b4-1517.manifest
deleted: c/9/4f2f6b1788c909ebe78eed2772050c-14741.manifest
deleted: c/3/1f6b3127bd8b4b67a6c747d3e2a4f8-3174935.o
deleted: 8/a/30a87bbb0ff629383c31c345a1fc24-3158.manifest
deleted: 8/5/121ccb50910195ad92afa7404e3bca-25196.manifest
deleted: f/2/8e4f2e88baa8e72960a57030ac64f5-4517135.o
deleted: c/b/6c75a0f9b65b173bea0087fa139010-3045631.o
deleted: c/b/0a1a5b8b405f4ef443e6de60f73ef1-1649220.o
deleted: 8/6/185972ef8a86d4966f2f3418e44f43-3181056.o
deleted: c/b/afa5addcbf407d52c7df36c4c0cdfa-4827153.o
deleted: c/b/395b1c639be7f1d58bcd26e8721335-4074024.o
deleted: 8/4/d231ccbb8efb361bebeb3f01f68eec-2278144.o
deleted: 8/9/a295191d9e8ad631a217f0d67b5340-1780965.o
deleted: c/b/7e4c5ab1e5db1565fb9aad4b60202e-5750.manifest
deleted: c/b/0b86c4a1f4ba799f5bc1e55c6e7ffe-4673999.o
deleted: c/b/a4b37ff19f25fd582d8bad70700563-4413603.o
deleted: 8/9/22c4a5e7b0644c87205f326c230a2c-3350.manifest
deleted: c/b/a3ec788930422e23f8430a7bf05ab7-4380234.o
deleted: c/a/6675c6470af98454dd7343ced72fe2-35773.manifest
deleted: 8/8/9ede81bb02ff938a3cd4e2ca1ffb6e-10564.manifest
deleted: c/0/86df9e58ed4acb2af8631535ff1144-4746395.o
deleted: 8/0/bc8650cc4e440175bb4b62ba057857-2998664.o
deleted: c/2/19b1d49b7d331a54218673d7266a34-3175459.o
deleted: c/8/57d6aa9d20e00ba165dfc8191ec242-3176394.o
deleted: 8/7/d54ea650e2f6013afd370c67b3aad6-4291900.o
deleted: 8/0/3d043f1c14e5e8dec7ad247c37e455-3178117.o
deleted: 8/a/abcd027440e515a02e1a7c43dc4d33-27403.manifest
deleted: c/2/3a07495bf7c8075a43d8fcb94cb0f0-3178116.o
deleted: 8/0/5cd35bee84af9ad975078e31d54e6b-3200213.o
deleted: 8/4/da1d6ef3a2832b8827d2e7fe510964-3236090.o
deleted: 8/2/9777294b6998d53e13cad42e285ff8-3387.manifest
deleted: c/b/360f9fe10d8855be22a43636679daa-4378961.o
deleted: 8/5/657023cedeb2ef7b863131ce92fd69-2917920.o
deleted: c/b/4acd87370eb78527112dcc3099646a-4386330.o
deleted: 8/a/e979946b52a231f033366cf02cc47d-3736820.o
deleted: c/2/fa9dc1f914f85da2c0e49957290aae-4624715.o
deleted: c/7/8a562e1fce8b6f1bee6fc31c5ddd77-104786.manifest
deleted: 8/b/00bf8146dfbca6542bf374d57bd4a7-2817820.o
deleted: c/9/55403d83213eebf7c39af1bfbc6eb1-3246865.o
ccache cache size is 168Mb.
Uploading cache ccache...