SHA for cache folders (/tmp/ccache_dir) is '9705277edfe3236f5274c3bfc7a95a076c14fe9e253929ab0b25dfc86b2a30ad'
Cache ccache has changed!
List of changes for cache folders (/tmp/ccache_dir):
modified: 3/5/77f7bo5u3ajnmrknif0th84beiff1maM
modified: a/3/90o348k4hqrtp1m4eibljkrc40dmno6M
created: 4/8/f1g9thvhe7qhomissubauebd7fnguruR
modified: 0/8/0c6lndns566scpi0f8ks7qa63pv7fl8R
created: 3/5/c9tp71b0nn5mdbsooam7hbu60lsp738R
modified: 3/7/6558l4kptj5mclj0rtc8mg15u1ogascM
created: a/6/9dgmj93k2k2vrbfrh6g37dsca6fsbb8R
modified: a/9/stats
created: b/9/4atmb9suqhp9uki6eqhn6qvqveear14R
created: d/1/ef7qprpoutfgduq5dds99ihp7ftff3gM
modified: 1/2/169vmj2nicng7qt2e8tqso29gateso6M
created: c/c/47demlqh5uf2h7aqhh2gr6q5k4vtrs0R
modified: 4/3/stats
created: 4/4/d2ci6d5i1g5dmq0a1b1sqk8iuhbp1v2R
created: 5/6/c3n276i2p8s90js5khmlk388iqlq7e4R
modified: 5/e/44rrkca03fc8441n4o8kif3bebdabgoM
modified: 6/2/8d9nvlcckkml5m2fhd08pn469kf75q4M
created: 8/8/b1t4mrcvr8g2h3bn6024dseklvtu10cM
created: 0/5/8e31l4i26dmbnbmmqu64nfojik2qq56M
modified: 1/f/stats
created: 3/e/35bfk1vgh85ciusbfjfqik4v9fc20soR
modified: 4/8/790goia2p5k6nsp5emaq3ada9d04fs4M
modified: 4/8/stats
modified: 8/b/cbivptaups31q5o0q5dh2optkmbamqcM
modified: 9/9/stats
created: e/7/cb0qahe59qbme6b21325u13gv5rluquR
modified: 0/2/stats
modified: 1/5/4fkcdpc3d4tuo9rdjhsm4ojor7mh4dsM
modified: 2/8/0896h73n3tmug04tc2u4sn0t7r7piviM
modified: 9/4/094lh6ehc2toeubp2ctuev5fbl4rv8sM
modified: b/6/c3nqgodkdg3d2jipsem7pgdl8m954iqM
modified: c/c/stats
modified: 2/3/stats
modified: 6/7/d7gc1nsj6fdrvtflbcogpes68lale0sM
modified: 8/0/stats
modified: e/c/stats
modified: 3/4/stats
modified: 3/stats
modified: 5/9/a0khjk8cq65lbvlj9msu4t4gftsoeh0M
created: 5/a/edfkji0dr51uma4uagahh6lfannlgp6R
modified: 9/1/6eibcs1i64ufg50fua4enh0csgequ0uR
modified: 3/9/345957fjgn50k7ko6p06s82vqs0ut3uR
modified: 0/9/f760v73clcprle84eh0a9momp5tf5gaM
modified: 3/c/a1ijklpjcun38jljfi3t1kciuiom1vaM
modified: 5/4/stats
created: 9/b/563k0u20ctr2d3ensoec58c4448boiuR
created: 1/7/72lnpi74gduphbh222bk1ktqi8kpdm8R
created: 9/a/2052e06mvsomq6l9v28c8709q7raj6eR
created: a/1/1dglimg293hdtbvov7njd8d2ob2rihuR
modified: d/7/stats
modified: 4/4/stats
modified: a/e/91s3ctbb1k0rafl6fif525t06iinakeM
modified: 3/c/cbje3sej9ru54eslnr6qq8fntec0q7oM
modified: 4/1/f63l11kap0vk8f4bm1h159f87fbn0huM
modified: d/e/3fo4libt3g4lhm2vq1dctit572t4o1gM
modified: d/e/54gpvafq1tso0e6q47l18e7gqbm0kduM
modified: 0/5/stats
created: 1/5/bfpiic0pf6um13dmr2145tholcngmr0R
modified: 3/f/ea226h6pqrghafhpqnhhfruj3b5foksM
created: 7/4/248iath8bhsde93vgm0hku9mn616fhiR
modified: c/2/b5qibr4740iapg9h1iv8osgfvimu086R
modified: c/5/51a59gmp3iq11ejgs4kdoj1bqk90tj4R
created: 7/2/6cidr5l1sv22najn529uj1s7h81kbcsR
modified: 7/c/stats
modified: 8/stats
modified: 9/0/fecp19eqmr87up3tggleqhvghqunbh8M
modified: e/9/8c56bvnbkvknm58efofi7ckfkeolt80M
modified: 8/d/stats
modified: 4/0/stats
created: a/a/3fhohclibff3vuk5r1mjue0dmihm3ecR
created: b/4/dfsuhc8el1oiu0cajtgftl5dmfu0nm6R
created: b/b/eejskvpcvkmdgltpdr4gnimilv2vfa4R
created: 5/a/64njvgfde693aklraja054gn63bbje0R
modified: a/4/stats
modified: f/a/19jemk818d2vr7h3r03u2p7f1pe53eiM
modified: b/0/81qen5ca87p8614m6qkp7ufv855oq5sR
modified: 4/3/e7t3nrefvpsbk1481euj5cgbfbsnk8uR
modified: b/1/babsmgu2saa32lskkqiv5n5ls4vi9hiR
modified: 3/b/stats
modified: 4/1/a2lsnbaaahfh959tmtf69630n843fu4M
modified: 6/a/stats
modified: a/a/44f0s95epptq7v0j9vpebms1lu1juvgM
modified: d/b/f6nn7qt8mn39pevdqr9bnekjefi1us8M
modified: 1/5/afvd1gr646jolpr5d2uig899e7h9nvaM
modified: 3/3/stats
modified: 5/0/eevjikitib0uulbtf0s09s86qre9ni6M
created: 8/2/a3fa8o6php9o5et7a6np7j5d6njfigsR
created: b/5/06klvvfiqn2vjbb90r36n9mjdl7poe4R
modified: b/b/stats
modified: 2/6/9au9okc5l10ugnmp290edljshig6fl4M
created: 7/f/940idi60lj2p39qjtcj8gmmteo4ok1kR
modified: 8/1/d8sjl424pmf1avcko90dnq4mtufa8dgM
modified: b/6/7d03nsrc95e3ocbflfp5feur1di0ahcR
modified: b/0/stats
created: f/7/7eq8g653qd3lrai9r13k3qnets9g8gsM
modified: a/0/stats
modified: a/c/6dlcrtc5q4jbtislbgt9d8c03b8fd9kM
modified: 6/3/2220n88m8uqoa1qb17mu2d2es6b08r8M
modified: a/0/4d7h55lghahclgivudkmpio3h47n8ggR
created: c/3/a2e7dudrm1ldnsc6rar7jt8usadf2rgR
modified: f/9/stats
modified: 3/5/stats
modified: 3/a/stats
modified: 4/5/a8hu98aj6beaikqhrra3dkpc8h9o1biM
modified: 3/2/b8d71ruj6mbfe5jihjq58ja4k6uacrqR
modified: b/3/afqjq7j2986gru6regujcpfbij6ne8qM
modified: e/5/cc8b0j02c6m6hu6q05vq2c0smn3f6f4M
modified: f/5/stats
modified: f/d/stats
created: 1/e/7cj6iopnbqof2nngqquk1b123pss1fqR
modified: 9/6/a5hfbtb5t0phmd3tunobe8vjrj06bvcM
modified: 0/2/d36a8l55c4f3g9vbg99rvhpa3oovhs2R
modified: 3/1/stats
modified: 5/b/stats
created: a/9/f92so7dnidicp6ttpjp6hkg1brumvukR
modified: 3/9/32oood8t07mnmbc5vtaegb030ef1b4qM
modified: 9/4/stats
modified: 5/b/56g8l2oif98hkskcejciopu6jca1r2gR
modified: 6/stats
modified: e/8/f3r311r8vmjbevaf3858q2jlj7njjo0M
modified: f/7/stats
created: 2/6/deg73t3kj0cn3lp0bco0ohno6m4sqo6R
modified: 7/7/stats
modified: 8/4/0cnkddeinsdqdue41omn65j502t5uasR
modified: 9/0/feso5sovv6hv2tkn1uovgbv25p4e3ouM
modified: d/9/33qs42dqfu94atgqupc6rihd83aj87uM
modified: e/9/33lt31p5lhbotqa4mr5eab1nemcnksqM
modified: 3/9/5bieqgd9sdjfoq50r7a80vh5adm29ncM
modified: 4/2/26ick8jun67gvk4o6h7cvr694l2ma1eM
created: 7/b/e8c5d4k7v1fg2g2v24t5idom79cgrnqR
modified: d/a/stats
created: 1/9/84t0omgs3b3ofld3hor24f81ha8mn7mR
modified: e/b/stats
created: e/f/bego9sckvodepggmi3t0rfben9rngnaR
created: 6/8/31q20v63r4shulh3rl4l5jbhtj5h0e4R
modified: 6/f/stats
created: 8/e/e2tgk0nbjq53vbebaq0qokeoanrtacsR
modified: 1/6/stats
created: 7/3/9dk9nelqns3c9bun0sg0hlbgbbi8tuuR
created: 7/f/d29ukl3ddt69avuc3givgs9ieo03uauR
modified: e/9/76pgn1r3ak3kuvdmlq6ka40k3lso5qkR
modified: c/a/stats
modified: 2/a/stats
modified: 9/1/ebla1ubqt29v24gqda4n3agirer4te6R
modified: b/1/9fq7709ur5ml0j1i1hpjkqc9eits8hgM
modified: c/3/c8qknbh8a3qjjvnmlmjosnsdteeo6qsM
created: a/1/a22ah8p5ah50plevscfhsa3c8rkm73cR
modified: 0/0/stats
created: 4/0/4edk2ad07t4mrefip8ushsc2j5cv794R
modified: a/c/stats
created: c/0/d975mmhnuviqtg9qkva21j34rduri6cR
modified: b/7/stats
created: d/1/348emaslevqvdg2bap027utk2oso9iuM
modified: d/d/cb5ldgsne4itmvjifrjc5gev05nr5uiM
modified: c/0/stats
modified: d/3/stats
modified: f/a/stats
modified: 6/c/e8v8i4k90pv3suec8dh3chlarei0jmqM
modified: 1/9/stats
modified: 8/4/7173v2k89rrpgu9bn3lqs83l7k282i4R
created: b/3/38n5g8gipru7r5r8eqaj5pvqsp55ct2R
modified: d/4/stats
created: 2/7/73mf7iver133mjs9bct83nn72rqsujoM
modified: a/c/5b4gsdve9p9uomfmu9o0r2cpc4vkb0sM
modified: d/2/stats
modified: 0/e/stats
modified: 2/d/stats
modified: 8/9/stats
created: b/1/56vtg005t97pq2s9mu7opj8r8ic9is6R
modified: b/5/6f2cjsvn3n7vc60tp6hg5j7gv6nl3lcM
modified: d/b/stats
modified: 9/6/4dg865qrifatc3err6cbfmc8ip08ps2R
modified: e/d/stats
modified: f/8/stats
created: 3/8/099v5k7jt9q38tb9reb6tr5ma1ge0tsR
created: 7/9/23nrs58bipholo8taeioj74de7a13kgR
created: 8/c/ffvnm9omc2p0lj9kg6p6bhtl1ehe9fqR
modified: f/1/stats
modified: 2/7/4fbhl6089c5immboc49jngm0iet0uq8M
modified: 5/5/5ahobdf28jqntqn8qjjhtf7cmuqlpsiM
created: 9/7/32th2ej6j8tcg7d9140r41oed19o2j8R
created: e/4/7e59ch2d4vqe6v8a94l5fk3lpcps1p8R
modified: 1/5/stats
modified: 3/7/02em19h2m8gqvs8j01i1v2ov66ienmeM
modified: 4/c/1der7ne1588e9ioanq80r0d7lucc1j8M
modified: 8/5/abbu1squ6dtaakagt73mjkpkcdkjc8qM
modified: e/3/stats
modified: 0/3/stats
modified: c/f/stats
modified: e/2/58488jvt4drj4gbj4b6e430m8tdab20M
created: 8/f/e6odf7n27jh7f67pjr8c8sduq7pesgaR
created: 0/4/07h30ev21hk4ap5m9f3enqldq43v81eR
modified: 0/b/5bekc281t4irorieec00usm57qdomneR
modified: 6/8/stats
modified: 9/3/faqlja5lsp51kl90fo4mta0i0emc7ocM
modified: 0/2/46num8lpk7971qqtvapsn8u7bb6gq6gM
modified: 1/7/stats
modified: 6/5/stats
created: 6/a/3ec6sfvrfo84njh1tqg0hrd05doe54uR
created: 8/1/4bhreotvsktjjt3sd0vn6m3tubk7m9cR
modified: a/d/stats
modified: 5/2/9bog2ghmhjo38qt1u51q7257ja2ktfmM
modified: c/2/stats
modified: d/8/stats
modified: 8/5/10h77qec6pn3jc6bg2cih7ffgt7td72M
created: d/5/6bou9djer8lm18cj5h2hd00bun2a8n4M
modified: e/7/stats
modified: 0/9/stats
created: e/3/ceogr15kao7pautg2ml9ut70td08b26R
modified: 0/f/d5jkmcagk7l05u2nmcdd21hv7vb8khkM
created: 5/d/00gl4qp4rn8p0af1igue3j8lpn86b9mR
created: d/2/083b0jqeo6tncvn65lo6he1k77cd73gR
created: 5/d/0ekvtvnlheh521uo141mjuhgogqcq8eR
created: 8/0/c5pn4eotfaruriqpkjm4gjruijbs2ogR
modified: f/4/stats
modified: 2/4/stats
modified: 4/1/49kb6eeqjbsqmbikvg4deodsvibnm3kR
modified: a/a/dcjk6kc7i7dl37puvq7u6uvc650i1osM
created: e/2/8elh7lfau2ata61gu8edhupdp2mf854R
created: f/2/0cfo4i52kjvrm8004gbq3r87grf9c84R
created: 1/4/a0905qcslp0irncamseun9p7u1ln93qR
modified: 1/4/stats
modified: 3/f/stats
modified: 4/2/1afk45vlir2bbkd9qf6nttt8pbj6f52M
created: f/6/3aj293lv1gdg5bj6d7ketgk1k8h4ekmR
modified: 3/5/52put8i53sv3n9f0okgjojtrdgges7sM
modified: 5/6/a0m7cu8okq4gjvn5ajct4u063f2kou8M
modified: 3/c/stats
modified: 9/f/stats
created: d/a/2cn6qrr3c93ch4d561dgcci6qb78sukM
modified: c/1/22gtkm6mpcis12vho107pfv7h7a3h1iR
created: 4/5/c4q819pnhk2qpn51j90k9b47btogii4R
created: 7/5/8e49457512ccqcviknjtmuq6vi73u3qM
modified: a/3/e2boe3naf2d6mv8nc5r3rga3ju9q54kM
modified: b/2/stats
modified: f/stats
created: 4/a/93l7i7nga3qk8shd7g6pi0ib2e2cvb0R
created: 5/3/f1b3satb02p05a9goksld4pqmmvl3deR
modified: 9/3/stats
modified: 4/d/stats
modified: 7/2/f0hkke9kuufaq9qvr11q9utv6unv6hsM
created: 0/a/131niptnkn0gaajq8v1ri5hh0b7tgvuR
modified: 0/b/stats
modified: 2/6/066g932d392ubihh3fionvtkt2fo90uM
created: c/2/bac74nnm2dvi3d1fgajodqbgca5coqqR
created: 5/5/16uq4k480vqbb5r56qjs7ssvqvcaboeR
modified: 6/7/stats
modified: c/9/stats
created: 0/a/cc0dt26dkubbs08288tvnvp6bngi5coR
modified: 2/9/stats
modified: 9/6/stats
modified: a/b/4d27le7b2k6p36jhap4kne24ndgh680M
modified: 8/0/4foq4429q1ovhkoailtjnqilgfettrmR
modified: a/a/stats
modified: e/2/93b69s3onsevr1an3lsr201t432i8isR
modified: e/f/stats
modified: 6/f/537lrkordgjagla4i4r06miiddoj91iM
modified: c/5/stats
created: e/a/f78a1jik9aklohfe2mb0lat0n48iauuR
modified: b/1/stats
created: d/8/b4k6sqgqqveebmhrgs3ucf4gv89jbbcM
modified: 6/1/b36iarqimvd767medfivdmbsepnmd4mM
modified: 6/7/a31s4s3jsk25k3g98hmg3t5fk26p0roM
modified: 9/0/stats
modified: b/9/stats
modified: 5/8/stats
modified: 7/9/stats
created: 8/a/a861vesnaj1vqje82str307t2ltl3iuR
modified: 2/0/fbpsn9svvl9ul4abckqia9prs9pvbmeM
created: 5/2/8bdl19d14le5qvscvhk570nab9tdvgaR
modified: d/d/stats
modified: e/6/stats
modified: 0/c/stats
modified: 6/3/stats
created: 6/8/bahah88pbqa4h3r6td4j0ad91qmpc7cR
created: 4/9/84opscpark1o7mlghfat20l8fnpgae0R
modified: 5/4/8c02u53fcb6ch9rfsgstragjcp6b2dgM
modified: 9/c/stats
modified: 9/e/3fra5odu3vt4kn4qaaddjec2g16ipjgM
modified: a/8/stats
modified: 0/1/11pbm4trl788f6fvqptihrb5bhmav4uM
modified: 5/3/69ebliuevj8a6217kmrg07g0ca06fe8R
modified: 8/d/4993onosqfpd2l8skmt8q8t037kk4csM
modified: c/5/7a5qpgn259cggfjqr7vmf9a8rqp21s4M
modified: 8/9/c8stk2vlskqq8klbp0pekn53q37363sM
created: 8/a/f8laal2263f20nmvoh8i26j2sqidjmiR
modified: f/f/stats
modified: 0/1/stats
created: 4/f/e9uvqu99kak63g56ol6fdqcoruqje1iR
modified: d/8/a6arht7e4gsjcsl3v2vrnbnsa25hpo6M
created: 0/1/67g2arop9u126n69506p8fsvbi5sl42R
modified: 2/0/bdk52ic88nisebb28c04ish0jdjblqqM
modified: 4/e/stats
modified: 8/7/9b7gp4oh0prhp8mr1j1vdvnb2p2ev8uM
created: a/0/ddc0au25vqjf9cgiub59me4ojt2o4dkR
modified: f/4/7asfse956oa549a1cpce9r8l691935iR
created: 0/3/e057905h00q9m8phc96spenp2p1nthuM
modified: 5/8/fcl8khtg7h241uk3isld86tuh08caqiM
modified: b/a/stats
modified: c/e/stats
created: 0/f/c2te139odoe6pdm90lbl99rumvi4kdoR
modified: 1/6/9a3o40p1fvtodkvvqi99908dheu4v10R
modified: 1/9/00r7l2ufbbvurvgt7ih7rfgid2f01csM
created: 2/c/25tghb1n58lg5v84ibjk7q1fat8dgfgR
modified: c/4/stats
created: d/5/c69rro30kogli6f959f7o1si47f9f14R
modified: 0/0/f4v3q6770u5mnq9vhunkpcblcvpkp3gM
created: 3/5/1bfeosd82uhuvppcn3km8q2cnn5shnkR
modified: e/2/stats
modified: f/6/stats
modified: 1/1/22j121imu4n26n078ocb5mmhki8djaeR
modified: 3/f/0cplbbldt45pnd2lm2ma89g7nn59bciM
modified: 5/4/9cffkqdd58n47lfj9agodvh8ebheoaoR
modified: b/2/8bu920q91g5vs72ptqju6nl83kh1606M
modified: c/6/stats
created: e/2/5cjurvr9qj0c7svvgl4m3q36u4fp8hiR
modified: 3/0/8bro2vfp79ilpab7cd557nv28675eqkM
modified: 7/a/6dino7053mjboti2c3394jcg628d3d4M
modified: 0/8/8f9qr9iuevf6hknod062c84n9dqmjk6M
modified: 6/4/stats
modified: 8/b/stats
modified: d/1/stats
created: d/b/5feldgt1he5chdkl87o8frmhlfqenu4R
created: 3/1/cdp1hvssfndevvnpi72l96p2ara0jn8R
modified: 8/2/stats
modified: a/5/stats
created: d/1/8fo7ethp35o3tsoq8p57hghp6o3fdb2R
modified: a/f/022m273b11q6qramciq2fa6n6por9fqM
created: b/6/27q6b3vgp1tdp712v07ps14vtctuoksR
modified: 1/2/stats
modified: 5/d/stats
created: 7/5/9d370vr70fu5neu9a78l3blqhcp802sR
modified: 2/5/ef867ptdeed8uir80u857nquorn47jsR
modified: 6/1/stats
modified: d/5/22if94ms57ond17spal8fbc471le26sM
modified: e/6/13huvmebm07j8k9oabkqrs8hne4mlmcM
created: 2/7/12fj4gmf1jdrle2qjrce065t723jkkcR
created: 3/4/82qs3t3buihbkr4u2i98ghdjr8ia72cR
created: a/a/1cfgc86fbdafunv6oicjm5auiid0gd8R
modified: b/4/stats
modified: 1/stats
modified: 3/0/stats
created: 3/5/acd2bro8ullkf8dvcvauicojockvbdmR
modified: 1/4/180qb51cjgb3e82ruias448od30fib8M
modified: 5/3/stats
modified: 5/a/stats
modified: 5/e/baon05kjkstbbh7ii8kivnnu2nqh1e0M
modified: 7/e/stats
modified: c/6/00r9g1ub2s2hl19tascej7nt7kfviq0M
modified: 8/5/4504roo8l6s0brebht6sp7q6fj9m2gqM
modified: b/c/stats
modified: b/e/stats
created: d/4/0ab48ce7a88rn7s5tp3292bh2ofi7dqR
modified: d/stats
modified: 3/7/c1c6anhq8bdpgkccc5rmhubkrnqdd54M
created: 0/1/70bdgr62f4nlp2u5stj298en8f29h6uR
created: 7/5/4bv6eg6ik06smdfef4581oe4m07gq2gR
modified: 1/6/84no0lgv0hraubekh0qhqule2e097oiM
modified: 9/d/stats
created: 4/b/a2ki600icsbo40tlbvs5jaia1lo8m52R
modified: 5/3/91dop55mv8rs61hfrcf5enru204auk8M
modified: a/8/af8u1mq879k0qkdbgm1n9a08gqp38oaR
created: f/5/6154vd1p5lesqju239irugk74bdkktoM
modified: a/9/4843fcrc5f6g4cdo0a44ivkt71dsl9eM
modified: a/d/8a8hg9hdai6oknv4ne0oksa7rnuk8agM
modified: a/e/edcma7h3tc4vqu3v0v5ri0jhgoehts2M
created: f/5/0al9pbopd32equ1vuepfrr8rust45kiR
modified: 4/f/d4hunsk1b3tue768pker4dajiangjj8M
modified: b/5/c197u2k4cg6higbm6vkebe7n9e97d8aM
modified: 1/8/stats
modified: 4/a/7592vpja61dejmv3vu2v7t4gkt3erfqM
created: 4/d/3amlue1gbbtg8lo0itaqeh64qmg5lk8R
modified: 5/c/stats
modified: 7/2/stats
modified: f/1/0c6h4jm35imska6aluh2q4n29l5d586M
modified: 0/8/stats
created: 2/d/12unibi7p3magqhgvmdf471h0p8p87sM
created: 5/f/c7cfgp997gpnkkokpc29dg05evf561kR
created: d/8/d7lr6b6bq9f674hs775gm58gjauulveR
created: 0/1/ef336msbvsouquicfkj0vcbghqecggmR
modified: 1/1/stats
modified: a/2/85ak22u613g2v9faflpol8slg6ij1h6M
modified: e/4/stats
created: 0/4/57ck2fhr0eds9hlfhnmc9jrv6vpcv5oR
created: d/f/2cl62sdhdecr6pb200g3dnmlosb7n2cM
modified: 4/1/stats
modified: 7/0/stats
created: b/7/accrigvci3vsfvj4c2d24chh3g6dq36R
modified: 4/6/9a9hlhhnmc4qc0taq023hoj42gp1hc8R
created: 8/8/bdrhv5qocm5dcecj8fbc7gdfqqtkd26M
modified: 9/7/486h62l24oh4nkkh7b0jnl1ff403p5cR
modified: 5/5/efts6rabqkra4hh91qllb5l68febml8M
modified: 8/0/b3heim0da0u5hqtd6juv7crhma30vd4R
created: b/0/dbnm260bm6868is0chrnv7a8472e2muR
modified: d/0/stats
created: e/e/ebgaqrsvuolla80c972fmqgabdok0joR
modified: 0/4/stats
modified: f/9/01ek20bl5pidm0b61iaf8sk6aoihk5qM
modified: d/5/100sjv3k1dtput53fnhla5v7bg81ocuM
modified: e/1/00diugqqqifgfimmovor88fj6o5sr2kM
modified: e/2/1795cb31d5dhn5aqgqcdv3kqo07cmhiR
created: 1/8/bbqe4h9v8n6jklmndghurjilv19upt0R
modified: 4/5/stats
created: b/9/1egeontj0h6712dgo0j6kfj6ptnnbg2R
modified: a/2/stats
modified: f/b/stats
modified: 1/0/aah08n611g74jkcokrts6n8talkrcj4M
modified: 3/c/df598pf0amn4dndj8jcee68ctaojvoiM
modified: 9/1/stats
modified: 8/3/a33n2hu4sg6tl1asiih38g5kl2rum26R
created: 9/0/24iaqfj49v5cr01akrussoriuomh3nmR
created: 8/a/34jhdfl69jdr98jlaph6gbeeh3qi6bsR
modified: a/b/9ff73sqmc0rhn00vkjfh5j0kvfmfdfoM
modified: b/a/06455f52ges1jqhimuj8rgq21imh8c2M
modified: e/0/stats
modified: e/9/stats
modified: 4/3/6ahgt8cfpmmq4gr4hjejenrh5h3qpq8R
modified: d/9/stats
modified: 4/9/98v0npit7ltbl076ta4t9hl7uuumkogM
modified: e/a/62dt6jc18931h9ntpuh5481atpfguskM
created: 0/8/d3m79flk9435umii3jug4bn9pv1or5iR
modified: 6/c/stats
modified: a/4/15uu0gldmok7c933kcv0kmoanhrp8esM
created: d/e/82vic8b20ggsess3gbhjq3m928cac20R
modified: e/stats
modified: 0/stats
modified: 2/2/e2iqvl2e37an0b0vm2on8gj0fk7kb6qM
modified: 5/5/stats
created: 6/a/f256caesofgigrsitdf09jqad7cnbt6R
modified: 2/1/66dupd22gf498jjs3o3a6u959ros5kqM
created: 7/5/89kat33ep308u9dgdrs4ebms3f0ramkR
created: 7/6/001effp66kkklnpjfso6o9ja9ssebeiR
modified: 2/f/stats
modified: 5/9/stats
modified: b/2/a1tcdkjrlod2adt5mln8jc9aapadjkmM
modified: e/5/stats
modified: a/5/63anr4572dc7damefbmc4hr10b24oe8M
created: 1/4/bf4add0j7c87bter8s4k7l704hl2jiqR
modified: 4/9/stats
modified: 9/b/stats
modified: d/5/stats
modified: f/0/stats
modified: 1/0/stats
modified: 1/3/deipcmq86vrir6o8jmaaiihadd6spscM
modified: a/0/8a563s14t5ud7qdut3q71h4bs1f6ereM
created: a/4/e9urvb43ctq1k5ee6e3vs40sc5cif1kR
created: a/5/e8lh4eeig11js55084r1du70d05fvgiR
modified: a/8/42rrktms18kj1ptj7hih0i9ba8n3abkM
created: d/9/aajite11o44ud3m34bl64p1tm7dskiaR
created: c/a/d8ablcfd8etrk7p4m1snqhr151m9376R
modified: 2/0/86rgvn0erupu140mjkagalvgvs2ntlmR
modified: 3/2/95ftguvkcfc47051k2i8da9hbr3di92M
created: 5/2/8fq5ll7cenp4eveg3l51t3r2p0nr26kR
modified: 7/a/stats
modified: 9/stats
modified: e/3/5d9uu84u9sspg7970727f7ruo4ebe0eM
modified: e/b/8cl654gm8stt1irvvusqr5nda74upv2M
modified: f/2/stats
modified: c/3/stats
modified: 8/e/stats
modified: 3/8/stats
modified: 5/6/stats
created: 5/9/3eskf834h7gcqonl6d23f2upn7os0juR
modified: b/8/stats
modified: 0/d/stats
modified: 2/7/stats
modified: 7/1/13rlkm8e8svggmj2o8qf7l8g9s7d820M
modified: f/2/03d52tnc4aks4cjkoarmem66lmecmo4R
modified: f/f/41vp3311k8j71ieifbaodet8j43629mM
created: 5/a/aaliim609vhs44bbp2nl0a80k80nlnoR
modified: 8/7/stats
modified: e/8/batcij9sb418cd6qaf0fsl4v4ukg7t6R
modified: f/2/5a2vtc1uh6638j191p7f37be1nacgqgM
modified: 5/1/stats
modified: e/6/5crg47ghr3sv8k3haau864bud3no4c2M
created: 2/5/30b6s5un8auo9s9h5d7c9cau82p1te4R
modified: 9/5/aa8mslet0s3nkmmf31ca0d2f2fev2bmM
modified: b/6/4avtg7molgbgdpu86h3udch8ct1r6i6M
created: 1/6/e8572gtpig2s9esffipo42223v6a5hgR
modified: 1/b/stats
created: 3/4/0813dck72fudi6v2knbv3adtl0rkdhuR
created: d/3/25iqq485toc9o5tqpq3htokene26afoR
modified: 3/c/a33lmt26jstc82kiljqsqpmltknqkt0R
created: 8/c/16ei70slm7lddh6anv4ob1kn119veseR
modified: a/0/571jk9ue2jva1366hocfhpn9npcavjkM
modified: a/6/stats
modified: 3/4/c2sg2rhpd7ejkug8oan4vg61br9j7r8M
modified: 7/a/67mbjfvjvetrrgnquciu6enusf96famM
created: 9/5/281a98lrnsc3d6clfqpsffl7c3h0hr2M
modified: a/c/5bms8gundd78sjv5akgt85ktcovpbccM
modified: 7/5/stats
modified: 8/3/3aoraej3p4kq9u9d2h0dj7aotgqjfhgM
modified: b/2/9cqo9dvm81t2cav3lclluqveiieukpuM
modified: d/0/9acmues77p4b42hidle0db5jmbgnud2M
modified: b/stats
modified: 2/stats
modified: 3/e/stats
modified: 7/8/stats
modified: 9/c/81f0osf2l1j987o0p7208tahcgd44nuM
modified: 2/8/stats
modified: 4/6/stats
modified: 9/7/stats
created: b/0/6bvbda7u9v7lnqklkm8opsbhdddso9qR
created: 0/0/e3r56n4f5la0tifsm3rd6b0qb3gr1pcR
created: 9/3/2a9dguood5dsj9aikp7ujlq7eob6dl0R
modified: c/8/stats
modified: 9/a/stats
modified: 1/5/c26fhfh5min7o4i1hdne8derd6jd4skM
modified: 2/6/05sj43knvfbkhq9efupp9550vo33gfsM
modified: 7/b/stats
modified: 1/3/stats
created: 4/8/38dn1pkf04h75bti2v5to6ojpt841daR
created: e/1/9f9ad8me3mdrcf1emae6fko2gqhp8ngM
created: 7/6/485i8hg1l4tnlhr4u3ncdc692uv0f4uR
modified: f/4/1cvv8suld4sk818vmeep3hutfkg9olmM
created: 3/1/275ohni21h2aspmfj7b5f85p7g7ojc0R
modified: 4/f/stats
modified: 5/d/01ljuahgr5lrdnie2c5ce01leal07rgM
created: 6/5/973rbhbg3j4i5t0nvpfojmpkig220e6R
modified: 7/c/e3409vljpgrqve1pg3hf8htj56v573kM
modified: d/f/stats
created: e/8/2bki7cfqi56jdtrt978pmn93v0f82igR
created: 5/7/e9vf8imkunfusloreuoker9ptads7ngR
created: a/d/5f75fbf4v1iiij237htditelc68vkaiR
created: b/3/7ejm6212lpqu840uuiif0gof8vt0j8aM
created: d/c/1fkhtmacj1b4imgt85o3igbennp74u4R
modified: a/8/f5av2n966c8decrpht6deq1fa90g1o8M
modified: e/9/d74ah0pfgin5rccjs8aua341t6fageeR
modified: e/e/stats
modified: 3/9/stats
modified: 9/5/bfmttgvqbe3dv2g7rp3e8epqqqggivaM
modified: a/e/74i7ptg14skactvodhu9qo8e3cpulkgM
created: e/c/6dantre9q3qiaa06f86ma8rgq06b0o0R
created: f/3/0es1225fr7sqfv1cqkv2ka34p816g28R
modified: 1/d/stats
modified: 2/e/stats
modified: 9/2/33tg7undqjnir0k2s2rh6qstrajgup4M
modified: a/4/7bkukhi3tm236km4heqacm8oauak4h2R
created: a/7/fcoohp9bepao574quck84c2i54cack0R
modified: c/4/ccv32u216a23lanf4ikvmk89ktg4s54R
created: 4/8/fbsiqv5oat5bj9n34frrr5dlb8m1jqaR
modified: 5/0/stats
modified: 8/3/stats
modified: a/5/dckpi3hsjipu4u4oqn0sl49m24decu4M
created: 3/c/24b3eteggksv7e0m3am8iga3gckif5iR
modified: 5/stats
modified: b/4/12911ucesq5thvo3ccp8v38kvgsbmuoM
modified: 9/5/stats
modified: a/e/stats
created: b/6/abn2u7v1dc69b1pcsmasliqqp4voi5sR
created: 1/4/9ei3u61s8eftnff9uk5pn9ip8f7efogR
created: 8/7/fcipek95dn3j8jepsqi6d3b1aj4odbkR
created: e/a/0buatmern3t0g1fjd7n5a0gdt0k601uR
modified: 6/7/a5cb051t7p0tfddno89tg5l9918gpc4M
modified: 7/d/stats
created: c/8/2a71vvaua17i94e6sv6gairmk2fsu7kR
modified: b/2/16obfmglgv9g59hja78rh09ete6po5kM
modified: e/a/b7r2dorg066t02e2u7nfuj2dng80t8aM
modified: 5/a/72lt7n3mqqvg0ohif68j9va09dtvsiuR
modified: b/7/816ma5n6agonlud1qn5g6ajvviup608M
created: b/c/2bhh4gmtsvrf23tilt2bvaf7ct7bopcR
modified: 4/2/stats
created: d/6/74446fm3nlr34j6a8qojapvf47c2598R
modified: 5/d/182e13jqduobjim6336ukgb0s4h9cpaR
modified: 4/3/6cumas0n3m6cgc0qe4d4lm73j5fp29eM
modified: a/b/8faeno3k2khp23qm5hcq4hfsa5tihb4M
created: d/5/de9udkd6gmmprr8rjtd2fv9joqca22mR
created: e/9/c07qks4kscdrok87lduq7uq6iun9kjsR
modified: 2/c/stats
created: a/b/417ehfls9pd760dtskdoc0fo5v75cu2R
modified: e/1/stats
modified: 2/6/stats
created: 3/6/0aeumjs1cp42a5rafrb9v6srjd5fqgiR
created: f/3/82kfmnq1bsvc6617ivfg2m6nnmr141aR
modified: c/1/stats
modified: 0/2/eevktm9d124g4o01fhjvj6tes8ldsu0M
created: 1/f/07bgo45aj5uv88rbn6o066fe9q22f32R
created: 2/f/1ef7p0glv4ba9k1nv1infckjo9mmvcaR
created: 3/9/fdf06leauesrr6abl25222qnqgm5hc2R
modified: 4/3/73mros1gsthak75o817obbjtbc8mi5uM
modified: 5/7/stats
created: 6/2/eefff5u3vvq2196hrj77uukgp1tspaaR
modified: a/8/3a108i14s8v7hab9p6h5g9n5rdpdop2M
modified: e/9/adlqdako531kb35vprf13du8sgnft3eM
created: 0/2/9b9f6phb5u6uqiibd41r576ilhrv0hoR
modified: 0/a/stats
modified: 2/8/1eoe9pf9nlvur3q10hfomi435lumvegR
modified: e/a/stats
modified: 4/7/stats
created: a/6/14m67tua2kj00u23q733g2oc0g5gffcR
modified: f/8/476bk6pceg1tu1s3prn3rm0trhfo3qaM
modified: 1/4/adbo53j4uvgs7ku8jd6a9cma2ld9i9mR
modified: 2/1/stats
modified: 6/c/f4p6656ntv68dqdpeoao95mp5g5ali0M
modified: b/3/39tdogao34vedn40fvfdtcfqc5ec6oaM
modified: 6/7/b9mmf7i3gb94a2hokos90sjeokml3tiM
created: 3/c/b7ih4s8cg6lifbu6vg0hvtsntoonj6eR
modified: 6/9/d1imbli5gaqeefnsikt3rtp4ahadg9eM
modified: 7/f/stats
modified: b/a/b9gvrl15etqglh31qvuem85a50bae30M
created: 2/a/597in7nnnc46nmec4acahjhqrl74qhkR
modified: 3/d/stats
created: 4/a/d4vjf043cfta7l8b0821f32ngopegceM
modified: a/b/b87t6asghc82kfb61tqhkt4olp43sk2R
modified: b/3/stats
modified: b/6/stats
modified: a/3/stats
created: 1/0/b87eld4ln5jmp6nljvfqdagocrj11hkR
modified: b/d/stats
modified: f/c/stats
modified: 2/9/c9t62gqm7qvbjmhob83p3uvt2tev30cM
modified: 3/0/a1snialna0kpa2e0nsrtdjob5i2c17iR
modified: 4/b/stats
modified: 6/b/stats
modified: a/b/stats
modified: f/6/b953jvn6qtq2e3eeefgs53lb5gg6c5eM
modified: a/b/2ft4k201t8nb22klvqshq8vbnandfu2M
modified: 2/4/d56ifgnsv4sv53iflhl7u6rdreiredaM
modified: 5/5/cagknvojqhdjqovjkju1i2l53ht04egM
modified: 9/2/stats
created: 2/6/aeoetm5atf0r80lk03t23bdi7ab2hfkR
modified: 5/5/f8tgvl99bgm5mqimro62lnamb8jq5r8M
modified: 6/9/stats
modified: 8/1/stats
modified: 8/c/stats
created: f/6/4a94ile8cjushc264lo0o9j5i0obrm4R
modified: 7/4/stats
modified: b/8/499i63g12ttjv2uabibvpqa6hairf92M
modified: 5/f/stats
modified: a/0/bdjlo04p9pq232lklab9u3ii8kaqraiR
created: b/7/873dg0oi2ontpppd3ln82hl4fqpban2R
modified: c/b/stats
modified: 3/6/stats
modified: 6/d/stats
modified: 1/5/3f3ojnt1ktiecuth2qejpgqi5bdohamM
created: 6/e/51t4feqdg1gmmlm39ng0ruvt3r4mn1cR
modified: c/stats
modified: 4/2/09082g9sg9lkgq59ajfkdve9ue8oivkM
created: 6/8/61u3aqmltho0giii2kl45kpqiv03ia6R
modified: b/f/14km8oe7ptqmsed8a5pi7ti03opqjqqM
created: c/3/d1mvqv3cms27n1009klid18ka95b8eqR
modified: f/e/stats
modified: 7/stats
modified: 3/8/afhr8vbibkl64ef9ad8h6cg7orud02sM
created: 7/c/eeuulob7p69ndvpiijm09m531clejacR
modified: 8/5/stats
modified: 8/f/stats
modified: d/9/e0riqcv0bq0dr50tgh0viao2s5i8naaM
modified: 4/c/stats
created: 4/2/7d1c0lbb9mpt7vtmkfm1oop9p08rs50M
modified: f/9/e0ciuf8li238rkgb89f968ph1a4u6omM
modified: b/4/cf7df5v79ct43p2k6hk764mhlt7sgs6M
modified: f/a/b4d4oqhm6flpalkderckt9nncj5f6vsM
modified: 0/6/stats
modified: 1/3/012gga64qppoldjsiiv3borlk5ma5isM
modified: a/1/e3p51gfuoauu37n4ivrqt0db92pk5meR
created: 9/f/87t0lcvds69j85uen856v7b7pcdgtmoR
modified: a/0/32odpbtl9m0op0hs3m3u8n63i5dt2sgM
modified: d/6/stats
modified: 0/f/stats
modified: 2/5/46m43895oj74eenb6i5vqj85u5pk47cM
modified: 2/b/stats
modified: 9/2/4993c9dcvh5dhhnquba3c9p8uami6g6M
created: 6/f/90o3uurt4u0i147f5kvhng3de8hsbl6R
modified: 7/a/abakrun8jqlt3d14spkcia503s808ooM
modified: 9/e/stats
modified: a/f/stats
modified: 0/7/stats
modified: 5/d/b0c0mdh67ulbl7m3c0bctndbi5ahf0mM
created: 2/c/0fk8dt9i9itrc4sscv5lno7hjle1kpkR
modified: 6/e/stats
created: c/7/65f0di7i362j6oqn5c278ga25lnkr86R
modified: 1/e/0a8lhgvi6e1uplgd3hr1bigbhak7jfmM
modified: 2/2/stats
modified: 5/1/7ellcogfj2bcbbvo12ovg3o124fdh1qR
modified: 6/0/stats
modified: a/f/43d0k2lhu9elsqm46gnv8u3sibui2fiR
modified: 6/2/stats
created: 8/2/ea33drajf5219tmqdtojp0es2h869pqR
modified: 2/c/e4gslqu903ubstpcof5d2hlmhlh1ca6M
modified: 2/5/b3o5n6mdsc4ifv92tcsu2boe0chnupqM
modified: 7/6/stats
modified: a/1/stats
modified: 5/a/a73r1laeqilnh0dgqsemtvf6n871choM
created: a/6/ectohnc99ctiv6pal1mr50i3hs72o6sR
modified: 2/3/8ffjvpe9i00fnakrndck7m81thb6bh8M
created: 5/2/44ifmu59u2qf77m9vubmldecp15p3j6R
modified: 8/6/stats
modified: 8/7/35j4qpbj0jau2mp29hnichmfo6b6j9sM
modified: e/9/8clq5n3jobvf3a50h4ro48rb031m9leR
modified: 4/a/stats
modified: 5/8/001k92uue77iauma8r5vrhidem4kpi8M
modified: e/a/d29nt5hcqennmllbke4k3j2juu2j05aM
created: 4/4/652gbj34vpiu17mfuhiqjsb78n3a6diR
modified: 6/6/stats
modified: 9/8/stats
modified: e/8/stats
created: f/6/16he6lbha65nf0hh5idd882t3ko04m0R
created: 3/6/bb04d2d60h3jb3hrv6lgfve24utg3qmR
modified: b/0/7845rkri8d05drbup413s6veogg7dgiM
modified: 3/2/stats
modified: 8/7/e2ledonqlptv93vvskbaesv2bh13nr0M
modified: 9/4/3ds3gfkm1voe295jpqj1is71unimpggR
created: d/7/77q46rko0u9k3219h6iqvlnc2qviep4R
modified: 4/e/748hv7jnuk1g5himc1tmo28iphkifckM
modified: b/3/332fgadc48ok1jf8brs3065o4s493goM
modified: b/5/6f101a9l74om64qmcaekr2kak8pnaiiR
modified: 2/0/stats
modified: 2/7/edcmerreb6g8sg8pk53sig78476frhkM
modified: 3/d/f3l4qpppt2k3t54kmnff5fbsncduso4M
created: 4/7/a9hqfj2r8pobduebuc8gr6dqrnuadg6R
modified: 8/8/stats
modified: 8/a/stats
modified: 2/3/e0l3voaqigr9e37frqm7kpffjhm933eM
created: 5/b/03m3lg8fc6v6lmnqvfc3v8dhuuh9e72R
modified: 7/1/stats
modified: c/7/stats
modified: d/c/stats
modified: 7/c/19fh1klf80eq10lvenmq2eo61gfhoreM
modified: a/stats
modified: 1/c/stats
modified: b/4/a7doc8452tos9uhovo28247dl2tiu8eM
modified: c/3/edu7d001h8ae985om7kskcresastgvsM
modified: f/3/stats
modified: 1/e/stats
modified: 7/3/stats
created: e/a/2f6bpa7iklrjll22fl1086t3qhk23kuR
modified: 8/9/13jseppffq5pdr0qjiglofds4fg66coM
modified: b/1/8evn64chbs17m8grh8metq5grjaloboM
modified: b/5/f9milhpv2v3jvb02bmjbdjmc9ha279sM
modified: b/f/stats
created: d/9/c3s7t5df641lnej7ne1mujinimbghamR
modified: 5/2/stats
created: 9/6/448ivslm0q7qau8on3d8gef78m6iirsR
modified: a/b/58rv140n6v7muq41ce2u85i7sm318k8M
modified: 4/stats
modified: d/e/stats
modified: e/1/c2qdo0pofpnl53hfenrmjv9ppb20b22M
modified: 1/a/stats
modified: 2/5/stats
modified: 5/e/stats
modified: a/7/stats
modified: c/d/stats
modified: 0/0/a3nk5hos21651gd9le8ijbj4uiapcgqM
modified: 4/b/6cejbdhhaqu4nfcmnkk83256gsu7g5mM
created: a/4/2do3moacadopeq2o2s7f9gaavbhqffgR
modified: 5/9/0f599g57rcfon30rlcql2i072rssb40M
modified: 8/4/stats
modified: 9/2/eb9ft14v3m36bb1r2v83crb7dgjg5cmM
created: 9/8/e5mmqjoa4h33dmkltpmm4t8aluu4k90R
modified: b/5/stats
created: a/5/ca2r8l3o3dbh3islqs23rrl1mij5utmR
modified: 0/4/1ehev4vmbhcknjdifp1ccfeg58e50noM
modified: 3/7/stats
modified: 8/0/6e049p9d8vch0iunc6l6c5jjp33rhtuM
created: b/a/6fff72uamdi9vi6eoace7ttib7nik7gR
modified: 2/d/114b9hc0pd6svnefr5pf8n0pt9f59csM
created: 6/e/de0hfijr9o6t9p624qrv29p18gqnlsaR
created: c/e/039s1epv5am20q0nf6h7fvglvl3act4R
deleted: e/8/d5qvdt53mpnd0slnh56tujq0gsrttd0R
deleted: b/a/96n71re412432n5ibpgr5kpn995fpfaR
deleted: a/f/3bqmmejbg158cpbm940itl7d9aih6u4R
deleted: b/8/2cus6bpq9hajparbc10g9g659lg81qiR
deleted: c/3/10na2pbcp7mrtlp9a3bhojijhv0udnsR
deleted: e/a/d3csh3euv4c6q2frtnit18u05agrig2R
deleted: 8/1/88jqamq23akf7geq7nqar2025obqgs4R
deleted: 1/6/b17qpmlg94ppbfr5t0m32c8drjr2e5sR
deleted: 3/c/c3j2jvnqsjgnppqhjgdc7mlrit74pkaR
deleted: 0/b/72hc77b6bpt9io7e6o3l2dl2rqb6ftuR
deleted: e/6/294pajc7stjefjqvo9lub86dd568j32R
deleted: c/0/1a89l562qs29v8jqn23ht4briu5di84R
deleted: 0/a/91etk0po3ao7qakp5d0rhb1cp6cqcioR
deleted: 0/5/6erdu4g19tmrlk908riin78vmjvarjaR
deleted: a/f/beq0ncqdj1m63cpei0jnv66uvmp5uceR
deleted: 3/8/e9opct44t5uvdprhgjiab67nr0vuo58M
deleted: a/8/dd66d576lb444vivq641rfbgr8ef9c2R
deleted: e/3/be422c3qci6f4v772arp8qq4kj3qfl4R
deleted: f/c/9c30a0ilh3sdl6qmvliuujr76tkkjq6R
deleted: e/a/cfv2hikq1sulr08dlel4cd9ob9j2a00R
deleted: 4/6/c1piqu0lbtt0pi70snrjgtlcdbneskcR
deleted: d/1/8cjakhf1gu8iicksqqpqtol73d07ptiR
deleted: 5/8/b2vgb5firdlgdcio7l02jsko54c2d94R
deleted: e/f/f2de0goq7gfukf85hqcpmifm8itfddgR
deleted: c/0/4d1ti8kbh39uqeu6v7tme0tpvf6c4ciM
deleted: e/f/386bemihilhpgkngnk7kdqc0lirc5poR
deleted: 9/5/55m306tedgmieumgjiofdi1pbtpu9heR
deleted: 3/a/2c42r7crakjs4e82djsuaacabhnhcpsR
deleted: 5/2/5aif5l9d436mjoske7vj309gefdpjumR
deleted: a/d/24jdo19aps1onhhcorjkdt1ah8im7kaR
deleted: b/0/7fljulqpg3s32qkisgm26o9ksal722kR
deleted: d/4/8dl9ckeufgivhgu4bvv96vaerqjvv6cR
deleted: b/2/ceu0sll8mepk4erftucjfjhatvc4cvcR
deleted: d/1/7e1e071bj0hcuq0neune3ta5bl1ds8iR
deleted: 5/c/c6tsggdbdc3vqgql5lqfgkrk6vpusneR
deleted: 9/6/19mhanf75754hsas18g1l6tbiuoi7p2R
deleted: 3/c/91japnnb50qhttpkhng6c2ghlf5t2s2M
deleted: f/1/ee44jdk1mv3v7opq1vo5bho3kiapluuM
deleted: a/3/c80bggbbnoe9q1eee7rp9fpk5cg5gg0R
deleted: a/a/b60sibobnfbc5evqavaqdgprqlsvsk8R
deleted: 1/7/3apo7qeuhg3e85q845ctmjvehhon4v8R
deleted: a/2/ee0aip7m5eagjgbnui9mn926s6rhspiR
deleted: b/0/8bkknbavjp0fkr2g3mn91mssrhabojsR
deleted: f/c/ccoqjb4aqancf3a05brpgh1bc8ol43sR
deleted: 5/c/1177vv87ogauq80pbqnh9uc1f4toqiuR
deleted: 2/7/a7mfb3i5hj3n7kandcuoi1chd0gdtasR
deleted: 8/6/98ft8chbiiqm7vmh5k94mla4imur0ueR
deleted: d/5/57o09tbm93p5ctrnsu5b9dc0udh9o4eR
deleted: 1/0/a3tck5vgg8et86e57k5rslimpa51vl6R
deleted: 8/1/d8sp9gr6tl4av6o5p807ikoki29fs0qR
deleted: b/0/a703dorks8uj9d3rlufcd16h45v5crgR
deleted: 4/2/f14qlkp6tjrak8dgd9v747e9r7u5bsiR
deleted: 1/9/e6tcd4td7sldtaq4t78dr7v0b7eh6b6M
deleted: e/e/d2uikorki3q6n6se8h3ribv7r7a2048R
deleted: 0/0/6bkgsrk6ssfo3sftkdi7k19kpccndlkR
deleted: 8/6/d9u11d0c83fk6cdgi26869hqboduunsR
deleted: 2/0/cehrqv65ja504o67srvl0eh1tsal22uR
deleted: 3/b/85354efe48ipnp06hqvjpefchr8b6bmR
deleted: e/7/3fnca2jtso4s0bbgdfu33crtdvk407aR
deleted: 5/9/6co2i7mejedt87clouot953vo3eui78R
deleted: 8/1/4d59urt1e41n8gki031kk487a2geq4gR
deleted: 1/8/4c9hv0k3r4s6jaicmc4ihhb91hqfm62R
deleted: f/c/a33d2vbf5i5l9pp0ii8rhkukgh4d9nmR
deleted: 5/5/16jeiio35imsbve1n03gkbho61titckR
deleted: 2/1/922ros27jsd2u62asonffnpdsgn7tdkR
deleted: 9/6/7b5dgcad0r398vf6i3skm9cskjpd0ioR
deleted: f/c/93elfpgqfd3a9h5j2ejntlirelgv9siR
deleted: 3/6/284g7q1q3m0vc2ml3nog6q3gh2kpel6R
deleted: 4/5/66nvssj2pkh693pmmn0eedl8k89mf88R
deleted: b/8/c4pr0eesb9tbrqj9po1b3sagcnhqbucR
deleted: d/7/b3vskdk29ja2m2b2c0rk3oii4o3mef0M
deleted: e/6/aesdqjpvbivrb3f4tcshvlt53jhvsliR
deleted: 1/6/76nh4ln4n9f3uv5rkt42rkvb0ps4gp6R
deleted: 0/b/71nf7vpqc3grf1gacd5ojps2s0surioR
deleted: 8/5/c5d4u93vvvvnbajpd8ufn0ugkc8nqtkR
deleted: 0/c/1ficsk616kcade50rlrilbtrn9ndmmsR
deleted: 1/5/83lnpgkp08b8ivbqd4jt2h68v8o9ejsM
deleted: f/b/27ss2529ktojdjlkst1hh5n7md1kgvmR
deleted: 1/6/f3kk0agb9on3itg5lvlo6afjnekj72kR
deleted: 5/6/a1b0skrpk84bco8eptqo6jl34r3nkggR
deleted: f/3/6e27ds66gpq55i1mloogkj9aukdpl02R
deleted: 2/5/8781mfl46nueqb69t9rrodt9l94i28sR
deleted: 5/b/22tf8d1do39s6os4cn1t8c3tiekq684M
deleted: f/a/bf19au1eem6n0ort3jg1r3o7929l3vuR
deleted: 8/2/7d5vpu8duad86vdhfqna3e3cg0n2uisR
deleted: 2/3/28qt83ll8f30i4vaokm9fkrpodk57leR
deleted: a/1/5f5jbnkstc92tr2e7lqilj3v4if6k6oR
deleted: a/d/c913iv0p0i1mmn5edmjkpddt9rn72eoR
deleted: f/6/bde4eo6ojokrevabfnqmueek2g12lvkR
deleted: e/6/5a33329dt075b2p51h6ihvrlkfdfvhiR
deleted: 3/1/7c1s44bsf7chum8v2qrlidmpr7d039kR
deleted: 2/0/0c07ruionetahca5r379piup5i1hpgcR
deleted: 3/3/8d7q7fl267a3ocs54dr4pb296cuhmpaR
deleted: 2/5/32s3cv0c1t83r3au81behuooe93mro6R
deleted: 3/7/c6lt729a6a7npvqn1sa4h98pvjrucq0R
deleted: e/6/bd76ti8kcenb9tk6dkutaubkbvk130kR
deleted: 2/5/bfa20u4eo4rsko5k96lrmi996ke9ji2R
deleted: 3/8/2074b8hj8rt3hargpc6vet78d3eogc4M
deleted: 8/6/26idvf1nac0k1ensebc59ln38mfeh8uR
deleted: 5/7/3811oe0uh7k447co0c7g3mkish37mogR
deleted: e/1/853u6faukhf622vkhtgts7uoht7bsqiR
deleted: 0/4/27bfuopng1ng58mnmm425vf4fpbg4ceR
deleted: 8/4/a2d6a7e1trm3sq41vrg4n62kpfr6qdkR
deleted: 2/8/27v0tisfbk53pt3076skb9eufarerv0R
deleted: 5/9/71uvdbccld8n09roe797qrfhvsun3g2R
deleted: a/1/65oflh93aart0tu588g36ig34n05qf2R
deleted: 8/0/27ivgt2lhrj48tthtneau22m6csda48M
deleted: b/1/5bq5co1vgse92mu44rgcps7nbfcq2qsR
deleted: 9/0/c9duhn94j1876ifn2c9fu8nfm65jlo4R
deleted: f/b/b1qhjchjopajma1db1icd0iq7h5dmbuM
deleted: 3/d/d46a0hvg4q0c3098vodceh02sam02d0R
deleted: f/8/34bpt5l2nqgociif2h5davs1v6bumcuR
deleted: 3/7/b97i578eb98mdv5ktiefv6h6jpi2uaaR
deleted: 4/3/46omnfj5cl6qo9cd211s2b42hcrgja4R
deleted: e/0/3c7goo6l1lp7rb23hg24vo8kbvgbcb6R
deleted: 5/5/6973miq6hi525rkmoedt8oiokqvueb6R
deleted: 3/0/b5mh4r95bc4site424ic3v3018psg42R
deleted: b/0/63pqbo89okd2lvvcheeu6ss3c5eoh4cR
deleted: 1/3/c678n0bojkmpba37oukcmkk51gkf658R
deleted: e/f/67rcsn0mb3kitj9bhv53dk2qg0ct18eR
deleted: 1/0/cb8b99rmu3mfnaldo8a0e2rkdvauihgR
deleted: d/2/79igu7mr5ueustmuhk8r5ruucgun3cmR
deleted: 2/0/f3hmi4cqe9esvcgocfs1755c0cs9o9kM
deleted: 5/b/b0momru6ucq1rh6ttck13ss3b716ft4R
deleted: a/5/f1jp61do2ldsrgcon76ju6ekp1dmo2eR
deleted: 3/3/89nbfv9nf4et5di4fpjhggiv90jia9gR
deleted: 8/2/45l1sorgn5nfc7idqqt93t28sk9orj8R
deleted: c/3/d35j81b2gculun8heb6k3lrdgvjfbbgR
deleted: e/c/0fnui3vrs6ka43drm8hv543f9jd2s0sR
deleted: 1/0/03me29p8quv8n355pcp5952m12e3u4uR
deleted: c/4/8a1ubv53srtl20m9p2q985m06qjr8usR
deleted: 0/9/ce00ukl1ods1igs1hui081akd5cphcmR
deleted: 5/2/a66alo6du35c3561a9kph33htvv58cqR
deleted: f/9/c8nr3ggqd8fv7nftvham3tukq5fs4fkR
deleted: b/a/1dv67r9knjen1uo1jih2a199ifkgedmR
deleted: 4/5/f77gkivcf6h2srj8j220kj7mvim7esgR
deleted: a/f/60a73quoj94n5vdf61f5au7hfe6bfr2R
deleted: 3/a/ba6d4mfrhtr6frodj384si4m08j1vkaR
deleted: a/1/ef2ea3c8vtmojttpege3uirhaqojj9oR
deleted: e/5/1frt3b6e69046b0lptleqft8fvskq9aR
deleted: f/5/445k0vpfaerl5vsr4e54j4dckrddvvkR
deleted: 3/7/a50tbgsa618msdnr3017p1tdoo6jfbiR
deleted: 9/4/39o7qp071jlg0l77g2gbhns6u9k6er4R
deleted: 2/6/4btji1a3m50sg2cd6ui58fjnpsusv6iR
deleted: a/1/b5216394dljlsppe89honmqia3hr8auR
deleted: f/1/c6ccap9mjrl9s89o60oqcqdajcndgf6R
deleted: 3/3/bde23u0ftt1uet191rotv38auqv2heiM
deleted: 8/4/08csvrf14g0tqeimq82ulj4a9bgtudiR
deleted: b/3/ce10d0aasfmetrm0in5il3ilf34ac68R
deleted: d/0/2asm4vhe59m4o19812mse6n9kfuapk6R
deleted: 4/0/86b73tk89cmno34rc3159nt55mv59l6R
deleted: 5/c/adn9mf6l6f4g95qj1cm24fh2koa9l5qR
deleted: e/9/65is0kckggb7c3u4o4812d7vo6m2ijqR
deleted: 5/6/958k7e7q86m6utghtf4n37d33673e5mR
deleted: 1/2/13q9mfo8l868dr1efmcf5t7de9idld8R
deleted: 3/c/c1eeic4k533udcd54c70ot7q67hbn7cR
deleted: 3/5/76g6gb1ilv44d6ermuocu2ga40unf8gR
deleted: f/2/bd08udpa91v1h1ndueljkvcvsrmrhomR
deleted: 0/9/885lmo500hckvb0c43mn4dpb8vnur2qR
deleted: 0/6/3cspovkinbqhfuq3g8qva1e0h5ddqcgM
deleted: e/e/d7pos0fubtehsa4jm4hptqftdrkrdioR
deleted: d/6/88lia2bhn51erdrm51ke8rp5eedt1dcR
deleted: a/c/9e3cgu7i23qm5kc62bd7j1ktouk1iiiR
deleted: 3/d/149jvcu1i61kkbe3nf8lja2joq4u3c8R
deleted: d/6/8318aqvv9rlu630m9lun2tmuneia62sR
deleted: a/0/8ctcglv38nnl6cv5ahjga7thpftd866R
deleted: b/3/53c9rv6q5a8m89hnh3h1ad611le5k4iR
deleted: 2/3/abp0veuq09dnjl0n4ujbu84bvpaiv2oR
deleted: f/b/03dso3p538tkn2c8sec508flaokrd94R
deleted: 2/2/fcahm2fk47k39acljt049f1g2272k1uR
deleted: d/4/423q3pkt0g6rcnc6pge32lml43aspokR
ccache cache size is 168Mb.
Uploading cache ccache...