SHA for cache folders (/tmp/ccache_dir) is '4cac7fd2eb08a76f11c4a51ef4d0a4858b254785ae214e730328852c5cf4e9a9'
Cache ccache has changed!
List of changes for cache folders (/tmp/ccache_dir):
modified: 5/8/33qcplkt1a8ecd95nl9ccm6n0nkujdiM
modified: 5/6/stats
modified: 5/6/e3fj4in7p1jovhgjva39pofbucg4lqsM
modified: a/e/26gkcvmaq6jfcd69uipq6qcf76p13ceM
modified: 1/a/stats
modified: 2/5/stats
modified: 3/0/fbki9hdpb5jraaau4a7ld2sb6iefcpaM
modified: 1/0/stats
modified: d/8/stats
modified: f/c/stats
modified: 3/6/stats
modified: e/c/stats
created: 5/1/92laftr6hs5dt47ltsif1p465f4r2h6R
modified: d/1/967r13fm4lltvjpokpjkcrpuedvr246M
modified: 3/c/stats
modified: 7/7/stats
created: 8/0/8f887ba90qpvsf32tgbp9gnqtp5ul8mM
modified: 9/a/stats
created: e/9/ccme9dp9vbd242taks77f04mevr11nmR
modified: 0/1/stats
created: 9/5/04g6rfdocaspqofvvutfkctrdms7vc4M
modified: f/9/stats
created: 9/f/a1t4q928tf9usrg310lspo9nroi5jd8R
modified: 8/4/stats
created: 0/5/84notnl68qbn7grru6ssqtpsga5ua4oR
modified: 5/4/stats
created: 0/1/becnvtdcg35o9j1mv3t9dfli633jeumR
modified: 7/a/stats
modified: b/6/stats
modified: 0/4/stats
modified: b/e/stats
modified: 5/9/stats
modified: e/0/52heauh722gu651ohedq08dtca9ebr6M
modified: f/1/stats
modified: d/f/1ehmr6a95k3pd6ssdg00u1letln4algM
modified: 9/4/edmtibigf6r0mskmqvk7la6d8vqndn2M
created: e/6/052v6faand6jvcivr3b7f16i8ehqg2oR
modified: 2/b/stats
modified: 1/0/28d2vlfclsbfaudip0025reggqbr5bcM
created: d/8/95qairtpqu9pol127a0h8qvtv3m7dsmM
modified: 2/7/stats
modified: e/e/stats
modified: 6/d/stats
modified: f/6/stats
created: e/c/9ekkmgkdevpu1ovssc934892e7cgp20R
modified: 5/8/stats
created: a/e/3ci4iot4m1q4uvc9h8jq09c7ck7dd42R
modified: 3/4/stats
modified: e/stats
modified: 4/9/stats
modified: d/3/stats
created: 6/0/9f3nkj9q18u32c8qmaudraam2l8npdmM
created: 6/5/56cdqn3c9jbhjc52cnco96ju57qc080R
modified: 9/e/stats
modified: 8/8/00k6jgr5lqfo87bkk4jehl0uu7miutaM
modified: b/3/stats
modified: 4/4/dbana4uhtu0thks8t473vd6mmr4kjmaM
modified: 8/stats
created: f/1/ddv0pfmihl90lmjniaom07cutk7jjbmR
modified: 4/3/stats
modified: 4/d/stats
modified: b/8/stats
modified: 3/a/stats
modified: 9/d/stats
modified: f/3/stats
modified: 3/1/stats
modified: d/e/4epl54p6ijg9tndvv1vnkph3bo5gfgqM
created: 9/7/carkc61ph7lfeq2oofe95f1psljbrg8R
modified: 5/0/4f7ko8nk5qta0urb2flvl43n536jtm4M
modified: 1/1/stats
created: f/f/3e5glauelg6fp03e8r0es3ousg44tfqR
modified: 8/b/stats
modified: 1/c/919h3sog7c14saci50mub0b6a21aoimM
modified: c/4/stats
modified: d/9/stats
modified: 4/5/stats
modified: 1/4/stats
modified: 8/a/stats
modified: a/e/stats
modified: 3/2/8fo69urnao9nuu9r0f0s8gvh648120aM
modified: c/9/stats
created: a/0/319cjjpbuifq5ckl7egh16c8s3m3bpeR
modified: 1/b/stats
created: 7/5/69p4knnck61dqs83lur4onl355jo7k6R
created: f/4/23ld3ufk09esp6ekdblpjgksrp4f640R
created: a/b/33h3fmcdm6kg4tp0c06hr9o1tktnfciR
modified: d/2/stats
modified: e/5/stats
modified: 5/stats
modified: 6/4/stats
modified: 9/0/stats
modified: 7/0/stats
modified: b/f/stats
modified: 0/stats
modified: e/8/stats
modified: 6/0/stats
modified: 1/8/stats
modified: 6/c/stats
modified: b/7/stats
created: 3/6/17nkk9d2jdkq349afugh9eeb66psjj6R
modified: 8/2/911m914lqkc27fl9fo1fsorsb1h49t4M
modified: 7/8/stats
modified: 3/e/stats
created: 6/f/d5rc3148sr8skdct07m7v27nd05d1p8R
modified: 3/3/stats
modified: e/a/0erpguduicjfkh7um99csftdjlcfq58M
modified: 4/1/stats
modified: b/4/dbj3luh50e18u88o2c1tsrhd209amdqM
created: 0/5/8djhv3lb52v4mca5o473lpmcpab69ugR
modified: 4/7/stats
modified: e/f/stats
modified: f/stats
modified: b/stats
modified: 0/9/stats
created: 1/7/9b1r5jsivj2vsv3641d5muhneqfdl84R
modified: 4/c/stats
modified: b/9/stats
modified: a/f/stats
modified: 6/4/c6ndtv9iqik7a6o0vocnsvig5fdpvheM
modified: 5/8/36b25mfiblm46pe6vavilhs46650nfiM
modified: f/f/stats
modified: e/a/stats
modified: 8/3/stats
modified: c/7/stats
modified: 5/7/a3g5b7sjdtcli2es2go5uhius48sn62M
created: 9/9/576c3a3k7pktvdpm6548lr9c6vqan9qM
modified: d/7/stats
modified: 4/f/stats
modified: e/c/cdthcq710si675rpssd2kht9no3j9iiM
modified: 5/5/stats
created: 4/e/21bbhvl9q64v9bsbdih854n06qbp5loR
modified: 7/9/f1vv2b7h8c4q3t8jc1u67guko13rn0sM
created: e/7/54glflopdiqknpv548abmlsu1hln668R
modified: b/4/stats
modified: 2/1/stats
created: b/f/d2hofi1g4aukijttqge4nde9sr6oqh8R
modified: 9/9/stats
modified: d/d/stats
modified: 5/f/stats
created: 7/d/530tj5hnqvlq6hlicrv5q35lsimrs94M
created: 6/1/d7ggomoe6lm48iob9dsutpp2480q3mcM
created: 3/d/fbsld03nh5i66uab9upfmeb283csru0R
modified: 6/5/abjhl4e4qge4pekoq5640nvf32n2ahcM
modified: 0/8/stats
modified: c/2/stats
modified: 7/6/stats
modified: 9/c/stats
modified: 5/1/stats
modified: 5/7/stats
modified: c/1/stats
created: 4/d/aaupalkk6do6oc0v0pp31dvmu0a31caR
created: d/1/e42d4nvisku2r1q6omp0bist7jvqen2M
created: 9/0/46gqs752b432dmjnup0a7dj0715tp10R
modified: c/e/stats
created: b/a/0d4t77r31emp0e772uu6f6dl8rimc18R
modified: a/stats
modified: 5/e/stats
modified: a/9/stats
modified: 4/e/stats
created: f/2/1a6kn2abago1t0vja6k9bgfbfom2iu8R
modified: 6/9/stats
modified: 1/c/stats
modified: e/b/stats
modified: f/e/6dlo5lta5epvvqfn61i1hjeup63sed2M
created: d/5/a1d0b2l3sa1l0b8iab49rdpgkqo0f8aR
modified: 9/f/stats
modified: c/d/stats
modified: 7/2/stats
modified: 8/1/stats
modified: c/a/stats
modified: f/d/stats
modified: b/0/stats
modified: 4/c/879r515i80s18gefcv20k5kismnlhh0M
modified: 5/c/stats
modified: 7/d/stats
modified: a/4/stats
modified: 3/f/aeq9otkhkrmktt1nohrkj8rcsvlbskqM
created: d/7/97kp7hpkk8mhrgecmfif4chhbq8enq0R
modified: c/e/7fsujk97f1bml54kfadagqki5faaljcM
modified: 0/d/stats
modified: a/6/stats
modified: e/7/stats
modified: b/d/stats
modified: a/c/stats
created: a/b/96mueen3r6v9k7eqj55360k1kbg1tpoR
modified: 4/4/stats
modified: a/2/stats
modified: 2/8/8frnpts0ivkfjttsvtm0aa74nqgcdi0M
modified: e/4/stats
modified: f/0/stats
modified: d/4/stats
created: b/f/5cvkh10aqh21de6r4qlh8d7vp73qme4R
modified: f/2/stats
modified: 7/3/stats
modified: a/7/stats
modified: 0/5/107061je227kc5a3bj1pl0m1goid9j6M
modified: 8/9/stats
created: f/0/ben9k3ol9k7agm17sbii754hjtvno4qR
modified: 1/stats
modified: 0/5/stats
modified: 2/f/stats
modified: 9/2/95i739lr8hht2671vmfupv27gsdi8ngM
modified: c/0/stats
modified: 7/c/stats
modified: 1/6/stats
modified: 8/5/stats
created: 4/c/3311qpndq9sp47q0sad7l80tn7qd6biR
modified: 6/5/stats
modified: 8/e/stats
modified: c/3/stats
created: 3/8/7bp7ik1ujqdk2sbbhllkc687jrl6di8R
created: d/1/f2l1md3pvdrtgqsb49id5134v0ugn7sR
created: e/6/798rntqq6lj7qhsi1la7vlhh8acuvs8R
modified: 8/f/stats
modified: 2/4/stats
modified: 5/3/stats
modified: 6/2/stats
modified: e/2/stats
modified: 0/2/stats
modified: f/a/stats
modified: c/c/stats
modified: 8/0/stats
modified: d/stats
modified: 8/c/stats
modified: 7/1/stats
modified: 7/b/stats
modified: 6/e/stats
modified: f/b/stats
modified: 5/d/stats
modified: 8/2/stats
modified: 0/f/stats
modified: 1/9/stats
modified: 6/8/stats
modified: f/4/stats
modified: 6/b/stats
modified: 2/8/stats
modified: a/8/29lt16o9bro03gvobbbe3522rskp9koM
modified: 3/d/stats
modified: 9/b/stats
modified: f/7/stats
modified: 9/7/stats
modified: 1/e/acrsj5t3ds1gjugn14g9uo9kt66npacM
modified: 3/2/71ho5956cadlh4gurcnuri1b5picepuM
modified: d/5/stats
created: b/c/e7fa41125hsi2mmbf01dcmpsi1ma0huR
modified: a/0/stats
created: 1/f/4bslk191imshc2vsihigurbnt8hvte4R
modified: 3/stats
modified: 3/8/stats
modified: 3/b/stats
modified: a/1/stats
modified: a/a/stats
modified: 8/6/stats
modified: 2/3/025185r7v1gfkr24ndauf1199d81hv0M
modified: d/0/stats
modified: 2/0/faut467b1no36iapjpmq2f547phn0c8M
modified: 5/9/54opuj32c0v76gc6iuh4q3mthtg1tr6M
modified: 7/4/24u7q5s63i8ru3tjva62tja94mou6agM
modified: 3/5/stats
modified: 0/e/stats
modified: 4/b/31010d8sovdmdqrptso2mu6pfd8ddmuM
modified: 0/7/stats
modified: 1/3/stats
modified: 2/e/09tu746musnudp4v1qd4559meuq1cokM
modified: 1/2/stats
modified: 9/3/stats
modified: 6/a/stats
created: 1/4/5d5aqnjimmm65qioefr3n2klnnhjaqkR
modified: 9/c/d0bjhoo8e06mljg2bbl2csrbro0rec0M
modified: 0/4/50gobpdeqfit7aq0kr7ecmmgtv986psM
created: 1/c/9dbdqs33vump9m8emqpp9no2thl4s9qR
modified: d/f/stats
created: 3/a/a0n1ejet3r7jb9ulub5dogbs2012mgmR
modified: 3/1/8dbirjk9ht6k71ptuffc5se4rgrptucM
modified: 6/3/stats
modified: b/1/stats
modified: 2/2/stats
modified: 9/stats
created: 2/6/1dk2vmo2thshccoefqviev3a0i3akcqM
modified: 4/d/e3mttv0pagp3e4cqso1ja62sl4gh3s6M
modified: e/0/stats
modified: c/5/stats
modified: e/1/stats
modified: b/5/stats
modified: 2/e/stats
modified: 0/6/stats
modified: 4/stats
modified: e/3/stats
modified: 5/b/stats
created: f/7/1eaegdomgidg8o969ujonsulj16hkn8R
modified: 8/0/eeauvo5l7dkhsknqgnpt5uahq7fudsoM
modified: 7/4/stats
modified: 4/0/stats
modified: d/a/stats
modified: 8/7/stats
modified: 6/7/stats
created: 3/e/eegm7u6u2tnj4jo7go170rse5em8l1kR
modified: 0/3/stats
modified: 4/2/stats
modified: 3/7/stats
modified: 6/1/stats
modified: e/6/stats
modified: a/b/stats
modified: 3/0/stats
modified: 0/0/stats
modified: 6/stats
modified: 7/9/stats
modified: 5/2/stats
modified: 2/c/stats
modified: b/b/stats
created: e/4/eb30k60svjsab0907qn0h4ua9qq6sieR
modified: 5/0/stats
modified: a/8/stats
modified: 2/a/stats
created: 8/d/b6e62gvhfeciek4kfphh4c2uh2aes5mR
created: f/1/ef402n0mvmd23k1bmshe7c9qe0uu7aoM
created: 7/d/49hvvfup7cjb76ht7u2n2euheoqtv3eR
created: 4/7/1crhvca00e92d52qbmm1jtl78lrc9liR
modified: c/stats
modified: 9/4/stats
created: d/0/f2qfqdhc502mr81sqeua7vfmrkcffrsR
modified: 1/d/stats
modified: 1/1/ffj7e968tbfasopv4j7d2jl46qge2c4M
modified: 6/f/stats
modified: 1/e/stats
modified: 7/stats
modified: 7/2/49sa197i7srrgfu04musgds8mu0t4k6M
created: e/c/912abbbf5ldcnclvdsdr2ojag72f94aR
modified: 6/6/stats
modified: 9/6/stats
modified: c/f/stats
created: 9/d/7a9popvpqim1tove2p4fbp9aruja1keR
modified: 9/5/stats
modified: c/8/stats
modified: 4/6/stats
modified: 2/0/stats
created: 8/2/65ii12gfociktqhf8039mv1fft88ckcR
created: 5/6/c3j2ig385g0akiod3j6dsbaun0vdrduR
modified: 2/stats
modified: 0/c/stats
modified: e/2/05idghsi4ellcbm9bih6nb6qgdflh86M
modified: a/5/stats
created: 9/8/2e5f2fi9s3pocfe3v3o23q48hat2nfsR
modified: 8/8/stats
modified: 3/9/stats
modified: d/e/stats
modified: b/2/stats
modified: 1/f/stats
modified: a/3/stats
created: 9/5/c3av9gm9qmc1cnm34iv9vabf24t373kR
modified: 1/8/1f3ftc7p2libtjnui86dsvk32o5ukjoM
created: 4/9/fa6d6gq68pngimhkdmc508a1vh02vaeR
modified: c/6/stats
modified: 2/3/stats
modified: 6/3/fetlfr3c9q4hcp34mlt321ngcjdk772M
modified: b/c/stats
modified: 2/6/dbp0d8200e636pcilmgf734ktmfq3lgM
modified: e/9/stats
created: 7/b/47ee1fhm3o73h6p47mog0bjs1o5ud2oR
modified: 8/d/stats
modified: 2/6/stats
modified: 9/8/stats
modified: 1/1/36mql7o7fcrla1bhtp8hvo9g59ag794M
created: 7/4/b1dbk2tpnvl7s4k2kcib5o627hnln8aR
modified: d/b/stats
modified: 4/8/stats
modified: 7/5/stats
modified: 1/5/stats
modified: d/6/stats
modified: 2/d/stats
modified: 7/f/stats
modified: e/d/stats
created: e/b/b73u3nfr12if606bck92pib0lfjb1n2R
modified: f/e/stats
modified: 2/9/stats
modified: 3/f/stats
modified: f/5/stats
modified: 1/7/stats
modified: a/d/stats
modified: 0/8/5776onrql6secr33eito8ha0iaecfg8M
modified: f/8/stats
created: e/d/3abppg71tbgeudpurfnha1gj1fo27e8R
modified: 4/a/stats
modified: c/b/stats
modified: 0/a/stats
modified: 7/7/7598pulh5fmf0itcv0o7j87t02nk4f6M
created: 6/d/513tmlmp4fhev1hk9c6oai1lusg0kfsR
modified: 9/2/stats
created: 2/c/eehv8hfa2sdkd671f46nr0u1hkbaqliR
modified: 9/1/stats
created: d/a/869fun32mk6kk5ebr6a80pq2j9v38i0R
modified: 9/b/6apfetksjubgbke8b8k3ck2e4f2pk6oM
modified: 4/b/stats
modified: d/1/stats
modified: 7/e/stats
created: 1/7/f9gc8kd4q563ap30tmpd1vludtkp92uR
modified: d/c/stats
modified: 3/2/stats
modified: b/a/stats
created: d/c/6cuedsau5e2pgbnjrqa894tr0shv2l8R
modified: 5/a/stats
modified: 0/b/stats
ccache cache size is 170Mb.
Uploading cache ccache...