SHA for cache folders (/tmp/ccache_dir) is '0bc2891f7e6e9de8c30374d21a7192f0a9a3a603adc2ba4b6cadc9c26f4260a3'
Cache ccache has changed!
List of changes for cache folders (/tmp/ccache_dir):
modified: 8/0/c7lc6rb9jlsdb9j9itvp6cobbevir1mM
created: b/4/34m505dj78gbqn8cs03bo6esadglvluR
created: 9/a/dfjinohr3j93nrfmb7egoj6c1bda1q6R
created: 5/2/31lv49e0n10uadvv3jbp9mop6ggibeuR
modified: 6/stats
modified: c/e/265vu3r6087jdv2ouif9sjv01aspkj8M
created: 2/f/6e47h7h5hbkm6f59057bqvf5s0ff4jmR
created: 7/5/5cm62gk55sqbhp7m598jmmkq3mg8h4iR
created: f/0/b7ts70eif9aj2go3peo66te1hf5q4akR
modified: 5/b/b8ddejkbjcs2ggcku3duvtuf7icganqM
modified: 8/4/stats
modified: 5/e/47l586h1tmjv95rcsmeco3rq5vojkn4M
created: 5/f/31effbfpviksakuqbdhmjiv1pu0k7u4R
created: 1/7/46sgo3ovjstqb06p45lrmebab0vlcs6R
modified: 0/4/34k9ght71r7548iaqpt9orqcfbtg3nuM
created: 6/c/7cutldgbmlg0brji0b9u18d7ngqf9vgR
modified: b/stats
modified: c/0/e5pskfo97l1154j57s6dlr5s4j6cbq6M
modified: 2/6/4dhdq0mlrbtnbuj26msdnvqfp2ed37eM
modified: 6/e/stats
created: 2/d/4017r02g5646n3qqtfka2aq9u46drqaR
modified: 3/3/e6ga8l2so45bcujup5agr7jnl9cu19qM
created: a/2/b74lhofdba99spkmbrhskg6cff6h50kR
created: a/b/363mvrsml77cd4vir81j56hosq26f76R
modified: 9/6/4d3j57s4m13h36qlgv3kvmvhv9hcjrgM
modified: 9/a/stats
created: 0/9/70dnkfmnopn9d3edn3fbgiq2n53513qR
modified: 1/4/f2rp01mcgdue74ivlna6ftmrke4ue1iM
modified: 6/a/9a30rorir1939utj7mi5np5954cmtgeM
modified: a/d/stats
modified: e/0/df010175vuk34sf2pcenl82926bv14sM
modified: 1/a/acf26e65760nifh9m31tvmf7v5cjea2M
modified: 4/3/7fhbeckrlq443uab9f267o8ro8k3qiqM
created: 5/3/38mp70fq8ul9ua05jqcqlg0hhgragosR
modified: 5/4/580gmh3h97op60nse6ntf70rj95te22M
modified: c/5/a8m7a0bqbj6j0qcs0ka84qn4h81d90gM
modified: 2/3/d51gj8bk3bjq9a9gqp9h007hhnlsrj2M
modified: 2/c/stats
modified: d/4/stats
created: e/8/5b83lkdoo0hcmhn4nei8tjavj4dani0R
created: 2/6/98hb44ogis2c2s6bl1bmlnvngrsbe7qR
modified: 1/0/stats
created: f/3/6crcfk8tbhehjp4bsuqscd1tr5k4aa4R
modified: 1/3/18g7c7t2s5p60ml8hhok386e4e3tk78M
created: b/7/c5adlv2i51dl0l9ienn1jniv391fhmgR
modified: 1/f/7br4bdbi3l448qskmd1i9r6iuacctd2M
created: d/a/64fjtfr2vdq8m20v0mks947fosfvrpqR
modified: 4/7/stats
modified: d/stats
modified: c/4/9027rq8rhm9304s81qnbrfkvvlr21usM
modified: 1/8/87lvbpierd909uk61bvb93k1b34pto8M
modified: 8/f/stats
modified: 0/b/stats
created: 3/8/95h1ehvtp382f1efpojf93df3983mlkR
created: 4/5/c6ekuqos1jcngsei8fk4j499li9ho5eR
modified: 4/f/52cfkfv4ci3ujvt1fgenvpvqa3ac6m6M
created: e/e/13t1qr8ipg13kmcrfsr25v3qftlas1cR
modified: 5/0/stats
modified: e/0/32bc7armut56v6f979tcp88bkh1ecc8M
modified: 4/4/22u594352bjb4nfkbf2dvjfebevintiM
created: 9/9/28inbnd0or5uq1sq1k9htd6mfiprfukR
created: 2/7/f25vedp0fo5gpp4atpe36im3e1qv162R
modified: 6/2/f4k9lve8ntp425e74i0bejohkk7qkl4M
created: 0/7/8b75cnb36grhbsrehtemfsbjk4rrfteR
modified: 9/5/stats
modified: 8/a/90s9gju9t3qiio01jahhah1lm84v1pqM
created: a/5/17lbt7d0cpseapt5k8hjdjd4e99jngqR
created: b/4/1emc9auje65sspsjhegqsu8larqvpvsR
created: 0/1/1flmk8buun103c2oc2fj2fbeiqu3tegM
created: 0/9/bbaesuen4lbte1biglmeg3gj0dpj7r4R
created: 2/0/52ftaepdjp9rp2uras28o91tqfbiu9uR
modified: 7/3/stats
modified: 0/7/e1s2ag8icuf2hasusc2t7nl72qib25mM
modified: a/1/0996t3lu5pej6oo31qvnjr36k8ie7v8M
created: d/3/1dh9knvunrvu87bjmkl9uev6ipqou0mR
modified: 3/3/stats
modified: b/2/3blb78k03905b84grdsumeif8dsjvaoM
modified: 7/7/stats
modified: 6/9/afmu17otroqpmavrhabo1fpj5hqime0M
modified: 7/c/47rb2i1nc4kh87keejbdg08ca9vnq2gM
created: f/e/aelg7tsskqtpk0qu0ihvbkq4f7tihlsR
modified: b/6/bchh22f4rau4r6161fboeh2p3lg2hdcM
modified: 7/2/865epi91lmqa4p5u9k8uq4v26i47vieM
modified: a/3/a29590uadls6c51101gp7cmdui1sj8mM
modified: a/f/71ikqb2r292ggkdh4kl2rgvc8iem1qiM
modified: 1/4/stats
created: f/7/1d7jvhteamrbnec8119en2ltciru95uR
modified: c/7/41okne1b4cbu44epmd6lptknt9lp796M
created: 1/9/0ctukk2kvchrv0m61202hpl0jefj2d4R
modified: 7/4/17929vveuvu45tflcbjpgjfm73v0v7cM
modified: e/9/a95dvm9nabfquu6ncfgs1tpjeq89a08M
created: 1/e/02pfk07q1r5lag0ulsrgbufjrum749cR
created: f/2/d3lavnabpsmn1ls7emt2mkcj4iapbbaR
modified: f/a/stats
modified: c/f/56pnj9l4n1hmf7bk9kjsso5s0q89khmM
modified: e/c/stats
created: f/8/db2eqg7i721mfvpvbgpr24v6098kffaR
modified: c/a/stats
modified: e/1/dfdlc0bp92qkaq7thtuh6h241i4boa6M
modified: 6/d/stats
modified: b/5/93s2tprpp64212io1vij3kdlmiioff2M
modified: 4/9/stats
modified: c/a/55a6sal0paf63qiv5r9h60ejhta5r50M
modified: a/4/0dp5tvvj4url5i1qsls5orr55eop3fuM
modified: b/9/dfn0qmbe5713qqhi2kfok4bsp1qvrjaM
modified: d/3/stats
modified: 6/a/stats
modified: c/7/stats
modified: f/c/f2k6kajqhlo6njsf6ff8uc8uvqtemneM
modified: 3/b/e77g6b69aljht2dgl41hc1622vpneioM
modified: 5/8/4b5esr2m5ahk3l5m7568q0lbtpo6mnqM
created: 6/d/018b6t9eche5s13snsq9ai0kke78f22R
created: b/e/af10ke4u47kb4p4prs9d5l2bpaon1eoR
created: a/3/7f3tj8rgeeiuv79omd9q4g20c9rejrcR
modified: 6/3/cb513immopfq29dv3mbn0i6b5296vv2M
modified: d/8/stats
modified: 0/3/502vme9dcg4a155cdg8urddrfrod9ugM
modified: 0/stats
modified: 4/e/stats
modified: 4/0/stats
modified: 5/d/ae8e1tpreufd3s24ifuvr7e0chn22okM
modified: 5/2/stats
modified: 6/7/82lbtsu0qab9mh9p3ddb32vrp5bhj3qM
created: 7/b/84km9s2us0t67g2mucdfm6d4i7hh8miR
created: 8/3/a4ht0vtsqhsctkege0464co9tn04lroR
created: c/d/5foia21dreenepgj0dk2fpjt153aagkR
modified: 6/b/31r6caba7bgo4c5b19t3mqub4517rg0M
created: 0/4/40sq3or4rjg9amcs1kf48dls7f16e1gR
modified: 7/e/8dbp3vp3cktj2621d6l1vad5qi3e8hiM
modified: a/e/stats
modified: c/stats
created: 7/4/759io492segiu4sufug5lpj8632r1p4R
created: a/b/08tfn5lb889p6jkogjrko1jceg6fvdgR
modified: 6/2/stats
modified: 8/7/211d0ehc57fud7ie0a7b9tfk1dhlrqmM
modified: 7/f/stats
modified: 2/e/stats
modified: 3/stats
modified: 7/a/stats
created: c/1/c1adalu9735f3c8o8e9aq8c8s8gln8kR
created: 0/9/0cpeqkmc93dg8ffgphcq616r24q8s3aR
modified: 3/7/stats
modified: f/7/b509vog4jbtf15vso6hq9i3lng9td6mM
modified: e/9/40abt3sjjmhp8p632ojrjiuiacaqn6oM
created: a/a/1eoc65o00vk2rctl283t7cktds4t0diR
created: c/4/71fhd629afati74tuf6b9hmmal88ft8R
modified: 3/b/42744d09j2jn5vro8enq1j7spc7v1oqM
modified: a/a/stats
modified: 3/f/stats
created: 6/5/83dlkm8rr99rqvh1po3enc7tkcpo8hmR
created: 7/7/633nalo744everhdus6iroc0ac2635iR
created: a/c/1d4n91k3vs38g54naln3f58bife2e8mR
created: b/7/c65c6ll8mlarkl4b2itjqa6faj0tar6R
modified: 2/e/2122b0432f1r67f2qhihit982dcr5jmM
modified: 6/a/21eso4ceorh26ofm9qskil780u57nuuM
modified: a/4/96kgt4p9j222d40k02gpp9vej1cl2veM
created: f/e/72iq17u2ej9fo66komv797jv6lopqngR
modified: b/1/stats
modified: d/d/44av12ar3f3f5gafd1q28qff716q694M
modified: 1/0/34l8vvgva71aodepdjb62t9v70gpn64M
modified: 9/b/2793ehbbkj9dj17nmqjhvm03p5fcp0uM
created: a/d/4468mh8ppvav9qt33ptlsoqmogh57pqR
modified: 0/9/stats
modified: 3/5/b9ob1le1ovj6oh3ojh66oiv3u8d1jneM
created: d/8/67kamhebtloqseei61v68ghkkptt1f0R
modified: 3/b/6eu6bmf2eabvpbf8bd54pkruelgnt7kM
modified: 6/1/ebpmgfeqn273f8rqbt25eol6qjndn2gM
created: a/6/9bkus4nb0hcaa2go1cpdcs8n7qiaff0R
modified: 7/f/975bqvp774hvf5f769u8lkitqb887gaM
created: f/0/8d5ejnd2fkd1iesn615qvvf9k8gqm22R
modified: a/4/491p8emjuo2t28084ufhbjamef9vhv8M
modified: 6/6/b09q7liffaernjg900ofq830oo97joaM
modified: c/e/stats
created: 1/f/fd7oikmbe46fpot1mh4dfjqduqhsppkR
created: 6/b/bejn8opboebjvrjfdvl88pst8qljd8aR
modified: b/a/bbmvlp2vcva4c7h6t7tc953mdhpv59qM
modified: 5/a/8a2ibiukvfu9ug2rt5e06l2ptqs4ndiM
created: 5/1/b3910u8a6rs3tpujh09ulm9sqn7ep8aR
modified: e/3/86uc3o7lgeb4kk9rajjfa8pasm2suoqM
modified: 3/6/cbjncrn6gfb9oovmkh3vvn39q1oc58iM
modified: 7/c/stats
created: b/2/84i99oocs8o6bh3duphpe66unprrmr2R
modified: 1/2/stats
created: 3/8/5blthf75qs6iaeng6vkjf2rjsvqu3v8R
created: 8/e/21dr30imbi651sr5b6fss53qqd3ueuaR
modified: 9/f/81k4aut0us5rp0681oef732l32gfln4M
modified: f/f/c5qmnbcttrk30dhuklrelqleqka1774M
created: 4/5/71ifsam75fkpuv7ntstb6jeb3umvnnsR
created: 8/d/84inudavcl9k081pm8j5baepmtn7pqgR
modified: b/0/93rcv43fi3eaeje2trqhd8rm0tou99oM
created: 2/7/21cfcmspvjdtcai9evls4hrvplqujlcR
created: 7/e/6chscveeopldartnbvsaj5b3j9neop4R
modified: 9/6/stats
modified: 5/b/9et6dbuacm6lherhoq42k6qeetcf1gcM
modified: 7/6/81i36vn96rstkjp8m7piim355b5ptokM
modified: 7/5/stats
modified: e/9/stats
modified: 1/9/stats
modified: b/0/stats
modified: c/9/stats
created: 7/0/c98281pl962il18a7ggpsl4dqpmbio8R
modified: 9/1/stats
modified: 1/a/1dl38ip24c6b8p1376pnn6rmt4hgjq0M
created: 9/7/6fsivq1ta62so2rmlf56s3p30lubiu6R
created: e/3/3bho4l3nkpqp02833baktbo9gqlbt9qR
created: 1/b/e2if66vv3b1k8hae34ikcb5hall732aR
created: c/a/e5gkgi95mkc57nqqer5vdgs78kvfbnsR
created: f/2/5diseprsoatmjv8kefr7jir3ir7652oR
created: 0/7/fcfmrv406babqc4o613rrhpbru1l8loR
modified: 9/f/stats
modified: c/b/832ipfbc0m3r5bkripbriborp6edr3eM
modified: 1/3/stats
created: 5/4/0f4lggdem7esn027d11tedvd4uphs3oR
modified: 8/a/7fhcinl74qsdt7eeg28unbvl2o8fmu4M
created: 9/5/a2b6b1aet4jbq4g7u5j9k9cd6cr8ecgR
created: 1/a/d44lf2gdh10gq9ft8gr26qobjdnoip2R
created: 4/e/e6vulh2lc7jhfikohl2pkbun38i6rmcR
created: 8/f/bcsb8ebk1qsb2ubsvuqbf63g5f0g79cR
created: d/4/33unmkgn66mnlrb983ouichb50pmtd8R
modified: f/a/35v7lmdpiehufjufoscgndlkaol3pmqM
modified: b/e/c3ijbn1ovj39hajekvjo3a8uobkac0qM
modified: 0/d/stats
modified: 4/b/stats
modified: b/4/357c94vesgjg6g1180eg2p7tqdpa258M
created: 3/1/68fp1jkrtm7q18ckj61trcma12v46qmR
modified: e/5/stats
modified: 0/8/stats
created: 2/1/b17lt24uplt4k17t5rtedql116ode66R
created: 8/3/93fvdo1vpaq812ntf9j8scd8ivvp5qqR
modified: 0/0/0fqvqdvdlo50dmfmfegqjrhvcj3oa9mM
modified: c/b/stats
modified: 3/e/1755okeo2r2n6q4g6pifffvjif7k3saM
modified: 9/f/44kq8aiutikfhf7hovnaj1t1n5f0npeM
modified: b/a/stats
modified: 3/0/stats
created: 6/8/ebj0ibb0j654o1d9485nhkc0rk7cit2R
created: 9/1/babrd85nai1987kp2l6jgh86gir1vbqR
modified: f/8/70duhehma2km3jsp1p0ci021nep0690M
modified: 5/c/stats
modified: f/5/3fnggdfngar8tv6ub9iutg2jlpm38tcM
modified: d/6/cabmgbtd5pp1kkd4lpr9d8qk3qakk6sM
modified: 3/4/stats
modified: d/1/stats
modified: d/2/56837t7tluclgjrn7flrfif62rv7qvoM
modified: 3/e/stats
created: d/d/b5sjevb4bh63f7t7qbne6f79m67dmt8R
modified: 3/a/99f76qc0crj388pqvu83dll0g50njd6M
modified: a/e/f5h5mj9s8dmethn6r08f2m65ern6rokM
created: 3/4/04l0fm3ieks54pb1lv634fm2ijq8cpqR
modified: f/d/stats
modified: 2/7/3a5doh2ergqj0fj4p8vbcjn53qu2092M
modified: c/c/6ace6gflfjfptjlr4rgnm8h5i7d5kngM
modified: 2/1/c09ekbpgv4vl5tt1no29dbmhcgunadsM
modified: 8/2/eea9e439t94aptk3fg0nb4odv3piq4gM
created: 8/b/9beb8rcpngq68eqe3f5kp1q8eeie7heR
created: 3/b/1dvclqmcaah0ute17kjs161a28021qaR
modified: e/1/5075gkevbj4v8h6t0irogba98enl02aM
created: 3/0/9a1509c9cfcpri8414qdhgambnii03mR
modified: 4/b/57d4dml19fbb4l81ppq33ub40q8mv1oM
modified: 7/2/stats
created: 9/5/1a00lt9u0sjjvo9team37269qhmkqukR
modified: e/stats
created: f/7/3di9u856isnhio96hmnbqqun5086sc2R
modified: 6/3/a5u6i3fcadlbnn8dgrtcngn22p9su0qM
created: 9/0/5d79op27gqathgtngfl7btp408obqvmM
modified: 9/4/stats
modified: 1/e/218v25rq2hn3l5opu5q6qb7vsm08jiuM
modified: 7/2/00hloi9ksii07l4nabjg418drru4iroM
modified: d/c/bblibnqibsm6jpt7gr2p08eb4rc76goM
modified: d/f/81923g2v3l5lihtbqov6238afgmeh6iM
modified: 8/a/6bu7bhkoem2smmof9thccjon4inpdjcM
modified: 0/1/stats
created: 5/0/d9sj1orskn038fkpmi38fisbtjkl8uaR
modified: 3/9/stats
created: 7/a/bb08gahl0es6lou681gdaja32c96njsR
modified: 8/0/stats
created: e/9/ea7brdsvdht5uhou3g9oumu8a8dooj2R
modified: 1/stats
modified: 3/3/b1sfn2icsm5kslciuvacukb3j8psi1sM
modified: a/2/stats
modified: f/8/29rrgeit641nevb6nt2tuhtehi9mrtsM
created: 1/d/20ri98o65qejso7t9qujtcatk8tubl6R
modified: 6/a/1avtrtc5mug3ueerb2iotoeqadni3coM
modified: 2/stats
created: c/1/10br8tkovf518r9u6qhqqsc11qvggmoR
created: 3/3/0fbdd286c7eiltvb7j5c858m1294526R
modified: f/a/3acsi3oa7of2q0kluo7cpncrp58uadoM
modified: f/e/stats
created: f/4/d9v0d4hivc19sae0qpuft12oc61oi0aR
modified: 2/8/96crkld0djjspis1em7r9np40fbh8jqM
modified: e/7/stats
modified: 3/8/stats
modified: 5/9/stats
created: 6/6/56lnij9uoj2uca6hsgu4bn91oedjj6cR
modified: a/c/3d2djf0t7524dr31ceur8fal9t14d64M
modified: 9/9/stats
modified: 1/2/5bus8b19qsnttfdvca1gqc1ikod3dd8M
created: 4/9/1dd20famnevqiu9r3pcau1jflvher28R
modified: 7/0/4bneetfoaa6opgpcucdpbev92r4r8eiM
modified: f/1/28kb24ofnfkp9h63k50m27a9001do9kM
modified: 1/6/d9j8boaoffttqgimc6g2f8mfbfe9g86M
created: 2/1/f0hdljiqth8hhvl77h1nsl2an3vfdssR
modified: 6/1/47nngsgn7uphpo6lih4ib4evdmebs56M
modified: 1/b/03ckdu120och1vhu79kjjdijgfmos6kM
modified: 3/3/33vdvfq4a508gt8qfmsndbb4hfjda9sM
modified: c/0/stats
modified: f/4/559oa0r2f8l1tpkovf456ns4bdj3qr8M
created: f/9/2bscf7rja3i5air3g427p9s5epg8kboR
modified: b/7/ef6h6mfsrlf9rtsut7mri6vuvkqnoicM
modified: f/e/690poj8afn1kigsc7shivvaqrabg09aM
modified: 1/d/stats
modified: b/b/1eosed3s2keed2m742l6rlr1ehusaa8M
modified: d/d/b2gads6galtsti79jkflcfam4v1j6o2M
created: 5/5/677v8pu9a7a5q103ql61b9ij593g1dgR
modified: e/b/2c6q1badl2jlhji5ob08uo794vba8riM
modified: 2/1/46sofe4qrvnt07f9d3p2nspp44v134sM
created: b/c/3druscqusuhhsr3uf9u0cbhup3mmn0mR
modified: b/f/stats
modified: e/e/stats
created: c/7/8an4aicjfs1r3ejp4d2npgc3020363mR
modified: 4/2/e3au3d7mdo56k08h1885pqgeiml2edaM
modified: e/7/bdt8trk9qsa67mm28ubfbotbq5q1hpoM
created: 3/2/c2fqgdsjsbf01f2pcvvq33n2pbo49g2R
created: 3/9/cb6fcfpofps4k4isui5o3durk9mjdqkR
modified: 5/f/stats
modified: a/9/a12fqqv6ec63amhniqhjprr4i50kd58M
created: 2/a/27aeej2vrjlgau4h73ur6ik2d93s064R
created: 8/0/76d8cma7nnqgf6hevtm7ainltbviq6iR
modified: b/5/stats
created: 2/0/a0kv6ljikq4dhrndgv8fgd39tsr1v4eR
modified: 5/d/12a5li1gr8cpn17dq6op81vtmljn9smM
modified: 5/stats
modified: 5/3/cas6jobhmucj5alesu4lipnnqdf1bjgM
modified: 3/4/aaltlg0v0nvts0l1ahh6t0nq8jkv3kgM
modified: 8/9/stats
created: f/9/afglltlh56eb0h84ruoklnm6chq1brgR
modified: 1/8/stats
modified: 8/a/stats
modified: b/b/stats
created: e/1/7fg93oabt36k9gu7rq8pfrbi16sogsgR
created: 0/6/bcvjld3ktsocj1e1gsu94dlpkljm8noR
modified: 3/7/210v666srqa8nt9q5iqlugshi8ast42M
created: 5/4/53d19qhtvrkqo278gss5a8phdcui6peR
created: 7/2/c65du0ov5nfm9s8gpdn3prdb7nmmprqR
modified: 1/f/0db721qnstj5ie46oti9207jqrpqhjkM
modified: 2/3/3d6nu0cpi5gdthh1j2fiobjgo96vnamM
created: c/7/7e5or2hcsph7s5j2n7aoeehc452nrtqR
created: 6/6/94n3vmc62o9kh8gdf7nn5fe2p0cihgeR
modified: a/8/stats
created: 9/1/0fd8p8imfsob6lnavsb5mq35brimf0uR
created: b/4/2ej0toii6b9uujr00k6kutp5dmk2g0sR
modified: 8/e/stats
created: 2/0/dd6tuc57l4b2hcmc713pi21d0sut67sR
modified: 9/5/79pdn6nc34te6ko79enjsempqrp7qdoM
created: c/3/c362b15tt3com1a9ukq6acg14c1gcqqR
created: c/7/1f81f15j40pur3i49eas8v7fatu72deR
created: f/a/64c41r6jlskktor7v2eua8et04gd6qqR
created: a/e/24vumm7o6aihcroqsqr9tujuuqk8kp2R
created: 2/8/6c3lvmka9hs4914bp5allc01k6ego74R
created: 3/9/4355mf9j6ji63ke4ndr7uvuc439j9gsR
created: 6/1/39eqhlgaiq5gu6kq74ova18josk00kqR
created: 7/f/929i5n2pha8lh1ivoggdejnjbaa0fvsR
created: d/0/670e03facokdblibald7uq9lcomjcvgR
modified: 0/d/0fmaq94i6bvpa0cv77c07b97q8vgjlcM
created: 2/3/82ebqje66knoeo56jfsua575cbdmq98R
created: 4/7/79oaj6fi8l3pjdhp3mcsntes6p5ogjiR
modified: b/2/stats
created: 2/3/90tei5nrtre30kvqn5n426k2t2tna3qR
modified: e/d/652afffgelgnvolq9tm6c53mjk1320sM
modified: 1/c/d2d3a5hmibq1a0r97jr237oa6l7l8nsM
modified: c/c/stats
modified: 2/1/6bkft798uk7et62a4c95mae5us40c0eM
modified: c/7/3bbn1pl90mb1n5s91p1odt79seq0olqM
modified: c/c/d0hjjb19pand1cmuah97fbbm3cirlv8M
modified: 9/8/96orh756tomel8ie0bc4n8ah0hqmueqM
created: 1/5/ee13tfmfpvl9h3hi0muuj0h888umt7mR
modified: c/4/stats
created: f/d/16v6rnhj5ou2g4f1iqpugd90n6qii3eR
modified: 6/b/stats
modified: 0/2/ca73jiblnod35t33ckpmf8cenpsu2bkM
modified: 2/9/stats
modified: 2/d/72v8ubqeu2f3s1ajgsctn0jcdkr00omM
modified: 6/4/68o3qv0ia76fk092pskbkr4a5bqv07uM
created: c/5/2bp49uet0plus1sp5ml186tsgbm4486R
created: 2/9/41pql90kgbf1tdkahs7nth848n33muqR
created: e/b/972oo4q2c27b7kq35qjtknd83b0vlhaR
created: 1/b/3f364n16h9ne5s0734aesj6jo3bkr1uR
modified: 5/3/stats
modified: 4/b/f710mu1b2691t2mkmrb7j0v1b93t4n8M
modified: 9/2/stats
modified: 2/d/cc3n5k301so9lftrp93ptveg35tfj9aM
created: 8/6/1de69i9obupbstgg52jii5vi9hl2jl0R
created: c/8/6fake14hdbuta744trjjk8nm2utavcqR
created: e/9/5eja68m2rttv40l581sessltoaf3fleR
modified: f/5/stats
modified: 4/e/4433frgm9je2c3evar1b4l7b84mmhi0M
created: b/f/986u2e50b277h9nhuga65oc27m44n88R
created: 0/2/d0s92m9hu5eqmdadkgak5dbnpicb0a6R
modified: 0/6/9a1c5bnbfc3nmmnnc5nbseq280tod7cM
modified: 8/b/93rr6bdvnrgoccch0mbcv55smm7ajfkM
created: 9/f/067hr0t3t4s418kf4qfcdjha5edp3nsR
modified: c/3/1eu26q1f9m6450elft6is73sttu990sM
created: 5/6/a8vcql2o6ajv0vn34qkghsnscca7vruR
modified: 0/7/stats
modified: 8/e/68qrpgoni0mqkkpjmof2clnf102htcoM
created: a/9/4dqn5huvmhcecm40rg0i2uopo01lorcR
created: f/f/65q175rdhotf02997epgq9fnl4dpr5gR
created: f/4/12bm5jqklcrgjjrquvlqf4mu46up1hiR
modified: 2/e/29uh8p0gbu03udha27gdc4de3epp8k6M
created: b/1/edbf82pkgru8mm3h2m19us65h1vv93aR
modified: 0/b/f7fbg7ds7oqn5b0jq6q8cj0l9pil1s0M
modified: d/8/00o5qkmdius3dqu8let3j0srf2mqk3kM
created: 9/f/d0oi7kpe79aabt20uonpivf9ffpibp8R
modified: d/c/093td7gbbsdldmuma10r8ndvrulgjg2M
modified: 3/a/stats
created: 5/f/de2eci0ll3e5ff7b4vfr7cndo9d2jrsR
modified: 1/f/dasd90em9a7eqnl2ufslcac0heb3kgqM
created: a/2/bah05hq0nt594q8fn4srs38mr6sdp66R
modified: f/4/b2o0pi06b4shj1fkb62t5o540qccb5mM
modified: 0/0/d6vk7cpteq86ltp16ech2c9revndqkiM
created: c/2/69cca83km97garc8tvuje9u8sqpvgf4R
modified: e/4/30fcdcd7crkhvk37icd34lj5k22idt4M
modified: e/9/66ve00do8667m3erncqagkgfgot2d4sM
created: 1/8/1fvq6nct0h4qqp7j7srvpofrtd0lidcR
created: 8/2/3760mh0u3vghd853i9j29acl246kmqeR
created: 5/3/6c5o2vrq9olf26u42o33k9nfbtdbnsuR
created: 4/3/a68f3ellf9ke8372r7e618ibtsrfd4sR
created: b/5/f0tbrlg7ivapuvt1u5pnchsne8k1fveR
created: 4/b/80irkirnv2fm7udf9v3v4i9t3bq5j8eR
created: 5/f/de3uqisf6shuvm0nhgt1k4cua01lnl6R
created: d/d/a8ai6dltq71orl35nu2pt50ce523stgR
modified: 1/6/stats
modified: 7/8/138vk85fcgqfhgug0gbmp0tf9io3nsiM
modified: 9/7/stats
modified: 2/f/97jco6ed9rnddvnadqbes7p3uapr9luM
created: 4/f/f98e4vinksau6qr3lcu5k0f2mlivjtgR
modified: c/8/stats
created: 2/5/734vpaqmr2lsisora8mhnt3qlm107dsR
created: a/e/cdpfmislngl531eqkc9j63qh6fl6aj8R
modified: c/b/d0cmduieko0aj2jr22mq6oc6e4142hmM
created: f/7/5a51lf1i20infp9klnetrdq0km9cdn4R
modified: 2/6/c12nke0rfg0phajltr8at0fff6tssdaM
created: 4/9/acknkb2g47k383dkntn3asedoq084fkR
modified: 1/2/9ffk5q8f3edi45nmrghrfj7vrhb6ppaM
created: f/3/25oqdi8bqv0h67d2fe28csen5dqhppcR
created: 6/3/a44733g2seb87487imcc2b6svg7soqcR
modified: d/e/stats
modified: a/d/fdg114a57mn500lupogkaqhghlcuop0M
modified: 6/5/61der8m4tj43ddp0v03dhuo9eo75m00M
modified: 8/a/728rf1nqde40trn5o9fud9u0vvi35eiM
created: 9/5/a3p0e1cgi8vveg864d3qifpcg3incj6R
modified: d/0/stats
modified: 7/b/stats
created: 4/1/d7uq0tff4p9evvaremkcg36ag71mfs0R
created: 0/f/303vqg9t1hg7800gkuvk8gejtk4esc6R
created: e/0/03ff27gm24i68h668f6d2nqm4n5oc92R
created: 4/8/72uv7o78j32j58q4m04h5m2vdguvs6qR
modified: 9/4/d2dkq4nqcde3gifiepbt58hlg9o9k7eM
modified: 6/5/stats
modified: 3/1/stats
modified: d/b/stats
modified: 2/f/stats
created: 5/0/dfnihsq5e3d7rod80v4vjngecgljptsR
modified: f/7/stats
modified: 5/8/d84ni2r1vbug9d6ne567cc9ps7l5r4eM
modified: e/2/stats
modified: b/7/stats
created: 8/6/8911elajoev65hqgjkcpdg3sq7tm7siR
created: f/c/e8j07gumgab5tmnmoibm37j8itst554R
created: e/a/b9mn9fbosun9fad291l302he7f7dpc6R
modified: 6/1/stats
modified: 4/e/7c4v9c10rgtnoult32j10bq7p6ukn1cM
created: 7/6/d95updqblsm053nm8c7f4ibhsptngj0R
modified: 9/4/8ct4gvl8j30h5aamlihfclbjfi0r2k0M
created: d/6/accquv51efv7tv5sp9d9d9pnnrpvpg0R
modified: 6/0/4eglurtdqkm1qbber7anak62aj0riluM
modified: a/b/76knu7cpu5lonrqfqgm498ls6ekij40M
modified: b/0/0c3dl15i7hl569hdkgi1r13egc31v4oM
created: 7/a/844jovffc6ucce9jjdck1u0uf77hbniR
modified: 5/e/ac5gpjj2220sel621m67sdso1c7p41kM
created: 3/7/a9puhcq8lrkgj7ne0ebvs1q9hsppg52R
modified: 6/7/24o6lsb0h4dr80mrkjmbptf0hrj50rsM
modified: f/0/stats
created: 1/d/cfki13g4bbq2ln1oqmgsto7h232mut6R
modified: d/6/5d2tsmftarvc1k76ik2hkm334lvnjs0M
created: 0/4/15r6cujdnsa2lbd5celsen4ab7frsieR
created: 7/e/f1kjc8dnnrn4mdusou8rmoss6dbc9bgR
created: b/8/2695atbicj81q5hcsgnp87vv2eh3v7gR
created: e/7/eba7jc2s7dior10gr8rqkgng3i40q5uR
modified: 6/0/stats
modified: c/5/05l3k0g3lag7nm9mom1usmf418ebtkmM
modified: d/8/0esed5nk0hhqq5phtkr9lknljgirlf8M
modified: 9/b/b0res2rn1mmmingi1irpdqmor2l4lnkM
modified: a/d/a5spr1cj89o9oeqesolhi2frhq8mjpoM
created: 8/c/35r5hidcfqko6kcojsbfljtvfjg3bqmR
modified: f/b/stats
modified: 2/8/stats
modified: 1/8/2426cfegbfnjtm170lia56bh4eu04a2M
modified: 1/f/stats
modified: 4/5/stats
modified: 9/3/12f4dvhf93n28buolp0tdf3guaam2mqM
modified: 9/5/889grhm0bjvhtb82lvdcsc08up6i166M
modified: 2/1/b25a1ivg2t51fidi0r1msdld70thjpeM
created: 6/c/3bih8ncmi0tl1p4djflemrl4j79ib08R
created: 8/4/51vdsa7iu6rhrnr84i4l29s5iru761cR
modified: 0/3/stats
created: a/e/44rei8bd2rb88pknpbvuo5t3kk57942R
modified: 9/d/d4gjmbvnj9inosli3i1grbiecv7l3naM
created: 0/f/37rgdl9tr12j5p0q25lg8g5md59mgicR
modified: 2/b/stats
modified: b/5/101kshqvndfpdc3pgklpgnjf5un12eeM
modified: d/4/ff4d9ga63csnjqi6kq4jg17ja516k9uM
modified: f/4/stats
modified: c/c/acai9uc5cdn06nonrpqefj97sg7ki6aM
created: a/3/de9nf210f24cudlss1aa6nlo421avv0R
modified: a/f/cfgs800v0n9tv0t15s11qefjtpf23ekM
modified: b/e/9da7lnion8savf2q9ngvc399djsfnkqM
modified: f/0/54foo7m56b2htm7bqk50et1lju6oobmM
modified: 1/a/stats
created: 6/6/16gkn0a62vtts0nvfakfu05r0o6epb8R
modified: a/f/b6r44m6hiaevul3etirvu00n9bc6bkoM
modified: d/2/stats
created: f/c/52n3cmojq4ptjhkupag8tkcgidln7ikR
modified: 3/0/835v01mp1emfkbp6su97aurjoj1dcf4M
modified: 6/4/46qfir77vgink3gf0493d4umn6imkgaM
modified: 7/0/stats
modified: e/9/93kat4ciuigb1objfcjfppmkjrljj8qM
modified: 8/9/02aq5bsfp08acbbbm6v4ai8effimj26M
modified: 8/b/stats
created: 3/1/74du6ogl60csa5bq6e5idkpfh208lrsR
modified: 9/c/8bh7i1jqu4glq1jv4clgvfhqfocmi1gM
created: 9/f/0de5rp1lre7povk0ktn4qgdlq88hjc4R
modified: e/3/stats
modified: 5/a/stats
created: c/3/f4c00qdl87qqvls2ucl9j6dfduvb0eoR
modified: 0/e/stats
modified: 1/c/stats
created: 1/0/26jghrvd1rttdb5ft2cnlnm29c0lgl6R
modified: 1/a/ef51moif8jlne7kp7fkk6ek934ojabaM
modified: 2/d/stats
modified: 9/a/a2df70ghfolos8fdm97g29hvq2or3noM
modified: c/b/1db72gnah1vh5s8vs6uvp1eqcabe6c4M
created: 6/2/f2g90ne92u8231rb3otprnivmj2gddoR
modified: 6/9/stats
modified: 1/2/9bd5siub7qrdq9utf6p8qea3jorpqbsM
created: 3/6/81ihvf84lo88nmopuictqtdi96sqihcR
created: 4/3/e6lvun56reg9pb3s1rip1b3qsrd44scR
modified: 6/b/a8dcgg75g5b0l5i5su99aetinkbkgbmM
created: a/9/46s08tlvkceliav8hsa38222j5j1vb0R
modified: 9/1/46g6378gguqjoblppk83up1mjpms196M
created: 0/1/8cp8bdnbudn3dm0lnrqolqc39piepm0R
created: 8/3/d96jr307hbetktrpglllfo3b8qugns4R
modified: 5/b/stats
modified: 7/d/64ggkuoicchfsogpcpuf02igobroelaM
modified: 9/e/stats
created: c/3/5b2ine0kmn7eki5r78fhaqn5qe1deiaR
modified: 8/1/348i58ak31h2n86flosni9b9hog5n1cM
modified: a/b/36jcvfs559icj5k74pqprg645pe6ncmM
modified: 1/4/9880v4rd7iq01ak5ilq7rknf3ejnbm2M
modified: 5/f/674vuqefdhlh8ntppo2oqnqmg2ipdbcM
modified: 8/e/78bv486k1mpppiv5pndico29qearvqaM
created: 5/1/cd0nfcm9bdd79gcf6aneeol1ce6am26R
created: 5/5/74gbm0i3voq8bfqbgn30ru887dg6qa4R
created: 9/b/fao8ka575stan9287snfgf8011eq7tgR
modified: a/7/817dkoj88ko2pjme6qotag7ti96t31aM
modified: c/b/7fneu7npf2m22kr4bcu0516eqcpv0qkM
modified: a/8/237houdtilc5pn33a3if76jh06qcs7cM
created: 9/c/f78joieo8ob7as097d04jv2slb9kf1uR
modified: d/9/b7dldgtklmge3j60qiaq37f0nbj8smeM
modified: c/3/stats
modified: 5/a/fcn4tps5rv2i49gi8bp0j6igvsqccg0M
created: 2/9/10oscndlkagl18a4ab5ijmuq4cdmhuaR
created: 9/c/0fitji8ual9c76a058id56oqp619b8gR
created: f/9/19jsm4ff1v4eiev3fvpe5ei2p09d0n6R
created: 4/8/5cjvica35nb5d3u7c8s681r6if7hd3aR
created: 9/1/a7sjj2pa931puiqcg8o8bmjf5r5nik0R
created: 5/7/03mvf7juu84kia6hseeg8q41uf0135sR
modified: c/a/551ka24ssvgapa052vgu39llnvu9jd8M
created: e/a/49c5cfv776j5dd3f95jpops6g5h2eu6R
modified: 4/1/stats
modified: a/c/stats
created: d/1/b3cdjpnglj2gldhtu71d022dmgsu6pqR
modified: f/1/stats
modified: b/4/d5kehdd20a23kr2kp9lp6dimg43sd8sM
modified: 8/9/56rde16enfdmjirunvq1j14ko1pe2pcM
created: c/2/b1i44sojqrh0dcu69d8r8rian3cgl3uR
created: e/e/96avtv71ks51grc5ute9ccikl8ed2rkR
modified: b/6/stats
created: 1/d/5e8opgjudmk6kqi83oq4f17bgfkq6h8R
modified: 5/0/33640mltfebm913fk13a3lm2tcbet1kM
created: 5/e/5aoaniniaduen08nvjqrp8si4ga4m8qR
created: b/7/45e4lhukm76urlc6rf0fbqa25pst0aaR
created: f/0/1dt2ec8dl0ab4i9tbai47tubhvippu4R
modified: 8/c/stats
created: 9/4/ff56ckm94qb6jau0ql5jlqqlq1l78q6R
created: 6/0/d5k8f1cv63oevcpn4e399l5kujcn6acR
modified: 6/b/69a3hb158ivcukq9ol0nr8ic7737mviM
modified: b/9/stats
created: 4/3/a77bce94dgt0h3o4d1jbpkl4lb6dd2iR
modified: d/d/stats
modified: 0/9/23stvvu81n31vasq76oho58m9k2pf7sM
modified: f/d/65q24drkun2l89tismfncjtk3e4n832M
created: 1/d/aendnc8a7ao21s1roncn74fgvgek2c2R
modified: 4/6/stats
modified: f/7/d8sqknsco2b0r9ktbj2e35g53oqj7osM
created: 8/f/54t5v8rh34f4jtnr5ha9tsfdlgnk39sR
created: 3/d/a43ecopluj9cptgqmhoatfup9flg926R
modified: 9/stats
created: 7/6/1acci9poqhdc7jits9v7mj7uh24ma0iR
created: 2/2/57os4j07nl8ej8cangabh8uue9upgs0R
created: 3/5/2br0lh6fbpp7jl2nnlc4r0qfegs17ruR
modified: 4/8/stats
created: 4/f/8fq50arcqiif4p5qnr9f3d7uuhi66lsR
modified: a/stats
created: 0/c/a87e6po6n42fgpmvf241co4cc2arq36R
modified: e/3/3d1tblpdq33n999f50eotd6lu6qnv5gM
created: 5/9/11cgfsci6ac5k6aakjvf72phidl4fgmR
modified: 0/f/e3404s24gai5rjkcm68gmh7tv9mmtmiM
modified: c/d/stats
created: 1/7/a6fh58kccvnvcu4nplnvrcn04nhmc2qR
modified: f/0/e1krme5pbrd8jb26i8o88116ftceldkM
created: 5/5/3bie3bv62sej24r0nsfc8m4234ig4m6R
created: f/8/d2hif15s955387mu01j6kfo3dnoh5fqR
created: 1/f/dc3lknf3ilm8bkgeftmitls4psl3he8R
modified: f/8/stats
created: c/2/f961fr5qbg6jkr2op56b2o4d92lnjqeR
modified: 5/8/18g0eri8idc0o8i4oak80g9k2nhi5omM
modified: 1/f/6dkvp9mcvbfo9tkotkebaif21vvaqs2M
created: 7/3/3273q93li2jhmuhf9mu97fcc3k79ie0R
created: 6/e/6ep0f5iallelchn9jui0dp8pb7tal0uR
created: d/e/d47jfvnmr7mura69f0him4me299h9deR
created: 2/7/757iv3745viug4cr80suag2gq4onhm2R
modified: 5/8/75s4jg5ib0k9n6k9f437avsgaep0cvcM
created: 6/0/cbivrm8crhepuf9a6adoroi8mvk0ps2R
modified: e/0/stats
modified: 5/d/stats
modified: 8/5/stats
modified: 4/d/stats
modified: 1/b/stats
modified: 6/e/7efkj4bbq9uiuei4lbrc6c0jbgrnrp2M
modified: 4/f/stats
created: a/a/6402dmm4bn63rgfasdd8j1ig9tod5tuR
modified: 6/6/ea7ln0mk9emuagjo1f6tl7rm2si15iaM
modified: e/8/d64hreeqmm1pjkgtcdvmjfge6i7ghuuM
created: 3/b/24mlb3ndkc5sl7dfuu62fcfbmqfj30kR
created: 4/3/7civggt9dmngqrsggh9aos8hist12a2R
modified: b/6/d7d0jcab4bjvr7o01dqt99lq1du91biM
modified: 0/f/12qfos1r0d3a3rt3pqii3k94gsaegi4M
created: 3/4/5bv8ol4h39g0hj7kpce4ma9pr46bi6eR
modified: 9/0/stats
created: 9/a/edvemtr9f1motb60kqutjbhm2b9t82qR
modified: 8/9/7cu28gn6gtn452bk2ft78aq2ugg8i2uM
created: a/8/bd8t9gvfm3f531umec6hf1efja90a14R
modified: e/d/stats
modified: 5/7/77adk0gesmaheu71vbh67got93ls3euM
modified: a/6/69r3jgvp7bpr6tskh7mj1nganmjrb1oM
modified: b/a/e425e7il195hp2hlm622gi3uht335q2M
created: 1/c/008eofgg7jrrvh894ujcmipb0bq429cR
modified: 2/4/2deqkr2kj4ik7ejukle559fb45v0q0qM
modified: a/6/70iabo27v43iovhv5oq59a8rj7o5gnuM
modified: e/b/stats
modified: 4/0/faicr1pk5bheac1l8rvgprdlcetjk7qM
modified: a/c/57tuv3lcsn6054j909nhom7e3gc20r2M
modified: 0/f/f7qctfo0hbteaiktbld82c0fltb9pe2M
modified: e/9/f10avh2gltheg43k64c21opk8iald0aM
modified: 2/5/stats
created: a/a/eb84k88p5aq751e4ckrpslteamuk64cR
created: 1/c/afte9jfh4akmcb53hp250o5tp6idujiR
created: 2/a/68vskkib08n54g58l4qnrjq39qclrnuR
modified: e/3/26jvr82q6pevffrtctqgjnc0jkjheh8M
created: f/c/15e1d6p7ovi88pttpjunjuhb3gmc7rmR
created: 1/4/ebo93vp2jq7i41m3pjsa4t4gsggnv4aR
modified: 3/c/stats
modified: a/8/f5flpkc8e2qbrevsdd51aq58bohc9niM
modified: d/6/50bcnbqegj6i92b3b1cq1j1rhuob4nkM
modified: 6/f/59fqvcab089ft4qp46si4glp08pbe74M
modified: 7/e/06h0ltdjt6akong19vrag9g3vdt1qiuM
modified: 8/8/1daru47l8u4igvpngl3p3srd0f6iodmM
modified: f/e/cfv0mi3t8regoe56kko2l5s673bd08eM
modified: 0/4/7d1a9ousd0v6465e4npvbm3nk4jakj2M
created: c/3/575en671em73vj3ju4nrouu5pbejvjqM
modified: a/5/1ahmbksi2u36chi96t4fnk47a2cfu1mM
modified: f/5/e3tklh449s76bfmhi9khil1k9u8vud0M
created: c/5/43o9k3300r9ef1smajbiki6s2e86m8uR
modified: 0/5/adfq88ahh2np5ca6as1379gt99lceb2M
created: c/0/7beucvh1qv2ppepn3bh7djof7npj75gR
modified: 0/5/25ngtd3k94c7lc8dar79rej63po7i36M
modified: 4/2/stats
modified: 2/3/901cqq9ha3gf93a64uvplo1rdps3og6M
created: a/6/27mhb71k9j03t82tpndh9t86lii13egR
modified: f/9/stats
modified: 0/7/d9gh0q9jq0gmkrrfpfr4s5qofsmbd6aM
created: 7/a/7d3elkqlkssag4lleluv9aprcbrd8c0R
modified: 8/2/stats
created: 8/c/ecbsoo4rhk0cp16ja4gbrql6cm7kitsR
modified: 4/4/68nc7477stjmn08c8ul7kvr7ud9kb2cM
modified: 2/8/c52788rfoterjmjkgepf07iqq2d6deiM
modified: 6/6/stats
created: 4/8/5dekmaudo0redmg9vf5v9914u0atb6oR
modified: 5/e/stats
created: 7/b/76cm2r4089kldnm8scoe40p8jvgfbq6R
modified: 5/8/511chaacr1666bfemce4d1jg8rg95poM
created: a/1/45usbfueg3ip3i5a55sqgr7gf1fdhvuR
modified: a/f/stats
modified: 6/6/96iv7ocsbi20cn6cqol1nmpm5098hkeM
created: 7/4/fe5dupn116g3tnpav18g0tm4dtp3n1sR
modified: 8/3/stats
created: 2/5/d61b27f3u8pv077qdl24rq8amrh5kaqR
modified: f/b/6bj6b0ifr6trt7qa379j67mrivqiguaM
modified: 6/3/1d483hbd97kad3mhbirhhmr89qdrlqgM
created: 7/3/4ao6r9ff882jgdkr3pdl3p65ku6b93qR
created: 0/4/28a4rhf8isl1qlu9gqnvrhkorcedt3iR
modified: c/2/stats
modified: c/c/dbrf54jf521beido6tunkdpgu11htruM
modified: e/9/c6ekia8gf8l5p3pfkqaanfu4evobcj4M
modified: 4/c/97g3hg6f3sd7gqutt92idmrretgfp04M
created: 7/2/48sl4f5jmfj4896e4sjsclltlj80552R
created: 0/0/b10dih12p155h4abj9ajcph314lll82R
created: 0/c/b9i3bqc5nsg6hit4j8bmbpes5d9uudiR
created: f/4/53dpmhn361ttfrmjr2ad31ijvjobqhmR
modified: 8/1/stats
created: e/1/5e06s8m9rsbh4ejm4rkuvhdb0uflussR
modified: d/2/d7sch0r1rc7ji47tap8ojv6hqdm5q9cM
modified: 1/1/516dopb98so0gaj989flc6s37dtkvc2M
created: 9/d/8907ohhabf8d2entm8g8e18cdqk004eR
modified: f/2/stats
created: d/4/13mrgsdif9t3m32uh5biulgc771bogcR
modified: 7/2/99ld2og86t5n51kjr970j1h15gqk83gM
modified: e/7/eaovnuggcdujf3gjg0qfebk6stqqnpkM
modified: b/7/c0k3ns62v8j5qaup1kcv44dcios1p0kM
created: b/c/eb9731aponldjtt8pn53sip008kt1keR
modified: 6/f/stats
modified: 8/stats
modified: c/1/stats
modified: 0/f/stats
created: f/4/fedpktsptlbals4k2d5hu0jg3ahfciqR
modified: a/f/75nnmo02f4i7oeq85nq8aspfphbq4oeM
modified: f/3/3bupb3m5oi086lm6iup88aen79t08j2M
created: a/a/66p7vhmadoj7gbckco04rigfb0dsdsgR
created: 7/3/9aed50ch3m0cnk7tm7rumak6v525evoR
modified: e/4/a4ij6q8hnpi0hb8lambh37abohnv1c8M
modified: b/3/d1pamk46tfb5irfia9mf9cv0g0lndtqM
modified: 3/2/stats
created: 0/0/a1vvm9q8bcvou41dge20qmq0ik1f9aoR
modified: 1/8/c05853bk0tbnmnqvn8f4j88fotkkq1gM
modified: e/4/stats
modified: 7/stats
modified: 0/f/25obevauuogq9thg5ovi6jgk2ppjvveM
modified: f/7/65cvg1ss5mf71hel09cqa8pc5fj4mb2M
modified: f/9/725hjqmjoqq5njjs2aeiqtf5i3vgpeuM
created: 1/3/e01m6ectmg5c2nfob4b2m5dj97j9ha0R
modified: 4/3/stats
created: 1/c/2bj8philtph6jvu3dnibl13c74j6aleR
modified: a/b/stats
created: 6/4/cc3pb8itrl61hjona5tcjj77fem3ad0R
modified: a/f/cflnsj72c2l97jqq6mlgobf8h9cpms6M
modified: d/a/stats
modified: d/3/f13f638je6bjj9tvs8pcpc7t68p6nueM
modified: 5/0/cehccubq06hll8g6b4if66meu2cj7poM
created: 7/2/3aon56t2u77nsrjuo6tn7f68rrauju4R
modified: a/1/stats
modified: 0/b/63mphdbrhbbaqupobfdio41r9nv33m6M
modified: 6/3/stats
modified: 8/5/b76cadeodk5tgg6vq89ttn13i95228aM
modified: c/e/cbkrp1i11amq7klq01akvsip2broh1sM
modified: 4/7/af5nprjvrta4qo9ivolb4bgnkapidboM
created: 6/1/8cgm7b7lgs4i4imd89mksbg5b11a6noR
modified: c/9/05uqovnpkf3ca8g6pd6d5unn3jo61mkM
modified: d/f/stats
created: f/e/09jv719kr4ge7dgf8dsf8vcliepo992R
modified: a/c/c6pvcqh3b1kbnds3mfmpa16psv1hca2M
modified: 3/1/f60rgnfakmo1qnsukd13umm2gaoogl6M
created: 6/e/13m7cb2bnvgkhnd5hm04dieh7mek594R
modified: 7/d/110pik5fijo2t3f0aqole964ps2jftmM
modified: 6/8/c0rd284j6vo6sbanbo1bp5mjiom5eu0M
modified: 9/1/f59ukerir3o78dosg116aeqg8e4kk5oM
modified: 3/8/270lec2obtddp07j9ad6u1siupi7t1sM
modified: 4/7/a0v4etpf7lua76erkr0lmqkin49mmhaM
modified: 4/4/stats
modified: 5/7/stats
modified: 5/5/stats
modified: 7/d/stats
created: 8/d/0et9f69doa6p4enmo7mkqf0826cg53gR
modified: 2/4/stats
created: a/4/92vneeefkjb4oocb1i112khrvg7osl8R
modified: a/7/stats
modified: a/e/2eiocs5kbv30otjljmphpik8k3fea8gM
modified: b/2/ae1qg8187ifbtjulcj78eb4n3fg8sb4M
modified: c/5/stats
modified: 1/a/2f05k8c19se1brsdaolqfdhgo0lf0hkM
modified: a/f/860h1gje4v7b4bbk7l6c0q64lp1a35uM
created: e/4/02avsskca8nbu1ece75qfqppvq9o3gcR
modified: 9/3/stats
modified: d/f/eeg9mlk710jvimk8kjk6trg2vurha0iM
created: 5/3/1720l49udjbm1gqd7clqt1rldl1t4m0R
created: 4/0/d56vssb84k6854cb914dpievdm7fpkuR
modified: 6/8/stats
created: 5/b/c5krjveetd7vo8mhdpa31ohc9n8c97sR
modified: 9/6/ff03gvcirqv5ev9klqfe76sr72rnl2oM
modified: f/3/stats
modified: 3/b/stats
modified: 6/c/stats
modified: 0/4/stats
modified: 8/1/caiq7gacm0m16c0m2v1up4hofjv6t6eM
modified: 9/3/71r1umj9iocptamukun6epphm6ugkl2M
created: d/c/7a6i7nmbpdjp4a1400u481uoe7l66l4R
created: 2/e/697f7e0ano52poi66jgq7ui6bhub9mcR
created: 4/c/acvgb70keneefndk2l3kk9usdbfs6boR
modified: d/b/ebooecepcr13868grb4p5q9eud9id58M
modified: 7/e/stats
created: d/7/f3en6lcs07rtnfo6n9jtdgisf4seehoR
created: 3/8/234r71bep9f8ghfeltckbqs43gqjm4iR
created: b/f/709qrv0s57kosm1s6slnggtdh804iriR
modified: a/4/stats
created: 5/3/a1r4acj7nbn3ahafst7enhejhs3s5mgR
created: 5/f/94eh6b0ugjal66kl98q7ov35bfuhhq4R
modified: f/8/12tqnvjana1e6nrgu9n9ni7es83k45sM
modified: f/f/f9nl42pffj6lqf5t323bpb5d4p26acmM
modified: 7/e/22r18ipc990hnuhbbve2gkgkagton2aM
modified: a/3/stats
modified: d/6/5e47o44d9gottsi9uhl8sjpret7qel2M
modified: 2/7/stats
modified: 9/5/6585klcpu4i0r6cjthior9ovd16jem2M
created: b/7/d1g16i1i3dabtvijnals72rd4f6vghiR
created: 6/a/e5ifad00h6ra9dt96sp3ni1j0vgf7dcR
modified: 8/b/7amjt65vrucua3oqf4b6t9v4um4sm5sM
created: 6/0/81ka46e93cvg006hva4mpehfg83orhoR
modified: b/4/73h37dpq989onlj3i3iq7nfpibpmc5sM
modified: 3/a/85ae2qumkgoj09smlr2pq0t4v86j0gsM
modified: 7/6/stats
modified: e/a/stats
modified: 6/e/77hcvh098sedpu6ka07n2odooife2jqM
modified: 3/3/17crier0spnvic07vbvatf5tmnavplkM
modified: 9/8/stats
modified: b/4/63sl2qeaiv6ddqqg3sfj1401qjlgcvqM
modified: 2/a/4fomcaqrguk0nsjqm8rv4p9edn7esr6M
modified: 6/4/996cl2qlmlqj87om40fh1s4logiohekM
created: 4/e/d64ih295e7t297dfdmumtsag1tq1m9cR
modified: 2/a/stats
created: 9/6/ca5rp4h9tb6dd8gon28d4hokbiam9giR
modified: 2/0/stats
created: 8/4/c8n2l9b585lrfhdt7g43m46eck92ts6R
modified: 1/4/3e364rifdus224eq7hekck9gs35ihmsM
created: a/4/c1ibo2tb5dm1dtuvt1sbmr25fvm7otcR
created: c/f/40ob5rpa9btqfn687df6u58g6lduj36R
modified: a/5/stats
created: c/f/8630o73hgcl4dl1iql0vhv7jid8te6cR
modified: 5/d/26gju591f4cu5mbarsdki79jbjgvmo8M
created: 1/b/e3i2mff46vetknb8kklavfq6j7tpg9mR
modified: 7/9/dedo6du9unha206dkq15bngpfegi7sgM
modified: 1/0/45phcl5oovq8hd00nbd22s4og3mqun2M
modified: f/9/9biifkmmae9t6j4fr7j04pbvf9tt38sM
created: d/8/57ub4qi00p3c3e6a91b053ulafbsfhuR
modified: 5/b/68enq4li12e29qjajb28afgp5v9mpquM
modified: 3/6/stats
modified: 3/4/15k9ar5t063doj29n2q53sqb0jq56jmM
modified: 9/0/9806ulpaifsk843rsfui6q8bouokfkeM
created: d/4/9bdvrv4cqhginpgq5tp999g74pogtmuR
created: e/b/13k5p4t5ctthcav2l1sqvp52eij7cjsR
modified: 1/8/266puuuh731gh6frd5h8moqtmkcfm8sM
modified: 2/b/fdo3od6o9alifuj236dmcacu2bj3d36M
modified: 4/8/e54ppoqanq4qlm0gpaamlan64g9spakM
modified: f/f/stats
modified: 0/6/stats
modified: e/8/f2d22987m22tous8t33t7t0hn7snp90M
created: 5/e/c5rojf6bk2lldgniejt5fnnl0tuds1uR
created: a/4/8a1fm0jqc5bul17r8cumm6c0e8jpr8eR
modified: a/8/9a72tp10m9kihiubpdfch4uhfd54naeM
modified: f/a/1am6rbib2c2m0g99g3nki2n345mp4omM
modified: 1/e/f8893cb4g1hf5otsivbot77706se280M
modified: 3/0/dcmi4dtav0ru19i82b9de0mtv22clkoM
created: 3/d/5b99h5kfh879c21sartqpqpmudpduqmR
modified: 5/1/stats
modified: 3/2/dc850tpd26j6tuetruhd31i6n5fdjboM
modified: 7/1/stats
created: d/0/52jmohr1g3pqceq7ljqiqsd9qi47g7gR
created: 0/a/24g6ua4rj4ptvhdfdrbrdmmksb1bvciR
modified: 8/4/2d88lur0u0qrhncbraofuh8krah24c4M
created: f/a/44v4bjaj27fh9tt6ajerdg5lv7kgki2R
modified: 5/4/stats
created: 6/b/bath5e0r17s4rdpj03d09nnbo8j2u5mR
modified: 6/3/12l4tda5ka414oe175g46ph4a1qrm0aM
created: 1/e/41jiea7mn85vat7h9m17p60ue6qs57gR
created: 1/4/81lhpqkv3pvueunj7kdgdfar38efo6kR
modified: 5/7/b4uen65l8jj4muj5rseupgd55l2st3eM
modified: 6/4/stats
modified: b/8/stats
modified: a/0/stats
created: 9/6/25p98kvqh8p9r95ijk0ihqoj0thb098R
modified: c/b/87prrbrgg2r1lgknchufj4b51tng64kM
modified: 0/d/e2rbfn0jogcup7qnn62voghucbrtuiuM
created: 5/4/b5jk8o1jp1v291m993lvdu6jnrtf5pkR
modified: d/f/66blrsjdkbt1e3r71n5r025o0pq3kiiM
created: 7/d/c9t77si72f62ecpa0hf2ua4h2bblv5gR
modified: 3/5/stats
modified: 6/0/a050d0gbauep3qgnktsl47bi1cqta3gM
created: f/8/7fhptsm04dkt0m1lsooemkqbvkr5mvuR
modified: 0/2/64gn5r0vgn6hjirdups4ufupv62m218M
modified: 1/8/74jv1rt5aojbaf2kpomg3dvq7fbjj54M
modified: 5/6/stats
created: f/5/4ekg9pq7ft5leo49hu1mr2de6l7f6pcR
modified: 5/a/70hc4g66kv12247a9lo65rvo0hl9vbgM
created: 0/f/1cvf63dgjskjtq28gljerqj16ot8930R
created: 3/9/0cgjtfsdujmronlb4c55aeu9pgiloloR
created: 0/d/af3mrfi2l966ip07sd21gmo8a7ton0aR
created: b/d/c82i338kg5v5asv6c3jcsmsj8l1u5emR
modified: 0/c/stats
modified: 1/e/stats
modified: 2/6/stats
created: b/c/ff3kstiodvp9kn1oir2ici9d24tv3r2R
created: 9/0/42l6oqm472p1g8k8or0knbrdq8008p2R
modified: 0/8/69git4khj59loos02467o4ervfk6htmM
modified: a/9/stats
created: 1/6/570cbv8vgpe8u723sr4ujv58ecjj9s4R
modified: 5/6/22p6o0splj1do6s3u3vca0u9cfeajkmM
created: 2/a/e1t0vbgnikdi8hd2mu06e1jtbc0j8i2R
modified: c/2/f1qcfleno7lvp311jgso2p4eh921b1iM
created: 0/1/f53r3s2krafbjich375t0av59vq1qkgR
modified: a/f/c4t96ivfnavmqm8li9drmlq1r29s0ggM
modified: 0/8/a5edh08ic1h2gqtl5o10devua9imeh2M
modified: 2/0/78jdbv5kss0srhufhumsb57grrlb952M
modified: b/9/3aujg37qti9793m1padmd8nkr4urg16M
modified: c/f/stats
created: 1/0/84majqlp0ur3g01copf67euli4r04qmR
created: 3/c/163i9bsfdpq580niu39vdoruip0m176R
created: d/e/94kdopnjp81raju7c0i1ihjo3ur5draR
modified: 2/3/stats
modified: b/c/08tfs8fs91odfpv6gf4ahqdov96buiaM
created: b/f/d9knmi9phkmd7t5vfoa8gnnonbq39f0R
modified: d/7/stats
modified: 5/8/f8gigdv0ot7d1se4qho210ko86jdbsuM
modified: b/5/7euejjokm9ih83ugh61h4tncmfbfguaM
created: 4/2/e6s5g1saugciecv7jocsmktef2apdm8R
created: 7/c/bdeh61h6r0716k3n9fobqtn35h0s5g2R
modified: 2/8/f6072kqh9v0i15almrhcj3mii7buf8kM
modified: a/6/348k507b0s4o0cvbrj6590nid0fe90oM
modified: c/4/9dc5rcv2jq2q3f2idfb22voovgqs60sM
modified: d/1/f32j1or8scvq4fcb40v9qtqmd11rb9uM
modified: 6/7/stats
modified: f/stats
modified: b/e/stats
modified: 5/9/1dfg50uuaej59jsbhrvn21a7qdtj0qqM
created: 9/3/95f967n03ul7u06id16ev4es6qh5dbkR
modified: e/f/stats
modified: 0/d/c8cngsnp0p1goqckkljm08jpjceqikcM
created: 2/d/1890b93vo1sk4djk9iqt5eoqufbsap8R
modified: d/a/8aesji9qs2k95scsv4cfr1farn7q5kkM
modified: 5/a/c6dvi4tc0rv1jjbud962746m0vp73haM
modified: 8/0/e4ab0amqvatljtm4drtbdjp1r2u4taaM
created: d/1/eesg5qf2h16oe1qbi95h99fosn5277sR
modified: d/5/stats
created: 5/5/4ebsn2v4vn2q60547ekaqdsjh1v8f4aR
created: 6/3/24suh231sfhjuie03ir5o2hudh7enboR
created: c/2/29o0s0p3978u9cpf64t503q7id6l6vcR
modified: c/f/ec0cec8qkk97nl8l6eipaif34nqstgaM
created: 2/e/dcdf6e0n1r9sk4lf1kq947skl0r8ofmR
modified: 7/9/385okp2fhlcv4nvpq4eujh9uh5kg3u2M
modified: 9/b/stats
modified: c/f/eb178belvagaseob4u3sek629lliodeM
modified: 0/f/7dhuplu9shddahgbr7oht3ogrmfq5okM
modified: c/c/feo20p87gqeqh98umoap66fsave9c84M
created: d/6/bdp912k2v6bqj80l1utvjpqfa4vbqumR
modified: 0/a/20lfbr0hp317fkajshsmdec1o9g48nuM
modified: 3/1/ddomrird8qvqr2q9ob4gcj45is47ufuM
modified: 4/stats
modified: 6/0/7b60i19e5v43dckqf6m53s9dokh3ra0M
created: 9/0/fat6cs657iphmds68dbg7fadc7nsq0mR
modified: d/1/108b8leh486rk2g120fvu0jpc22n95aM
modified: 0/0/stats
created: d/4/0ca90uqsf0v0ntsgqupslvhd83691u4R
modified: 9/4/774enn80qv04lsk0dt5egmv3mll90iuM
modified: e/8/stats
modified: d/6/stats
modified: 8/7/stats
modified: 2/b/4detg0ckm5j9j636u9hie3593sh7gokM
modified: 0/7/30tmivq6scuf9f2dur1nn81osrk49dcM
modified: 9/d/d6a3m0ohcfbfub1chuu5hed8jhusdfcM
modified: 3/d/stats
modified: 8/3/81pkohjalnuar8ih72higdl1gfkcgg6M
modified: 9/6/294m3trdhlcbva8eiaasd17olkse4puM
created: 9/e/653ts2meb73i9lnovpnqlbpjljpgtiaR
modified: e/6/stats
modified: 0/5/stats
created: c/c/afi91d1262k55tmgdqn174cot99ad74R
modified: 7/2/2a0t2cu267l9501aa3mf2rkdhk593ioM
modified: 9/d/stats
modified: 7/f/e9fpvddfup3p0o1c59qmumd3rnlhdj6M
created: 9/6/fblb4vl9hj0d111cerajd8114icm5fqR
created: 0/f/d2htfnn9ucv2qivnhaapmv8cipjnrauR
modified: 1/5/stats
modified: 2/2/stats
modified: d/d/5aele8i81urdbkn5i6b5fk5skg3spriM
modified: a/6/stats
created: a/f/390706svelsulgohuna8qb3713hlgcuR
created: 5/9/adt9lgrjeningcr274ks7ta4lj35ooeR
created: 8/3/e6pa0hr1s19km2md37s6f22tgv1r10uR
created: e/8/50orhgg6qgpvq4tv3buh3tj3ab140paR
modified: 3/3/c0i6l85dlh9o5rtcp2sooao365uu1puM
created: 8/f/04fm7375cvqvbma80dohnie84jhu9ooR
created: a/c/ccq06atn3q46ace0inkl16m7f3tk4omR
modified: d/6/01flknuj1h4rjccku8hkt7kjvmu9j4kM
created: f/f/c54298g91ql3pd4604lfgljghhcgvhgR
modified: 8/2/ed2nmdvv3ff0habhirvhn3qociv67boM
modified: 2/1/stats
created: 4/1/6bl96t023tjr4sfikafp8srbscloib0R
modified: 6/3/db8c4jrqa5tibk572s95dumhejotlo2M
modified: 9/9/bfv4i5d8h19qk6pfcvqtj8nihm4skr0M
created: f/a/bd2qcd02jvlhuiemn03cdelhqjnqcteR
created: e/9/00285jo9fho54632c3ovo21nk005vsgR
modified: 3/b/0erhscloh985lfc7tqa8ig8pj9ahokiM
created: 7/4/ddr94gca5bn0kuoeu019glqjmbkgfviR
modified: 8/e/b82goo1pch9d6236ufo929pctio215qM
created: c/6/5bfe0he8egs7gr004cun07ani9sicqiR
modified: a/3/09a6iraplsgu10r3dcbh4fqg22lqbsgM
created: d/e/e7k7be97ngdkip3jf9tf0qgsf88bvciR
created: 0/5/d0461eleg7teal32b5igf8mbs6k8ug4R
modified: 7/4/80ipdcqe7d872qnm75uce02hgorsivgM
created: 0/8/1erqh5mi5r2t1059lg7vc1hiaa90j5gR
modified: 9/1/3667k4pmcpo2d60qg4mo0org122uslcM
modified: b/d/stats
created: b/a/35r64fltfvjk1voqjipcr00ulc7k7qmR
modified: 9/7/0de8fg47bofovfgtm68bs589a90lkbkM
created: 3/2/389v8qakgvmr76922m7535501b5l0koR
created: 6/c/ca5gualcn88u4pjdj9hu08j910g3vsqR
created: 2/5/2829jm2hekddm34o4udbrpbm98sbmlaR
modified: c/3/abvhc2kah2fc4o409todo99hcs6bi7sM
created: 9/5/ea4oegs3g295h408t9b028qqlbrh2emR
created: e/2/53d7ns101mtpqjoceoohr4fv2rbmnkmR
modified: d/c/stats
created: f/4/e76fvhvm07djbiqhmknjtpl9oq8ohhqR
modified: f/6/stats
created: 2/6/3afcpfpdrfvc3cqm6hobm5esn8n56i6R
created: 6/d/f5kc4le1itdviuq2d1m0dtfaschopqmR
modified: 9/c/stats
created: a/5/a2b2aaabt8e1t6mf4uhdodv7uvhukruR
modified: d/f/6d0vod17taiestsrf7m3b8kqnjubedkM
modified: b/c/stats
created: c/0/c6a907bbjmd5pg30i66s2d9in7fjojoR
modified: d/9/stats
created: 5/2/68jv9gou11frv9afo2rnvfp1oi771v6R
modified: 1/7/stats
created: c/d/0ekt1lr42k2l28prq85kq7pbcul6bioR
modified: 4/c/stats
created: 3/5/c8go2hg1vmq0kn6c85ei5uf1dvqig4eR
modified: d/3/9cp3a7ekb2o6ucbb1cja2d29m7um300M
modified: f/a/ce8e0c6epqfep2se3fn7melrgd62ldcM
modified: 9/f/8dlfg3a1j5qri280pmea18lobnq80auM
created: 8/c/39srm02tp4rrbrtj6gkkfou8h37qelmR
modified: 5/b/fcorqqdt4hkhvp6uee9m6ma3jot0mn6M
modified: 8/2/f49q5262bs6vk2b8quol1aeuf16leq8M
modified: b/2/47g1qgv6psc5pj77h5k39dn557tg3vmM
created: 6/2/f82hfit4vnoghqvpes0f6rk0pnfo1egR
modified: d/9/4bnp057aotg7r2uq53s8asgbf1l3ggmM
modified: 0/1/85grjr7vif253acpv0cgbu85vrlia8sM
modified: b/a/1fh0kv2e4uqp9hmia6dvcv6alc6qit8M
created: e/0/8f0g1usuvc0a1tmn89c9ar8g9tkbr3uR
created: d/a/8ffrajmivdjbf6gcvj1g9dlnaf585ccR
created: 0/3/20932sgvmbpl2d40d346n8722cts2okR
created: 2/f/0cfhlbki0phpavb5a5m2i7sglpnao3qR
modified: 3/f/0eqimnnh6ot0h9hon1kgr03kpv12kl4M
created: 8/4/814qj19qnfm4fv3on1ghpct1f89f82mR
modified: 6/e/2a5cnojb5vbsq0ckqu3snlhj2dmsn1iM
created: 8/3/749elgdchc25brp3aje3jusjcf4giv8R
created: a/6/08ebujgn671qscvqh7lj9m0urj6k9faR
modified: 0/2/stats
created: 9/a/f8afqv4v8osd8blguhckh4s17i2tgj2R
created: 8/9/3agc8mifoiovqhj05ut7jvt52ga1snoR
created: e/1/a1o72cb6484qi1j0vqtf3ttshpf7328R
modified: 1/1/stats
created: 7/4/24ibrnvlrut6g84t3lq6i9becuoacruR
modified: 7/8/stats
modified: 1/b/0ct2mmr44iitvonl28dqlc15cgpeqliM
modified: 8/d/stats
modified: c/1/e56lbot5ofks8rv6cjo95uq4757npj0M
modified: 8/a/cfmu2b0vq53ua1n3pe4ipgv17h71dj0M
created: 3/1/a13ep9e0ifqv6evprnuqu42k5fp1b20R
modified: b/2/95f3h7k1pjjp6vkp830vh51nmh2btmmM
created: 4/5/4b2bh40mpnchm7gcisfrjt3lor16b1sR
modified: 7/9/stats
created: 0/5/44fq21nif8ajaib6tjpkrrdt96tu536R
modified: 8/8/stats
created: 6/c/1bmlq5286q999vfm6m5eo3p0ioeerp6R
modified: 8/6/stats
modified: b/e/bfb96edka9ja18h3ikjlbi3mgmor2feM
modified: e/1/stats
modified: 0/d/8de5o541ogc8nrfu0ejg42utb86tidoM
modified: 0/a/stats
modified: 1/f/936c2jdk9rs6luqk1c4es4shi1c1clgM
modified: c/a/1dinhm1qbcrbeh3071dmbn9gnbnoul4M
created: 2/2/f95e72co7560cfkjbge1f52api908neR
modified: 4/f/bbvls4d9bi704fhdu3vmagnuff92mroM
created: 0/8/058tnegv8ufm1ednqj0k77goqocgr72R
created: 9/f/e9nuh4sfu6dff3ir87n0gt72k3qqggeR
created: 7/1/210smk9hegeccn9dv9mmpd4f2mbeacmR
modified: b/4/stats
modified: 0/c/54c5n7jcmu86smm7ji19p89hdovroesM
modified: 4/a/stats
modified: d/0/bf528emqkofhe9gn6euv7ukrdh0i6ckM
created: b/6/df8qlgiauiva7ikb463a2jdlq75fsniR
created: c/c/6fjejgp7fqtjaaq1bfc4bu5dmjq72s6R
created: 0/3/2d8j1nhh1iq1he1pfi5dbfeevnmn7sqR
modified: 6/9/57fki0vv2a5qqlpi4aidr35ih4c3bhkM
modified: 8/7/48fh7ea2i477126sn7otm36tdkp96m4M
modified: e/2/1eghhv3e7oa8ge5p3pid62dp6v3alkeM
modified: c/6/stats
modified: e/e/be2d91pjglb15j35opjdqonjbneifg4M
created: 4/9/a578s7kq281q48vsvedrtnpgi42qpicR
modified: 9/f/23tbc9t5mfm2q3rebce0c72m20frnniM
modified: 2/1/d5tpj5fdfg8f17f7bt4vilddkosssmcM
modified: 7/4/stats
modified: 8/f/4adqlcrf751qmketrttrg16jkmj8ltmM
created: 6/1/5ah74u75gimsofg0krnskmvmgjteci4R
created: e/9/5ep489bj2i59ucn7k4dkdli0qfkgq1aR
modified: e/d/cao747stdo6eutct917vejfnn2ltiqqM
created: 9/6/0fv77g3vm3toao31fvhhld73c3eu492R
modified: b/5/8751i5mof43vutp6lv6i03n77lqcvhqM
modified: 5/7/7304u8poca3lusseiaimr4bdofekchsM
modified: 7/0/3dmkk5idc9lef21rn51c9j6vqeh29ggM
modified: b/3/stats
created: 5/9/06o1ehlc68vqr3rqpgpr1g7k7tp07ooR
modified: 7/5/d2acffhsgefrntl762k17kmdpnsg4voM
modified: e/3/c2n4aq8vqjlrdkgv6me1lqe3iig34huM
modified: e/4/22e6dba8f75dr018b6dif0d3sta74a6M
created: f/8/4f3ujklqm9vkqda8ij56v1sf17vs08cR
modified: 7/0/b1o10h2hdgico5ovvv17tnco93t5ke2M
modified: f/c/stats
created: 7/8/71ionvipjntf343ljv4ut43uickaogsR
created: 2/4/54625rkc3467i5hbs30ec505tvi4686R
created: 8/7/10pp1vsp7kdngp4bb7fmudh58c28sm0R
modified: 9/f/9024o3rs5v1vccqoepj691mli2jdloaM
created: 1/5/db7cvd75rnlu0n5rto1umpjbpcmp00qR
modified: 3/a/dd3ihu1p0p21o3qqnpmr6l96du65e72M
modified: 5/8/stats
created: 8/a/2djn2evs6e4e86dsl6vuga57ue0bdr2R
created: f/d/02r2nscejba1n3jrgrh7obgelo81rbqR
created: 3/e/96gdr8fljh4jn3u3jr105bv2gng2fnqR
created: b/e/d9v5t071e0ulut5pus91d4q8ahak0naR
created: d/d/44og3seltaf82qr0ulove92jms2v20gR
modified: 5/8/dc8b5m0to2e4cijqnr4ul20j1someomM
modified: e/4/d2hqnogse82otrtcc1qimlepve8rvrqM
created: c/3/a94dfmgp47r0ir0nh9ehjrlbn7tm1d0R
created: 1/7/d160um7606189f80aj1qthf0c58gn6eR
created: 4/7/83pj5oq0eitibq61ppb2pu0jbtf0db6R
created: 9/c/c8rtkcf86m31t142a2ou3pc39mooms2R
deleted: 0/b/fbjupn1h16np7qga2e45u8giotsnk9oR
deleted: 6/b/4bpkau9i3b6lcvoh678f15gvpka5mv0R
deleted: 3/3/32es3b1dc8mbi44nuc0468j2peh26i4R
deleted: 3/a/e6q6hc9k0vrdo8r79ecor6id4vvrvecR
deleted: 6/b/21hq3eaunpdutr0bv1nr1lf2t0ni458R
deleted: b/5/a58ggrsvdqrps3mb79libok5cqnr892R
deleted: b/6/aa8crk2764qq8a7u41rkpp1qcug88ogR
deleted: 0/9/1c4iocv8ksgpn1augf52s7pm9ef06s4R
deleted: 9/5/e9v4t0f7o0brtkm74jjddfupr51044cR
deleted: d/8/8bd7o7ju45m180cl7shpkemfh4nt00iR
deleted: 6/c/032b7a8u1tvkgkjjhier9s3a804ra6iR
deleted: 9/7/492jblmv4cdlr82meq57ffljlre4cjgR
deleted: d/6/98cocu8i3ncm5kmermvqqg0f5jjesvoR
deleted: 3/4/2844mv2c88o4006eb219b2i85gjjtjoR
deleted: 6/c/b4lipoevlrm73e16qkgqbc78lup0vd4R
deleted: 6/6/84hi31j4aj7gfsrs9huunqkh7phka2iR
deleted: 6/a/abqu0abkstia5g93hf7kd3kn0rcrc4mR
deleted: 5/0/e40j7bsjv28oqlg3675lu1ppjfvla42R
deleted: 0/5/96aghdnf5dn4mf6a7f8cattlgnr45b6R
deleted: 0/9/13a9btbraoc751rotl9fj50hg82m7quR
deleted: 7/4/e2iavuc7rehfh99jl9h4r6l0k2u7pk2M
deleted: 3/9/c3p8u6hgagakevk5a3j5573gr4p5elgR
deleted: 3/d/68k86sb2sjg18qd14eh884dko9isi1mR
deleted: 9/4/f11ska69fgkom25fl1it8q605jogk82R
deleted: 5/0/dakn7gmhotsqgelc6ikfbs36raqankgR
deleted: 5/0/9bobbp25ukkgmumttkjbn4fhopkn154R
deleted: b/3/dd263if429dhoppg5ls1v6c58jk05b8M
deleted: 8/4/e9kab2resgujec3mjlvmgrsld5117t0R
deleted: 9/a/3f1st21ubm5fsh7aua639mhj48llmteR
deleted: 5/0/e45rartruusa8u845995bh25u9258s6R
deleted: 3/d/79del2jpuiifc3pndg7anl20c2h6b0sR
deleted: a/e/f6ka11j1mbon09dclenfujm4q812tfaR
deleted: b/d/e9kc7o5smvjp92fd4v04o0ru8skmpegR
deleted: 9/9/fddd4boohgkt98ft0sn3db7bk22gn42R
deleted: 6/c/041v4sst6b927ri8stf79e9h76v19ciR
deleted: 6/a/ec1hvkhpg4pf8hijujm73avbc36jvs0R
deleted: 9/7/eaf9qusg9pi83fe3umtqhjplqn2n3hiR
deleted: d/7/56sd3sl554j1mag8t480gjgl8ied378R
deleted: 7/4/a06jnhbnt38v30v2oil99n52h0j6qkgR
deleted: a/3/3fm89nv508600ch4bhha5n7pmejphsuR
deleted: d/d/28roeukjmk2n4cp6j5d5akqjsj6cc1uR
deleted: 5/c/e2878idl3u32oo8gslil6bf6ojm9fbsR
deleted: 9/9/afs1fgf2d5hr1cc3db5mqe55d6k83lkR
deleted: 8/b/d8sd1k8rf75f74rk7verts06e9heqk6R
deleted: 8/b/39smr58qbv3qo0n6fcbm5tgjbv51stuR
deleted: 7/9/c6aef552o3nvnlenjr622n1urcj5sbkR
deleted: 9/5/f5iqtddr1hv35p08nckf9860gk86k9gR
deleted: b/a/f743qk8dttrkik03475fv2d10ogt4umR
deleted: 6/b/0b1kam13ph62leol2vompsl6jp6uli8R
deleted: b/e/540n9rl9djmt090ec70g7bf24kne1pqR
deleted: 5/0/60r6730adb9ksnbsav6aelp0kcv3nn8R
deleted: d/3/d0id4eg4inv6274c77ta4ttnvl51m88R
deleted: d/7/bdvedlofrq53qriccd7mm72uj5nc00gR
deleted: 0/b/c4nqeu94qakhs9irjih0f8q6a2edu9eR
deleted: b/4/294ehmt2guj4tvs6t59m83k49gmr33iR
deleted: 0/9/b7gen6vvb5n7km3ttmcflnnvg1fgq7qR
deleted: 8/9/fajh6bhqtceuhdo73fjv2dmm3apildoR
deleted: a/7/833m01fr0lcemghm59cha2kljhabnjcR
deleted: 8/a/10eigh1snlk9n5knvph9ra3aqgfd982R
deleted: 9/9/38vtu4hdhoq1hnug8gfcb9sb96vbnloR
deleted: a/e/13f7t7ri077upr64d0t10qtvpuptc60R
deleted: 9/4/fbpqac7trti9qcick6ocr9jr1qr4bqqR
deleted: 5/0/da3lbi4p500ikse764mp73u5t2br7tuR
deleted: d/3/b2i2f23h06964ka3snlghb17ajnjjdsR
deleted: 9/9/camab8785qutc4v2s5r2hqh4ku84f0aR
deleted: 0/9/e5pp0r1avidof8ospvqku6gurhqertmR
deleted: d/b/35qrphgpuqmfj3a94tlr02s9ooj4gveR
deleted: a/5/7bru85jsj1g61nn1ro0pi6qnmg8ael0R
deleted: 3/2/43c57lgte73nr3ucual3rm1p69d0d50R
deleted: 6/5/1akmdvilrqolrglsfla3pg3illj41p4R
deleted: 8/6/bd84pu397qi86hqht813c2hgkgo72moR
deleted: 9/9/597v0s1cfekokbrqfnqag6uvef9nigeR
deleted: 0/0/00hjs7oj0dca9ulbj5nf7sgi6ev4cdoM
deleted: 6/c/47q7570lf74kq1ntq85j4g73mjtu7h2M
deleted: 3/3/1c56nu2slpft8tv3i3or1f37feldjp0R
deleted: 8/b/dfvaq8p4n0088gvvuoru777cgmqcjbgR
deleted: a/e/ed19bf6rg6bs1fqghoi95a846qlf3liR
deleted: 7/4/cab24d2d0vqkkbs4evsh3c3me2ad1eqR
deleted: b/a/8bijrndtq4gln85lu90ni7tl90i1d4cR
deleted: 3/d/9c0cmj7c5o4jtmckh7tp0fl049sqea8M
deleted: 6/a/3e3iuqnjsf0gi0hmtg6fqj4kcdrfb28R
deleted: 6/0/083f9pcguhmalrk0mcnpi8kanpreftiR
deleted: 6/d/a9aetjf0h60etjq0fe9o22n1ten9sceR
deleted: 9/4/e1mj4kd3bj8ipldrtselgtvbcsnpgh2R
deleted: d/3/d6rrhvn1nb484oqd3rt50vg28qb3jcuR
deleted: 5/6/38i1e67c9e3b8sjj593gbtuqnb5sevuR
deleted: 3/9/9df7ojrcut0d41pkub2a58eq8ssi9gsR
deleted: 5/e/9ae6k57olpm51j2l81djo32v43q0a6eR
deleted: 0/4/b1n88pj6bia19ienkakj6tces0jjmqaR
deleted: 5/0/31nenks6quj8rk408f66ab5phhbas96R
deleted: 7/6/c6a60tehbuo67r1be2v7gh687hs9g3mR
deleted: 5/0/44jtk6pgg2o4i60sji6uih2g98gh5k6R
deleted: a/e/61mg5ojvuf1io6bpf56shcqdicmq0rkR
deleted: 7/8/f9rrb24862tcssevuv2igck4n6t59vuR
deleted: 8/e/284cblev59jgs4kqei79jn0qvf06mm4R
deleted: 9/8/26d01pbncigevoetr1tclioilsro9haR
deleted: 9/a/fasru5shtl3n089n67vrkrajo5ngpv2R
deleted: 0/5/15v1cqppjq5oeufktuefc6e59fn4496R
deleted: 9/9/b3b3d4aqfgdbvjocbpsokiqslh6u7asR
deleted: 5/0/69h0in4vqfn0napi5lqta4fioq8hhpuR
deleted: 0/9/2ftbhmfiq8i2h0pfm0tna2j4a92tc64R
deleted: b/4/1ada2lnakgk6grep8rdbomdm6shp2a4M
deleted: 5/0/9ah9c0qpisc0pmb8459b8eoeitjut56R
deleted: a/2/dflt275su3f1k5uk5d7me4r4ol7q3toM
deleted: 5/0/75blmvk7ghsncs0itokv48vr2b1bh5qR
deleted: 5/0/ddtddecj6rhbebpnv498gr6g69rv9a6R
deleted: 9/7/929jkg5b5jjldio6emuijjce22pn51eR
deleted: 7/a/d0ittec28oa0rvmo7pn0t7pdr8vgg9kR
deleted: 9/9/e09nr8i82gofp3l448rvp3bhe28g45kR
deleted: 5/0/18dod02mfnkn02dj5q98qqmuj7p3gniR
deleted: 9/6/377co2p3pr61cb1td1p8b9us498fracR
deleted: 5/c/68slh2le85bfqdu49q7rhkldn8mf96qR
deleted: a/c/f3ldcqhq1bnhb175lamrqeh11p4p16oR
deleted: 7/a/0fqus9mvdufdvne8u6ihv0rh2ol8fgiR
deleted: a/2/da110tiuci3i7j2lgtk0dis29bg06e2R
deleted: b/5/7ak40bigi09gn1049nplsecier77vfcR
deleted: 7/7/8ba2j9jsnqub6ojue14ri6bcakgs5h8R
deleted: 7/b/a1vvsv79588bbip9f688rdrr4fch75aR
deleted: 9/8/fetbltcpemc81j8sagtv7l6nh9jc0h4R
deleted: 7/9/ebnv5bjgvhl80dbtdrl6h9fr9pj3llsR
deleted: 3/d/adacput2fhkmkitvgmnq335mnp1ggj6R
deleted: 5/c/e6tr8o8531prtmdli3jt51pnasrfdvgM
deleted: 9/5/5dg07p24v0m1dv7f9f9nlr1ibjar5kgR
deleted: d/0/0cqjom4anlbqt6jm066bofe6ifaq1vqR
deleted: 3/2/b66q7eeb56r289oqulecrn75dosasaqR
deleted: 0/a/cc3j6vemlpd82ce1lilughf960b74poR
deleted: a/6/02mmk96f9honl7dbm0h4asq9st3k502R
deleted: 9/9/b4ugm2bd00s35fau71peeqi28k572fkR
deleted: a/3/29tqhbjhkcjfuadp2bcr3p44vsd7164R
deleted: a/2/e86bg0qiv6k0f1ji1fk42a0ides35faM
deleted: 7/9/9219nvgpokqlt11s8mkc8plppci4uo2R
deleted: 5/e/a0bh0vvcmhdts878i89u08uksp060deR
deleted: 9/5/5d2m4bpae2q2640eo9t88k3aa60224mR
deleted: 7/c/8313qbhigopgieqv8v673fuc47rb6kmR
deleted: a/3/dcdatqiiautfrn7a1hkdl6od3vn1uagR
deleted: 7/8/c7o1mb892m8jaescbarte8li894umigR
deleted: b/5/d2em75v35nu1r1ceiscrlqn33h7rv6aR
deleted: 9/6/6ergup1c835396v6nm1cvci5vepnmauR
deleted: 9/9/94k8in883t4p9gpe4mdi69j32f0ntiaR
deleted: 5/c/33gt6kafdej3kbcbrljoigcshct98lqR
deleted: 9/7/92ft1pr0qemg0j0koehnednf0fgcdrmR
deleted: d/6/dajutmae2e66bf1js3df0gdorjit9vaR
deleted: 0/8/81r163po9lf2ru8jc1lrhaca94c9a7oR
deleted: b/a/0bep4jdjad9od02kcrhla1opfefnl3qR
deleted: 0/a/71bcnme0nj2gg4jnne15rmqdr649j34R
deleted: a/2/ecmhgnbh57dia2b9787igu2ffqo1abkR
deleted: 9/a/6d2bj52b10iusnqflm70qrgnuuavheiR
deleted: 7/8/55uqbfls2k5ajavftf6e6u3gpknkqbkR
deleted: a/b/07cuv7gm57lhuvacaan1sf6h8nbhdaiR
deleted: b/4/75ngvpiu220qtgrsmujd16kknaspno8R
deleted: 5/0/8bu4pe3fkca4uu5eludfj96sku1ibdqR
deleted: 9/9/da0dtbm4e7r987hqv6jumpc5b99749qR
deleted: 6/c/365o43pnfk55du48qpp2tbmk3607f5uR
deleted: b/c/f6gu1o7t838d35g12dqno490br71ensR
deleted: 3/d/2e7bb2lcu722l070lo10ccsinf733rqR
deleted: d/3/8f98pv23114fvhn0sgrnogmfj5bhufuR
deleted: a/e/1fl0j4bdjnmacin7kgsn8qrhlqt5d6aR
deleted: d/8/332dkssnv5vc8sdin9rq77qthrt4278R
deleted: b/6/f9a15h8plo96i5ep90h8o018kecp0gsR
deleted: 9/a/cfbavno4qr58iaequk73pllooms45igR
deleted: 6/3/f1mpmpgiqprov0iebati810v5fpqh74R
deleted: 5/e/a1g420cuj5r9ack7f7at7p5uoob6e0oR
deleted: 9/9/a5vh3p66v1mm01okandh0ndrdrvt25cR
deleted: a/7/64jua85gph0plk1kkv1d234g5c3plfiR
deleted: a/4/0e37rt300ac5vujpn38o8r83skpkhgaR
deleted: 7/5/945rnc7iv34f4b2eaq5bine0ul0m462R
deleted: 0/4/8edcr8egrluii31fboii6jv2r3merseR
deleted: 5/e/9dk5smmtkq4acqlpst6g7cd7bt25cq2R
deleted: 7/5/95jrjmdck88edekepvbr2rlshe4tflsR
deleted: 9/9/5bmnpmpniveqao5ost0huu3i0l00n1cR
deleted: a/e/e9itvcf1ig0pi9u5a2vk9v3n72tgpqsR
deleted: 7/4/ca6uj90dmcrfverlb1mnmbrbumkka8qM
deleted: 3/d/0a4i8g30i50l8mev6fn745gjb0e5go6R
deleted: 5/4/34m6t666neifc9u15lnbt40r0ogmk4mR
deleted: 6/5/34gl2s8lr67jmji3lgei8iv13f82rrmR
deleted: 7/c/03jffb89rs46rgncfsl2kgi3vqlj5r6R
deleted: 8/8/9e1of5v171rq6j4lk9uioplgf9v35foR
deleted: 7/b/eco5gn23kdoco26oplo5klfkg5i6mqqR
deleted: d/3/719i9rpb226crof4ui1hca3hjbvknpeR
deleted: 5/4/36uk0nvnno0agt2i218ujvmcmr392t8R
deleted: d/c/f4d7dve3q59ne1eukgeles8c7nia4gsR
deleted: 7/5/0a08dg91li9ta37im2boqlsoiuicpm4R
deleted: 8/8/80lkfi2eqsnlu1ufc80vukhfte0gecmR
deleted: a/2/e6nn5b3rteqscarbs9v1r683a9ibe7iM
deleted: 3/2/473p6dokho4ql2p2dnvgsp7v3p8su76R
deleted: 9/9/7fp3ji7k48auj2pcqi407lu7jkrr7s8R
deleted: a/9/ed6aqs184nhttuiul5tpd0tsqn9aohaR
deleted: 7/b/52c2a4moqtimaio88i49hatlkvmed70R
deleted: 3/d/1dkrgivglgot3ra681a8632iu68gbq2R
deleted: 6/5/658c8qvqibfq7kq9i3csh2qgakgue3eR
deleted: 9/6/2beg5ktput18vo5a6aemm836omrt0d4M
deleted: 7/7/bbptb8s1vtqlbe0cbcqttvr6r1ssseeR
deleted: b/e/11ccjbb4d5ga1el49okg5vppq2oq7oeR
deleted: 9/0/1a32302dma6tisvs5rogn7ho6596ivqR
deleted: 0/3/c4dm3kgl2858o8cvq8i3h45u3buofuaR
deleted: 6/a/73bdu7ab4uiebbtghk6v1p025ccvboqM
deleted: 9/7/7ecn9k65r7hrgk7nj37e5gfsa6r3uc6R
deleted: 5/0/c7out8bhkmahpoas4c6nbhu0baenggeR
deleted: 6/c/cbcelf9pha9ue8kc6qplen83v4bdhgmR
deleted: 0/3/16fkmtgaq13ls80qermlo58oep66im2R
deleted: 5/0/c8k624erllv6nh04joss42jo4ukf3rmM
deleted: 9/9/3f3tejssv4kgu1lcg5e4kklbs69fvoeR
deleted: a/b/a88p5ua4hkfoa5mpa631t2ekjbnjr34R
deleted: 5/a/cbfie0fu95gtvnicjlpolm9afisb0bsR
deleted: 7/4/bel8sn7d772q698tarvs72auab38mgaR
deleted: d/3/ec492qajlt56oargi1s4d4ac1a3vbvoR
deleted: 0/a/a9dsvqstn3ckr6to8rir6dko0b4oh0sR
deleted: 9/6/cdr55fp394rj5fl5bbsbu8td03pu7riR
deleted: 5/0/4fehfkglli70l81rvtpt2i631brrqfiR
deleted: 6/a/b9f0hl4sg0paolf508foeo3pb41tivgR
deleted: 9/6/b7cf4m7k6hm5as002hrreu3pgtbuj2uM
deleted: 5/e/5dd94s8dvnj6u052h4jn3i5ia77fifoR
deleted: 0/4/e1q2clql3d9smede01irqtvu9fkrgo8R
deleted: a/c/e8cpl5m89lvv2d7fhf9cjg2u22lm78uR
deleted: 5/e/aeftj64krnl1md5v3pkm6jv8o8pmc0aR
deleted: a/d/6cptqn1dinnf7vn5hubsk0f6l146ngmR
deleted: 5/e/acqfcqb3hmald239va4b4o1fqc4jdniR
deleted: 7/7/f0cnj2mrth2vk7svtjen2mtos1dk48iR
deleted: 8/a/eb69ullm8sumappqmb214eon0dh4a1aR
deleted: a/8/7eindv3rc6k5cl7itpfuji8uqp3fc32R
deleted: 0/c/3et0kqnrvc277d5mhs3i8tjd2dpckluR
deleted: 9/9/0av7sgabk3en17lucdqrfufgkb7l06iR
deleted: 5/0/ca3g7apom6ui19sgbekhi408u0191g6R
deleted: 7/9/e7d3v8jvfab81ullvhooda7d380a7poM
deleted: b/e/3cuc8veqqet34fo9h3un5fao0jtvn1kR
deleted: b/e/0bti0ktbba6be0h6cg8ds1h5vbtbftqR
deleted: 6/b/442c985jh234vet7qff0g8pqrpgvjsgR
deleted: 7/9/81086tl9gk8aun91n6l3it8a5uqevkmR
deleted: 0/8/bd0d52io58ke0lslouq21bu3drbrac6R
deleted: 5/0/ceg6900hsec61pbff63qrkkdg637vcqR
deleted: 3/2/0cpdvgoksrlen4c3pll2itus4bgf6gcR
deleted: 7/4/096garo7b3t4nul5jcmo75ibo21935aR
deleted: 5/b/b856rarlo757p1j3v57aiie01baa16kR
deleted: 8/8/68s7eisd22e6ec8vdeq7evpsd05l9c2R
deleted: 7/a/90cu6kpsgmtk9494h0sjuh520htko2iR
deleted: d/8/fdt8foigss7i2ui0elf9n6ude9j6jvsR
deleted: a/2/d7ro8n87h102gsh8kvetr7d0e3u1vc0R
deleted: 3/2/50qth1bc1b1egpudh980a1v5vtnevtsR
deleted: d/3/e613qiqs0783oe2qv5i8s4stsiaqpgsR
deleted: 5/d/d0ip9lg4f2j0opgt3mbo0ou7carisiaR
deleted: 5/b/d76j5ic1ev2oa0af8ue2nj6pmd0oa5oR
deleted: 9/5/e6td5dqplji275u56ijatv7195gl7s6R
deleted: 3/7/394lvcjc5q8ihdt68kvedlh705njdagR
deleted: d/b/14rvgodn976seqkg2l67duct2auduc0R
deleted: b/e/1dgkai25kfvrn7cbb1s906tk8mp5g26R
deleted: 3/2/3b4ps8vohli8p1peshu5n2p4dfu1um8R
deleted: 9/7/17g21b5rhulcptq2rpb0qfqcpi7iiliR
deleted: a/4/d9nllbqskjlnfcbpqrmq4f48bsf3e2aR
deleted: 0/a/fdrniankbusm879t1ks9360hlbenr8kR
deleted: 8/d/babd40fl44qqe5arncss40kgvn5eqfaR
deleted: b/d/8dg7lv0e5i624bq3ibqjrnhdltmahakM
deleted: a/2/d8qoijpj60isaaf3clm884fjvjfli4eR
deleted: 0/8/2cv7bhlrnko8stdhprp1rjkavu4rgssR
deleted: 5/0/38rb843v6t35th18cflgcu42fcrbofiR
deleted: 5/0/40fdu832vbf01654jvio63omv4e2mbgR
deleted: 8/e/1cfqv1clvkofo5gcvp1mfdqrjfn3l9aR
deleted: d/3/c8873bvtgj0bgb2ee6pbi7qv15mn8luR
deleted: 9/e/67g5u619l4q9q1saq0m43nevef79008R
deleted: 9/9/dfeojb1h7eslc617vsh0ik7np4t05vcR
deleted: b/d/f32as1ad61hmtmigumlj60ia7adkchiR
deleted: 5/0/df7jsjku39s56fkqrjtokjab3mi6vt8R
deleted: a/7/99pgs98u0i689ervo6nrfm84775fskuR
deleted: b/d/6cp8utvvk90u22kfejaa4mv2eap6pe6R
deleted: 0/b/5dukolkgf6q7h2kvlsl07mjk27ccel6R
deleted: 0/b/8dqb17e990gc7a27h9k7cn7orbh26emR
deleted: 5/0/2ccaefae9kgq18jq824cistahaau8goR
deleted: d/3/b9eiahe8arrsm8omdv5c6a4ivgjakq6R
deleted: 0/b/cfb56qrv4tkk9bkpgb8jbn7m5bjuh58R
deleted: 6/4/4fv7225fpems07b97bfdhrs22qjfge4R
deleted: 0/4/e083qqgnrfouqguj34o6m0tsbgfg22qR
deleted: 6/c/b6hi1eo48a38ad3462b5s5rsefq8q6uR
deleted: b/a/cdfvvoenkl830hb04dsvf3u2rel6hciR
deleted: 0/b/d3vn0pl96qklksq2vt2q0s7ol14c7fcR
deleted: b/c/00i8lri637ur9pgpkhtn673vod2lbecR
deleted: 9/8/dfh2vq5999orb3hs7arhas53hl7r5fiR
deleted: 5/0/5429n9mu544gsldu119u9mtok300ir6R
deleted: 7/7/a5bcq2bjj4tc1nfg1i6ot0pvshs4huoR
deleted: b/c/2dca5aoh91hddf35d0gqfe33hi65s3aR
deleted: a/9/21kgfg8bbb9nr21kiu5f3ktvtt60d6sR
deleted: d/3/bfmcpiuuknjnfmvsndneve910q0mq6cM
deleted: 3/5/522lila2lklgscbtml7vpckf9f520okR
deleted: d/3/ae794ucva4iqv184flqjkaego99ibjkR
deleted: d/9/3ajidpb38sh6f8uvjglunu0bgdfgl1mR
deleted: 7/4/245iisubh0ch0g6cnncm1tq86vu9fo6R
deleted: b/6/e8ude353be03oativ7u37io9lgdiueaR
deleted: 7/c/5fcns9me9bd4sgl18onvvpp58c8c5koR
deleted: 6/d/fajbhpp0ogoukbcdi60ir464ulu3d9kR
deleted: d/9/barqhevmfm59ekohqb30o6bsojnbfn2R
deleted: a/e/6b46ij1gst8ef08dtotnu3294r13nooR
deleted: b/3/d65bsgphi9deia76l8f2orc8i7orqg8R
deleted: a/6/23v3n5q6i6utbdll29tth9v7mc46rccR
deleted: 8/8/c7jotta9rh8boh8pptr3o05uu7qqpk6R
deleted: 9/5/a4ubk3s713bvq9ml4ah9cm5o84dhi3cR
deleted: a/7/9612397aeldcei7qtllf6otqk2j9r2gR
deleted: d/7/874lct2k594m1sfa9k2ub1b4qlm2vpmR
deleted: 9/9/a7vpskdvoh32aodd5g54kb205gq1a22R
deleted: 3/3/49mccuj0t1urnu0mpj6qragf7d1iro0R
deleted: 3/c/c9t5uqh9739i4kriu4o676ut2b1jsq6R
deleted: 6/8/74llf8j911jcsvn5ggtt2aeiapnmaumR
deleted: 0/c/a55f4isjo8hm739mrs743hgtbk1ne0oR
deleted: b/5/982srsdnd879rmg9ao0ueng7pl94q4cR
deleted: 5/e/a8psrmstd7c3ljohidou56q3f614faoR
deleted: d/3/4blcf1rjs1elm9r0kuvr6gqeelqnnrsR
deleted: b/b/78qgg1je3gbgcl6iq61q1fpvrjdrbuaR
deleted: 3/2/c5d12ekhpeboha0uhbg3bir67be25iuR
deleted: 3/7/fetqokr83auv7vbgnot7jatduli32b4R
deleted: a/8/47jf7957pltslsemk48g3s932ql5982R
deleted: 7/4/99uf0glstrgb14bmsmahl28oi327oo6R
deleted: 0/3/de16gnlch33i1b07clvnebp2hu3kv3eR
deleted: 3/0/07lnt1t7eq289vu2koo5csqvutc15aeM
deleted: 0/c/44enn5fua7ni5ehb1p144129142ivciR
deleted: 9/b/40gpkjkflml0ufo657g72javtj2fj1kR
deleted: b/d/a7sc0tfroplarv6tbfrj6f29ssa0mmaR
deleted: 7/4/54ldj7efe7ku0d4tg8pg1s8pv5p9488R
deleted: 9/6/c4vosh8t61kq0gb6h9lhd3ep561uk5uR
deleted: 8/9/4bqunpvjjne0l258g6cuf8r9aac1f86R
deleted: d/d/175kqvoj1v78298hnr8n8osno2uor32R
deleted: 0/3/a1t63qamg8s5or00g9ndlc0vt4qltsoR
deleted: 0/d/1bebqmq96num6spcob1jls92d4jo94uR
deleted: 7/5/27lv364v3vu3tjcl0j4uc0oahna73jiR
deleted: 5/0/4cti6eo9he1c0jg62davtaf3mkcf5b0R
deleted: 7/7/7d3u1hc9j6s7otd1jlf08hof4tj57ceR
deleted: a/3/1dk53g1buohom65583qhrpftoq3c6dmR
deleted: 3/5/630810tb8j55ge47fbaaoin1jec9cheR
deleted: 8/e/0a2s5a6ra4gnkhgatqjqla7jikgcqq0R
deleted: d/7/411vdrtoslnek1fgakci1kpuibp4i44R
deleted: 0/3/c83j3b4fd1s92vu9hgkl8eeipn52acqR
deleted: 3/2/00sl5mca6mevn1cnkqduhusir2nt31iR
deleted: 7/c/45juhsqth1clp8g258hkfju8o9unuqmR
deleted: 3/2/5ao7re40ppi8tjpu76d8fofq3ub4usqR
deleted: b/9/da9veuqomv7choad86rd2bijh7uesb4R
deleted: 9/4/fc75ktkcphfpgd8vfeqk78mgnj2dvd0R
deleted: 7/c/29md2uplun00vmdb6mlpvtbravie0csR
deleted: 3/7/591tt3nol8ih4l7tts4kq8brkmp1ti0R
deleted: a/5/25haggt69gjdcg8n8m9esu16mfm1dqeR
deleted: 3/1/e577sj4ud3a9qjdk4oqjko4ti7aff00R
deleted: 8/b/06ut8qn2ept9119j25r31lhof02abemR
deleted: 3/d/8bvjgfjus3cc9lqigoj3tucugsdstjuM
deleted: 3/2/5b1d02vcrrf1iau4n8dq4vjqgrm62hcR
deleted: 5/b/3eeq73dmr6h5c515lteqkv88fhnrsmeR
deleted: 9/5/753aupt3uvjfqoiocgll8ru0q4oii1kR
deleted: 3/9/f4itpkls8s645qkqnvt6ta48e7j44b0R
deleted: 9/8/f5k40dselqqigjgvc7sdjmmnp8400caR
deleted: 9/e/7d2d7ri17eemjhnaq1s4sk6q0cllsjiR
deleted: 3/3/21m88s23i3astdaa4j01emki4scmgo4R
deleted: 5/0/a5e29q10csh6rlrrg9k9bkoh9ok0rb8R
deleted: 0/c/44f362b3v595s5m1sqa75i1rpo1risgR
deleted: 9/a/eagii57ij5dfdqeht41bk2fkn61086cR
deleted: 9/b/3fv9oo29kj2eiupaqn3fu2j33vr06ksM
deleted: 7/b/b4h05fvl9so8oiil7g72lt7hmap96vuR
deleted: a/b/b7j1tf2coupo8mooqjfjnlpn8qmeossR
deleted: a/7/a72qsmv5kesc1l7o33d622op7ls6ir6R
deleted: 0/4/a6aemu2s3gbv4a9s1up1d3shht2m3scR
deleted: 7/7/113dn9iaanmu7fpc0k03humk4u2omq8R
deleted: b/b/f04bdvalm0efnmne2aqnl718o87b514R
deleted: 5/0/59p3va6t7q9hmth62hckgpgmke3em5eR
deleted: a/7/19bnaktcmu5uo6ucl83d55v7tu7u4iiR
deleted: 3/d/2ccmiokanmdmeeavfkihakkr8quaileR
deleted: 9/6/2dl5ehqutnjf3n7mkttvsc75kemmlqsM
deleted: a/8/64n90r6aot1mgk91f556s9k0fbpjomkR
deleted: 3/2/a3gvrupehjg9a9q8hbjku4ni8guhov2R
deleted: 0/5/1akr8458sbfk4tl55b2j7qan9rqqbv0R
deleted: 9/e/81d5cf0vlldplcuqfnicr0f2e7r1j2oR
deleted: a/8/5aq7rkvdbnrfhr1af83ub53ohohvjeiR
deleted: a/2/dcak4a4339cqqh28et2313bh6f8pppkR
deleted: b/8/f24b04jvcql2lq054q7hrpfbrd8j70oR
deleted: 8/b/89l51ikc6ki2vu0jiavssihroivepmeR
deleted: 7/7/15vphetmho95om8c8pmdhgtr48gng2uR
deleted: a/c/b6dprouqnio2scojgsem99inm92h04gR
deleted: b/3/c761mhij5po0ie9mu79mnhid2qe6498M
deleted: 3/4/19u9emjioqinpkmsn3smv625k6u6hjoR
deleted: 3/8/4ar4vt3ghu17nn5gtdh2ve9c7s9fc9eR
deleted: 3/5/9favv9see5t4ipbvei5au62lbk5p3s6R
deleted: 6/b/9bpktnio81u6ceuocmq971d0bo48kpqR
deleted: 5/4/6evppue9frmu1bbe1mkjkiajn5p48tgR
deleted: b/9/f8mcbeeqf44c410929pf2gqntd2mqqaR
deleted: a/d/8bn58t882lju0ehtu3bopc85osmlbc6R
deleted: 6/5/46q3fjfupfasgj5r2ankmqrrcb4qh3kR
deleted: 9/4/833dlatjm86mi3cauoih9hd5d588rvkR
deleted: 3/8/aao05md4o2e3m5o685e581v8erja73uR
deleted: d/c/01rv78m2lear59lkhlvlnqh6nc6ts14R
deleted: 8/a/6c8m8aad4jjti5j8cvfngasnmvcrragR
deleted: d/3/a5q0gmm9ffqqfedqggk7d8bnljl715sR
deleted: b/b/b8q9kfk3oe9divkb4p998aa9vbfi9gaR
deleted: 5/c/b5d49klh1v5eeh0rt8l36brd7t3kvh2R
deleted: a/d/10ni19h78n2shl9q74t8e01bk03ke0uR
deleted: 6/a/betuaf4mk7g2chja7cv588gbj9an28cR
deleted: a/3/1bb1mqpsn1f1n33bt1p4oh3rd86vaf2R
deleted: 0/4/c0tqlcpt73mbs3avtqu9v0gbnlr9c7gR
deleted: 6/9/c90utaago6q21q25oq5ntopg1gm24hgR
deleted: 7/b/f2tg60kovchft4ir2qs6i9a0rh8tu2sR
deleted: 0/a/32o2h8069951peq10t4im269m57qie2R
deleted: 9/9/de568vkj0a6201l3ko8rd2btl9c6684R
deleted: 0/9/d86a270p73tjsgmi0te6eacqqdl3ofcR
deleted: 3/2/5ef11bbi3f1p3qt6jp768qdr24lt630R
deleted: 9/9/f8jfvsj8h9filp3e6abn567mrb43groR
deleted: b/d/4a0045ibj3lkhg21d1gfsjm6lvvgs78R
deleted: 9/5/e4lqc0eslnic5hposhcq9rjgl8t9hbkR
deleted: 7/a/f0l43ucqmvnqrqdhqnvkt0o0g7o9ma0R
deleted: a/e/ecl7geevugvu7r5is6ij08ghtijju10R
deleted: d/3/efgbci30f7gsou799eoib2d5bl5uv5qR
deleted: 6/6/45038ldh29jekbkees9ennksvahvovmR
deleted: 5/d/4aigb1s795ghlomkb6r9a78og7oq600R
deleted: b/7/7cc5pp9cvnlthu5frstbtqdvsuh0ur0R
deleted: d/a/6ddpndmrub8tou2dto4d6fhcrucfau4R
deleted: b/c/c9voih2nugcq3gfde9u88ualt8slu4uR
deleted: d/9/3bdv13443u12inbt45b3cj5rsc83ueaR
deleted: b/6/7f96o6910qjvmo4bg7r7rdbjtnqdfdiR
deleted: 3/3/7bfdlut5bab5rvdl6emg2pd6gkc8adiR
deleted: 9/6/f4jmddg0lhkii0er051mhsdm341vcacR
deleted: 9/8/d9q9kg51nk7cd9b6qmpuf8fvhfako4uR
deleted: 8/8/dcjaipih84ufl8d1ipspme785caa5ieR
deleted: 3/2/e3rqnjj897fromhrb56r1rql5clcp3mR
deleted: 3/d/0dhu564ci5c81i8v7feedlef3csdvr6R
deleted: 3/3/05te7obv3eejf1rc9a8ipcpq3a7t93qR
deleted: 9/4/a41uvf6je21f5o1mpojg1v8mriai6v4R
deleted: 3/2/96bbd8d5abhac5ghpdvfu3so1cicc76R
deleted: 7/4/d2a39sevpk7qk6fdve4c9g4gcfb9686R
ccache cache size is 169Mb.
Uploading cache ccache...