SHA for cache folders (/tmp/ccache_dir) is '4f6a8cb0d61c0db1504c258c2fadb19290d4aa8ea43cd1271a6af607b9ffb6e3'
Cache ccache has changed!
List of changes for cache folders (/tmp/ccache_dir):
modified: a/stats
modified: c/stats
modified: d/stats
modified: 3/stats
modified: 6/stats
modified: f/stats
modified: 4/stats
modified: 8/stats
modified: 9/stats
modified: b/stats
modified: e/stats
modified: 0/stats
modified: 1/stats
modified: 2/stats
modified: 5/stats
modified: 7/stats
ccache cache size is 679 bytes.
Uploading cache ccache...