SHA for cache folders (/tmp/ccache_dir) is 'f5205c5914465789429e9f9d02b1c68779b57030a377463748756c0d265f2d3a'
Cache ccache has changed!
List of changes for cache folders (/tmp/ccache_dir):
modified: e/stats
created: 4/4/c75b9c52bf45d9265330c0327c143a-4135.manifest
modified: a/6/0b250c58f58994b2578336929d4e17-4568822.o
created: 4/e/fbb3f19e197df1b2bc0bee01081d27-8297.manifest
modified: a/b/b890d9db57b51835dbc5ae9e7e6d24-3389105.o
modified: 3/d/05d67f505389e2769e2b15b6a7f961-6368.manifest
modified: 5/6/d64df157a798ee9db8e4a7e955fdfc-24613.manifest
modified: 9/stats
modified: 4/0/905b00999b659d68bfcd838e373566-4852208.o
modified: 6/4/e4f985df1cd845d24fb46d571957f6-3486.manifest
modified: 4/a/0aef4a943bc635c34168986d9ccb0f-3737.manifest
modified: b/b/b5560da7ce297d06cb193aa811e761-3182.manifest
modified: 3/d/d9782f2f683018d6afcf871883381d-5351.manifest
modified: 7/7/d828104da773cf85f64ea5767eea13-3443933.o
modified: e/6/1a84d16d7858689a52a5f9d7e213fd-6525.manifest
created: 1/e/4ad1ae3ec184b38875d63eaf69eb64-2889.manifest
modified: 4/9/fd429beed0fed8341e66ebe72c1abf-4186.manifest
created: f/e/f8c098735a3d8565d706a83bcb2c0f-5667706.o
modified: f/c/d9cda982ae90a39bd2f28fcb64eb6f-3182.manifest
modified: 8/a/d7988699f28579eeffe160a036c57f-4866116.o
modified: b/1/d7f9af7e1d15e5b2ec94f4fda979ff-3487.manifest
created: b/7/ba3e98be665cf1d227912b75e9c9ac-13206.manifest
created: 7/5/858159ede89fa4354eedd1554d1acc-4957739.o
modified: 7/5/71a5e2c28cf967d9851daaa55710b2-16050.manifest
created: b/3/15131b0cf31cc1006038b31f715c4d-3026.manifest
created: d/c/980fb79138b447d6078bb5f8571b3b-5656.manifest
modified: 7/9/c732a064a2aac3413e7871f6f227d4-4927449.o
created: 8/7/4fa25daf8e66f0945929cac1e9280d-5010866.o
created: 4/9/8b4221b1c0ad27199e32585be992d6-43522.o
modified: 0/d/921380aaeb3f1470a995c2db2a8215-19700.manifest
modified: 7/8/4535868dda588b230ab214622319d5-4838284.o
created: 1/d/69214b7e32633a1681e085cb7bc12d-2520.manifest
modified: 4/e/460e145eaf82c953a61570d88112d2-2469.manifest
modified: 7/c/390e3d8f9bb8fdcd841b8b866b69de-5559.manifest
modified: 9/c/4b8cfd96b114b0122e96440681e536-4714.manifest
modified: d/3/3b99981284e04c28f5813df5fe6c58-4823470.o
created: d/4/2e10ab6065a6e484ec9aa152bed7c1-1189145.o
modified: d/6/29ed7f82a5de138251408a8937b223-5036276.o
modified: 0/b/22723bda7eea1dac2933dd28cae6f0-4951333.o
created: 4/a/14690b4a004fb246d6f82689152d11-1941488.o
modified: c/4/52c90a2ab2acdf567bc98d6dde1a66-5915.manifest
modified: 3/2/87ee4b60a438bc62cb3a47286b9253-4883507.o
modified: 3/b/478fd591d5fbade2e34a1f53a352f4-1908.manifest
created: 4/3/839136bcd5e860be087c2911c6e045-3636.manifest
created: 2/3/ffc3a84850515f2950b3fe70ed8d77-2342702.o
modified: 6/6/3833076f24558eb739a280a127e70e-6271.manifest
modified: e/c/1aef403a352b838be9a51ab9644b85-4573.manifest
modified: 8/4/566df61b5354cb21cf3a28f681358e-63901.manifest
modified: f/7/d4458c73fa0c7b72c191617e3f3c58-2900.manifest
modified: 8/d/9619eef4a2305644d2018381a85973-3410.manifest
modified: 5/0/bcf451d94114c96749723d653c554b-1979.manifest
modified: 9/4/ef5aae9c72ff67e0ee552b1ade5aba-50447.manifest
modified: b/0/8d478f0de25b534f9ffbc8c888feb2-3800.manifest
modified: d/3/f036cfb0e0072da2c67fe713356fae-4839197.o
created: 6/e/09159f443faa09c68a645dbc806700-138814.manifest
modified: 8/0/5aaae542e5ddd9bbdb18f7904ab99a-4822430.o
modified: 7/4/f27f38d108d1c3ee5216e8ddb1eafa-19050.manifest
created: 2/1/7a0c071a5b5c2fd5f52e40d3095481-13427.manifest
modified: 2/e/e3fd3c5152f3b37ba8e075ce96ad25-3327.manifest
modified: 7/6/5d9fba47b3f602938e14daf8dfa17b-2790.manifest
modified: 7/9/de06cb1ee4c636846e4f037a092eb2-93031.manifest
created: 5/f/6d5fa54d7d735f3e06f439e7d19fb0-5410911.o
modified: 9/6/4934e3391f3fe1bd464f10769856c3-4911.manifest
modified: 6/4/f430cd54fed0fcc2d3046816b1a1ed-4151.manifest
modified: 5/3/d2b3c2d637c47f189f26295898e99b-5691.manifest
modified: 7/7/227ce4182b625c78aba6fba3dd3d36-9700.manifest
modified: e/5/2d8217ed5ed441db71a3357dba3a6a-4838868.o
modified: 3/e/ba1218d1733bc84eb87fab40be795e-5883.manifest
modified: 4/6/e01586820a8380308a1e4ef322cbb8-3133.manifest
modified: b/a/30f0e52e7a8331d7dbfef6d8a7e15f-7447.manifest
created: 8/9/1c8dcc49d98859513919e9a80a9e51-5014889.o
modified: c/7/ede144f8e01daf8cfecf83a625aab6-11707.manifest
created: d/d/713594dd6d02b5442099681cd1c426-16236.manifest
modified: a/f/66219a707d476226028f1739978646-4463090.o
modified: 4/2/1967d5e76f2b771ba79051dc766d04-9092.manifest
created: d/a/ef6fcd98a899243deac57c460f8e71-4529056.o
created: d/f/8a2bf8b74527cde94b19034264cdc6-18012.manifest
modified: 3/5/b503ade64eae00a3fd94b8f662104e-3185.manifest
modified: 3/6/825536eac1bf4e50cfe67d73c05999-6818.manifest
modified: a/c/514a00fb316b6e8247ffb009322376-4817928.o
modified: 9/d/029ac1207234e131133500e5ace5d5-8249.manifest
modified: b/5/f8f3119dfdf7a21d664b7fd79e1b86-49284.manifest
created: 1/6/7d17e10c97e0ad727db01ab2b69564-1932.manifest
modified: 1/d/170d44e5a6045a3b9969b86580db0f-2110.manifest
created: c/9/adfb065073b5a4e49d96e544dad314-4714665.o
modified: 0/4/6aca48932a2c2cf1b9cf42b0e2b9f0-4905407.o
modified: 0/f/f93141d287c14b39c337fec07252d7-28653.manifest
modified: 6/0/03154e1402b8f87c27615d1fc35341-11938.manifest
modified: d/6/105eb5f785af0ca2062453ecc01930-4948788.o
modified: d/8/0b7bb9c54e68457be3ad6c24992d31-5001770.o
modified: f/1/3ede903c72bee1c260d28cdba8efb5-4458073.o
created: 4/2/a5f3bcb9cb832843ebd179698b37f1-1453460.o
modified: 5/7/46775c5d409a6fc193374437fa7052-52719.manifest
modified: b/f/aa15c1d3156a57e5573644abca3e87-49148.manifest
modified: e/1/16063d8bd57306d94e49dd672a3716-101109.manifest
modified: 1/f/73ae14326bf978f89f9b9a5b631277-18833.manifest
modified: 4/7/71f32dbb28da374fb4632943936e7c-2636.manifest
modified: 5/2/c24a819cb652ae31515e714471b2ff-5898.manifest
modified: 6/b/35a50e6e60f2a0036a2fbc42410c87-12508.manifest
modified: c/5/1245ee57e114f3866a9a676035d86f-3352540.o
modified: a/e/d4188ff6e1a45d3d30a025d8c80778-2875.manifest
created: d/c/0093c8cc1a8a76889f56f9980ffa7e-2496.manifest
created: d/c/826f123c8a1814b29eefb22f55062b-4978328.o
modified: 9/0/4debf695f8c8f4377ac8c913a1b84c-250386.manifest
created: 1/d/2e6c09dbc5e55ec484ad4111dee8ef-4898801.o
created: 4/5/cef2f76c6c04a1cc674caa2dfeae40-4585044.o
modified: 6/c/407617dcb347e777a5e6340a633c46-21202.manifest
created: d/c/c45e7faeeb335ba36bfa6106cd2997-6471.manifest
modified: 2/e/281495fed89deb08212744ff8a2d85-3560.manifest
modified: 0/3/69519fc99955dfd96b4c3b25d021d3-3621677.o
modified: b/d/88141837f575b8f35fcbabecb6524e-17362.manifest
modified: f/6/103a851e4e00256ca91b7938714c3a-51555.manifest
created: b/4/6174e9468693fcb35f726c8edb55c9-2024779.o
modified: 3/b/a49636384e4626f47f91b2e6eb5fe2-3089.manifest
modified: 8/1/5b8b87a6ae4977227274d201007da1-46600.manifest
modified: 8/7/6857b349548d995f7345215243fe32-6095.manifest
modified: 8/c/007b5b88b71794eaed9049da31e97b-3607.manifest
modified: 8/d/bc2f604cd5b0639ca65cae8ae7dafa-5216.manifest
modified: e/c/804e7e3d7294a5fb54eb46e048efe2-3052.manifest
created: 6/5/1fbe98ca8255bbdc5f8da25d692461-4948539.o
modified: 2/a/5efb19105e47861bc6831e920f5147-4994151.o
modified: 2/e/88f48deff409fe1277375b45788118-5777663.o
created: 4/f/d05c8785a71f20472e66cbfef56e7d-12620.manifest
modified: 9/3/993bfa9963cc30f4e282bd1f9b003c-14901.manifest
modified: 7/6/7cfe7d1de0af407689a99a27e45303-5028823.o
modified: 0/0/4d98d858d751457673a8f171ebca46-19842.manifest
modified: 1/3/a9543514af858dff9dc8c3e9da1d88-4439139.o
modified: 3/6/f3f0cd2764f4f7ed0d2e8f9fce68af-1969.manifest
modified: 4/a/7be222deafe6d877a49f9ceeb89632-5906.manifest
created: d/5/db04318a7521405be032eade0587c0-1974.manifest
modified: 7/8/0c74c3bf06e94bdceba2cbbbce9c2a-115995.manifest
created: d/5/a73e08bc43c9cb1f9edecb2cfbcb5d-11230.manifest
modified: 3/9/882551988c2d47215982aa836a80b8-3414.manifest
modified: f/6/3ffc736e326b3abee4de6acfc671dd-2449.manifest
modified: 9/3/268d6e9907cce24fa1eac69cbeaf7f-4942380.o
modified: 1/5/57356e3196e34d025e3848274bdc23-12164.manifest
modified: c/c/8055222f7d082b7b971ae33799ff42-3273.manifest
created: 1/e/f32759a9215e528f66e6ae79e664d2-2026892.o
created: 7/d/7a4cce379e963bc08eda23fa047ec3-4689869.o
created: 9/d/6238570f913405b0e314ccc8366ae0-5717426.o
modified: 6/4/8010bd8bfb77e58ff3625d7fcd24dc-5524.manifest
modified: 8/a/4a57337c10df802b5b5e2f9a1f2bfe-18875.manifest
created: d/b/757ee192866e42fd66e8744af07c5a-4814921.o
created: 1/4/e882d6faa37adc9fb5f74747a08565-3143217.o
modified: 9/4/d23385c92d1f62faf3b1415fb4f34e-4037.manifest
modified: a/9/b5a2bb9099377f93caa49c1f81c914-15891.manifest
modified: 8/0/5992309255864b9bff063c8ea226ea-7325.manifest
modified: a/c/0d40f4dd433816d5b9f7d028b25ee3-4437854.o
modified: e/6/f7ce2adbaffb3a28fb9efd80751ef4-6360.manifest
modified: 1/f/b1b9218c190ac1a8e6543fc3bbd399-5707.manifest
created: d/c/3a46f0dd46fe43cf6f702536e27065-10021.manifest
modified: 8/0/2031258d83381de92015da600ef6f5-5602.manifest
created: 4/1/4da0c4f845c18648eb5cc3fa455621-10522.manifest
modified: a/1/45564023ed6a5cc2e82cc833082c63-8713.manifest
modified: c/2/9d517a852725a9840149d1c9e02dda-5083018.o
created: d/7/5c185a68e9312dcc7f2d1ebfe7f33f-3370571.o
modified: 4/7/bc65a2a1c2a85eda154ebef42845f1-7374.manifest
modified: 5/3/8e33aee45d98fefd2c6428a4fc5108-4582786.o
modified: e/c/6cf5a00d216d9975b55ba1ba6958de-4912719.o
modified: 4/1/a7d0edc7c2c23ce3b94965bcf5187a-8899.manifest
modified: 5/0/d747c067681e4d781276d599b76408-3242.manifest
modified: b/f/79891007eac34820a2f398e0350499-2246.manifest
modified: 0/5/e16b3ed6d7f9810667ea41399ab13e-37241.manifest
created: 4/4/8604ea3db5062942fc1c836f9c4f7d-43522.o
created: 0/2/4d57fae84bc307322011d597ce3f3b-6006597.o
created: 4/a/7796dcd675f1565a5795038553a69d-2299.manifest
created: 7/3/f9b85ce8075e20891b1ed3dd461ca8-4954136.o
modified: 9/b/2b8db533aa07e5cb7bf6d682897aec-19915.manifest
created: 0/d/5a307fc33ddc08f0af0b678b5eddfc-5476026.o
modified: 8/9/edbd2bbb0bcea9a1f493923e155ba1-4169.manifest
modified: 2/b/c70f65f597e7284eead1ff5bfdba38-4965387.o
modified: 6/8/a65e669f3d57a9e543fd59de653a65-47179.manifest
modified: c/b/d3dab11eb612208692990a88b82fae-10830.manifest
modified: f/1/448ddda66600c079313b997e6b03d0-2340.manifest
modified: e/8/c17d43ebbf66b5544a0e27298ee2bc-6561.manifest
created: 0/e/851d0df48e2ea449eb8da052ca8f77-6062876.o
modified: 6/e/956d02e907170778b0dbdbc261bfb2-2886.manifest
modified: a/6/887ef282cb199007144c00c959394f-4483033.o
created: b/1/a758d6b15597ff2980dcf5a3c7e0a1-107007.manifest
modified: 5/f/1ad651ab46353740e860d6449fd00e-7848.manifest
created: 9/7/9710dfcf8037f8ebf12e1ff9e01531-4919587.o
created: d/c/681199299f415f2b9fd3d1ce48ed10-37158.manifest
modified: e/7/88d5a6f819fc5c106b9c6bee32485d-5003113.o
modified: 7/4/bd55fc42bd90b8355c9809f2cff9cb-4192.manifest
modified: b/stats
modified: 3/2/4e1bd14926b603660154ec1e345410-4480649.o
created: 5/9/e41669f12d0db76d24ddba362fadd0-5678233.o
modified: 7/6/27079150bf8b8f6cee5e97ec3f6d34-7304.manifest
modified: 6/5/0eefdc37203d8bb3e87db0d3f3a6e0-4183.manifest
modified: 5/5/d22e6a1de46f8629c690bf09d746c3-3802.manifest
created: c/6/b5aae6f077820b30dd159dfb38442d-5028564.o
created: 1/9/6030b52b94314e5e9aa1664cfa0ec3-2309473.o
modified: 2/5/a608d4dc8e6f962712283b8e2c2a2c-7835406.o
modified: 2/b/07fa89acad34f013455f7e9a547dfe-4440091.o
modified: 5/8/bf3fea198436a59bcceff03c397ce2-3239.manifest
modified: f/e/51134cbfa657d4505767073abed597-3438.manifest
created: 2/9/afa417e46ce779db55c9ec89f0cc7b-2237965.o
modified: a/a/fae4a6cd99bc8bb32a550f8fa822d9-1966227.o
modified: c/9/e9f2ce4bf887a35e245ac40880a742-7335.manifest
modified: 5/1/3f11b461234aec7a90c1c681a324f0-2342.manifest
modified: 6/5/4eaf5cd9ebab1330202cb4155016bd-5288.manifest
modified: 8/9/4d82c43a715adfda70ed318627eff6-4424.manifest
modified: 3/0/be2f535e2920981afe4ed8a890483a-2867125.o
created: 5/3/ca0f87f44be381f3d17a0ab31a6154-4957371.o
created: 1/d/b4b373583505bf8d9c27119ddba489-2817613.o
modified: e/0/6ce540fb35f62e1ab33b9b500c34c8-4956220.o
created: 2/c/030b90ad55b73b1c4bd19720ed4ff0-2919316.o
modified: 3/stats
modified: 8/8/5b5fd7f3a2f977eda511af17e2114d-4499876.o
modified: 9/7/6a0f171da53f7e412b8db34aa1ba2d-4120.manifest
modified: f/7/ea1fe8c6913c43367c0f04dc2d5d94-4865.manifest
modified: e/5/e58a60a2d810edc416d81f0a234a8b-5027661.o
modified: 7/0/3b82524f46db36ba7c0eeed12c1f0e-4548441.o
modified: b/9/55cf43089e37630c3d41d854e81334-3304.manifest
modified: 9/d/d26f4c26d0371d33fc06260cb8a919-3290.manifest
modified: e/6/4df7015c0f59c5915aaef930aa1a45-4588826.o
modified: 3/5/f1b0300a6a89e375a082b949f50d45-5903.manifest
modified: 9/6/ef0b401a6eba5d1e5f4eee5b6982dc-5019.manifest
modified: 6/stats
created: 4/7/e4a8c4de11c417a6ef8b8d447547c8-89424.manifest
modified: a/8/e67e468e5e1ac7c88568f68220a895-3472.manifest
modified: b/8/563625428790e607b391de1879556b-4071.manifest
modified: b/9/ae8fc4ec7d60dd5b98a741fabcb7c6-4115.manifest
modified: b/d/91734ad7e18fb82f3cb2c17b2e319f-12471.manifest
modified: 0/6/440881a3779a08e5cd578be3cfe94b-37577.manifest
created: 2/9/cd7313b7b61d5ad4dedd10791bcd6a-2539982.o
modified: 7/4/ade176b8675e71979871ae7683d81d-4496120.o
modified: 9/d/110e4a572e1de2fbe14dfb95a65bc7-2865.manifest
modified: 6/3/68e4e88153716b3ce7f410702f565f-14965.manifest
modified: a/c/0854c93049e5adfb121d48651c1180-6126781.o
modified: 6/6/c60c80a5ea737ff4d49ac6e769aa06-20341.manifest
modified: 6/f/134307ea639e57e3be8ed85ca00092-107521.manifest
created: 1/a/8da7f7d79ecd39bb5fba81c2ca8c60-33146.manifest
modified: 8/f/c4948baa30ce983c8d51270385e5c2-4444119.o
modified: 4/2/3a8397a9d34c6d8ed6c7cfbbf85061-2291.manifest
created: c/1/b19021244c100d85382c1993e41931-597.o
created: a/b/8ed940c3e99cd33fac5202ff9c44c8-4935979.o
modified: 1/c/2469affee6dd1893c6916fd1596998-9630.manifest
modified: 9/8/19fcfaa0593118664e089907cb7abc-4947746.o
modified: f/c/fd0e3a11de86c80dbdca900c5fe74a-3409.manifest
modified: c/4/79bfe8b66e73d164624515f640775a-11427.manifest
created: 1/a/f534e1ee2d587bdb9b94257e4316bf-7018.manifest
modified: c/stats
modified: 5/8/0aa95c435e75f2e6e0e2a99f22da20-15411.manifest
modified: 5/9/33921f3bf1363180084b4760ab640b-4406.manifest
modified: 5/3/77021ddbe9de55681810a2c81245ab-2518.manifest
modified: 8/0/6cf562730520b84cf976ceb4564b6e-4958433.o
modified: f/2/aade7e6f5e9194881576d16ea6a37c-45421.manifest
modified: 7/8/1bcc5581feb62120540916a7c11814-36845.manifest
created: d/9/35f1e849da3f2434033e0aa58e8cbe-4000.manifest
modified: f/c/6c0432da8b347151a19fd753a9a896-12342.manifest
modified: 1/3/a39bdc1add65808e806b9c26ed5a6a-4646432.o
modified: d/3/c7aac89665458bfbba48b8c885f1dc-4964225.o
modified: f/d/3218dc170a2d3ada988707a8e30964-13823.manifest
modified: 3/1/8cc540f6988a90a813fbdfb489f863-19016.manifest
modified: 9/6/1a3d5f8203732140e4bcfd04817d14-2183.manifest
modified: f/6/0ef94d04d99cd10c6893992616d044-2434.manifest
created: 3/c/d809cea66ee3b0e991cd9cf2d44005-5753699.o
modified: 9/0/e1c071239eab30ae486a12d77bce20-4913266.o
modified: 5/a/e55bc58fedb5c33b1d6b12998cc0e6-33489.manifest
modified: 9/7/aa4e82b4229d8bd6280c25f250849d-2479.manifest
modified: 6/6/3d56c58c6b348024cd891314519951-3842.manifest
modified: 7/e/238645b1727261a5bb40642a2b7cec-3470.manifest
modified: c/f/741be2adba4eb8109ff34e96263b8c-1899.manifest
modified: 9/e/311e7609b7c050bbf1938d8b137fd0-5255.manifest
created: 1/c/b6f5269cc6587a106b8bc5e16793e5-36574.manifest
modified: 9/d/734389bf58c93b2059217a7940a88a-3099.manifest
modified: e/e/9b159387d7c7eaa376bbfe55722e69-4840883.o
modified: 6/1/905ca078166e96c8ca7702a7733049-11749.manifest
created: d/5/9ee85410c5578dbc760f8036bbaf2c-3187.manifest
created: 0/7/56e4011193ce591960754f4ce3e4dc-5744425.o
modified: a/stats
created: 6/3/2894f50ac2bf1091708372c9e39ab3-5512041.o
modified: 3/e/bec6b8945acfac2bd7961f54ae75ea-4438915.o
created: d/f/8f083b28e195450a0eef9da9ab3ca6-5016724.o
modified: 5/f/692d485ee2862eaf7d662f83f72f69-11913.manifest
created: b/c/168ccd9f70e10d235f187125941633-3022.manifest
modified: f/2/371f403e04a1327ce3adf8aec97543-5177.manifest
created: e/2/db69e7f3fd9733994e59eeaf5e59c6-4921643.o
modified: e/9/7813e96b8ef310ac004ef3b4487f4c-4443555.o
modified: 6/c/3deec4c8fcf3cbe198859001acc78f-16499.manifest
modified: 9/e/cbb16ce68dd561b6c04f314d180a36-15241.manifest
modified: f/2/7dd65e17c88f40a574a0b817413f27-32569.manifest
modified: 3/3/2a790c8711e3e3fed64d8e756d132d-15036.manifest
modified: 1/c/6284ffa04413655fde0b1a8e5e4555-3451.manifest
modified: 8/f/305bdeed1b04658c34bcfb24a892de-6250.manifest
created: e/0/e938c74478b14d982417ac5a0a67fc-4995117.o
modified: 9/e/db1e2604bc9cd72c9cc52bdfdceeeb-5883.manifest
created: d/c/25e3e0b50ddf800b0b4f50c2628490-1741545.o
modified: 5/a/3aae140831826615de4d60d6db86c5-27487.manifest
modified: c/8/ef6b3ef9efbdb8e5101dd78271b116-8043.manifest
modified: a/8/5f6531e0da1add5386f5ea3e59bb49-6682130.o
created: d/5/68e35e71fee3312530e3e919614eed-1854897.o
modified: 9/d/7d40d5c1657e822de25ed6a029685a-6160.manifest
modified: a/f/c4cd1c7d8daa61e2dedf7cba3c34e4-4524186.o
modified: d/f/d232af3162e37d44278d6069c91f98-3812.manifest
modified: 1/c/bc0e86eea77bf604db5d8bfeeb7a5c-16137.manifest
modified: 8/0/2191e514655db5e6263676001114cc-6572.manifest
modified: f/3/0390e64803cf49cc2e4fb14d79bcd0-5199.manifest
modified: c/c/dd1dd84d900ca152b62eadef80d757-11899.manifest
created: 2/e/dee725a427b0dc5b17553c2cc3d0ed-2587700.o
created: d/5/a701e406f1f9fa4cffb42e102f9d1e-3436.manifest
created: 4/3/9cc8582ea75bda7e17fff10f57cc99-2524666.o
modified: 9/7/49bb36724c1fe08d7fcd21340a39e4-4870948.o
created: b/6/11bb5cf24a70a426080ef363d48e09-11716.manifest
modified: 0/9/7f1c4cea266aee3ee48f8c801177b8-5850.manifest
modified: 3/5/a0343b313eb1f06309053bf88bcc01-2912231.o
created: 4/4/329481559ab19e99c08c67751f8ecd-32632.manifest
created: 5/2/9cb695f4af1b6838ccfc2f2bb138a2-4956685.o
modified: 6/4/0d53cf5d0a7db8d01f0c6f7e542f3e-4418267.o
modified: 1/c/9788a45fcd655daa4275ea75b1fd02-3015.manifest
modified: 3/9/8f68884e22b24b9efff03d355d6db8-7556.manifest
modified: 7/stats
created: 8/8/98ff1d9d237cd70e8ed6ea620f11d1-5086359.o
created: c/9/875adbd2ac9e59cd03447d6417bd40-5983.manifest
modified: 6/e/920163f0e922e71b6e44a3fca07eeb-16402.manifest
modified: b/0/20f17bf767324e1a39bf2057276cdd-44618.manifest
modified: c/d/52532d4ca8755fa14eca68271c89f5-29228.manifest
modified: e/c/7142556c59f32fc6515f8844da8629-4895562.o
modified: 1/6/e0ea5046448372aa0874d012c5c21f-12821.manifest
modified: 6/4/ee8255d8226cc7bf9bbf87a85746c5-5020232.o
created: 1/4/9bedbf9f82aded13efe7e1c90f36eb-7000.manifest
modified: 8/2/311c33258877e1a590b38704923297-19445.manifest
created: e/5/cb7ec311b547ae15813ceaad1d0d6f-5401022.o
modified: b/a/e11da6a86b571e690243c861a9f152-8486.manifest
modified: d/1/ec367f287fa3dd30b7aeb7e41aeb9e-4851869.o
created: d/0/cdbaea591e8c285e51ec5cf0760b10-1828379.o
modified: 8/b/73b226c40109b521c0d0716d9b227a-31711.manifest
created: 4/4/b971009094a04863160b66fe332841-3370630.o
created: 4/b/59fb1a7250a39d4c46c7d88a97e4bd-7231.manifest
modified: c/7/62b461236eb735b25e89f2d46f0ade-16790.manifest
created: 6/9/7ce7c90e9e3720567573f6e189ab03-5818920.o
modified: e/a/ecb662a52e4393bc52bebbfb8ba187-4500455.o
created: 1/0/3a2434df67b254f2117167da54dd93-5997.manifest
modified: 5/c/da8b9b1beea855d7886e444d17870f-33375.manifest
modified: 8/2/0e9958febfda60faeb3e4d08164e90-5044.manifest
created: d/9/7f73a1e75f22a13c682e13d6948f2c-4400.manifest
created: 4/6/017ffa8cd9f22ad84f96b45e8b1259-2472992.o
modified: 4/stats
modified: f/stats
created: 4/a/90e13ac1115723148e4518b0da7983-3180750.o
modified: 6/7/7928b7b071563c2e944ed9fb5350d4-4504627.o
modified: 1/9/7e1683e23843f2e47584b21f7ba789-9952.manifest
modified: 9/0/87a34fb083432bf8b533b472be21ed-4829845.o
created: 0/b/94166f1771315c28884f1d11f29964-1868103.o
modified: 5/e/c3788de0a72962c41a8c8ff4474be2-3444.manifest
created: d/b/02d8361a6bbbf22489fabb741034ea-1996523.o
modified: 9/a/ec6635869e5be38726c5d346c95a6f-4963.manifest
modified: 1/3/cb31287634a61f298c1d8e058809b7-3461409.o
created: d/d/b4880f4464a6c54f2f3e59261abed4-4850133.o
modified: d/stats
modified: 0/stats
modified: 1/stats
modified: a/c/139b5c680a5a317707652b4ef1ab7b-8152.manifest
created: 1/3/e647b9db21778f193380b157cf80e8-2194156.o
modified: 6/1/011a0d83422159adbfe39aabcfd381-5013497.o
modified: 3/6/f26012b5848a2df4e396f0ec83068f-17008.manifest
created: 7/3/af23130e45d480a6a403c83cac8eea-4937732.o
modified: 9/2/4ab4dff3632e6da8e6d5b013586f27-48063.manifest
modified: 3/f/b158cd9035be6ea701632bfed0555a-3670.manifest
created: d/3/757bf01bad61ad19d54dfa399f1d81-1925.manifest
modified: d/b/900b72e47628c8cb892a2903a0816c-4564627.o
modified: 5/stats
modified: 8/a/6f40f4f324637c82d36cd56e5d4c5a-2438.manifest
modified: f/9/68edc5a44de1c86b02fbfcd9d6cca7-3207.manifest
modified: 5/4/53403636f0e287046dea655c33dffd-2077.manifest
modified: 6/1/6719fb2b7c7ae61ba8fcca65df5e7e-3387657.o
modified: 2/3/f8dd12117ecda5a852058afcb73eaa-4948640.o
modified: 6/5/c1fda47212a771ddd5e67b0b0054db-2171.manifest
created: b/0/1d2750629137dc055262767bff574f-2967.manifest
modified: 5/2/17f0aa5c36932a8f0380aacedf9c79-4434519.o
modified: 7/e/f02df25bc9aac6273a42958bba04a3-4448.manifest
created: 1/6/7fad67b1e3e2f988d947ab86366ac3-1660054.o
modified: 3/f/fd57fdcb6ad642fac4e968ff0dacd8-12886.manifest
created: d/a/7783687ecf2347e6ed5c4d5179c128-1992.manifest
modified: 8/2/fb794b5143af6ff0ee56f8b9815bbf-2822.manifest
modified: 8/stats
modified: 5/1/222cc06dfb26450de9cabf1f68b534-1917.manifest
modified: f/9/fd91f2b6d99fc5607e8b4e3383f0f6-4000.manifest
modified: 4/2/250f6d3dc1db4593dd70c9f5e6d225-9540.manifest
modified: 8/a/e0c00eb46a397acee94d1aa0976698-2655.manifest
modified: a/c/b5ca663f34a553d4c8dfa1cb79be4c-4436481.o
modified: f/c/9348c340f38500e42e98f93c1a8163-17726.manifest
modified: 8/5/4dc34bacd4cfd59e748e7b12f14369-5448.manifest
modified: b/c/1f98d6b9d7cbd478cc6b45df8be82b-2821.manifest
modified: f/3/b94cc4263c1aa8e977746b10956cda-2931.manifest
modified: 5/2/94918ebccedd6c5c7f6c16d7cc0656-6488.manifest
modified: 2/stats
modified: 8/5/e4134b4dac75b086adbdc9c9027806-4504915.o
modified: 9/9/c9f67a55ded7bfb16f04b8ae584336-14136.manifest
created: 4/c/afe8fcc372651ae6718d916de78eb3-16050.manifest
modified: 9/5/37b6e92ffa18d0b3705343df0b6761-4808017.o
created: 2/8/1f64cc3c85499b85faebc28f0ea844-3994.manifest
created: d/d/cbae8643886b0ff05f518133e8366a-2872368.o
modified: e/8/495498017d2007a8a166445806bb14-3351413.o
created: 1/7/b4386deacfa73f923b877f3ae9754a-3162017.o
created: a/7/372903f439077d3c238521b25557cd-4995141.o
created: d/b/92dbac0a6ad82dc5e1a4037fe65283-1317602.o
created: d/f/04fcee1f9511e172c783512d520845-1516299.o
modified: e/3/8ac1dcd51c6ffe3cbfa437d0e31295-4827935.o
created: 1/2/db5b7ec73c93383275438164c129c5-37246.manifest
modified: 6/8/34387f36ce083126db721cbb7058a1-4844.manifest
modified: 8/8/59a257c4c15b572986b8485dc53ae2-25896.manifest
created: d/c/f2139042f58a4c96ed8682258ff345-3568.manifest
modified: 9/a/077566092d56d6b72e40c9beb29716-4444522.o
modified: 1/a/55431e52f904ad030a503ea50ba81a-4238.manifest
modified: 3/f/600edb26512f474470ceda0968631e-3411.manifest
modified: 8/5/7085b1cb9f072d95aca09e180d0a08-2887.manifest
modified: 5/4/160527d7f839e4b1ee5cc450d2598c-8414.manifest
deleted: 5/3/bf955dad7d1851dc059422e5fdfbd4-1868103.o
deleted: 3/3/04efa530fd2ced9a49ceaee83a38e8-22352.manifest
deleted: 3/3/7acb03d184be0fb486137fff6a0d98-6942.manifest
deleted: 0/b/b2c6ded0d230756df8b408e1642419-4353610.o
deleted: 8/b/08bc599dee7988222f263a0f74dc64-4919628.o
deleted: a/8/da0489979667f060162256f353bc36-2875091.o
deleted: 8/7/73ee370434eac965f5a2a54e3a15af-2956487.o
deleted: 3/3/49c2603ba75ff53df30454b0449afb-8313.manifest
deleted: 6/b/f37633eb4b6ec3ab27963c652bcdff-2907775.o
deleted: a/8/e7dccaa8b75bbe1ff6e5e901944a49-2267963.o
deleted: 0/f/1542e52fec4ba3f58eee2f3b1d0ecc-10941.manifest
deleted: a/0/1c2fec079af2b5df66b5596260cc39-28069.manifest
deleted: 3/0/5ffceb62f7cc39f1eedde95f757016-2774582.o
deleted: a/2/865569891c1e240b5f757cbcaec14c-31393.manifest
deleted: 0/b/bd38007e9ab5d5fd8e65627d3d73e8-4957780.o
deleted: 3/d/d3cd088ba2994f37f480e84e60b0c4-1928001.o
deleted: a/0/80f3e2d9902f1cc5d28385e43c16a9-1927071.o
deleted: a/4/59b001f2ab342edd06f33a0dd61632-3039532.o
deleted: 0/6/e57450cb45994e1d2847fdda3211f9-5410952.o
deleted: e/8/27ee47e6018bd006d8c9252ce65877-3038079.o
deleted: 0/5/5f119c77659993fe4885066263d0ce-4660589.o
deleted: a/1/3cd07a620ddcb11b856c701255699d-2326722.o
deleted: 3/1/bd9f01a5c1a3cc82138a1b0ec6b6b1-11098.manifest
deleted: 8/d/b11b4cc2e9133e554d803f371b41da-3102179.o
deleted: 0/e/acba24b5b5129a2029e4459071b7ec-7241.manifest
deleted: 8/4/1da0750785fb5e36b0c501195ab592-3189405.o
deleted: 6/1/406b198700ca52fcf54fac0ebf5e5e-138874.manifest
deleted: 8/1/c50378fc77a6f4fee0fa0033e113ef-2846232.o
deleted: a/f/0e24cd0b6a16d5808dbaf18525c2fa-3732.manifest
deleted: a/3/cf7a448540b7307cae91f293b22819-2412.manifest
deleted: 0/b/9ae198dde495955e8ab5b9eca5feab-6201.manifest
deleted: 8/3/2d8600fc53135e75b74d983a878216-5086379.o
deleted: 8/4/0e372686b1d994196ee43fa5bc4383-2587551.o
deleted: 7/c/429ccb47c433a56ad9d2927b44177a-2404835.o
deleted: e/d/dea9ebb2255af20ab1af3e79f88cab-5678274.o
deleted: 3/0/477aa842525f65c1c86a2d8cd1b2c2-11655.manifest
deleted: 0/7/c06bc27ea169329423500537df84f3-4460015.o
deleted: a/6/9049c3547e274a433a42867f942385-5428.manifest
deleted: 6/1/7384e00f20cec4790251b95e1a85da-4824655.o
deleted: a/e/68c55258bfad7cc744527e9624a100-61445.manifest
deleted: 3/6/e3b0f5cd77efa38a25fa2d49996a6d-2837215.o
deleted: a/5/81dadb481b4caafab9697cc3a1c63d-1917960.o
deleted: 8/3/fff4bd67eaaca5850fa45c4e6557a4-5025561.o
deleted: a/1/0fae5d5e1ba665cc08e84ff73112f9-3250947.o
deleted: 0/8/939d5f39ff99c92430cad59734d548-4831383.o
deleted: 3/f/6fe4f085b324d46089ca711f342170-2846148.o
deleted: a/0/5d887d1ef70652394c62f9f9dfb94c-7298.manifest
deleted: 1/6/284c460af9fc818669addf9023480e-5086400.o
deleted: a/e/1a21905738d5ccab3702ce79d58569-5476067.o
deleted: 0/f/407be3ce964e9b65448d0bf64205ba-4607856.o
deleted: e/d/66aa6c52bdbbabb9b200d733fd5e70-4468889.o
deleted: e/3/c84c6e10c807f9615d36aa6ceb07c5-4948580.o
deleted: 8/3/a4e0190408be483e14e1c74cc86c88-1868103.o
deleted: 8/7/08705f03497fae25412e2b906ff0c5-4817927.o
deleted: 3/9/efa0a4686a3e1aa0f75e5a74a88ca7-5818961.o
deleted: a/1/a064e62b2f091bd2867cf43aa33e97-30633.manifest
deleted: 8/6/fd0c62d3aac64e20f307eda9c3bd45-2881458.o
deleted: 0/b/4fc5f4c443955516166ff6d8309d62-4956726.o
deleted: c/6/79a59f9116084a5f778dc01df6d245-4995182.o
deleted: e/f/b5dc7c0863e1cddedf5308bc1e723f-2926502.o
deleted: 3/9/b47b0998c99b8ccd6f47948180cf66-4585023.o
deleted: a/2/f56d5ea2275e9d384a710b0c9aa3ba-14526.manifest
deleted: d/e/409e7113121cee8770b21fb472b4e3-6006638.o
deleted: 2/d/42782f8e1f891e45f83902fae0af75-5401063.o
deleted: 0/4/bec52ec4785a37e91d61c70bd5de5d-10948.manifest
deleted: 9/e/62302dc880880a94651dde5d5d9dc4-5116470.o
deleted: c/5/4216e8da74d945b528bf4b5b766446-5744466.o
deleted: 7/3/c0a9cb2c4a71a3937ad171283bcf19-5408456.o
deleted: a/e/1c9c652fc32bec9f6e63278fdd2f12-88348.manifest
deleted: 5/6/2b68dd11303b36cd315b8f08d26b33-5010907.o
deleted: 3/c/d6a367db2bd9c5c6c13cbe450d9110-4438745.o
deleted: 8/e/d5013085bbe12177188dfd1d04e759-22043.manifest
deleted: f/c/3fa284dbc5c4319832e6aa217cf71c-3009037.o
deleted: a/d/99ea31e4092f18e691563f0d9b05c3-8825.manifest
deleted: 1/6/dfda8a7fcff7e6fd40880f0ac7087b-4995158.o
deleted: 9/f/612430111930ef69c1e70c62045c58-6062917.o
deleted: e/a/34519bfd327d77f170b52459e8bc84-7905.manifest
deleted: f/e/5801ac25f828a930699444496712ad-5717446.o
deleted: a/8/f1de7ed512a644a5189bc6a994b0fe-2874133.o
deleted: 0/4/f531b3d62c3de0707b9c37cf5263de-4937773.o
deleted: a/9/38c8ce718f59c48732fad1eef06246-2586533.o
deleted: 3/a/fe4f449bd1619ae986de192ed42099-249599.manifest
deleted: d/8/a332f4a7c65f5255e4941d18eb23fb-5667747.o
deleted: 0/d/d252cc6f06e57ba5190e696e1d2a1c-8061.manifest
deleted: a/1/79881d77058419ceae52c786fc665b-1917977.o
deleted: 0/a/248a4cafacc1bb1772e481b8f9372e-3239964.o
deleted: 0/2/4941ed2b0cbdb0147abca6af9c1637-5989.manifest
deleted: 2/8/4d29ad90b5a5d6ab3c10fa1d3cb7f2-5717467.o
deleted: 8/7/6f3213186b0c82be63d2e3b212fdb4-7418.manifest
deleted: 7/8/610732493fa8d0f7d15254cea3e89a-2116639.o
deleted: 8/9/6cd4d7f3a5b6075c613cfa1cbed0f0-4937752.o
deleted: f/8/a0ad71d4e6f68ed104a72455a3b401-5678253.o
deleted: 3/f/f123629c1bdd7ffe2a4ba6468c1b20-31287.manifest
deleted: 4/0/9882e854b0996ea3125e1e0551366b-5753740.o
deleted: 8/1/11a01f271fa54ef8df33a03efb4aa5-2595510.o
deleted: 7/7/1b5886f0e2bb1c2b01c1ed3e0bb778-5512082.o
deleted: 8/7/f420c7e937d650fffeedb8a299f72c-5025540.o
deleted: c/2/a7976113fd42ec8cedcff0f884a6df-4954177.o
deleted: f/4/cc7d252173919a2b0ed0162dd3ad30-4956705.o
deleted: 8/d/7320d650f10b60007897f9f2633e76-18174.manifest
ccache cache size is 199Mb.
Uploading cache ccache...