SHA for cache folders (/tmp/ccache_dir) is 'c3e5e9eaaedc20ac1d242d0014be7dfe9f8097572956dfda6ff0b10844268bda'
Cache ccache has changed!
List of changes for cache folders (/tmp/ccache_dir):
modified: e/d/stats
modified: 1/7/73c4o0kdck241f9qkfa92l1nlbgoedaM
modified: d/3/c5ecgmvi9nph8rqa44hque50qgh1t7gM
modified: e/7/4fobt8p6fvr8h5fms4ur03gg67jddqgM
modified: 1/b/stats
created: 2/9/0av20kujf0lfk9dg9i1iqk6r9iesk8uR
modified: 8/5/stats
created: d/f/e1ddsvslb3lm2rr8qg0rhipvq6dhfgmR
modified: 1/2/a9rnoiaiokfvsjppfir47gtsnol12qqR
created: 8/0/c4aknstqpmfjn3bc7d7idh9v6bdgs30M
modified: d/3/c0legm6v4ugv6dv1vghk5a1aj90efieM
modified: b/8/2abqu11ejusirkdgjp4lmvick47oodcM
modified: b/9/2306comcajsnngk5jfefd4dk60e8qosM
modified: d/a/fbatcf6r4br1p8h47c0ko611u4qlce6M
modified: 0/c/stats
created: 3/3/65vh5bfoip43rvr3qt3ponafrfvkqtgM
created: 5/4/b8cs10k7r0ak45cgtlo1fd7pa8jd7h4R
modified: b/0/stats
modified: 8/c/51o5e9rvnharat0tle5ccjupdkolcd0M
modified: 0/8/eevdsgg0rlvh7t843rcba5rsmo0j8joM
modified: 0/e/b3jupgi3k68cgbsd4eciclkibn97id6M
modified: 1/2/stats
created: 5/9/8atvhh05508m9fsjd6to91p21rqju6aR
created: 8/b/e25gtf2q32sgipi1nvr0m78nbqslsigR
modified: 8/c/f2cpv2sl7hcbn1n9vgkgkafsuo89bfkM
modified: b/0/84bcekf538dqbsvq32664vg693b6edeM
modified: 4/2/f6v26e80mso7ps4p4gl91666a4j7i5qM
modified: 4/a/4f5efmdoa2548he3pe3p9afejiif6a2M
created: 5/e/40lbliv2134bk7dpmed26efo2nfr4duR
modified: 6/8/5cnnsha6ok8ouob06pheli224ohun9uR
created: 6/9/bfa49p6gu4974kocnv6crvc0jaq3u1iR
modified: 8/0/945524p4up6sqg0qsc388b66prnhse2R
created: d/d/1bui47mp002ot9s3m1d2do3degv2dkaM
modified: e/4/stats
modified: d/d/d8iuim85ujnjokb6e9ebr6fpg49055gM
created: d/f/034tk5l0rmk4vbr4h7jblno76h5cq4sR
modified: 1/8/stats
modified: 4/2/stats
created: 4/6/20u2u4162li3cfq8bnjofngug5urud2R
created: c/c/36rrhidg7p2vutmei93v56mj6p052siR
modified: 1/4/e5e1u85k34qvcnu8pc4evt1ejoegi1mR
modified: 4/0/stats
modified: f/e/d51bsbrga2lmo9dksrcmb3vuo2gq36uR
modified: 4/e/dcaqntnrl5qldvh9evn3h8pgvism84kM
modified: 5/a/68ba1jc2eu5r2levcsu4t3fresg5iceR
created: 7/c/e4lugp3241hemg9spfi6t3c54ha967kR
created: 0/8/0eakm5upctgadm4b7vchdacs3gru5voR
modified: 0/d/stats
modified: 3/2/498tra46i2r20141gpq1oq5mgvfv4pqM
created: 4/0/8a6cj91jgd58gj5t5vvft5tf3cs152oR
modified: f/stats
created: 8/7/8e23v4bqvb0hok1jpvnn7n7uj4jj3joR
modified: a/3/stats
created: b/3/35a86gc5vflhandh6c3mh6m69pcot46R
created: b/5/b9d9k9digq7k8ubflrmejehsmabcl8iR
modified: d/0/28fce997gt76q4h0l08sd6s429d6rdgM
created: 4/d/c7v7toflv1lpbqikla38tpu80irmgliR
modified: 5/9/stats
modified: e/b/79equiv90tqouqecvs65llqmhvv7rcoM
created: 0/b/7b538jvqc160mk4gup3g2j656ibehteM
modified: 1/5/4evdsofb1413cplsr0h96n3hrgq261iM
created: 2/6/8ck6r7nnak3cc8iqbgm055m73kfdphoR
created: 2/c/53efvoaf1dbs2jau6on7t27ol4cbnasR
modified: 4/7/493ba0pkvmi7ugcnofjebip6tjg0vsoM
modified: f/5/a5dfsee3cioh7e0grsa24i2mp3k8o98M
created: a/4/daj03t8rq41168uptb9o315g61o054uR
modified: e/1/748q06e055tf481j83999f50pedhetoM
created: 1/2/4bg1r98pjer6na5e91amrk32hv42ookR
created: 1/2/dc1p6o794mu5hfjj5ojg92c3p5bo7j2R
created: 2/b/8dan938n9gm9q3jsphktqb98440136iM
modified: 8/4/stats
modified: 8/b/stats
modified: 0/8/85etdq8u7nltokmtkphdmmtq5lbso0oM
modified: 4/b/stats
created: 8/0/443tq5q861igj6kjrkf2jpg9s05hpuaR
modified: e/0/83vnqgsm186u5h3sk8argiidcmdafjiM
modified: 3/3/stats
modified: a/6/stats
created: a/8/59gcp4pjtsiun140qjplcgt1i00thhmR
modified: e/e/stats
modified: 4/0/f4bdg0jif3h09u9en5iqbtjkdo8q3dqM
modified: 9/7/20loddtbcvj9luddrsnvr0q015e8uh6M
created: 0/c/d17k3v15ssdr0s81d1f2m30tutfbkk6R
created: 1/4/62dku6ocp01imc9n9fmfiatb8odvo0iR
created: 1/6/394qc5tcv78rqab3tuvnpjp1qcusi40M
created: 1/7/8039t8pnectfkpqo08pj4blnqiin1s4R
created: 2/7/fcjr4veh1t53blhk4jvrsfrrku37aukR
modified: a/0/36sdg7pcrudjosuj3u6gv0ecm64dd0sM
modified: c/8/a61lbebhrle866hdah050sj1rmteeksR
modified: c/e/c0el0s06hi8knphvlb55srhp29glk6oM
created: e/6/26vaui9q1dq4phbs2scj710on7ovgb8R
created: e/4/a5u8mhfsqlqe8gfg4a4naobpff17uq0R
modified: 2/1/7ct0fp8c4jfjkmi7kr18sj00496ra9cM
modified: 3/5/aat1ss4i67l73qculd4pq6lll94iffoM
modified: 7/e/stats
modified: 9/5/c0bmnj71ii9r5tiaumv8q3147jnpdkkM
modified: f/6/12fc1dmea8mfvcu9c8r80f0q0l027j0R
created: 2/e/28drcbv3u6je1n0kqui7l22q1scp9ueR
modified: 5/6/stats
created: 8/7/f37mqoep1nkh5rj6po47nkpg2ph14feR
created: 9/0/7ce14g5m24snk5aoe2laa10jclpjh4aR
created: b/0/f0brgdo8mmrrl4f0r6gr72uk5176svcM
modified: 4/8/84s7vb4cll564te38uhutulcrf25lu8M
modified: 5/3/315n7907vs4lkodprd6l4vmoudki7icR
modified: d/b/stats
modified: f/1/813qp2o3a5aim9ad83ohkv442flhieoM
modified: 3/5/87iv5scmoqlpc369r364ihm8bp2sov0M
modified: 5/4/fak05jvsh0s2b581pboiqdvpqipdracM
modified: 5/c/7f0ti3ijfji0ihlrfkr2fpjfnd5t94sM
created: b/2/347bbboh1bg380cbmgb4ifhdglroovaR
modified: 9/1/cfjn5e6o5cbu4vpcgsl0pc107vvm36cR
modified: 9/e/6bau74ek9t2abolrig8ipl5ecflgjhuR
modified: a/d/a715e2nefsbne220jr5pe2anm6knuesM
modified: 6/8/f8i2dlrga2jsho1tm06h9ef8vgi7sdoM
created: 7/7/1445dqki970s7adheove2b9078atkdiR
modified: 7/b/c9t7ci7hpb7jfm4g0mcjvvd4kgmbddqM
modified: d/8/stats
modified: e/a/b9qkrbljgbkh5hv4e24vpav4ad89jucM
created: e/a/88015fvmt5fq1rqhcr8n70qdgvreb6gR
modified: 3/9/stats
modified: 6/0/8ctl0nreif66idqjfm97oq8osjc7hguM
modified: 6/8/a8884dit3i42dvh6krklcoor6dppiioR
created: a/2/9770lid68a2k2vttvulaenpnffkggseR
created: d/2/8860ic1ba3cpn73e2nn36o361vang3cR
modified: 2/1/eb7jttvj67f721u1on52dugsqnhuv2cM
modified: 4/c/stats
created: f/4/e187hkmu2f5mpg4vkpv2784htigc3ieR
modified: 4/2/60ub2v2c6jkm7ng9lnordttv6gt91d0M
created: 5/9/7e2aai955vq9sb2fr3h791f7slh39poR
created: 0/3/1cn5hpbs089r7vnvio17etjjpb59duqR
modified: 0/4/6c3p085e6cb32aia9h9jvo4g6ve8obuM
modified: 2/b/stats
created: 2/e/f68k5gla22meg7cd93sh1dt8fs9igmeR
created: c/8/43ihnn47vq4giblkbt49bhpt6mjj7j8R
modified: d/3/stats
created: d/d/61607bi31lrcsl305vioueqakbdnqq8M
modified: 6/stats
modified: 9/4/d7itoo768q374a5b30j01n3tsig91dsM
modified: a/1/74o3sguuptlats57k7e6jc9i4m2rftqM
modified: a/3/5a84b0pl4buven21l6he2koudjglnnmM
created: a/f/c258rkk5cbt38kos27he532enucv26uR
modified: d/8/cbma784vhf45ps1n4h9m3rlo44jufngM
created: 2/c/cdmdv2fjcfq5d5nkjl6iqo5p0r12d52M
modified: 5/3/26b0v11tldovdj9r0lf3ddhg52j4bmsM
created: 9/0/bdh1ljfpb74sitrbj99kjepqo39nshcR
created: a/d/6950km6nia074ifitdamvn7mh202fs8R
modified: 7/f/45cpju3j4fsdb5c74nlq0iuvmumoldkM
created: 8/f/6e6mdjhv7sae6uogtnh1d5fv6hk01e2M
modified: 9/0/stats
created: 0/e/dck3js16np4elaq13ovu32p9opvn52gR
modified: 5/5/b5m6u2c35dpn4mbgdnr3uk43075ubquM
created: 6/2/463hg2a026gcl7iqf544vddmd9c4lvgR
modified: 6/8/88ussp1rqrddhn2u16l3hdhpq3itn5sM
created: 7/d/82mrikdah4fi23tod4pgfh7d7drdiakR
created: b/a/497r5jnerhsk9o6n8efq66nm5ca4a8gR
modified: 4/7/stats
created: 7/0/b4ig5btl6icmemvq4ici4nqarqpgsogR
created: 9/e/ebikcfvmebkamj5bmltqgdffp1t4576R
created: 8/e/0612gslj5ok7kvhv5u4qlmt876bbpv8R
modified: 9/8/319t82hqi2f0n91rekaph6221msmvhqM
modified: b/e/stats
modified: 1/3/ed1veej14p3kvtnphgif7o78gqpl44gM
created: 3/a/1eivjd9ugehudakpeahu5v85r2nif34R
modified: 3/a/stats
modified: 5/1/6cnuchqcirdu80mp18qotn37iim50q6M
modified: 8/6/stats
modified: e/e/cc130v8vateoke6hb7p0ealml3lk3hiM
created: c/e/7el08cdo1n00vg24oekqug33bo8595qR
modified: f/8/11smkmlseulmu0rlqe3cplf19mg07b2M
created: 5/4/a3dg6jbq2kmrkcps02dcdeegp7bgmrkR
created: 6/d/3bml8hkmr8fm5u0rpb5rsjj4k7cps36R
modified: 6/e/15ifseh3091nchk2g7tgvqtijjolcjkM
created: 7/6/78qlbndrn04pdmhpoje1sm4mlvnkk0cR
modified: b/a/4e19h98es05o5utrmj4gkm86vnp0pdaM
created: f/4/10id2lm3kacikj1pf8cdbl6j9so99qqR
modified: 4/e/21bvcq8np2kou06m9e00tqfkpk5fqcqM
modified: 9/5/a14l7se0s8fudalsfvsf4li3rotpmfoM
created: a/a/12kuhojef4bhhrju7r2dcibaj3eu1g4R
modified: 3/d/c3gqn49qckugfe3esfc2ekgebv430lsM
modified: 5/5/72hdj8j3f7qhh7qvhjb2rvpch7hmc6kM
created: 6/e/833d407ndqv6627ei00e8eq6h1o22fkR
modified: f/0/stats
modified: f/8/stats
created: c/7/00vi0gdskcftj2pnhev9biul8qvq31mR
created: c/e/fanrlcrdc78pdqt4a6geo2n4bb1e7lgR
modified: f/2/bd089gvdmuic2qf58rcfede1180pe08M
created: 1/2/32u81c2g3bueu4rnli36e9fiugi271uR
created: 3/b/a7so4soupofmq5908go4le5ciupv704R
modified: 7/8/81bsl7d6vs3a765susdfvcjqvftuqrmM
created: 8/3/3d8t6cq63cj68scpl581stj34svbdqeM
created: 9/e/2evl2n2oiorijdjqou1sgr27997m500R
modified: 2/4/4458vmkkse838aq29jgu1t7cudrv7eoM
modified: 2/7/stats
modified: 8/3/4e6g9fsccc9kl5edv2llvufmlh7na3aM
modified: b/4/60l427slu9oegsudop7s5sfheums64gM
modified: c/5/7cfqdkfn6r2f32c9savqtn0i01v1e38M
modified: d/4/stats
modified: e/5/stats
modified: 0/4/stats
created: 0/c/6aqdu6t7top6a3bjjl5n5ebfsj86v8iR
modified: 1/6/stats
modified: 5/5/80dgvbdsbpuij2g0tn2akcgj57orcv6M
created: 9/d/364ii3pdtntj0mo0cko1hk9d913smnqR
created: 3/5/57k5viele576ea8fejnd7429rdnlqicR
modified: 5/0/76apk454i49iipbc4nvchqtlud54osiR
modified: 7/f/stats
modified: a/1/a3n7289l4e2pupg99qmqtpk4usookt4M
created: c/a/6fbm7hthf3s7okgg97o3bn3ofri6m2aR
modified: c/b/874i5urrifjd9lv97putrloili1pqjkM
created: 6/2/c61rmmnlapkujks0unov99um2eet208R
created: a/0/7fv7m3qirpfl39keqff0ih77f27ghecR
modified: c/1/ee01fv42nmgvahuebnl6lu4c9vr2er8M
created: 1/a/eacfhe5dfebn6r3j56q0q3o36mu2mfcR
modified: 2/f/81gfp8svijdm4j66l54jl0d4rcdigngM
modified: 5/4/18u4uap6nmcl6ct6ipkng41rbfg26l2M
modified: a/1/fach9vu4f0ohno6ep1mip6s3a6ncf2qM
modified: 8/2/7c9lhkcpoo5shvrm0sjqcro8gpkq89iM
modified: b/f/stats
modified: f/4/stats
modified: c/3/549celcjkqnuo02g24huk5ge4utqef2R
modified: c/a/a5oe0u1vr71fqn0qgdp4omtocnevojsM
modified: 4/4/3750b00e497jad7f8qm4p9p9nnb77sgM
modified: 6/6/stats
modified: 9/a/03p6oh2a69trc38sf261l1h7hc33rvaM
modified: c/2/9fdnic7mns48uuqjd8uascj832vlqnaM
modified: 2/3/2ed0vvhn27op9cmomabdoidbgmo2caoR
modified: f/3/stats
created: e/8/53kna99m5tvauqfo9elttr3lsap36n6R
created: 1/2/d3esprhpd2juhqjd1uedntpfp8dpcngR
modified: 7/7/7bprlll7q8skq2e5li3ia3f9ankfsrkM
modified: d/5/50qald4iku716rb5u6eqacb78205h6eM
created: d/a/97bfcj1pibc0mcludvkh2qv3d9j43raM
created: e/f/beob9uusol7n5a2hobctrqnfmpsuo1aR
modified: 4/8/1aaej92kgv4qtdtb7fgr3qflott9us4M
created: 8/0/ae8vlga0k0vpohnrqlsmobmqjis1p04R
modified: 9/4/cf6khtebj7i0p410orrie34i37icr76M
modified: d/d/stats
modified: 2/4/stats
modified: d/9/781qh2gujordlph84uvb7e2oth9286uR
created: 0/2/13o63qdf7ctgrpud83fntg5ki674ipcR
modified: 4/7/dd1udlsctceu81gnnembqvragshmtukM
created: 6/2/482geji7ioi80lt3hd1fmraj7i9fk9oM
modified: 9/9/48vr1oitbpbv3sh86kib3n0ddqgdefiM
created: d/a/032rdsjf88cmm51u352ue6n056bmia8R
modified: 0/f/f7fq58vqead2gu5n0kf6giap5b3c2t2M
modified: 9/5/2430qun8voj62lq8psaefc3olc43dieM
modified: a/2/stats
modified: a/stats
modified: b/8/01d36l63kohnpo0qo9rs2tcu2ngac22R
modified: c/0/90b5igh2krli6qt8btb5pektp6uk7lqM
modified: 4/8/07takhjpbn11hm3ui3o2b0i94p9uciaM
modified: 7/1/6ful15a2vqaoriv3lemmnpa9kooif0cR
modified: 7/e/0er6e3comvki70h0u64hqmfeoobuij6M
modified: 8/7/bev81igc7acf72mgjmul1ij05p1c7akR
modified: 0/5/738mit925lk0v3vb6muuag9cd10a4mqR
modified: 5/8/b55q567453c3p8lfv64h0eihpiv39p0M
modified: d/stats
created: e/8/33piq779kjni132tl9j5j2satns4gbkR
created: f/f/5d0v0b36arq77km3skrk3lse4s1omvaM
created: 7/a/44h2mkd7ooddd9m0uei59qulf9nimgaR
modified: 7/d/0eqgjf0m7m38dk18lsscsa31uueruh4M
created: 8/c/4cj3iuu3jd73n2kdj5rlkoji1lpsvekR
modified: 2/3/eaq7me1gh9ni7je0ogkn9qr5j5bi1vkM
modified: 3/c/93fbfe8c71dv9oeonldkjgrg7q6ga18M
modified: 3/c/stats
modified: 6/b/07m2pj53mkhcfcvrc2hfpsoc32nuuaqR
created: 9/b/7fsnfbutbj4hano28v58l0nmr4g4kcsR
modified: c/5/246ej96b0bt9ghh3r10jlqbbdotvv88M
modified: c/6/stats
created: 7/4/fbshmatdurr9kove03kf61q90cafur6R
created: b/3/231gs9eue4uf8op7khnjh61heff5l1aR
modified: e/6/d638qlfl9navq4i4lpo7nqgjph9so16M
created: f/f/909j8metuvcbii3pgcsecgfu0of18eiR
modified: 1/4/stats
modified: 1/a/99lb7hiu66u7slmuubhdhu9jo1kvmjmM
modified: 7/5/36km2i3m58rccu9i6u9lbgqspo8v95gM
created: b/9/0798e7nt700mienvdqabt80cdjpdffeR
modified: 3/c/b468k8q95596m83d0sq71l8ssdge85aM
modified: 6/2/stats
modified: 9/0/0fe0urqq9311b78o4utp34fp459h1h2M
modified: e/5/8dvbevutom9bkh6qvi6kv25ko5v9v9uM
modified: a/3/10olhrp7847daf3pp1u2e4a3ll68issM
modified: d/6/9eholpbnnn0d96c83qeik7rh51s4ggkR
modified: 2/6/2ck6ckkbmov2jobuotfob39egvo9a1qM
modified: 2/e/91lor2kp5f2hjlm6umt1lmfb9ripjpaM
modified: 6/0/stats
modified: 7/1/b3mgbqsu5b3gl8ft1dm1f911gs71l6gR
modified: 1/1/5cqv5iladsihcvrrvvd0pop1ogaavhiM
modified: 8/a/stats
modified: e/4/31tjesjfrq81b88n8eir16umitt5608R
modified: 3/c/fbpt52p9t01bhlue0ma14c21nfkdnjeM
modified: 7/9/9em54dmm40522grsgf5lh9jg8js3i9cM
created: d/1/0dd4c5g566ukihh0jo1n8jduv48jluqR
modified: d/9/64fj1dgkca8fkq4i8svcqvrra423cpmM
modified: d/9/81jsle7j9iadke4jjkc8bbe2cgae5s2M
modified: 9/2/stats
created: e/5/077824me2uevvk4tphcesimfaed141qR
modified: 2/5/e76boc4evmdole5924rd6shabgjli0iM
created: 2/c/79dtftjpe72c4tqi2vdf02jbtmiff28R
modified: 5/b/dfpo4o267u92shojq3b38kpdih1ku36M
modified: 8/1/ff75scvvimcg26pia7eiodtu39nhpakR
modified: f/8/b7sq9l1odes6ll00rasjo865l0iqvbeM
created: 4/3/bba89a0q84l2sf3jand62quckaov3kuR
modified: 5/b/88h346mvbk8j55tqd65pdpi2rrdnic8R
created: 6/f/e606vsl9lj948h6o1gar31cctmsio0kR
modified: b/b/bfmtsgnndnasg09g4i0d2rohrbq79s2M
created: d/5/afjl9f9gpkr4qgbmmi5ue1o7nsvrmouR
modified: d/0/9f7bevmddt7n5mp4hjep5m8uml7r89aM
created: 0/3/ce9vvlq5lhmtam2is5pfgkjq92etr5iR
modified: 1/4/70nhcjghdmjk8ln5vjshvk8bhk3l3o2M
created: 8/0/e21bpfhbol8i4ekoi0988pfv2javtvmR
created: b/a/22277dfeut6an3dtciv2c2g1t1ficjoM
modified: a/f/stats
modified: b/a/2e1hlq590s4ut7d41o2j8n6hr16lne0R
created: b/d/9cra4eo67fvhoppn5qruu8at6drb1uiM
created: 0/7/f7ikppibn6dfube334am5rf9kd998t0R
created: 1/6/57cdh8v2llolks5umm898a0rbkmkemeR
modified: 1/7/e6uq2iji66f2uk4m1tpviqpb953hd92M
modified: 3/5/f4vqu2738ajn2fvb3qp6i79otlqiasuM
modified: 2/e/stats
modified: 4/0/04vhfnjg9ptmb9d6kjsblee91tm08ugM
modified: 4/e/stats
modified: 5/5/46lj241s6pp0io263g4o7ds66edbfg2R
modified: 7/4/56brccdp58p0n71jki52nd9qr6g5blqM
created: f/b/5fok2klvra1el59bgs66uocjsu18n2kR
modified: 7/3/stats
created: 0/2/49am6sv38sm70tkttjga6av9uh0mut2R
modified: d/a/bbcr3gmmg69tkhrh04kflkvomosq71aM
created: f/a/f4gp7utc4h77bqtks5b8hp0h320fr28R
modified: b/1/73ugcbrdsj11k8sg9l3qlo44cnqnivqM
created: 0/c/411t5e1id993nq4marn9sr5sajdtvgkR
modified: 5/e/stats
created: 7/1/fas8islhksiejucqdojnfr65btd9718R
modified: 7/6/stats
modified: 0/6/68nuf0jh9cem4o2496ge1nciuveaoosM
created: 1/1/d2b6qm7hplggit8f5c6avhr01i89k7sR
modified: 3/4/99v6hl0h98dgeh8lo3pqslemvj3ds2mM
created: 3/8/2drnf6v9ftnrrr5ppjpuh4tcmddu9nuR
created: 5/0/2c8ln8chl20c4s6vk789dpitbq2funsR
created: c/5/bal0tmbisn1k1svjsq7lbqn6nm8kmieR
modified: 8/9/stats
modified: b/0/15qvbd5rimtao4gkdqks7ae4i0kc7mqM
created: 1/4/afq4fmq47oug50kaji2k3gvlu4tmmgkR
modified: 2/5/83n8c74l5vt2jrvql2b07r18146oan8M
created: 2/6/12ppoipborsuothubbibtd9b713lg6gR
modified: 5/4/1ehjo6b13drdeidtiqr2t0aq3cdt4osM
modified: 6/c/stats
created: e/8/1fp2l1tmr4q6lu3q0knijeaedvraqtcR
created: f/8/d8e7a4417ek2h7bc5f3ragkvc0v9dmgR
modified: 0/9/stats
modified: 1/4/5acvremhjjqo9bslouksrpk3524dqraM
modified: 8/c/e57b5vp4m7r6n6oceuecj2jmthl377eM
modified: d/4/ef63e9un5e76u1a59jl353ieocsedseR
created: 0/8/e2d842oni97g2l3uf5j30lu1p5t5lecR
created: 2/d/40raqhs4oflkhpcdvkcf1nolf5to9r4R
created: 2/d/cbhpafthm56la2oc3jufao7skihqaveM
modified: 8/1/554ck8veunhgkle37vs6gj90esj2sf2R
modified: e/b/569elfg881v6ocva77ahi48codt4r0uM
created: c/f/a2ei5bqcmc10vsgbfc3t3uhbghhdc84R
created: f/6/4b79gl5i99g2vrdph6ibhqlb8s5e2ssM
modified: 0/c/c5lj451bo11k4pbvbam4rsdqsj4i10mR
created: 3/f/3bdprbljc027ce4fdjrkn6palb2lndcR
modified: 4/4/stats
created: 5/f/1fkiqblqvofmtg6bg8k5b3hhi307uv8R
created: c/6/fel5v067531m4vagecthcadniatdh0gM
modified: b/c/8bh2n9if00iaeqnsd9s1deev6ri2rcsM
modified: d/a/stats
modified: 0/2/623l62jcm6t1fuqv608h807vu619fo6R
modified: 1/4/232d9knrp237b0c28geuc26e9vem0tmM
created: 5/d/39iqkt4dqhu0oq48d7p8i6kl9kc886oR
modified: 8/3/02ei6q8puo1oovgtgunh9idncdei8caM
modified: 8/3/stats
created: 1/f/03v0a2uftdfim72t81rtggfkqh42ekcR
modified: 3/1/57uhm9ea357fel8k44nqhcoijbige96M
created: 8/8/ce1hdl172ff9t6p443vi131rqj6jlv8R
modified: e/f/stats
modified: a/7/stats
modified: b/7/c6jn717q063dcgp1676c3jni6g9ttf6M
created: d/4/f1imh7fkpgfdtorrgek4ina3ad493fmR
modified: 0/b/73ssg0kc6vupa1k7c7uccmufr22mtjoR
modified: 1/5/2794i55icg6u55cb8uk0187v38thagqM
modified: 1/e/082vj164ga1rlq9i4sq28fs2q0fg9qeM
created: 3/3/8fu1kkfk9rvmesjsu5vjgvupc7fcqjoR
modified: 6/0/95dg5cp4bnfng4gi77d0vujq1j1f2nmR
created: f/2/a1rfide5dqco6dtd4asuvuo87bhf9baR
created: f/c/99mno41n81jr6ik2bh01fghjpv05p70R
modified: 2/b/4e66vt28u7hb772i07stu9sqqbcjjq2M
modified: 5/8/94evfal47urhoq59m51apcccq9acju6M
created: 8/8/42tclf0ri262i48eofud5hbqg5r4i4kR
created: 8/8/8dpndg0i6tnse5a7fcd173p8nk4vermR
modified: 0/c/42nqubdnqucoda5t7l1rk2emoh0ier8M
modified: 2/9/ff9av98mpkvg7usf1pfk3blgd6jucj0M
modified: d/c/cbkrkjevp7itdo9uf02dh1nrppis96oR
modified: e/2/39dq890sirgfr1travhlkpj7ukusoiaR
created: e/c/2ej2euo494a9siv4uia7dn1us4hrq6mR
modified: 7/1/2bbpe2ijhhov9jbtblsnlgheh3nond6M
modified: 8/2/stats
modified: 9/5/stats
created: b/f/7dfgh880f6417i4vbh7er2rq0nesg44M
modified: f/4/a6tnok822l4c29h3dlqvqsj6lnr355gM
created: f/4/c0bkttljf8b29dmlp5hmkjpv7ckgdomR
created: 0/b/30hjdh7154joprmil51n7hpa6588q0mR
modified: 4/b/95da3aajrr564j6agc13j0ejrm17fpuM
created: 5/9/d8d3belvunvl2mk1vh0ad47kbm4l04oR
modified: 8/7/stats
modified: 8/d/stats
modified: 0/0/48otvhkn3ockeinbp2r9fum2v6sugisM
created: 2/1/3a5aqhcjijc5b80n257utni9dcdtl90R
modified: 3/3/9f3n8kggrfh3b3a7r7sg4jegikbvri0M
created: 4/1/5dp7fdormro1kqjq9megp2fg458bdtgM
modified: 5/3/46bmsbnlqhm74ld84kt2ckdp54tg6s4R
modified: 9/1/stats
modified: b/c/e9bgs1f63hcl2gc0d5n87mplm2imqsoM
modified: e/9/stats
modified: 5/4/3cn59cv4qlrrcrlblhp0upuondpk116R
modified: c/9/79l39ihh03l63benj2umt15f2atrb2qM
created: c/d/41ri9lncqnmhlo21em8vnvf29l7ejheR
created: d/6/6dmevodlmgbnks5hfpt1rn8o1mf6ugkR
modified: 6/6/e1ob3c43tng0e26q9pm49qt0ppf4418R
modified: 9/7/b3ecuj7d8mpdei2v4ubfbfuoee6agumM
modified: c/b/e0qh6939bn5a0d0n57nkqkiddjsm0k0M
modified: d/1/08rtnodf8v9s0dmuek968l3mbat1jk4M
modified: b/b/stats
modified: c/0/stats
created: 1/a/77uqpe04cj38g795uqgfp4v6d9mrpv0R
modified: 3/e/6b057fernebtvfjfpifvcodqj33hhbiM
created: a/6/4a743auii3uqf6917u0e3nvr20vch02R
modified: c/b/de6nj4bnfslet9naaig81lpnj7i208aM
created: b/5/55jrkmfb31pcrm7a0lnp2qhalokin5aR
modified: b/5/stats
modified: d/1/48r5jdatuiijuv6crts0cj7s7ot7sbiR
modified: 0/5/a60tuduo7dg4uijsf1tlihvta09upjiM
created: 1/e/afeomc6775goa3d8jv8fkbn1u25m29kR
created: 5/5/5dmq5luvo6ko05qj9kiacvr839fahmkM
modified: 6/c/ffauphsgokeg70k715dd168q4nfqqp0M
modified: 9/b/c3uvlcsncdgab6rvn4n8g4ss9h1ar2qR
modified: 3/b/e5agdoom0fhcjon2oe45alqqu1lqqp8M
modified: 7/6/22lgr1g6r4iq48s0dnbhormbeadehgaM
modified: 7/b/3bpkndb32q5tf9v7nfj2lv27vka09caM
created: b/7/f6mcpacqjissgi6pb3843o3s7ahkrlgM
modified: 8/0/bdhlutahfe6fts423jujc1osefsdvl4R
modified: c/9/stats
modified: 0/4/b8petnn3q0norg3itus47e3mfo479vgM
modified: 1/0/23tokgjbjj49gtsskhc0aab7d1bldrsM
modified: 2/d/stats
modified: 3/7/cf2g7t1djr9t2uq893lp5faa1epur2mR
modified: 4/3/166lp5mej7nua80o43p9u54jil6p588M
modified: d/e/00flrdb4028p89fmg5jl14ppk297bk0M
modified: e/b/eacjo5b64igugnjqhi9tl9amuia8hiuM
modified: 0/7/stats
modified: 1/1/stats
created: 2/0/4e8rl3ja9br2lc9ccn1qqfa94nuehkoM
modified: d/6/stats
created: e/8/c9upsga7o21hen1a49h6a0fcjbguq56R
modified: 0/a/2ede7302cb8omdkciic79e452dvcfq4M
modified: 4/stats
created: 5/c/5dpkv3nn8q5b6jb3ccj778du7kag78qR
modified: b/7/stats
modified: 8/8/e9pvioqefquti11l58ovo88i2ojvq58M
created: a/1/edq07viqk0dnod9eg1qcqmhusjes70oR
modified: a/8/1euedhkfd99t9qrbgkh1eirsa7q3snqM
created: 1/6/41po25u511ap0ek52r2gq2gp6gp8f0kR
created: 2/4/c4v9c2b6nb5fujmtt3ua7aa7jog4mlqR
modified: 5/a/stats
modified: a/9/0d5mp81k5qs3asv4iaorh4g170o2mhcM
modified: c/2/stats
modified: c/a/691ntn7ciemt5bqnrjongmun4kuepceM
modified: c/b/deiqcm94l2m8g2coael1lv2rq3s5mvmM
modified: d/f/72qqumn6jeeag3qtmuon49jr420hoseM
modified: 5/3/stats
modified: 0/8/c6bl3l5to1fjp9varf47epakp052bnkM
modified: 3/4/stats
modified: a/0/stats
modified: b/6/stats
created: c/b/69vsq3g67ev7m571lh5e76gv7rcfjjeM
modified: 2/b/dejf1cuhc5djnero3bn00is5plqrno0R
modified: 4/8/92817hbchcp4ajncobertujra0eieqsR
modified: 8/0/stats
modified: a/a/stats
modified: b/9/f4opk94kbjvqfgjd5ssqotlvdruoneuM
created: b/c/34depa5l10hs0alfcjtkefnd32dulh4R
modified: 1/6/71bgfu30qhsm3atviit2ili4csi3evuM
modified: 4/6/6bjvj5905g8d1trp8kjrm9r71he8krcM
modified: 7/9/stats
created: 7/a/f74k18b6pdarg5lpadgt9391bildcf0R
modified: 9/8/stats
created: e/0/490krmelpo8vpmblqktpe281dp86uheR
modified: f/e/stats
modified: 7/8/stats
modified: a/1/stats
created: 2/8/5akqf1gqvug43vn75dspobuaq0l0pt2R
modified: 7/0/6discgsvhebsob4eg3hku7oprr1ukcaM
modified: 7/0/8bngrpndm5iepegjm8csbja4dg21cfqR
modified: f/3/d3f7aojvb4462faih1iop5evqucdpp4M
created: f/c/a70u6lb42lshsv6kltbq21uijur65nsR
modified: d/8/cffp5irjuji14tcsa9gr0tj8g4pvreoM
modified: f/5/a41vlrq6b0duteirmmr8jekirquqovmM
modified: 0/e/0es2mkvo6151kfdnuvb2tfkc8rfncq2M
modified: 3/7/d56l7tsv9sjd50hvjkvbb07vjbfs5boR
created: 5/c/e95gq90335iqm510ars5cc7bkv4p4iiR
modified: a/9/4cphovkbjnl917p18j8mkhkjnqf6cc8M
created: e/2/ccc8s5tf8e3ho094vkj5uo1krm7lc3qR
created: d/4/ea8l4d61lu1q221fmm1bv2smo2lp14iR
created: d/5/06thg440vgrjiga9agidfagfutstsjqR
created: 0/b/fbg9vh93amrsdh28ej1kajqqg6b10u6R
modified: 1/6/104duhmj8jkib1tvjou9hh8d906ge62M
modified: 9/3/54cjvjc3643tf4ie829hftp86rag036M
modified: b/3/stats
modified: 2/0/stats
modified: a/5/c93bs2tqpjrdt4ma0qhbm9svf2r84nqR
created: e/4/873gin4jvhhqoa669grbpb1jdt068nuR
modified: a/e/cad5tlqrg227nboteoucnjhmdnh5692M
modified: e/c/stats
modified: f/a/stats
modified: 3/0/66m49intsg7j3mdn789ihtm3855selmR
created: 4/8/2a22q9vtp3ruolss0m0d78ordt08pb2R
created: 6/c/5abaf8b0fp4hin0sju6ki51a1tsiuq0R
modified: 7/a/stats
modified: 8/2/b63so5sgafj8d1u0hnfdbtg3cvvol7qM
modified: 6/9/d4s7sfn666aeur04kbgbirbf4ib0u2eR
modified: 7/9/d27vtc1olaspgihde02spl2s24np87cR
modified: 9/2/85e1q2cl7k6v0diu00dbs89s18fejpaM
modified: a/c/da03c2oikrcngfhrgprbi0qq6np2ss0M
created: d/a/6e1dngi536bq8b0jlr05td3k1to8oqoM
modified: e/2/10f0cffkalcho3io0ievbrps0q14j6iM
modified: 1/a/stats
modified: 6/b/stats
modified: 7/0/7cv8e9e3ldj8uudsflgj2tkum18rlkiM
modified: b/4/0fvcfvaftafr09hfk2r9o5na760k2mmM
created: b/c/0d0hnjqc6r4mgpq6k5srq1oht9ao2moR
modified: 6/9/36uhc1dnrjgh7068crbi9itvqv86iiiM
modified: 9/9/stats
modified: 0/6/9asrpos13j2o2mapbntec9aovd1ve24M
modified: 1/1/16ms3c27ok183ll0srmihkffrmkbq98M
modified: 1/5/a57p1jmsjrh1871chqji204oi4le0vaM
modified: 5/4/a686i11cg05031ud1gb12m8tk5jmareR
modified: 5/5/39jdmjpsia3k1o5a09aahltc4cooc0eM
modified: 9/a/3bm354g4of0s4ogsdlsn25b2b27oq3gM
created: c/6/600krku9rupf63ricu361p52025j8v2R
modified: d/b/ddek5j4f5qgt007jvntl74u8bg6l0nqM
created: f/5/30umlsuvlvaikre6nq996p44m2fs8ucM
created: 1/a/54ej7p5u10qqt5itc6dmqnb66mn22bmR
created: 2/9/5dfaql8i8v98v95lhtc9kskoibbn2dqR
modified: 5/7/9297gid9tqvnq56tvpb9nea3nmel6veM
created: 8/a/eb2q097lrhns8hionfp4b3coqe7fa8qR
modified: b/4/stats
modified: d/5/9bkfl1lnv6ognecl4vsg52gdjm8m222M
modified: e/b/22aifurulca3fcn63q9b05abj8p06p0R
modified: 4/7/654krfeta974jd82et4si2q94i6cjsgM
modified: 7/0/cem34vp7sv8f8scbqlt6q63tm1qig12M
modified: 9/1/c2nk2le10aa0hu2l0ib43vhap21q3jsM
modified: c/f/stats
modified: 5/b/stats
modified: 7/0/stats
created: 1/0/d2m88qtdclfvejtg9qhlv8hcrmum0g4R
modified: 1/b/e02vorrvibdghd2jc56j5kvrc8udvdcM
modified: 2/5/stats
modified: 7/a/c1r3r6rrnc0rsprflmrugki9jaend30M
modified: 9/stats
modified: a/c/stats
created: b/0/d3tg1coiseom00s7tpcn678lt3rbcsqR
modified: 9/3/79uhtt0lb5cr4oslvnju0im4oc9l39gM
created: b/3/0aq1g89mhqs0jau0voi7fao2bj7ckoqR
modified: d/a/2cq7h7htcc5aiuj47062qae3im1m4mmM
modified: 0/8/cdj23pegjtt6sqeqt2adb69vcadm1e6M
created: 3/c/80770t3k2t1h6465405mst651l3fv4cR
created: 6/7/3cnc6d96uk8eepu3fs5mqtbvf67qmakR
modified: 7/0/29l11gjv3hooa6fva2l8s6ngqq71scaM
created: 8/a/40ih0k0vsd9ohkn294p34fpfh39036mR
modified: 5/8/stats
created: 8/3/dauejmlnakuucbhsg51b9jqbb2t5mkgM
created: 1/0/3djsoamoivi6i5jv7dkgrg32ckal9gmR
created: 1/6/6euvl2oaq859rbv8csmdejtvna7flsgM
modified: 2/8/stats
modified: 4/e/d5sm1nek2q3nhc8dl0pf8l5g5b6e6keM
modified: 5/4/1022lltseo7nbdndn75vad89gq69lnsR
created: d/9/796tc45s95l29sdfodg097nvl30gqk2M
created: 6/8/c6daplh3kobasrhfjbbsue570http36M
modified: 7/4/831ue0d6q2talqptom9td78b2h11ulmM
modified: 8/1/stats
modified: 1/3/013goq9thod68p4cp487hjct7kc75ssM
modified: 1/5/1eo8f35b12919fh3pabvpq4ck09fmdsR
created: 4/d/62qn7h6a6bpibeaa7upucmeta26ap8iR
modified: 6/3/8808bf6eesvnbb5274qug5uosfbstv6M
modified: a/b/stats
created: f/2/c4fthdm2622kc7mtimt0imgkjenubtcR
modified: 8/9/9fiqerilck5top4nqdh90e0dnp988fqM
created: 5/f/93rmhb67qiqnse30n5n69sansb08mc6R
created: 6/c/dd89910dftjqhne8viq146fnk308ksqR
modified: 8/f/stats
modified: 1/0/4ff0ge9omkc6do0sl5mpsshs1ih9lleM
modified: 1/7/stats
modified: 3/6/stats
modified: 4/0/71cj5pn45oqehlv58vbf9gs1f8milreR
created: 5/1/a8pdpbdljkfbp1hf0ino39ocr2q9n90R
modified: c/4/fajep0sm9r82ums6uvkkpanh2m90g4cM
modified: c/8/stats
modified: a/4/105t9676v11sa2hc7os0j67bnjurimcM
modified: a/9/f7pfk8klubunv29qjk9vc3oqp6dns18M
modified: b/a/f0ilg20i4agmjt0hmh52ta94128vogaM
modified: c/2/79b3753lvitisgr74j5vi0acprlcor0R
modified: c/4/bcl85t88ud5c93j93f9hfs5hn0l974sM
modified: c/4/stats
modified: 1/1/678m3btbjh0nh39q96qnen5m5s2trkmM
modified: 1/5/a9ovpj0knh687970n8jjtin2s5hvutoR
created: 3/5/f4tp000vedvgmosoo1eumt5vcc92ngaM
created: 5/3/f0ic8sbd08tk87p94nve0hgc09mrlauR
modified: a/0/fad5d6800svr1o2u4co0sphuhd69acuM
created: 0/7/8e9i9e9abcp9b85rgcqv8l2rdj84bnmR
created: 3/4/49ovdbd55t5pqdbabf2bf2u4uajhcluR
modified: 4/3/stats
modified: 5/c/stats
modified: c/b/stats
modified: e/7/stats
created: 6/0/bboc9k5pqgsl73qjnjtqq6l26f08rkkR
modified: 6/6/8dvc5eslko7idj3prto7c5ufribui0iM
modified: 7/4/c9uinqkslnfqvjsk4b44r7kgl9ko60oR
modified: 9/8/a194q6s8ipj0u44lop1jfdm2g0t1pb4M
modified: a/9/c0ol8cu9ho9ku8sa307plplhm5c9f3kM
created: f/e/7f8fbleqs08bjt4j4iaug48m6ot0e9uR
modified: 8/3/fb8pnqes5nj89sbc96i2djlhesj2icqM
created: 8/4/3387rd23mk31t2dndmp2on4vfp8rv7iM
modified: c/7/stats
created: d/1/36eps3ubpr8uom63jimkn0i66h4o8agR
created: 4/2/abhv8prsjsv5hur9sgdckspb2ekdu0uM
modified: 4/7/41h7tq3eut2ln0d24tipl7j8g2c2brmM
modified: 7/1/stats
modified: 8/c/stats
modified: 8/d/4a7reopbo2h32i7vg5h1fun6b05untuM
created: b/5/bdgseairuc23lkeb1tt5csj2njfpouiR
created: b/9/56trc26ui3qm1ni3icfn2qv614n50psR
modified: c/f/9b2do4pefnehumff3kfhut8fnh0dqsuM
modified: f/4/31e00kifgvquhs34hg27iv5efh4t4b4M
created: f/d/40ncmano4jjrcaq9ofn6he5lfer73oqR
modified: 0/5/stats
modified: 4/2/1ccbr5ut4l890aaeek7ncv7rjceqmsoM
modified: d/a/4a1jms4c9e3d0kaprldnjrsec7ihtuoM
created: d/c/52qgcl3n3vq3vk8jnqtlibtm540afg8R
created: e/f/b6r2hbu98dbvcfpqfhoov9d378bogdsR
modified: f/4/79mfqmf64uqnul17sbhik5ig0drm8euM
modified: 4/5/6ckq6i01l5ip6c1akl4buof8getabd0M
modified: b/0/99p0n7f6nskllp0gje39maklk1vnt2gR
modified: c/5/stats
modified: e/1/429e1t9mndkogvhk8e05u41tapss5bgR
modified: 6/f/86fcq4lr3cpf9q17m1n29i50fqsmqo0M
modified: e/0/stats
modified: f/d/e3hsto35nagppr6ra7cj2926gf6658iM
modified: b/d/stats
created: e/1/455r16do1rrjrmn2gl6vpnbf83herpmR
modified: 2/7/50o6cggk9lek7b0pevs6fig2jpcs35mM
modified: 2/c/07acm4r5q2acl2okbrnoq64antp9pn2M
modified: 6/a/stats
modified: a/5/stats
modified: 7/c/stats
modified: 9/9/83ei1vr9bicmrvgkju9gghaetuu1pl6M
created: 0/c/73q7pv3oj3i8a9mc0p1sqig5si8jhc8R
modified: 1/8/44kp4s2ttipsfe8fd7b6huelr6uhfacR
modified: 1/8/bfve6qcvupsanas898v94cbu91oijv2R
modified: 5/7/ec8emi7ljdvcqam7c5d716o21gbvc3sM
modified: 0/1/2f219ho3264c72ijj6fn191oepposp4M
modified: 5/2/stats
modified: 7/4/stats
modified: a/5/e3mvv4ga5vcm9ctsf8j92vt66v18p9aR
modified: 2/f/cc8vlre10li88u58iti18n11f593pr6M
created: 5/9/310tr6tuubk9hr72948li43kddf1jfcR
created: 7/0/55jqr3avqgpc8kj8u6dag32euu6ovuqR
modified: 7/e/89ibm1opsdbhdfhhlpgci30tileb7noM
created: e/2/5d9c5jlmc2vs1krf0ijf1iualdkudraR
created: 4/9/f0833hqmns3id0b8vv0na5nqgvsuohaR
modified: 9/e/0f43t2u26h87bcc04ffo00p7si962peR
modified: c/c/9disvo330qvspijh9o7v4kq9bgprt22M
created: 7/a/03ibeiqans1e7ohb8c71pnr1t6t843oR
modified: 9/8/d8m460tpgspi6ti9fo1btrrsbv3chdsM
modified: 0/e/085eppue4lg7kcgphhf61nrbnidv020R
created: 7/2/337e1l4bekhnc3p8hfg9t1pr6tkoeloR
created: 7/7/df7npblbt8e6pkdjtnhn7h4a4g9b01cR
created: 8/8/4dvo0o0jit34lkbm42pllka4a953m3qR
modified: 1/b/8d7l3pshc0q5soie39dobe3ihe0t2pkM
created: 4/2/58ua9hf6d9p7ibvtb2esrlhspv2ap2uR
modified: 5/0/79hsfpiisq2ofk5r11fpq9b1fufvn7mR
modified: 7/9/a0je6mr9dkvjjiqnf4eidpnpplndbimM
created: 8/1/ffqfgdq1lsepk0hq07konffikm1gjusR
created: 9/2/79buo8cbsj3tothm0sn9mn7jbf990a6R
created: 9/c/39qecetpagi0ej6ftfknb8qao146e4sR
modified: 2/8/69mlebsm536sc1k1q10im49l3l4lp2mM
modified: 5/3/ccq2nmieqej17cam75vl908sn723u2gM
created: 5/6/99h5lrlpuhplcv6pj51odi75ogeb6n6R
modified: 7/5/a559aulh6ntv2uflgfksegmb7vaotl8M
modified: 7/b/54d69cbtvu22k20fgs361jf766c38ioM
modified: c/d/stats
modified: f/7/stats
modified: 5/0/0bq7ctetjqal9agfu4tit0qopo9dv1iM
modified: 6/3/b6u04jp0or4ngvkj8l69rmk8mh515v4M
modified: e/6/01l2q65a6i52ok8ong11r845ousa10cM
created: 0/c/bbb7011gbvc001hf7usp1k7o9gp7bfqR
modified: 5/8/bekmeid75sitbkkmemhuac9n0tk2otuM
created: 6/5/a72lusb8d3nenul4tvfjavrv9jf4g96R
created: a/6/61h25cqrdcio7kpjv7626l5l6lpbicsR
modified: 1/f/c662g13inqntnutat2e7mmlmutlj0scM
modified: 3/6/cc5lhkfhtdbabo7g77vj3pjiveo49hgM
created: 8/9/e93b4lhi91g568ncltgs3f00agf201uM
modified: 3/2/stats
modified: 4/4/e29tf35qk9odraet65592paskiukermM
modified: 4/b/861s4kdtbfr56s21sdau4o58rloo8reM
modified: 6/3/fdog3874d6kuhpba8t164uribh0k6a8R
created: b/9/98vqd89up6209koa7m2o102r1hhoks0R
modified: 0/3/09mvds48c2dq2q1bkiiaama7qaadjnmM
modified: 6/4/a348pl3193g00b5ij789b5ndg3feuj0R
modified: 9/2/37kdpj4kj2d8jp92157qm2v1l0ve7h6M
created: f/d/92rb2p96s7q8g3es9tsof1gidi2qrboR
modified: b/1/8bhhsopc6rlm6hhr69sfd5mk0m1k0h4R
modified: d/a/01q34s93vb0uoa0b08di505jbo81uc8M
created: e/c/813knsktb7ef00egn4j3guc6lqkb4luR
modified: 0/4/0cpk0ko1lmk58fgdbmm2h3otkspq33cM
modified: 0/b/stats
modified: 2/c/04a3tobd8di1qk8c14fsbral88q3negM
modified: 4/6/7erpr8tb5g45h3s5r6bgq68n2e63uhsM
created: 5/d/c2d436ktfjs2uhgd4o2nmjes5dms6qeR
created: f/8/e21vrllobgdfd142009tg2qg70vmdusR
created: f/c/85fnak6u642lcl3cgp7l8cpd2i44giaR
modified: 6/9/6d70989c2tr0cb0t2hdkeod3aj1btkqM
modified: 7/b/72e016j46mnfu0l732dro5ho3hg9lioR
modified: a/e/adg5tecfc3atifqi2mqbrbgpm9o5ep8M
modified: 2/2/a0h1opqie0c4qp8f62o2iabp7jvnl2kM
modified: 4/e/d3ouf55fvet8m4ukavmq5jk3fipkuroM
created: 5/1/78rge4ite4sabemna1gpkhdh7a7f9caR
modified: 5/3/b5dl40de0oid4hflqi1g3m5qkhn21vkR
modified: b/4/93ercdbu5ka67i5n65afksus62sk5baM
modified: c/1/stats
created: d/8/eccv12ilito0jr0sabnlb0q7vf6sfiqR
modified: b/2/9emdntj582erps5g7sokdq4pvbo9cuaM
modified: f/f/stats
created: 0/3/90clbda3hsout53jml9i20mj7g4dbsqR
modified: 0/3/stats
created: 2/6/0chpu4snffqrpgs699s5j3gbmgp5kqaR
modified: 3/2/2bb8pe08t3gafinect1giocl7hhbksqR
modified: 7/stats
created: 8/0/1a9dkiauhvfn2ou8vsit7skldrthtr2R
modified: 9/6/stats
created: a/3/a1noqshbe4tc0aoi3c81hnuh5fk7l5kM
modified: 5/1/6dsnfj6c807fum8u7e4542idukjrtnaR
modified: e/d/2dr7efhaoujhoi328gk4p6lkm77iefoM
modified: 7/f/d96lt1gtfsf6hgmmrv1n5508npcbt38M
modified: d/3/cc3cua1bktd4abd71un9vqv887de4qgM
created: e/a/181crt2dgeof926sd5fa3l98pcf7e1sR
modified: 1/9/stats
modified: 3/d/stats
modified: 6/9/stats
modified: 7/2/f9r6smoogadma0lg2hulcribpfjhjquM
modified: 7/5/stats
modified: f/0/221fth27rrv633pa3rghnomi7objmk6M
modified: f/f/2e6lehkng0718lvfgqutu5gt1o1bb4cM
modified: 5/4/4bkt4m15771fe759ui1sa88k3eg98osM
created: a/c/b0sj3mcgd0imf8g7atift034kf3qenqR
created: a/e/c7urj44juqa96vloo0b71p2tthanirkM
created: c/5/20lm5nsaa725nq15apvddqgkdi19jk4R
modified: e/b/f1m40ng21mpuf38dgtnondbo1uk068eM
created: 4/6/f0gci8vnjb3jl5vgh2a8ib0s1cmddsqR
modified: a/4/stats
created: a/5/ee1ts84tfuhdqmsaaqk6u5e9e1cq5guR
modified: c/8/1852407judlv2iicdehlvhp8l733u06M
created: 9/8/d9gn9flrbu5johi8qgkb1fervtkgm18R
modified: b/stats
created: e/c/7atvu3regdnueafg92ce68ivhos0hdeR
modified: 2/2/stats
modified: 3/5/1cnlfnlh5lljqro4hajbeab67k3va32M
modified: 6/1/stats
modified: 7/a/88mkrpaev4oakeegt7evn453sgbg826M
modified: 8/f/14h7m7kh2g1n36b1i8am9mgnkpla8l8M
modified: c/5/50a10qmm0punct8c8c0vbr561qbhlqkM
modified: f/9/07c5q5fui8dnjl0ja55mg6dcfcb5enmM
modified: 1/a/59ipj7re1e8tcjlsqujhtnsoqlub04qM
modified: 3/6/94ro6l3t64ddho8lk3nk5n4ssim9d6aM
created: 6/0/046eknjtdn85cj1vqipd2sjq9p5t090R
created: f/2/2bv6bfh3sb5fmv8v8vbpa8h0k789cvsR
created: 0/3/8cu35mg4073vrvmtn2o2omi4hl4tpi8R
modified: 0/b/f0ksg7nm4nlkaua9nruf36eoga26q8sM
created: d/b/0dmf6tf3llbp57suo90eahoqficqg5sR
modified: 0/a/stats
modified: 3/8/a3ds0226toodq38km0cstofesgia0bcM
modified: 9/4/230bpql5ptdtj4ao0h6t5eoko461dt0M
created: 0/d/aa776hersm0q57oga7tqq4n52ch364qR
created: 2/1/8depau7r535kvgkdqt56a0tfn1v66f2M
modified: 3/d/4a46ro2hbuorjqireq5ori7tc4iljdaM
created: 6/7/8646hv7054ndf5fu0oa15iv39lc2ue6R
modified: 7/7/07qvqrr3pd8mf8rde24fp5dom7c6d5sR
modified: b/4/f9qgn3gm8vrm0r0639tsbnhd8bqs7vkM
created: b/c/89trhhdti04sk39qc5vbaih0jido1nqM
modified: f/2/5fod27c1efmm7l4356l708p033ui8b8M
created: 1/5/4bmeanhmm6boq19320goprvi2of92ruR
modified: 5/8/cetc1glc3d752aem0h76bel6f2h43jqM
modified: 6/d/stats
created: 9/2/dc1c5a1eqvdn5nbmf2u1db2qli4gs02R
modified: f/c/stats
modified: 8/1/b11g0s0m2q8nvls9aje7eqmt4ebltg6M
modified: 4/5/stats
created: 6/9/985p66vui0ejvipe44vediu4po06fhuR
created: 6/a/bah2c2st1rjuksqicqmg8coedeb6rm0R
modified: 9/a/stats
modified: a/f/5ffcp9lt9rqk0fo1buqs629di5rmfmeM
modified: b/a/stats
created: f/0/a0qgrc3th1vfrn4t16468vu7glc9b0iR
created: d/6/7en3h191v1sk6eluah20r064ier7cnuM
modified: 0/b/7egn3fb1lt7isha9db7hlhs7phoi53mR
modified: 4/7/fdg7qo7sm4op14h9rdisihq4u5uiqhuM
created: 4/d/0bk5ja7cica8b34amppgskj46vud4jcR
created: 5/b/e4coafk7ee28npf66bc1sp0k42o92ngR
created: c/2/a64apqap1e426om2mg8i7ibuvq7d2cmR
modified: 1/a/62dfontmtvijhisja8ddft7bqbtkn22M
modified: 5/f/stats
modified: 7/b/stats
created: a/1/02l5um45qbjoji43u520jppuitrt07sR
modified: 0/2/71kbjtt7icrj1a6s3ans3f182gfk0riR
created: 0/d/53k7sf90ih0t1pe5fegsb0jd454klr2R
modified: 3/7/576cqb2c9ktvfdu6l6sm2i2svq562vmM
modified: 9/d/8ec39a12ca4obgvbq7stib94r6ivpq8M
modified: 2/4/d3gcfmbk7spfubja21kkdpts90j043qM
modified: 9/b/5ch7n6vufds0jfcghrshi1ibtcfmj1eM
modified: a/c/7dhc1q4d6pimoi417fkeiflqtepemg2M
modified: 7/7/stats
created: f/1/3ck9r1or9n7iv85fg7jsmu5jrlv5gjsM
modified: 6/0/a42rh8ra0gtqir24kbb66o8epha2pviM
created: a/9/c4e8a6bdhskr69aaqle5vjte8l1gq1eR
created: b/f/43vlm1qjgigk6ajnaipohle5tg475soR
created: 6/2/88jhi3c4m3n0chlibe7mpjdc4f6djccR
modified: 8/5/22he45chvvbakcrlmlp3fcvegjunfi2R
modified: 0/f/stats
created: 3/1/c4l5pucmqe7h9q3ticmv2akgp3j328aR
modified: 4/f/cf50r5he8cknkq4lnutg3301rddracmM
created: b/3/773csfu9tqga01uo43hnuvc3smdls58R
modified: e/0/65g2ddn4hjf1n0b7vu1efl9chfg4npsM
modified: b/4/abg2sb388flp5ut231j4ugkv3pkiafsM
modified: b/5/272hfv9s57nne63fb9pc6756clou93kM
modified: c/1/7e8oc9vp2ekuc5fpojsco7l8pvfv8agR
modified: 5/2/b5atvp7jhb3eagbjhs6cvln3t9u9ua4M
modified: 6/1/ddg70sbea2idoj3ll9lilhjaq5etbquR
created: 8/4/852ktd5b6s2kbuen4b4isvhas0b6hmkR
created: 8/4/9e9dogkl27hud1mijdlgo5rg9s1nglcR
modified: 9/c/0266mish2vt99kr3s0ka6mq6ebkt576R
modified: d/1/stats
created: d/d/ea39ih26ivd011kih9unp9rvpm832q8R
modified: e/5/533n5isaqdd23apqkfiodku5577ijfqM
modified: 5/b/59seahs3m9lf9fkvmoojstl44ejksf6R
created: 8/0/2c4ujkuivqbibdlbnlcgffcfju469q6M
created: c/8/3b4or42l683p5d3b4r684tu5jvepa6cR
created: 7/a/dbsu2qai9rqat0q7m3jpuct9upond42R
created: d/f/e3gfhui3hg1qj2ltkme1p7g61sgdnh4M
created: 0/2/d07t45p7ti1espt4gmq48l08hacl3smR
modified: 3/8/stats
created: b/3/9b1t93vi5lv2ii7m2iuocg1qqekl1p8R
modified: b/8/9bpm9ibjqg5f6n9lsdkie87kq9tvsioM
modified: f/d/c5o8pnl5c9ocn3ifnndl4ds4clicm3oM
modified: 2/a/stats
modified: 6/5/stats
modified: f/e/68f67nj976gl9k97ldrdld85j1u808gR
modified: 3/f/stats
modified: 7/a/94locpecqb8vcidq5n1vhacrfkfvlvuM
modified: 8/e/6bvct0va37eu27ppr08sgbk5d8oru8mM
modified: f/6/421vcn131lt18qq0htqmn4bti3inslaM
modified: e/b/stats
modified: 9/2/0fom5ko5q3nkuq5ta7dpi1p9uivgsuuR
modified: 9/f/stats
created: c/9/e7rmlan81dv09f4873qi6s8rfhign8qR
modified: 9/2/71sjcnj51sh91vn04i8rups3de8blhsM
created: c/0/aea7khkff596c5dov7bmj97rg7ubsm6R
modified: 0/9/48qhe6vs2iumdrg2fn46lcug0cirid4M
created: 0/a/d8acvb4pvn4u8e0uri2e3lef68p7apiR
created: 1/6/ef3s5dj9hfmbjpn1fk8qhooed6e91baR
modified: 2/0/b653fs63iqtppritn447f85h4pcufgmR
created: f/1/82p8comqv8sg2fmme0ueht4l36fv6oiR
created: f/6/aammtn0mo71te2j7n34s9m77tktffkuR
modified: 0/6/stats
modified: 2/6/8cos0h95c041gv2mh8kj4imrbh3qcooM
created: b/2/f63sihf7fg9v29r24j3etpknu40mtcsM
created: e/a/42e1k5dsf4tlfqgo8fl2hr36op6qvc4R
modified: 7/b/cfp3aqbd3lc3rnd5c0ggkbmvavhbrs0R
modified: a/4/0ab667g3d66u9hoe5d35m0gd4qtfj88M
created: c/b/4cbd2im1vlfqkjdp9blkkknr67pitugR
modified: 1/3/dfsaflr6g010u4hl8lo9u5sps49qvcmR
created: 2/7/d7jdef93al72o01gi0n31k5oefe05akM
modified: 6/3/5ffpg3lup8ca28qpvbdm52qn1bpan9uM
created: 7/9/54gekkvrcakiv83lhdt0s08hqdmcphgR
created: 2/d/23m3o95ksj8fih35g37gk3k2rsmbk62R
modified: 5/5/stats
created: 5/c/36d3lqqmi7911epm64d89f72g60upuqR
modified: 8/5/d7n3mqakgl9fgu0q24sin30t510ql04M
modified: f/3/749vjdqpeuoudsbjnn8ari6ig2r9lsqM
created: 8/c/9e2vjoaasi6c087b3e7oj4dhjqet3n8R
created: f/1/741ktiav7dpfh2kkjir7i9ifbr5igacR
modified: 2/3/stats
created: 2/6/9c3ics8ql6ftp0ih9lkfj09p0lrf37cR
modified: 3/0/72bedo8afh9m94jfe888ahcp0ht0heeR
modified: 5/c/dbuj94ml3rmu0o8t7fkganbm0v6vqtgM
created: 7/3/49d2ba2usbd6pgea44q2o6lui9du5pkR
modified: 6/e/95ioh8etq40lqus19ak8g0lcellr20gM
modified: 9/0/905icl6o697h0v95jj7t64abjmce64gM
created: 9/c/62f9qb3b118e4prloqr4fu9ufmuhbbuR
modified: 0/7/616ckocor3b0e3fhjiq6f607l5qa1ogR
modified: 0/8/stats
modified: 1/2/bclu2gacrlh9vjc5kgsqghhprvqgtomM
created: b/c/65lt07ek9pikaujrlo9j5jt1h0p37ouR
modified: c/a/stats
modified: e/2/stats
created: f/e/5bo3jg09339utnkmamu2ga3p9drif1aR
modified: c/3/e4i0gkcu0nclhc6fnutc42ig15ghqbcM
modified: 0/stats
modified: 2/a/17f2qu43op42bh0rougsithus4ptmigR
created: 6/6/938kvh4s69hf6eoj04uf7ebr466rti6R
modified: b/1/fbrf00mslsgnd5ca6hs4ugfmhakmj44M
created: b/a/a3m4lpheadq6g5ulkfriv6ua0p12hs0R
modified: 3/0/stats
modified: 5/3/d7l3hk2535fb647rm495dmt56spb3veR
modified: f/e/74sdtokngfpin5gtgeh4hsfiih2m0gsM
created: 6/5/8abesjddb3j7nsc0orfqa4kbl17ebakM
created: b/b/0a2do78csgqtuavp8or59fjhu0n7b94M
modified: a/6/b4o79qjqjqcggqn2tkfichm04db55tmR
created: e/6/df6u95lqsf67tt74onlpdfhcj558cisR
modified: f/6/42i4ctd3od21f9lag3a53ua97r61r7aM
modified: 1/2/b7ghkstdnv631iiv88ds9vgei2ktqcsM
modified: 3/9/46nll6hve5rqvkk90vkun381ie31l7uM
modified: 4/1/stats
modified: 5/1/eaodlttbgviknnnavs6mtrimq8nf230M
modified: 8/d/6fdejm9hk7jkdf0dq90i4692og5g5v4M
modified: 6/c/ffjgmj05ogbtgp8qnvrvnoql7qvb6vmM
modified: 9/2/433on72g9gebnsodpl5h2icah13b29mM
modified: f/d/stats
created: f/e/5bibv8f3ll4q6vmcilg6uho6vuaa7sqR
modified: 5/d/stats
modified: 8/1/bc6ri7gmousr9p0hgdk6up9shb7htoaM
modified: 9/e/stats
created: 2/7/6f5jqp7k22estlipdjnk67sjmht4vhmM
created: 4/5/4ejcjk7v9hf7kjhpvs9ml396ovnughaR
created: 4/6/0067troilbpct9pmq9o9828b62pp624R
modified: b/8/cc3asgpirhmjrj0d70rar9pbkk8i2faM
modified: d/c/stats
created: 6/d/5bqmucnliugt9hq8f4a8rhrmo3thos0R
created: 8/0/6dv30vnlssuq66pvbonmcgku4hp3m66R
created: c/9/98ev9kdvdegsb51ete243ibk8v4atkcR
created: 1/d/6fpltacrv0mfeukg8mfqp5pob8m038iR
created: 2/8/73qev5ojo1am5umftkhs26npopbv1h0R
modified: 3/c/8f100imqpjaatc3kkc1k1j1cdrfthukM
modified: 6/3/b3baucripgeg1osv42scikk5c2c7rfiR
modified: 6/5/46gg87sqc5o6thkhgq28iv9j8ekjaasR
modified: e/f/7bodgc2fplq43efpj2c7oirvbgkojauM
modified: c/7/b29h1tar5cn2h6pp84d2o2an6euk566R
modified: d/d/576q0nr5a3fcnrbdf943u2n1gp3ooj8M
created: e/7/20cr6lsdmtrdt1geob90js30muolli0R
modified: 1/d/66fagqtqn5q8nft5p3m8qf8t6mjto34M
modified: 4/a/stats
modified: 5/7/3anurcqcsjgf8j0t4sa3k708bb6j6tsM
modified: f/2/b1pbbj6679l4n0kam133tcb23r8p2tkM
modified: a/f/5c6mbbt66l3on6anee8l3eftrqgs0miM
modified: b/e/29f1hhjoq674j0i3si7sh78lnk503ikM
created: d/2/19s2d7o0mi46tt59mnc5dicc0jit6t2R
modified: 4/8/aa8mvgko3d627hpgc8seo2o8t6c09m2M
modified: 7/8/4df4q01q1je14os0m7onclnu80m9ahiR
created: 9/4/eftphf1enl2gu4r9h7q2dq8v00ngqb4R
modified: 9/d/aeg76qnqo665gkr5nl120rnvbitdlqeM
modified: a/e/stats
modified: 0/4/fbire15rafll29b6keb5o2is4harrmsM
modified: 5/2/94pjgrmkjetjls8bosng6btk9b18rquR
modified: 7/1/2dfn8i611l89d9lhvfm6t1qtfs9hvr0M
modified: c/e/stats
modified: 8/8/stats
modified: 9/4/3bcrd50lo49949uuk1u3t5rdipqfgi8M
modified: a/6/58atpl7aguts9u88dblvhbndl3b2elsM
modified: 2/5/8c8q8amijk1cqkqj93vo0pqe016koe4M
created: 3/d/d1psp6eaedlr576r4c6orlemi80n9bkM
modified: 9/b/stats
created: d/7/82t8k5pmtaidr6b7t8najr448pknrkcR
modified: f/0/53li5d45das6o31v5ru6k0dlq16ibbaM
modified: 6/f/5cja7j02k19atinavvkk8pf9a7mstqgM
created: 8/c/11m0a3td6jhcrncu6ia7s8l54c65p0qM
created: b/e/7362h5qdrit92bslqhicv12u0u581k4M
modified: c/4/9d6pbajdijug5035b5qamksohoe1ru2R
created: b/9/e8iqkrq5o8evo5k8jcf1i7jdbv70soiR
created: d/5/93j276rnu542lrohh61tb7f5omr6cciM
created: e/6/2a2lqjgvd4bmae2hs1pfms4fckr0nhmR
modified: 1/4/5bo9iupqcqn2lsu02s3l5o2v58fqr02M
created: 1/b/af8o8vm1guvnpu7j5fj3vabjdrr743iM
modified: 3/b/stats
created: 5/3/0bit14vik583d2or56cc93p9473g0lqR
modified: c/7/72m5htpabt0541umdpt2mr19r9svquoM
created: e/3/422edkjuei7isaqppi99elnkvq0alg8R
modified: 2/1/1bsae2u67km0fq57tmon0l67pt5lfk2M
modified: 3/e/stats
created: 6/a/90bpb7i1ksd6r0a2pinbt23edkk3q1qR
created: f/b/7crc8hu2fm80bmgoo8f3nq13p9li304R
modified: 2/b/f4msogi8o2cjmoqb70t28jrtb1mkkp2M
modified: 3/6/f3fm3k3rqm7one66l6737er3qum2tamM
created: 3/9/f105hd7hspfo8463pk5vf7r9676n6b2R
created: a/4/e21udb6mnckbreatmpn7c2pvg21ko20R
created: d/6/90l031fefic0rcfarvleli657seve9eM
modified: 2/9/stats
modified: 7/7/8eqe516aegvjdoi77cmjai49dmdg7hkM
modified: 2/f/stats
created: b/2/ad7u30bt1bhhjh17466nt2bkelmqas0R
created: b/9/b0mbo64bgqa7f447mavuliodprht1t4R
created: e/1/8emjerdq3udoft2j6q2abcljqod0aasM
created: 8/2/1d520gt95s33d9hmd7h3j8s7bqvn60cR
created: 8/d/d3h7s31qie0tlrhbg5ceto8hsd1c5soM
created: e/c/3bfmpldmi1kf4ok0cg4d2duvjrvpc32R
modified: 3/f/bd70iqpk64lui1bdcurur4adlhqieq4M
modified: 5/4/a7ubve0en03rnuujkb2hhbncsecolfgM
created: 5/6/e06p2k329dkoieki17u39cvi4gtg8g2R
modified: 6/8/9d5t4pkmr61r04qt61c1kb9vv07nlcuM
created: 7/c/d38nkl2dgs90qcnfnpuif5ik08msimiR
modified: 9/1/74eq118ihfdh3tj7hsjs0qeqj64m6kaM
modified: 0/e/stats
modified: 2/9/ecm2988evf1iu17cd3930t46aiahpdsM
created: 8/d/8e97h605jh7k8a3r0p7lmdkt5vefqbeR
modified: f/7/30f7i8231p3tqidr8qejlat9snt49a2M
modified: 6/5/6e1jtjctrmvqvmthljhq2o9c9g3ghn8M
modified: 7/1/40bapvhidfctsb23qdq1e2klgs94lcmR
modified: a/7/e8aaok1hfr0hs97lv1101aj00fsnh5qM
created: b/d/27qtqscra5suvr06rs6s8bsr8ped92oR
created: 8/9/fdj9jmou3o8j1bh1p53uqikp9kooj9mM
created: a/8/dftncmabrtnf86bgamh63vhvd5ji4isR
modified: 0/f/3avsspn6qs6mkt7gbuudjs9k2ie42qaM
modified: 2/0/e1g6kiupn9g87n4gkl0rpo151ceo9qmM
created: 4/9/0eetcqjk3722gucm7pdesp3s5pdjn9aR
modified: 5/stats
modified: 9/3/28etvdtv0v3dqnjs6180qmv96eg5p38M
created: a/e/62crek34uisnfn9d6aim93t9fheata0R
created: b/a/57l4slnmp32olbjvtjes6hks2817i1oR
created: 1/2/67rqi4pptg4tdoqe4io8aoumfunj1l2R
modified: 1/4/39lc11mrfkns6kq632e9amded11t9t8M
modified: 4/1/04icu4h1o8n5dajnusd4qgba47ns29gR
modified: 5/1/8627dkgisgqv5ka6kvk8j0rtmopkmskR
modified: 5/b/52g3hi0tqvm5uakrq593pncdfq5keukM
modified: f/b/aaotg38ahv5s86mb8jp5unac1dnirokM
modified: 1/0/6f1o9kb8273fpkc47bgb8ptn9jvnlriM
created: 8/0/05p80ka0e19h12p445m42i6ihd62ooaR
modified: d/0/62d900eclp2nk3u339jlr8663vm8lvkM
modified: e/3/de60m3ihl0m78a3bml86lqq29fnb8skM
modified: 5/4/98la3klmt6doop8romhj2hmp9n0i99aR
modified: 5/8/4f3r39uujasmt6i4e1ftgoi6s1m6t0gM
modified: 0/1/stats
created: 0/e/b7046ccc05ncjpsdjlb8dkc5a49satsR
modified: 2/c/49eqa0uibqj26k5089reg2fr69i2rjgM
modified: 6/4/stats
modified: 9/d/stats
modified: b/d/bfnnd2cc5b7otcpk0vqp3s2e2dnu7veM
created: d/c/63p00o44tcvb09ip8l3pij3t5s8oekqR
modified: b/1/stats
modified: b/3/6d38sqh9v59mvmamcpeomp1ckgsskieM
modified: 1/d/stats
created: 2/0/4a142v7725hhb03kddncvq4k6t6ik46M
created: 4/1/5912vvpuo9ibrflnleqn02jec7lc634M
created: 4/4/7fhnmvs3579tloe80513maoa7j1ugcqR
modified: 7/5/eamru4vv7m11f2tkjnlhtidnuhquu7aR
created: b/b/399dhv2caic7smt28b7sdb3d468modaR
modified: e/5/5d6j1u11u82gbl7im964ianvc4cht1sM
modified: f/6/3eupqc6vnho2ba46asc30o2uf6ise2mM
modified: b/1/d7ssdta0h17t7kvcqrqjutbjtl4e9dkM
created: 2/5/db9jcigdde9t7077nqhr5ltkhlu38msR
modified: 3/1/stats
created: 3/2/bbtrqt16sj8aac4cee8dcp0vdjlf1hoR
modified: 7/0/dcsb93f6tnkbk8o7b3i3nlrf4sg5vfkR
modified: a/0/0d93r7g0lrk8283essb70jiigksrm78M
created: e/e/34lebs8lo030h9klbcsb502flvmka90R
created: 2/7/fd55oi3hm6m9eqnlvkpgbr8plhs5t7mR
modified: 6/c/c8dvoef0ss8qodr3mhjm4q95q5rvu32M
modified: 7/4/d1mrp1jvib6mc07os6q7ivpbtkl2ljiM
created: 2/4/96emu5tg3nni8a1bvqgcdivhivrnlguR
created: 3/a/f08ocu4a38kuf3hho39vcosqnvi0ahgR
created: 8/2/68f14rnep9h01rlk2pfc30k0mmbvn3uR
modified: 8/stats
modified: 0/b/664ott0mtm127pm9r90r5tb3fhrvfs8R
modified: a/8/stats
created: b/7/fe23uhvv7fdgqp41aqjfd2qovvcpmfeM
modified: e/1/stats
modified: f/6/stats
created: 0/e/85gunotqrsols1mq8pa3pl70ovhv6c6R
modified: 5/7/stats
created: 5/b/42hptclkf5aqde5cg99c0g7hpbkfmtgR
modified: b/c/stats
modified: 1/5/68n3cqv0pnmciqpvulcdv8lb84h8850M
modified: 1/8/d0q8umbl6k9uf274ol77si5llvivjncM
modified: 6/7/stats
modified: e/1/33esr69me2u64u76m4h7nke4pbfhb78M
modified: 4/6/stats
modified: 7/1/d6j2kv9msdb26umsdhqa109gnpjlgpiR
created: 8/c/74dv1lbeahno56vfufik02gpvs4raemR
created: a/f/a18ilsojeilsfoeug400acbourqir3uR
modified: d/f/stats
modified: d/7/stats
modified: 5/9/8ckb2g8tqjmcgpe5s1a1u4kmirvj450M
modified: 6/9/9f4hmkffdrpi955d8l29qlgdh6lat3iR
created: 6/b/d2osna9gjvphlh60d4sh787l2khdtqqR
modified: 9/4/stats
modified: 9/d/02vk2j4bm07aap6v4mpptfq0vc73qtqM
created: 9/7/9f92uktt8vj0h1ik14k02t3ud5p3678R
modified: a/0/49s6cggug82lutujpjrsajg6o1qqkr8M
modified: 5/4/stats
modified: 9/c/e5rp23fop8jvm68nhftk87p2ao844fiM
created: b/8/3fqt766nmqhuudb5ku0lld6gt0p15kgR
created: 2/c/4dlgg5euain1g4gbuj9r5stai7paff6R
modified: 5/7/8e2g1gkippl17j8fhrbdlnubdp4m0f4M
created: 9/6/747i16dtjkpec03a9j2rrcfjcltuivuR
created: d/2/75uec55gine453rsaqmncr5hmser8u8R
created: d/b/0cjvdk5pp7cd209ur1nu2klfhkdurfeM
created: f/4/239f4v0h9sutv5indmhbbfusjvlqqfiR
modified: 0/0/stats
modified: 9/4/47cb6qsjmunh6dsb7ktlggf64mdgjmqR
modified: a/1/d85dm3jomfviudn37oh31onauphcd16M
modified: a/a/7dlqdqlkk88o81bhtr90c1sbq14proiM
created: c/4/253ln3klgihs3rhedjjhiqbs6ukqmleR
modified: 1/3/stats
modified: 5/e/838vk1l16ok72sj1idpo3o4j01bmussM
created: a/5/d2s3nc2v2ed0bro3m8oke23oa9hve76R
modified: b/4/44d0gt4bf7iee2c309jebmbvf286v6kM
modified: d/6/47j8ad638u6407ooepc1l5s4t0b98diM
created: 3/2/97ug5len87bfa86p0ri2g2s8m4hit0oR
modified: e/0/fcptj2eg6p9df29a0b8pk6mhoa7u6ssM
created: f/4/0abupjoq7j4720oo1h07j8g0egm74coR
modified: 8/8/55puib8kd0l51v2gusr616p05qhe5v4M
modified: c/5/8cpfoiqp32nt7o1nei674110pkv9f1qM
created: c/e/62mmso7ti8h1sbb018jg7si5r4e6l5kR
modified: b/5/01f7ja19q4n86r0ds8od5gfofu046caM
created: c/e/b51nk1cic19hlki6k2no8l0aj2shp60R
modified: 1/5/0ffop0a4793hb0dms3fht9k9kpsce48R
created: 7/c/7ev6v0opt2ptv3ligff778i2b75p02qR
modified: a/4/d4imnvgdb3svtemu1tl2f1ig18qsgsuM
modified: b/1/d6mducdj9dfanilsq26fhmr3do2ccrqM
modified: f/7/237k91862n0ll1qe15bok4j8vpnijrqM
modified: 0/9/59vakre93i80vhmiof9f5s2n8emtpdmM
created: 7/f/6ese63qn44vpbo5jvdbue59a614gjekR
modified: c/1/57m8vbjevg92vbv12noniujn1ab2u5uR
modified: d/f/85niv0umecl0rmbf2n1am3rlen62q44M
modified: f/5/stats
modified: 0/3/acka9ji8u8rn5gtmjml4su6llo02arcM
created: 2/1/5an7t82fof8gvv92i7bjbqr68imu3v0R
created: d/2/08omf2bh2ls24un8tp8ekougpaqoq2sR
modified: e/f/819mkst3hqfrkiag9dlsf8eca7hjissM
created: a/9/0bgrb53ihcjsgj5f12hltts1bn4ds5cM
modified: c/7/6cs6u8b5hgkb4l5qlf3b0jsr5r6e534R
modified: 2/b/1a5gbtqcnj4p08h43ggk0160k5difdgM
modified: 4/6/5eq62rj2n1mdkan8sa2d1epm79qbecaM
modified: e/0/b1kckab9pe7v5pemhovlg7f9hvurevaR
created: c/4/d7mgmq6rvf902089ad750hrmfl42aboR
modified: 0/6/c12gdbetql4m3g9e9ghshvivujdfv9uM
modified: 7/2/stats
modified: b/1/01v8ev1cae144bm4b1fnhq1qgt1c7l6M
created: b/8/07hiqskfktvo7svid158rpgj63qq35eR
created: a/1/f8tqrqdork8006etkibpclea7giuj98M
modified: c/8/786qkb9726g24ln946606b6ptl59km0M
modified: 1/a/076jkad03n7o9ak9lk97bjek8tac1t6M
created: 3/8/75hocs7lsle5mm1ecntt1lj9b3vgcd4R
created: 4/f/4419385ku6a8l6cc21hhqij1h97eh8sR
modified: 6/0/bfibrt5at70k8ul9o9aa4v1mmqk92c0M
created: 6/e/fa9jbrcqqjqdsu5ne66mijmu7nck5m6R
modified: d/0/stats
created: b/7/6656m7rsnje5inq97mu5dp7r76h822oR
created: c/8/f0aaobmueovd5am7snbatrmccgjprreR
modified: 5/1/stats
modified: 5/d/far9fbkt4ke4ff7lls1gff2vjnkvuu2M
modified: 6/f/stats
modified: 8/e/stats
modified: 6/5/b72ejo7vh9t3v757p2llq4tmmh4063cM
created: 9/5/68et6mn9ftnbsv045gsv244hkgdv7hgR
modified: 0/6/ae4a95rbdbd62i6gos248lb4rbpcn24R
modified: 2/1/stats
created: 3/5/cfijq6s0qm8r578mo30cs27gen0d35kR
created: 3/9/4ekinpv63rltnlg3hsvm5llom8l081mR
created: a/e/861rc78cb088fthohiqqfj74fe72sfmR
created: c/5/06vnuciml6jnuop3rat8r92p2gv2gfiR
modified: e/stats
modified: f/2/6a03ouq0ej93pek535060sgh8llcse6M
modified: 0/1/c874p28nd1hp020f4jf3sc8vv5mei74R
created: 0/9/24dktg2p3nnklgk9dqmk6nsq693kfkmR
created: 8/6/40bbf8l3c9sa0089e8hrkd7othpns96R
modified: c/c/stats
modified: 5/d/7ctovv6rrgqa5090a25fgo7c7m3k8fqM
modified: 9/1/73u984eng2lolmc9pshcq7hs8b24ac4M
modified: d/c/76fr1bd77og4d1honvskks4be9hvlumM
created: 2/4/2eao0io5j89nedo3ofk0s08vcchij0sR
created: 3/a/ceigpu7rgdpajn8s4c5uba2k5cesuk0R
modified: 8/1/ffnbnkgi3meiacvag4ktdaatugenh5mM
created: a/c/d0gh7jo1a9u2tggdgr3hvsc18hs8hcoR
created: 0/6/1bavu16tqt56sf8viibl164d30efnu6R
created: 9/2/d15gmhsddn33k70dkue0uo87gl2f1o6R
modified: b/2/16ak8etibf32ehd3loihgger5eaa79oM
modified: 8/7/e7mmrelki1mgm0doal9nrq8c0gps356M
modified: 9/1/0db9imji8kp9htdcl67efaj99peri6sM
modified: b/9/stats
modified: 1/8/83gllnuapb5slp33i6uc1frptousqroM
modified: 3/9/07jc9d9pol8c2n6id7mesbj95hf9bl2M
modified: 6/4/c9604qb82mq9sl8qstom9gkb99i4uskM
created: 7/b/67bio40nqb7fmoon8iq75etog12lihmR
created: 8/4/515onpjtootp57o0bu8tkt5j4nds15aM
modified: f/5/620r4qjf1fdm2h73v8legj0i4rn5n20R
modified: f/b/7fij6ctide8n2kvm2jvf2lufpmkjgg2M
modified: 3/5/stats
created: 5/b/f6atgbforsnbp5mlptpl1re46h0qtb0R
modified: 6/8/61uies6dc05hnhllhmjdrq1hlkrt1kgM
created: 8/3/c23mq48j0j2rfrrqaa89gmv4279c2isM
created: 7/b/4c9on1iun74ichsu7jriakstpc43n3sR
created: 8/1/d6cjtckghv4lmf562m4e03icaeniutqR
modified: 0/d/1a3tvhc3trjvp56far99eudnv8me0q4M
modified: 4/8/stats
created: 4/9/bb4r3refinmk5ba61g78kgbqmpl2k4gR
modified: 6/3/stats
modified: c/9/a25o3plaafhkhfcagtg8cspq9pd1dfsM
modified: 0/1/d0ep595phks9i8re38c5bo535mjgqt0M
modified: 4/8/d7n08t8tvesg4t35p82cun16siefbdgM
modified: 6/8/ce2huckdip8dc8mo8vopmld1ei55tl0M
modified: 0/2/8evf45l9pho8bh9pd7ahn5t85srn9h4M
modified: 1/c/stats
modified: 2/c/cahcqckl879bldjurts3agtkfl4ck62M
created: 7/7/99hdrnnkisl3kfl1jhsmgs95kbgi3icR
modified: a/3/8cm41o7q7ektujeqq0avov3pjfkfurcM
modified: 4/9/2469e7jvnmfh6icck20snu7gkhc5dbkR
modified: 6/4/6asurqgts3n97209v2b7vr31c89hudcR
created: 6/7/1biuoecrhnqejjr7vdp2igiculnpt8mR
created: b/c/b61bb0ko538mfn40f4sqpa7r00r68p4M
modified: 2/c/stats
modified: 3/b/ea1kc0l2mqsk2qdk8adgil2fdjqiu2oR
modified: a/0/d67gpi69lpsjf5oalpso3v5427h70e6R
modified: b/8/stats
created: b/9/1esk1tvhqsg3hicmf0vv1n7km5i0sfiM
modified: 3/7/14vfm5182daf9h0gtan9t6agfn4jvh6R
modified: 6/c/31i2ihumth82846ia6c2k41m8if6areM
modified: e/7/6a2pnhs7dji6ctck84m81mf5c811s2oM
created: a/3/71rl0c7ocm97dauvu7a8pprdopfo0dcR
modified: 0/1/0fp2prqvft0qs96bsc0t04hg2999to2M
created: 0/5/4eug2ba2cocbbksdvc63uve9bi4n1jcR
created: 3/4/06rklsc5i6a195sol6a60dsfjod3q4eR
modified: 4/d/stats
created: 9/8/8c8jule460s3gadsvqsfvtcnegnvq5uR
modified: a/d/stats
created: b/6/75emves8hevp3qmlhoi0ot7klgpcra8R
modified: c/c/59lmi54ea7ch5erbcvbksnnqhqgm6oqM
modified: d/9/stats
modified: 1/8/e0ub06hp0udb87nn5kkmldcc789db4mM
created: d/1/91ernqjf026ihe9c44mav1j6a8vj0ccM
modified: d/e/stats
modified: 8/b/39360rhmqsbc2a6u7esqns4v8okj1n6M
modified: f/1/17elu5le20uhc5t54hn3spqditqp8u0M
created: 3/4/36joktsnvcohdogf1044k1oqsn2ud1eR
created: 3/5/be1l7ctih523936fj1h55tsku13slpuR
modified: 5/0/stats
modified: 5/1/15njafjli72lj38s7jbaeuspomtivqeM
modified: 3/4/29fdic2hk11ul4tenhste9l6ln76864R
modified: a/2/99ioqe18s1nu6cm55oo115fg47n059qM
created: b/c/c9c9plljr6bo4m3ei9sent9upfssfauR
modified: e/3/stats
modified: f/a/20lhjoi60cbhosvvsdrbi2butvq31vmM
created: 2/9/1fhh20a3fls15s5g54qk9uocq5mk5q0R
created: 3/8/fc9sob6au3ggsbpme3kfk13qe6q07fmR
created: 9/8/5cnqa39k7iu35sqvp1r7rcqjk9v173cR
created: 9/f/4aqp5jelrnkdmbm286pv7gi7e0115hmR
modified: a/7/815hvslngfsi7ialhpbkhri90dit2luM
modified: 2/b/01hegf1c0t3igl7kkckl041phet1o4mM
created: c/f/0bc4ip0vm9ifavi1go6nlg5o50bb3iuR
modified: d/2/stats
modified: d/3/93qqs7kki8bnbjm2hrhjsiajs9cjtb8M
modified: d/5/stats
modified: 5/b/102niv265aoq09dvrmhamjv7a8k3d98R
created: b/f/4b3blk98eq6pnbr4pjk59203jhqvsv8R
modified: c/9/c54oq3b71f60ob53gh8k9es55a8vg7kM
created: d/a/d66gbdpi6eobcm97kro5jjc6rbtaj1kR
modified: 0/6/b8bmq8qss5gb92cimmt5p73nuepmvgkM
created: 0/7/bbhcbpkjf2q348sfr61aif45d7hhaquR
created: 2/e/3aj4975ev5v020plq6qm3k5p2jd7b7oR
modified: 1/e/20mf27586khcucou2i3nm0omfv6thj8R
modified: 5/f/31kbk8mu3ug81p1h1g8122h7oagu95eM
modified: 6/8/stats
created: c/e/2botog740c446v5t23b1rdgef757jk2R
modified: c/8/e3hp9969qc4i2pv2j27is5ioloj33bsM
created: f/2/c1vl5mrrk92f11oj153ea9duloa452iR
modified: 0/b/601nudejhhp59u3580t5end0jcdrfnoM
modified: 0/e/34kc0n5vbeug69m0j8k6ftfokdl5nvaM
modified: 3/9/c81utov6k5lro0e6khl5pchgphe25kiR
created: 6/5/3f765r6pp9gsjl2u4mogop9od2bbd2eR
created: 6/9/a854fdgfbaohfoksogl9ngtemg797c6R
modified: 2/stats
created: 6/3/89ta34sob1slen75doj4vh911v77qraR
modified: 7/d/stats
modified: f/8/d8m7indbug85vbak55579gbs3gu9hmiM
modified: 1/0/7bgurmo71ht8ooaoqc1plp7jq5djhn4M
created: 6/2/50tf6dbpnit001pmu0tid3h1uvsd490R
created: b/b/453un21f3o8pl2uuctjp0esrmgafdi8R
created: c/3/1dldsviok27tt3b83btgaord34s7kv0R
created: 7/4/59fn9m3ef36qit8eol132tpvtqvtaieR
created: 8/e/87lchpncoql412ktrqsrahinpv1fh5gR
modified: 1/5/stats
created: 8/f/a11ivub89vshosu1bfq3uioafh1tdouM
modified: 9/e/04k2oq92lhdd3mqu3t2kg1m6ji1pjlsM
modified: d/7/ccao5v75uvk3rg2ft0hs2encbsvaq5aM
modified: f/9/stats
created: d/5/a10rpoft1il1cn1njbarb92r4iiuj8cR
modified: f/2/stats
modified: f/b/stats
modified: 0/4/94j99mpk59jqrt9nu79edvao1osoh7oM
modified: 1/stats
modified: 9/5/9fo63848tpqbgdrptfjmbngvmqcgb2aM
modified: 9/b/9861bde2pr870vl8nijhshs5slcf3qmR
created: b/2/6dcfmdan1cj73j3e56e8pmur892r2mkR
modified: 2/3/4a259v0treu21qgm110135g5ulss3p4M
modified: 2/6/stats
created: 5/b/125skb7tm0trpcejf5tvkds0o2f2dt0R
created: 6/e/ebl9in1lo18pni3r5c7cmiqp6l1vid0R
created: 8/1/d4ln63tk2dnk1rrqsk7q26dinfjpcecR
created: c/6/10iojlpc1tem14lr2hqs27l30lm340kR
created: e/d/1al7bcr6k3gehpk3eikqga729rssljkR
created: 6/6/25116dreflpafgpfhhp6cagtg02slraM
modified: 9/7/abnlekh5gm97vr1qfc0unrip9r8nebmM
modified: a/6/9a4olqbdk32305t3o6jrbma33tbt3lsM
modified: e/6/stats
created: 1/7/0102kqthgualf8lrv67r81fc0ts0pbiR
created: 4/e/e961bpr49bg9p2bj5b8ldpfrjp9vrvsR
created: 6/0/c9920nd928kccu7plqovml4b2jbuppiR
modified: b/b/2eulqr1fef9enhjtagajf22d1q0kin8R
modified: c/3/stats
created: 6/4/f1vlb3qbu36dsuun9sgp3g4bqabvtsiR
created: 7/e/937l0a358poilqvun4k63slgpjti5omR
modified: 2/9/f96ft9ap79gpu4qv9imii4hj6qt8ricM
modified: 3/7/stats
modified: 3/stats
created: 5/f/77ftuuca1dpcchdmrg5lag44jbi9mmaR
modified: a/9/stats
modified: f/d/ef46jlepvp4lopr1jbpkqmfti8kbi8gM
modified: 1/9/53bhrqimd51ja457sr1tcarf695enm8R
created: b/a/ad0qhscct0ou4ls7m7e5kq0djnp9c8cR
modified: f/0/873e8moikt07c5ggp184agqk1mlnjh4R
modified: f/1/stats
modified: 3/7/4btjk7sroviabr20b79u8jmida9s66gM
modified: 8/0/0ak32b1r1hdcq85pv2abb44mimkvqliR
created: a/f/d474r0fcl2rmq2vo1kbmmneiurc8hq2R
created: c/a/6f4fo0nn4jpppkgqbcpd730e693j4ocR
modified: e/a/stats
modified: 7/d/ae69cm7c57fc15aphcqng3ev4p6e626M
modified: e/8/stats
modified: f/4/f3ri0i2b1q2slthbmsr5ka17oc1nljqM
created: b/9/bc5pti8gmakgccjldnbvu1d1lov3nk0M
modified: 0/2/stats
modified: 6/3/b4sg39oi083cml53kae0pmd081h5bigM
modified: 9/c/stats
modified: a/e/6a8ejuf85m0jj8hrp6564dvbuv5isbgM
modified: a/e/fbgdoptt7rdd64i3tuv6dujcerjjsbeM
modified: 3/7/60b93r8q3sr4uo2kq5r509d8m26um70R
modified: 5/7/feufm00m40oreaptd2jlf443a0tmekaM
modified: 4/1/838n4c5ronvuuhgtqom53at1ao45kv4M
modified: 4/9/stats
modified: 6/d/21ea7kkt4pid83kvd1cv4obtg2sdu90M
modified: 7/b/fckfk1i6ur5a3nrvhs2dpecog7ri8eqM
modified: 8/1/cdjb9iit3kfcprufo7r4mqjb3gcadt4M
modified: 2/6/9andud3hpv2k5isc9ac7a2oc0o3er6uR
modified: 3/0/71d8srb9imqve5pne38dku9ftg8a6i8M
modified: 4/f/stats
modified: 8/c/4fkl3aqif14290gd7bdj3iv736hk4f8M
modified: d/e/9asp0d4qq5hfmbbn8f1oi2eih5d83fiM
created: d/3/92018k7ftdv5covbnt62qqscooee7l4M
modified: e/9/4563cguf0embqq5p1mvle2e9nc8u7pqM
modified: 0/e/c8j67ig4bvgb7649quvktkbfdu9sh8gM
modified: 4/a/e3j3cppvdfcmfkte6k59klag7942mteR
modified: 5/1/b27b9541loi6pt5klrn2528tbajgoaeR
created: 7/f/249vkutrdcj3ofsc00ot3142dtrj0jgR
modified: c/3/580clkg6j0id2urnd8583gopb86dfp0M
modified: 9/a/75ktl0b4kmd07eumdf9kd5r71lvckd6M
modified: b/2/stats
modified: 0/1/a4jlquj9fflhhhb7m3tqi10c3rc0agsR
modified: 1/f/stats
modified: 2/2/79to191bs2r7leb2qtu5ei6vgjqbgvmR
modified: 8/3/e4hbdodkh8r9r949979mbmeor8ob3gcR
created: 8/a/eccjctmttr85t705ch5qnvucoemi4msR
created: d/3/8c89jrcmm38tla65ogb1ikkv9gd1gc0R
created: 0/d/328p4jqgltl6s4dfafliq215rbljhbiR
modified: 7/2/a2u5v484b070p29l222matk2td0l65qM
modified: 9/1/b9nt9v5654vl1hqao43279v9qunjvv4M
created: b/2/5dc0p5sb7ah6l2mt1q8aa6q5daobh56M
modified: b/5/797ikqjoj5kct5jo6fejb94ed0cdlu2M
created: f/8/c7870mvorv4b98rf4dp4rv3924p5qbqR
modified: 0/0/41jg11roc3d0c4lba8vc7i400hceaqqR
modified: 1/c/9d3s5v3infu40j0k4086u843p91cqqsM
created: 6/e/59ma01dnr5lg1ruv2t5tcii7t97l38eR
created: 8/7/26img455toal65u4h93n1ktfh94ki1cR
modified: 1/e/stats
created: 4/0/18q3u3qakqeru1kp667ptvov0i2fbl4R
created: 8/f/c69mo4ksdj4cnkct6rmfgr4gdtq4je8R
created: c/a/cb91q0vm34rh4rg4hhohim1trpjuhcgR
modified: 1/c/00ar82a56211mra7099drorq4ptrkfeM
modified: 1/f/f65ootbem531mnmf8hj56psv8mlab2cM
modified: 6/e/stats
created: a/f/ddgf5ep3jh4lqo5cpe30qe26ago75eaR
created: 3/c/f40h21ts7qpb7itu5gqq1ane2edg5rqR
modified: 6/8/b4uq3jbhm6qsdaqd970rh6qs16sf6auR
modified: 6/9/64f9rkhggcl4hk69s0cvv59f30fa8jqM
modified: 9/3/stats
created: d/c/b4vtoif2iukacvvn96afctnqtellng8R
created: d/d/a1bqjhtau8m3c4ai9pkrfjd3ko5ur2qR
created: d/f/f6rcman94f6j8fr8nrtaksvgfuj9posR
modified: 1/0/stats
modified: 7/9/93mjhi2fgr6v4fi6nlokjh8rj17rvhcR
modified: 9/7/stats
created: b/e/fe7oetj1mhcek1kd9eu7o9vbhed6hd6R
modified: c/stats
created: f/d/22bom2o3a845i5q20fv183lb0urvvqoR
deleted: 1/4/253sv17ud285lubgkeoncatqhikhv6eR
deleted: f/0/d93npihg227vhoi386gl4hp7jm8qc10M
deleted: 1/1/7cm5qh27l143nmp42p8hnqcftcmr9a6R
deleted: 7/b/c9faalk4dk88btttqknjefshi8h8edcR
deleted: a/2/3fjj48akb5vgbdvb8f1hrhma4md6umuR
deleted: 0/5/0eu15aopnrqojhu2o32qfqsinnhe6k6R
deleted: 4/e/e9u3eslut0srl0o0fs8b63b5jdid2foR
deleted: d/c/77ibhk9fjat7llkquhd3atnoljsrq5uR
deleted: 3/b/c2e0pl1ol049u0rlkqr8iugh96q0fr6R
deleted: f/b/e44sebb2a0212ur9ijjr1d64v8vnp5mR
deleted: 6/0/37dj22ekdafalbcs2gfsrbqv2thhcpmR
deleted: 7/e/c28ibrg7pc2kb9vn14gob35a0j8dpoiR
deleted: c/0/6b609vtjbmgdebej6v49a7jnn0gonjiR
deleted: e/f/0aok6ltlkn8i9buci6350as0c7625egR
deleted: a/5/11nvnd0hb01btmgdn48e8kk70a7araeR
deleted: 7/9/38e131g7knpou2d2k4no14nrml8rfboR
deleted: 6/7/5cfofdahg5ekau27qduro4b17e9hd9cR
deleted: 9/d/487ei3s83q49g8ctohojttc0kkcjgbgR
deleted: 9/e/f4f7pddfu5sti97v3seckgjpctcoq70R
deleted: d/e/df0qgh5h5nn1at4r3hodctn9nffcueeR
deleted: c/5/07mdj24ae89ejsobf56sim6iqtr9pmoR
deleted: e/0/21c2vlr13raf36mnefc49b1vj9fsn7aR
deleted: b/2/efivgousj8robo1lop5l7e3vupv4c4eR
deleted: b/3/236ve0mi92nobfivq562ebljeijqju4R
deleted: 1/a/89ijp71h5aiautjt0p8lqcgon5pemuoR
deleted: 6/e/11t03u6ts9utlu72qjir5sbf0he8j2eR
deleted: 7/d/367e4rk2hesu405pls3u2ps6197jgqkR
deleted: 8/9/3af5lklac7j6rklei203p7iga50epuuR
deleted: c/7/debf7lb060g0takq9d19ksiqo23mt10M
deleted: d/a/e6honcuk0h92h5sv5uof4sd5nf0438cR
deleted: d/f/0ffc647sd56u7ksvkgb8sh1j6osfg3kR
deleted: 6/5/1994fd0hbs1eiakvko35idd1uefiqaiR
deleted: d/a/d1g5qrctbtb5kfk41jm8cihb8cev1u8R
deleted: 5/0/c7aenloa7v91eb5ipusol41bq0k083kR
deleted: f/4/b1e66n7jod0m2mlilpqdb8i0opi9km8R
deleted: 0/e/afscumjng4hvr6iouqug6lcga9fgu4iR
deleted: 5/a/c96h26j9devpmdli0f3hqgle0cmg83kR
deleted: 0/b/58jeenhc7oah1ml86k031lf89470fqqR
deleted: 1/3/favl2arlegf2qarql7s5527vorl40mgR
deleted: 8/9/6ftlj22a88pncq4901d1d0fihb773osR
deleted: b/7/c7c1c4v1efdn4vmvj7keu91tfdt3r2mR
deleted: 7/7/b0lpu1dc4pbbnn5263ir2igl1nauffaR
deleted: 1/a/01qic7eljjt896ptkskobi65u7jdujiR
deleted: 6/2/c09sto07l4b2rpor45fn94f270vpitmR
deleted: e/3/f0mogrbne5kvlivoth78iqm8riijs6gR
deleted: e/d/b6skie1jutd7l1ltpbhdb85laqhsouaR
deleted: 9/1/84d18sk9n3qaj29mvq0tgscctald148R
deleted: 2/9/cb636h33ev0psj9bavifhuttj0i3qfgR
deleted: 4/d/a0qv8kvddrjgn1hrnhjtnauphfknqeuM
deleted: 9/d/e7nak4cuis36t8enqdf0a9v2hnfj4a0R
deleted: 9/6/8c1u2afcsbc3bfovujd3qqv95m1bb52M
deleted: a/e/dbm0a7om5m3j91ngtceskdctnhlm806R
deleted: 0/8/15pupbaku2o49kk0bk8371a7cd2bg88R
deleted: f/4/a4vqbe4m9obvrunl6leijvbbqhi2dhmR
deleted: f/e/4frr2fqqpi90lve6lhdtfbu4vd0p08aR
deleted: b/8/49aqu86u6c6r00qkrskmrdtop7sdtboR
deleted: e/0/81bffrcopms8nbe8936f76cq2guam9mR
deleted: f/d/1ftpmedjuc27r2l2k8q9bo1pqkt2lmgR
deleted: e/8/d17be0ehuf2drfpu9oq36sfueijs8l8M
deleted: c/c/e1bacurbvolnef08q6mimkbd02df94uR
deleted: f/6/d78b2nvhpgvbkeoqh7kuh45mu5eb43aR
deleted: e/3/8ed3jgagj0mpeb44l7uineepegm2gb4R
deleted: f/e/b4jobuhco6kcl29f88ivic7br96maqqR
deleted: 5/7/f7p1m0dljre12jlprndu8ojf4gjcuvmR
deleted: e/1/36gkcnbbmf5he4tnb56tegk2pe11tu6M
deleted: 0/a/d0kr44b59fv5cj46b105nmhdn16n1huR
deleted: b/c/72eaehaie0ns9rq1f82q769ibhknnkiR
deleted: f/c/eeg3gjenc18l3h891pefo785hu9ap7qR
deleted: 5/e/b7r1iab28ag8gm3j0oh3ffff8o3ppo4R
deleted: 2/2/3fnggt815c0tr4kksmehu61ckmugeucR
deleted: 0/6/9bsn1hbveabf351dt00plccejnontmgR
deleted: 0/f/ecmemem1dkkq0o7d91qo4ih25q6ljiuR
deleted: 1/8/71jgb98s8nps50treuf0u8urjfnrtisM
deleted: 9/4/e6nbv9talukonsbjs9b66ds48b799qsR
deleted: 3/5/aa3n3lk1escs56e4bjq3jasbpq41o64R
deleted: 7/8/c3rdtphgk69g900j61b4tdbbh57qdueR
deleted: 8/2/d98svsvf5alokvs3nr7u35t8gr0q350R
deleted: d/2/77vfgcljtnqq57ukvdutkkjm16pq6f2R
deleted: d/9/80n0gac7m2qk4o51bgnfvin7r0eakv0R
deleted: 5/6/7clquidcrphhr42074qh8en6m43thlgR
deleted: e/9/5aumq0e9jkvfkansa8bf9jj821dthcsR
deleted: 0/1/9e7p3ciomn8i5caq83s53v2l97ihkheR
deleted: 0/8/5c4lk3s5a4f548lddcl0oujiuppuh2qR
deleted: d/4/ednqn9db2t8gc12cc5thiedng2ftlriR
deleted: f/e/e7cf94g1hnuifp3ghm6l0ieipp265roR
deleted: 5/5/bfkigj5169o8f7rmqo29j29i5n3mrpaR
deleted: c/6/82ndbdb934rhkpv8t9dvc25ltqbkbg8R
deleted: 3/e/08ash44ct4qcdma6b7u9t4fqs6dirkqR
deleted: 7/d/26l0rk4hq1m5l5l56k3i3i6bdm1lh8iR
deleted: 7/9/2108rduaoska3cc0i788cosdc31saisR
deleted: e/9/a8js4423uk70sbu1pv1n6chju9e759sR
deleted: f/9/d4kbrfva6ufv1fdjr4pu6ouotpukqluM
deleted: 0/7/041eleknr248sajbsegf0ct2hive8bgR
deleted: 0/9/0dlgiufpjmoig7luma4h8r6ng0hn3qqR
deleted: 5/3/5465htu40nqibr13qmgf3e062ooq80oR
deleted: 1/a/f0pefok2ij71fkf16f713974p56v7dgR
deleted: d/3/6clc54qflhfq1o25eorv9vhssv5oaa0R
deleted: f/c/2cjn409m6mvj0i0dh4vmnuhq5m385tmM
deleted: e/d/293lmphn1mc1ve3hild467oorcjc4jkR
deleted: 3/d/13275bmb853j7jpbjq94mttca2jgcquR
deleted: f/b/fe6qp6arrb7lii76ocfdl6dbq677epmR
deleted: f/c/c90qlm4k84ukbr8f2ooo4dhgfb0u5liR
deleted: 7/a/b103umdn90fl7vs5biriosh8korra96R
deleted: 7/3/a8t11dmcd86aejb09esuemv917dng9eR
deleted: 4/d/34aml6m9cdt2pqglt2c90scng90gkr6R
deleted: f/e/95gm274iuc3qh29g1fqh24fl0lks04gR
deleted: 9/e/36pa9dudpkoj95sj8qpvrm2pg2ldel4R
deleted: c/8/215715eqpt03f2i006dhkce9c572om6R
deleted: f/7/a23h5hl12ou3es2mm5hjuj9qbojpis4R
deleted: f/9/8a5q7giq8bleg2js3g7jbq7jn6pgatsR
deleted: 4/5/68bitotb0th3cas30bunprdj0urp2a0R
deleted: 4/7/5auu0mrvur1e29mrn86lepdaq2kg5hoR
deleted: f/3/acmnhr71meklu36subrncfenuc4oli8M
deleted: 3/5/benc1ugi9rq3laccsjmhvd1osji7proM
deleted: 9/c/3e7it8kdp1cgl47ecqj7mrre48njk3aR
deleted: d/0/62l7ruvfcuttj9n2ii66c2hf36106pcR
deleted: 6/d/f2r095ieq839sdp8og6tfivfkgue2u6R
deleted: a/2/a3oudhrn696s5pti654972m0ivdc4k4R
deleted: 3/a/d1j88vv8dd24pjqg057i7vqk95g7cpmR
deleted: e/f/f2c6ldsgff5esltngnf4tqrciufdtnoR
deleted: 3/9/4cltdm26v43qm6jb211f87sfptd8il0R
deleted: 5/8/7458s854h7jh8k8elatgnnva09m20p4R
deleted: 7/8/703ecntqddct5go09suqkh2jvald322R
deleted: 5/6/f6ub0isi91na420k6vsqu2bcpsg3akgR
deleted: 1/6/f0s32l6otln9bu63vtavu485670bd4kR
deleted: 9/5/ade720188big8j12jbokg6l07a8hm7iR
deleted: 2/0/d6uurp29adol4s1mp1jnnaj3jqd9c40R
deleted: e/b/6e7l3jemm6rn90c8g03ehd67au83m90R
deleted: 9/f/4f743f5s508nvr21rm078iaftqu1tvoR
deleted: 5/b/1acp88vdfdli9gudfbcvqlirc1rb2i8R
deleted: 5/c/6blhei9ogh197pb5pg56c2re8vs7f0kR
deleted: 3/c/453dck7ja58mf9ed9vr1knmehao3fduR
deleted: 6/1/7befiflc8ctd61r2un9ba9oi9egkr9iR
deleted: 3/6/65jis7u9ir5rmsfjuhmhknpotofhsuoR
deleted: 3/b/13gafn1ml8d1m7pce6qabfe7jv3obvkR
deleted: 9/4/1cnam4htaiattp3599ifcf13ncfpediR
deleted: b/b/31rdtc0om32pgrqps5mi0n9udfaiq34R
deleted: 1/5/f540bkch1oj7k3umb11fvsh95u80rmkR
deleted: 8/4/9bvt3nd8hlndhngn9o9p0olnaft87gcR
deleted: f/6/0biubqbc1ksh1u54sslbvdpbcjdme62R
deleted: b/a/0eopeovjh2lg4so7eer2sdoqbpu15viR
deleted: 1/6/9c7k1imj14nndt13krhi55sgpkdh6beR
deleted: 2/5/0227h1vs0sucm8l25oa6c4t197ri9nmR
deleted: 7/f/eepbppopoevuvmcs5iaqbbplh2brdvqR
deleted: 5/5/40c8o3nhk7o64d882m963dlvcmi80a0M
deleted: 6/3/0cncapb6b6d25u2r9dllg0r2rckjgecR
deleted: 7/0/ca0psvhjd194cl0vku0g9ia82aqss6mR
deleted: 5/9/a8icnagu6hin44khhdpvj51nv8k6sraR
deleted: e/0/4dbtfg1vh87vbk45e99qaoeggd411nuR
deleted: 4/c/099bjrh0t31s5jisck0birtbhi70r3iR
deleted: 7/f/acpab42d7l3tmaog2f0tk5dbj0cs1hcR
deleted: 4/b/476kg7jtbi3aitstsfe2deb6ar5vd7qR
deleted: 4/e/fag79qnvamkpj2ev501i9e2ojesk5heR
deleted: 7/1/a5drnb4v4b2is66litgapaavq51m838R
deleted: 7/c/c7nl5huvc4b96ckl8ha7shaft31eafmR
deleted: c/b/cf2nrre0t21cj7nn04dsk2olc4n0nrkR
deleted: 6/8/6di11rakqtgtsunou6lunqqmggsi2dgR
deleted: 8/5/4aisvkqocipe34m7siq3jiajgtg7ao8R
deleted: a/0/bfsj01t3o78clk98496m6r81b4cl0dgR
deleted: a/e/510qihvrfq4hvtg8sm94qrtfh2k2e2oR
deleted: 2/d/b1faqdljcutm6kcgou2l72h5p9vg8pmR
deleted: a/6/19q0c7du8crmeep8com3567phe598q6R
deleted: 1/a/5797gflgagfega0c4cjgmv4m6aooq9sR
deleted: 7/1/dechtc5r4ohlnnuq2sktfcbj8mt8nsaM
deleted: b/9/4dva9neq9nq4c4mph4j3up392hm1m0uR
deleted: e/9/78dad5hcgsfacnogf8pmgvpe5g5mbo0R
deleted: 0/f/7f90dsgq76uip4hbb0d36ime995j7bcR
deleted: 1/c/b3ejtsq79gmdpros0241s3soi6t3npiR
deleted: b/d/3c5gf3a67lb2pttfj4tcjkrff2mbglaM
deleted: e/7/0f0okn76qn4rlvhjpl4078edjac7ikiR
deleted: 2/d/fed9gr3uvtmdmruh9mn97502vhdk7raR
deleted: b/e/861553bl8ic5oorq4lgrupvgus6qsucR
deleted: e/2/b4krc6ntbq923bnhnrl2eha4mgj2v7uR
deleted: 5/b/df9gc74d3efj4nrk47jhlo1mf1r0t28R
deleted: 7/5/47pffgm0nnbcg3teg1auqj8jo8irj9sR
deleted: f/9/8c4qi4uppe2fs3cqbiosiolj4uq1e4gR
deleted: e/3/5cvpf257das908mrtpnaardscm7d7hgR
deleted: 7/d/ad99remt3r1tub1bqaauq6v0p4mj71kM
deleted: f/b/26jrdpscl5e3khvm6k632mvocijarceM
deleted: 3/f/d0d4ogkndbjqoqtoj3i5llrt0g8bdaiR
deleted: 4/b/4fcn4lou526jti6t0odnqql3t0i8bc0R
deleted: 4/4/adgmls5c9mkupli8novh9av3tjduv60M
deleted: f/4/25gntdd0tgqh5j84o2ccfe2inat2jt2M
deleted: 9/d/c54n66llq9pkd6fdme6tdhu4mvh0m2iR
deleted: a/5/1c3sj6poa4gnki2tajnhi6aq40i2bscR
deleted: 2/e/a1soo7tsem16nd222gjbmp3jue39gn0R
deleted: 4/5/6f3a644te9vl1f4qkl50dqt9bpv7728R
deleted: b/9/6dn34njl9qpopsdq388upudbvgsrf6aR
deleted: e/3/db6dn7eua4rnd7le8hl43mf2j2skn4qR
deleted: d/a/87ph2v84kfoq9glqoo8bvfpkdvbmc4oR
deleted: f/8/eb6us6ig5v7631emfnihnql71fte7jqM
deleted: 7/d/4dr63skngauivag26nrerja6hj1nl60M
deleted: 5/a/033doueitqs4kfuvraomfelu8sjfte0R
deleted: e/a/8f95ffn6gqusmbatvkhr8rhcct9b032R
deleted: b/3/be4lsjesi0iak812jf7firdd9guqcfuR
deleted: f/d/3ergqfk5gea9c3iipukjjg73kjbhijcM
deleted: 7/a/c43bd0mv1skjjh8giakurgotl864pciR
deleted: f/7/c7u738olip4b1rek2g0edu08neojoqmR
deleted: 1/c/c7ijtk21jv7epsqj2sknea6qg05ruaiM
deleted: 7/1/8apje4t4i0lb6rpqc21ln6i7kblg4j6R
deleted: 5/b/f1ooinj5o153ks8pjok998l7f114qfgR
deleted: 5/7/952mnbil8f1cetjmfsiqkhppi5mgqsgR
deleted: f/5/a6nrk50kda8mai2qot6k9p5koo7fmbkR
deleted: f/7/824mo1jk9qhq0srunnicnossee3t2r8R
deleted: 4/2/61bmli5vk72ufrpiah8255hndtg0vaaM
deleted: 6/5/7fpo2ktkqltoikqrsnm7fa81325jg7qR
deleted: f/d/42p1i9rqediq9fm08blfbqbhv4egtfoR
deleted: 4/6/57nhnvpno2p20jlcfef884l9k5nmabcR
deleted: 8/9/a2m9lbv087kjo2qtr4pjjv2c8n8n0k2R
deleted: b/8/8ficb6bibk08ltb0jeppalanpaqpiooR
deleted: 7/7/c6518git71k7rno2b3082nfma6d2uqkR
deleted: 2/9/b7gr0a893n38dccqhg5k9snjmeoftbaR
deleted: 4/b/dd53ned51nfdof20qtu8747edi6ehogR
deleted: f/4/a42qo8so7uptdfqbm3bgnui9a20nh88R
deleted: 1/a/bctcigiauhnut7emioahtoccea0f19eR
deleted: 4/5/d95ohj8172b2r9puem9k9qumcsb5i2eR
deleted: 5/1/c391dbs81sq5i1qkt51r2mmsci9e46sR
deleted: 1/9/79ih8p230f9qsma99eg7nvr2n6msfdqR
deleted: 6/3/fdep9ht791hrheglj27i76agdkm5i7eR
deleted: 6/8/03clcqk1l4v0atiiq74dn0g7phkoki0R
deleted: 9/5/4dnhjbft86nv1nsvej1v8tc876hqemcR
deleted: a/d/8769go70hsj36c4lroht1pfme7r56rmR
deleted: 6/b/d0e0ts08in8m2nta1f8pfgopf542nssR
deleted: 6/a/dbjvi81eker5u70m3bptshsl1usjpe2M
deleted: f/a/51q7ur2opvpebkogm8um7l3qsn4n7kcR
deleted: 2/3/998ujkmctlrhrj1v1hbsa8nca0parakR
deleted: 5/2/64ktr5ig1ko0r04r9vl81rjr209r44uR
deleted: 4/e/e10g4m9btk6jcj5683n6hpvaaj4ha02R
deleted: 5/5/10jjr263f0n2okloh420er3g7sj1k54R
deleted: 9/2/6ee0uilgnrgdav43pehg1euc510cdacR
deleted: b/f/06l5ghnrmfllelpe5mv9q8cl6r1khqaR
deleted: 9/6/d2krqoqct4bffsqmcnjn6mss57kp3jaR
deleted: a/8/07npe7iucfh6jg901ppnmoe957u3h16R
deleted: 2/9/2eurq73k9im1jqt61c7ao0mt68l0pemR
deleted: 0/5/6275rgu0ib7atqr1c0bd8soesuskbqoR
deleted: e/8/b83b8jj9veodahbvmft699ncct1d15aR
deleted: 4/f/644epa1724eqkcs3aaj99311ouco2hiR
deleted: 9/8/cfda998oku59l8blv562mb7qst07ouaR
deleted: 9/b/474javbcquhg70e2ql485fq70d158akR
deleted: 9/0/d1ni441fkvcv2i20hrs8l1pk86hrbc0R
deleted: 2/8/df3ja2h5dgmp3f3rbmcjcpnup0pru3mR
deleted: b/3/99blim68s86mp5k7hp1qsdfg713lttgR
deleted: a/2/9drbt9iso8etmvluls2m0pjoo8dlb3aM
deleted: a/e/1b0pb7hhjue4p8uqtfp4p5jegvs65noM
deleted: 0/c/e8kkijec9fqbtk2melusenifl2b2i8iR
deleted: 6/4/83v860lp8pe7jfk5hch0bbus5g1fs6sR
deleted: 6/d/1a00g4am1brgm66giad3ttfn3p2dctmR
deleted: d/b/30thekpmv50ja41roetpos5jtog7g86R
deleted: 3/5/440l0lm6e0mv1uke20qtp96otijh5aeR
deleted: f/7/d205f4qr1mfhb2qbelhgrsvl8g07nj6R
deleted: 3/b/051hm2r49jphpk6b23vvdqs1l62pgrmR
deleted: 3/b/61p96h5bo79j5upfubd64i23faucf9iR
deleted: d/6/9f406vc12hs3l9horjvjiu811f3hv16R
deleted: a/8/54b3678ceh99gom36ee654ha3oc0b9iR
deleted: 0/6/7bf4kp4b8rle99hf7fl76hia8s5o0ogR
deleted: 1/e/2ad8acsa93npavkm4p5jlp7tvgp8kf8R
deleted: 7/b/9ds1lk2nrk7u2dgqm7j5ffems5lb7qkR
deleted: 1/5/f3efnd20nige3dvailhbfsb1krd80eiR
deleted: f/9/f5umqoa05t29pmnqinis90n4lubak2aR
deleted: d/6/f9s47ht9mngrb0gk9vh2p7mtmenql7oR
deleted: e/7/aefa6ollkovguclvaid4tfu5fr0cre8R
deleted: a/5/51u3cn7is7aa5il8lnfs70k5h0e45cmR
deleted: d/d/ee23rtejounrr240d7r8f4v2t57mmmaR
deleted: 5/4/69uuqjitboei5c5cc6igt1a7f5rcbl0R
deleted: 5/8/62m8sq8b370u7t7ffdv226t4qv3uma0R
deleted: 2/2/8ea8pfbk0rrtp3rvtvt8gf1kndqgfl6R
deleted: 3/0/2278jd9qescl6b13cq65bs4g2ihu2ikR
deleted: 7/5/e0o0dom559qim79qfgs304inbvthu68R
deleted: 3/1/1828gbvordr800p7tico4sn7u5ulc2iR
deleted: 2/2/13cf5gluglkb1snrfqvd2l9m95o6ltgR
deleted: c/1/cd4t2memum6irlmtc58frb3v6d82b3iR
deleted: d/9/dfhq32nsp5jeu04veq59mra02iq8aimR
deleted: 7/f/5c1ukicd0ojh531elbjgjmiuvjhk5tcR
deleted: f/2/b6ke0ldhi8rf2s5nnnn0i40uag0gbsiR
deleted: 4/4/afkdbnhf1qced1lfohqpffbir5itn0qR
deleted: 7/3/d3ov5guudp715v4brcqv5d56153b7dsR
deleted: 6/a/c9pr00121osjgs84b1rn970bnk6ufhaR
deleted: a/d/2211ib8mob72erdj2ocdts9g81b44leR
deleted: 9/f/84vmt9amsr5bds19nh8093jkfcqg7okR
deleted: 9/f/deva9d1itde688m26u0hgbmlfi55pasR
deleted: 0/5/86r2ngsgajt3dta0ujhcsr2lk2hn4caR
deleted: 8/4/e2j2jikl2ijffo2lf1tboph64dmcd9aR
deleted: d/b/fc7ljtv3loli19e9soqcdcej4af9ck2R
deleted: 3/b/badilvm3ufafvkm7kncbbbuq4vg1bkeR
deleted: f/b/48oc67gpvrr2tskjtgc6ctl263ue3fqR
deleted: 0/2/d5ot2gjajv7dt9174mg2pigbi7coqpqR
deleted: 0/b/aco8puqaj2le9mbrhk70uri9qmp0o4sR
deleted: 1/8/19lvctbdm388jh6eftf6fvp98k539ocR
deleted: 9/0/d5u3s6649j4ljcu40f7cp64gtbfssv2M
deleted: 1/9/a0jcq7nla8680n8fmivdg569g8e680cR
deleted: 7/4/e4dtu5vs6o5lbg1v83a42lbkehqkmgkR
deleted: e/d/c6r56k329po840tbh14tdehluse1gb8R
deleted: c/7/7ff8imahb0c9u12g1nrsheko571r79qR
deleted: 6/9/e2fp952dmtd368a8pkl71omfr2i8p78R
deleted: b/7/b1tijus1kfmo5fj8uhq824s29aplo9qR
deleted: a/6/63g4drf11qghm8v3bj2kvffuo4v9vpkR
deleted: e/8/4blgikt4fpd7rudi2u0kcbhh7rqff0aR
deleted: f/a/7474qisbppdu3vj1bptf3qo96q491puR
deleted: 7/9/d3b7rh3e7p9sjapj02burmhro1hv93iR
deleted: c/4/49vbq97h24tmequs0el6acu1sdo7t5mR
deleted: 3/3/45kpplpjkvfntq033qhea1u5olo02kgR
deleted: 7/b/ea1vc90f5u4g9jvifqk01hndt1qual2R
deleted: 9/4/88r941nvfh6o1gfm8i9kve854q7one4R
deleted: e/c/400a0ku8v8moljqnejptemsfa9fmseoM
deleted: 0/3/87k33tjj7emhdmml20l8oegvpcm8em8R
deleted: 6/e/175n7i9mrq1ocgqe2ar5b3arp8u2o54R
deleted: a/d/b37sv9fbqvf18a25sgvumtt98di6o8aR
deleted: 7/2/beuh9m4cvhkcnu2konkdp2c1d96m9paM
deleted: e/a/63163a5fj806m8gviagk7b8dk6jvt88R
deleted: 0/2/b9k571shjbtsnlvgo7h7vlaiacv88ugR
deleted: 0/a/33pj0ln5v9pe782veilajvcov4psr4cM
deleted: c/c/0bseh9akb1i0j74puf3pm3okp3eer4eR
deleted: 1/f/7fj9q0bgvls6lsninted9lvtmmgmumcR
deleted: e/c/6b20gmmj4svtlg20qb5jkab7hmfo2uaR
deleted: f/f/c0hai932mcla3loredg8kkscpg3apjaR
deleted: 1/0/195m09i28f1u6qrf8fc98khve958lc2R
deleted: 2/d/ffq1pa8n3bnaan8q1pgji2h12a3d1l0R
deleted: 4/e/d0bka2p6cj7upj3ahmi2fpo5mf052dqM
deleted: d/6/e9g0nhtpe28qphv207qm2qor67runreM
deleted: f/e/d8vb5ssbr5thqsan7h7i92n79n6gv2uR
deleted: 2/4/eeb1aaggdkplb6q1q82hdjs8rj8s6fsR
deleted: 4/c/efvhco2gq4f8b069v6nlvjhbipus0ckR
deleted: 7/7/07rrdia4vv1c57btohdp34nb1jg11h4R
deleted: 3/7/47gsrh8n2npmjk7ecti6a0fd1ul63kkR
deleted: 5/b/dbirhsit45jki0vj8pbhkhmp3hnvt2aR
deleted: c/9/34s83cn0783d9qo2nhtlfeu87muo0seR
deleted: f/d/62t9tqaq6a6ssl6dqik35gha33dd15iR
deleted: c/6/68itq7e5lvh6vc93ikf8gjc7o5sshbaR
deleted: 2/5/1eldkns56id1a3nju55nfu65kg9sltcR
deleted: 8/7/4d11fv7o8pcmh1f97e887040dslo2qoR
deleted: 1/a/21ticusq4hkj8fgfr55bp6k4q13e826R
deleted: 8/4/48ngtj8h7dg0usuuk0g8bpdmis68tcoR
deleted: 7/1/1696qsvgungbagulgtvtmjb4l8gnq34R
deleted: f/6/20lltutp8je8rcc3dfa75en7d16hacmR
deleted: f/b/682vcc0ddatuhgpbh2r08q5ospjsse2R
deleted: f/b/b7k33s6mr0pk4haees06jkrj66kn1esR
deleted: b/7/d5q106tsaaabtqluf8aplvlcj91q5v6R
deleted: b/f/933vm2f9fv8hp092tc7ouuk7b4cbig4R
deleted: e/3/35kikmj4b1j6vor914nnsdieufld684M
deleted: 9/2/2biahveqk3d7duljsvql42pb61bega4R
deleted: 6/a/49grpfqcdra2rr5aqcpdhgtsm7a5s5qR
deleted: d/0/195h6u239nli2l5hk07boi9p9e8hjicR
deleted: 0/9/78bg4gk76n50vkpajvkaovr70k23si8R
deleted: d/6/25j4lf9ut0966ce3di39f8ov7i5i6vaR
deleted: a/7/e9c18dt77qtkftpil0o34g7ncqp8136R
deleted: 3/e/1130ikfomgbtro75erdu167qobt2tfoR
deleted: f/c/5b3i8ao7clpm3mu91h62jr51cbbfj0kR
deleted: f/a/16l2artqd7b8gm4mhvomhm1u9pst2bkR
deleted: 5/2/3f5kdiau2oq96cebl9159r23ag2bidiR
deleted: d/6/e1s9moivvvu4rqi61llm03gsis2kag0R
deleted: 9/f/7dog978kir0nn076ejmcoj9204rabkiR
deleted: 3/f/3071aeau3b9eeb77iia2g3c4jjj2d7kR
deleted: a/9/8co5vmqbnfp97mcsp2jf9e574hcr25qR
deleted: 2/e/d6c0utacpgp5s4qmj83rp0ma557qftuR
deleted: 7/d/452sne2epk8q88q413gj0t7tgufagngR
deleted: 9/f/2716k4rebskgkbe482tnfma7bsvarv0R
deleted: 8/a/70slnnj76achoufs7fhvdjc3ihggjqeR
deleted: d/a/73khug7s2525cnmto2i4voipep6bdtaR
deleted: 3/4/473hiqlv4ipmglmipgc7rospv6d2bqsR
deleted: e/a/5dhkoa6h19sgjhlnh0tfrqmks25rengR
deleted: a/1/c7a8abcqj86iksj5242fjdti5r9aun4R
deleted: c/0/eb6gbphg45ie6d8b60bjunf9od32eh6M
deleted: 1/6/96htcgoftqia94vsl9774264shf1ih6R
deleted: e/4/2f71ou5q0io5ttjcbrfhg0jptqcti92M
deleted: b/3/e05q57sb4ochhqntqtan94rsf63f2s8R
deleted: f/7/7fclg3j943vf7jdnc6smk6ja4j2q64aR
deleted: 5/6/e4q8p7ti88e2sa1c413pevm25okv8kiR
deleted: b/c/a11vndn2kev4b0futfhk3dnrknv0238R
deleted: c/c/41sjdnv4tolhm1e6c8s70nhined8662R
deleted: a/2/79u0ivfab7f9e7t52qjv14m0f8u1a3gR
deleted: 6/5/b9a0c8lmvafffbhe0d13qp209ccq0eqR
deleted: c/7/53sicb95t1rd397e41r76il9e6fj9rqR
deleted: f/8/17b0qfbusq4svsa5jmrv7us65cgpbuaM
deleted: 0/f/9b5rb1u82lnrdf9i98c3ga0pkivaa2eR
deleted: 1/e/c22k7v7mcek3u7cf78a0eigs5eft5geR
deleted: 2/b/f2dj0k2jcthfqlsmcub2o8t3mc4bh1iR
deleted: b/2/9fu3u0rv6791av16nt0numjtl9g2ha8R
deleted: f/f/d14mdepldatv4vavmsf81emqchocj2gR
deleted: d/2/5f7uu0obhfpf1bi7un0klcs9igp26kuR
deleted: 6/d/70f2eot9llmiuhnkordj58bbkpl8d9uR
deleted: 7/2/1c5aqim5enmugdgk5u7hg12bnirp60uR
deleted: 6/d/70eokgdpmfbd7bmpes11l8u823etgc2R
deleted: 7/8/dafh3b6l3b0io6cma8o6ahjj2ue145kR
deleted: 0/b/917mujjc03425242b44l45bsugcon88R
deleted: 9/b/1ai2rogd0t1hqm267pk2mtab69rkt7eR
deleted: b/7/9fvql64sgo46gvi3dnl1r6lct8q9p9uR
deleted: f/4/e23obq47n2qma5d6cdnshpi8t6b6g06R
deleted: 3/c/8b8f95scm4h9d13kd7js3cs05se8eecR
deleted: 6/d/4c05enrq72vvpr60ktvo1rsjds743d0R
deleted: f/2/3ch2m7hm28snnpr0mdbi3h0b3hsjutaR
deleted: 6/7/c8ejsp2nlqa2j2b615j924a3gm31c24R
deleted: 9/f/c3eil9qg3518ld1sf2eadnj9qame7qmR
deleted: e/0/649in0ig47fl7ldh76ptla3nspku098M
deleted: f/7/3399v7q6j6usn4j4dgpcmu5233m50u0M
deleted: 1/9/a86be6ptdq99ngacj8i9dc953058rueR
deleted: b/b/97m554se30p25k8ngomk7ub8tr0bi78R
deleted: d/4/86c7rmgj2ljf7kd1b5q12k07p54gkhiR
deleted: 3/c/94vu1sdq0gna85k50r0the26gb1obseR
deleted: d/6/68lshu66uifveijd1j1kv1a1re8vgd0R
deleted: d/f/c2aosiuu02kl1vq12d5j613t2qjndngM
deleted: 3/e/80bvsl7kmd9lfi5c36ooqguui7ji1f4R
deleted: 2/a/7fl6mtp3c260ukn3847b9js71eok0t0M
deleted: 9/2/41300vlp0tpmhacbi5f99is4e5mdpfaR
deleted: a/3/69gmfk5o4bu7i087e1eag4al0leupqmR
deleted: e/3/8fn8emlni6v5bghnit483tk0iflhcg8R
deleted: 3/b/757lckq56cvtagtlsd4fmdmbbqmlr6mR
deleted: f/a/051c84s9regj4k3crr5p96jiepdc0daR
deleted: 5/c/14h3026h030katevacs47h32s5jgdomR
deleted: b/6/91a6aj80ru1p925ja38oeoc0fdmocceR
deleted: 0/2/08dvc5oqs1iqj2uv84er6sltmr380laR
deleted: 3/3/c8q26r3eb2cmtktbmajo4np6a6v6t5qR
deleted: 7/6/6c0tjl9rsk43pom4uc9hrma1vbnu8pkM
deleted: 8/0/679ei1r8ah8o3t6jdptoac721t7em6oR
deleted: 8/a/7c93gn31k3l7508bvkdj5vonhpbrqnkR
deleted: 3/8/e7rrgbef64dqvgjs2atsmtn29rk0dl0R
deleted: 5/9/4a92kbna2m842nel2aov84u6gfq9bueR
deleted: 0/8/857k50f2merjtht3df9gfe5ej1gjaoeM
deleted: 2/9/60lvs3evrge38d5prjotsjq1238mr44R
deleted: e/3/0fk6qr33bk493un8b6conttfcgk99r0R
deleted: 9/0/47pocvf30qm9mf7hitupalosb8jr8ncR
deleted: 9/0/7c1i48jth5tjqq2bnm30bgo1ce9js2eM
deleted: 7/5/b9gsi67jldsm3mdmg9g53f07l7je5fsR
deleted: e/4/b9ebnrldukjsuaeapp72hsgep1t7mokR
deleted: 9/a/30bp514glomm94qu37i8epp7le1qo88M
deleted: 9/3/c0r0lhqspmermgiec8rvqg4e0l5gj4oR
deleted: a/6/4ese9ts9fa76i5lok9ar37o0g0gcm7sR
deleted: 5/c/c14g42ua1qsp680bu65peiehg9sjpocR
deleted: 7/8/47ikjvlpj2as8ktus25n4i239s1kjmoR
deleted: d/f/19mnmt1rhq4jbqkvtnjlrts6sio40loR
deleted: f/f/f7lfivkhasi066mv5l1bt3cd9e257gkR
deleted: 7/5/27kpu0meu2fia18vs0l0necmstcl0u0R
deleted: 8/2/94lb7urn366lgqf7rt36nnnfnrdphu8R
deleted: b/3/f7dudbheu2n3b6lrdm97l8bdiuabu98R
deleted: 9/3/e42010v8r797nqgoj3hgos86nhpibvcR
deleted: 1/c/6726o57en9ar243r1hltrr398059j1eR
deleted: 7/a/97e59brm1dh2sl5b987a5qs0qpgldrkR
deleted: f/8/8ceji0ifnpha7c8bb0bsqo859pd6es8R
deleted: 6/b/47lp2jc9mu770uvbq7h1sttcreauchaR
deleted: 9/d/9ccc9jthde2nlq4qq5atdhh89i1l5gqR
deleted: c/2/d9uqvp1jfp929tm8uq85hone89mnh1kM
deleted: 0/0/c3mpemau7jjncf55vokjtkte5bl3o20R
deleted: e/2/61492jonee21bqkrccep2u35j7nsiqkM
deleted: 9/8/bdum84ulunbjattlejndiiehquvgp1sR
deleted: f/3/4ddmdgh2cbnioaric7lk0hrmo1k0k6sR
deleted: b/b/f07020eo1qvvc42caho562lffmcf17oR
deleted: d/4/f1o3port5pd5oed82dfmb60f7t9up3mR
deleted: f/2/1cl9uk0oq3p6no4ot0k4o1ggglgudlqR
deleted: 7/d/d7pcg3ci2t13sji3b22s1rn6lq213taR
deleted: b/4/5dhg102updk9lrj3va0oqmoibe11n2eR
deleted: f/7/967n4d4q2iv5kt7tdfk629qiqqnab86M
deleted: 8/2/7ftss9jc378mdu1tr9139r5faqnfpcsR
deleted: e/0/0enerdhaqp9f77jkh7r37st41gvqeikR
deleted: 3/1/326pp53o8i3l0707lcappglerk7flvmR
deleted: e/8/61bc7q34a7oa0adk5bgg7qmg5cu2njqR
deleted: f/b/eduq0nsi3spj7ib8acm2fk8lfc9vc92R
deleted: b/1/69s9beivmnpco123ebbjg5smb7am5a0R
deleted: 3/a/b30tj22all669qal5qsenpa2pgq7g8eR
deleted: b/c/c3ndlr7doscg0i6ibvd0aloarod5ebcR
deleted: 3/c/82ei70bcrc700el8gkr22jerijl8vj2R
deleted: 7/c/a2m3dcmu3fp8ejk3pbfqkremi79rrpcR
deleted: e/c/b9onk4k7ke63gdoojhgi647h98ib5roM
deleted: 5/4/2cjt6ifq9dagvvol5uem8m5amh7jegiR
deleted: 6/8/e3p58hpd5gbs4uss50cbt375m7o8bvsR
deleted: f/5/167r2mckqn0k4fia6h366k9bse6krk0R
deleted: 0/1/c35t84j6ac6i4tlatg64eptpecmk2ceR
deleted: 6/6/37cr1ft35oddg9r6erpongmfkv4qsokR
deleted: 9/c/00vafbdnhcb9ui4ane845qo863h22jiR
deleted: 0/9/e10jr472g4r261h2fhit7rjthd8dq0iR
deleted: e/d/79h8juob0flun0qqumr1hb82qed0e2mR
deleted: a/4/76qg0rcdi4jcqcaae3njmat1b1lsitgR
deleted: 9/0/00il3g6894sp5v0aog6tcvpoq989j08R
deleted: 1/d/92c52mhdc0ohajbjjcaan3hquh65208R
deleted: b/d/5067s2vlv5rq3vkdm8dr04k1p79tm2uR
deleted: e/8/8fspo0c51ood2b9do2bdu81t92kkp8aM
deleted: f/d/88iorsdesc5ciknhaggc4air79jhcmkR
deleted: 6/3/68uupuj37gs55omkl7g7rv7qoqsvgiqR
deleted: 7/8/b45ajogji619uubcu3tak9b0savmmgsR
deleted: a/d/94sigruo5kedo7944srv50krgnhfq56R
deleted: 4/3/4d9llrl3npcr2vp1gitatqfml1a5qjeR
deleted: 4/4/2cmeaitbpltt7gdahdogk13kga6284cM
deleted: 4/a/99477te902ujhu7u3065fjki7k1kq9oR
deleted: d/4/42tekaro0prb994v8baqp23gmo43b68R
deleted: 2/5/05649nfro830dkrd14ltspfn2l2equgR
deleted: 3/b/b0qjf5ttuq9a3j4i7q85mum34nfsagqR
deleted: 7/4/2fm8nn940p6ap5m3iadrq1196iekku8R
deleted: 9/6/3d58gej978brlpbm8803efspmolkf0qR
deleted: 0/0/381mm68110o02r7dqv8g8fncoemhr5sR
deleted: 1/b/2dohr4a68c46eo446ubeo4tk0hqs424R
deleted: e/c/d85lpsv2m8pq26mu0kdeuu1cf8bn8msR
deleted: 6/3/b64joi7b919c630fh74l6d23ortoukuR
deleted: 6/d/ab69hiquebdtcpv5cj094arrnlkhg7qR
deleted: a/0/a90or2ltt4crntkne1k54vjev88hiocR
ccache cache size is 169Mb.
Uploading cache ccache...