SHA for cache folders (/tmp/ccache_dir) is '876fa7a9d473fe58104c224f03bd054ba8807bc7bb66ceb25200f77b81eb6f53'
Cache ccache has changed!
List of changes for cache folders (/tmp/ccache_dir):
modified: a/b/9485246c5ae26e9aec585d20a423e1-4656.manifest
created: 1/e/5440a552182a8a181120e4e20f6732-1766122.o
modified: 6/c/76f7932433c1aa8049abecaefb8f35-16676.manifest
created: 0/f/79733b6b4905597685dcbab5b25134-6371597.o
created: 3/4/5cb74fe11a83f28d15229747fa9d19-89081.o
modified: 4/2/2460bc5a09b0c2b2fcaa4a0b0c1fec-3703.manifest
modified: 8/f/86f68417a3f6262212be565e7bae9e-4294.manifest
modified: 4/5/059acd6af8dd2255703b7e4389fcf4-14445.manifest
modified: 4/8/072a4ec570c87ace6a004c253d54ab-6460.manifest
created: 3/8/b1952c70f5fab7621cb3b699bb911c-661106.o
created: 3/9/223298d6584c94e2e4504ebfb8c5ec-2797410.o
modified: 6/e/ad4bfb365a1fae8255c721a022babd-3358.manifest
created: c/7/4bbd6d8129406e213ee0bcdbbbc044-5486057.o
modified: 8/9/44b6b82687035f6fc052272ed8425f-13008.manifest
modified: 4/a/19b07b8e71fa194b5f455aa105373b-2300.manifest
created: 3/7/ff129b6237a9d366456ddaff0c4ffd-3825.manifest
modified: 4/c/ee1ee3c0cfb730ffe5d6d2bc5665cb-17420.manifest
created: a/d/b7a5eb81b5849a86d1097d6cf55913-7205342.o
created: 3/a/1df719920752234109cb3741d7c7cd-21440.manifest
created: 1/d/5b2e6e8ae25111c901ac0493d98c63-2831175.o
created: b/1/56f2e9511caf3994f0877e01317d3e-24499.manifest
created: 3/0/2fe94d77376fa20cbad5baa70b8183-3403.manifest
modified: 4/2/d52961d691cf90d388f6a83bf345a9-5385.manifest
created: 1/5/ba698a137079a0848a872802bccf73-50071.manifest
created: 8/4/e915123ebc6c8fd4faa00a62b36090-7059408.o
modified: 8/stats
created: 3/9/4187de9c79538c6522c1a926fb237a-3579.manifest
created: 3/f/e2ac2aa1e4445c08e59a18dda55375-3477193.o
created: 1/9/8c28ff1ed5a827d3a8ea47bf9ae73e-10653.manifest
modified: 7/6/8667a3aaf8b8d8dc45576b45fb7d71-6660.manifest
modified: 6/stats
modified: 4/9/bd401a1261b428621c339905511eca-11118.manifest
modified: 6/b/21aeb12f49af11a890ce243323b232-43167.manifest
modified: 4/b/feed1d7cb2012a8813aad96ad7fa6f-2335.manifest
modified: 8/5/78fd53fda0b035631ab4f5976d0599-5792.manifest
created: 0/c/ca35d07356454a73f2c544250a942e-6942192.o
modified: 5/e/3d4f32d7789e5f0e304340ac29baf5-28485.manifest
created: 2/c/12e69dc7a9724611183e56b00237fc-14222.manifest
created: 9/e/5a56594bb532f23e71dbf0a0131217-5226293.o
modified: a/9/e1d524d5563e83307cc5b56fd98e21-8539.manifest
modified: 9/stats
created: b/6/a14a8faf497f6177058f3f83cd68ab-4148934.o
created: 3/7/a778201f631225f90814f52598c9e8-5742.manifest
modified: 4/9/1cc2ff900e531748a377ea26f5fd17-6088.manifest
created: 6/9/751802fa8fc327ebde056a3783c2ce-6948112.o
created: 3/1/d4ef32e6728285f616286ea836fc6c-7816.manifest
created: 3/1/1b208ea40ab71ff11f12528524a9f5-44018.manifest
modified: 4/7/4f6117b7a719ad1869419913af75a4-5597.manifest
created: 1/0/42e9bf2229060b1cb3591399070733-962576.o
created: 3/e/b1d16311445520cb4daef0da310de3-5315.manifest
modified: 8/f/b484c70a680fdb018697f7a70bc535-8956.manifest
created: 3/9/3b7d720d309a54c4fbcb970d0c545e-2944460.o
modified: 6/3/cab67cb8cd28949d736433e84ac103-10952.manifest
created: 1/6/4fea707c63f42bb79884f57708e8fe-4618.manifest
modified: a/e/b102c90a603fc7963782bb4dbe1ff3-3339.manifest
created: 2/2/09552420a07709b691365b1d14734e-15066.manifest
created: 3/c/0a8dfefff9c04ea79a68680e3f4c64-4696803.o
created: 3/f/52fa391cdfeff9213986be657acd22-2005159.o
created: 1/d/1d699c56b6e2ae6c031cf450a3a3b8-1758463.o
modified: e/9/8f2b194c1c41b0383fa4ee9fed670f-31601.manifest
created: 2/f/ad2f50085071d7ff0dcc7bb5667fef-11637.manifest
created: 1/c/f17a59a388f2502c4d9cf7e3bc3abc-3902.manifest
modified: 8/5/5125d6a8292f9b69719caae3d4d764-2543.manifest
modified: 4/d/1ef1a61185cb83087cbf986510dba3-8777.manifest
modified: 8/5/207a9f9ce8859fab5e62b689e81ea2-23900.manifest
modified: 1/b/a4a1850dea36db3ba45065699bd797-6335.manifest
modified: b/stats
created: 3/a/b0d9470edbae5505ce70a0ac8a1ed8-3552.manifest
modified: 8/b/6e61c48aa418dfe3531279736bd64f-18001.manifest
modified: 8/c/ef0ff2887d9976ccd7554dc95eb110-5646.manifest
created: 1/e/9e252b506187bbdf8080311bc411c9-2025096.o
created: 3/a/5bb8ee186b4c0b00159913f3ff0b7f-2321354.o
created: 3/a/22b833628f17b4ef8bccff7604e10b-37071.manifest
modified: 8/2/a49fa1cfaaae3b14e4d0412075e1c5-3400.manifest
created: 3/4/b512e291fc67ae75e1099ed3f2c057-1396727.o
modified: 4/1/887e5ed90a1640a738f5d866d04112-4452.manifest
created: 2/a/ac88cb4c3b94f5f439ec35cd4835f6-1829905.o
created: 1/b/1840d82c35ad549eb038219183b4f9-1345433.o
modified: 9/c/964647098be657d0686051b75ea4ec-14916.manifest
modified: 8/5/996874c74ee95087c0a8225657fdd1-10878.manifest
modified: a/5/daa31af1ffdacc1a0b3277082f9191-47263.manifest
modified: 7/d/9be9ae24a8fa2f5de9b431a2f0341f-19092.manifest
modified: 3/c/e81823d2fd6933ec36a15454b0a612-4467.manifest
created: 3/b/6c2e4daecd8c1f6825134f057ac7df-2678.manifest
modified: 3/stats
modified: 4/9/08614d088e4b83e708a562135d27b4-2230.manifest
modified: 8/4/026433f08bfe56fa6eb12d253f703a-2600.manifest
created: 3/8/955f61b5e3a6bf03d6413b888751da-9028.manifest
modified: d/stats
modified: 4/a/97ae3f65b720556aa3d40ef83afd1a-14762.manifest
modified: 1/c/9c8ae4d02d3ad000d0958e8dc9968a-95332.manifest
created: c/9/41be1ca41db97fb6c596e1f55b5327-5386050.o
modified: a/a/161a867aeb8e621218b84d18959a99-4485.manifest
modified: 8/f/b11edbca4e92e83642b5413b5f14b7-2613.manifest
created: 4/9/827f3fc0d2f9ba74782fc24a6fea02-7844128.o
modified: 4/e/6afaa8389cd5bd0653462f91d9033c-3298.manifest
created: 7/2/3b4b3a23deb231140c1d7be56430be-5570596.o
created: e/8/9c5262fc8aedbdd6127b0084ae7c62-4211545.o
modified: 3/8/692eeb9f3be2fc9340dfd79e189345-18010.manifest
created: b/b/5b16b39e34330ac9ef1769d663fc81-13321.manifest
created: 1/f/66f437fe2caeed4f31ba81b0421553-2010.manifest
created: 2/5/1dac0c45326aeda0d7df9ec546a24d-1597212.o
modified: 6/b/a41185c7383ca73dd1d4fe739ba03e-4130.manifest
modified: 4/e/84f7bbae0c5b2c581f9602500b44ba-7649.manifest
created: b/1/5740b85153e90b745d9c7d37bb739d-4054.manifest
created: 3/c/740ae50aca2e7cc3be50eb8f7eca1f-12022.manifest
modified: 3/1/2b834fb556c22ff921774ebea72b49-4167.manifest
modified: 4/6/f8d589b0d8ae5ad5e523d9a5623546-13379.manifest
created: 2/7/78b58567b1fb24ef2cef799e741913-2106186.o
created: b/c/dd0509d4657cd9b6d2abb2be337f58-5325347.o
modified: 2/e/ab680a7094804ed694ee3fd9827df9-7787.manifest
modified: e/stats
created: b/3/697edd02f9b5a80f2f960e42edefd4-4224905.o
created: 3/5/f4b162e08f93a632703d2dee647d4c-4848.manifest
created: 9/0/8fb2ee22797867318d51f271f339d7-6188037.o
modified: 2/8/fea3ac8ecf3135806392b18ffd34f8-2324.manifest
created: 1/0/a00b941928ed7d562f5d5747a64111-1758092.o
created: b/e/44c661f9bce992e64b9e4d0a446cbc-4200314.o
created: 1/8/7f756058190fef37886b8ed5cf99b1-9525.manifest
created: 2/7/62133feec2d4049a5f3b5f54c53d71-2543.manifest
created: 1/a/31511799e734eb256f6592db1b3c83-1750.manifest
modified: 8/9/1fdb2ac2ee82deab9aae867edc1dfa-6359.manifest
modified: 1/c/2f91420d6c3f990a18c4b457817846-17402.manifest
created: 4/9/95df729f56a780da6b66d8c1edb540-5278857.o
created: 3/d/8235389471916ad773500862eba172-1786438.o
created: 2/9/42522b3dc38494a566245aca27b80f-5622.manifest
created: d/2/3bd87eeb5d52080b920d76354f06ec-34194.manifest
modified: 8/1/3c43503913c07efc4f9e1ef3d9a0ca-3030.manifest
created: 2/2/02ec949e7d09d7179fa31a761ea4bd-3283.manifest
modified: 2/stats
created: 3/9/b7280e74ae303f0a0f4ca135c67b79-7917.manifest
created: 1/3/b5bbcadcdf53d3442262a7ec32020d-144288.o
created: 1/b/341118de5b6b2db3665c214cb3df30-3000.manifest
modified: 4/1/e576459ca2993f74f60f2677918933-12213.manifest
created: b/3/e75ffb97ee2adb03b8cbfa43c70430-4846.manifest
modified: c/d/8e1e3dac3c8dc92e01748c54404c35-123346.manifest
created: 2/5/a1b99c5a1523d2727a9890bf1a8985-2253077.o
created: 3/e/ae631600fa257744ee4d9fd726a0d3-4746491.o
modified: 4/c/193f5e60e6e6ed935e93228d56368c-3487.manifest
created: c/b/6275abba05e7d074b0ec105cd3c943-5215710.o
created: 1/9/22430a3fb800b2ac3a18e01365ded8-2128370.o
modified: 2/e/e0750c50db6d96b1f64bf3cf9c9a43-19884.manifest
created: 7/1/7afad22d75b25828acdc4aec13c982-5322202.o
created: d/4/088a0e8fe1d6d213459214ccac1011-4436181.o
modified: 9/c/95c4eb65b25926c3aa7715d9e3c621-5742.manifest
modified: b/8/a1ce52d429afe1657a3de440d6ead7-11313.manifest
created: 8/c/afc113b07895841be1844b109d4a02-6176839.o
created: c/f/60c57c190f6703d313fd837bf60dc1-5271880.o
modified: 7/stats
modified: 4/3/4d487c1b50314f37b51b6c283535bf-7471.manifest
created: 3/3/6aef4264a91c9cb54bda1d489787f8-4019.manifest
modified: 4/8/bfc55b912b00d62f0d4750b156733a-28469.manifest
created: d/e/29c96b467d96097763759384005df3-5543649.o
modified: 4/c/287a3d110118d2df9b24957628c28c-3067.manifest
modified: 4/8/b48f9cf6dd56fa0e44efd2de62d3c7-50320.manifest
created: 3/b/1067379b45dfb8410206e9f94403eb-1942.manifest
created: 3/8/78cd004576f4ffd4aee0438cc5588d-4784509.o
created: 1/1/31c8d4606801968efa851416aa7255-3707404.o
created: 1/3/33752a0195bb4b217bec7ae0e26fcb-26307.manifest
modified: 7/3/01d5ab4c8f9ce157e1f61cee603ce2-23539.manifest
modified: 2/f/fed9cbaa0892d83f148ce64f5dd6d9-8379.manifest
created: 3/7/ddd7580496c0b917d1536ca43fb529-2225058.o
created: 3/d/75f792b7cc7e9f74fa40a467a713b9-50272.manifest
modified: 1/d/8dc452c36db4fcc210bb236f5f1068-6490.manifest
modified: 4/0/888424fd1eb37dc9cacfe7b5a02283-4459.manifest
modified: 4/d/40a15c3ffa0d803cb82f32294071bb-2207.manifest
modified: 8/2/cf4ca0d02652a3bcec416e38e73945-6998.manifest
modified: 3/2/92cf8d564021518b627644a98ed5a8-8680.manifest
created: e/8/4e615c0055711a75686c4c3404796d-7490795.o
created: 3/f/6316e39df2f757e40d06479889eb41-2243.manifest
modified: a/a/918b0337f10167f0b0ac4137d73b1c-3103.manifest
modified: 0/f/87a1522b608f64bd13ad9ffd4f6311-3068.manifest
modified: f/stats
created: 2/2/6daca889df1a20457ab29ab3d2491b-49101.manifest
created: 3/6/16dcaac2282b4920cb5eabf60c81d2-8572.manifest
modified: 8/f/7f71f1204776498476b9684aff6334-17720265.manifest
created: 2/5/6ab1c8f69242c68a413e119b3db680-3587.manifest
created: 2/9/3fd03db01da816678173e2edd384b0-5025143.o
created: 3/4/be6b277826cb2b09263f8847f8c332-3010.manifest
modified: 0/stats
created: 1/2/d23aad3c2de99777e5fa169f382749-3213.manifest
created: 3/c/6b62217d625cc697a7a49efed034e5-4105361.o
modified: c/stats
created: 0/7/32e3691a50d68a146f920fe4560218-5218002.o
modified: 6/c/da6ea5976b43d922f7d5f209889581-3137.manifest
modified: 8/2/5c2306a31d799238b9e1f420289ac3-12902.manifest
modified: 9/2/0a673ea634727373fc7182513c23de-5752.manifest
modified: 5/stats
modified: 6/a/eccf802408744b6343b140fa81482f-3393.manifest
created: a/a/b74c49d38ef567a82fd75a4825af6f-7071182.o
created: 2/4/96c92f22d9655037c7de920414505f-9017.manifest
created: 3/0/748995ee2b2d4fdc324a16dd976501-2010374.o
created: d/f/0fc601c8fcd09060f4d02c366499c5-4250296.o
created: 2/7/efb8fbd9041887c8096735576bee1c-21178.manifest
created: 3/2/a7deaabdd35418a070cdca0ea819bc-2733962.o
modified: 6/a/8a1981fcb18734e9e2d34f0898d530-17837.manifest
modified: 4/8/fd5fd64577194d1fb39299c2e16e5e-14239.manifest
modified: 6/d/b2213a08fb0f286e5cae035d8d323d-2148.manifest
modified: 8/f/1abb9830580af622e56a2cf972fecf-3782.manifest
modified: 8/0/68c60a55e41a0ddd46e571d0398cf9-3492.manifest
modified: 4/0/fbd7fdbcef02b3cc41aa9179428969-21080.manifest
created: 1/8/54d96e9939c10013ed208e61e606d0-18394.manifest
created: 3/2/5115eac520ac90b36bcf72736bc23e-33209.manifest
created: b/9/2091d35e140e7a6e722fc005584f68-6397.manifest
created: 2/4/21ce2fe7a83304082bced791ae5865-1867.manifest
created: 3/9/ecd11fd7d51f689ef2ff4ee211b726-5443809.o
created: 1/7/f230d38e35635529ac6aa1ae68d44c-13301.manifest
modified: 8/d/239d405025df86ae5d03daab15fcd9-3487.manifest
modified: 8/e/190d7ee4ce6413076c1bda51aa2078-6556.manifest
created: 8/8/aa3bad9b432e8a8d2abf929cb4b92e-6927850.o
modified: 1/stats
created: 4/3/d3fc2aee3a12bc45cfa1fb256199d6-5235566.o
created: 2/7/ae9e3d8b5f7167e8f13b9a01da4696-5233874.o
created: 4/a/c78bd01d8535a7a321b9da4a136aaa-6847501.o
modified: 4/6/1a6dd6223ec729c6c2f73b66acccf6-4726.manifest
modified: 4/a/fd5ab9d94bab2d8819b37058f9fde5-2164.manifest
modified: a/stats
modified: 4/stats
created: 1/d/3efff1b095a41d2b6448af71174401-5219541.o
created: 3/7/0c3ba4ebc29e95f24e0196ab721985-3110385.o
created: 5/2/a85be368cce0fe98327b514f7af13f-8004235.o
created: 8/1/dd27dcfc1fff9c95fba4379814e9d3-5483468.o
modified: 4/1/57a127ca74ca82f45e1ef8466c2573-12132.manifest
created: e/6/b9a4a880f959b9df869bff1b397027-7059924.o
modified: 8/2/b3d4677ca0bf76313dc05547192391-9732.manifest
created: b/9/c48c0b419e9db79851035c56f89a7b-5275973.o
created: 1/5/c4c1fbf706b2a56545bb00367cd674-40379.manifest
created: b/0/b766e9e584a43d47184a3b97931514-3073.manifest
created: 1/e/0bef1536775e831f4204b198aa5d5f-8932.manifest
modified: 6/a/5deb95b7d61f8e31a6f7ea50286b89-34997.manifest
created: d/c/dfe56967f2cca7bb64946e5d4d027f-5357661.o
created: f/c/7f2a91c3a1dec37bb95b3d441fd5ae-5909076.o
modified: b/3/af5fb282b21160e73d70e54258f0f7-24462.manifest
created: 2/1/43adeefa93566e4cf2c1c7319e1fa0-2789429.o
created: 3/c/2bce4530b45848bf935b8f4ee2b840-2294475.o
created: 3/4/28c426156833864e22dd356ae7f3e2-2216703.o
deleted: 7/d/8a45e442611852f27d203c80f725cf-1805.manifest
deleted: f/4/81bf78b8610f9828662bd00112e74a-647162.o
deleted: 8/b/69281250cfe59177cf0c5569518e90-49962.o
deleted: 8/e/a5accb6eff7b2e661b43498bbeeca3-1937.manifest
deleted: 0/d/079f6fb890cc1a6f0797a07acb4317-1415767.o
deleted: f/c/71486668821380d44587885829583a-7973.manifest
deleted: 8/e/00d483eb81f03c18890cf629ea3206-5220980.o
deleted: 8/c/f43e3a42c754f48df61dc82fdd0cb8-4756683.o
deleted: 3/5/25e8df651f45bff49cf2c0b8204f1a-5225971.o
deleted: 5/e/d3da008129d181cc90dc2e3495e6e3-15864.manifest
deleted: 4/1/99903b6574910494ed46614efdeda3-16262.manifest
deleted: f/1/acca33577c2ceae4338372982484b5-4112464.o
deleted: f/d/6a37594797dbc176fd2f0921f4a35f-1857614.o
deleted: 8/9/717d153fe89ca36076298d0fdf3429-2548.manifest
deleted: 8/7/7cb9e846baf84e236a8d8f870987c1-2188281.o
deleted: f/d/3b1f37c6e32095070ba5f468d45577-2895.manifest
deleted: 0/5/a344d00764e63c9cab3fcd21f3eaee-36983.manifest
deleted: c/2/7f4305d881b618fe380122620f2461-5235680.o
deleted: c/8/e9aeddd389de8fb040204254864e97-7205020.o
deleted: 4/3/9cfa9d0de9fec58943938f50670bac-5844802.o
deleted: 4/1/fc7e58a026dbbbf46a302adc182093-17721.manifest
deleted: f/3/da1337132eb74e3f0f2e4f86b22a09-1200423.o
deleted: b/e/9427728456d9a1426a49049f3844aa-8003913.o
deleted: 0/6/c48bbaf2910cf0f8ba95d808cc7d80-3940978.o
deleted: 8/f/92fc6f317c1a7e5895a5ed261a827f-4706.manifest
deleted: 4/8/b19bf34255e557b34d76bb58592322-2392516.o
deleted: 4/a/aef7fe0a1b901f7512ce16a4b6dd2d-17679.manifest
deleted: 4/7/09a20f84ae682f66adcbc1fc02b0d6-6904.manifest
deleted: 8/8/ff2aa4e9c4c7a81360ab2d18d04b2c-2967278.o
deleted: e/9/51ac22b913e3665bb7f4b68f590aa8-5217680.o
deleted: f/d/5b9007d171310209bce0aa0f55e20d-1774721.o
deleted: 8/8/c19df6f73b38ec1c92a2c512dbbbdb-6927500.o
deleted: b/6/8d7f844214ad912cd162b357210ae8-6941870.o
deleted: 4/d/c70c3056c1352efdcc9ba14178949f-7282.manifest
deleted: 0/6/fef4d2b3f976ed401b167b2da1485e-4255028.o
deleted: 8/1/aa3957b062b4713076510d8e5234a1-639618.o
deleted: 4/8/fde05f23586cfa0a070212373096ae-3113568.o
deleted: 4/2/f42e75690e61e132305b8a488e6ff0-31243.manifest
deleted: 8/3/6e1ad557ed83c7f1b343e352f1533e-3295.manifest
deleted: 0/d/343713e5cf7eeac38df02b2cd6524f-8868.manifest
deleted: 1/c/9dbc5a073f97c3cdbd11a53cd843f8-5483146.o
deleted: 8/e/14096e76c3b5ad5ddc47d154708e89-5261.manifest
deleted: 8/3/4ded8868c67bef8c3abe26c23b63ac-1613843.o
deleted: 8/8/212948ea2d3d710095781b07b5401f-11559.manifest
deleted: 8/c/330de85edd6ef705fd0f8f6399557b-2321354.o
deleted: 4/b/6d97220bd40b8d56586da63a071f78-2812871.o
deleted: 5/4/9f9f5a2155594719b17abd185533e6-5410175.o
deleted: 8/5/b500de1a956ed9af137a01907cb068-2947431.o
deleted: 2/e/61e5ebfc70a31bfa5134e4436892db-5908754.o
deleted: 8/4/3230aa221b75f80a6f66e8246a108c-7413.manifest
deleted: 4/8/ce95fbdf11ef9763924f1d50e930ff-2941843.o
deleted: 8/5/6e5bd676ffb2851f89e4996f79bd59-2178180.o
deleted: 8/0/b3fac37c86250b193c7f56c4e185b5-6941841.o
deleted: f/9/5709e47f2bdcee311a619f868fc95b-1929.manifest
deleted: 8/e/4541edccac191bf7ccb0a7e65f28a8-9934.manifest
deleted: 0/a/f549f29a0f41958491ff7442e53e96-5388395.o
deleted: 6/5/6880943fb350069c164226c5d5a2a7-18837.manifest
deleted: 2/f/f556b1472be5fcbf9e74de2e4f1bc6-6927528.o
deleted: 9/c/c2124af8a174506359679c151969b7-7070860.o
deleted: 7/0/d049973256b4188064b72301ed2134-87584.manifest
deleted: 9/e/8a9d608623ad28e3a7bf8b933b9351-4149626.o
deleted: 8/d/a3a3c826c4dc36cae05ea9fe09bc06-2831037.o
deleted: a/e/ebaa4b03b1a8a1a1e985b46acefa1e-4371293.o
deleted: f/a/a6512a7c45f89ff6a27873afa89c15-6947790.o
deleted: 4/9/46d1d1dfa46f504a1ff297e3a04799-2291424.o
deleted: f/f/b04859515ec07c571074af6f5aa3af-5215388.o
deleted: 4/7/bd5aaa455e694c8b154f92e5edadc8-1832303.o
deleted: 0/5/f63594e11f29c80e333accaf535e72-4113493.o
deleted: 8/5/4ad8c6596b0aa19cfbc323ba618456-7066.manifest
deleted: f/9/684b098f3ec9a1c97e88d3cce3adff-5349221.o
deleted: 8/c/c9dc5d9359130b4ac865d4e5465ca5-18137.manifest
deleted: 8/f/88fae242f4ce26bb56168f0d2069c5-9411.manifest
deleted: 8/7/4b71933e87cbf10f41b3b61933a890-8127.manifest
deleted: f/0/26dd9bbc54b360b7ac4f2d045c9073-52544.manifest
deleted: 5/7/437e41dd4d3ce4caa4dd292c61bba1-5219219.o
deleted: 8/3/c491f0c8e40b926c42f218d9acb2f5-2874751.o
deleted: 0/c/82a4d97372232bc73d1f671efec269-4135906.o
deleted: 2/e/7b9f59e1a97c988d279ca5b07d1ec7-7059086.o
deleted: 2/4/a998dee04c453a76d547d51786f5d4-6187715.o
deleted: 0/f/83b6ac1544d8d34d3b4fd1185949da-3003889.o
deleted: a/9/9fcdeccb1cfdde3f75c118b25535c8-7843806.o
deleted: b/c/320ed236998f74c6ddfed2e598fc8d-5508476.o
deleted: 8/f/87c2e0ce910030d03dbb65142884c9-56705.o
deleted: d/6/94b72abd89430aefc2720adb3906d8-5570274.o
deleted: 0/b/77f5c3a646df6fbc370d57e8832375-970138.o
deleted: 8/1/3f1079d98fa999f9ef0077a0d43eb8-33783.manifest
deleted: 8/e/5d8996ff44b2313b68ab8876349368-66835.o
deleted: 4/1/62fdefda0d9aa93db3a95fc24e9105-2332292.o
deleted: 7/9/f7648a1cea77c4cb9b6e993bab5aa2-618262.o
deleted: 4/a/c466d949a93ab2811d89bac202e8c2-102483.manifest
deleted: 7/5/6d3aea20f8aecfc9f6a6df8ad7e31d-2859659.o
deleted: f/1/30b8f0107ba0ddec87be0421d1a10b-3622.manifest
deleted: 8/7/98c0ca9f148ae00d0f396ea362a6ba-5502.manifest
deleted: d/e/e285aba4e569cb2a2c2aba3a80299a-5592166.o
deleted: f/c/353a1e304f5a8b08ec1be68ba68356-7490473.o
deleted: 9/1/7ea148bd4501f9591770ec206ee0ba-5321880.o
deleted: 4/2/c4146f6d7612126093b4e0422558ac-5814.manifest
deleted: f/9/eceeb790da29bc18b84eea1517d3ca-11851.manifest
deleted: 4/b/114523851e076d26fed2473b649fc5-4812582.o
deleted: 0/9/9e8e060399ccb260b04cc5c0b1b6b1-5853.manifest
deleted: f/c/c77ef7ba71f279543a90177750d9b9-982422.o
deleted: 8/1/9ad1f88fe93309f31e02fb4c044bec-7209.manifest
deleted: 7/0/54ff410c5fc18acfb8e51b17357484-5533397.o
deleted: 0/0/2026629a2d5e78ab4a1afbbcf3fb75-21027.manifest
deleted: 9/9/da01579e4d8167ab6e15f3c7ead7d4-4102.manifest
deleted: 8/c/b969e309e761564922d0f4cf98abc2-6847179.o
deleted: 8/0/f7ae413b36e94ae63e6568e5359dbb-27965.manifest
deleted: 8/6/9eb367b0e4e2b47a01ecb207f54a5c-3238.manifest
deleted: 4/4/1d8125eea92005cd131e7d7e8cff01-8797.manifest
deleted: d/1/5a5c6117dd6fc0660748b9a3b7b826-7059602.o
deleted: 8/0/e321ca023cebbddb421a89e8357e03-4793339.o
deleted: 4/a/af1b557087a309bae92cd5e7b1f4c4-2244.manifest
deleted: 4/9/92dadf2ae2d337228b64f7b626e778-15868.manifest
deleted: 8/4/434ba027be78b39dfcaf9d2ab5416d-6288.manifest
deleted: 8/4/74d611e60ba227131c609ad410f78c-69057.o
deleted: f/7/4f3cc14c5d3e90bebed7bafb3e4982-4156751.o
deleted: 0/f/7a6e802d5265e993aca089d66244fb-4712.manifest
deleted: 4/6/08263e3796a2b6b7287e1a4d26b01c-2332.manifest
deleted: 7/a/fc1f2a778efe0c63e538e36e03f368-47811.manifest
deleted: 4/5/4f77e65556f76d77813ad19f533450-5485735.o
deleted: 7/2/10098cdb8e6f37aa92c14b5e9821f1-37189.manifest
deleted: f/5/9ba4f7f4fc1f1597ed8509916deb26-5233718.o
deleted: f/4/828a80e8834666a8aca87efc5b35ed-12033.manifest
deleted: 0/1/1d38a7985228acfe17a190b68fa09c-39827.manifest
deleted: 8/6/ba38317c604e360be810611033eb84-24870.manifest
deleted: f/8/0369586ecb5a5f9f82c8b5574d8a9b-8164.manifest
deleted: 8/5/43a5c9b095c30553fe54ae5ddc5a74-7174.manifest
deleted: f/8/af3e382eb4ff4b97c9db5b2a069758-12014.manifest
deleted: 0/4/01227411d0563a6bdfe01f493158d5-15936.manifest
deleted: 0/6/0fc020ba8338d4b84e9ceae4ef643b-4502221.o
deleted: 0/3/c8b6e20bbd24a6f0395e06631341e4-77283.o
deleted: 4/8/0adde8782c2c27819e05bce3b2b8f8-3539.manifest
deleted: 1/2/260cc1bd929b8bf57a4327c6a746ad-6176517.o
deleted: 9/9/623e954023b883c342ea13dfa7e0bc-5296688.o
deleted: f/3/6a9fc0f45fddc657896a021f6c493f-101830.manifest
deleted: b/4/19eab34877e6c51bfe5b98d02bd08c-5493973.o
deleted: 3/3/2ae3d84c7c4b5c05f6dd54acb86509-6371275.o
deleted: f/0/bde891b94e845422b0fc5aa2914135-3808.manifest
deleted: 5/2/86fd75089b9bd89893d77092e966fb-4283441.o
deleted: c/7/d38667e27761052ada71186f2a26e6-95209.manifest
deleted: 0/0/0d8cf87f0b54344ff921a4b825f739-21929.manifest
deleted: 0/d/3302a7b824f34f408ee7467244b921-1897.manifest
deleted: 8/d/447639e43e98e33882d0f420ad8bb7-5197334.o
deleted: 0/6/13c05dbc7a2b0fefcd7f5ba328416b-3675.manifest
ccache cache size is 166Mb.
Uploading cache ccache...