SHA for cache folders (/tmp/ccache_dir) is '048e6e89af075f0c32a0ba704bb2cacd6edd4ab43cb4aa710f40f6214183eb7d'
Cache ccache has changed!
List of changes for cache folders (/tmp/ccache_dir):
modified: f/0/a63429414832acca3ff87429ed47a1-113766.manifest
modified: 3/stats
created: 8/0/43172633b9b71ab7ecd029b4ded39e-1469.manifest
created: e/9/04dc6c96eae2f5f2e2a252f663427f-3166742.o
created: d/8/78dc4cf21d86fea2b19a619bfcdbd3-3249698.o
modified: 8/a/30a87bbb0ff629383c31c345a1fc24-3158.manifest
created: 6/c/d55245ab036b699de98c34058fff16-1780933.o
modified: 2/f/0ce243eba556b07301e7fbff65aa63-4827.manifest
modified: f/stats
modified: 5/f/22ac7d8dddce0afeeff6434cac4398-4405.manifest
created: 7/8/e765012e3e178c73602676c1661cd1-2937454.o
modified: 2/a/e8006b4964d6b4327d6264e977a46c-38422.manifest
created: 8/0/ff6a0c6b0db54facd6c64fc45d373e-3492.manifest
modified: e/6/6b51e2cf6ab53d611d126a55059693-28136.manifest
modified: f/0/8f03dd999048f03125b9e6e78f70cd-17203.manifest
modified: 5/stats
modified: b/stats
modified: f/0/473b2ec148c43ffb7fcc4ffd1901b6-65605.manifest
modified: 7/stats
modified: 0/stats
modified: 6/0/4607b2ac61b9b89521b730c91297b4-86626.manifest
modified: 1/stats
created: 8/6/29ea8b6b8c96ba097b465396863285-5563.manifest
modified: c/stats
modified: d/stats
modified: 0/8/e13f70cf34d74af379add0499dba8c-5867.manifest
created: e/c/67f1cc46c262784529bef0740952ba-3198048.o
created: a/5/c54fe84412ab0af0c1056aa17786d9-4878170.o
created: 8/1/abe006806420b545a5e294ef5c2c9e-1780965.o
created: 4/3/cd02cf0cca5d5c6a14ba848f8c8dab-7072052.o
created: 1/f/598fcd656c840f7c5c39e7f6069ba2-3201690.o
created: 5/2/545a1c140c17d7be82dc49b2333559-3276940.o
created: 0/b/a0dfa49a9ea3e33d592876d7e8c087-2836862.o
modified: 8/5/eaca3e81772d51c53c14819d8535df-7490.manifest
modified: 8/stats
created: 3/b/683d005258536bc184a61e476ff72f-4616550.o
created: 8/3/ba46aa92d61ecff7788c8244ac5db2-3849.manifest
created: a/2/b4fa43b8e5502996a6a324859f6316-3298735.o
modified: 7/1/71b34dee91ceca2be2ebc5f6bde880-15895.manifest
modified: 2/stats
modified: f/d/17613fa99df59dca8cca32e5ddb96b-1954.manifest
modified: 6/stats
created: 8/8/bf859f4fbf7106bea4243c0d7be9e2-1645.manifest
created: 6/7/46293e3fb254c9565828dbad199e64-4526327.o
created: f/9/604e9be80ef4feaf7325d01eebdc76-3044100.o
modified: 8/c/8255feaa4120dd39a2324a82dc70c7-12427.manifest
modified: a/stats
modified: 5/3/de200015440b24b17b3b3a466397e6-17720102.manifest
created: 8/b/0f62d93a949c4639f787db373aa7fe-2811.manifest
modified: d/c/18288316b8ee4dd9710ba3fe88c615-46777.manifest
modified: d/2/71f9a84673a1c92fb6f10163f4d7cb-2931.manifest
created: 0/4/50b4cbf463fcf7e56239a88046a143-2879149.o
created: 0/4/28e1032ede75bd636aaf05bd03479f-11866.manifest
modified: e/c/afc66ea7a0a21f5546abf872b96cac-4772.manifest
modified: 9/stats
modified: f/d/e7f196d49723478f2e6ad34167fec3-11677.manifest
modified: e/stats
created: 6/4/6ba701d80e530663d0f2f8f783ce2a-81537.manifest
modified: 4/stats
deleted: f/1/6a8c376a500da6a0e3cf599e65a374-4479928.o
deleted: f/0/143007a6b2bfc8376321e6b47eb96c-19461.manifest
deleted: f/2/5be8fb7bcd5bdd0ac0e256422d217c-18129.manifest
deleted: f/3/0f8b4c910991fbf1ac2509acb7a3f9-4744161.o
deleted: f/2/acc71f0ca11bd0c9f5ea32fb86e265-4502465.o
deleted: f/2/14877bf8bd989378e085f07d9882af-3785.manifest
deleted: f/1/d3df48709e33a48b6c690abe0f9b55-38248.manifest
deleted: f/3/9ee1ea6b4d75bc8ada9441ce7c4230-4329066.o
deleted: f/2/cc5e1f9045765e0c6502a2197ea9a0-4395076.o
deleted: f/2/d13c217cf4c2c75317471e49936ea0-4493212.o
deleted: f/0/e9d4168982e6e2e240be13272fd641-9391.manifest
deleted: f/3/4d7543982a7e0213fca9e0d636c7ba-3201585.o
deleted: f/1/eb71f8a66732ceacf81d5dae57edb1-4797951.o
deleted: f/1/5691ed0abc115b8223f0e43d48bedd-3136.manifest
deleted: f/0/7b6ffc36a304833ff22f4e86eb7b5a-11727.manifest
deleted: f/1/93ebffb03aa70a9ea61168d3e9d551-7084.manifest
deleted: f/2/2bc3baa2d2de15e9a2bde8c7f30b4c-1949.manifest
deleted: f/0/607d35437536bbfc8986e826ee5276-5386618.o
deleted: f/3/30dfb4104adadecabdcb9c13838ad2-2994163.o
deleted: f/3/171edfbaf0f78c7f66508a9e1cabaa-2219779.o
deleted: f/0/0ec2af4f0e1601d914b43d35f057c9-7669.manifest
deleted: f/2/48ac07146243063b03b4594195ce2a-2704.manifest
deleted: f/3/14f753cbeb92344d3f9d38fe0642cf-4314712.o
deleted: f/2/85d1e8098335a2e5a5472f41247cbe-1720.manifest
deleted: f/0/ceeb03ed394ef47d734a755c6a0030-4999.manifest
deleted: f/0/6f30dfd6a32ad73b2dfc40ff91c009-7097.manifest
ccache cache size is 169Mb.
Uploading cache ccache...