SHA for cache folders (/tmp/ccache_dir) is '2ce47d17cce82dc8993443b4ab15a50cfbdcc3614521053cb55930b43e264ec9'
Cache ccache has changed!
List of changes for cache folders (/tmp/ccache_dir):
modified: 7/8/stats
modified: 9/6/stats
modified: 9/c/stats
created: a/1/82m5i8mk1pm26kb3hmhec3is7t295bcM
modified: a/c/152qohonnfderr6pkj53po8bo907h1iR
modified: c/3/49j6m2ermtok7dc98g7255u6flvs4c6M
modified: a/2/01dfj0khuasolimqob1kv7m8mumll7aM
modified: a/stats
modified: f/9/stats
modified: 2/3/b72061to51tp455lh5aaroadmr0pmmsM
modified: 4/2/stats
modified: 9/stats
created: a/9/c5g90ka7ipd4q8heta2irlgbv0sgchgM
created: a/a/6blkhnulivrn84os0gua9tpbna5o84aM
modified: 2/0/b4tseqs5selipkhs34itgg2j5bkmpvsM
modified: 7/e/stats
modified: a/b/stats
modified: d/7/stats
modified: a/e/abhj680hshmo5akrrkcl3uncgqaj7emR
modified: c/8/acppuji6d5l5fjqbls76uuevjarvmfcM
modified: c/f/e80clpk0u9c1rlfifpk1r6oihom42toR
modified: d/5/stats
created: a/c/a9d58dj2ood3npjkabg1a4saiu8abt0R
modified: d/1/dbl20somgshnom0o1b4jbrhire79o46R
modified: f/d/stats
modified: d/7/03253tv4nj3sg5htdl3qqh22tiqc0ikM
modified: 3/8/stats
modified: 4/8/stats
modified: b/0/stats
modified: 3/4/4fjgmm0mb6929rn1sg9hhnjvc5dnhi6R
modified: 9/6/4bqr2bkpcu0e7bp3f0cvln5grtrcmueM
modified: 5/7/stats
modified: a/8/f6oved01fem3de44ht8rs4c9koo4j20M
modified: e/8/stats
modified: 9/0/f3julksafr83uh3lu9fqk0mojtv8bkcM
modified: c/2/stats
modified: a/c/stats
modified: d/6/stats
modified: 9/b/b29tqe7ka29jdatqdjp3qhskdvunvl4M
modified: 7/d/stats
modified: 9/d/7f1dg71ln8bkgtt39je74lkmbtr777qM
created: a/7/dd6pkp58tk7tb3oenqe11606tv1lnncR
modified: c/b/stats
modified: 0/3/stats
created: 1/5/f973hvfe6efskt6tbjdqe2o1qsi8nb2M
modified: b/a/stats
modified: d/0/70t5q93j5d9vg32g6dfi10a5ntcc1ecR
modified: 0/d/stats
modified: 9/2/49mpfcv3nkj2fr3raalvd09n2kod5euM
modified: b/d/stats
modified: 3/5/stats
created: 9/5/dbggcb39le98hpsjsmocb4epf04f7neR
modified: d/0/11bvut9i5k5algkrp5hj6c28rvo1dbkM
modified: 8/e/c0ckr6pmneef422emflfdqenbvk7l08M
modified: c/9/bd80k40ht9hio4pn33i0s3r2us8sjuoM
modified: 5/0/stats
modified: 9/0/431oi89k6esdmra0ncuck90sfa1gim8R
modified: 0/4/stats
modified: 3/3/stats
modified: 9/0/e6edtfadr00p66lcpl74focvjhd7rdsR
modified: d/0/a1nqc82ssso1fj3o787c13c4u5j57m0R
created: 9/5/67r4i5v5043qv3fcih0a5vvvvheq8geM
modified: a/e/b3ot7j6h58rfp0hqc172ub2fv5n8i5aM
modified: a/1/stats
created: a/9/2f8c88f4tjt4enl7f8529bhka2mi00oM
modified: 0/6/stats
modified: 3/9/662f7lg17njuqhbh9sng8injs7jrqcgM
modified: c/6/stats
modified: c/c/stats
modified: 3/6/76jgp5e5u48j8mmk77ke7offceipoboR
created: 1/6/a23ub36al7d12hkbkr6q7u99vm3hkmaM
modified: 2/9/a7vdftk82b4nv71fro9iuibfts0ld0iR
modified: d/3/0dftr8fqoal4co8chtac4tthgjuvj6sR
modified: e/b/stats
modified: 2/9/179bojnn081q76340gen92gmvcth036R
modified: 8/8/stats
modified: 7/1/stats
modified: 4/d/stats
modified: c/8/stats
modified: d/1/stats
created: d/a/16i08b74ik2pa58up6dl7281up82pleR
modified: 1/5/stats
modified: 2/6/a7srbd19kr8fs0kfbk1recl51nelff4M
modified: 5/f/stats
modified: a/2/080777099c39tidaifumiuvk1jl69jiR
modified: c/1/stats
modified: d/e/6326kii7imcrt7jd0m0pjv62b6umgvmM
modified: 4/stats
modified: 9/5/b4pspl47lona0tffkai8p843enan898R
created: a/5/4aukfp9pbssfmjufu17cddnmcpqd8umM
modified: a/f/stats
modified: 6/5/stats
modified: b/2/stats
modified: a/0/85ej7tgccm738heed5qo68v7d2foqcaR
modified: e/d/stats
modified: 8/3/stats
modified: 4/c/stats
modified: 5/a/stats
modified: 2/7/stats
modified: 2/9/stats
modified: c/3/e5uulcsfekmmplgo810kmj0nicab4r8R
modified: 7/3/stats
modified: d/stats
modified: d/7/09av3e179i0ahq21hd8t3nmscm7fvh8R
modified: 3/0/stats
modified: 6/c/stats
modified: 2/0/72c6euhfsa8j8nfmpfeqgr2ttvb9pfgR
modified: 7/stats
modified: 3/e/12ovf96v0dk7eqno17sutd9n1jjubmqM
modified: 4/9/stats
modified: c/8/28vgut359ps8sbjgpvv86gfma4eu4nkM
modified: c/9/stats
modified: b/b/stats
modified: c/6/9cu4bljdrge03ttg1h69s7ha8c93q1iR
modified: a/2/stats
modified: 3/9/8f8f85l9g5bqf8fs44p7tna8t86nncoR
modified: c/3/stats
modified: f/3/stats
modified: 2/b/stats
modified: 9/7/7eb9qmjnnrrv5burjr64n6m4lodsvpuM
modified: c/a/3cipg8ktmi7vv0u03qclph012m8uh9kM
modified: 0/5/stats
modified: c/3/c9mg6ruq8vcn6u5akkp1cdsedb07q50R
modified: a/0/stats
modified: a/e/stats
modified: f/0/stats
created: c/3/89sebt7lj28b86n8nibu1gmtk8eopvsR
modified: 3/1/6b19s8be7fehu176con7as8dhhuhlg4R
modified: a/2/69q5ortrvaomu9b8fm3lbj4p1nd5b02R
modified: a/6/stats
modified: c/5/d6k6mqs5csaesod8u4kmaev361fecfsR
modified: 3/3/e60ttdole1mkblm4a5k0dum10ug4kckM
modified: 3/b/8e4mcs54gm0qq7464nlhtn6ghorumreM
modified: 9/7/05gl5osm79pppkkr4f29ul7p0pgqei4M
modified: c/8/ebndd6qstergt654e131ku7rbqaqcr2M
modified: 5/6/stats
modified: a/b/e2t42mcues98e4cnbivs22v4j4g0j40M
modified: 4/5/stats
modified: 3/9/stats
modified: 7/4/stats
modified: 9/7/stats
modified: 3/b/79a9p39krnmid21pl6ru6se15npnojaM
modified: c/3/809mo8llg5qkdik3pkfgr0ragq3ne36R
modified: c/9/299s1n7n0t9oa2vemgpgplvqs2hkpk6R
modified: 1/4/stats
modified: 5/4/stats
modified: 8/f/stats
modified: d/0/972i6h5c42l4tq7mdpgqmqsjt3jn0o8M
modified: c/8/c57sfrnil3sotfqv17h79megbrpf1asM
modified: d/0/stats
modified: 9/3/2c42vhraivtjehfkghu2q9sm09q760iR
modified: 2/2/stats
modified: c/8/e7ee7n05qfl9esjnsit47qkgimju3pmM
modified: d/6/20ou575q5usv7dup2elior5e1ioenkiM
modified: 9/6/c219ft3smmsi7mebm03ecg9jtto32p4R
modified: a/7/4a1bqm61gnhlgn9f02vngnf7tl7mblkR
modified: 4/0/stats
modified: 8/a/stats
modified: 9/3/stats
modified: 3/9/c2oshtpj58ql4da3jf072jsd6hhj044M
modified: a/8/stats
modified: 8/e/stats
modified: c/0/03jr5ek94hmerfa1edvhqfe0qusnh1cM
modified: c/stats
created: 1/8/5ej6l9j2lbjnqk12vqd8vmocu94gnecM
modified: a/9/64u2335em8s6tduun0ga2gk8sq3tag4M
modified: 5/b/stats
modified: b/stats
modified: c/6/4087dfes0gg82aef7hs10m4il97erecR
modified: 6/3/stats
created: 9/d/1fprlfms2plaftbgv2t9jm3kg0o02p2R
modified: 6/9/stats
modified: 7/a/stats
modified: 9/8/stats
created: 1/5/711ah8thnfm407tbman2sp61bhgfsi0R
modified: 6/e/stats
modified: 6/stats
modified: 3/a/stats
modified: d/2/47d2kgm7l2qr0q1c2bkgobq3e6tjacgR
created: a/a/3082uk3294b6j92idlurqpftn5r1ncuR
modified: 9/6/fd70uaqalvg9g5bt5j886ia7bvvtp3eR
modified: a/c/9417ltr9m8115gl7og0kiq652pm0nfkR
modified: b/6/stats
modified: e/5/stats
modified: 2/4/28ljumnckn007cgmv6k8dugs5ta5mr2R
modified: 8/d/stats
modified: a/f/6aoja58ncrbsrs1gfj84okpnupls1foR
modified: e/a/stats
modified: 2/0/stats
modified: c/c/d1fjpuktjgc6foib2iss51h32doinh6R
modified: 9/e/stats
modified: 2/0/51ltlpc21444i6ae6jlkbra0a1v45o2R
modified: 3/2/fbpu4hep2nncpiikuutnt93lgj6dp20M
modified: 8/9/stats
modified: c/3/853srq5c8atlda9ejjaj2jql3echhaoR
modified: b/4/stats
modified: d/c/stats
modified: 9/5/bbupghg5oshjdp3smpl78upnnvqhnkoR
modified: 9/8/b63tm84afii0hgqjpnurh30s80a3qacM
modified: a/3/stats
modified: d/a/eddnbi66jnp9365nimujef3i6obb822R
modified: 9/1/750lqh37p89v3t161aslgtrs6r7e7tcR
modified: 0/8/stats
modified: 5/3/stats
modified: 8/6/stats
modified: e/2/stats
created: 1/1/3225fk4o18gbp12s82pos82jim11a9sM
modified: c/6/2acmujbgg5k2uefqte18o2kk4k0n0ouM
modified: 2/a/8fog1et4e0jrd1a06s9b3d5rv55vu2oM
modified: 7/c/stats
modified: c/4/stats
modified: 4/4/stats
modified: c/3/e9d4d974063flmp617uda0n250kvkn0R
modified: b/c/stats
modified: 2/7/famitcv6up7g6vpfpsmmlvtfncadfjkM
created: a/f/55e6re7mm6lt1c8qc22kuvjuel3leasR
modified: c/4/56sl0b0o0rhfp8bhtic8r56409rejccR
modified: d/d/01b7iqv3i4pgonpjjfl8jd13cdtru4uM
modified: c/0/90gif5qrijjovgbbvfjjs4vsqe5kh68M
modified: 1/9/stats
modified: 2/d/70gtmaq480top5l3jgjl158clj4445qR
created: d/b/b17pm5euk1gnio521sjdn094t998n8eR
modified: 1/6/stats
created: 1/8/ackqmmhmamc1n7bu5tcec3mk8f47ecuM
modified: c/d/e8ck0slh8ov84d9ncl1ljef53cuq2vsR
modified: 0/e/stats
modified: 3/6/d777au766th03e07t227un637s39c10R
modified: 1/0/stats
modified: d/a/21fq2emg6ac0o22hogalfqi37jm44kcR
modified: f/b/stats
modified: 2/stats
created: 3/0/3cs9vermjplvq0guli1vnb4ebg9mdnaR
modified: 9/d/stats
modified: a/0/d2aklqtnv0om81891864r4esuno4n2iR
modified: c/6/25j0cb73lqu6d3l3keifqupoisjhtpqM
modified: f/4/stats
modified: 4/f/stats
created: 9/e/38uommll7eo92mrqne4mrs4ekr2u4ngR
created: 1/e/3cv49eia1d5rqnhe2kk67cn1trg71vaR
modified: 2/5/ce8oks1i8l9etf24uspa3go627pime2R
modified: c/d/stats
modified: f/1/stats
modified: 8/7/stats
modified: a/4/c0n8dq940m4mlu9n5218ug6m8n01hooR
modified: c/a/574f51akj7v0al5lrdonlncs30q35gaR
modified: d/d/stats
modified: 9/b/stats
modified: 9/1/553vreallh68lsru5n9c8lsb6b7g02qR
modified: 9/5/stats
created: 9/e/6368vo6rigju0a3710qhsn4a6bev64mM
modified: 9/f/stats
modified: 4/a/stats
modified: 1/c/stats
modified: 2/8/stats
modified: 3/b/stats
modified: d/1/c058uo13ukm72gr0g3s18jin7p3u4n6M
modified: e/0/stats
created: a/8/9b2vera7a81u0m64e7mfnrse152a96mR
modified: 4/6/stats
modified: c/1/a7u0d3cb3rt7en7fl0bf3cdiq0hri7uM
modified: c/c/aa51h6k1p4gi65a8bni3k0c21h1sd9aR
modified: 9/7/3cnrtvor1d3a4vro4sf14u2joopcoasR
created: 5/a/a9tdc6qr3td690toojpqqbevjabc2ogM
modified: 6/0/stats
modified: 3/6/stats
modified: b/f/stats
modified: d/7/aciktqk4ihcqe07ucqne1q6uomlmo36R
modified: d/b/612692fi5koird2tk21u93uqapbdt8oM
modified: 2/5/12b5gg8217kdva9efron0mf9cld9jimM
modified: 6/2/stats
created: 9/f/2c5lf9fajea279eh17hjca23jcreoomM
modified: 3/3/20mpgasb80mqlou8cr4tm95kbpoo3foR
modified: 3/0/15ql770fjbgdpkjvtg30ji4v0an61tcR
modified: 7/9/stats
created: a/4/fcjkph6o2gpo4mvku35loveal21nba8M
modified: 3/1/91ghfq9kdhh7qskrtbmhan3s2p7mhnsM
created: a/1/69cnr0nh8htmq4u2cnlq235oci2o3baM
modified: c/a/454c4m53qd6vqsvq77gvjg7ef7n8e4uM
modified: 8/b/stats
modified: 9/8/9e5ot0enr8f5nb9rqd3vftft9uo5jdcR
modified: a/2/2d3ujqtm8cvlt613bbodq6h5oku5apiR
modified: 1/3/stats
created: a/7/c8bo071it57hmi1tls3kq1ibaiimkusM
created: a/e/d33fdc7gb57q9rjv7unj3ftqngol5c2M
modified: f/5/stats
created: a/9/395jtm7amnj4qqait0m5sgs2q6lfa34M
created: a/5/bbbiovv7h353ra1cf9rfclojc3decpkR
created: a/2/5fkiove7bgtdf4r6mooa58tq7kjs3aiM
modified: 2/9/4b5j96buc5td0e8bcus3dplc7rvkg0gM
created: 9/d/1eqivvrupd7ia5om7ohatu812r8pflcR
modified: d/b/stats
modified: 0/9/stats
modified: c/6/b33pgsueb9cvv1f0in8odjli35io4fgM
modified: 5/9/stats
modified: 2/f/stats
created: a/5/2154qsgidi3a35va50sbpap13oaoq72R
modified: 0/c/stats
created: 9/4/ef0ee38ao9s5eqe2u1o4i37g805a9l8R
modified: a/d/e6vii41t6vtgkv9ph4ovraortkl5biaM
modified: e/6/stats
modified: f/c/stats
modified: c/0/069sinm1den2st826tl4d4f7ou77g9sM
modified: d/2/stats
modified: 8/0/stats
modified: c/a/stats
modified: 4/e/stats
modified: 9/b/f9utv1la7b6m5f972q71tg7406lco32M
modified: a/5/f4vjot53tm4h9u7i5oqv2g8ja9e7630R
modified: c/7/8cjt2ols6a0r3ogra67bv3hf669v4h2M
modified: 2/7/3355f8om9mimb89ao3i391f7jaih5ssM
modified: 4/7/stats
modified: 6/d/stats
modified: c/7/d3h71lt9992g1324gd29tvmr283h4h8M
modified: d/0/d6l9aahb816als8umc85pjq7m4b2ce0M
modified: 9/1/7b0nf10sovmg7qac8nee6adf7m9bid4R
modified: c/0/2cvjq23pdtno4nbt94sk7apst9kvom0M
modified: e/7/stats
modified: 9/6/31sfrig4f9u4pl0rvf6b935166esunkR
modified: f/stats
modified: 1/8/stats
modified: a/8/d2dc3g40v60h252opq81i073ttj6c2gM
created: a/e/dedgtfjpd239uj3hj86dbsbpa23d4b2M
modified: d/0/44d468c13ccol87g1seei24e42h32mmM
modified: d/0/dfg2vlmth2tnte6djcjh6p2jdv389raR
modified: f/e/stats
modified: 0/b/stats
modified: a/a/stats
modified: 8/4/stats
created: 9/a/e8ugubmdinjir729ff9mn1bpr8q4v82R
modified: c/5/0bsko618fkqpg67b7sbpu9l5mbquqvcM
modified: 6/6/stats
modified: 9/6/d43n6iln51uqp4s7dahs7uq0b4jvrh2M
modified: 5/c/stats
modified: b/1/stats
modified: e/c/stats
created: 9/e/b363m4o4avjc92s0l05gh67dcame2ncM
modified: 9/2/36qcf2035picfk3iath31v4pp04fvs0M
modified: d/3/stats
created: 9/a/083gj3gods4etbpoc5amhnvos2smkmoR
modified: f/2/stats
modified: 3/d/a2lr9hb9hq1f8csqkfcavegrnljroq0M
created: 8/b/59cnibhb41dpgol0eauspmf26mce622R
modified: 9/9/stats
modified: c/2/5ffi1vrmrihidsp9j22q0f3b2crthfsR
modified: c/7/c6qnn9rg2kaod8gd4vu75aibt7j77i8R
modified: 5/1/stats
modified: c/f/stats
modified: 9/1/stats
modified: c/6/51qkspc64eolle9ri8vhrpeo5l6ljf4R
modified: 1/e/stats
modified: c/7/82t4oe4aoiahad3pd74fc3hnlfv1hasR
modified: e/4/stats
modified: c/a/56pveqjavenmrt2gg83qs2et72morp0R
modified: 2/0/73suck6oqu57qoje0mmbiqe1l37r3j0M
modified: 5/2/stats
modified: 5/d/stats
modified: 9/5/796aqgbubfv1vtscrrugpdur422g0soR
modified: 5/8/stats
modified: 7/2/stats
modified: 0/7/stats
modified: 3/e/8f8q5k80mijpc6rmpoa74h43ho6g41qR
modified: 9/5/68jtuf0t9tjfrki4asp4tgsegte71r2M
modified: 9/0/stats
modified: 1/d/stats
modified: 2/c/stats
modified: 7/6/stats
created: 9/f/a76tmo3kpfd0iitv6ltpmnseiitf96eM
modified: c/e/383grivfit50aogeqgtco5g44knurmiM
modified: 3/1/a9ndgas4o1521lqc00s2ddrurd7onmsR
modified: 3/d/stats
modified: 3/7/stats
created: a/4/cdccijmktt6q0c302jif6jber68k9oqM
modified: c/3/ddcgucoj6rged06vnfn67iqr7sc4de4R
modified: c/3/75c2d2m61uasn0bdf5j07jjk7afa75mR
modified: c/0/c8i2sv5mnvt2ueroid9fdqv9ebv9tdiM
modified: 6/a/stats
modified: d/8/stats
modified: d/f/stats
modified: f/f/stats
modified: c/3/ed42bqtklfrek1f30qsbpgs8r7vejpgR
modified: d/b/e0naqcbt8rkpfo3cq2lhrhnd843hl86R
modified: 6/f/stats
modified: 3/c/stats
modified: d/7/c4eoob51n080fdet7cm47fbceeiji84M
modified: d/e/stats
modified: 9/2/stats
modified: a/d/stats
modified: d/9/stats
modified: 1/f/stats
modified: 3/2/stats
modified: 8/stats
modified: 1/b/stats
modified: 6/b/stats
modified: 5/5/stats
modified: 7/b/stats
modified: 9/6/24t8v8od4put9g9sfaar5b6o255r934R
modified: c/1/bc1755gr00o2ib263r8fi3b8cc9b3tuM
modified: 9/b/fbr060ljiffl6gfd98fbpeo04iqm3lsR
modified: c/4/f0b9gc2so5vpal1o8n7ue9gjikjupr6M
modified: e/1/stats
created: 1/f/aentq1c3e84bt7j0le9vaq0objb1l12M
modified: 7/0/stats
modified: 1/2/stats
created: 1/c/89lrul6ovk3s9d3oghqbesknf3t0420M
modified: e/e/stats
modified: 7/5/stats
modified: c/4/3c8dra6f907m3facroq3r52v13o9hlmM
modified: d/e/4695peba8aue3qm55d663n0vq7t7m7gM
created: 9/5/76rimlbpr56tues11tcvmnk7533mklsM
modified: 9/8/d0ml7spk4u02u4v9pt103ofe9d2h6doR
modified: e/3/stats
modified: b/8/stats
modified: 3/4/b43jce77ds6o2d47chrtl3i4ud45b5mR
modified: 7/f/stats
modified: 2/5/stats
modified: c/5/3bfpd1084oaecjajae1lnekf5134ihiM
modified: 4/b/stats
modified: 2/4/stats
modified: 9/2/efvkfcnhn2qrcm02e9u9s6feht1hvpmM
modified: 0/stats
modified: 9/1/47r1cbcg0dabceodf76vhmbgtnb26p6R
modified: 0/2/stats
modified: 3/6/68biptoj1tk4isrppvs8ume5dtoqd86R
modified: d/8/d5jlhr5d1jorrpm4flit412i4v8o1hkR
modified: a/7/stats
modified: c/c/6fko4vujee7l7jgi41bamanlm2ba2kqM
modified: 3/c/64leoj1s3cmca6g6bjpi5b2gjim7en2M
modified: d/1/f66p4k15d2hfdpfcfatvh252clrrjhkM
modified: 2/6/stats
modified: 3/8/e844tdqp70fa1l1vf2rn1296f68co5oM
modified: c/f/e0aibb964jhha97qsh4l8iurhjirrfeR
modified: d/1/6evf23ve0vm6b2g3bk9upgeq9g8jk7mR
modified: f/8/stats
modified: 1/7/stats
modified: 0/0/stats
modified: d/1/d8e6op9o8dnke3fcoru9ps8phtgvhviM
modified: 9/1/1217h45svb1efsojuvk3lb9ipln3c4gM
modified: b/7/stats
modified: c/7/962lt5fui5g3lpehvdc1vnp7fkhn0dgR
modified: 2/8/698t59iqg0ffjenvlb9jgao6m76o7geM
modified: c/1/f3cn83qiv1odkqmk5f6qjk3uak3lk8kR
modified: c/5/6c0np0g1tpftsdu5k3nv1c4emo1pcggR
modified: 2/3/stats
modified: c/e/stats
modified: d/a/5a90pa5fiaf3ji9bj3lgon137k27da2M
modified: d/e/60s71gt9k5sapokcble32jc991l1fpuM
modified: 2/e/stats
modified: 7/7/stats
modified: b/5/stats
modified: 9/0/20l7hac8pldrjna55s2ar9bli80mtheM
created: 9/2/afi6ki70ih80ln0joh0pn6p2f47cuogR
modified: 6/4/stats
modified: d/0/8c1tchg78htq576mk3at9pncrjcn78kM
created: a/7/a55oet5bsqq9lc2t6gu4kff84kh8dv2M
modified: c/0/stats
modified: 3/e/stats
modified: b/3/stats
modified: 3/1/stats
modified: 3/4/4dcb06dqa03m7f1fi84c37aden1egsiM
modified: 3/5/159bscaup1esk674qbas3hegilnechaM
modified: 0/a/stats
modified: e/f/stats
modified: e/stats
modified: f/6/stats
modified: 2/1/stats
modified: 9/d/7ctp1061hsa4i43461ousnrj2om2ufsR
created: a/f/65l0q868jsj46d4nmro4mm5vacfmp6eM
modified: 0/f/stats
modified: 2/0/17g7iighujqe8j0qi97im6tf3dp6f9aM
modified: 3/f/stats
modified: c/4/9fp797plms2r9l985da9cv8jaujnj7cR
modified: 3/2/b0cj5s4qifelelgbitk3bhq7jeea1feM
modified: a/5/stats
modified: c/5/stats
modified: c/c/d0ahkv5k46c1p40aego01uh53nasq9kM
modified: d/a/stats
modified: a/9/stats
modified: 2/7/cbo5teaeit7nfdv9vu1e23ums8266t8R
modified: d/4/stats
modified: 2/d/stats
modified: 2/d/930mmaacltvn2mh83g3sdjvfb9ri36uR
modified: 8/c/stats
modified: f/a/stats
created: 1/d/ab3shr23di4ehqn1c9f7kvj5vma54oaR
modified: 8/1/stats
created: c/5/fdo350h7e9jhjq47pp7m2s206tgmi7uM
modified: d/8/d6m1rufjhr24dom6rks1uds5ilgp9tiR
modified: d/9/a3t8ohsol1122fngtqfpmah5ai28qu0R
modified: c/6/0fjfnuh7mcra07g020k31qbnqi0cn3sR
modified: c/0/54qj9022i7gk94o89nup774sqps412cR
created: 1/4/0ee24peccs013r4cc3o9mf568q997egR
modified: 1/a/stats
modified: 6/8/stats
modified: 9/9/42v6313dqh4uca10t3o670o4d6fqamiM
modified: a/d/a07lgns8doakepqphlufferlsmmbfaaM
modified: d/6/8dl1mqi6im897domdmbsil92enmesr6M
modified: d/f/2aeo0jdmj3enk8rma82echbrj59vojaR
modified: 2/0/92mmitkuv6nhb35l7r08pknbvdhb5akR
modified: b/9/stats
modified: d/8/0cfpshs1afcr8pbf0q8vv5oprhh0qeoR
modified: 6/1/stats
modified: 5/e/stats
modified: 0/1/stats
modified: 5/stats
modified: 2/a/stats
modified: 9/a/stats
modified: c/7/stats
created: 9/e/52v01l8bu6rllvt292grmrgiifu9bh4M
modified: 3/4/stats
created: 9/e/3bnhq359nlher7qt4cvoh4agphct3n6M
modified: c/3/c8faaomt62v5ka3ba6to5c3q9neo13kM
modified: c/5/53cskk8urtt0nq5v5kq5q953hr299u2R
modified: c/2/45mlfpdl4vhm1srhbnpb7cf3htshhq8M
modified: c/e/dcsuchbgstqh0eo4mrl62l78umuuc60R
modified: 3/7/185723t3upia99b7tpdmb2ukvqkqa0sM
modified: 9/9/be44f8cc67crpk42k3rdiq9gv0cq4u2M
modified: d/a/441d1upj5iodnojqpu2s22gj875tt52R
modified: 9/9/33l42dcd0uo10fjfhvhe4sedq32hl7aM
modified: c/9/3biags4iq3ki305nf3o0le6p5f4qraqR
modified: e/9/stats
modified: 1/1/stats
modified: a/4/stats
modified: 4/1/stats
modified: 8/2/stats
modified: 2/7/01hjenpk7rvo9h2kbujkg9158lo1fouR
modified: b/e/stats
modified: 6/7/stats
modified: 9/4/stats
modified: 3/stats
modified: 4/3/stats
modified: 8/5/stats
created: a/4/61es3cpb56u45vh7sbqm8288390nb24R
modified: c/8/bbpj2jgt1md3m0915rf5s6tvn98r4oqR
created: c/b/66lbdrmkd2sorkukbh0khk4q0pjic8oM
modified: 1/stats
modified: f/7/stats
deleted: 3/f/259gfsigf767ke30pfe5imvmggdbe88R
deleted: 3/f/a4d7fatvfu8v124p8g6tkqm2c0l4ar6R
deleted: 3/f/93t0586e218lclpevj0ms55jjuf3g2eM
deleted: 3/5/9fs8uec08kdecejc8kgchlvfddrq2rmM
deleted: 2/f/bfd878k9scg19oaptqno3ni110metn0M
deleted: 3/7/25h6fpju010eguqgdlb9nnr2g6elo6sR
deleted: d/f/6av9k5uudip5scq4764j6c977u4fjuoM
deleted: 3/0/7b7r8duaed1dod9c74ovh6j5crbbp9qR
deleted: 3/d/468fagbjdflfcujui4lvo68512pn9fsM
deleted: d/2/e8vcgpctocc2junodsoj92d8f0boh8kR
deleted: 3/c/4evt1j5ifbn2pe19bq91fdlv54pqf60R
deleted: 2/3/514ls2t5v35umd2lede9bgiq2jmnf3iM
deleted: 2/b/15ehso352729ak5oah2aigl50kr4vg6R
deleted: 3/0/eagaco2dqfnlkns810hp7itao98aumeR
deleted: 2/1/ebee40hjkfhfc4t6m25tjknukvqhr82R
deleted: 3/8/c7ik2b09batrcsqtl9na0gjtd6nsirmR
deleted: 2/3/01ijf2iimfrrlg8h90p2ddah85fqe0sM
deleted: 3/7/9cmicq1rv1vbaor471p7n4gqd4mmknqR
deleted: d/7/945lcvml6gi8s9cl6ns21r0s4irr86kR
deleted: 3/8/4bq9igrtoa3bje6rmp09ini9lfitmscR
deleted: 3/9/434lhjj27n97qv41nscfd2c71u1lhn4M
deleted: c/5/a6m77fpk7svk16688am4cumrq8f6mksR
ccache cache size is 263Mb.
Uploading cache ccache...