SHA for cache folders (/tmp/ccache_dir) is 'e4ac98ecdfa665a27f0381c6dde652ecd1e2cb89d7fbae9cecf5374eb204e77f'
Cache ccache has changed!
List of changes for cache folders (/tmp/ccache_dir):
modified: f/a/8c4bb8ec73db09d202bca9a14711d2-39655.manifest
created: 4/f/d0d455b7e8e8c32b272d5a4380cb8d-4503308.o
modified: 0/3/69519fc99955dfd96b4c3b25d021d3-3621677.o
created: d/e/856529df605141c47867c052eda6fb-5461213.o
modified: d/f/8115203910a6f3dbf89f302e1a3414-4438676.o
created: 8/6/f6a21b845760629d07c6464d92a618-4440023.o
modified: d/4/3394a70f645903180ff40ac785be68-3142.manifest
modified: 1/9/7e1683e23843f2e47584b21f7ba789-9952.manifest
created: 1/e/9e1e6e0799664dbd5a6cac9a50f26e-4930324.o
created: 7/3/6d993e14b4d36b1a723a17cac4a483-4559657.o
modified: 1/c/3a45483713c93f7a09c12be0b50cce-7901.manifest
created: e/3/9c174dc2440a47ec44df14377809f0-1660054.o
created: 2/2/d84c586c715795ae09f7e406fd9943-4958606.o
created: 4/4/5244ecfdd1187dbd859f5b69d46ae6-4454723.o
modified: f/1/448ddda66600c079313b997e6b03d0-2340.manifest
modified: c/a/b1805fc6fc4c5cb2947b982ec7f7de-5797.manifest
modified: 8/6/2396d7eb551b920e3eb2e15da1168f-4786.manifest
modified: 5/7/46775c5d409a6fc193374437fa7052-52719.manifest
created: a/d/5e3d0954e5ab931001439851791319-4567825.o
created: c/9/875adbd2ac9e59cd03447d6417bd40-5983.manifest
modified: d/7/66e3fc87206c2099ffd90adef1f2cb-6604.manifest
modified: 5/5/b2ad50b9a81820583122863bbaf899-2762.manifest
created: c/f/8cc9b33146de5a4be58e1381abd739-4355673.o
modified: d/9/35f1e849da3f2434033e0aa58e8cbe-4000.manifest
modified: b/3/311b02ddbbe4c151d5c48e20cf7506-4485140.o
modified: d/9/1ec12a14072cf0a62796c870b1b5d3-4403.manifest
modified: d/d/713594dd6d02b5442099681cd1c426-16236.manifest
modified: 4/1/9cbc08037a179281b1fe3945cb80bd-13411.manifest
modified: 0/9/7f1c4cea266aee3ee48f8c801177b8-5850.manifest
created: e/2/4cdcd9ebc7595fb79101da0059bb53-4454.manifest
modified: 5/2/49372e61d775be0bb7babb9b764692-3462307.o
modified: 0/a/8020ef34074e0964f1caabf8de7a29-12910.manifest
created: d/6/eb764a886c7c2b1acc6f444b475f6f-4922807.o
created: 1/e/cd1116c7329cb28b26014e5884cd00-5014492.o
modified: 2/stats
modified: 5/3/77021ddbe9de55681810a2c81245ab-2518.manifest
created: 8/c/1c12a0f0b13495c1538d07d4b408a1-4837589.o
created: f/9/146a2ffba46024d729ec8a8ebac52c-4840942.o
modified: 1/5/adb4a82c36a9be74e9499d04314360-3371026.o
created: 2/6/eab1576f092382f78b1049fd2d8779-3083687.o
modified: d/6/949e19685cf2ae95aa8271a2ebf6ea-2805.manifest
created: 2/5/e786c7a3d7701bb9107c6f5904124a-3020462.o
created: 2/d/50dd2899f8220751827e6481d5374b-5536503.o
modified: 3/3/2a790c8711e3e3fed64d8e756d132d-15036.manifest
modified: 3/d/d9782f2f683018d6afcf871883381d-5351.manifest
created: e/5/7c99f8d6695d22e2385df560caff0e-4467902.o
modified: f/stats
created: 1/d/ca1928fbd1342b54a2ca41dafb3d42-5006336.o
modified: 2/e/99089d6dbad26c47c244b04e1ac4c9-38088.manifest
modified: 6/f/34c1f6e9988ce650c963e476142aa2-3692.manifest
created: 5/0/0a176f6099fe6048b6b0a9733e434b-2924687.o
modified: 6/3/f8f6f7d46943f3f4d47eeea2a772f0-5831.manifest
modified: c/c/aa756c4bebe07f3bca5fd85bd5ca3f-2235.manifest
modified: f/e/51134cbfa657d4505767073abed597-3438.manifest
modified: 2/b/e2719588e18b30b8096afe493e22f1-8773.manifest
modified: 2/f/da548aea1e83066528f78ad9b338ad-13586.manifest
modified: a/8/05ff392e340755b2f2d4cf4f02aeef-3124.manifest
created: b/2/56cc6eb84462c659e635ce0c27c825-2287.manifest
modified: 6/stats
created: b/f/b553609de3f683de3eeff7f46b3dfd-3201979.o
created: 0/8/15680096faf6b114b407da34e65213-4628425.o
modified: 8/7/6f3213186b0c82be63d2e3b212fdb4-7418.manifest
modified: f/c/9348c340f38500e42e98f93c1a8163-17726.manifest
created: c/a/c0b3441d220d317198d3801c3983dc-3448.manifest
modified: c/f/1446399cd3d43756994ecd688a551c-32576.manifest
modified: 2/2/907aec977cd4cd6e58cd6c9d299201-47977.manifest
created: 9/d/8041d63c0aed2a68a4457f857f4685-3006455.o
created: a/2/034e97233c2e6d6eb2a94e8bbed34c-4846353.o
modified: 5/8/bf3fea198436a59bcceff03c397ce2-3239.manifest
modified: 8/2/b0df4feb21e6610873c4492c85dc26-2448.manifest
created: e/7/7955e86cbd8a6afcc6161342f000f9-4840872.o
modified: 2/f/2a2b31b0509369bc9962a0e6456a61-2761.manifest
created: 2/f/9bc695a563f15e24ed3fa90ffd541a-4845131.o
created: c/0/be6eda9f2536248c0b678938231f7f-3141374.o
modified: 0/0/4d98d858d751457673a8f171ebca46-19842.manifest
modified: 1/0/3a2434df67b254f2117167da54dd93-5997.manifest
created: 6/7/26f622361384a7496c5e76aa2a44dd-4840208.o
modified: 0/d/d252cc6f06e57ba5190e696e1d2a1c-8061.manifest
modified: 3/f/600edb26512f474470ceda0968631e-3411.manifest
created: 4/c/24853712cba5105fbaabe5b6a62ca6-4990912.o
created: e/6/90eee626593bf7ad26abeb97b57666-2525542.o
created: c/5/9703964a0a21f6bb07cead75a31a5c-4496440.o
created: 3/3/7acb03d184be0fb486137fff6a0d98-6942.manifest
modified: 5/b/e6e58cb9d2263ff9e689669edd70e6-50662.manifest
modified: a/4/b922d6ee87b90aeb5bafb608ad9503-2509.manifest
modified: 1/6/e0ea5046448372aa0874d012c5c21f-12821.manifest
modified: 9/e/311e7609b7c050bbf1938d8b137fd0-5255.manifest
modified: e/f/9ceab7501a4bdb5334667a16855196-3460.manifest
created: e/6/a040a83432ea0fe0f30489f3c9b032-2997962.o
modified: 8/0/2191e514655db5e6263676001114cc-6572.manifest
modified: 7/4/bd55fc42bd90b8355c9809f2cff9cb-4192.manifest
modified: 8/c/007b5b88b71794eaed9049da31e97b-3607.manifest
modified: a/c/6a8ac51463dc0b3da9b4f6080d8701-4441313.o
created: c/0/d88e39f1e0ae4d37b76c8d2f239a84-4442951.o
created: e/3/6b14a021b2350e237c22b88bdec481-4532102.o
modified: 5/7/6a45c558c057b0fae0c17bafe931d1-4446362.o
created: 4/2/7368e8421560697f7ad9c323919c31-4498998.o
modified: 1/4/9bedbf9f82aded13efe7e1c90f36eb-7000.manifest
modified: f/9/6b21a25ceaa204044ae16d8243a0af-5958.manifest
created: 0/4/2bd0718aeb2e71fc9be94a61a3fbc8-5833206.o
modified: 5/6/6509d726622c87309ee02998cea6d3-4803.manifest
created: 5/e/dd174b4dbdfda7077997f66f315967-4961706.o
modified: 2/5/b72ecc7174dd34e1e557e4f0ed7a74-11791.manifest
modified: 4/0/3a3d69c679d1930c5271d17f3ed4af-6624.manifest
created: 7/b/09a337916d4d6734bcc3cd0ad4a79e-5015905.o
modified: 8/5/619d69bca25b2a829ac51b5456c1aa-17814.manifest
modified: 5/c/cfa772d7ca022ace522c4e90ab3dca-36382.manifest
created: 7/9/8455bb672f964ab708cee2a77564f1-4592243.o
created: b/8/8774c6b536979138ba5d1e61407762-3028515.o
modified: e/d/cdbb6f1d97cc49abfbbc3769f82244-8462.manifest
created: 0/b/26bc04edea55d500fc31c3aa889af9-4854261.o
modified: 5/c/430adce1423d64cc2ebde9ebdc02b1-7010.manifest
modified: 3/e/ba1218d1733bc84eb87fab40be795e-5883.manifest
modified: e/b/e7a89cf49950beb69c8806537ca23e-3748.manifest
modified: 1/3/384843e8a2903e7872015a882a709c-8339.manifest
created: 9/6/aaa4c8a16dc44aee8fab51e3b923ca-4493951.o
modified: c/b/d3dab11eb612208692990a88b82fae-10830.manifest
modified: d/c/8b1f58a4c805f2172268c9634dc428-5841.manifest
created: 2/d/7103c93f6117578b1d8c1ae0b1510f-4953530.o
modified: 6/6/bce02af43339f2d818bc8fc18e21af-94235.manifest
modified: a/f/3d1cfb165d27bca448a2208d8fa436-27397.manifest
modified: c/7/ede144f8e01daf8cfecf83a625aab6-11707.manifest
modified: 2/c/ea5c890c9f4650736a0c4f0a921346-3415.manifest
created: 7/7/295e137e916691e64aa0643d6d9bfb-5039141.o
modified: d/8/35331c9e990983bc6606e595c5fe7b-16945.manifest
created: 3/e/a2b97be0708abc2d8793e4bec446ae-4507710.o
modified: 5/1/222cc06dfb26450de9cabf1f68b534-1917.manifest
created: a/4/c1b6329ab88384aaf9dc0ec7fa7fdb-4988253.o
created: d/b/6d1ed406d6fb6facc2cc83c8c299ea-7916.manifest
created: f/d/6bfdf49c82224200d2697764e6f14f-4969006.o
created: 0/4/06a2dc2219d5f448a59c612a65a7bb-4500553.o
modified: 1/a/6170b0fdfff51d23320e925846a951-7930.manifest
modified: 4/e/460e145eaf82c953a61570d88112d2-2469.manifest
created: b/b/64f964fdf12d80f9cc68b419d4e8ab-5844126.o
created: d/0/8c42d0c885ab67d8a63f2c673216bb-2761025.o
modified: e/stats
modified: d/c/c45e7faeeb335ba36bfa6106cd2997-6471.manifest
modified: b/3/f6e13eaaffc14d1e3a41e5f9a69175-1720448.o
created: e/7/83fba7c27768ca1656fdbb34b0695f-4486513.o
created: f/0/3181f1bd4eef2fdb80c5559e528904-4448945.o
modified: 8/9/4d82c43a715adfda70ed318627eff6-4424.manifest
modified: d/2/9f8f81ae2711c75a951ec7c5b302b2-2541.manifest
modified: 6/1/ec1702523cd48a43a15f7494b30321-7752.manifest
modified: e/c/cc902017daf7f760760c38b8a5436e-10109.manifest
modified: 0/8/0e57e5020204c057c1908c81fe2afa-16397.manifest
modified: 4/b/59fb1a7250a39d4c46c7d88a97e4bd-7231.manifest
modified: 5/3/1e1a78f68fd325ff0493c132e74374-3956.manifest
modified: 8/3/b4193b289717fcb2e2a839fc6d2437-7618.manifest
modified: d/c/980fb79138b447d6078bb5f8571b3b-5656.manifest
modified: 0/1/9a5412e55e50902430d96bae993c92-19998.manifest
created: 3/0/477aa842525f65c1c86a2d8cd1b2c2-11655.manifest
created: 9/5/6edf1a7e5e2c4172125110069ad8e1-4504942.o
modified: 8/0/2031258d83381de92015da600ef6f5-5602.manifest
modified: 7/6/27079150bf8b8f6cee5e97ec3f6d34-7304.manifest
modified: 8/6/27cb9e136e2e0a9699bff317fe27ac-4933.manifest
modified: e/8/495498017d2007a8a166445806bb14-3351413.o
modified: 5/6/45a575e3eecf7d744bbf23a64663a6-2164.manifest
created: 0/e/4208086d5dd10fded8ab4b2407b702-4558088.o
created: d/6/c16b9d4030ee100e1360191345288b-4435253.o
created: f/5/b6f8a3f513db4dbdacf2d8f2f0ef70-5778922.o
modified: c/9/8072b56e8f3cdd96168b9e3448cc72-14429.manifest
created: f/c/0f5b1baffa6fb19765e6113dac74de-5142049.o
modified: d/7/798c2cee025321bdaf892663b6f38f-93979.manifest
modified: 1/c/9788a45fcd655daa4275ea75b1fd02-3015.manifest
created: 2/0/965fea76571428f957f3a6c1cb4e7c-5731237.o
created: 2/f/189a1aaf3575f093715a25094b7b6b-5903379.o
created: 0/f/95d507c0c92d48a8e3a6224c425751-5031717.o
created: 1/9/4cccfcc45d9cd060416a5d558e693b-4600486.o
modified: c/4/79bfe8b66e73d164624515f640775a-11427.manifest
modified: 8/f/305bdeed1b04658c34bcfb24a892de-6250.manifest
created: e/5/c47d47f5167063bf57a13afc2d0d22-4831885.o
created: f/a/9e2998a64ae0a94a11208c3e7281c5-4852661.o
modified: 3/9/e7995d6df20b7d40c089696ce2c302-8653.manifest
modified: 4/1/d0de2bfd2ed75caccc0ded7e5be1c7-2319.manifest
modified: 1/5/64ec967e2414f310bf3651edf7fd27-3592188.o
created: 9/5/69a1602854a6aa09498b168a031765-2415889.o
modified: 4/e/75daa31dbf21cedb182f0a6f118b00-25945.manifest
modified: 4/4/c75b9c52bf45d9265330c0327c143a-4135.manifest
created: 4/4/eaafeb33e5a67ec410955f8bdc31a4-4831723.o
modified: 6/1/1cf17ce124190add2285324259aac9-7826.manifest
created: d/1/6e2c3ab3a79d1831b9f45066e5235d-4858019.o
modified: 1/6/184b35304fd077cd5cb48a1ce09739-8806.manifest
modified: f/c/a04ddab9f55b4e91f2bb2a6a1f2dc0-3389108.o
created: a/1/e78677e1bd1483edf4fc16f57738c2-5185316.o
modified: d/d/599c5cb775336d93d3f9efe196b94c-7028.manifest
modified: 9/d/d26f4c26d0371d33fc06260cb8a919-3290.manifest
created: f/1/e73a8f77b2609657a0de8d9e048da1-4824483.o
modified: 1/7/bf28451813bc2ea4ed8848a87de8a3-2909.manifest
created: c/e/6bc59c83a842f9df1ac6463b5c1fbc-103915.manifest
created: 0/4/7d6a4a4299f3e2025cb44715eac44c-4610474.o
modified: b/f/79891007eac34820a2f398e0350499-2246.manifest
modified: c/stats
modified: 7/stats
modified: c/b/5d5864aab53091eb70edbf5f5de3af-48158.manifest
modified: 7/4/ff6265e64e3868fa35dee723d7431f-14211.manifest
modified: e/6/abfc07b5e7fed6abc0184c55258e53-5925.manifest
created: b/7/74364d5e7c49313707831bf586244b-2518.manifest
created: 6/7/b1dbf1fa56671034566494a3879545-3108873.o
modified: 8/stats
modified: 3/9/8f68884e22b24b9efff03d355d6db8-7556.manifest
created: 3/7/45130f642cf705b161fbe1188a2e1a-4401126.o
created: 8/a/aa919f835c7c245c22df8f0f82c7d2-4584617.o
modified: a/a/1ecdf0c5cf5343a650fe730231e056-2609.manifest
created: c/b/d74855399bebb65bb0fc0fe83b40e8-3240273.o
created: d/5/e9feefd76a754aacb3a97abfd879c4-5392.manifest
modified: 1/c/2469affee6dd1893c6916fd1596998-9630.manifest
modified: 6/3/68e4e88153716b3ce7f410702f565f-14965.manifest
modified: 3/4/0d1e953d8445b1006152d89a31d5c9-4512.manifest
modified: 5/9/e94aa6755fe8c86736d468cdf8b1bd-35069.manifest
modified: d/a/0938e1951ee2d1780b1033a07beb51-10561.manifest
created: b/a/ee237521625af11c7532e54cbc58e2-4538200.o
modified: a/stats
modified: 4/3/839136bcd5e860be087c2911c6e045-3636.manifest
created: 5/4/5077d900bcc8167533972120dacb58-4949540.o
modified: 8/f/c7731c5449d481400ca21d64a4c37e-13611.manifest
created: f/0/a767342ba63574aa5639912901551d-4471765.o
modified: 3/5/b503ade64eae00a3fd94b8f662104e-3185.manifest
created: 3/e/7514b495cf701acff132c68303a40e-4873015.o
created: 4/f/8deb8a4dd0fbfca4d099b8617fb740-102140.manifest
modified: 6/6/3833076f24558eb739a280a127e70e-6271.manifest
created: d/f/2bd6348325444b13699c7bdad82b5d-4908068.o
created: 3/0/f97b671157c3513ae1a845c6bbe981-2672629.o
created: e/5/7264e5589176e4ed12fa53dc3b92f2-5497772.o
created: 8/4/b83bd3984988928bf16ddd77da2530-3044847.o
created: 0/4/f7b44726935da4e1195fdc1290921d-4494145.o
modified: f/f/774e6b63635ef3270040cbc6062eda-2864.manifest
created: e/5/88d3e6ddef7ad8385a94aa760ed037-4502716.o
created: 4/2/c772b22630bb4deb3fa255bc054f79-33560.manifest
created: 6/9/057cd9f406e82a5d3974a1787862d1-4462517.o
created: 1/9/e291c3060f4701dbe3538cdaa05fa9-5036855.o
modified: 3/8/b2ad250e0aa44a9d42bf08c0e58764-2595.manifest
modified: 3/stats
modified: 1/2/db5b7ec73c93383275438164c129c5-37246.manifest
created: 4/6/37eec8fa75d2912faedec415b41e4b-5128260.o
modified: d/5/a701e406f1f9fa4cffb42e102f9d1e-3436.manifest
created: 1/0/937578f65fd1041cd387e654627eaa-4455308.o
modified: 1/e/4ad1ae3ec184b38875d63eaf69eb64-2889.manifest
modified: d/5/9ee85410c5578dbc760f8036bbaf2c-3187.manifest
created: a/2/fba632ae8155a5862ca8a38db6ab31-4868798.o
modified: 6/3/04ccaa0405335a1348f9b881007819-9131.manifest
created: 8/4/6e7aee4333860251bb8a9f57f402f1-4830495.o
modified: f/6/0ef94d04d99cd10c6893992616d044-2434.manifest
created: 4/7/4b7cb14984a2a1f29352aa13a6fb2e-4484283.o
modified: 5/1/63c2acf356a309878d8b77a78e500c-2908.manifest
modified: 4/a/7be222deafe6d877a49f9ceeb89632-5906.manifest
created: 8/4/8cda37430a66cccba01a8d8edc429c-4497454.o
modified: f/7/e055595eb5231a560f528e2ebb66bb-34613.manifest
modified: 0/0/3830fc495f698ce512478e45279999-11828.manifest
modified: 1/f/cb3360e31fdfa2dd4e263690fa803a-4001.manifest
modified: 6/3/cd07d7136dd54599c957d88ad5e7e2-7083.manifest
modified: d/c/e68a54589f5065c53f3566502e8b44-4538.manifest
created: e/a/f5389b9c35e4a949e5245e6dd1e0dd-3180024.o
modified: 1/a/55431e52f904ad030a503ea50ba81a-4238.manifest
modified: 6/1/905ca078166e96c8ca7702a7733049-11749.manifest
modified: 9/7/6a0f171da53f7e412b8db34aa1ba2d-4120.manifest
created: c/4/7f753b0651e44c0f788da9ebb4fe40-4712604.o
modified: f/9/fdbd8aff5074d3b6fd6828e4f8ade4-8066.manifest
created: 4/4/bc731ebb0918850c36a6e0ba13aa22-5103693.o
modified: 8/7/83db6902e8a25ea60fe31bda326b39-5131.manifest
modified: 3/d/05d67f505389e2769e2b15b6a7f961-6368.manifest
created: f/5/f560bb40c45bfba5e9d0f476d4c158-4841234.o
modified: 5/5/d22e6a1de46f8629c690bf09d746c3-3802.manifest
modified: 6/6/c60c80a5ea737ff4d49ac6e769aa06-20341.manifest
created: c/4/fb8c84be0d31f5cbd15e40e7f49d2d-5742461.o
modified: 0/d/b1f5001e15628e725e8338274676e5-39941.manifest
created: 2/5/fec62cd6c3a57d99cf49667288844b-4858509.o
modified: 8/4/566df61b5354cb21cf3a28f681358e-63901.manifest
modified: f/9/68b9a6c373cdb5b9f346767c3018d0-3142.manifest
modified: 5/4/74d426ee9c80aa990a594ff227dba2-6727.manifest
created: 6/3/ac7c4af8b5b441019c239b44b45e32-6119212.o
modified: 4/stats
modified: 2/f/7c5679633d58fefe386535f4157456-10837.manifest
modified: 3/6/f3f0cd2764f4f7ed0d2e8f9fce68af-1969.manifest
created: b/1/d958370bb11e13c13648a627831193-5027417.o
modified: 7/e/238645b1727261a5bb40642a2b7cec-3470.manifest
modified: 8/2/349cf6771c9ee1e1c8497a79336942-4518.manifest
created: b/4/05fc6c9eea810653998a889d432e40-2260073.o
created: c/8/e2eb99a3707326c2be5f2416c61dc6-4498590.o
modified: d/4/820349bf1485e7a2f4579028633af1-12285.manifest
modified: 1/c/6284ffa04413655fde0b1a8e5e4555-3451.manifest
modified: e/d/4a6425f7c06c120b86900c8d15dfa1-3377.manifest
created: f/b/8ea1abafbc3bf9cf081daadc4be6ce-2523982.o
created: d/9/3a79cf197057d74396ea8e25c90480-4374858.o
created: b/a/edd1c0b928296d4f872b6ff9a936f7-3713.manifest
created: 1/9/cc261e14fdfabdfec72ab322cc4362-4816974.o
created: f/f/e074c0cf11f509388c9499b4ab6c47-4967765.o
modified: e/5/9b805d83d40c4dedd11088af006741-4731.manifest
modified: e/c/1aef403a352b838be9a51ab9644b85-4573.manifest
created: a/9/cf2ec3f0fce4aad6f8acc574ff3b35-6129954.o
modified: b/4/2ec8e33893ef07eb4503d9cee2ae7b-5967.manifest
created: 9/4/6139fde02a186cb9844b3bd8cd7ff3-6034646.o
modified: 9/9/86a3147c31e750a120c7c72b720cdb-3363680.o
modified: 5/3/81addebe63d3e4d2b8c77619383061-3507.manifest
created: 5/6/2112b1934f401e7772c58984607e98-3403605.o
modified: 8/2/0e9958febfda60faeb3e4d08164e90-5044.manifest
created: d/3/aec47a178bb3e51d243180b03768b0-4541053.o
created: 6/3/84353d9507acfe89049c7e115a79d7-5210421.o
created: a/b/e199e2fa0dfc44f8e16eebd51211d9-4954033.o
created: 0/0/ee9c696ee269e158e78d420df8049e-4442120.o
modified: a/9/b5a2bb9099377f93caa49c1f81c914-15891.manifest
created: 0/1/3f42a6a81e9e4243f9d9778c1caef3-4598452.o
modified: 0/d/921380aaeb3f1470a995c2db2a8215-19700.manifest
modified: 2/d/ec1ff6614d1dee2fa65bc9246d8ac5-5492.manifest
created: 0/9/1eba39dd196f83466b7583bc82a9f4-4604064.o
created: 2/4/32f9054f3bae79a4dcf5dec8c97244-4445731.o
created: b/7/757d99d38351ae07aecb3459f1b9d4-2077.manifest
modified: e/c/804e7e3d7294a5fb54eb46e048efe2-3052.manifest
modified: 4/9/bf20852b8d1a340717b6203d088250-3113.manifest
modified: 8/5/ed79065d456278a918d5506b4f33f4-2851.manifest
modified: b/5/f8f3119dfdf7a21d664b7fd79e1b86-49284.manifest
modified: 8/7/6857b349548d995f7345215243fe32-6095.manifest
created: 2/8/a0e31477d782a04e5905565c8d9b01-4649777.o
modified: c/7/0d839525579c547e5181378ad54c8e-5446.manifest
created: 4/f/08fc9531d6cd841293d67375385f91-4490333.o
created: 6/f/e7fb049db4338008b2c49529e07029-4512682.o
created: 5/1/46fae57a3ba37120e8da382c9e4d3b-20089.manifest
created: 3/3/04efa530fd2ced9a49ceaee83a38e8-22352.manifest
modified: 3/f/fd57fdcb6ad642fac4e968ff0dacd8-12886.manifest
created: 4/1/9e971e33fc8358baa35c7ba6994431-3098093.o
created: c/2/dcc9bca6f26dc0fc0cb52c99083e97-4885560.o
modified: d/e/dc011890a91f477d4776f86f3d365a-13806.manifest
modified: 3/1/638b983ee612b07b72b18a05696aac-9855.manifest
created: 5/e/62087675efc993001bec3866affae4-2861642.o
modified: 4/a/82d8aa8426e9ceb1e11941d0c95ec8-9046.manifest
created: 7/b/3161718f2cad55f501d5ed63823158-6685390.o
modified: d/1/1f9747023a5b2c343e87cdd7a96a7c-2272.manifest
created: e/6/b9e037a8cf90d66b313957c0354f30-4961.manifest
created: 2/9/c37bc84487410fe8e3e049838b4a4e-4566557.o
modified: 6/1/5b722e44073dec78a53427e677c3ea-7712.manifest
created: d/e/f7ae92be6588ceb810f5b39f3bab7b-4854177.o
created: 1/6/c9639d064e9dffd9b890872bd36c39-5020096.o
created: 3/f/8f8bd808a9a8386e7bac04a2b2980b-4966826.o
created: 7/2/87ed17f94e66bacc16b6a41a4c139f-3071859.o
created: c/1/860498e0c8fa309e3975b71beef623-4819971.o
created: 3/9/df06f9e4e1446064083a0dd0d14b74-4857022.o
created: 5/3/c1d4f527ffdf99b12758899e9ce6a0-4950293.o
created: 9/9/9ad561dfbc3bad5566bc553b2c4045-18650.manifest
created: 1/2/530f00e811bdee660f1bca48d8efe2-5124229.o
created: 5/c/295219db1449e5a83692053de4dd25-4817939.o
modified: 1/e/9d66fd3b72e375ab22a80f90edc296-11438.manifest
modified: b/3/dc20b1b9b62b2084c2f5de64ba69e8-8727.manifest
modified: c/2/ed44c01f7aeb6814ef6717b546d3f6-6820.manifest
created: 8/1/e556dde9efea1cc4cfe172470b47e6-4478856.o
created: 8/2/8cedf11251b1311da06779003b3c6c-4980989.o
created: 4/5/e31c0ad8db39603ec4b1c24044fff8-4435562.o
created: 7/9/53d1b6e83939c76ef99b9e1b3027b1-4491734.o
modified: 8/2/311c33258877e1a590b38704923297-19445.manifest
modified: 5/4/0d0c40736ab21588f37d3bba0315d6-2437.manifest
modified: 5/6/d64df157a798ee9db8e4a7e955fdfc-24613.manifest
created: b/8/755dfbe69fc68374350a6978de74cd-4853438.o
created: a/6/36d79be94a6cef9fdb958987af0074-5088230.o
modified: 7/2/fb7981995c8a7e36b9c715fbb6318b-4440028.o
modified: d/2/601a822fcb3e688e64da20c1a6c8f1-1918.manifest
modified: f/4/d111a17997d0b26e83219bfc8727d6-11889.manifest
modified: 5/9/33921f3bf1363180084b4760ab640b-4406.manifest
created: b/9/2eaa416946643ec7cc8bbb9e5de117-5043700.o
created: 0/0/ad61eb6a692b1a242be275b70b91db-12227.manifest
modified: 1/b/916321eeb3d534a4b81a871cdf4478-107508.manifest
modified: d/7/b74e34b92b94438ffd312f1d4cfaf6-10569.manifest
created: 5/1/22b98184f59df15ce64ded8f31f77c-4873769.o
created: d/0/63b70827b6b3a0446cea56ce45ab77-2519378.o
modified: 5/d/2428126665d5b7999c94fe85181e6e-7332.manifest
modified: 1/3/2ef46fe0e1afa49f4c33919ef51916-3120766.o
modified: 4/1/d512513a73db8831858f6f8439fe4f-21500.manifest
modified: 2/6/fccdeb2fab75c7eb6523d369b8fe71-15978.manifest
modified: 9/6/6aee871db050940c99e0cda2593caf-8007.manifest
created: a/9/b2e6be9681374f457a90936b2b4f04-5010387.o
modified: d/8/43f065d2bd76624318aa9eea9e85a9-3471.manifest
modified: 2/2/26c3a42eae9248a0ee660d83bcac52-6140.manifest
modified: 7/3/7ad9b920ef2a506b7de53f810fc5f7-4436778.o
created: b/b/e1ba366a43429553667b51d2d880ef-5797401.o
modified: c/9/e9f2ce4bf887a35e245ac40880a742-7335.manifest
created: 2/0/81e09348bccd7cf7580aebc831b2e4-4816671.o
modified: 6/c/3deec4c8fcf3cbe198859001acc78f-16499.manifest
created: 3/a/f7b5c766a10a7b39975f66fbebfa24-91555.manifest
modified: 3/e/6f3bbb7f626692c5c55c321b06d3ee-6406.manifest
created: 5/2/00dc803a3345b0e14ec8c53fbaa43d-4490237.o
modified: 5/9/3633c25a056fce7aa2f2760c50bba3-13798.manifest
created: 7/5/569d25951584869994750fbb5a702f-4524478.o
modified: 1/1/a43266ba88d54cad39aeeb197bcb42-17900.manifest
modified: 1/5/57356e3196e34d025e3848274bdc23-12164.manifest
modified: 8/1/5b8b87a6ae4977227274d201007da1-46600.manifest
created: d/8/b92e2f629a528de255587e43fcb366-4723719.o
modified: 4/9/f8aa579a9b8d6bde14ddff32c56762-4442251.o
modified: c/7/62b461236eb735b25e89f2d46f0ade-16790.manifest
created: 7/8/7c1a1d972e47b599c0c61064240349-4974441.o
created: a/1/166e701c1485c36e03cac0c5fda40f-5821270.o
modified: 3/9/882551988c2d47215982aa836a80b8-3414.manifest
created: 9/8/ec57bdf0a5752bf68ee2edfa50c2ac-5075724.o
modified: 1/d/170d44e5a6045a3b9969b86580db0f-2110.manifest
created: 9/3/4799daa2d68cd400453bf1c4c30b57-5385840.o
created: 2/2/f4722fea3542dc62e1d4f5dbecd7ad-5030262.o
modified: 8/f/16ba28ea290f81cff5deea452b78f8-5021.manifest
modified: 9/8/51e8e57642a859a9a9ad1ef52ca85f-2901.manifest
modified: 9/f/19848b614ad7642d949f62d7ef4550-2974.manifest
modified: c/2/57ecb34801d8eac847f80e6a1b8a49-2819192.o
modified: d/a/7783687ecf2347e6ed5c4d5179c128-1992.manifest
created: 6/8/6fc3a5fdbc916f32d02084d82080a1-4997003.o
modified: 8/b/73b226c40109b521c0d0716d9b227a-31711.manifest
created: f/7/d975ed796963c93419d47f8d847e64-5027073.o
modified: 1/stats
modified: 5/8/4dce69ca95978833a240cc5ebb2546-2453.manifest
modified: b/9/55cf43089e37630c3d41d854e81334-3304.manifest
modified: 3/9/4f48d02e3d3995a092ace74b607787-3103.manifest
created: 1/2/301db9939af832adde31a0dd5c6abc-5004162.o
modified: c/5/1245ee57e114f3866a9a676035d86f-3352540.o
modified: 0/1/ba67eb604c0ff5d0605f647824194a-6397.manifest
modified: 6/f/ef7a12acab05ccf74398116cd17378-3517.manifest
created: 9/5/0ad706c2bcf53ce7f8f563bc9bd1e3-4499500.o
modified: 4/f/d05c8785a71f20472e66cbfef56e7d-12620.manifest
modified: 6/3/39fa007cfd7c2750e7b5957c2d1595-5939.manifest
created: 9/6/20247f667d36a04f72a7db84e0b98f-5023445.o
modified: 5/f/692d485ee2862eaf7d662f83f72f69-11913.manifest
created: 1/2/870923681631cca7439fc15f7dab42-2877428.o
created: b/8/6a03123d3402f6f3fce5f40f5996af-4993151.o
modified: e/0/25f20ca5e45d71bc0e4752d90e13c4-9114.manifest
created: 3/c/8723bae089a4b5f3d53bdea4e57198-8893.manifest
modified: 8/a/6f40f4f324637c82d36cd56e5d4c5a-2438.manifest
modified: 1/d/873665e74503f2cefed6131b2f46f4-4328.manifest
modified: b/b/b5560da7ce297d06cb193aa811e761-3182.manifest
modified: f/4/8b022801cab72dccd4da34aeaff816-2514.manifest
modified: f/c/fd0e3a11de86c80dbdca900c5fe74a-3409.manifest
created: 3/2/1c202f8fb872e0ed5292a86abee2b1-5222209.o
modified: 6/b/35a50e6e60f2a0036a2fbc42410c87-12508.manifest
modified: d/7/5c185a68e9312dcc7f2d1ebfe7f33f-3370571.o
modified: f/b/4c89a6ef1533a8a5679754f7b50743-5755.manifest
modified: f/c/d7acb651be89caf4cce5d57c75ec27-44558.manifest
created: 6/0/841de71bc616dd19280be8e4423c72-19114.manifest
modified: 0/stats
created: 9/5/426b221efd345c0042bd6cf9a97922-18972.manifest
created: 9/4/eb4a60fcb51d45322c188a6e32094e-3031830.o
created: 5/d/7e9731b78862d1ba4c981a21fba5da-5001133.o
created: b/b/94a9242acbe432b44c850325357d88-4910991.o
modified: f/c/d8db945919f7e2e1dc2b78fab7b8a7-8992.manifest
created: 4/9/0a8728bd3611a4d2ea038ff8641c1a-4983321.o
created: e/7/5ca6d7b776e2ea495c4d04caca235d-4927576.o
modified: d/8/ba3fe768bb2c5bd6993dca540e3440-14192.manifest
modified: b/c/1f98d6b9d7cbd478cc6b45df8be82b-2821.manifest
modified: 5/f/1ad651ab46353740e860d6449fd00e-7848.manifest
modified: b/a/e11da6a86b571e690243c861a9f152-8486.manifest
modified: 7/8/cba25dce6ebda5c1f7f657d325748e-4217.manifest
created: 9/0/919880257e753cc495fd6cbb3ab2d2-5112722.o
created: b/9/152fab1fab6f644227e36648c4ff7c-5019185.o
modified: c/6/4d5d1b0e251137bf78c910f24ddb76-15469.manifest
modified: 2/e/96d54185a9badc4f2adc57d30100df-3599.manifest
modified: 5/1/3f11b461234aec7a90c1c681a324f0-2342.manifest
created: 3/a/b7637c02e75d02bbc8bbdd71340eeb-2512367.o
modified: 6/4/f430cd54fed0fcc2d3046816b1a1ed-4151.manifest
created: 1/9/5976249525e3ec469924b51028eabd-4825500.o
modified: d/3/e699caad85eeba911fd6ab6a1fb5b0-4268.manifest
modified: b/0/8d478f0de25b534f9ffbc8c888feb2-3800.manifest
modified: 1/a/f534e1ee2d587bdb9b94257e4316bf-7018.manifest
modified: 4/1/a7d0edc7c2c23ce3b94965bcf5187a-8899.manifest
modified: d/stats
created: 6/0/add645f96eab2a071f170049d1c8c9-3276097.o
modified: c/3/28f7f276de86ed33b922d3274c2252-26072.manifest
created: f/4/4f23a1bbcdc287ef3b4e4a9330c0ea-4949713.o
created: b/b/545ba7f0b141af779d072a4d3bb8d5-37303.manifest
created: f/5/17ccb6c56dd733fef6060964247980-2928505.o
modified: e/2/c44c7e8f67b4c70cecda7c37527632-14874.manifest
modified: 0/c/21f0fe2fcb099b5b73612338703033-20424.manifest
modified: b/stats
created: f/4/fbe0d3ea908e7a41994a0c6efb52a4-2911835.o
modified: d/e/bd63b464f7dd63885947f80811ecdc-3092547.o
created: e/f/2db609fc3b154f37606d08a4e2a9c6-3190974.o
modified: f/2/371f403e04a1327ce3adf8aec97543-5177.manifest
created: 4/0/331f2cb57e7ef15eac68f67ec13f6b-2868260.o
created: 7/a/139607013afdde001ae598f4e0c5f5-4950484.o
modified: 0/c/14c1a01576a71528df239ccbd956c3-49838.manifest
modified: 4/2/1967d5e76f2b771ba79051dc766d04-9092.manifest
modified: 4/6/29c0bf4871e44ebc4936ebe72e6bf4-4002.manifest
modified: 7/8/0c74c3bf06e94bdceba2cbbbce9c2a-115995.manifest
created: 9/1/cba9fe7461fb058edf4a0d87467644-4503285.o
modified: 3/b/478fd591d5fbade2e34a1f53a352f4-1908.manifest
modified: d/7/7a918f50eaa4e77645521a8146b3a9-6228.manifest
modified: 5/9/37be1f78eccebee470d19fff3036e8-5652.manifest
modified: d/5/db04318a7521405be032eade0587c0-1974.manifest
modified: 6/f/630d36cec957040e93ef149a6e5773-8185.manifest
modified: 0/d/7a69ec5009b9192545a42db55b3fd8-26358.manifest
created: d/5/0ad9f1af60765254600e5636840a8c-4503548.o
created: 5/9/908960673b0cf71468ed247377d21a-4944940.o
created: 4/4/25f7b3f912643b9eea521f691a1308-4898588.o
created: e/5/32cb623c6d821c69395c322ce4b911-4459029.o
created: 1/c/d7f1ee07f7a649a9fcb08084856912-3308627.o
modified: 8/7/065eb333955b4575535fa6dad3375c-32429.manifest
modified: 8/6/b3139134ab3881c09b50973b9ef2eb-4677.manifest
modified: 8/4/bcb47660135e3e4aad13aa45a23fc2-95446.manifest
modified: c/8/82fbb00a1217284e8b323f7af9c23a-4289.manifest
modified: 7/b/6a00675d652f519be4a358514194a2-4441075.o
created: a/5/542791a96e01b71a1359958ab9529a-4570807.o
modified: e/4/4da2135c1c379aea7d27f36247fd9e-45849.manifest
modified: d/0/b1e9451471b88622c4d7f82fb9fb6a-37349.manifest
modified: f/a/e8ff14085076298bd332271f2e53b9-6762.manifest
created: f/1/a8ed58446896cdfb6d725cbc5a8013-4520604.o
created: 4/7/9a7b5afda081224ea0509838598b86-4943478.o
modified: 7/e/f02df25bc9aac6273a42958bba04a3-4448.manifest
created: 4/6/9a4a911e2e0282565b1f76c1c6140c-5720728.o
created: e/9/c42592330e7b765e25202cfbf92d6c-3027341.o
modified: 2/7/7068df1c56bd118df974614bc29011-38732.manifest
modified: 2/a/809b127e98a9458438ddfccdb696cf-2529.manifest
created: 1/9/d514b08a0ffe7f98915ada62a6aede-2876719.o
created: 9/3/7b043beb2729c625caa7b1fd5db951-87882.manifest
created: a/d/06ae1933881ad1a2d7e3dd9f2b34da-2914259.o
modified: 5/8/128760e77f837cb577bf15f5467959-5102.manifest
created: 3/2/a2a928b345ca5b97a840ab08d3aa70-4898385.o
modified: c/2/28dc9f1e74563095dcb6c5a289f531-6588.manifest
modified: c/7/cec4472cb9a07a79c4fb35dd61dca0-3835932.o
modified: e/8/b993ec633893d2e652f73965bfef58-7980.manifest
modified: 6/b/23d1d5a8f7a25fcedcd2749eb4196b-3116.manifest
modified: 9/stats
created: b/7/fd004484f900da1f1c34471a825b6a-48923.manifest
modified: f/9/644419223041afe038c4f3e915b0f5-11521.manifest
modified: f/9/7a38f21fd1d21872a4fa286f656036-14047.manifest
modified: c/6/bc6ead02dfbb63c9fe002184ef0a73-34821.manifest
modified: 5/stats
created: 6/a/1ddf1a363737af96863f1d4d28e8d5-4903030.o
modified: e/8/c17d43ebbf66b5544a0e27298ee2bc-6561.manifest
created: b/a/b0dc037f018f91007f55162cbffb48-4432722.o
created: a/6/1c8892e9229daa9d02b1103a13c53a-2983641.o
modified: d/f/d232af3162e37d44278d6069c91f98-3812.manifest
created: e/5/0a6b2993462fc3bfb002c29d008329-36670.manifest
modified: 2/3/2ca5dca14b8fe89949578a348a3986-33488.manifest
modified: 6/8/34387f36ce083126db721cbb7058a1-4844.manifest
modified: 0/8/56f8936df72e2c42b8c399691a2483-8209.manifest
modified: e/d/6b227958ddd0ff32933ecd5a92d812-6103.manifest
created: 7/5/8d33f6b1b111d250c11f04b80b24d2-4843427.o
modified: c/5/c954b418c96b0832af6927d9ca9e31-2428.manifest
modified: 6/5/bde650f91ba70dc7aaa6359fdbc045-3580.manifest
modified: 4/a/0aef4a943bc635c34168986d9ccb0f-3737.manifest
modified: e/a/090425e22b498852592f27d6222e43-8223.manifest
created: e/e/85e24a9bb243bf92a8c28f93083f79-7838038.o
modified: 3/7/bf845dbff7352954ad1d8534b82652-2705.manifest
created: c/d/aa879698629d89189e3d86c9038ed2-5049946.o
created: e/7/f3b895e7049f39591e21e0a49e40c4-5001784.o
modified: 2/6/64c8fe92b8a136798d9c08ee138e3c-12427.manifest
created: 7/3/ea12d0893c47886f49e08867c7081a-4828280.o
created: 9/8/d9d4a8c523acc605314601aa4bbb8e-47301.manifest
created: c/1/b19021244c100d85382c1993e41931-597.o
modified: 5/c/da8b9b1beea855d7886e444d17870f-33375.manifest
created: 8/1/8caa818e04522505a947d3e090e585-4986562.o
modified: 3/f/b158cd9035be6ea701632bfed0555a-3670.manifest
created: 8/a/4fa6dcc7c622fc327b4f0031a60513-4507452.o
created: 9/7/3c1ae4926c582acf132fa215fcdb07-4527120.o
modified: d/d/aca6d8c19e818ba558c45575338cd1-2641.manifest
created: 2/0/8d5e650adcfa7317c987e162c66349-4852158.o
modified: 5/2/c24a819cb652ae31515e714471b2ff-5898.manifest
modified: 8/e/d5013085bbe12177188dfd1d04e759-22043.manifest
modified: 6/4/8010bd8bfb77e58ff3625d7fcd24dc-5524.manifest
modified: 6/e/956d02e907170778b0dbdbc261bfb2-2886.manifest
created: b/c/cb63a3eab7c5ac1ef879ee974a905a-4860288.o
created: c/c/63a9420202d2a0816ed187afcefbac-4973496.o
created: 9/b/2e1cd74138dacad8106e5062652cf7-4496811.o
modified: f/6/3ffc736e326b3abee4de6acfc671dd-2449.manifest
modified: 5/8/997e6368c6a0b4228ffe39025998bd-5739.manifest
modified: b/f/86c52269585151c5e10b3446efda22-6084.manifest
modified: 7/7/e6d4b9e5c9e7069a2e109027fe15bf-16996.manifest
created: 1/2/febdaabd95a97dd2c2fd18c7020053-4504211.o
modified: 5/a/9d95d707eceb79b936d5ffed1d2c42-3918.manifest
created: 0/2/ae0c762944b975ace0c42a6f865867-4837643.o
modified: 8/a/e0c00eb46a397acee94d1aa0976698-2655.manifest
created: 5/9/449bf49e0ddab1d72eaeaf90f21ee6-4499823.o
created: 0/0/626fb52c546b3fd267a49941b7c197-5501513.o
created: 1/3/f360cb959c2cb6b7791fc469fd1278-3043202.o
modified: c/c/8055222f7d082b7b971ae33799ff42-3273.manifest
modified: d/5/a73e08bc43c9cb1f9edecb2cfbcb5d-11230.manifest
created: 4/4/8a33a9c9bd47dd96f9bf9950cf788c-4915300.o
modified: 7/3/ea8da4e34c116d12d71289786d4be0-16050.manifest
modified: c/d/52532d4ca8755fa14eca68271c89f5-29228.manifest
modified: 1/c/bc0e86eea77bf604db5d8bfeeb7a5c-16137.manifest
created: 2/3/c9669cdbbba7c271c746eb7f69314b-4446711.o
modified: f/8/02e63e2ebefef15658ef69c163e4ea-3477.manifest
created: d/5/f5ebe28f5e7eb1c4b4f5f1864e8903-4810070.o
modified: 3/0/702f063c9f2b6811354f54c546cf8d-24505.manifest
modified: 6/5/c1fda47212a771ddd5e67b0b0054db-2171.manifest
created: 6/a/fb578a3040225b389ef4551aa29bbb-4915826.o
created: 7/0/8090df1ffbb148ac34405658577c4b-4854945.o
created: c/0/c56aee13ee7f1404df61cab7a81218-14090.manifest
modified: 3/b/a49636384e4626f47f91b2e6eb5fe2-3089.manifest
modified: 3/d/1f7de51eeea30ec49893a0a342773b-4037.manifest
created: a/d/e1a4570589492e3136230b18755590-4851948.o
modified: 3/b/7f40adcdaf23d09ac9e745f28a4678-2225.manifest
modified: 4/8/25b79722943e18733b7be4c6d567b4-3922.manifest
created: 4/9/d8cb9922380d6144740cb1dd209207-4490273.o
created: 1/5/2b754280e79ad2b686b48a68873352-3101174.o
deleted: a/d/e2574237c83fd18c6d23adff50c78f-5038930.o
deleted: 4/e/d151deedd9eae5197681eee3a43fcc-4840843.o
deleted: 6/4/7c47fd075eff2add6cdaf17ebd253e-4461566.o
deleted: 2/e/52df7c996c9e91e6665d72c2b0ca83-1996492.o
deleted: b/f/b183a592b3674bbc7c39e8d089681a-5724034.o
deleted: 1/e/2dddb0da65b2232f2e8ad91141d898-4852059.o
deleted: f/7/46446b800125261becf00caf5078af-2588493.o
deleted: f/6/4f1ed02025cdfdfd64c23fe2570e3b-4520193.o
deleted: 2/3/53f5b7399083d4c8eeee42155e6870-3098027.o
deleted: 6/2/ef4e7f4a157845fe0e019ba6440fee-4496229.o
deleted: a/d/5e0c8dd555abc80c53d762f7c956cd-4502617.o
deleted: 6/6/ea67491ffc5dfd62826af53047a6e5-3101108.o
deleted: 2/1/1113e9d313c94fed111822fb2f29c3-2024499.o
deleted: c/c/eff57c0c84f6b22ff12eca98e51c56-3071752.o
deleted: 4/4/b0d698dea7a67ba9c328099862b74a-2911769.o
deleted: 6/6/496d3281b67d278bcb3dee378d45d4-4425405.o
deleted: b/9/f9fa11ce32994a4ec96ca8b820edb9-5006237.o
deleted: 1/1/0d5c777e3877425a768cb2fa9aef02-4374759.o
deleted: 7/b/cdef103423dd50b6caf4e3cb582854-4950194.o
deleted: a/4/9b792bb116430fa313a1b5c6597ecf-7496.manifest
deleted: 2/4/7a233f0f8c5fd480f13ad9391b2094-4868699.o
deleted: 2/f/0b696d06be254800acef7a2fe1c7c3-1457752.o
deleted: 2/c/b9c1122dd1407d510b305390e56f11-2246.manifest
deleted: 7/2/044e4b1ea589b460697b86a113afe6-2415872.o
deleted: 4/d/38bba7dcc8935e08379af8f75abf8b-2503393.o
deleted: 0/b/7ca230d8f30b1ef0bbe4aa8badf070-4496710.o
deleted: f/c/d9cda982ae90a39bd2f28fcb64eb6f-3182.manifest
deleted: 1/5/44279307905aceb077fcfecc2ec337-4857920.o
deleted: 2/8/48a3ab5f58b0d61ca0ce5365e7d892-2382354.o
deleted: 2/c/d167eb5a6954418c4d9ae9990aa68a-4712492.o
deleted: 1/e/acf13f28c5efea72d3361bb2b0d871-4926301.o
deleted: 2/c/ea87a289b2e1d353c75f33512c3db7-6348.manifest
deleted: d/0/b4074213db72401949fe54219d2b16-4503242.o
deleted: 7/d/73dfe17c16b0ba61e7dc8ec2643431-12492.manifest
deleted: 9/7/5f779cd226dda260040fd3462434cb-4885461.o
deleted: 9/3/2721208e5d46918a6c0e3e7f81dee6-4816875.o
deleted: 7/8/5188013e91f3fe56ea8bb43467b62c-3027234.o
deleted: f/6/0817dfa981c638cb891afa504f770a-3235.manifest
deleted: 0/1/ef8ad03a7e3c886cead2047081b63e-3020355.o
deleted: 4/2/bd325a2c09ec66e2a491a138751016-7837939.o
deleted: 2/e/281495fed89deb08212744ff8a2d85-3560.manifest
deleted: 4/3/ce1a8f5c409bf251e87fa9b01717d7-4448767.o
deleted: 4/7/be187ed7fc8a3f5d8025b79e910e30-4478744.o
deleted: 0/2/27f967e07b3d0c6b716b4c3cec4a66-4944841.o
deleted: 4/0/a4fbb55f9ec2d0bc7e9a0dc4e43e56-4592144.o
deleted: 7/5/710ae61e1aaa73c956021e5bfacdd4-3699.manifest
deleted: 7/8/36ac318ec9619187c2fcbc919b1580-4819872.o
deleted: 0/f/4c3f876d08c657b35ec3c55db4e1e3-4872916.o
deleted: c/a/81aeb99aa5b5f9567ab25a5a725be1-4825401.o
deleted: 9/5/35f7ae67439d48ce27d68dc3f202bc-4841135.o
deleted: 1/f/27244e681a458ba89022f18a3d3906-4438781.o
deleted: 3/1/b430b48dc781026f32c44b74960949-19924.manifest
deleted: 2/e/cc553abf8a6b130f98ffac12268295-42009.manifest
deleted: 3/d/273df7efa80fee58d89795b67d72a3-4446645.o
deleted: 5/b/f5e2152c2447bd2222e2c667d40480-2328176.o
deleted: c/5/edf47ecf450532753b0038ff20d167-4603965.o
deleted: 7/5/71a5e2c28cf967d9851daaa55710b2-16050.manifest
deleted: c/9/09b411941c893bf4dfc42c6fb4abd3-4917392.o
deleted: 8/4/e11d10d1ebf28e35ba5cd9e12bd63e-2928439.o
deleted: 2/2/eead9620d5edcffcdc49be3a228ac9-2437560.o
deleted: d/3/321194871b86dc63f2247a9b92e09a-4494549.o
deleted: e/6/ec1fd5067bb2c70f231d3fb9f99a7f-4512383.o
deleted: 4/e/fbb3f19e197df1b2bc0bee01081d27-8297.manifest
deleted: f/5/1f4ef6f7be3095582040d1d8f23b0c-1905.manifest
deleted: 5/9/2f4f74c0eba6ea5db055ec9ef8b76f-4458963.o
deleted: 7/6/37382621bcc28c5540deb64f80c580-9139.manifest
deleted: 4/8/233bad7092759c218a9b866900634b-4491635.o
deleted: 7/c/e983c0d414e12604180eba9c0900c0-1729442.o
deleted: c/5/867737c75167c7120add0f587cda5a-4854078.o
deleted: 1/c/8ef51cb271edc72843430d644b3cb5-3006389.o
deleted: 2/6/f7efdcff3adeab509aa3fb6a980304-1256728.o
deleted: 4/6/adc00b2faed925b3c34694fa2a5701-5483077.o
deleted: 2/7/be334e87e4e5d51944f9ea8937cfd8-4584406.o
deleted: 1/5/52aebba5c5214c655c71f7b0115cbb-3281866.o
deleted: 4/e/ef8b133921b2214300763f9d5a8255-32631.manifest
deleted: 7/e/fc239bbb73254849594092d97e35e9-4490174.o
deleted: f/b/fdc3b279e798822568fa82e8ba2d46-4860189.o
deleted: 8/a/2ea27f0dfc7003749e39ae275935f5-4953431.o
deleted: 2/d/fb391277da4ad5c590ddc84da88774-2473065.o
deleted: d/7/c6e1802a7fcd0a175262e38402315e-4802379.o
deleted: 6/8/ad27210968346fb53afcd76f979eea-4504632.o
deleted: 1/6/2b8dd0ff3e8e0e6a44d419615108eb-4824384.o
deleted: 1/7/0e3d66ac2789057c7f3d2103ee26df-5003951.o
deleted: 2/e/e3fd3c5152f3b37ba8e075ce96ad25-3327.manifest
deleted: e/8/a31dfd1cc083a921d09e315fa56a8f-4484171.o
deleted: 0/4/a71a99756673a73f56592b3e5d34cb-4837544.o
deleted: 7/e/82e757e1be457d1ef6d86cf5a9c0fd-1249865.o
deleted: 9/4/507e48536e9565ceeb7a066866f4b8-4974049.o
deleted: f/e/d81393f08fb6a8777d9f51dad0aac0-4854162.o
deleted: 0/e/acba24b5b5129a2029e4459071b7ec-7241.manifest
deleted: 2/1/058b477172ce2183bf20630fd8ed0a-4527054.o
deleted: a/b/e57243542f7be82a5b98fa238d8c10-4497355.o
deleted: d/4/82dc3bf6474d0504674088237bcf8b-4949556.o
deleted: f/e/cfc097b8f924b404d2c580e2f98d2f-14732.manifest
deleted: d/5/3bfa2422dd3de520eae0137f3f15e6-4902931.o
deleted: f/2/e9166808d7d0b4b8e463047dafb40b-4854846.o
deleted: 0/d/829a9e931159856c81c66627cdee1d-5903168.o
deleted: 2/e/27ff7996fee4817237523814402804-3808419.o
deleted: a/a/d6ac86c0c1eade831760a7775f025f-5075625.o
deleted: 4/1/3ac3ed1f040778bc283e75a185fbfc-4598233.o
deleted: 9/b/d7aff885b3d3305012e557269762dc-5031506.o
deleted: b/a/0fb3509aef2b376f8addbfe2ca4deb-5088019.o
deleted: 7/5/d7c4b2bd3906154c23bd998f0fcaa0-4840109.o
deleted: 4/2/d144db0b313f51c6e9c500a6f05d4d-4475425.o
deleted: 7/a/188e0b1a5a35f5c1cd87e4013a5c58-4570596.o
deleted: 2/4/f3f9702bf73cfbdaebf2675f2a3c9e-2229972.o
deleted: 7/6/5d9fba47b3f602938e14daf8dfa17b-2790.manifest
deleted: 5/d/2c97c622b135d432d96e2f138e5194-2390158.o
deleted: 7/5/c297d8168920b1a97fa36dea9753a8-4830396.o
deleted: c/8/cee3af6289cd24e96b1599e9112a0d-3374541.o
deleted: 6/a/bde56cf2a3f6eaaf5db12eca83770e-4445665.o
deleted: 2/a/3649395d2b8a9a77310e1d4b0dd39b-1907.manifest
deleted: 5/4/36e5ecdb9cd4dd97bffef1b4fa2447-4490138.o
deleted: 1/d/516ddfb9659bcc7be0526bc459f090-4966727.o
deleted: 5/2/7677505861b3a403e08db15e8d5fc5-4852562.o
deleted: 2/f/cae2b220960ead5112cc4002e91462-18560.manifest
deleted: 5/8/4becee3c68b3d55e583edc410e4113-3028408.o
deleted: a/b/b53830038338e99928a5b61b8acd38-17595.manifest
deleted: f/b/ba132e8a261913256c26fbefd49972-5407850.o
deleted: 6/7/7cf9d4da09c1cc7a6481ba9c6f2d38-88274.manifest
deleted: 9/3/c08ccee82d024056781427e2554bed-4496712.o
deleted: 9/6/259db231d3517f7388c0ef04f5c1a7-4524379.o
deleted: 2/f/311c4b7c772e5b8b4419fcab490179-1520101.o
deleted: 8/2/728bd45e198223a90d4406585e469d-4809971.o
deleted: a/8/d97bab10e87dde400302f5754769f2-2198299.o
deleted: 0/2/c8fbe622ffcbfa03ea990189e85bda-4915727.o
deleted: 7/6/f788dd95aa608855cc94aefc31c105-1827591.o
deleted: b/5/c91d92191ea836fa1bfa7dab3acfa4-4987850.o
deleted: f/9/cda6a7a66536fdbdab74e45103ae6c-4949246.o
deleted: 0/9/2437e820deb8c5625e5cf2cf8a3dec-5779602.o
deleted: 0/f/be83f56b21c08a07388bd92edf65a8-4435141.o
deleted: d/1/300bcc4aeaa2e0288cbd5b5e03a8cf-5027206.o
deleted: 1/3/8771414eb409b53a679cf7f2a4a838-4961633.o
deleted: 1/2/7ecaeab21a83bf3e0a1cada36768a9-1868124.o
deleted: a/7/07cc18d17d7960da60c6693035d95f-4960407.o
deleted: f/d/337004756b55825b114e2f56a1adc8-4538093.o
deleted: 3/0/b4f0b1fbd1659a192bbd85ef8fb0d8-4531883.o
deleted: e/1/8848f7a8d290a226f823a536109d2d-4563040.o
deleted: b/6/c15436b0acc5c98dbefbcb09e71006-4843328.o
deleted: 0/4/bec52ec4785a37e91d61c70bd5de5d-10948.manifest
deleted: 4/f/adc4a347b05977738520831256f45b-101103.manifest
deleted: a/0/2dec91539ae8913697dd416e430853-5123602.o
deleted: 3/0/d16d134ca048c607e469118fcd37f2-2914193.o
deleted: 4/b/8c2f07edda0fd7c9f6df9c2b72c430-4352408.o
deleted: 6/0/15f2dd4a2d243625c8ec6f2de5b512-4831786.o
deleted: 7/c/38a7578f0426a4723b0bea11cb862e-11228.manifest
deleted: c/9/a5f9accb76c2785f57e649b8e801d1-5493748.o
deleted: a/2/bddb8785a605803ce4e2199990b076-4442008.o
deleted: d/5/05fc2952c6adfc886dee13559106e3-4478942.o
deleted: 2/e/ad27548d365df2520116d02ca67e5c-1927847.o
deleted: 3/2/afe9da74ffdbac095b4331655ee958-6016001.o
deleted: 7/7/227ce4182b625c78aba6fba3dd3d36-9700.manifest
deleted: 9/3/cc313260ffd765f1f6fc402fb17204-2983575.o
deleted: f/4/8087ab16c612b6c1de9000c216310b-3103550.o
deleted: 5/0/6200893f9b0a876ca26a1ab5a805bd-5416514.o
deleted: 5/d/bc9be1341a0fe3a6f521d1e025d8ee-4557877.o
deleted: a/a/a7db6c833dd72f22eefd20430a3ed7-5674550.o
deleted: 1/f/1bd50b9e0a0354f3131164653b73d2-5210210.o
deleted: 5/d/9fd3d7969a78dd98d2adbc06d9debd-102661.manifest
deleted: 6/8/554c34f44ed762ce9522d85cd80222-5015694.o
deleted: f/1/70c3ff3eabe16202eb7891ee439dbb-2672563.o
deleted: 7/f/c4ff94c41f2bb568aa41a26bd90728-4500454.o
deleted: 8/4/7b913d4eb5f1d74268ad86dba20f6d-5030163.o
deleted: f/b/e17798c964a5c85bd46f2f4c7bf9c8-12843.manifest
deleted: 7/a/4a2be8f0b9f781a2f50a583aa5d642-2584934.o
deleted: e/7/63614f2aed00b7ebdaebd8b718938d-5517332.o
deleted: 8/8/92129541a21be7532abe7245964fac-33126.manifest
deleted: a/a/f35b7cb73c2cb3379d243f39ec3068-2276425.o
deleted: e/7/9df17439f1c2db60183c43ff5b4bc6-4828181.o
deleted: 0/3/27a37981264aeb789b87dda1fb6e40-2531264.o
deleted: 1/0/e931787df8af85ed5d7b152ba49ce3-5030809.o
deleted: a/e/45bcc6fc9080014f8c24516c3dcd82-1906849.o
deleted: b/6/792fe2172a2481f69a636880e916ab-4996904.o
deleted: f/0/a55dad44328be59de661ec8033c4ee-4565258.o
deleted: 4/e/e957d07f608a20159008730ce9c8aa-4817840.o
deleted: 2/5/a25c1210ce9236a4a8b94029d7934a-21353.manifest
deleted: f/a/b99a2fb431d23750ff6fb359facbb1-2355.manifest
deleted: f/3/ebe8aa680e2137fecc8cca0636855e-54550.o
deleted: e/3/97bfeadf58c1d61f0d2b967ed5b248-4983110.o
deleted: e/9/d52604cf987bdccb5d8daef09ee220-5001155.o
deleted: f/9/e59eebec91fe56d7fcd180763f6b04-43522.o
deleted: 4/0/fc721c797a15c9be937a2460082b38-24293.manifest
deleted: 2/f/7abcedb870efcd98ba806a77d93909-4442885.o
deleted: c/c/8967a08d3ea5123447d9c2596abac1-4494046.o
deleted: 5/a/313390ae04ee2a9a95e572442f6681-5123603.o
deleted: f/7/e8de73206eeb58334d22cf78e52dc5-5026669.o
deleted: 0/2/4941ed2b0cbdb0147abca6af9c1637-5989.manifest
deleted: 2/a/cf899e687954b5115ddb3aea71cbe7-4504104.o
deleted: f/3/b94cc4263c1aa8e977746b10956cda-2931.manifest
deleted: 9/d/d019037ff3e7a5dae0835771566899-4915201.o
deleted: 0/9/33fbf12b78631a2bcf8be2c5a9dcef-5023053.o
deleted: 9/d/102d70998fcb9d2567c4693de62262-4873670.o
deleted: a/8/4ff036beea2365b1d981bb9d0c0390-10537.manifest
deleted: f/9/2156c8163469e33ceab1b727528c5c-4907969.o
deleted: f/9/35f3c9ccb711814150d99ce650b71f-4898489.o
deleted: 4/7/bcf71691fdf6882c871be10e88ef7b-2760934.o
deleted: 8/4/65e084517033c3fffa25490ac215cd-5022636.o
deleted: 4/e/615f2fb034e810c4b316b0ce7b5d35-3270923.o
deleted: 9/8/08bccdfb35c9984079429c6aa22dbc-5128161.o
deleted: 3/2/2cde36b9531e4f97ff753596a3acea-3031723.o
deleted: 9/d/976a78b08f5c66afbacf965738a0fb-4958395.o
deleted: 2/7/06047ec68bbf0e01f2672dc918b893-3372.manifest
deleted: 0/b/3a28985cfc2c3ff9db39366cefe710-2509855.o
deleted: a/3/f8038ec13e9ba8e0ec4077d6a9ab14-4499401.o
deleted: a/3/d9e7930c9a2d3233ef68a4b7f177c7-1791029.o
deleted: f/f/f5daad3f701aac16c57c296f1127b0-4483477.o
deleted: 7/b/44c00250db08131f31a1a0afe2b646-4845032.o
deleted: 9/7/0f990084789ea97b03de8802397a03-4831624.o
deleted: c/a/a293f44c46c7fd838bd4d371948c56-4432610.o
deleted: 5/3/36fc6322740e6290c996aefc28a1cb-5760494.o
deleted: b/6/24b5d22e7b0cdd80dd3fb2e96dcab5-4507345.o
deleted: d/9/30c8dca5a5a342e01e11c54a0fdab8-4439924.o
deleted: 1/f/58fe9ad706d6d220cdefc7f04f9098-5415059.o
deleted: 8/4/43eca4f861e2547ed294e1b5875830-4627993.o
deleted: 3/6/878c6f3a521e6418d1df051cc403bf-4949441.o
deleted: b/9/c834c6bd6dd2b862a2da3b4c4d5877-6685250.o
deleted: f/a/fea049f7f1f98911770eb0a43a94f2-4355574.o
deleted: 6/2/97244516bf81a0b503c1ff6e498c1e-4840773.o
deleted: d/5/c92152bdbeaf6f511b90fb7a8a109f-4455242.o
deleted: f/f/58a8f22ff794c2790f40de3c0acef8-28069.manifest
deleted: b/1/598acfc52512d03ae4382fdd64c9b7-4968795.o
deleted: a/7/255c88487342fd191944b1feb9d9ae-4600275.o
deleted: 0/0/0392acbeda96443fe29a12d72521f1-4927477.o
deleted: 5/c/05161395c9c443a2961392da69f554-6073013.o
deleted: 7/2/fb609c3ce941eb16d43bf18611e035-5185217.o
deleted: 0/b/950be83e7a17d895f0f1b0204c638a-4474324.o
deleted: f/9/14b21c417416698a848cc559750f94-4454657.o
deleted: 0/e/96f8105dff60ec5d0b286e54ea16cc-2876653.o
deleted: 6/b/3470f8e389c947d06429f8c57f6822-5824785.o
deleted: f/c/6c0432da8b347151a19fd753a9a896-12342.manifest
deleted: f/f/78af1faf52dc7244ca16917ce180b4-4567614.o
deleted: 1/c/6ba4113eb61996d878e82609ea0f7b-4540834.o
deleted: a/2/4c5d16372048c091377370e18f291a-4559446.o
deleted: 3/8/e12895908c8eb3ab780bd53b6ced4c-1868124.o
deleted: 3/7/c7b82353520163e86fe5d3ea267f1e-5813864.o
deleted: 0/5/3e0e4eb12c4d667ad7bfe09a5db341-2452658.o
deleted: 0/0/4f1afd323ce111faf069b950099c60-2222.manifest
deleted: 2/5/858133c8219126cf1034654d28fc52-3145368.o
deleted: 4/c/fa306114476f9f3526b2a8be887427-4953934.o
deleted: 7/3/f07239286089d8767651919391a0f3-1507609.o
deleted: a/a/fae4a6cd99bc8bb32a550f8fa822d9-1966227.o
deleted: 2/9/10104cec29fae23014e5468dd3a9ed-2229989.o
deleted: 7/5/8ad59a993388ce980598c64fd64dc7-4930225.o
deleted: 2/1/58065dc5f998bbcac4fefa6c9cc7d4-4008.manifest
deleted: d/d/eb2508d38ef7020f2c0f9695e4ab06-6129855.o
deleted: 9/a/86b803c028f5674d6d7fef8e91f011-4507644.o
deleted: f/8/5d90fc1d4d9ef1ba7794a79e765d05-6155.manifest
deleted: a/d/fcd7963ceb6c9d8ea9db6dbf48a462-4858410.o
deleted: a/8/5e1ed8c7e77777d566767fa50adbd3-4853339.o
deleted: 4/7/07c975b7cc9f3162e0d62040142b8b-51603.manifest
deleted: 5/a/e90102508fac0cca7a80673ba383a3-4435141.o
deleted: 9/f/b20425c8aa957b6564ceabe7e9573b-5093191.o
deleted: 7/1/e413cc9398e610b78f17572f17de2c-7284.manifest
deleted: e/5/3cc03b83b56f6df97d2a73606b5916-4467790.o
deleted: 2/d/983dcd2f8ac032a44e53fbc4204beb-28644.manifest
deleted: 5/8/0aa95c435e75f2e6e0e2a99f22da20-15411.manifest
deleted: 7/7/35665b644db2327640c599476130e2-5821171.o
deleted: 0/8/01f2f6d8979bb2e199471e40862192-4953879.o
deleted: a/5/ecab81bdfdb164e43bb2429cae8696-5337.manifest
deleted: 2/4/20cb814eea359a055984e3defcedd6-4498899.o
deleted: b/1/90f36b195cf008846e0492767e6719-4910892.o
deleted: b/9/c02ded97af6f2c58e4df4d8328b7f9-4950385.o
deleted: b/6/76c023322f340eb65da1e8bed279fc-4972079.o
deleted: e/6/60a591b04a89140dbc2f83ddd50b0e-5751259.o
deleted: 0/8/2eaa1131190e7bf317d403c6f2482a-4967554.o
deleted: 8/7/7dc4a1546f70781bd00a6a8aff4255-4503186.o
deleted: a/3/6f7f7cf6ac9b8e0764210910d4e182-4851849.o
deleted: d/8/87d9e98b75702cc352b56493256dcc-79087.manifest
deleted: 2/a/e83ce67e931cf940317386e1ae789e-1512345.o
deleted: a/d/383a69be7b96d602683e6fbfd8cf20-5124018.o
deleted: 6/3/8d57f05200eff7faf7794bdc433bba-4980890.o
deleted: 8/8/d14ed443209128a6931e1933a5d332-38807.manifest
deleted: 8/8/acf84cc9c8abcb2319d4f291e29129-4856743.o
deleted: e/6/b530f869a8f81d38f296a4d753b7a0-5036756.o
deleted: 7/e/945ee8a432cf8c01abaea106087978-1446895.o
deleted: 2/b/1590fdedf34e3d1261fa2df2a5bba1-359133.o
deleted: c/4/99b91f0507fec8d78e747f7b97eff2-4497087.o
deleted: a/2/a38f0d63ec1d1b4d703d575024348e-4943311.o
deleted: 2/8/8b2d4f079fc344850fd4f15b3e4a52-5219.manifest
deleted: 5/5/9cffacf90a7ba41fa3db4adad72fdc-4943379.o
deleted: c/0/e684c9149af42c4c2728dcb3f7a552-5010816.o
deleted: d/a/77f3c783b4cce1d23e188adb4a8fac-5952.manifest
deleted: d/f/b7d4b60da7a1dcd15945dba9dce92e-4423761.o
deleted: f/3/effa921d38f41b18ef5055462d8ff2-3311288.o
deleted: d/a/c94d6556431838e8d4c3c68146cc16-5685096.o
deleted: 2/7/4997867b377ae94c7163b162938c1e-1416909.o
deleted: 4/3/b86d69e9d98af9bd02ace478b84924-103390.manifest
deleted: a/b/33422784e12a65f6020abd5b076733-3201788.o
deleted: a/e/ae0102ef258eb4fd9d1b19348a6889-4816572.o
deleted: d/b/e3b7b239c4fed4b6a3f0eec2afebf4-5674551.o
deleted: d/5/9d80d18a2e9b9ad1d5464496fa3405-4992940.o
deleted: 2/5/a1a302ebc1948cf0647209a4843625-5221786.o
deleted: 3/d/422753ea2b22bea78b58cef8529c52-6073012.o
deleted: 4/7/21aab1a3ff2d953615c05391b566d0-3401997.o
deleted: 7/c/c02ada354f8360e3dde773ff7486e6-1329914.o
deleted: a/3/4b005a693aa947cb29b9707b292bc2-212861.o
deleted: d/9/21a984112a3d9c7f9b22edd0529269-5385741.o
ccache cache size is 209Mb.
Uploading cache ccache...